Iteration	Posterior	Likelihood	Prior	lambda[1]	lambda[2]	lambda[3]	mu[1]	mu[2]	mu[3]	psi[1]	psi[2]	psi[3]
0	-29.62669	0	-29.62669	0.273698	0.248389	0.10346	0.197258	0.0843414	0.171586	1.04275	0.995997	0.0507609
10000	-24.63619	0	-24.63619	0.168278	0.429531	0.0780402	0.435431	0.102581	0.0621713	1.49742	1.11631	0.0241426
20000	-28.83262	0	-28.83262	0.272469	0.12727	0.208455	0.304377	0.334229	0.0808223	1.02766	0.576905	0.121651
30000	-33.78353	0	-33.78353	0.196375	0.119981	0.130298	0.163737	0.0673866	0.0311823	0.48827	0.537592	0.173809
40000	-34.34302	0	-34.34302	0.0604453	0.16692	0.0943453	0.24415	0.0246641	0.204736	0.406642	0.125997	0.185207
50000	-32.9649	0	-32.9649	0.420642	0.279133	0.114706	0.32772	0.0857491	0.18407	0.368121	0.572956	0.623768
60000	-30.53715	0	-30.53715	0.26034	0.23949	0.110784	0.157304	0.147351	0.129698	0.440098	1.48104	0.0433214
70000	-28.00308	0	-28.00308	0.301009	0.117758	0.126539	0.400409	0.183419	0.124947	0.405295	1.13802	1.78404
80000	-25.75723	0	-25.75723	0.0949928	0.464764	0.13788	0.207121	0.20146	0.0763675	1.23559	2.04812	1.94419
90000	-27.42348	0	-27.42348	0.092281	0.158182	0.153699	0.375021	0.179864	0.419721	1.15879	3.62239	0.203309
100000	-22.98221	0	-22.98221	0.0714217	0.244977	0.0715425	0.1899	0.104449	0.0926191	0.461076	0.792318	0.00179898
110000	-27.30169	0	-27.30169	0.10378	0.384767	0.14725	0.29478	0.16729	0.0725622	0.783985	0.659909	0.0285724
120000	-34.41211	0	-34.41211	0.125909	0.173955	0.0592757	0.526448	0.0745157	0.219006	0.750906	0.879793	0.0318182
130000	-26.92003	0	-26.92003	0.224061	0.231699	0.110186	0.294976	0.336833	0.319015	0.422758	2.41885	0.265192
140000	-24.3432	0	-24.3432	0.261107	0.165285	0.0688074	0.292106	0.160626	0.170894	0.579507	1.80751	1.73995
150000	-33.82562	0	-33.82562	0.13294	0.395371	0.383097	0.20629	0.091492	0.339327	0.491384	0.729938	0.405555
160000	-25.80714	0	-25.80714	0.270451	0.113233	0.169025	0.107649	0.199643	0.489141	1.04008	3.02909	0.158224
170000	-34.87932	0	-34.87932	0.231187	0.157172	0.111871	0.334428	0.295964	0.151064	0.545021	0.175109	0.706675
180000	-30.50915	0	-30.50915	0.372419	0.146573	0.14301	0.3709	0.110479	0.0946781	0.76021	0.182941	1.50995
190000	-25.62141	0	-25.62141	0.138908	0.10921	0.0873427	0.391829	0.157552	0.150181	1.36126	1.16902	2.51695
200000	-27.60912	0	-27.60912	0.129902	0.387275	0.0949774	0.190915	0.183278	0.119969	1.04038	2.85572	2.47316
210000	-29.33041	0	-29.33041	0.158321	0.3803	0.0633855	0.281782	0.139656	0.16283	0.386612	1.25589	2.53808
220000	-26.66246	0	-26.66246	0.120696	0.155932	0.0738799	0.165954	0.104839	0.134309	0.14698	1.39606	0.256025
230000	-28.88087	0	-28.88087	0.102633	0.247394	0.176152	0.415406	0.111541	0.108064	0.528669	1.03138	0.133529
240000	-27.02317	0	-27.02317	0.0649529	0.239585	0.094736	0.103248	0.154857	0.121993	0.402197	0.583589	0.173929
250000	-25.21187	0	-25.21187	0.200711	0.34073	0.115628	0.355725	0.102047	0.226513	0.632462	0.576248	0.223957
260000	-18.55361	0	-18.55361	0.135789	0.257386	0.205622	0.272411	0.164276	0.107285	1.27681	1.47966	0.784448
270000	-22.62808	0	-22.62808	0.245123	0.342808	0.164395	0.207205	0.105864	0.173612	1.07271	4.01758	1.10461
280000	-25.84134	0	-25.84134	0.336667	0.105226	0.23757	0.342549	0.0860194	0.105995	0.634983	0.408617	0.717428
290000	-29.58982	0	-29.58982	0.14674	0.0991261	0.351332	0.691084	0.0989271	0.335215	2.97682	1.42215	0.915593
300000	-28.52076	0	-28.52076	0.108073	0.231725	0.244235	0.301053	0.0859793	0.158669	1.8748	1.29241	4.01146
310000	-24.40835	0	-24.40835	0.192486	0.218292	0.123731	0.682312	0.0592444	0.282288	0.835879	0.272233	0.272627
320000	-21.78948	0	-21.78948	0.0630786	0.315636	0.144074	0.179044	0.20212	0.0989023	0.872821	0.990055	0.611146
330000	-18.55343	0	-18.55343	0.10136	0.205334	0.0988768	0.251701	0.111313	0.212165	0.730165	2.80129	0.0445363
340000	-26.96096	0	-26.96096	0.152855	0.188186	0.130027	0.499835	0.121589	0.213245	0.555646	0.877306	0.263292
350000	-26.21334	0	-26.21334	0.140692	0.390645	0.13285	0.202701	0.170037	0.136681	0.930403	1.45868	1.43388
360000	-29.67853	0	-29.67853	0.119038	0.393327	0.284921	0.118031	0.0988053	0.204722	0.37568	0.753827	0.154682
370000	-24.45921	0	-24.45921	0.147642	0.148716	0.161912	0.654379	0.110704	0.136621	1.58241	0.641413	0.0634428
380000	-23.28739	0	-23.28739	0.219372	0.199655	0.167801	0.34885	0.122034	0.0876277	1.40563	1.05432	0.191236
390000	-25.60352	0	-25.60352	0.160465	0.212894	0.325838	0.560961	0.130177	0.174351	0.786888	1.79079	0.321909
400000	-27.43102	0	-27.43102	0.233591	0.128386	0.11417	0.282062	0.0561559	0.188919	0.345459	0.502788	0.4509
410000	-23.4655	0	-23.4655	0.135208	0.296411	0.112708	0.232743	0.0535688	0.0929435	0.722603	1.29642	0.441577
420000	-27.13479	0	-27.13479	0.38653	0.366256	0.111171	0.381097	0.145346	0.158269	0.583223	5.27862	0.47845
430000	-29.43666	0	-29.43666	0.136567	0.230429	0.170343	0.294751	0.121026	0.0837729	0.900248	0.410336	0.0568851
440000	-21.82759	0	-21.82759	0.134047	0.385916	0.0842553	0.426192	0.103683	0.107637	0.326237	1.49128	0.336852
450000	-22.87868	0	-22.87868	0.261594	0.131926	0.0937645	0.208828	0.148005	0.120005	2.23332	1.05193	0.384803
460000	-27.13057	0	-27.13057	0.0985902	0.249632	0.278165	0.302758	0.141486	0.131921	0.433321	0.721172	2.37264
470000	-30.31243	0	-30.31243	0.202401	0.193967	0.114258	0.174452	0.319538	0.153488	1.70744	0.505719	0.442541
480000	-27.13979	0	-27.13979	0.0952383	0.19064	0.135374	0.265945	0.126942	0.172457	0.836866	0.482676	0.0999471
490000	-28.19698	0	-28.19698	0.132719	0.138464	0.299846	0.15214	0.118054	0.291677	0.281353	1.59651	0.242926
500000	-22.08439	0	-22.08439	0.13227	0.263141	0.0757171	0.204714	0.17153	0.0620561	0.458444	0.884631	0.33636
510000	-27.97467	0	-27.97467	0.257952	0.165548	0.14652	0.427633	0.193025	0.188916	0.733091	0.642471	0.153982
520000	-33.05157	0	-33.05157	0.137628	0.0980484	0.177028	0.362695	0.403861	0.179522	0.83779	1.08888	0.370481
530000	-25.80163	0	-25.80163	0.225222	0.341708	0.102541	0.448105	0.149979	0.06946	0.417561	1.38697	0.191081
540000	-35.86044	0	-35.86044	0.118778	0.0916737	0.232462	0.243338	0.11171	0.0938019	0.832695	0.209911	0.235917
550000	-27.53434	0	-27.53434	0.146026	0.284159	0.0624021	0.253445	0.105904	0.252984	0.940881	0.970657	0.283858
560000	-26.94085	0	-26.94085	0.291488	0.228871	0.179665	0.36466	0.154221	0.320147	0.723455	1.03697	0.431725
570000	-22.83406	0	-22.83406	0.219786	0.187677	0.234318	0.201299	0.134907	0.199079	1.05696	1.4117	1.33118
580000	-27.64858	0	-27.64858	0.150589	0.196143	0.134837	0.400132	0.0486291	0.128912	0.536601	1.04762	0.100136
590000	-33.89456	0	-33.89456	0.0849416	0.19788	0.15026	0.159277	0.659383	0.214959	0.605483	0.765112	2.70764
600000	-27.34182	0	-27.34182	0.258921	0.263996	0.114642	0.316993	0.150005	0.306249	0.730986	1.29372	0.00394979
610000	-22.07542	0	-22.07542	0.0952724	0.518425	0.108207	0.138936	0.131617	0.121494	1.76963	2.39242	0.269209
620000	-25.24881	0	-25.24881	0.267502	0.10675	0.151994	0.0836032	0.0968558	0.101201	0.1377	2.56333	0.29721
630000	-26.2407	0	-26.2407	0.130107	0.179972	0.249424	0.134176	0.0858094	0.110334	1.49225	12.9925	0.28987
640000	-22.47485	0	-22.47485	0.175023	0.126977	0.058062	0.299875	0.136365	0.129147	0.444148	1.42875	1.21175
650000	-34.91067	0	-34.91067	0.124338	0.216323	0.506726	0.410649	0.10816	0.207704	0.841263	0.530847	2.90922
660000	-35.95881	0	-35.95881	0.114027	0.432619	0.184024	0.289803	0.220287	0.188347	0.567561	0.620159	0.639102
670000	-27.67693	0	-27.67693	0.271613	0.162016	0.166534	0.248459	0.0990204	0.188344	0.961234	0.437171	0.874676
680000	-31.51744	0	-31.51744	0.0722574	0.414368	0.410323	0.279588	0.186499	0.1833	0.615461	0.50535	0.092323
690000	-24.78686	0	-24.78686	0.198187	0.20603	0.298301	0.28723	0.17277	0.150266	0.778666	1.01013	0.67905
700000	-31.21255	0	-31.21255	0.194299	0.214515	0.280748	0.189575	0.241862	0.18226	0.864341	0.81482	0.289105
710000	-30.68805	0	-30.68805	0.231267	0.110644	0.169704	0.157742	0.0672921	0.125473	0.791012	0.505657	0.0193997
720000	-21.76499	0	-21.76499	0.262755	0.207281	0.169442	0.434895	0.114479	0.143775	1.08797	1.21824	0.433441
730000	-29.0331	0	-29.0331	0.119288	0.168366	0.129982	0.401438	0.0992424	0.0619234	0.64547	1.9601	3.41823
740000	-24.7197	0	-24.7197	0.18484	0.303131	0.157445	0.361729	0.0649202	0.111156	0.561326	1.84338	1.0942
750000	-28.92457	0	-28.92457	0.196939	0.366846	0.135401	0.254453	0.0874306	0.152361	0.364038	0.811856	1.70389
760000	-25.10452	0	-25.10452	0.214017	0.350538	0.161485	0.19848	0.120461	0.0844782	0.803393	0.420383	0.477422
770000	-34.39348	0	-34.39348	0.171277	0.0822481	0.0819773	0.465163	0.184803	0.117039	0.99482	0.368095	0.462355
780000	-26.48336	0	-26.48336	0.191059	0.0855122	0.205231	0.168119	0.245804	0.112327	0.396749	0.471545	0.473509
790000	-32.37855	0	-32.37855	0.152146	0.113283	0.494369	0.547552	0.112388	0.114076	0.391344	0.23753	0.00618364
800000	-29.55193	0	-29.55193	0.191866	0.114388	0.137297	0.203144	0.0928169	0.180148	0.60422	0.827257	0.0679064
810000	-29.32785	0	-29.32785	0.139375	0.255626	0.0960609	0.233748	0.139802	0.139669	0.955577	0.712316	0.43948
820000	-25.32583	0	-25.32583	0.180797	0.227308	0.100375	0.280619	0.12913	0.197356	0.763298	1.00398	0.324234
830000	-27.06851	0	-27.06851	0.139547	0.236735	0.136015	0.460512	0.0866814	0.120652	0.405265	0.449599	1.51412
840000	-26.7441	0	-26.7441	0.27226	0.371193	0.11868	0.270505	0.177723	0.117146	1.28394	0.298242	0.116023
850000	-22.35575	0	-22.35575	0.172041	0.185174	0.127992	0.388879	0.098004	0.194795	0.586445	0.967367	0.354648
860000	-21.28922	0	-21.28922	0.176158	0.262521	0.100036	0.268678	0.153802	0.0993656	0.390968	1.26509	0.326033
870000	-30.18612	0	-30.18612	0.142273	0.217884	0.197079	0.295515	0.103027	0.159276	0.654588	0.362942	0.0250249
880000	-34.92485	0	-34.92485	0.121412	0.119398	0.182002	0.149834	0.275809	0.134918	0.723708	0.368148	0.00501348
890000	-21.93123	0	-21.93123	0.21063	0.279346	0.120101	0.545568	0.0568079	0.256907	2.06192	1.3989	0.794168
900000	-29.36292	0	-29.36292	0.0891424	0.279911	0.139804	0.164164	0.111949	0.114214	0.449193	1.34972	0.0771352
910000	-27.01698	0	-27.01698	0.239978	0.0975069	0.121043	0.137822	0.206708	0.132631	0.413237	1.22031	0.31101
920000	-22.89534	0	-22.89534	0.164673	0.118357	0.0645092	0.20658	0.122983	0.150775	1.21297	0.952499	0.471737
930000	-27.63143	0	-27.63143	0.105541	0.276684	0.0979832	0.471651	0.11392	0.0841118	0.604153	1.02768	0.896883
940000	-27.41396	0	-27.41396	0.213628	0.133519	0.0655048	0.180516	0.150045	0.0885943	0.789134	0.83063	1.70846
950000	-26.57198	0	-26.57198	0.15259	0.0646129	0.137442	0.199554	0.0687164	0.243641	1.25462	0.745085	0.343212
960000	-25.56978	0	-25.56978	0.076008	0.14488	0.139451	0.374279	0.145928	0.112383	1.36293	1.25478	0.505426
970000	-27.63434	0	-27.63434	0.096819	0.147781	0.282629	0.15053	0.148713	0.126156	0.664095	0.471546	0.634633
980000	-21.31745	0	-21.31745	0.193312	0.192093	0.106816	0.335995	0.143179	0.115027	0.7382	1.29983	0.883815
990000	-30.77309	0	-30.77309	0.118505	0.583727	0.0692442	0.172654	0.119865	0.33538	0.145097	0.414829	0.850435
1000000	-33.60365	0	-33.60365	0.149333	0.350634	0.230672	0.324376	0.207466	0.11965	0.982321	1.14842	0.117407
1010000	-25.15522	0	-25.15522	0.192798	0.203883	0.135004	0.194035	0.0834042	0.0619971	0.388031	1.59262	0.913964
1020000	-32.59337	0	-32.59337	0.235728	0.177826	0.122959	0.419929	0.286324	0.141884	1.02676	0.984894	0.224083
1030000	-25.22863	0	-25.22863	0.184074	0.225421	0.321998	0.126605	0.114608	0.0809942	0.826566	2.78809	0.235091
1040000	-26.19309	0	-26.19309	0.151525	0.17475	0.140635	0.203615	0.10959	0.493928	0.291499	1.48904	0.641957
1050000	-25.79853	0	-25.79853	0.321666	0.250031	0.318366	0.267058	0.213503	0.0978151	0.740078	1.60472	0.276938
1060000	-30.43825	0	-30.43825	0.158677	0.207422	0.171576	0.540028	0.0697803	0.282312	1.21081	2.12497	1.1929
1070000	-32.41328	0	-32.41328	0.142431	0.0901693	0.075339	0.208695	0.0920381	0.0793284	0.456016	0.358971	1.66906
1080000	-35.77532	0	-35.77532	0.112835	0.148173	0.28619	0.314526	0.158964	0.081813	1.01293	0.39499	0.039729
1090000	-26.85693	0	-26.85693	0.161587	0.0931844	0.165869	0.234864	0.216252	0.367374	0.599043	1.65586	0.53409
1100000	-16.78662	0	-16.78662	0.150455	0.312975	0.0910638	0.272069	0.109504	0.071236	1.02225	4.20887	0.12506
1110000	-26.33409	0	-26.33409	0.227878	0.200805	0.0514184	0.25119	0.1907	0.214955	0.251711	0.592627	0.985863
1120000	-29.13085	0	-29.13085	0.173688	0.142757	0.13793	0.346296	0.0496975	0.262094	0.166647	0.676376	0.0366912
1130000	-28.35445	0	-28.35445	0.118145	0.432606	0.128654	0.311854	0.22422	0.323356	1.12599	2.29458	2.86141
1140000	-26.81983	0	-26.81983	0.1935	0.186067	0.117084	0.344072	0.230994	0.242275	0.587661	2.33902	0.766166
1150000	-20.94528	0	-20.94528	0.130363	0.212144	0.302268	0.35015	0.125944	0.174685	0.84977	1.35568	0.151434
1160000	-33.18725	0	-33.18725	0.0923394	0.124644	0.305058	0.234157	0.153403	0.0341147	1.0339	0.325137	0.0246671
1170000	-36.04849	0	-36.04849	0.13064	0.181945	0.11655	0.223945	0.0862132	0.0779614	0.493774	0.290126	0.0169377
1180000	-27.63885	0	-27.63885	0.0649933	0.163025	0.200563	0.351715	0.163598	0.137174	0.692412	0.687641	0.43484
1190000	-27.61068	0	-27.61068	0.145613	0.22883	0.17119	0.268511	0.0975601	0.101855	0.634175	0.454887	0.521411
1200000	-31.15643	0	-31.15643	0.118673	0.180676	0.162624	0.115536	0.0960209	0.202523	0.659087	0.557388	0.193206
1210000	-24.97665	0	-24.97665	0.337714	0.0955129	0.141312	0.280194	0.107172	0.116478	0.297272	4.39049	1.36412
1220000	-23.92177	0	-23.92177	0.0968277	0.2396	0.178243	0.324276	0.0975351	0.0671192	0.717952	0.74715	1.05874
1230000	-24.17476	0	-24.17476	0.0887512	0.194066	0.129336	0.313095	0.200917	0.274126	1.05806	1.4493	0.00244178
1240000	-21.30356	0	-21.30356	0.197687	0.300325	0.145334	0.175415	0.187749	0.123482	0.821925	2.14923	0.704553
1250000	-25.28953	0	-25.28953	0.155342	0.219433	0.0982274	0.281511	0.232166	0.104407	0.49601	1.03782	0.379228
1260000	-34.64164	0	-34.64164	0.174704	0.302952	0.275034	0.222458	0.0779743	0.19009	0.303863	1.0706	0.0149691
1270000	-31.0435	0	-31.0435	0.154307	0.153928	0.191869	0.392504	0.113695	0.193352	0.584186	1.80003	0.107905
1280000	-32.76561	0	-32.76561	0.309767	0.305397	0.0670461	0.509393	0.131443	0.120214	0.0764492	0.378005	0.0492015
1290000	-29.46861	0	-29.46861	0.164419	0.210257	0.0907592	0.491012	0.0706762	0.112279	0.598649	0.978143	1.70214
1300000	-29.93129	0	-29.93129	0.0924233	0.124057	0.193317	0.285329	0.104991	0.0691565	0.431965	0.210091	0.0291554
1310000	-28.62281	0	-28.62281	0.2575	0.109701	0.141596	0.388895	0.160171	0.180771	0.695135	0.26047	0.11362
1320000	-29.50212	0	-29.50212	0.11647	0.31364	0.466698	0.42486	0.0918895	0.113487	0.323195	0.451195	0.391038
1330000	-33.42815	0	-33.42815	0.297037	0.172978	0.332313	0.209506	0.249683	0.184557	0.364769	3.21411	0.670484
1340000	-25.57135	0	-25.57135	0.281923	0.0945414	0.0960799	0.331779	0.120103	0.0939122	0.599124	2.22759	0.175844
1350000	-20.652	0	-20.652	0.169632	0.359928	0.1528	0.19299	0.162187	0.167552	2.06794	0.724981	1.10242
1360000	-25.95834	0	-25.95834	0.1014	0.470788	0.12675	0.455067	0.115362	0.137169	0.590774	0.649317	0.116976
1370000	-21.43069	0	-21.43069	0.151437	0.240759	0.111586	0.295391	0.0931696	0.256138	1.2359	4.62397	0.214429
1380000	-28.87193	0	-28.87193	0.356192	0.204188	0.191357	0.206183	0.0663549	0.27945	1.02046	1.73097	1.46075
1390000	-26.17155	0	-26.17155	0.0682561	0.203616	0.115919	0.285448	0.101131	0.0538509	1.701	0.338408	0.405212
1400000	-29.68845	0	-29.68845	0.191973	0.122346	0.171285	0.31093	0.277764	0.374666	0.43883	0.480857	0.138788
1410000	-29.23693	0	-29.23693	0.238193	0.0828867	0.11717	0.183746	0.088445	0.167936	0.523943	1.02852	0.74809
1420000	-25.04009	0	-25.04009	0.240322	0.143465	0.136069	0.310837	0.0820671	0.155673	1.07661	0.325545	0.128777
1430000	-30.11426	0	-30.11426	0.12728	0.100159	0.359621	0.134081	0.191097	0.147731	0.758078	0.643123	0.0947989
1440000	-24.32403	0	-24.32403	0.125395	0.13344	0.257833	0.221959	0.270752	0.161536	0.674375	1.84232	0.784107
1450000	-26.30475	0	-26.30475	0.166131	0.216416	0.0896522	0.278404	0.16571	0.2056	0.6354	1.02512	0.573006
1460000	-21.03066	0	-21.03066	0.0932654	0.238802	0.138103	0.190496	0.127778	0.193498	0.296911	3.13325	1.36389
1470000	-29.53184	0	-29.53184	0.191125	0.414627	0.0452757	0.190578	0.309415	0.155044	1.13716	0.452526	0.362621
1480000	-29.54754	0	-29.54754	0.111305	0.121363	0.392272	0.298453	0.181033	0.105212	0.590752	0.504342	0.00709128
1490000	-31.85803	0	-31.85803	0.116019	0.182845	0.115978	0.203346	0.159997	0.0929758	0.37159	0.150837	0.0418761
1500000	-29.37494	0	-29.37494	0.0783145	0.210943	0.0677869	0.201859	0.0848728	0.0508236	0.633214	4.21598	1.30692
1510000	-32.08216	0	-32.08216	0.119591	0.364827	0.237798	0.30079	0.048699	0.163725	0.30094	0.281292	1.45488
1520000	-22.09176	0	-22.09176	0.1619	0.156116	0.122806	0.300681	0.0822817	0.141187	0.275542	0.653444	0.0832318
1530000	-32.13761	0	-32.13761	0.0797321	0.364364	0.0769849	0.410428	0.186909	0.305124	0.175416	0.264901	0.342855
1540000	-19.71303	0	-19.71303	0.123803	0.363903	0.136898	0.243772	0.0980558	0.117618	0.815077	1.89762	0.339395
1550000	-37.06281	0	-37.06281	0.121593	0.439408	0.18907	0.213482	0.539155	0.217829	0.595343	0.756246	1.82951
1560000	-30.57022	0	-30.57022	0.0891212	0.196126	0.201863	0.242337	0.113237	0.245609	0.483914	0.404344	0.138378
1570000	-24.37844	0	-24.37844	0.0862448	0.190687	0.115596	0.424821	0.151628	0.179227	0.680247	0.650604	0.37987
1580000	-29.67881	0	-29.67881	0.135975	0.0841016	0.161439	0.449838	0.0837484	0.088487	0.449856	0.202635	0.0974425
1590000	-23.12257	0	-23.12257	0.154122	0.132133	0.105512	0.44688	0.155321	0.0482212	1.54763	0.519341	0.18026
1600000	-26.52691	0	-26.52691	0.0851687	0.15982	0.202461	0.357909	0.118239	0.1409	0.732636	0.627252	0.307627
1610000	-29.59085	0	-29.59085	0.0692644	0.190322	0.204983	0.401179	0.169942	0.114539	0.437758	1.03423	2.10514
1620000	-21.19095	0	-21.19095	0.128556	0.149162	0.0825204	0.214544	0.215298	0.0516548	1.62616	4.53957	1.55498
1630000	-22.48891	0	-22.48891	0.141018	0.20911	0.0843462	0.222568	0.0671125	0.134857	0.991892	2.66736	0.967167
1640000	-30.15287	0	-30.15287	0.0488015	0.164886	0.127168	0.269862	0.0955136	0.171845	0.554597	0.880581	0.24852
1650000	-20.31725	0	-20.31725	0.124287	0.407401	0.108025	0.282968	0.154822	0.108804	0.620377	3.93619	0.449986
1660000	-23.65419	0	-23.65419	0.203271	0.26454	0.0633053	0.294432	0.18514	0.30228	0.758151	0.982204	0.902071
1670000	-28.7084	0	-28.7084	0.359512	0.218768	0.225396	0.279044	0.19933	0.0888671	1.16904	0.538793	0.241113
1680000	-22.07565	0	-22.07565	0.221106	0.138186	0.209633	0.313827	0.263115	0.0753827	0.794261	2.84538	0.246204
1690000	-26.08915	0	-26.08915	0.152523	0.320385	0.193632	0.245715	0.177497	0.135795	0.562091	1.03708	0.288902
1700000	-21.10146	0	-21.10146	0.177557	0.174493	0.109977	0.155829	0.153661	0.168304	0.645416	1.93346	0.382035
1710000	-25.78353	0	-25.78353	0.148681	0.380236	0.173412	0.236144	0.0744016	0.28449	0.554441	0.743694	0.394577
1720000	-31.81628	0	-31.81628	0.262941	0.123151	0.225261	0.341235	0.132095	0.180571	0.481213	0.561255	0.0818852
1730000	-37.24074	0	-37.24074	0.117325	0.1543	0.247708	0.339505	0.0957106	0.109259	0.169146	0.410303	0.0409965
1740000	-24.65257	0	-24.65257	0.181867	0.204774	0.215239	0.268805	0.0795033	0.136592	1.25205	0.982789	0.933363
1750000	-31.34366	0	-31.34366	0.301037	0.111492	0.215343	0.314058	0.0845175	0.376998	0.449713	0.982415	0.364688
1760000	-32.11145	0	-32.11145	0.240565	0.118154	0.492366	0.313472	0.150825	0.164034	0.645074	0.851708	0.0101729
1770000	-33.45645	0	-33.45645	0.226687	0.153439	0.584804	0.267219	0.150713	0.0975571	0.698067	0.101186	0.0162369
1780000	-19.72031	0	-19.72031	0.272736	0.264926	0.104531	0.254606	0.176218	0.0738887	1.43636	2.18476	0.318592
1790000	-28.77004	0	-28.77004	0.278778	0.190909	0.1694	0.240866	0.101981	0.132717	0.812361	0.680517	0.290078
1800000	-27.75627	0	-27.75627	0.270519	0.221844	0.138829	0.320447	0.237031	0.116801	1.18416	1.17247	1.3953
1810000	-26.86536	0	-26.86536	0.172929	0.21387	0.0717796	0.385373	0.203908	0.223548	0.779752	0.890495	0.170182
1820000	-27.01577	0	-27.01577	0.153244	0.165328	0.0782904	0.18063	0.276452	0.0483065	0.480235	4.99499	0.836783
1830000	-24.53829	0	-24.53829	0.183072	0.212159	0.199065	0.223509	0.0733099	0.138703	0.659486	0.53392	1.71363
1840000	-27.18156	0	-27.18156	0.175859	0.36111	0.0844157	0.299253	0.26453	0.121756	0.658893	1.69857	0.207517
1850000	-34.03979	0	-34.03979	0.215882	0.0547445	0.300397	0.116833	0.222951	0.075715	0.151159	0.763659	0.0595681
1860000	-30.1961	0	-30.1961	0.329726	0.288785	0.283835	0.463495	0.116296	0.288136	0.502586	0.817916	1.50318
1870000	-22.33683	0	-22.33683	0.143937	0.313021	0.0878258	0.286864	0.233497	0.126987	0.934019	1.18185	2.49346
1880000	-25.78788	0	-25.78788	0.162222	0.603108	0.129467	0.265678	0.140433	0.0908392	1.08987	0.698307	0.390234
1890000	-23.58719	0	-23.58719	0.13201	0.23402	0.0683233	0.263038	0.126772	0.0611402	0.521872	1.51888	0.553573
1900000	-30.90153	0	-30.90153	0.110498	0.11829	0.12711	0.340821	0.239852	0.105276	0.649528	0.217042	0.290397
1910000	-27.94452	0	-27.94452	0.149567	0.280663	0.285746	0.123072	0.148338	0.108986	0.911487	0.556424	0.222912
1920000	-29.00696	0	-29.00696	0.298325	0.175189	0.0821943	0.186767	0.167321	0.170926	0.130643	0.933625	0.73608
1930000	-25.14142	0	-25.14142	0.0655637	0.246557	0.0920115	0.209058	0.226334	0.280954	0.444894	1.22947	0.912061
1940000	-28.2656	0	-28.2656	0.177296	0.17766	0.299731	0.163054	0.150591	0.14672	0.784293	0.352133	1.04654
1950000	-23.96238	0	-23.96238	0.389051	0.177841	0.220347	0.343414	0.21802	0.095774	0.470432	1.80163	0.0649814
1960000	-28.85486	0	-28.85486	0.399822	0.287205	0.0628852	0.142961	0.0542146	0.154556	0.283222	2.08075	0.0889247
1970000	-30.03398	0	-30.03398	0.159359	0.250169	0.193963	0.382786	0.0941661	0.0765045	0.497601	0.273094	0.335554
1980000	-25.96511	0	-25.96511	0.108319	0.273466	0.190458	0.192483	0.307407	0.0462496	1.95481	1.99215	0.549177
1990000	-25.76809	0	-25.76809	0.333695	0.126386	0.142806	0.1212	0.118033	0.149089	0.860989	1.9093	0.891984
2000000	-26.6664	0	-26.6664	0.245572	0.184047	0.142847	0.274315	0.074241	0.143518	0.343093	1.30721	0.716693
2010000	-26.43257	0	-26.43257	0.202759	0.29841	0.133647	0.220117	0.196644	0.0757571	1.03083	3.47532	1.07516
2020000	-40.16515	0	-40.16515	0.200709	0.124365	0.258302	0.448222	0.137255	0.0993514	1.49205	0.35724	0.0734716
2030000	-28.70491	0	-28.70491	0.230936	0.175859	0.108284	0.229209	0.233405	0.25503	0.640928	1.70393	0.0311201
2040000	-23.47737	0	-23.47737	0.0945819	0.123417	0.163082	0.336791	0.218721	0.106657	0.978364	1.64601	2.93372
2050000	-22.46292	0	-22.46292	0.0832283	0.536786	0.0935432	0.324338	0.148292	0.169795	0.664722	1.39174	0.370753
2060000	-27.24224	0	-27.24224	0.233118	0.115599	0.186914	0.282351	0.151549	0.150387	0.735574	0.715731	0.12558
2070000	-28.38329	0	-28.38329	0.176736	0.353256	0.124525	0.316577	0.0908556	0.0910539	0.497386	1.70633	0.705338
2080000	-21.60516	0	-21.60516	0.147617	0.307484	0.0636995	0.187332	0.20266	0.118139	0.552838	2.0158	0.784164
2090000	-30.64012	0	-30.64012	0.252136	0.0659663	0.0985032	0.248902	0.0908613	0.0626343	0.624292	0.682472	0.0313088
2100000	-31.53958	0	-31.53958	0.112588	0.41298	0.0590146	0.280436	0.129454	0.303982	0.220988	0.847994	0.430671
2110000	-27.84712	0	-27.84712	0.052938	0.370664	0.143238	0.254064	0.0999593	0.223021	1.11784	1.45576	3.2814
2120000	-33.69964	0	-33.69964	0.132116	0.38585	0.0527954	0.366167	0.0673016	0.409527	0.39805	1.16356	2.03719
2130000	-19.96237	0	-19.96237	0.0735848	0.252828	0.0685047	0.345254	0.102177	0.164277	0.961284	2.25094	1.18491
2140000	-27.05697	0	-27.05697	0.532951	0.163671	0.0924495	0.27836	0.0867603	0.0734287	0.52509	0.782885	0.75694
2150000	-21.56277	0	-21.56277	0.169897	0.296545	0.0892495	0.209204	0.0604388	0.100979	1.0988	0.703025	0.11801
2160000	-30.34262	0	-30.34262	0.224656	0.103246	0.136248	0.20446	0.0954179	0.0866832	0.344321	0.350226	0.00136153
2170000	-33.44002	0	-33.44002	0.0617282	0.116484	0.317869	0.198639	0.189082	0.0731025	0.286218	0.331726	0.0032768
2180000	-29.11973	0	-29.11973	0.159665	0.113075	0.150858	0.204614	0.403142	0.210977	1.95248	2.19562	0.441509
2190000	-25.50072	0	-25.50072	0.256502	0.143529	0.10758	0.378518	0.119826	0.137961	0.380086	1.10491	0.546448
2200000	-23.77424	0	-23.77424	0.0547947	0.131864	0.195094	0.259473	0.0912605	0.0895796	0.697066	1.78493	0.0878238
2210000	-29.5279	0	-29.5279	0.0708542	0.270562	0.314018	0.273868	0.146283	0.246758	0.66652	0.985687	0.746077
2220000	-35.76722	0	-35.76722	0.0979769	0.127159	0.195895	0.21953	0.303627	0.150255	0.24034	0.201622	0.560873
2230000	-30.67017	0	-30.67017	0.192486	0.228929	0.102825	0.264716	0.0892769	0.104793	0.386422	0.516937	0.0795623
2240000	-30.05409	0	-30.05409	0.0694116	0.175464	0.0753148	0.436214	0.153797	0.187165	0.837464	0.868243	1.02615
2250000	-24.00088	0	-24.00088	0.081949	0.242224	0.099789	0.191483	0.185837	0.193235	0.49812	1.96579	0.69225
2260000	-19.11646	0	-19.11646	0.254137	0.165569	0.0827654	0.473332	0.125578	0.135969	1.26316	3.22358	0.229517
2270000	-30.85324	0	-30.85324	0.252932	0.314292	0.0969558	0.315923	0.0710521	0.182469	0.311751	0.481065	0.0158327
2280000	-25.76241	0	-25.76241	0.445089	0.153992	0.0500928	0.200869	0.188981	0.184251	0.466992	1.25867	0.0953879
2290000	-21.72841	0	-21.72841	0.244018	0.175713	0.127705	0.277776	0.0557366	0.117248	0.729518	2.08709	0.392344
2300000	-29.88677	0	-29.88677	0.133524	0.294964	0.143833	0.297522	0.170533	0.0768074	0.802359	0.338693	0.0702483
2310000	-27.72541	0	-27.72541	0.273246	0.216986	0.111895	0.456386	0.108296	0.359199	0.901555	2.3235	0.147429
2320000	-47.06107	0	-47.06107	0.849996	0.23101	0.238266	0.809508	0.0807469	0.342469	0.42287	0.7159	0.918933
2330000	-25.88393	0	-25.88393	0.194434	0.325377	0.113535	0.28517	0.136989	0.209007	0.849756	0.880001	0.790499
2340000	-30.2582	0	-30.2582	0.226399	0.382999	0.356957	0.314551	0.0904368	0.209515	0.347818	3.20569	0.32569
2350000	-23.16919	0	-23.16919	0.224465	0.480626	0.104965	0.324195	0.105428	0.29597	0.884221	1.27374	1.86585
2360000	-26.30218	0	-26.30218	0.0799539	0.313704	0.24759	0.405659	0.304373	0.0642785	0.405842	4.655	1.4245
2370000	-28.42605	0	-28.42605	0.331822	0.221087	0.18762	0.267758	0.084352	0.181628	1.56569	2.72357	0.965578
2380000	-29.181	0	-29.181	0.0986782	0.683337	0.0928032	0.342632	0.169019	0.163297	0.46425	0.590745	0.14298
2390000	-28.46911	0	-28.46911	0.0494844	0.251827	0.151562	0.208105	0.169469	0.140928	0.540183	0.998961	1.16566
2400000	-27.4987	0	-27.4987	0.305795	0.130588	0.190409	0.460102	0.0660413	0.110212	1.33438	0.782612	0.230289
2410000	-19.35785	0	-19.35785	0.211183	0.150707	0.120204	0.222528	0.0864277	0.0841935	1.98434	0.509307	0.136614
2420000	-32.23049	0	-32.23049	0.167414	0.292965	0.075954	0.27726	0.129512	0.0831188	0.322684	0.428791	0.224584
2430000	-31.72078	0	-31.72078	0.121868	0.246257	0.103204	0.205158	0.214191	0.0558892	0.446692	2.69301	0.257699
2440000	-29.03454	0	-29.03454	0.280303	0.719298	0.0679738	0.183079	0.241228	0.0445973	0.33915	1.42819	0.844252
2450000	-37.39732	0	-37.39732	0.184063	0.286854	0.143245	0.304591	0.0693217	0.166681	1.1585	0.742075	0.0109083
2460000	-28.08398	0	-28.08398	0.164282	0.158706	0.0505742	0.115488	0.196946	0.141234	0.892052	1.90721	1.4856
2470000	-26.79604	0	-26.79604	0.130761	0.154984	0.0674184	0.257149	0.16855	0.129417	0.516592	0.481259	0.522764
2480000	-24.30678	0	-24.30678	0.296736	0.162833	0.330447	0.185641	0.141783	0.0864776	0.641421	1.98238	0.996791
2490000	-27.65312	0	-27.65312	0.0863049	0.426257	0.162519	0.271752	0.192985	0.110459	0.461344	0.67327	2.25222
2500000	-28.16828	0	-28.16828	0.177428	0.285668	0.195908	0.350455	0.193173	0.0708254	1.79319	4.38559	3.11821
2510000	-26.16367	0	-26.16367	0.0796577	0.201658	0.337182	0.197998	0.245678	0.129331	1.43048	0.536601	0.246598
2520000	-29.54494	0	-29.54494	0.198599	0.263715	0.0931147	0.136432	0.167863	0.117336	0.276222	1.50335	2.40341
2530000	-39.24132	0	-39.24132	0.249554	0.161735	0.308727	0.563523	0.127874	0.228881	0.276407	2.19585	0.989589
2540000	-32.41873	0	-32.41873	0.108832	0.190995	0.197597	0.414942	0.147619	0.0857928	0.884254	0.218475	0.76294
2550000	-28.79258	0	-28.79258	0.105583	0.155041	0.0442178	0.253169	0.20346	0.125813	0.195853	2.36187	0.00843132
2560000	-33.02525	0	-33.02525	0.289942	0.167323	0.120923	0.757664	0.084584	0.0749242	0.716215	0.588193	0.00898555
2570000	-27.73914	0	-27.73914	0.230865	0.183721	0.155867	0.198723	0.104858	0.116699	0.752273	0.73833	0.312261
2580000	-26.80068	0	-26.80068	0.207957	0.29162	0.0445716	0.302637	0.0827746	0.174605	0.552274	0.711702	0.0148844
2590000	-21.22415	0	-21.22415	0.201397	0.238477	0.175776	0.148231	0.0769976	0.0722202	0.459016	1.61062	0.346266
2600000	-24.41267	0	-24.41267	0.176602	0.190016	0.128115	0.135801	0.219011	0.0876067	0.728903	0.600943	3.65151
2610000	-30.68012	0	-30.68012	0.439003	0.146467	0.0650513	0.186635	0.0987635	0.123201	1.22965	0.597908	0.112912
2620000	-34.09501	0	-34.09501	0.179362	0.796151	0.162144	0.451142	0.0421914	0.199836	1.16051	1.04051	1.59776
2630000	-33.15358	0	-33.15358	0.146692	0.197533	0.142111	0.329448	0.108282	0.14416	0.479067	0.254425	0.00136386
2640000	-27.54335	0	-27.54335	0.172393	0.353795	0.217334	0.169444	0.079312	0.122957	0.743556	2.4836	0.0505942
2650000	-24.29995	0	-24.29995	0.0655382	0.183531	0.0553936	0.252893	0.183417	0.0658527	0.676242	3.09103	4.50753
2660000	-30.89499	0	-30.89499	0.117301	0.0651963	0.166987	0.216653	0.128223	0.086305	0.682192	0.573165	0.111992
2670000	-33.8735	0	-33.8735	0.106565	0.0889904	0.103925	0.366498	0.237359	0.119043	0.665048	0.452818	0.948917
2680000	-26.83242	0	-26.83242	0.092287	0.291684	0.064607	0.28003	0.0611629	0.0759914	1.73999	0.81595	0.615098
2690000	-27.40604	0	-27.40604	0.120406	0.151616	0.115378	0.190484	0.108632	0.0709542	0.413511	0.435627	0.00574429
2700000	-32.21286	0	-32.21286	0.250359	0.186484	0.130556	0.194505	0.154218	0.127572	0.407324	1.07914	0.00801267
2710000	-27.24188	0	-27.24188	0.169479	0.220894	0.104977	0.317127	0.0803985	0.139948	0.299606	0.670367	1.33468
2720000	-33.05976	0	-33.05976	0.0568864	0.0653365	0.217381	0.282644	0.196055	0.132272	0.738102	0.8385	4.27988
2730000	-30.05843	0	-30.05843	0.125663	0.241701	0.255694	0.193832	0.149453	0.0995697	0.75934	1.28718	0.330658
2740000	-21.44831	0	-21.44831	0.18107	0.235307	0.105742	0.230635	0.0985797	0.177108	0.51335	1.72938	0.833528
2750000	-29.90449	0	-29.90449	0.183499	0.143261	0.103213	0.192471	0.150071	0.116792	0.367444	0.319999	0.0481534
2760000	-31.25692	0	-31.25692	0.245594	0.0505889	0.0702841	0.326816	0.152187	0.175242	0.623112	0.402222	0.200647
2770000	-28.74265	0	-28.74265	0.228771	0.193814	0.173541	0.301632	0.13013	0.0954616	0.57356	2.22443	0.731492
2780000	-33.06198	0	-33.06198	0.0420021	0.294024	0.210401	0.481595	0.130852	0.140214	0.855002	0.291987	0.792735
2790000	-25.00269	0	-25.00269	0.155399	0.564268	0.102019	0.244188	0.180393	0.073279	0.577438	1.28017	0.0976452
2800000	-30.56394	0	-30.56394	0.333962	0.074963	0.139729	0.17066	0.113722	0.0992312	0.547095	0.512185	1.15891
2810000	-24.04813	0	-24.04813	0.398134	0.140215	0.102641	0.297443	0.166676	0.0919991	0.700414	0.977401	0.604503
2820000	-30.08024	0	-30.08024	0.186429	0.140276	0.298373	0.182591	0.123459	0.286595	0.869128	1.66883	0.716335
2830000	-28.40854	0	-28.40854	0.195247	0.136888	0.137573	0.383245	0.0629341	0.0784241	0.547893	1.04427	0.0481816
2840000	-26.7859	0	-26.7859	0.195068	0.273059	0.0865933	0.225005	0.194984	0.140876	2.76939	2.08039	0.0621063
2850000	-25.60938	0	-25.60938	0.10436	0.122026	0.103377	0.297778	0.274374	0.306686	1.30966	0.654871	0.149436
2860000	-28.02939	0	-28.02939	0.119628	0.25007	0.17098	0.156291	0.122019	0.0639815	0.840311	4.19986	0.560885
2870000	-20.47389	0	-20.47389	0.130767	0.161274	0.106952	0.197354	0.0989144	0.169108	0.812844	1.63618	0.235627
2880000	-31.1371	0	-31.1371	0.125111	0.137517	0.0843332	0.288888	0.0967334	0.0497735	0.525211	0.40898	0.000518392
2890000	-40.26893	0	-40.26893	0.417721	0.0984836	0.142574	0.234091	0.122521	0.0372791	0.451093	0.338542	0.0100594
2900000	-27.93541	0	-27.93541	0.233052	0.205981	0.144088	0.279706	0.0947289	0.071252	0.199972	0.936359	1.76829
2910000	-30.08118	0	-30.08118	0.154681	0.217326	0.467456	0.147086	0.097494	0.142221	0.571276	0.856114	0.0261458
2920000	-25.78747	0	-25.78747	0.148372	0.164405	0.219486	0.121516	0.190409	0.186186	1.37889	0.926784	0.0580556
2930000	-23.98933	0	-23.98933	0.109634	0.281212	0.0459699	0.32992	0.178158	0.331012	1.31004	1.30456	1.54861
2940000	-22.60251	0	-22.60251	0.0962814	0.253904	0.242994	0.212923	0.106734	0.115896	1.02151	1.44302	0.94698
2950000	-30.98928	0	-30.98928	0.0691557	0.107058	0.165829	0.151785	0.0906099	0.076575	0.395456	0.282781	3.03793
2960000	-34.86534	0	-34.86534	0.0984079	0.204836	0.0809155	0.372625	0.266152	0.246382	0.616194	0.352785	0.181216
2970000	-29.6012	0	-29.6012	0.136491	0.401623	0.314445	0.193263	0.0947494	0.0972815	0.885375	0.843212	0.0103271
2980000	-27.74219	0	-27.74219	0.180706	0.317364	0.0938437	0.335174	0.302967	0.195886	0.625221	0.711453	2.24079
2990000	-21.59283	0	-21.59283	0.0681209	0.250492	0.0985187	0.18441	0.125125	0.190916	0.466538	0.998171	0.0501917
3000000	-20.63547	0	-20.63547	0.186958	0.507398	0.14001	0.246067	0.147316	0.132251	0.507436	4.53058	0.823391
3010000	-23.78447	0	-23.78447	0.261462	0.144742	0.149818	0.109166	0.318741	0.125277	0.587587	2.66436	0.0690967
3020000	-31.31764	0	-31.31764	0.272274	0.219382	0.10397	0.153296	0.105399	0.0728359	0.448711	0.357902	0.294662
3030000	-31.76441	0	-31.76441	0.248401	0.0716023	0.258968	0.553267	0.15572	0.0511812	0.871191	0.682881	0.0244193
3040000	-24.5025	0	-24.5025	0.2419	0.279252	0.113855	0.313637	0.206373	0.255397	0.771827	0.969594	0.277782
3050000	-29.22601	0	-29.22601	0.141307	0.0913187	0.213797	0.172175	0.127439	0.0781945	0.490455	1.65776	1.00339
3060000	-22.71209	0	-22.71209	0.205713	0.257776	0.124291	0.276312	0.117091	0.390112	1.81312	1.18853	0.109986
3070000	-23.81936	0	-23.81936	0.209008	0.220202	0.123054	0.23309	0.241256	0.169938	0.485171	1.00948	0.959259
3080000	-32.29909	0	-32.29909	0.359626	0.160117	0.167911	0.385577	0.123151	0.137919	1.40101	0.783226	0.150182
3090000	-29.24428	0	-29.24428	0.0844323	0.25835	0.120427	0.201498	0.100715	0.106696	0.530984	0.148579	0.695008
3100000	-16.286	0	-16.286	0.142657	0.128654	0.147175	0.245105	0.173177	0.132169	1.41982	3.43066	0.076187
3110000	-37.61599	0	-37.61599	0.186455	0.190591	0.412327	0.204963	0.156566	0.14972	0.203944	0.588356	0.17923
3120000	-26.58152	0	-26.58152	0.205275	0.203258	0.180318	0.304238	0.11609	0.419629	0.4581	2.13386	0.32907
3130000	-23.08578	0	-23.08578	0.141849	0.238967	0.170637	0.284081	0.163028	0.2242	0.672803	1.33579	0.243951
3140000	-28.3786	0	-28.3786	0.170231	0.163582	0.0665778	0.356079	0.173906	0.212935	0.843032	0.814377	0.136341
3150000	-23.9136	0	-23.9136	0.175122	0.192555	0.109301	0.220785	0.267643	0.106545	1.18071	3.55735	1.26701
3160000	-30.01553	0	-30.01553	0.247706	0.194272	0.174616	0.31874	0.117805	0.148842	0.382144	0.181525	2.4251
3170000	-17.93696	0	-17.93696	0.234489	0.191733	0.119838	0.228543	0.163774	0.133972	1.47529	3.20212	0.649027
3180000	-28.11774	0	-28.11774	0.115252	0.322766	0.125902	0.275348	0.135828	0.133648	0.29909	0.205369	0.304084
3190000	-26.84703	0	-26.84703	0.140643	0.215068	0.172187	0.25759	0.225399	0.148732	0.442695	0.497125	0.105026
3200000	-29.73569	0	-29.73569	0.149328	0.0951593	0.137341	0.213186	0.163906	0.0884517	0.281849	0.181334	0.0140612
3210000	-22.78185	0	-22.78185	0.161322	0.1604	0.119108	0.32709	0.143014	0.0995126	0.940451	1.68644	0.546286
3220000	-27.07709	0	-27.07709	0.055891	0.364636	0.100851	0.240283	0.127677	0.156505	0.173768	1.22608	0.071862
3230000	-30.93322	0	-30.93322	0.255693	0.215426	0.106294	0.161334	0.158545	0.119249	0.181015	0.434873	1.56954
3240000	-24.36792	0	-24.36792	0.197137	0.232533	0.146119	0.773508	0.158489	0.11381	2.26572	0.828521	1.45481
3250000	-27.55297	0	-27.55297	0.456519	0.23757	0.0767193	0.127731	0.149353	0.175158	1.03203	2.18111	1.07514
3260000	-24.43067	0	-24.43067	0.15658	0.470113	0.19912	0.204275	0.136022	0.11945	0.522192	0.973123	0.399651
3270000	-25.32343	0	-25.32343	0.188612	0.254658	0.220225	0.264629	0.123279	0.166229	0.868285	1.02467	0.246948
3280000	-26.27171	0	-26.27171	0.111993	0.121097	0.0754609	0.251005	0.156175	0.196829	0.87738	0.581088	0.111233
3290000	-24.58267	0	-24.58267	0.202054	0.146069	0.168409	0.158002	0.0953732	0.3276	0.814825	0.737095	0.318296
3300000	-23.57269	0	-23.57269	0.191077	0.201242	0.165126	0.394859	0.111729	0.154609	1.91695	2.52271	0.782585
3310000	-23.87487	0	-23.87487	0.21105	0.267817	0.134159	0.296776	0.203893	0.130753	0.776464	3.14351	1.63625
3320000	-20.25969	0	-20.25969	0.100976	0.128737	0.0366819	0.207655	0.197286	0.182984	1.25683	1.70817	0.533442
3330000	-30.64264	0	-30.64264	0.113811	0.297692	0.0958426	0.226056	0.164827	0.190796	1.06824	0.703857	0.107871
3340000	-27.27165	0	-27.27165	0.287555	0.213827	0.1826	0.32347	0.173027	0.246866	0.511605	5.28004	1.70805
3350000	-29.82247	0	-29.82247	0.189801	0.116309	0.146103	0.512833	0.10419	0.0699047	1.01366	0.41897	0.0218187
3360000	-18.4535	0	-18.4535	0.246405	0.254374	0.172899	0.345892	0.152863	0.0923399	0.979443	4.86259	0.908517
3370000	-25.2047	0	-25.2047	0.269836	0.205767	0.0598817	0.263867	0.51611	0.119689	2.75659	0.938591	0.399907
3380000	-24.32244	0	-24.32244	0.260684	0.146723	0.0658788	0.389419	0.11932	0.147804	1.02483	2.89705	1.78103
3390000	-23.83511	0	-23.83511	0.179697	0.194238	0.15194	0.30286	0.115326	0.0854617	0.397203	1.4763	0.525928
3400000	-32.90068	0	-32.90068	0.138355	0.18613	0.221817	0.39169	0.0604376	0.156445	0.544556	0.384629	0.111219
3410000	-25.03069	0	-25.03069	0.0772086	0.292782	0.14224	0.313389	0.188191	0.180708	1.13689	1.53409	0.107605
3420000	-31.02304	0	-31.02304	0.0896457	0.0865452	0.107614	0.3029	0.164207	0.143512	0.760329	0.874942	0.709171
3430000	-23.01664	0	-23.01664	0.203045	0.314664	0.195137	0.300522	0.0977845	0.07548	0.459676	1.65732	0.69843
3440000	-35.53546	0	-35.53546	0.0559669	0.220792	0.128791	0.141593	0.0804552	0.0665818	0.532895	0.392822	0.0663365
3450000	-30.05926	0	-30.05926	0.164262	0.291038	0.320004	0.386586	0.084851	0.215335	0.735537	0.693059	0.429111
3460000	-31.84937	0	-31.84937	0.085157	0.158077	0.150605	0.405184	0.0458175	0.0788731	0.661775	0.267518	0.0735511
3470000	-25.16961	0	-25.16961	0.117042	0.346722	0.161851	0.275641	0.128168	0.108935	0.646714	0.849055	0.816207
3480000	-32.55338	0	-32.55338	0.110248	0.074321	0.177341	0.217591	0.0917124	0.31931	0.391728	0.416828	1.61493
3490000	-28.18882	0	-28.18882	0.261738	0.222578	0.294536	0.317027	0.132149	0.208916	1.07134	0.45726	0.474752
3500000	-29.36877	0	-29.36877	0.12927	0.131153	0.0595146	0.118543	0.104883	0.0999144	0.541519	0.469807	0.0561393
3510000	-22.82201	0	-22.82201	0.181666	0.156642	0.138877	0.601164	0.177049	0.181607	1.82626	1.55491	0.116044
3520000	-26.8827	0	-26.8827	0.174889	0.124041	0.152088	0.309248	0.377813	0.127877	0.870772	1.24808	2.38754
3530000	-23.19131	0	-23.19131	0.249856	0.216667	0.12906	0.166078	0.0804548	0.0789538	0.368326	0.772328	0.117981
3540000	-30.81349	0	-30.81349	0.1979	0.269549	0.110326	0.260798	0.241313	0.156341	0.904041	0.656732	0.0119048
3550000	-36.58746	0	-36.58746	0.12598	0.151782	0.37256	0.337886	0.0997614	0.173477	0.294463	0.875281	0.265898
3560000	-29.17094	0	-29.17094	0.250296	0.165608	0.112787	0.243032	0.187999	0.0940782	0.473655	0.828914	1.85468
3570000	-23.24444	0	-23.24444	0.302542	0.230244	0.0946088	0.402888	0.186401	0.14275	0.368556	1.24814	0.234094
3580000	-23.78768	0	-23.78768	0.185994	0.278015	0.0548625	0.337666	0.171546	0.154534	0.459395	0.848625	0.417536
3590000	-23.38244	0	-23.38244	0.194227	0.195842	0.161391	0.204119	0.237306	0.128961	0.730432	0.837947	0.248719
3600000	-24.33155	0	-24.33155	0.154	0.332656	0.0636447	0.220185	0.215192	0.07926	1.01337	1.48257	1.58693
3610000	-33.69693	0	-33.69693	0.0747502	0.307033	0.284682	0.219652	0.221542	0.158095	0.705335	2.29177	0.967544
3620000	-28.92102	0	-28.92102	0.232689	0.131009	0.200329	0.266618	0.183929	0.111255	0.705987	1.72482	0.154139
3630000	-21.72211	0	-21.72211	0.11891	0.238743	0.164789	0.394914	0.0643385	0.148465	0.916094	4.46475	1.88282
3640000	-28.5836	0	-28.5836	0.0674312	0.353479	0.0852404	0.180508	0.356494	0.0875825	0.601403	2.89789	1.00913
3650000	-23.39935	0	-23.39935	0.118885	0.186716	0.0540666	0.434912	0.360054	0.123665	2.54689	2.34103	0.501029
3660000	-29.96828	0	-29.96828	0.3884	0.141651	0.150826	0.418074	0.0725972	0.105152	0.243292	0.564316	0.00136621
3670000	-32.45378	0	-32.45378	0.191253	0.107351	0.267394	0.213259	0.162214	0.0664776	1.77942	1.76162	0.253845
3680000	-37.45639	0	-37.45639	0.21547	0.247029	0.142873	0.159894	0.153894	0.149215	0.72528	0.187637	0.0129021
3690000	-24.32688	0	-24.32688	0.129589	0.264259	0.243588	0.229631	0.12487	0.234548	0.900661	2.18779	1.03885
3700000	-26.79918	0	-26.79918	0.10878	0.212667	0.157199	0.244817	0.101921	0.136902	1.23168	1.05406	0.0109507
3710000	-31.43137	0	-31.43137	0.23635	0.180579	0.20842	0.304789	0.284811	0.0573624	1.32536	1.04792	0.162133
3720000	-28.59882	0	-28.59882	0.207092	0.152225	0.103234	0.227918	0.0832908	0.0964823	0.590083	0.982199	1.50184
3730000	-24.45334	0	-24.45334	0.138614	0.139551	0.180112	0.366143	0.117306	0.124375	1.16395	0.500609	0.0492723
3740000	-23.34912	0	-23.34912	0.183693	0.182926	0.257764	0.347689	0.257957	0.0496462	1.89242	4.53909	0.145375
3750000	-25.64035	0	-25.64035	0.134359	0.527627	0.0774605	0.295506	0.0765259	0.0755655	0.731833	8.47274	0.467501
3760000	-29.59852	0	-29.59852	0.0753014	0.140549	0.253131	0.228939	0.0867683	0.157	0.183471	0.616313	0.135505
3770000	-31.5943	0	-31.5943	0.0910522	0.117635	0.0994251	0.311417	0.0962107	0.0286298	0.339027	0.938993	3.42305
3780000	-28.72466	0	-28.72466	0.12134	0.194086	0.221074	0.104672	0.238278	0.0924776	1.88352	0.607177	1.56979
3790000	-26.7994	0	-26.7994	0.126559	0.176003	0.121071	0.195756	0.114445	0.204546	0.631616	0.45061	1.45437
3800000	-29.07943	0	-29.07943	0.349116	0.229174	0.0607984	0.476783	0.185478	0.0767832	1.35656	0.504646	0.55436
3810000	-28.2988	0	-28.2988	0.114867	0.303197	0.110184	0.65759	0.136963	0.0731697	0.748689	3.26317	2.34028
3820000	-22.45812	0	-22.45812	0.272755	0.281666	0.19943	0.218362	0.0859843	0.0677042	1.19056	1.02668	0.0658705
3830000	-21.36355	0	-21.36355	0.195238	0.127673	0.112934	0.169027	0.0933802	0.0863668	0.65626	0.91433	0.181489
3840000	-32.97565	0	-32.97565	0.319213	0.198803	0.344928	0.494429	0.0731614	0.0618997	0.172707	1.87429	1.2866
3850000	-32.28185	0	-32.28185	0.254468	0.192361	0.31861	0.740229	0.235908	0.150744	0.603873	0.893802	0.577039
3860000	-23.48552	0	-23.48552	0.1522	0.152061	0.104093	0.364415	0.0884507	0.0965361	0.335213	1.44544	0.244172
3870000	-29.33547	0	-29.33547	0.205032	0.215226	0.17384	0.147923	0.169344	0.114553	0.774453	0.9232	0.137069
3880000	-25.52162	0	-25.52162	0.112334	0.358662	0.0752228	0.229913	0.10078	0.17266	0.693276	0.87287	0.97081
3890000	-27.03045	0	-27.03045	0.15654	0.276329	0.106716	0.222377	0.0584422	0.0625686	0.183756	1.03779	0.719676
3900000	-25.55543	0	-25.55543	0.280962	0.171698	0.296935	0.280411	0.106205	0.0910953	0.372691	0.56744	1.19007
3910000	-32.30524	0	-32.30524	0.0955544	0.293481	0.305933	0.29215	0.0586803	0.0721458	0.774436	0.563311	2.06016
3920000	-28.91612	0	-28.91612	0.0796805	0.155145	0.190721	0.236248	0.115896	0.156901	0.800175	0.512011	0.0176692
3930000	-26.62262	0	-26.62262	0.357493	0.326157	0.103184	0.233555	0.116779	0.227496	1.62813	1.72349	4.6692
3940000	-24.0193	0	-24.0193	0.216519	0.154145	0.178892	0.418241	0.139449	0.152975	1.28764	0.744014	1.01441
3950000	-29.13404	0	-29.13404	0.229215	0.453645	0.17081	0.554345	0.202637	0.245839	0.692816	1.34605	0.381956
3960000	-32.71905	0	-32.71905	0.0883538	0.416867	0.271765	0.436125	0.134978	0.112827	0.164155	0.453339	0.731552
3970000	-29.89811	0	-29.89811	0.301094	0.363221	0.0622953	0.607955	0.0886417	0.233844	0.451659	0.79021	0.882022
3980000	-21.64138	0	-21.64138	0.322195	0.255753	0.124467	0.381456	0.191187	0.122146	0.426934	1.48344	0.252997
3990000	-22.43409	0	-22.43409	0.113987	0.337104	0.0741684	0.116164	0.336468	0.270226	1.24058	0.967463	0.0571321
4000000	-30.1102	0	-30.1102	0.238048	0.351115	0.137303	0.242358	0.100977	0.128839	0.367905	1.85914	0.967495
4010000	-27.92911	0	-27.92911	0.154026	0.153667	0.459241	0.172351	0.0697092	0.082078	1.74217	0.778343	0.566189
4020000	-23.65209	0	-23.65209	0.163581	0.28505	0.102024	0.29226	0.136695	0.0988129	0.370623	1.07004	0.354547
4030000	-29.81367	0	-29.81367	0.139099	0.158349	0.229229	0.43867	0.136192	0.097444	0.834383	0.675971	0.0743396
4040000	-27.17503	0	-27.17503	0.21004	0.152945	0.179258	0.466445	0.112124	0.168691	0.431992	0.748926	0.281947
4050000	-32.79197	0	-32.79197	0.104915	0.110964	0.250319	0.199051	0.323331	0.208186	0.412234	1.79191	1.09601
4060000	-27.09758	0	-27.09758	0.189274	0.27651	0.21415	0.216213	0.200367	0.112296	0.321136	1.70705	0.0897573
4070000	-25.36441	0	-25.36441	0.263314	0.330454	0.133587	0.218103	0.139975	0.465789	0.778773	4.18793	0.562972
4080000	-33.59202	0	-33.59202	0.110608	0.260494	0.269453	0.453394	0.13988	0.218522	0.115237	1.14426	0.0950181
4090000	-21.55717	0	-21.55717	0.223773	0.104504	0.0902322	0.196117	0.152085	0.0910933	0.617985	2.70893	1.19072
4100000	-26.22688	0	-26.22688	0.126659	0.0925249	0.141023	0.202464	0.185527	0.116502	0.972412	0.672373	0.0524757
4110000	-22.27025	0	-22.27025	0.18385	0.406195	0.13122	0.23907	0.177057	0.171096	1.06237	3.48961	2.44118
4120000	-29.88345	0	-29.88345	0.082038	0.217797	0.271115	0.318927	0.142928	0.192559	0.543717	0.242052	0.0294962
4130000	-25.69016	0	-25.69016	0.11885	0.230059	0.18757	0.439221	0.0649367	0.0843689	0.663882	0.507367	0.686609
4140000	-22.72244	0	-22.72244	0.30874	0.210151	0.0704235	0.320604	0.104054	0.111687	0.294638	2.10934	0.467727
4150000	-32.50721	0	-32.50721	0.0850718	0.409281	0.211538	0.149585	0.0891167	0.0576392	0.389067	0.456347	1.05951
4160000	-21.38267	0	-21.38267	0.24834	0.200056	0.190229	0.328364	0.210831	0.154722	0.633191	1.52363	0.579686
4170000	-26.16413	0	-26.16413	0.171201	0.130025	0.155615	0.259623	0.0548133	0.106614	0.788449	0.371548	0.75258
4180000	-29.12196	0	-29.12196	0.284396	0.155427	0.156031	0.288349	0.101695	0.0873235	0.97926	0.187065	0.376269
4190000	-28.68144	0	-28.68144	0.163525	0.418249	0.0818727	0.310677	0.105265	0.212336	0.231112	0.258816	0.231617
4200000	-24.31822	0	-24.31822	0.0859067	0.0734616	0.153919	0.371835	0.152511	0.155414	0.768876	1.1863	0.077257
4210000	-33.17059	0	-33.17059	0.192733	0.124556	0.0554323	0.199532	0.14039	0.0586623	0.685111	0.0856061	0.646112
4220000	-28.13645	0	-28.13645	0.121855	0.38823	0.242611	0.330304	0.1108	0.197487	0.709934	2.22651	1.19951
4230000	-34.30025	0	-34.30025	0.0987597	0.0968171	0.328994	0.81643	0.138018	0.135159	1.63418	0.872565	0.227275
4240000	-27.66522	0	-27.66522	0.0693642	0.0684955	0.0638465	0.343578	0.13962	0.174673	0.531744	1.39862	0.321207
4250000	-27.40579	0	-27.40579	0.20104	0.150097	0.197623	0.361962	0.0830914	0.132385	0.524932	0.968594	1.38582
4260000	-26.93864	0	-26.93864	0.0629403	0.180672	0.123662	0.357303	0.245339	0.134004	0.254584	0.781482	0.167317
4270000	-28.06623	0	-28.06623	0.162705	0.145056	0.0956105	0.233885	0.190852	0.050616	0.991064	1.90059	3.45874
4280000	-20.82893	0	-20.82893	0.0897911	0.20975	0.112676	0.297566	0.123933	0.0824527	0.927599	1.80544	0.0498257
4290000	-28.27375	0	-28.27375	0.057134	0.250248	0.19796	0.199003	0.0893619	0.133822	0.606915	2.51113	0.15032
4300000	-27.12044	0	-27.12044	0.259222	0.289628	0.166207	0.239665	0.185932	0.207783	0.248214	1.27567	1.34775
4310000	-24.25624	0	-24.25624	0.244235	0.375802	0.310942	0.24281	0.252319	0.109764	0.477084	1.80955	0.421029
4320000	-26.91378	0	-26.91378	0.153805	0.153847	0.0662442	0.303224	0.235845	0.166073	0.62575	1.3667	0.965919
4330000	-25.82595	0	-25.82595	0.163923	0.154199	0.218104	0.425205	0.174992	0.0999842	1.03879	0.476158	1.55586
4340000	-32.57218	0	-32.57218	0.104516	0.141824	0.40478	0.247525	0.166328	0.130798	0.279574	0.291851	0.192541
4350000	-31.06788	0	-31.06788	0.0699599	0.307164	0.266047	0.234376	0.132	0.168252	0.388838	0.62578	0.1082
4360000	-27.52167	0	-27.52167	0.256544	0.231094	0.201527	0.267536	0.11082	0.131722	1.10332	0.321068	0.0206708
4370000	-26.09767	0	-26.09767	0.204467	0.312677	0.0633356	0.249896	0.314099	0.15535	0.731199	2.81034	1.04549
4380000	-27.33674	0	-27.33674	0.163316	0.300394	0.0602087	0.130476	0.0707878	0.134443	0.699045	1.56109	0.256115
4390000	-37.72353	0	-37.72353	0.215625	0.149837	0.137623	0.402378	0.144237	0.108963	0.666542	0.148063	0.0138707
4400000	-23.30185	0	-23.30185	0.227582	0.0893007	0.119458	0.166838	0.213782	0.0839505	1.11279	0.69949	0.467984
4410000	-26.74296	0	-26.74296	0.188807	0.368287	0.114559	0.210368	0.24186	0.0564933	0.281134	1.60893	1.98107
4420000	-25.00224	0	-25.00224	0.220172	0.387312	0.0859582	0.0933616	0.132925	0.189018	0.741741	1.94111	1.79445
4430000	-28.74204	0	-28.74204	0.166366	0.243104	0.0766355	0.246914	0.081202	0.208025	0.28828	0.491995	0.326531
4440000	-22.76842	0	-22.76842	0.171066	0.220948	0.0858502	0.0984489	0.079043	0.0846637	2.804	1.44878	0.276014
4450000	-34.31734	0	-34.31734	0.0666431	0.22133	0.381042	0.260238	0.32351	0.11116	0.460677	0.342119	0.303304
4460000	-29.10751	0	-29.10751	0.134368	0.208953	0.238507	0.444194	0.0693431	0.0669841	0.653881	0.971432	0.079101
4470000	-21.49171	0	-21.49171	0.148497	0.154715	0.0956206	0.134551	0.131547	0.132766	1.01057	1.77783	0.745665
4480000	-34.73091	0	-34.73091	0.10976	0.257914	0.664063	0.210529	0.158031	0.123502	0.240263	0.165438	0.585708
4490000	-34.92675	0	-34.92675	0.251799	0.153715	0.13113	0.16194	0.126098	0.122532	0.615761	0.813481	0.00115425
4500000	-26.05908	0	-26.05908	0.163794	0.324336	0.169931	0.157293	0.150203	0.239038	0.395859	1.2319	0.764955
4510000	-30.40454	0	-30.40454	0.101451	0.454365	0.0884906	0.251287	0.133031	0.304959	0.411042	2.07803	2.10338
4520000	-29.57162	0	-29.57162	0.19573	0.174351	0.228768	0.483033	0.18457	0.21769	0.491892	1.1477	1.99942
4530000	-30.32934	0	-30.32934	0.191689	0.238581	0.1421	0.291585	0.0995073	0.115447	0.387747	1.60177	0.139249
4540000	-20.15853	0	-20.15853	0.190136	0.188224	0.20003	0.272594	0.117614	0.102807	0.727895	1.26799	1.01676
4550000	-29.30803	0	-29.30803	0.430491	0.275194	0.52942	0.128882	0.147195	0.255975	1.06439	1.81033	0.721799
4560000	-31.05167	0	-31.05167	0.259642	0.251836	0.239443	0.330809	0.129323	0.100388	0.463255	0.723792	0.116517
4570000	-24.1368	0	-24.1368	0.380537	0.285979	0.0735222	0.155727	0.173892	0.26552	0.405332	3.08144	0.879713
4580000	-27.07159	0	-27.07159	0.326051	0.160544	0.16486	0.258063	0.0744177	0.0649331	0.512556	0.63391	0.105637
4590000	-27.78009	0	-27.78009	0.147338	0.144001	0.180813	0.19397	0.250152	0.116578	1.66244	1.06002	1.97276
4600000	-26.69789	0	-26.69789	0.0879195	0.176021	0.302175	0.259647	0.186854	0.15945	1.07445	0.734223	0.894003
4610000	-23.24274	0	-23.24274	0.189584	0.162126	0.41933	0.143949	0.124851	0.158588	1.25408	1.93569	0.878532
4620000	-33.90991	0	-33.90991	0.0802616	0.138806	0.12249	0.262266	0.218883	0.0853571	0.311953	0.835285	0.10455
4630000	-40.6992	0	-40.6992	0.124971	0.15475	0.186914	0.15006	0.201498	0.195273	0.541162	0.348967	0.0719164
4640000	-31.3122	0	-31.3122	0.212905	0.1988	0.116113	0.195437	0.113884	0.264626	1.17399	0.407586	0.204129
4650000	-34.71263	0	-34.71263	0.192633	0.0632805	0.116269	0.261936	0.342014	0.0984537	1.12773	0.700152	0.0079712
4660000	-23.01504	0	-23.01504	0.138272	0.311003	0.0469945	0.299943	0.12409	0.200825	0.839409	0.902258	0.589232
4670000	-26.00404	0	-26.00404	0.121291	0.245634	0.185989	0.302007	0.120773	0.169134	0.349206	0.847375	0.852019
4680000	-27.62162	0	-27.62162	0.113413	0.189474	0.0809713	0.301525	0.167777	0.176659	0.246166	2.74471	0.0680468
4690000	-33.05377	0	-33.05377	0.133312	0.27611	0.122214	0.487605	0.0899607	0.0965457	0.107959	1.06678	0.425646
4700000	-29.80328	0	-29.80328	0.287573	0.141993	0.152203	0.292655	0.0529999	0.0836197	0.891093	0.68341	0.0474862
4710000	-26.85607	0	-26.85607	0.0771373	0.143296	0.0737788	0.270545	0.230678	0.0825101	1.02518	0.359793	0.0290955
4720000	-31.15797	0	-31.15797	0.243193	0.118914	0.297059	0.249153	0.0891123	0.139452	0.555776	0.626154	0.822908
4730000	-25.02292	0	-25.02292	0.30704	0.213109	0.222551	0.300463	0.120662	0.10055	1.4002	1.00904	0.170263
4740000	-23.26626	0	-23.26626	0.0925899	0.216389	0.0561526	0.204527	0.116233	0.12541	0.630397	0.488202	0.310696
4750000	-29.08745	0	-29.08745	0.147368	0.209967	0.303613	0.242394	0.116856	0.164857	0.1329	1.44271	0.234444
4760000	-20.0339	0	-20.0339	0.239942	0.22181	0.229365	0.297074	0.0813047	0.128627	1.77757	2.91577	0.845029
4770000	-22.44561	0	-22.44561	0.177092	0.244522	0.080794	0.275778	0.184586	0.145256	0.563641	1.32002	1.59229
4780000	-33.37832	0	-33.37832	0.0742385	0.159781	0.09693	0.0781417	0.206911	0.197177	0.0989482	0.344976	0.856776
4790000	-23.63425	0	-23.63425	0.129549	0.222981	0.108358	0.343734	0.131322	0.105658	0.840885	0.623289	1.31886
4800000	-26.9173	0	-26.9173	0.280455	0.198526	0.0676396	0.210509	0.291287	0.137198	0.656072	4.31016	2.75769
4810000	-26.62022	0	-26.62022	0.151262	0.258587	0.0982635	0.158653	0.238174	0.231934	0.311115	1.08323	0.274433
4820000	-24.3415	0	-24.3415	0.173571	0.232736	0.187402	0.217228	0.113034	0.22717	0.597731	0.886961	0.874199
4830000	-22.10759	0	-22.10759	0.144119	0.156156	0.166749	0.279299	0.0659312	0.141695	1.61067	1.27577	1.35864
4840000	-22.18037	0	-22.18037	0.206751	0.19705	0.0819669	0.232198	0.0745186	0.246281	0.844279	2.36142	2.52591
4850000	-30.05294	0	-30.05294	0.183016	0.167514	0.127372	0.299374	0.17407	0.116115	0.729326	0.264466	0.366616
4860000	-27.59011	0	-27.59011	0.110014	0.490509	0.0786253	0.178325	0.194286	0.201396	0.479817	0.759381	0.871671
4870000	-27.06645	0	-27.06645	0.185124	0.608276	0.0615537	0.33569	0.111855	0.0424831	0.404894	1.9123	0.710524
4880000	-27.43809	0	-27.43809	0.133119	0.180058	0.0866327	0.1475	0.0957069	0.197135	0.736561	0.227419	0.986901
4890000	-28.66833	0	-28.66833	0.223502	0.302689	0.0959081	0.281892	0.0912977	0.082789	0.960252	0.503439	0.12183
4900000	-26.26071	0	-26.26071	0.329658	0.382422	0.0630948	0.318304	0.176738	0.0776083	1.40604	0.509884	1.33963
4910000	-32.05595	0	-32.05595	0.0961499	0.242943	0.0973478	0.327023	0.0968257	0.0818414	0.381455	0.732321	0.0883198
4920000	-26.52458	0	-26.52458	0.234706	0.195678	0.161091	0.240032	0.223141	0.173281	0.489444	1.46576	0.146991
4930000	-25.69514	0	-25.69514	0.0944292	0.216688	0.196574	0.184163	0.192506	0.302066	0.598207	1.78921	0.231947
4940000	-27.81833	0	-27.81833	0.137329	0.149873	0.123272	0.148552	0.177897	0.159408	0.722957	1.46562	1.86686
4950000	-28.89037	0	-28.89037	0.116917	0.330805	0.0994429	0.19146	0.149177	0.160854	0.50539	0.519274	1.25808
4960000	-32.318	0	-32.318	0.101488	0.124603	0.19953	0.390217	0.193014	0.0729548	0.458581	0.214011	0.144092
4970000	-34.43533	0	-34.43533	0.222052	0.142016	0.229645	0.314071	0.099624	0.212165	0.331515	0.549242	0.610512
4980000	-29.92084	0	-29.92084	0.347837	0.0957992	0.128397	0.172724	0.127662	0.156255	0.347054	1.31754	2.15591
4990000	-24.78201	0	-24.78201	0.194809	0.198185	0.091814	0.374965	0.0392867	0.111659	1.05071	0.469931	0.812335
5000000	-22.37918	0	-22.37918	0.143796	0.172748	0.19404	0.284917	0.100009	0.159081	0.506581	1.17691	1.31009
