Iteration	Posterior	Likelihood	Prior	lambda[1]	lambda[2]	lambda[3]	mu[1]	mu[2]	mu[3]	psi[1]	psi[2]	psi[3]
0	-38.22036	0	-38.22036	0.146912	0.193092	0.0628585	0.247515	0.141454	0.198837	1.46653	0.567371	1.59013
10000	-9.703914	0	-9.703914	0.265814	0.0606399	0.167667	0.585725	0.071788	0.0934508	3.71985	0.100077	0.349177
20000	-19.26316	0	-19.26316	0.2142	0.182725	0.037838	0.296289	0.0831982	0.0553187	2.07796	0.075752	8.18161
30000	-16.94965	0	-16.94965	0.373667	0.108582	0.0604053	0.331703	0.155634	0.0875591	1.88699	1.1854	1.65217
40000	-18.13969	0	-18.13969	0.111214	0.0625676	0.219781	0.444164	0.200917	0.177444	3.08594	0.23355	0.403368
50000	-17.62956	0	-17.62956	0.355853	0.0944686	0.147011	0.167925	0.250173	0.0638087	4.10801	1.59396	2.61918
60000	-21.83134	0	-21.83134	0.272372	0.351449	0.201409	0.24303	0.0948956	0.358955	3.79174	0.462413	0.910857
70000	-11.80076	0	-11.80076	0.154822	0.210977	0.204314	0.405898	0.154099	0.0570391	3.68865	0.00323389	0.2747
80000	-15.92455	0	-15.92455	0.277355	0.168374	0.102639	0.360307	0.0818212	0.140762	3.19028	0.239678	0.922457
90000	-16.03739	0	-16.03739	0.188963	0.134838	0.182191	0.207751	0.0865583	0.164735	3.34537	3.47483	2.2157
100000	-9.820932	0	-9.820932	0.153381	0.156014	0.0931873	0.392848	0.122179	0.0543793	5.70587	0.134705	1.80426
110000	-17.03928	0	-17.03928	0.439856	0.158218	0.179512	0.42055	0.0821967	0.082242	4.39095	0.371971	0.250115
120000	-7.26456	0	-7.26456	0.235149	0.138327	0.214199	0.261174	0.112608	0.0623409	5.19626	0.365462	0.37201
130000	-13.64363	0	-13.64363	0.133246	0.289907	0.150902	0.353702	0.155186	0.15821	2.53733	0.0884452	0.106724
140000	-8.622168	0	-8.622168	0.227082	0.0667945	0.171814	0.41082	0.254729	0.138019	6.76306	0.00155292	0.820705
150000	-11.68758	0	-11.68758	0.10967	0.198473	0.158135	0.466683	0.128244	0.0470586	4.41285	0.531796	0.833032
160000	-15.26303	0	-15.26303	0.303837	0.0571924	0.280064	0.319469	0.08475	0.230613	3.12879	0.481553	0.591517
170000	-21.21361	0	-21.21361	0.177443	0.0447457	0.0824129	0.661667	0.138721	0.441393	4.04498	1.76843	0.255704
180000	-21.49394	0	-21.49394	0.145291	0.228924	0.535807	0.228252	0.0901458	0.283044	2.73878	0.396272	1.38653
190000	-20.65424	0	-20.65424	0.32527	0.0700328	0.259577	0.305448	0.0863151	0.180815	4.76822	0.71735	1.04664
200000	-17.26777	0	-17.26777	0.329537	0.264642	0.115204	0.32126	0.188506	0.0617902	4.83611	0.0127572	1.2098
210000	-19.23086	0	-19.23086	0.0579857	0.124073	0.163081	0.422891	0.107972	0.14426	4.48049	2.29889	0.188206
220000	-19.37635	0	-19.37635	0.152375	0.181114	0.211996	0.362561	0.0884467	0.146873	1.91823	0.300403	4.10543
230000	-16.35888	0	-16.35888	0.214512	0.155684	0.0486952	0.666363	0.15738	0.182373	3.68174	2.13987	1.1343
240000	-12.43253	0	-12.43253	0.222799	0.163833	0.112338	0.267732	0.0796482	0.111936	3	0.045565	0.601477
250000	-14.03972	0	-14.03972	0.359166	0.139579	0.0976075	0.273986	0.21515	0.1437	4.83618	1.54357	1.08316
260000	-14.63866	0	-14.63866	0.378141	0.10438	0.148068	0.415444	0.0727331	0.134832	4.39566	2.78308	0.254477
270000	-12.3734	0	-12.3734	0.183443	0.108535	0.0816303	0.406901	0.100456	0.088751	2.5233	1.12057	3.52608
280000	-16.16014	0	-16.16014	0.300454	0.161178	0.191625	0.257314	0.0728371	0.09063	1.52746	1.22359	1.28808
290000	-13.15334	0	-13.15334	0.32739	0.333209	0.19677	0.474881	0.108412	0.114057	5.97689	0.158793	0.423242
300000	-17.61533	0	-17.61533	0.251629	0.11575	0.167006	0.345217	0.0661976	0.0514087	2.11238	0.0303222	0.15781
310000	-10.31918	0	-10.31918	0.139709	0.245427	0.139071	0.52399	0.102879	0.137547	3.61646	0.197952	0.996857
320000	-16.71139	0	-16.71139	0.184207	0.129517	0.194387	0.216426	0.141405	0.0652609	3.21483	1.03742	0.299131
330000	-10.89178	0	-10.89178	0.238793	0.173378	0.10508	0.266866	0.13153	0.13367	2.78584	0.136584	0.919489
340000	-17.41602	0	-17.41602	0.145722	0.28851	0.188667	0.46188	0.212827	0.241072	4.29941	0.276785	1.90749
350000	-23.11526	0	-23.11526	0.252391	0.142329	0.122507	0.371384	0.137683	0.333807	1.51832	1.72914	2.61967
360000	-17.95198	0	-17.95198	0.243999	0.389558	0.126538	0.642862	0.153753	0.19541	5.62665	1.52178	1.47808
370000	-13.87579	0	-13.87579	0.428828	0.349136	0.186531	0.342648	0.181064	0.0940176	3.54256	1.35795	0.372633
380000	-17.88114	0	-17.88114	0.181417	0.546292	0.117699	0.402472	0.120069	0.122852	2.87373	0.0432617	0.992717
390000	-11.82083	0	-11.82083	0.683002	0.119577	0.124105	0.272897	0.199496	0.0522948	5.48657	0.0415534	1.55063
400000	-20.18096	0	-20.18096	0.165174	0.120966	0.0903865	0.21089	0.213114	0.237652	1.73807	0.11989	0.993062
410000	-20.32834	0	-20.32834	0.361269	0.194154	0.105681	0.389007	0.142659	0.132449	2.02756	0.184147	0.351876
420000	-8.636451	0	-8.636451	0.178025	0.0713266	0.0709268	0.280143	0.0904193	0.127231	5.34146	0.102584	0.86488
430000	-15.20662	0	-15.20662	0.29735	0.232147	0.148548	0.354774	0.223706	0.187323	2.74353	0.839781	0.549723
440000	-11.74622	0	-11.74622	0.287511	0.0859118	0.173673	0.489565	0.351056	0.149485	4.70113	1.19593	0.479015
450000	-26.31456	0	-26.31456	0.0730556	0.351566	0.322601	0.250574	0.20481	0.0608235	3.80449	0.398602	0.268239
460000	-10.62754	0	-10.62754	0.338364	0.0811679	0.277214	0.456656	0.120772	0.129266	3.79723	0.112269	0.356555
470000	-13.04349	0	-13.04349	0.141848	0.210543	0.12972	0.212303	0.143404	0.339153	4.04382	0.349761	1.88954
480000	-11.65267	0	-11.65267	0.302408	0.318931	0.183278	0.448	0.0936686	0.0727809	3.47855	0.711863	1.36639
490000	-19.90948	0	-19.90948	0.272061	0.118549	0.155809	1.09635	0.17009	0.20812	4.05017	1.04284	2.42894
500000	-16.77624	0	-16.77624	0.500087	0.103844	0.251168	0.240836	0.198109	0.168734	1.72964	0.214297	1.4227
510000	-17.83598	0	-17.83598	0.31259	0.0820228	0.289544	0.606794	0.0701413	0.0776453	2.76484	0.464956	0.640746
520000	-9.236839	0	-9.236839	0.206031	0.141099	0.0675773	0.558861	0.175256	0.0609616	5.11787	0.218084	0.0802288
530000	-10.87946	0	-10.87946	0.317251	0.108785	0.222798	0.424698	0.102855	0.1236	5.04709	1.1912	0.412353
540000	-19.00142	0	-19.00142	0.187988	0.23118	0.124555	0.114239	0.188648	0.269006	3.62133	0.00724946	1.45114
550000	-17.43086	0	-17.43086	0.397763	0.201707	0.197779	0.569054	0.0789724	0.0724096	3.19345	0.768159	1.33464
560000	-17.13809	0	-17.13809	0.218619	0.385056	0.187602	0.42053	0.0501742	0.120316	2.30268	0.49443	2.76532
570000	-20.38559	0	-20.38559	0.291379	0.552623	0.162691	0.377434	0.0954923	0.110432	4.69495	0.170021	0.28735
580000	-20.67166	0	-20.67166	0.30474	0.0761759	0.367401	0.468569	0.109546	0.081545	3.32957	0.499042	0.217023
590000	-10.71015	0	-10.71015	0.236317	0.0777516	0.136353	0.48656	0.179653	0.196582	4.0122	0.839033	0.282618
600000	-14.34395	0	-14.34395	0.194398	0.190309	0.358676	0.382407	0.0953088	0.269482	3.5497	0.625021	1.47167
610000	-21.37911	0	-21.37911	0.232526	0.574413	0.197927	0.577823	0.120999	0.111612	2.66971	2.12119	0.697351
620000	-15.14563	0	-15.14563	0.201866	0.0833056	0.197418	0.350925	0.116665	0.15498	2.51515	2.01856	1.27428
630000	-13.46824	0	-13.46824	0.102448	0.209258	0.106942	0.286596	0.135011	0.129271	3.02029	0.0459647	1.42593
640000	-15.57452	0	-15.57452	0.280425	0.121103	0.0788035	0.213212	0.122374	0.148255	2.596	0.137019	0.983697
650000	-15.40681	0	-15.40681	0.119992	0.09974	0.208992	0.435073	0.0872126	0.0990512	4.07737	0.0354099	0.141307
660000	-18.2985	0	-18.2985	0.128044	0.255764	0.113213	0.164477	0.0517941	0.158129	2.17332	0.189138	2.48369
670000	-18.78798	0	-18.78798	0.151994	0.216859	0.0559749	0.274299	0.269619	0.0408397	4.07961	0.659069	2.76275
680000	-10.25903	0	-10.25903	0.345042	0.201457	0.363412	0.385597	0.0662241	0.0794046	5.05011	0.352735	1.75827
690000	-13.57493	0	-13.57493	0.124647	0.221871	0.14797	0.412887	0.129278	0.123166	3.5792	0.207905	0.0489135
700000	-13.06144	0	-13.06144	0.382896	0.274206	0.142321	0.286748	0.170908	0.106502	6.79672	0.559827	1.87236
710000	-11.56207	0	-11.56207	0.117906	0.200078	0.206445	0.312755	0.108123	0.0974469	6.47669	0.157971	0.396745
720000	-14.23326	0	-14.23326	0.109886	0.0767699	0.164922	0.295535	0.0960113	0.0540823	2.76174	0.117201	0.227245
730000	-12.43931	0	-12.43931	0.204991	0.0857424	0.124527	0.333363	0.11006	0.147716	5.67445	0.0601207	0.12058
740000	-9.263663	0	-9.263663	0.306825	0.217764	0.163015	0.37245	0.0780288	0.110919	5.16722	0.0404975	1.09036
750000	-8.045541	0	-8.045541	0.29522	0.0780122	0.137931	0.371325	0.0682977	0.0960678	3.36597	1.27727	0.952784
760000	-14.19059	0	-14.19059	0.232871	0.212277	0.151189	0.387591	0.0877857	0.0848046	3.24017	1.26071	0.0546777
770000	-12.67994	0	-12.67994	0.284904	0.132799	0.196892	0.482762	0.0709278	0.0618702	4.90217	2.1186	0.360241
780000	-17.70853	0	-17.70853	0.137133	0.0735229	0.103747	0.260999	0.291231	0.0497874	2.16051	0.69358	0.176484
790000	-15.56206	0	-15.56206	0.171213	0.215149	0.176142	0.275918	0.0791934	0.0958983	3.76279	4.10786	0.195134
800000	-15.28209	0	-15.28209	0.18967	0.134491	0.188941	0.127179	0.147799	0.0561891	3.15578	2.29981	3.36181
810000	-14.60467	0	-14.60467	0.34791	0.0975216	0.125676	0.253056	0.162536	0.0892149	3.67557	0.163159	0.302345
820000	-10.44144	0	-10.44144	0.170305	0.0597844	0.283182	0.231207	0.211289	0.0747325	4.6747	0.245582	0.836703
830000	-13.22277	0	-13.22277	0.105298	0.191526	0.248692	0.5258	0.129353	0.0854849	3.20849	0.392423	0.743287
840000	-15.6327	0	-15.6327	0.171571	0.0666559	0.101451	0.214231	0.336534	0.0354671	3.51075	0.815463	0.491802
850000	-14.67261	0	-14.67261	0.244216	0.180194	0.182508	0.694856	0.0749392	0.13132	4.76203	0.546915	4.07598
860000	-22.86631	0	-22.86631	0.365771	0.281556	0.115214	0.165982	0.235799	0.129441	1.11798	0.160963	0.132393
870000	-9.412414	0	-9.412414	0.314277	0.0803042	0.0637335	0.309279	0.126001	0.133722	3.51141	0.0199883	2.36779
880000	-11.74652	0	-11.74652	0.168087	0.130051	0.246673	0.285899	0.167473	0.158717	4.3714	0.203574	0.0888017
890000	-11.66245	0	-11.66245	0.16826	0.126259	0.148761	0.267498	0.0881498	0.158761	3.60053	1.42334	4.02071
900000	-10.62715	0	-10.62715	0.533535	0.159424	0.0994456	0.163096	0.11824	0.0759137	3.77665	0.015796	1.83817
910000	-11.57816	0	-11.57816	0.147527	0.0968978	0.13796	0.323999	0.105167	0.108875	4.4997	0.819086	1.35387
920000	-17.07744	0	-17.07744	0.266107	0.240598	0.311363	0.448579	0.0806084	0.0367115	4.44607	1.27057	0.590738
930000	-15.80608	0	-15.80608	0.143614	0.118848	0.0904127	0.505431	0.282083	0.0965556	4.04361	0.704339	0.154453
940000	-25.58964	0	-25.58964	0.180513	0.320755	0.188736	0.571546	0.285821	0.0748907	6.68516	2.29791	0.895645
950000	-18.54119	0	-18.54119	0.424013	0.0797563	0.141297	0.402572	0.420188	0.0735393	2.52812	0.807473	1.80787
960000	-15.78607	0	-15.78607	0.204438	0.184261	0.414875	0.300001	0.0653762	0.11736	2.22985	1.06727	2.2023
970000	-14.80049	0	-14.80049	0.377676	0.190048	0.230802	0.202737	0.212088	0.195577	3.83059	0.183624	0.676356
980000	-20.93712	0	-20.93712	0.18049	0.113262	0.190043	0.273688	0.0709796	0.30166	2.88836	1.74547	1.02913
990000	-17.53922	0	-17.53922	0.139124	0.166925	0.115317	0.317527	0.146859	0.231583	3.2913	0.118896	0.595298
1000000	-7.91644	0	-7.91644	0.181752	0.109099	0.160253	0.321864	0.0547729	0.175755	5.55886	0.011393	0.174507
1010000	-18.56286	0	-18.56286	0.237963	0.222955	0.244377	0.218968	0.346248	0.207918	3.02069	0.0878725	0.803205
1020000	-18.68502	0	-18.68502	0.467272	0.422909	0.147401	0.391226	0.0663877	0.182262	2.84245	0.979823	0.653876
1030000	-20.28905	0	-20.28905	0.227025	0.207219	0.449973	0.34397	0.101641	0.332479	4.13584	0.656884	1.07648
1040000	-9.959864	0	-9.959864	0.300572	0.129425	0.0576435	0.410864	0.0991806	0.0888152	3.88743	0.0868416	0.158672
1050000	-18.81624	0	-18.81624	0.251295	0.375231	0.275477	0.490483	0.180846	0.133841	4.25552	0.181657	0.970789
1060000	-12.15447	0	-12.15447	0.310777	0.112319	0.102383	0.222242	0.223906	0.0663363	3.09313	0.118326	1.74797
1070000	-21.9549	0	-21.9549	0.156262	0.24364	0.198695	0.499847	0.0811119	0.166566	3.30445	2.47718	0.586418
1080000	-19.99555	0	-19.99555	0.178746	0.207826	0.18243	0.426365	0.314119	0.0920141	1.99712	0.206252	0.030656
1090000	-12.01993	0	-12.01993	0.288973	0.164363	0.144436	0.238786	0.0858254	0.172671	3.35326	0.373469	0.291168
1100000	-13.75889	0	-13.75889	0.421987	0.157687	0.250439	0.46758	0.0489512	0.217355	2.96495	2.26165	1.12223
1110000	-12.21296	0	-12.21296	0.331496	0.0544641	0.141201	0.538343	0.0992719	0.103514	2.12496	0.665303	1.63429
1120000	-20.04277	0	-20.04277	0.291976	0.0785199	0.130157	0.305002	0.0783585	0.16873	2.30498	0.164398	0.847729
1130000	-13.29713	0	-13.29713	0.267975	0.10736	0.243608	0.264855	0.120501	0.111405	4.29539	0.575577	0.812609
1140000	-10.09475	0	-10.09475	0.275015	0.108532	0.213485	0.334847	0.14718	0.0757601	4.2639	1.53769	0.309719
1150000	-12.92417	0	-12.92417	0.359144	0.0576496	0.0458364	0.276546	0.232542	0.107619	3.49854	2.2507	0.699204
1160000	-9.666152	0	-9.666152	0.273932	0.111323	0.153357	0.345818	0.130761	0.155983	4.06717	0.14276	0.767087
1170000	-17.65239	0	-17.65239	0.364013	0.21627	0.126303	0.383661	0.28231	0.200813	3.71438	1.21213	0.175654
1180000	-18.25717	0	-18.25717	0.108459	0.397325	0.156646	0.230359	0.193124	0.0734749	4.14172	0.177233	1.68333
1190000	-16.63762	0	-16.63762	0.41034	0.204759	0.127788	0.214969	0.139409	0.0876735	2.04587	0.377243	0.486345
1200000	-16.31739	0	-16.31739	0.276385	0.123134	0.0949318	0.266524	0.15761	0.098224	3.23634	0.333613	0.479838
1210000	-18.3252	0	-18.3252	0.180666	0.144837	0.153383	0.373071	0.0878984	0.0781302	1.46692	0.615199	0.281782
1220000	-8.931082	0	-8.931082	0.228397	0.0839652	0.0699035	0.320224	0.0736662	0.142704	3.6693	0.0308365	1.06745
1230000	-18.93702	0	-18.93702	0.134949	0.197069	0.127929	0.418983	0.14117	0.185397	3.81248	0.189467	5.38095
1240000	-10.53598	0	-10.53598	0.398635	0.188391	0.10272	0.359823	0.0897062	0.083219	5.98754	0.725039	1.49097
1250000	-12.08927	0	-12.08927	0.15285	0.218283	0.342197	0.305906	0.135789	0.177372	3.71773	0.0644022	1.11396
1260000	-14.11692	0	-14.11692	0.320263	0.0739933	0.160524	0.220047	0.0522287	0.119697	3.23502	0.62201	0.287724
1270000	-20.40734	0	-20.40734	0.137021	0.138319	0.553599	0.580097	0.0640327	0.140976	3.05164	0.251831	1.1176
1280000	-17.9532	0	-17.9532	0.123627	0.395169	0.12946	0.233977	0.176205	0.0897851	2.44064	0.0304437	1.35755
1290000	-20.11124	0	-20.11124	0.206867	0.0669121	0.102987	0.542914	0.122319	0.189626	2.79694	0.224002	0.539772
1300000	-17.84283	0	-17.84283	0.319424	0.094757	0.266599	0.847271	0.0979076	0.0898371	4.15504	0.414332	2.6196
1310000	-15.61357	0	-15.61357	0.265224	0.0820709	0.173704	0.367099	0.0370965	0.121306	2.22362	0.180866	0.0869364
1320000	-17.45069	0	-17.45069	0.364433	0.283625	0.477969	0.362786	0.0605272	0.13086	3.26972	0.44305	0.801728
1330000	-15.89825	0	-15.89825	0.14849	0.109175	0.388228	0.324396	0.172338	0.182152	3.71505	0.0525354	1.43666
1340000	-8.947681	0	-8.947681	0.240932	0.127194	0.205005	0.226975	0.0807615	0.103978	3.70162	0.438521	0.644632
1350000	-14.7237	0	-14.7237	0.219514	0.178744	0.339663	0.473848	0.318291	0.146155	3.21769	0.00978878	0.220838
1360000	-18.43099	0	-18.43099	0.168691	0.12533	0.14355	0.882157	0.140828	0.0852875	2.89748	0.484403	0.244202
1370000	-14.06722	0	-14.06722	0.209199	0.0983738	0.158923	0.257387	0.181077	0.100441	2.36053	0.250835	0.395581
1380000	-10.30926	0	-10.30926	0.249776	0.201254	0.256591	0.262314	0.127581	0.113129	2.73251	0.0396739	2.2163
1390000	-15.08866	0	-15.08866	0.396393	0.116681	0.135226	0.0771386	0.0932566	0.11386	8.64204	3.34716	2.22722
1400000	-16.19204	0	-16.19204	0.671331	0.202714	0.112912	0.440155	0.132645	0.129035	3.80688	1.28654	0.977544
1410000	-15.65441	0	-15.65441	0.208602	0.196998	0.193807	0.433334	0.0376076	0.158118	2.73264	0.103499	3.50048
1420000	-12.6991	0	-12.6991	0.231904	0.193975	0.319064	0.617094	0.138655	0.0693133	2.93633	0.0347857	0.56273
1430000	-12.92565	0	-12.92565	0.240541	0.0930336	0.262868	0.400363	0.108421	0.0667401	3.74507	0.0837597	0.277068
1440000	-13.81296	0	-13.81296	0.108275	0.175206	0.079839	0.33059	0.126154	0.165168	2.45994	0.227215	2.87589
1450000	-17.79293	0	-17.79293	0.199148	0.0645608	0.193053	0.514671	0.158523	0.080784	2.20454	0.77622	1.04578
1460000	-19.90107	0	-19.90107	0.0805917	0.207642	0.350705	0.392731	0.332263	0.118159	4.11857	2.82232	1.17463
1470000	-14.41309	0	-14.41309	0.373901	0.0781335	0.24713	0.241866	0.0415761	0.149217	3.78184	0.00256487	2.32505
1480000	-15.44351	0	-15.44351	0.215578	0.112608	0.171829	0.418817	0.137846	0.0737365	3.40413	0.542682	0.814711
1490000	-10.195	0	-10.195	0.187124	0.286758	0.232081	0.323057	0.0802382	0.149282	5.13943	0.122342	1.77431
1500000	-8.452424	0	-8.452424	0.209748	0.18184	0.10438	0.531854	0.0979379	0.129609	4.62293	0.272868	0.75047
1510000	-13.70634	0	-13.70634	0.266675	0.147021	0.0471498	0.40833	0.138114	0.17074	2.5959	0.0361539	1.47156
1520000	-17.30658	0	-17.30658	0.189914	0.443635	0.084204	0.274626	0.129032	0.0879667	2.96238	0.581771	1.45579
1530000	-11.28643	0	-11.28643	0.21107	0.0522297	0.134314	0.170417	0.0915926	0.0901748	4.04	0.0798313	0.475109
1540000	-21.46471	0	-21.46471	0.150144	0.214385	0.240248	0.481683	0.125665	0.158352	0.841406	0.0499013	3.41515
1550000	-15.12334	0	-15.12334	0.13881	0.0504497	0.118488	0.252128	0.0727839	0.175089	4.32884	1.51417	2.11015
1560000	-10.76377	0	-10.76377	0.142486	0.0710069	0.187838	0.364072	0.0982341	0.115636	3.175	0.101673	0.126726
1570000	-9.48964	0	-9.48964	0.423067	0.189554	0.228036	0.441361	0.148598	0.1134	4.72982	0.0194908	0.985547
1580000	-15.02709	0	-15.02709	0.181552	0.081082	0.225881	0.471745	0.119178	0.0912684	4.3122	0.306547	1.68673
1590000	-13.98822	0	-13.98822	0.258536	0.16116	0.0932292	0.498394	0.102967	0.0669406	2.07301	0.237653	0.947752
1600000	-22.4824	0	-22.4824	0.261736	0.0968142	0.0967442	0.406746	0.245807	0.334641	1.00748	0.278395	0.268139
1610000	-9.832166	0	-9.832166	0.235508	0.15589	0.103178	0.508583	0.155834	0.153137	4.4727	1.04342	2.52711
1620000	-19.93222	0	-19.93222	0.10545	0.083827	0.180461	0.134949	0.206892	0.118673	2.54055	0.484987	0.351288
1630000	-16.10069	0	-16.10069	0.236711	0.0521925	0.132621	0.330031	0.11501	0.180541	3.1606	0.0558374	2.29901
1640000	-7.790058	0	-7.790058	0.152387	0.154027	0.0865523	0.330736	0.0390964	0.0985686	4.3821	0.282978	0.509988
1650000	-22.56717	0	-22.56717	0.163572	0.216707	0.274654	0.440523	0.169658	0.0688009	1.97303	0.0905336	0.540932
1660000	-15.54145	0	-15.54145	0.235788	0.0895469	0.0780706	0.432802	0.0381177	0.161291	3.26982	1.29989	3.67182
1670000	-15.94484	0	-15.94484	0.277716	0.100749	0.109308	0.46809	0.0695037	0.0802846	5.57497	0.162071	1.44189
1680000	-8.284756	0	-8.284756	0.291905	0.105625	0.223864	0.409793	0.138324	0.0615411	5.19046	0.542468	1.1736
1690000	-11.06998	0	-11.06998	0.321279	0.137256	0.202808	0.534501	0.210309	0.109911	6.03378	0.0190261	0.17834
1700000	-19.02622	0	-19.02622	0.416888	0.200197	0.115943	0.446913	0.102857	0.29634	5.95549	0.229968	0.876327
1710000	-11.62145	0	-11.62145	0.272998	0.196959	0.203023	0.210525	0.0785425	0.0985798	4.16418	0.614977	0.256813
1720000	-11.69926	0	-11.69926	0.133315	0.187654	0.173223	0.43684	0.18224	0.116183	4.3746	0.129637	2.56013
1730000	-25.30784	0	-25.30784	0.16639	0.333396	0.138632	0.364037	0.106758	0.0524952	1.43007	0.893609	0.633103
1740000	-12.35773	0	-12.35773	0.26516	0.128581	0.0596108	0.270349	0.173119	0.251439	3.59507	1.58541	0.345858
1750000	-16.93942	0	-16.93942	0.187489	0.344039	0.14789	0.363081	0.100112	0.0977525	3.82842	1.32284	0.0596465
1760000	-14.17706	0	-14.17706	0.30578	0.180723	0.0878841	0.293216	0.0901493	0.0890241	3.67908	0.114444	1.23792
1770000	-12.55462	0	-12.55462	0.211054	0.131781	0.0725941	0.274134	0.051879	0.114667	2.14999	0.738384	0.547843
1780000	-20.88053	0	-20.88053	0.127218	0.090277	0.281207	0.412722	0.121677	0.0858283	2.27002	0.0194193	0.0349259
1790000	-7.670154	0	-7.670154	0.269782	0.190565	0.111721	0.274729	0.114405	0.0681584	6.40329	0.553634	1.93503
1800000	-21.53795	0	-21.53795	0.21426	0.099079	0.389503	0.303875	0.287597	0.117581	2.21488	0.41105	0.222325
1810000	-16.49686	0	-16.49686	0.43991	0.110965	0.0871631	0.372157	0.181318	0.109678	3.83861	0.384553	0.0996096
1820000	-12.11334	0	-12.11334	0.275541	0.227552	0.130056	0.367431	0.0700535	0.0499342	4.76229	0.00725368	0.535573
1830000	-18.38191	0	-18.38191	0.226869	0.296199	0.217489	0.189852	0.228533	0.112502	1.68015	0.227394	1.09708
1840000	-11.36202	0	-11.36202	0.359179	0.123005	0.126387	0.55672	0.0930714	0.0771048	2.50646	0.139815	1.34411
1850000	-14.18549	0	-14.18549	0.175227	0.262944	0.135723	0.414705	0.248526	0.181563	1.98579	0.786778	0.324667
1860000	-14.56602	0	-14.56602	0.215861	0.0778319	0.121197	0.268638	0.148839	0.0459282	4.00235	0.934774	0.662718
1870000	-13.70902	0	-13.70902	0.338772	0.240958	0.158523	0.458238	0.190022	0.0872682	4.31224	1.34439	1.19024
1880000	-12.37569	0	-12.37569	0.183621	0.128827	0.109585	0.286408	0.0611438	0.257393	3.7376	0.316941	1.44103
1890000	-18.73271	0	-18.73271	0.418027	0.101927	0.187951	0.239166	0.341708	0.181912	3.78354	0.262123	0.643384
1900000	-18.91551	0	-18.91551	0.424916	0.0532121	0.0791403	0.222615	0.0870437	0.104277	4.2495	0.323769	2.13207
1910000	-9.205612	0	-9.205612	0.200363	0.145261	0.159581	0.343619	0.0996033	0.150323	4.05418	0.0236992	0.465266
1920000	-18.08139	0	-18.08139	0.201051	0.131933	0.109387	0.530366	0.0793937	0.219137	2.2606	0.904949	0.30707
1930000	-16.30357	0	-16.30357	0.208618	0.191016	0.381486	0.342434	0.226475	0.137919	4.69928	0.76186	0.313796
1940000	-13.46507	0	-13.46507	0.166807	0.163171	0.160113	0.264986	0.241638	0.121233	4.17471	0.273233	0.0696812
1950000	-11.14139	0	-11.14139	0.250747	0.0593395	0.0721967	0.351877	0.148061	0.138907	6.25715	1.67353	1.30721
1960000	-7.749905	0	-7.749905	0.246229	0.127431	0.138236	0.265783	0.105645	0.0658642	5.37269	0.0237741	1.05752
1970000	-21.44644	0	-21.44644	0.0583303	0.141688	0.205411	0.308177	0.0954798	0.169448	3.40598	0.0680338	0.751525
1980000	-19.08935	0	-19.08935	0.238731	0.132046	0.155922	0.180883	0.0959398	0.106601	4.18922	0.674366	0.0845189
1990000	-20.82506	0	-20.82506	0.245441	0.557892	0.112627	0.372131	0.160853	0.157837	3.90141	0.432756	6.07967
2000000	-16.16315	0	-16.16315	0.444645	0.132444	0.187666	0.13261	0.18389	0.0898351	4.34298	1.05799	1.37181
2010000	-13.02345	0	-13.02345	0.276004	0.169013	0.101432	0.578582	0.107654	0.107995	3.24307	0.552692	1.44412
2020000	-20.58974	0	-20.58974	0.194266	0.213877	0.110138	0.106173	0.162674	0.162908	1.62862	0.104554	0.311088
2030000	-21.95344	0	-21.95344	0.502269	0.545817	0.275505	0.41225	0.184886	0.0858058	6.79815	0.877393	4.70246
2040000	-10.10605	0	-10.10605	0.236613	0.0767629	0.116045	0.566967	0.0918894	0.099204	3.16236	0.48994	1.07044
2050000	-11.66584	0	-11.66584	0.158523	0.056593	0.108943	0.397352	0.163732	0.0843057	3.9277	2.46816	0.820828
2060000	-19.83108	0	-19.83108	0.242297	0.125988	0.0982663	0.516962	0.105241	0.264	1.97031	0.136073	5.22948
2070000	-10.78925	0	-10.78925	0.173081	0.142948	0.152103	0.29129	0.131659	0.0965068	2.99585	0.0160527	0.313543
2080000	-17.66758	0	-17.66758	0.381099	0.10173	0.276766	0.299858	0.0788065	0.0824049	2.64702	0.229541	0.0342518
2090000	-13.59723	0	-13.59723	0.0816324	0.125003	0.135086	0.392466	0.320515	0.175436	4.32239	0.145468	0.242027
2100000	-13.26853	0	-13.26853	0.229052	0.162659	0.106087	0.229292	0.0869659	0.0855994	3.81889	0.524544	1.93346
2110000	-10.74777	0	-10.74777	0.303728	0.133833	0.135216	0.341364	0.181057	0.068044	3.60466	0.0585456	1.33627
2120000	-10.79563	0	-10.79563	0.187652	0.194385	0.222161	0.491792	0.101344	0.0780813	3.18408	0.451286	0.444274
2130000	-24.65811	0	-24.65811	0.35569	0.217377	0.32092	0.111266	0.132746	0.197737	2.46987	1.45208	1.89213
2140000	-15.5502	0	-15.5502	0.359773	0.193966	0.0671788	0.493741	0.118668	0.207659	3.60053	0.302736	0.357114
2150000	-16.11619	0	-16.11619	0.417281	0.0866238	0.12284	0.401351	0.165308	0.118432	2.05674	0.861024	0.186376
2160000	-16.51588	0	-16.51588	0.442357	0.0838544	0.305425	0.741042	0.0766802	0.0884802	3.81815	0.198205	0.99771
2170000	-18.49231	0	-18.49231	0.336637	0.133453	0.11884	0.580148	0.0675213	0.226653	3.1102	0.340292	0.590663
2180000	-29.71145	0	-29.71145	0.179012	0.641753	0.312287	0.388324	0.160694	0.120004	2.25952	1.18464	6.39643
2190000	-14.84971	0	-14.84971	0.175763	0.106743	0.116117	0.224609	0.0770592	0.0919253	3.88493	2.72743	0.896724
2200000	-8.485246	0	-8.485246	0.215884	0.0915821	0.0781642	0.469952	0.0984814	0.0723379	5.79411	0.345512	3.7249
2210000	-12.00258	0	-12.00258	0.212352	0.21579	0.140816	0.445061	0.144564	0.194448	5.77409	0.764932	1.35294
2220000	-11.91013	0	-11.91013	0.2416	0.303882	0.21531	0.281368	0.136991	0.0900409	3.36617	0.070508	0.67061
2230000	-12.34932	0	-12.34932	0.195842	0.168753	0.209783	0.364063	0.26104	0.101713	4.82448	0.424701	0.748238
2240000	-14.99916	0	-14.99916	0.256808	0.154643	0.322138	0.258704	0.189136	0.103827	2.46167	1.67828	1.57298
2250000	-17.5257	0	-17.5257	0.246026	0.21518	0.191825	0.45311	0.114608	0.0565218	1.52139	0.609823	1.04345
2260000	-15.49821	0	-15.49821	0.203436	0.0512729	0.104571	0.338396	0.0806161	0.123611	1.4263	1.24633	0.274433
2270000	-10.29346	0	-10.29346	0.49364	0.180726	0.138199	0.2897	0.0876765	0.0945745	3.79436	1.37601	2.43887
2280000	-19.28522	0	-19.28522	0.0863401	0.235196	0.248514	0.194895	0.163664	0.0577494	2.06302	0.0777554	0.237815
2290000	-21.70344	0	-21.70344	0.184683	0.39371	0.24626	0.340179	0.0678235	0.342698	2.44496	0.709677	0.491672
2300000	-17.02081	0	-17.02081	0.397231	0.223843	0.216087	0.435825	0.224009	0.0882563	2.5253	0.249801	0.366782
2310000	-16.89585	0	-16.89585	0.561088	0.108696	0.311218	0.27643	0.0763141	0.121847	1.77725	0.623296	0.366276
2320000	-8.875787	0	-8.875787	0.183483	0.297165	0.14976	0.339143	0.0567019	0.0819579	8.53493	0.124956	0.602317
2330000	-5.928878	0	-5.928878	0.263754	0.213228	0.162725	0.533055	0.0909436	0.153276	4.50355	0.00989171	0.971514
2340000	-15.14873	0	-15.14873	0.192513	0.16073	0.167172	0.44853	0.134415	0.186623	4.64536	1.58724	1.92973
2350000	-11.89479	0	-11.89479	0.429682	0.166644	0.109385	0.446011	0.160744	0.132461	2.48291	0.0272814	0.652738
2360000	-15.35404	0	-15.35404	0.258187	0.144389	0.131682	0.302708	0.100963	0.134427	2.41048	1.51884	1.10437
2370000	-13.57698	0	-13.57698	0.211387	0.186187	0.191677	0.257259	0.167202	0.0797864	2.24098	0.00124618	1.71924
2380000	-12.02057	0	-12.02057	0.293756	0.175565	0.19202	0.430778	0.0766263	0.300739	4.01306	0.0566914	0.971144
2390000	-10.51569	0	-10.51569	0.226565	0.234256	0.113529	0.467532	0.113827	0.190549	7.4303	0.143063	0.776884
2400000	-14.54119	0	-14.54119	0.255278	0.135548	0.23288	0.426426	0.200615	0.0864467	7.33951	0.772271	1.66086
2410000	-14.75896	0	-14.75896	0.281585	0.21569	0.254788	0.219643	0.123649	0.0490421	3.74375	0.916683	0.178928
2420000	-14.12404	0	-14.12404	0.156578	0.151515	0.261203	0.334416	0.293174	0.157732	4.60713	0.558736	1.40214
2430000	-13.80504	0	-13.80504	0.316457	0.0866237	0.0780639	0.274539	0.080727	0.428875	4.91446	1.13573	3.10391
2440000	-12.26101	0	-12.26101	0.175812	0.11114	0.158963	0.49217	0.12136	0.322924	3.92362	0.00408384	0.368594
2450000	-18.99512	0	-18.99512	0.185427	0.13166	0.418841	0.280574	0.0612605	0.14117	2.12839	0.459679	0.845199
2460000	-12.67495	0	-12.67495	0.174544	0.142436	0.115876	0.388324	0.165141	0.0971957	7.4225	1.63466	2.26558
2470000	-9.445767	0	-9.445767	0.23259	0.0941907	0.0837	0.363606	0.139789	0.30201	3.55856	0.461928	1.17289
2480000	-16.34098	0	-16.34098	0.272471	0.177768	0.0705817	0.164524	0.131695	0.105229	5.98294	4.05265	0.321652
2490000	-17.08908	0	-17.08908	0.494464	0.095863	0.107238	0.37919	0.238439	0.0785455	4.41	1.41566	0.613355
2500000	-21.95613	0	-21.95613	0.223272	0.220602	0.0958036	0.341935	0.167348	0.25793	3.65324	2.05801	0.118968
2510000	-17.60356	0	-17.60356	0.116346	0.0753581	0.187051	0.280545	0.202717	0.152589	2.02688	0.607434	0.342958
2520000	-10.22675	0	-10.22675	0.272307	0.119961	0.285669	0.465404	0.214118	0.0825794	4.58158	0.75397	0.51742
2530000	-14.59282	0	-14.59282	0.198746	0.109623	0.141654	0.160189	0.080868	0.152125	2.29284	0.222107	0.588166
2540000	-14.03873	0	-14.03873	0.389596	0.126978	0.227082	0.357302	0.0841455	0.166722	1.77076	0.0101846	0.326352
2550000	-15.06357	0	-15.06357	0.167588	0.208654	0.0348035	0.451152	0.142289	0.101575	5.6467	0.0569254	0.0612795
2560000	-15.89929	0	-15.89929	0.323749	0.0901707	0.170395	0.297876	0.285861	0.0933647	2.15156	0.180808	1.89955
2570000	-12.77483	0	-12.77483	0.170254	0.197204	0.14404	0.334559	0.107858	0.0814987	2.56809	0.133595	3.97549
2580000	-12.9209	0	-12.9209	0.13173	0.194416	0.126609	0.389712	0.153284	0.126457	6.78845	0.501049	2.18194
2590000	-16.94939	0	-16.94939	0.233675	0.0832241	0.132637	0.224383	0.206665	0.23094	2.52921	0.0559411	0.21025
2600000	-19.89863	0	-19.89863	0.281649	0.122938	0.147498	0.226515	0.124328	0.102945	0.836262	0.0279405	0.61849
2610000	-15.70327	0	-15.70327	0.2408	0.0856115	0.113765	0.373532	0.141	0.146581	3.46332	0.754733	4.85681
2620000	-11.65063	0	-11.65063	0.224387	0.0908532	0.0851026	0.316637	0.0825834	0.249547	4.23824	0.499767	3.37338
2630000	-15.13833	0	-15.13833	0.324521	0.0592283	0.317918	0.425704	0.0832836	0.126499	2.60592	0.0704374	0.253491
2640000	-12.70496	0	-12.70496	0.20796	0.217445	0.254542	0.209175	0.113534	0.110108	5.43339	0.0843664	0.722944
2650000	-18.30339	0	-18.30339	0.135539	0.115922	0.173185	0.244962	0.192697	0.0652322	3.11173	2.28229	0.718375
2660000	-24.14498	0	-24.14498	0.223466	0.0532442	0.145546	1.19745	0.234527	0.16217	2.62044	1.85766	2.3437
2670000	-18.36512	0	-18.36512	0.316829	0.120997	0.412108	0.393861	0.159075	0.0883591	2.54436	0.0474812	1.60538
2680000	-20.45688	0	-20.45688	0.185087	0.203778	0.227909	0.261219	0.0886979	0.0631981	2.37763	1.02641	1.34112
2690000	-18.32568	0	-18.32568	0.122789	0.170391	0.164144	0.271035	0.214582	0.239653	4.08273	1.40072	0.239464
2700000	-13.31569	0	-13.31569	0.220477	0.196157	0.108683	0.359085	0.180591	0.0764289	2.9437	0.496809	2.17793
2710000	-12.57232	0	-12.57232	0.335347	0.136531	0.329927	0.289997	0.0384228	0.093197	4.73112	0.136333	2.29592
2720000	-12.11931	0	-12.11931	0.232882	0.222831	0.138962	0.257161	0.0595767	0.137094	3.20493	0.109352	0.104083
2730000	-15.86077	0	-15.86077	0.250606	0.310228	0.333789	0.42394	0.204127	0.197931	3.08785	0.727026	0.31864
2740000	-10.83109	0	-10.83109	0.273235	0.12584	0.141972	0.687154	0.0862711	0.13832	5.85123	0.225373	2.08259
2750000	-15.4615	0	-15.4615	0.238114	0.213142	0.323473	0.257737	0.18701	0.0643524	6.28328	0.794622	0.406766
2760000	-6.039206	0	-6.039206	0.148327	0.20723	0.120842	0.254013	0.102472	0.122269	6.85354	0.186819	0.356222
2770000	-15.53741	0	-15.53741	0.230316	0.181471	0.308811	0.280154	0.222675	0.0810161	4.40196	1.43796	2.69679
2780000	-12.56833	0	-12.56833	0.186464	0.194491	0.07079	0.329212	0.0564186	0.0927503	3.63899	0.457577	1.16561
2790000	-11.64253	0	-11.64253	0.18389	0.1368	0.0801516	0.251184	0.116997	0.131414	3.74767	0.0964915	1.06643
2800000	-21.95479	0	-21.95479	0.183924	0.099808	0.286685	0.503976	0.0805601	0.353221	2.22981	0.484679	0.92081
2810000	-18.6517	0	-18.6517	0.234858	0.215047	0.126538	0.38716	0.234323	0.10361	1.25278	0.0965783	1.85124
2820000	-9.215787	0	-9.215787	0.173898	0.0825387	0.0948151	0.365483	0.175992	0.17939	3.40371	0.0656612	0.303056
2830000	-13.56532	0	-13.56532	0.287033	0.280175	0.207453	0.246457	0.183385	0.178098	4.18575	0.489136	0.461666
2840000	-11.7351	0	-11.7351	0.275576	0.142043	0.131126	0.143238	0.0550308	0.211634	6.73625	0.93373	1.14405
2850000	-19.46124	0	-19.46124	0.359296	0.218952	0.430644	0.364895	0.22059	0.186777	2.6052	0.402726	0.717984
2860000	-12.75514	0	-12.75514	0.287792	0.211512	0.0540038	0.610855	0.197065	0.0667643	5.34011	0.902143	1.56577
2870000	-20.7979	0	-20.7979	0.339494	0.0822105	0.0604986	0.343572	0.191167	0.0772111	1.41689	0.129846	3.07386
2880000	-15.93351	0	-15.93351	0.403036	0.241746	0.0427059	0.532707	0.0583214	0.177836	4.38003	0.102231	1.22081
2890000	-7.245663	0	-7.245663	0.153092	0.0839276	0.172701	0.478737	0.137016	0.118186	4.27762	0.0979142	0.307739
2900000	-18.50716	0	-18.50716	0.401651	0.117047	0.106286	0.45887	0.0763608	0.183974	1.1685	0.049515	0.655571
2910000	-8.670039	0	-8.670039	0.514995	0.154806	0.093577	0.467732	0.0796909	0.112159	6.1318	0.663558	1.16666
2920000	-5.944309	0	-5.944309	0.260164	0.161484	0.222172	0.283193	0.0657194	0.122027	4.13944	0.634463	1.03974
2930000	-13.26653	0	-13.26653	0.139986	0.138926	0.186301	0.501004	0.183394	0.115243	4.50703	0.699775	0.90545
2940000	-19.49236	0	-19.49236	0.122743	0.150793	0.306725	0.330639	0.168197	0.0593358	2.13311	0.122915	1.85939
2950000	-12.00913	0	-12.00913	0.0930838	0.250114	0.157696	0.448477	0.0665976	0.0957645	5.58067	1.20182	1.49062
2960000	-15.27806	0	-15.27806	0.266403	0.170915	0.0908069	0.172865	0.0609182	0.203611	3.03823	0.563778	0.930626
2970000	-9.513069	0	-9.513069	0.183697	0.148751	0.0888291	0.284768	0.23236	0.0899641	5.2434	0.257008	1.07899
2980000	-19.07282	0	-19.07282	0.159437	0.174038	0.249067	0.631915	0.0395507	0.28264	2.79052	0.144375	3.1789
2990000	-20.24784	0	-20.24784	0.232239	0.130087	0.185136	0.389839	0.104241	0.107023	1.23238	0.0106915	0.379649
3000000	-19.67644	0	-19.67644	0.136492	0.166409	0.0543098	0.57839	0.143644	0.0810442	4.18565	0.0482597	0.439956
3010000	-10.20754	0	-10.20754	0.365733	0.223323	0.0617458	0.468802	0.157107	0.0843351	4.40949	0.207387	1.97379
3020000	-8.629611	0	-8.629611	0.394046	0.120677	0.152917	0.463773	0.120867	0.0940788	3.67828	0.0446769	0.624992
3030000	-10.06459	0	-10.06459	0.224778	0.154592	0.0766411	0.400673	0.0589194	0.158522	3.03227	0.00218336	0.534988
3040000	-12.61096	0	-12.61096	0.212808	0.124646	0.252821	0.19201	0.154962	0.100776	2.40823	0.303822	0.984574
3050000	-13.79407	0	-13.79407	0.164852	0.163746	0.0724258	0.332574	0.0957164	0.0298829	4.65773	2.10824	0.322389
3060000	-27.78189	0	-27.78189	0.471752	0.0839435	0.123311	0.542102	0.185741	0.0983635	0.730811	0.360971	0.0965423
3070000	-15.41697	0	-15.41697	0.135551	0.112433	0.101703	0.415169	0.247919	0.13287	4.02758	0.519217	1.0662
3080000	-13.93555	0	-13.93555	0.180008	0.0867899	0.156551	0.427882	0.0870554	0.274512	3.47002	0.268439	0.693222
3090000	-18.54853	0	-18.54853	0.259872	0.138283	0.0745319	0.338524	0.142176	0.124899	2.14999	0.22911	0.326193
3100000	-15.28177	0	-15.28177	0.142496	0.103047	0.11899	0.520596	0.127779	0.0531476	1.90638	0.709071	0.211656
3110000	-18.09652	0	-18.09652	0.104968	0.0998127	0.148304	0.43229	0.0959257	0.102748	1.4935	0.208143	0.470546
3120000	-17.79396	0	-17.79396	0.290072	0.271403	0.119729	0.217905	0.1292	0.110293	5.59158	0.328658	2.10314
3130000	-10.40906	0	-10.40906	0.140693	0.136249	0.205658	0.216831	0.0742605	0.0915126	3.63599	1.68981	0.45089
3140000	-19.43857	0	-19.43857	0.372693	0.0531843	0.115059	0.445103	0.113231	0.111703	3.31661	5.19356	0.110779
3150000	-15.12371	0	-15.12371	0.169706	0.216191	0.197564	0.369537	0.223787	0.278555	3.30563	0.00119428	1.65426
3160000	-18.11672	0	-18.11672	0.0920187	0.129319	0.110631	0.366706	0.101467	0.216992	2.86278	0.192954	0.77334
3170000	-11.36718	0	-11.36718	0.201113	0.119833	0.189075	0.337186	0.138562	0.168564	6.46563	0.17495	0.629341
3180000	-19.29565	0	-19.29565	0.105066	0.182794	0.177535	0.413126	0.146886	0.177561	3.29282	1.09593	0.216601
3190000	-12.29722	0	-12.29722	0.139399	0.299409	0.191201	0.443613	0.114002	0.119833	2.84213	0.112115	1.46341
3200000	-9.837249	0	-9.837249	0.120997	0.120098	0.169373	0.486025	0.109298	0.111044	5.9936	2.25591	1.32173
3210000	-11.51945	0	-11.51945	0.434084	0.250162	0.226134	0.249114	0.141611	0.13171	3.19822	0.0869135	0.402728
3220000	-9.850772	0	-9.850772	0.220767	0.0605419	0.0721613	0.287665	0.198787	0.203418	3.70884	0.0996204	1.46637
3230000	-11.10365	0	-11.10365	0.26895	0.247026	0.160798	0.338103	0.110926	0.147364	7.46278	0.00139468	0.38928
3240000	-10.48634	0	-10.48634	0.200672	0.157096	0.151263	0.404032	0.0919437	0.170802	3.25439	0.0625337	0.229644
3250000	-21.0352	0	-21.0352	0.265917	0.106325	0.158332	0.143146	0.131948	0.0816137	3.40509	0.438773	0.505977
3260000	-14.4504	0	-14.4504	0.133957	0.163357	0.12108	0.383873	0.133407	0.268465	4.69669	0.0606454	0.725974
3270000	-17.90538	0	-17.90538	0.209591	0.326246	0.206366	0.380858	0.146524	0.11308	4.65693	0.54961	0.146861
3280000	-10.76281	0	-10.76281	0.314249	0.14693	0.0965157	0.375464	0.085702	0.212943	4.89592	1.46928	1.26381
3290000	-15.6603	0	-15.6603	0.194012	0.22445	0.147596	0.306433	0.0618677	0.0712957	5.02166	0.640703	2.69259
3300000	-17.21705	0	-17.21705	0.144357	0.300666	0.202286	0.286896	0.0840589	0.194682	2.99945	3.05723	1.42307
3310000	-12.82565	0	-12.82565	0.246062	0.089372	0.130515	0.354009	0.200861	0.0987794	3.05743	0.296352	0.38363
3320000	-18.63268	0	-18.63268	0.470911	0.0869945	0.230868	0.123421	0.115891	0.264614	2.78939	0.146566	0.0505029
3330000	-16.53656	0	-16.53656	0.161179	0.251872	0.118955	0.369121	0.2125	0.194764	2.72504	0.0372034	0.146987
3340000	-11.73318	0	-11.73318	0.0788634	0.159532	0.232002	0.247736	0.0862953	0.0939852	4.47577	0.251459	1.03545
3350000	-6.738621	0	-6.738621	0.187676	0.099133	0.120176	0.316843	0.064426	0.0623255	4.65175	0.0734891	0.926577
3360000	-8.604984	0	-8.604984	0.2882	0.0771157	0.155527	0.429406	0.117605	0.0647316	6.00053	0.0109835	0.15898
3370000	-20.33545	0	-20.33545	0.0585262	0.0773662	0.130975	0.880924	0.211021	0.203185	3.86751	1.12497	0.477586
3380000	-16.76556	0	-16.76556	0.193869	0.136191	0.0846921	0.583715	0.205712	0.0775721	2.73612	0.42412	0.298365
3390000	-10.33086	0	-10.33086	0.223642	0.152458	0.094609	0.31834	0.235818	0.0872584	5.94669	0.0401954	0.364149
3400000	-12.18256	0	-12.18256	0.255353	0.0851243	0.132597	0.205256	0.0537921	0.142789	3.21925	0.404544	1.68495
3410000	-24.49789	0	-24.49789	0.345952	0.207019	0.0910185	0.352904	0.328395	0.237792	1.9634	0.846559	0.531099
3420000	-13.33936	0	-13.33936	0.190089	0.187452	0.0985972	0.280751	0.0943473	0.113212	2.94268	2.96997	0.442183
3430000	-12.0974	0	-12.0974	0.399196	0.234995	0.184518	0.487668	0.0765208	0.12679	3.25719	0.388951	2.46633
3440000	-21.48628	0	-21.48628	0.27561	0.230428	0.166415	0.648269	0.116447	0.189996	1.26112	0.102797	0.39301
3450000	-8.13815	0	-8.13815	0.212483	0.0891235	0.19265	0.540146	0.0841792	0.107223	5.13964	0.332011	0.568859
3460000	-14.05574	0	-14.05574	0.363325	0.145753	0.104803	0.384794	0.0665263	0.157741	2.59402	0.0594874	0.172117
3470000	-23.43722	0	-23.43722	0.382588	0.219451	0.0846748	0.630709	0.215922	0.087957	1.97691	0.00545936	5.27809
3480000	-16.13753	0	-16.13753	0.179998	0.0634988	0.103347	0.196027	0.0964744	0.127108	3.72311	0.422169	0.769984
3490000	-9.594314	0	-9.594314	0.231813	0.225175	0.170855	0.188326	0.147497	0.202007	5.05988	0.305348	0.273708
3500000	-18.17368	0	-18.17368	0.235825	0.107976	0.136645	0.466902	0.0789653	0.0302331	2.96808	0.89575	2.70343
3510000	-11.54882	0	-11.54882	0.141489	0.250709	0.075489	0.312648	0.0958745	0.0712991	5.38361	0.674631	1.04761
3520000	-12.2879	0	-12.2879	0.138931	0.133774	0.220105	0.184329	0.222646	0.12153	5.44646	0.168182	2.39527
3530000	-6.520958	0	-6.520958	0.216391	0.119318	0.171652	0.316357	0.154548	0.090789	4.07327	0.359114	0.0841154
3540000	-17.94502	0	-17.94502	0.17399	0.164374	0.167027	0.332433	0.0947819	0.0850899	1.73322	0.34325	3.68158
3550000	-13.47214	0	-13.47214	0.219484	0.082423	0.109414	0.335088	0.0423628	0.0645721	5.81911	0.272011	0.161114
3560000	-20.27515	0	-20.27515	0.0819673	0.102027	0.121969	0.128804	0.0438367	0.0707718	1.86973	0.273221	0.839974
3570000	-15.08578	0	-15.08578	0.284823	0.126872	0.331426	0.283077	0.11282	0.110125	2.15259	0.8886	1.8936
3580000	-12.43299	0	-12.43299	0.178283	0.19118	0.318197	0.349183	0.0952441	0.144977	4.13663	0.530941	1.37442
3590000	-16.50474	0	-16.50474	0.183455	0.288646	0.213351	0.340696	0.113243	0.0697078	1.77348	0.449335	1.50895
3600000	-12.71335	0	-12.71335	0.256401	0.166567	0.0610366	0.259426	0.125791	0.198475	2.27007	0.0349968	0.936557
3610000	-14.90601	0	-14.90601	0.300263	0.0769704	0.128082	0.324779	0.120524	0.0741014	1.79491	0.275805	1.40011
3620000	-18.51746	0	-18.51746	0.181316	0.0819307	0.14767	0.490382	0.418233	0.123071	3.62788	0.0612348	1.59445
3630000	-11.81307	0	-11.81307	0.156807	0.124338	0.108257	0.554693	0.0869028	0.090849	3.8213	0.762064	0.463768
3640000	-11.79094	0	-11.79094	0.32816	0.128625	0.124472	0.235206	0.147685	0.174711	5.0196	0.64349	0.806937
3650000	-21.52668	0	-21.52668	0.122603	0.306446	0.0937646	0.175929	0.0848799	0.0660824	1.52965	0.109869	0.13176
3660000	-8.594256	0	-8.594256	0.277726	0.124613	0.119151	0.3658	0.148833	0.0933485	3.79016	0.304148	0.870078
3670000	-14.3896	0	-14.3896	0.229576	0.115168	0.112181	0.413254	0.134533	0.177138	2.87052	1.85688	0.770897
3680000	-10.78067	0	-10.78067	0.167972	0.191304	0.215458	0.504503	0.159855	0.139785	4.32988	0.172774	0.28883
3690000	-15.13304	0	-15.13304	0.100752	0.148327	0.10483	0.44387	0.168509	0.0621267	1.75218	0.201027	1.43882
3700000	-13.62424	0	-13.62424	0.0932792	0.111679	0.19434	0.645987	0.0429254	0.117167	4.71314	0.259445	0.520074
3710000	-15.98727	0	-15.98727	0.0825293	0.277831	0.136087	0.371887	0.0764051	0.223212	3.69675	0.504646	2.16693
3720000	-26.12072	0	-26.12072	0.393201	0.0419674	0.673893	0.876169	0.066731	0.0971589	1.32576	0.0247524	0.629733
3730000	-15.18067	0	-15.18067	0.279096	0.177534	0.0934456	0.277616	0.140349	0.0634501	6.4858	1.77303	4.3376
3740000	-8.393344	0	-8.393344	0.167277	0.117297	0.0541484	0.424348	0.111099	0.0729246	3.73412	0.674824	1.90577
3750000	-14.47623	0	-14.47623	0.274985	0.129878	0.335149	0.677198	0.112121	0.0658561	3.56686	0.110945	0.358154
3760000	-12.26993	0	-12.26993	0.157672	0.184199	0.452494	0.390945	0.105229	0.0995438	2.63181	0.306572	0.787613
3770000	-9.264266	0	-9.264266	0.331252	0.105289	0.142037	0.240649	0.0997255	0.140622	4.70232	0.014583	0.160899
3780000	-9.636885	0	-9.636885	0.233102	0.100162	0.220548	0.310661	0.0451152	0.148337	3.79116	0.0255468	2.89091
3790000	-19.56916	0	-19.56916	0.255604	0.153378	0.200733	0.513631	0.0911125	0.130574	5.29285	1.07504	0.480634
3800000	-23.59096	0	-23.59096	0.10932	0.25137	0.227323	0.717577	0.178341	0.0999569	2.40589	3.40426	4.3741
3810000	-16.49834	0	-16.49834	0.235998	0.0789108	0.537857	0.332674	0.109636	0.0828853	3.39539	0.17657	0.318728
3820000	-13.06212	0	-13.06212	0.225585	0.0839238	0.173496	0.413112	0.252244	0.12487	4.36724	1.31696	0.242148
3830000	-19.2878	0	-19.2878	0.203353	0.0964922	0.080064	0.478333	0.129351	0.0893175	1.41144	0.0194493	2.47709
3840000	-13.87046	0	-13.87046	0.0803703	0.100547	0.235135	0.228207	0.101291	0.0851	6.2494	0.0285892	0.0559668
3850000	-19.97849	0	-19.97849	0.189149	0.194072	0.148567	0.696147	0.147761	0.11824	1.71308	0.316539	0.877368
3860000	-15.76672	0	-15.76672	0.133477	0.173018	0.136403	0.249285	0.279338	0.227972	3.30054	1.24083	1.74168
3870000	-11.77508	0	-11.77508	0.291477	0.0615616	0.110351	0.331283	0.0875976	0.162461	2.17824	0.413928	1.23443
3880000	-14.84293	0	-14.84293	0.266092	0.0794218	0.132891	0.359502	0.10425	0.116657	2.75883	0.163386	0.28103
3890000	-10.69035	0	-10.69035	0.197143	0.10803	0.184189	0.202767	0.153525	0.0773354	6.13421	1.04228	0.247567
3900000	-13.98637	0	-13.98637	0.254905	0.0675945	0.0826705	0.50657	0.142429	0.060024	2.65779	0.051829	1.52628
3910000	-15.60562	0	-15.60562	0.164102	0.220904	0.466623	0.253631	0.138519	0.146278	3.59235	0.186889	2.14754
3920000	-20.88408	0	-20.88408	0.384042	0.182098	0.124672	0.435592	0.157465	0.14621	2.67558	0.139885	0.115677
3930000	-16.60533	0	-16.60533	0.196741	0.321318	0.154282	0.251215	0.0836974	0.163344	2.30718	0.896507	2.37233
3940000	-14.01757	0	-14.01757	0.279561	0.129882	0.165379	0.370056	0.0350398	0.197981	2.48681	0.0969837	0.409807
3950000	-11.23619	0	-11.23619	0.375562	0.15431	0.139545	0.321565	0.117939	0.110236	4.88483	0.273046	0.28389
3960000	-18.7365	0	-18.7365	0.454576	0.1127	0.541885	0.193589	0.0863743	0.193077	3.91939	0.655668	3.67692
3970000	-7.274964	0	-7.274964	0.212401	0.118673	0.11137	0.280373	0.0831856	0.0629231	3.69966	0.569886	0.575807
3980000	-12.83211	0	-12.83211	0.179669	0.154157	0.0918904	0.323615	0.155143	0.0822778	2.43875	0.152636	0.886054
3990000	-16.16687	0	-16.16687	0.379277	0.213811	0.163284	0.491605	0.0843685	0.079504	7.73327	0.992406	4.61823
4000000	-8.377965	0	-8.377965	0.356026	0.0900785	0.22548	0.302877	0.112368	0.194961	8.307	0.0849472	2.85248
4010000	-8.414112	0	-8.414112	0.38698	0.127125	0.15793	0.320284	0.071343	0.133283	5.13543	0.104516	0.333709
4020000	-25.86618	0	-25.86618	0.359505	0.294106	0.124074	0.397114	0.576929	0.448968	4.50097	0.0828958	0.93456
4030000	-13.34621	0	-13.34621	0.14425	0.106915	0.27453	0.300995	0.164052	0.217898	5.14806	0.421199	2.16143
4040000	-17.35262	0	-17.35262	0.403608	0.128323	0.125017	0.39149	0.186543	0.183013	2.13913	0.579821	0.218126
4050000	-17.13853	0	-17.13853	0.299468	0.21178	0.148557	0.348555	0.111158	0.0640267	4.64947	0.337663	2.18619
4060000	-11.68831	0	-11.68831	0.185522	0.099652	0.320229	0.399622	0.109057	0.0908124	6.04968	0.884638	1.03029
4070000	-21.23467	0	-21.23467	0.198271	0.217164	0.0627063	0.489976	0.105179	0.117213	2.51151	0.00306401	0.981573
4080000	-13.82028	0	-13.82028	0.214177	0.161932	0.12088	0.157229	0.0720714	0.186903	2.18784	0.13023	0.64001
4090000	-12.53734	0	-12.53734	0.358888	0.23402	0.248831	0.254685	0.0748617	0.114006	3.2077	0.206427	0.706821
4100000	-27.48058	0	-27.48058	0.0592996	0.354737	0.269352	0.185548	0.10825	0.145108	1.63123	0.863993	2.93004
4110000	-14.68343	0	-14.68343	0.176026	0.260849	0.234089	0.380019	0.208923	0.0868186	3.96593	0.0996461	1.4148
4120000	-15.08259	0	-15.08259	0.183708	0.102554	0.159885	0.271975	0.0868434	0.086576	3.00592	1.2811	0.370493
4130000	-16.63992	0	-16.63992	0.161425	0.22984	0.0778778	0.36169	0.116306	0.0535864	2.61495	1.74908	1.32597
4140000	-11.13587	0	-11.13587	0.226588	0.157427	0.146148	0.494069	0.0745051	0.141764	3.42723	0.134384	0.473251
4150000	-17.6175	0	-17.6175	0.335713	0.15758	0.147527	0.443579	0.079453	0.385099	5.71269	1.84985	0.333587
4160000	-11.60399	0	-11.60399	0.31542	0.0993291	0.351217	0.310609	0.0851422	0.0722022	4.05255	2.79773	1.86056
4170000	-11.73037	0	-11.73037	0.256552	0.0981673	0.191966	0.347569	0.0852569	0.13026	2.49282	0.397022	0.857639
4180000	-17.28866	0	-17.28866	0.324728	0.185463	0.158371	0.229938	0.192834	0.0577904	3.83301	0.26169	0.424638
4190000	-15.02506	0	-15.02506	0.227856	0.0563941	0.177225	0.228543	0.119309	0.115447	2.80005	0.555976	0.081448
4200000	-14.31805	0	-14.31805	0.133087	0.150517	0.10034	0.414926	0.181332	0.0753743	4.27528	0.0257998	0.610994
4210000	-8.830577	0	-8.830577	0.254995	0.161815	0.176842	0.26297	0.12182	0.0882033	6.57426	0.610325	1.13
4220000	-12.24004	0	-12.24004	0.308926	0.286923	0.080872	0.366189	0.130269	0.178192	5.97854	0.748438	0.294985
4230000	-22.91182	0	-22.91182	0.411578	0.130614	0.0981587	0.221577	0.227183	0.1135	2.4761	2.76868	2.68066
4240000	-25.69924	0	-25.69924	0.21093	0.486076	0.0837607	0.249995	0.279569	0.059873	3.86377	0.632408	0.710308
4250000	-9.742252	0	-9.742252	0.166553	0.133291	0.264367	0.319309	0.0760535	0.113871	4.56866	0.0448126	1.58967
4260000	-13.14225	0	-13.14225	0.206774	0.17244	0.0832551	0.328129	0.17274	0.173856	4.38076	0.940246	0.329185
4270000	-18.20438	0	-18.20438	0.0982366	0.211219	0.112037	0.257005	0.310625	0.111332	2.93229	0.0198689	0.521183
4280000	-11.46171	0	-11.46171	0.232278	0.315611	0.102979	0.343243	0.152941	0.11731	5.31095	0.00617334	0.924149
4290000	-17.72964	0	-17.72964	0.420309	0.0650991	0.155507	0.310423	0.127854	0.238669	2.62484	0.429837	0.325758
4300000	-17.09414	0	-17.09414	0.117954	0.21975	0.208861	0.246807	0.142906	0.183495	1.90699	0.0064604	2.74106
4310000	-11.82624	0	-11.82624	0.223631	0.179779	0.111852	0.244861	0.096521	0.12858	3.7694	0.715808	4.04997
4320000	-10.94446	0	-10.94446	0.339575	0.10067	0.0577578	0.326878	0.0912323	0.155971	3.88823	0.126096	1.84077
4330000	-11.36225	0	-11.36225	0.311897	0.172934	0.225827	0.132874	0.15813	0.23428	6.76928	0.0846069	1.16603
4340000	-13.29204	0	-13.29204	0.124768	0.098515	0.0533255	0.457765	0.0842717	0.0909384	4.44105	0.278685	0.83825
4350000	-14.85191	0	-14.85191	0.264427	0.149868	0.176586	0.577442	0.101034	0.0815068	3.19662	0.92299	0.743407
4360000	-16.03949	0	-16.03949	0.247309	0.127698	0.0389881	0.422068	0.135165	0.0565788	3.23656	3.81887	0.288748
4370000	-13.71727	0	-13.71727	0.144711	0.157069	0.210854	0.443051	0.140973	0.111283	2.98837	0.447553	0.612771
4380000	-11.30813	0	-11.30813	0.144371	0.148486	0.182302	0.253596	0.1671	0.063494	6.21027	0.167657	0.551273
4390000	-12.31254	0	-12.31254	0.299916	0.121853	0.203856	0.359243	0.156356	0.228447	5.11775	0.550187	0.193438
4400000	-14.40115	0	-14.40115	0.336656	0.139493	0.123187	0.602339	0.0700114	0.109823	3.1376	0.424609	0.941779
4410000	-18.70839	0	-18.70839	0.155881	0.229106	0.135215	0.287266	0.19924	0.216015	2.76879	0.701835	1.14237
4420000	-7.173134	0	-7.173134	0.286539	0.0983208	0.120558	0.386232	0.114929	0.119459	4.36556	0.340799	1.6422
4430000	-8.777442	0	-8.777442	0.191601	0.165667	0.192492	0.337097	0.0698133	0.110521	5.42847	0.0264383	1.44771
4440000	-17.36197	0	-17.36197	0.122605	0.0622284	0.169155	0.223954	0.259909	0.204349	3.98049	0.664576	0.489951
4450000	-14.37146	0	-14.37146	0.13439	0.188489	0.230794	0.304959	0.155218	0.340722	3.8385	0.210878	1.41914
4460000	-18.78807	0	-18.78807	0.184207	0.0555021	0.135611	0.239071	0.13625	0.15676	3.73407	0.409012	0.142977
4470000	-12.34745	0	-12.34745	0.366417	0.13376	0.20368	0.252745	0.250293	0.067463	6.04308	0.195205	1.01058
4480000	-14.1025	0	-14.1025	0.561399	0.117784	0.197496	0.399163	0.0575428	0.178252	2.98023	0.47376	0.813441
4490000	-12.39994	0	-12.39994	0.257423	0.0923229	0.178244	0.17974	0.218063	0.0772446	3.12133	0.542247	0.493245
4500000	-15.30233	0	-15.30233	0.443928	0.0895381	0.148543	0.413868	0.0710209	0.0755802	5.2376	0.553127	1.55611
4510000	-13.07695	0	-13.07695	0.242328	0.197498	0.241747	0.409489	0.175978	0.114512	6.40092	0.142731	0.721991
4520000	-18.48761	0	-18.48761	0.28583	0.0987072	0.0954112	0.350053	0.175757	0.130772	4.27656	0.346984	0.226811
4530000	-12.45333	0	-12.45333	0.137993	0.192267	0.223594	0.494847	0.138664	0.0853752	2.26759	1.11544	0.630991
4540000	-10.54873	0	-10.54873	0.218848	0.0701186	0.158487	0.300881	0.154077	0.0871533	7.06731	0.388963	0.965173
4550000	-12.88783	0	-12.88783	0.145934	0.114165	0.152975	0.303978	0.130781	0.0939716	2.41478	0.0885678	1.07752
4560000	-12.06027	0	-12.06027	0.310368	0.259037	0.14492	0.529141	0.263821	0.089881	5.07142	0.305523	1.5092
4570000	-22.17629	0	-22.17629	0.131869	0.252725	0.118328	0.313326	0.1281	0.117183	1.29231	0.214843	1.38687
4580000	-14.53409	0	-14.53409	0.168949	0.147929	0.227089	0.501193	0.169964	0.242381	4.72225	0.429666	0.49281
4590000	-17.91316	0	-17.91316	0.301379	0.0428084	0.219561	0.1647	0.17107	0.129161	2.72081	0.521258	1.11853
4600000	-19.49385	0	-19.49385	0.170915	0.151275	0.0991891	0.218484	0.208539	0.175274	1.35658	0.187188	3.5499
4610000	-15.07691	0	-15.07691	0.396036	0.125906	0.118953	0.307221	0.0970391	0.104818	1.46855	0.266014	0.695269
4620000	-14.26316	0	-14.26316	0.229877	0.203079	0.0968918	0.33384	0.138544	0.280795	2.56	0.0173845	2.06031
4630000	-23.3574	0	-23.3574	0.250149	0.259978	0.147167	0.662195	0.0318032	0.0665939	3.17722	1.22478	1.0824
4640000	-10.17931	0	-10.17931	0.260031	0.226225	0.15066	0.365509	0.0531858	0.135869	3.63102	1.13679	0.769142
4650000	-19.13303	0	-19.13303	0.186062	0.299578	0.168228	0.33283	0.184343	0.157114	2.66373	1.68428	0.803933
4660000	-15.73817	0	-15.73817	0.282738	0.118361	0.151843	0.237291	0.0423751	0.250069	4.93343	0.773607	0.911686
4670000	-12.75887	0	-12.75887	0.320171	0.0466764	0.167958	0.280522	0.113421	0.210589	2.87906	0.0907734	1.89334
4680000	-14.96034	0	-14.96034	0.196268	0.174824	0.12753	0.427428	0.211182	0.101081	1.56663	0.256761	0.442456
4690000	-19.59045	0	-19.59045	0.323158	0.0746438	0.363925	0.268316	0.188615	0.219011	2.65956	0.185687	0.0523185
4700000	-17.23779	0	-17.23779	0.242326	0.201316	0.0988778	0.510483	0.25428	0.0562273	3.85143	0.979659	0.123722
4710000	-9.338589	0	-9.338589	0.20248	0.176959	0.0818819	0.296604	0.094102	0.0764378	3.65167	0.702167	0.350545
4720000	-15.76669	0	-15.76669	0.166767	0.0918817	0.169925	0.334571	0.0783151	0.153332	2.43829	0.68673	1.06757
4730000	-14.49945	0	-14.49945	0.385468	0.156659	0.0866296	0.187418	0.116634	0.082687	3.13715	0.780703	0.144425
4740000	-16.98976	0	-16.98976	0.182717	0.144818	0.207702	0.35436	0.0936392	0.112419	2.58185	0.38822	0.714114
4750000	-13.55881	0	-13.55881	0.276834	0.0714716	0.143388	0.438472	0.136599	0.253801	4.14839	0.167376	0.448207
4760000	-12.28622	0	-12.28622	0.203846	0.0840547	0.248382	0.494709	0.0697929	0.100918	3.19229	0.157554	1.29121
4770000	-12.59257	0	-12.59257	0.268552	0.122104	0.14165	0.257546	0.363489	0.159616	6.9058	0.192321	0.332628
4780000	-22.68395	0	-22.68395	0.234984	0.261392	0.100761	0.313338	0.207934	0.110938	2.44666	0.242889	0.30084
4790000	-14.10175	0	-14.10175	0.249365	0.128621	0.276491	0.281834	0.19976	0.175922	4.44849	0.115365	1.15127
4800000	-13.87735	0	-13.87735	0.101225	0.0871292	0.0803898	0.313698	0.086472	0.153944	4.35509	0.0250803	1.16297
4810000	-10.81112	0	-10.81112	0.198815	0.111889	0.0602033	0.267923	0.0935842	0.0890959	5.07634	0.658261	1.11348
4820000	-11.08681	0	-11.08681	0.182385	0.189954	0.070465	0.289971	0.0544479	0.115211	3.32987	0.156284	0.467757
4830000	-22.221	0	-22.221	0.137106	0.169669	0.127526	0.393837	0.142627	0.0791563	1.25062	0.631174	2.41239
4840000	-20.22199	0	-20.22199	0.197319	0.0465821	0.115285	0.245699	0.0721598	0.268071	1.4554	1.2912	3.20529
4850000	-21.03488	0	-21.03488	0.134778	0.114148	0.10505	0.638368	0.222278	0.0660563	2.98388	0.232216	1.15206
4860000	-16.12457	0	-16.12457	0.194401	0.152934	0.0929758	0.159843	0.0381089	0.137164	4.63818	0.116587	0.186016
4870000	-29.77684	0	-29.77684	0.497283	0.112261	0.21056	0.155777	0.0551826	0.349532	2.55958	0.541361	1.65415
4880000	-11.4439	0	-11.4439	0.130303	0.140337	0.184841	0.237999	0.135918	0.0907885	4.87446	0.369208	1.04476
4890000	-15.41283	0	-15.41283	0.478094	0.124034	0.0533171	0.472524	0.313623	0.0495279	2.44527	0.433597	0.846444
4900000	-7.176821	0	-7.176821	0.297266	0.122263	0.205878	0.372792	0.0653653	0.153115	4.57523	0.0452145	1.09146
4910000	-18.72726	0	-18.72726	0.120094	0.180561	0.181174	0.385632	0.144166	0.146938	2.11665	0.0540832	3.01079
4920000	-15.40461	0	-15.40461	0.153955	0.330044	0.192801	0.290754	0.281535	0.0835488	3.48617	0.113546	0.583498
4930000	-14.88223	0	-14.88223	0.123939	0.18624	0.152464	0.775313	0.0729706	0.188735	3.00664	1.66441	0.463039
4940000	-14.77165	0	-14.77165	0.254815	0.135155	0.381416	0.205018	0.198663	0.121279	4.06207	0.0205466	0.0732841
4950000	-10.89179	0	-10.89179	0.270757	0.170281	0.191379	0.164199	0.0567007	0.0651615	5.52249	0.220403	1.97904
4960000	-10.8227	0	-10.8227	0.321316	0.224612	0.129288	0.509176	0.107782	0.0630832	4.80997	0.586972	1.17754
4970000	-12.60018	0	-12.60018	0.189979	0.205017	0.0499467	0.313391	0.120162	0.0798876	6.40356	0.648995	2.23598
4980000	-15.38177	0	-15.38177	0.357053	0.183473	0.120068	0.41192	0.155525	0.190584	4.84524	1.17613	1.79695
4990000	-11.49355	0	-11.49355	0.226303	0.0657634	0.0712786	0.315626	0.201307	0.155263	4.72818	0.161954	0.562271
5000000	-12.66606	0	-12.66606	0.229784	0.126104	0.227893	0.398547	0.111068	0.15137	2.51371	0.375989	1.69987
