Iteration	Posterior	Likelihood	Prior	lambda[1]	lambda[2]	lambda[3]	mu[1]	mu[2]	mu[3]	psi[1]	psi[2]	psi[3]
0	-34.40402	0	-34.40402	0.203318	0.0704492	0.238633	0.0802425	0.0939688	0.113494	0.659544	0.827842	0.663346
10000	-30.71771	0	-30.71771	0.157053	0.123705	0.213624	0.277437	0.034117	0.159409	2.19647	0.32314	0.0116285
20000	-24.12281	0	-24.12281	0.269383	0.155939	0.214644	0.213702	0.166714	0.147281	3.33323	0.165057	0.559239
30000	-36.29575	0	-36.29575	0.201569	0.0975867	0.380639	0.248805	0.173878	0.163487	0.737477	0.12006	0.0137666
40000	-17.48772	0	-17.48772	0.116255	0.142368	0.093359	0.370589	0.138589	0.120613	1.70115	0.240914	0.0410734
50000	-25.5944	0	-25.5944	0.129267	0.254687	0.0976304	0.188658	0.114631	0.126998	1.48723	0.185729	0.331344
60000	-29.69611	0	-29.69611	0.0738959	0.070935	0.14322	0.280562	0.215747	0.0522315	2.1213	0.0886303	0.0123197
70000	-32.78611	0	-32.78611	0.071885	0.252476	0.682442	0.309014	0.34392	0.196705	2.125	0.183886	0.00999014
80000	-28.73725	0	-28.73725	0.105575	0.237653	0.177246	0.161891	0.063334	0.076671	1.20517	0.113354	0.268354
90000	-27.53473	0	-27.53473	0.199396	0.252594	0.202647	0.232146	0.172163	0.206629	3.51904	0.0568353	0.00420956
100000	-21.28189	0	-21.28189	0.188264	0.292273	0.125637	0.192503	0.197347	0.135002	1.99647	0.221985	1.0063
110000	-30.14144	0	-30.14144	0.151295	0.417494	0.0414024	0.199488	0.0999502	0.242446	0.816415	0.523699	0.768028
120000	-25.31417	0	-25.31417	0.0822611	0.190638	0.17933	0.183407	0.146979	0.0879666	2.3847	0.573527	0.70276
130000	-31.14044	0	-31.14044	0.0916602	0.198574	0.495868	0.369474	0.111425	0.0561691	2.42398	0.28393	0.0776131
140000	-24.53638	0	-24.53638	0.175303	0.281838	0.0633939	0.228742	0.0684254	0.07271	1.64455	0.454331	0.51432
150000	-29.83723	0	-29.83723	0.0623189	0.201669	0.112859	0.126316	0.124424	0.163528	0.722416	0.451923	2.58926
160000	-29.18947	0	-29.18947	0.0864837	0.17015	0.208271	0.34697	0.159941	0.176881	1.53818	0.0717914	0.0402741
170000	-22.30763	0	-22.30763	0.0564521	0.330123	0.259497	0.339113	0.0994157	0.0809482	2.70204	0.526984	0.367016
180000	-20.42526	0	-20.42526	0.0714066	0.221687	0.210181	0.131886	0.120163	0.0619742	3.46136	0.333273	0.55105
190000	-26.1576	0	-26.1576	0.0744057	0.274566	0.158396	0.319043	0.15151	0.188859	0.972365	0.530753	0.628152
200000	-27.41164	0	-27.41164	0.105664	0.154219	0.294183	0.310503	0.208724	0.0867189	1.43281	0.228119	0.0228615
210000	-33.68899	0	-33.68899	0.0322307	0.0429294	0.159417	0.427471	0.0555985	0.0835447	1.60752	0.188999	0.0728665
220000	-29.07553	0	-29.07553	0.197475	0.182849	0.281417	0.190057	0.0811581	0.0669841	1.97991	0.155024	0.273191
230000	-26.7664	0	-26.7664	0.168058	0.307477	0.122054	0.17089	0.15944	0.176352	0.63878	0.249931	0.652788
240000	-29.07724	0	-29.07724	0.0697212	0.0791809	0.184652	0.172082	0.139663	0.0966926	1.45833	0.135308	0.0457814
250000	-27.42211	0	-27.42211	0.190659	0.222577	0.158548	0.315688	0.22925	0.102694	1.3463	0.0844659	0.0921031
260000	-29.51944	0	-29.51944	0.195417	0.140405	0.121155	0.330598	0.135041	0.0755585	1.4018	0.11286	0.0295476
270000	-25.15197	0	-25.15197	0.182644	0.150152	0.0750205	0.258898	0.149732	0.206317	1.61853	0.171373	0.289738
280000	-27.80448	0	-27.80448	0.134444	0.191073	0.107377	0.427622	0.169076	0.103339	2.63588	0.135456	3.48342
290000	-20.83311	0	-20.83311	0.0525736	0.224452	0.222462	0.21047	0.0914039	0.0797206	2.70892	0.450215	0.53792
300000	-28.43943	0	-28.43943	0.0962409	0.255263	0.042719	0.197721	0.125509	0.181181	1.17303	0.336456	0.109074
310000	-27.12617	0	-27.12617	0.168919	0.184552	0.0438862	0.268809	0.103866	0.209947	1.22097	0.124771	0.0697236
320000	-28.9623	0	-28.9623	0.192959	0.0936672	0.331798	0.308436	0.0320275	0.154036	1.68687	0.199947	0.144402
330000	-25.63669	0	-25.63669	0.0562588	0.21797	0.132372	0.270295	0.109043	0.0628391	1.75833	0.190247	0.0206919
340000	-27.59111	0	-27.59111	0.0877129	0.228019	0.264598	0.237653	0.219737	0.104995	1.21442	0.751854	0.132244
350000	-33.6218	0	-33.6218	0.0885031	0.172427	0.155976	0.571604	0.26457	0.177278	1.25488	2.00094	2.34647
360000	-27.47519	0	-27.47519	0.138401	0.349792	0.206637	0.333551	0.0939967	0.235138	1.5308	0.155027	0.0077919
370000	-24.28576	0	-24.28576	0.139771	0.351898	0.280631	0.279353	0.214849	0.112092	0.68109	0.416372	0.988898
380000	-23.01125	0	-23.01125	0.073668	0.291904	0.12873	0.256937	0.0869705	0.121002	1.53286	0.361422	1.05417
390000	-28.13643	0	-28.13643	0.204245	0.154325	0.100682	0.408094	0.396065	0.0712613	2.0721	0.923271	2.0438
400000	-25.56288	0	-25.56288	0.197745	0.410403	0.281123	0.181586	0.12741	0.164792	0.885047	0.274079	0.132133
410000	-32.06229	0	-32.06229	0.0761112	0.108688	0.198553	0.405501	0.0786185	0.109171	0.901858	0.0759476	0.0243672
420000	-25.31706	0	-25.31706	0.0970317	0.277877	0.216486	0.242009	0.0747619	0.161193	0.839977	0.0691311	0.30726
430000	-32.22876	0	-32.22876	0.120848	0.128015	0.318685	0.258247	0.130772	0.13243	1.60582	0.346679	0.0204158
440000	-28.81899	0	-28.81899	0.128496	0.231465	0.210843	0.376469	0.0983536	0.172959	0.938307	0.187226	0.277458
450000	-34.34684	0	-34.34684	0.105356	0.231315	0.231632	0.115243	0.204896	0.228736	0.618723	0.0844124	0.068733
460000	-27.47901	0	-27.47901	0.104388	0.133253	0.153837	0.440725	0.0502439	0.181282	1.66536	0.0681202	0.0206025
470000	-25.22298	0	-25.22298	0.222194	0.187416	0.109829	0.25455	0.195197	0.18288	3.69568	0.0245174	1.71891
480000	-27.16937	0	-27.16937	0.117627	0.220997	0.0670508	0.194998	0.206911	0.212708	0.737799	0.187184	0.584185
490000	-28.27239	0	-28.27239	0.197056	0.177332	0.205559	0.291263	0.133212	0.262715	1.11891	0.50499	0.19243
500000	-25.93363	0	-25.93363	0.136744	0.126355	0.154938	0.360945	0.0698073	0.121468	1.89197	0.643034	1.70859
510000	-29.23192	0	-29.23192	0.275377	0.182414	0.0699154	0.295685	0.0583093	0.26106	1.05365	0.37624	0.839661
520000	-21.07158	0	-21.07158	0.102014	0.281888	0.138113	0.373934	0.121508	0.15327	1.92386	0.348601	3.20498
530000	-27.25961	0	-27.25961	0.0810469	0.447856	0.146265	0.198296	0.0708557	0.0916633	0.919493	0.677842	0.323704
540000	-28.18857	0	-28.18857	0.160326	0.308369	0.132721	0.299613	0.21372	0.210738	0.989281	0.10931	0.164948
550000	-23.44607	0	-23.44607	0.132551	0.251792	0.0799222	0.104354	0.310278	0.261791	1.96502	0.853357	1.15103
560000	-22.11413	0	-22.11413	0.0444193	0.176074	0.0977486	0.268506	0.0959294	0.0936977	0.988003	0.194245	0.960475
570000	-29.78373	0	-29.78373	0.106473	0.267708	0.162941	0.110038	0.116279	0.0735262	1.67548	0.122178	0.0264712
580000	-32.17287	0	-32.17287	0.0910005	0.263322	0.0849721	0.343173	0.172284	0.0912764	1.26778	0.217011	5.42612
590000	-27.96699	0	-27.96699	0.172245	0.370303	0.0884242	0.113478	0.190094	0.155284	1.52247	0.58547	0.114077
600000	-24.92731	0	-24.92731	0.119383	0.454463	0.183933	0.197922	0.0762115	0.127777	3.71292	0.139627	0.120552
610000	-25.10054	0	-25.10054	0.0975735	0.307139	0.0544455	0.242795	0.237886	0.0720845	3.19562	0.248028	0.0184587
620000	-27.20604	0	-27.20604	0.0633082	0.238297	0.160172	0.341612	0.120502	0.209965	0.601837	0.219555	1.29838
630000	-32.66462	0	-32.66462	0.201343	0.31861	0.199752	0.216668	0.115396	0.0760587	3.31258	0.173098	0.0453728
640000	-17.17505	0	-17.17505	0.139083	0.182776	0.157632	0.295001	0.125261	0.0661979	2.53841	0.360728	0.643873
650000	-26.20327	0	-26.20327	0.136387	0.194568	0.0909878	0.249368	0.259565	0.194412	1.42076	0.173355	0.13499
660000	-23.28985	0	-23.28985	0.072906	0.157568	0.096479	0.204652	0.154675	0.279882	0.849936	0.799222	0.323934
670000	-29.83316	0	-29.83316	0.132557	0.0963025	0.233509	0.333665	0.0885004	0.102336	0.873763	0.00490931	0.0748951
680000	-16.64556	0	-16.64556	0.17237	0.115436	0.128424	0.207962	0.109993	0.10637	2.13931	1.27305	0.299421
690000	-29.10175	0	-29.10175	0.158842	0.196946	0.23268	0.313514	0.118342	0.160272	1.22597	0.234847	0.258406
700000	-26.69321	0	-26.69321	0.103767	0.300762	0.142145	0.382016	0.102246	0.173198	0.855106	0.337902	0.0253806
710000	-31.16684	0	-31.16684	0.0346009	0.204324	0.114524	0.416865	0.171413	0.115155	1.93198	0.138562	7.80556
720000	-28.85157	0	-28.85157	0.0691621	0.104423	0.138432	0.288672	0.0402706	0.382243	1.13453	0.410124	2.98601
730000	-29.51755	0	-29.51755	0.233078	0.105363	0.238147	0.254055	0.0922995	0.0540952	1.81289	0.124374	0.0423406
740000	-24.55638	0	-24.55638	0.175795	0.117739	0.154075	0.197457	0.104008	0.133565	2.3873	0.350827	2.55956
750000	-28.66594	0	-28.66594	0.10456	0.295163	0.158442	0.257138	0.151763	0.0726798	1.14647	0.369662	0.0250393
760000	-23.0354	0	-23.0354	0.0795331	0.253264	0.0771455	0.167448	0.169555	0.327335	0.883823	0.329909	0.969508
770000	-26.96418	0	-26.96418	0.106313	0.148584	0.120723	0.182443	0.15195	0.300127	1.84434	0.0641951	0.136098
780000	-39.41271	0	-39.41271	0.0716946	0.266736	0.0665636	0.257281	0.171107	0.0679778	1.34654	0.417877	0.00943604
790000	-27.671	0	-27.671	0.0992964	0.128803	0.513873	0.266512	0.0970416	0.0590533	3.11505	0.0432506	0.389179
800000	-28.75113	0	-28.75113	0.0897244	0.194546	0.0886381	0.172261	0.0948261	0.287171	2.51369	0.613781	1.26267
810000	-25.98426	0	-25.98426	0.0576813	0.219743	0.316226	0.254238	0.135228	0.186688	0.966864	0.353092	0.297975
820000	-26.64552	0	-26.64552	0.124697	0.153178	0.178065	0.314911	0.202339	0.063645	2.49568	0.0929119	0.0342882
830000	-21.94656	0	-21.94656	0.0785581	0.156253	0.128377	0.364154	0.0666761	0.160652	1.58353	0.285969	0.747732
840000	-29.74576	0	-29.74576	0.129381	0.128437	0.165003	0.116853	0.1868	0.164381	1.78249	1.74097	0.116783
850000	-26.27329	0	-26.27329	0.0687769	0.396892	0.259952	0.130792	0.336429	0.121564	1.62705	1.0279	1.00839
860000	-26.31344	0	-26.31344	0.123543	0.288976	0.155133	0.389776	0.269376	0.180597	1.2625	0.182126	0.398657
870000	-22.00189	0	-22.00189	0.106329	0.341492	0.221798	0.28159	0.137744	0.126168	1.70865	0.397554	0.0992416
880000	-21.43342	0	-21.43342	0.0995817	0.260425	0.170151	0.294373	0.113734	0.250761	2.19871	0.510001	1.42945
890000	-27.22977	0	-27.22977	0.0753374	0.407667	0.224292	0.248819	0.265601	0.057503	1.10078	0.257999	0.00271025
900000	-24.57218	0	-24.57218	0.125756	0.201713	0.140723	0.298196	0.190453	0.532059	2.38454	0.529548	0.0377765
910000	-26.94752	0	-26.94752	0.0904616	0.343528	0.0403443	0.270597	0.119187	0.13599	1.28139	0.270436	1.63518
920000	-34.83733	0	-34.83733	0.130651	0.17228	0.240252	0.101846	0.218559	0.162547	1.46428	0.192725	0.0376631
930000	-21.67275	0	-21.67275	0.215451	0.172354	0.137885	0.203898	0.104023	0.0812671	1.51049	0.308242	1.5733
940000	-33.66298	0	-33.66298	0.0518589	0.165129	0.129523	0.322921	0.0801184	0.0739059	0.991613	0.222839	0.0105592
950000	-30.23736	0	-30.23736	0.117973	0.149609	0.141767	0.362388	0.0396286	0.170957	2.84736	0.124642	0.00213865
960000	-24.5331	0	-24.5331	0.126291	0.162643	0.0972001	0.210577	0.0848672	0.267454	1.02716	0.0867163	0.125263
970000	-35.34314	0	-35.34314	0.178938	0.211989	0.342132	0.326606	0.163517	0.316515	0.839037	0.0617607	0.00627108
980000	-31.57576	0	-31.57576	0.104763	0.12017	0.125781	0.263535	0.140055	0.179677	1.04404	0.137158	0.042966
990000	-23.15585	0	-23.15585	0.149704	0.35916	0.0617434	0.176397	0.333519	0.0781111	3.75027	0.316943	0.13539
1000000	-27.54323	0	-27.54323	0.0792864	0.224154	0.178142	0.162567	0.118053	0.157873	0.57338	0.285315	0.427014
1010000	-27.32869	0	-27.32869	0.171003	0.257417	0.320712	0.322583	0.20407	0.103493	0.896132	0.436568	0.2256
1020000	-24.99185	0	-24.99185	0.0494474	0.222229	0.0747929	0.309547	0.0929246	0.137667	0.88052	0.52037	0.106154
1030000	-21.61489	0	-21.61489	0.154462	0.12287	0.197212	0.184119	0.0768356	0.105939	1.38697	0.30723	0.452277
1040000	-23.31304	0	-23.31304	0.115792	0.352077	0.105719	0.179993	0.206724	0.104844	2.67524	0.611459	0.0150423
1050000	-30.16289	0	-30.16289	0.170838	0.205159	0.133214	0.191185	0.125132	0.141111	0.406414	0.149311	0.00511971
1060000	-23.92349	0	-23.92349	0.107344	0.0619232	0.229735	0.202407	0.164419	0.0705706	2.92679	0.179207	0.043514
1070000	-33.3344	0	-33.3344	0.212869	0.0811523	0.283259	0.280706	0.110512	0.123135	0.989018	0.0986378	0.223169
1080000	-28.14265	0	-28.14265	0.0789812	0.470949	0.0856857	0.220277	0.203179	0.0665562	1.67161	0.464111	2.59063
1090000	-21.01769	0	-21.01769	0.0966558	0.14763	0.176523	0.299659	0.063409	0.144352	1.3494	0.215639	0.124917
1100000	-19.98845	0	-19.98845	0.0561902	0.209197	0.134814	0.144984	0.269157	0.099754	3.39802	0.785596	0.577044
1110000	-23.14991	0	-23.14991	0.297273	0.428929	0.134874	0.109837	0.113597	0.0525056	2.68346	0.795837	0.522773
1120000	-27.66002	0	-27.66002	0.0724558	0.259564	0.145106	0.212931	0.255241	0.429673	1.321	0.627994	0.274861
1130000	-27.1472	0	-27.1472	0.109852	0.293169	0.183146	0.288841	0.0536424	0.207857	0.878194	0.282318	0.276663
1140000	-24.13026	0	-24.13026	0.0876539	0.206019	0.121079	0.18924	0.132431	0.044712	1.37343	0.054373	0.0582893
1150000	-23.90857	0	-23.90857	0.137596	0.136143	0.102877	0.139316	0.165133	0.15025	2.30059	0.422801	1.79082
1160000	-24.17387	0	-24.17387	0.073792	0.329918	0.165084	0.389707	0.0664021	0.15628	1.9511	1.23418	1.05036
1170000	-30.65363	0	-30.65363	0.102669	0.0948917	0.211216	0.308697	0.0765271	0.184187	0.84143	0.0629059	0.000581237
1180000	-30.54235	0	-30.54235	0.083198	0.385363	0.0736852	0.237769	0.220768	0.1928	1.84454	0.216832	0.184944
1190000	-39.24412	0	-39.24412	0.132952	0.104415	0.2012	0.262833	0.207205	0.114079	0.930605	0.190016	0.0260851
1200000	-21.47378	0	-21.47378	0.0826082	0.284398	0.0722955	0.219871	0.170482	0.0719448	1.35841	0.0563619	0.444779
1210000	-22.65416	0	-22.65416	0.138794	0.219664	0.100122	0.123717	0.107098	0.246553	4.84872	1.47058	0.0684014
1220000	-29.30347	0	-29.30347	0.156701	0.3716	0.207503	0.279554	0.123765	0.0925199	1.187	0.246245	0.296882
1230000	-26.52429	0	-26.52429	0.180483	0.20728	0.313935	0.237897	0.144187	0.242301	2.92268	0.168402	0.281674
1240000	-33.50815	0	-33.50815	0.0455992	0.0729051	0.407396	0.300805	0.293644	0.247527	1.76329	0.204771	0.0227443
1250000	-29.58268	0	-29.58268	0.0798296	0.0883918	0.16165	0.26349	0.102666	0.0674358	1.26612	0.0817445	0.0130316
1260000	-26.33191	0	-26.33191	0.171189	0.173882	0.183388	0.128957	0.107389	0.13561	1.15491	0.164951	0.524476
1270000	-26.97053	0	-26.97053	0.221008	0.176591	0.189448	0.158526	0.140186	0.233154	2.84416	0.440452	0.263643
1280000	-21.50173	0	-21.50173	0.0716068	0.226128	0.098869	0.112661	0.111573	0.156028	1.13165	0.140858	1.75915
1290000	-26.83367	0	-26.83367	0.08648	0.150758	0.193235	0.26375	0.184862	0.0774248	1.93434	0.212663	0.0546491
1300000	-31.52087	0	-31.52087	0.104596	0.13352	0.172541	0.101484	0.163679	0.035607	0.681362	0.0686857	0.00140999
1310000	-28.40132	0	-28.40132	0.129902	0.0994152	0.317859	0.126329	0.167143	0.106178	0.929154	0.317076	0.00651959
1320000	-20.55681	0	-20.55681	0.110165	0.290428	0.232068	0.311995	0.125657	0.14206	3.53728	0.626677	0.402248
1330000	-39.6795	0	-39.6795	0.0721806	0.306476	0.125246	0.17643	0.0389861	0.079842	0.782553	0.0620992	0.0294603
1340000	-31.09838	0	-31.09838	0.245001	0.192646	0.0981939	0.261056	0.21133	0.142468	1.04209	0.597307	0.634103
1350000	-19.38312	0	-19.38312	0.125525	0.0898313	0.13721	0.235571	0.0548233	0.225902	2.90721	0.202988	2.43048
1360000	-35.1806	0	-35.1806	0.0930181	0.157336	0.141772	0.280764	0.13036	0.0768327	0.588564	0.0320664	0.00455514
1370000	-23.19093	0	-23.19093	0.112202	0.217958	0.219834	0.269968	0.105201	0.169191	1.84213	0.151753	0.221507
1380000	-25.9341	0	-25.9341	0.149785	0.129158	0.0669063	0.291213	0.0736177	0.185399	1.96729	0.32383	0.892408
1390000	-25.7804	0	-25.7804	0.123906	0.213549	0.0665545	0.215581	0.120928	0.240504	1.61489	0.416617	2.15635
1400000	-24.89276	0	-24.89276	0.108436	0.215367	0.0499425	0.472508	0.110876	0.0506336	1.91565	0.0985233	0.10808
1410000	-21.40299	0	-21.40299	0.205173	0.0894342	0.294167	0.382942	0.152322	0.052469	2.66206	0.19829	0.0482334
1420000	-27.22441	0	-27.22441	0.111415	0.235541	0.129524	0.29806	0.0880297	0.185707	0.644763	0.28217	0.0765515
1430000	-33.05507	0	-33.05507	0.0638036	0.170532	0.153523	0.249631	0.0853429	0.0661652	0.606467	0.0429968	0.14826
1440000	-23.76072	0	-23.76072	0.10916	0.285195	0.0804698	0.291936	0.0425923	0.0819908	1.65761	0.0815925	0.0142399
1450000	-28.72768	0	-28.72768	0.286077	0.0977366	0.112743	0.211495	0.204049	0.233442	1.22301	0.176758	0.043955
1460000	-22.42316	0	-22.42316	0.0614929	0.222636	0.331968	0.195414	0.209125	0.110447	1.10529	0.351865	0.27726
1470000	-31.02475	0	-31.02475	0.0646518	0.175535	0.221773	0.401199	0.0994878	0.118861	1.41176	0.116631	0.00611366
1480000	-20.9935	0	-20.9935	0.0519037	0.241291	0.144172	0.181795	0.0873162	0.143607	3.9213	0.212436	0.16091
1490000	-22.2068	0	-22.2068	0.0775066	0.251595	0.15536	0.165677	0.134172	0.0690637	1.61887	0.314652	1.40666
1500000	-27.13941	0	-27.13941	0.157148	0.241999	0.129037	0.122172	0.140996	0.101259	1.03214	0.0798343	1.34849
1510000	-27.84601	0	-27.84601	0.0539334	0.185836	0.128105	0.291598	0.0859235	0.265627	1.2644	0.32464	1.49462
1520000	-27.93782	0	-27.93782	0.123438	0.277412	0.0688475	0.769061	0.131956	0.0983097	1.51962	0.313407	0.91866
1530000	-29.54566	0	-29.54566	0.0761819	0.142963	0.199029	0.179654	0.228974	0.155256	1.68684	0.702617	0.00185221
1540000	-27.38458	0	-27.38458	0.144984	0.206601	0.130778	0.314989	0.0799677	0.130046	1.92483	0.112316	0.00180055
1550000	-23.28459	0	-23.28459	0.146436	0.450927	0.0652659	0.23985	0.199108	0.106339	1.8049	0.562039	0.31556
1560000	-24.77604	0	-24.77604	0.0925568	0.534264	0.0978852	0.493551	0.160355	0.194452	1.71319	0.279222	0.213435
1570000	-24.52827	0	-24.52827	0.128971	0.212428	0.125229	0.201882	0.188983	0.102468	0.91813	0.382938	0.470522
1580000	-22.55402	0	-22.55402	0.131118	0.150559	0.0525406	0.282128	0.0746635	0.229961	1.72112	0.312387	1.47335
1590000	-18.06483	0	-18.06483	0.0965006	0.180606	0.123651	0.265476	0.0601162	0.245685	3.01089	0.372342	0.0135928
1600000	-22.77656	0	-22.77656	0.051103	0.270481	0.0992937	0.186668	0.181552	0.229782	0.829905	0.272456	0.272208
1610000	-31.39403	0	-31.39403	0.06238	0.35797	0.468445	0.220204	0.164813	0.125667	0.865729	0.0668756	0.0961862
1620000	-25.07334	0	-25.07334	0.0398868	0.265706	0.14649	0.243413	0.185715	0.144781	1.20792	0.108512	0.180782
1630000	-19.68523	0	-19.68523	0.205683	0.251626	0.267494	0.370288	0.0903727	0.0688792	1.61354	0.612212	0.0600089
1640000	-25.55557	0	-25.55557	0.102188	0.207975	0.185119	0.184867	0.114123	0.195066	1.44644	0.233683	0.964393
1650000	-27.08136	0	-27.08136	0.13978	0.45108	0.194966	0.167535	0.201052	0.181234	0.945612	0.491036	3.19193
1660000	-23.19764	0	-23.19764	0.104358	0.24058	0.271199	0.153247	0.0894295	0.147596	2.7436	0.365146	0.0555734
1670000	-28.93023	0	-28.93023	0.133207	0.0978092	0.0851564	0.122616	0.171709	0.112134	2.72296	0.348582	0.0743826
1680000	-22.23113	0	-22.23113	0.350445	0.167469	0.0670968	0.219112	0.179006	0.173833	1.60547	0.243459	1.18013
1690000	-22.64227	0	-22.64227	0.14905	0.206329	0.14346	0.197673	0.081702	0.0583303	1.29329	0.169017	0.175952
1700000	-24.73656	0	-24.73656	0.0920503	0.13103	0.250001	0.207301	0.118012	0.174634	2.15255	0.0511246	0.480351
1710000	-23.47962	0	-23.47962	0.158776	0.175471	0.0538379	0.400315	0.10084	0.0746456	1.24537	0.639947	0.749881
1720000	-24.29276	0	-24.29276	0.221085	0.0692709	0.160832	0.245043	0.10026	0.266919	1.34962	0.144949	0.406385
1730000	-26.24857	0	-26.24857	0.112196	0.120362	0.243559	0.508707	0.0792365	0.112739	1.94443	0.0897418	0.0824046
1740000	-29.16235	0	-29.16235	0.0849751	0.370277	0.151904	0.464469	0.163331	0.137222	1.06395	0.822688	0.30029
1750000	-25.199	0	-25.199	0.12237	0.435108	0.132316	0.197294	0.104283	0.142715	0.878975	0.365479	0.569614
1760000	-20.9986	0	-20.9986	0.0989216	0.23839	0.0889482	0.325225	0.0745902	0.206673	2.54686	0.251013	0.114213
1770000	-22.47759	0	-22.47759	0.12203	0.176533	0.195733	0.356929	0.1777	0.124225	2.22359	0.320523	1.66198
1780000	-24.98555	0	-24.98555	0.295538	0.241953	0.13731	0.197667	0.268863	0.0972851	3.93928	1.06076	0.539702
1790000	-23.6194	0	-23.6194	0.141118	0.358974	0.167818	0.102843	0.21293	0.0964396	2.48796	0.320295	0.351347
1800000	-26.39034	0	-26.39034	0.105477	0.243507	0.154013	0.243484	0.149665	0.0820864	1.38019	0.105966	1.42053
1810000	-20.55117	0	-20.55117	0.0648143	0.327466	0.139606	0.376433	0.163395	0.21912	2.19811	0.583045	0.463675
1820000	-22.72391	0	-22.72391	0.0853473	0.403523	0.138345	0.360318	0.139947	0.116742	1.62472	0.202338	2.0514
1830000	-26.74585	0	-26.74585	0.253637	0.154682	0.189337	0.136511	0.0672853	0.0777771	3.4611	0.302633	0.12299
1840000	-31.33789	0	-31.33789	0.129198	0.120049	0.296401	0.233243	0.108067	0.101816	1.1834	0.219913	0.0784086
1850000	-26.58465	0	-26.58465	0.0818356	0.507056	0.144172	0.201595	0.0878409	0.142216	1.38943	0.250284	0.325941
1860000	-32.88237	0	-32.88237	0.0820715	0.344554	0.168466	0.358352	0.190637	0.126887	1.72762	0.130211	0.0411036
1870000	-21.25778	0	-21.25778	0.101262	0.222243	0.137327	0.369154	0.0511127	0.0878497	2.31972	0.234776	0.59205
1880000	-18.34643	0	-18.34643	0.120747	0.2374	0.124247	0.210303	0.0898625	0.101042	1.67232	0.274557	0.215361
1890000	-28.24248	0	-28.24248	0.227827	0.171194	0.3194	0.311298	0.179521	0.0737675	2.97188	0.200926	0.333599
1900000	-23.80779	0	-23.80779	0.203288	0.277627	0.136616	0.187573	0.164928	0.057161	1.49449	0.117342	0.217026
1910000	-35.05596	0	-35.05596	0.11067	0.278097	0.256573	0.0971219	0.349781	0.212686	0.873043	0.421371	0.486153
1920000	-27.3567	0	-27.3567	0.216415	0.161102	0.180032	0.170128	0.0376938	0.139488	0.652061	0.127142	0.192343
1930000	-34.49993	0	-34.49993	0.0867086	0.201244	0.184932	0.125571	0.159368	0.0651646	2.25535	0.235932	0.0013122
1940000	-24.09257	0	-24.09257	0.0697686	0.203792	0.206875	0.254354	0.10102	0.0791353	0.991641	0.24526	1.86782
1950000	-18.09106	0	-18.09106	0.118154	0.373818	0.0625594	0.24185	0.116523	0.275279	3.85681	0.924549	0.237038
1960000	-22.62963	0	-22.62963	0.183957	0.222739	0.0634397	0.22119	0.0776458	0.367189	3.49341	0.481824	0.0178804
1970000	-30.82569	0	-30.82569	0.0615032	0.158251	0.406061	0.332661	0.0864843	0.117084	1.42901	0.531187	2.57471
1980000	-28.91693	0	-28.91693	0.118294	0.163846	0.21373	0.2669	0.195477	0.0764514	2.66224	0.136119	0.0061153
1990000	-25.20669	0	-25.20669	0.11935	0.236343	0.233111	0.182475	0.0891179	0.0950391	1.64021	0.122594	0.0211997
2000000	-24.22905	0	-24.22905	0.0667688	0.283565	0.116829	0.321074	0.0859758	0.131735	1.46498	0.338087	0.263673
2010000	-25.08695	0	-25.08695	0.104862	0.0969532	0.199954	0.188831	0.0714961	0.165512	1.69139	0.381159	0.352457
2020000	-32.97903	0	-32.97903	0.193779	0.201631	0.104918	0.293254	0.0792413	0.0875094	2.92775	0.253835	0.093902
2030000	-25.99924	0	-25.99924	0.107656	0.229133	0.129283	0.143866	0.155428	0.0819935	2.10041	0.549461	0.164601
2040000	-24.09747	0	-24.09747	0.0595171	0.223707	0.403317	0.347325	0.16107	0.0671779	1.27126	0.111601	0.303932
2050000	-28.63342	0	-28.63342	0.11588	0.289827	0.208611	0.442507	0.225245	0.0558885	2.32661	0.0771191	3.47074
2060000	-26.40427	0	-26.40427	0.113742	0.154705	0.225281	0.254671	0.151829	0.130689	1.11801	0.0315286	0.0204418
2070000	-27.32474	0	-27.32474	0.0861606	0.386766	0.0786192	0.313336	0.128036	0.248857	1.05405	0.317887	0.300287
2080000	-23.90958	0	-23.90958	0.124069	0.445203	0.084049	0.34523	0.239158	0.324059	0.951045	0.433081	1.92498
2090000	-22.92271	0	-22.92271	0.111077	0.0940501	0.131215	0.352928	0.0816429	0.180275	1.94246	0.157359	0.0819172
2100000	-29.22107	0	-29.22107	0.10956	0.273332	0.199895	0.187004	0.0746924	0.134056	0.641064	0.778953	1.31292
2110000	-27.13533	0	-27.13533	0.155089	0.49359	0.166361	0.300441	0.142434	0.134492	3.02167	0.414987	0.424592
2120000	-30.90215	0	-30.90215	0.0552161	0.0741776	0.0954029	0.260806	0.0533449	0.0620289	1.73065	0.142974	0.0354606
2130000	-22.48107	0	-22.48107	0.133258	0.342078	0.230515	0.196713	0.0985488	0.10128	1.11352	0.301759	0.0817299
2140000	-22.89543	0	-22.89543	0.0795976	0.190042	0.170686	0.215409	0.178721	0.112712	1.82145	0.246761	0.0586392
2150000	-20.9494	0	-20.9494	0.0740284	0.158097	0.242482	0.411603	0.194107	0.130162	1.97983	0.353424	0.169257
2160000	-20.68901	0	-20.68901	0.0685602	0.212525	0.134168	0.0844396	0.123889	0.148599	2.53065	0.220246	0.220488
2170000	-22.95405	0	-22.95405	0.121339	0.40071	0.149976	0.354184	0.187801	0.0916692	2.15374	0.170372	0.39618
2180000	-26.7146	0	-26.7146	0.107393	0.345311	0.0698797	0.212936	0.0907721	0.108508	1.14093	0.0505164	1.98782
2190000	-28.90449	0	-28.90449	0.0799981	0.164561	0.316009	0.223979	0.0859379	0.171786	2.00317	0.100666	0.150776
2200000	-23.28655	0	-23.28655	0.0919267	0.243867	0.149924	0.237073	0.179539	0.139194	2.5953	0.203128	1.69696
2210000	-19.68766	0	-19.68766	0.0902137	0.239888	0.166506	0.190171	0.160338	0.215402	4.15926	0.159829	0.620119
2220000	-24.8187	0	-24.8187	0.0525045	0.257203	0.142307	0.352225	0.0395899	0.123603	1.91089	0.168882	0.21928
2230000	-27.4863	0	-27.4863	0.0398952	0.12478	0.104176	0.0849902	0.0869478	0.156344	2.8907	0.137906	0.0644158
2240000	-19.09263	0	-19.09263	0.16104	0.192428	0.14249	0.233499	0.0626026	0.199292	3.67846	0.454907	1.01021
2250000	-22.69287	0	-22.69287	0.0908976	0.337994	0.162754	0.177053	0.0816618	0.0731067	0.966169	0.595599	0.0298425
2260000	-24.68578	0	-24.68578	0.104911	0.253438	0.037734	0.301806	0.0962989	0.165358	0.88518	0.0920571	2.49905
2270000	-21.51803	0	-21.51803	0.0938354	0.22186	0.120145	0.121629	0.149668	0.0767979	1.69207	0.101514	0.548168
2280000	-32.50525	0	-32.50525	0.0936988	0.129838	0.148833	0.248907	0.202466	0.0788019	1.56004	0.437728	0.0126766
2290000	-31.23713	0	-31.23713	0.104495	0.102555	0.188184	0.290588	0.101675	0.44952	0.630446	0.110366	1.00365
2300000	-29.79438	0	-29.79438	0.0959027	0.32515	0.252908	0.201659	0.283609	0.275148	1.06681	0.0876147	0.164729
2310000	-24.75405	0	-24.75405	0.143575	0.211257	0.134727	0.133609	0.292275	0.139243	2.19043	0.11119	4.42299
2320000	-27.65819	0	-27.65819	0.0429879	0.355982	0.214878	0.157992	0.144324	0.181896	1.18913	0.129879	0.704874
2330000	-22.87854	0	-22.87854	0.114101	0.235034	0.135208	0.154838	0.103449	0.146291	2.11306	0.809924	1.49912
2340000	-28.90909	0	-28.90909	0.0886163	0.186744	0.117741	0.173138	0.134695	0.15239	0.454736	0.287623	0.0454784
2350000	-27.64589	0	-27.64589	0.0883874	0.0715089	0.106785	0.133816	0.10105	0.0593748	0.928458	0.120905	0.068027
2360000	-25.98058	0	-25.98058	0.202334	0.244547	0.0699511	0.279722	0.112086	0.0801142	1.84141	0.356072	0.100909
2370000	-27.20185	0	-27.20185	0.252586	0.14	0.0851271	0.0689749	0.15988	0.133641	4.12351	0.249287	0.204444
2380000	-20.44198	0	-20.44198	0.0975205	0.21694	0.166544	0.212084	0.119489	0.0949934	0.733715	0.0915646	0.627114
2390000	-16.72584	0	-16.72584	0.121401	0.235659	0.279883	0.10329	0.119278	0.136794	2.61166	0.816897	0.413159
2400000	-19.34694	0	-19.34694	0.194125	0.18716	0.112803	0.309765	0.174945	0.16507	5.44337	0.226718	0.0493568
2410000	-31.73449	0	-31.73449	0.0754801	0.139217	0.0556138	0.207492	0.104385	0.230308	0.742954	0.296317	0.000499932
2420000	-30.59814	0	-30.59814	0.208415	0.133214	0.140344	0.278446	0.125773	0.282484	1.66799	0.140915	0.552858
2430000	-23.6388	0	-23.6388	0.15347	0.108503	0.0938867	0.198691	0.0731291	0.048593	2.08922	0.26678	0.168456
2440000	-26.71404	0	-26.71404	0.0878604	0.118323	0.164087	0.38364	0.124768	0.382818	5.21714	0.0995203	0.10095
2450000	-19.80654	0	-19.80654	0.0549352	0.0995082	0.0897115	0.239496	0.120145	0.132847	2.75416	0.145811	0.64848
2460000	-26.66105	0	-26.66105	0.137205	0.233186	0.061663	0.241128	0.079459	0.244859	0.260197	0.378218	0.201666
2470000	-25.23206	0	-25.23206	0.0854211	0.164766	0.185009	0.194458	0.0749086	0.144055	2.27361	0.0840761	1.0901
2480000	-36.59652	0	-36.59652	0.204095	0.0984897	0.186128	0.197814	0.104847	0.0975564	2.89052	0.142187	0.00523613
2490000	-26.56331	0	-26.56331	0.278719	0.298018	0.245034	0.362996	0.257919	0.173338	2.26779	0.20833	0.139098
2500000	-22.08174	0	-22.08174	0.110454	0.213195	0.0770399	0.246432	0.0909017	0.246539	3.21505	0.158108	0.0489312
2510000	-27.52511	0	-27.52511	0.0994974	0.103003	0.313321	0.24078	0.136657	0.181646	2.74635	0.0191148	0.28323
2520000	-23.20628	0	-23.20628	0.123452	0.189528	0.119913	0.306432	0.133257	0.153343	1.46254	0.126579	3.27272
2530000	-30.16989	0	-30.16989	0.127028	0.249958	0.0746992	0.298316	0.134062	0.0874672	1.20607	0.102387	0.181751
2540000	-26.74352	0	-26.74352	0.0929123	0.0827266	0.195987	0.28975	0.190925	0.165093	3.11503	0.292481	0.488448
2550000	-34.1928	0	-34.1928	0.0533178	0.158565	0.306876	0.254003	0.0866153	0.10852	0.452129	0.356197	0.00909575
2560000	-28.54464	0	-28.54464	0.0938141	0.158216	0.235157	0.141314	0.07023	0.184168	0.518527	0.0591295	0.00753098
2570000	-26.65256	0	-26.65256	0.110012	0.386202	0.281315	0.235795	0.161707	0.150333	1.27713	0.10693	1.28267
2580000	-27.97346	0	-27.97346	0.0907058	0.370187	0.172503	0.199712	0.0595711	0.131295	1.35578	0.106557	0.211612
2590000	-30.55774	0	-30.55774	0.084448	0.135738	0.183586	0.260744	0.138935	0.0988123	2.11627	0.0668645	0.0459648
2600000	-29.50459	0	-29.50459	0.244615	0.194757	0.207872	0.561485	0.130696	0.113403	5.05623	0.0342897	0.107834
2610000	-26.16097	0	-26.16097	0.0853014	0.119857	0.205413	0.271699	0.0624471	0.0826962	0.509395	0.0767846	0.0253251
2620000	-29.87857	0	-29.87857	0.185245	0.172453	0.21397	0.22136	0.0738459	0.10729	1.56681	0.372741	0.0431482
2630000	-18.29294	0	-18.29294	0.143358	0.181757	0.171378	0.280857	0.13138	0.276576	3.24487	0.311097	0.13967
2640000	-23.2188	0	-23.2188	0.0505139	0.218969	0.116804	0.453978	0.145203	0.162469	3.25371	0.84198	0.983615
2650000	-24.73214	0	-24.73214	0.121348	0.12799	0.180478	0.27219	0.176094	0.0401582	2.47666	0.546859	0.430362
2660000	-20.08676	0	-20.08676	0.12493	0.19224	0.137765	0.135654	0.194285	0.0962293	1.48433	0.208816	1.03971
2670000	-27.45081	0	-27.45081	0.13811	0.367789	0.0434119	0.159876	0.0745893	0.20814	1.00514	0.0476623	0.0682407
2680000	-30.75312	0	-30.75312	0.107291	0.321153	0.111521	0.304534	0.168778	0.446114	0.445122	0.151107	1.53701
2690000	-28.03694	0	-28.03694	0.131627	0.0489472	0.170988	0.363804	0.104358	0.319029	2.02735	0.257084	0.109787
2700000	-21.53063	0	-21.53063	0.127569	0.106014	0.104657	0.251552	0.136084	0.0801079	1.90718	0.140863	0.574824
2710000	-24.91481	0	-24.91481	0.194479	0.126481	0.110436	0.331379	0.158336	0.202091	2.73076	0.423087	0.0354144
2720000	-26.27579	0	-26.27579	0.048378	0.102224	0.0747817	0.287149	0.208127	0.0895713	2.62223	0.358429	0.20111
2730000	-23.87216	0	-23.87216	0.0744051	0.297383	0.248698	0.216105	0.111893	0.224658	1.73373	0.215606	0.25743
2740000	-32.28946	0	-32.28946	0.0825568	0.10946	0.15902	0.190668	0.213292	0.157113	0.673356	0.0607024	0.0193415
2750000	-24.54134	0	-24.54134	0.0560648	0.185366	0.0802202	0.0946978	0.116005	0.085613	0.624259	0.727832	1.18169
2760000	-28.51157	0	-28.51157	0.36081	0.330968	0.262029	0.196615	0.235015	0.0634245	2.14103	0.102523	0.0426822
2770000	-21.67191	0	-21.67191	0.0437212	0.206148	0.1153	0.242145	0.142677	0.187876	1.28302	0.195619	0.147595
2780000	-22.87708	0	-22.87708	0.169849	0.272456	0.0738918	0.221671	0.0794762	0.199071	2.09862	0.033452	0.35103
2790000	-27.04475	0	-27.04475	0.180618	0.0776317	0.149827	0.326935	0.0808371	0.074101	0.843697	0.0694353	0.0127285
2800000	-28.39324	0	-28.39324	0.167088	0.312403	0.0854322	0.165924	0.0858251	0.121185	0.755346	0.173459	0.247852
2810000	-18.88561	0	-18.88561	0.146657	0.250362	0.129782	0.165651	0.179715	0.121326	2.25015	0.403101	0.1964
2820000	-27.74799	0	-27.74799	0.0847049	0.287896	0.126627	0.243288	0.105585	0.179903	1.38729	0.147117	0.360024
2830000	-26.91185	0	-26.91185	0.181549	0.108895	0.435534	0.256295	0.147577	0.163626	1.65755	0.0926849	1.82035
2840000	-29.59033	0	-29.59033	0.143434	0.142554	0.193513	0.259175	0.129	0.54673	0.708602	0.426124	0.599853
2850000	-20.27647	0	-20.27647	0.105682	0.229649	0.0626441	0.415741	0.154689	0.19455	1.96221	0.126181	0.983086
2860000	-22.43396	0	-22.43396	0.238514	0.262246	0.161965	0.212535	0.299161	0.130239	2.98976	0.238639	0.981087
2870000	-17.86684	0	-17.86684	0.0986322	0.310027	0.117393	0.217471	0.123586	0.0925788	1.65453	0.301398	0.978593
2880000	-21.24803	0	-21.24803	0.137136	0.259511	0.179753	0.182898	0.198201	0.158211	2.25207	0.21273	0.295701
2890000	-36.63666	0	-36.63666	0.129372	0.245383	0.123275	0.21237	0.0676726	0.0669638	1.82084	0.137454	8.90496e-05
2900000	-25.04722	0	-25.04722	0.122492	0.581442	0.250366	0.183485	0.200459	0.207952	1.38935	0.136943	0.0081197
2910000	-30.88628	0	-30.88628	0.100732	0.0993854	0.259025	0.359577	0.154795	0.157615	1.44901	0.235028	0.076432
2920000	-26.11371	0	-26.11371	0.0530143	0.682116	0.0920626	0.372588	0.153357	0.225963	1.6285	0.241375	0.599759
2930000	-23.33905	0	-23.33905	0.183495	0.199481	0.162838	0.206852	0.130737	0.189176	1.68017	0.486075	1.59104
2940000	-24.19473	0	-24.19473	0.290297	0.21129	0.157732	0.287006	0.0754596	0.132912	3.38422	0.0831122	1.39102
2950000	-24.77505	0	-24.77505	0.173136	0.133084	0.231614	0.292348	0.0772909	0.114416	1.78659	0.385678	1.84824
2960000	-27.02517	0	-27.02517	0.173696	0.157938	0.178171	0.170536	0.183042	0.0856427	1.12016	0.10349	0.0733974
2970000	-27.18254	0	-27.18254	0.171276	0.0622087	0.13735	0.26103	0.0828604	0.126421	1.42604	0.0846496	0.488288
2980000	-23.18956	0	-23.18956	0.0640178	0.492902	0.0730964	0.266701	0.110129	0.146281	2.1461	0.155272	1.38684
2990000	-31.56292	0	-31.56292	0.0839485	0.216966	0.425887	0.167484	0.126517	0.303064	0.705912	0.164827	0.0728161
3000000	-23.52959	0	-23.52959	0.164683	0.399302	0.14198	0.198682	0.103969	0.193959	2.73252	0.159894	0.306169
3010000	-30.08897	0	-30.08897	0.11307	0.316443	0.190862	0.294639	0.045255	0.0385879	1.0202	0.214881	0.185886
3020000	-23.04932	0	-23.04932	0.129193	0.303243	0.0657486	0.311496	0.0846647	0.0508431	0.584989	0.221717	0.0131599
3030000	-42.77742	0	-42.77742	0.0619666	0.173459	0.0467784	0.261076	0.169246	0.0425807	0.263332	0.0915704	0.000104231
3040000	-31.8212	0	-31.8212	0.0875978	0.0984875	0.153413	0.1735	0.106396	0.420713	1.02818	0.399309	0.326048
3050000	-25.54079	0	-25.54079	0.12411	0.147099	0.213136	0.227739	0.158001	0.143957	2.03823	0.608878	3.90533
3060000	-22.50615	0	-22.50615	0.100358	0.127361	0.105761	0.24425	0.142104	0.301909	3.32406	0.706896	0.569194
3070000	-29.77102	0	-29.77102	0.363425	0.318979	0.134926	0.578938	0.253226	0.166922	1.70869	0.239161	0.364685
3080000	-23.90053	0	-23.90053	0.0947951	0.225766	0.0910117	0.150555	0.197195	0.206369	1.53934	0.202254	0.155329
3090000	-18.99025	0	-18.99025	0.110873	0.136622	0.154893	0.31192	0.0670214	0.136935	2.23262	0.297909	0.144816
3100000	-23.42748	0	-23.42748	0.121415	0.199122	0.138541	0.282217	0.0988377	0.0887294	2.75769	0.205534	0.075366
3110000	-28.82507	0	-28.82507	0.0643943	0.303208	0.215282	0.256916	0.153321	0.078775	1.18129	0.150514	0.416633
3120000	-24.45499	0	-24.45499	0.116527	0.503329	0.0820823	0.306524	0.0908378	0.196902	1.19782	0.10414	0.151824
3130000	-28.33721	0	-28.33721	0.123559	0.132121	0.217215	0.467033	0.104741	0.0450016	0.92968	0.143865	0.0174844
3140000	-28.219	0	-28.219	0.0572232	0.140782	0.195006	0.160842	0.0820215	0.104129	1.99568	0.214097	0.221256
3150000	-21.08237	0	-21.08237	0.158482	0.206392	0.101252	0.239815	0.203966	0.05493	2.83423	0.240716	0.192289
3160000	-33.73831	0	-33.73831	0.255403	0.346935	0.117045	0.186215	0.219503	0.0487539	1.26878	0.0793814	0.630022
3170000	-35.61552	0	-35.61552	0.0544683	0.274677	0.071662	0.130525	0.0662151	0.12526	1.92816	0.180002	0.0182314
3180000	-17.75865	0	-17.75865	0.0623121	0.209063	0.174417	0.247741	0.136872	0.106376	2.49509	0.151675	0.161076
3190000	-28.87414	0	-28.87414	0.0809198	0.41342	0.241761	0.333718	0.269084	0.0943557	1.32759	0.686076	0.599228
3200000	-30.75019	0	-30.75019	0.111806	0.0568149	0.291402	0.190616	0.0760262	0.13388	1.43786	0.0430875	0.0303094
3210000	-24.10959	0	-24.10959	0.124938	0.185969	0.0815122	0.52032	0.121716	0.141671	2.96141	0.0653603	2.42199
3220000	-26.57097	0	-26.57097	0.138963	0.113385	0.18699	0.196095	0.0966445	0.281073	1.15746	0.178815	0.180296
3230000	-27.66245	0	-27.66245	0.0676385	0.5343	0.0638397	0.235609	0.11389	0.114934	1.2196	0.391569	2.1123
3240000	-29.72354	0	-29.72354	0.0606844	0.104922	0.381908	0.290703	0.0526056	0.225081	2.39415	0.209529	0.350951
3250000	-26.80477	0	-26.80477	0.137053	0.276516	0.0723651	0.167125	0.143011	0.0636574	2.71015	0.367121	0.0170346
3260000	-23.24858	0	-23.24858	0.130345	0.197651	0.111364	0.221965	0.123208	0.21776	0.989966	0.330265	0.188038
3270000	-26.49147	0	-26.49147	0.137041	0.275949	0.14907	0.303257	0.166002	0.229138	0.78608	0.361898	1.51641
3280000	-31.5477	0	-31.5477	0.118497	0.292605	0.132643	0.190375	0.528534	0.184173	1.60982	1.8979	2.38421
3290000	-27.54064	0	-27.54064	0.0691096	0.143817	0.157253	0.168237	0.117264	0.187264	1.26293	0.202843	0.414075
3300000	-26.53391	0	-26.53391	0.179325	0.134788	0.0572078	0.247115	0.15482	0.119218	0.824221	0.184083	0.471782
3310000	-30.61473	0	-30.61473	0.0470574	0.133119	0.13634	0.468327	0.225203	0.0702505	1.44839	0.0600434	0.132771
3320000	-26.71034	0	-26.71034	0.0922129	0.186794	0.409267	0.18799	0.100675	0.0673828	1.81634	0.162201	0.0578746
3330000	-27.61385	0	-27.61385	0.115089	0.25259	0.0988241	0.227523	0.140556	0.144574	1.0773	0.150331	0.235487
3340000	-26.82549	0	-26.82549	0.0413183	0.195788	0.123409	0.441032	0.266691	0.221757	2.10517	0.357607	0.726646
3350000	-17.23855	0	-17.23855	0.0853347	0.165847	0.0762567	0.200865	0.0883298	0.107008	2.47954	0.741361	0.60443
3360000	-29.76537	0	-29.76537	0.0572697	0.151807	0.287993	0.242518	0.0678359	0.0631974	0.993305	0.120447	0.0625688
3370000	-28.89545	0	-28.89545	0.0979597	0.392043	0.24401	0.332163	0.0846507	0.307134	0.402992	0.514485	0.951367
3380000	-23.52636	0	-23.52636	0.112502	0.0690512	0.395529	0.229786	0.171137	0.137885	3.17714	0.13987	0.0620857
3390000	-32.26384	0	-32.26384	0.213782	0.177318	0.144103	0.120773	0.123846	0.0748806	1.15313	0.0982343	0.0475218
3400000	-25.44342	0	-25.44342	0.141046	0.176845	0.203938	0.315346	0.120097	0.368009	5.32153	0.320553	0.0246477
3410000	-29.80263	0	-29.80263	0.142813	0.135155	0.0568336	0.297704	0.17114	0.192877	2.21898	0.250754	0.0350388
3420000	-21.7399	0	-21.7399	0.104316	0.136427	0.078727	0.352184	0.0869505	0.124811	1.37547	0.0546002	0.985883
3430000	-23.6209	0	-23.6209	0.183611	0.23206	0.232016	0.368611	0.191117	0.157577	2.66457	0.441183	0.206962
3440000	-21.74151	0	-21.74151	0.133401	0.209033	0.145593	0.165103	0.115006	0.163759	1.33971	0.279016	1.69473
3450000	-23.20011	0	-23.20011	0.068449	0.190137	0.089627	0.161347	0.0912535	0.279932	2.47027	1.13546	0.952208
3460000	-32.61535	0	-32.61535	0.266665	0.27642	0.21182	0.172665	0.1136	0.128683	0.991389	0.0764601	0.0135265
3470000	-29.73357	0	-29.73357	0.176423	0.216262	0.212928	0.224408	0.147445	0.164813	1.98623	0.181876	0.00364448
3480000	-24.65799	0	-24.65799	0.159829	0.194641	0.0830706	0.11689	0.100709	0.137289	1.75309	0.258759	0.0901591
3490000	-31.07289	0	-31.07289	0.265177	0.187275	0.128404	0.141679	0.164482	0.14107	3.22507	0.376891	0.0100844
3500000	-29.73393	0	-29.73393	0.0722763	0.226472	0.219051	0.494864	0.0711234	0.191418	0.865456	0.18133	0.317902
3510000	-26.80437	0	-26.80437	0.0972906	0.158085	0.366097	0.175153	0.0670939	0.0908627	0.989647	0.0871522	0.0491175
3520000	-23.05286	0	-23.05286	0.116654	0.274735	0.18299	0.341932	0.277673	0.131428	1.83301	0.257836	0.336992
3530000	-35.68864	0	-35.68864	0.133042	0.0976596	0.159819	0.317221	0.111595	0.0986619	2.83888	0.0660776	0.00306402
3540000	-26.02429	0	-26.02429	0.10504	0.198487	0.219121	0.301962	0.161916	0.13384	2.68857	0.102085	0.0733731
3550000	-26.13205	0	-26.13205	0.102418	0.286421	0.0362667	0.204344	0.101272	0.191117	1.37587	0.290702	0.713831
3560000	-33.33218	0	-33.33218	0.14417	0.405798	0.129918	0.256811	0.0376221	0.354396	1.0842	0.128826	0.134313
3570000	-21.53895	0	-21.53895	0.121374	0.290234	0.154479	0.153732	0.0753651	0.119054	0.980939	0.0748566	0.0124028
3580000	-18.70579	0	-18.70579	0.0680141	0.197002	0.0706693	0.2314	0.0666907	0.16316	4.66591	0.212595	0.409212
3590000	-22.71366	0	-22.71366	0.0669095	0.354068	0.129758	0.186989	0.182137	0.311038	3.66482	0.200059	1.45865
3600000	-30.67025	0	-30.67025	0.0986275	0.491043	0.0282649	0.279586	0.0854654	0.110548	2.65753	0.0992556	0.407932
3610000	-24.82225	0	-24.82225	0.0606595	0.259049	0.337003	0.276667	0.106342	0.124938	1.51676	0.28075	0.211848
3620000	-24.70194	0	-24.70194	0.100825	0.227035	0.338906	0.167027	0.292899	0.193764	2.26332	0.765476	1.8512
3630000	-24.62779	0	-24.62779	0.133183	0.178454	0.0885566	0.441564	0.122214	0.274134	1.37287	0.31408	0.986747
3640000	-19.68983	0	-19.68983	0.122565	0.180798	0.180129	0.204405	0.223742	0.154786	2.17555	0.39287	0.0759947
3650000	-21.97363	0	-21.97363	0.107796	0.136328	0.0751512	0.123811	0.12488	0.15506	2.41253	0.295173	0.417837
3660000	-23.6497	0	-23.6497	0.0918411	0.216075	0.329116	0.220524	0.128173	0.127767	2.37912	0.213543	0.14326
3670000	-24.87997	0	-24.87997	0.0568739	0.329929	0.186161	0.167504	0.111028	0.151998	0.752127	0.0638069	0.311905
3680000	-31.35027	0	-31.35027	0.0771883	0.236378	0.0925611	0.400603	0.0877198	0.11833	0.95951	0.168559	0.189224
3690000	-24.54955	0	-24.54955	0.231851	0.262107	0.105988	0.177057	0.0918114	0.198397	4.13697	0.243372	0.458114
3700000	-20.56754	0	-20.56754	0.120723	0.180507	0.114953	0.231279	0.0535431	0.116927	2.58705	0.202406	0.578127
3710000	-20.68241	0	-20.68241	0.0586282	0.318587	0.140688	0.126355	0.117016	0.0920401	1.93657	0.403859	0.265622
3720000	-26.07988	0	-26.07988	0.219452	0.0984304	0.103361	0.250474	0.0946893	0.208343	1.36822	0.532937	0.064611
3730000	-27.78813	0	-27.78813	0.063788	0.296606	0.354053	0.416693	0.0981028	0.138495	1.64928	0.294347	0.423831
3740000	-27.69418	0	-27.69418	0.0576165	0.158224	0.11287	0.270197	0.236396	0.100566	0.578848	0.101684	0.617278
3750000	-21.51121	0	-21.51121	0.115309	0.256729	0.0999644	0.192812	0.100625	0.182897	1.32703	0.206291	0.125753
3760000	-22.38333	0	-22.38333	0.184369	0.205659	0.168175	0.226381	0.13726	0.275509	1.61277	0.220052	0.0870915
3770000	-33.76737	0	-33.76737	0.0721908	0.28091	0.35582	0.322967	0.18619	0.0370062	0.819544	0.04573	0.464041
3780000	-28.46104	0	-28.46104	0.0971738	0.091394	0.0836896	0.397388	0.107811	0.157275	1.50746	0.158092	0.00528363
3790000	-24.9128	0	-24.9128	0.0680709	0.111002	0.319328	0.171062	0.0909089	0.145745	1.99804	0.155116	0.0755136
3800000	-33.25975	0	-33.25975	0.127682	0.0493502	0.253197	0.241028	0.226182	0.0883677	1.31999	0.0406166	0.0051128
3810000	-27.67169	0	-27.67169	0.107953	0.116117	0.176659	0.368575	0.213946	0.121247	1.72306	0.123359	0.0472342
3820000	-25.67638	0	-25.67638	0.0642499	0.198685	0.209264	0.223556	0.0690957	0.0954084	1.80139	0.167787	0.0356274
3830000	-24.3347	0	-24.3347	0.175982	0.173357	0.0931347	0.24022	0.0959573	0.202172	1.0498	0.447126	0.885141
3840000	-21.04357	0	-21.04357	0.116186	0.341155	0.0931258	0.241577	0.207288	0.474913	4.96837	0.9113	0.505817
3850000	-24.74102	0	-24.74102	0.0318756	0.341798	0.107616	0.224549	0.143618	0.118321	1.46386	0.397156	2.40537
3860000	-31.35421	0	-31.35421	0.131351	0.105146	0.201827	0.24202	0.123042	0.162461	2.45521	0.225971	0.0805284
3870000	-22.90195	0	-22.90195	0.0988518	0.29331	0.0981424	0.184505	0.278733	0.14193	0.99384	0.311174	1.3968
3880000	-27.21193	0	-27.21193	0.0828411	0.332135	0.198882	0.179551	0.150226	0.287542	0.79275	0.10272	2.36165
3890000	-23.10963	0	-23.10963	0.116151	0.195555	0.140994	0.205445	0.137077	0.164954	2.47424	0.290435	0.224506
3900000	-34.04229	0	-34.04229	0.0908231	0.493229	0.269925	0.181143	0.264347	0.0633814	1.38656	0.480279	0.386686
3910000	-31.6023	0	-31.6023	0.145666	0.220057	0.124778	0.168217	0.301432	0.139069	1.67686	0.168853	3.16401
3920000	-28.87273	0	-28.87273	0.199082	0.113474	0.121029	0.168618	0.0936284	0.17273	0.61751	0.0750779	0.0374719
3930000	-23.45628	0	-23.45628	0.100901	0.135966	0.242755	0.162082	0.0721662	0.294866	2.44832	0.239242	0.317435
3940000	-32.11391	0	-32.11391	0.0812745	0.117847	0.204874	0.101643	0.122879	0.183784	2.52018	0.447688	0.117037
3950000	-26.1954	0	-26.1954	0.267327	0.0961564	0.128545	0.198239	0.0848562	0.0721243	3.05699	0.0946727	0.0106719
3960000	-24.84492	0	-24.84492	0.122016	0.213653	0.143048	0.184768	0.098787	0.099414	1.93883	0.089002	1.60475
3970000	-39.81147	0	-39.81147	0.120217	0.0788903	0.0776361	0.234655	0.0824688	0.0595508	1.23879	0.0331324	0.00494602
3980000	-21.77803	0	-21.77803	0.123844	0.271968	0.275456	0.285695	0.167083	0.100011	2.36837	0.201284	1.17375
3990000	-19.4562	0	-19.4562	0.0982267	0.33975	0.0896243	0.266499	0.138832	0.0782222	0.934989	0.209698	0.551974
4000000	-27.1051	0	-27.1051	0.0833785	0.421625	0.165866	0.316291	0.101725	0.0787629	2.97307	0.240203	0.17348
4010000	-18.06593	0	-18.06593	0.0815791	0.165443	0.114583	0.174558	0.142699	0.0734707	1.93532	0.134559	0.459846
4020000	-30.6083	0	-30.6083	0.125899	0.126605	0.138604	0.471064	0.105157	0.0986509	0.502651	0.0878543	0.055472
4030000	-26.56703	0	-26.56703	0.13589	0.094172	0.0831829	0.306435	0.165759	0.0749907	3.31331	0.137209	0.0141703
4040000	-22.72162	0	-22.72162	0.0810356	0.142473	0.150401	0.134473	0.291788	0.206381	1.94614	0.494062	0.00349558
4050000	-23.24813	0	-23.24813	0.0939839	0.241257	0.136506	0.158672	0.211851	0.162155	2.69958	0.333919	0.292943
4060000	-26.17829	0	-26.17829	0.139999	0.140412	0.253723	0.227455	0.0957648	0.14858	1.46116	0.212534	0.212341
4070000	-29.13029	0	-29.13029	0.110284	0.109961	0.237787	0.143951	0.126423	0.224477	1.42488	0.275042	0.176161
4080000	-26.76075	0	-26.76075	0.132831	0.208378	0.095171	0.243125	0.0706164	0.105967	1.69015	0.145505	0.0195306
4090000	-36.0961	0	-36.0961	0.0503464	0.114109	0.142741	0.116792	0.10518	0.129631	0.826943	0.0295558	9.50521e-06
4100000	-23.26578	0	-23.26578	0.0949563	0.138212	0.11867	0.235465	0.151382	0.136582	1.64659	0.0996428	0.0724395
4110000	-18.47345	0	-18.47345	0.0556349	0.241388	0.127437	0.153106	0.135177	0.127371	2.3454	0.427339	0.440543
4120000	-22.60967	0	-22.60967	0.154951	0.23215	0.172657	0.146525	0.0855568	0.0646374	1.43752	0.172106	0.308303
4130000	-26.29794	0	-26.29794	0.132913	0.156257	0.102605	0.185026	0.0694445	0.376897	1.53073	0.135554	0.193128
4140000	-25.4922	0	-25.4922	0.0967439	0.273315	0.214217	0.340689	0.209499	0.0908217	0.648609	0.08642	0.369409
4150000	-28.37077	0	-28.37077	0.215204	0.304783	0.196806	0.17901	0.0701949	0.131569	0.549925	0.0933476	0.0408993
4160000	-28.54032	0	-28.54032	0.0284401	0.241304	0.342372	0.218783	0.137055	0.0897363	1.38502	0.302445	1.11471
4170000	-18.3793	0	-18.3793	0.108877	0.261034	0.174726	0.305413	0.0583009	0.116061	3.48901	0.431895	0.040948
4180000	-25.04748	0	-25.04748	0.142549	0.201383	0.169448	0.188817	0.076531	0.0970914	2.41677	0.210216	0.191265
4190000	-29.82001	0	-29.82001	0.275794	0.558216	0.128987	0.227022	0.211753	0.0854568	2.81613	1.41395	0.514657
4200000	-27.32642	0	-27.32642	0.14093	0.439561	0.210824	0.42381	0.0926838	0.178587	1.15742	0.115758	0.00451006
4210000	-28.87028	0	-28.87028	0.0841357	0.409571	0.2085	0.268894	0.144517	0.0974931	1.94138	0.265382	0.0479503
4220000	-24.87146	0	-24.87146	0.179137	0.177126	0.133824	0.345115	0.185427	0.0724605	1.43511	0.148851	0.67781
4230000	-28.95455	0	-28.95455	0.0817764	0.0944974	0.422684	0.186411	0.155757	0.272719	2.11959	0.129128	0.0212185
4240000	-32.58014	0	-32.58014	0.187229	0.361778	0.170936	0.214932	0.264545	0.170742	1.34363	0.0564927	0.00786937
4250000	-27.00433	0	-27.00433	0.105773	0.116085	0.173971	0.413811	0.150336	0.0696445	3.15247	0.202971	0.118478
4260000	-23.33454	0	-23.33454	0.0919607	0.248723	0.068352	0.231293	0.176709	0.0438561	1.39053	0.437827	1.01838
4270000	-24.67385	0	-24.67385	0.0732108	0.190937	0.111318	0.203433	0.124074	0.149398	1.12223	0.104462	0.244788
4280000	-25.13442	0	-25.13442	0.0843431	0.31283	0.138233	0.211392	0.0540487	0.235837	2.0331	0.298871	1.55465
4290000	-32.41731	0	-32.41731	0.262844	0.301883	0.139641	0.333891	0.140963	0.16673	2.0401	0.123715	0.0680967
4300000	-25.97653	0	-25.97653	0.0828288	0.116327	0.147663	0.234326	0.136445	0.082118	1.63839	0.292654	0.0347393
4310000	-24.21847	0	-24.21847	0.110706	0.215979	0.120698	0.183894	0.142554	0.0537633	1.80819	0.352619	0.996949
4320000	-22.51057	0	-22.51057	0.14112	0.242487	0.0563339	0.208273	0.0782168	0.13045	0.880364	0.226223	0.0119609
4330000	-24.63143	0	-24.63143	0.0924809	0.189905	0.1865	0.39082	0.0890744	0.131087	0.938552	0.108886	1.24272
4340000	-20.83684	0	-20.83684	0.144026	0.255944	0.254404	0.282914	0.111183	0.149558	2.40669	1.04636	0.659435
4350000	-30.38354	0	-30.38354	0.119805	0.394816	0.107197	0.249195	0.184542	0.218537	1.03338	0.0818774	0.0390524
4360000	-23.29749	0	-23.29749	0.0954902	0.206557	0.193812	0.161125	0.0922104	0.130507	2.28358	0.215627	0.280765
4370000	-33.40725	0	-33.40725	0.203884	0.081553	0.164096	0.211546	0.233668	0.126603	1.95367	0.0369724	0.0234374
4380000	-19.11214	0	-19.11214	0.111376	0.197297	0.0908855	0.2314	0.229394	0.0733342	2.21307	0.319276	1.68212
4390000	-21.39464	0	-21.39464	0.0707656	0.266786	0.0825545	0.370108	0.0975499	0.124795	2.36366	0.143939	0.434696
4400000	-25.98128	0	-25.98128	0.154844	0.122898	0.138523	0.215187	0.101286	0.11547	1.79692	0.117466	0.0257079
4410000	-30.90052	0	-30.90052	0.120619	0.235487	0.293883	0.43165	0.0765531	0.154385	1.41469	0.100343	0.0227752
4420000	-29.9697	0	-29.9697	0.102919	0.200069	0.151277	0.325325	0.0933037	0.112149	0.936772	0.0976973	0.069136
4430000	-26.48746	0	-26.48746	0.244492	0.246841	0.0552385	0.294842	0.128042	0.32292	1.27912	0.883634	0.0580309
4440000	-22.70001	0	-22.70001	0.103141	0.153682	0.0869137	0.225575	0.210075	0.0931283	2.12105	0.387051	1.13828
4450000	-24.23456	0	-24.23456	0.0441086	0.227123	0.247127	0.360118	0.15705	0.153952	1.80745	0.456103	0.522223
4460000	-26.26596	0	-26.26596	0.0420277	0.110749	0.243665	0.221369	0.194889	0.118707	1.14005	0.0466141	0.0683742
4470000	-20.87526	0	-20.87526	0.116741	0.220513	0.157089	0.18569	0.0894185	0.0553362	2.20344	0.180626	0.659584
4480000	-21.25762	0	-21.25762	0.0959379	0.302967	0.377221	0.39997	0.0838663	0.120138	1.55541	0.101379	0.333521
4490000	-23.62115	0	-23.62115	0.103604	0.210057	0.0860168	0.11391	0.204636	0.235416	2.2629	0.676086	1.67724
4500000	-30.52303	0	-30.52303	0.103429	0.246738	0.129894	0.402862	0.114739	0.110394	1.00158	0.18726	0.0198888
4510000	-29.29785	0	-29.29785	0.0582492	0.256014	0.120588	0.218863	0.136988	0.0824791	1.49566	0.13999	0.0344357
4520000	-20.47709	0	-20.47709	0.156009	0.124603	0.119587	0.204504	0.116764	0.206898	1.98503	0.356926	1.79301
4530000	-21.37644	0	-21.37644	0.0779735	0.158975	0.153797	0.197653	0.134546	0.134219	1.99287	0.241326	0.526332
4540000	-28.97258	0	-28.97258	0.112479	0.23198	0.175904	0.202312	0.158163	0.18922	3.43257	0.761252	0.0437178
4550000	-18.15332	0	-18.15332	0.157198	0.120393	0.102183	0.186042	0.125811	0.0687497	2.99354	0.837173	0.866788
4560000	-29.19901	0	-29.19901	0.0955176	0.189669	0.280882	0.20659	0.187067	0.202248	1.08395	0.198405	0.100865
4570000	-24.21461	0	-24.21461	0.102025	0.325682	0.121474	0.287573	0.24368	0.268597	2.17085	0.0786038	2.09345
4580000	-24.94785	0	-24.94785	0.0543987	0.589586	0.346628	0.206745	0.188041	0.184892	1.42335	0.34093	0.0265754
4590000	-30.69128	0	-30.69128	0.212266	0.132043	0.177514	0.181849	0.073263	0.164177	0.600684	0.0900173	0.0061189
4600000	-29.52765	0	-29.52765	0.12969	0.142617	0.190339	0.163457	0.133495	0.0908637	2.10572	0.256581	0.0217648
4610000	-23.42915	0	-23.42915	0.0970357	0.281744	0.196877	0.378849	0.118317	0.0647578	1.69409	0.076887	0.70067
4620000	-25.80656	0	-25.80656	0.0930515	0.191572	0.164318	0.385579	0.0670747	0.169535	0.995189	0.154737	0.0775016
4630000	-37.4142	0	-37.4142	0.0988889	0.0949414	0.194987	0.222174	0.142926	0.165241	0.529947	0.120944	0.072742
4640000	-29.60629	0	-29.60629	0.0894525	0.194544	0.19457	0.36588	0.187787	0.24526	1.07327	0.349604	1.80723
4650000	-24.90902	0	-24.90902	0.0431967	0.142562	0.191801	0.394181	0.0969504	0.127544	1.24451	0.0895937	0.0311323
4660000	-24.21329	0	-24.21329	0.111136	0.316601	0.289904	0.314208	0.186757	0.140014	2.44133	0.170909	0.142879
4670000	-27.88299	0	-27.88299	0.127513	0.312728	0.0857868	0.138896	0.0888178	0.135279	0.438049	0.276771	2.30952
4680000	-25.44373	0	-25.44373	0.0814665	0.258064	0.177128	0.251245	0.0924329	0.274958	1.45033	0.888025	0.77155
4690000	-27.46656	0	-27.46656	0.184361	0.251962	0.217177	0.144094	0.231992	0.186794	1.60744	0.178067	1.31701
4700000	-18.11416	0	-18.11416	0.108902	0.442127	0.0729587	0.189756	0.0829851	0.149128	1.98695	0.381227	0.229881
4710000	-26.44074	0	-26.44074	0.172975	0.332011	0.0808963	0.365594	0.324865	0.194399	2.07835	1.6567	0.621848
4720000	-30.42112	0	-30.42112	0.0986246	0.153016	0.117106	0.410137	0.187206	0.325084	1.66922	0.50425	1.86736
4730000	-25.70818	0	-25.70818	0.058672	0.21227	0.244098	0.328576	0.162769	0.0770653	2.10241	0.098947	0.0155159
4740000	-19.55485	0	-19.55485	0.171512	0.287244	0.0864413	0.350289	0.0919032	0.116308	1.47425	0.361891	0.312286
4750000	-31.09175	0	-31.09175	0.170213	0.244918	0.112757	0.201752	0.089356	0.0598347	0.609825	0.171163	0.00723441
4760000	-22.51786	0	-22.51786	0.147885	0.305248	0.0843304	0.183076	0.0847645	0.0349178	1.70649	0.881797	0.18819
4770000	-28.87669	0	-28.87669	0.118587	0.256746	0.4859	0.236407	0.0831653	0.0937586	1.8498	0.270181	0.868558
4780000	-27.64199	0	-27.64199	0.0894266	0.0830282	0.095035	0.152418	0.132782	0.183191	1.08302	0.179848	2.06511
4790000	-24.10115	0	-24.10115	0.0493542	0.382022	0.115631	0.28121	0.129561	0.135404	1.24738	0.144533	0.295995
4800000	-30.56354	0	-30.56354	0.0743734	0.098813	0.0437847	0.134113	0.0845521	0.120767	1.77947	0.113622	0.239598
4810000	-31.73353	0	-31.73353	0.0965619	0.29044	0.119494	0.273101	0.109427	0.0713252	0.434064	0.0333821	0.0185435
4820000	-19.98466	0	-19.98466	0.112589	0.448708	0.176508	0.269979	0.135269	0.162501	1.32808	0.559442	0.0775585
4830000	-23.31529	0	-23.31529	0.10576	0.325698	0.0787023	0.249295	0.0953328	0.159915	1.21891	0.302716	0.339883
4840000	-22.92913	0	-22.92913	0.0691199	0.476495	0.154738	0.326623	0.248695	0.135454	1.13905	0.408762	0.325276
4850000	-21.25415	0	-21.25415	0.190262	0.17095	0.0904181	0.311741	0.094163	0.113165	2.9894	0.297255	1.24483
4860000	-21.03731	0	-21.03731	0.0638278	0.39969	0.137504	0.336005	0.175464	0.0833937	2.51864	0.107906	0.317344
4870000	-28.96507	0	-28.96507	0.0754281	0.596588	0.113683	0.249177	0.0643382	0.038707	0.665476	0.213991	0.450604
4880000	-26.25128	0	-26.25128	0.151725	0.236131	0.149451	0.147956	0.103103	0.103154	2.29725	0.171055	0.110724
4890000	-32.28627	0	-32.28627	0.18546	0.0970071	0.235619	0.240355	0.178423	0.103067	0.366837	0.180048	0.00309185
4900000	-29.86649	0	-29.86649	0.169471	0.205506	0.186656	0.136492	0.190159	0.105953	2.46894	0.211659	0.181744
4910000	-25.32396	0	-25.32396	0.226832	0.160661	0.223708	0.362952	0.123377	0.21946	1.45282	0.635777	0.0213814
4920000	-22.90689	0	-22.90689	0.125635	0.192566	0.110805	0.344187	0.115733	0.0802273	1.11032	0.376125	2.65162
4930000	-21.69266	0	-21.69266	0.217527	0.268057	0.0850923	0.20591	0.10755	0.108585	2.43028	0.315489	0.183059
4940000	-27.02777	0	-27.02777	0.114758	0.13125	0.100473	0.191332	0.056595	0.147458	0.584213	0.308023	0.251162
4950000	-27.4514	0	-27.4514	0.208905	0.249625	0.264698	0.327199	0.113638	0.352102	1.25629	0.591385	0.0947781
4960000	-26.91815	0	-26.91815	0.160692	0.211241	0.227039	0.211625	0.148415	0.233723	2.17638	0.261422	0.321163
4970000	-26.70304	0	-26.70304	0.131092	0.185024	0.327925	0.347462	0.164193	0.185255	2.49313	0.248774	1.6072
4980000	-32.25318	0	-32.25318	0.0885726	0.211281	0.151624	0.346322	0.0923939	0.255037	0.790745	0.153204	0.124978
4990000	-31.66924	0	-31.66924	0.135474	0.21453	0.42462	0.258036	0.0650399	0.18172	1.546	0.267531	0.355861
5000000	-29.88167	0	-29.88167	0.220713	0.3506	0.135626	0.413707	0.130342	0.103042	2.08297	0.289509	2.58565
