Iteration	Posterior	Likelihood	Prior	lambda[1]	lambda[2]	lambda[3]	mu[1]	mu[2]	mu[3]	psi[1]	psi[2]	psi[3]
0	-104.1098	0	-104.1098	0.159061	0.0678792	0.142572	0.0870018	0.0701187	0.139453	0.963782	0.370639	2.26489
10000	-40.25392	0	-40.25392	0.177024	0.129807	0.332735	0.364304	0.129494	0.0699872	2.74382	0.923251	1.83325
20000	-36.12989	0	-36.12989	0.165013	0.132209	0.287072	0.409224	0.0963044	0.062275	3.81892	1.3934	1.49927
30000	-30.32187	0	-30.32187	0.133377	0.075829	0.199758	0.414	0.107315	0.07918	3.26181	1.36343	1.65247
40000	-36.59663	0	-36.59663	0.262114	0.110432	0.125947	0.393049	0.130863	0.0385252	3.86747	1.11396	1.1181
50000	-41.2934	0	-41.2934	0.120736	0.0806143	0.393622	0.324066	0.238528	0.138908	3.70494	4.37191	5.02638
60000	-50.61351	0	-50.61351	0.260002	0.0456957	0.534224	0.230987	0.136546	0.0573538	1.96241	0.630667	2.67556
70000	-40.27251	0	-40.27251	0.220657	0.0910689	0.364474	0.293049	0.10414	0.122831	3.35681	0.528141	1.11487
80000	-55.7697	0	-55.7697	0.267267	0.0864244	0.279036	0.542571	0.0535243	0.19976	1.10888	0.529935	1.14023
90000	-42.47854	0	-42.47854	0.114239	0.0691164	0.407938	0.618921	0.115509	0.164026	2.02192	0.523066	3.03126
100000	-38.03108	0	-38.03108	0.161839	0.0838792	0.23449	0.801182	0.0932578	0.190851	2.93415	4.2085	1.65732
110000	-36.78256	0	-36.78256	0.211501	0.0977076	0.428329	0.306797	0.0560658	0.1807	1.5503	1.71052	1.32398
120000	-38.81263	0	-38.81263	0.163202	0.0879452	0.370502	0.166176	0.0907071	0.208764	1.45239	2.71404	4.4951
130000	-35.53175	0	-35.53175	0.182169	0.105742	0.224569	0.411889	0.0457712	0.102683	0.984641	1.67299	5.12979
140000	-38.72914	0	-38.72914	0.106095	0.0699696	0.236566	0.229914	0.143466	0.0941198	3.13363	1.20899	1.78663
150000	-39.55998	0	-39.55998	0.0957447	0.0749082	0.211001	0.370259	0.0984739	0.219608	2.79547	1.20815	0.439112
160000	-32.05473	0	-32.05473	0.110752	0.147736	0.418565	0.260872	0.0864212	0.089791	6.39456	0.97981	1.33736
170000	-38.21788	0	-38.21788	0.0673522	0.10342	0.256244	0.312262	0.124817	0.119239	3.25986	0.658683	1.18844
180000	-41.08315	0	-41.08315	0.109514	0.0887295	0.350521	0.27977	0.0603987	0.0798118	1.67523	0.834193	1.6308
190000	-51.88816	0	-51.88816	0.165405	0.207835	0.44171	0.356682	0.196545	0.119452	3.01048	0.537225	1.11556
200000	-34.9681	0	-34.9681	0.133409	0.0650872	0.207336	0.358436	0.120616	0.100922	3.67725	0.544684	6.10565
210000	-36.34852	0	-36.34852	0.120391	0.0887129	0.496798	0.309294	0.10891	0.10522	2.00338	2.82867	1.38645
220000	-31.95452	0	-31.95452	0.0860287	0.0422687	0.324087	0.334012	0.0780634	0.110758	3.6872	1.05779	1.71404
230000	-51.38436	0	-51.38436	0.165459	0.179365	0.148296	0.340907	0.0788688	0.110007	1.10456	0.672116	1.31273
240000	-35.44905	0	-35.44905	0.179361	0.110233	0.367708	0.156803	0.171019	0.118225	3.85499	0.238425	1.76119
250000	-34.92017	0	-34.92017	0.211498	0.07975	0.13546	0.279368	0.066747	0.102751	3.07447	1.34631	1.93296
260000	-48.10646	0	-48.10646	0.151359	0.10191	0.279216	0.18586	0.17309	0.166365	1.57451	1.82818	5.19041
270000	-47.5424	0	-47.5424	0.171096	0.0937438	0.414472	0.301743	0.191621	0.063902	1.07869	1.06514	0.528812
280000	-33.11555	0	-33.11555	0.0950939	0.0685517	0.430185	0.233283	0.100126	0.10157	3.69983	1.24119	2.65152
290000	-42.82569	0	-42.82569	0.102408	0.15414	0.353609	0.313118	0.0933967	0.214109	1.04379	0.59009	2.81263
300000	-38.90178	0	-38.90178	0.126569	0.13945	0.354544	0.216767	0.119965	0.0970006	4.84052	1.52211	3.42642
310000	-48.51175	0	-48.51175	0.154058	0.162261	0.158575	0.250667	0.12955	0.109155	0.633882	1.39987	1.39506
320000	-46.58981	0	-46.58981	0.109209	0.0476849	1.36789	0.314105	0.138368	0.0483409	2.9761	0.374822	3.49745
330000	-31.43114	0	-31.43114	0.129877	0.106329	0.455055	0.284781	0.0800747	0.158901	4.96624	1.61993	0.657947
340000	-36.25238	0	-36.25238	0.158918	0.0683261	0.477879	0.259689	0.118115	0.0602457	3.34275	1.17467	2.06933
350000	-46.02569	0	-46.02569	0.310968	0.0773712	0.857414	0.340635	0.123131	0.266309	1.35254	0.731573	2.3746
360000	-33.97532	0	-33.97532	0.151747	0.109556	0.418331	0.509467	0.113709	0.190147	2.50419	2.32331	1.54161
370000	-29.45163	0	-29.45163	0.0902965	0.142388	0.473401	0.438077	0.105291	0.181178	4.94052	0.943587	2.09772
380000	-43.45758	0	-43.45758	0.150685	0.114486	0.230594	0.367267	0.148737	0.0550314	2.46288	0.459152	1.1414
390000	-34.28267	0	-34.28267	0.238739	0.1397	0.271913	0.358192	0.123974	0.194007	3.43066	2.54097	0.927629
400000	-46.68071	0	-46.68071	0.116763	0.134218	0.149583	0.469912	0.165933	0.0878397	4.36434	0.797742	0.346414
410000	-46.75737	0	-46.75737	0.0894362	0.059265	0.453751	0.392404	0.107059	0.128351	3.02919	0.82273	2.04552
420000	-36.70867	0	-36.70867	0.261069	0.0965749	0.260658	0.321199	0.121202	0.118005	2.50238	0.992786	2.20846
430000	-41.52112	0	-41.52112	0.255269	0.0499352	0.380478	0.315222	0.0759009	0.132674	1.48137	1.26519	0.839636
440000	-37.93789	0	-37.93789	0.103261	0.073156	0.238678	0.177141	0.103843	0.121028	2.67946	0.930097	2.18981
450000	-30.18881	0	-30.18881	0.212703	0.078885	0.258493	0.271476	0.0978526	0.0811479	3.28786	1.12248	2.43615
460000	-35.08639	0	-35.08639	0.20723	0.130323	0.269668	0.728108	0.0873373	0.154987	3.55266	1.15225	2.31764
470000	-45.19424	0	-45.19424	0.217498	0.150302	0.2194	0.222752	0.136523	0.205545	1.25477	1.55066	2.09456
480000	-36.14603	0	-36.14603	0.14602	0.177121	0.215833	0.404754	0.111357	0.11377	2.43429	0.531233	3.90447
490000	-39.50679	0	-39.50679	0.231678	0.101389	0.257873	0.327801	0.190982	0.118872	2.95444	2.11671	2.20856
500000	-46.24575	0	-46.24575	0.172487	0.092341	0.149078	0.147133	0.183934	0.193592	4.95949	0.349561	0.778888
510000	-36.77395	0	-36.77395	0.11869	0.0715322	0.338814	0.400062	0.0716879	0.257118	2.83559	0.896534	1.52045
520000	-35.25083	0	-35.25083	0.350651	0.11136	0.334027	0.378081	0.208887	0.0455552	4.03886	1.27995	1.06087
530000	-34.92505	0	-34.92505	0.12862	0.0942829	0.467728	0.278124	0.0742817	0.113246	3.15728	0.827247	3.00255
540000	-35.82144	0	-35.82144	0.275195	0.14044	0.323878	0.427629	0.153828	0.219712	7.4448	0.544018	3.61621
550000	-39.555	0	-39.555	0.238097	0.0904722	0.422863	0.236071	0.0769964	0.154516	2.42603	0.689202	1.06069
560000	-37.6885	0	-37.6885	0.181747	0.126704	0.344201	0.373881	0.0569335	0.22372	2.62807	0.605565	2.88276
570000	-62.22125	0	-62.22125	0.187831	0.0937883	0.152737	0.251279	0.0869704	0.0684136	3.59128	0.49583	0.836546
580000	-40.30602	0	-40.30602	0.118892	0.0868561	0.453885	0.359437	0.0726676	0.140154	6.82033	0.980883	5.16115
590000	-35.3977	0	-35.3977	0.14882	0.201827	0.205401	0.196245	0.098001	0.0391601	3.91233	2.81483	3.00406
600000	-44.17409	0	-44.17409	0.0954953	0.132875	0.381882	0.146693	0.0423461	0.0979273	0.967282	1.29215	1.4931
610000	-35.23193	0	-35.23193	0.163509	0.229757	0.383127	0.420351	0.130729	0.0503379	3.78141	1.95531	1.8758
620000	-39.61818	0	-39.61818	0.183728	0.104046	0.218355	0.335175	0.0889385	0.0814442	1.77008	1.15902	1.50711
630000	-37.88264	0	-37.88264	0.141336	0.145452	0.227375	0.313463	0.0937617	0.16459	1.97821	1.07426	0.841836
640000	-33.05514	0	-33.05514	0.148922	0.119087	0.237255	0.377512	0.099006	0.194119	2.60124	1.73304	4.04005
650000	-35.32867	0	-35.32867	0.182166	0.16537	0.147247	0.358289	0.133267	0.0579202	3.65681	0.765972	1.4182
660000	-36.85888	0	-36.85888	0.142965	0.162212	0.415445	0.240559	0.0636813	0.203007	2.26253	0.880936	1.75135
670000	-31.679	0	-31.679	0.132292	0.178015	0.508161	0.310035	0.158549	0.199965	4.98825	0.61759	4.50627
680000	-43.33854	0	-43.33854	0.348107	0.0830209	0.356243	0.538666	0.144742	0.0705026	1.55745	0.567058	1.20164
690000	-49.31772	0	-49.31772	0.171814	0.117897	0.528864	0.405151	0.120205	0.0830733	7.81839	0.527791	1.57064
700000	-38.31541	0	-38.31541	0.146709	0.214437	0.244077	0.323372	0.123123	0.04306	2.93525	2.53341	2.50172
710000	-37.7664	0	-37.7664	0.189585	0.0971811	0.354023	0.215645	0.101125	0.221686	2.52506	1.09743	1.83202
720000	-39.09835	0	-39.09835	0.184244	0.0945099	0.386167	0.414008	0.16447	0.260406	2.17536	0.452377	2.15548
730000	-32.097	0	-32.097	0.218803	0.0836824	0.197003	0.38332	0.112358	0.0989146	2.70164	2.37621	2.70574
740000	-41.51493	0	-41.51493	0.111731	0.0813635	0.479726	0.272869	0.08296	0.0649604	2.00585	1.07592	0.970203
750000	-34.1969	0	-34.1969	0.202953	0.0559679	0.18169	0.278217	0.159725	0.149827	4.15814	0.439896	1.04633
760000	-43.68081	0	-43.68081	0.204384	0.138766	0.228044	0.564928	0.197919	0.108003	3.9953	0.332212	1.91601
770000	-43.69187	0	-43.69187	0.158668	0.114674	0.150376	0.364034	0.0537024	0.117045	2.04606	0.506651	1.08393
780000	-41.54676	0	-41.54676	0.152154	0.130897	0.277404	0.199046	0.111897	0.0504412	3.37274	0.811617	0.820259
790000	-32.41647	0	-32.41647	0.113779	0.05164	0.212173	0.336768	0.112906	0.120256	3.30254	2.77634	3.38997
800000	-36.61057	0	-36.61057	0.134315	0.0845082	0.358409	0.308467	0.158426	0.116459	1.44633	2.92516	1.01265
810000	-39.55372	0	-39.55372	0.129086	0.168765	0.198326	0.337196	0.144202	0.0654224	1.78513	0.780507	1.25017
820000	-38.95621	0	-38.95621	0.155875	0.129935	0.331075	0.338607	0.131415	0.207418	1.85094	0.655873	1.01959
830000	-43.15128	0	-43.15128	0.296592	0.0904437	0.447778	0.41432	0.124043	0.107299	1.39271	0.802442	1.64788
840000	-43.89554	0	-43.89554	0.185586	0.0730684	0.134707	0.227835	0.10602	0.109168	2.19012	0.819226	0.630885
850000	-35.1607	0	-35.1607	0.0818075	0.0770022	0.339603	0.18277	0.10876	0.11649	4.00701	1.94059	2.72735
860000	-30.94551	0	-30.94551	0.117769	0.149067	0.108651	0.165366	0.0879964	0.0959653	2.20534	3.65273	2.85964
870000	-35.43433	0	-35.43433	0.302556	0.228688	0.539031	0.36352	0.0464583	0.17828	3.14377	1.36208	4.62822
880000	-40.91859	0	-40.91859	0.144262	0.0779201	0.259243	0.264176	0.087992	0.377014	4.17346	0.718621	0.692791
890000	-43.81184	0	-43.81184	0.169906	0.147982	0.185127	0.197004	0.138381	0.199127	0.472048	1.3346	3.54106
900000	-42.1925	0	-42.1925	0.224167	0.0603879	0.284805	0.471374	0.0473136	0.111315	2.29171	1.19075	1.40445
910000	-40.95549	0	-40.95549	0.205375	0.0749269	0.646781	0.323494	0.120439	0.0530554	1.50659	1.31557	2.4855
920000	-41.58028	0	-41.58028	0.235341	0.122066	0.448702	0.138702	0.165392	0.0879423	1.94757	0.660734	1.21824
930000	-42.65466	0	-42.65466	0.193108	0.0942303	0.310541	0.530374	0.0637041	0.137751	1.74598	1.36473	2.03748
940000	-36.99372	0	-36.99372	0.178386	0.153041	0.324289	0.246714	0.171752	0.169409	1.82095	1.59993	3.33292
950000	-34.41452	0	-34.41452	0.115271	0.157814	0.257763	0.336578	0.171768	0.131823	3.65192	1.27589	2.93854
960000	-40.17498	0	-40.17498	0.15248	0.096498	0.188878	0.23314	0.0983114	0.0616796	2.97049	1.34299	1.4993
970000	-32.9736	0	-32.9736	0.231408	0.0894235	0.242022	0.261706	0.12198	0.122095	2.98547	0.587032	0.916202
980000	-43.97189	0	-43.97189	0.0932068	0.151237	0.401106	0.168149	0.166935	0.0295909	2.92181	1.46175	5.56998
990000	-47.42728	0	-47.42728	0.123001	0.0755459	0.356401	0.309122	0.117051	0.178103	2.38884	0.555235	1.46452
1000000	-35.41127	0	-35.41127	0.131083	0.242943	0.334314	0.189769	0.144973	0.0907795	9.24157	0.499699	2.09637
1010000	-45.30697	0	-45.30697	0.143045	0.15578	0.392253	0.236624	0.123471	0.213772	1.78542	1.4338	1.57764
1020000	-41.31544	0	-41.31544	0.100358	0.154047	0.265001	0.356168	0.123225	0.127288	2.90796	0.914749	0.441285
1030000	-31.126	0	-31.126	0.200639	0.289409	0.094354	0.252687	0.114037	0.109898	6.67843	0.595629	3.4837
1040000	-37.37518	0	-37.37518	0.223717	0.0750716	0.145916	0.280689	0.138077	0.146111	1.95002	0.754232	2.04216
1050000	-45.53098	0	-45.53098	0.234834	0.0977385	0.33288	0.299476	0.116958	0.0895122	5.40166	0.515753	0.367356
1060000	-36.50561	0	-36.50561	0.231375	0.146076	0.240966	0.29487	0.143941	0.294971	1.5813	1.85656	1.79382
1070000	-54.65428	0	-54.65428	0.326577	0.0701587	0.463333	0.396717	0.0991303	0.158187	0.987923	0.616311	0.839881
1080000	-34.03301	0	-34.03301	0.221927	0.133804	0.283066	0.314577	0.132	0.21335	3.53606	3.31451	2.96339
1090000	-33.11413	0	-33.11413	0.1148	0.11193	0.31186	0.416926	0.101199	0.203595	2.47011	0.932795	3.12676
1100000	-42.34571	0	-42.34571	0.168778	0.10341	0.181253	0.179423	0.106505	0.0750562	1.97376	0.865946	2.02556
1110000	-49.64142	0	-49.64142	0.22631	0.0950337	0.554796	0.385431	0.0774558	0.157646	3.5235	0.477228	3.64877
1120000	-38.03764	0	-38.03764	0.107797	0.0660173	0.233335	0.271305	0.0623499	0.119363	4.90263	0.473273	1.92596
1130000	-32.28361	0	-32.28361	0.0911853	0.194412	0.244746	0.218337	0.091143	0.0984289	4.1888	3.49643	1.68953
1140000	-34.30745	0	-34.30745	0.185918	0.0559066	0.335148	0.271559	0.131854	0.0775071	2.04455	1.20378	2.25816
1150000	-43.52263	0	-43.52263	0.260074	0.108797	0.260127	0.302069	0.107524	0.0743531	1.50111	1.81743	0.552064
1160000	-36.39318	0	-36.39318	0.200154	0.227532	0.206706	0.391114	0.0992739	0.0991494	3.63815	1.0176	1.31366
1170000	-39.02939	0	-39.02939	0.10604	0.0579417	0.393782	0.39276	0.102121	0.146118	3.03936	0.440502	0.551913
1180000	-35.54123	0	-35.54123	0.159486	0.130029	0.433668	0.336274	0.173674	0.0886665	2.42121	0.336159	1.71435
1190000	-33.32796	0	-33.32796	0.151683	0.115733	0.207937	0.224346	0.0975348	0.143687	1.9318	1.67834	1.31319
1200000	-35.75483	0	-35.75483	0.212101	0.0820721	0.212846	0.371315	0.146677	0.187319	2.38109	1.28548	1.80794
1210000	-42.32209	0	-42.32209	0.0801653	0.0833054	0.297206	0.265465	0.0552062	0.0877923	1.2529	0.208166	1.91628
1220000	-53.93117	0	-53.93117	0.21933	0.0964655	0.0685885	0.316578	0.0586598	0.074021	0.953237	0.903004	0.680316
1230000	-37.77629	0	-37.77629	0.177958	0.0919581	0.248487	0.208565	0.0832449	0.150746	1.85927	1.60097	2.50511
1240000	-42.41324	0	-42.41324	0.147151	0.0776437	0.30283	0.498237	0.206711	0.107607	4.10185	0.976317	1.098
1250000	-47.78472	0	-47.78472	0.221294	0.195629	0.0711297	0.221533	0.143276	0.0911748	1.30281	1.28711	0.991188
1260000	-41.41087	0	-41.41087	0.187636	0.0702765	0.491661	0.394424	0.0992191	0.158524	2.48306	1.1558	1.14375
1270000	-49.17234	0	-49.17234	0.0870172	0.0662163	0.594863	0.285995	0.232698	0.0911303	1.15541	0.870211	1.52653
1280000	-37.51323	0	-37.51323	0.115163	0.0962913	0.338695	0.263493	0.204281	0.137729	4.06974	0.662259	2.01543
1290000	-46.15856	0	-46.15856	0.0789591	0.0981287	0.403049	0.439129	0.08561	0.126969	2.20261	1.4072	0.824756
1300000	-44.27959	0	-44.27959	0.0840964	0.0849555	0.240227	0.430684	0.108	0.402499	2.55306	0.374162	2.21053
1310000	-42.07218	0	-42.07218	0.101812	0.171897	0.391905	0.384542	0.0992379	0.190661	1.62184	1.34806	1.7973
1320000	-34.06303	0	-34.06303	0.153579	0.121377	0.431752	0.16905	0.0638515	0.103838	3.51438	3.84651	2.18687
1330000	-35.15276	0	-35.15276	0.187247	0.136081	0.358885	0.473363	0.180627	0.102995	2.42978	2.55815	2.1925
1340000	-45.6165	0	-45.6165	0.203976	0.128226	0.276407	0.385049	0.121519	0.106123	1.01513	1.16015	1.95608
1350000	-36.92146	0	-36.92146	0.271263	0.109924	0.391838	0.191175	0.0942326	0.0879287	1.25709	1.48119	2.10908
1360000	-49.03338	0	-49.03338	0.185942	0.265976	0.229818	0.267523	0.168673	0.0875183	2.92451	1.96604	1.07892
1370000	-37.1558	0	-37.1558	0.14209	0.136091	0.214385	0.472975	0.0955669	0.13198	2.66688	3.65704	1.16802
1380000	-42.38333	0	-42.38333	0.189226	0.196795	0.0653249	0.304732	0.160308	0.0953337	2.5158	1.18607	2.15044
1390000	-32.36088	0	-32.36088	0.154298	0.0469482	0.296857	0.357858	0.0691297	0.227528	3.00508	1.07843	2.41748
1400000	-48.7372	0	-48.7372	0.175808	0.133312	0.298321	0.329122	0.0526618	0.137196	1.26424	0.686795	0.659164
1410000	-43.64246	0	-43.64246	0.209474	0.081705	0.251517	0.148316	0.0639778	0.144783	1.30244	0.650191	0.690411
1420000	-39.1493	0	-39.1493	0.108913	0.1002	0.591665	0.316025	0.242172	0.0736634	3.99033	0.329313	2.11663
1430000	-36.4815	0	-36.4815	0.0819704	0.0717974	0.504465	0.223238	0.0712846	0.147461	2.54101	0.475056	2.07846
1440000	-43.51315	0	-43.51315	0.196854	0.157531	0.230948	0.584998	0.0968868	0.0803401	2.54198	0.357993	1.52327
1450000	-55.09598	0	-55.09598	0.294261	0.105965	0.200317	0.269143	0.143499	0.0515254	0.759877	0.815732	0.495089
1460000	-30.16528	0	-30.16528	0.145929	0.120287	0.26382	0.386335	0.0732973	0.10944	4.30405	1.14818	3.12368
1470000	-29.81341	0	-29.81341	0.138716	0.14917	0.116417	0.348951	0.100444	0.140897	2.31198	2.80038	2.15196
1480000	-38.71749	0	-38.71749	0.178742	0.169339	0.304871	0.315322	0.0780273	0.0894321	3.28469	0.543316	3.21917
1490000	-43.17393	0	-43.17393	0.123885	0.0867096	0.266122	0.296981	0.113612	0.089972	1.94223	1.09127	0.437719
1500000	-45.49112	0	-45.49112	0.27728	0.0796667	0.585582	0.25626	0.149107	0.11742	1.22072	0.586985	0.55279
1510000	-42.65399	0	-42.65399	0.118736	0.0760398	0.291383	0.470799	0.160614	0.0877311	2.61732	1.26549	1.26017
1520000	-42.60164	0	-42.60164	0.135732	0.117906	0.421323	0.272872	0.106215	0.127503	1.59998	2.55411	1.39789
1530000	-32.7307	0	-32.7307	0.289069	0.18379	0.440592	0.267638	0.08452	0.0887947	4.27593	0.959043	2.29105
1540000	-41.47204	0	-41.47204	0.167251	0.0812344	0.304241	0.379545	0.107699	0.0874827	1.70245	1.20713	0.604347
1550000	-43.64095	0	-43.64095	0.122356	0.0621094	0.334169	0.295094	0.214567	0.108247	2.00156	1.12231	2.81289
1560000	-44.27454	0	-44.27454	0.223587	0.107485	0.259728	0.2265	0.101462	0.189654	3.64613	1.23982	1.74831
1570000	-39.48449	0	-39.48449	0.123801	0.118826	0.21649	0.575493	0.0529523	0.174325	4.20664	1.00231	1.02389
1580000	-39.82628	0	-39.82628	0.181842	0.107653	0.300515	0.295201	0.161309	0.138467	1.89541	0.306324	4.27951
1590000	-54.42669	0	-54.42669	0.249658	0.0644546	0.799827	0.649686	0.062126	0.0624829	2.8051	0.30257	0.45387
1600000	-46.47336	0	-46.47336	0.191357	0.0434323	0.203452	0.334725	0.166237	0.119386	3.60938	0.184675	0.877
1610000	-37.91405	0	-37.91405	0.0873045	0.129146	0.410957	0.401341	0.102125	0.274478	3.5015	0.355589	2.13317
1620000	-39.68276	0	-39.68276	0.156616	0.112786	0.21514	0.246124	0.123505	0.0647276	3.12396	0.413595	0.774155
1630000	-34.37261	0	-34.37261	0.239813	0.126216	0.281	0.247029	0.0918163	0.0692573	2.63895	0.475307	3.21472
1640000	-36.56669	0	-36.56669	0.156823	0.192159	0.361064	0.39778	0.177138	0.0978832	2.96496	1.10973	2.05365
1650000	-47.18608	0	-47.18608	0.208265	0.0674177	0.239083	0.241293	0.0979781	0.0382386	1.02884	1.38023	1.16903
1660000	-35.14092	0	-35.14092	0.230169	0.202731	0.384203	0.251605	0.073235	0.0714571	6.07291	2.42171	2.40048
1670000	-40.01493	0	-40.01493	0.133982	0.0709448	0.148794	0.142716	0.146825	0.15231	1.15388	0.660421	3.65501
1680000	-40.62157	0	-40.62157	0.124177	0.0570624	0.155185	0.251598	0.121281	0.181092	1.77458	0.876184	3.95401
1690000	-37.46296	0	-37.46296	0.143294	0.13292	0.209678	0.304307	0.118649	0.0745213	2.51188	2.17275	1.53061
1700000	-53.87339	0	-53.87339	0.145973	0.145601	0.501469	0.557715	0.071472	0.068113	0.945789	0.17991	0.72626
1710000	-40.66176	0	-40.66176	0.125618	0.0924661	0.294853	0.215967	0.0696045	0.0992332	1.67336	1.53229	1.02617
1720000	-37.26042	0	-37.26042	0.133922	0.102409	0.191604	0.471912	0.0736722	0.174889	1.59383	1.08138	2.5498
1730000	-32.83954	0	-32.83954	0.15044	0.072104	0.284291	0.327157	0.0692098	0.102464	3.5513	1.28661	1.60001
1740000	-48.83974	0	-48.83974	0.259394	0.0513772	0.226461	0.439916	0.134172	0.0669899	5.65002	1.47487	0.266768
1750000	-44.49593	0	-44.49593	0.135081	0.255574	0.226668	0.42665	0.0507423	0.140575	1.80246	1.18249	0.297086
1760000	-45.38496	0	-45.38496	0.217969	0.122844	0.701319	0.310032	0.299906	0.0942211	3.62209	0.337997	0.921773
1770000	-32.51582	0	-32.51582	0.12266	0.101286	0.266533	0.254528	0.0812094	0.0879536	5.09124	0.8059	1.07612
1780000	-34.80595	0	-34.80595	0.0780421	0.107539	0.319599	0.618702	0.14263	0.184055	2.98143	2.25944	2.18107
1790000	-44.1061	0	-44.1061	0.192845	0.134211	0.242938	0.361374	0.170857	0.0599509	3.69004	0.743076	0.832818
1800000	-47.39133	0	-47.39133	0.104518	0.157461	0.344262	0.959362	0.11185	0.0940085	2.01825	0.445205	3.32609
1810000	-30.20209	0	-30.20209	0.132761	0.104534	0.109666	0.431577	0.0994599	0.192036	1.8254	2.60188	3.58079
1820000	-43.06591	0	-43.06591	0.17236	0.124259	0.205454	0.276691	0.0705949	0.151528	1.61231	0.629593	1.02391
1830000	-40.14719	0	-40.14719	0.165429	0.201949	0.42465	0.432466	0.0831846	0.120798	2.28093	0.322032	0.971368
1840000	-33.53428	0	-33.53428	0.114659	0.0903347	0.297759	0.353232	0.097392	0.158347	2.24437	1.79598	2.25153
1850000	-43.7388	0	-43.7388	0.162612	0.232883	0.157349	0.330366	0.102386	0.194461	1.84424	0.879069	1.80667
1860000	-42.40612	0	-42.40612	0.210904	0.163941	0.271259	0.445102	0.0819118	0.208583	3.51596	0.929772	0.471769
1870000	-39.90973	0	-39.90973	0.196906	0.0877533	0.373049	0.336283	0.17458	0.138313	1.70152	1.77908	0.908804
1880000	-40.02547	0	-40.02547	0.270211	0.104091	0.301723	0.369143	0.0662199	0.107443	3.39567	0.394931	1.77307
1890000	-41.82832	0	-41.82832	0.175493	0.0589332	0.264067	0.442015	0.108468	0.0544037	1.27488	0.417925	1.08946
1900000	-41.48492	0	-41.48492	0.131266	0.0592373	0.293501	0.389042	0.155729	0.0971107	2.15786	0.565661	0.842209
1910000	-36.20302	0	-36.20302	0.13067	0.162402	0.380977	0.147128	0.144884	0.158108	3.10365	1.81661	1.83899
1920000	-39.11121	0	-39.11121	0.253977	0.0958044	0.195475	0.263449	0.131374	0.132946	3.87053	3.07876	1.03462
1930000	-48.0967	0	-48.0967	0.152332	0.101225	0.415419	0.337415	0.155363	0.175803	1.19991	2.25374	1.94197
1940000	-40.50499	0	-40.50499	0.197351	0.0786173	0.379154	0.312403	0.16416	0.205164	3.10762	0.607901	0.530948
1950000	-32.02518	0	-32.02518	0.113521	0.0691788	0.238243	0.189098	0.116018	0.284069	3.77972	1.1261	1.9686
1960000	-41.57287	0	-41.57287	0.145637	0.0926759	0.614226	0.185497	0.173425	0.112357	2.46193	0.503037	0.745856
1970000	-27.50676	0	-27.50676	0.298247	0.123829	0.136774	0.440774	0.152935	0.0923939	6.92042	2.46102	0.966754
1980000	-51.41074	0	-51.41074	0.22666	0.132961	0.288634	0.441148	0.0371239	0.223013	1.58031	0.874171	1.41695
1990000	-43.3888	0	-43.3888	0.159997	0.0845672	0.282078	0.305353	0.0850471	0.113822	2.58058	1.39462	0.914615
2000000	-37.10862	0	-37.10862	0.130635	0.206672	0.1261	0.282073	0.120603	0.217179	2.52688	1.29373	0.891223
2010000	-46.88579	0	-46.88579	0.178598	0.128551	0.456977	0.347412	0.102766	0.15669	1.05891	1.10812	1.57515
2020000	-35.1996	0	-35.1996	0.112263	0.160052	0.263402	0.297466	0.11989	0.179258	2.48104	1.22212	4.85894
2030000	-42.75659	0	-42.75659	0.0800803	0.037666	0.521439	0.35444	0.046472	0.240339	1.13633	0.625725	1.15844
2040000	-37.36218	0	-37.36218	0.146047	0.16796	0.46158	0.336687	0.0486615	0.134498	3.36122	1.52304	1.55756
2050000	-38.52172	0	-38.52172	0.159014	0.135873	0.294182	0.235961	0.0740438	0.28237	2.2346	0.506617	2.31377
2060000	-43.106	0	-43.106	0.152793	0.137688	0.533872	0.355519	0.102321	0.234764	1.44017	1.32171	2.65804
2070000	-32.24349	0	-32.24349	0.167041	0.0838875	0.389893	0.260951	0.120521	0.194671	4.61266	0.697798	3.38761
2080000	-38.73871	0	-38.73871	0.141876	0.113571	0.20664	0.195816	0.13837	0.0713017	1.06272	1.12064	2.69427
2090000	-48.41247	0	-48.41247	0.14068	0.0310829	0.280071	0.239941	0.0761271	0.152925	1.93671	0.583995	0.69525
2100000	-49.2339	0	-49.2339	0.150082	0.13323	0.549514	0.319919	0.117648	0.0687366	1.51975	0.376764	1.37073
2110000	-49.72523	0	-49.72523	0.280269	0.101283	0.260407	0.312304	0.206005	0.0974348	3.35586	0.849605	0.785714
2120000	-52.12074	0	-52.12074	0.273161	0.151281	0.401361	0.214586	0.250329	0.106568	0.487146	0.605107	0.780218
2130000	-33.11233	0	-33.11233	0.209161	0.149903	0.315375	0.345747	0.0955779	0.0747956	4.27874	1.34563	2.73276
2140000	-36.52137	0	-36.52137	0.136688	0.0809434	0.187302	0.595093	0.143314	0.0616724	2.43436	0.49151	2.05557
2150000	-38.06288	0	-38.06288	0.219897	0.152368	0.531723	0.304697	0.196581	0.115352	1.97026	1.39047	2.32066
2160000	-38.48771	0	-38.48771	0.0816942	0.0643852	0.189809	0.297132	0.0490378	0.152164	3.71605	2.07062	0.888682
2170000	-41.77242	0	-41.77242	0.131352	0.0726802	0.341132	0.388856	0.145725	0.13651	2.99676	0.664274	2.55072
2180000	-43.65931	0	-43.65931	0.124365	0.20138	0.527632	0.480628	0.164022	0.0876612	2.29952	0.696226	1.02838
2190000	-37.76156	0	-37.76156	0.109815	0.0665526	0.310155	0.276777	0.0747328	0.114899	2.67467	1.45831	1.26377
2200000	-38.81489	0	-38.81489	0.0779421	0.138011	0.517877	0.291967	0.0831117	0.172889	1.00288	1.1488	1.77376
2210000	-33.6357	0	-33.6357	0.155159	0.0607547	0.30225	0.301727	0.0519528	0.260086	2.62189	1.41292	2.104
2220000	-34.45326	0	-34.45326	0.230766	0.12935	0.352782	0.424517	0.0844606	0.12455	4.96225	0.299234	1.85876
2230000	-31.23753	0	-31.23753	0.143174	0.118455	0.182845	0.371329	0.100553	0.0348089	2.58756	0.900686	3.56085
2240000	-33.05771	0	-33.05771	0.217745	0.0890983	0.300418	0.392111	0.102996	0.104792	2.36251	0.787175	2.69412
2250000	-47.77843	0	-47.77843	0.166103	0.0647193	0.318437	0.360088	0.0718318	0.153375	0.426987	0.324579	1.44274
2260000	-55.25514	0	-55.25514	0.113354	0.126758	0.555083	0.306516	0.126528	0.102248	0.988636	0.76634	0.644989
2270000	-38.5503	0	-38.5503	0.109161	0.086974	0.225129	0.385091	0.0608128	0.0875116	3.24407	0.886895	1.62861
2280000	-36.74103	0	-36.74103	0.102885	0.0897458	0.272692	0.513276	0.139459	0.0664055	4.12199	1.02253	2.70578
2290000	-35.46153	0	-35.46153	0.214793	0.143682	0.269953	0.251942	0.139752	0.130241	1.70156	4.62534	3.64577
2300000	-37.77396	0	-37.77396	0.137318	0.0853383	0.391409	0.302967	0.0945209	0.0776043	2.07083	0.410379	2.68396
2310000	-40.66855	0	-40.66855	0.221702	0.12168	0.486892	0.196128	0.219961	0.112211	1.8779	1.48098	1.2746
2320000	-36.09242	0	-36.09242	0.249163	0.0624029	0.316233	0.285791	0.0931701	0.0646631	1.20517	1.04115	1.48948
2330000	-42.25121	0	-42.25121	0.231795	0.107108	0.365771	0.309025	0.131096	0.137615	1.27001	1.28562	1.66573
2340000	-45.70008	0	-45.70008	0.118084	0.13858	0.186694	0.279779	0.128765	0.131025	1.49217	3.93198	0.657954
2350000	-37.31797	0	-37.31797	0.18576	0.133638	0.30708	0.369492	0.0568345	0.197427	3.25942	2.82062	0.955751
2360000	-38.33071	0	-38.33071	0.201733	0.113615	0.266222	0.363378	0.127202	0.138683	3.82082	1.62043	4.41543
2370000	-40.10866	0	-40.10866	0.122868	0.0809992	0.352746	0.278905	0.120605	0.101018	1.70938	1.22121	3.57232
2380000	-51.61594	0	-51.61594	0.21419	0.22178	0.472733	0.267703	0.0939181	0.0569278	1.19036	0.356697	0.904342
2390000	-41.24352	0	-41.24352	0.124998	0.139179	0.114472	0.372114	0.143147	0.115234	1.87496	0.772832	1.73439
2400000	-47.06363	0	-47.06363	0.336797	0.0903925	0.232893	0.181437	0.122822	0.192869	2.19298	0.596894	0.312625
2410000	-35.31953	0	-35.31953	0.2421	0.091497	0.320407	0.263441	0.101688	0.123389	4.57007	0.465426	1.51309
2420000	-44.6945	0	-44.6945	0.116353	0.0915586	0.42033	0.188756	0.181667	0.276413	1.49105	1.22442	2.7499
2430000	-34.23704	0	-34.23704	0.168743	0.113265	0.331328	0.444896	0.09469	0.332003	1.83103	3.35325	2.86371
2440000	-41.30986	0	-41.30986	0.140512	0.0824943	0.166117	0.225313	0.0805628	0.0439556	2.41084	0.765989	1.53018
2450000	-35.46766	0	-35.46766	0.350698	0.0613143	0.361224	0.289915	0.0749927	0.10938	2.00725	1.36847	1.65118
2460000	-53.26835	0	-53.26835	0.139165	0.131377	0.339641	0.372185	0.139802	0.132665	2.87325	1.60826	0.432859
2470000	-33.80176	0	-33.80176	0.112478	0.0945451	0.127788	0.59335	0.163562	0.058789	3.82061	0.835444	2.84565
2480000	-44.35056	0	-44.35056	0.129356	0.126251	0.407077	0.21561	0.168801	0.106499	2.41652	0.473502	0.69183
2490000	-37.42214	0	-37.42214	0.142357	0.0729919	0.39182	0.419908	0.116129	0.105088	1.63084	2.53152	3.10712
2500000	-38.42327	0	-38.42327	0.159852	0.103797	0.27291	0.16486	0.158446	0.153795	0.896985	1.07596	2.42493
2510000	-45.98886	0	-45.98886	0.205384	0.157574	0.324091	0.18109	0.0723401	0.123436	1.63257	0.373146	1.00452
2520000	-49.90553	0	-49.90553	0.117824	0.168326	0.504242	0.285757	0.194292	0.0244934	1.69222	0.450618	1.14149
2530000	-37.0713	0	-37.0713	0.277788	0.0558481	0.257338	0.263303	0.111183	0.138753	2.12233	1.9656	6.92992
2540000	-26.15207	0	-26.15207	0.187703	0.131842	0.346156	0.289406	0.108863	0.166836	4.27329	1.65492	2.41419
2550000	-35.99207	0	-35.99207	0.152617	0.09147	0.370234	0.275805	0.0848301	0.131163	1.96116	0.967398	2.84201
2560000	-35.72713	0	-35.72713	0.183286	0.107301	0.220337	0.42947	0.0992007	0.0874318	2.00901	0.836403	2.3751
2570000	-43.65093	0	-43.65093	0.170093	0.0719632	0.160854	0.410736	0.128721	0.0998169	1.33178	4.27606	0.889362
2580000	-46.84414	0	-46.84414	0.157118	0.213046	0.335428	0.153728	0.0999203	0.0798435	1.33888	0.325342	2.58373
2590000	-35.394	0	-35.394	0.109876	0.128049	0.291219	0.312044	0.0836731	0.10886	1.51179	1.61518	0.847729
2600000	-38.57399	0	-38.57399	0.116688	0.0488563	0.423033	0.359791	0.147046	0.175174	2.91384	0.379985	1.60034
2610000	-37.48037	0	-37.48037	0.130289	0.112303	0.301037	0.427535	0.0731853	0.162037	4.89187	1.36897	2.11238
2620000	-34.70274	0	-34.70274	0.108485	0.0759544	0.567293	0.277842	0.0550561	0.0511828	2.05004	1.58028	3.69253
2630000	-32.20251	0	-32.20251	0.190525	0.13622	0.247348	0.309999	0.110123	0.12049	4.2337	1.75086	1.738
2640000	-32.09996	0	-32.09996	0.0869061	0.165006	0.317025	0.311314	0.0811765	0.104244	1.95591	2.08411	0.95946
2650000	-48.2314	0	-48.2314	0.110233	0.176482	0.232234	0.228654	0.0796541	0.0409088	1.78247	1.21543	0.786331
2660000	-60.72339	0	-60.72339	0.0907339	0.0715892	0.295996	0.411912	0.150194	0.15887	0.603894	0.648648	0.772838
2670000	-44.76108	0	-44.76108	0.176487	0.0556848	0.2065	0.540529	0.16003	0.104562	2.92514	2.00614	1.3398
2680000	-47.48738	0	-47.48738	0.344423	0.0688723	0.170949	0.263668	0.0788875	0.197727	2.22001	1.30232	2.07863
2690000	-34.10157	0	-34.10157	0.0922254	0.0815377	0.1765	0.188595	0.119578	0.269545	3.92749	1.73091	3.57652
2700000	-41.73878	0	-41.73878	0.119656	0.211399	0.305821	0.295321	0.0583118	0.253334	2.04516	3.33123	3.44094
2710000	-47.11145	0	-47.11145	0.229642	0.120534	0.29001	0.397433	0.115312	0.0781233	2.49644	1.06509	0.338411
2720000	-40.71833	0	-40.71833	0.134978	0.05238	0.23381	0.265065	0.183614	0.0421408	2.33637	1.02528	0.914718
2730000	-44.94149	0	-44.94149	0.16502	0.0512766	0.414819	0.433434	0.165051	0.0772315	3.5422	0.748083	1.21412
2740000	-34.22149	0	-34.22149	0.185973	0.0638236	0.325102	0.382561	0.0786197	0.0841557	2.24551	1.48652	1.67722
2750000	-47.45995	0	-47.45995	0.198803	0.0617174	0.546559	0.42432	0.0524093	0.0801926	2.54743	0.173401	1.08008
2760000	-40.56467	0	-40.56467	0.0869734	0.102144	0.356226	0.399281	0.0853913	0.107153	1.99687	0.440597	2.29945
2770000	-40.59137	0	-40.59137	0.219049	0.134382	0.347754	0.256401	0.257283	0.117265	2.44367	2.35646	3.06655
2780000	-37.69977	0	-37.69977	0.214115	0.111235	0.352796	0.253536	0.0330067	0.260193	2.81284	2.11318	1.73356
2790000	-41.73638	0	-41.73638	0.319573	0.161383	0.212677	0.392384	0.0678423	0.260674	1.31649	0.810225	1.92296
2800000	-44.60974	0	-44.60974	0.111649	0.218824	0.306076	0.23151	0.117622	0.18253	2.09448	0.886028	1.07856
2810000	-38.8464	0	-38.8464	0.168729	0.125812	0.306713	0.307484	0.129771	0.135563	1.1596	2.0984	3.71322
2820000	-29.13155	0	-29.13155	0.207083	0.207923	0.213605	0.393074	0.107312	0.124447	4.47295	1.17588	2.03185
2830000	-40.58812	0	-40.58812	0.128717	0.14397	0.432598	0.217748	0.0950894	0.100791	1.9207	0.715481	2.60516
2840000	-43.48374	0	-43.48374	0.163554	0.0921689	0.254774	0.282185	0.0773793	0.0573962	6.10331	1.69243	0.828908
2850000	-46.73718	0	-46.73718	0.116399	0.113812	0.354449	0.462122	0.188305	0.0874743	2.95332	1.81683	0.463526
2860000	-36.33081	0	-36.33081	0.137052	0.120475	0.381659	0.393613	0.0920674	0.0904429	7.16896	0.883711	2.58799
2870000	-39.84775	0	-39.84775	0.0778634	0.29536	0.465708	0.274403	0.102626	0.0976274	2.07411	0.994833	5.28345
2880000	-38.15499	0	-38.15499	0.186145	0.0918106	0.486801	0.147107	0.11098	0.115061	2.22446	1.07019	2.00696
2890000	-32.7889	0	-32.7889	0.0882876	0.143163	0.391071	0.262312	0.108132	0.143363	2.3939	2.48405	1.58035
2900000	-39.5965	0	-39.5965	0.119202	0.17654	0.356973	0.427243	0.0804429	0.108385	2.28247	1.68985	1.6543
2910000	-33.64146	0	-33.64146	0.173462	0.117698	0.408886	0.373619	0.0695935	0.127276	3.27927	0.543945	1.57992
2920000	-41.37296	0	-41.37296	0.20148	0.152542	0.358937	0.387735	0.139483	0.0369515	1.10502	0.473022	1.64598
2930000	-46.91021	0	-46.91021	0.146786	0.0432254	0.12331	0.699064	0.0794429	0.050785	1.15704	0.47439	2.6254
2940000	-38.77616	0	-38.77616	0.177583	0.1694	0.232473	0.299534	0.0489375	0.0899167	1.96838	0.676644	1.56958
2950000	-33.97763	0	-33.97763	0.231147	0.152491	0.213524	0.284263	0.085183	0.11358	5.01468	1.28833	2.46854
2960000	-52.83585	0	-52.83585	0.0666281	0.0361584	0.386841	0.439649	0.0694121	0.201022	4.3726	1.10918	0.48376
2970000	-31.19188	0	-31.19188	0.198329	0.104733	0.526475	0.204638	0.131414	0.118479	3.60593	1.50401	1.71841
2980000	-40.36276	0	-40.36276	0.0997384	0.118988	0.154861	0.415403	0.0533812	0.0973668	3.43331	1.78195	1.30361
2990000	-47.75841	0	-47.75841	0.18397	0.0867525	0.638108	0.226595	0.194525	0.18952	4.66496	0.899787	1.00526
3000000	-41.22485	0	-41.22485	0.233361	0.157687	0.163994	0.436853	0.0885415	0.0647573	1.97136	1.87895	1.17569
3010000	-46.75626	0	-46.75626	0.1713	0.0795848	0.715717	0.348039	0.0677984	0.106189	1.67775	0.993329	1.62689
3020000	-41.46599	0	-41.46599	0.148704	0.0573065	0.122424	0.276109	0.0814079	0.087332	2.68475	0.519022	0.963313
3030000	-38.67401	0	-38.67401	0.168921	0.0997435	0.167956	0.304768	0.121582	0.100649	1.86431	0.994251	0.820046
3040000	-34.69703	0	-34.69703	0.154655	0.140335	0.285829	0.356648	0.119587	0.101019	2.7588	1.15777	5.43116
3050000	-34.02309	0	-34.02309	0.192207	0.150575	0.271496	0.553975	0.0788324	0.0854721	2.95435	1.6751	2.56531
3060000	-33.54632	0	-33.54632	0.203423	0.0804097	0.202435	0.263734	0.0979007	0.108952	2.4654	4.3352	2.03602
3070000	-39.00244	0	-39.00244	0.120655	0.0690101	0.516382	0.308972	0.0886776	0.144296	2.36493	1.83299	2.65034
3080000	-39.68108	0	-39.68108	0.20504	0.0963422	0.354267	0.404041	0.0985128	0.202257	2.03257	2.52067	0.628483
3090000	-40.94087	0	-40.94087	0.184781	0.0494182	0.489326	0.163215	0.0861981	0.14437	2.3418	1.03277	1.89449
3100000	-48.24262	0	-48.24262	0.206744	0.0301152	0.178299	0.143589	0.0973827	0.114358	2.12268	3.7425	1.0774
3110000	-30.33814	0	-30.33814	0.195192	0.127893	0.206656	0.208699	0.0705792	0.12809	5.86576	2.73161	0.902394
3120000	-36.11029	0	-36.11029	0.129499	0.101282	0.33783	0.180511	0.10641	0.125386	1.90829	1.37348	1.1291
3130000	-37.89029	0	-37.89029	0.0869305	0.11729	0.213781	0.293787	0.120589	0.157234	2.89752	0.651509	4.11083
3140000	-30.90751	0	-30.90751	0.17434	0.0552315	0.247962	0.35675	0.1457	0.14472	4.6569	0.890963	2.75307
3150000	-38.49152	0	-38.49152	0.361384	0.157401	0.36862	0.422514	0.119644	0.176992	3.19031	0.60504	2.52255
3160000	-33.48265	0	-33.48265	0.244782	0.175385	0.27727	0.484839	0.0898713	0.0869369	2.92951	1.74401	2.6983
3170000	-37.20277	0	-37.20277	0.144706	0.183522	0.364503	0.440202	0.152839	0.286034	3.50259	1.99592	1.29171
3180000	-46.18625	0	-46.18625	0.136529	0.108046	0.197422	0.36554	0.128114	0.188011	6.59749	0.718757	0.453978
3190000	-35.86978	0	-35.86978	0.134663	0.16375	0.46105	0.297862	0.21905	0.134371	3.80367	1.18252	1.30049
3200000	-38.74847	0	-38.74847	0.221615	0.227688	0.230135	0.313289	0.104456	0.184366	3.97588	1.07751	0.604911
3210000	-41.30561	0	-41.30561	0.186397	0.0947695	0.344541	0.22599	0.128737	0.157882	1.00667	2.244	0.941563
3220000	-43.59363	0	-43.59363	0.270361	0.17871	0.234812	0.616103	0.107229	0.148238	2.16306	2.3045	1.48193
3230000	-33.49628	0	-33.49628	0.117169	0.163906	0.291554	0.306735	0.093273	0.178638	3.15476	1.11679	3.03185
3240000	-42.82719	0	-42.82719	0.23645	0.0493797	0.316184	0.319796	0.137423	0.112052	1.86079	1.40768	1.70457
3250000	-49.37651	0	-49.37651	0.146958	0.0957353	0.306462	0.274454	0.139055	0.345001	1.4739	1.45584	1.99165
3260000	-31.02103	0	-31.02103	0.144501	0.22121	0.172908	0.313938	0.137578	0.113661	6.2398	1.54701	0.602422
3270000	-39.98661	0	-39.98661	0.379801	0.080857	0.467945	0.595167	0.0748764	0.180405	3.11869	1.29639	1.03415
3280000	-38.37687	0	-38.37687	0.289247	0.0972707	0.189036	0.363084	0.100208	0.140985	5.23063	0.829887	1.31103
3290000	-42.20116	0	-42.20116	0.175176	0.109349	0.279523	0.632019	0.208785	0.0600843	3.27873	0.539267	2.21939
3300000	-48.29452	0	-48.29452	0.216736	0.249559	0.174964	0.130755	0.173693	0.0883597	1.97649	2.74884	1.52174
3310000	-47.2758	0	-47.2758	0.164837	0.0659212	0.201287	0.359091	0.0962126	0.10775	4.94901	0.255238	1.64667
3320000	-38.93616	0	-38.93616	0.192146	0.0788808	0.238354	0.461078	0.135556	0.0889143	1.66904	0.612485	4.90931
3330000	-42.03286	0	-42.03286	0.200973	0.122234	0.385396	0.365969	0.158361	0.154286	1.41984	1.02795	1.63588
3340000	-40.46279	0	-40.46279	0.251085	0.109624	0.47395	0.272171	0.0821789	0.0904859	0.992983	4.17113	2.26968
3350000	-31.16051	0	-31.16051	0.126249	0.124785	0.280468	0.353225	0.179724	0.0867133	2.69314	2.07264	3.11844
3360000	-44.54211	0	-44.54211	0.10827	0.166113	0.323522	0.374992	0.0450411	0.132573	1.95333	2.90826	1.04065
3370000	-52.751	0	-52.751	0.235159	0.0870973	0.170958	0.325411	0.0892637	0.186676	2.04744	0.675302	0.388275
3380000	-39.2441	0	-39.2441	0.206764	0.1208	0.167032	0.347704	0.0509696	0.0763543	3.97173	1.05971	2.66154
3390000	-41.66107	0	-41.66107	0.104303	0.0515804	0.351164	0.521612	0.0844699	0.240702	1.76227	1.81666	2.98437
3400000	-44.29748	0	-44.29748	0.0755323	0.113282	0.184925	0.393412	0.0695622	0.12692	1.92986	0.802891	1.54643
3410000	-47.46283	0	-47.46283	0.110067	0.0778949	0.30119	0.444921	0.191171	0.094153	0.978838	0.875402	2.12389
3420000	-46.09029	0	-46.09029	0.223598	0.0938758	0.189613	0.647667	0.0543813	0.194711	6.34547	2.50066	1.36713
3430000	-39.24272	0	-39.24272	0.168791	0.207042	0.305787	0.269079	0.0851264	0.21725	2.81466	0.784499	2.3094
3440000	-49.8501	0	-49.8501	0.26385	0.0961116	0.755098	0.254343	0.198965	0.118903	1.67978	0.54054	1.17784
3450000	-43.26317	0	-43.26317	0.117045	0.135837	0.665485	0.300749	0.0839714	0.292434	3.8816	0.777676	0.62151
3460000	-37.2065	0	-37.2065	0.12428	0.12824	0.384592	0.38877	0.0843481	0.128716	3.26196	2.20296	2.97922
3470000	-40.81877	0	-40.81877	0.222632	0.24804	0.238803	0.348496	0.0708566	0.122912	1.91724	0.558534	2.47025
3480000	-43.65665	0	-43.65665	0.0809458	0.0705137	0.453682	0.237705	0.122799	0.0997882	4.43863	2.541	0.689519
3490000	-37.27864	0	-37.27864	0.0909625	0.154284	0.271668	0.263076	0.0923099	0.221567	2.46532	0.880264	1.41788
3500000	-39.59417	0	-39.59417	0.133368	0.0582794	0.139454	0.514868	0.125176	0.079836	2.2778	1.47759	1.24287
3510000	-39.86318	0	-39.86318	0.322876	0.118627	0.255492	0.434717	0.0772964	0.0787634	1.75424	0.689948	0.795755
3520000	-36.66776	0	-36.66776	0.0795035	0.180526	0.654986	0.536288	0.115006	0.131152	2.62096	1.24719	2.94265
3530000	-42.25633	0	-42.25633	0.205605	0.117735	0.427437	0.313698	0.0800424	0.114336	1.07321	0.848534	1.7798
3540000	-36.60678	0	-36.60678	0.241054	0.124675	0.197126	0.254394	0.144784	0.168057	3.29528	0.49273	0.887549
3550000	-38.91277	0	-38.91277	0.201372	0.0931741	0.565681	0.307506	0.114884	0.113203	2.13221	0.478707	0.475452
3560000	-37.36662	0	-37.36662	0.10226	0.0516517	0.196271	0.182576	0.10201	0.119576	6.35112	1.37541	8.49533
3570000	-45.07905	0	-45.07905	0.084921	0.164257	0.153727	0.37192	0.132439	0.149717	1.33057	1.46586	1.6556
3580000	-47.62094	0	-47.62094	0.0669644	0.0863684	0.189995	0.501309	0.116581	0.163742	4.55775	3.60827	2.46189
3590000	-46.17856	0	-46.17856	0.171098	0.144668	0.414017	0.267095	0.321275	0.231967	1.63537	1.1042	0.934777
3600000	-38.77382	0	-38.77382	0.108304	0.14625	0.223959	0.358506	0.118867	0.0948044	3.02979	3.21104	1.11963
3610000	-53.69905	0	-53.69905	0.117271	0.081399	0.32128	0.334779	0.0549423	0.143519	2.57074	0.375246	0.238476
3620000	-36.71507	0	-36.71507	0.207987	0.0956029	0.243418	0.36154	0.195747	0.300017	4.75065	0.632833	1.31938
3630000	-44.43109	0	-44.43109	0.108843	0.158746	0.204447	0.186194	0.156616	0.126662	6.81285	0.428389	0.366507
3640000	-46.48583	0	-46.48583	0.0802388	0.221345	0.284005	0.366678	0.123827	0.342018	2.43774	1.22397	1.94041
3650000	-53.49009	0	-53.49009	0.1602	0.102628	0.389427	0.404956	0.0756021	0.191236	1.56103	0.860302	2.37135
3660000	-43.00704	0	-43.00704	0.0963203	0.191877	0.306056	0.346875	0.0913218	0.0850391	1.93822	0.776039	2.5766
3670000	-49.40558	0	-49.40558	0.209298	0.0919097	0.350049	0.283996	0.116729	0.0909111	4.02781	0.507858	1.25752
3680000	-51.31039	0	-51.31039	0.123641	0.0254051	0.324805	0.367373	0.0777211	0.11782	9.20649	0.359544	0.292583
3690000	-43.10822	0	-43.10822	0.292395	0.191444	0.374292	0.416347	0.0859382	0.119586	2.19219	1.28205	0.796603
3700000	-33.76823	0	-33.76823	0.116036	0.196604	0.327579	0.326154	0.0813263	0.228378	5.50702	0.704973	1.36518
3710000	-35.72215	0	-35.72215	0.162638	0.0360276	0.406891	0.323029	0.146612	0.18037	5.96223	0.383129	1.71242
3720000	-28.37337	0	-28.37337	0.143361	0.147607	0.308949	0.40884	0.0761165	0.202644	4.04553	1.61494	3.81923
3730000	-35.22921	0	-35.22921	0.090502	0.134116	0.40986	0.272563	0.17021	0.0850302	6.24023	0.5648	5.16548
3740000	-40.50825	0	-40.50825	0.370253	0.0908477	0.278716	0.482359	0.0784839	0.114833	3.42903	0.799327	1.58251
3750000	-44.6701	0	-44.6701	0.175808	0.0846188	0.458357	0.438159	0.126648	0.0522568	1.87971	0.578005	1.43545
3760000	-38.3394	0	-38.3394	0.181457	0.184009	0.223239	0.491852	0.0686572	0.0660811	2.92733	1.2459	2.55272
3770000	-37.63518	0	-37.63518	0.167949	0.095938	0.516249	0.11538	0.0940025	0.140271	2.61456	0.793396	2.44564
3780000	-41.69978	0	-41.69978	0.206976	0.0971859	0.249808	0.43666	0.112872	0.147558	2.59588	2.07655	0.747105
3790000	-58.23908	0	-58.23908	0.215397	0.11373	0.195628	0.28579	0.130235	0.205705	0.709886	0.903194	0.444445
3800000	-42.2607	0	-42.2607	0.269456	0.0930428	0.299507	0.53079	0.136194	0.0858134	2.669	0.571388	1.3916
3810000	-36.65591	0	-36.65591	0.272148	0.182302	0.222634	0.373732	0.0966299	0.27525	1.66842	0.891645	3.09099
3820000	-36.89997	0	-36.89997	0.1475	0.102825	0.149953	0.483669	0.070528	0.0825034	3.39966	1.38998	1.00167
3830000	-47.34226	0	-47.34226	0.116082	0.122489	0.206265	0.445801	0.13704	0.10676	4.33523	0.449798	0.710956
3840000	-45.75258	0	-45.75258	0.0801481	0.182913	0.232841	0.36284	0.0589958	0.179357	3.09277	0.883339	0.829093
3850000	-33.53117	0	-33.53117	0.119802	0.0582575	0.464323	0.357512	0.0728598	0.0794905	4.82664	5.13018	2.27315
3860000	-34.33764	0	-34.33764	0.131885	0.131972	0.616869	0.19164	0.121367	0.197019	2.55848	0.862693	3.50136
3870000	-34.432	0	-34.432	0.139047	0.177244	0.297983	0.246973	0.163571	0.118573	3.83522	1.25023	2.09451
3880000	-29.65328	0	-29.65328	0.233481	0.143638	0.314111	0.215563	0.0583102	0.0713966	2.85393	1.90194	3.71615
3890000	-42.51926	0	-42.51926	0.110369	0.0935443	0.522706	0.280707	0.0943983	0.30635	2.77661	0.388864	0.772474
3900000	-49.29291	0	-49.29291	0.153231	0.110337	0.221191	0.271678	0.144089	0.113118	1.51269	0.636016	0.843767
3910000	-41.0423	0	-41.0423	0.205809	0.0926961	0.234055	0.228386	0.167912	0.122578	4.3265	0.115874	0.745419
3920000	-40.70425	0	-40.70425	0.153177	0.0577099	0.139985	0.429525	0.146444	0.146541	1.27815	1.07847	1.08643
3930000	-47.08007	0	-47.08007	0.155031	0.162904	0.274378	0.264153	0.0997186	0.130752	1.33968	2.67726	1.35954
3940000	-35.45327	0	-35.45327	0.120066	0.0745501	0.317622	0.350706	0.101147	0.0853212	2.34213	0.361866	2.30479
3950000	-36.73749	0	-36.73749	0.104935	0.0909133	0.47391	0.354302	0.126191	0.0885454	3.45233	1.34325	2.3171
3960000	-55.36888	0	-55.36888	0.132908	0.0636487	0.283229	0.366634	0.0624263	0.133598	1.30481	0.849631	0.866188
3970000	-51.47704	0	-51.47704	0.269585	0.0600444	0.253902	0.416608	0.08445	0.156547	0.788716	0.776169	0.759578
3980000	-45.97777	0	-45.97777	0.168509	0.0670634	0.287463	0.338671	0.0624586	0.0944138	2.96599	0.710388	0.575527
3990000	-41.2855	0	-41.2855	0.331657	0.173516	0.276498	0.186761	0.109258	0.154832	2.03158	0.482644	2.03314
4000000	-34.40518	0	-34.40518	0.295343	0.063461	0.315653	0.341869	0.167775	0.074891	3.22381	0.900156	1.44548
4010000	-35.53417	0	-35.53417	0.144004	0.0982343	0.396322	0.49549	0.106811	0.0411633	2.94572	0.866239	2.69871
4020000	-37.78831	0	-37.78831	0.109872	0.158553	0.194949	0.318734	0.0512153	0.217759	2.74536	0.491911	1.11372
4030000	-40.71481	0	-40.71481	0.231475	0.10653	0.431218	0.252343	0.242438	0.238214	2.92389	0.768657	3.39203
4040000	-34.23546	0	-34.23546	0.109539	0.116275	0.44709	0.260283	0.0403462	0.0854321	1.79924	1.60722	4.4581
4050000	-39.13475	0	-39.13475	0.161524	0.173854	0.384103	0.445331	0.105851	0.249124	2.70856	0.68304	1.08236
4060000	-37.69574	0	-37.69574	0.121595	0.0917177	0.212496	0.26817	0.0646912	0.103071	4.054	1.22202	0.710145
4070000	-34.60434	0	-34.60434	0.197637	0.102097	0.307788	0.397101	0.163826	0.134137	3.31149	1.70448	2.88071
4080000	-43.33651	0	-43.33651	0.13558	0.136983	0.278872	0.14718	0.20869	0.196846	4.73564	3.07904	4.25733
4090000	-40.73871	0	-40.73871	0.238196	0.118742	0.385804	0.248449	0.142599	0.156166	1.57822	2.31539	1.80019
4100000	-48.5626	0	-48.5626	0.183395	0.0589278	0.544655	0.474109	0.0544301	0.198802	2.3195	0.20529	0.843551
4110000	-48.18124	0	-48.18124	0.199481	0.108358	0.145203	0.245281	0.0990705	0.0265141	7.08154	1.32281	0.237673
4120000	-42.9687	0	-42.9687	0.15852	0.163202	0.149111	0.423769	0.0984776	0.100573	1.87526	0.699235	2.00714
4130000	-41.2242	0	-41.2242	0.15826	0.118801	0.581013	0.264703	0.123548	0.170513	1.48758	0.915058	2.01629
4140000	-43.86638	0	-43.86638	0.129467	0.0874451	0.205393	0.379983	0.0976828	0.114405	1.68613	2.30511	4.39862
4150000	-41.9349	0	-41.9349	0.112194	0.169759	0.159258	0.258992	0.181663	0.161477	1.17973	2.40442	1.28805
4160000	-34.15707	0	-34.15707	0.140701	0.0875107	0.268156	0.489222	0.104413	0.145578	2.98088	1.29806	4.43889
4170000	-45.61183	0	-45.61183	0.147865	0.15402	0.186495	0.564927	0.0889697	0.0873339	3.48684	1.17766	0.938818
4180000	-54.09286	0	-54.09286	0.0565753	0.0621703	0.162913	0.301863	0.112046	0.0410601	1.40996	0.414351	0.698067
4190000	-46.87429	0	-46.87429	0.235086	0.0908309	0.421256	0.193582	0.138672	0.102841	1.11312	0.820771	1.55593
4200000	-44.7129	0	-44.7129	0.163977	0.0657721	0.252377	0.587659	0.0955854	0.102315	2.53565	0.476386	1.08226
4210000	-46.50608	0	-46.50608	0.12135	0.051736	0.306777	0.227454	0.0448649	0.0982284	2.03179	2.16305	2.02128
4220000	-39.87478	0	-39.87478	0.192245	0.0687456	0.172965	0.367558	0.116493	0.106746	1.8101	2.26394	0.841394
4230000	-40.38181	0	-40.38181	0.0758092	0.168777	0.167721	0.371237	0.126626	0.075589	2.30275	2.28109	0.960793
4240000	-28.9709	0	-28.9709	0.214123	0.111576	0.250332	0.166976	0.0680164	0.0551744	2.94301	2.28608	1.49382
4250000	-44.04444	0	-44.04444	0.0812505	0.143042	0.218907	0.32138	0.149228	0.141373	3.46595	1.3331	0.946134
4260000	-32.19053	0	-32.19053	0.141252	0.132276	0.549137	0.431056	0.0676507	0.131333	2.65667	1.22837	2.15204
4270000	-52.64919	0	-52.64919	0.0758866	0.115395	0.222955	0.215689	0.165065	0.181356	1.90203	0.375027	0.511527
4280000	-40.15403	0	-40.15403	0.230359	0.103258	0.405112	0.445443	0.0993388	0.175013	1.67672	0.861034	1.89217
4290000	-40.18641	0	-40.18641	0.212965	0.1226	0.399278	0.472964	0.11748	0.132467	3.48181	1.27927	1.57706
4300000	-59.22904	0	-59.22904	0.158166	0.170212	0.209724	0.308492	0.246406	0.140128	2.27491	1.93923	0.504265
4310000	-35.81607	0	-35.81607	0.0747862	0.0947576	0.261604	0.591058	0.0927893	0.154154	2.28853	0.546966	2.42848
4320000	-43.52049	0	-43.52049	0.131202	0.147196	0.468608	0.194679	0.137521	0.0854177	4.10652	1.16421	1.02816
4330000	-40.99591	0	-40.99591	0.114953	0.0882557	0.311081	0.480195	0.0918085	0.104237	1.09098	0.72317	2.00462
4340000	-48.0429	0	-48.0429	0.175769	0.0978084	0.224206	0.379333	0.0895939	0.158682	1.00453	0.291872	0.790038
4350000	-37.07802	0	-37.07802	0.180508	0.137473	0.238249	0.289738	0.14777	0.126829	4.87924	1.06534	1.02342
4360000	-45.07863	0	-45.07863	0.0846335	0.0673624	0.296797	0.354855	0.0368344	0.125264	2.69302	0.291594	1.04944
4370000	-33.80211	0	-33.80211	0.172439	0.0902244	0.514076	0.369181	0.131651	0.0907556	6.48073	1.62094	1.44878
4380000	-38.15428	0	-38.15428	0.167127	0.204901	0.78308	0.181979	0.110055	0.127191	3.797	1.0113	1.71229
4390000	-49.25757	0	-49.25757	0.105114	0.0796986	0.253287	0.437903	0.240358	0.0608856	1.10871	0.281746	0.819913
4400000	-32.50338	0	-32.50338	0.0867321	0.0614686	0.673946	0.401699	0.0857618	0.134885	3.3323	2.48689	1.66166
4410000	-39.94575	0	-39.94575	0.12425	0.160445	0.420271	0.224832	0.0893463	0.0954435	2.63167	0.756884	1.22809
4420000	-33.54031	0	-33.54031	0.195456	0.0759042	0.247548	0.525504	0.109702	0.132491	1.56328	1.96562	3.48895
4430000	-35.59713	0	-35.59713	0.202581	0.0881545	0.183677	0.594039	0.0683911	0.0617968	2.42951	1.44574	1.80138
4440000	-35.23073	0	-35.23073	0.0975641	0.123972	0.164932	0.359992	0.13055	0.123539	5.32239	1.21728	1.37483
4450000	-42.14676	0	-42.14676	0.114744	0.102827	0.31752	0.311007	0.133578	0.132678	1.69585	2.47472	0.96399
4460000	-39.54816	0	-39.54816	0.153169	0.052556	0.550209	0.319523	0.100878	0.212392	1.61063	2.22136	1.07231
4470000	-45.07306	0	-45.07306	0.276611	0.118063	0.852645	0.466091	0.141068	0.114947	1.36005	1.07001	1.13075
4480000	-47.63854	0	-47.63854	0.336565	0.0546416	0.323183	0.308098	0.0741129	0.0393944	1.26854	0.332259	3.20672
4490000	-39.08027	0	-39.08027	0.144838	0.0829141	0.345739	0.343314	0.0674199	0.197681	2.21335	0.303772	1.12424
4500000	-39.27777	0	-39.27777	0.0810506	0.132684	0.336101	0.655847	0.125175	0.228186	4.95145	1.49758	1.49517
4510000	-34.59939	0	-34.59939	0.13285	0.0817448	0.22107	0.372251	0.0852937	0.107182	2.46774	0.607475	1.47587
4520000	-38.29672	0	-38.29672	0.0984027	0.093756	0.139892	0.304871	0.0871225	0.118719	3.30042	0.465713	0.842595
4530000	-53.09716	0	-53.09716	0.245886	0.168751	0.259983	0.163495	0.151322	0.0903592	0.526759	0.280812	1.40433
4540000	-42.4827	0	-42.4827	0.15904	0.0958832	0.2003	0.430085	0.21115	0.0973872	2.97384	0.456064	1.12834
4550000	-44.90643	0	-44.90643	0.151373	0.103114	0.551546	0.362112	0.0695421	0.293239	4.47528	2.2534	0.166128
4560000	-48.47001	0	-48.47001	0.117031	0.0973077	0.294961	0.24652	0.120866	0.133449	2.05549	0.268982	0.916947
4570000	-35.55216	0	-35.55216	0.0818561	0.129086	0.198753	0.404886	0.0730922	0.185525	4.29195	1.11368	1.3675
4580000	-38.01414	0	-38.01414	0.194569	0.150715	0.403922	0.205471	0.115179	0.167988	2.21794	0.739513	1.27028
4590000	-38.84337	0	-38.84337	0.135076	0.250504	0.34078	0.170148	0.0476752	0.189968	1.47459	0.878719	4.69025
4600000	-44.632	0	-44.632	0.165773	0.126163	0.269783	0.333984	0.0877703	0.189721	2.82927	0.208706	1.81369
4610000	-32.05704	0	-32.05704	0.227933	0.0765493	0.473758	0.340372	0.153095	0.11106	2.761	2.24574	2.52923
4620000	-43.91612	0	-43.91612	0.154537	0.0524788	0.52833	0.548125	0.152985	0.0828465	2.82591	1.22706	1.73383
4630000	-48.27485	0	-48.27485	0.167371	0.123621	0.13285	0.437205	0.146302	0.116868	0.991721	0.283027	4.02382
4640000	-39.37549	0	-39.37549	0.22095	0.161962	0.327178	0.618513	0.0555783	0.240118	1.9753	0.789561	1.1564
4650000	-44.37346	0	-44.37346	0.107758	0.0680617	0.350392	0.270495	0.0814626	0.165825	1.92781	0.342659	3.47033
4660000	-57.65114	0	-57.65114	0.120184	0.118673	0.15775	0.186969	0.0678543	0.11183	1.12641	0.897741	3.5324
4670000	-44.18804	0	-44.18804	0.109959	0.0776779	0.25078	0.242566	0.0831357	0.242391	1.65227	1.39758	0.924234
4680000	-51.03952	0	-51.03952	0.207287	0.111706	0.419105	0.269955	0.0681863	0.183662	0.925514	1.75275	3.28033
4690000	-38.16761	0	-38.16761	0.113039	0.134544	0.315088	0.366087	0.0598123	0.100671	3.12579	1.2922	1.47329
4700000	-38.88877	0	-38.88877	0.186711	0.116329	0.245959	0.357105	0.135587	0.107617	2.62383	0.739734	1.6605
4710000	-43.1733	0	-43.1733	0.204695	0.0466784	0.47146	0.21018	0.144093	0.100503	2.61533	2.11234	0.914698
4720000	-39.2541	0	-39.2541	0.338938	0.131306	0.281715	0.283215	0.103121	0.0525336	2.88484	1.49985	1.75954
4730000	-44.53342	0	-44.53342	0.24393	0.143264	0.178139	0.24408	0.0724905	0.166726	3.61703	2.40499	0.782983
4740000	-45.20817	0	-45.20817	0.120971	0.0929561	0.326694	0.422634	0.0839102	0.118888	2.54841	2.98269	0.406678
4750000	-34.76027	0	-34.76027	0.127262	0.0919972	0.519055	0.260904	0.111373	0.109558	2.4129	1.09222	2.72554
4760000	-39.40811	0	-39.40811	0.243416	0.0511228	0.52567	0.37314	0.124217	0.257878	2.07758	0.851207	1.35551
4770000	-37.52185	0	-37.52185	0.189576	0.0594473	0.305434	0.284315	0.126279	0.175486	1.76061	1.5094	4.2816
4780000	-36.95408	0	-36.95408	0.111584	0.197352	0.252865	0.52852	0.1163	0.173059	1.94745	1.36652	3.44943
4790000	-42.82886	0	-42.82886	0.117248	0.0644094	0.359276	0.482684	0.146903	0.113276	2.40786	2.49314	1.26461
4800000	-49.34612	0	-49.34612	0.226123	0.0413552	0.237593	0.203162	0.0797197	0.195772	1.93908	0.904244	0.680835
4810000	-47.31631	0	-47.31631	0.17052	0.0434337	0.218977	0.3669	0.135807	0.062937	3.48505	0.591085	0.419376
4820000	-42.84973	0	-42.84973	0.159706	0.13448	0.539585	0.581534	0.0847106	0.134068	2.32966	1.21491	1.80793
4830000	-47.6094	0	-47.6094	0.0793302	0.0686962	0.263434	0.371947	0.132891	0.136894	3.88416	0.854513	1.20418
4840000	-32.30618	0	-32.30618	0.220806	0.114527	0.32326	0.555422	0.0836607	0.0679602	2.84359	2.1997	1.04202
4850000	-38.43849	0	-38.43849	0.151664	0.129668	0.258206	0.262141	0.140419	0.0899673	4.25337	1.5484	1.47589
4860000	-39.99481	0	-39.99481	0.121188	0.139314	0.358912	0.436307	0.121695	0.0895127	3.02194	1.07002	1.18293
4870000	-36.60504	0	-36.60504	0.0963841	0.10838	0.570066	0.205118	0.150399	0.137264	2.05851	1.67571	2.85892
4880000	-35.18959	0	-35.18959	0.217161	0.132506	0.319051	0.458588	0.155375	0.155204	3.94113	0.377569	2.88003
4890000	-34.15523	0	-34.15523	0.134841	0.188737	0.449233	0.424091	0.150828	0.0725778	5.69649	0.982326	2.05936
4900000	-40.32133	0	-40.32133	0.183555	0.0949762	0.20435	0.310109	0.167523	0.138797	1.80653	1.28037	1.6022
4910000	-43.49099	0	-43.49099	0.156074	0.067753	0.337846	0.312869	0.121307	0.152563	1.25514	0.726134	4.24821
4920000	-36.71151	0	-36.71151	0.168067	0.0650748	0.417521	0.470303	0.166344	0.222235	3.39414	1.01131	1.11708
4930000	-48.12096	0	-48.12096	0.281628	0.106759	0.370073	0.327182	0.0739634	0.0575335	1.98188	1.39751	1.39941
4940000	-42.14215	0	-42.14215	0.241106	0.0578082	0.421524	0.27433	0.139139	0.0590956	2.65019	0.346794	0.579815
4950000	-55.82714	0	-55.82714	0.103295	0.1847	0.312639	0.263599	0.0802681	0.106566	0.868942	0.700332	0.985414
4960000	-38.61506	0	-38.61506	0.0941309	0.124192	0.202952	0.411449	0.0863417	0.0547645	2.53127	0.705714	2.36849
4970000	-43.03852	0	-43.03852	0.0767157	0.0854748	0.78749	0.390492	0.07565	0.138384	1.87777	1.00398	1.80436
4980000	-43.75254	0	-43.75254	0.457544	0.156153	0.224997	0.44978	0.107769	0.144407	4.32836	1.48206	5.19099
4990000	-36.91528	0	-36.91528	0.269647	0.063993	0.326937	0.428363	0.0803957	0.12243	2.07703	1.62101	0.873032
5000000	-35.81009	0	-35.81009	0.200741	0.154076	0.370427	0.456289	0.195831	0.0680924	1.95612	2.43804	1.12368
