Iteration	Posterior	Likelihood	Prior	lambda[1]	lambda[2]	lambda[3]	mu[1]	mu[2]	mu[3]	psi[1]	psi[2]	psi[3]
0	-35.88374	0	-35.88374	0.0944604	0.164618	0.0818093	0.112137	0.0865817	0.0938076	0.406876	0.151582	0.290247
10000	-40.44983	0	-40.44983	0.0955311	0.198781	0.22043	0.217802	0.0779258	0.207885	0.655341	0.464694	2.28015
20000	-28.98712	0	-28.98712	0.0760521	0.173924	0.0966553	0.231238	0.148101	0.0793486	0.391554	0.962125	0.281008
30000	-34.38073	0	-34.38073	0.0872916	0.16088	0.340822	0.133663	0.252537	0.0676258	0.200339	0.689477	1.37853
40000	-27.56242	0	-27.56242	0.131328	0.320335	0.249899	0.193056	0.141443	0.118767	0.567477	1.44937	4.50206
50000	-26.54831	0	-26.54831	0.100298	0.168494	0.226205	0.161323	0.162712	0.130624	0.305407	1.04624	1.24228
60000	-30.39497	0	-30.39497	0.0486052	0.0981929	0.184335	0.393354	0.0964954	0.110661	0.351991	0.647069	1.19961
70000	-30.45354	0	-30.45354	0.259735	0.165727	0.301056	0.261216	0.0948093	0.200299	0.230587	0.649654	2.55607
80000	-28.31685	0	-28.31685	0.170797	0.222121	0.13167	0.35047	0.0657785	0.17162	0.70766	1.93684	0.360546
90000	-32.26514	0	-32.26514	0.176222	0.104259	0.124053	0.236943	0.10906	0.17411	0.766652	0.361507	2.46972
100000	-25.63531	0	-25.63531	0.129909	0.0930345	0.2315	0.260385	0.293385	0.0712395	0.426594	1.81306	1.45786
110000	-27.7998	0	-27.7998	0.210945	0.198126	0.19111	0.414573	0.236688	0.0997882	0.842157	4.09976	1.30405
120000	-31.3244	0	-31.3244	0.04801	0.146592	0.191106	0.286909	0.104541	0.135262	0.612106	0.351415	1.78114
130000	-31.91599	0	-31.91599	0.0669914	0.236176	0.154793	0.411123	0.130519	0.0717519	0.127109	0.544305	1.22361
140000	-22.35573	0	-22.35573	0.198096	0.0912716	0.130729	0.57035	0.142861	0.173533	1.94326	1.43289	1.97798
150000	-28.17534	0	-28.17534	0.0696114	0.22565	0.0870629	0.338842	0.111821	0.137801	0.693049	0.657787	0.889868
160000	-30.43578	0	-30.43578	0.37278	0.144594	0.141559	0.259924	0.0992402	0.096092	0.113037	0.68907	2.39994
170000	-35.47029	0	-35.47029	0.0744822	0.23014	0.252728	0.245272	0.154251	0.14914	0.0695279	0.212599	3.40281
180000	-28.57865	0	-28.57865	0.13906	0.148149	0.082892	0.169167	0.125517	0.190708	0.405103	0.797978	0.312882
190000	-31.38261	0	-31.38261	0.202939	0.556637	0.19795	0.308746	0.240219	0.0971137	0.559911	1.31823	2.66715
200000	-30.78122	0	-30.78122	0.182421	0.177172	0.143471	0.257575	0.201972	0.1201	0.922346	0.528697	1.32426
210000	-33.60766	0	-33.60766	0.0763643	0.280679	0.0850536	0.530249	0.167298	0.317464	1.19576	0.624794	1.83623
220000	-30.80081	0	-30.80081	0.229054	0.225018	0.172752	0.233929	0.0824078	0.0660855	0.240168	0.714637	2.93287
230000	-29.69666	0	-29.69666	0.106948	0.179472	0.21961	0.300784	0.0893131	0.0990903	0.479911	1.57098	1.85013
240000	-34.34324	0	-34.34324	0.200487	0.167836	0.103133	0.229684	0.271744	0.153591	0.743596	0.278561	0.505614
250000	-25.80041	0	-25.80041	0.0938033	0.239951	0.0595091	0.410985	0.0611352	0.138366	1.38358	0.702252	0.387986
260000	-32.96407	0	-32.96407	0.102284	0.103949	0.143694	0.385735	0.21787	0.149996	0.746594	0.484436	0.312982
270000	-32.67419	0	-32.67419	0.111607	0.28193	0.140107	0.266092	0.0938889	0.134978	0.426523	0.40498	1.95377
280000	-37.8139	0	-37.8139	0.152092	0.567215	0.281892	0.155647	0.182208	0.222471	0.769495	3.73682	3.2784
290000	-29.67926	0	-29.67926	0.17602	0.221259	0.142721	0.250474	0.320168	0.202695	0.517955	0.456679	1.07358
300000	-33.62443	0	-33.62443	0.144232	0.222941	0.183192	0.398609	0.0908619	0.129614	0.838116	0.540583	1.57204
310000	-30.22057	0	-30.22057	0.212427	0.307009	0.143836	0.149012	0.16478	0.0895823	0.341627	1.00108	0.87568
320000	-32.75279	0	-32.75279	0.152711	0.0923182	0.125531	0.297561	0.114113	0.0813771	0.435533	0.312945	1.10823
330000	-33.56805	0	-33.56805	0.275886	0.112459	0.382804	0.340972	0.222426	0.0964189	0.99609	0.191864	0.48049
340000	-25.31306	0	-25.31306	0.209836	0.13048	0.165727	0.144913	0.19051	0.0990768	1.05943	2.9839	1.4024
350000	-31.28939	0	-31.28939	0.327477	0.136195	0.149845	0.222855	0.0699021	0.159067	0.394599	4.00445	1.00322
360000	-28.41427	0	-28.41427	0.138136	0.200984	0.146723	0.274228	0.206128	0.0910418	2.38967	1.20432	0.380218
370000	-30.68491	0	-30.68491	0.0809929	0.287487	0.168996	0.172927	0.17053	0.0665572	0.329825	0.305123	1.14397
380000	-29.76149	0	-29.76149	0.065081	0.138595	0.0579741	0.222522	0.100067	0.253049	0.426194	1.94873	0.310579
390000	-28.82518	0	-28.82518	0.0990803	0.161621	0.237317	0.211714	0.0524771	0.247909	0.957474	1.52657	1.10957
400000	-31.13557	0	-31.13557	0.104394	0.308889	0.165861	0.207657	0.0860374	0.153723	0.556395	0.622988	1.85945
410000	-32.08886	0	-32.08886	0.228938	0.212322	0.132578	0.167595	0.14377	0.100558	0.199343	0.370471	0.437169
420000	-34.19444	0	-34.19444	0.181938	0.247444	0.144949	0.302146	0.25124	0.159159	0.600968	0.936187	3.76086
430000	-27.14422	0	-27.14422	0.271528	0.172454	0.121566	0.312863	0.0771495	0.183922	0.652672	1.15075	3.0815
440000	-27.34706	0	-27.34706	0.206375	0.0779559	0.174121	0.208784	0.116137	0.20559	0.238108	0.756736	0.735684
450000	-29.03263	0	-29.03263	0.151885	0.383467	0.281206	0.214883	0.181761	0.148658	0.329226	2.59938	0.508483
460000	-37.3075	0	-37.3075	0.0759285	0.213827	0.240728	0.363327	0.0474443	0.149796	0.579572	0.430513	0.125445
470000	-34.31991	0	-34.31991	0.256875	0.0793053	0.109533	0.592025	0.0700747	0.0652416	0.45133	0.561626	2.55958
480000	-32.08856	0	-32.08856	0.204853	0.0923181	0.163963	0.250004	0.204921	0.055644	0.856765	0.547466	1.26387
490000	-31.68653	0	-31.68653	0.140436	0.401113	0.0830316	0.330007	0.110221	0.105042	0.164836	0.458446	4.74129
500000	-28.46975	0	-28.46975	0.169791	0.313307	0.0765309	0.125571	0.138757	0.120565	0.557933	0.736333	0.571473
510000	-40.09648	0	-40.09648	0.0854837	0.18778	0.196686	0.105502	0.0876528	0.171178	0.463567	0.550901	0.206869
520000	-31.58539	0	-31.58539	0.139403	0.201757	0.153475	0.0822096	0.214414	0.112491	0.299466	0.863649	0.666509
530000	-32.22437	0	-32.22437	0.115906	0.199338	0.158156	0.339645	0.189979	0.0810351	0.437373	0.406153	2.02579
540000	-30.38093	0	-30.38093	0.126093	0.0998219	0.1721	0.136392	0.225672	0.165406	0.906425	2.33673	1.37998
550000	-28.93862	0	-28.93862	0.117044	0.263056	0.220893	0.364509	0.0715677	0.162034	0.321435	2.51267	2.65564
560000	-24.64982	0	-24.64982	0.181373	0.148737	0.0885359	0.317065	0.165508	0.074375	0.677779	0.962818	1.12541
570000	-29.57229	0	-29.57229	0.0906532	0.247904	0.165724	0.276765	0.232443	0.0479717	0.240941	0.945313	1.33674
580000	-34.32056	0	-34.32056	0.170532	0.394162	0.25236	0.251085	0.145458	0.177722	0.684816	1.01028	0.419546
590000	-34.42369	0	-34.42369	0.113097	0.23469	0.0875195	0.228665	0.238482	0.132855	0.179183	0.273993	0.291353
600000	-31.42934	0	-31.42934	0.24787	0.102989	0.116533	0.254362	0.104115	0.0886271	0.422807	0.609559	0.2488
610000	-36.06708	0	-36.06708	0.0449916	0.19686	0.138394	0.209842	0.106368	0.225116	0.308122	0.184256	0.864311
620000	-28.19142	0	-28.19142	0.105112	0.289097	0.127741	0.24069	0.101369	0.109515	0.686252	0.90691	3.1666
630000	-32.50861	0	-32.50861	0.268592	0.093509	0.227229	0.475416	0.0699825	0.137507	0.284383	0.263063	1.52364
640000	-30.29633	0	-30.29633	0.117917	0.237817	0.0862131	0.353768	0.155211	0.142539	0.59873	0.97192	2.505
650000	-27.22928	0	-27.22928	0.191044	0.098578	0.156412	0.322747	0.0586959	0.102902	0.62478	1.06747	2.10094
660000	-25.50547	0	-25.50547	0.115138	0.327608	0.154268	0.230689	0.310915	0.108026	0.277618	2.0131	1.57658
670000	-25.26589	0	-25.26589	0.149688	0.135518	0.243771	0.255918	0.0771792	0.134738	1.18413	1.001	0.735994
680000	-32.13937	0	-32.13937	0.127343	0.135929	0.202408	0.330919	0.242363	0.199206	0.673402	0.905758	1.60466
690000	-24.69502	0	-24.69502	0.0632847	0.247967	0.187174	0.204187	0.0713203	0.174537	3.82297	1.21196	1.56318
700000	-29.62379	0	-29.62379	0.186024	0.253964	0.163471	0.301547	0.135497	0.114802	0.843059	1.66088	3.29169
710000	-26.85217	0	-26.85217	0.0595052	0.273545	0.10357	0.234022	0.15275	0.0815051	0.485157	2.39254	3.21364
720000	-29.59297	0	-29.59297	0.0607555	0.12718	0.100453	0.250603	0.0660967	0.150472	0.319582	0.196819	2.59567
730000	-32.62715	0	-32.62715	0.156802	0.143173	0.0929545	0.380899	0.0925706	0.0667344	0.412438	2.26321	0.561653
740000	-25.50892	0	-25.50892	0.179091	0.273985	0.158368	0.330362	0.118951	0.111763	0.6492	0.809845	2.35498
750000	-35.94326	0	-35.94326	0.0619445	0.299275	0.133993	0.377999	0.0966694	0.105496	0.313867	0.150942	0.494974
760000	-31.51331	0	-31.51331	0.0695287	0.358605	0.0936828	0.114275	0.444164	0.126469	0.483383	1.77069	3.61039
770000	-37.44734	0	-37.44734	0.332426	0.211787	0.155305	0.279194	0.0719565	0.129004	0.128978	0.432967	2.03946
780000	-31.32805	0	-31.32805	0.108556	0.282579	0.0786458	0.297355	0.267394	0.130221	0.93539	0.408568	1.21804
790000	-29.66609	0	-29.66609	0.105064	0.228031	0.1136	0.455359	0.153452	0.0880722	2.28001	0.537586	2.21732
800000	-26.59765	0	-26.59765	0.120373	0.270628	0.161774	0.257119	0.0709194	0.140778	0.440975	1.12449	3.86789
810000	-28.43822	0	-28.43822	0.124729	0.19567	0.109258	0.346579	0.084758	0.110209	0.680074	0.349494	0.639279
820000	-40.3878	0	-40.3878	0.0889879	0.267235	0.107723	0.27821	0.332633	0.0619404	1.16613	0.287348	0.351346
830000	-27.14846	0	-27.14846	0.204332	0.162147	0.300536	0.391552	0.161578	0.140108	0.249988	0.996783	0.667721
840000	-29.32326	0	-29.32326	0.064321	0.167415	0.131878	0.33254	0.214195	0.0876193	0.36792	0.468099	2.28679
850000	-27.42634	0	-27.42634	0.14448	0.323503	0.119636	0.346889	0.0701737	0.107323	0.398187	3.50808	1.57674
860000	-33.47525	0	-33.47525	0.29448	0.162349	0.256067	0.103519	0.052934	0.222788	0.456668	1.60123	0.293284
870000	-28.7779	0	-28.7779	0.197595	0.234324	0.142171	0.379395	0.0988832	0.138924	0.894601	2.63022	1.70478
880000	-28.82861	0	-28.82861	0.123407	0.163496	0.134961	0.275545	0.134298	0.0558538	0.810095	0.57613	0.825901
890000	-30.36117	0	-30.36117	0.147793	0.13705	0.116248	0.27474	0.139615	0.0995945	0.892519	0.134484	0.46068
900000	-30.82534	0	-30.82534	0.107701	0.164616	0.276145	0.271575	0.0577669	0.129854	0.362344	0.991133	0.553745
910000	-31.6976	0	-31.6976	0.0921154	0.0910078	0.159788	0.824138	0.0848129	0.18169	1.20658	0.875174	0.582415
920000	-29.93228	0	-29.93228	0.149971	0.212855	0.238968	0.335266	0.183848	0.105017	0.921827	3.02349	0.677425
930000	-38.27426	0	-38.27426	0.121075	0.170398	0.112578	0.0766953	0.119957	0.0504856	0.605937	1.23682	0.410405
940000	-37.23205	0	-37.23205	0.131735	0.0982732	0.150581	0.247884	0.0691046	0.23828	0.193946	0.379695	1.56804
950000	-34.12241	0	-34.12241	0.256464	0.342017	0.191807	0.419429	0.190319	0.0809094	1.6061	1.47279	0.890893
960000	-34.41455	0	-34.41455	0.169297	0.13034	0.195892	0.484618	0.0878316	0.115046	1.08796	0.756051	0.467806
970000	-29.60453	0	-29.60453	0.267057	0.39479	0.113994	0.156322	0.130958	0.0775732	0.642618	1.99226	2.35031
980000	-28.99023	0	-28.99023	0.267528	0.103829	0.144544	0.145707	0.155271	0.139745	0.776855	3.62342	2.09356
990000	-29.85611	0	-29.85611	0.149949	0.0494963	0.291214	0.191178	0.0750917	0.0966008	0.340217	0.1682	1.73091
1000000	-27.13806	0	-27.13806	0.114551	0.147738	0.166595	0.151962	0.125282	0.0756355	0.415636	0.581016	1.07399
1010000	-25.4062	0	-25.4062	0.0990231	0.146339	0.219141	0.402445	0.126382	0.131002	0.954446	5.92808	2.29563
1020000	-30.66538	0	-30.66538	0.1991	0.24191	0.0619246	0.238768	0.143224	0.0669216	1.11677	0.56331	0.389637
1030000	-38.97238	0	-38.97238	0.139194	0.238515	0.111675	0.357856	0.17461	0.0486447	0.695603	0.331932	0.493014
1040000	-30.4644	0	-30.4644	0.221253	0.268772	0.148669	0.211734	0.122524	0.143205	0.582883	0.801964	0.58696
1050000	-23.774	0	-23.774	0.2118	0.146556	0.119883	0.267263	0.0931065	0.105493	0.381731	1.6143	0.698442
1060000	-35.54843	0	-35.54843	0.0634743	0.251635	0.201816	0.269787	0.0671824	0.258367	0.950484	0.420057	2.89893
1070000	-30.01411	0	-30.01411	0.244573	0.273499	0.257162	0.104571	0.109302	0.0996425	0.200008	0.754431	4.14335
1080000	-29.15299	0	-29.15299	0.249428	0.187905	0.111643	0.350167	0.196048	0.194978	0.32773	1.68696	1.21303
1090000	-28.05127	0	-28.05127	0.137311	0.144803	0.252007	0.266925	0.172365	0.0669974	0.425391	2.6957	2.63543
1100000	-30.34306	0	-30.34306	0.0816683	0.408615	0.252898	0.260187	0.062588	0.138982	0.219864	2.02011	5.40499
1110000	-32.10064	0	-32.10064	0.181981	0.251481	0.0866901	0.152663	0.190414	0.294386	2.01879	2.29121	0.835469
1120000	-32.09398	0	-32.09398	0.159343	0.15933	0.0883973	0.282561	0.166427	0.168534	1.89913	1.5646	7.14682
1130000	-31.92709	0	-31.92709	0.0819708	0.126927	0.141961	0.140574	0.0891897	0.0799454	0.284795	1.03279	0.507869
1140000	-30.8002	0	-30.8002	0.104432	0.177129	0.25953	0.316954	0.0559746	0.0590639	0.688555	0.458833	1.45033
1150000	-33.41555	0	-33.41555	0.277201	0.144699	0.270273	0.242631	0.335504	0.340459	0.26478	1.96619	1.04377
1160000	-32.42779	0	-32.42779	0.111057	0.255718	0.143129	0.785522	0.120005	0.0543953	0.489986	0.783834	1.4539
1170000	-31.51572	0	-31.51572	0.4347	0.119638	0.205522	0.178689	0.193179	0.100656	0.211271	0.381057	1.85576
1180000	-34.40474	0	-34.40474	0.384072	0.151263	0.187917	0.285143	0.275835	0.172216	0.892273	0.845761	1.06526
1190000	-30.20439	0	-30.20439	0.230611	0.141322	0.144871	0.424457	0.184373	0.0784347	0.745181	0.398509	1.02198
1200000	-27.55023	0	-27.55023	0.209847	0.207029	0.1306	0.416837	0.126122	0.0566173	0.221707	0.642513	1.83192
1210000	-28.18185	0	-28.18185	0.212039	0.253931	0.206227	0.138541	0.144471	0.0862664	0.28744	0.70986	1.12259
1220000	-29.00856	0	-29.00856	0.232321	0.261252	0.207891	0.170747	0.0827042	0.123333	0.204218	0.890535	4.01973
1230000	-32.02154	0	-32.02154	0.0847821	0.123359	0.131697	0.283158	0.0974239	0.22503	0.351358	1.31016	0.547986
1240000	-22.66341	0	-22.66341	0.193648	0.22623	0.144294	0.37907	0.18226	0.150617	1.14964	1.58935	2.08945
1250000	-25.9007	0	-25.9007	0.132103	0.0883064	0.27798	0.116993	0.0695761	0.095912	0.371577	0.887928	1.96247
1260000	-26.4094	0	-26.4094	0.207222	0.311686	0.309993	0.292223	0.133357	0.203453	0.504099	1.49912	2.80925
1270000	-28.97273	0	-28.97273	0.177779	0.225129	0.153812	0.4643	0.151005	0.0755787	1.19507	0.270722	2.09116
1280000	-30.12041	0	-30.12041	0.511511	0.182981	0.234802	0.41851	0.146133	0.0842547	0.846118	1.44693	0.424492
1290000	-33.30469	0	-33.30469	0.503898	0.216594	0.19383	0.224755	0.0791863	0.0956605	0.427558	1.08644	0.387564
1300000	-30.24301	0	-30.24301	0.179489	0.203058	0.0965734	0.321418	0.0875266	0.108077	0.5114	1.19611	0.133783
1310000	-29.14801	0	-29.14801	0.238943	0.0932275	0.155651	0.181391	0.172053	0.0789365	0.128933	1.06321	0.642593
1320000	-23.00466	0	-23.00466	0.146542	0.280244	0.173143	0.201632	0.106746	0.0926171	0.414825	1.45057	1.82136
1330000	-36.40337	0	-36.40337	0.469537	0.143104	0.219181	0.244637	0.125201	0.162518	0.211001	0.32317	2.91887
1340000	-30.03756	0	-30.03756	0.154107	0.174462	0.160468	0.228738	0.163675	0.0745888	0.214889	0.220177	2.09798
1350000	-24.75564	0	-24.75564	0.122739	0.233668	0.159875	0.195507	0.21856	0.0484466	0.676713	0.989608	2.38608
1360000	-27.48682	0	-27.48682	0.175998	0.102367	0.142681	0.511092	0.202685	0.0479522	0.958354	0.560923	3.57549
1370000	-37.67116	0	-37.67116	0.180621	0.371744	0.0903619	0.228781	0.0557864	0.0476202	0.671863	1.88963	6.90717
1380000	-35.41357	0	-35.41357	0.149984	0.203295	0.269122	0.131744	0.123648	0.203863	0.0907703	0.564443	0.475409
1390000	-26.62323	0	-26.62323	0.177146	0.112016	0.168548	0.246393	0.169445	0.0709066	0.203357	1.17619	2.77854
1400000	-24.36688	0	-24.36688	0.191812	0.112292	0.150113	0.359231	0.156973	0.0901064	0.656534	1.21067	1.46888
1410000	-39.84583	0	-39.84583	0.138514	0.354551	0.0923937	0.133201	0.147792	0.286549	0.365635	0.693292	0.710236
1420000	-31.18588	0	-31.18588	0.240014	0.453817	0.079646	0.275513	0.171496	0.19929	0.800884	1.4163	4.61962
1430000	-30.74652	0	-30.74652	0.22229	0.148451	0.202275	0.520794	0.180516	0.0894257	0.867435	3.81712	0.534633
1440000	-33.27982	0	-33.27982	0.112304	0.170742	0.144006	0.10772	0.0844154	0.0834098	0.191234	0.978674	0.913255
1450000	-34.05508	0	-34.05508	0.118292	0.0982705	0.106536	0.44455	0.182259	0.0973264	0.269287	0.860174	0.228298
1460000	-29.9427	0	-29.9427	0.221277	0.167286	0.178399	0.213441	0.122072	0.0425206	0.352774	0.247281	1.12583
1470000	-30.5144	0	-30.5144	0.170863	0.279923	0.26884	0.183468	0.280068	0.315864	0.317536	1.07758	2.86603
1480000	-29.06051	0	-29.06051	0.171064	0.135698	0.165832	0.25925	0.135303	0.109573	0.59451	0.188838	4.65803
1490000	-30.70816	0	-30.70816	0.130659	0.300377	0.265942	0.160994	0.143443	0.0625716	0.487071	1.14981	1.71201
1500000	-26.93971	0	-26.93971	0.133223	0.119674	0.162842	0.184794	0.0958558	0.0521881	0.633198	1.7699	2.89134
1510000	-24.71371	0	-24.71371	0.0762289	0.187897	0.224798	0.264066	0.123383	0.156974	0.466615	1.02739	2.94756
1520000	-39.60599	0	-39.60599	0.0796281	0.0374557	0.213283	0.108124	0.0835978	0.133951	0.579526	0.327795	0.336433
1530000	-34.39943	0	-34.39943	0.200248	0.407137	0.142304	0.260953	0.159846	0.134334	0.507785	0.423521	0.523194
1540000	-33.96424	0	-33.96424	0.195751	0.102965	0.213069	0.327352	0.122421	0.166334	0.625861	0.425246	2.11116
1550000	-32.00699	0	-32.00699	0.164858	0.221548	0.097695	0.290873	0.0908891	0.120607	1.08404	0.361999	0.687073
1560000	-34.24231	0	-34.24231	0.101661	0.178429	0.105909	0.105664	0.229711	0.273619	0.465384	0.389633	1.96788
1570000	-36.33937	0	-36.33937	0.365682	0.234192	0.617629	0.183742	0.169326	0.124869	0.328059	1.45032	3.57475
1580000	-32.41786	0	-32.41786	0.142002	0.223103	0.0918274	0.239341	0.130652	0.124679	0.232578	0.382459	0.215823
1590000	-31.43197	0	-31.43197	0.0476116	0.28551	0.165202	0.296805	0.0769173	0.163891	0.54938	2.18732	2.06732
1600000	-29.26901	0	-29.26901	0.177661	0.213802	0.202559	0.141105	0.106004	0.133063	0.299117	1.60005	1.25687
1610000	-31.88285	0	-31.88285	0.0995987	0.196931	0.109512	0.16978	0.0957182	0.0552028	0.520199	0.383081	0.631336
1620000	-26.8171	0	-26.8171	0.119333	0.143512	0.101337	0.26013	0.120345	0.109764	1.60611	0.573979	3.45967
1630000	-29.01811	0	-29.01811	0.263968	0.3045	0.0981076	0.255737	0.0859835	0.114403	0.611269	1.28045	1.48066
1640000	-31.64661	0	-31.64661	0.10155	0.109901	0.49393	0.190698	0.138136	0.121819	0.485572	1.1546	0.815633
1650000	-32.90563	0	-32.90563	0.101639	0.203082	0.190669	0.283966	0.210045	0.142863	0.376794	0.236768	0.135313
1660000	-33.41726	0	-33.41726	0.191283	0.18148	0.13058	0.285376	0.121663	0.102321	0.270348	1.0559	2.85896
1670000	-39.15338	0	-39.15338	0.0917546	0.135972	0.219752	0.259584	0.0812397	0.0616576	0.0925768	0.400044	0.0600179
1680000	-35.66245	0	-35.66245	0.194927	0.12321	0.111701	0.224551	0.169117	0.120622	0.204425	0.554667	1.61878
1690000	-29.34991	0	-29.34991	0.147227	0.226878	0.155631	0.209846	0.241288	0.0912889	1.96294	0.458589	1.31096
1700000	-32.835	0	-32.835	0.0950513	0.089502	0.116942	0.329987	0.329046	0.131019	0.960807	0.946109	0.793058
1710000	-45.24217	0	-45.24217	0.0791216	0.125227	0.0715952	0.503893	0.0862653	0.17925	0.118669	2.06255	0.342966
1720000	-34.93865	0	-34.93865	0.0836036	0.382197	0.140411	0.296202	0.125597	0.252251	0.327725	0.219463	2.38781
1730000	-35.61088	0	-35.61088	0.0813632	0.163634	0.139242	0.369717	0.160707	0.205628	0.587677	0.0520367	5.0529
1740000	-26.4674	0	-26.4674	0.0894745	0.177933	0.0966441	0.217091	0.116633	0.0475006	0.159821	1.15229	1.18934
1750000	-38.46357	0	-38.46357	0.11218	0.3515	0.233986	0.293816	0.0986101	0.111511	0.0950845	0.23503	1.17426
1760000	-35.59128	0	-35.59128	0.0958376	0.240992	0.201974	0.363765	0.0649092	0.0778252	0.509314	0.301928	0.380703
1770000	-27.75947	0	-27.75947	0.249329	0.234562	0.191574	0.131425	0.149929	0.0673268	0.649023	1.45765	3.32309
1780000	-32.881	0	-32.881	0.179131	0.222054	0.0857832	0.308733	0.0593462	0.0542725	0.369148	0.837363	4.28123
1790000	-29.50255	0	-29.50255	0.0401392	0.11483	0.11599	0.264314	0.253004	0.195565	0.263109	3.90628	1.71234
1800000	-32.37851	0	-32.37851	0.185042	0.126074	0.150292	0.321341	0.0874166	0.0995406	0.0913464	0.143351	0.628382
1810000	-30.10806	0	-30.10806	0.2297	0.273423	0.200051	0.213962	0.178696	0.0929685	0.64083	1.12042	0.218713
1820000	-42.69183	0	-42.69183	0.210758	0.162584	0.255514	0.374941	0.321456	0.0855839	0.238516	1.12352	0.600786
1830000	-27.76355	0	-27.76355	0.140711	0.160896	0.154875	0.106212	0.149108	0.141082	0.234946	0.918749	2.94364
1840000	-28.41166	0	-28.41166	0.0512435	0.0955758	0.139596	0.12709	0.104235	0.138967	0.79883	1.84544	0.914567
1850000	-30.02543	0	-30.02543	0.0866387	0.442678	0.151543	0.365404	0.167138	0.0644015	1.30174	1.96224	0.334893
1860000	-31.93649	0	-31.93649	0.324383	0.23388	0.0991012	0.255287	0.0616536	0.148805	1.01417	0.395143	1.80064
1870000	-31.55999	0	-31.55999	0.268537	0.222043	0.225292	0.236758	0.112965	0.149283	0.453414	0.399758	1.88358
1880000	-27.47291	0	-27.47291	0.126466	0.174132	0.152361	0.175687	0.201605	0.0995096	0.317011	0.601907	3.11188
1890000	-36.61768	0	-36.61768	0.0759302	0.209306	0.145146	0.0778294	0.100955	0.0916525	0.533123	0.291221	0.132779
1900000	-35.61476	0	-35.61476	0.140417	0.116166	0.233667	0.241716	0.134919	0.122822	0.142617	0.0888526	0.409369
1910000	-31.59018	0	-31.59018	0.13998	0.13484	0.298763	0.275829	0.140743	0.027011	0.574994	2.8157	1.56185
1920000	-34.05348	0	-34.05348	0.363402	0.148983	0.163534	0.239759	0.117944	0.169946	0.199599	0.154479	0.742602
1930000	-28.53607	0	-28.53607	0.239146	0.124265	0.0986711	0.351154	0.097352	0.175695	0.297068	0.448525	0.709528
1940000	-28.24376	0	-28.24376	0.281304	0.101492	0.283607	0.547207	0.140112	0.129778	0.632959	0.447395	4.66143
1950000	-26.45838	0	-26.45838	0.117166	0.104435	0.140059	0.410217	0.0677639	0.235248	0.564438	1.27601	1.11707
1960000	-29.85321	0	-29.85321	0.184338	0.0692044	0.0595526	0.433198	0.104575	0.0396895	0.542377	2.53002	0.956422
1970000	-30.96972	0	-30.96972	0.174479	0.183025	0.222932	0.518057	0.126799	0.176057	1.11743	0.425666	1.12838
1980000	-26.91112	0	-26.91112	0.166184	0.139518	0.160691	0.221887	0.0878766	0.0753113	0.644549	3.08773	2.85381
1990000	-32.78938	0	-32.78938	0.109554	0.0712589	0.282826	0.25077	0.21475	0.0817094	1.00571	0.176308	0.649983
2000000	-35.2977	0	-35.2977	0.138581	0.113097	0.21054	0.20148	0.130216	0.049867	0.31745	0.518162	0.342341
2010000	-27.25578	0	-27.25578	0.0955791	0.141645	0.0920838	0.214313	0.123385	0.276113	0.354874	0.998789	1.39995
2020000	-26.48386	0	-26.48386	0.156887	0.138486	0.285126	0.311057	0.125781	0.154585	1.33538	1.3397	0.664525
2030000	-29.24549	0	-29.24549	0.157079	0.220532	0.13486	0.20852	0.166741	0.150557	1.60499	0.677484	5.86445
2040000	-37.48855	0	-37.48855	0.104562	0.0756705	0.175723	0.542806	0.198683	0.107489	0.738229	0.485252	1.98358
2050000	-32.28462	0	-32.28462	0.0536918	0.219572	0.172487	0.158099	0.11757	0.0608855	0.494228	0.589748	4.11496
2060000	-34.06396	0	-34.06396	0.156324	0.110228	0.17599	0.0771185	0.0631187	0.245246	0.377877	0.338892	0.741892
2070000	-31.42962	0	-31.42962	0.0798248	0.262105	0.0677687	0.210133	0.275527	0.203185	0.324213	0.956893	1.60031
2080000	-31.27942	0	-31.27942	0.231593	0.101946	0.174441	0.195272	0.397027	0.095146	0.281776	0.531364	0.592493
2090000	-28.91845	0	-28.91845	0.121969	0.201239	0.0608508	0.264589	0.240409	0.152406	0.254679	1.78693	1.24875
2100000	-34.84452	0	-34.84452	0.274905	0.149226	0.464508	0.219962	0.127984	0.0482792	0.206088	1.62025	1.51035
2110000	-27.77312	0	-27.77312	0.0837794	0.141294	0.255156	0.377475	0.201838	0.0642728	1.30335	0.493732	2.51736
2120000	-30.25485	0	-30.25485	0.220723	0.124015	0.247593	0.183281	0.0868981	0.0818454	0.350096	0.29816	3.52406
2130000	-27.75182	0	-27.75182	0.108251	0.265202	0.215238	0.335748	0.129756	0.0807779	0.509902	1.18424	2.64187
2140000	-31.16354	0	-31.16354	0.156753	0.0854648	0.236599	0.246883	0.153058	0.276726	0.325436	1.90091	0.3602
2150000	-24.68509	0	-24.68509	0.0894788	0.189702	0.165112	0.331786	0.203921	0.205348	0.577414	1.07284	2.13057
2160000	-31.10073	0	-31.10073	0.12868	0.0531055	0.200947	0.280264	0.0740504	0.123212	0.997952	0.359058	1.6625
2170000	-25.4724	0	-25.4724	0.109914	0.305468	0.214937	0.155607	0.224375	0.0760433	0.814404	0.950226	1.92315
2180000	-33.70125	0	-33.70125	0.104091	0.188533	0.0918283	0.21525	0.0896963	0.171419	0.350922	0.159836	1.16681
2190000	-33.53394	0	-33.53394	0.0678288	0.168233	0.139906	0.289272	0.0960734	0.0734523	0.459275	1.99257	3.17589
2200000	-29.63381	0	-29.63381	0.122862	0.163885	0.227403	0.404102	0.170455	0.124271	0.955835	1.01001	0.219221
2210000	-24.65167	0	-24.65167	0.181371	0.165004	0.179374	0.334166	0.10054	0.0712925	1.24751	0.663026	2.55971
2220000	-27.72217	0	-27.72217	0.136475	0.381191	0.192066	0.258151	0.208429	0.0614829	1.33298	0.948091	1.68688
2230000	-30.819	0	-30.819	0.0923268	0.171101	0.0988878	0.247415	0.0754066	0.0625878	0.203565	0.378394	1.16656
2240000	-32.19158	0	-32.19158	0.127877	0.319957	0.160061	0.335674	0.078825	0.129662	0.279026	0.513401	2.36436
2250000	-30.55812	0	-30.55812	0.264906	0.1309	0.163626	0.189187	0.0968417	0.101004	0.231988	0.460398	1.78213
2260000	-25.32215	0	-25.32215	0.172413	0.114493	0.164084	0.143578	0.105112	0.109051	0.64987	1.72569	2.60603
2270000	-31.9649	0	-31.9649	0.0774954	0.235902	0.121249	0.198429	0.170755	0.12776	0.30897	0.712357	0.840973
2280000	-33.66487	0	-33.66487	0.118579	0.11623	0.16968	0.282526	0.437581	0.195717	1.24741	1.01818	1.90118
2290000	-40.05085	0	-40.05085	0.288433	0.41606	0.250727	0.467099	0.0893342	0.179899	0.696159	0.400878	4.08431
2300000	-29.57441	0	-29.57441	0.0943692	0.0730419	0.186406	0.280398	0.0486755	0.113334	0.276886	0.837891	1.7284
2310000	-33.05235	0	-33.05235	0.113697	0.136649	0.138847	0.123352	0.127556	0.192165	0.10285	0.293559	0.881082
2320000	-37.56549	0	-37.56549	0.0815661	0.1486	0.0793922	0.338859	0.0834081	0.240856	0.205955	0.817631	5.0743
2330000	-32.41947	0	-32.41947	0.0893699	0.26078	0.59582	0.367076	0.257941	0.112429	1.39935	1.7355	2.48014
2340000	-34.12961	0	-34.12961	0.150537	0.288657	0.183716	0.170587	0.128756	0.091622	0.370851	0.561512	1.84918
2350000	-31.8586	0	-31.8586	0.150263	0.0808787	0.188702	0.558494	0.0741016	0.145592	0.397734	0.23205	1.18367
2360000	-27.25693	0	-27.25693	0.194751	0.272658	0.202187	0.131048	0.13913	0.134888	0.759576	1.14359	0.380271
2370000	-25.73253	0	-25.73253	0.148002	0.237176	0.177055	0.224091	0.166137	0.074666	0.459402	2.07645	1.28699
2380000	-28.99744	0	-28.99744	0.186327	0.140283	0.0709516	0.0939504	0.124242	0.200627	0.277036	0.744966	0.371403
2390000	-37.59368	0	-37.59368	0.171233	0.180555	0.153995	0.187437	0.118288	0.215791	0.870448	0.335591	0.367635
2400000	-35.77165	0	-35.77165	0.147919	0.136741	0.0520656	0.181326	0.0680365	0.216103	0.309155	0.702962	2.17179
2410000	-34.41492	0	-34.41492	0.146948	0.275588	0.194159	0.117408	0.111573	0.140865	0.150046	0.408452	1.70265
2420000	-32.27893	0	-32.27893	0.137995	0.0759794	0.301316	0.193456	0.102289	0.145519	2.52473	1.48942	2.43004
2430000	-31.24108	0	-31.24108	0.19997	0.372337	0.241157	0.286374	0.345167	0.167988	1.30821	0.490457	0.323717
2440000	-32.21442	0	-32.21442	0.0865547	0.210269	0.347095	0.381935	0.0810447	0.13475	0.407727	0.30556	2.16072
2450000	-38.21636	0	-38.21636	0.162976	0.260642	0.186091	0.687678	0.124833	0.0733482	0.596059	0.642872	0.432372
2460000	-27.54034	0	-27.54034	0.115492	0.151711	0.214855	0.152344	0.18373	0.076148	0.750955	1.21939	2.93148
2470000	-31.53118	0	-31.53118	0.134431	0.240723	0.0835032	0.220391	0.239423	0.356278	0.289907	3.07081	0.808495
2480000	-25.29662	0	-25.29662	0.0846299	0.265106	0.0713382	0.343669	0.0928998	0.0956244	1.30389	1.04522	1.32518
2490000	-35.14676	0	-35.14676	0.0507907	0.14534	0.171256	0.148966	0.113999	0.159976	0.675829	0.381654	1.75226
2500000	-29.03879	0	-29.03879	0.216265	0.182901	0.244188	0.435527	0.100333	0.103516	0.95992	0.916306	1.72551
2510000	-32.4688	0	-32.4688	0.166737	0.285427	0.0565253	0.238934	0.169363	0.105393	0.23753	1.81482	0.356928
2520000	-27.2106	0	-27.2106	0.439443	0.151565	0.133253	0.29514	0.179963	0.101188	0.466797	1.11764	1.49813
2530000	-25.31429	0	-25.31429	0.136139	0.13482	0.280317	0.318506	0.0971034	0.0877773	1.95166	1.28444	2.3139
2540000	-35.55009	0	-35.55009	0.0869959	0.213783	0.144472	0.43745	0.129366	0.07213	0.297972	0.173556	0.194138
2550000	-33.07961	0	-33.07961	0.0811342	0.140033	0.185557	0.444039	0.121022	0.136844	0.607146	0.560421	1.57536
2560000	-23.96294	0	-23.96294	0.157928	0.16632	0.264618	0.18533	0.157907	0.115839	0.497037	1.39649	1.80509
2570000	-28.91179	0	-28.91179	0.0922372	0.0810439	0.0761832	0.285162	0.327947	0.10782	1.79088	1.11327	0.500832
2580000	-28.76554	0	-28.76554	0.0857755	0.38279	0.0743034	0.346907	0.144836	0.108241	0.399559	2.14006	1.30766
2590000	-36.28625	0	-36.28625	0.106521	0.168957	0.108537	0.232909	0.170903	0.0601922	0.282101	0.425387	6.58693
2600000	-33.62334	0	-33.62334	0.106445	0.139916	0.230232	0.279024	0.0906089	0.241502	0.409666	0.329949	1.00074
2610000	-32.15137	0	-32.15137	0.11752	0.202917	0.239454	0.169454	0.17159	0.0993903	0.142473	1.15452	9.64684
2620000	-31.91939	0	-31.91939	0.226093	0.125649	0.117434	0.111207	0.140225	0.191313	0.935985	0.0949075	0.829937
2630000	-30.37775	0	-30.37775	0.223325	0.182988	0.288416	0.143049	0.0751888	0.121793	0.768292	1.22406	1.07598
2640000	-29.66395	0	-29.66395	0.0730996	0.161516	0.176574	0.450877	0.0695146	0.107594	0.51093	0.469212	2.81726
2650000	-29.15079	0	-29.15079	0.0694156	0.142913	0.284673	0.251124	0.154803	0.263412	0.881641	2.01863	1.10629
2660000	-23.78068	0	-23.78068	0.113805	0.182005	0.0938478	0.283969	0.110235	0.0919721	0.275005	2.51838	1.78482
2670000	-33.87628	0	-33.87628	0.0918298	0.225161	0.0980209	0.309333	0.191556	0.129679	1.14792	0.253203	2.38078
2680000	-44.441	0	-44.441	0.0500169	0.542595	0.43482	0.330878	0.217876	0.0446593	0.371543	0.118341	2.48112
2690000	-36.06232	0	-36.06232	0.14431	0.0970339	0.294482	0.138054	0.160918	0.100925	0.313467	1.35545	0.563517
2700000	-30.51324	0	-30.51324	0.171029	0.0610595	0.221434	0.258752	0.126099	0.0843889	0.566756	0.499829	0.280209
2710000	-28.31295	0	-28.31295	0.188373	0.222587	0.0765878	0.187259	0.11841	0.126449	0.506558	0.68374	4.21835
2720000	-31.03904	0	-31.03904	0.0893203	0.143685	0.163548	0.239201	0.154519	0.134284	0.270386	0.28143	2.69372
2730000	-29.39888	0	-29.39888	0.259248	0.195668	0.109254	0.168473	0.0765805	0.124823	0.774014	1.97733	1.47288
2740000	-29.7222	0	-29.7222	0.0878456	0.157543	0.227892	0.154041	0.218221	0.19929	0.696015	0.716305	1.26658
2750000	-38.46429	0	-38.46429	0.078098	0.162828	0.115165	0.277462	0.08499	0.0737629	0.948881	0.686598	0.107433
2760000	-31.2517	0	-31.2517	0.12983	0.0680107	0.101668	0.275117	0.106088	0.045286	1.68098	0.725844	0.307622
2770000	-35.08113	0	-35.08113	0.163395	0.364911	0.108051	0.13364	0.2492	0.0995654	0.898374	0.296675	0.667562
2780000	-32.20436	0	-32.20436	0.107842	0.153339	0.327687	0.274768	0.131064	0.12669	0.365781	0.472836	0.866898
2790000	-35.6002	0	-35.6002	0.147823	0.132406	0.232461	0.37191	0.107828	0.0600345	0.771286	0.866321	0.484563
2800000	-27.26869	0	-27.26869	0.150284	0.212808	0.169702	0.1836	0.0769353	0.0432019	0.435159	0.345092	1.69476
2810000	-26.28244	0	-26.28244	0.241616	0.15256	0.114588	0.219535	0.137033	0.111935	1.25041	0.155751	1.78864
2820000	-29.53559	0	-29.53559	0.136299	0.23191	0.138389	0.205947	0.13379	0.156511	0.358338	1.00387	0.794844
2830000	-35.53291	0	-35.53291	0.0838941	0.0388293	0.196887	0.224178	0.0748223	0.226377	0.421689	0.790706	0.766106
2840000	-27.23842	0	-27.23842	0.242279	0.261437	0.110924	0.252603	0.139715	0.0364266	0.444522	0.834009	1.90475
2850000	-28.44943	0	-28.44943	0.163054	0.217242	0.137152	0.195036	0.166018	0.0774769	0.320741	0.546263	2.62903
2860000	-33.94759	0	-33.94759	0.219475	0.101381	0.123601	0.0922358	0.332673	0.180045	0.422989	0.598939	1.1175
2870000	-36.76528	0	-36.76528	0.232856	0.195546	0.125508	0.251522	0.241748	0.258766	0.116617	0.169257	0.126119
2880000	-37.39875	0	-37.39875	0.0725579	0.230613	0.277532	0.394384	0.113633	0.226744	0.325251	0.248398	0.582228
2890000	-27.69035	0	-27.69035	0.113603	0.240229	0.133447	0.252054	0.0866474	0.311257	0.812505	2.35681	1.62394
2900000	-29.92423	0	-29.92423	0.13944	0.242623	0.215881	0.339385	0.237606	0.101643	1.90338	0.955149	0.303227
2910000	-24.94672	0	-24.94672	0.136175	0.131859	0.170157	0.180816	0.18583	0.13841	1.67353	1.11637	1.91833
2920000	-32.65059	0	-32.65059	0.190756	0.276679	0.157412	0.203653	0.196982	0.154697	0.330424	0.207457	1.71211
2930000	-32.12228	0	-32.12228	0.174545	0.261228	0.0973665	0.438733	0.127875	0.11512	0.885492	0.196779	0.871885
2940000	-34.0052	0	-34.0052	0.245527	0.126917	0.220949	0.250644	0.0801338	0.179295	0.607975	0.816586	6.43799
2950000	-32.41064	0	-32.41064	0.179845	0.223395	0.274779	0.171163	0.228095	0.197347	0.49044	0.447264	0.786935
2960000	-32.81583	0	-32.81583	0.109204	0.237771	0.154193	0.0775343	0.0842782	0.131033	0.28049	0.144565	1.39955
2970000	-33.16852	0	-33.16852	0.0770781	0.199685	0.194991	0.106009	0.299241	0.11763	0.458957	1.34988	0.574597
2980000	-26.61217	0	-26.61217	0.128369	0.151164	0.173372	0.152744	0.177444	0.100109	0.231337	0.905625	0.649167
2990000	-28.6501	0	-28.6501	0.239032	0.19216	0.0812733	0.197939	0.0576578	0.07396	0.422975	0.444813	1.88644
3000000	-23.2954	0	-23.2954	0.0859418	0.132397	0.185097	0.381671	0.109307	0.0523925	0.645247	1.07884	2.088
3010000	-25.65422	0	-25.65422	0.156139	0.146944	0.12897	0.33411	0.0761542	0.055162	0.230425	1.37246	1.14585
3020000	-34.01853	0	-34.01853	0.0910506	0.168384	0.216572	0.422199	0.178947	0.104748	0.299276	0.692993	2.76402
3030000	-25.0293	0	-25.0293	0.220137	0.11635	0.146489	0.23607	0.106908	0.150943	0.239623	2.0256	1.56193
3040000	-34.07752	0	-34.07752	0.0552797	0.305977	0.316081	0.201829	0.146369	0.142257	0.890522	0.168219	1.09503
3050000	-37.10709	0	-37.10709	0.309846	0.31304	0.103569	0.358683	0.0745327	0.161556	0.349065	2.82387	2.56983
3060000	-36.04363	0	-36.04363	0.104279	0.167545	0.185202	0.2099	0.223955	0.113377	0.942308	0.0710232	0.547551
3070000	-38.15369	0	-38.15369	0.0863069	0.133549	0.221286	0.355857	0.0440462	0.0824246	0.619425	0.44497	1.35397
3080000	-21.08402	0	-21.08402	0.110501	0.287977	0.196905	0.323557	0.0602155	0.137996	0.667787	1.965	0.855922
3090000	-29.4812	0	-29.4812	0.16646	0.12288	0.13566	0.313959	0.337768	0.160102	0.918517	1.20039	0.506439
3100000	-31.1971	0	-31.1971	0.396849	0.0620327	0.119729	0.169323	0.187975	0.149089	0.789134	0.234148	0.49274
3110000	-32.48824	0	-32.48824	0.0977414	0.317787	0.0702601	0.358529	0.102295	0.117726	0.445922	1.13469	0.545322
3120000	-35.30924	0	-35.30924	0.110684	0.217132	0.182072	0.549161	0.151296	0.165108	0.594271	0.147638	0.308373
3130000	-37.26311	0	-37.26311	0.442373	0.0947885	0.327994	0.419737	0.0656714	0.132806	0.521867	0.372937	2.5328
3140000	-29.60587	0	-29.60587	0.0581998	0.34393	0.202864	0.266393	0.16218	0.171636	0.597473	0.844243	1.35576
3150000	-30.11054	0	-30.11054	0.0560706	0.263125	0.189836	0.175288	0.08051	0.108906	0.494192	1.5332	2.17294
3160000	-29.20834	0	-29.20834	0.306714	0.11007	0.102546	0.254509	0.0713873	0.0512465	0.682981	0.475715	0.361746
3170000	-24.15195	0	-24.15195	0.118472	0.252163	0.200036	0.199341	0.0544459	0.109102	1.40477	1.1585	2.59613
3180000	-32.50638	0	-32.50638	0.260764	0.15836	0.154257	0.177411	0.210886	0.116716	0.672873	2.40778	1.31005
3190000	-30.87041	0	-30.87041	0.0754322	0.158653	0.230404	0.228922	0.129223	0.0587875	0.758289	0.840589	2.15317
3200000	-32.05362	0	-32.05362	0.22775	0.0841898	0.238243	0.220979	0.130824	0.187695	0.180641	1.57856	1.60291
3210000	-27.71263	0	-27.71263	0.190601	0.188992	0.167762	0.223828	0.198259	0.171816	0.552618	1.18544	0.662133
3220000	-29.41741	0	-29.41741	0.163933	0.169848	0.121237	0.205803	0.116921	0.107676	0.673876	1.02899	0.761355
3230000	-32.47399	0	-32.47399	0.0942435	0.268416	0.103919	0.272297	0.0687327	0.179989	0.199166	1.04731	1.66101
3240000	-29.25395	0	-29.25395	0.0838539	0.135582	0.0875144	0.199206	0.205026	0.0982289	0.999075	0.720775	0.877474
3250000	-27.50502	0	-27.50502	0.0819631	0.171893	0.0932801	0.310657	0.231957	0.0819511	0.793897	0.55573	0.670604
3260000	-30.12428	0	-30.12428	0.0913907	0.160063	0.482007	0.309102	0.0905439	0.103126	0.478403	1.28119	3.54223
3270000	-31.85569	0	-31.85569	0.0537661	0.093612	0.126688	0.19368	0.325543	0.066448	0.466351	2.40459	0.392857
3280000	-27.14551	0	-27.14551	0.125654	0.250349	0.138588	0.390462	0.139958	0.118543	1.59979	1.17102	2.76314
3290000	-33.18735	0	-33.18735	0.318999	0.189865	0.265977	0.197701	0.149398	0.120369	0.444066	0.487604	2.01071
3300000	-31.56175	0	-31.56175	0.272035	0.342626	0.189622	0.214273	0.178939	0.079488	0.617074	0.625891	1.93505
3310000	-34.28975	0	-34.28975	0.197238	0.34425	0.264226	0.47798	0.164062	0.0643395	0.768166	0.442144	3.27004
3320000	-30.87236	0	-30.87236	0.0998202	0.113497	0.320772	0.328514	0.0376849	0.0833959	1.27636	0.250133	0.678132
3330000	-29.15872	0	-29.15872	0.150746	0.226867	0.0857131	0.263468	0.0648462	0.255392	1.36492	0.844005	0.844476
3340000	-30.86736	0	-30.86736	0.204264	0.273531	0.158754	0.265169	0.142941	0.134833	0.26366	0.210594	2.91943
3350000	-29.12847	0	-29.12847	0.251476	0.144257	0.144025	0.194746	0.228687	0.106025	0.485612	0.460836	0.56218
3360000	-43.76203	0	-43.76203	0.0796756	0.16302	0.114993	0.155149	0.0573902	0.125516	0.546945	0.40041	0.120079
3370000	-28.12419	0	-28.12419	0.172189	0.273794	0.287265	0.137601	0.190795	0.0829393	0.576088	1.03484	3.60297
3380000	-32.8996	0	-32.8996	0.242947	0.681231	0.210336	0.198752	0.135711	0.12554	0.805724	1.45005	0.532598
3390000	-33.11903	0	-33.11903	0.120785	0.25306	0.0787718	0.179403	0.2303	0.173755	0.548065	2.33227	0.618079
3400000	-34.38406	0	-34.38406	0.133892	0.17217	0.270208	0.277302	0.0444973	0.085145	1.2987	0.859596	0.478991
3410000	-32.13709	0	-32.13709	0.334607	0.330235	0.147224	0.493049	0.088205	0.109367	0.697853	0.91696	1.57558
3420000	-26.08274	0	-26.08274	0.185898	0.101033	0.126302	0.240708	0.17166	0.10624	0.325727	0.405914	1.95124
3430000	-32.92669	0	-32.92669	0.185953	0.124004	0.190971	0.152798	0.129459	0.157035	0.345898	0.279581	1.18523
3440000	-27.19892	0	-27.19892	0.181872	0.264971	0.147873	0.321242	0.0702294	0.186977	0.199433	1.63759	1.40456
3450000	-28.10176	0	-28.10176	0.128858	0.184418	0.153571	0.196836	0.190398	0.133677	0.384802	0.820984	0.953614
3460000	-32.1884	0	-32.1884	0.135236	0.232507	0.156446	0.308751	0.051645	0.264088	1.35181	0.775879	1.41583
3470000	-28.99403	0	-28.99403	0.0717913	0.12618	0.0988272	0.307701	0.12988	0.176489	0.375599	0.535839	1.7329
3480000	-33.73403	0	-33.73403	0.0825596	0.133033	0.256189	0.302078	0.0817513	0.137556	0.546565	1.0341	3.33735
3490000	-30.87659	0	-30.87659	0.0560397	0.185319	0.265664	0.247669	0.185279	0.101519	0.381855	1.01693	0.605201
3500000	-28.58504	0	-28.58504	0.170254	0.16769	0.268373	0.284107	0.128714	0.0755757	0.524292	0.653994	1.53395
3510000	-24.88161	0	-24.88161	0.196803	0.16056	0.229385	0.326492	0.0852519	0.11163	0.582685	1.63437	1.63366
3520000	-42.79287	0	-42.79287	0.0795091	0.359204	0.182683	0.262525	0.05991	0.18845	0.341164	0.293924	0.0511395
3530000	-27.56455	0	-27.56455	0.239193	0.0818918	0.114165	0.216284	0.171992	0.114391	0.343158	2.05286	3.90441
3540000	-31.34558	0	-31.34558	0.320499	0.285334	0.110314	0.415313	0.163406	0.0788784	0.268837	0.952459	1.18096
3550000	-28.4305	0	-28.4305	0.0820107	0.0801235	0.346681	0.398415	0.0926909	0.15562	0.866137	0.594403	1.90547
3560000	-36.3399	0	-36.3399	0.154357	0.0602862	0.309242	0.0802792	0.157577	0.0828923	0.505222	0.81781	0.986724
3570000	-34.88114	0	-34.88114	0.196545	0.172388	0.343946	0.1684	0.172024	0.152855	0.374668	1.6445	1.60135
3580000	-29.12773	0	-29.12773	0.148975	0.0669692	0.161082	0.149396	0.0918784	0.141294	0.306121	0.92278	2.01443
3590000	-32.26967	0	-32.26967	0.211826	0.0559457	0.0885117	0.244391	0.236975	0.103233	0.5398	0.274215	0.339936
3600000	-29.9011	0	-29.9011	0.194268	0.165636	0.196188	0.208874	0.133076	0.060168	0.311486	0.819039	1.90367
3610000	-30.49323	0	-30.49323	0.26336	0.168582	0.153671	0.160019	0.136021	0.103602	0.650159	2.59537	2.10962
3620000	-32.45938	0	-32.45938	0.16771	0.311618	0.228422	0.443196	0.0538054	0.195527	0.303428	2.53689	0.765823
3630000	-38.32654	0	-38.32654	0.192242	0.112263	0.246973	0.333145	0.220865	0.148388	0.140225	0.283911	4.93091
3640000	-31.00478	0	-31.00478	0.0966053	0.173214	0.186656	0.280835	0.273663	0.106988	1.36376	1.46617	1.94782
3650000	-27.1311	0	-27.1311	0.267854	0.424836	0.112233	0.393502	0.185135	0.117373	1.05644	1.18142	1.03747
3660000	-29.78135	0	-29.78135	0.111735	0.381906	0.242335	0.191524	0.10918	0.195098	0.701949	0.468276	3.1886
3670000	-28.27036	0	-28.27036	0.157466	0.231323	0.0639309	0.351812	0.0948758	0.182224	0.91573	1.94294	3.99828
3680000	-35.37039	0	-35.37039	0.262214	0.375138	0.131082	0.146443	0.117697	0.071515	0.764541	0.998709	0.241781
3690000	-26.99516	0	-26.99516	0.143691	0.278813	0.104918	0.224352	0.0884013	0.169062	0.511166	2.0698	1.06448
3700000	-26.80598	0	-26.80598	0.249476	0.364593	0.142435	0.306864	0.213137	0.112961	0.841801	1.06721	0.734358
3710000	-28.23655	0	-28.23655	0.245281	0.388511	0.169516	0.174904	0.0819955	0.0743467	1.75701	0.681488	0.770057
3720000	-31.41556	0	-31.41556	0.270377	0.210501	0.112171	0.267931	0.0611549	0.110504	0.49295	0.66132	1.33451
3730000	-34.12256	0	-34.12256	0.144403	0.234893	0.149315	0.31161	0.11616	0.0712864	0.585246	0.41993	2.78572
3740000	-38.54832	0	-38.54832	0.24465	0.161046	0.324729	0.334647	0.320533	0.193581	0.791273	0.543934	1.06739
3750000	-23.47693	0	-23.47693	0.186214	0.174933	0.111504	0.189413	0.124766	0.125927	0.426455	2.11722	2.14819
3760000	-32.33528	0	-32.33528	0.193889	0.157579	0.217168	0.287287	0.0724835	0.13854	0.624621	0.380665	2.18909
3770000	-25.99307	0	-25.99307	0.0845737	0.298034	0.175405	0.261141	0.102206	0.112311	0.396969	2.24717	2.46095
3780000	-28.79703	0	-28.79703	0.177418	0.104755	0.191363	0.184978	0.383373	0.101227	0.32118	1.78057	0.357452
3790000	-30.70884	0	-30.70884	0.175769	0.146984	0.258254	0.221594	0.127624	0.178423	0.422158	0.486172	0.989736
3800000	-24.87449	0	-24.87449	0.113562	0.238663	0.160915	0.307143	0.0960892	0.0850872	0.752032	0.620416	1.91594
3810000	-22.57463	0	-22.57463	0.138247	0.226332	0.134874	0.284599	0.0461816	0.0960153	1.74913	1.18448	1.25056
3820000	-34.54913	0	-34.54913	0.181662	0.204034	0.194931	0.246371	0.108773	0.122594	0.352486	1.04512	1.05602
3830000	-33.68174	0	-33.68174	0.152941	0.251153	0.129397	0.257171	0.0664304	0.138742	0.482871	0.351893	2.60447
3840000	-30.15947	0	-30.15947	0.172355	0.28769	0.132767	0.304791	0.15677	0.170833	0.685752	0.493867	1.12213
3850000	-35.00248	0	-35.00248	0.140582	0.138187	0.261159	0.418581	0.334196	0.169736	0.560838	1.36056	1.25239
3860000	-28.80255	0	-28.80255	0.154001	0.264569	0.109524	0.302246	0.11483	0.121518	0.291032	0.688573	0.536542
3870000	-37.07096	0	-37.07096	0.121276	0.414337	0.118811	0.208466	0.254016	0.18426	0.294205	0.327884	3.78453
3880000	-31.48204	0	-31.48204	0.122748	0.264051	0.168654	0.503242	0.113199	0.0720781	0.162236	0.860563	0.61424
3890000	-31.18508	0	-31.18508	0.134088	0.0542965	0.121763	0.337511	0.0733566	0.0964301	0.666709	0.667149	1.24291
3900000	-27.18097	0	-27.18097	0.344573	0.341796	0.065794	0.295263	0.160029	0.129275	0.167142	2.5999	3.72631
3910000	-36.36062	0	-36.36062	0.0797438	0.108645	0.245832	0.283132	0.188886	0.117038	0.734176	2.80804	0.271375
3920000	-30.46108	0	-30.46108	0.119996	0.146219	0.114456	0.102696	0.138345	0.0910067	0.436524	0.49515	0.76261
3930000	-32.46989	0	-32.46989	0.249319	0.197539	0.115336	0.306147	0.0938688	0.19955	0.601661	0.219733	1.17141
3940000	-32.68192	0	-32.68192	0.103787	0.143912	0.0970914	0.239142	0.0485707	0.0743419	0.0930413	0.515452	0.898511
3950000	-28.03458	0	-28.03458	0.150395	0.266025	0.171039	0.292084	0.260617	0.0879402	0.444601	3.53046	1.68466
3960000	-35.65554	0	-35.65554	0.188636	0.241017	0.240625	0.190522	0.274252	0.0998544	0.564851	0.743691	0.586061
3970000	-31.5907	0	-31.5907	0.183582	0.242377	0.101356	0.41428	0.108948	0.102825	0.258116	0.174087	1.44508
3980000	-28.80958	0	-28.80958	0.16522	0.237984	0.0557485	0.223736	0.101563	0.174138	0.434558	1.27108	0.557414
3990000	-25.53779	0	-25.53779	0.138207	0.141848	0.171859	0.140338	0.193066	0.0704242	0.779516	0.688911	1.10629
4000000	-28.47202	0	-28.47202	0.157617	0.202263	0.111003	0.618985	0.113225	0.0992782	0.958786	0.438097	1.43329
4010000	-29.83934	0	-29.83934	0.0757078	0.226147	0.145074	0.294449	0.0736042	0.0688182	0.383422	0.290641	1.35942
4020000	-31.04915	0	-31.04915	0.131094	0.173381	0.231317	0.275474	0.12992	0.115664	0.385048	0.266781	0.75252
4030000	-23.07168	0	-23.07168	0.100225	0.168524	0.0900939	0.257376	0.0972393	0.202933	0.878167	1.32197	2.53665
4040000	-30.0941	0	-30.0941	0.227003	0.152599	0.220277	0.308679	0.160647	0.109108	0.301352	0.640934	0.436926
4050000	-25.3367	0	-25.3367	0.137418	0.0984651	0.10885	0.302579	0.117595	0.238655	0.212888	2.66045	1.91939
4060000	-26.55573	0	-26.55573	0.14618	0.186372	0.1021	0.130111	0.197785	0.141621	0.538302	1.64063	1.25387
4070000	-31.27483	0	-31.27483	0.127329	0.109592	0.152993	0.184405	0.107185	0.184153	0.20781	0.26459	5.18205
4080000	-34.89098	0	-34.89098	0.165876	0.118361	0.191941	0.343188	0.301348	0.0398794	0.883195	0.292044	0.911897
4090000	-31.25457	0	-31.25457	0.145503	0.123883	0.178739	0.324168	0.176594	0.181416	0.398261	0.333068	2.47772
4100000	-25.29696	0	-25.29696	0.160021	0.293454	0.152042	0.121736	0.106328	0.147014	0.38022	0.921231	3.01267
4110000	-32.55914	0	-32.55914	0.211225	0.192202	0.169617	0.301292	0.169437	0.158628	0.74317	0.385101	1.71148
4120000	-25.99022	0	-25.99022	0.147209	0.210487	0.233854	0.331518	0.108494	0.148346	0.451328	1.46882	0.704127
4130000	-28.53323	0	-28.53323	0.277849	0.17986	0.179084	0.287831	0.197338	0.157873	0.566298	0.949859	2.93081
4140000	-24.17273	0	-24.17273	0.126618	0.164184	0.123426	0.198372	0.115398	0.132588	0.63302	2.99471	1.29495
4150000	-25.11496	0	-25.11496	0.248665	0.244054	0.0746331	0.272787	0.151101	0.0587391	0.477735	1.16429	1.53006
4160000	-28.04126	0	-28.04126	0.153252	0.147313	0.404212	0.165973	0.0928309	0.169393	0.651568	1.1364	2.11052
4170000	-27.42828	0	-27.42828	0.116508	0.280596	0.110114	0.253941	0.182076	0.0432268	0.949605	0.781507	1.97889
4180000	-34.93408	0	-34.93408	0.10759	0.25531	0.382566	0.19598	0.148601	0.194352	0.90663	1.45151	2.61554
4190000	-33.74957	0	-33.74957	0.260013	0.0461903	0.146707	0.271695	0.0924862	0.206395	0.630708	0.21132	0.984387
4200000	-25.92625	0	-25.92625	0.0739358	0.155667	0.138857	0.13067	0.156347	0.176613	0.43839	0.820372	1.42767
4210000	-30.44831	0	-30.44831	0.156196	0.149429	0.136534	0.387761	0.118512	0.163738	0.722239	1.21284	3.06533
4220000	-29.63376	0	-29.63376	0.119139	0.156242	0.0830744	0.139068	0.112707	0.127249	0.175421	0.59255	0.947486
4230000	-30.05064	0	-30.05064	0.294549	0.104249	0.115419	0.229286	0.138277	0.197711	1.90121	1.06493	0.703619
4240000	-30.94276	0	-30.94276	0.173523	0.194381	0.0816741	0.179731	0.0647837	0.15948	0.535215	0.122862	4.08907
4250000	-38.78686	0	-38.78686	0.190915	0.10177	0.31439	0.330136	0.0457868	0.0840914	0.217886	0.266353	0.346601
4260000	-28.4937	0	-28.4937	0.1457	0.142169	0.240223	0.465386	0.102864	0.143891	1.70713	0.828334	0.750531
4270000	-22.80032	0	-22.80032	0.137087	0.152606	0.191839	0.508841	0.163809	0.222765	1.75974	2.64854	2.03742
4280000	-27.82584	0	-27.82584	0.118106	0.169285	0.231633	0.23687	0.245166	0.0749985	1.10139	2.07331	0.541425
4290000	-33.44955	0	-33.44955	0.256042	0.112305	0.124623	0.103634	0.112616	0.0563193	1.01217	0.648358	0.557667
4300000	-28.65382	0	-28.65382	0.15151	0.176156	0.070953	0.296185	0.0734537	0.209157	1.21253	0.220781	3.45094
4310000	-30.83754	0	-30.83754	0.17298	0.350384	0.0920736	0.25514	0.0504787	0.212747	0.646163	0.744653	5.89507
4320000	-29.79572	0	-29.79572	0.23717	0.124882	0.25152	0.181598	0.0867031	0.0514611	0.246279	0.259808	1.4103
4330000	-32.48753	0	-32.48753	0.138452	0.129558	0.173153	0.167589	0.170589	0.286447	0.887817	0.355367	0.227322
4340000	-28.23353	0	-28.23353	0.121759	0.149862	0.219353	0.235656	0.181319	0.132538	0.625891	0.583455	2.27236
4350000	-34.38325	0	-34.38325	0.162485	0.308358	0.173839	0.392571	0.148134	0.182443	0.0569759	0.447071	0.551656
4360000	-36.24003	0	-36.24003	0.20798	0.116487	0.290667	0.359779	0.116847	0.25328	0.791361	0.419018	0.257946
4370000	-30.91405	0	-30.91405	0.159336	0.140412	0.125062	0.237262	0.209161	0.0797075	1.264	2.55665	0.286764
4380000	-27.06243	0	-27.06243	0.122641	0.385071	0.172981	0.19652	0.101262	0.21717	1.18232	1.07973	0.739827
4390000	-26.94123	0	-26.94123	0.247252	0.180379	0.142155	0.374675	0.161995	0.203438	0.462282	4.48338	1.27312
4400000	-32.78533	0	-32.78533	0.172525	0.137725	0.138084	0.438144	0.19979	0.0574832	0.648852	0.508629	0.932843
4410000	-27.46725	0	-27.46725	0.0934243	0.208785	0.0741649	0.344453	0.11976	0.173756	2.23117	2.85459	1.93073
4420000	-34.16258	0	-34.16258	0.26368	0.0850457	0.215662	0.184876	0.102464	0.0759439	0.106862	0.391848	2.12394
4430000	-36.56848	0	-36.56848	0.0967192	0.165317	0.22678	0.574973	0.0819289	0.118896	0.889276	0.377004	0.722929
4440000	-37.32783	0	-37.32783	0.241805	0.254215	0.184937	0.200707	0.0306649	0.0651079	0.503276	0.565199	0.73397
4450000	-29.21704	0	-29.21704	0.228359	0.0840723	0.126064	0.355631	0.101405	0.0915206	0.53745	0.494144	0.367021
4460000	-28.72539	0	-28.72539	0.175935	0.272953	0.0622784	0.145291	0.108672	0.178752	0.360736	1.58914	0.997722
4470000	-34.81838	0	-34.81838	0.171058	0.0712168	0.236674	0.166616	0.131253	0.247521	0.659608	0.635075	0.441942
4480000	-25.32801	0	-25.32801	0.150221	0.142657	0.10578	0.412221	0.162322	0.13415	0.685444	0.594953	2.28032
4490000	-29.88827	0	-29.88827	0.183468	0.214041	0.314662	0.251582	0.100862	0.21771	0.391619	0.489443	1.71499
4500000	-25.60375	0	-25.60375	0.091794	0.119653	0.176499	0.360178	0.0557248	0.121889	0.966445	0.41963	0.595603
4510000	-28.53595	0	-28.53595	0.0887688	0.182009	0.178333	0.198507	0.116957	0.111109	0.541418	0.305771	1.52607
4520000	-29.98462	0	-29.98462	0.156759	0.129987	0.167399	0.22418	0.248018	0.0999192	1.25842	0.558854	1.7872
4530000	-29.53703	0	-29.53703	0.319774	0.221745	0.1094	0.216554	0.103984	0.133633	0.198307	3.35175	2.24377
4540000	-39.21962	0	-39.21962	0.372608	0.122288	0.183892	0.267884	0.0901604	0.256399	0.0338118	0.258933	0.179284
4550000	-29.97316	0	-29.97316	0.13253	0.284307	0.297587	0.19963	0.17941	0.260785	0.277903	1.42504	1.08328
4560000	-27.40069	0	-27.40069	0.144984	0.201379	0.0919249	0.291627	0.059399	0.105467	0.508747	0.880108	1.22521
4570000	-25.11747	0	-25.11747	0.273916	0.196016	0.134882	0.215451	0.188817	0.140044	0.764333	4.99068	1.40691
4580000	-37.87164	0	-37.87164	0.111231	0.181177	0.301446	0.357283	0.321222	0.0334233	1.46943	0.510681	0.667965
4590000	-31.08636	0	-31.08636	0.0779146	0.158641	0.103852	0.321841	0.127492	0.13159	0.293405	0.0826871	1.27608
4600000	-25.6774	0	-25.6774	0.119874	0.114704	0.336574	0.391863	0.218933	0.142949	2.19061	2.80072	0.924656
4610000	-23.48061	0	-23.48061	0.118504	0.125535	0.0856596	0.239744	0.107394	0.112538	0.766037	1.212	1.43449
4620000	-28.77526	0	-28.77526	0.152152	0.103612	0.149255	0.372274	0.232351	0.118489	0.600247	0.241484	1.06013
4630000	-41.07524	0	-41.07524	0.142786	0.0890862	0.120575	0.383273	0.166873	0.101613	1.48758	0.391304	0.206539
4640000	-33.5891	0	-33.5891	0.0804093	0.419726	0.128475	0.193958	0.175537	0.0758785	0.628868	1.04023	0.539677
4650000	-33.11596	0	-33.11596	0.100118	0.360861	0.14676	0.124343	0.173378	0.122925	0.0788102	2.99635	5.56143
4660000	-33.19356	0	-33.19356	0.263937	0.409824	0.125865	0.164069	0.209673	0.126314	0.1043	0.960233	0.523452
4670000	-33.45189	0	-33.45189	0.219484	0.25006	0.274686	0.0850273	0.262958	0.148594	0.227068	1.41788	2.10339
4680000	-31.21064	0	-31.21064	0.0634097	0.379019	0.29678	0.276112	0.120439	0.0936339	1.14493	0.908773	1.84389
4690000	-31.5997	0	-31.5997	0.124917	0.185732	0.267552	0.230365	0.0676634	0.205316	0.442924	0.359051	2.02808
4700000	-30.41129	0	-30.41129	0.0979075	0.260996	0.0867213	0.250157	0.10864	0.0934562	0.465348	0.204957	0.267292
4710000	-26.98918	0	-26.98918	0.0447746	0.189694	0.13188	0.217516	0.225774	0.125296	0.576475	1.92352	1.21849
4720000	-30.68577	0	-30.68577	0.114457	0.129045	0.249373	0.314214	0.130245	0.0675574	0.292593	0.474636	1.19671
4730000	-28.69849	0	-28.69849	0.113401	0.163844	0.229944	0.38727	0.0877523	0.11812	0.689871	0.681492	2.23518
4740000	-32.07453	0	-32.07453	0.186124	0.234915	0.179689	0.394574	0.0763146	0.0944856	1.39071	0.21774	0.493809
4750000	-28.08298	0	-28.08298	0.104538	0.148969	0.0563829	0.252101	0.136603	0.101668	0.626289	0.813389	0.735096
4760000	-30.43337	0	-30.43337	0.0609332	0.122538	0.301682	0.202185	0.176052	0.0993552	0.358895	0.63983	3.2578
4770000	-32.84827	0	-32.84827	0.0788135	0.298778	0.140451	0.34099	0.0416778	0.204835	0.690094	1.05826	2.45594
4780000	-26.1467	0	-26.1467	0.144419	0.18696	0.10351	0.116051	0.201776	0.223148	0.656152	1.39812	1.12904
4790000	-35.7792	0	-35.7792	0.256874	0.154466	0.395057	0.387558	0.14616	0.510728	0.450565	4.31608	2.19223
4800000	-27.00794	0	-27.00794	0.160706	0.175287	0.236594	0.218966	0.169016	0.084085	0.592842	0.694676	0.482815
4810000	-25.84043	0	-25.84043	0.16912	0.156633	0.163174	0.277931	0.236585	0.0640067	0.556354	0.886705	1.91762
4820000	-28.166	0	-28.166	0.104762	0.09524	0.220413	0.200951	0.274271	0.170186	3.09145	0.541052	1.70062
4830000	-30.11821	0	-30.11821	0.101982	0.134879	0.307136	0.323182	0.151163	0.119827	0.897293	0.272776	1.63931
4840000	-26.24454	0	-26.24454	0.130074	0.29531	0.083427	0.178731	0.116753	0.0646133	0.78994	2.41049	1.27344
4850000	-29.23386	0	-29.23386	0.204313	0.209383	0.147363	0.832565	0.113284	0.110719	0.931112	2.79098	1.71028
4860000	-34.06632	0	-34.06632	0.233393	0.180983	0.301265	0.0925008	0.12021	0.17092	0.184828	0.869899	0.708492
4870000	-27.18084	0	-27.18084	0.219339	0.421931	0.174532	0.183662	0.197146	0.205067	0.84822	1.62471	0.860918
4880000	-29.96698	0	-29.96698	0.147422	0.0966714	0.154649	0.189766	0.102709	0.100797	0.492908	3.14521	1.91256
4890000	-34.02066	0	-34.02066	0.146591	0.217856	0.444083	0.409819	0.0798282	0.151707	1.06178	0.673003	2.42023
4900000	-26.22514	0	-26.22514	0.270771	0.228117	0.209073	0.241834	0.184385	0.0865177	0.69335	1.52008	1.49379
4910000	-33.33423	0	-33.33423	0.206479	0.123183	0.208789	0.188731	0.0637187	0.280554	0.289158	0.444588	0.298373
4920000	-30.43443	0	-30.43443	0.148751	0.267102	0.179129	0.198211	0.113799	0.053734	0.884263	0.450878	3.24584
4930000	-32.08023	0	-32.08023	0.210976	0.183891	0.2088	0.163173	0.109762	0.0900772	0.851319	0.596552	0.496008
4940000	-30.92131	0	-30.92131	0.140488	0.0590247	0.120138	0.395622	0.0982623	0.160325	0.698831	0.355106	1.06104
4950000	-26.07906	0	-26.07906	0.156534	0.0930288	0.115204	0.444715	0.151174	0.146389	0.674853	1.13254	1.11542
4960000	-23.12699	0	-23.12699	0.155832	0.175491	0.138216	0.2017	0.18807	0.1119	0.675873	1.65559	1.60376
4970000	-33.09544	0	-33.09544	0.269732	0.176294	0.138277	0.202714	0.11462	0.177029	0.656815	0.481223	0.251276
4980000	-26.15367	0	-26.15367	0.142716	0.16183	0.343215	0.181439	0.30585	0.110733	1.33932	1.64381	1.4972
4990000	-26.40459	0	-26.40459	0.312741	0.209023	0.105684	0.234212	0.153657	0.111894	0.505784	1.41081	1.75073
5000000	-26.79933	0	-26.79933	0.142006	0.135851	0.144851	0.265325	0.0864831	0.0766497	0.527819	0.732843	2.01695
