Iteration	Posterior	Likelihood	Prior	lambda[1]	lambda[2]	lambda[3]	mu[1]	mu[2]	mu[3]	psi[1]	psi[2]	psi[3]
0	-56.16487	0	-56.16487	0.0999092	0.0867994	0.123379	0.0661439	0.270454	0.127031	0.797973	0.667699	2.03679
10000	-24.56173	0	-24.56173	0.0542202	0.0579267	0.159954	0.25714	0.0991753	0.30761	4.4542	0.506922	1.62877
20000	-16.48955	0	-16.48955	0.213427	0.0858509	0.0828308	0.466169	0.0667268	0.0821208	3.17111	0.845768	4.82645
30000	-28.06458	0	-28.06458	0.0751097	0.0708528	0.469748	0.276214	0.0901824	0.0332111	2.80464	0.168716	1.13504
40000	-29.8721	0	-29.8721	0.173434	0.127442	0.13785	0.16899	0.157762	0.297027	3.46215	0.136396	2.29795
50000	-33.11162	0	-33.11162	0.181798	0.110375	0.146122	0.558108	0.284361	0.0767741	1.21006	0.843554	2.78638
60000	-26.91668	0	-26.91668	0.268432	0.13068	0.173266	0.286905	0.080422	0.0933097	4.6811	0.0228945	3.48414
70000	-21.76843	0	-21.76843	0.134327	0.134069	0.227617	0.445255	0.138502	0.127609	3.23192	0.281433	0.70988
80000	-19.95352	0	-19.95352	0.171727	0.197139	0.204086	0.195513	0.110612	0.211666	2.98731	0.344254	0.975293
90000	-26.04557	0	-26.04557	0.367562	0.187565	0.403646	0.250976	0.114585	0.0904977	2.78542	0.526108	2.11124
100000	-27.90548	0	-27.90548	0.200967	0.110065	0.184686	0.141391	0.109122	0.155068	2.00211	2.11855	2.59307
110000	-25.1271	0	-25.1271	0.110849	0.168918	0.298769	0.185345	0.0737081	0.0865046	1.57204	0.566429	1.35507
120000	-21.69951	0	-21.69951	0.206491	0.0905627	0.13813	0.334156	0.167852	0.081052	2.88241	0.47884	2.34898
130000	-16.21223	0	-16.21223	0.211237	0.0434748	0.199634	0.297352	0.134027	0.166076	5.02856	0.669628	0.793019
140000	-15.27213	0	-15.27213	0.193735	0.102342	0.167226	0.191264	0.359272	0.103037	4.49429	0.382025	1.27011
150000	-29.39895	0	-29.39895	0.13809	0.0997689	0.111187	0.19268	0.0971374	0.144894	2.72828	4.39479	0.919003
160000	-19.54466	0	-19.54466	0.161919	0.0754434	0.108656	0.18613	0.111537	0.295763	2.44781	2.95479	2.45696
170000	-25.30776	0	-25.30776	0.130353	0.341775	0.161117	0.178183	0.0636372	0.150082	2.93086	0.844684	0.997513
180000	-21.7872	0	-21.7872	0.0758235	0.127242	0.148141	0.204025	0.0858804	0.134053	2.13796	0.408579	2.10918
190000	-17.50348	0	-17.50348	0.232955	0.144323	0.104355	0.333428	0.213038	0.0798766	5.05722	0.233292	0.369535
200000	-27.22043	0	-27.22043	0.402979	0.0833602	0.102528	0.300745	0.150969	0.122777	4.21286	0.435842	0.480589
210000	-31.39052	0	-31.39052	0.124478	0.1279	0.208495	0.177044	0.152998	0.340962	2.06817	1.70372	1.409
220000	-30.87712	0	-30.87712	0.437272	0.0757294	0.381825	0.459113	0.211064	0.0894953	2.01773	0.990692	2.89821
230000	-28.82028	0	-28.82028	0.0925054	0.29389	0.298333	0.353498	0.136658	0.0605594	2.5685	0.590157	1.06632
240000	-28.84713	0	-28.84713	0.10984	0.0955344	0.161112	0.65007	0.070224	0.0650725	3.47299	1.18448	1.02947
250000	-28.69666	0	-28.69666	0.114742	0.189535	0.303437	0.307573	0.133235	0.0668188	1.18732	0.275913	0.536701
260000	-25.64649	0	-25.64649	0.0752231	0.0884216	0.16538	0.380521	0.133047	0.0930094	2.18846	0.896616	0.256338
270000	-18.78044	0	-18.78044	0.254855	0.188606	0.20834	0.263972	0.206518	0.112722	2.74421	0.430522	0.50228
280000	-15.68677	0	-15.68677	0.315668	0.0879099	0.157908	0.323298	0.101099	0.119279	3.25847	2.01104	1.92787
290000	-26.68711	0	-26.68711	0.365661	0.161697	0.258835	0.212182	0.14284	0.0833359	2.30596	1.09532	1.53738
300000	-23.95811	0	-23.95811	0.223818	0.136104	0.343306	0.266487	0.278117	0.167192	3.82758	0.357089	2.31694
310000	-16.62579	0	-16.62579	0.190191	0.0841372	0.252814	0.470951	0.0877756	0.0785523	5.42952	0.737479	1.58016
320000	-29.30599	0	-29.30599	0.113857	0.082639	0.381892	0.418542	0.184488	0.102676	7.18026	1.43813	0.271271
330000	-31.93919	0	-31.93919	0.129501	0.04587	0.17402	0.142695	0.252626	0.147155	1.89858	0.142243	0.487065
340000	-26.04761	0	-26.04761	0.0892494	0.076526	0.0534662	0.20655	0.14727	0.0525921	5.16552	0.829774	0.207884
350000	-19.78568	0	-19.78568	0.226794	0.104402	0.181271	0.225604	0.242651	0.172588	4.06844	0.346992	1.58498
360000	-19.05822	0	-19.05822	0.0946364	0.124698	0.303343	0.383017	0.238642	0.133537	9.91765	2.04445	0.72928
370000	-24.29676	0	-24.29676	0.214134	0.0691295	0.321654	0.206236	0.0647672	0.166704	2.75502	0.14624	4.28588
380000	-29.14817	0	-29.14817	0.123087	0.141631	0.294443	0.268453	0.178021	0.186134	9.22111	0.488616	4.87637
390000	-29.09086	0	-29.09086	0.164094	0.119694	0.121114	0.239341	0.049761	0.058846	1.23569	0.0701103	1.05886
400000	-25.79874	0	-25.79874	0.213693	0.191756	0.126785	0.363313	0.0496506	0.0614651	3.50782	1.69812	1.6196
410000	-22.39328	0	-22.39328	0.180836	0.139823	0.182569	0.181079	0.214149	0.1754	2.37506	0.957296	0.976926
420000	-29.57116	0	-29.57116	0.160803	0.0919854	0.107705	0.311492	0.142551	0.0495945	2.89182	0.540029	0.58948
430000	-23.35412	0	-23.35412	0.213388	0.216448	0.167551	0.23463	0.14458	0.17505	3.11825	0.71765	2.69731
440000	-20.01792	0	-20.01792	0.160384	0.0975946	0.185666	0.182089	0.135847	0.176564	3.72128	1.22257	0.661695
450000	-24.3892	0	-24.3892	0.0830634	0.227707	0.185494	0.280123	0.119528	0.17416	3.765	0.129607	1.23196
460000	-24.66931	0	-24.66931	0.154362	0.123913	0.336571	0.221479	0.129611	0.112535	2.8907	1.00745	1.09537
470000	-18.56414	0	-18.56414	0.143371	0.0684642	0.249937	0.321151	0.146252	0.129617	2.6216	1.04219	0.994044
480000	-25.89837	0	-25.89837	0.173224	0.159142	0.51458	0.514018	0.0608284	0.119143	3.08168	2.36187	1.7005
490000	-21.70359	0	-21.70359	0.202346	0.0850931	0.138723	0.196338	0.076829	0.0622689	1.00709	0.703408	3.0848
500000	-28.64655	0	-28.64655	0.0682596	0.195973	0.193437	0.190685	0.145304	0.0494955	1.49596	0.0543376	0.440601
510000	-25.98361	0	-25.98361	0.197488	0.130442	0.0677977	0.346119	0.16627	0.115031	5.6801	0.828367	3.00807
520000	-29.05787	0	-29.05787	0.176346	0.116952	0.386383	0.300132	0.118001	0.274835	1.89364	0.0968596	1.88872
530000	-22.92842	0	-22.92842	0.124416	0.0918518	0.21715	0.265355	0.0629716	0.0890763	3.20831	0.219943	1.0151
540000	-22.78801	0	-22.78801	0.237949	0.0491684	0.109821	0.195809	0.077843	0.170793	2.34544	1.1692	1.40163
550000	-22.49275	0	-22.49275	0.195221	0.19224	0.198331	0.375389	0.0819263	0.0411148	4.7162	2.27279	1.46376
560000	-29.95213	0	-29.95213	0.346166	0.170332	0.183462	0.362076	0.127343	0.0889323	1.66495	0.0991573	1.03357
570000	-26.87666	0	-26.87666	0.0924885	0.149937	0.34998	0.271909	0.138165	0.23592	2.0882	1.46143	1.56175
580000	-29.15598	0	-29.15598	0.0982712	0.0950654	0.110811	0.288215	0.127378	0.149424	1.4598	0.233132	0.179901
590000	-16.61091	0	-16.61091	0.202805	0.0985553	0.12146	0.317782	0.277113	0.153991	4.78163	0.188258	2.21182
600000	-26.77852	0	-26.77852	0.296475	0.0653434	0.235246	0.439217	0.0929724	0.104401	2.5404	1.20388	0.537069
610000	-25.17487	0	-25.17487	0.0807963	0.172928	0.191649	0.254372	0.0968406	0.145864	1.72252	3.49595	1.00321
620000	-23.61215	0	-23.61215	0.188995	0.0745675	0.103228	0.269152	0.158539	0.180877	4.51402	0.744851	2.0383
630000	-17.38558	0	-17.38558	0.367923	0.0774583	0.205561	0.335748	0.0559885	0.09443	4.02472	0.977745	1.19148
640000	-26.59574	0	-26.59574	0.235376	0.102792	0.302878	0.171005	0.115286	0.172667	3.2161	2.21772	1.79465
650000	-22.93277	0	-22.93277	0.1766	0.162267	0.152099	0.25338	0.112411	0.225373	5.58776	1.14065	0.475659
660000	-30.58401	0	-30.58401	0.074712	0.264994	0.110988	0.242237	0.0943137	0.0531441	1.24431	0.0784577	2.62467
670000	-21.30615	0	-21.30615	0.257538	0.265569	0.256398	0.178043	0.113512	0.352965	3.91519	1.43053	2.99182
680000	-19.72269	0	-19.72269	0.216467	0.115655	0.349856	0.208238	0.149393	0.036945	6.15662	0.560561	0.417405
690000	-28.73614	0	-28.73614	0.215803	0.148951	0.0793257	0.123636	0.177781	0.273409	1.46814	0.672375	0.686675
700000	-25.88179	0	-25.88179	0.254226	0.154503	0.281807	0.31009	0.185441	0.133022	2.4841	0.524204	0.815714
710000	-16.62356	0	-16.62356	0.217196	0.0722436	0.179614	0.142473	0.0678426	0.0933321	3.27533	1.41126	1.22378
720000	-24.97102	0	-24.97102	0.0880463	0.21663	0.385731	0.24264	0.137795	0.0917977	1.81799	0.247401	4.88954
730000	-27.94231	0	-27.94231	0.10574	0.0825102	0.120437	0.126659	0.258895	0.117058	1.43387	0.130868	3.39827
740000	-24.08467	0	-24.08467	0.155713	0.166013	0.357181	0.358216	0.173252	0.178958	4.30846	0.2626	1.95021
750000	-23.74716	0	-23.74716	0.147696	0.119838	0.304764	0.227141	0.278131	0.146875	5.61872	0.211801	2.09571
760000	-23.26309	0	-23.26309	0.205355	0.189516	0.302464	0.29121	0.0794831	0.115595	2.7387	1.95424	0.35422
770000	-18.98051	0	-18.98051	0.12821	0.0626806	0.239783	0.226239	0.137785	0.124721	3.14748	0.299789	1.31281
780000	-17.58109	0	-17.58109	0.190575	0.0892264	0.17944	0.449828	0.19139	0.157521	3.71632	0.393884	2.2973
790000	-17.98595	0	-17.98595	0.186226	0.0782627	0.158279	0.396588	0.134495	0.0696203	2.80887	0.395982	1.24891
800000	-17.92421	0	-17.92421	0.312521	0.0890807	0.230055	0.145482	0.153521	0.0787701	6.95899	0.913951	0.802763
810000	-27.7819	0	-27.7819	0.0889883	0.180787	0.260259	0.178679	0.078941	0.131201	1.15152	0.445724	1.42765
820000	-30.46853	0	-30.46853	0.104468	0.0929606	0.323135	0.465589	0.0411349	0.147929	1.39043	0.771317	1.71873
830000	-24.55955	0	-24.55955	0.107723	0.116044	0.176144	0.718928	0.0680946	0.0827364	3.55437	1.01235	1.44788
840000	-21.54537	0	-21.54537	0.0585726	0.234298	0.17842	0.390418	0.156924	0.126838	3.00317	1.16258	2.18822
850000	-16.97974	0	-16.97974	0.0803043	0.105902	0.396266	0.270229	0.0751805	0.113168	2.19043	0.989782	3.47135
860000	-17.54479	0	-17.54479	0.184484	0.0964464	0.558364	0.324099	0.0912353	0.164986	3.5044	3.49879	2.89809
870000	-14.84423	0	-14.84423	0.301287	0.108003	0.247777	0.338296	0.170729	0.0969142	6.71545	0.844657	1.23318
880000	-31.9754	0	-31.9754	0.203799	0.085618	0.161143	0.356451	0.0599364	0.356917	1.32591	2.738	0.992702
890000	-32.9745	0	-32.9745	0.124095	0.0935044	0.187857	0.566305	0.0650552	0.0814054	0.99322	1.61248	0.71511
900000	-13.43251	0	-13.43251	0.253003	0.119425	0.276357	0.23966	0.12096	0.0780014	6.23229	1.83838	0.706951
910000	-27.48807	0	-27.48807	0.112062	0.127037	0.291405	0.148828	0.176523	0.113292	3.96367	0.512216	1.71105
920000	-33.08152	0	-33.08152	0.178806	0.176626	0.411452	0.407447	0.239854	0.222476	1.5462	0.972845	2.01044
930000	-22.59079	0	-22.59079	0.217417	0.209228	0.152687	0.259517	0.424688	0.138199	3.38986	3.28303	3.88286
940000	-26.34198	0	-26.34198	0.0645931	0.0395794	0.341776	0.131745	0.147948	0.107606	1.85667	0.811162	1.13204
950000	-30.8099	0	-30.8099	0.228832	0.215021	0.372794	0.15769	0.2664	0.100306	3.95346	0.0221327	0.620855
960000	-26.20645	0	-26.20645	0.1705	0.164305	0.103649	0.268691	0.096322	0.0888832	1.73318	0.889057	2.44897
970000	-28.23337	0	-28.23337	0.134247	0.0841856	0.382303	0.572604	0.16165	0.22872	1.82961	0.365577	1.36038
980000	-27.06631	0	-27.06631	0.186349	0.107156	0.33256	0.478363	0.20883	0.149399	3.95072	0.418457	0.625956
990000	-25.20381	0	-25.20381	0.188669	0.0916682	0.457726	0.357248	0.104341	0.242502	5.87675	0.72912	1.38317
1000000	-26.24408	0	-26.24408	0.133399	0.11024	0.22966	0.360292	0.059518	0.111626	1.55512	2.9189	1.43129
1010000	-20.89663	0	-20.89663	0.165211	0.111438	0.199156	0.373162	0.223831	0.0677938	4.19972	0.226296	0.466811
1020000	-16.44282	0	-16.44282	0.131306	0.102015	0.20078	0.439561	0.231771	0.214489	4.20715	0.19737	3.40007
1030000	-22.3994	0	-22.3994	0.18599	0.140335	0.201807	0.356951	0.146786	0.161754	2.78238	0.182985	1.63311
1040000	-21.898	0	-21.898	0.173041	0.187225	0.449245	0.226119	0.138023	0.130699	5.06562	0.903083	0.944192
1050000	-25.58819	0	-25.58819	0.142624	0.0736208	0.211846	0.578163	0.177245	0.0850212	1.71533	0.416122	1.48423
1060000	-23.00367	0	-23.00367	0.167783	0.121879	0.223493	0.262062	0.147715	0.0904811	2.14149	0.15121	1.14378
1070000	-20.32073	0	-20.32073	0.174459	0.0381156	0.157393	0.280638	0.111963	0.0838481	2.98534	1.99893	1.46617
1080000	-30.36478	0	-30.36478	0.199624	0.15607	0.418906	0.365418	0.129896	0.112046	3.5392	0.607031	0.19618
1090000	-22.79735	0	-22.79735	0.119071	0.127489	0.284249	0.249076	0.100304	0.0944943	2.48123	1.99586	0.391554
1100000	-27.28066	0	-27.28066	0.153739	0.0677104	0.129373	0.351831	0.150214	0.159196	1.92324	0.417592	0.181943
1110000	-28.98976	0	-28.98976	0.117976	0.207008	0.223054	0.173621	0.110035	0.122965	0.975226	1.03139	1.7986
1120000	-31.47701	0	-31.47701	0.100043	0.0627979	0.358867	0.357994	0.137597	0.117892	1.96955	0.236894	0.927653
1130000	-26.265	0	-26.265	0.155037	0.271506	0.222507	0.140629	0.0583523	0.156251	2.64509	0.801464	1.04936
1140000	-22.48408	0	-22.48408	0.303346	0.101973	0.307295	0.132206	0.183259	0.0839505	8.24051	1.41568	0.410431
1150000	-29.34099	0	-29.34099	0.108146	0.137659	0.22532	0.149651	0.144928	0.18099	1.23233	1.32679	2.11501
1160000	-32.51403	0	-32.51403	0.160451	0.204293	0.0950147	0.403962	0.0829883	0.239073	1.305	0.303837	1.646
1170000	-32.83546	0	-32.83546	0.196262	0.201911	0.210247	0.477681	0.219947	0.112008	1.77253	0.240019	0.4492
1180000	-24.03878	0	-24.03878	0.238237	0.144365	0.164293	0.221427	0.0745951	0.116158	3.9894	0.340903	0.312645
1190000	-26.43944	0	-26.43944	0.274368	0.0923547	0.0804885	0.396375	0.198035	0.118327	2.35076	0.541237	3.42499
1200000	-34.02096	0	-34.02096	0.158788	0.219581	0.286497	0.292774	0.241366	0.211463	1.11445	0.321696	0.836848
1210000	-27.3145	0	-27.3145	0.227368	0.0953746	0.60507	0.647943	0.172862	0.0905799	2.90332	2.58936	1.40458
1220000	-28.42779	0	-28.42779	0.150478	0.125152	0.121071	0.233709	0.220673	0.107872	4.20523	0.34017	1.73639
1230000	-28.66503	0	-28.66503	0.451539	0.0846939	0.112901	0.331427	0.222983	0.102392	1.55132	1.38732	1.12448
1240000	-25.34704	0	-25.34704	0.217873	0.041516	0.111336	0.12017	0.126752	0.0368865	6.13641	1.68988	0.389382
1250000	-23.46785	0	-23.46785	0.222449	0.157845	0.159236	0.21454	0.270808	0.212268	3.29285	0.907449	0.298319
1260000	-27.71816	0	-27.71816	0.100185	0.0739436	0.173556	0.293342	0.16118	0.0652442	2.57284	0.92825	2.48989
1270000	-30.59382	0	-30.59382	0.0792891	0.23136	0.181222	0.478947	0.22534	0.0737797	1.30213	0.640803	0.727865
1280000	-25.85883	0	-25.85883	0.13372	0.149701	0.14674	0.450239	0.160188	0.0538927	1.67486	0.884757	3.39532
1290000	-16.80516	0	-16.80516	0.159875	0.0548873	0.058818	0.156999	0.1105	0.0698884	5.05236	1.88196	1.52554
1300000	-46.15531	0	-46.15531	0.0538873	0.125498	0.221896	0.168286	0.0643906	0.0794525	0.638627	0.0496179	0.0549824
1310000	-19.89114	0	-19.89114	0.318228	0.123725	0.150768	0.232266	0.160692	0.249608	4.30932	0.821931	1.28282
1320000	-19.75883	0	-19.75883	0.265704	0.150489	0.282555	0.168549	0.0814302	0.0620127	2.85521	2.12203	0.377243
1330000	-27.1387	0	-27.1387	0.14465	0.241167	0.104855	0.243041	0.255933	0.25262	2.42641	0.845381	0.432102
1340000	-21.12851	0	-21.12851	0.166764	0.0974059	0.165159	0.541231	0.160797	0.119703	4.671	1.93493	1.80921
1350000	-22.91441	0	-22.91441	0.122651	0.145168	0.169891	0.410254	0.0717128	0.0617189	2.1339	0.355439	2.14156
1360000	-21.93955	0	-21.93955	0.247919	0.0700547	0.131019	0.221306	0.16717	0.0863932	2.69224	4.72147	1.57937
1370000	-16.91915	0	-16.91915	0.171132	0.151009	0.298037	0.175681	0.0960039	0.0830048	2.98619	1.4567	3.54166
1380000	-25.56451	0	-25.56451	0.168273	0.0579272	0.0951969	0.410371	0.130015	0.26285	1.76856	0.747509	1.42732
1390000	-18.25213	0	-18.25213	0.200807	0.0602462	0.255275	0.309435	0.232431	0.121778	2.35343	0.747371	0.887035
1400000	-21.80378	0	-21.80378	0.215648	0.0574294	0.11959	0.195193	0.21479	0.0488238	2.29385	1.83398	2.53962
1410000	-27.86584	0	-27.86584	0.0444273	0.191406	0.245033	0.236084	0.0783087	0.108585	2.06916	0.134128	1.77591
1420000	-26.61493	0	-26.61493	0.18261	0.0732244	0.485272	0.20276	0.470738	0.107741	2.46704	1.6578	1.92858
1430000	-18.09654	0	-18.09654	0.140635	0.0868825	0.22612	0.199032	0.150204	0.100467	3.89595	0.815587	0.32764
1440000	-19.60097	0	-19.60097	0.179573	0.136291	0.177013	0.215706	0.0779858	0.1891	1.94367	0.689973	0.648041
1450000	-26.56166	0	-26.56166	0.151593	0.159181	0.323285	0.570962	0.0898508	0.0880792	3.51267	0.429748	1.51434
1460000	-25.20999	0	-25.20999	0.182352	0.098632	0.249009	0.16373	0.15217	0.0805179	1.50691	0.51108	1.29644
1470000	-38.40844	0	-38.40844	0.177098	0.179632	0.309285	0.432798	0.119578	0.365359	3.27891	0.48676	0.518724
1480000	-26.83331	0	-26.83331	0.168536	0.101792	0.162173	0.213964	0.183243	0.0415007	2.25465	0.628894	0.390755
1490000	-19.87289	0	-19.87289	0.107602	0.127168	0.120506	0.325606	0.164946	0.513854	4.09325	1.44377	3.22352
1500000	-22.11205	0	-22.11205	0.45965	0.149414	0.247166	0.167603	0.218722	0.0446401	4.79552	0.392124	1.13688
1510000	-23.63516	0	-23.63516	0.12093	0.123772	0.128463	0.100844	0.0998643	0.0496324	4.67046	0.216521	1.22402
1520000	-37.08969	0	-37.08969	0.243855	0.256175	0.261881	0.265417	0.0756165	0.101349	1.83352	0.0254981	1.04912
1530000	-26.15847	0	-26.15847	0.119578	0.0790327	0.120304	0.125935	0.0603655	0.0927972	2.89907	0.370873	0.922585
1540000	-19.64746	0	-19.64746	0.136206	0.104909	0.274588	0.170851	0.167351	0.153387	1.76101	0.129493	2.40513
1550000	-17.47873	0	-17.47873	0.145385	0.0657761	0.228341	0.400001	0.104458	0.108871	3.32709	0.473973	1.40558
1560000	-19.12306	0	-19.12306	0.138024	0.153707	0.195387	0.146909	0.102579	0.128381	2.98469	0.470638	2.84087
1570000	-24.34393	0	-24.34393	0.056362	0.15237	0.376585	0.180058	0.0939183	0.0471155	1.94285	0.485292	1.11838
1580000	-31.22479	0	-31.22479	0.193959	0.117259	0.102148	0.598738	0.0777159	0.128067	1.47469	3.47976	0.62483
1590000	-23.24766	0	-23.24766	0.211859	0.123563	0.205519	0.268448	0.156865	0.0813153	5.30772	2.65411	0.392736
1600000	-26.4624	0	-26.4624	0.229433	0.117382	0.242953	0.414281	0.313083	0.0778768	5.35181	0.426506	1.00456
1610000	-27.73214	0	-27.73214	0.0711372	0.089901	0.212864	0.312855	0.0922483	0.0802927	1.39005	0.111246	1.27354
1620000	-20.85192	0	-20.85192	0.140144	0.276449	0.239798	0.32929	0.153762	0.212673	4.705	1.19438	2.93828
1630000	-33.12075	0	-33.12075	0.17694	0.249063	0.284851	0.613918	0.107053	0.14186	0.792087	0.0746467	1.61874
1640000	-26.01848	0	-26.01848	0.0816268	0.171494	0.27089	0.171975	0.126276	0.202604	2.6614	0.517358	1.31117
1650000	-23.65392	0	-23.65392	0.125227	0.101187	0.193731	0.181207	0.195724	0.0861738	2.60663	0.156039	0.437028
1660000	-18.1606	0	-18.1606	0.131572	0.0959061	0.295548	0.308375	0.182865	0.0782168	3.65308	1.55644	2.43729
1670000	-17.17426	0	-17.17426	0.174457	0.148474	0.28422	0.162481	0.154981	0.0759051	2.94223	0.520773	1.11846
1680000	-18.28017	0	-18.28017	0.197959	0.0973867	0.120505	0.403066	0.112478	0.0887607	3.40819	0.146344	0.899793
1690000	-20.11863	0	-20.11863	0.121173	0.110039	0.291299	0.236125	0.195778	0.137993	3.2661	0.235438	1.7713
1700000	-23.7741	0	-23.7741	0.128913	0.104403	0.146765	0.288053	0.152333	0.284913	6.82872	0.289313	1.09348
1710000	-25.84098	0	-25.84098	0.236848	0.190133	0.225709	0.375516	0.0643613	0.0836433	1.64647	1.21813	2.9376
1720000	-26.90982	0	-26.90982	0.229782	0.106742	0.437417	0.391446	0.186964	0.168884	4.30542	1.30873	0.576276
1730000	-26.02078	0	-26.02078	0.238718	0.131513	0.214974	0.195611	0.100221	0.0598173	1.85977	0.414624	1.57952
1740000	-28.08063	0	-28.08063	0.22069	0.204487	0.429433	0.198558	0.084711	0.156417	1.88542	0.678793	1.60652
1750000	-27.24276	0	-27.24276	0.139595	0.180442	0.133338	0.425353	0.0527585	0.142139	4.56412	0.511492	0.984444
1760000	-21.84069	0	-21.84069	0.299936	0.110313	0.109635	0.487451	0.161776	0.118597	2.33626	6.08393	1.81677
1770000	-19.82173	0	-19.82173	0.181703	0.0636371	0.298073	0.294464	0.24727	0.0793847	3.59659	0.152907	1.54742
1780000	-27.52209	0	-27.52209	0.138363	0.0828829	0.261897	0.271823	0.131051	0.218285	3.32442	0.847736	2.50574
1790000	-21.91468	0	-21.91468	0.249004	0.0603758	0.524989	0.239117	0.0958603	0.200461	4.40994	0.113953	1.07972
1800000	-28.96792	0	-28.96792	0.154052	0.279039	0.263999	0.132942	0.162089	0.134324	2.43455	0.219311	0.594116
1810000	-25.21425	0	-25.21425	0.347399	0.189615	0.373407	0.412928	0.108589	0.250184	4.34572	0.731974	0.706922
1820000	-38.71418	0	-38.71418	0.161407	0.0968867	0.58733	0.163356	0.0139513	0.0573029	0.88889	0.352973	3.11477
1830000	-28.27742	0	-28.27742	0.267958	0.104806	0.0566307	0.191678	0.165262	0.180187	2.19816	0.566416	0.366413
1840000	-26.99113	0	-26.99113	0.150989	0.0966056	0.186814	0.211676	0.0627305	0.0634315	7.52238	6.28657	0.807065
1850000	-25.32193	0	-25.32193	0.431281	0.152921	0.179817	0.340319	0.152102	0.269222	3.29921	2.16897	4.75433
1860000	-23.65301	0	-23.65301	0.117463	0.0624282	0.23794	0.647456	0.246931	0.0515992	3.17781	1.76448	2.61375
1870000	-24.14995	0	-24.14995	0.282062	0.143657	0.378817	0.365364	0.0705039	0.0624362	3.44453	0.678623	1.58652
1880000	-27.0042	0	-27.0042	0.184752	0.0473263	0.252717	0.42414	0.16445	0.11387	4.78411	0.119731	1.14464
1890000	-22.89797	0	-22.89797	0.222564	0.125368	0.303619	0.261723	0.110694	0.0868362	2.65869	0.126311	0.471261
1900000	-31.40597	0	-31.40597	0.118283	0.219887	0.265242	0.638452	0.242887	0.0534652	3.92531	1.51804	2.47917
1910000	-31.00315	0	-31.00315	0.0808731	0.104728	0.154198	0.143915	0.0961996	0.0866349	1.11015	0.235826	0.187527
1920000	-18.30308	0	-18.30308	0.0979301	0.160284	0.21721	0.351506	0.161668	0.0577421	2.83029	0.693372	1.18154
1930000	-24.75528	0	-24.75528	0.182902	0.0713286	0.285415	0.165917	0.13362	0.0751899	1.89745	0.702831	0.776459
1940000	-15.68433	0	-15.68433	0.196002	0.108956	0.434162	0.169465	0.135408	0.130674	3.1449	0.357141	2.70471
1950000	-21.71309	0	-21.71309	0.175891	0.142344	0.19938	0.568434	0.148955	0.126179	4.54185	1.64841	3.20578
1960000	-19.26497	0	-19.26497	0.191317	0.0968835	0.21714	0.339224	0.09726	0.151482	6.17166	4.68414	0.568394
1970000	-20.86676	0	-20.86676	0.157936	0.215071	0.169217	0.353871	0.095024	0.107994	3.56519	0.171001	0.662582
1980000	-21.2961	0	-21.2961	0.11243	0.0920882	0.17564	0.153245	0.0951332	0.0905383	2.28526	1.26217	2.32886
1990000	-21.03492	0	-21.03492	0.260133	0.208032	0.217312	0.235697	0.0779476	0.0913864	5.06447	0.826363	0.745874
2000000	-19.19529	0	-19.19529	0.178823	0.151536	0.241429	0.42682	0.132491	0.0618431	3.75701	0.95348	1.04977
2010000	-20.47244	0	-20.47244	0.0480336	0.181664	0.24431	0.301998	0.110642	0.120619	2.94897	0.196706	1.89227
2020000	-27.06183	0	-27.06183	0.129805	0.116239	0.10666	0.237676	0.22667	0.11077	1.84764	0.18449	6.67827
2030000	-31.35577	0	-31.35577	0.0379477	0.0901007	0.226421	0.333319	0.262972	0.234995	1.9188	0.948566	1.92614
2040000	-21.33586	0	-21.33586	0.135573	0.114862	0.149957	0.426808	0.118259	0.177214	1.92077	0.881327	0.898926
2050000	-29.70304	0	-29.70304	0.129302	0.145662	0.260229	0.096318	0.100705	0.0543321	1.88468	0.182588	1.84415
2060000	-18.10608	0	-18.10608	0.113191	0.257311	0.215411	0.189571	0.155097	0.080404	2.36197	1.06057	1.91826
2070000	-20.13688	0	-20.13688	0.0884605	0.0938175	0.182496	0.385954	0.123832	0.0942137	2.99787	0.278624	2.16694
2080000	-18.74322	0	-18.74322	0.275839	0.0716523	0.243415	0.282396	0.058656	0.0638849	4.73679	0.358247	2.0751
2090000	-26.97309	0	-26.97309	0.223465	0.0702969	0.349619	0.332867	0.243797	0.178632	2.58873	2.58885	1.8027
2100000	-30.47496	0	-30.47496	0.127458	0.188326	0.213972	0.169097	0.168194	0.226503	1.76389	0.327733	0.2014
2110000	-33.19515	0	-33.19515	0.392462	0.135679	0.166713	0.163996	0.193105	0.119118	3.35064	1.10408	2.26208
2120000	-27.74877	0	-27.74877	0.164484	0.0938099	0.188614	0.199564	0.117936	0.0691899	2.87689	0.585786	0.436309
2130000	-17.62556	0	-17.62556	0.117008	0.131676	0.238381	0.389969	0.0513712	0.0788481	2.66168	0.239806	0.882382
2140000	-26.58466	0	-26.58466	0.152524	0.0376341	0.117701	0.131226	0.250877	0.0763424	1.3345	3.02788	3.27804
2150000	-21.106	0	-21.106	0.147047	0.11692	0.225033	0.189794	0.106559	0.137352	4.59902	0.18783	0.791473
2160000	-26.51157	0	-26.51157	0.131683	0.127417	0.142152	0.296819	0.134693	0.100633	3.46248	2.65196	0.336736
2170000	-19.17194	0	-19.17194	0.395506	0.0897843	0.17668	0.34706	0.0844802	0.146445	4.94667	0.186331	0.352244
2180000	-26.56717	0	-26.56717	0.199312	0.10138	0.558513	0.219529	0.167347	0.175499	4.90289	0.251472	1.00935
2190000	-25.26475	0	-25.26475	0.152506	0.0935621	0.0703524	0.220561	0.154967	0.160229	3.52231	1.43633	0.324081
2200000	-34.27918	0	-34.27918	0.0684113	0.168083	0.0761353	0.390941	0.104633	0.146449	3.22854	0.197253	0.794867
2210000	-29.57661	0	-29.57661	0.0559848	0.106321	0.230621	0.372057	0.159354	0.158897	3.06906	0.353974	0.808362
2220000	-18.04885	0	-18.04885	0.288198	0.189431	0.331277	0.354681	0.193879	0.157844	4.68606	2.69524	1.44709
2230000	-23.00537	0	-23.00537	0.124837	0.0663224	0.126695	0.655425	0.10668	0.0884192	1.79204	0.659062	2.13382
2240000	-20.53713	0	-20.53713	0.0981893	0.0777586	0.233106	0.28216	0.139036	0.145767	2.59244	1.74407	0.962801
2250000	-26.61351	0	-26.61351	0.119096	0.202014	0.21033	0.273005	0.118267	0.162187	1.50915	0.379624	2.16072
2260000	-22.45362	0	-22.45362	0.158028	0.108368	0.170278	0.407311	0.31588	0.322405	3.55581	2.82965	0.955214
2270000	-23.59208	0	-23.59208	0.157748	0.184106	0.205497	0.266937	0.116303	0.126355	6.78201	0.515295	0.16612
2280000	-14.24112	0	-14.24112	0.154802	0.26596	0.166272	0.405189	0.110293	0.139371	7.00622	0.600574	0.40553
2290000	-20.8584	0	-20.8584	0.117808	0.0798275	0.176233	0.348965	0.0550696	0.139015	3.44549	1.39062	1.23321
2300000	-20.66601	0	-20.66601	0.198301	0.0673324	0.281838	0.412826	0.160966	0.0534504	4.26912	0.978054	1.08339
2310000	-24.38555	0	-24.38555	0.157405	0.128483	0.326666	0.226243	0.0743568	0.146829	3.40801	0.698281	1.23988
2320000	-16.06082	0	-16.06082	0.264403	0.0880156	0.104622	0.312181	0.242078	0.152349	5.59878	0.786738	2.20437
2330000	-25.96693	0	-25.96693	0.066032	0.156766	0.246291	0.273215	0.199308	0.0602953	1.51613	0.913171	2.64424
2340000	-23.05846	0	-23.05846	0.34316	0.188826	0.261208	0.206797	0.0651491	0.0617767	2.31638	0.30311	1.67171
2350000	-27.68541	0	-27.68541	0.22454	0.166844	0.209944	0.351679	0.088432	0.0750526	1.99567	0.572491	0.946073
2360000	-20.9246	0	-20.9246	0.474662	0.0819359	0.0798716	0.269062	0.11771	0.131543	3.51998	0.355459	3.01201
2370000	-27.90481	0	-27.90481	0.133137	0.0687707	0.118194	0.377538	0.175645	0.0539611	2.97905	1.83102	0.311324
2380000	-37.21838	0	-37.21838	0.120303	0.0687655	0.413867	0.298231	0.15731	0.158541	1.17538	0.352081	0.223445
2390000	-17.47544	0	-17.47544	0.136292	0.171761	0.245705	0.351683	0.140661	0.181039	4.84299	0.184704	2.55728
2400000	-21.13236	0	-21.13236	0.231614	0.102195	0.364945	0.108683	0.124722	0.213095	3.74781	0.887863	1.99569
2410000	-26.28917	0	-26.28917	0.234865	0.106491	0.273037	0.195883	0.0838529	0.0678389	6.86494	2.61016	1.38604
2420000	-18.0408	0	-18.0408	0.27413	0.228689	0.285875	0.350083	0.161744	0.106457	5.27997	0.198623	0.417461
2430000	-26.04599	0	-26.04599	0.26074	0.0999546	0.362136	0.19299	0.0753841	0.0486367	1.64108	1.79948	1.22076
2440000	-21.92544	0	-21.92544	0.180562	0.216329	0.268075	0.353027	0.130802	0.102552	3.83851	1.53169	1.57184
2450000	-26.74937	0	-26.74937	0.186572	0.172333	0.264886	0.172171	0.0903791	0.106905	3.85285	0.336969	1.66144
2460000	-19.85852	0	-19.85852	0.163197	0.111959	0.165556	0.147804	0.113669	0.113487	2.94334	0.244583	2.3786
2470000	-26.45187	0	-26.45187	0.205357	0.241542	0.112404	0.221406	0.10301	0.0867677	3.17197	0.629465	0.857163
2480000	-14.83829	0	-14.83829	0.144383	0.0597339	0.205257	0.234052	0.0841298	0.0787803	2.31216	3.58361	2.16128
2490000	-23.47688	0	-23.47688	0.125928	0.084864	0.174448	0.192322	0.289427	0.0529095	3.21166	0.204228	0.416548
2500000	-28.96926	0	-28.96926	0.327615	0.090832	0.354959	0.229912	0.0468718	0.076837	0.662275	0.866055	2.5324
2510000	-24.47656	0	-24.47656	0.3076	0.0744776	0.145263	0.201804	0.131259	0.145711	2.0227	1.01865	1.45455
2520000	-24.66584	0	-24.66584	0.262701	0.0741194	0.321356	0.352899	0.0972754	0.0769725	2.50485	0.484634	3.96913
2530000	-21.65825	0	-21.65825	0.315138	0.1444	0.250048	0.241399	0.226593	0.148004	3.1973	0.18775	1.05441
2540000	-20.20394	0	-20.20394	0.0641518	0.120435	0.276796	0.183262	0.124583	0.103691	6.27811	1.2988	0.490671
2550000	-25.02162	0	-25.02162	0.189182	0.131905	0.241177	0.155528	0.0908762	0.138188	1.57869	2.03717	1.18338
2560000	-29.80471	0	-29.80471	0.0900177	0.0520592	0.377537	0.278804	0.163191	0.17348	2.48103	0.166591	0.646686
2570000	-35.31415	0	-35.31415	0.4211	0.0915025	0.216927	0.13896	0.117716	0.149449	1.82579	1.10237	0.351735
2580000	-11.86535	0	-11.86535	0.110856	0.134631	0.139544	0.39908	0.124488	0.116816	5.22878	0.123869	1.57688
2590000	-18.14564	0	-18.14564	0.35054	0.181353	0.213944	0.201987	0.102599	0.162309	4.49113	0.46394	1.25349
2600000	-21.54394	0	-21.54394	0.081784	0.13353	0.205563	0.334296	0.238483	0.0960692	3.4643	1.39383	1.68691
2610000	-20.88755	0	-20.88755	0.165263	0.211376	0.186133	0.296756	0.117273	0.177081	3.66488	2.01867	0.929448
2620000	-20.68881	0	-20.68881	0.244031	0.095847	0.199514	0.234468	0.113766	0.316344	3.49844	4.89109	3.202
2630000	-18.61027	0	-18.61027	0.220141	0.154202	0.276527	0.433693	0.0862159	0.0623852	1.82044	1.21027	2.21831
2640000	-32.97602	0	-32.97602	0.100549	0.0559051	0.298537	0.229932	0.107968	0.471808	1.98958	0.401297	1.49607
2650000	-17.95294	0	-17.95294	0.171671	0.120876	0.112132	0.303889	0.282746	0.101732	3.68877	2.24806	1.66443
2660000	-25.86482	0	-25.86482	0.130121	0.0730794	0.273748	0.332064	0.0311784	0.0892129	1.39292	0.154147	1.73609
2670000	-28.33955	0	-28.33955	0.323712	0.105069	0.297176	0.494679	0.130416	0.111022	3.48598	0.116845	1.04572
2680000	-25.07701	0	-25.07701	0.196981	0.0981145	0.188034	0.350001	0.154144	0.113293	1.1677	0.684509	2.78862
2690000	-31.42718	0	-31.42718	0.108963	0.079571	0.211967	0.334733	0.235481	0.161803	2.02948	0.115246	0.623648
2700000	-16.87277	0	-16.87277	0.272712	0.0920342	0.271102	0.271117	0.0599977	0.0726594	3.7918	1.3861	1.70306
2710000	-21.24978	0	-21.24978	0.280246	0.079701	0.500817	0.337441	0.226561	0.0386757	4.48516	0.347476	2.23595
2720000	-29.27018	0	-29.27018	0.27586	0.0593307	0.355145	0.316335	0.0554548	0.141853	2.93161	0.0304045	2.00291
2730000	-23.69058	0	-23.69058	0.091605	0.112239	0.241289	0.423029	0.182323	0.127725	2.73486	1.07835	1.20844
2740000	-22.54738	0	-22.54738	0.189651	0.0869601	0.412765	0.231205	0.0843165	0.116157	1.83407	1.52688	3.56855
2750000	-30.04549	0	-30.04549	0.161402	0.171149	0.136969	0.145343	0.071267	0.147156	0.987323	0.462691	0.632405
2760000	-21.6232	0	-21.6232	0.225671	0.108572	0.225828	0.237392	0.109971	0.0939134	3.8473	0.0954159	0.643546
2770000	-28.02492	0	-28.02492	0.13976	0.106011	0.524772	0.33574	0.158679	0.110712	2.17477	3.62601	1.99904
2780000	-20.77843	0	-20.77843	0.177627	0.109123	0.499797	0.299356	0.0857889	0.151188	3.35642	1.15801	1.54622
2790000	-19.3753	0	-19.3753	0.312543	0.0993897	0.33023	0.143813	0.192551	0.12927	3.64672	0.83363	1.09094
2800000	-23.08726	0	-23.08726	0.15258	0.0761449	0.119411	0.252975	0.0738352	0.0311405	6.42096	2.09254	2.34992
2810000	-21.56913	0	-21.56913	0.229033	0.0742998	0.192259	0.205174	0.0921199	0.060496	5.10002	1.94828	0.958872
2820000	-24.24259	0	-24.24259	0.120735	0.10937	0.191311	0.322411	0.156742	0.0702768	1.38759	1.55755	1.57044
2830000	-30.72117	0	-30.72117	0.219521	0.168678	0.339579	0.294039	0.152362	0.0961496	1.59414	0.214202	0.170927
2840000	-23.34366	0	-23.34366	0.227314	0.187859	0.101988	0.272452	0.0796106	0.261911	3.49631	0.57919	3.73975
2850000	-26.0258	0	-26.0258	0.19378	0.176633	0.173849	0.306395	0.237497	0.0484585	3.80679	1.51356	0.541809
2860000	-21.96764	0	-21.96764	0.0641699	0.160571	0.39261	0.0793369	0.106437	0.146991	2.50182	1.26274	2.80082
2870000	-19.69145	0	-19.69145	0.162716	0.293397	0.1236	0.288894	0.0936105	0.134146	7.38538	1.02871	0.849206
2880000	-19.58158	0	-19.58158	0.120244	0.0784849	0.467991	0.328418	0.0750501	0.0611858	3.80406	1.23537	1.7238
2890000	-27.45031	0	-27.45031	0.190289	0.0762711	0.736851	0.355008	0.163972	0.118233	3.18602	0.446035	0.755636
2900000	-27.46529	0	-27.46529	0.674738	0.160909	0.37892	0.240749	0.165469	0.15791	2.85059	0.460263	1.97467
2910000	-17.92218	0	-17.92218	0.244323	0.122279	0.157322	0.374694	0.125051	0.148451	3.87156	0.531565	1.47938
2920000	-23.9938	0	-23.9938	0.244621	0.162716	0.369752	0.289727	0.087766	0.156896	5.10738	0.276068	0.619727
2930000	-30.82058	0	-30.82058	0.36983	0.125525	0.150851	0.390571	0.105025	0.20288	3.47052	0.0385719	0.613626
2940000	-30.84513	0	-30.84513	0.196978	0.113666	0.277879	0.516517	0.131153	0.086789	1.39486	0.181758	0.438047
2950000	-19.73461	0	-19.73461	0.421144	0.10401	0.11861	0.377549	0.119726	0.0675569	4.9739	1.55793	3.46122
2960000	-23.52679	0	-23.52679	0.159182	0.109193	0.150549	0.270833	0.135717	0.170051	3.02537	0.667578	0.155733
2970000	-30.64825	0	-30.64825	0.0596493	0.25759	0.201356	0.36452	0.139245	0.0666683	0.9746	0.171686	0.39794
2980000	-24.63782	0	-24.63782	0.116905	0.0597223	0.206498	0.124457	0.183108	0.0651898	2.3446	0.852052	1.10169
2990000	-28.51321	0	-28.51321	0.13966	0.0990612	0.185197	0.178812	0.141423	0.157503	1.75251	0.353686	1.01812
3000000	-19.50044	0	-19.50044	0.171297	0.136753	0.137619	0.188598	0.118435	0.180759	3.3937	0.802114	1.29644
3010000	-21.64568	0	-21.64568	0.112162	0.194817	0.226739	0.119994	0.128573	0.0967856	3.22593	1.11295	0.852732
3020000	-30.72533	0	-30.72533	0.270455	0.114713	0.140027	0.49672	0.0971405	0.0632848	1.39114	0.864342	0.504137
3030000	-20.78862	0	-20.78862	0.276118	0.160228	0.228896	0.161838	0.0981567	0.183748	3.18325	0.429072	0.915644
3040000	-23.60589	0	-23.60589	0.0922036	0.284203	0.170888	0.423418	0.203295	0.109544	2.889	3.29776	1.92373
3050000	-20.73087	0	-20.73087	0.11042	0.101636	0.251658	0.46606	0.176842	0.135289	3.10113	0.97055	1.46827
3060000	-18.47453	0	-18.47453	0.151149	0.0570536	0.212463	0.136861	0.0735888	0.124843	3.59238	4.01707	1.02701
3070000	-37.55707	0	-37.55707	0.0535903	0.0788515	0.229381	0.124486	0.0546053	0.13633	0.887693	0.0638462	0.224453
3080000	-24.63615	0	-24.63615	0.26011	0.104329	0.126841	0.263977	0.0295707	0.0766647	2.88875	0.532751	2.02605
3090000	-15.27144	0	-15.27144	0.124147	0.18716	0.182894	0.240308	0.139061	0.0974375	3.15734	0.79487	0.670858
3100000	-15.20051	0	-15.20051	0.184406	0.0718522	0.200108	0.209235	0.141031	0.102293	4.72712	0.336711	0.968624
3110000	-26.08345	0	-26.08345	0.14469	0.124046	0.142476	0.154966	0.14521	0.107928	1.50436	2.00082	2.63961
3120000	-23.49583	0	-23.49583	0.208239	0.165723	0.183268	0.363935	0.187014	0.0829301	4.6476	1.05433	1.49987
3130000	-21.9965	0	-21.9965	0.130092	0.107853	0.167474	0.253848	0.0997792	0.088963	4.26957	3.25497	0.624026
3140000	-22.39264	0	-22.39264	0.0753349	0.163535	0.253153	0.188272	0.139027	0.0937003	3.61754	0.337921	1.57104
3150000	-19.7517	0	-19.7517	0.22782	0.0894111	0.156023	0.246152	0.210259	0.1794	1.72179	0.815138	0.772523
3160000	-17.62305	0	-17.62305	0.132206	0.118659	0.165395	0.174736	0.206488	0.118884	3.42531	2.84016	1.464
3170000	-28.27471	0	-28.27471	0.117919	0.0551709	0.103921	0.612388	0.213588	0.0720176	3.44087	0.127982	1.8987
3180000	-27.7658	0	-27.7658	0.122402	0.0952633	0.155667	0.348502	0.417611	0.119288	2.51041	1.32043	0.686635
3190000	-21.30643	0	-21.30643	0.10222	0.121009	0.177126	0.390402	0.167727	0.0673996	3.31107	0.194709	0.343225
3200000	-24.72128	0	-24.72128	0.19029	0.175063	0.268463	0.123944	0.121826	0.302781	2.72708	0.329959	0.701581
3210000	-17.63028	0	-17.63028	0.151656	0.16321	0.263541	0.158119	0.133728	0.089356	5.61386	0.26831	0.508707
3220000	-26.72337	0	-26.72337	0.199524	0.0894357	0.193503	0.328152	0.0806381	0.138031	2.63892	0.884612	1.1359
3230000	-28.30039	0	-28.30039	0.131563	0.116116	0.128778	0.254254	0.101413	0.0329341	2.32706	0.677995	0.296522
3240000	-27.77701	0	-27.77701	0.278891	0.0901073	0.336848	0.200334	0.12167	0.135415	2.80449	0.472625	2.07897
3250000	-19.86164	0	-19.86164	0.182633	0.103244	0.361863	0.153817	0.182486	0.0812078	4.81174	0.375719	0.473282
3260000	-24.38484	0	-24.38484	0.0943796	0.0399193	0.286102	0.224176	0.199335	0.421939	2.74694	0.817999	1.7032
3270000	-19.03152	0	-19.03152	0.0977774	0.150489	0.18116	0.369826	0.143883	0.0677851	3.25138	2.21784	0.947521
3280000	-23.50467	0	-23.50467	0.125539	0.118894	0.112073	0.253003	0.223767	0.0600074	3.19866	1.6358	1.25992
3290000	-15.49942	0	-15.49942	0.229546	0.192907	0.17452	0.297894	0.144375	0.208102	5.59062	0.416749	0.643032
3300000	-33.74741	0	-33.74741	0.146641	0.249944	0.243771	0.360674	0.148318	0.0277892	1.12052	0.558117	1.39379
3310000	-18.82244	0	-18.82244	0.147962	0.0831322	0.145231	0.263259	0.100287	0.188204	3.82361	0.605218	1.29825
3320000	-32.93036	0	-32.93036	0.114975	0.0428751	0.15241	0.335177	0.166232	0.13763	3.03603	0.157419	0.182699
3330000	-29.56097	0	-29.56097	0.16116	0.0487113	0.183179	0.246839	0.213074	0.184064	1.76042	0.443393	0.677006
3340000	-23.05134	0	-23.05134	0.174137	0.135578	0.268207	0.114492	0.100497	0.0791778	6.48342	0.414578	2.36716
3350000	-8.328049	0	-8.328049	0.180452	0.130798	0.129272	0.425394	0.13076	0.148787	6.6685	2.91079	2.40097
3360000	-26.62977	0	-26.62977	0.120642	0.289129	0.263208	0.279241	0.140503	0.232778	1.77431	0.293352	3.65988
3370000	-20.61752	0	-20.61752	0.191781	0.0571338	0.164349	0.340123	0.187442	0.0950226	2.83795	0.453213	0.359317
3380000	-20.42766	0	-20.42766	0.0992691	0.0909757	0.383842	0.250072	0.207933	0.195616	3.12323	0.551461	0.649414
3390000	-38.8834	0	-38.8834	0.156	0.132349	0.284009	0.375035	0.183453	0.084796	1.25345	0.171804	0.307561
3400000	-21.80686	0	-21.80686	0.115145	0.205228	0.255566	0.391014	0.0858752	0.258682	5.31476	0.400366	1.28909
3410000	-25.52974	0	-25.52974	0.265263	0.0673405	0.301994	0.249718	0.2501	0.0567514	2.13829	0.440356	0.84765
3420000	-26.67133	0	-26.67133	0.0834685	0.082731	0.21425	0.266144	0.149389	0.264431	2.38054	2.15764	0.760125
3430000	-24.40895	0	-24.40895	0.200129	0.0899331	0.363061	0.345361	0.139993	0.0827005	2.81588	0.12003	4.54568
3440000	-29.52573	0	-29.52573	0.178879	0.137764	0.184392	0.520318	0.204135	0.0897377	2.28149	3.16506	2.34951
3450000	-26.88858	0	-26.88858	0.253803	0.331315	0.145944	0.343207	0.125376	0.113536	4.47772	0.72881	6.6884
3460000	-22.68535	0	-22.68535	0.387413	0.0660547	0.294948	0.299273	0.220879	0.153365	3.69159	0.628486	1.98241
3470000	-18.19697	0	-18.19697	0.100099	0.0875358	0.222657	0.244762	0.0992049	0.100334	3.33574	0.0647598	2.41895
3480000	-18.77091	0	-18.77091	0.161929	0.150963	0.119804	0.522829	0.0881493	0.0556934	4.3036	1.6371	1.06213
3490000	-28.04722	0	-28.04722	0.151903	0.123176	0.265222	0.196965	0.150132	0.131684	1.39457	0.532125	0.807324
3500000	-33.30963	0	-33.30963	0.228156	0.0490257	0.30493	0.241424	0.0950783	0.119238	1.95322	0.18937	0.246886
3510000	-28.20872	0	-28.20872	0.111922	0.171567	0.27077	0.13421	0.0653121	0.190985	1.78159	0.892025	3.34935
3520000	-19.5698	0	-19.5698	0.216037	0.07796	0.226541	0.165327	0.18872	0.0640638	3.65745	0.504121	1.79228
3530000	-36.15341	0	-36.15341	0.133488	0.123691	0.272092	0.125934	0.0768225	0.159283	0.828457	0.0315235	0.188397
3540000	-27.92324	0	-27.92324	0.226635	0.0946178	0.260226	0.129466	0.162083	0.169631	2.78345	3.94939	0.385127
3550000	-21.70531	0	-21.70531	0.236263	0.0860151	0.358344	0.299336	0.152372	0.194748	3.74647	0.502258	1.30944
3560000	-25.63607	0	-25.63607	0.143043	0.0506989	0.17277	0.251346	0.153686	0.129333	2.95144	0.580529	0.378312
3570000	-23.04858	0	-23.04858	0.107945	0.17201	0.298681	0.280434	0.103665	0.0925382	1.8495	0.560843	1.25328
3580000	-20.12212	0	-20.12212	0.0837916	0.0880835	0.0985078	0.158303	0.126093	0.126347	3.43093	1.14756	0.886518
3590000	-30.97634	0	-30.97634	0.0592187	0.2407	0.415987	0.4726	0.152941	0.0577743	1.46567	0.111232	0.719145
3600000	-26.97306	0	-26.97306	0.170952	0.10774	0.497249	0.26044	0.124691	0.0657071	1.31312	0.197194	2.86345
3610000	-25.16956	0	-25.16956	0.341566	0.0796917	0.625316	0.360693	0.0867847	0.11465	4.81234	0.132703	4.14434
3620000	-22.15894	0	-22.15894	0.195075	0.115913	0.296335	0.330065	0.115192	0.150368	2.92223	0.0581209	1.23854
3630000	-20.75784	0	-20.75784	0.0861984	0.0975269	0.4138	0.49036	0.218454	0.0513296	3.67207	0.194787	1.91176
3640000	-26.2003	0	-26.2003	0.122078	0.138609	0.0482057	0.304868	0.0671185	0.184797	4.19845	0.767112	0.89848
3650000	-16.78576	0	-16.78576	0.0973914	0.0682398	0.115406	0.52414	0.0737314	0.108816	3.94797	0.31473	1.73987
3660000	-28.24341	0	-28.24341	0.188725	0.112431	0.146479	0.307925	0.309764	0.0463356	1.48714	0.52724	1.103
3670000	-23.20752	0	-23.20752	0.293373	0.0572624	0.444727	0.227481	0.115956	0.088557	3.70858	4.88455	2.13629
3680000	-23.69624	0	-23.69624	0.296396	0.268553	0.110523	0.280194	0.0873253	0.126466	3.95925	2.03249	2.06285
3690000	-16.10066	0	-16.10066	0.17977	0.1137	0.0925897	0.370871	0.195898	0.129866	4.31186	1.71211	1.06246
3700000	-24.9879	0	-24.9879	0.180687	0.212095	0.21272	0.286765	0.0881279	0.292487	3.914	0.343347	0.899356
3710000	-25.81325	0	-25.81325	0.258342	0.0391881	0.205446	0.253431	0.0913292	0.081729	2.55992	2.13124	0.7308
3720000	-27.44499	0	-27.44499	0.208593	0.119517	0.384988	0.466337	0.16249	0.136196	1.56583	0.107465	0.452858
3730000	-25.3738	0	-25.3738	0.264933	0.12228	0.373939	0.218096	0.104746	0.0525995	2.46585	0.256928	1.18745
3740000	-24.47111	0	-24.47111	0.0932929	0.126405	0.367449	0.348782	0.0802357	0.159475	2.30878	1.03682	1.12307
3750000	-29.33735	0	-29.33735	0.101888	0.0760878	0.194622	0.262098	0.111302	0.110042	3.37477	0.017218	0.5857
3760000	-22.23505	0	-22.23505	0.198925	0.139362	0.101273	0.152374	0.119519	0.0544001	2.76454	0.585651	0.433373
3770000	-24.14688	0	-24.14688	0.126185	0.142591	0.294885	0.282681	0.131043	0.0775575	1.9651	0.467139	0.677541
3780000	-24.26996	0	-24.26996	0.127171	0.107128	0.221268	0.226441	0.140369	0.0278558	4.43127	1.06188	1.32228
3790000	-28.12967	0	-28.12967	0.131449	0.229916	0.345032	0.441863	0.124557	0.29381	2.98981	0.230089	0.229159
3800000	-20.67272	0	-20.67272	0.178381	0.16818	0.455011	0.43902	0.0788252	0.0654324	3.50801	2.01892	0.680647
3810000	-26.15695	0	-26.15695	0.219764	0.0904422	0.367109	0.351095	0.285007	0.0704616	1.914	0.80497	3.26173
3820000	-15.9794	0	-15.9794	0.109918	0.101154	0.265016	0.212419	0.146408	0.142	4.6849	0.118743	3.24639
3830000	-15.66337	0	-15.66337	0.177713	0.119826	0.174548	0.217682	0.221116	0.112647	3.8921	0.875587	3.68675
3840000	-31.39679	0	-31.39679	0.057617	0.144832	0.113917	0.218425	0.227814	0.120378	3.32768	0.224296	1.46041
3850000	-26.50523	0	-26.50523	0.15436	0.23155	0.379543	0.36173	0.180147	0.0835156	2.33449	0.64224	1.8663
3860000	-28.58398	0	-28.58398	0.116819	0.0554366	0.314226	0.144414	0.152557	0.116069	1.91417	0.562813	2.14598
3870000	-32.86885	0	-32.86885	0.12972	0.313797	0.388315	0.328806	0.205976	0.133142	1.46814	0.692142	0.791423
3880000	-21.83443	0	-21.83443	0.228377	0.106304	0.134141	0.243888	0.0836908	0.0684074	1.96481	0.377206	1.46256
3890000	-14.16147	0	-14.16147	0.117149	0.120136	0.204227	0.481496	0.164813	0.0803161	5.47147	0.570626	1.25374
3900000	-22.60294	0	-22.60294	0.170508	0.169397	0.225014	0.2497	0.126368	0.22547	4.97143	0.47771	0.419301
3910000	-22.06638	0	-22.06638	0.297281	0.141088	0.24099	0.22785	0.323667	0.215129	4.48714	0.589319	0.504404
3920000	-23.891	0	-23.891	0.183034	0.164151	0.108855	0.428771	0.167685	0.0689683	6.13136	0.289381	1.10841
3930000	-22.65756	0	-22.65756	0.113441	0.0800455	0.154941	0.154213	0.223824	0.185027	3.55003	0.142297	1.76068
3940000	-25.4074	0	-25.4074	0.216349	0.244842	0.232016	0.493411	0.124919	0.24116	2.09481	1.17497	2.87602
3950000	-22.08581	0	-22.08581	0.232561	0.117039	0.124953	0.364535	0.297751	0.076415	3.78192	0.466603	5.18457
3960000	-33.38623	0	-33.38623	0.180333	0.145287	0.336681	0.203135	0.0913711	0.0380387	1.93089	0.280236	0.422863
3970000	-18.06042	0	-18.06042	0.135902	0.129616	0.136383	0.190334	0.0558611	0.105579	2.36614	0.624367	0.474433
3980000	-26.6808	0	-26.6808	0.317618	0.120017	0.195215	0.338325	0.0666226	0.0561762	4.65485	0.286061	0.928164
3990000	-29.27096	0	-29.27096	0.289445	0.053624	0.188811	0.203741	0.119272	0.0443925	2.23989	0.0992809	0.978183
4000000	-24.92334	0	-24.92334	0.143653	0.0991517	0.239857	0.208607	0.144129	0.11922	3.86307	1.79003	0.518863
4010000	-20.67854	0	-20.67854	0.39211	0.107331	0.220147	0.388721	0.140057	0.0521493	2.53762	1.13979	2.79985
4020000	-21.88204	0	-21.88204	0.110506	0.190395	0.0809396	0.25289	0.117811	0.102542	2.46267	1.21839	1.47351
4030000	-19.27141	0	-19.27141	0.237719	0.132994	0.213141	0.435288	0.224615	0.210711	3.86466	3.39771	1.80582
4040000	-24.52649	0	-24.52649	0.19459	0.102634	0.222224	0.326541	0.212359	0.0925957	2.10188	0.110922	1.44613
4050000	-15.21028	0	-15.21028	0.145732	0.104402	0.25019	0.296972	0.098646	0.0761652	6.33784	2.36245	0.795047
4060000	-21.48594	0	-21.48594	0.183814	0.0717898	0.36973	0.21008	0.144396	0.198934	2.66804	0.498708	1.48938
4070000	-20.49332	0	-20.49332	0.125059	0.0981566	0.16048	0.249049	0.0503953	0.110114	2.56159	0.322207	1.91913
4080000	-20.24457	0	-20.24457	0.106486	0.171519	0.1979	0.298225	0.128749	0.129377	1.21985	2.94116	1.85425
4090000	-19.41923	0	-19.41923	0.228048	0.0397809	0.381643	0.257853	0.127402	0.114809	2.74144	2.80595	2.17577
4100000	-13.26052	0	-13.26052	0.0779271	0.0828167	0.223558	0.301721	0.096083	0.0732665	5.68627	1.45149	1.95394
4110000	-25.16142	0	-25.16142	0.268221	0.0648078	0.347824	0.390396	0.165333	0.303702	6.46482	2.35912	1.4705
4120000	-26.78821	0	-26.78821	0.10098	0.10195	0.413006	0.324635	0.309693	0.166937	2.02034	1.09522	1.55899
4130000	-18.31603	0	-18.31603	0.242612	0.0664364	0.229816	0.3889	0.0566303	0.177169	5.68714	0.532238	1.82619
4140000	-28.76624	0	-28.76624	0.129934	0.0757589	0.100907	0.155039	0.142772	0.113569	1.91734	0.989594	0.6886
4150000	-18.1696	0	-18.1696	0.133205	0.077852	0.13101	0.257565	0.139067	0.124509	1.71238	1.88714	1.68292
4160000	-33.82968	0	-33.82968	0.13552	0.316411	0.294327	0.105116	0.0365712	0.0628108	2.38758	0.683421	2.00831
4170000	-18.22234	0	-18.22234	0.163833	0.164199	0.253404	0.281859	0.176655	0.0902529	3.07448	0.609963	0.521025
4180000	-24.06496	0	-24.06496	0.276766	0.0996658	0.147844	0.317755	0.0855746	0.141013	2.25391	0.406285	0.542325
4190000	-24.5305	0	-24.5305	0.132941	0.158918	0.167742	0.296304	0.158603	0.200356	1.44621	0.535121	1.24151
4200000	-16.79937	0	-16.79937	0.120684	0.0801818	0.110623	0.335221	0.176866	0.110249	3.31334	0.252097	2.0635
4210000	-25.90256	0	-25.90256	0.105138	0.245363	0.230649	0.219776	0.143643	0.0549803	3.51553	0.921788	0.466455
4220000	-23.61459	0	-23.61459	0.0735695	0.142681	0.101775	0.258188	0.0507713	0.0556526	2.85955	0.070787	1.56461
4230000	-30.98982	0	-30.98982	0.071672	0.136871	0.209665	0.475958	0.0584366	0.120692	1.44791	0.347862	2.43335
4240000	-31.96618	0	-31.96618	0.0833518	0.147679	0.241739	0.398168	0.0375386	0.135848	1.7348	0.477769	1.76058
4250000	-27.21687	0	-27.21687	0.119043	0.157185	0.203406	0.269639	0.16765	0.0669107	2.07787	0.589242	1.37992
4260000	-23.09261	0	-23.09261	0.206258	0.09894	0.223008	0.420267	0.166201	0.141121	5.54459	1.12139	0.702516
4270000	-18.54582	0	-18.54582	0.251413	0.0549187	0.182348	0.235792	0.336655	0.0500834	5.13678	0.127699	2.00873
4280000	-29.09069	0	-29.09069	0.187834	0.173426	0.143525	0.177366	0.0651497	0.130986	1.6677	0.22331	0.30581
4290000	-19.81296	0	-19.81296	0.163945	0.0875	0.436566	0.228432	0.131791	0.0704935	4.94891	0.112668	1.19472
4300000	-26.12239	0	-26.12239	0.199595	0.116897	0.307909	0.507957	0.10617	0.12994	1.6658	0.144787	1.79408
4310000	-21.93645	0	-21.93645	0.160579	0.0866858	0.198348	0.371246	0.079338	0.114315	3.77073	0.650698	3.37555
4320000	-23.7191	0	-23.7191	0.102275	0.194487	0.172494	0.293043	0.0922794	0.106565	4.78822	0.261248	0.644479
4330000	-31.25094	0	-31.25094	0.191194	0.074127	0.159586	0.164186	0.122935	0.131319	1.9393	0.465199	0.513377
4340000	-19.55041	0	-19.55041	0.0844829	0.0980463	0.117083	0.369349	0.0864871	0.0883896	4.17313	1.33685	1.12981
4350000	-24.38525	0	-24.38525	0.0840721	0.16461	0.148684	0.358076	0.10653	0.119021	2.96547	0.908714	0.356732
4360000	-20.08551	0	-20.08551	0.160975	0.11341	0.204705	0.230192	0.0891197	0.158514	4.27403	3.5877	1.95758
4370000	-30.65092	0	-30.65092	0.189826	0.0626684	0.419309	0.242541	0.170761	0.289863	2.72427	2.54679	1.54435
4380000	-15.21424	0	-15.21424	0.185795	0.164045	0.127436	0.472668	0.197932	0.0545045	10.7289	1.45589	1.19063
4390000	-28.32217	0	-28.32217	0.178638	0.0617283	0.293131	0.12891	0.168189	0.163638	1.79917	0.225361	0.536478
4400000	-29.34602	0	-29.34602	0.0605606	0.242885	0.103264	0.459893	0.0981614	0.124795	2.88981	3.87603	2.10941
4410000	-19.35242	0	-19.35242	0.261169	0.189818	0.213933	0.316543	0.101116	0.159671	4.21762	0.987774	1.34223
4420000	-17.58905	0	-17.58905	0.112413	0.0471243	0.253108	0.317792	0.0711589	0.107936	3.64695	1.5271	2.24655
4430000	-19.39743	0	-19.39743	0.126289	0.0985363	0.195241	0.324557	0.107395	0.286069	4.72181	0.449306	4.54653
4440000	-24.45146	0	-24.45146	0.228039	0.0841321	0.141568	0.281205	0.186754	0.0820962	1.72031	0.144768	0.718292
4450000	-19.92252	0	-19.92252	0.209063	0.118329	0.345867	0.302088	0.185289	0.205224	2.8669	2.67688	1.08353
4460000	-16.77069	0	-16.77069	0.129191	0.114257	0.154175	0.332048	0.233556	0.111274	4.67818	3.32288	0.514089
4470000	-34.56162	0	-34.56162	0.125637	0.163599	0.137071	0.276962	0.0903067	0.0933234	1.81467	0.0448283	0.0792552
4480000	-25.02072	0	-25.02072	0.132782	0.109072	0.386107	0.210467	0.0732034	0.13644	2.82698	2.19383	0.143929
4490000	-22.09399	0	-22.09399	0.139957	0.0519118	0.424067	0.242138	0.104098	0.0787411	4.29415	1.26312	0.288254
4500000	-19.08465	0	-19.08465	0.187614	0.115091	0.207798	0.160437	0.0845328	0.0825387	2.91403	1.04987	3.02435
4510000	-25.74389	0	-25.74389	0.1288	0.0249383	0.160813	0.262999	0.241192	0.0851507	4.46015	0.164894	0.646906
4520000	-33.60879	0	-33.60879	0.124442	0.101454	0.169247	0.0903061	0.123101	0.111566	2.98114	0.523159	1.46888
4530000	-17.0921	0	-17.0921	0.107582	0.191859	0.179027	0.317602	0.146792	0.230933	4.90079	1.51392	2.66123
4540000	-21.9414	0	-21.9414	0.126236	0.0748975	0.401677	0.272705	0.141078	0.205264	4.14084	2.89799	1.74351
4550000	-22.56806	0	-22.56806	0.143972	0.0750064	0.186886	0.365821	0.111067	0.133966	1.88061	0.280635	1.47384
4560000	-20.8995	0	-20.8995	0.311248	0.0520535	0.211671	0.185107	0.137972	0.0976827	7.31199	0.568905	0.374584
4570000	-28.7017	0	-28.7017	0.175714	0.0437219	0.171241	0.353096	0.0855569	0.0911668	2.01003	0.31294	5.24432
4580000	-30.79789	0	-30.79789	0.301782	0.20966	0.138628	0.159282	0.165909	0.0599014	2.46108	2.08365	1.7047
4590000	-32.80681	0	-32.80681	0.166853	0.255408	0.216321	0.293352	0.167031	0.248269	3.08411	1.34356	0.429177
4600000	-18.68849	0	-18.68849	0.117687	0.115342	0.205816	0.245497	0.105206	0.0592811	1.59432	0.946574	2.83107
4610000	-28.86144	0	-28.86144	0.267153	0.114447	0.523562	0.211264	0.392322	0.224971	4.28148	2.14476	1.98883
4620000	-28.72133	0	-28.72133	0.167336	0.0935473	0.367998	0.39075	0.198589	0.126376	2.49087	1.45652	2.47513
4630000	-25.39152	0	-25.39152	0.298837	0.0982067	0.468612	0.290145	0.158463	0.0947005	2.05554	4.34466	6.7608
4640000	-21.63844	0	-21.63844	0.145516	0.11148	0.24464	0.19724	0.106049	0.105011	6.76863	0.451034	0.7941
4650000	-17.17092	0	-17.17092	0.165499	0.0775828	0.168168	0.179247	0.219197	0.0765164	4.41407	0.732947	1.46113
4660000	-15.26467	0	-15.26467	0.221908	0.0851395	0.171471	0.219939	0.1373	0.0466048	4.71741	0.217468	1.21754
4670000	-16.75693	0	-16.75693	0.264635	0.0604657	0.181487	0.422668	0.0761135	0.12914	4.13353	0.901948	3.35757
4680000	-23.87521	0	-23.87521	0.179414	0.143088	0.193756	0.169937	0.0765178	0.174188	2.6462	0.216022	0.268043
4690000	-27.82069	0	-27.82069	0.276137	0.0947529	0.352845	0.344504	0.214623	0.233681	3.30011	2.48451	1.92679
4700000	-26.76313	0	-26.76313	0.180308	0.0809813	0.257098	0.282119	0.145295	0.0499136	1.54613	0.362455	0.921681
4710000	-39.54775	0	-39.54775	0.117621	0.0853559	0.137825	0.334617	0.161535	0.0601831	1.07068	0.266059	0.0868623
4720000	-17.82341	0	-17.82341	0.244398	0.0697766	0.194371	0.112122	0.119709	0.218461	3.59768	1.49619	2.50659
4730000	-26.99563	0	-26.99563	0.0942074	0.182359	0.236063	0.320232	0.108669	0.148176	0.999008	0.122799	0.548376
4740000	-29.34229	0	-29.34229	0.0699285	0.188371	0.356895	0.206362	0.0576604	0.192726	6.78274	1.41234	2.07694
4750000	-12.21874	0	-12.21874	0.139652	0.106452	0.28772	0.179663	0.0974273	0.120431	4.31314	0.229511	1.9031
4760000	-15.61027	0	-15.61027	0.190808	0.111684	0.362784	0.447855	0.242058	0.0973911	4.3714	0.595105	1.05615
4770000	-30.03339	0	-30.03339	0.315978	0.122908	0.289751	0.147092	0.287875	0.0553608	3.34854	1.98396	3.80384
4780000	-41.74441	0	-41.74441	0.378048	0.19057	0.180856	0.624782	0.115042	0.0965042	1.64007	1.132	0.21644
4790000	-25.77842	0	-25.77842	0.112346	0.127116	0.235134	0.229136	0.143889	0.140637	2.10722	0.245256	6.69149
4800000	-25.10757	0	-25.10757	0.166384	0.114027	0.352048	0.410262	0.0654934	0.246912	6.37812	1.99191	2.55218
4810000	-28.95484	0	-28.95484	0.2889	0.246653	0.1517	0.185009	0.314657	0.179313	2.90466	0.49164	2.93749
4820000	-24.66412	0	-24.66412	0.112029	0.0934116	0.278486	0.279686	0.202339	0.143645	2.40352	0.580298	1.82438
4830000	-23.67741	0	-23.67741	0.0737565	0.161842	0.154235	0.16242	0.106265	0.14005	2.12668	1.21066	0.799221
4840000	-24.47751	0	-24.47751	0.19837	0.137791	0.251875	0.249475	0.0775403	0.126592	2.71809	2.8871	0.857762
4850000	-26.99008	0	-26.99008	0.0933955	0.279647	0.246541	0.205124	0.161053	0.118725	2.18641	1.35615	1.73328
4860000	-21.50555	0	-21.50555	0.139287	0.0955598	0.168524	0.504428	0.171865	0.11678	3.04085	0.221013	2.68658
4870000	-18.99943	0	-18.99943	0.265915	0.042998	0.214974	0.280933	0.118108	0.0862482	2.95576	1.87862	0.354956
4880000	-24.49269	0	-24.49269	0.143	0.0707701	0.417107	0.296854	0.150753	0.229237	2.86185	0.524094	2.69095
4890000	-19.29846	0	-19.29846	0.177578	0.229039	0.267733	0.233581	0.141817	0.05281	3.3633	0.896192	1.6183
4900000	-21.43638	0	-21.43638	0.361418	0.146224	0.150004	0.3858	0.151055	0.127523	2.2109	2.53081	2.487
4910000	-16.40484	0	-16.40484	0.176522	0.101026	0.253434	0.256343	0.141849	0.110017	3.86583	1.64924	2.91634
4920000	-26.08018	0	-26.08018	0.0894016	0.253776	0.353281	0.294404	0.082278	0.128379	2.81879	0.8944	0.912745
4930000	-19.05133	0	-19.05133	0.118152	0.0418886	0.269527	0.269185	0.0982663	0.0647047	2.59513	1.13194	1.2909
4940000	-21.29768	0	-21.29768	0.330194	0.18665	0.1672	0.279539	0.123325	0.0381815	4.95622	1.17336	0.942525
4950000	-20.56006	0	-20.56006	0.141758	0.0946184	0.126793	0.268785	0.115044	0.0592582	3.52272	1.76878	1.48261
4960000	-30.28233	0	-30.28233	0.186401	0.0940661	0.284979	0.471458	0.0431763	0.163558	2.15286	0.924006	1.38887
4970000	-31.72809	0	-31.72809	0.23633	0.147799	0.101716	0.191756	0.162125	0.0826514	2.92485	3.12451	0.0904834
4980000	-27.41173	0	-27.41173	0.163424	0.121404	0.34122	0.362141	0.321059	0.116665	3.68836	1.81101	0.902486
4990000	-17.17821	0	-17.17821	0.132838	0.146053	0.175313	0.271226	0.159845	0.114091	2.97581	0.232704	1.94165
5000000	-17.6893	0	-17.6893	0.278072	0.333309	0.231627	0.236635	0.0847578	0.0507023	7.39931	2.87238	0.943408
