Iteration	Posterior	Likelihood	Prior	lambda[1]	lambda[2]	lambda[3]	mu[1]	mu[2]	mu[3]	psi[1]	psi[2]	psi[3]
0	-205.7714	0	-205.7714	0.0658864	0.300233	0.259799	0.138871	0.138073	0.0613028	0.571156	2.53396	0.0575061
10000	-80.94202	0	-80.94202	0.132427	0.0407826	0.237474	0.324826	0.026069	0.0755894	3.31874	0.219732	0.0499508
20000	-63.75839	0	-63.75839	0.0793198	0.148688	0.226652	0.335739	0.130671	0.0782205	5.88193	0.228371	0.439497
30000	-38.54221	0	-38.54221	0.221765	0.122551	0.149792	0.242967	0.0629807	0.0871391	6.76133	1.69254	2.0815
40000	-67.07995	0	-67.07995	0.142898	0.0904318	0.313059	0.252492	0.123319	0.0504438	3.66831	0.149381	0.547509
50000	-56.55751	0	-56.55751	0.145271	0.175551	0.196853	0.305953	0.133731	0.140772	7.18046	0.512241	0.554815
60000	-60.10649	0	-60.10649	0.121558	0.10736	0.0854001	0.333956	0.113304	0.0627291	3.37944	1.00399	0.349806
70000	-50.15557	0	-50.15557	0.1299	0.183584	0.319324	0.225493	0.139453	0.121379	3.4769	2.21619	1.69021
80000	-50.74114	0	-50.74114	0.222744	0.141226	0.224365	0.261261	0.076971	0.0746548	2.52415	2.1387	1.19028
90000	-56.22778	0	-56.22778	0.146217	0.081814	0.246852	0.307294	0.0750525	0.100616	5.76688	1.07011	1.02838
100000	-57.68686	0	-57.68686	0.108571	0.21224	0.301485	0.220257	0.0426179	0.119178	5.6251	0.988915	0.188713
110000	-52.13739	0	-52.13739	0.133499	0.227846	0.364291	0.277553	0.0544619	0.0803062	10.8989	2.77986	0.648323
120000	-49.8343	0	-49.8343	0.136472	0.136347	0.282145	0.290461	0.122121	0.102145	8.55165	0.780569	1.34635
130000	-56.53768	0	-56.53768	0.114894	0.144661	0.231161	0.235027	0.0966063	0.123934	2.86381	1.44367	0.725561
140000	-47.95545	0	-47.95545	0.0875389	0.190982	0.329648	0.21268	0.0598075	0.191614	6.08436	0.742717	1.00048
150000	-54.53514	0	-54.53514	0.16982	0.270364	0.205336	0.189532	0.0872368	0.149711	4.45924	0.79471	0.878101
160000	-56.17501	0	-56.17501	0.170288	0.220095	0.175653	0.287899	0.134922	0.0807061	4.42949	1.05828	0.303791
170000	-53.48966	0	-53.48966	0.156604	0.127072	0.157664	0.365212	0.110032	0.114316	6.01998	0.627083	1.71826
180000	-52.13758	0	-52.13758	0.100987	0.100512	0.391258	0.255253	0.0699157	0.136403	10.8877	0.492645	0.646027
190000	-43.57935	0	-43.57935	0.15334	0.21701	0.286286	0.220476	0.113669	0.0734784	3.12657	2.54829	2.0901
200000	-45.50474	0	-45.50474	0.0884779	0.177845	0.299136	0.248152	0.122705	0.107744	8.0354	1.33897	0.724644
210000	-49.21276	0	-49.21276	0.206418	0.0655694	0.281358	0.218569	0.0766864	0.126762	9.29789	0.443475	0.418188
220000	-57.68467	0	-57.68467	0.0989565	0.206515	0.119857	0.26128	0.093951	0.112615	3.69891	0.642039	0.37155
230000	-37.69429	0	-37.69429	0.164946	0.171175	0.287938	0.326156	0.0635963	0.116792	7.07878	1.36492	1.53335
240000	-45.44817	0	-45.44817	0.121596	0.226515	0.398463	0.244463	0.0429105	0.0862743	6.94025	1.14172	2.80033
250000	-41.85438	0	-41.85438	0.125436	0.156466	0.186317	0.238386	0.146396	0.144415	5.52658	1.80839	0.633225
260000	-71.18849	0	-71.18849	0.154453	0.178685	0.239244	0.277269	0.0856099	0.18412	3.16226	0.841804	0.808297
270000	-52.66947	0	-52.66947	0.0816967	0.122326	0.391243	0.297555	0.0559404	0.082492	7.65003	2.76841	1.19026
280000	-42.468	0	-42.468	0.107367	0.127884	0.17372	0.181449	0.110927	0.172249	8.031	1.40074	2.51281
290000	-59.11658	0	-59.11658	0.175167	0.130375	0.124763	0.290466	0.140666	0.0947811	6.09497	1.33635	0.411254
300000	-41.68818	0	-41.68818	0.190623	0.132927	0.104716	0.211616	0.0878157	0.125096	7.26448	0.839654	1.12877
310000	-62.28261	0	-62.28261	0.139555	0.14172	0.237102	0.29145	0.110591	0.0809598	5.2322	0.321078	0.664582
320000	-52.8731	0	-52.8731	0.0931175	0.234723	0.173839	0.284593	0.0495973	0.158532	7.11754	0.73095	0.67785
330000	-42.57222	0	-42.57222	0.178239	0.116685	0.116826	0.342382	0.109317	0.0555401	8.03099	0.783726	2.26421
340000	-52.14713	0	-52.14713	0.184583	0.0829833	0.127776	0.156018	0.116774	0.126082	6.88147	1.77403	0.434809
350000	-53.19268	0	-53.19268	0.0948436	0.210131	0.302212	0.243275	0.141014	0.105342	5.01879	3.6839	1.00684
360000	-52.93141	0	-52.93141	0.0793413	0.183149	0.15525	0.412092	0.117047	0.101918	4.04382	0.371399	0.833825
370000	-52.33262	0	-52.33262	0.10528	0.143415	0.137987	0.246641	0.0758298	0.140782	7.54431	2.03354	0.470687
380000	-49.92359	0	-49.92359	0.150948	0.201742	0.191748	0.452475	0.0857624	0.0493392	5.24748	1.73924	1.44013
390000	-62.35303	0	-62.35303	0.11436	0.155989	0.245926	0.273805	0.0699373	0.227129	5.02969	1.15477	1.744
400000	-49.42729	0	-49.42729	0.167882	0.189998	0.111247	0.253009	0.110115	0.0941636	7.74489	0.844223	0.698743
410000	-54.00975	0	-54.00975	0.12649	0.199521	0.196721	0.314524	0.11645	0.148125	3.93628	3.00675	1.09629
420000	-55.70989	0	-55.70989	0.360019	0.195075	0.322519	0.276264	0.0709863	0.120355	6.58664	0.725584	1.73141
430000	-63.88573	0	-63.88573	0.162938	0.0783329	0.148592	0.218094	0.149528	0.0784466	6.48553	0.351356	0.172308
440000	-55.10479	0	-55.10479	0.10702	0.176623	0.236781	0.332661	0.0776023	0.0614908	3.18811	2.30787	1.0874
450000	-65.68539	0	-65.68539	0.0965758	0.158306	0.32836	0.218124	0.107201	0.152192	3.63133	0.231269	0.649236
460000	-53.1172	0	-53.1172	0.133596	0.221473	0.256382	0.345037	0.078398	0.100955	8.23736	0.615723	0.151141
470000	-58.95667	0	-58.95667	0.104544	0.212009	0.147903	0.215473	0.0721583	0.111397	5.0937	1.02203	0.266438
480000	-51.10785	0	-51.10785	0.156648	0.207351	0.216825	0.331184	0.0644772	0.103076	3.04495	3.80466	2.16028
490000	-55.68618	0	-55.68618	0.197909	0.224573	0.124879	0.21784	0.102793	0.260258	3.47221	0.550784	2.44315
500000	-59.88209	0	-59.88209	0.133644	0.136796	0.419443	0.310046	0.0802559	0.0589865	4.62395	0.947064	3.25505
510000	-61.44991	0	-61.44991	0.17326	0.14071	0.198014	0.244906	0.173419	0.0802048	5.33751	0.571632	0.436101
520000	-41.2708	0	-41.2708	0.13888	0.128823	0.0984515	0.303671	0.0635576	0.054293	7.846	0.758822	0.662207
530000	-67.10908	0	-67.10908	0.0631507	0.0761767	0.225346	0.265601	0.116252	0.0778732	4.51088	0.212015	0.215815
540000	-45.5664	0	-45.5664	0.146225	0.15877	0.242899	0.402088	0.0911285	0.102833	4.93367	0.716018	0.964077
550000	-61.85821	0	-61.85821	0.180056	0.121776	0.169436	0.276585	0.0960485	0.070658	2.52686	0.954614	0.895686
560000	-53.22116	0	-53.22116	0.196117	0.127024	0.217993	0.357275	0.0621447	0.164511	3.64504	1.4872	1.05464
570000	-62.86981	0	-62.86981	0.0756058	0.167015	0.190176	0.3124	0.0999858	0.223951	5.10383	0.49755	0.376473
580000	-53.27895	0	-53.27895	0.205884	0.115374	0.166016	0.30579	0.0941485	0.0772573	6.08788	0.927509	0.645006
590000	-51.61566	0	-51.61566	0.107162	0.122813	0.261711	0.304193	0.0942086	0.0927667	3.36626	1.13131	0.976344
600000	-49.39302	0	-49.39302	0.158112	0.152863	0.111933	0.359507	0.0454118	0.0656208	5.12012	1.60016	1.31086
610000	-56.715	0	-56.715	0.197014	0.214897	0.206716	0.288473	0.0715673	0.132567	4.74454	2.2712	0.749377
620000	-56.24359	0	-56.24359	0.103281	0.16701	0.333879	0.227602	0.103672	0.0992794	4.25256	0.655149	0.950112
630000	-62.07669	0	-62.07669	0.115012	0.181862	0.243707	0.181518	0.0738471	0.143031	4.15727	4.69464	1.19983
640000	-37.27912	0	-37.27912	0.148049	0.156335	0.14022	0.283648	0.0483208	0.0976046	7.53739	1.06986	1.05914
650000	-41.67155	0	-41.67155	0.259883	0.240126	0.427454	0.194204	0.0699072	0.208175	8.24483	1.30737	0.868098
660000	-40.89438	0	-40.89438	0.10178	0.184865	0.266615	0.280595	0.0866126	0.100086	4.73644	3.0612	0.442804
670000	-63.92303	0	-63.92303	0.113696	0.12651	0.163915	0.342838	0.0917143	0.0576989	3.14187	1.75806	0.861298
680000	-58.59468	0	-58.59468	0.131158	0.142067	0.141359	0.174789	0.0555728	0.0993093	3.37409	2.51811	0.284699
690000	-43.0803	0	-43.0803	0.158625	0.189125	0.132545	0.316379	0.0697887	0.0915639	4.3695	2.09409	1.4115
700000	-64.6608	0	-64.6608	0.128823	0.331105	0.105135	0.195776	0.110169	0.0445648	4.03416	2.96332	0.231075
710000	-69.69406	0	-69.69406	0.101388	0.113627	0.128987	0.197646	0.0766376	0.0917958	4.45198	0.251167	0.124855
720000	-39.5487	0	-39.5487	0.176517	0.202365	0.242176	0.252787	0.0760502	0.043838	7.96839	0.657867	0.54224
730000	-62.75319	0	-62.75319	0.151144	0.234271	0.423348	0.313637	0.0910754	0.160372	4.04966	1.14223	0.242754
740000	-62.99668	0	-62.99668	0.119158	0.0734466	0.157531	0.316274	0.153928	0.170857	7.80991	0.199033	0.339386
750000	-61.47311	0	-61.47311	0.14148	0.131173	0.253284	0.315813	0.0773107	0.179748	5.24301	1.60521	0.428149
760000	-44.46756	0	-44.46756	0.18969	0.183619	0.289118	0.249129	0.116406	0.130337	8.26861	1.64022	0.627647
770000	-52.922	0	-52.922	0.124099	0.223985	0.277742	0.299284	0.0658542	0.0667649	6.32225	2.05572	0.373668
780000	-63.3525	0	-63.3525	0.146223	0.170976	0.135518	0.307945	0.0592799	0.0630701	3.80878	0.547707	0.177709
790000	-51.57985	0	-51.57985	0.190865	0.0801134	0.314364	0.175587	0.128916	0.147635	7.04057	0.506362	0.373471
800000	-44.18034	0	-44.18034	0.141834	0.0994274	0.171079	0.150896	0.0780171	0.0910163	7.31745	1.43391	0.841109
810000	-44.95693	0	-44.95693	0.122677	0.150817	0.15343	0.346012	0.0498977	0.128376	7.48432	2.64756	0.652467
820000	-45.58589	0	-45.58589	0.104729	0.208904	0.19981	0.336922	0.0798625	0.0296882	8.3444	1.71096	1.42371
830000	-64.30404	0	-64.30404	0.110416	0.1168	0.086342	0.302495	0.0812055	0.0507612	4.03479	0.642081	0.159176
840000	-67.37538	0	-67.37538	0.127897	0.104679	0.143418	0.27014	0.0630501	0.0904648	3.57269	1.13743	0.246956
850000	-65.19057	0	-65.19057	0.247416	0.31392	0.259076	0.291474	0.0819587	0.123744	3.28436	2.04744	0.352038
860000	-56.02822	0	-56.02822	0.0913292	0.133364	0.183208	0.320834	0.120877	0.16589	4.13565	0.809177	2.14349
870000	-54.40085	0	-54.40085	0.137916	0.167097	0.235501	0.452314	0.051357	0.0884901	3.5295	0.716597	1.67434
880000	-59.20663	0	-59.20663	0.24	0.111957	0.130702	0.283436	0.0559955	0.118229	5.13069	0.98222	0.241167
890000	-53.86288	0	-53.86288	0.0714777	0.120196	0.154842	0.292553	0.213146	0.121907	9.67559	1.14518	0.45114
900000	-40.87646	0	-40.87646	0.172155	0.231776	0.140426	0.319709	0.0464077	0.0921086	5.53931	0.89325	0.364608
910000	-62.65136	0	-62.65136	0.152469	0.130425	0.163938	0.283667	0.0595595	0.06704	2.23834	1.34728	0.612761
920000	-69.46685	0	-69.46685	0.124249	0.133852	0.161402	0.248816	0.200129	0.198385	4.92912	0.83087	0.271742
930000	-70.73616	0	-70.73616	0.169155	0.29281	0.178931	0.250117	0.0740162	0.104863	5.10982	0.855939	0.633141
940000	-73.82835	0	-73.82835	0.0799985	0.092459	0.168684	0.294416	0.0864919	0.0592208	2.7169	0.488218	0.155335
950000	-51.54797	0	-51.54797	0.186312	0.185983	0.226115	0.238392	0.0956469	0.292874	7.88553	0.693078	1.1706
960000	-42.25073	0	-42.25073	0.0925273	0.154928	0.193678	0.249829	0.104066	0.251921	6.29522	1.21942	1.19423
970000	-49.52126	0	-49.52126	0.110347	0.148397	0.240364	0.295641	0.109038	0.0587102	5.18167	1.84303	0.974628
980000	-41.19382	0	-41.19382	0.134409	0.150001	0.149912	0.261931	0.0831905	0.10941	4.68678	2.17156	0.602257
990000	-44.98292	0	-44.98292	0.228798	0.156808	0.147806	0.348241	0.0924526	0.163073	7.83805	2.27985	1.26663
1000000	-42.22759	0	-42.22759	0.187066	0.234063	0.235122	0.25585	0.0926669	0.0722301	9.90806	1.17402	0.896785
1010000	-71.32625	0	-71.32625	0.0985645	0.33004	0.0935971	0.390521	0.117632	0.074486	2.02828	2.20907	0.162289
1020000	-53.07762	0	-53.07762	0.185488	0.193826	0.150253	0.210835	0.100287	0.108985	5.2926	1.77768	1.70884
1030000	-53.96371	0	-53.96371	0.215831	0.158739	0.197843	0.293437	0.0817261	0.112752	2.41006	0.516187	1.77607
1040000	-51.03906	0	-51.03906	0.134806	0.267786	0.188997	0.233302	0.205197	0.162444	3.91487	1.2321	0.354936
1050000	-46.71139	0	-46.71139	0.112645	0.124816	0.263696	0.200098	0.05381	0.17758	8.64382	0.641162	0.215449
1060000	-60.52732	0	-60.52732	0.201469	0.265293	0.403355	0.303262	0.0987706	0.129507	3.37596	0.968578	0.935502
1070000	-51.28737	0	-51.28737	0.155612	0.112016	0.22191	0.250486	0.0631819	0.1059	6.64421	1.7281	0.45312
1080000	-77.69928	0	-77.69928	0.232688	0.154217	0.146113	0.273381	0.0662004	0.116021	3.78374	0.374464	0.0451358
1090000	-57.03596	0	-57.03596	0.143924	0.107642	0.402243	0.367443	0.0706755	0.17471	4.51938	1.23819	0.996783
1100000	-56.31046	0	-56.31046	0.11722	0.0915785	0.13007	0.326283	0.0536209	0.0963651	4.69358	1.47213	1.81269
1110000	-60.84979	0	-60.84979	0.126478	0.17441	0.392285	0.247607	0.0574924	0.0915557	5.65126	0.424022	0.394455
1120000	-67.3089	0	-67.3089	0.362843	0.13917	0.209876	0.576128	0.0992726	0.134245	3.5423	0.995404	1.78111
1130000	-51.82419	0	-51.82419	0.106257	0.222313	0.185357	0.331465	0.091069	0.243001	5.5961	1.22662	1.44743
1140000	-52.68646	0	-52.68646	0.0905605	0.0802403	0.123013	0.320795	0.0681378	0.113414	8.67627	0.714278	0.57921
1150000	-56.72412	0	-56.72412	0.0930248	0.164233	0.221307	0.296632	0.0873686	0.10025	4.73332	1.95057	0.553481
1160000	-46.61505	0	-46.61505	0.136787	0.167806	0.283768	0.416494	0.151983	0.23537	8.58191	1.80551	0.357853
1170000	-58.74338	0	-58.74338	0.0974452	0.180076	0.372175	0.460649	0.104131	0.0905602	2.6779	0.739968	0.499939
1180000	-64.09826	0	-64.09826	0.0821051	0.218541	0.225343	0.298785	0.0843561	0.11933	3.54836	1.99641	0.416502
1190000	-36.17853	0	-36.17853	0.11588	0.210153	0.142596	0.357863	0.0865738	0.093809	5.73077	0.75433	1.57919
1200000	-39.3822	0	-39.3822	0.193197	0.217517	0.218918	0.294538	0.0729574	0.122713	5.75904	1.14906	0.417794
1210000	-47.52066	0	-47.52066	0.147332	0.256308	0.100812	0.367379	0.0417334	0.217235	6.03779	1.21456	0.366941
1220000	-45.37071	0	-45.37071	0.174994	0.323665	0.482886	0.312242	0.105142	0.0849124	5.92297	1.21383	2.56868
1230000	-38.82482	0	-38.82482	0.163619	0.145135	0.309842	0.30857	0.0775565	0.130807	8.1923	2.1939	1.27149
1240000	-42.27415	0	-42.27415	0.142118	0.14781	0.372848	0.21919	0.179825	0.193933	8.96468	2.0278	2.4577
1250000	-52.63212	0	-52.63212	0.16472	0.117968	0.139325	0.358506	0.150334	0.0652921	5.07531	1.86568	1.10908
1260000	-62.10246	0	-62.10246	0.111323	0.118799	0.340726	0.226643	0.100321	0.209954	7.12765	0.320363	0.416547
1270000	-51.25273	0	-51.25273	0.0996648	0.144803	0.206599	0.276433	0.0893143	0.27431	3.74904	1.81317	3.53502
1280000	-60.29915	0	-60.29915	0.122056	0.13808	0.127183	0.21757	0.18441	0.12796	3.71607	1.43343	0.87384
1290000	-61.46773	0	-61.46773	0.0977072	0.176529	0.0966896	0.201944	0.0882907	0.158601	4.25114	3.31221	0.656357
1300000	-47.00651	0	-47.00651	0.123771	0.457609	0.173976	0.32166	0.0622391	0.09039	10.6317	1.35191	0.4696
1310000	-45.64002	0	-45.64002	0.15836	0.267431	0.317429	0.199939	0.0935805	0.0841991	4.1093	1.79145	0.77814
1320000	-46.84529	0	-46.84529	0.137254	0.104764	0.412258	0.234226	0.115819	0.0541628	5.37251	0.815371	0.703991
1330000	-38.39835	0	-38.39835	0.167158	0.0986489	0.366631	0.313518	0.0634109	0.157483	11.0326	3.06646	1.39487
1340000	-60.57728	0	-60.57728	0.140117	0.152007	0.311095	0.261016	0.0602082	0.0742079	2.7682	0.691425	2.49163
1350000	-54.29519	0	-54.29519	0.0893623	0.0952032	0.206235	0.237071	0.0948106	0.130299	7.9878	0.898711	0.519573
1360000	-88.36291	0	-88.36291	0.19051	0.0399832	0.188219	0.339977	0.0708098	0.0712971	3.28517	0.171508	0.240057
1370000	-63.20698	0	-63.20698	0.204343	0.215199	0.141586	0.215049	0.143576	0.103489	2.71424	1.1862	0.330448
1380000	-46.49879	0	-46.49879	0.266156	0.146246	0.230792	0.222592	0.0500858	0.0653734	7.43073	0.62524	2.51459
1390000	-37.8385	0	-37.8385	0.123355	0.148591	0.20988	0.348728	0.0714857	0.0793822	6.59242	2.95407	1.62238
1400000	-49.08253	0	-49.08253	0.0826323	0.127062	0.185726	0.267766	0.111727	0.139258	6.50451	0.909978	0.583212
1410000	-50.41511	0	-50.41511	0.14088	0.134421	0.21008	0.419897	0.125151	0.0856031	7.46294	1.95714	1.64604
1420000	-53.68463	0	-53.68463	0.232526	0.163777	0.156812	0.254671	0.0754844	0.110696	6.22571	2.36796	0.487073
1430000	-52.77887	0	-52.77887	0.15675	0.186547	0.132782	0.233768	0.132867	0.102792	7.85643	0.726242	0.394329
1440000	-52.92193	0	-52.92193	0.133482	0.196123	0.359616	0.367209	0.135059	0.131307	3.66575	1.15887	1.09776
1450000	-58.47456	0	-58.47456	0.10538	0.283387	0.126374	0.339602	0.133787	0.330076	4.41777	1.46788	0.627093
1460000	-45.99959	0	-45.99959	0.123228	0.132989	0.165907	0.337475	0.0543071	0.128468	6.93746	0.629867	0.538581
1470000	-59.83912	0	-59.83912	0.0861908	0.195289	0.169016	0.380764	0.120161	0.0552037	4.01507	0.603403	0.514397
1480000	-47.41676	0	-47.41676	0.181716	0.198996	0.0954183	0.337265	0.150216	0.0827103	5.44506	2.02233	0.937109
1490000	-47.18466	0	-47.18466	0.127015	0.127836	0.280342	0.23572	0.111588	0.0792915	8.8431	0.283729	0.450419
1500000	-62.6366	0	-62.6366	0.112992	0.102907	0.339615	0.360255	0.115438	0.140556	5.17792	0.404933	0.489273
1510000	-56.99643	0	-56.99643	0.0837627	0.276355	0.150377	0.244338	0.0644607	0.110086	6.25042	2.24337	0.743862
1520000	-53.88906	0	-53.88906	0.165156	0.117023	0.344528	0.246515	0.0292983	0.117146	10.1895	0.879426	0.146059
1530000	-49.58709	0	-49.58709	0.0923066	0.208806	0.281758	0.245028	0.0927212	0.0992524	3.68518	1.00137	0.643985
1540000	-53.59131	0	-53.59131	0.195614	0.123947	0.189536	0.215083	0.086024	0.139887	5.34617	2.12385	0.520722
1550000	-54.33574	0	-54.33574	0.14996	0.126419	0.204459	0.214503	0.0452138	0.0856195	7.62883	0.809909	0.206904
1560000	-45.04373	0	-45.04373	0.0955233	0.116964	0.199135	0.352402	0.0880842	0.0764468	5.55316	1.00347	0.808685
1570000	-70.55601	0	-70.55601	0.233894	0.20532	0.129242	0.264215	0.0636008	0.229153	2.48142	0.904671	1.80366
1580000	-45.41443	0	-45.41443	0.105906	0.245562	0.216997	0.328746	0.121583	0.147563	4.87264	1.29139	1.13099
1590000	-42.96265	0	-42.96265	0.12228	0.1729	0.265139	0.360706	0.122551	0.170567	6.64909	2.37629	0.342396
1600000	-53.15384	0	-53.15384	0.278111	0.168398	0.229513	0.304036	0.0866385	0.18408	5.28678	0.790049	1.1014
1610000	-54.63424	0	-54.63424	0.0963075	0.0726356	0.274354	0.236568	0.0451533	0.13414	5.74826	0.945265	0.479597
1620000	-44.32276	0	-44.32276	0.145905	0.238276	0.124579	0.26636	0.0684176	0.104443	5.58029	1.44581	3.91206
1630000	-55.46727	0	-55.46727	0.252486	0.0971141	0.268488	0.366112	0.0670327	0.0999003	7.5835	1.09071	0.698808
1640000	-51.55459	0	-51.55459	0.154158	0.233063	0.467721	0.321849	0.114825	0.227229	3.88424	0.54928	1.72691
1650000	-55.33438	0	-55.33438	0.182047	0.255831	0.206224	0.329326	0.0955368	0.0660461	4.95933	1.81339	0.25482
1660000	-46.77613	0	-46.77613	0.0874719	0.135088	0.10445	0.380697	0.0592293	0.110393	7.1711	1.21897	1.10619
1670000	-57.56656	0	-57.56656	0.151051	0.225085	0.304977	0.245561	0.0376954	0.221319	6.99157	1.72989	0.880851
1680000	-48.5431	0	-48.5431	0.133058	0.184625	0.161436	0.235698	0.142129	0.108962	7.47585	2.49897	0.986149
1690000	-74.47224	0	-74.47224	0.0613601	0.199921	0.280774	0.26804	0.166096	0.110333	3.3123	0.417473	0.582781
1700000	-47.64232	0	-47.64232	0.221012	0.130192	0.262137	0.220093	0.150622	0.0959638	7.04231	0.41495	3.16573
1710000	-40.36614	0	-40.36614	0.0880865	0.140251	0.361393	0.221628	0.129943	0.229041	7.04535	1.62062	0.555543
1720000	-52.03656	0	-52.03656	0.106399	0.111043	0.249067	0.279403	0.0575871	0.206552	3.59931	0.904384	1.72176
1730000	-46.94252	0	-46.94252	0.157639	0.160067	0.384866	0.394288	0.0386402	0.088658	5.76852	1.56062	0.276388
1740000	-54.38428	0	-54.38428	0.155293	0.222362	0.115746	0.291436	0.137271	0.122675	7.4506	1.19688	0.826553
1750000	-33.6441	0	-33.6441	0.128482	0.286191	0.211188	0.223122	0.122598	0.17438	12.86	1.5115	1.01984
1760000	-39.57534	0	-39.57534	0.165709	0.239028	0.442072	0.298056	0.0890452	0.132199	8.8394	3.22687	1.35581
1770000	-56.07357	0	-56.07357	0.264837	0.231237	0.319998	0.220571	0.110818	0.142743	5.82704	0.942711	0.561313
1780000	-48.02978	0	-48.02978	0.102146	0.179522	0.247734	0.381743	0.0691249	0.205595	7.43229	2.38565	0.627491
1790000	-64.83369	0	-64.83369	0.148441	0.109847	0.313018	0.374545	0.0450144	0.0517357	3.1498	0.7344	0.277732
1800000	-53.95806	0	-53.95806	0.16703	0.187481	0.26672	0.383849	0.112971	0.071658	4.06106	1.36249	2.99049
1810000	-61.81132	0	-61.81132	0.123214	0.119424	0.178414	0.31754	0.104254	0.081445	3.69302	0.319315	2.50669
1820000	-43.34718	0	-43.34718	0.132374	0.187781	0.247792	0.34762	0.136332	0.112572	9.03783	0.41828	0.722467
1830000	-50.68795	0	-50.68795	0.146365	0.0974005	0.13726	0.307699	0.0726816	0.121014	7.35119	1.61396	0.0914908
1840000	-54.84199	0	-54.84199	0.148903	0.184232	0.232687	0.349671	0.104964	0.170854	3.73427	0.609664	1.40721
1850000	-36.21408	0	-36.21408	0.175392	0.16379	0.172822	0.335365	0.0537342	0.160434	7.06042	1.76099	2.85492
1860000	-51.77458	0	-51.77458	0.129948	0.145001	0.164541	0.271814	0.117716	0.187621	4.04923	0.960693	1.39563
1870000	-46.8514	0	-46.8514	0.104883	0.0662473	0.361097	0.310536	0.0758756	0.0820632	6.64077	0.69177	2.92215
1880000	-65.33335	0	-65.33335	0.122133	0.116786	0.279763	0.269855	0.154252	0.0986086	5.826	0.562238	0.406718
1890000	-58.57494	0	-58.57494	0.142095	0.126837	0.107853	0.153195	0.0633415	0.122491	3.09516	0.911136	0.94846
1900000	-51.12289	0	-51.12289	0.0926636	0.103368	0.193092	0.262337	0.111972	0.0918453	4.47589	1.49549	0.564805
1910000	-43.06774	0	-43.06774	0.192613	0.21127	0.22105	0.161222	0.0660515	0.0586158	4.97124	2.08347	0.775494
1920000	-56.55012	0	-56.55012	0.101092	0.164857	0.134497	0.362455	0.119789	0.070711	4.8266	4.52905	0.521975
1930000	-48.91442	0	-48.91442	0.187942	0.238858	0.20035	0.316607	0.0964043	0.08981	5.34126	0.96382	0.849597
1940000	-64.87092	0	-64.87092	0.107541	0.127557	0.206044	0.203825	0.0507639	0.059618	3.21948	0.862577	0.24656
1950000	-54.30311	0	-54.30311	0.143535	0.103737	0.237297	0.253545	0.119334	0.098907	6.58685	1.03189	0.279056
1960000	-47.39959	0	-47.39959	0.137942	0.186975	0.146254	0.221181	0.0587449	0.12117	4.62185	2.41913	0.781362
1970000	-59.05199	0	-59.05199	0.191677	0.119263	0.156346	0.253036	0.0773395	0.078413	5.83369	0.442957	0.138059
1980000	-60.16998	0	-60.16998	0.194488	0.124901	0.111377	0.329109	0.105159	0.15665	2.89394	1.01732	0.559547
1990000	-68.35696	0	-68.35696	0.182303	0.180246	0.222552	0.364106	0.048398	0.109776	3.53101	0.894335	0.814187
2000000	-65.46049	0	-65.46049	0.110222	0.137815	0.21176	0.345681	0.0847002	0.0914556	2.68691	1.88928	0.515293
2010000	-60.45711	0	-60.45711	0.142803	0.114193	0.162141	0.245082	0.110052	0.135061	5.19803	1.09586	0.235877
2020000	-69.12644	0	-69.12644	0.130763	0.183753	0.162874	0.22995	0.058065	0.0713932	3.66703	0.761755	0.21175
2030000	-74.44892	0	-74.44892	0.118018	0.203249	0.252286	0.180103	0.0528968	0.16689	3.44107	0.224869	0.706774
2040000	-42.67127	0	-42.67127	0.140742	0.228064	0.166565	0.269215	0.0380097	0.118269	4.1315	0.719402	3.15371
2050000	-54.36109	0	-54.36109	0.161474	0.231342	0.311143	0.249682	0.10691	0.193204	3.38918	2.22426	1.56111
2060000	-56.12353	0	-56.12353	0.11964	0.141969	0.143217	0.300969	0.0692176	0.0800066	7.09816	0.384145	0.226246
2070000	-50.75238	0	-50.75238	0.125183	0.194117	0.264321	0.242687	0.0805159	0.193795	5.4169	1.27505	0.90681
2080000	-43.57894	0	-43.57894	0.164759	0.171272	0.295607	0.356759	0.118955	0.101716	6.00824	1.914	3.56715
2090000	-50.96157	0	-50.96157	0.21663	0.166209	0.197273	0.252097	0.0697591	0.279258	7.43097	0.542634	0.525198
2100000	-74.46241	0	-74.46241	0.118769	0.217607	0.124474	0.167146	0.0934222	0.111426	2.93605	0.827478	0.18161
2110000	-56.80334	0	-56.80334	0.0738433	0.146093	0.179118	0.308091	0.0563534	0.0919997	3.25489	1.48905	0.446224
2120000	-55.68396	0	-55.68396	0.164442	0.19251	0.171077	0.275042	0.0812736	0.097647	3.46683	0.428309	1.17113
2130000	-62.98652	0	-62.98652	0.18563	0.27408	0.093965	0.205625	0.0907123	0.137224	5.05957	0.472613	0.396634
2140000	-48.59897	0	-48.59897	0.182725	0.294217	0.415793	0.296141	0.092138	0.116918	6.34751	1.7778	0.630636
2150000	-53.72395	0	-53.72395	0.125173	0.116872	0.306285	0.195783	0.0814818	0.0727101	3.86445	1.35231	0.881563
2160000	-43.96998	0	-43.96998	0.0924735	0.200096	0.128308	0.424456	0.208933	0.235739	5.63623	1.24292	1.49744
2170000	-48.98391	0	-48.98391	0.134826	0.27001	0.136716	0.334628	0.162222	0.101128	6.12084	2.57229	1.08636
2180000	-39.3438	0	-39.3438	0.116808	0.317943	0.263084	0.315189	0.14258	0.135529	4.49147	2.08017	3.07133
2190000	-62.29282	0	-62.29282	0.0908532	0.0977725	0.290313	0.241144	0.0761437	0.164082	3.2058	0.56393	1.19231
2200000	-55.59872	0	-55.59872	0.200036	0.141532	0.304339	0.31874	0.0949795	0.192451	5.64997	1.22528	2.25993
2210000	-49.86696	0	-49.86696	0.0929941	0.122909	0.190179	0.293884	0.115513	0.277005	4.08216	1.50201	1.17102
2220000	-46.45451	0	-46.45451	0.127848	0.192983	0.332896	0.367232	0.0870244	0.0884634	5.83392	0.677635	0.919221
2230000	-57.41441	0	-57.41441	0.0914442	0.133313	0.337892	0.331427	0.0613327	0.159835	5.9405	1.01448	0.935176
2240000	-44.17528	0	-44.17528	0.123163	0.157004	0.399865	0.355618	0.0793138	0.175628	8.33546	0.797551	0.561439
2250000	-45.89423	0	-45.89423	0.196583	0.121633	0.283829	0.21793	0.110848	0.105488	7.15858	0.918114	0.650522
2260000	-48.39901	0	-48.39901	0.150487	0.176377	0.370317	0.300443	0.0408884	0.0907518	7.08593	0.935068	2.02414
2270000	-49.74691	0	-49.74691	0.0931731	0.122331	0.333898	0.31958	0.122284	0.0347816	4.64041	2.11001	2.17152
2280000	-49.34871	0	-49.34871	0.150918	0.121307	0.198962	0.294214	0.0390325	0.0932073	5.5845	0.432948	1.60827
2290000	-66.25098	0	-66.25098	0.177415	0.126656	0.0896713	0.319574	0.0704348	0.0932136	2.41324	0.872362	0.808
2300000	-34.78973	0	-34.78973	0.198763	0.204838	0.123097	0.351707	0.0373638	0.113467	8.69133	2.70905	0.563316
2310000	-57.37062	0	-57.37062	0.159361	0.258168	0.250156	0.266766	0.0813016	0.18964	4.03196	1.51582	0.696127
2320000	-65.06384	0	-65.06384	0.152276	0.140704	0.219047	0.354447	0.197501	0.0779483	3.27465	1.11889	1.5882
2330000	-77.9436	0	-77.9436	0.217823	0.257378	0.191328	0.285935	0.114529	0.072343	1.84682	0.815696	0.208146
2340000	-70.02419	0	-70.02419	0.289642	0.164619	0.13617	0.359276	0.0870748	0.204913	5.00167	1.32846	1.28146
2350000	-43.98852	0	-43.98852	0.209412	0.178193	0.208401	0.322422	0.075245	0.127199	5.79019	3.32772	0.445557
2360000	-52.97571	0	-52.97571	0.124194	0.101737	0.261183	0.349564	0.0591492	0.184324	4.67482	1.16724	1.69564
2370000	-52.04092	0	-52.04092	0.141842	0.131398	0.272622	0.331621	0.071975	0.150654	2.6711	0.998358	0.846914
2380000	-38.94666	0	-38.94666	0.146679	0.113469	0.186839	0.378663	0.0625449	0.0824366	8.54152	1.27327	1.51683
2390000	-47.59249	0	-47.59249	0.150212	0.141124	0.229544	0.227711	0.0534088	0.115362	3.42122	1.48686	0.182851
2400000	-49.73951	0	-49.73951	0.157439	0.097493	0.180606	0.269926	0.113481	0.12997	6.93953	0.753652	0.550206
2410000	-51.69432	0	-51.69432	0.0953676	0.149068	0.166153	0.249698	0.0472456	0.118341	3.73713	1.12614	2.2428
2420000	-60.58865	0	-60.58865	0.175679	0.10693	0.277772	0.254114	0.0917193	0.113475	4.08658	0.781011	1.64922
2430000	-52.3958	0	-52.3958	0.157123	0.195245	0.176679	0.237426	0.0714452	0.119205	8.21037	1.46179	0.300942
2440000	-45.10191	0	-45.10191	0.218274	0.167363	0.141334	0.309377	0.0930411	0.0788447	4.17605	1.49719	2.88232
2450000	-58.1886	0	-58.1886	0.136776	0.146075	0.141105	0.398169	0.0687256	0.124811	4.3293	0.754651	0.827958
2460000	-63.35701	0	-63.35701	0.0737378	0.413702	0.123689	0.308779	0.191935	0.101187	2.91561	0.51491	1.15859
2470000	-52.72461	0	-52.72461	0.196868	0.151278	0.237854	0.217916	0.0883548	0.124911	5.22805	1.07158	1.20679
2480000	-53.05961	0	-53.05961	0.16654	0.19456	0.132366	0.220319	0.0905358	0.126249	9.71458	1.13084	0.347808
2490000	-47.69838	0	-47.69838	0.100787	0.125682	0.269191	0.371894	0.0945745	0.0653458	11.0552	2.54233	0.781074
2500000	-55.49445	0	-55.49445	0.178476	0.0924296	0.210435	0.332717	0.0648225	0.173181	4.2869	1.64893	0.8296
2510000	-42.83553	0	-42.83553	0.174036	0.139421	0.283944	0.28501	0.0375703	0.228398	5.23377	1.88747	2.50799
2520000	-58.14285	0	-58.14285	0.0954202	0.0998863	0.176403	0.428765	0.0556664	0.142939	5.45831	0.54442	0.548836
2530000	-47.66247	0	-47.66247	0.173944	0.186301	0.102765	0.206771	0.0697758	0.173386	7.06152	0.914532	1.1067
2540000	-40.30086	0	-40.30086	0.157505	0.184807	0.292759	0.194423	0.0847125	0.0764534	5.99154	2.03995	2.97502
2550000	-47.58121	0	-47.58121	0.121879	0.177835	0.310017	0.264632	0.110776	0.132045	3.60651	1.90068	0.788455
2560000	-43.21294	0	-43.21294	0.1721	0.134907	0.246042	0.349238	0.0642187	0.115606	7.02744	1.40777	1.34333
2570000	-54.51844	0	-54.51844	0.248647	0.159397	0.120823	0.334921	0.111025	0.192177	2.66137	2.53873	1.71355
2580000	-62.47862	0	-62.47862	0.151273	0.180902	0.302659	0.350047	0.160948	0.122834	2.75214	0.735498	1.05195
2590000	-38.27183	0	-38.27183	0.128169	0.179875	0.155765	0.259602	0.108577	0.126249	3.5093	3.40828	1.54575
2600000	-45.43597	0	-45.43597	0.145666	0.278252	0.296825	0.272218	0.103128	0.142946	7.59179	1.12026	0.788432
2610000	-43.14592	0	-43.14592	0.160469	0.131936	0.22472	0.276797	0.100543	0.211341	7.03882	1.55224	0.973272
2620000	-65.94426	0	-65.94426	0.155953	0.181837	0.265668	0.336446	0.12135	0.221274	2.96033	1.75441	1.24593
2630000	-55.62586	0	-55.62586	0.220463	0.0861743	0.279636	0.192693	0.0945944	0.0703809	4.20828	1.3899	0.584221
2640000	-42.50138	0	-42.50138	0.122798	0.189107	0.219433	0.443305	0.0697241	0.102169	8.47497	1.49254	0.592593
2650000	-67.21767	0	-67.21767	0.135299	0.158702	0.243152	0.336568	0.0597395	0.127948	4.47489	1.31792	0.129301
2660000	-50.96214	0	-50.96214	0.182491	0.277269	0.111851	0.405164	0.0886685	0.0649225	3.05801	1.80451	1.85149
2670000	-57.80073	0	-57.80073	0.267968	0.153585	0.368633	0.378276	0.0824122	0.0973874	7.85771	1.46816	0.761381
2680000	-52.20092	0	-52.20092	0.103733	0.132727	0.231346	0.166128	0.0753225	0.15695	6.46874	0.78023	0.72902
2690000	-55.57074	0	-55.57074	0.159249	0.152062	0.122257	0.411598	0.0612258	0.174998	3.54896	2.71476	0.501358
2700000	-44.02732	0	-44.02732	0.113969	0.2186	0.174364	0.294719	0.0646474	0.139045	5.38254	2.72604	0.707843
2710000	-61.3797	0	-61.3797	0.227967	0.0760341	0.478569	0.242532	0.135477	0.0943449	8.87257	0.70815	0.475802
2720000	-44.49792	0	-44.49792	0.105884	0.266396	0.414458	0.222774	0.0524391	0.0955204	5.69782	3.25107	0.902712
2730000	-47.50143	0	-47.50143	0.150766	0.210219	0.267834	0.412471	0.114032	0.0702716	4.50565	1.05592	1.2077
2740000	-46.16871	0	-46.16871	0.137886	0.204826	0.372772	0.385045	0.157917	0.0664838	6.94034	1.04061	0.80928
2750000	-54.33006	0	-54.33006	0.159143	0.170401	0.116537	0.335921	0.121284	0.0841802	5.79896	0.591103	0.4028
2760000	-46.66061	0	-46.66061	0.207359	0.0965448	0.0692887	0.250742	0.119963	0.0667427	6.64457	1.0539	1.87077
2770000	-60.24521	0	-60.24521	0.20495	0.166012	0.222407	0.301124	0.111186	0.142942	7.93431	0.733262	0.192736
2780000	-61.90833	0	-61.90833	0.194102	0.146154	0.199847	0.275892	0.0941061	0.0707627	3.66145	1.70193	0.30448
2790000	-47.05378	0	-47.05378	0.117979	0.0751873	0.136788	0.272896	0.0998922	0.0779171	7.43376	0.732777	0.624986
2800000	-40.36129	0	-40.36129	0.179166	0.25336	0.456072	0.216685	0.131275	0.144243	7.22936	1.75967	0.996846
2810000	-78.57787	0	-78.57787	0.125342	0.0860849	0.450684	0.469353	0.110282	0.0953285	3.67559	0.232801	0.663791
2820000	-59.7546	0	-59.7546	0.0902483	0.212429	0.173876	0.455449	0.0951306	0.159833	7.6622	1.14911	0.197894
2830000	-56.82547	0	-56.82547	0.127005	0.113217	0.12176	0.404497	0.0891269	0.0886839	5.72613	1.85525	1.1302
2840000	-48.44016	0	-48.44016	0.160131	0.174844	0.135584	0.184777	0.179284	0.0845413	4.51544	1.31947	4.11817
2850000	-51.33494	0	-51.33494	0.146382	0.230525	0.341828	0.252944	0.0676481	0.118697	3.86626	0.887617	1.97987
2860000	-59.85241	0	-59.85241	0.100379	0.159082	0.199035	0.317053	0.109302	0.133036	4.33684	0.503299	0.632969
2870000	-45.96335	0	-45.96335	0.101199	0.271024	0.212084	0.271142	0.0361074	0.168759	5.92451	0.884025	1.01428
2880000	-51.5191	0	-51.5191	0.176416	0.286359	0.186005	0.270853	0.0339726	0.0463838	5.49067	1.04891	0.324351
2890000	-59.77307	0	-59.77307	0.144227	0.121541	0.155623	0.320516	0.0725047	0.165046	3.0138	1.79661	1.37187
2900000	-53.63814	0	-53.63814	0.178644	0.192694	0.233527	0.22601	0.0759966	0.170214	3.8331	0.721183	0.853105
2910000	-70.18875	0	-70.18875	0.058373	0.191058	0.18696	0.221721	0.0384239	0.10579	3.28316	0.694482	0.716646
2920000	-41.66864	0	-41.66864	0.203256	0.184533	0.230488	0.371308	0.0758762	0.154884	4.87606	1.21753	4.32592
2930000	-45.0695	0	-45.0695	0.16174	0.225876	0.215296	0.309221	0.121379	0.0940718	7.51869	0.572211	0.331884
2940000	-51.39332	0	-51.39332	0.248079	0.228647	0.229915	0.221733	0.0503239	0.22426	8.63587	2.47329	0.703364
2950000	-54.42542	0	-54.42542	0.148791	0.132475	0.181928	0.24576	0.127156	0.0937889	2.85285	0.359234	1.35695
2960000	-36.17404	0	-36.17404	0.14978	0.192782	0.239976	0.176492	0.0401859	0.121606	5.01398	1.3292	3.15613
2970000	-48.09925	0	-48.09925	0.215451	0.144779	0.177206	0.302708	0.0482146	0.101145	6.22489	1.376	0.621102
2980000	-58.56237	0	-58.56237	0.171762	0.123917	0.206213	0.322987	0.0944712	0.0914926	4.12441	0.808614	0.238142
2990000	-44.82995	0	-44.82995	0.143683	0.190551	0.14189	0.297313	0.0451983	0.0862745	7.21133	2.49822	0.643666
3000000	-50.68547	0	-50.68547	0.152681	0.157439	0.19426	0.335443	0.149253	0.223278	6.72681	0.555604	0.737562
3010000	-67.15088	0	-67.15088	0.158443	0.0818753	0.350307	0.374007	0.0804578	0.127396	4.74856	0.587337	0.496323
3020000	-47.13296	0	-47.13296	0.177398	0.168097	0.19634	0.215841	0.0951909	0.227524	4.75148	2.04046	0.666768
3030000	-59.35003	0	-59.35003	0.242413	0.138748	0.22377	0.263727	0.0902259	0.0817971	2.93344	0.54185	1.32661
3040000	-44.42522	0	-44.42522	0.169038	0.19768	0.237473	0.201509	0.0661998	0.127639	6.82571	0.52393	0.508047
3050000	-49.14159	0	-49.14159	0.149024	0.154922	0.216537	0.281226	0.149903	0.0767007	5.40912	1.68878	0.43002
3060000	-51.80016	0	-51.80016	0.104183	0.131069	0.172981	0.330838	0.119023	0.163916	5.10694	0.953299	0.580106
3070000	-38.46825	0	-38.46825	0.103984	0.214157	0.262901	0.23422	0.101748	0.0917385	5.90473	1.46761	2.19253
3080000	-55.05543	0	-55.05543	0.179936	0.125703	0.215307	0.385454	0.088545	0.130568	2.75437	0.842985	2.63505
3090000	-64.95833	0	-64.95833	0.181251	0.104185	0.184345	0.160537	0.0766104	0.165537	4.82805	1.2597	0.447306
3100000	-60.43554	0	-60.43554	0.0973169	0.182457	0.139628	0.255165	0.0840265	0.195079	2.53219	0.658316	2.7306
3110000	-33.37073	0	-33.37073	0.0777973	0.169659	0.207406	0.341602	0.0759461	0.104813	9.39879	3.33437	1.31157
3120000	-57.12825	0	-57.12825	0.115188	0.228417	0.202116	0.405661	0.0697818	0.0706631	5.44508	0.980615	0.29334
3130000	-34.54257	0	-34.54257	0.158314	0.145213	0.188915	0.247548	0.101322	0.0814254	8.96786	1.0971	0.540128
3140000	-63.27615	0	-63.27615	0.308147	0.160846	0.289776	0.212641	0.0421126	0.0669256	8.04701	0.788349	0.48052
3150000	-69.24778	0	-69.24778	0.237665	0.210557	0.283627	0.272613	0.28845	0.117021	2.47254	2.77707	1.13746
3160000	-72.18442	0	-72.18442	0.136404	0.131393	0.182433	0.285345	0.0998924	0.118791	3.05278	0.240916	0.267267
3170000	-58.79663	0	-58.79663	0.132617	0.157782	0.235054	0.384733	0.0844681	0.159229	6.36042	0.618088	0.508989
3180000	-47.24002	0	-47.24002	0.217888	0.0887483	0.20021	0.331829	0.0879497	0.195355	6.49429	1.03197	0.883498
3190000	-56.41023	0	-56.41023	0.0916317	0.163162	0.149929	0.218946	0.0680541	0.212806	4.66673	1.39377	5.24261
3200000	-53.18872	0	-53.18872	0.145288	0.22525	0.157323	0.360386	0.0612004	0.10073	5.74965	1.52452	0.531969
3210000	-48.34046	0	-48.34046	0.137601	0.160802	0.112141	0.229706	0.160006	0.23603	4.56357	2.24837	2.98776
3220000	-48.71915	0	-48.71915	0.185838	0.0991719	0.18377	0.451174	0.0630182	0.124628	4.62812	2.15383	1.62798
3230000	-57.18302	0	-57.18302	0.242985	0.232574	0.316543	0.320479	0.0881261	0.253625	4.25762	0.781764	1.31161
3240000	-35.02962	0	-35.02962	0.190129	0.105668	0.269471	0.280092	0.100444	0.110893	9.64879	1.63357	1.7308
3250000	-56.51261	0	-56.51261	0.083561	0.192374	0.233527	0.270742	0.104259	0.12034	5.6097	1.28802	1.16032
3260000	-41.37887	0	-41.37887	0.177292	0.145417	0.253953	0.246248	0.088964	0.0891211	5.60217	2.53855	0.618807
3270000	-73.76905	0	-73.76905	0.109632	0.292081	0.283017	0.195711	0.104957	0.120407	1.97963	1.73359	1.54966
3280000	-67.83972	0	-67.83972	0.202141	0.173811	0.243291	0.364105	0.118981	0.373429	1.83039	1.01389	2.75181
3290000	-40.94687	0	-40.94687	0.170702	0.204167	0.12935	0.298522	0.047531	0.084189	4.58523	0.949882	2.34857
3300000	-60.62974	0	-60.62974	0.199033	0.169466	0.287043	0.313256	0.102649	0.0823654	6.46363	0.938695	0.44259
3310000	-43.45977	0	-43.45977	0.148209	0.146875	0.180013	0.265446	0.0581337	0.0856324	8.28872	0.427134	1.01
3320000	-61.9941	0	-61.9941	0.169158	0.143344	0.316127	0.274291	0.130435	0.120494	7.62123	0.561759	0.118819
3330000	-45.1176	0	-45.1176	0.090972	0.29148	0.271416	0.349073	0.222608	0.101585	7.91053	0.73469	2.69073
3340000	-63.23773	0	-63.23773	0.204367	0.187709	0.260685	0.317243	0.045805	0.225522	4.01878	0.958924	4.51486
3350000	-74.15837	0	-74.15837	0.124293	0.166925	0.294	0.327292	0.0801073	0.137319	1.90277	2.23341	0.820213
3360000	-50.9766	0	-50.9766	0.11885	0.0916116	0.128131	0.30309	0.164465	0.124789	7.82013	2.87295	0.600245
3370000	-69.32222	0	-69.32222	0.0791066	0.138616	0.24796	0.272197	0.0618589	0.125456	3.92443	0.434404	1.2611
3380000	-54.19313	0	-54.19313	0.0685702	0.166507	0.125956	0.273215	0.123308	0.105766	5.43314	1.05987	0.894489
3390000	-46.61963	0	-46.61963	0.192135	0.126311	0.38869	0.30406	0.102372	0.101006	6.99654	0.706637	0.956267
3400000	-67.56109	0	-67.56109	0.0976336	0.204967	0.281897	0.15133	0.105273	0.0518774	2.93244	0.683405	1.28868
3410000	-53.14138	0	-53.14138	0.117915	0.170438	0.291836	0.3416	0.121433	0.055284	4.58763	0.848183	1.13569
3420000	-48.41419	0	-48.41419	0.168439	0.0860034	0.210738	0.436636	0.0637198	0.140285	6.31181	0.836844	1.36942
3430000	-50.83493	0	-50.83493	0.144193	0.18141	0.140063	0.210445	0.0541881	0.0570443	5.81256	2.02729	0.576602
3440000	-46.40917	0	-46.40917	0.169886	0.173968	0.215817	0.176851	0.0675099	0.0718758	4.36131	0.860309	0.969022
3450000	-52.13796	0	-52.13796	0.271778	0.122537	0.0870669	0.264997	0.154052	0.104735	13.5896	1.52707	0.766909
3460000	-54.5793	0	-54.5793	0.0706981	0.123635	0.282628	0.494322	0.124718	0.160751	6.38959	1.14997	0.161126
3470000	-52.69774	0	-52.69774	0.156008	0.141479	0.130188	0.333812	0.0900137	0.108548	4.806	1.15205	0.649355
3480000	-56.34629	0	-56.34629	0.177574	0.0896929	0.166878	0.339316	0.112913	0.108727	6.25048	0.670734	0.645315
3490000	-65.78711	0	-65.78711	0.100042	0.167942	0.160973	0.498621	0.128964	0.158427	2.17748	1.34401	1.10766
3500000	-56.7881	0	-56.7881	0.146574	0.221928	0.425645	0.278834	0.140883	0.0704801	3.61544	2.3656	0.673778
3510000	-60.44722	0	-60.44722	0.162383	0.114013	0.137288	0.296397	0.097589	0.158132	2.41817	2.32118	0.675233
3520000	-58.58783	0	-58.58783	0.115791	0.142428	0.110244	0.244946	0.0815552	0.150085	5.1156	0.749074	1.40787
3530000	-48.5913	0	-48.5913	0.15485	0.27353	0.208243	0.297887	0.0864322	0.101309	5.04369	1.0794	0.517228
3540000	-66.597	0	-66.597	0.147449	0.155341	0.360047	0.281918	0.136601	0.158299	4.32271	0.884993	0.557186
3550000	-78.94982	0	-78.94982	0.105336	0.129054	0.169173	0.493825	0.11005	0.116481	2.59703	1.45538	0.194045
3560000	-57.37219	0	-57.37219	0.142999	0.166753	0.169523	0.325717	0.100157	0.220613	3.07087	0.750773	0.184162
3570000	-67.68067	0	-67.68067	0.144639	0.211753	0.157558	0.409998	0.0950905	0.0756071	4.08915	0.292858	0.592893
3580000	-51.09494	0	-51.09494	0.208549	0.170308	0.356725	0.189646	0.151414	0.0782474	7.18298	0.807569	1.00935
3590000	-86.50775	0	-86.50775	0.101871	0.227116	0.0757447	0.334153	0.0766052	0.0871233	4.53589	0.690077	0.0226482
3600000	-60.88483	0	-60.88483	0.134634	0.188034	0.245248	0.305258	0.0868578	0.0592019	3.22488	0.783863	0.492703
3610000	-47.48455	0	-47.48455	0.133728	0.25335	0.168398	0.402348	0.100658	0.0521682	6.54632	3.84209	3.33891
3620000	-61.81771	0	-61.81771	0.163948	0.121689	0.385178	0.357748	0.107597	0.0499989	6.83559	0.536585	0.525131
3630000	-43.36431	0	-43.36431	0.171653	0.192106	0.266252	0.248369	0.0918644	0.111644	5.51158	2.68241	0.341969
3640000	-37.38678	0	-37.38678	0.13961	0.204047	0.204804	0.27226	0.167337	0.187289	6.45818	3.3476	1.30961
3650000	-56.05072	0	-56.05072	0.168544	0.205612	0.321402	0.292883	0.119216	0.129813	3.31229	0.777082	2.48071
3660000	-45.31456	0	-45.31456	0.103487	0.23133	0.0773536	0.229208	0.107529	0.234399	4.40368	1.49903	1.27849
3670000	-55.13566	0	-55.13566	0.0943851	0.117398	0.428242	0.213323	0.0380097	0.130613	5.72346	1.60503	0.857317
3680000	-51.14329	0	-51.14329	0.201124	0.158028	0.372683	0.232894	0.0590675	0.103327	9.20044	0.886576	0.759364
3690000	-52.51945	0	-52.51945	0.0889145	0.242971	0.324476	0.245233	0.0945107	0.159493	5.94054	0.569937	1.54738
3700000	-46.36855	0	-46.36855	0.232752	0.183509	0.328413	0.293633	0.120489	0.053256	5.62671	1.1678	1.82164
3710000	-51.29624	0	-51.29624	0.0854566	0.135379	0.241852	0.282152	0.0848245	0.120596	5.38978	0.980356	0.69613
3720000	-44.62602	0	-44.62602	0.128062	0.265327	0.179168	0.289971	0.120055	0.0665425	7.77148	3.41565	1.1747
3730000	-44.2665	0	-44.2665	0.215365	0.156571	0.163392	0.354492	0.0824416	0.161504	4.55312	1.37603	0.361236
3740000	-45.84852	0	-45.84852	0.116092	0.157944	0.451743	0.240718	0.0840111	0.0448736	5.55703	1.37367	1.4901
3750000	-57.2053	0	-57.2053	0.144495	0.15898	0.127751	0.417171	0.0614945	0.168113	7.52008	0.650555	0.48705
3760000	-56.06221	0	-56.06221	0.134352	0.138772	0.106144	0.342054	0.105646	0.163804	3.36648	1.53	2.17812
3770000	-50.7531	0	-50.7531	0.134609	0.141684	0.13281	0.363948	0.0559968	0.0826858	3.89689	0.788604	2.16398
3780000	-65.60559	0	-65.60559	0.0827205	0.115429	0.293804	0.295593	0.109418	0.0918961	2.43513	0.667911	0.635839
3790000	-31.17637	0	-31.17637	0.118031	0.137629	0.205621	0.239762	0.0750251	0.101517	11.958	1.31318	1.41043
3800000	-39.23795	0	-39.23795	0.224437	0.107659	0.201916	0.363881	0.0798178	0.130626	10.3739	0.627834	0.708242
3810000	-41.28531	0	-41.28531	0.142886	0.167315	0.341769	0.367042	0.0555355	0.141155	6.70867	2.38499	0.919562
3820000	-39.82534	0	-39.82534	0.110004	0.21631	0.240723	0.311203	0.0454091	0.152062	4.73735	1.433	1.929
3830000	-54.71413	0	-54.71413	0.104033	0.220562	0.188921	0.276141	0.0841821	0.137698	5.6406	0.77982	0.817334
3840000	-46.87385	0	-46.87385	0.19731	0.123082	0.0966196	0.327512	0.0880474	0.0712511	6.13157	1.29554	0.375709
3850000	-50.99045	0	-50.99045	0.189497	0.187098	0.194569	0.300544	0.114859	0.187061	6.86861	1.54966	0.592353
3860000	-52.55295	0	-52.55295	0.235307	0.156251	0.385267	0.290376	0.0579482	0.147346	5.84302	1.08096	0.851941
3870000	-62.63106	0	-62.63106	0.104303	0.290127	0.182955	0.292896	0.125102	0.0790611	3.14182	1.56247	1.19306
3880000	-33.03709	0	-33.03709	0.0911306	0.162154	0.106003	0.352898	0.128506	0.139466	8.07236	1.80028	3.59908
3890000	-53.41675	0	-53.41675	0.127643	0.272402	0.160383	0.169477	0.100005	0.127878	9.10371	0.789982	0.684416
3900000	-61.41629	0	-61.41629	0.118909	0.14713	0.120862	0.478203	0.0981682	0.0883361	4.61291	1.26532	0.318527
3910000	-70.52222	0	-70.52222	0.193965	0.203626	0.252477	0.213181	0.13769	0.0923488	2.55932	1.00618	0.338873
3920000	-48.88752	0	-48.88752	0.11875	0.360232	0.119276	0.309691	0.125465	0.046959	5.45532	4.45046	0.975901
3930000	-54.02536	0	-54.02536	0.148128	0.189685	0.354373	0.373839	0.104032	0.0878651	4.51619	0.449689	1.22922
3940000	-50.06185	0	-50.06185	0.112503	0.137688	0.141115	0.373898	0.0540598	0.113453	7.82162	1.06069	0.680057
3950000	-47.49624	0	-47.49624	0.141195	0.188258	0.227589	0.346547	0.0781691	0.10334	6.40294	1.38678	1.35266
3960000	-45.29917	0	-45.29917	0.14042	0.165808	0.278766	0.252112	0.0702176	0.138282	7.10207	0.991477	1.09576
3970000	-73.59097	0	-73.59097	0.178202	0.0873251	0.282127	0.419531	0.130717	0.063066	2.6952	0.235444	0.427151
3980000	-53.77486	0	-53.77486	0.103605	0.119454	0.149198	0.211082	0.0823215	0.156774	4.36201	1.74249	1.38267
3990000	-59.85003	0	-59.85003	0.127727	0.180178	0.203662	0.293822	0.170559	0.0786066	4.11309	1.1022	1.43667
4000000	-49.1606	0	-49.1606	0.233628	0.232519	0.250274	0.299099	0.12285	0.102346	6.38649	1.34581	0.682199
4010000	-34.77939	0	-34.77939	0.17071	0.210993	0.132063	0.217886	0.0537101	0.106505	6.81518	2.13259	1.42217
4020000	-66.2782	0	-66.2782	0.0995654	0.143622	0.312045	0.280406	0.157243	0.189755	8.67521	0.475781	0.129771
4030000	-47.63769	0	-47.63769	0.0640002	0.113779	0.109051	0.228574	0.0941616	0.2287	5.33775	1.11836	0.498022
4040000	-52.92711	0	-52.92711	0.100819	0.16582	0.154563	0.383297	0.120901	0.152386	6.01131	0.716915	1.38729
4050000	-36.02645	0	-36.02645	0.13874	0.104761	0.20021	0.228107	0.13017	0.037112	5.78723	1.36235	3.74141
4060000	-47.11256	0	-47.11256	0.0888472	0.219228	0.297839	0.240663	0.0755943	0.0653932	4.47692	0.989412	0.393379
4070000	-60.82545	0	-60.82545	0.18182	0.162813	0.118108	0.305149	0.0672789	0.111772	3.08426	0.290531	1.3832
4080000	-57.16846	0	-57.16846	0.166785	0.163281	0.311163	0.201741	0.092007	0.126384	9.93474	0.76338	0.754286
4090000	-49.56784	0	-49.56784	0.173143	0.129261	0.258695	0.198867	0.0829549	0.177004	4.58427	0.645953	1.27299
4100000	-54.06661	0	-54.06661	0.225439	0.171175	0.108996	0.224352	0.0551418	0.142475	4.18427	1.93529	0.29596
4110000	-66.37053	0	-66.37053	0.100406	0.130091	0.376717	0.347908	0.0511469	0.109117	5.89154	0.876304	0.996293
4120000	-45.11809	0	-45.11809	0.130935	0.173466	0.143547	0.372198	0.0642082	0.0711301	5.78969	1.32192	0.745119
4130000	-72.17255	0	-72.17255	0.125304	0.15428	0.175494	0.227906	0.0641865	0.0833726	2.4515	0.461812	0.260148
4140000	-58.8491	0	-58.8491	0.13061	0.110196	0.169321	0.283926	0.109608	0.120567	7.86984	0.961203	0.367991
4150000	-42.32296	0	-42.32296	0.183073	0.27121	0.407557	0.379251	0.0708509	0.0701797	7.72691	1.99887	0.555272
4160000	-60.03695	0	-60.03695	0.110953	0.216605	0.236166	0.338922	0.0979612	0.239778	1.91429	0.355452	2.54532
4170000	-61.49872	0	-61.49872	0.201743	0.184726	0.097829	0.201227	0.0528002	0.128631	2.98601	0.767039	1.65911
4180000	-66.9613	0	-66.9613	0.122222	0.0767736	0.194963	0.224165	0.0450978	0.106224	5.38837	0.542592	0.517794
4190000	-60.83579	0	-60.83579	0.176481	0.232768	0.294033	0.210911	0.102518	0.129597	3.03664	2.9329	1.16606
4200000	-48.12923	0	-48.12923	0.1833	0.142979	0.263572	0.423006	0.0621631	0.144572	6.18502	0.390788	1.6658
4210000	-65.01006	0	-65.01006	0.119509	0.114017	0.230933	0.28621	0.0872442	0.136282	4.52659	1.1933	0.587168
4220000	-58.91355	0	-58.91355	0.176018	0.350611	0.321863	0.291185	0.186822	0.190521	3.7236	1.13112	1.54946
4230000	-66.169	0	-66.169	0.113498	0.12443	0.195495	0.24585	0.119309	0.10082	3.02491	0.411194	0.544417
4240000	-41.09259	0	-41.09259	0.218447	0.170293	0.267257	0.2693	0.0450929	0.166367	6.60333	1.45877	0.44869
4250000	-48.99733	0	-48.99733	0.155023	0.121191	0.161112	0.279032	0.114162	0.151525	6.01483	4.01567	0.50397
4260000	-59.47517	0	-59.47517	0.161951	0.124084	0.260311	0.328535	0.0789051	0.118879	5.09847	0.331696	0.20063
4270000	-31.81829	0	-31.81829	0.164335	0.0865478	0.164325	0.264157	0.0651415	0.164387	15.5095	1.55264	2.1733
4280000	-54.14592	0	-54.14592	0.200344	0.141973	0.135327	0.341487	0.0506505	0.0513151	4.85301	1.03106	0.578722
4290000	-37.80488	0	-37.80488	0.127722	0.220318	0.185276	0.254325	0.0669686	0.0936175	7.74628	4.33452	3.04156
4300000	-53.12539	0	-53.12539	0.165726	0.164203	0.119369	0.33617	0.0536565	0.134861	3.98622	1.35214	2.12211
4310000	-40.18659	0	-40.18659	0.0988287	0.112476	0.161087	0.316184	0.107754	0.102172	11.1896	2.14861	0.981126
4320000	-70.3698	0	-70.3698	0.0579684	0.301178	0.393357	0.244434	0.1959	0.109949	2.12851	0.879959	1.03511
4330000	-54.82428	0	-54.82428	0.0824208	0.142536	0.234047	0.341557	0.0507902	0.168333	4.19809	0.548749	0.682757
4340000	-47.31468	0	-47.31468	0.22258	0.138175	0.216856	0.381832	0.131561	0.0824507	6.15093	0.696717	0.85309
4350000	-51.06506	0	-51.06506	0.190463	0.323536	0.446625	0.234524	0.102159	0.118341	4.51784	0.75281	0.685326
4360000	-45.58891	0	-45.58891	0.0895693	0.264938	0.339719	0.405786	0.105138	0.155967	6.40731	1.87054	1.61743
4370000	-55.58985	0	-55.58985	0.0901359	0.18453	0.395291	0.275609	0.0397494	0.0748886	5.07335	1.30572	0.434286
4380000	-65.18671	0	-65.18671	0.194988	0.198138	0.195588	0.281304	0.116647	0.056444	4.93748	0.453116	0.25956
4390000	-49.89847	0	-49.89847	0.0976759	0.135463	0.102982	0.274151	0.074328	0.141363	5.74341	1.11557	0.679952
4400000	-51.78796	0	-51.78796	0.161134	0.195336	0.26924	0.166733	0.098992	0.0880003	6.72617	0.356832	0.774025
4410000	-59.13895	0	-59.13895	0.092834	0.17741	0.274042	0.251488	0.0763147	0.0893347	3.9689	1.38631	0.441885
4420000	-63.24433	0	-63.24433	0.0992213	0.274797	0.13293	0.315032	0.109264	0.142288	3.83388	1.09271	0.229729
4430000	-44.76887	0	-44.76887	0.151507	0.183506	0.245476	0.540664	0.125801	0.121587	8.84949	1.21178	0.945377
4440000	-52.18554	0	-52.18554	0.135281	0.135544	0.118457	0.330977	0.132061	0.0728498	5.92464	1.11295	0.122311
4450000	-61.74565	0	-61.74565	0.175755	0.270627	0.278697	0.298334	0.0747327	0.1286	5.54157	0.841684	1.2095
4460000	-71.8372	0	-71.8372	0.121079	0.177968	0.230197	0.441347	0.0606201	0.246394	3.27641	0.974597	0.689119
4470000	-55.3783	0	-55.3783	0.119468	0.104463	0.203595	0.218383	0.12933	0.190828	3.40636	2.00023	1.95471
4480000	-44.93736	0	-44.93736	0.136519	0.201118	0.19535	0.180804	0.0851375	0.112912	8.30824	0.442519	1.45145
4490000	-65.34645	0	-65.34645	0.130113	0.237215	0.132375	0.303755	0.102512	0.105604	5.26648	0.553653	0.827524
4500000	-65.04894	0	-65.04894	0.172214	0.0723169	0.142998	0.434993	0.0722458	0.116146	5.01853	0.196141	0.345164
4510000	-46.54145	0	-46.54145	0.148041	0.211619	0.274203	0.316726	0.125974	0.0899926	9.13182	1.29398	0.962611
4520000	-41.60963	0	-41.60963	0.167342	0.124344	0.171276	0.26248	0.101485	0.0868671	9.01723	0.752854	2.48646
4530000	-52.424	0	-52.424	0.142834	0.216283	0.453816	0.219722	0.10122	0.166136	5.73107	0.989255	2.59178
4540000	-51.62435	0	-51.62435	0.182191	0.122934	0.13288	0.375854	0.0493203	0.0706542	7.80026	1.63542	0.957246
4550000	-54.99758	0	-54.99758	0.120021	0.0956273	0.280741	0.364446	0.137333	0.0897037	4.30899	1.984	0.698465
4560000	-48.49924	0	-48.49924	0.121874	0.200624	0.284677	0.21277	0.0946027	0.136987	4.86029	0.935014	0.431536
4570000	-53.81749	0	-53.81749	0.0694265	0.209711	0.184416	0.202127	0.0670697	0.396637	5.22498	0.67342	0.593768
4580000	-49.87635	0	-49.87635	0.348284	0.132873	0.203992	0.291568	0.125879	0.19148	5.83824	1.43657	0.320483
4590000	-40.30234	0	-40.30234	0.172511	0.268818	0.15833	0.217548	0.0623136	0.0541296	9.93839	2.90546	1.16632
4600000	-53.51956	0	-53.51956	0.109412	0.112505	0.188159	0.40906	0.0563281	0.179014	5.58358	2.48655	0.374567
4610000	-55.5389	0	-55.5389	0.1177	0.144181	0.168378	0.269269	0.109821	0.140906	4.64432	0.536934	0.802276
4620000	-62.29426	0	-62.29426	0.16835	0.157312	0.241164	0.196978	0.0704155	0.0589574	3.72016	0.686909	0.364858
4630000	-61.50586	0	-61.50586	0.135042	0.10093	0.290701	0.389856	0.09866	0.185973	5.49711	0.573155	0.734572
4640000	-47.56837	0	-47.56837	0.162951	0.154964	0.315618	0.286814	0.0807408	0.103044	7.17918	1.36919	0.248726
4650000	-38.36523	0	-38.36523	0.161888	0.179282	0.304894	0.271029	0.127713	0.196622	3.74488	4.90326	0.638326
4660000	-47.90472	0	-47.90472	0.157848	0.146509	0.291551	0.32752	0.0460074	0.17551	7.73001	0.573847	1.79173
4670000	-46.319	0	-46.319	0.167306	0.224742	0.173059	0.282238	0.10521	0.0904177	6.12879	1.23363	0.441835
4680000	-55.11907	0	-55.11907	0.101498	0.0778744	0.184977	0.274808	0.0366771	0.153765	9.96437	1.27433	0.336919
4690000	-55.37307	0	-55.37307	0.122692	0.0983225	0.191813	0.180553	0.09745	0.148101	4.03276	1.17504	1.8957
4700000	-26.72936	0	-26.72936	0.258106	0.16286	0.200724	0.178879	0.0681727	0.0973412	11.6364	3.36192	1.06194
4710000	-48.52051	0	-48.52051	0.141304	0.125668	0.285604	0.27354	0.0738462	0.147258	5.13124	1.34411	1.08775
4720000	-44.103	0	-44.103	0.13484	0.165777	0.0976533	0.198167	0.0691948	0.111884	5.80018	1.1579	1.48331
4730000	-56.80629	0	-56.80629	0.214303	0.30762	0.209841	0.249621	0.0774858	0.0571196	5.3348	0.720517	0.278958
4740000	-52.39383	0	-52.39383	0.0754419	0.247242	0.178974	0.282595	0.138577	0.131288	6.73302	0.698521	0.649211
4750000	-74.21666	0	-74.21666	0.129244	0.106086	0.177094	0.174342	0.138649	0.137845	6.3526	0.910802	0.0705633
4760000	-47.50216	0	-47.50216	0.141934	0.182856	0.253548	0.245927	0.0821506	0.058693	10.3533	1.04227	0.705611
4770000	-52.0295	0	-52.0295	0.116114	0.199638	0.285587	0.199612	0.107969	0.130317	4.81588	1.85828	1.02402
4780000	-43.60918	0	-43.60918	0.170108	0.161075	0.183236	0.37509	0.0970957	0.112712	6.8801	0.951082	1.30051
4790000	-65.38374	0	-65.38374	0.188625	0.144647	0.094653	0.332718	0.0367316	0.0623938	6.07684	0.546868	0.194196
4800000	-52.21867	0	-52.21867	0.280342	0.261357	0.209583	0.272904	0.131759	0.131843	6.45177	1.30624	0.63462
4810000	-43.02979	0	-43.02979	0.0769283	0.14091	0.130566	0.333719	0.0688241	0.0801073	6.81925	1.56505	2.77306
4820000	-54.41883	0	-54.41883	0.162562	0.151775	0.385037	0.254612	0.119302	0.166965	4.92979	0.55005	2.3807
4830000	-47.39688	0	-47.39688	0.139784	0.134517	0.23725	0.214506	0.0592907	0.30307	6.09255	1.38459	0.782693
4840000	-62.12757	0	-62.12757	0.0869733	0.125557	0.188169	0.469168	0.0820278	0.0667633	4.80431	1.00036	0.234561
4850000	-56.72403	0	-56.72403	0.194084	0.257633	0.305966	0.377517	0.0601987	0.124228	3.71481	1.65169	1.00182
4860000	-56.0299	0	-56.0299	0.132346	0.28206	0.270153	0.272407	0.17525	0.0636675	5.05333	0.834744	0.781417
4870000	-58.65549	0	-58.65549	0.158413	0.145531	0.197619	0.32531	0.0754709	0.0605673	3.81105	0.982408	0.494956
4880000	-52.13026	0	-52.13026	0.15956	0.135024	0.0858158	0.357404	0.0489508	0.179104	4.13407	1.64683	0.835369
4890000	-47.39237	0	-47.39237	0.159364	0.20876	0.267824	0.326202	0.0741837	0.125834	5.58773	1.5992	0.307257
4900000	-51.75295	0	-51.75295	0.122891	0.118807	0.189923	0.288768	0.0326736	0.193939	4.95475	0.85568	1.19951
4910000	-52.39252	0	-52.39252	0.321112	0.190838	0.160611	0.27358	0.0450427	0.0954448	10.2225	1.13229	1.54562
4920000	-86.40894	0	-86.40894	0.106565	0.13162	0.199257	0.249305	0.136595	0.145273	1.99793	0.332932	0.163764
4930000	-48.75831	0	-48.75831	0.197196	0.160605	0.243259	0.245525	0.0995835	0.0627279	4.9977	1.03785	0.329526
4940000	-51.99531	0	-51.99531	0.137721	0.251957	0.192371	0.26129	0.060896	0.124916	7.75879	0.989836	0.401275
4950000	-55.4514	0	-55.4514	0.168932	0.154784	0.125222	0.236322	0.11003	0.0607135	3.39872	1.82548	0.709625
4960000	-60.77462	0	-60.77462	0.119159	0.0693948	0.201394	0.303714	0.084512	0.119319	4.86101	0.395783	0.744581
4970000	-51.35133	0	-51.35133	0.161903	0.174677	0.088804	0.384529	0.152075	0.0714398	5.78887	2.2919	0.607999
4980000	-39.64904	0	-39.64904	0.126066	0.175644	0.433113	0.184347	0.0493336	0.0374568	7.77477	4.89417	2.28194
4990000	-66.36833	0	-66.36833	0.119277	0.226781	0.131763	0.281483	0.0367423	0.141157	2.52605	0.594831	0.261327
5000000	-57.10221	0	-57.10221	0.13151	0.104623	0.127652	0.286705	0.116455	0.134305	7.88094	0.721139	1.12632
