Iteration	Posterior	Likelihood	Prior	lambda[1]	lambda[2]	lambda[3]	mu[1]	mu[2]	mu[3]	psi[1]	psi[2]	psi[3]
0	-38.21046	0	-38.21046	0.135885	0.212062	0.0869033	0.0802655	0.21576	0.293399	0.18203	0.881384	0.490303
10000	-16.19398	0	-16.19398	0.0634771	0.262714	0.237131	0.13986	0.104826	0.117785	1.30127	0.339862	1.0779
20000	-15.61349	0	-15.61349	0.23892	0.0554035	0.168497	0.176989	0.242778	0.126481	2.65412	0.357922	0.678945
30000	-10.27459	0	-10.27459	0.161759	0.212243	0.114207	0.259539	0.0723791	0.145784	2.38656	1.71041	0.0608041
40000	-13.90147	0	-13.90147	0.0989442	0.35382	0.151465	0.38767	0.128683	0.139586	1.27609	1.21378	0.493856
50000	-13.85305	0	-13.85305	0.430788	0.173673	0.108484	0.351623	0.131666	0.118821	4.71528	2.9841	1.05763
60000	-16.10002	0	-16.10002	0.142417	0.106635	0.12303	0.257128	0.0765795	0.0941694	4.04312	0.911363	0.642933
70000	-13.83027	0	-13.83027	0.133687	0.147082	0.199505	0.397177	0.112202	0.152642	2.19512	0.367996	0.545945
80000	-24.10461	0	-24.10461	0.146971	0.121167	0.174134	0.740496	0.0778075	0.0665283	4.60962	0.313677	1.6287
90000	-14.27058	0	-14.27058	0.136751	0.0870504	0.104329	0.458672	0.203262	0.101475	3.21984	0.455433	2.35976
100000	-18.25231	0	-18.25231	0.111162	0.218512	0.366228	0.262617	0.0999256	0.271534	2.22107	0.414144	0.501077
110000	-14.59713	0	-14.59713	0.133179	0.16057	0.103804	0.308946	0.130512	0.0707481	1.34466	0.870811	0.315594
120000	-15.7395	0	-15.7395	0.0946228	0.2619	0.128624	0.130728	0.103685	0.0678852	3.49976	0.989016	0.436059
130000	-19.14113	0	-19.14113	0.15854	0.195543	0.126141	0.177155	0.291177	0.16924	2.20452	1.17338	0.667776
140000	-13.98896	0	-13.98896	0.0466545	0.241355	0.122026	0.231584	0.101826	0.063124	5.06195	1.23129	1.20512
150000	-22.23591	0	-22.23591	0.338527	0.231125	0.157746	0.515627	0.0941443	0.117143	2.51314	0.414573	0.172368
160000	-11.02028	0	-11.02028	0.141174	0.340502	0.217241	0.263942	0.132284	0.240402	4.61596	1.90338	1.41156
170000	-17.93118	0	-17.93118	0.102981	0.330451	0.190008	0.408775	0.0881714	0.140946	2.42731	0.124097	0.097076
180000	-21.70524	0	-21.70524	0.098962	0.121584	0.317633	0.53126	0.0701558	0.143697	4.57195	0.70989	0.0396927
190000	-16.93915	0	-16.93915	0.270011	0.346395	0.182407	0.417173	0.0901354	0.124731	4.2539	1.68077	0.0565129
200000	-15.81828	0	-15.81828	0.108956	0.173839	0.138227	0.384658	0.0632608	0.350218	3.90047	0.395688	0.536978
210000	-15.47212	0	-15.47212	0.127593	0.233817	0.198286	0.15872	0.0579041	0.0797142	1.32305	0.400962	2.74483
220000	-11.41198	0	-11.41198	0.0723976	0.271755	0.126629	0.164635	0.18452	0.167724	4.742	3.79609	0.575428
230000	-20.98593	0	-20.98593	0.10774	0.0452835	0.298857	0.426403	0.21119	0.0690427	5.97739	0.749225	0.500867
240000	-19.89296	0	-19.89296	0.129265	0.189875	0.149354	0.392191	0.179439	0.0823507	5.03127	0.2093	0.204735
250000	-13.68857	0	-13.68857	0.249416	0.186841	0.185427	0.17368	0.0944433	0.151731	2.51139	1.88621	1.20492
260000	-18.42575	0	-18.42575	0.0636195	0.308666	0.103749	0.342208	0.257333	0.104501	2.70298	1.36201	4.33129
270000	-14.44379	0	-14.44379	0.0644384	0.0944894	0.245671	0.271902	0.200426	0.166338	3.76856	0.755232	2.06997
280000	-14.45897	0	-14.45897	0.152958	0.138987	0.28309	0.291034	0.0670863	0.163847	3.35373	0.342708	1.92427
290000	-18.44714	0	-18.44714	0.0996671	0.261483	0.3978	0.33091	0.120187	0.112661	1.1438	0.455349	0.208194
300000	-16.16212	0	-16.16212	0.150644	0.304442	0.0550111	0.348658	0.225942	0.115334	2.08334	0.908309	0.765915
310000	-17.43199	0	-17.43199	0.149508	0.100431	0.212451	0.236372	0.166931	0.100779	1.68106	0.150422	0.749436
320000	-17.76351	0	-17.76351	0.176208	0.283238	0.0991687	0.283543	0.24574	0.126341	2.7727	2.10886	1.61593
330000	-15.03303	0	-15.03303	0.118446	0.195044	0.273214	0.240715	0.205043	0.170787	3.77806	0.500982	1.27585
340000	-18.87939	0	-18.87939	0.0309239	0.264859	0.124543	0.16164	0.204802	0.0877461	4.0893	0.477706	0.319817
350000	-23.5275	0	-23.5275	0.130556	0.0897159	0.25119	0.287991	0.0784196	0.0754381	0.73315	0.697569	0.0786353
360000	-15.21718	0	-15.21718	0.111262	0.217753	0.279059	0.151381	0.165226	0.104331	1.51619	3.5646	0.861743
370000	-17.48043	0	-17.48043	0.0755587	0.225164	0.0956864	0.191512	0.164507	0.289169	2.29833	0.799451	0.691345
380000	-15.16609	0	-15.16609	0.0770515	0.261494	0.148712	0.255948	0.0514402	0.120579	4.17862	0.209766	0.903517
390000	-15.35995	0	-15.35995	0.204271	0.259745	0.138386	0.368097	0.340218	0.195977	2.84183	0.651649	0.498076
400000	-17.71404	0	-17.71404	0.0435496	0.216426	0.348899	0.307127	0.091703	0.203602	3.53491	2.33091	0.0639693
410000	-13.22691	0	-13.22691	0.221735	0.304511	0.150852	0.274272	0.114744	0.106287	2.32527	3.3791	1.4115
420000	-16.79847	0	-16.79847	0.185949	0.243412	0.286095	0.243665	0.194866	0.153754	2.27935	0.961687	0.529901
430000	-16.49208	0	-16.49208	0.0862835	0.122171	0.314502	0.297289	0.123891	0.105487	4.11075	1.27596	0.138387
440000	-23.22021	0	-23.22021	0.231605	0.12002	0.0758727	0.463737	0.0972057	0.130459	0.975953	1.45053	1.07575
450000	-18.05818	0	-18.05818	0.164953	0.292885	0.288158	0.252801	0.198482	0.0578091	1.80219	1.32377	2.35113
460000	-12.3182	0	-12.3182	0.0546102	0.123123	0.0794824	0.162792	0.171024	0.113651	1.97387	1.36781	1.95523
470000	-13.86488	0	-13.86488	0.0897982	0.250787	0.213273	0.35986	0.0991427	0.124114	2.45307	0.138903	2.84901
480000	-16.64689	0	-16.64689	0.0672099	0.370173	0.165205	0.307218	0.0955241	0.0847995	4.12213	1.03599	0.0642598
490000	-26.74191	0	-26.74191	0.267121	0.155315	0.141332	0.260366	0.151295	0.068935	3.56968	0.619666	0.247617
500000	-21.45496	0	-21.45496	0.133258	0.140847	0.0973699	0.153169	0.0980458	0.0530894	1.04602	1.70649	0.110942
510000	-14.31343	0	-14.31343	0.149509	0.0678562	0.237616	0.501739	0.133143	0.197441	3.47643	0.16688	1.39839
520000	-23.00339	0	-23.00339	0.0373263	0.24285	0.180646	0.401135	0.214603	0.137941	1.71285	2.2678	0.75319
530000	-15.31155	0	-15.31155	0.203525	0.139163	0.181252	0.336025	0.17828	0.13474	3.22386	0.666113	0.947776
540000	-15.05231	0	-15.05231	0.111038	0.184351	0.119613	0.256773	0.124799	0.160324	2.64982	0.102633	1.9515
550000	-17.44034	0	-17.44034	0.265442	0.117488	0.241914	0.18672	0.0987632	0.121939	2.79965	0.715555	0.336175
560000	-18.01398	0	-18.01398	0.0701749	0.134135	0.216558	0.751702	0.178352	0.0993402	3.56818	0.729485	1.02018
570000	-19.01026	0	-19.01026	0.107376	0.171514	0.193833	0.354006	0.067149	0.221264	1.83453	0.151363	0.0547667
580000	-17.85989	0	-17.85989	0.162411	0.530646	0.131659	0.269735	0.0887487	0.0787013	2.37238	1.13155	0.518257
590000	-17.52928	0	-17.52928	0.182476	0.537962	0.20517	0.604993	0.188829	0.126631	2.07077	1.61496	1.64326
600000	-22.28319	0	-22.28319	0.201583	0.258735	0.182122	0.26503	0.116253	0.0635003	5.49473	0.880192	0.114007
610000	-13.45605	0	-13.45605	0.164033	0.183032	0.183881	0.320036	0.198891	0.103797	5.32614	1.4814	0.463407
620000	-10.51035	0	-10.51035	0.137081	0.188093	0.129938	0.360057	0.116326	0.0794304	7.14101	1.46839	0.383964
630000	-19.0875	0	-19.0875	0.136976	0.15649	0.129943	0.289394	0.10374	0.120743	2.37228	0.488953	0.0255198
640000	-15.81649	0	-15.81649	0.0939761	0.47639	0.291107	0.392485	0.0998096	0.34387	4.3607	0.219092	0.505015
650000	-16.82019	0	-16.82019	0.0518912	0.243565	0.165646	0.25861	0.0479711	0.256953	5.78764	0.870618	0.404867
660000	-18.27907	0	-18.27907	0.0968435	0.24983	0.21229	0.206756	0.0935879	0.279607	2.24004	0.959932	0.372001
670000	-16.19964	0	-16.19964	0.0728074	0.174691	0.130275	0.208274	0.171586	0.181105	1.77197	1.51577	1.68283
680000	-15.40909	0	-15.40909	0.109133	0.253669	0.126025	0.249054	0.0733653	0.166888	3.16832	0.41374	2.97848
690000	-20.8075	0	-20.8075	0.71112	0.177984	0.14012	0.391431	0.0874764	0.0859846	4.57671	2.10145	2.29258
700000	-15.00822	0	-15.00822	0.218147	0.368775	0.142796	0.218674	0.0761429	0.166354	1.81786	0.969755	3.42114
710000	-14.47306	0	-14.47306	0.0625743	0.332207	0.0559621	0.199304	0.142388	0.26087	2.81172	1.47758	2.22832
720000	-18.88079	0	-18.88079	0.127177	0.439781	0.0427648	0.321205	0.129828	0.0983635	1.67221	1.08799	1.12178
730000	-16.77975	0	-16.77975	0.0796258	0.38477	0.266374	0.186296	0.0760448	0.109124	3.43153	0.213833	0.884406
740000	-18.46334	0	-18.46334	0.105187	0.118519	0.162559	0.483285	0.125872	0.115191	4.91414	0.216394	0.155795
750000	-13.65881	0	-13.65881	0.062849	0.0890274	0.172158	0.492636	0.147586	0.160716	6.50002	1.19134	4.45738
760000	-18.3962	0	-18.3962	0.0892791	0.237945	0.172257	0.181805	0.184519	0.102181	3.07227	0.507389	0.352708
770000	-16.64497	0	-16.64497	0.219913	0.300614	0.139848	0.364878	0.0960752	0.200534	1.94458	3.47794	0.188744
780000	-24.81429	0	-24.81429	0.0522979	0.105438	0.131665	0.447367	0.192817	0.0768908	4.26467	0.449788	0.0659348
790000	-21.71443	0	-21.71443	0.358497	0.199584	0.135635	0.418507	0.232602	0.196098	0.9944	0.402139	0.322156
800000	-24.3104	0	-24.3104	0.0976658	0.10585	0.245031	0.401887	0.133128	0.144837	0.612853	0.288261	0.0605548
810000	-10.30233	0	-10.30233	0.068742	0.367144	0.20022	0.217338	0.143133	0.0887569	5.49932	3.55504	2.19838
820000	-10.91874	0	-10.91874	0.0997686	0.280042	0.232539	0.153157	0.123978	0.124717	3.61288	1.87772	0.205355
830000	-13.91814	0	-13.91814	0.0541864	0.143757	0.0927362	0.296316	0.101488	0.199193	2.10324	0.880514	0.0680085
840000	-24.10788	0	-24.10788	0.152925	0.126206	0.277493	0.198047	0.140766	0.0675676	2.23597	0.145183	0.26193
850000	-24.4651	0	-24.4651	0.336315	0.145373	0.0942939	0.324489	0.174963	0.0489839	1.59908	2.00739	0.108794
860000	-21.11322	0	-21.11322	0.115189	0.10841	0.106029	0.162512	0.125528	0.0560093	2.17264	0.923707	0.223886
870000	-11.96884	0	-11.96884	0.163566	0.315899	0.125671	0.320314	0.107061	0.158617	2.04781	1.23699	1.31401
880000	-12.03736	0	-12.03736	0.10694	0.163239	0.136232	0.278727	0.0870362	0.205936	4.78556	0.93878	0.422055
890000	-16.3556	0	-16.3556	0.08805	0.277108	0.211476	0.672259	0.0553071	0.19084	3.52782	0.658478	1.19914
900000	-26.82739	0	-26.82739	0.150282	0.169897	0.175882	0.166145	0.107735	0.246825	1.95964	1.27832	0.0595707
910000	-20.67884	0	-20.67884	0.140107	0.177929	0.30198	0.294017	0.0826203	0.177356	1.19873	0.472343	3.71393
920000	-19.08331	0	-19.08331	0.236884	0.341409	0.377467	0.162336	0.0656191	0.215019	2.86404	0.320518	1.18992
930000	-17.17305	0	-17.17305	0.193743	0.225592	0.193959	0.466682	0.131679	0.0776742	2.72562	0.211697	0.15254
940000	-16.39964	0	-16.39964	0.075818	0.0835789	0.289479	0.199095	0.122753	0.161026	2.78268	0.1725	0.112162
950000	-15.43403	0	-15.43403	0.0508532	0.152005	0.108597	0.427233	0.123871	0.146493	2.20912	3.09505	1.69431
960000	-15.88978	0	-15.88978	0.123716	0.393793	0.202612	0.274074	0.0653036	0.198836	1.69217	0.970361	0.666244
970000	-15.04874	0	-15.04874	0.144233	0.258963	0.142687	0.221077	0.139524	0.122998	2.22805	0.62429	0.153849
980000	-18.07325	0	-18.07325	0.236905	0.193809	0.234309	0.209152	0.120507	0.216776	2.3596	0.787508	1.98577
990000	-22.96908	0	-22.96908	0.168528	0.645725	0.142248	0.0636759	0.272586	0.166644	2.05416	2.98195	0.891009
1000000	-18.78228	0	-18.78228	0.0599885	0.176328	0.0729818	0.121971	0.207301	0.195485	7.62501	1.25685	0.0765221
1010000	-10.65236	0	-10.65236	0.129391	0.147227	0.205473	0.390171	0.113733	0.104879	2.0145	1.23805	1.17616
1020000	-12.86747	0	-12.86747	0.145587	0.274582	0.270944	0.295881	0.136793	0.152771	2.18393	1.80023	0.584337
1030000	-18.63278	0	-18.63278	0.176754	0.151785	0.19118	0.216219	0.100741	0.0428888	4.13526	0.513266	0.377527
1040000	-16.03076	0	-16.03076	0.0976545	0.067681	0.176118	0.437831	0.135337	0.0765735	4.56207	2.81813	0.940089
1050000	-20.88406	0	-20.88406	0.206967	0.198955	0.213979	0.256663	0.0604107	0.159899	5.02431	0.227896	0.221569
1060000	-19.40321	0	-19.40321	0.0853389	0.190692	0.0899654	0.292024	0.0648623	0.309719	1.82738	0.316316	1.72545
1070000	-14.97884	0	-14.97884	0.17841	0.147688	0.200183	0.27057	0.129363	0.193187	5.82966	0.672191	0.0862275
1080000	-14.47609	0	-14.47609	0.0864928	0.159911	0.17101	0.334003	0.139021	0.145193	2.58675	0.540802	0.507456
1090000	-12.60474	0	-12.60474	0.162927	0.146002	0.113343	0.452775	0.140704	0.173288	3.97287	0.421434	1.64189
1100000	-19.2902	0	-19.2902	0.0689185	0.341411	0.240133	0.0850265	0.102235	0.114364	5.35636	0.749447	0.906721
1110000	-19.7957	0	-19.7957	0.169206	0.161824	0.0980408	0.216089	0.138481	0.1494	4.75938	0.279141	0.0310891
1120000	-13.11826	0	-13.11826	0.0736731	0.202849	0.172764	0.328067	0.0893803	0.127649	4.19152	0.462738	0.135041
1130000	-15.61465	0	-15.61465	0.10897	0.189113	0.16706	0.256055	0.0962484	0.101215	4.60071	0.286378	0.293673
1140000	-13.40148	0	-13.40148	0.139075	0.0502816	0.142028	0.349002	0.0924777	0.295462	4.68913	1.60146	0.644463
1150000	-23.61984	0	-23.61984	0.200371	0.326869	0.138466	0.716607	0.148303	0.254501	3.20833	0.681327	0.964578
1160000	-17.50509	0	-17.50509	0.161198	0.281212	0.213208	0.374423	0.0981994	0.195045	3.02803	0.0896843	0.405111
1170000	-17.72028	0	-17.72028	0.0742745	0.0705135	0.130018	0.442912	0.124351	0.0700792	6.92496	0.334353	0.0354058
1180000	-20.48725	0	-20.48725	0.119194	0.0964991	0.237048	0.19329	0.169586	0.102177	3.4039	1.08279	0.045364
1190000	-15.27497	0	-15.27497	0.0822688	0.225953	0.322296	0.351143	0.110775	0.171944	2.83514	1.04918	1.95959
1200000	-14.69885	0	-14.69885	0.0679258	0.263912	0.137084	0.197603	0.0964206	0.164112	2.91657	0.343309	1.70109
1210000	-21.36878	0	-21.36878	0.0446399	0.17481	0.10674	0.106488	0.18113	0.214281	3.56793	0.672736	0.299968
1220000	-14.02261	0	-14.02261	0.0589613	0.182324	0.0697026	0.283223	0.1245	0.202895	2.81364	1.03207	1.25854
1230000	-14.545	0	-14.545	0.109019	0.458529	0.15875	0.211861	0.130546	0.102932	4.43273	0.686793	0.901274
1240000	-13.02159	0	-13.02159	0.125918	0.0735798	0.168835	0.281671	0.0740911	0.0726896	7.30616	0.633046	1.26483
1250000	-17.3187	0	-17.3187	0.094856	0.22791	0.373482	0.334119	0.0809145	0.0404371	2.14566	1.04381	0.255887
1260000	-16.82163	0	-16.82163	0.151226	0.505119	0.143184	0.234647	0.0766337	0.0612841	1.15866	1.19871	0.344756
1270000	-14.29503	0	-14.29503	0.065669	0.220159	0.164018	0.430542	0.0838614	0.152379	4.74084	0.554372	0.183522
1280000	-14.34702	0	-14.34702	0.139235	0.165427	0.096961	0.181267	0.0840985	0.177708	3.43394	1.63419	0.328943
1290000	-18.45471	0	-18.45471	0.102324	0.258014	0.0503339	0.392071	0.0516474	0.137622	1.78605	0.224879	2.7977
1300000	-15.04899	0	-15.04899	0.14925	0.149522	0.234841	0.446243	0.111811	0.0594323	2.25375	0.925484	0.293398
1310000	-17.63488	0	-17.63488	0.121309	0.0779078	0.0704874	0.463578	0.0989556	0.143856	2.33977	0.645451	0.161166
1320000	-22.57682	0	-22.57682	0.159512	0.495031	0.20564	0.443011	0.113686	0.104735	11.0738	0.529065	0.577029
1330000	-17.7326	0	-17.7326	0.0622585	0.491686	0.0474751	0.260824	0.089368	0.110734	3.79114	0.0357475	0.340113
1340000	-19.11666	0	-19.11666	0.141493	0.160181	0.159044	0.289082	0.0655865	0.055499	1.68904	0.792444	0.391241
1350000	-19.01062	0	-19.01062	0.0435201	0.153357	0.167249	0.196046	0.217186	0.0750077	2.26702	1.56442	1.44704
1360000	-21.86899	0	-21.86899	0.207408	0.235335	0.134049	0.216033	0.109365	0.113382	3.58912	0.225391	0.37691
1370000	-14.74748	0	-14.74748	0.162853	0.618848	0.263607	0.207063	0.170709	0.0809015	3.33107	2.10886	0.486057
1380000	-18.81086	0	-18.81086	0.146149	0.487539	0.268934	0.189077	0.0656535	0.260853	4.90495	0.835663	1.94496
1390000	-23.5492	0	-23.5492	0.0882298	0.863063	0.498351	0.33285	0.119442	0.109231	2.08968	0.494863	0.789688
1400000	-16.51678	0	-16.51678	0.253686	0.496544	0.233128	0.253298	0.130662	0.0691645	2.41526	1.31983	0.481963
1410000	-16.03157	0	-16.03157	0.215682	0.419154	0.250998	0.333279	0.0980908	0.0789507	2.36948	1.5472	0.489112
1420000	-19.92629	0	-19.92629	0.174683	0.182801	0.147809	0.295147	0.132148	0.0705723	1.57207	0.144739	0.240478
1430000	-23.0776	0	-23.0776	0.375208	0.0875809	0.119337	0.343244	0.0740514	0.111957	3.87427	0.986231	1.00593
1440000	-13.78537	0	-13.78537	0.0773712	0.17924	0.212985	0.33591	0.154634	0.264272	3.78637	2.2087	1.16178
1450000	-26.71459	0	-26.71459	0.25684	0.10521	0.228793	0.246616	0.115503	0.127056	2.43417	0.493063	0.284043
1460000	-16.34372	0	-16.34372	0.109593	0.501883	0.239194	0.403983	0.20779	0.292202	3.93865	2.48208	0.885438
1470000	-16.01378	0	-16.01378	0.0756646	0.0924633	0.26536	0.30173	0.177017	0.0803838	3.10089	0.343561	0.0687867
1480000	-18.04847	0	-18.04847	0.120581	0.170511	0.0479067	0.382341	0.0935651	0.098533	2.94947	0.745785	1.56475
1490000	-10.07542	0	-10.07542	0.0675421	0.176821	0.127911	0.266944	0.136227	0.0588354	4.10103	0.496723	0.96549
1500000	-16.67228	0	-16.67228	0.156865	0.12063	0.0780411	0.510002	0.133932	0.162253	1.58068	0.772285	0.0489258
1510000	-21.23624	0	-21.23624	0.159998	0.0871699	0.248864	0.695598	0.16402	0.232818	5.8759	1.00162	0.0262857
1520000	-16.0941	0	-16.0941	0.0802868	0.212568	0.204606	0.243607	0.242123	0.0447794	3.37858	1.17218	0.56623
1530000	-13.28227	0	-13.28227	0.0992828	0.229755	0.238442	0.285562	0.0549137	0.194129	2.68669	1.26539	0.611835
1540000	-16.41675	0	-16.41675	0.195618	0.392837	0.226014	0.147937	0.0751864	0.10722	2.12533	1.11704	1.95536
1550000	-16.61423	0	-16.61423	0.0464697	0.11879	0.0763543	0.330757	0.176606	0.301608	2.97721	1.85359	2.15506
1560000	-14.54005	0	-14.54005	0.0959073	0.203584	0.286245	0.18034	0.136319	0.21739	1.80613	3.73036	0.656865
1570000	-17.58115	0	-17.58115	0.116013	0.0799571	0.173888	0.438578	0.115497	0.0744802	1.2671	0.708868	0.250443
1580000	-17.3295	0	-17.3295	0.229944	0.0721964	0.26336	0.572675	0.0681028	0.0727208	2.33689	0.197658	0.521433
1590000	-14.35914	0	-14.35914	0.0941401	0.195994	0.0875079	0.177669	0.101672	0.133208	5.03809	0.486761	3.38946
1600000	-16.98676	0	-16.98676	0.0999864	0.496471	0.170884	0.253267	0.0633302	0.118038	2.03608	0.801858	1.36375
1610000	-18.05865	0	-18.05865	0.0779689	0.0729427	0.238721	0.194925	0.0848285	0.0660398	2.7515	0.651406	0.377325
1620000	-13.23871	0	-13.23871	0.075344	0.271575	0.145993	0.366986	0.13272	0.138023	1.56206	0.438381	1.08437
1630000	-14.57103	0	-14.57103	0.195424	0.205474	0.190204	0.303999	0.172111	0.158983	1.39533	1.11214	1.09955
1640000	-18.50399	0	-18.50399	0.163251	0.0639936	0.158181	0.30544	0.135946	0.314135	0.960415	2.79221	0.515022
1650000	-13.92891	0	-13.92891	0.0531454	0.159618	0.144401	0.358299	0.103469	0.210724	1.9233	0.665949	0.377011
1660000	-17.07788	0	-17.07788	0.113262	0.118647	0.0526508	0.226698	0.1094	0.150601	4.75991	0.702307	1.42414
1670000	-16.37758	0	-16.37758	0.14898	0.197949	0.118928	0.382115	0.131802	0.155766	2.80127	0.817489	0.291401
1680000	-12.51873	0	-12.51873	0.113567	0.432148	0.181558	0.381892	0.0963308	0.0803551	3.80388	0.841782	0.140329
1690000	-14.36557	0	-14.36557	0.184622	0.162667	0.268485	0.583629	0.119273	0.108633	5.18045	1.14945	0.223341
1700000	-21.23251	0	-21.23251	0.0757606	0.323075	0.195412	0.242298	0.246819	0.0378192	1.85465	0.260286	0.229261
1710000	-17.15259	0	-17.15259	0.173193	0.171475	0.127852	0.411053	0.0885289	0.0747124	2.23094	0.725433	1.36796
1720000	-16.06058	0	-16.06058	0.14139	0.128764	0.140906	0.299197	0.0998174	0.0975609	1.75483	2.81449	0.336638
1730000	-19.75154	0	-19.75154	0.0738456	0.17013	0.491918	0.311556	0.0950512	0.242654	2.70811	0.674402	0.657722
1740000	-19.71466	0	-19.71466	0.071446	0.0407233	0.439156	0.254324	0.0645503	0.150355	5.01	0.345718	0.38216
1750000	-12.63802	0	-12.63802	0.0745569	0.161828	0.143795	0.331339	0.0933939	0.0888766	3.32665	0.594006	1.85943
1760000	-20.16001	0	-20.16001	0.114928	0.101458	0.183723	0.744023	0.0892241	0.174275	2.62879	1.21044	0.201441
1770000	-25.53361	0	-25.53361	0.130216	0.222659	0.289699	0.254876	0.053688	0.168656	2.73826	0.542949	0.0230643
1780000	-19.05437	0	-19.05437	0.112915	0.0976095	0.186936	0.240816	0.0983433	0.155694	1.45465	0.283907	0.111778
1790000	-20.73156	0	-20.73156	0.233038	0.512847	0.140726	0.322026	0.0769547	0.0883381	2.05557	0.542209	0.432854
1800000	-18.88645	0	-18.88645	0.0805882	0.18705	0.154293	0.498842	0.114221	0.0687744	1.28061	3.23588	0.783081
1810000	-15.33569	0	-15.33569	0.136911	0.192543	0.291087	0.266868	0.255542	0.193643	2.18434	1.55254	1.61135
1820000	-18.61315	0	-18.61315	0.103993	0.116442	0.352672	0.448056	0.0915899	0.251775	1.85842	0.393849	1.9038
1830000	-17.21361	0	-17.21361	0.0532447	0.419511	0.0779571	0.373314	0.186147	0.177848	2.8135	2.35817	2.93161
1840000	-15.87956	0	-15.87956	0.078929	0.083362	0.152202	0.230048	0.0897982	0.109851	3.25368	1.0442	0.913345
1850000	-16.17859	0	-16.17859	0.074556	0.0943084	0.159577	0.429691	0.139854	0.133401	2.31536	2.04763	0.299067
1860000	-18.21003	0	-18.21003	0.236651	0.237726	0.087133	0.283244	0.137206	0.0578337	2.03332	0.380127	0.318726
1870000	-17.74701	0	-17.74701	0.116564	0.27789	0.0894257	0.21265	0.137537	0.0684866	1.7676	0.683972	3.35186
1880000	-12.74341	0	-12.74341	0.145629	0.106533	0.168222	0.231379	0.162305	0.134979	3.48847	0.731599	0.20183
1890000	-19.68093	0	-19.68093	0.107764	0.229579	0.150093	0.223635	0.169074	0.153724	3.61804	0.630311	0.360933
1900000	-13.38684	0	-13.38684	0.106639	0.0713596	0.15866	0.271701	0.100119	0.117049	2.54318	1.41939	2.88897
1910000	-16.37688	0	-16.37688	0.242088	0.132515	0.36404	0.247139	0.122047	0.239137	2.24207	2.17309	1.38256
1920000	-12.83676	0	-12.83676	0.132922	0.166475	0.152577	0.27695	0.097099	0.118496	1.40336	0.238568	0.374303
1930000	-16.7473	0	-16.7473	0.136956	0.440013	0.146105	0.569373	0.16142	0.184107	2.51903	1.95796	1.55084
1940000	-15.88416	0	-15.88416	0.114715	0.135599	0.369389	0.260534	0.12393	0.068653	3.04391	0.759446	0.330579
1950000	-20.8857	0	-20.8857	0.0446254	0.23511	0.26197	0.270282	0.0350454	0.191948	4.55163	0.275716	0.696573
1960000	-16.87831	0	-16.87831	0.0904178	0.238204	0.246221	0.226875	0.184683	0.0761291	4.06186	1.76408	0.301913
1970000	-16.04901	0	-16.04901	0.128575	0.20883	0.176063	0.138706	0.0952903	0.120376	2.56228	0.456365	0.501762
1980000	-20.42778	0	-20.42778	0.0817801	0.114592	0.0598002	0.46033	0.123182	0.112366	4.38747	0.796725	0.316021
1990000	-14.50653	0	-14.50653	0.0841591	0.127858	0.16376	0.178543	0.157613	0.0833098	2.76008	3.18268	4.71167
2000000	-13.32582	0	-13.32582	0.0940715	0.285246	0.365446	0.299319	0.113253	0.121536	2.13629	2.98897	3.65242
2010000	-12.0066	0	-12.0066	0.171564	0.254394	0.110937	0.356811	0.145901	0.167625	4.04265	1.73675	1.84302
2020000	-22.17631	0	-22.17631	0.0923393	0.702576	0.355227	0.30545	0.137532	0.186935	3.36481	0.342904	0.0805293
2030000	-18.38173	0	-18.38173	0.193135	0.141377	0.0636577	0.240503	0.296665	0.223378	2.74256	0.552159	2.2102
2040000	-15.79855	0	-15.79855	0.0915136	0.143973	0.32565	0.563385	0.0353699	0.0499134	2.16166	1.48763	2.48183
2050000	-24.09113	0	-24.09113	0.117227	0.141652	0.169175	0.362182	0.0531748	0.253941	1.18129	0.440397	0.191864
2060000	-19.9546	0	-19.9546	0.16333	0.116388	0.0678706	0.119535	0.255668	0.104263	2.02249	0.77178	0.0990726
2070000	-15.01952	0	-15.01952	0.147875	0.175398	0.122887	0.523103	0.14011	0.198899	4.88315	0.940743	0.315891
2080000	-17.41161	0	-17.41161	0.140598	0.0616215	0.128672	0.220961	0.0617704	0.0614739	4.2181	2.14029	0.451489
2090000	-19.1142	0	-19.1142	0.0933028	0.535266	0.145102	0.449014	0.110957	0.258908	10.5546	1.6137	0.74624
2100000	-13.70565	0	-13.70565	0.113908	0.218258	0.101434	0.422708	0.295206	0.0755567	1.99065	1.56648	0.127254
2110000	-14.72467	0	-14.72467	0.0846728	0.403683	0.219163	0.497642	0.0919533	0.21017	4.4793	1.27236	0.41521
2120000	-16.03366	0	-16.03366	0.123914	0.188194	0.0781756	0.202374	0.141385	0.109278	2.06897	1.44555	1.06368
2130000	-13.0755	0	-13.0755	0.108538	0.121935	0.15372	0.196966	0.088163	0.136832	3.15349	1.74805	0.914268
2140000	-20.28265	0	-20.28265	0.0918426	0.309517	0.330996	0.286366	0.0728801	0.102486	1.53522	0.263339	2.1912
2150000	-11.16434	0	-11.16434	0.13628	0.297807	0.149103	0.266125	0.122613	0.164663	2.73962	1.7208	1.18976
2160000	-16.66518	0	-16.66518	0.166626	0.131796	0.240599	0.235014	0.236687	0.27367	2.7933	1.53244	1.19731
2170000	-18.77727	0	-18.77727	0.0899104	0.223049	0.0677708	0.40034	0.141982	0.0402254	2.60144	0.522262	0.917359
2180000	-14.83094	0	-14.83094	0.0670795	0.299317	0.143352	0.369374	0.0794203	0.158071	2.99732	0.291499	2.25095
2190000	-19.45732	0	-19.45732	0.220351	0.0857917	0.104972	0.429574	0.149703	0.0542433	2.50827	0.496233	0.124153
2200000	-22.38471	0	-22.38471	0.240739	0.0985352	0.117228	0.154943	0.179555	0.164027	1.9006	1.16255	0.0789697
2210000	-16.79505	0	-16.79505	0.242438	0.274366	0.155801	0.27016	0.0727419	0.0467298	3.2578	0.375619	0.567693
2220000	-13.3663	0	-13.3663	0.145112	0.317013	0.182258	0.467124	0.153043	0.190202	5.45233	0.922738	1.70597
2230000	-19.43854	0	-19.43854	0.0717143	0.515322	0.271311	0.353308	0.245907	0.208491	2.07608	0.240984	0.701904
2240000	-15.99567	0	-15.99567	0.0651253	0.311132	0.113216	0.615304	0.081633	0.0582921	2.57161	0.846098	0.0745193
2250000	-11.29541	0	-11.29541	0.105304	0.380513	0.122744	0.222019	0.0749065	0.128528	4.28632	1.16863	0.0618834
2260000	-12.19562	0	-12.19562	0.0720477	0.0879192	0.0960224	0.215552	0.0474664	0.11053	3.30065	1.13031	0.478889
2270000	-13.705	0	-13.705	0.161267	0.137374	0.171675	0.227085	0.116418	0.127733	2.88146	0.622466	0.567375
2280000	-19.86808	0	-19.86808	0.289035	0.206052	0.259199	0.554027	0.111902	0.0751627	7.86172	0.26066	0.721998
2290000	-17.54587	0	-17.54587	0.251834	0.131885	0.0573269	0.263875	0.0799672	0.342658	2.52915	0.821848	1.42426
2300000	-13.07952	0	-13.07952	0.0375224	0.114177	0.157551	0.372795	0.094793	0.162759	3.17119	1.28659	1.70012
2310000	-12.36811	0	-12.36811	0.153805	0.262791	0.28385	0.365499	0.0882338	0.127487	2.5947	1.55388	1.09312
2320000	-19.05899	0	-19.05899	0.164527	0.134305	0.218556	0.214456	0.0349488	0.0437542	2.61298	1.28368	0.422227
2330000	-21.39752	0	-21.39752	0.0533427	0.302116	0.318637	0.327718	0.149324	0.123069	5.06348	0.433891	1.26974
2340000	-14.24441	0	-14.24441	0.0781661	0.133243	0.143823	0.218224	0.155929	0.238937	2.69154	0.467484	0.142271
2350000	-13.28974	0	-13.28974	0.154948	0.364232	0.127915	0.216137	0.0648125	0.0892682	1.98307	1.02862	0.685266
2360000	-12.97023	0	-12.97023	0.0742343	0.101281	0.350676	0.397194	0.102522	0.111587	3.4985	0.303388	0.160593
2370000	-15.04037	0	-15.04037	0.0855343	0.204714	0.254396	0.335035	0.121394	0.0666003	3.52418	0.725921	0.0715732
2380000	-19.77948	0	-19.77948	0.0552114	0.222749	0.244016	0.378571	0.112462	0.428842	2.17149	2.60485	1.73181
2390000	-18.62076	0	-18.62076	0.0858296	0.0926815	0.217047	0.196393	0.0636686	0.135634	3.05531	0.520959	0.386801
2400000	-14.52743	0	-14.52743	0.0824207	0.163773	0.170122	0.339597	0.0656896	0.0455344	2.0636	0.90992	0.337566
2410000	-14.09837	0	-14.09837	0.1246	0.359086	0.167381	0.187566	0.0927294	0.19769	3.88925	3.26638	1.07115
2420000	-17.785	0	-17.785	0.11943	0.247864	0.185717	0.35315	0.105131	0.252412	2.41533	0.759504	0.193518
2430000	-16.83319	0	-16.83319	0.102658	0.337788	0.098885	0.410553	0.128294	0.0360593	1.16195	0.985251	0.85505
2440000	-17.99365	0	-17.99365	0.0740596	0.156989	0.192058	0.288765	0.110107	0.0784586	3.5233	0.135018	1.98173
2450000	-16.58852	0	-16.58852	0.0846884	0.474306	0.0959279	0.314767	0.100007	0.266841	2.85542	1.26139	2.12055
2460000	-12.51268	0	-12.51268	0.143809	0.102266	0.0716575	0.120957	0.0725522	0.114742	3.99539	0.883119	0.380146
2470000	-13.60565	0	-13.60565	0.108176	0.122995	0.0738328	0.286383	0.182394	0.057541	3.52203	1.69674	0.800912
2480000	-18.13214	0	-18.13214	0.0850538	0.298188	0.138366	0.412209	0.111816	0.144064	2.81035	1.89023	1.67065
2490000	-16.69662	0	-16.69662	0.0980458	0.409419	0.259272	0.44426	0.0604195	0.179777	2.20659	0.459779	0.465382
2500000	-10.5828	0	-10.5828	0.0773461	0.243957	0.165044	0.434639	0.0876573	0.0690178	3.23254	1.36471	0.483209
2510000	-14.04811	0	-14.04811	0.189142	0.274036	0.338062	0.306872	0.0977128	0.161282	4.41108	1.88552	0.353667
2520000	-10.2718	0	-10.2718	0.0873979	0.18829	0.316872	0.154871	0.157233	0.127572	3.41256	1.77319	1.16667
2530000	-12.72299	0	-12.72299	0.0763548	0.112619	0.0945165	0.300352	0.0905486	0.1149	3.2435	0.489381	1.42806
2540000	-18.15519	0	-18.15519	0.167592	0.264351	0.224565	0.441271	0.147239	0.42278	3.29485	1.24964	0.506692
2550000	-15.05196	0	-15.05196	0.198224	0.181877	0.26981	0.306975	0.146756	0.125109	2.56152	0.655592	2.32508
2560000	-17.81495	0	-17.81495	0.0739719	0.186304	0.274163	0.176234	0.157907	0.122783	2.55052	0.427796	0.202225
2570000	-16.87295	0	-16.87295	0.247534	0.18683	0.0786324	0.207146	0.209022	0.244231	4.24039	2.15284	0.482258
2580000	-12.91647	0	-12.91647	0.13964	0.260284	0.300303	0.364009	0.151282	0.243076	3.57324	0.802686	0.364612
2590000	-21.18172	0	-21.18172	0.0783846	0.336663	0.182101	0.322232	0.115945	0.165873	3.51327	0.408534	1.83757
2600000	-20.41094	0	-20.41094	0.112537	0.474684	0.206334	0.532445	0.128352	0.25605	6.14962	1.63018	2.11916
2610000	-11.45151	0	-11.45151	0.0958121	0.14162	0.0826262	0.185754	0.063438	0.143883	3.69735	0.344639	2.13968
2620000	-16.53392	0	-16.53392	0.258515	0.188897	0.0872244	0.215347	0.0503472	0.120009	3.50082	0.602459	4.8223
2630000	-12.31396	0	-12.31396	0.120453	0.157119	0.23432	0.574246	0.152692	0.111864	6.36738	1.40543	0.554204
2640000	-17.28928	0	-17.28928	0.169966	0.118637	0.406537	0.305803	0.24794	0.165787	2.60575	1.62394	1.66658
2650000	-17.10229	0	-17.10229	0.256891	0.375433	0.127438	0.266606	0.0995549	0.102519	4.48063	1.26405	1.14798
2660000	-16.06126	0	-16.06126	0.258332	0.120218	0.220521	0.487472	0.0731318	0.048292	2.24379	1.18467	0.147344
2670000	-14.6407	0	-14.6407	0.187225	0.100107	0.0765004	0.386175	0.149231	0.160672	5.65923	1.13187	0.572136
2680000	-12.68156	0	-12.68156	0.139217	0.152344	0.220695	0.184483	0.0687805	0.169043	2.14326	4.89522	1.85863
2690000	-16.62244	0	-16.62244	0.162861	0.206629	0.312473	0.424573	0.222427	0.188389	3.00085	3.27514	0.628879
2700000	-14.12136	0	-14.12136	0.115917	0.146238	0.110933	0.199794	0.0561181	0.105767	3.18472	1.97937	0.315683
2710000	-14.09992	0	-14.09992	0.125081	0.318561	0.126504	0.321293	0.0588049	0.138096	4.47031	0.500558	0.320138
2720000	-13.90205	0	-13.90205	0.161523	0.341551	0.190054	0.402675	0.0570697	0.170205	7.00872	0.793176	0.0678993
2730000	-13.43036	0	-13.43036	0.0482889	0.349163	0.128017	0.310712	0.133165	0.0945011	2.19905	0.423848	2.9464
2740000	-17.06739	0	-17.06739	0.0478885	0.132627	0.102388	0.192682	0.168888	0.276848	3.70226	0.783027	0.368208
2750000	-16.49863	0	-16.49863	0.0721161	0.175925	0.206581	0.159581	0.0726979	0.170463	1.85071	0.216042	0.27498
2760000	-24.54815	0	-24.54815	0.0735416	0.183601	0.406351	0.44694	0.382459	0.123279	1.27138	1.16615	0.75893
2770000	-21.27375	0	-21.27375	0.122797	0.119457	0.311988	0.226026	0.127964	0.172494	5.97312	0.351718	0.316673
2780000	-13.52271	0	-13.52271	0.105622	0.262502	0.0843823	0.409742	0.172653	0.227758	2.0832	1.07856	1.08744
2790000	-23.63273	0	-23.63273	0.0567846	0.189325	0.185039	0.254978	0.0753616	0.0542655	2.72457	0.411029	1.29131
2800000	-16.64422	0	-16.64422	0.0948551	0.25837	0.14987	0.273331	0.334304	0.0912885	1.64082	1.79979	1.78398
2810000	-16.45178	0	-16.45178	0.0767343	0.29439	0.091732	0.135141	0.077591	0.149031	3.98363	0.97773	1.55479
2820000	-18.95464	0	-18.95464	0.0919766	0.13814	0.308974	0.297542	0.0938141	0.161694	4.54171	0.255614	0.0814872
2830000	-15.65782	0	-15.65782	0.104982	0.169322	0.035273	0.528182	0.102147	0.123045	3.60768	2.59645	2.77326
2840000	-14.11209	0	-14.11209	0.102791	0.204241	0.364412	0.129987	0.153115	0.245859	5.36381	0.770266	0.326012
2850000	-16.70231	0	-16.70231	0.114912	0.0967157	0.232288	0.229945	0.08087	0.118617	4.07285	1.6994	0.543235
2860000	-18.79591	0	-18.79591	0.246231	0.203845	0.129886	0.32611	0.114563	0.256958	1.48613	1.58579	2.10433
2870000	-24.61821	0	-24.61821	0.0564111	0.0624312	0.313382	0.268181	0.205947	0.0381065	2.40132	0.401604	0.394186
2880000	-19.02456	0	-19.02456	0.122902	0.611203	0.305493	0.268572	0.246642	0.1254	4.35766	0.218815	3.20395
2890000	-17.2697	0	-17.2697	0.23477	0.139971	0.117022	0.134802	0.0959783	0.0953846	2.03696	0.298861	0.608296
2900000	-17.09206	0	-17.09206	0.128442	0.18941	0.100958	0.521286	0.0577599	0.186585	1.46575	1.10035	0.403584
2910000	-19.60009	0	-19.60009	0.0768786	0.226524	0.0771951	0.0987911	0.200756	0.295723	1.93819	0.497385	0.661082
2920000	-18.79617	0	-18.79617	0.0699776	0.148997	0.186804	0.576639	0.0721717	0.0720464	2.31233	0.108979	0.0754363
2930000	-22.56026	0	-22.56026	0.224603	0.289291	0.204068	0.175381	0.0401095	0.134372	1.9497	2.10742	2.14797
2940000	-19.96302	0	-19.96302	0.121491	0.107955	0.209364	0.28979	0.134702	0.350855	3.26453	1.63671	1.1903
2950000	-15.71715	0	-15.71715	0.0617281	0.231617	0.153888	0.12878	0.150242	0.193878	1.45611	0.85149	0.465737
2960000	-26.06349	0	-26.06349	0.130161	0.465888	0.108807	0.270931	0.252294	0.3436	4.16612	0.817242	0.0632945
2970000	-24.20222	0	-24.20222	0.115288	0.294965	0.0793464	0.156851	0.262171	0.0737885	4.66982	0.559811	0.336339
2980000	-15.13172	0	-15.13172	0.122866	0.143705	0.173555	0.147576	0.172125	0.19969	1.63984	0.392234	1.13269
2990000	-14.50545	0	-14.50545	0.0907773	0.114828	0.175167	0.458315	0.221197	0.205979	2.5725	0.528988	1.35072
3000000	-13.37919	0	-13.37919	0.0944456	0.237382	0.149748	0.29606	0.0680375	0.0564012	2.82986	1.7049	0.684345
3010000	-20.50143	0	-20.50143	0.105795	0.302196	0.178252	0.202673	0.229508	0.337846	1.98253	0.714547	0.872647
3020000	-13.67822	0	-13.67822	0.156407	0.126391	0.240739	0.196205	0.127206	0.100244	1.73913	0.393555	1.37155
3030000	-18.45144	0	-18.45144	0.0967054	0.267564	0.128728	0.0902149	0.117613	0.039986	5.77774	0.78089	0.132368
3040000	-14.24225	0	-14.24225	0.153768	0.254629	0.177888	0.446413	0.127974	0.173521	1.54122	0.935055	0.379124
3050000	-21.9748	0	-21.9748	0.059848	0.207776	0.343569	0.490066	0.134102	0.0716793	1.33131	1.12325	0.234118
3060000	-13.52645	0	-13.52645	0.139478	0.19318	0.136224	0.303369	0.123236	0.120063	3.92554	1.5071	0.287816
3070000	-16.63422	0	-16.63422	0.0684443	0.166962	0.319144	0.265852	0.0664519	0.170101	3.07098	0.474489	0.836613
3080000	-20.21119	0	-20.21119	0.190899	0.0852582	0.0933883	0.514499	0.0717049	0.0804845	4.66996	0.32349	0.222754
3090000	-16.28855	0	-16.28855	0.120157	0.266206	0.29834	0.278656	0.106743	0.0741135	1.86951	0.264545	0.69271
3100000	-16.35096	0	-16.35096	0.116412	0.102651	0.304132	0.291254	0.0785053	0.236122	7.72148	2.46723	1.45767
3110000	-26.68617	0	-26.68617	0.0666865	0.095205	0.305457	0.318283	0.0908064	0.216517	4.49007	0.661212	0.243806
3120000	-16.82286	0	-16.82286	0.149721	0.286463	0.666569	0.234569	0.0786643	0.064382	6.33073	0.733579	0.160582
3130000	-15.33665	0	-15.33665	0.129772	0.259987	0.125897	0.196889	0.0579034	0.174445	1.04703	2.98702	1.31443
3140000	-16.04708	0	-16.04708	0.0833359	0.503515	0.188063	0.235814	0.112431	0.0838779	0.960487	2.71698	1.35448
3150000	-9.674106	0	-9.674106	0.136659	0.284065	0.199672	0.416246	0.0813062	0.0682813	7.29299	2.09464	0.509467
3160000	-11.96292	0	-11.96292	0.111085	0.259858	0.123455	0.373725	0.101526	0.166672	2.27132	2.9785	1.49831
3170000	-20.41288	0	-20.41288	0.183033	0.15757	0.0716875	0.200205	0.29726	0.229866	3.32126	0.137689	0.945147
3180000	-15.41015	0	-15.41015	0.250829	0.0884384	0.123381	0.406672	0.186268	0.080511	3.04753	1.46309	0.368981
3190000	-13.18915	0	-13.18915	0.211185	0.180253	0.0668124	0.257069	0.117953	0.0692889	2.24431	1.58298	1.08859
3200000	-14.98115	0	-14.98115	0.103393	0.25023	0.121141	0.21455	0.252595	0.258532	4.85224	0.759563	0.418709
3210000	-14.2032	0	-14.2032	0.152233	0.291353	0.222016	0.362778	0.125717	0.104338	1.82674	0.203423	0.829743
3220000	-11.12407	0	-11.12407	0.15193	0.308328	0.180903	0.313272	0.130122	0.167524	2.47826	0.963983	0.704433
3230000	-16.27806	0	-16.27806	0.296787	0.168366	0.34155	0.374894	0.15872	0.0720739	4.90882	0.510865	3.89286
3240000	-16.33472	0	-16.33472	0.189361	0.155686	0.199049	0.200443	0.0680624	0.0735943	2.22898	0.47332	0.414177
3250000	-17.70522	0	-17.70522	0.201567	0.15511	0.164504	0.359441	0.0800883	0.0494341	1.86338	0.888891	0.523685
3260000	-16.33981	0	-16.33981	0.0867994	0.47749	0.172682	0.240034	0.175707	0.195535	1.24521	0.744273	0.820827
3270000	-12.21644	0	-12.21644	0.175948	0.404211	0.22088	0.261356	0.0838553	0.149356	5.80555	1.02559	0.908583
3280000	-14.50669	0	-14.50669	0.203281	0.0444886	0.105026	0.112912	0.107563	0.0749421	3.58712	1.13976	0.911969
3290000	-13.76586	0	-13.76586	0.151136	0.274052	0.206954	0.272116	0.062168	0.124902	2.2278	0.276055	0.422781
3300000	-11.26911	0	-11.26911	0.108785	0.10819	0.105349	0.247369	0.253023	0.112941	2.10927	1.66458	0.627685
3310000	-11.75801	0	-11.75801	0.151204	0.441113	0.110318	0.169435	0.114995	0.158501	2.50106	2.60802	1.17868
3320000	-17.40471	0	-17.40471	0.0810942	0.324317	0.161852	0.182562	0.259072	0.182106	3.67162	0.504461	1.89962
3330000	-16.61753	0	-16.61753	0.0785896	0.109743	0.296056	0.377235	0.0461374	0.135885	2.64207	0.629335	1.20025
3340000	-10.12146	0	-10.12146	0.054913	0.199525	0.154339	0.33111	0.166385	0.0941948	5.52343	0.379159	0.230965
3350000	-12.82467	0	-12.82467	0.116646	0.218165	0.166804	0.289777	0.106253	0.0756071	1.98413	1.57133	1.93782
3360000	-14.76822	0	-14.76822	0.125667	0.200251	0.0933768	0.24261	0.0981424	0.117477	5.78111	2.67053	0.141435
3370000	-15.43334	0	-15.43334	0.0972867	0.230014	0.179721	0.135647	0.063627	0.195317	6.07158	0.876555	2.27173
3380000	-23.65299	0	-23.65299	0.13713	0.130584	0.180742	0.521012	0.109404	0.264278	1.52397	1.08782	4.08927
3390000	-14.05907	0	-14.05907	0.183823	0.113255	0.12927	0.178608	0.111566	0.178709	4.09809	2.49573	0.317097
3400000	-12.79873	0	-12.79873	0.138563	0.133709	0.183128	0.382399	0.208079	0.111955	4.41706	0.717736	0.599386
3410000	-15.51138	0	-15.51138	0.0932357	0.286986	0.180994	0.303742	0.243232	0.0617693	3.56118	2.17956	1.17915
3420000	-20.71858	0	-20.71858	0.127484	0.158155	0.291685	0.592727	0.153884	0.214127	1.34107	4.19797	1.55618
3430000	-18.68909	0	-18.68909	0.102566	0.10868	0.123476	0.413706	0.1969	0.205742	2.14107	0.554108	0.804066
3440000	-14.15561	0	-14.15561	0.141939	0.162156	0.224892	0.33272	0.139715	0.0872642	2.76815	0.336477	0.657239
3450000	-20.63808	0	-20.63808	0.0651358	0.146098	0.408209	0.401448	0.112167	0.30469	2.58472	3.12439	0.985689
3460000	-16.11922	0	-16.11922	0.135898	0.179856	0.283645	0.323872	0.260505	0.119257	1.53801	0.467622	2.18354
3470000	-16.82662	0	-16.82662	0.16312	0.107819	0.175791	0.224241	0.081709	0.161086	2.57426	0.651457	0.140203
3480000	-15.62248	0	-15.62248	0.0442102	0.125184	0.322784	0.26332	0.0777766	0.215133	2.64693	0.814837	2.5982
3490000	-16.953	0	-16.953	0.160443	0.147658	0.144042	0.444614	0.158262	0.20857	1.67479	0.611567	1.01846
3500000	-15.36977	0	-15.36977	0.0970659	0.113667	0.321941	0.164607	0.0868406	0.125942	2.42395	0.37808	0.320999
3510000	-13.08347	0	-13.08347	0.294538	0.231681	0.19962	0.352278	0.184831	0.137258	4.37771	1.50622	1.00962
3520000	-12.55966	0	-12.55966	0.121477	0.215637	0.191078	0.431205	0.124287	0.157465	2.22818	0.577979	0.153143
3530000	-15.18716	0	-15.18716	0.130835	0.230947	0.128338	0.209676	0.173936	0.0978412	2.8903	0.379151	1.30814
3540000	-19.40235	0	-19.40235	0.12609	0.289891	0.123969	0.752965	0.085197	0.0752935	2.66223	0.916712	0.324611
3550000	-13.91395	0	-13.91395	0.107091	0.254703	0.132696	0.279196	0.22513	0.165512	1.75049	0.864645	0.898994
3560000	-19.64511	0	-19.64511	0.131192	0.340084	0.141397	0.349696	0.107557	0.307123	4.77719	1.73545	1.81474
3570000	-16.97711	0	-16.97711	0.100596	0.182214	0.155959	0.190165	0.122295	0.0514381	3.78923	1.01339	0.258605
3580000	-21.72	0	-21.72	0.0752736	0.299609	0.0564798	0.242912	0.116195	0.172293	1.6932	2.967	7.81116
3590000	-16.89291	0	-16.89291	0.21465	0.184318	0.125534	0.110061	0.119656	0.2149	2.52421	0.640146	0.937347
3600000	-13.09308	0	-13.09308	0.0934853	0.258906	0.282132	0.294416	0.0759039	0.0618807	2.97141	0.339566	1.13262
3610000	-13.71708	0	-13.71708	0.064784	0.184468	0.133486	0.15709	0.13707	0.0934764	2.49088	0.318916	0.355341
3620000	-10.79307	0	-10.79307	0.0691371	0.318651	0.282229	0.273117	0.101191	0.111259	4.01251	1.18083	1.33879
3630000	-13.73685	0	-13.73685	0.207378	0.207404	0.172072	0.318526	0.0799112	0.0906487	2.48147	1.38594	1.76381
3640000	-16.54377	0	-16.54377	0.0614869	0.191354	0.0856761	0.316382	0.0744487	0.130808	2.67414	0.217829	1.85834
3650000	-15.66713	0	-15.66713	0.153949	0.286371	0.0832686	0.298693	0.104674	0.130828	4.14207	4.42826	0.255792
3660000	-18.41228	0	-18.41228	0.114392	0.143991	0.164354	0.285299	0.179698	0.253536	1.78965	0.354121	0.142515
3670000	-11.97375	0	-11.97375	0.307986	0.131088	0.103779	0.19907	0.0787038	0.12923	2.06881	2.99287	0.367663
3680000	-15.73463	0	-15.73463	0.0457392	0.197964	0.113597	0.405545	0.0505512	0.21425	3.66303	1.59062	3.48518
3690000	-14.74418	0	-14.74418	0.0683384	0.295606	0.072782	0.121159	0.158462	0.0536443	2.54167	0.493941	2.35061
3700000	-14.56249	0	-14.56249	0.271463	0.181246	0.141847	0.339448	0.148839	0.300695	2.29026	0.484596	0.880472
3710000	-20.34061	0	-20.34061	0.0416136	0.180263	0.166722	0.388359	0.150912	0.157594	2.54678	0.24171	0.974295
3720000	-21.75109	0	-21.75109	0.130234	0.270825	0.192574	0.575805	0.311626	0.0715469	2.46456	1.28244	1.36737
3730000	-16.22373	0	-16.22373	0.152802	0.149815	0.213151	0.275357	0.0899966	0.109796	1.85801	0.965986	0.454257
3740000	-12.92079	0	-12.92079	0.17277	0.255501	0.122705	0.300228	0.142668	0.120957	3.56582	0.651145	0.213483
3750000	-11.39944	0	-11.39944	0.132394	0.239753	0.144433	0.213498	0.112784	0.0613402	1.97771	1.10192	0.778176
3760000	-21.50714	0	-21.50714	0.103186	0.135003	0.10354	0.293621	0.29209	0.137676	1.21849	1.40911	0.813296
3770000	-13.06067	0	-13.06067	0.0765156	0.165408	0.22638	0.314245	0.11615	0.0944174	4.29276	0.55705	1.45242
3780000	-17.03733	0	-17.03733	0.147335	0.127411	0.219644	0.505864	0.174038	0.168924	4.99342	0.928665	0.281874
3790000	-14.25596	0	-14.25596	0.0822744	0.261312	0.154368	0.2783	0.128379	0.217997	5.08182	0.77249	0.345579
3800000	-16.943	0	-16.943	0.132827	0.182985	0.308499	0.159282	0.133796	0.0822585	1.44834	1.76066	0.722514
3810000	-20.68728	0	-20.68728	0.243255	0.293606	0.0972342	0.255528	0.133856	0.184226	1.76277	0.318644	0.177259
3820000	-20.38076	0	-20.38076	0.184976	0.207835	0.21312	0.466601	0.153284	0.122982	2.05188	0.432494	0.371592
3830000	-25.42838	0	-25.42838	0.0976138	0.0389222	0.0601055	0.284175	0.106504	0.170869	2.21079	0.365307	0.375964
3840000	-18.36686	0	-18.36686	0.234856	0.187711	0.113165	0.193985	0.218801	0.102727	2.98135	0.313178	2.23426
3850000	-11.32587	0	-11.32587	0.0958042	0.20493	0.14819	0.182572	0.052307	0.150069	3.66872	0.52579	1.80241
3860000	-14.61662	0	-14.61662	0.0793241	0.298819	0.119912	0.427459	0.130506	0.0799432	2.78229	1.36135	2.81746
3870000	-15.6092	0	-15.6092	0.159734	0.215048	0.306846	0.328003	0.0998179	0.0749894	2.38683	0.134422	2.43346
3880000	-16.70773	0	-16.70773	0.100055	0.592082	0.0903824	0.249289	0.0962553	0.0779887	2.40106	0.81376	1.13131
3890000	-17.60553	0	-17.60553	0.109478	0.162138	0.234539	0.251357	0.172714	0.29269	1.58273	1.66366	1.87759
3900000	-16.05501	0	-16.05501	0.0779824	0.172809	0.064981	0.384589	0.0872001	0.198439	2.69091	0.542557	0.226731
3910000	-21.28958	0	-21.28958	0.159273	0.154431	0.0843329	0.395628	0.288226	0.161426	2.69496	1.06244	6.18043
3920000	-20.71046	0	-20.71046	0.324351	0.116406	0.22705	0.450095	0.0393428	0.0797648	1.60559	4.63322	0.152277
3930000	-16.6761	0	-16.6761	0.161766	0.0827549	0.212881	0.194574	0.289828	0.12877	1.98914	0.775109	0.189043
3940000	-15.09373	0	-15.09373	0.205962	0.175953	0.199301	0.341831	0.116486	0.125119	2.80305	1.10902	1.6958
3950000	-15.50699	0	-15.50699	0.166703	0.184733	0.273251	0.293171	0.114161	0.275079	2.24404	0.310107	0.667012
3960000	-18.49397	0	-18.49397	0.181164	0.244142	0.474623	0.115844	0.085622	0.0702843	3.06111	0.894017	0.977853
3970000	-14.29455	0	-14.29455	0.146439	0.252957	0.0814011	0.326144	0.144178	0.0926234	1.69669	1.80163	1.36602
3980000	-12.05806	0	-12.05806	0.135685	0.171028	0.095445	0.239808	0.0484846	0.0591262	2.14766	1.43044	0.454236
3990000	-12.39953	0	-12.39953	0.146741	0.424542	0.143224	0.225162	0.193228	0.185474	2.98785	0.777652	1.01634
4000000	-14.01179	0	-14.01179	0.103572	0.242452	0.14193	0.251162	0.0974859	0.148626	1.52729	1.21475	0.0256511
4010000	-18.96541	0	-18.96541	0.140088	0.358021	0.489926	0.251933	0.182757	0.0807582	3.14106	1.0375	0.394644
4020000	-20.09672	0	-20.09672	0.109357	0.110219	0.109141	0.0573574	0.134596	0.161752	5.77594	0.684837	0.328286
4030000	-9.9389	0	-9.9389	0.135043	0.176575	0.163745	0.14084	0.14274	0.191062	3.9707	1.04122	1.34334
4040000	-12.87291	0	-12.87291	0.122772	0.210141	0.132731	0.278325	0.218611	0.0949108	3.17612	1.77513	2.70785
4050000	-11.33932	0	-11.33932	0.107454	0.177368	0.121726	0.230116	0.177875	0.0676274	6.57092	1.34163	0.69619
4060000	-20.42355	0	-20.42355	0.183101	0.124656	0.15262	0.346987	0.0831914	0.0686564	7.73776	0.319804	1.42231
4070000	-21.26412	0	-21.26412	0.32349	0.487896	0.295082	0.368902	0.132252	0.104547	4.50409	2.91091	3.02759
4080000	-14.51151	0	-14.51151	0.0427805	0.184084	0.350432	0.280901	0.0590999	0.240382	4.74177	0.421963	0.819833
4090000	-12.80976	0	-12.80976	0.0908667	0.174987	0.0825099	0.206384	0.125786	0.10838	3.28626	0.720055	0.997083
4100000	-14.96205	0	-14.96205	0.102292	0.163112	0.0979567	0.300263	0.22869	0.0676223	3.97942	3.67256	1.16737
4110000	-17.05653	0	-17.05653	0.0912471	0.177287	0.154238	0.417326	0.193509	0.15297	2.51155	0.983403	0.026575
4120000	-13.90089	0	-13.90089	0.0688517	0.22501	0.10365	0.463359	0.144742	0.0741527	6.02282	0.767424	1.33057
4130000	-17.88651	0	-17.88651	0.0506079	0.214089	0.140655	0.378017	0.0702391	0.167429	0.797837	0.63617	0.674621
4140000	-11.50743	0	-11.50743	0.146419	0.210412	0.101083	0.142232	0.170633	0.162165	3.36067	0.810975	2.97997
4150000	-17.17528	0	-17.17528	0.0805078	0.437081	0.204561	0.202956	0.095376	0.0861413	7.33096	1.12513	1.96738
4160000	-14.88576	0	-14.88576	0.0939745	0.194342	0.23576	0.276229	0.0946582	0.0684762	1.23424	0.273235	0.527466
4170000	-12.58631	0	-12.58631	0.096303	0.124395	0.132611	0.288366	0.0647044	0.0509597	3.75482	3.398	0.105247
4180000	-23.35925	0	-23.35925	0.215099	0.29721	0.490005	0.994884	0.12767	0.0618461	3.98305	2.5429	0.866496
4190000	-19.48523	0	-19.48523	0.125069	0.214091	0.313186	0.146849	0.229901	0.138779	1.54029	0.656298	0.240945
4200000	-13.47341	0	-13.47341	0.0950321	0.148429	0.129756	0.281383	0.167485	0.0768034	3.3486	1.3241	4.2778
4210000	-18.2715	0	-18.2715	0.153359	0.187184	0.159608	0.217787	0.149113	0.0610053	2.52032	0.747915	0.129397
4220000	-22.70398	0	-22.70398	0.0588572	0.219906	0.300342	0.408557	0.0688932	0.091718	3.34135	0.168891	0.0262304
4230000	-15.7904	0	-15.7904	0.151826	0.274832	0.268435	0.254221	0.13683	0.114502	5.52879	0.659446	0.55002
4240000	-16.37012	0	-16.37012	0.0861633	0.263323	0.121678	0.430776	0.203699	0.154199	2.42698	0.883597	1.42683
4250000	-11.33029	0	-11.33029	0.20149	0.177974	0.0867934	0.373237	0.128118	0.127286	3.5545	0.808861	0.963596
4260000	-15.9711	0	-15.9711	0.154499	0.138059	0.111411	0.232673	0.156786	0.139473	1.8359	1.37638	1.12359
4270000	-13.08076	0	-13.08076	0.140776	0.23792	0.173941	0.365765	0.138739	0.0808152	4.11822	1.4097	2.40212
4280000	-12.79259	0	-12.79259	0.0653796	0.225144	0.156651	0.385477	0.0754206	0.163107	1.93339	0.632947	0.913207
4290000	-15.89167	0	-15.89167	0.118595	0.175234	0.582333	0.24774	0.0539361	0.129756	6.27023	3.01784	1.91787
4300000	-20.16538	0	-20.16538	0.0769614	0.161749	0.618357	0.122593	0.143027	0.0797794	2.8768	0.296826	1.28601
4310000	-14.28507	0	-14.28507	0.198741	0.354452	0.106837	0.383033	0.213649	0.220374	3.85855	1.48123	0.111205
4320000	-21.27271	0	-21.27271	0.0707922	0.157375	0.109118	0.401329	0.247353	0.156329	1.10328	0.411864	0.390199
4330000	-17.66041	0	-17.66041	0.158785	0.223189	0.195209	0.592218	0.158552	0.0882627	2.65993	0.508149	1.07549
4340000	-14.98382	0	-14.98382	0.0785308	0.0949749	0.140267	0.26165	0.116844	0.052553	1.13903	1.55762	0.856993
4350000	-14.57554	0	-14.57554	0.109231	0.373031	0.0673389	0.526482	0.0874146	0.141442	3.54661	0.246109	1.39837
4360000	-16.48749	0	-16.48749	0.120958	0.305606	0.207593	0.168339	0.162991	0.102065	2.61535	0.802906	2.19176
4370000	-17.08769	0	-17.08769	0.134749	0.216821	0.0879224	0.182159	0.122536	0.266813	1.55427	0.288636	0.57408
4380000	-18.18581	0	-18.18581	0.260354	0.202237	0.17369	0.255475	0.111851	0.112177	3.06984	0.640502	2.3427
4390000	-19.28139	0	-19.28139	0.185334	0.334386	0.211227	0.250673	0.0878689	0.0846329	4.74187	2.73862	0.672163
4400000	-18.09576	0	-18.09576	0.176023	0.27303	0.160851	0.534986	0.118133	0.36998	4.62073	1.07085	4.31104
4410000	-14.97141	0	-14.97141	0.154015	0.206936	0.293593	0.291264	0.0920954	0.079801	2.30156	0.343118	0.233454
4420000	-15.03694	0	-15.03694	0.0898974	0.121191	0.29741	0.241116	0.167562	0.204217	6.22864	0.813964	2.00282
4430000	-18.58246	0	-18.58246	0.165834	0.212345	0.13807	0.325043	0.129962	0.161368	2.50228	1.13737	1.59487
4440000	-16.64009	0	-16.64009	0.0780691	0.11304	0.285574	0.0999283	0.079761	0.0715231	1.89945	0.985937	0.245441
4450000	-11.37442	0	-11.37442	0.118419	0.210869	0.183826	0.291116	0.181717	0.0814853	2.50647	0.771313	0.895305
4460000	-12.31043	0	-12.31043	0.153477	0.136336	0.220041	0.233722	0.0961251	0.0556292	5.71722	0.789775	0.989929
4470000	-16.52112	0	-16.52112	0.175689	0.304516	0.17284	0.484164	0.0558011	0.0850323	1.63639	1.31966	0.205968
4480000	-15.30811	0	-15.30811	0.153708	0.0672388	0.098694	0.310621	0.135072	0.157431	2.63921	4.74156	0.572636
4490000	-24.03557	0	-24.03557	0.0913721	0.155975	0.311255	0.482017	0.176897	0.233477	2.10975	0.47907	0.0786909
4500000	-10.50295	0	-10.50295	0.132333	0.0989217	0.196538	0.235017	0.067939	0.157074	3.15755	4.00499	0.55778
4510000	-17.24533	0	-17.24533	0.0759368	0.0961624	0.238585	0.280374	0.284308	0.167184	2.16607	0.785262	1.04161
4520000	-12.19235	0	-12.19235	0.0742053	0.146726	0.212761	0.139614	0.15393	0.17308	4.14953	1.47221	0.107752
4530000	-16.21262	0	-16.21262	0.0873304	0.196659	0.255289	0.145712	0.0971365	0.168764	4.84731	0.198578	3.08193
4540000	-15.33	0	-15.33	0.189429	0.105045	0.0839591	0.170734	0.171867	0.0679548	3.54766	0.805547	0.381849
4550000	-16.08294	0	-16.08294	0.130347	0.13606	0.234717	0.194934	0.0938118	0.0913278	4.02322	0.140708	1.8509
4560000	-18.14059	0	-18.14059	0.0890267	0.503279	0.067704	0.350554	0.181807	0.0944227	3.25492	0.697166	0.108828
4570000	-20.36861	0	-20.36861	0.065231	0.435035	0.232109	0.286039	0.184888	0.325709	3.45724	0.353082	0.653056
4580000	-15.9396	0	-15.9396	0.0647067	0.304044	0.120391	0.232108	0.17004	0.0542671	6.15175	0.365749	0.0178624
4590000	-12.89838	0	-12.89838	0.113655	0.212331	0.173604	0.201381	0.063108	0.139516	2.59184	2.06086	0.424779
4600000	-14.28482	0	-14.28482	0.0816269	0.305161	0.368518	0.369706	0.118753	0.0962177	5.31006	0.845997	0.951337
4610000	-12.01905	0	-12.01905	0.0805699	0.248988	0.110605	0.416826	0.0986498	0.0484635	2.4058	0.402166	3.41877
4620000	-15.76733	0	-15.76733	0.0680654	0.18854	0.092804	0.565641	0.111891	0.16349	5.26979	1.60613	0.719208
4630000	-16.48896	0	-16.48896	0.148586	0.174052	0.325469	0.316977	0.0846289	0.255613	2.48878	1.36803	2.17904
4640000	-13.57362	0	-13.57362	0.260308	0.211791	0.0734062	0.268753	0.147395	0.071477	5.18868	1.03872	2.18546
4650000	-14.64327	0	-14.64327	0.0839954	0.0988026	0.223479	0.55566	0.0813897	0.114705	4.00034	1.75814	0.0837614
4660000	-19.4138	0	-19.4138	0.0334116	0.0634319	0.149584	0.29215	0.0847347	0.313827	1.71753	2.14445	1.10237
4670000	-25.23613	0	-25.23613	0.206234	0.1381	0.125212	0.38656	0.118263	0.1141	2.44511	0.374473	0.0187872
4680000	-13.70526	0	-13.70526	0.166089	0.32513	0.109502	0.523097	0.119751	0.06569	3.47896	1.56877	1.11319
4690000	-14.28702	0	-14.28702	0.0713226	0.135895	0.0768031	0.17542	0.0793874	0.144952	5.84391	2.26876	1.13324
4700000	-11.87053	0	-11.87053	0.13227	0.197997	0.0811916	0.19946	0.135221	0.0850805	3.1015	2.80506	0.530228
4710000	-17.62708	0	-17.62708	0.046242	0.385451	0.0992537	0.13945	0.226539	0.265575	2.58791	0.706782	0.946636
4720000	-12.73383	0	-12.73383	0.167924	0.189518	0.236536	0.169469	0.114959	0.126243	1.93852	3.78034	0.259593
4730000	-17.79657	0	-17.79657	0.0691451	0.128642	0.21418	0.179791	0.169705	0.0501599	4.98534	0.0288428	0.130861
4740000	-16.69565	0	-16.69565	0.0820703	0.114928	0.138984	0.211745	0.119984	0.129575	2.46033	0.81996	0.439867
4750000	-13.95064	0	-13.95064	0.151	0.26759	0.173845	0.261346	0.122972	0.0862451	3.27012	0.935357	1.12589
4760000	-17.16885	0	-17.16885	0.143359	0.303286	0.269323	0.426218	0.0587537	0.203843	8.90887	0.786789	0.829182
4770000	-21.06612	0	-21.06612	0.0835826	0.132661	0.279308	0.305264	0.160075	0.0644173	2.95192	1.7543	3.07575
4780000	-23.74503	0	-23.74503	0.164065	0.206745	0.140131	0.257847	0.0894447	0.134312	1.6964	0.775494	0.281848
4790000	-22.20923	0	-22.20923	0.118108	0.217327	0.346426	0.450908	0.0719989	0.160862	1.30522	0.227024	1.63451
4800000	-13.9395	0	-13.9395	0.0615467	0.0883498	0.155625	0.232995	0.0801213	0.114594	4.26521	0.491542	0.557275
4810000	-13.93658	0	-13.93658	0.358323	0.116578	0.127066	0.447689	0.0738206	0.258975	3.7485	0.788274	1.114
4820000	-14.02089	0	-14.02089	0.180711	0.122049	0.151296	0.171026	0.099493	0.0599734	5.81783	0.40895	0.342405
4830000	-17.05936	0	-17.05936	0.269548	0.106012	0.510191	0.266935	0.0785992	0.0918041	2.92734	0.229651	1.02488
4840000	-10.40133	0	-10.40133	0.136439	0.342239	0.313019	0.311258	0.115595	0.085681	3.54715	2.94394	0.297986
4850000	-13.79811	0	-13.79811	0.16507	0.246976	0.347328	0.213346	0.106108	0.297879	4.70844	1.04557	2.1531
4860000	-14.73772	0	-14.73772	0.117095	0.129413	0.0931633	0.282523	0.0617928	0.0891991	3.26196	1.64719	2.79218
4870000	-23.79846	0	-23.79846	0.0634796	0.0553704	0.576101	0.207361	0.0937658	0.100372	3.50189	0.831147	0.599415
4880000	-19.68063	0	-19.68063	0.0943589	0.353223	0.15016	0.155246	0.0461971	0.0450204	3.05863	2.37664	3.90211
4890000	-22.48039	0	-22.48039	0.0603304	0.0916871	0.194362	0.343699	0.154492	0.0837768	2.67902	0.168038	0.534448
4900000	-16.37134	0	-16.37134	0.112945	0.216903	0.21801	0.0939334	0.107959	0.115341	2.3609	0.80188	1.23219
4910000	-17.56216	0	-17.56216	0.109804	0.358092	0.10507	0.167291	0.149624	0.249635	9.29591	1.78963	1.02573
4920000	-15.38871	0	-15.38871	0.0830937	0.330249	0.0656165	0.447234	0.181323	0.12963	3.11776	2.4653	2.11748
4930000	-17.89737	0	-17.89737	0.0677141	0.118746	0.352795	0.344582	0.0863505	0.336241	2.12821	0.998767	0.881554
4940000	-12.39589	0	-12.39589	0.0864136	0.175127	0.371908	0.314422	0.117297	0.0805265	4.08222	0.722859	1.40487
4950000	-14.15161	0	-14.15161	0.120925	0.204966	0.102554	0.399429	0.0838589	0.109245	3.83094	2.04333	1.67954
4960000	-23.89935	0	-23.89935	0.0649209	0.21576	0.19024	0.213211	0.045891	0.14649	2.25024	3.59145	0.298239
4970000	-19.72101	0	-19.72101	0.0893312	0.0958625	0.371519	0.0978394	0.0786912	0.109145	2.2399	0.368896	0.213508
4980000	-18.38338	0	-18.38338	0.0531602	0.14194	0.0414958	0.149053	0.056086	0.12107	2.56039	0.567393	0.454685
4990000	-15.04521	0	-15.04521	0.0714952	0.162886	0.155537	0.620285	0.112515	0.167078	2.05282	1.25068	0.467137
5000000	-19.70168	0	-19.70168	0.130412	0.0782371	0.0982932	0.194894	0.140012	0.135753	2.93004	0.554963	0.160123
