Iteration	Posterior	Likelihood	Prior	lambda[1]	lambda[2]	lambda[3]	mu[1]	mu[2]	mu[3]	psi[1]	psi[2]	psi[3]
0	-22.60767	0	-22.60767	0.182973	0.166759	0.195905	0.195826	0.156745	0.102701	1.63018	0.390017	1.93136
10000	-24.36865	0	-24.36865	0.144699	0.15108	0.341248	0.478764	0.0900342	0.154337	1.6598	1.18334	0.436088
20000	-26.16456	0	-26.16456	0.0858508	0.0818494	0.214201	0.601565	0.182895	0.320442	0.667342	1.07955	1.01859
30000	-23.30593	0	-23.30593	0.0872027	0.112316	0.222067	0.29009	0.125703	0.193504	0.803524	0.283487	0.179154
40000	-19.49921	0	-19.49921	0.135622	0.137052	0.135882	0.236261	0.159226	0.127357	1.04636	0.562809	0.808967
50000	-26.06262	0	-26.06262	0.134769	0.267761	0.327804	0.350325	0.113484	0.351371	1.59407	1.07313	0.42022
60000	-22.157	0	-22.157	0.104739	0.149567	0.132701	0.219236	0.214605	0.101648	0.95902	0.93917	1.31207
70000	-20.94028	0	-20.94028	0.247642	0.215194	0.11631	0.239145	0.0736752	0.128106	0.847523	3.6275	2.24232
80000	-25.46106	0	-25.46106	0.131593	0.0654159	0.217027	0.511591	0.109517	0.0547571	1.05651	0.341102	0.446494
90000	-20.24521	0	-20.24521	0.186504	0.198191	0.121668	0.529421	0.122761	0.321238	1.0419	0.767725	1.33815
100000	-29.8837	0	-29.8837	0.197658	0.0611405	0.143423	0.249724	0.0525104	0.194037	2.41534	0.403278	0.601158
110000	-21.63035	0	-21.63035	0.152268	0.166259	0.100377	0.30216	0.169428	0.200492	0.652918	0.898284	0.732471
120000	-23.64346	0	-23.64346	0.217518	0.116403	0.112267	0.475316	0.238863	0.286661	1.59792	1.09132	0.493799
130000	-17.44264	0	-17.44264	0.162043	0.124176	0.213117	0.448308	0.112567	0.0674445	1.16627	0.265741	1.52105
140000	-32.13523	0	-32.13523	0.45114	0.108154	0.129632	0.558087	0.16651	0.0947558	0.573397	0.242028	0.240485
150000	-21.2387	0	-21.2387	0.141114	0.389055	0.278805	0.370278	0.157867	0.0956191	1.24031	1.28806	2.00215
160000	-17.82084	0	-17.82084	0.12817	0.1174	0.160265	0.569952	0.0719868	0.110111	0.938019	1.52336	0.643533
170000	-31.84264	0	-31.84264	0.120926	0.275435	0.121623	0.42483	0.181364	0.0704885	1.21607	0.276488	0.150473
180000	-20.95454	0	-20.95454	0.133743	0.110195	0.294708	0.416741	0.113832	0.117991	2.48918	0.540889	0.478471
190000	-21.8657	0	-21.8657	0.250099	0.392846	0.251385	0.374685	0.161343	0.172845	0.815957	1.16296	0.910744
200000	-20.59166	0	-20.59166	0.196471	0.152063	0.0428868	0.561758	0.210795	0.100621	1.1916	2.3764	0.722899
210000	-18.279	0	-18.279	0.131194	0.24701	0.352037	0.202387	0.11019	0.15778	0.742577	3.01972	1.3932
220000	-20.1046	0	-20.1046	0.223535	0.158618	0.271189	0.37514	0.0647095	0.147912	1.15383	0.524469	0.876959
230000	-25.89711	0	-25.89711	0.161782	0.309313	0.261345	0.101894	0.0733731	0.202069	0.935437	1.12385	1.03566
240000	-22.03612	0	-22.03612	0.282048	0.170448	0.522847	0.254738	0.0939947	0.194365	1.03265	1.71271	0.349755
250000	-18.78196	0	-18.78196	0.185556	0.178641	0.500256	0.32871	0.093305	0.0949873	1.51788	1.81629	1.47137
260000	-14.66722	0	-14.66722	0.11517	0.131358	0.178156	0.354953	0.146158	0.0670598	1.78795	1.6885	1.8627
270000	-18.08346	0	-18.08346	0.155494	0.0564295	0.126096	0.381149	0.145175	0.042878	0.888155	3.2788	0.824888
280000	-22.88229	0	-22.88229	0.122	0.208282	0.28701	0.459772	0.222942	0.144784	0.822817	0.364366	0.268816
290000	-27.49305	0	-27.49305	0.0803824	0.0821554	0.390192	0.670618	0.0888578	0.175311	3.35006	0.88735	0.619031
300000	-20.73906	0	-20.73906	0.235605	0.169119	0.263141	0.452195	0.113908	0.0905805	0.668637	2.53827	0.706533
310000	-22.35766	0	-22.35766	0.0976217	0.154925	0.218092	0.324182	0.131772	0.105733	0.444743	0.316416	1.60065
320000	-19.41079	0	-19.41079	0.0968131	0.127481	0.24895	0.329262	0.10474	0.128893	1.1437	0.69558	1.92363
330000	-26.56446	0	-26.56446	0.0927077	0.277776	0.460947	0.311863	0.0725607	0.0926319	1.25621	0.243698	0.676167
340000	-23.6107	0	-23.6107	0.208146	0.0766221	0.120848	0.286196	0.0614007	0.148591	1.17919	0.770842	0.399718
350000	-23.05733	0	-23.05733	0.178046	0.27016	0.260222	0.219264	0.103705	0.112044	0.6975	5.01561	5.57567
360000	-20.81585	0	-20.81585	0.261854	0.121068	0.115988	0.515598	0.134387	0.131612	0.877712	1.05542	1.43861
370000	-18.69064	0	-18.69064	0.177578	0.15308	0.247727	0.328762	0.205317	0.089632	0.783862	1.6778	1.12311
380000	-21.75876	0	-21.75876	0.0846831	0.0654283	0.27989	0.418866	0.0819278	0.0840845	1.34162	1.47477	0.622064
390000	-22.02552	0	-22.02552	0.107445	0.143701	0.267245	0.278543	0.229391	0.230709	1.14143	0.509599	1.27358
400000	-17.86158	0	-17.86158	0.194376	0.180547	0.23768	0.253693	0.151763	0.0812178	0.556811	0.547242	0.641506
410000	-30.7599	0	-30.7599	0.223168	0.314069	0.141956	0.158878	0.092769	0.126394	0.485026	0.658946	0.518494
420000	-17.74845	0	-17.74845	0.0823177	0.185928	0.127742	0.300118	0.12854	0.104284	1.07817	1.59224	3.06659
430000	-19.71583	0	-19.71583	0.150624	0.199135	0.252695	0.301996	0.264385	0.123288	0.939286	2.12409	1.25592
440000	-26.30799	0	-26.30799	0.0663316	0.172603	0.215169	0.560655	0.0541424	0.107521	0.774265	0.509191	0.719147
450000	-22.3987	0	-22.3987	0.194895	0.205904	0.3887	0.343904	0.253871	0.0950768	1.37387	6.66399	1.51483
460000	-21.09311	0	-21.09311	0.0826761	0.16939	0.216229	0.142487	0.11095	0.12052	1.07808	0.595542	2.2127
470000	-22.43013	0	-22.43013	0.0591354	0.191822	0.112298	0.594715	0.162474	0.151657	1.24326	1.42826	1.16339
480000	-21.63647	0	-21.63647	0.195751	0.199769	0.181538	0.291563	0.180956	0.152523	3.10902	0.516037	0.60027
490000	-20.40548	0	-20.40548	0.0729852	0.19416	0.277817	0.190242	0.134879	0.0715577	1.53321	0.313901	1.51819
500000	-22.85412	0	-22.85412	0.257368	0.16599	0.446717	0.210365	0.210933	0.131836	1.17891	2.00892	2.86946
510000	-22.50395	0	-22.50395	0.0851935	0.192975	0.226573	0.524301	0.0465542	0.0578601	0.393366	0.651627	0.417358
520000	-23.71139	0	-23.71139	0.365827	0.274422	0.312651	0.352138	0.22216	0.193903	2.86243	1.50422	0.837013
530000	-20.3263	0	-20.3263	0.250365	0.414693	0.149169	0.34887	0.0761743	0.123227	0.947633	1.56884	1.20688
540000	-25.92962	0	-25.92962	0.224732	0.146778	0.312732	0.33703	0.228191	0.122407	1.79712	3.62805	2.25565
550000	-23.30832	0	-23.30832	0.304506	0.150401	0.0762416	0.525456	0.037681	0.0902352	1.84679	0.197071	0.762757
560000	-34.61986	0	-34.61986	0.0887029	0.188683	0.0996828	0.220762	0.0800564	0.111179	0.736459	0.199434	0.0256387
570000	-20.80913	0	-20.80913	0.131711	0.418576	0.265412	0.227548	0.149421	0.115698	0.91191	0.332482	0.221865
580000	-24.37057	0	-24.37057	0.233836	0.100474	0.105988	0.564244	0.177242	0.0858972	1.54415	3.27001	0.214076
590000	-20.88549	0	-20.88549	0.155369	0.0919608	0.672155	0.44713	0.235123	0.191312	1.16824	1.32578	1.61591
600000	-19.11743	0	-19.11743	0.206342	0.266539	0.288589	0.208857	0.166778	0.0862902	1.3633	2.70325	1.58649
610000	-17.97622	0	-17.97622	0.0807936	0.145857	0.154627	0.317829	0.0667454	0.370164	0.865093	2.24632	1.44611
620000	-21.77784	0	-21.77784	0.255098	0.102143	0.256035	0.321421	0.205047	0.112214	0.348092	1.50131	0.698928
630000	-22.66495	0	-22.66495	0.0950434	0.126137	0.284512	0.272616	0.242002	0.112715	0.664338	0.954867	0.382669
640000	-20.70164	0	-20.70164	0.285624	0.121558	0.110037	0.405055	0.0929948	0.156678	0.519515	6.3604	2.07619
650000	-17.92084	0	-17.92084	0.117379	0.129802	0.200991	0.493282	0.160022	0.0763968	1.50361	1.7803	0.814116
660000	-20.4329	0	-20.4329	0.119427	0.476576	0.142913	0.263303	0.0526796	0.08838	2.19317	0.991639	2.01498
670000	-20.14953	0	-20.14953	0.109113	0.118491	0.308404	0.312153	0.223871	0.0925228	1.04931	1.25918	0.529447
680000	-21.33955	0	-21.33955	0.0547512	0.140645	0.247964	0.192778	0.239059	0.14127	1.20431	2.35745	2.64909
690000	-24.97657	0	-24.97657	0.06265	0.11976	0.111774	0.714477	0.124917	0.205658	1.26756	0.33441	3.58525
700000	-28.80583	0	-28.80583	0.0726177	0.369402	0.387955	0.48731	0.147619	0.266817	0.555984	0.266754	3.14366
710000	-20.84261	0	-20.84261	0.101118	0.0610859	0.191903	0.326397	0.134017	0.10433	0.613268	3.72276	0.902038
720000	-26.09536	0	-26.09536	0.14285	0.210168	0.399958	0.311262	0.146995	0.271446	0.424368	1.07963	0.653429
730000	-20.90896	0	-20.90896	0.220951	0.149055	0.193741	0.508949	0.133048	0.109441	0.99818	0.331994	0.258417
740000	-22.45618	0	-22.45618	0.0746099	0.26815	0.235091	0.371288	0.119585	0.204223	1.40742	1.35674	2.21601
750000	-22.19137	0	-22.19137	0.311551	0.173106	0.356252	0.468281	0.119964	0.19283	0.594438	0.889656	1.61007
760000	-22.55347	0	-22.55347	0.118199	0.13863	0.142515	0.295327	0.194583	0.0798863	1.38735	2.1688	1.83447
770000	-22.6512	0	-22.6512	0.178951	0.144331	0.0723682	0.154989	0.0613872	0.132647	0.513138	0.740206	0.406219
780000	-27.29375	0	-27.29375	0.382653	0.560015	0.19007	0.307923	0.0681792	0.123313	0.488322	2.36349	0.717638
790000	-19.01857	0	-19.01857	0.142011	0.138253	0.0967039	0.822339	0.101111	0.15558	2.159	5.32335	1.13081
800000	-26.09308	0	-26.09308	0.394562	0.180979	0.111924	0.525257	0.116376	0.395054	0.843084	0.713088	1.85594
810000	-25.03238	0	-25.03238	0.10731	0.231253	0.13308	0.355128	0.118236	0.116769	0.801072	4.86095	4.10094
820000	-19.26528	0	-19.26528	0.135316	0.185769	0.191707	0.287987	0.083303	0.0864381	1.42128	0.323272	0.450723
830000	-18.82551	0	-18.82551	0.0820192	0.144668	0.203012	0.428539	0.193217	0.117919	0.925803	0.320119	2.88946
840000	-19.76272	0	-19.76272	0.270767	0.196334	0.210638	0.305021	0.103736	0.221535	0.529245	1.71966	1.38392
850000	-24.70838	0	-24.70838	0.44392	0.238191	0.198777	0.441416	0.27163	0.0554461	0.580988	1.37329	1.35631
860000	-32.40627	0	-32.40627	0.0593098	0.34613	0.237033	0.613869	0.129709	0.21139	0.507913	0.716127	1.20302
870000	-20.32278	0	-20.32278	0.259732	0.0534177	0.391217	0.230347	0.0938621	0.129332	0.675033	1.23908	0.874822
880000	-24.31868	0	-24.31868	0.122116	0.0694602	0.200985	0.442805	0.129264	0.0887171	1.49664	0.502174	1.87526
890000	-25.13281	0	-25.13281	0.0855013	0.120535	0.32546	0.209429	0.19085	0.166563	1.33787	1.86847	0.339106
900000	-18.43816	0	-18.43816	0.142477	0.171877	0.186541	0.286265	0.144139	0.0726927	1.17956	2.30352	1.22834
910000	-19.90571	0	-19.90571	0.249385	0.0792377	0.225486	0.5779	0.0889446	0.206769	0.65668	0.755803	0.823647
920000	-23.02143	0	-23.02143	0.0878673	0.0939042	0.141643	0.486881	0.10534	0.133191	1.56383	1.0115	2.73176
930000	-22.69302	0	-22.69302	0.24784	0.168525	0.47357	0.420489	0.0568081	0.210641	0.899431	0.707797	0.888487
940000	-16.12065	0	-16.12065	0.10965	0.176893	0.259054	0.287562	0.112897	0.121193	1.05277	1.37675	4.3997
950000	-18.91549	0	-18.91549	0.204074	0.156239	0.198251	0.445708	0.060251	0.19561	0.685337	1.37688	0.559601
960000	-21.00253	0	-21.00253	0.316443	0.132286	0.324519	0.423818	0.140861	0.26102	1.20505	0.628231	3.1687
970000	-19.76714	0	-19.76714	0.069477	0.158913	0.242228	0.341345	0.141704	0.0719946	0.995352	0.387887	1.06967
980000	-18.49473	0	-18.49473	0.180836	0.083664	0.230429	0.274173	0.151764	0.121857	1.99346	4.05634	2.27546
990000	-20.81726	0	-20.81726	0.0765222	0.296927	0.244482	0.236984	0.114677	0.224398	0.939029	0.504222	1.91414
1000000	-18.90244	0	-18.90244	0.147053	0.112549	0.0955085	0.295395	0.200302	0.132385	1.6414	1.27782	1.20679
1010000	-26.53351	0	-26.53351	0.0417508	0.253541	0.189962	0.45998	0.133281	0.103183	0.464957	1.70338	0.550993
1020000	-19.58127	0	-19.58127	0.654573	0.131337	0.101284	0.310582	0.144869	0.113259	1.65914	2.38057	1.08826
1030000	-26.46403	0	-26.46403	0.225102	0.200253	0.109693	0.255193	0.15901	0.120716	1.12266	2.06105	0.502025
1040000	-21.40469	0	-21.40469	0.216151	0.162379	0.376343	0.409399	0.182807	0.106431	0.677369	4.38154	0.506484
1050000	-20.35973	0	-20.35973	0.233876	0.103952	0.240381	0.414691	0.134546	0.266637	1.3262	1.15265	0.41288
1060000	-22.1708	0	-22.1708	0.127768	0.111967	0.234055	0.202925	0.0560858	0.106505	0.548044	0.170066	0.694665
1070000	-32.03063	0	-32.03063	0.128277	0.0661912	0.428265	0.470767	0.0753126	0.125467	0.155219	1.07255	0.161191
1080000	-23.97001	0	-23.97001	0.105512	0.233382	0.165776	0.57488	0.0661226	0.0985575	1.24401	0.85365	0.351719
1090000	-26.69216	0	-26.69216	0.0999977	0.17926	0.149707	0.732963	0.118142	0.121286	1.89873	0.888311	1.50535
1100000	-22.8751	0	-22.8751	0.178945	0.120149	0.184903	0.934798	0.0516573	0.168109	1.09267	4.08022	0.375194
1110000	-23.37712	0	-23.37712	0.143993	0.13365	0.250354	0.287161	0.095616	0.146734	1.70529	0.341953	0.239136
1120000	-19.75965	0	-19.75965	0.153509	0.14913	0.112983	0.226955	0.15333	0.132646	1.7114	2.03009	0.70232
1130000	-28.16878	0	-28.16878	0.141097	0.405126	0.524749	0.410168	0.239143	0.0773172	0.956435	0.878358	2.31003
1140000	-20.62182	0	-20.62182	0.243583	0.189825	0.169469	0.602775	0.138773	0.0764831	0.680464	2.10869	2.74916
1150000	-18.85917	0	-18.85917	0.149874	0.212509	0.20051	0.237091	0.0893619	0.0793314	0.807865	1.06308	1.67444
1160000	-19.10059	0	-19.10059	0.278156	0.153943	0.169685	0.495777	0.0888851	0.104058	0.6396	1.33587	0.816866
1170000	-15.20756	0	-15.20756	0.233923	0.17281	0.262139	0.338119	0.0987241	0.0902062	1.80099	2.18497	1.72282
1180000	-27.33428	0	-27.33428	0.109151	0.061253	0.27289	0.368737	0.177047	0.293462	1.34181	1.45784	2.56963
1190000	-20.77962	0	-20.77962	0.22527	0.145321	0.437769	0.221132	0.210716	0.202114	0.854919	2.74293	2.35497
1200000	-29.09475	0	-29.09475	0.123418	0.155061	0.364047	0.238704	0.0539361	0.122	0.970695	0.233923	0.142514
1210000	-24.22087	0	-24.22087	0.272402	0.0640297	0.328174	0.632484	0.117346	0.0616345	0.949656	0.835201	0.354222
1220000	-18.57946	0	-18.57946	0.0955726	0.116921	0.175015	0.393606	0.104199	0.202776	0.709848	2.69014	1.5629
1230000	-18.7084	0	-18.7084	0.155208	0.16204	0.356958	0.298301	0.116933	0.0981841	1.24146	0.479127	2.11597
1240000	-26.20988	0	-26.20988	0.326729	0.0915783	0.267728	0.215368	0.112053	0.1487	1.62075	0.446156	0.255928
1250000	-22.22504	0	-22.22504	0.233937	0.10323	0.24266	0.31887	0.1971	0.0995628	1.81775	1.52505	2.36148
1260000	-20.39576	0	-20.39576	0.107504	0.0767824	0.199685	0.193944	0.228302	0.0655507	0.752476	0.541678	0.691551
1270000	-20.52598	0	-20.52598	0.298695	0.114987	0.455539	0.487965	0.13024	0.111543	1.5951	1.59059	1.80355
1280000	-17.90722	0	-17.90722	0.154293	0.201281	0.155006	0.163579	0.156915	0.174815	0.715288	1.96601	2.1226
1290000	-22.10457	0	-22.10457	0.0693842	0.132371	0.286776	0.235088	0.169515	0.124046	1.29053	0.44965	0.486618
1300000	-14.84752	0	-14.84752	0.153906	0.0833738	0.254056	0.380609	0.104098	0.105763	1.64213	1.86115	1.01663
1310000	-19.86555	0	-19.86555	0.154905	0.305852	0.213413	0.269739	0.0930912	0.199452	0.775166	0.827242	2.70377
1320000	-19.85758	0	-19.85758	0.196615	0.115009	0.114203	0.456409	0.158605	0.0955273	2.02053	1.27953	0.599223
1330000	-27.87289	0	-27.87289	0.129968	0.263886	0.367075	0.404467	0.206508	0.0982005	1.03341	0.56413	0.213694
1340000	-22.21797	0	-22.21797	0.161023	0.107279	0.355043	0.52392	0.129992	0.122527	1.34212	0.81075	0.337005
1350000	-20.08082	0	-20.08082	0.114765	0.21292	0.157409	0.169683	0.129681	0.0846581	0.916234	3.58248	4.30668
1360000	-22.14318	0	-22.14318	0.208261	0.254502	0.262933	0.639176	0.101276	0.14142	2.0027	0.39333	5.06894
1370000	-25.12998	0	-25.12998	0.0754322	0.0811685	0.181133	0.158626	0.100506	0.207472	1.87916	0.408756	1.56081
1380000	-23.49246	0	-23.49246	0.130143	0.101338	0.12303	0.54232	0.236534	0.163421	0.956439	0.235855	3.04718
1390000	-22.44793	0	-22.44793	0.0795718	0.0972788	0.310715	0.465078	0.152522	0.0717375	0.85119	0.366234	0.545463
1400000	-22.48739	0	-22.48739	0.0891675	0.178546	0.298474	0.281022	0.241171	0.105866	0.765504	0.447297	0.450554
1410000	-20.88185	0	-20.88185	0.0729855	0.124462	0.334363	0.881309	0.111754	0.189621	1.71511	1.96925	1.7687
1420000	-19.79744	0	-19.79744	0.120679	0.115729	0.156046	0.341341	0.185356	0.13595	0.585053	4.92836	2.53979
1430000	-19.84626	0	-19.84626	0.157734	0.286263	0.157549	0.304331	0.0879412	0.12752	0.261022	0.799984	1.68916
1440000	-19.53	0	-19.53	0.160489	0.216564	0.1567	0.24754	0.181175	0.105306	0.704018	0.65839	1.10199
1450000	-22.26347	0	-22.26347	0.256198	0.316702	0.170228	0.477886	0.139452	0.131062	0.793751	3.03771	0.355313
1460000	-21.80406	0	-21.80406	0.216596	0.148729	0.0736377	0.788811	0.143764	0.257653	2.14064	2.97709	3.72573
1470000	-22.47878	0	-22.47878	0.0819783	0.111229	0.114407	0.272583	0.245497	0.105455	0.615693	1.10278	0.310322
1480000	-20.75265	0	-20.75265	0.623726	0.176938	0.161828	0.620297	0.116275	0.163769	1.1411	0.79021	1.33915
1490000	-24.115	0	-24.115	0.182217	0.129241	0.167746	0.369833	0.081306	0.147541	0.819319	0.962302	0.348576
1500000	-28.7958	0	-28.7958	0.310856	0.438595	0.51749	0.288287	0.113659	0.202468	1.31755	1.23691	0.753087
1510000	-27.02799	0	-27.02799	0.0634326	0.0976386	0.309273	0.216643	0.101917	0.531498	0.668623	0.435735	2.49158
1520000	-16.06869	0	-16.06869	0.214187	0.213386	0.205871	0.233425	0.221125	0.0515532	1.61872	1.48495	1.21672
1530000	-16.18413	0	-16.18413	0.104522	0.143242	0.133702	0.360749	0.10156	0.0875608	0.916548	1.16391	0.873263
1540000	-27.56245	0	-27.56245	0.466581	0.146186	0.455277	0.507103	0.399461	0.166521	0.816314	4.32948	0.773618
1550000	-21.67038	0	-21.67038	0.0865751	0.22524	0.21191	0.462526	0.156446	0.0561746	0.80102	1.45349	0.403967
1560000	-23.33976	0	-23.33976	0.179183	0.07756	0.43814	0.62081	0.0927489	0.129014	0.485465	0.304317	0.361286
1570000	-22.38632	0	-22.38632	0.269251	0.0934453	0.152945	0.197922	0.0810913	0.215055	1.40142	0.780559	0.6244
1580000	-17.25884	0	-17.25884	0.152059	0.11046	0.228063	0.332021	0.123754	0.255631	0.874849	1.85849	2.87194
1590000	-24.46671	0	-24.46671	0.3238	0.249949	0.111097	0.511032	0.127782	0.218498	0.701773	0.600956	4.09097
1600000	-24.48812	0	-24.48812	0.239827	0.412275	0.145392	0.250033	0.059457	0.219876	0.711464	0.882674	1.62778
1610000	-21.32999	0	-21.32999	0.24033	0.132836	0.243347	0.963611	0.263315	0.272627	1.37763	1.86883	1.42021
1620000	-23.60257	0	-23.60257	0.136374	0.158732	0.150653	0.308446	0.0853812	0.0685325	0.6445	0.770303	0.162731
1630000	-27.35585	0	-27.35585	0.0854769	0.0556196	0.341545	0.63142	0.0451651	0.108478	1.11197	0.253914	0.747196
1640000	-21.01253	0	-21.01253	0.126356	0.3488	0.223415	0.204704	0.159903	0.167995	0.639351	1.42133	3.43925
1650000	-25.09983	0	-25.09983	0.385584	0.137899	0.205301	0.31496	0.165927	0.293608	1.85854	1.36857	0.730114
1660000	-24.88198	0	-24.88198	0.212509	0.103826	0.2153	0.330914	0.239912	0.190987	2.38066	0.735893	1.73708
1670000	-28.4147	0	-28.4147	0.188155	0.173099	0.130154	0.294445	0.130435	0.0719081	0.708192	0.121524	0.1268
1680000	-14.84841	0	-14.84841	0.194809	0.159967	0.185664	0.267242	0.201182	0.0977023	1.8677	1.20278	1.07541
1690000	-23.32317	0	-23.32317	0.108029	0.30625	0.0991753	0.167993	0.119008	0.217171	0.3254	0.493083	0.873709
1700000	-26.87283	0	-26.87283	0.178781	0.269956	0.352966	0.82263	0.0489355	0.118162	0.742214	0.240016	1.32338
1710000	-24.15202	0	-24.15202	0.257541	0.215403	0.405256	0.269792	0.20192	0.107547	0.853699	1.70717	3.35205
1720000	-29.54096	0	-29.54096	0.0860691	0.481089	0.20597	0.300992	0.213941	0.0494155	1.1044	1.28058	0.167696
1730000	-27.7585	0	-27.7585	0.0924472	0.225276	0.43049	0.302215	0.124103	0.209815	1.63988	0.616011	0.255872
1740000	-35.20426	0	-35.20426	0.161267	0.241337	0.303114	0.43605	0.333922	0.0521224	0.18692	0.216623	0.280823
1750000	-21.38208	0	-21.38208	0.228994	0.164711	0.337153	0.548668	0.199631	0.151316	1.28824	3.18239	3.69997
1760000	-28.45133	0	-28.45133	0.139996	0.15736	0.255508	0.19984	0.153152	0.110646	0.580995	0.880148	0.264737
1770000	-18.14076	0	-18.14076	0.208661	0.262455	0.163367	0.390207	0.0748365	0.195551	1.58335	1.86711	3.47757
1780000	-16.94028	0	-16.94028	0.176345	0.0680261	0.380479	0.302649	0.0944166	0.161979	0.683198	3.25842	1.28794
1790000	-17.88206	0	-17.88206	0.123421	0.0958003	0.262787	0.310402	0.0949185	0.116947	1.36955	1.06348	0.711139
1800000	-22.09033	0	-22.09033	0.097542	0.149782	0.203189	0.400264	0.296557	0.0671482	1.14137	4.71868	0.888134
1810000	-23.05432	0	-23.05432	0.453779	0.0992109	0.332125	0.214623	0.0817453	0.112978	1.31872	1.79534	0.56618
1820000	-24.46504	0	-24.46504	0.0990946	0.36726	0.179439	0.258785	0.202849	0.115898	0.575251	0.176726	0.504575
1830000	-15.83852	0	-15.83852	0.11915	0.162925	0.132862	0.487124	0.164884	0.0843284	2.16647	2.72253	0.435287
1840000	-25.00271	0	-25.00271	0.168035	0.326713	0.235034	0.203256	0.0745358	0.160435	0.465149	1.87657	0.85122
1850000	-27.41223	0	-27.41223	0.286294	0.132806	0.284497	0.694072	0.0770318	0.274631	2.45435	2.73765	0.774939
1860000	-25.34866	0	-25.34866	0.276759	0.209549	0.226347	0.373887	0.114845	0.0988267	1.68459	0.596901	0.279211
1870000	-20.60876	0	-20.60876	0.120316	0.0712857	0.193165	0.644479	0.101434	0.0966386	1.26207	2.87331	3.15093
1880000	-16.42087	0	-16.42087	0.127774	0.159424	0.213453	0.269981	0.1382	0.0926409	1.41815	1.48844	1.01611
1890000	-19.90305	0	-19.90305	0.0570826	0.179886	0.165942	0.310371	0.148003	0.0624357	1.37724	1.54081	0.369392
1900000	-20.32418	0	-20.32418	0.113553	0.068045	0.157548	0.570626	0.165979	0.230289	1.06772	1.45574	3.94399
1910000	-16.43297	0	-16.43297	0.14994	0.205847	0.261259	0.334729	0.105782	0.150116	0.869544	1.63929	2.44474
1920000	-16.11413	0	-16.11413	0.111133	0.129471	0.386034	0.293584	0.136481	0.151605	2.09888	3.20902	0.914895
1930000	-18.11926	0	-18.11926	0.192838	0.168573	0.308648	0.296879	0.337007	0.196037	1.26231	1.88266	2.78375
1940000	-19.23238	0	-19.23238	0.166473	0.236809	0.173065	0.24818	0.060816	0.0944779	1.34674	1.00378	1.13174
1950000	-21.03177	0	-21.03177	0.281407	0.413107	0.126926	0.403358	0.151502	0.0888948	1.88478	3.33243	0.864568
1960000	-21.12919	0	-21.12919	0.141753	0.112589	0.310628	0.2959	0.0915645	0.185697	1.03655	4.81377	0.279168
1970000	-19.50469	0	-19.50469	0.174755	0.0643367	0.111088	0.238873	0.0798409	0.0749034	1.25988	2.95154	0.293711
1980000	-22.23982	0	-22.23982	0.164248	0.147652	0.177217	0.261498	0.0825205	0.0884261	2.32677	0.757803	0.350281
1990000	-20.43145	0	-20.43145	0.115538	0.169036	0.291864	0.466868	0.218979	0.0929108	1.01461	3.41375	0.347933
2000000	-21.62274	0	-21.62274	0.233725	0.182947	0.261506	0.165735	0.224421	0.252437	0.599991	2.25195	1.71838
2010000	-22.43991	0	-22.43991	0.179702	0.0981039	0.443321	0.162716	0.0534338	0.0562713	0.505825	0.779244	1.82413
2020000	-24.50441	0	-24.50441	0.225397	0.380315	0.31449	0.273369	0.156434	0.0638561	2.1962	1.64533	4.7079
2030000	-24.49184	0	-24.49184	0.168043	0.222691	0.149372	0.242225	0.0897133	0.200802	1.52617	0.31476	0.426717
2040000	-23.83853	0	-23.83853	0.112303	0.487973	0.214997	0.259381	0.151885	0.174264	1.20142	1.49928	0.466854
2050000	-19.06232	0	-19.06232	0.226097	0.133842	0.371739	0.332178	0.0872432	0.23396	0.430586	2.16172	0.992391
2060000	-19.76592	0	-19.76592	0.156594	0.164535	0.147215	0.272957	0.0484235	0.217997	0.878409	0.896487	0.931697
2070000	-22.95682	0	-22.95682	0.210192	0.131987	0.203779	0.374712	0.118954	0.158697	0.704798	0.618621	0.514082
2080000	-22.6947	0	-22.6947	0.0856414	0.0874071	0.138159	0.304337	0.103506	0.184146	0.569184	0.707021	1.12499
2090000	-22.47447	0	-22.47447	0.157229	0.274252	0.274014	0.381864	0.112554	0.236694	0.633959	0.916262	2.95804
2100000	-22.98818	0	-22.98818	0.184124	0.38057	0.0982447	0.204143	0.0805981	0.295036	0.978557	0.325395	1.93238
2110000	-19.78396	0	-19.78396	0.144477	0.205738	0.33998	0.365211	0.0592248	0.141674	1.2632	2.17352	0.822343
2120000	-26.83296	0	-26.83296	0.123128	0.325936	0.303724	0.421079	0.196105	0.190604	0.736928	0.737844	1.08695
2130000	-19.40454	0	-19.40454	0.285703	0.0996923	0.188673	0.178617	0.143554	0.131514	1.26562	0.333109	0.505579
2140000	-21.06395	0	-21.06395	0.107424	0.12946	0.294747	0.350681	0.314829	0.180063	1.63101	1.18306	2.33108
2150000	-19.09668	0	-19.09668	0.143197	0.210925	0.259758	0.469204	0.0966068	0.0754088	0.605958	1.11661	1.45573
2160000	-26.95433	0	-26.95433	0.356447	0.419128	0.299537	0.27546	0.154695	0.189414	0.351396	0.951092	0.927158
2170000	-20.06469	0	-20.06469	0.0967937	0.156381	0.153015	0.194197	0.160121	0.0423455	1.1898	0.90633	1.08196
2180000	-24.02136	0	-24.02136	0.140602	0.113542	0.179648	0.275192	0.108832	0.205727	1.24156	0.212658	0.178811
2190000	-19.63865	0	-19.63865	0.112998	0.454526	0.33961	0.43621	0.113143	0.0590359	0.736494	1.57774	1.11117
2200000	-16.6231	0	-16.6231	0.197489	0.236401	0.184298	0.251407	0.167632	0.201602	2.30414	2.91307	1.9119
2210000	-22.83962	0	-22.83962	0.154492	0.158016	0.213073	0.698649	0.0517066	0.163596	0.917269	4.09271	1.86212
2220000	-19.89592	0	-19.89592	0.174619	0.136038	0.19726	0.668545	0.0841328	0.177344	1.93973	1.09878	2.40411
2230000	-25.19015	0	-25.19015	0.0492417	0.289897	0.120936	0.234196	0.101258	0.0906175	1.13835	3.7236	2.98183
2240000	-18.31114	0	-18.31114	0.216558	0.119863	0.102418	0.189363	0.16354	0.0982964	0.884831	2.63958	0.582328
2250000	-19.44954	0	-19.44954	0.169291	0.151221	0.123847	0.366758	0.217737	0.109321	0.803853	1.46478	3.26024
2260000	-18.31893	0	-18.31893	0.125509	0.231523	0.318022	0.577083	0.136464	0.0611355	1.79745	4.64186	1.87819
2270000	-25.75217	0	-25.75217	0.174803	0.195443	0.317763	0.663721	0.195911	0.195336	1.33239	0.967605	0.3945
2280000	-34.17724	0	-34.17724	0.0804151	0.110916	0.0928951	0.457706	0.210005	0.163609	0.622659	0.614376	0.583868
2290000	-31.98825	0	-31.98825	0.203705	0.701241	0.442846	0.364694	0.278567	0.167637	1.0391	0.178293	0.875927
2300000	-22.45468	0	-22.45468	0.124076	0.112423	0.300088	0.164914	0.203884	0.0900908	1.99961	1.40483	0.61911
2310000	-22.541	0	-22.541	0.296419	0.135465	0.133435	0.466371	0.155957	0.164973	1.34123	1.08927	2.56386
2320000	-20.40955	0	-20.40955	0.0899907	0.139712	0.118057	0.430094	0.103896	0.165479	2.84249	1.14995	0.317361
2330000	-22.97428	0	-22.97428	0.0770757	0.122297	0.203004	0.43096	0.0790529	0.123155	1.15824	2.82017	1.50093
2340000	-20.21353	0	-20.21353	0.155544	0.181403	0.293195	0.261979	0.0825967	0.0659734	0.617061	2.42764	0.970903
2350000	-23.3249	0	-23.3249	0.0845671	0.0846351	0.067953	0.245587	0.119048	0.193963	0.909715	0.372288	1.0488
2360000	-20.90685	0	-20.90685	0.225796	0.0760059	0.0538201	0.445198	0.129395	0.0900815	1.40176	2.40571	0.33445
2370000	-18.22897	0	-18.22897	0.185203	0.284317	0.11392	0.248256	0.0426846	0.0513031	1.5214	2.04844	1.64546
2380000	-15.61203	0	-15.61203	0.239272	0.0998403	0.156071	0.24028	0.129123	0.123123	1.09425	2.09142	1.03118
2390000	-18.74518	0	-18.74518	0.169942	0.0861645	0.224101	0.255307	0.0775365	0.12058	1.42456	1.14782	0.758003
2400000	-23.56949	0	-23.56949	0.300242	0.258745	0.14002	0.232911	0.152886	0.20083	0.754265	1.55812	1.02549
2410000	-29.23926	0	-29.23926	0.066669	0.0756121	0.149854	0.289531	0.142879	0.184153	0.786357	1.91589	1.33696
2420000	-23.293	0	-23.293	0.186838	0.195801	0.109439	0.284004	0.0932269	0.292977	0.992121	0.708781	1.22017
2430000	-23.43572	0	-23.43572	0.191423	0.166055	0.550219	0.360911	0.177309	0.182105	0.829839	0.733443	0.856328
2440000	-21.07177	0	-21.07177	0.112618	0.15138	0.230276	0.332503	0.102136	0.0758569	0.638033	0.766679	0.13598
2450000	-20.48865	0	-20.48865	0.211622	0.0923499	0.150864	0.213889	0.0852715	0.136851	0.911224	2.30069	0.550956
2460000	-26.46812	0	-26.46812	0.0900626	0.12856	0.095193	0.38143	0.092311	0.258201	1.19556	0.750173	2.59228
2470000	-23.26698	0	-23.26698	0.0654838	0.319599	0.131742	0.184328	0.162997	0.319037	1.41523	1.01398	0.775889
2480000	-23.4384	0	-23.4384	0.393031	0.230632	0.100375	0.372332	0.192722	0.148614	0.954327	2.64878	0.860414
2490000	-20.59476	0	-20.59476	0.142186	0.220752	0.200986	0.206667	0.185476	0.217169	0.412455	0.262045	2.51767
2500000	-19.2754	0	-19.2754	0.222182	0.155065	0.212621	0.496374	0.126963	0.0970791	1.23645	2.34143	0.938533
2510000	-18.53344	0	-18.53344	0.319314	0.20872	0.137577	0.387621	0.189147	0.0948993	1.39961	1.17222	0.642901
2520000	-16.17683	0	-16.17683	0.118681	0.139677	0.174458	0.170666	0.0932688	0.0689643	1.38388	1.50994	1.14115
2530000	-21.52998	0	-21.52998	0.118559	0.15476	0.212858	0.1686	0.160059	0.10209	0.711959	3.54779	1.71993
2540000	-26.94249	0	-26.94249	0.208168	0.727046	0.127141	0.561353	0.307763	0.155859	1.12819	1.71873	0.690023
2550000	-21.4933	0	-21.4933	0.13823	0.145829	0.147013	0.170816	0.157019	0.264725	0.65164	1.27006	0.778824
2560000	-24.761	0	-24.761	0.121945	0.168683	0.137978	0.327018	0.147745	0.0649088	0.447023	0.189793	1.0452
2570000	-25.70097	0	-25.70097	0.115713	0.104223	0.12561	0.177948	0.0658149	0.18158	1.0193	0.71027	0.0959693
2580000	-19.8044	0	-19.8044	0.143523	0.118049	0.208274	0.43917	0.207017	0.128925	0.557509	0.583004	1.19707
2590000	-18.36904	0	-18.36904	0.171642	0.289937	0.119426	0.378552	0.0984921	0.0896626	1.65502	2.59814	1.45078
2600000	-23.02647	0	-23.02647	0.228987	0.273471	0.439062	0.302786	0.108341	0.0843116	1.27042	2.95719	2.02313
2610000	-21.91024	0	-21.91024	0.121587	0.174611	0.121664	0.17205	0.109332	0.0933838	0.833084	0.336125	0.372999
2620000	-19.65671	0	-19.65671	0.0839874	0.103106	0.109822	0.419131	0.109945	0.151422	0.717797	0.809018	1.47564
2630000	-19.91114	0	-19.91114	0.0914885	0.12753	0.298263	0.328638	0.241235	0.225546	0.667128	2.58979	1.13042
2640000	-21.15935	0	-21.15935	0.10608	0.158314	0.292697	0.349778	0.197353	0.163368	0.993771	2.54911	0.466511
2650000	-20.95311	0	-20.95311	0.248449	0.0675339	0.161637	0.198568	0.068793	0.144908	1.81315	5.59304	2.45806
2660000	-25.59518	0	-25.59518	0.250018	0.371596	0.0960047	0.263752	0.118647	0.124136	1.94255	0.394464	1.88661
2670000	-19.92432	0	-19.92432	0.449888	0.17078	0.161922	0.468195	0.222538	0.176016	2.40302	1.45827	0.582825
2680000	-19.19785	0	-19.19785	0.138177	0.131441	0.165435	0.290181	0.0858728	0.096066	0.944652	3.3604	0.119954
2690000	-21.07015	0	-21.07015	0.149637	0.154044	0.17271	0.456896	0.280287	0.170098	1.04001	0.450478	1.46698
2700000	-23.5979	0	-23.5979	0.110708	0.634227	0.190101	0.589083	0.14544	0.108459	1.6491	3.53082	0.599234
2710000	-21.17535	0	-21.17535	0.0968884	0.0678102	0.186771	0.276412	0.0620242	0.211374	1.7028	1.2242	0.390117
2720000	-22.03973	0	-22.03973	0.287233	0.102604	0.0913929	0.310076	0.0364341	0.126901	1.48895	1.47613	0.794913
2730000	-25.16672	0	-25.16672	0.809995	0.0995355	0.165516	0.273224	0.184543	0.181242	0.945572	2.50886	5.46644
2740000	-24.84347	0	-24.84347	0.0929498	0.0462223	0.176299	0.22412	0.10441	0.125515	0.677781	0.038132	0.285247
2750000	-26.67638	0	-26.67638	0.180687	0.471797	0.396893	0.413261	0.225532	0.172223	0.888887	3.47352	1.44495
2760000	-23.606	0	-23.606	0.190222	0.165773	0.138876	0.248648	0.0578226	0.0516463	1.16153	1.85906	0.527562
2770000	-20.54722	0	-20.54722	0.205416	0.220421	0.163902	0.381752	0.148457	0.125015	0.566391	1.6771	1.20573
2780000	-27.57054	0	-27.57054	0.166646	0.356238	0.136045	0.544672	0.094986	0.0764247	1.66611	6.72719	4.1442
2790000	-18.43674	0	-18.43674	0.109058	0.131856	0.206626	0.430096	0.103255	0.0977752	1.27653	2.97795	0.928485
2800000	-21.51689	0	-21.51689	0.233321	0.144243	0.245144	0.270199	0.0471686	0.128565	1.15828	0.57522	1.48867
2810000	-23.55437	0	-23.55437	0.0297172	0.178556	0.128679	0.218	0.12806	0.248674	0.300943	1.41142	2.3176
2820000	-24.32542	0	-24.32542	0.273625	0.286018	0.174342	0.269774	0.0684796	0.146469	0.943269	0.775924	1.41389
2830000	-26.77568	0	-26.77568	0.166439	0.148853	0.16986	0.289996	0.128826	0.132731	0.403432	0.368916	0.14612
2840000	-19.02913	0	-19.02913	0.142371	0.164789	0.200251	0.180837	0.115736	0.057104	1.85225	1.40286	1.37875
2850000	-30.72406	0	-30.72406	0.139263	0.0650646	0.310612	0.536713	0.347052	0.2418	0.359913	1.49334	1.58532
2860000	-20.54955	0	-20.54955	0.0778717	0.205594	0.130775	0.200829	0.0887514	0.107073	1.49169	0.461913	0.551899
2870000	-18.23261	0	-18.23261	0.327663	0.126489	0.128908	0.397196	0.0688208	0.154307	1.10921	1.61561	0.423434
2880000	-20.58017	0	-20.58017	0.201218	0.21424	0.772755	0.291431	0.11605	0.145528	0.674419	1.17548	1.6883
2890000	-19.56106	0	-19.56106	0.158508	0.190153	0.25566	0.210758	0.108838	0.172694	1.1422	0.896098	1.32927
2900000	-23.26901	0	-23.26901	0.194239	0.205357	0.326715	0.385758	0.348607	0.125142	0.736577	1.02948	2.46842
2910000	-21.6604	0	-21.6604	0.0864528	0.19801	0.137087	0.886333	0.0873011	0.10303	1.36219	0.624145	2.75296
2920000	-20.55018	0	-20.55018	0.207605	0.0937138	0.174708	0.359204	0.156248	0.0921552	1.59929	2.01574	0.319422
2930000	-35.69174	0	-35.69174	0.0749	0.0653911	0.192731	0.554461	0.163075	0.310178	0.492039	1.23045	0.0918812
2940000	-20.77689	0	-20.77689	0.17457	0.175961	0.242353	0.395592	0.113472	0.154308	0.514042	3.30347	1.77778
2950000	-27.46652	0	-27.46652	0.446309	0.193134	0.097008	0.356812	0.0600719	0.197158	0.518906	0.665627	1.5755
2960000	-21.49338	0	-21.49338	0.400594	0.150107	0.15711	0.409053	0.0321954	0.148993	1.28858	0.563026	1.88499
2970000	-24.98139	0	-24.98139	0.195387	0.429311	0.240848	0.335901	0.100125	0.147677	1.43351	5.89026	0.771612
2980000	-25.87173	0	-25.87173	0.132852	0.206523	0.517506	0.130351	0.164936	0.132493	0.532574	0.516334	1.16683
2990000	-21.37674	0	-21.37674	0.303838	0.147732	0.262453	0.202109	0.0573588	0.0974847	0.521146	2.88883	0.697234
3000000	-23.11341	0	-23.11341	0.152273	0.094237	0.498174	0.135627	0.0469369	0.158595	0.930483	1.62905	2.6921
3010000	-21.71382	0	-21.71382	0.122597	0.28125	0.327835	0.417845	0.0995092	0.160196	0.616232	0.340162	0.78479
3020000	-26.19348	0	-26.19348	0.385057	0.0709679	0.218052	0.114442	0.0798348	0.0741442	0.61793	0.347683	0.61998
3030000	-19.38335	0	-19.38335	0.304522	0.110585	0.0732788	0.246188	0.263313	0.18536	2.31762	1.56794	1.50089
3040000	-20.23629	0	-20.23629	0.232792	0.0762894	0.287168	0.330703	0.112801	0.238223	0.899229	0.326163	0.675002
3050000	-21.41215	0	-21.41215	0.112939	0.230741	0.251615	0.431709	0.180675	0.149434	0.682149	1.54601	0.795279
3060000	-25.27648	0	-25.27648	0.173071	0.167876	1.11242	0.30187	0.159223	0.138653	1.04903	1.90227	2.695
3070000	-27.17772	0	-27.17772	0.099002	0.157682	0.149803	0.358564	0.0800434	0.116878	0.265828	0.124078	1.00428
3080000	-20.18191	0	-20.18191	0.22957	0.0892631	0.27819	0.191833	0.283818	0.122717	0.730695	5.17385	1.56694
3090000	-19.40396	0	-19.40396	0.392022	0.246832	0.233086	0.221236	0.208881	0.24397	0.856809	1.38694	1.75494
3100000	-21.01269	0	-21.01269	0.212026	0.0712517	0.148139	0.507835	0.114556	0.0823575	0.792447	1.4004	1.8737
3110000	-16.67688	0	-16.67688	0.124349	0.112506	0.167894	0.205484	0.165819	0.216059	0.846152	2.1201	0.832989
3120000	-35.86609	0	-35.86609	0.170043	0.168425	0.0934368	0.393097	0.155729	0.0886424	0.415305	0.356654	0.230696
3130000	-27.87447	0	-27.87447	0.247586	0.111445	0.535954	0.0884979	0.236221	0.164348	0.790652	1.15832	3.45692
3140000	-23.16588	0	-23.16588	0.192517	0.270669	0.0631872	0.487347	0.173462	0.290538	1.0627	0.912841	0.823207
3150000	-34.23034	0	-34.23034	0.618607	0.0514652	0.311107	0.300004	0.278667	0.0493758	0.29717	2.39847	0.25938
3160000	-24.22956	0	-24.22956	0.16716	0.17019	0.28529	0.340882	0.215676	0.114749	0.527	0.158692	1.86942
3170000	-26.33762	0	-26.33762	0.190598	0.135145	0.318411	0.70603	0.1919	0.243944	1.42639	0.565288	1.20922
3180000	-28.06409	0	-28.06409	0.247723	0.349978	0.20156	0.259914	0.123807	0.2206	0.763885	0.31463	1.02772
3190000	-23.1536	0	-23.1536	0.172414	0.132689	0.226264	0.796911	0.151576	0.0489714	1.16299	2.56294	0.472575
3200000	-24.27166	0	-24.27166	0.121489	0.108519	0.277807	0.78934	0.0435081	0.116318	1.49435	2.26334	1.11959
3210000	-18.01637	0	-18.01637	0.102731	0.0867363	0.120201	0.503416	0.190414	0.108318	0.892189	2.51268	0.977456
3220000	-24.95508	0	-24.95508	0.142658	0.309421	0.0905646	0.456934	0.202258	0.100074	0.393642	1.17473	1.12798
3230000	-23.8416	0	-23.8416	0.542461	0.222954	0.119719	0.435995	0.14739	0.22352	0.442763	1.65598	0.467198
3240000	-27.20379	0	-27.20379	0.332731	0.301827	0.619291	0.187069	0.0889579	0.10404	0.209759	0.616705	0.751936
3250000	-21.37241	0	-21.37241	0.0986933	0.136154	0.128235	0.381442	0.201867	0.158474	2.21136	0.951852	0.63117
3260000	-22.53955	0	-22.53955	0.0959983	0.144515	0.357414	0.371693	0.0621203	0.101519	0.894198	1.14101	0.577997
3270000	-27.32417	0	-27.32417	0.0663067	0.341385	0.159957	0.4418	0.173069	0.101035	1.50904	1.77522	1.91005
3280000	-28.21855	0	-28.21855	0.111866	0.443049	0.133636	0.193379	0.0530795	0.0771981	0.230309	0.235687	0.388416
3290000	-23.58148	0	-23.58148	0.253294	0.0746432	0.0902963	0.818686	0.13608	0.0772638	1.9323	2.03522	0.523561
3300000	-19.57399	0	-19.57399	0.14068	0.197982	0.258003	0.466999	0.241003	0.103271	1.04558	1.74486	0.193335
3310000	-17.14817	0	-17.14817	0.129388	0.177982	0.187035	0.379776	0.092908	0.119753	1.07469	0.625799	1.10001
3320000	-26.59214	0	-26.59214	0.129784	0.222837	0.11803	0.546227	0.111572	0.121657	1.79261	0.239758	0.0719807
3330000	-22.90231	0	-22.90231	0.0490117	0.119523	0.523997	0.272643	0.272502	0.0611385	0.976518	0.772324	0.605026
3340000	-21.07049	0	-21.07049	0.203985	0.44998	0.134172	0.458442	0.101778	0.18495	1.25911	1.98615	2.78333
3350000	-19.49455	0	-19.49455	0.238952	0.207493	0.222138	0.55199	0.0873144	0.163133	1.13933	1.72127	0.766543
3360000	-20.84028	0	-20.84028	0.182897	0.108579	0.0715659	0.663676	0.0436417	0.121472	0.95888	2.04442	3.55751
3370000	-18.85609	0	-18.85609	0.0816929	0.132016	0.218412	0.48956	0.147657	0.216162	0.730131	1.60038	0.466963
3380000	-26.88701	0	-26.88701	0.213378	0.0363777	0.181352	0.522088	0.156115	0.242654	1.42986	6.44279	3.55169
3390000	-16.56306	0	-16.56306	0.118365	0.117766	0.0757071	0.26924	0.140642	0.100462	0.746057	1.79357	0.661874
3400000	-21.5153	0	-21.5153	0.144806	0.144107	0.368626	0.551539	0.132649	0.0526766	0.712315	1.84198	1.32557
3410000	-20.82753	0	-20.82753	0.144522	0.304651	0.258368	0.323666	0.103424	0.184272	0.78469	0.41236	1.07196
3420000	-24.30974	0	-24.30974	0.201954	0.2247	0.137807	0.459869	0.198942	0.0941426	0.39305	1.66404	3.44908
3430000	-24.13186	0	-24.13186	0.429478	0.106293	0.176288	0.606767	0.172682	0.144235	0.618475	0.347922	0.967592
3440000	-17.58289	0	-17.58289	0.300115	0.150955	0.242149	0.398201	0.11376	0.124722	2.06704	2.35443	2.96225
3450000	-22.15919	0	-22.15919	0.13505	0.140757	0.198262	0.215269	0.0982387	0.192817	0.85769	0.329041	0.956658
3460000	-29.07275	0	-29.07275	0.0838209	0.140202	0.0962558	0.154718	0.100504	0.0994608	0.333586	0.450346	0.130859
3470000	-21.15015	0	-21.15015	0.288294	0.100349	0.0751417	0.17981	0.0871166	0.0878113	0.860262	1.21469	2.67158
3480000	-21.86383	0	-21.86383	0.146395	0.0524551	0.299742	0.248613	0.0598788	0.0967704	2.76067	3.52394	1.40086
3490000	-21.67482	0	-21.67482	0.201491	0.262409	0.169154	0.490188	0.0644458	0.117479	1.21055	1.93291	4.194
3500000	-18.51026	0	-18.51026	0.222582	0.234551	0.159207	0.323093	0.208676	0.136305	0.781234	2.02447	1.09939
3510000	-29.81062	0	-29.81062	0.193377	0.193976	0.507499	0.397966	0.234449	0.0512234	1.14888	0.792847	0.2591
3520000	-24.64892	0	-24.64892	0.110703	0.0970544	0.237468	0.380153	0.0561619	0.163929	0.580608	0.173531	0.152716
3530000	-21.7823	0	-21.7823	0.160107	0.239744	0.115559	0.255923	0.0722757	0.0526032	1.28993	1.384	1.83952
3540000	-22.99133	0	-22.99133	0.160993	0.165873	0.190781	0.70264	0.161699	0.17721	1.7385	1.7111	0.648572
3550000	-29.75926	0	-29.75926	0.1883	0.133651	0.164734	0.413836	0.0546336	0.125101	1.74287	2.06371	0.0916206
3560000	-22.32241	0	-22.32241	0.153728	0.224865	0.154939	0.347749	0.0572272	0.146371	0.802516	0.113385	0.362984
3570000	-20.3613	0	-20.3613	0.236535	0.125354	0.260157	0.35013	0.150233	0.0495175	0.842181	0.735517	1.21108
3580000	-19.68135	0	-19.68135	0.106454	0.16834	0.114643	0.29457	0.164985	0.160418	0.656014	1.58712	0.554941
3590000	-24.1332	0	-24.1332	0.211692	0.238672	0.138234	0.406119	0.0451666	0.0790993	0.458542	0.820593	0.123252
3600000	-21.43345	0	-21.43345	0.0801235	0.338814	0.155971	0.34887	0.153881	0.17559	2.14015	0.758776	0.656015
3610000	-26.05217	0	-26.05217	0.0619846	0.0479056	0.4416	0.21102	0.0890495	0.0612777	0.870293	1.2468	0.421593
3620000	-17.55272	0	-17.55272	0.178569	0.135054	0.41477	0.387367	0.0619091	0.137529	1.35334	1.76539	0.664399
3630000	-20.28136	0	-20.28136	0.149044	0.202894	0.254037	0.174521	0.0922308	0.230374	0.446007	1.41858	2.87941
3640000	-22.66593	0	-22.66593	0.318744	0.130153	0.18453	0.733814	0.352987	0.0645313	0.642381	1.29689	1.14782
3650000	-20.88373	0	-20.88373	0.362312	0.166174	0.22759	0.224354	0.243883	0.163777	0.568168	1.08961	1.29332
3660000	-19.95822	0	-19.95822	0.1423	0.282996	0.283332	0.189933	0.126159	0.152613	1.53925	2.05687	3.19786
3670000	-25.08424	0	-25.08424	0.126504	0.0653031	0.469424	0.25364	0.120798	0.18595	0.630846	0.558042	2.05898
3680000	-27.89518	0	-27.89518	0.26213	0.607417	0.162084	0.457424	0.23634	0.239633	0.836388	0.549816	2.21233
3690000	-21.28569	0	-21.28569	0.201359	0.208352	0.176581	0.276337	0.10214	0.122948	1.58521	2.40075	0.291339
3700000	-20.08806	0	-20.08806	0.140668	0.122022	0.174452	0.689511	0.333697	0.102073	0.682214	1.06044	1.41784
3710000	-25.64539	0	-25.64539	0.0914131	0.193019	0.413889	0.612797	0.0694	0.075576	0.965644	0.436915	0.519479
3720000	-21.41397	0	-21.41397	0.272843	0.227941	0.127101	0.251905	0.132273	0.110986	0.344351	1.22792	1.23855
3730000	-22.81891	0	-22.81891	0.19634	0.105989	0.126829	0.464616	0.11122	0.178638	0.991612	1.28115	1.04715
3740000	-20.90071	0	-20.90071	0.0865383	0.343497	0.244125	0.220961	0.0665268	0.121232	1.08016	3.79097	6.07966
3750000	-24.41677	0	-24.41677	0.123915	0.119287	0.448007	0.478137	0.178058	0.194053	0.668774	1.43177	0.724879
3760000	-29.25412	0	-29.25412	0.164312	0.249261	0.299143	0.259797	0.267714	0.205326	1.76679	0.902363	0.151743
3770000	-17.08836	0	-17.08836	0.138325	0.169078	0.277003	0.187174	0.064383	0.0968717	0.757653	2.24934	3.26856
3780000	-25.2516	0	-25.2516	0.160337	0.216897	0.332745	0.277792	0.206555	0.124604	1.79818	0.656059	2.56349
3790000	-26.8391	0	-26.8391	0.160847	0.0919572	0.225748	0.181256	0.0902102	0.177788	0.833102	0.502104	0.298803
3800000	-17.95811	0	-17.95811	0.213738	0.20628	0.338347	0.343459	0.0979998	0.117387	1.52945	1.26678	0.471036
3810000	-21.8054	0	-21.8054	0.407376	0.163189	0.123957	0.175048	0.157475	0.0933718	0.52112	2.91544	0.386821
3820000	-19.50999	0	-19.50999	0.114514	0.212181	0.257982	0.247434	0.152837	0.0439924	0.631993	2.70409	1.73317
3830000	-25.76306	0	-25.76306	0.304011	0.2158	0.126031	0.734362	0.103366	0.167937	0.851263	0.988095	9.04455
3840000	-28.51284	0	-28.51284	0.191537	0.606289	0.150045	0.369396	0.604172	0.139523	0.796588	0.840387	1.89091
3850000	-23.3253	0	-23.3253	0.392473	0.128965	0.287268	0.671668	0.168278	0.19745	1.02656	1.21898	1.13525
3860000	-22.72922	0	-22.72922	0.377078	0.128647	0.225213	0.576609	0.21353	0.271127	0.524528	1.58611	1.42962
3870000	-29.85538	0	-29.85538	0.227882	0.0657247	0.123208	0.392036	0.0335545	0.0975479	1.09922	3.70912	0.593628
3880000	-35.02813	0	-35.02813	0.199622	0.272021	0.504579	0.782025	0.415729	0.157471	0.664192	0.145676	0.385991
3890000	-22.70087	0	-22.70087	0.154599	0.0635043	0.131575	0.299445	0.0870721	0.0558896	1.43691	0.340446	0.525624
3900000	-18.59924	0	-18.59924	0.273679	0.0981382	0.279779	0.224797	0.0815376	0.0804514	1.59805	2.32124	2.61385
3910000	-17.35724	0	-17.35724	0.207168	0.258083	0.379356	0.234482	0.147448	0.146232	1.16913	2.9071	1.18384
3920000	-18.76092	0	-18.76092	0.34635	0.151861	0.239315	0.319258	0.120174	0.190563	0.899407	1.80288	1.84403
3930000	-19.41906	0	-19.41906	0.182954	0.173082	0.154475	0.430256	0.108911	0.0868047	0.921675	3.1901	0.559145
3940000	-24.79659	0	-24.79659	0.187843	0.166315	0.0803275	0.780445	0.148451	0.155183	1.24669	0.818934	0.636613
3950000	-24.38341	0	-24.38341	0.0785139	0.224047	0.368259	0.251316	0.131193	0.129584	0.604187	1.94671	0.719072
3960000	-16.78181	0	-16.78181	0.16893	0.20997	0.0766103	0.47947	0.0862126	0.150528	1.05052	2.51691	0.691207
3970000	-22.31535	0	-22.31535	0.0912354	0.232677	0.108862	0.262341	0.24237	0.219846	1.66169	0.431286	1.21722
3980000	-19.37581	0	-19.37581	0.170776	0.162817	0.133488	0.236845	0.156364	0.0676336	0.632712	0.245255	1.70962
3990000	-19.71387	0	-19.71387	0.136571	0.13649	0.305001	0.39149	0.293176	0.0980536	0.874213	1.1247	2.40767
4000000	-23.17259	0	-23.17259	0.201305	0.124256	0.0586712	0.263223	0.160493	0.0872289	0.854088	1.01465	0.0818249
4010000	-22.51601	0	-22.51601	0.263951	0.162658	0.242039	0.396333	0.127334	0.285992	0.62936	1.00042	0.334112
4020000	-23.67493	0	-23.67493	0.289726	0.251791	0.296253	0.444282	0.0680093	0.0629364	1.09163	5.45926	0.230428
4030000	-25.48455	0	-25.48455	0.19539	0.352398	0.107246	0.36043	0.0758438	0.185255	1.25214	0.539463	0.29655
4040000	-21.801	0	-21.801	0.11778	0.148634	0.152467	0.525471	0.109823	0.0570796	0.488866	3.38139	0.249765
4050000	-19.58595	0	-19.58595	0.156834	0.114848	0.281883	0.445916	0.129134	0.205628	1.5295	1.03923	0.780283
4060000	-21.99512	0	-21.99512	0.129822	0.1356	0.301031	0.100825	0.138699	0.0722345	2.06833	1.92924	3.04791
4070000	-22.18949	0	-22.18949	0.0797815	0.219545	0.327277	0.551379	0.0802166	0.0673119	1.33387	0.641623	0.333259
4080000	-24.72092	0	-24.72092	0.0719233	0.331148	0.0494236	0.247591	0.117082	0.124197	1.45776	0.875718	2.1168
4090000	-19.83735	0	-19.83735	0.104018	0.278661	0.176018	0.253427	0.0520942	0.289011	0.919962	0.93794	3.1397
4100000	-24.48973	0	-24.48973	0.10015	0.42457	0.161092	0.398595	0.162826	0.230798	0.86395	0.666607	0.677901
4110000	-18.64485	0	-18.64485	0.129811	0.171058	0.148961	0.320318	0.125341	0.0835369	1.54092	0.798912	0.960383
4120000	-18.46221	0	-18.46221	0.10436	0.230992	0.136524	0.55852	0.088327	0.0532435	0.388621	1.02966	1.16857
4130000	-24.26403	0	-24.26403	0.182574	0.110195	0.50649	0.702264	0.284259	0.224171	2.37339	0.497202	0.997536
4140000	-19.12252	0	-19.12252	0.16832	0.182505	0.206349	0.274407	0.120353	0.0863055	1.07969	1.26148	0.349653
4150000	-22.69844	0	-22.69844	0.0973109	0.187577	0.121151	0.331194	0.0532269	0.0353524	2.25481	1.41365	0.681872
4160000	-23.35185	0	-23.35185	0.344281	0.291561	0.182815	0.239807	0.0641786	0.0854729	0.460712	3.58353	0.487124
4170000	-21.68862	0	-21.68862	0.150362	0.113356	0.058174	0.321706	0.0549881	0.161531	1.43736	0.710796	0.329492
4180000	-19.12005	0	-19.12005	0.151765	0.138401	0.1103	0.410619	0.0549847	0.133804	1.50812	0.282613	3.6874
4190000	-25.11082	0	-25.11082	0.194209	0.280919	0.348134	0.226714	0.0960868	0.472856	0.408994	2.049	1.39232
4200000	-21.49359	0	-21.49359	0.0497611	0.148157	0.183499	0.159305	0.206398	0.107165	1.54683	1.16942	0.370003
4210000	-18.77631	0	-18.77631	0.143275	0.113789	0.337251	0.265333	0.0568382	0.0729129	1.031	1.61529	2.24928
4220000	-25.88048	0	-25.88048	0.203216	0.146923	0.246257	0.470124	0.0926957	0.120008	0.681096	0.408159	0.177603
4230000	-28.72466	0	-28.72466	0.112088	0.485605	0.393778	0.33084	0.0467906	0.0991739	0.407374	1.64076	0.319452
4240000	-21.14344	0	-21.14344	0.0977403	0.0846095	0.213974	0.624683	0.0997659	0.194123	0.446028	1.12808	1.43023
4250000	-28.26637	0	-28.26637	0.255409	0.417232	0.186021	0.568054	0.15935	0.124456	2.22142	0.577866	0.102142
4260000	-23.7193	0	-23.7193	0.122035	0.170753	0.162662	0.338006	0.229964	0.157144	1.38753	2.13169	0.392374
4270000	-19.72268	0	-19.72268	0.15387	0.0858025	0.271127	0.322768	0.179013	0.089932	0.810822	0.688852	0.993133
4280000	-17.48024	0	-17.48024	0.093725	0.209784	0.144015	0.377888	0.121881	0.0738884	1.09428	0.69709	0.957433
4290000	-20.54587	0	-20.54587	0.119556	0.0990966	0.442453	0.80089	0.146045	0.0923239	1.55529	0.50149	0.872564
4300000	-22.74166	0	-22.74166	0.139928	0.274299	0.286214	0.18042	0.134152	0.112042	2.23368	0.939877	0.591289
4310000	-26.70057	0	-26.70057	0.132071	0.209851	0.184296	0.115379	0.0924095	0.0711963	1.01576	0.78562	1.20679
4320000	-26.26847	0	-26.26847	0.089752	0.515775	0.349439	0.666194	0.139173	0.094149	0.689635	0.629006	2.8406
4330000	-16.73467	0	-16.73467	0.097257	0.227114	0.203777	0.297108	0.120019	0.11005	0.667671	1.29356	2.43759
4340000	-24.53007	0	-24.53007	0.230459	0.172096	0.322996	0.241943	0.0538001	0.127338	1.73424	4.89869	0.235823
4350000	-22.47069	0	-22.47069	0.172499	0.357055	0.313745	0.284283	0.26447	0.0954797	1.34957	0.839186	4.02168
4360000	-23.59986	0	-23.59986	0.175952	0.168709	0.200236	0.521478	0.0448648	0.156827	0.805092	0.509638	0.807324
4370000	-21.04113	0	-21.04113	0.182008	0.0725557	0.175044	0.406431	0.214337	0.0807459	0.961104	1.47338	0.442018
4380000	-22.18881	0	-22.18881	0.0671183	0.079931	0.363212	0.300298	0.173454	0.156104	1.5341	0.384922	0.992173
4390000	-21.74675	0	-21.74675	0.07955	0.169775	0.107435	0.40754	0.158168	0.128662	0.676485	0.976617	0.150515
4400000	-26.27208	0	-26.27208	0.245042	0.849078	0.221289	0.294917	0.117717	0.113054	0.459142	1.16209	2.50777
4410000	-26.65117	0	-26.65117	0.261387	0.289943	0.172308	0.522997	0.077326	0.163369	0.253249	1.18749	0.273956
4420000	-16.93996	0	-16.93996	0.179417	0.222396	0.142155	0.355821	0.124891	0.223776	0.91114	0.528175	2.61374
4430000	-24.26591	0	-24.26591	0.260235	0.429885	0.359027	0.415063	0.179141	0.0816709	0.758241	1.01396	0.465053
4440000	-22.59682	0	-22.59682	0.291907	0.0541259	0.277922	0.543291	0.174603	0.353783	1.23499	1.14204	1.30875
4450000	-18.72894	0	-18.72894	0.0999045	0.124931	0.179541	0.760544	0.159483	0.0785778	1.43636	0.72038	4.12238
4460000	-21.0091	0	-21.0091	0.42771	0.110477	0.248933	0.698698	0.0695701	0.197534	1.2127	1.64492	1.53856
4470000	-16.09718	0	-16.09718	0.212082	0.186689	0.2047	0.272338	0.115823	0.140996	1.21556	1.53243	1.71505
4480000	-25.00567	0	-25.00567	0.188174	0.126529	0.128254	0.709894	0.138874	0.0965093	0.637392	1.72861	0.893103
4490000	-17.01185	0	-17.01185	0.197299	0.0960821	0.0910256	0.315904	0.0877064	0.0802203	0.908119	3.52764	1.01065
4500000	-37.94439	0	-37.94439	0.266912	0.210488	0.477918	0.304295	0.100452	0.0825519	0.653924	0.923194	1.18262
4510000	-19.75211	0	-19.75211	0.157203	0.226782	0.0882358	0.510036	0.168668	0.208218	1.21281	2.82144	0.83016
4520000	-22.89458	0	-22.89458	0.131157	0.251241	0.148867	0.274843	0.175651	0.132587	0.807872	1.78568	0.364749
4530000	-25.74217	0	-25.74217	0.0760933	0.458098	0.220601	0.207278	0.117319	0.238405	1.0111	1.44595	0.890715
4540000	-20.17678	0	-20.17678	0.0911765	0.129444	0.401267	0.315012	0.128484	0.0731356	0.787209	0.407082	1.19926
4550000	-19.70251	0	-19.70251	0.220387	0.152634	0.259346	0.340585	0.139605	0.147676	2.37176	0.53977	0.455523
4560000	-22.50272	0	-22.50272	0.393781	0.174635	0.0808456	0.315206	0.210334	0.146305	1.2738	2.49783	0.951717
4570000	-25.75887	0	-25.75887	0.142116	0.216217	0.0641583	0.35493	0.199735	0.221593	0.831772	1.03466	0.868082
4580000	-21.69769	0	-21.69769	0.0943944	0.22041	0.242793	0.302453	0.145441	0.146892	1.03745	1.09737	0.757494
4590000	-19.58409	0	-19.58409	0.108291	0.229386	0.161675	0.237041	0.0853288	0.11231	0.609837	0.338935	0.809823
4600000	-20.12662	0	-20.12662	0.179057	0.133813	0.114446	0.616477	0.0767756	0.109781	2.75597	2.30715	0.589854
4610000	-23.62118	0	-23.62118	0.0623677	0.260392	0.439705	0.463453	0.101494	0.139319	1.03173	0.780414	0.508088
4620000	-28.2507	0	-28.2507	0.087203	0.159416	0.182078	0.558006	0.0745049	0.14531	2.13669	0.261883	0.433481
4630000	-20.36102	0	-20.36102	0.184391	0.203033	0.138113	0.355048	0.0666381	0.118609	1.11754	1.08192	1.5708
4640000	-22.94152	0	-22.94152	0.161088	0.266531	0.290163	0.645409	0.133431	0.138849	1.04036	6.28587	0.343986
4650000	-21.10462	0	-21.10462	0.118213	0.143066	0.443271	0.25274	0.188909	0.0999205	1.10882	0.276431	0.830303
4660000	-18.61562	0	-18.61562	0.142147	0.290791	0.18883	0.301434	0.152615	0.155554	0.836903	0.332529	1.04557
4670000	-20.57873	0	-20.57873	0.115155	0.103946	0.30576	0.324802	0.126022	0.307702	1.16176	1.22816	0.683232
4680000	-24.22167	0	-24.22167	0.205354	0.0780598	0.422139	0.17209	0.281928	0.144745	1.25837	1.26804	0.222121
4690000	-25.8497	0	-25.8497	0.366434	0.165362	0.306573	0.309922	0.105268	0.156321	1.60099	1.20048	0.823426
4700000	-24.2725	0	-24.2725	0.136793	0.100619	0.234387	0.288371	0.149219	0.134308	1.46839	0.195313	1.47773
4710000	-22.66445	0	-22.66445	0.447675	0.0670211	0.0873401	0.524764	0.0855076	0.30687	4.45869	1.48988	0.689511
4720000	-22.73295	0	-22.73295	0.167274	0.211652	0.17134	0.38276	0.141383	0.0880243	0.697839	1.35245	4.57523
4730000	-22.90606	0	-22.90606	0.0820781	0.119803	0.15582	0.42847	0.0810979	0.166507	0.966182	3.52194	4.65386
4740000	-22.46468	0	-22.46468	0.181352	0.108181	0.0565283	0.295482	0.152047	0.197127	0.594881	1.82304	1.17585
4750000	-17.40804	0	-17.40804	0.301138	0.0766712	0.253566	0.395184	0.141049	0.127123	2.02062	2.32808	2.40481
4760000	-19.04565	0	-19.04565	0.379591	0.107634	0.107265	0.228222	0.146666	0.179068	1.18409	1.28971	2.51025
4770000	-22.90759	0	-22.90759	0.124151	0.111279	0.197865	0.347735	0.127408	0.130301	1.78031	0.41789	0.2111
4780000	-18.59927	0	-18.59927	0.141036	0.119025	0.127609	0.155899	0.0816427	0.0944616	1.50929	1.0991	1.68288
4790000	-21.41401	0	-21.41401	0.195463	0.206341	0.338318	0.282308	0.0963367	0.0815592	0.461788	2.91168	2.59229
4800000	-30.44666	0	-30.44666	0.224572	0.146772	0.215068	0.421774	0.112046	0.152288	0.668529	0.663235	0.203094
4810000	-24.92595	0	-24.92595	0.268949	0.474504	0.126904	0.255435	0.111529	0.103544	0.515375	0.805616	0.46945
4820000	-21.91479	0	-21.91479	0.281253	0.0632382	0.330664	0.407257	0.157382	0.232875	0.923574	5.1383	1.56869
4830000	-17.38913	0	-17.38913	0.261001	0.237262	0.351518	0.450669	0.109088	0.239701	1.68753	3.60691	1.49679
4840000	-19.73405	0	-19.73405	0.105937	0.136068	0.26578	0.313884	0.188593	0.182446	1.11934	0.609214	0.933569
4850000	-24.15645	0	-24.15645	0.122152	0.302675	0.177699	0.186194	0.150289	0.190944	0.444472	0.0667368	1.15418
4860000	-21.75572	0	-21.75572	0.3769	0.0641138	0.232746	0.52261	0.110759	0.0384536	1.3932	1.26321	0.611057
4870000	-27.46181	0	-27.46181	0.311069	0.309976	0.192105	0.399391	0.118136	0.0361109	0.86595	0.539358	2.72099
4880000	-18.63463	0	-18.63463	0.136724	0.15768	0.102471	0.433556	0.122972	0.175025	1.00995	1.64594	0.490692
4890000	-26.46355	0	-26.46355	0.136413	0.166971	0.370789	0.316394	0.199011	0.202706	0.762855	1.3617	0.402274
4900000	-29.3483	0	-29.3483	0.0652298	0.189635	0.0896007	0.212225	0.186073	0.771781	1.5634	3.08741	1.27449
4910000	-22.96226	0	-22.96226	0.123465	0.273871	0.470995	0.767072	0.147147	0.192639	0.726285	0.848791	1.23261
4920000	-21.75514	0	-21.75514	0.0914443	0.360884	0.368807	0.244892	0.0704023	0.143486	0.837179	1.74195	1.00589
4930000	-21.07248	0	-21.07248	0.259152	0.065955	0.153887	0.29841	0.132717	0.135555	1.71533	0.55073	0.401269
4940000	-24.64488	0	-24.64488	0.16728	0.246039	0.349133	0.187683	0.0418755	0.183707	0.998744	0.548448	1.59699
4950000	-22.95814	0	-22.95814	0.179345	0.188933	0.169329	0.552976	0.0370891	0.0627091	0.830301	0.210557	0.347816
4960000	-33.88713	0	-33.88713	0.120753	0.0897979	0.0989227	0.320491	0.306607	0.0734593	0.914667	1.30868	0.0903996
4970000	-27.3905	0	-27.3905	0.164294	0.140441	0.249667	0.688608	0.146529	0.108024	2.37784	0.926382	0.354385
4980000	-25.05975	0	-25.05975	0.351955	0.176543	0.248559	0.613445	0.0828043	0.211383	0.843222	2.48712	2.45292
4990000	-27.33051	0	-27.33051	0.148234	0.0398106	0.21122	0.232643	0.308337	0.212359	1.28071	0.628145	0.46037
5000000	-21.56674	0	-21.56674	0.231667	0.0978612	0.171844	0.468612	0.0782734	0.391361	0.948024	2.67511	0.98903
