Iteration	Posterior	Likelihood	Prior	lambda[1]	lambda[2]	lambda[3]	mu[1]	mu[2]	mu[3]	psi[1]	psi[2]	psi[3]
0	-41.53169	0	-41.53169	0.346436	0.121339	0.10066	0.0938775	0.192685	0.215819	0.965402	1.0912	0.141899
10000	-21.76032	0	-21.76032	0.122519	0.312185	0.143019	0.26118	0.0945707	0.112769	1.21228	0.717221	1.73067
20000	-14.232	0	-14.232	0.145978	0.198887	0.0989628	0.242518	0.229071	0.134719	2.20118	2.76326	0.303931
30000	-21.83281	0	-21.83281	0.276286	0.0966895	0.300272	0.240039	0.128342	0.0718402	2.02475	1.89243	1.37557
40000	-23.43867	0	-23.43867	0.102047	0.0586393	0.105313	0.123396	0.0468358	0.0862476	1.68159	0.161934	1.0607
50000	-19.27903	0	-19.27903	0.114494	0.203422	0.153198	0.369462	0.216695	0.160283	1.05103	0.368161	0.643153
60000	-18.62532	0	-18.62532	0.111012	0.145523	0.0932966	0.294857	0.0658725	0.0952251	0.634436	0.616029	0.957676
70000	-19.10622	0	-19.10622	0.177145	0.126759	0.0807425	0.401462	0.356513	0.111329	1.84796	4.484	0.675863
80000	-22.29229	0	-22.29229	0.086229	0.241705	0.103218	0.358365	0.202112	0.199199	2.4809	1.40915	2.01384
90000	-18.75353	0	-18.75353	0.303968	0.158208	0.100988	0.464743	0.0548889	0.154063	4.02926	3.65759	0.753734
100000	-18.06066	0	-18.06066	0.127866	0.140827	0.332842	0.137708	0.0784993	0.0694332	1.53012	1.27128	0.444697
110000	-19.21684	0	-19.21684	0.165612	0.198326	0.0877992	0.3788	0.168173	0.207084	1.28607	2.53769	1.78331
120000	-20.4078	0	-20.4078	0.361695	0.127811	0.190422	0.536301	0.135689	0.0591493	1.43163	2.15827	1.33151
130000	-20.33139	0	-20.33139	0.197681	0.163984	0.180856	0.217373	0.304468	0.343282	1.68714	0.570135	0.877186
140000	-21.98031	0	-21.98031	0.211059	0.0652971	0.288178	0.35457	0.0968846	0.056606	0.843193	0.81332	0.416011
150000	-16.04282	0	-16.04282	0.093883	0.118635	0.120121	0.207436	0.123169	0.0815726	1.76576	5.5934	2.40942
160000	-26.90898	0	-26.90898	0.199758	0.0898378	0.0651702	0.698405	0.306079	0.147941	1.75778	0.872802	0.895171
170000	-18.71456	0	-18.71456	0.136175	0.17799	0.154199	0.436685	0.13569	0.0779906	1.10381	0.564704	0.669791
180000	-28.05555	0	-28.05555	0.339118	0.0864885	0.0997075	0.359913	0.625611	0.075898	2.0613	0.664118	0.132014
190000	-12.72346	0	-12.72346	0.189697	0.207892	0.103957	0.216759	0.103799	0.112212	2.42911	2.30121	0.208577
200000	-19.37864	0	-19.37864	0.114151	0.205019	0.0797554	0.516331	0.203225	0.208122	1.17418	2.48929	0.540478
210000	-24.57131	0	-24.57131	0.454672	0.287754	0.109885	0.6138	0.157561	0.0935676	0.962924	0.52925	1.15155
220000	-18.32063	0	-18.32063	0.209631	0.129819	0.149598	0.219945	0.269849	0.101608	0.866179	1.33474	0.873879
230000	-20.92858	0	-20.92858	0.423672	0.138777	0.147559	0.260406	0.0963298	0.177581	1.61815	3.21737	1.17702
240000	-33.49453	0	-33.49453	0.331755	0.496522	0.153298	0.564351	0.219763	0.0670607	0.618993	0.811581	1.46719
250000	-19.23541	0	-19.23541	0.149509	0.144727	0.0580714	0.338515	0.216714	0.107427	2.77096	1.80488	1.10579
260000	-18.78727	0	-18.78727	0.159716	0.148104	0.165277	0.217694	0.234408	0.131322	1.59563	0.688539	1.20422
270000	-22.06712	0	-22.06712	0.117427	0.0853747	0.186408	0.318839	0.0810241	0.143338	1.7639	1.00081	0.680136
280000	-23.71809	0	-23.71809	0.320857	0.132942	0.0954549	0.623291	0.0850693	0.219435	0.539199	1.16277	0.581041
290000	-16.36055	0	-16.36055	0.109071	0.103088	0.0767298	0.313292	0.157545	0.20175	1.49895	1.27546	1.57519
300000	-24.94485	0	-24.94485	0.194717	0.116065	0.0899847	0.296277	0.106462	0.0524728	1.47351	1.09753	5.8954
310000	-18.21523	0	-18.21523	0.16146	0.0534347	0.13005	0.329809	0.262661	0.0729156	4.13615	1.62761	0.416001
320000	-20.67694	0	-20.67694	0.104364	0.0725211	0.084541	0.159901	0.104205	0.127869	0.702069	0.434836	0.230878
330000	-13.55368	0	-13.55368	0.149578	0.113094	0.133999	0.181249	0.0842922	0.0655733	2.65592	2.00662	0.732218
340000	-22.63048	0	-22.63048	0.325572	0.0586026	0.221174	0.208671	0.058885	0.0799341	4.80341	2.18495	0.0391624
350000	-25.50565	0	-25.50565	0.0827716	0.19473	0.194549	0.210549	0.130196	0.0397879	1.09323	2.04934	0.379848
360000	-19.03381	0	-19.03381	0.297765	0.16224	0.191633	0.155019	0.194201	0.208664	4.61074	0.939059	0.0703678
370000	-14.77424	0	-14.77424	0.131629	0.125283	0.111396	0.180546	0.171742	0.123065	4.71694	0.495953	0.110674
380000	-26.527	0	-26.527	0.221981	0.175972	0.265465	0.209905	0.330649	0.127476	0.54921	0.229651	0.299162
390000	-24.09506	0	-24.09506	0.333835	0.181786	0.0862215	0.28873	0.0970476	0.132113	2.539	0.952449	0.161057
400000	-19.69802	0	-19.69802	0.261254	0.215783	0.148004	0.278652	0.0965127	0.194379	1.64019	2.58151	1.63603
410000	-24.30758	0	-24.30758	0.149457	0.149618	0.240178	0.259095	0.10694	0.137218	0.647746	0.671498	0.251602
420000	-16.66639	0	-16.66639	0.277897	0.0765307	0.133977	0.326321	0.0655417	0.0586147	2.99034	3.02389	0.662513
430000	-19.13465	0	-19.13465	0.198094	0.14074	0.195667	0.211981	0.162865	0.0442627	2.668	0.376978	0.133465
440000	-21.16066	0	-21.16066	0.193736	0.225522	0.274221	0.245188	0.143318	0.119015	0.883055	0.585907	0.0504873
450000	-24.62531	0	-24.62531	0.219619	0.104591	0.309354	0.178175	0.155546	0.164663	1.47147	0.213543	0.207918
460000	-31.36923	0	-31.36923	0.0937774	0.0859098	0.121686	0.387514	0.0412758	0.100073	0.552653	0.178464	0.023613
470000	-17.33131	0	-17.33131	0.313887	0.165009	0.151892	0.269889	0.238527	0.0881571	1.48175	1.89171	3.19543
480000	-21.10273	0	-21.10273	0.150365	0.17392	0.183069	0.366747	0.170238	0.0890202	1.57926	0.536656	1.31827
490000	-20.90024	0	-20.90024	0.156946	0.103961	0.153408	0.523083	0.120465	0.0521927	2.56818	1.50395	2.08346
500000	-20.91638	0	-20.91638	0.191064	0.186444	0.136878	0.383047	0.153029	0.141154	0.727942	1.7314	1.08926
510000	-23.83053	0	-23.83053	0.144475	0.18418	0.311343	0.200249	0.217321	0.158395	0.937695	0.824986	0.374852
520000	-17.77178	0	-17.77178	0.18455	0.0842207	0.160381	0.392759	0.0812242	0.0723566	2.66172	0.967233	1.07663
530000	-26.47064	0	-26.47064	0.427008	0.161572	0.192133	0.525758	0.316489	0.241775	1.49265	0.722253	0.0789943
540000	-23.86124	0	-23.86124	0.140668	0.127968	0.0582609	0.114092	0.103379	0.0897906	3.13318	0.547451	0.343855
550000	-23.47815	0	-23.47815	0.164645	0.213649	0.068188	0.257272	0.185171	0.118982	1.6092	0.438584	1.56337
560000	-17.44397	0	-17.44397	0.140047	0.203628	0.108835	0.314884	0.128102	0.122466	1.66584	0.372561	1.72384
570000	-27.6558	0	-27.6558	0.162144	0.133977	0.250982	0.107475	0.267922	0.0941004	0.826205	1.58015	1.89285
580000	-16.20985	0	-16.20985	0.143455	0.103655	0.202324	0.257435	0.16189	0.137073	1.77658	0.575162	0.926247
590000	-17.10051	0	-17.10051	0.332212	0.0718647	0.16922	0.20775	0.16668	0.0799564	2.85046	0.842993	0.955379
600000	-19.0199	0	-19.0199	0.26108	0.214015	0.140817	0.308759	0.110812	0.104787	1.5196	1.39519	1.82463
610000	-22.14909	0	-22.14909	0.153213	0.194493	0.20241	0.299545	0.0884026	0.0537591	1.19637	0.365689	0.883279
620000	-21.80904	0	-21.80904	0.0804984	0.147335	0.226665	0.142226	0.180355	0.126716	0.726576	0.726088	0.897011
630000	-23.12081	0	-23.12081	0.127454	0.0455494	0.543367	0.237504	0.136584	0.128969	0.795493	0.453681	0.426652
640000	-26.15532	0	-26.15532	0.365567	0.306314	0.106335	0.328975	0.261623	0.178906	1.53913	0.795157	1.31929
650000	-18.1781	0	-18.1781	0.106147	0.162354	0.192998	0.200304	0.108375	0.255821	1.14028	0.433538	0.427674
660000	-22.98345	0	-22.98345	0.143847	0.246925	0.217644	0.400721	0.0818043	0.241821	0.822566	0.84344	0.921801
670000	-23.89428	0	-23.89428	0.295664	0.344513	0.151412	0.244271	0.136544	0.184451	1.2014	0.599343	0.201618
680000	-17.88409	0	-17.88409	0.09706	0.115042	0.309982	0.188717	0.162231	0.17855	2.34419	1.28656	1.24673
690000	-16.80424	0	-16.80424	0.21486	0.0859684	0.141931	0.275714	0.385295	0.191638	2.22475	0.819804	1.36827
700000	-15.88397	0	-15.88397	0.231695	0.166011	0.180555	0.582109	0.125397	0.129494	2.68164	1.12609	0.115556
710000	-22.16215	0	-22.16215	0.15408	0.302825	0.160162	0.182729	0.110241	0.0369072	0.465459	0.407653	0.660994
720000	-16.52902	0	-16.52902	0.244705	0.0700694	0.0848662	0.30907	0.243101	0.115408	1.26382	1.55829	0.760585
730000	-18.59893	0	-18.59893	0.147935	0.255816	0.154741	0.582085	0.121522	0.102447	1.63031	0.687676	0.590611
740000	-17.71784	0	-17.71784	0.308534	0.161014	0.127115	0.289937	0.195559	0.19812	2.68316	0.666235	4.29633
750000	-17.73006	0	-17.73006	0.27402	0.106791	0.125219	0.392609	0.22522	0.0898587	1.02414	1.23899	2.30345
760000	-23.02318	0	-23.02318	0.148503	0.294057	0.0578202	0.262674	0.113967	0.178014	0.489251	1.19353	0.830157
770000	-18.69671	0	-18.69671	0.18534	0.203101	0.121742	0.225423	0.198815	0.267453	4.45454	0.804627	0.401698
780000	-19.56489	0	-19.56489	0.298368	0.0596431	0.180674	0.226335	0.17591	0.168993	1.92049	0.188124	1.40731
790000	-25.13022	0	-25.13022	0.170781	0.122341	0.0704806	0.166391	0.132754	0.155662	2.0806	3.01292	2.89269
800000	-21.15754	0	-21.15754	0.28691	0.268366	0.124097	0.186123	0.128646	0.182222	0.448993	0.577055	0.4636
810000	-18.48882	0	-18.48882	0.219808	0.0939628	0.374351	0.245595	0.0694227	0.118966	2.76223	0.203918	0.444393
820000	-20.71772	0	-20.71772	0.13951	0.156912	0.18058	0.171676	0.141625	0.117731	0.965845	0.671351	0.578284
830000	-26.23437	0	-26.23437	0.24411	0.11052	0.173491	0.469681	0.186231	0.153891	1.02537	1.45634	0.269181
840000	-26.34334	0	-26.34334	0.101992	0.235772	0.543703	0.454196	0.0408228	0.188075	1.0244	1.09041	1.39969
850000	-23.31848	0	-23.31848	0.163113	0.0743709	0.224252	0.37328	0.152748	0.357671	1.62662	1.08855	0.348075
860000	-17.42522	0	-17.42522	0.170111	0.117807	0.111596	0.15927	0.123941	0.0622391	1.73428	1.22158	0.451134
870000	-20.79172	0	-20.79172	0.160079	0.0815636	0.332726	0.153242	0.179815	0.0743342	1.76508	1.00181	0.446145
880000	-26.93799	0	-26.93799	0.220342	0.113156	0.101925	0.295182	0.0951504	0.0476579	1.00009	0.622245	0.412455
890000	-23.06046	0	-23.06046	0.109942	0.0777615	0.0853562	0.215892	0.05666	0.0724168	1.58807	1.10196	0.211638
900000	-24.15965	0	-24.15965	0.173903	0.194481	0.223933	0.307756	0.198918	0.183689	1.63713	1.75	0.236365
910000	-18.32582	0	-18.32582	0.235646	0.146271	0.109669	0.395018	0.236854	0.130935	3.8933	0.827094	0.471162
920000	-25.84211	0	-25.84211	0.157968	0.207578	0.30342	0.267909	0.389938	0.129838	2.62091	1.44355	0.939072
930000	-21.45179	0	-21.45179	0.222264	0.173953	0.159656	0.453816	0.175178	0.055481	2.13637	0.612361	1.45558
940000	-23.90957	0	-23.90957	0.288095	0.1836	0.187739	0.342984	0.0478083	0.135947	1.75324	0.569426	2.44784
950000	-23.25166	0	-23.25166	0.23267	0.128681	0.135408	0.227163	0.0523366	0.0924829	0.657855	0.351362	1.89164
960000	-18.17682	0	-18.17682	0.088585	0.0567328	0.152778	0.306236	0.126251	0.118723	1.49044	0.761308	1.75491
970000	-16.99886	0	-16.99886	0.206734	0.249743	0.169992	0.192976	0.109737	0.241136	2.51303	0.387477	0.702933
980000	-22.89463	0	-22.89463	0.106401	0.0775806	0.166471	0.290897	0.144411	0.0452697	0.816146	0.344185	2.28132
990000	-19.95734	0	-19.95734	0.14243	0.116284	0.0918647	0.225409	0.216316	0.128533	0.881752	0.436023	0.360821
1000000	-21.62097	0	-21.62097	0.215517	0.113979	0.195954	0.273314	0.156453	0.17796	5.83657	1.4676	0.761016
1010000	-25.87465	0	-25.87465	0.141204	0.0683887	0.125453	0.257416	0.0797504	0.0621807	1.77244	0.229193	0.353461
1020000	-18.98463	0	-18.98463	0.353683	0.0559499	0.157717	0.360129	0.183265	0.130742	1.85376	0.972889	2.13199
1030000	-17.94675	0	-17.94675	0.157182	0.155773	0.200756	0.230196	0.162279	0.0863438	0.571822	0.827143	2.63225
1040000	-13.64755	0	-13.64755	0.0871149	0.105729	0.141573	0.129433	0.25111	0.169701	3.56599	2.35332	0.610448
1050000	-29.15206	0	-29.15206	0.0396416	0.174057	0.167424	0.10899	0.131369	0.219941	2.3029	0.978027	0.495381
1060000	-19.14278	0	-19.14278	0.0847078	0.134618	0.174122	0.273291	0.153989	0.110844	1.10535	0.261574	0.560321
1070000	-25.80752	0	-25.80752	0.0635162	0.159773	0.109562	0.281	0.275232	0.0763646	0.965813	0.666964	0.599919
1080000	-19.07972	0	-19.07972	0.0930027	0.397696	0.107791	0.17925	0.122598	0.179733	0.982518	1.06488	2.46524
1090000	-25.01201	0	-25.01201	0.192323	0.138319	0.363949	0.192506	0.0896528	0.0959118	1.17701	0.800412	1.32593
1100000	-23.37789	0	-23.37789	0.11621	0.151247	0.126542	0.495911	0.366435	0.0911801	1.07005	2.84462	1.23318
1110000	-17.91949	0	-17.91949	0.200715	0.0561547	0.140526	0.26402	0.114502	0.224332	1.55915	1.4651	0.239966
1120000	-21.89329	0	-21.89329	0.13086	0.0881318	0.120391	0.542401	0.124155	0.0964431	1.27057	0.322125	0.214111
1130000	-24.9498	0	-24.9498	0.142965	0.182903	0.0676488	0.303544	0.072443	0.34587	1.34045	1.79696	0.838645
1140000	-21.45112	0	-21.45112	0.405687	0.145763	0.121473	0.411657	0.0803615	0.0949436	1.2745	0.308961	1.14612
1150000	-22.45808	0	-22.45808	0.42896	0.0683678	0.0880054	0.286279	0.18184	0.1159	1.88911	0.668715	0.816728
1160000	-26.13861	0	-26.13861	0.162516	0.301813	0.186413	0.184613	0.436039	0.203248	2.0684	1.06507	0.0828804
1170000	-23.0654	0	-23.0654	0.272919	0.371864	0.219331	0.197612	0.205234	0.16175	0.546765	0.163825	1.36054
1180000	-19.91445	0	-19.91445	0.232038	0.126247	0.173881	0.263874	0.0530419	0.127791	1.63034	0.758169	1.02585
1190000	-17.98859	0	-17.98859	0.144188	0.167058	0.160636	0.320977	0.109674	0.105906	0.948267	2.72323	2.74284
1200000	-19.99647	0	-19.99647	0.233405	0.162605	0.19981	0.219596	0.2561	0.0979885	0.472121	0.922683	0.140723
1210000	-23.48502	0	-23.48502	0.319942	0.131983	0.215808	0.189339	0.0671915	0.124223	1.1252	1.0938	0.275618
1220000	-20.96621	0	-20.96621	0.110942	0.319719	0.299825	0.591642	0.102026	0.0688653	1.99625	0.874585	1.94191
1230000	-13.32812	0	-13.32812	0.108698	0.166598	0.128739	0.271294	0.161769	0.1598	1.99357	2.78771	0.566303
1240000	-19.817	0	-19.817	0.0799357	0.0996743	0.267317	0.308904	0.172839	0.0669797	3.01991	0.239233	0.487663
1250000	-18.67436	0	-18.67436	0.28585	0.11248	0.111982	0.375785	0.293279	0.0887273	1.80344	0.778804	2.62129
1260000	-21.11579	0	-21.11579	0.276969	0.17861	0.207001	0.252491	0.164349	0.109902	0.697842	0.229752	1.48195
1270000	-18.84605	0	-18.84605	0.160389	0.14132	0.284163	0.32242	0.207413	0.162995	1.65581	2.9859	0.421769
1280000	-16.89876	0	-16.89876	0.0964789	0.25528	0.361733	0.206104	0.293169	0.110421	3.78081	1.5854	0.683029
1290000	-19.85037	0	-19.85037	0.331113	0.0968588	0.103241	0.275808	0.169776	0.19394	0.345036	2.00145	1.16753
1300000	-21.80871	0	-21.80871	0.267495	0.178785	0.215994	0.487949	0.205173	0.176167	0.728198	3.73436	1.21751
1310000	-15.03287	0	-15.03287	0.121238	0.230089	0.223124	0.21268	0.211383	0.0957096	1.54414	2.34918	2.56504
1320000	-18.41757	0	-18.41757	0.0531294	0.195461	0.0973994	0.335132	0.107876	0.0805372	1.0169	2.69286	0.347826
1330000	-24.66668	0	-24.66668	0.204873	0.17112	0.166404	0.373387	0.0883439	0.110046	1.65767	0.562901	2.41012
1340000	-22.42166	0	-22.42166	0.265144	0.143983	0.142969	0.309592	0.0814048	0.142858	0.525295	0.761727	1.29949
1350000	-22.94434	0	-22.94434	0.157329	0.0910276	0.181474	0.367926	0.139889	0.167756	1.23617	0.530537	1.01303
1360000	-22.04804	0	-22.04804	0.17821	0.0866045	0.125903	0.283508	0.0672537	0.0899754	1.44909	0.984927	1.0212
1370000	-18.44578	0	-18.44578	0.19608	0.120166	0.277611	0.314711	0.132143	0.264855	1.41232	2.87144	2.15872
1380000	-23.09143	0	-23.09143	0.116835	0.0836006	0.347772	0.397397	0.092424	0.078756	1.18148	0.229262	0.989274
1390000	-22.67808	0	-22.67808	0.380363	0.168769	0.203834	0.350921	0.116306	0.11895	0.961133	0.7546	1.04903
1400000	-22.75416	0	-22.75416	0.0663807	0.15553	0.190357	0.257967	0.0950268	0.137064	0.816823	0.414784	0.387615
1410000	-19.6556	0	-19.6556	0.141523	0.0771983	0.119012	0.406668	0.299482	0.117426	1.87124	1.66739	0.0483992
1420000	-19.59913	0	-19.59913	0.124547	0.0906735	0.180017	0.285237	0.126201	0.0571007	4.37871	1.15148	0.233757
1430000	-25.2988	0	-25.2988	0.109556	0.110612	0.399953	0.119791	0.107333	0.233859	1.66987	0.682417	0.296732
1440000	-14.59772	0	-14.59772	0.112264	0.10066	0.162677	0.248296	0.24543	0.0760717	2.80984	3.75125	0.907374
1450000	-21.12264	0	-21.12264	0.110128	0.265436	0.209618	0.131205	0.122527	0.126256	2.34943	0.177247	0.215297
1460000	-20.70553	0	-20.70553	0.0965758	0.132636	0.207686	0.645424	0.246376	0.170761	2.4966	0.986479	1.29331
1470000	-13.35235	0	-13.35235	0.219616	0.121682	0.101747	0.237833	0.223725	0.094495	5.19902	0.194906	1.37818
1480000	-24.57801	0	-24.57801	0.515391	0.158373	0.224595	0.202089	0.139664	0.173198	3.7887	1.9857	0.550121
1490000	-16.9693	0	-16.9693	0.136704	0.173314	0.366162	0.224613	0.162224	0.166062	2.79388	1.14807	1.14848
1500000	-17.74498	0	-17.74498	0.164504	0.1605	0.087617	0.194443	0.0920846	0.0432719	1.15785	1.00139	0.722633
1510000	-23.49152	0	-23.49152	0.196997	0.205997	0.132565	0.340552	0.115446	0.107931	0.495848	1.42604	0.213948
1520000	-22.46923	0	-22.46923	0.269762	0.133116	0.141922	0.256147	0.136192	0.0336521	0.825392	0.128834	0.754441
1530000	-17.24981	0	-17.24981	0.134215	0.109882	0.0960339	0.225664	0.100625	0.128771	1.19836	0.703005	1.9631
1540000	-18.19872	0	-18.19872	0.172674	0.153803	0.202199	0.226475	0.141661	0.049675	2.0721	0.412876	1.34002
1550000	-20.21887	0	-20.21887	0.132554	0.31985	0.158374	0.273252	0.141609	0.0678164	1.11515	0.986278	0.829343
1560000	-14.32035	0	-14.32035	0.0777712	0.137986	0.239046	0.240949	0.144767	0.0929021	1.55774	1.27815	0.939733
1570000	-17.21066	0	-17.21066	0.208498	0.179344	0.210404	0.179061	0.122176	0.177695	1.53365	0.521201	3.02501
1580000	-18.25036	0	-18.25036	0.252302	0.185036	0.224777	0.369407	0.0965726	0.105056	2.09385	1.77107	1.17696
1590000	-21.66826	0	-21.66826	0.314418	0.250795	0.124898	0.406528	0.17457	0.0340859	1.67676	2.02446	1.00123
1600000	-25.0528	0	-25.0528	0.414296	0.0800136	0.28846	0.257061	0.0869524	0.221646	0.260417	0.678049	1.48163
1610000	-17.10693	0	-17.10693	0.213371	0.127072	0.145198	0.268062	0.0730169	0.0822041	1.55163	2.9986	0.463505
1620000	-25.90992	0	-25.90992	0.198666	0.155248	0.0200442	0.139757	0.129932	0.186209	1.92303	2.08054	0.883789
1630000	-16.7988	0	-16.7988	0.152873	0.137337	0.113611	0.468237	0.095608	0.16365	1.99577	1.61098	0.93931
1640000	-19.12324	0	-19.12324	0.1463	0.459142	0.23037	0.198353	0.13524	0.119141	3.21691	1.7705	0.229885
1650000	-21.24644	0	-21.24644	0.0923059	0.341528	0.104403	0.463983	0.0589374	0.136716	1.96483	1.39786	2.70999
1660000	-18.71928	0	-18.71928	0.179767	0.188211	0.155884	0.244521	0.465183	0.0907408	2.27489	1.17837	0.858887
1670000	-21.48818	0	-21.48818	0.0672256	0.0707532	0.309537	0.160217	0.0901026	0.182002	1.66684	0.373387	0.480616
1680000	-19.59378	0	-19.59378	0.0953018	0.171251	0.302263	0.370866	0.151983	0.150317	1.36492	1.31018	0.503151
1690000	-20.7694	0	-20.7694	0.126799	0.113896	0.138032	0.262786	0.286763	0.165895	1.09416	4.8497	1.27375
1700000	-17.79112	0	-17.79112	0.137879	0.0564724	0.178944	0.230788	0.127059	0.187657	1.49408	0.761562	0.480863
1710000	-20.14742	0	-20.14742	0.174883	0.125865	0.261458	0.438824	0.107597	0.0961297	1.94001	1.6508	0.867866
1720000	-24.63697	0	-24.63697	0.185368	0.139805	0.178977	0.295906	0.0730831	0.0714138	0.388046	0.612274	1.01187
1730000	-17.60618	0	-17.60618	0.181946	0.220653	0.113648	0.246678	0.0977556	0.140115	2.32352	0.920118	0.0755506
1740000	-24.33885	0	-24.33885	0.0827658	0.0536442	0.280247	0.245117	0.212062	0.163114	3.76936	1.21389	1.74891
1750000	-26.86568	0	-26.86568	0.588122	0.191103	0.161498	0.141727	0.23416	0.131749	1.18164	0.150901	2.49481
1760000	-16.09226	0	-16.09226	0.115735	0.160954	0.21783	0.283055	0.175796	0.0758148	1.49314	1.03997	0.392278
1770000	-22.15231	0	-22.15231	0.171228	0.167585	0.186785	0.304185	0.178273	0.0862798	0.566424	0.260148	1.82207
1780000	-19.27311	0	-19.27311	0.168613	0.162307	0.209561	0.187118	0.1831	0.117128	1.42483	0.661565	0.893134
1790000	-17.81002	0	-17.81002	0.189216	0.174923	0.106904	0.256183	0.0539933	0.1811	1.72719	1.39504	1.49011
1800000	-25.21068	0	-25.21068	0.108449	0.348868	0.10377	0.13029	0.174762	0.0952034	0.827935	1.62807	0.632339
1810000	-25.28615	0	-25.28615	0.133019	0.431826	0.105385	0.255459	0.287971	0.186211	1.78383	0.514911	0.748087
1820000	-31.97075	0	-31.97075	0.733788	0.0833209	0.282709	0.443284	0.0720445	0.219338	0.841859	0.0728307	0.400068
1830000	-27.66634	0	-27.66634	0.16818	0.147944	0.244172	0.155363	0.25301	0.138531	0.805584	1.20464	0.0140398
1840000	-32.01725	0	-32.01725	0.440382	0.172029	0.338521	0.588429	0.485339	0.167451	1.35628	2.81307	0.859209
1850000	-20.37279	0	-20.37279	0.0854184	0.060144	0.119792	0.115753	0.0983907	0.161165	2.39857	2.0804	0.751205
1860000	-19.11651	0	-19.11651	0.223457	0.0998245	0.140533	0.170233	0.116289	0.193866	1.10855	1.2921	2.08299
1870000	-23.47143	0	-23.47143	0.102091	0.0871757	0.223256	0.213792	0.224533	0.268971	1.14673	1.51146	0.75071
1880000	-18.18052	0	-18.18052	0.178868	0.212178	0.1211	0.259453	0.0739436	0.119873	0.478977	1.6562	0.729433
1890000	-25.91661	0	-25.91661	0.0512962	0.172832	0.0875991	0.118103	0.120134	0.0784585	0.840432	1.45567	0.913007
1900000	-20.16418	0	-20.16418	0.210326	0.113379	0.0922953	0.363585	0.226963	0.143698	1.11987	1.05547	0.347935
1910000	-16.46574	0	-16.46574	0.125018	0.0466242	0.118933	0.156694	0.0838695	0.109588	3.28509	0.266878	0.151493
1920000	-17.25135	0	-17.25135	0.275018	0.119058	0.205928	0.304234	0.141069	0.0420256	1.70718	2.24147	0.240923
1930000	-11.76719	0	-11.76719	0.254231	0.136373	0.148134	0.319504	0.0769021	0.0845883	2.65519	2.81547	1.51884
1940000	-17.02477	0	-17.02477	0.166099	0.167891	0.201464	0.328358	0.0958749	0.095622	5.02118	1.89809	0.49736
1950000	-19.54741	0	-19.54741	0.185316	0.216522	0.275265	0.190037	0.250307	0.217494	0.829738	1.1165	1.45417
1960000	-19.38184	0	-19.38184	0.0840837	0.1539	0.125948	0.504413	0.08069	0.124347	2.78539	0.968131	0.0925854
1970000	-25.63555	0	-25.63555	0.133523	0.211642	0.357422	0.134557	0.253163	0.0751678	0.468447	0.559868	0.763096
1980000	-17.36451	0	-17.36451	0.167661	0.0835237	0.149794	0.26715	0.0687242	0.096619	1.82866	0.982518	0.0677995
1990000	-15.77019	0	-15.77019	0.222178	0.118406	0.127505	0.195089	0.108799	0.172679	2.36457	1.15807	1.60977
2000000	-27.73185	0	-27.73185	0.129462	0.162701	0.141339	0.440038	0.109068	0.0993725	1.22846	0.156054	0.138896
2010000	-21.89029	0	-21.89029	0.115365	0.215865	0.305991	0.631059	0.195215	0.357161	1.91097	3.49449	0.612884
2020000	-22.7488	0	-22.7488	0.372814	0.342151	0.181251	0.203035	0.109438	0.0912198	0.799229	1.21691	3.11039
2030000	-21.25628	0	-21.25628	0.102953	0.251862	0.264513	0.269089	0.227763	0.17833	4.31288	1.32747	0.68581
2040000	-22.47537	0	-22.47537	0.339246	0.114432	0.139925	0.170436	0.0760117	0.104504	1.33761	1.72445	0.517772
2050000	-16.77992	0	-16.77992	0.291313	0.127187	0.132588	0.400788	0.0746741	0.116436	1.7888	5.4217	0.858592
2060000	-21.23307	0	-21.23307	0.196988	0.197338	0.157751	0.321918	0.0757344	0.193966	0.524029	0.874974	0.819147
2070000	-18.77908	0	-18.77908	0.148219	0.151505	0.267978	0.307298	0.126891	0.0483079	0.668734	1.56882	0.468601
2080000	-27.97884	0	-27.97884	0.241062	0.125911	0.0753567	0.913445	0.227264	0.0904742	1.37285	1.2117	0.786887
2090000	-20.57056	0	-20.57056	0.236359	0.105566	0.0883158	0.600434	0.203434	0.0523843	1.52502	0.592925	1.23331
2100000	-19.56611	0	-19.56611	0.363971	0.0996328	0.0803756	0.203642	0.178487	0.138948	1.42585	1.21648	2.14711
2110000	-19.15656	0	-19.15656	0.190657	0.252234	0.174763	0.346889	0.255406	0.135602	0.955687	3.63453	0.627066
2120000	-13.00994	0	-13.00994	0.104695	0.140959	0.110173	0.360612	0.187069	0.141173	2.89095	1.79855	0.562412
2130000	-24.12856	0	-24.12856	0.241937	0.216262	0.103255	0.340833	0.254225	0.107547	1.09991	0.210318	0.358043
2140000	-19.9599	0	-19.9599	0.118423	0.242657	0.15305	0.138192	0.135157	0.1274	2.94928	0.699157	0.582789
2150000	-19.89172	0	-19.89172	0.182998	0.086806	0.383871	0.220826	0.181481	0.145774	1.00018	1.235	0.61439
2160000	-21.38905	0	-21.38905	0.219085	0.180111	0.167888	0.10891	0.195455	0.126995	0.83064	0.411222	0.181815
2170000	-21.68765	0	-21.68765	0.159847	0.069004	0.514879	0.222896	0.355445	0.130525	1.84628	0.199398	1.26219
2180000	-20.63109	0	-20.63109	0.225731	0.253753	0.112056	0.140736	0.234018	0.135115	0.898151	1.41709	1.28846
2190000	-27.27569	0	-27.27569	0.302881	0.217313	0.105123	0.345246	0.170555	0.0866301	1.93734	2.08958	0.400863
2200000	-27.72237	0	-27.72237	0.286366	0.579789	0.124414	0.505738	0.0889012	0.106094	0.624988	0.486934	2.77752
2210000	-19.47517	0	-19.47517	0.303446	0.122761	0.133209	0.42612	0.10359	0.168733	0.986231	0.405999	1.00849
2220000	-22.13662	0	-22.13662	0.124451	0.0975266	0.363793	0.299561	0.206946	0.136619	1.66674	1.12256	5.60732
2230000	-24.76218	0	-24.76218	0.179963	0.101812	0.190385	0.426688	0.122117	0.0398906	1.98234	1.28292	0.132586
2240000	-25.25931	0	-25.25931	0.0513403	0.20984	0.39426	0.145779	0.14708	0.0887284	0.720863	1.19832	0.60842
2250000	-18.7775	0	-18.7775	0.246471	0.122868	0.186811	0.261808	0.2137	0.146309	2.318	1.09185	0.0677878
2260000	-20.83712	0	-20.83712	0.217861	0.257503	0.159108	0.14909	0.0971072	0.0648252	1.02525	0.443457	0.71798
2270000	-21.36305	0	-21.36305	0.149254	0.144273	0.0993861	0.40342	0.105198	0.120539	0.958887	0.333598	0.0404898
2280000	-17.77259	0	-17.77259	0.202385	0.332034	0.268961	0.303074	0.203302	0.0766699	1.27015	0.86801	1.2873
2290000	-22.15961	0	-22.15961	0.302767	0.0837723	0.354294	0.308277	0.289035	0.109014	1.09114	0.571826	0.815954
2300000	-26.27674	0	-26.27674	0.0586705	0.193175	0.427709	0.409742	0.090221	0.0951558	0.50301	0.598271	3.15269
2310000	-15.39619	0	-15.39619	0.160326	0.134401	0.126073	0.12507	0.0934625	0.101122	1.4352	0.720821	1.93904
2320000	-22.68466	0	-22.68466	0.249063	0.086115	0.357426	0.086071	0.103632	0.122655	2.95917	0.835585	0.154898
2330000	-21.10527	0	-21.10527	0.16143	0.250944	0.0947135	0.237794	0.132059	0.13304	2.15801	0.516568	0.00464532
2340000	-26.31594	0	-26.31594	0.190041	0.112924	0.188157	0.277165	0.110485	0.0722604	0.865737	0.36425	0.109314
2350000	-18.63268	0	-18.63268	0.260709	0.229947	0.104161	0.247714	0.121403	0.198624	0.601358	1.08084	0.370373
2360000	-23.77573	0	-23.77573	0.219675	0.0991813	0.127742	0.156572	0.133641	0.123241	0.667761	0.421036	0.10567
2370000	-18.13524	0	-18.13524	0.118088	0.206934	0.0853201	0.344787	0.0932458	0.0840523	1.3482	0.567816	0.295283
2380000	-20.15675	0	-20.15675	0.0944677	0.140548	0.240994	0.310652	0.253857	0.156291	0.889008	1.37443	0.855528
2390000	-17.05495	0	-17.05495	0.128516	0.159737	0.242008	0.13823	0.318125	0.115846	2.57644	2.62986	0.463486
2400000	-16.32627	0	-16.32627	0.189075	0.191597	0.273447	0.237438	0.283888	0.0887461	3.8438	1.39484	0.618589
2410000	-20.66364	0	-20.66364	0.203472	0.115609	0.346067	0.401785	0.0951471	0.0949211	2.83971	2.06492	0.43651
2420000	-18.09763	0	-18.09763	0.229341	0.120558	0.127196	0.533966	0.159772	0.0971382	1.91095	0.512795	0.2761
2430000	-21.68437	0	-21.68437	0.124276	0.121078	0.111719	0.242016	0.0871336	0.220284	1.08917	0.756661	0.717012
2440000	-20.04018	0	-20.04018	0.20614	0.178861	0.195683	0.372046	0.123897	0.143064	0.551911	0.562742	0.979582
2450000	-29.97098	0	-29.97098	0.30598	0.197697	0.0833174	0.21706	0.128716	0.140229	0.588366	1.97019	0.424859
2460000	-14.4423	0	-14.4423	0.150813	0.127667	0.057507	0.262845	0.245361	0.0744035	1.41776	2.35809	1.07863
2470000	-20.89459	0	-20.89459	0.0693712	0.109768	0.174015	0.281948	0.0396929	0.0505731	2.48114	0.675059	1.62082
2480000	-20.08806	0	-20.08806	0.217444	0.17013	0.267408	0.174649	0.135926	0.233232	2.67278	0.549217	0.260608
2490000	-20.05623	0	-20.05623	0.335322	0.173924	0.256121	0.459367	0.203352	0.0747521	0.82503	1.24851	0.96307
2500000	-16.58095	0	-16.58095	0.102543	0.202108	0.250467	0.129034	0.0650619	0.112513	2.78496	0.365607	0.603811
2510000	-18.03035	0	-18.03035	0.302747	0.122294	0.106579	0.288762	0.0698253	0.169718	1.9829	0.936541	0.103147
2520000	-18.60071	0	-18.60071	0.131251	0.112323	0.31238	0.33814	0.105617	0.0572025	1.30808	2.12414	0.40067
2530000	-28.61406	0	-28.61406	0.0874478	0.218186	0.172076	0.305438	0.161203	0.151767	1.34131	0.699863	0.0663165
2540000	-21.9631	0	-21.9631	0.121099	0.33704	0.124566	0.163715	0.101375	0.0906253	1.3839	2.17149	1.03812
2550000	-25.49885	0	-25.49885	0.284824	0.253773	0.260287	0.335481	0.0841709	0.126882	0.784185	0.89866	0.672919
2560000	-19.84776	0	-19.84776	0.186578	0.154093	0.125295	0.254665	0.094044	0.0614352	0.761119	0.629177	0.146694
2570000	-15.85921	0	-15.85921	0.205392	0.0975425	0.144745	0.252822	0.176763	0.108363	1.61036	1.00525	0.870869
2580000	-18.84488	0	-18.84488	0.112758	0.148538	0.109809	0.29943	0.0832284	0.0581927	1.24276	0.385522	3.27995
2590000	-22.43387	0	-22.43387	0.206574	0.147891	0.225003	0.38073	0.136168	0.0588192	1.91777	0.572183	2.16009
2600000	-17.09841	0	-17.09841	0.140887	0.165486	0.379891	0.181831	0.0789453	0.0596779	2.82044	0.318452	1.05067
2610000	-21.59017	0	-21.59017	0.204876	0.134306	0.0687795	0.296217	0.107735	0.142728	1.7935	0.667788	0.647024
2620000	-22.45942	0	-22.45942	0.168381	0.189396	0.278955	0.22791	0.313431	0.131873	0.755524	0.47704	0.156151
2630000	-21.23579	0	-21.23579	0.248695	0.126533	0.0695933	0.39142	0.144105	0.198692	1.34601	0.331075	0.973692
2640000	-28.4371	0	-28.4371	0.0917075	0.56403	0.342992	0.257309	0.0880774	0.131153	0.976188	2.29147	4.32803
2650000	-19.46538	0	-19.46538	0.0848465	0.0625706	0.201867	0.172428	0.105046	0.0385976	2.07735	1.87739	0.226561
2660000	-21.80794	0	-21.80794	0.206278	0.18617	0.145416	0.259344	0.181002	0.101942	3.12089	0.567344	0.968656
2670000	-22.0064	0	-22.0064	0.115991	0.212159	0.0659618	0.588384	0.189458	0.1119	1.73907	0.487808	1.40953
2680000	-26.69682	0	-26.69682	0.358507	0.208447	0.0740743	0.342569	0.299053	0.282764	1.23369	0.242819	1.20136
2690000	-18.21261	0	-18.21261	0.191209	0.224062	0.200281	0.240283	0.199145	0.067925	1.89264	3.72522	2.01851
2700000	-19.56101	0	-19.56101	0.185571	0.126325	0.150388	0.197413	0.069598	0.264514	0.839414	1.24292	2.0707
2710000	-22.93342	0	-22.93342	0.0724802	0.137751	0.172416	0.210468	0.104282	0.127819	2.75155	1.07725	2.72732
2720000	-29.99131	0	-29.99131	0.217109	0.0720683	0.553541	0.117382	0.131401	0.41415	2.17358	0.419674	1.17485
2730000	-21.33525	0	-21.33525	0.252429	0.044537	0.102471	0.184349	0.127371	0.112311	0.924043	0.8911	1.17398
2740000	-18.09221	0	-18.09221	0.158276	0.117341	0.130819	0.239987	0.205636	0.150974	1.25722	0.419155	0.333941
2750000	-19.50301	0	-19.50301	0.141285	0.0421933	0.238651	0.38495	0.0837106	0.0894689	1.79744	1.26159	2.40482
2760000	-25.48485	0	-25.48485	0.191723	0.118927	0.205245	0.148548	0.0641557	0.113887	0.977093	0.416864	0.241025
2770000	-24.67766	0	-24.67766	0.0997741	0.238708	0.216552	0.378056	0.161548	0.0546238	0.538706	1.17296	0.447598
2780000	-21.3582	0	-21.3582	0.420285	0.0701298	0.0986106	0.236423	0.345095	0.162664	1.88732	0.843523	0.763779
2790000	-29.61829	0	-29.61829	0.187871	0.215165	0.310894	0.376068	0.15753	0.143361	4.98329	0.324786	0.111848
2800000	-16.37602	0	-16.37602	0.144668	0.169324	0.199019	0.248457	0.0653357	0.0882014	2.58031	0.914043	0.678528
2810000	-18.42106	0	-18.42106	0.346593	0.20799	0.205768	0.201919	0.395408	0.101619	1.93775	3.17455	0.363941
2820000	-19.22878	0	-19.22878	0.226717	0.121186	0.27213	0.218645	0.106678	0.144696	0.652754	0.40611	0.300211
2830000	-17.8472	0	-17.8472	0.334679	0.173292	0.222832	0.339517	0.135659	0.148319	2.21947	0.465473	1.64796
2840000	-18.73903	0	-18.73903	0.136123	0.171779	0.273319	0.170987	0.114997	0.123595	1.81701	0.26749	1.62768
2850000	-17.33466	0	-17.33466	0.0888596	0.157539	0.0832876	0.19297	0.154482	0.108212	1.19184	2.10905	2.21981
2860000	-24.83201	0	-24.83201	0.282248	0.219705	0.100185	0.275846	0.0707737	0.0838096	0.279937	0.382308	1.3356
2870000	-26.52819	0	-26.52819	0.267174	0.350084	0.234939	0.146885	0.130806	0.247738	1.05929	0.277849	0.192568
2880000	-22.60481	0	-22.60481	0.326407	0.16202	0.531394	0.358973	0.126337	0.128707	1.46315	1.04836	0.972154
2890000	-19.98439	0	-19.98439	0.268155	0.156023	0.180508	0.273513	0.248479	0.0559602	1.43981	0.32968	0.98365
2900000	-20.97997	0	-20.97997	0.380305	0.0814975	0.280127	0.174961	0.241778	0.177197	2.23816	2.04243	0.184655
2910000	-30.60603	0	-30.60603	0.229481	0.226912	0.11543	0.262099	0.182377	0.170145	0.567701	0.34692	0.0893955
2920000	-25.46531	0	-25.46531	0.462779	0.217988	0.391054	0.230277	0.127296	0.065672	2.63045	0.489802	1.35961
2930000	-22.65978	0	-22.65978	0.0726982	0.104594	0.156944	0.209971	0.132285	0.217511	0.550558	0.78847	1.94469
2940000	-21.91528	0	-21.91528	0.158522	0.202247	0.115869	0.148272	0.2309	0.0378074	2.10099	0.121384	0.471121
2950000	-20.79771	0	-20.79771	0.144317	0.179844	0.0833025	0.229504	0.0651626	0.216493	2.24286	0.297612	0.70129
2960000	-30.75296	0	-30.75296	0.105652	0.309533	0.103358	0.29654	0.13639	0.133416	0.99394	0.541717	0.567228
2970000	-19.43278	0	-19.43278	0.161684	0.224063	0.110102	0.398517	0.0753979	0.0768624	1.0067	1.26638	0.747641
2980000	-15.97999	0	-15.97999	0.245322	0.155296	0.212308	0.204702	0.198678	0.0802031	1.70882	0.897592	0.302512
2990000	-14.42781	0	-14.42781	0.105605	0.0903951	0.120868	0.190527	0.183598	0.110553	1.25551	1.46543	1.99449
3000000	-24.17718	0	-24.17718	0.32646	0.0361442	0.196165	0.245615	0.0977571	0.212295	1.83469	0.689443	0.0449064
3010000	-28.30523	0	-28.30523	0.162178	0.171943	0.422526	0.459415	0.185624	0.0428509	1.61572	0.934406	0.332865
3020000	-26.1756	0	-26.1756	0.224891	0.239688	0.0989739	0.173388	0.192161	0.30595	0.374313	1.07196	0.823291
3030000	-20.45797	0	-20.45797	0.429772	0.0530953	0.173565	0.339375	0.108743	0.0652027	2.40893	0.745209	0.478201
3040000	-24.18991	0	-24.18991	0.118132	0.259993	0.251374	0.708767	0.121339	0.217282	1.5879	0.480066	0.111007
3050000	-20.05108	0	-20.05108	0.249827	0.0473626	0.121349	0.26539	0.0845138	0.100967	1.47863	1.13024	0.083389
3060000	-16.10199	0	-16.10199	0.114701	0.113891	0.116806	0.204851	0.0775253	0.127256	1.24944	0.777277	0.239987
3070000	-17.04226	0	-17.04226	0.1747	0.129629	0.326557	0.304595	0.103507	0.106779	3.07668	2.53859	0.388724
3080000	-24.81263	0	-24.81263	0.147443	0.190548	0.11592	0.261874	0.0547297	0.0573854	0.991952	0.528265	0.28764
3090000	-19.4232	0	-19.4232	0.23984	0.108673	0.150828	0.283976	0.0779273	0.217	0.791751	1.96849	1.38379
3100000	-18.43245	0	-18.43245	0.164945	0.0955956	0.160842	0.246221	0.23227	0.0635346	1.85574	1.21052	3.24479
3110000	-16.9166	0	-16.9166	0.16999	0.112721	0.163457	0.197367	0.194024	0.113696	4.59429	0.401326	0.982962
3120000	-25.48611	0	-25.48611	0.301415	0.364499	0.186992	0.314664	0.29544	0.156065	1.99219	4.11006	2.34351
3130000	-24.82242	0	-24.82242	0.0477581	0.285624	0.110074	0.23266	0.114624	0.0617899	1.71348	0.569998	0.260393
3140000	-22.2712	0	-22.2712	0.111662	0.115024	0.238748	0.28927	0.0347801	0.0727735	0.729751	0.33365	1.01873
3150000	-20.23879	0	-20.23879	0.120362	0.146555	0.176795	0.216421	0.0982492	0.136083	0.979313	1.71717	0.358092
3160000	-21.0994	0	-21.0994	0.145991	0.117581	0.327771	0.282031	0.265578	0.123722	0.592396	1.11124	0.664011
3170000	-19.82238	0	-19.82238	0.169797	0.0983075	0.100062	0.30971	0.275265	0.135613	6.0708	0.274648	0.363441
3180000	-21.17586	0	-21.17586	0.298509	0.322272	0.0645562	0.260027	0.246789	0.144878	3.17362	2.05307	0.122686
3190000	-16.13658	0	-16.13658	0.136639	0.143523	0.134982	0.199402	0.128605	0.151405	0.837931	1.05248	0.26895
3200000	-17.93496	0	-17.93496	0.101668	0.16482	0.286092	0.129081	0.126723	0.162606	2.27915	1.32515	0.950396
3210000	-22.52662	0	-22.52662	0.254704	0.181867	0.0957355	0.290036	0.106617	0.102308	0.891235	1.22345	0.106363
3220000	-16.05431	0	-16.05431	0.43364	0.166648	0.22817	0.326333	0.0883726	0.134457	1.6157	0.931734	0.233248
3230000	-26.03226	0	-26.03226	0.221334	0.204267	0.229944	0.225318	0.100001	0.243454	0.568869	0.399462	0.240717
3240000	-23.51086	0	-23.51086	0.205476	0.186729	0.131593	0.624751	0.0901019	0.17336	1.07838	0.384562	1.98391
3250000	-16.00218	0	-16.00218	0.113346	0.084819	0.12468	0.274153	0.245557	0.142371	3.67884	4.20251	0.800929
3260000	-30.20515	0	-30.20515	0.139984	0.375125	0.182662	0.514291	0.348392	0.174983	0.87964	1.48713	2.04404
3270000	-16.26234	0	-16.26234	0.131775	0.12753	0.173243	0.280356	0.144249	0.111336	1.08363	1.81465	0.393395
3280000	-24.73667	0	-24.73667	0.126103	0.129419	0.173542	0.181925	0.0933234	0.0765357	0.308875	0.24027	0.230938
3290000	-27.25993	0	-27.25993	0.268981	0.140505	0.0648691	0.19413	0.443871	0.185527	1.36313	0.557607	0.832422
3300000	-30.70826	0	-30.70826	0.247466	0.493305	0.148746	0.118356	0.142769	0.107305	0.482886	1.24591	0.969686
3310000	-20.04576	0	-20.04576	0.116067	0.210047	0.103864	0.37287	0.169273	0.243546	0.863198	0.881529	2.85177
3320000	-24.34939	0	-24.34939	0.101843	0.0966727	0.235666	0.438198	0.0521333	0.140755	2.65212	0.172651	0.407901
3330000	-18.88206	0	-18.88206	0.144176	0.104013	0.11065	0.29403	0.0905876	0.060889	1.19031	1.29383	3.27911
3340000	-15.8744	0	-15.8744	0.306403	0.136991	0.110019	0.223285	0.0685639	0.119474	1.15164	1.19311	2.34862
3350000	-20.1271	0	-20.1271	0.141645	0.13654	0.315911	0.166733	0.125537	0.184381	1.65078	0.342146	0.613397
3360000	-25.37016	0	-25.37016	0.0622317	0.110192	0.121663	0.488139	0.103192	0.134403	0.327884	0.249189	1.35362
3370000	-19.5648	0	-19.5648	0.252593	0.146605	0.104494	0.219241	0.112287	0.0624596	0.590818	0.660612	0.62975
3380000	-29.1051	0	-29.1051	0.0771477	0.0857013	0.358756	0.423183	0.190755	0.0548005	0.296138	0.259459	0.560894
3390000	-26.69175	0	-26.69175	0.0809035	0.140878	0.555646	0.28134	0.109696	0.296565	0.770412	0.971212	0.239134
3400000	-22.18393	0	-22.18393	0.486119	0.0860693	0.300001	0.268175	0.143227	0.218451	0.966724	1.99604	2.01712
3410000	-21.17435	0	-21.17435	0.101468	0.299603	0.191826	0.146498	0.144952	0.144598	0.952237	0.417533	0.83673
3420000	-22.72025	0	-22.72025	0.244129	0.138627	0.308695	0.571135	0.21502	0.102317	2.17031	4.59406	0.984336
3430000	-21.83286	0	-21.83286	0.115158	0.497747	0.169086	0.29336	0.138411	0.177005	5.08394	1.03432	0.182407
3440000	-17.36943	0	-17.36943	0.175537	0.144238	0.134239	0.392809	0.0633647	0.0974853	2.08577	1.3531	0.901886
3450000	-20.97037	0	-20.97037	0.233665	0.104509	0.0837105	0.55845	0.153078	0.112418	1.56484	0.647172	0.251709
3460000	-18.10133	0	-18.10133	0.162027	0.167282	0.148924	0.256777	0.175126	0.240122	2.47041	1.03164	2.08716
3470000	-20.27537	0	-20.27537	0.125882	0.267865	0.133425	0.268077	0.142555	0.0993545	0.8339	1.60059	1.03564
3480000	-13.92095	0	-13.92095	0.182669	0.389461	0.0683392	0.201117	0.186011	0.0664836	3.641	1.93873	1.19418
3490000	-24.39781	0	-24.39781	0.0931096	0.297744	0.12121	0.159341	0.229519	0.0486902	0.774065	2.47825	1.64182
3500000	-22.81	0	-22.81	0.14523	0.191186	0.396827	0.251229	0.183121	0.155409	1.37122	0.37379	0.475968
3510000	-21.0188	0	-21.0188	0.111781	0.0759334	0.270992	0.321374	0.192299	0.0896339	1.37762	0.341	0.10859
3520000	-16.7289	0	-16.7289	0.237346	0.047977	0.0699446	0.282783	0.0709077	0.235615	2.31805	1.46216	1.20137
3530000	-25.85257	0	-25.85257	0.0566658	0.34074	0.306639	0.400818	0.104435	0.17782	0.420905	0.579057	0.504843
3540000	-20.68508	0	-20.68508	0.20685	0.0769813	0.387767	0.0863866	0.126246	0.123186	1.28903	2.00957	0.852963
3550000	-21.47989	0	-21.47989	0.195911	0.0975432	0.314744	0.303526	0.12155	0.0864361	0.340073	0.488618	2.15809
3560000	-17.07655	0	-17.07655	0.215887	0.0521075	0.247041	0.144482	0.264575	0.114192	2.96714	1.29634	0.646158
3570000	-18.76624	0	-18.76624	0.283955	0.0915604	0.124217	0.265369	0.103278	0.109434	0.746716	1.09233	1.37206
3580000	-20.61958	0	-20.61958	0.169464	0.274487	0.241811	0.132395	0.0848348	0.0994739	0.836538	0.67112	1.76878
3590000	-19.58692	0	-19.58692	0.120282	0.0810384	0.107945	0.178812	0.246818	0.12169	2.63039	3.59842	0.600601
3600000	-15.03779	0	-15.03779	0.245328	0.121915	0.162769	0.198844	0.104674	0.0768096	2.15817	0.656109	0.201308
3610000	-26.81795	0	-26.81795	0.105567	0.232187	0.246541	0.207957	0.276514	0.19146	1.45944	0.179841	0.445268
3620000	-20.04389	0	-20.04389	0.113852	0.153528	0.139389	0.214565	0.121257	0.186219	0.472213	2.19756	0.221945
3630000	-16.74033	0	-16.74033	0.191891	0.12409	0.15557	0.459208	0.102818	0.132492	1.50634	0.534998	0.435094
3640000	-20.5542	0	-20.5542	0.222569	0.167165	0.117194	0.156	0.127623	0.203369	1.61376	2.43376	0.30294
3650000	-19.26108	0	-19.26108	0.231803	0.10837	0.148187	0.187879	0.0802413	0.110971	1.65621	0.543509	0.0456155
3660000	-21.72745	0	-21.72745	0.193315	0.12329	0.203121	0.342711	0.0968715	0.146918	0.240285	0.677417	1.47143
3670000	-18.30039	0	-18.30039	0.181415	0.198801	0.217326	0.1932	0.0517462	0.145607	0.69329	0.886323	0.62546
3680000	-24.50154	0	-24.50154	0.180467	0.179034	0.218187	0.224765	0.30514	0.135087	0.710734	0.610168	0.267995
3690000	-26.37864	0	-26.37864	0.217985	0.203661	0.416725	0.594428	0.28743	0.237375	1.54322	0.453597	1.23511
3700000	-21.40811	0	-21.40811	0.128373	0.318618	0.148547	0.275676	0.148228	0.273636	2.39232	0.900718	0.739504
3710000	-17.24876	0	-17.24876	0.195642	0.102883	0.13417	0.268856	0.165167	0.0520081	0.98378	0.326701	1.82976
3720000	-14.87238	0	-14.87238	0.164259	0.122999	0.110036	0.220901	0.101963	0.228154	2.03011	1.00201	0.519343
3730000	-21.72512	0	-21.72512	0.33701	0.16896	0.100512	0.359717	0.0870432	0.198387	3.86402	1.03663	0.594396
3740000	-19.37823	0	-19.37823	0.183512	0.103252	0.272301	0.288117	0.0598018	0.149236	1.13358	1.31313	0.57442
3750000	-18.38605	0	-18.38605	0.192254	0.125949	0.134811	0.328422	0.118484	0.0954881	3.10018	1.13769	0.486928
3760000	-21.60593	0	-21.60593	0.362819	0.171092	0.0839089	0.420758	0.228131	0.188785	2.80035	0.829553	1.21695
3770000	-19.20629	0	-19.20629	0.292395	0.150283	0.175263	0.467079	0.120295	0.155033	2.47107	0.291125	0.15954
3780000	-18.18021	0	-18.18021	0.220743	0.148528	0.159045	0.296037	0.110957	0.0931088	2.21059	0.246871	0.89797
3790000	-15.83988	0	-15.83988	0.069477	0.108181	0.136773	0.131495	0.120293	0.238276	2.72165	3.25214	0.885102
3800000	-20.35003	0	-20.35003	0.119779	0.0727924	0.15662	0.227381	0.112635	0.202799	1.07146	4.71453	0.958761
3810000	-19.96871	0	-19.96871	0.342067	0.100173	0.109843	0.270168	0.0867627	0.0977428	0.775633	0.473524	0.784465
3820000	-22.36363	0	-22.36363	0.430526	0.204494	0.29163	0.170094	0.180164	0.125838	1.33982	1.94332	0.55832
3830000	-17.37245	0	-17.37245	0.136393	0.0543289	0.101661	0.207202	0.257234	0.141329	1.48909	3.06223	1.87148
3840000	-18.59498	0	-18.59498	0.0686051	0.117616	0.156973	0.223095	0.184162	0.219654	1.64554	0.384264	0.638966
3850000	-23.22168	0	-23.22168	0.185691	0.262893	0.261933	0.338568	0.162714	0.155352	1.26163	0.812873	0.180782
3860000	-18.65724	0	-18.65724	0.217918	0.168576	0.157031	0.335188	0.190169	0.09893	1.96782	0.602757	0.102428
3870000	-24.54462	0	-24.54462	0.0875215	0.0982367	0.114132	0.169458	0.0943125	0.240831	0.726619	0.785	0.103908
3880000	-25.80019	0	-25.80019	0.415504	0.0990087	0.231022	0.166898	0.075967	0.03774	0.43165	0.597137	0.93078
3890000	-25.83533	0	-25.83533	0.0658769	0.10211	0.123754	0.256823	0.0690654	0.0741685	1.12337	0.283091	0.75835
3900000	-16.51217	0	-16.51217	0.191682	0.155372	0.221057	0.194949	0.113669	0.0840136	1.30159	1.17951	0.486971
3910000	-18.99712	0	-18.99712	0.194921	0.0717525	0.0461407	0.132021	0.115561	0.0915912	1.80629	0.519759	1.05307
3920000	-27.17446	0	-27.17446	0.266052	0.446956	0.146027	0.251181	0.101832	0.0690898	0.443609	0.998872	2.68876
3930000	-17.01919	0	-17.01919	0.340908	0.0776011	0.11546	0.378625	0.264618	0.171047	6.14604	1.09556	0.591849
3940000	-26.28982	0	-26.28982	0.115351	0.187399	0.145503	0.445057	0.0473199	0.0507532	0.977882	1.23553	0.149903
3950000	-18.72874	0	-18.72874	0.258799	0.0864376	0.19862	0.179282	0.158834	0.0742099	0.788696	1.69393	1.20806
3960000	-18.99131	0	-18.99131	0.211008	0.0575221	0.160618	0.127599	0.110206	0.0701352	1.33343	0.899563	0.394907
3970000	-26.08063	0	-26.08063	0.123231	0.117965	0.16051	0.515859	0.180631	0.140053	0.677066	0.852974	0.0176446
3980000	-24.67827	0	-24.67827	0.217865	0.110594	0.0688424	0.338016	0.0856888	0.082474	1.22489	1.14107	0.500935
3990000	-15.17057	0	-15.17057	0.0776694	0.106134	0.146161	0.30802	0.0765033	0.0664944	2.05477	2.80255	1.12175
4000000	-25.11801	0	-25.11801	0.349016	0.0888892	0.148757	0.161326	0.062719	0.113426	1.33704	1.22611	1.24212
4010000	-23.72068	0	-23.72068	0.0690183	0.280793	0.146724	0.285764	0.164437	0.0707927	0.755139	1.46634	1.35515
4020000	-23.099	0	-23.099	0.0775148	0.199545	0.0986689	0.151263	0.318505	0.165073	1.16041	2.46171	0.483107
4030000	-17.53712	0	-17.53712	0.213843	0.275325	0.114335	0.189829	0.277331	0.25625	3.60449	0.925014	0.187834
4040000	-16.39587	0	-16.39587	0.201896	0.0863476	0.194397	0.167211	0.224527	0.121111	4.35237	0.759169	1.10586
4050000	-23.48926	0	-23.48926	0.156862	0.178754	0.33057	0.468967	0.111581	0.193153	1.42298	1.69911	0.314842
4060000	-17.57928	0	-17.57928	0.128883	0.164223	0.0948977	0.13563	0.151329	0.0739759	0.885391	1.5297	1.0786
4070000	-22.27386	0	-22.27386	0.0642637	0.333099	0.193457	0.228482	0.103608	0.173638	0.997641	0.606935	1.83168
4080000	-28.76408	0	-28.76408	0.3263	0.209642	0.120498	0.234418	0.0951893	0.175682	0.770386	1.26281	0.131728
4090000	-18.66391	0	-18.66391	0.0781166	0.191456	0.155521	0.324235	0.125948	0.162103	1.29727	1.14215	0.388676
4100000	-26.99728	0	-26.99728	0.193592	0.17462	0.063843	0.201175	0.114143	0.119464	0.512366	1.0474	0.673235
4110000	-19.21116	0	-19.21116	0.142812	0.108644	0.177644	0.118869	0.160999	0.118032	1.00518	0.224844	0.858446
4120000	-14.30589	0	-14.30589	0.134346	0.0772118	0.0836095	0.125166	0.137152	0.126635	3.43755	2.90107	0.893278
4130000	-29.57136	0	-29.57136	0.31002	0.0630225	0.0831964	0.209287	0.329194	0.14009	0.50231	0.630198	0.102491
4140000	-13.33864	0	-13.33864	0.152005	0.0857847	0.115385	0.140022	0.131954	0.135498	1.69492	0.753271	0.995644
4150000	-13.69868	0	-13.69868	0.121271	0.126755	0.121317	0.316929	0.0690017	0.100494	4.38244	2.59821	1.00119
4160000	-19.77768	0	-19.77768	0.141543	0.172072	0.20614	0.21165	0.152962	0.0682713	2.48102	1.02355	0.0284924
4170000	-17.68571	0	-17.68571	0.269326	0.170164	0.161112	0.243069	0.11499	0.0478867	2.49138	1.61322	3.58657
4180000	-16.32199	0	-16.32199	0.138563	0.129548	0.113251	0.258812	0.108039	0.13074	1.06452	0.423387	1.63105
4190000	-24.50573	0	-24.50573	0.447696	0.213494	0.465305	0.150663	0.0844589	0.136492	0.621583	0.44606	0.313277
4200000	-21.23746	0	-21.23746	0.229685	0.0989114	0.231228	0.149756	0.251979	0.198773	2.6387	1.12221	2.37466
4210000	-20.54704	0	-20.54704	0.321706	0.0584759	0.176913	0.305904	0.129537	0.0428324	1.50418	0.570596	0.468365
4220000	-19.69781	0	-19.69781	0.157957	0.201078	0.260066	0.421029	0.253898	0.135297	2.09189	1.37198	0.348437
4230000	-17.18717	0	-17.18717	0.241523	0.0654114	0.185003	0.164843	0.131886	0.132307	0.867514	1.51339	0.857549
4240000	-19.66148	0	-19.66148	0.244048	0.161477	0.0552694	0.158821	0.0999939	0.116398	0.950222	0.960192	1.9134
4250000	-19.08024	0	-19.08024	0.218467	0.144396	0.0457025	0.209542	0.0841265	0.126077	0.541834	0.699641	0.783513
4260000	-19.71972	0	-19.71972	0.147723	0.334605	0.147531	0.394089	0.0634038	0.0799366	2.40222	0.939876	2.70289
4270000	-22.39073	0	-22.39073	0.49357	0.111145	0.136537	0.248057	0.280729	0.0898553	1.06128	0.416204	5.17798
4280000	-23.79072	0	-23.79072	0.293527	0.176523	0.225425	0.181401	0.160497	0.173728	0.552144	1.71571	0.513463
4290000	-21.71543	0	-21.71543	0.180996	0.334048	0.238373	0.262676	0.277497	0.0651783	0.773313	0.483966	1.33796
4300000	-28.53649	0	-28.53649	0.0791105	0.0925264	0.11924	0.352184	0.048328	0.0872286	0.469105	0.959603	0.0136395
4310000	-17.34339	0	-17.34339	0.154566	0.176599	0.171924	0.155547	0.262077	0.139498	2.03931	3.26511	0.30516
4320000	-19.47173	0	-19.47173	0.300995	0.0737301	0.207749	0.363266	0.0988409	0.108544	3.38039	0.735835	4.7853
4330000	-16.12458	0	-16.12458	0.29238	0.120214	0.113773	0.416569	0.199628	0.136742	4.67958	1.82757	0.33949
4340000	-19.50776	0	-19.50776	0.105725	0.146579	0.113166	0.351175	0.197131	0.0504124	1.16482	0.543029	1.72093
4350000	-26.71386	0	-26.71386	0.134172	0.104652	0.108527	0.314249	0.190464	0.105379	0.837637	0.303796	0.137855
4360000	-29.24485	0	-29.24485	0.14226	0.114607	0.266858	0.329318	0.171917	0.37588	1.78774	1.5611	0.0963868
4370000	-20.43492	0	-20.43492	0.385596	0.127422	0.0512772	0.199181	0.142376	0.091905	1.65719	0.480675	0.460698
4380000	-24.73217	0	-24.73217	0.24842	0.335759	0.0794446	0.399542	0.123475	0.149974	0.604432	3.55704	2.49666
4390000	-21.78038	0	-21.78038	0.482844	0.113916	0.137954	0.388043	0.21386	0.0881138	2.40866	1.83491	0.358451
4400000	-22.27734	0	-22.27734	0.0734203	0.0825965	0.322925	0.354094	0.126469	0.130091	0.964939	0.584389	0.309557
4410000	-22.84392	0	-22.84392	0.240155	0.076415	0.078748	0.151243	0.217526	0.160889	1.29503	0.814889	0.849238
4420000	-22.62051	0	-22.62051	0.36645	0.0525508	0.143796	0.329178	0.0716139	0.0992665	0.81393	0.620017	0.329234
4430000	-15.52577	0	-15.52577	0.230033	0.135201	0.209078	0.205564	0.177698	0.0764022	1.34277	1.74496	0.707205
4440000	-20.86303	0	-20.86303	0.228882	0.0621635	0.18099	0.35929	0.0961867	0.0636195	1.52525	0.722172	1.01296
4450000	-18.24492	0	-18.24492	0.264027	0.165116	0.244139	0.260289	0.240246	0.0502712	2.12736	0.575372	0.743862
4460000	-17.75352	0	-17.75352	0.155695	0.126331	0.13222	0.351302	0.0670041	0.124442	1.30619	0.404759	1.69352
4470000	-20.63846	0	-20.63846	0.116307	0.366115	0.127554	0.250784	0.0706539	0.211706	1.59615	1.08998	1.49483
4480000	-21.42255	0	-21.42255	0.274389	0.17982	0.0924893	0.48885	0.221351	0.127157	1.69736	0.412337	0.134325
4490000	-23.15392	0	-23.15392	0.232284	0.175784	0.147651	0.485103	0.138102	0.144625	0.604563	1.83617	0.31698
4500000	-17.05154	0	-17.05154	0.139046	0.141296	0.163106	0.324205	0.131567	0.142592	1.84795	1.10893	0.80603
4510000	-18.72609	0	-18.72609	0.256423	0.128064	0.173856	0.153764	0.140901	0.207181	2.17635	1.99165	0.0707529
4520000	-22.80652	0	-22.80652	0.192286	0.154487	0.139491	0.315842	0.17814	0.0596802	0.99274	2.01651	0.312825
4530000	-23.86319	0	-23.86319	0.139118	0.128064	0.102856	0.38465	0.0520169	0.0429645	0.789841	0.760809	2.30281
4540000	-27.68075	0	-27.68075	0.0783546	0.115586	0.380198	0.400439	0.467451	0.149162	1.18275	0.354369	2.41197
4550000	-23.62936	0	-23.62936	0.140899	0.227465	0.163417	0.303532	0.145601	0.185602	0.374582	0.302021	0.245795
4560000	-20.56381	0	-20.56381	0.29382	0.0914292	0.133652	0.244988	0.193073	0.19411	1.9232	0.659585	0.616307
4570000	-26.95747	0	-26.95747	0.205086	0.451507	0.26236	0.741081	0.192878	0.0426231	1.32709	0.329745	1.16637
4580000	-26.29024	0	-26.29024	0.190272	0.125349	0.113139	0.417623	0.352725	0.168369	2.90478	1.75892	0.930844
4590000	-25.42731	0	-25.42731	0.146401	0.0880038	0.180578	0.51815	0.0802278	0.0354486	0.443988	0.178073	0.598865
4600000	-16.31504	0	-16.31504	0.140125	0.131042	0.108264	0.215304	0.212282	0.0798175	3.08189	1.28552	0.76014
4610000	-21.93005	0	-21.93005	0.227562	0.436979	0.166364	0.393547	0.197669	0.169115	1.12833	2.23339	0.772056
4620000	-19.74768	0	-19.74768	0.113059	0.131043	0.580099	0.308225	0.335755	0.170668	1.26954	2.20785	0.576527
4630000	-19.90216	0	-19.90216	0.331811	0.165065	0.285625	0.0988952	0.119703	0.226501	1.67125	1.20484	1.77287
4640000	-16.28722	0	-16.28722	0.12003	0.104792	0.144577	0.228535	0.189491	0.0632098	1.68937	0.822553	1.93713
4650000	-21.25255	0	-21.25255	0.449197	0.111148	0.160024	0.480171	0.0623088	0.183348	1.17706	2.60208	1.33145
4660000	-23.50254	0	-23.50254	0.0820671	0.0336625	0.0802238	0.282689	0.0634601	0.0972756	0.733224	0.406119	0.198357
4670000	-18.57122	0	-18.57122	0.321815	0.167295	0.142151	0.133316	0.0510326	0.224279	1.73112	2.42899	1.46333
4680000	-25.51973	0	-25.51973	0.395484	0.0829033	0.467726	0.300404	0.0426909	0.0542878	1.16409	0.803466	0.257624
4690000	-22.47545	0	-22.47545	0.215694	0.0814653	0.190851	0.2866	0.13274	0.0760421	0.959849	0.547531	0.221359
4700000	-21.2361	0	-21.2361	0.213191	0.0450821	0.203364	0.488574	0.101544	0.120002	0.728409	0.927015	1.05155
4710000	-21.43957	0	-21.43957	0.159548	0.257337	0.123034	0.18511	0.165828	0.145794	1.32006	1.16365	0.183125
4720000	-14.96271	0	-14.96271	0.144332	0.316799	0.131419	0.278576	0.17579	0.106014	1.21092	0.769724	0.891162
4730000	-22.35374	0	-22.35374	0.10465	0.148184	0.416494	0.262219	0.138565	0.187956	0.548399	0.593399	0.36129
4740000	-22.8758	0	-22.8758	0.204577	0.109314	0.183462	0.189741	0.145469	0.104265	2.33281	0.890848	0.125896
4750000	-23.66788	0	-23.66788	0.205324	0.256846	0.184471	0.548533	0.0907953	0.112394	1.00928	0.759868	2.04771
4760000	-17.97518	0	-17.97518	0.150296	0.058767	0.447459	0.323939	0.0956346	0.0812377	1.41157	0.379398	0.241282
4770000	-19.49892	0	-19.49892	0.130004	0.0481967	0.136238	0.305879	0.0856287	0.145483	1.1705	1.45607	0.246931
4780000	-20.8283	0	-20.8283	0.279612	0.244163	0.130851	0.432765	0.135738	0.102049	1.538	0.468378	0.824926
4790000	-16.65912	0	-16.65912	0.289102	0.167537	0.142395	0.275762	0.104964	0.0850139	2.2364	1.61939	2.57068
4800000	-17.63851	0	-17.63851	0.202908	0.211068	0.080581	0.17941	0.0995198	0.202123	0.974828	0.70869	2.23841
4810000	-16.89504	0	-16.89504	0.283519	0.123564	0.218186	0.156077	0.1735	0.150902	1.437	0.539816	0.697023
4820000	-15.58821	0	-15.58821	0.103993	0.164116	0.127408	0.474071	0.136975	0.0841565	1.41826	1.7149	0.685056
4830000	-24.25495	0	-24.25495	0.127619	0.14733	0.161699	0.469437	0.0841949	0.29254	1.13154	0.0597753	0.638549
4840000	-24.54412	0	-24.54412	0.266998	0.234367	0.0941853	0.242006	0.249217	0.0570053	0.750264	1.13459	0.563366
4850000	-19.47247	0	-19.47247	0.26904	0.157104	0.0620662	0.212483	0.232	0.109264	5.17768	3.13141	0.629135
4860000	-30.42003	0	-30.42003	0.176103	0.177955	0.0965504	0.296807	0.246917	0.0922405	3.00537	1.51659	0.0448451
4870000	-19.5661	0	-19.5661	0.29415	0.084685	0.18771	0.23953	0.0775832	0.137788	0.617321	0.668224	1.60423
4880000	-23.16713	0	-23.16713	0.35665	0.136845	0.151766	0.149531	0.341991	0.0523663	0.948236	1.06847	0.733643
4890000	-21.73551	0	-21.73551	0.401832	0.248559	0.303336	0.152016	0.0551651	0.0784418	2.3708	0.321393	1.8236
4900000	-19.76353	0	-19.76353	0.204832	0.100209	0.195762	0.125677	0.137202	0.251985	1.16513	1.87617	2.13613
4910000	-18.48954	0	-18.48954	0.186239	0.104733	0.184931	0.209592	0.135444	0.155757	3.47381	1.15044	3.26171
4920000	-19.48085	0	-19.48085	0.125632	0.173002	0.214756	0.194791	0.193942	0.0705624	1.18119	1.30207	0.144043
4930000	-25.20407	0	-25.20407	0.102934	0.105636	0.15462	0.494491	0.0635583	0.0873501	0.297217	0.331708	0.19692
4940000	-21.81863	0	-21.81863	0.0725891	0.147725	0.227366	0.250868	0.117777	0.300909	1.30601	0.778913	0.0506217
4950000	-23.24832	0	-23.24832	0.228403	0.089472	0.0902896	0.569762	0.197425	0.209632	1.66777	0.413639	1.96088
4960000	-17.84199	0	-17.84199	0.228318	0.248472	0.169295	0.244343	0.146297	0.23877	2.54936	1.03875	0.559004
4970000	-27.39997	0	-27.39997	0.159952	0.0433572	0.565715	0.568457	0.0938378	0.243452	1.61852	0.347028	2.70255
4980000	-19.31771	0	-19.31771	0.149136	0.344509	0.0942892	0.259503	0.0691977	0.0644695	3.62221	1.84823	1.66338
4990000	-22.16749	0	-22.16749	0.444733	0.115872	0.128058	0.257077	0.451802	0.0706629	1.32487	2.11808	0.193283
5000000	-25.64802	0	-25.64802	0.19812	0.170922	0.272378	0.106156	0.0985486	0.114605	0.702643	0.444741	0.262178
