Iteration	Posterior	Likelihood	Prior	lambda[1]	lambda[2]	lambda[3]	mu[1]	mu[2]	mu[3]	psi[1]	psi[2]	psi[3]
0	-52.10727	0	-52.10727	0.113313	0.123232	0.119674	0.181078	0.0565607	0.373994	0.0944416	1.55105	0.355906
10000	-22.70654	0	-22.70654	0.0732513	0.0784916	0.305186	0.199026	0.0673813	0.167694	2.49891	1.03344	0.557824
20000	-22.32861	0	-22.32861	0.0633163	0.0758612	0.240275	0.199835	0.130643	0.100899	1.18782	1.16875	0.912989
30000	-29.06239	0	-29.06239	0.0676487	0.131758	0.302064	0.140347	0.17017	0.125255	0.324626	0.279271	0.588097
40000	-24.89877	0	-24.89877	0.347643	0.173796	0.245372	0.191468	0.274783	0.0628924	1.73429	1.39947	0.991361
50000	-24.08929	0	-24.08929	0.172913	0.170852	0.299333	0.374084	0.264041	0.111731	2.34616	1.49267	1.93551
60000	-22.93724	0	-22.93724	0.116516	0.15116	0.402205	0.198469	0.0889365	0.0994562	1.44743	1.16262	0.295693
70000	-26.78762	0	-26.78762	0.154346	0.238399	0.341916	0.198802	0.297963	0.254719	0.860962	1.31121	0.633286
80000	-21.65246	0	-21.65246	0.0597796	0.252508	0.167986	0.285332	0.091892	0.181875	1.08454	1.3792	2.95094
90000	-26.64616	0	-26.64616	0.0609957	0.140732	0.233651	0.250435	0.170184	0.0762148	2.33236	0.930819	1.4981
100000	-22.69413	0	-22.69413	0.10499	0.147623	0.310761	0.0931755	0.148307	0.111104	0.749092	1.21638	0.425063
110000	-27.63149	0	-27.63149	0.0978641	0.0767166	0.15013	0.478471	0.134514	0.0774388	0.327463	0.409717	0.630925
120000	-27.4316	0	-27.4316	0.0956878	0.215603	0.16324	0.287059	0.25404	0.11523	2.16163	1.20765	0.739281
130000	-25.15351	0	-25.15351	0.12209	0.0663278	0.129272	0.210398	0.20579	0.21825	1.63973	1.74652	0.527799
140000	-23.19408	0	-23.19408	0.10114	0.11288	0.177499	0.180682	0.0927136	0.144596	3.3933	0.988657	0.151225
150000	-31.00179	0	-31.00179	0.148418	0.0934845	0.513559	0.397925	0.252865	0.0668387	4.08951	3.18764	0.452046
160000	-33.06692	0	-33.06692	0.105673	0.134119	0.259467	0.229181	0.136767	0.177863	0.627744	1.32045	0.428309
170000	-23.00496	0	-23.00496	0.139968	0.196624	0.152468	0.160777	0.22531	0.0990178	0.859023	4.07875	1.19535
180000	-24.736	0	-24.736	0.132478	0.11824	0.204906	0.255295	0.0740882	0.110743	0.462216	0.565775	0.407928
190000	-28.15547	0	-28.15547	0.148682	0.0955579	0.0912649	0.435775	0.175771	0.180397	1.35496	2.136	0.0730141
200000	-23.44026	0	-23.44026	0.121606	0.207313	0.310095	0.14776	0.315494	0.175814	2.12844	2.72433	2.37098
210000	-22.91904	0	-22.91904	0.142571	0.0671486	0.11629	0.232087	0.0866893	0.141588	1.51021	0.833781	0.876984
220000	-22.79384	0	-22.79384	0.110492	0.116588	0.196019	0.220657	0.0368659	0.134371	4.79756	1.3818	0.610096
230000	-30.85521	0	-30.85521	0.101397	0.0635451	0.262239	0.249722	0.0754106	0.232894	2.08056	0.214522	1.21419
240000	-31.67099	0	-31.67099	0.197715	0.062085	0.188693	0.328419	0.17504	0.0665695	2.89734	2.82879	0.688003
250000	-29.44541	0	-29.44541	0.112931	0.182588	0.157086	0.291457	0.211696	0.167739	1.34189	1.77016	0.620539
260000	-34.79852	0	-34.79852	0.225261	0.170348	0.167906	0.14048	0.531649	0.0564791	0.756917	1.27791	0.214874
270000	-19.14863	0	-19.14863	0.136181	0.192149	0.188472	0.189947	0.303836	0.1071	2.03079	2.79786	0.74887
280000	-30.82943	0	-30.82943	0.145911	0.0958983	0.1973	0.262814	0.0619098	0.28311	0.783724	0.438384	1.45059
290000	-23.20407	0	-23.20407	0.114817	0.12376	0.215433	0.169337	0.0572177	0.34357	0.547915	0.439388	1.27841
300000	-25.13284	0	-25.13284	0.0680889	0.179092	0.156401	0.240378	0.0715931	0.222199	1.55817	1.6559	0.576293
310000	-24.58549	0	-24.58549	0.0839375	0.17634	0.189534	0.121342	0.177707	0.269584	1.63346	0.676572	1.31208
320000	-21.95508	0	-21.95508	0.132085	0.0980561	0.122323	0.252813	0.10677	0.204428	1.12854	0.696405	1.3102
330000	-24.52483	0	-24.52483	0.165357	0.102447	0.119918	0.265978	0.0820999	0.117132	0.724657	0.965458	1.45314
340000	-24.82492	0	-24.82492	0.0690914	0.0910567	0.0973257	0.315318	0.109239	0.131736	1.43387	0.440845	0.800686
350000	-23.94416	0	-23.94416	0.214092	0.0923137	0.238101	0.138455	0.135918	0.109381	0.75479	1.59975	0.279826
360000	-22.405	0	-22.405	0.0804947	0.182724	0.148565	0.253813	0.122251	0.199853	1.36313	0.620334	0.589481
370000	-24.15735	0	-24.15735	0.248629	0.143774	0.140829	0.139299	0.0999367	0.0409741	1.03937	1.43522	0.495485
380000	-19.91096	0	-19.91096	0.106016	0.095605	0.213288	0.342005	0.0896649	0.182743	2.45252	1.8212	0.99135
390000	-23.21524	0	-23.21524	0.135279	0.0680974	0.306902	0.280527	0.177282	0.0846165	2.49261	0.946932	0.654441
400000	-29.16661	0	-29.16661	0.068608	0.153606	0.257034	0.240504	0.0608288	0.177763	0.963538	0.699664	0.257984
410000	-23.8782	0	-23.8782	0.088475	0.0492168	0.197679	0.14045	0.0868624	0.111946	0.948311	3.35717	1.74174
420000	-26.83873	0	-26.83873	0.131991	0.177141	0.102287	0.205876	0.288683	0.0804508	0.776195	0.610052	0.120286
430000	-24.03351	0	-24.03351	0.0835177	0.120888	0.150644	0.371259	0.513086	0.0837592	1.33705	2.2564	1.49199
440000	-28.44022	0	-28.44022	0.381175	0.126266	0.405667	0.121372	0.483112	0.168299	2.65891	1.65979	0.947821
450000	-23.689	0	-23.689	0.111359	0.147918	0.17315	0.299338	0.2958	0.0924983	2.61816	0.391281	1.29968
460000	-30.75696	0	-30.75696	0.16274	0.251808	0.200055	0.235559	0.25464	0.108954	1.0398	2.29384	0.7327
470000	-24.0433	0	-24.0433	0.125649	0.186968	0.240303	0.173199	0.139777	0.233723	2.35286	0.730039	1.407
480000	-23.75722	0	-23.75722	0.13267	0.144065	0.31622	0.352546	0.104674	0.155118	0.735504	1.93844	1.00699
490000	-24.43896	0	-24.43896	0.0782063	0.111618	0.147792	0.313851	0.0996052	0.128878	0.912156	0.373511	0.763263
500000	-22.32183	0	-22.32183	0.165306	0.147606	0.275109	0.159329	0.192841	0.177558	1.80899	0.753585	1.00857
510000	-20.41825	0	-20.41825	0.123359	0.117171	0.45007	0.111909	0.129157	0.0691403	1.34378	2.01314	1.16871
520000	-25.86293	0	-25.86293	0.175647	0.061688	0.283604	0.203985	0.136247	0.2513	1.03307	1.36322	1.31794
530000	-21.91487	0	-21.91487	0.0841349	0.142326	0.402148	0.160392	0.0928089	0.239373	0.715247	1.18867	2.87585
540000	-24.81279	0	-24.81279	0.150511	0.129478	0.266536	0.189054	0.120399	0.133582	0.383908	1.61779	2.54964
550000	-23.11621	0	-23.11621	0.0732615	0.10339	0.254223	0.214301	0.138899	0.0704696	1.21924	0.475112	1.17584
560000	-22.26575	0	-22.26575	0.156698	0.142412	0.274976	0.166957	0.113938	0.084406	1.19935	0.668625	0.673282
570000	-21.84902	0	-21.84902	0.0599782	0.15271	0.179868	0.265801	0.191128	0.10029	0.182826	1.72157	0.965108
580000	-27.2193	0	-27.2193	0.0500193	0.148689	0.198356	0.760806	0.152081	0.128502	1.30553	0.806416	1.95907
590000	-26.62565	0	-26.62565	0.0862974	0.184887	0.182718	0.075299	0.238376	0.427111	1.06684	0.454653	0.782123
600000	-24.22858	0	-24.22858	0.149355	0.142578	0.49503	0.193007	0.125843	0.23811	0.519511	0.523796	0.607385
610000	-27.1966	0	-27.1966	0.280875	0.0315029	0.362686	0.215507	0.120458	0.200941	1.35491	1.01312	0.65305
620000	-27.01086	0	-27.01086	0.0659163	0.10804	0.227649	0.264167	0.175484	0.0930323	1.68681	0.436377	0.659649
630000	-25.53402	0	-25.53402	0.217317	0.160786	0.1119	0.286126	0.182718	0.0898462	0.709363	1.57862	0.379179
640000	-32.19752	0	-32.19752	0.0482296	0.298093	0.173096	0.194222	0.185809	0.166143	1.6541	0.133193	0.676014
650000	-24.98107	0	-24.98107	0.116805	0.215157	0.141551	0.109265	0.211179	0.100156	1.2912	0.619241	0.587703
660000	-25.7043	0	-25.7043	0.264458	0.12296	0.190111	0.170323	0.379565	0.161919	0.710411	0.882057	1.42308
670000	-28.05511	0	-28.05511	0.0599724	0.128432	0.191022	0.257907	0.274081	0.116574	3.9292	0.710156	0.198099
680000	-20.11318	0	-20.11318	0.0375	0.12203	0.304071	0.224561	0.0976174	0.18091	3.12948	0.95381	0.801476
690000	-27.26596	0	-27.26596	0.0496479	0.141936	0.0984183	0.226894	0.278987	0.116582	1.26047	0.796199	0.425911
700000	-25.19684	0	-25.19684	0.114808	0.0627555	0.203099	0.344005	0.148835	0.230913	0.476737	2.30655	1.38985
710000	-27.91394	0	-27.91394	0.0937728	0.0798445	0.110044	0.338099	0.131456	0.103877	0.427872	0.26438	1.03
720000	-28.19137	0	-28.19137	0.109316	0.0627683	0.251169	0.157938	0.18554	0.195101	3.45106	1.96355	0.500929
730000	-22.91841	0	-22.91841	0.106971	0.086333	0.195272	0.134253	0.0727474	0.141861	1.06333	0.661853	1.58162
740000	-33.01211	0	-33.01211	0.106755	0.0767912	0.106132	0.141273	0.186511	0.0850004	2.79138	0.612766	0.0954625
750000	-19.19892	0	-19.19892	0.128337	0.126976	0.192539	0.161051	0.0955382	0.16134	1.60042	1.86305	0.609821
760000	-28.17002	0	-28.17002	0.202665	0.173645	0.161089	0.185192	0.141948	0.16825	1.76435	0.735939	0.709383
770000	-23.26418	0	-23.26418	0.113994	0.0696788	0.134662	0.245389	0.0949295	0.112385	1.04887	0.895721	0.810241
780000	-23.73553	0	-23.73553	0.0976272	0.125702	0.116312	0.219568	0.303393	0.129241	1.69391	1.29677	0.503821
790000	-24.21581	0	-24.21581	0.115884	0.0751438	0.303436	0.0956229	0.130704	0.13689	0.651805	0.642905	0.383137
800000	-18.85807	0	-18.85807	0.0957837	0.146366	0.235519	0.149256	0.0641166	0.281223	2.19036	1.52865	1.09068
810000	-21.7301	0	-21.7301	0.0776574	0.116593	0.308609	0.195773	0.164508	0.11	1.9245	0.660869	0.691594
820000	-31.70589	0	-31.70589	0.121078	0.068644	0.148068	0.207478	0.0946032	0.0448661	1.21271	0.296087	0.146237
830000	-22.57469	0	-22.57469	0.12152	0.161089	0.176928	0.164577	0.111099	0.156002	1.23953	0.455995	0.606498
840000	-26.00865	0	-26.00865	0.117736	0.140649	0.306162	0.186606	0.116141	0.0765906	0.540071	1.66272	0.273672
850000	-22.37363	0	-22.37363	0.140723	0.0774312	0.178698	0.285391	0.219977	0.190709	0.326463	2.46194	2.37557
860000	-25.02929	0	-25.02929	0.149142	0.158918	0.141852	0.0798248	0.187383	0.193325	1.55886	0.359837	2.10892
870000	-21.4836	0	-21.4836	0.0964489	0.250695	0.40691	0.155469	0.243083	0.203507	2.53165	0.727976	0.954966
880000	-30.17164	0	-30.17164	0.0349768	0.459831	0.280457	0.271375	0.171181	0.179472	1.54084	0.855049	1.09189
890000	-22.3912	0	-22.3912	0.114261	0.12283	0.182099	0.234846	0.1168	0.152104	0.462494	1.76483	1.05006
900000	-22.21337	0	-22.21337	0.0837321	0.0905563	0.22505	0.264147	0.119988	0.0558637	1.72032	1.29726	0.34323
910000	-32.51331	0	-32.51331	0.129436	0.123565	0.326416	0.351401	0.125562	0.153529	0.815201	0.149501	0.114796
920000	-26.22867	0	-26.22867	0.0732014	0.122444	0.151127	0.225795	0.263602	0.120233	0.753354	0.41555	0.669702
930000	-28.62348	0	-28.62348	0.110419	0.155073	0.192975	0.153258	0.119856	0.103015	0.224654	0.229879	1.43748
940000	-31.27011	0	-31.27011	0.228595	0.298056	0.234592	0.18165	0.183423	0.164135	0.788623	0.549273	2.87747
950000	-25.86504	0	-25.86504	0.0793334	0.0819411	0.309428	0.215443	0.159933	0.0770309	0.872651	1.00641	0.328379
960000	-25.19612	0	-25.19612	0.117478	0.138057	0.192485	0.131222	0.0793847	0.202319	0.895597	1.48296	0.158299
970000	-24.3869	0	-24.3869	0.0842548	0.151214	0.0748221	0.147638	0.23343	0.0614962	1.81417	0.874291	0.900761
980000	-35.0431	0	-35.0431	0.206714	0.11731	0.176327	0.128702	0.0575368	0.142261	0.105874	0.317714	0.2442
990000	-23.91663	0	-23.91663	0.190934	0.10364	0.274901	0.111055	0.10651	0.130605	2.1353	0.78568	1.70755
1000000	-27.53535	0	-27.53535	0.0920827	0.154852	0.374002	0.109005	0.390437	0.113383	1.6203	0.961017	0.178657
1010000	-20.09196	0	-20.09196	0.0600777	0.150468	0.203338	0.131827	0.0821372	0.0582354	0.548227	0.914699	4.45036
1020000	-21.9327	0	-21.9327	0.0549641	0.298253	0.234176	0.300987	0.223107	0.114581	1.44331	1.69114	0.830735
1030000	-24.38917	0	-24.38917	0.0509199	0.14004	0.136182	0.139142	0.236834	0.157855	2.41815	0.637099	1.12913
1040000	-30.85441	0	-30.85441	0.384955	0.210448	0.35962	0.176204	0.0474165	0.158566	1.48795	0.926117	2.05399
1050000	-23.74713	0	-23.74713	0.23202	0.148484	0.236433	0.283379	0.167412	0.099304	1.40319	0.666244	1.91472
1060000	-20.3965	0	-20.3965	0.137291	0.0700889	0.189937	0.137242	0.186226	0.120737	1.63584	3.74268	1.15633
1070000	-29.42716	0	-29.42716	0.0363406	0.132366	0.323974	0.269089	0.183906	0.0757162	0.549267	0.578834	0.199849
1080000	-24.66916	0	-24.66916	0.200842	0.115916	0.248987	0.21941	0.109253	0.0693129	2.16371	1.26162	0.589517
1090000	-19.02252	0	-19.02252	0.121632	0.141659	0.171905	0.267587	0.208424	0.0748435	0.621984	1.70272	1.11
1100000	-24.72435	0	-24.72435	0.165518	0.11074	0.142945	0.453315	0.136853	0.105266	0.600454	0.432888	0.371278
1110000	-25.65261	0	-25.65261	0.168726	0.236684	0.0773728	0.129836	0.364602	0.0712644	4.71793	1.39815	0.388608
1120000	-20.69646	0	-20.69646	0.108466	0.249504	0.229227	0.170546	0.0855148	0.0909293	1.92956	2.9598	2.66195
1130000	-27.23835	0	-27.23835	0.159365	0.205252	0.282127	0.324024	0.228136	0.193414	1.87632	0.415985	0.522737
1140000	-28.19388	0	-28.19388	0.112543	0.168586	0.47241	0.109409	0.146996	0.0995328	1.02498	0.957034	0.833236
1150000	-25.27934	0	-25.27934	0.0963635	0.156665	0.109278	0.289727	0.128353	0.0505142	0.628302	1.04281	1.70932
1160000	-23.23365	0	-23.23365	0.0476139	0.290189	0.140691	0.347971	0.18458	0.25626	1.71156	0.973229	1.73816
1170000	-25.44683	0	-25.44683	0.107737	0.208316	0.174084	0.0981395	0.187452	0.137399	1.12656	1.15595	0.128691
1180000	-21.85608	0	-21.85608	0.0836152	0.174951	0.192365	0.0780733	0.0795072	0.133489	1.14077	0.498141	1.09295
1190000	-22.19254	0	-22.19254	0.188793	0.0878453	0.138359	0.124037	0.151013	0.0992259	1.93002	0.422624	2.04865
1200000	-37.90664	0	-37.90664	0.311148	0.0868355	0.163027	0.189275	0.276899	0.204693	2.33477	3.89355	0.137785
1210000	-37.77808	0	-37.77808	0.237467	0.134304	0.179837	0.144747	0.108418	0.159981	2.47	1.12559	0.402034
1220000	-27.47894	0	-27.47894	0.133217	0.0985134	0.205622	0.104121	0.15044	0.171147	2.39588	1.95484	0.709185
1230000	-25.48519	0	-25.48519	0.244152	0.0720703	0.261134	0.294003	0.121056	0.237071	2.65021	1.50814	2.1838
1240000	-25.19448	0	-25.19448	0.0704423	0.205765	0.25558	0.431351	0.174963	0.106854	1.59396	1.85224	0.265841
1250000	-34.83782	0	-34.83782	0.142816	0.20155	0.327703	0.251945	0.255079	0.376082	0.379044	1.10181	0.122848
1260000	-18.98366	0	-18.98366	0.122378	0.146235	0.205574	0.266677	0.0916333	0.104187	1.50522	1.50889	1.36123
1270000	-22.47297	0	-22.47297	0.0868788	0.112479	0.140848	0.169835	0.195112	0.130618	3.60111	1.59829	0.599354
1280000	-17.58987	0	-17.58987	0.119592	0.0949543	0.151776	0.297599	0.0964022	0.128671	1.28663	1.65571	2.10083
1290000	-25.43045	0	-25.43045	0.155875	0.151458	0.187467	0.209014	0.0791784	0.040536	1.09867	1.19518	1.65446
1300000	-24.31904	0	-24.31904	0.16423	0.0543383	0.117643	0.148432	0.0568419	0.232306	1.78683	0.809441	1.15838
1310000	-25.9667	0	-25.9667	0.140432	0.213087	0.166183	0.196997	0.242038	0.159126	1.65533	1.5993	0.848618
1320000	-30.06418	0	-30.06418	0.116927	0.0427083	0.242422	0.174262	0.155501	0.392105	1.48551	1.46906	0.510157
1330000	-26.23997	0	-26.23997	0.121872	0.142538	0.166143	0.13496	0.114104	0.0999242	2.0281	1.24455	0.48633
1340000	-24.72975	0	-24.72975	0.135412	0.210509	0.359744	0.149846	0.146869	0.120658	0.310168	0.619383	0.65956
1350000	-27.18946	0	-27.18946	0.250832	0.111025	0.127859	0.325992	0.182718	0.199668	1.42238	0.556138	0.23552
1360000	-25.4736	0	-25.4736	0.212686	0.135519	0.12189	0.186855	0.112744	0.212731	0.931608	2.13475	1.84748
1370000	-25.59921	0	-25.59921	0.202737	0.0895713	0.212148	0.293241	0.107526	0.214765	0.299171	0.34733	0.347831
1380000	-28.67666	0	-28.67666	0.114176	0.162124	0.536956	0.573395	0.167507	0.0621143	0.680173	0.459746	1.12089
1390000	-27.10349	0	-27.10349	0.057132	0.16398	0.207459	0.19635	0.0953235	0.0961358	2.95336	0.155268	0.2259
1400000	-31.96526	0	-31.96526	0.0933653	0.150681	0.15994	0.125154	0.199035	0.183515	0.0756031	1.01146	0.185716
1410000	-27.10399	0	-27.10399	0.149169	0.117143	0.136374	0.235716	0.10853	0.17877	0.885177	0.252563	0.996958
1420000	-24.99421	0	-24.99421	0.240645	0.0622351	0.123948	0.311295	0.372961	0.0524415	2.17202	1.3736	2.6319
1430000	-21.46908	0	-21.46908	0.124178	0.116509	0.291445	0.14532	0.159882	0.203899	1.05485	1.99659	0.534485
1440000	-28.97117	0	-28.97117	0.183469	0.118733	0.0986947	0.177235	0.0780003	0.20255	1.67492	1.14901	0.806632
1450000	-23.75867	0	-23.75867	0.146536	0.122535	0.17639	0.311524	0.26797	0.0952391	0.770947	0.794435	0.594056
1460000	-23.78948	0	-23.78948	0.127187	0.173619	0.152168	0.13948	0.182479	0.0690763	0.889642	1.1989	1.59658
1470000	-27.55385	0	-27.55385	0.198191	0.141919	0.159201	0.453029	0.113339	0.135024	0.856665	1.03535	0.678824
1480000	-19.098	0	-19.098	0.13543	0.177046	0.202167	0.271462	0.324162	0.115069	1.68423	2.0008	1.74547
1490000	-30.65704	0	-30.65704	0.107052	0.118274	0.156679	0.161312	0.206481	0.151095	0.47416	0.387381	0.254561
1500000	-23.09936	0	-23.09936	0.124793	0.123909	0.147155	0.159169	0.213173	0.210105	2.5886	1.78537	0.532362
1510000	-21.18644	0	-21.18644	0.05935	0.0793885	0.255245	0.139382	0.138021	0.15348	1.62261	0.619213	0.355931
1520000	-28.01847	0	-28.01847	0.146034	0.144498	0.182164	0.192499	0.125215	0.161967	0.80711	0.825017	0.712805
1530000	-26.23366	0	-26.23366	0.123396	0.243081	0.32037	0.307142	0.17885	0.223141	1.08829	1.2527	0.85724
1540000	-29.2309	0	-29.2309	0.326289	0.0693191	0.34743	0.21966	0.151502	0.082557	0.53264	0.776565	1.46739
1550000	-29.40355	0	-29.40355	0.127245	0.248085	0.472286	0.196556	0.341782	0.184325	1.8938	0.562562	0.547563
1560000	-21.67061	0	-21.67061	0.109908	0.0862768	0.314476	0.15721	0.152211	0.122257	3.76664	0.664021	0.480761
1570000	-22.49885	0	-22.49885	0.164304	0.15572	0.377555	0.161694	0.127763	0.159688	0.52843	0.828738	1.03483
1580000	-26.51207	0	-26.51207	0.0860279	0.107646	0.345152	0.183851	0.237453	0.123946	0.853746	0.260233	1.05179
1590000	-31.92044	0	-31.92044	0.157672	0.178946	0.380943	0.238593	0.129858	0.14897	0.226937	1.49538	1.38639
1600000	-29.55829	0	-29.55829	0.289138	0.1319	0.200172	0.237023	0.196454	0.068214	0.993825	0.712143	0.195314
1610000	-20.22966	0	-20.22966	0.0937564	0.149317	0.228056	0.576181	0.24966	0.0785956	2.23172	1.56314	1.02142
1620000	-24.56514	0	-24.56514	0.0985131	0.233091	0.218097	0.221508	0.23043	0.113992	1.80739	0.556659	0.489388
1630000	-28.56588	0	-28.56588	0.1458	0.193496	0.926046	0.283967	0.122656	0.146192	1.82622	1.14701	1.45768
1640000	-25.45131	0	-25.45131	0.134847	0.13305	0.440688	0.118606	0.229773	0.125986	2.64174	0.826301	0.990404
1650000	-20.69749	0	-20.69749	0.0983078	0.189641	0.495059	0.240008	0.203452	0.117632	2.24865	0.7733	0.988784
1660000	-26.77554	0	-26.77554	0.284942	0.080275	0.262515	0.211391	0.143183	0.161147	3.49132	0.33287	1.53215
1670000	-24.1003	0	-24.1003	0.279397	0.156784	0.467531	0.228704	0.144465	0.085992	1.32563	0.655025	2.94124
1680000	-30.00697	0	-30.00697	0.174885	0.265637	0.172324	0.176951	0.104297	0.20325	0.987649	3.33101	0.231956
1690000	-23.24936	0	-23.24936	0.0904842	0.136556	0.260719	0.158285	0.074236	0.0864346	1.20508	1.49289	0.329648
1700000	-25.12897	0	-25.12897	0.310029	0.131701	0.264357	0.0726484	0.114472	0.174888	1.62038	1.50015	0.731343
1710000	-25.2087	0	-25.2087	0.127584	0.120188	0.144203	0.313663	0.220602	0.162093	3.22603	0.449634	1.00591
1720000	-25.55493	0	-25.55493	0.0819083	0.112835	0.304808	0.0862699	0.116197	0.212723	0.297059	2.03216	0.866938
1730000	-25.93206	0	-25.93206	0.142625	0.115049	0.197432	0.144053	0.148903	0.110164	0.902276	1.8625	0.555093
1740000	-31.72124	0	-31.72124	0.215574	0.101569	0.0738397	0.15371	0.12709	0.12579	1.23945	0.66849	0.588118
1750000	-31.07325	0	-31.07325	0.133327	0.103826	0.3077	0.264798	0.343211	0.159428	1.83579	1.47035	1.71896
1760000	-30.95909	0	-30.95909	0.162486	0.142174	0.12991	0.269398	0.144933	0.275402	1.54895	1.81995	0.546478
1770000	-21.33461	0	-21.33461	0.146138	0.11592	0.438686	0.163149	0.245687	0.273889	1.57821	2.57708	0.890821
1780000	-26.98613	0	-26.98613	0.0620718	0.0606322	0.157091	0.204868	0.137566	0.0762767	3.45525	0.538547	0.723457
1790000	-28.16674	0	-28.16674	0.145209	0.242078	0.131855	0.245062	0.233626	0.0597048	2.37232	1.06632	0.152913
1800000	-20.85481	0	-20.85481	0.0919637	0.0821299	0.091415	0.293209	0.18489	0.0715665	0.558656	0.727023	0.669012
1810000	-22.54131	0	-22.54131	0.0958505	0.101702	0.126489	0.413259	0.223212	0.194101	0.609649	1.99853	2.07747
1820000	-26.7593	0	-26.7593	0.138608	0.116966	0.143056	0.0747909	0.35632	0.214395	0.828378	0.877685	0.588609
1830000	-20.94989	0	-20.94989	0.0936595	0.148374	0.347278	0.315117	0.250986	0.195634	2.91299	4.5049	1.46707
1840000	-19.04826	0	-19.04826	0.113491	0.134602	0.207	0.0580583	0.135605	0.0978079	2.42434	0.626746	2.50344
1850000	-21.37849	0	-21.37849	0.0982678	0.0925401	0.177938	0.223353	0.207501	0.224336	0.903987	0.922535	1.74648
1860000	-21.31147	0	-21.31147	0.108875	0.0911628	0.163788	0.194195	0.181531	0.161521	2.64237	3.52146	1.69237
1870000	-23.0523	0	-23.0523	0.0658674	0.209881	0.252283	0.233291	0.200101	0.113151	2.73134	3.19924	1.26068
1880000	-26.09778	0	-26.09778	0.326513	0.139836	0.0517895	0.243511	0.0673016	0.199379	1.33814	3.61895	0.661296
1890000	-20.15837	0	-20.15837	0.122161	0.0533807	0.186252	0.176444	0.0917174	0.0495209	1.50357	2.98399	1.43275
1900000	-25.15909	0	-25.15909	0.0836647	0.143278	0.352623	0.109876	0.0414691	0.167321	0.615786	0.735223	0.588067
1910000	-29.25946	0	-29.25946	0.228766	0.120173	0.297547	0.206222	0.33395	0.202777	0.529501	2.04634	0.204357
1920000	-27.7007	0	-27.7007	0.0983574	0.200201	0.196881	0.191135	0.307517	0.102811	1.08401	0.183661	0.758603
1930000	-25.58651	0	-25.58651	0.0862181	0.191294	0.165384	0.305205	0.138699	0.0836474	1.42169	0.218379	0.410741
1940000	-27.19788	0	-27.19788	0.196399	0.0595884	0.278556	0.28593	0.156021	0.160347	1.7206	1.5313	0.160869
1950000	-26.96597	0	-26.96597	0.110284	0.0646854	0.200385	0.172241	0.228867	0.0861774	0.878969	0.67298	1.49262
1960000	-21.80373	0	-21.80373	0.106816	0.141108	0.181166	0.284994	0.201116	0.290868	0.995295	1.01238	2.58535
1970000	-26.06289	0	-26.06289	0.0973442	0.0889607	0.252733	0.209484	0.176977	0.230034	0.634911	0.519741	0.535823
1980000	-21.57454	0	-21.57454	0.114578	0.12057	0.107832	0.232844	0.236843	0.0469606	2.88063	2.80782	1.18746
1990000	-19.86296	0	-19.86296	0.0778351	0.109256	0.183296	0.113591	0.186039	0.115499	2.81816	0.385292	2.32026
2000000	-27.77176	0	-27.77176	0.102218	0.0749404	0.377688	0.115635	0.137021	0.110769	0.67143	0.0427448	2.74615
2010000	-24.75029	0	-24.75029	0.117205	0.0966746	0.224671	0.113334	0.356469	0.284501	3.82246	2.26019	2.93596
2020000	-17.42916	0	-17.42916	0.0951523	0.095661	0.160426	0.241191	0.170184	0.0986879	0.841619	0.942399	1.2824
2030000	-27.45258	0	-27.45258	0.0710049	0.227295	0.236448	0.558325	0.253614	0.180698	6.88315	1.43143	0.566599
2040000	-18.96912	0	-18.96912	0.111438	0.0806442	0.174398	0.101875	0.21324	0.0841123	1.15522	0.989959	0.983976
2050000	-21.88746	0	-21.88746	0.106051	0.230134	0.24697	0.286397	0.224104	0.0828805	1.83541	1.40161	0.67213
2060000	-19.09495	0	-19.09495	0.0622591	0.236901	0.124985	0.233262	0.262959	0.148813	2.75495	0.970451	1.111
2070000	-29.19228	0	-29.19228	0.259981	0.136416	0.132521	0.168713	0.104659	0.0885756	2.73898	0.21743	0.278598
2080000	-27.6362	0	-27.6362	0.130298	0.27797	0.302187	0.19715	0.176237	0.242741	1.45823	0.379794	1.6288
2090000	-29.32614	0	-29.32614	0.0984142	0.0924853	0.151996	0.238072	0.192994	0.151379	0.537443	3.49991	0.248757
2100000	-19.49305	0	-19.49305	0.0991804	0.0897558	0.183339	0.0608767	0.160925	0.115314	2.23194	2.49614	0.829559
2110000	-28.7608	0	-28.7608	0.182804	0.144338	0.19219	0.248292	0.217517	0.0667964	1.72994	0.404997	0.536177
2120000	-21.38529	0	-21.38529	0.0962838	0.0952254	0.300642	0.210759	0.106474	0.146123	0.716107	3.75489	1.21567
2130000	-19.3289	0	-19.3289	0.0575652	0.204689	0.205844	0.137341	0.133389	0.10182	1.30618	2.90666	2.64053
2140000	-25.88256	0	-25.88256	0.0933405	0.0586734	0.383014	0.127341	0.0796889	0.171582	1.31496	2.59976	0.974042
2150000	-18.96942	0	-18.96942	0.0768381	0.186397	0.168	0.124657	0.162288	0.216634	1.1681	2.38197	0.896661
2160000	-24.58729	0	-24.58729	0.209645	0.142779	0.105273	0.125221	0.183624	0.232353	0.484174	1.05285	0.778311
2170000	-23.33784	0	-23.33784	0.103318	0.102016	0.186312	0.235977	0.130006	0.108106	0.435553	0.452863	0.628951
2180000	-28.1244	0	-28.1244	0.253098	0.129219	0.356496	0.118882	0.140255	0.0654496	1.35141	0.688058	0.668342
2190000	-23.7014	0	-23.7014	0.193362	0.146192	0.223566	0.210244	0.183345	0.108161	1.75862	1.45288	0.657636
2200000	-25.15391	0	-25.15391	0.0796304	0.13419	0.316165	0.187936	0.216474	0.057154	1.10877	1.19429	0.944499
2210000	-29.00292	0	-29.00292	0.102132	0.150173	0.187135	0.0636149	0.131204	0.0816245	0.101937	1.0205	0.311126
2220000	-21.72708	0	-21.72708	0.139133	0.155692	0.199111	0.245517	0.218435	0.174619	1.45351	1.36897	0.349944
2230000	-27.8539	0	-27.8539	0.0560321	0.147874	0.156017	0.185231	0.0999278	0.0758402	4.83852	1.0884	0.258951
2240000	-22.56238	0	-22.56238	0.0606661	0.110784	0.260088	0.335881	0.163556	0.0795516	0.637099	1.48771	0.593845
2250000	-25.50427	0	-25.50427	0.109782	0.113105	0.14289	0.108093	0.121516	0.12751	0.209247	0.634541	0.247993
2260000	-24.00155	0	-24.00155	0.236219	0.112035	0.135109	0.204318	0.0931282	0.124495	0.472337	1.29985	0.739464
2270000	-23.53529	0	-23.53529	0.0810222	0.0907651	0.398343	0.311613	0.150988	0.163924	0.574443	1.78352	1.06597
2280000	-29.52479	0	-29.52479	0.12717	0.0314976	0.218665	0.176949	0.13695	0.041666	1.51982	0.620179	1.13752
2290000	-27.93597	0	-27.93597	0.112949	0.125955	0.299889	0.175401	0.106086	0.297364	1.20819	0.433779	0.131536
2300000	-22.6226	0	-22.6226	0.124073	0.0641546	0.257781	0.368342	0.120691	0.198771	1.89127	0.77606	2.82847
2310000	-24.42693	0	-24.42693	0.166414	0.151165	0.151372	0.280624	0.150374	0.0636877	1.07848	3.4092	1.8922
2320000	-22.61568	0	-22.61568	0.0641746	0.131079	0.193905	0.197728	0.271254	0.170911	2.35556	1.45295	1.79309
2330000	-18.85552	0	-18.85552	0.0640399	0.194769	0.324064	0.149027	0.114198	0.14231	0.952578	0.660643	1.59986
2340000	-26.04697	0	-26.04697	0.179618	0.0909268	0.218817	0.449843	0.08126	0.276274	1.94282	0.781363	0.356894
2350000	-29.2784	0	-29.2784	0.410905	0.0898663	0.189488	0.248328	0.337954	0.217957	0.565412	1.85574	0.352871
2360000	-29.63392	0	-29.63392	0.172397	0.107361	0.175754	0.273722	0.163871	0.162325	1.73345	0.456031	1.11089
2370000	-22.56571	0	-22.56571	0.0542127	0.144953	0.114402	0.213798	0.215824	0.24567	1.82368	2.35491	3.22623
2380000	-22.13824	0	-22.13824	0.0615106	0.144793	0.224358	0.197709	0.211301	0.116302	2.45349	0.936577	1.32559
2390000	-23.44045	0	-23.44045	0.0904318	0.0910701	0.304642	0.151691	0.161817	0.101068	1.47247	0.750789	0.331152
2400000	-21.04389	0	-21.04389	0.0804973	0.120781	0.178495	0.220833	0.179117	0.0521557	5.47359	0.842821	1.17666
2410000	-25.85674	0	-25.85674	0.181819	0.180325	0.181735	0.135541	0.150355	0.385133	0.822408	0.510928	1.96842
2420000	-18.04585	0	-18.04585	0.153487	0.100064	0.115179	0.178563	0.130221	0.0957064	2.40249	1.03622	1.32274
2430000	-27.30864	0	-27.30864	0.0702119	0.140175	0.161588	0.205851	0.165248	0.145584	0.588208	0.303848	0.63219
2440000	-27.99103	0	-27.99103	0.0592747	0.104426	0.153688	0.523431	0.107081	0.225916	0.57426	0.416795	0.498035
2450000	-36.36482	0	-36.36482	0.0850155	0.0428273	0.167512	0.723766	0.126454	0.253368	1.21164	0.585483	0.251132
2460000	-27.68143	0	-27.68143	0.226229	0.139265	0.147643	0.189094	0.247032	0.0658246	0.53311	1.28065	0.511861
2470000	-31.07111	0	-31.07111	0.0608631	0.187558	0.197808	0.0928372	0.10803	0.105783	3.1268	0.449046	0.214576
2480000	-29.26912	0	-29.26912	0.182675	0.249371	0.554563	0.10878	0.098778	0.305153	0.564794	2.00095	0.664107
2490000	-30.68664	0	-30.68664	0.0507206	0.0435242	0.126648	0.199835	0.219705	0.128333	1.93096	0.589916	0.589505
2500000	-21.23232	0	-21.23232	0.130714	0.240716	0.22777	0.210669	0.328215	0.0823635	1.35503	1.86334	1.61794
2510000	-20.45838	0	-20.45838	0.0564345	0.141801	0.312446	0.187784	0.285856	0.189884	1.45857	2.50291	0.943553
2520000	-30.45795	0	-30.45795	0.0989864	0.131659	0.10883	0.633513	0.162787	0.0372887	4.13441	1.08254	0.777338
2530000	-23.82702	0	-23.82702	0.194477	0.138537	0.319993	0.0654127	0.206827	0.0655054	5.72844	2.03814	0.5907
2540000	-23.67234	0	-23.67234	0.0733882	0.120434	0.286798	0.117953	0.0642689	0.144777	1.59652	1.89611	0.522587
2550000	-18.63765	0	-18.63765	0.115616	0.113721	0.214057	0.148959	0.12507	0.185423	1.2158	0.48593	1.70039
2560000	-22.86241	0	-22.86241	0.0985801	0.18842	0.15854	0.298739	0.142889	0.241988	0.812671	1.17721	0.802842
2570000	-24.52646	0	-24.52646	0.101275	0.0727986	0.186941	0.377814	0.0715936	0.129057	1.54125	0.847388	0.554407
2580000	-29.2916	0	-29.2916	0.120266	0.179509	0.282632	0.0949063	0.156277	0.0844452	1.00813	1.25166	0.78317
2590000	-25.62841	0	-25.62841	0.105185	0.165953	0.247767	0.073019	0.196684	0.113642	1.65165	2.7229	0.479642
2600000	-21.71658	0	-21.71658	0.104109	0.084247	0.140326	0.160281	0.131964	0.125882	0.884099	0.995402	0.350794
2610000	-30.06078	0	-30.06078	0.121512	0.255826	0.122726	0.415329	0.241045	0.117497	1.26117	0.457074	1.44648
2620000	-26.78727	0	-26.78727	0.15747	0.122629	0.164997	0.129983	0.141535	0.0821118	0.530374	2.37994	0.617524
2630000	-28.96748	0	-28.96748	0.0886906	0.111651	0.191303	0.147496	0.187977	0.052198	0.686234	0.44548	0.228125
2640000	-26.69559	0	-26.69559	0.131617	0.141302	0.216752	0.456146	0.112443	0.174935	1.49434	2.79683	1.25305
2650000	-18.68541	0	-18.68541	0.0983854	0.216256	0.405015	0.14312	0.156935	0.1013	1.16031	1.27206	1.03543
2660000	-27.266	0	-27.266	0.0531784	0.0871468	0.240174	0.138391	0.239305	0.0398723	1.93867	0.69264	0.303333
2670000	-29.03713	0	-29.03713	0.0512285	0.0679807	0.118634	0.165918	0.0970281	0.208534	1.40308	0.467929	0.247935
2680000	-23.15414	0	-23.15414	0.0719358	0.103011	0.25447	0.204236	0.178058	0.200257	1.41801	0.635257	0.677629
2690000	-28.33829	0	-28.33829	0.0487932	0.178366	0.16028	0.46518	0.169298	0.10716	0.658147	0.221926	0.549901
2700000	-35.35513	0	-35.35513	0.0572538	0.340308	0.303384	0.393775	0.148815	0.0530329	0.419639	0.259339	0.628899
2710000	-29.87851	0	-29.87851	0.126132	0.131652	0.141282	0.139967	0.123119	0.182297	0.410166	1.30167	1.68771
2720000	-25.26358	0	-25.26358	0.204484	0.154534	0.209578	0.228023	0.124798	0.06247	0.256879	0.52208	0.769435
2730000	-31.07753	0	-31.07753	0.187076	0.207756	0.17625	0.130543	0.102685	0.152704	4.99499	1.40524	0.17736
2740000	-25.57452	0	-25.57452	0.0546712	0.0829155	0.206968	0.164449	0.144381	0.174501	0.283948	0.541769	2.89461
2750000	-23.91745	0	-23.91745	0.187403	0.0625941	0.404105	0.3108	0.220491	0.169355	1.44661	1.06319	2.29718
2760000	-21.13304	0	-21.13304	0.193697	0.0648795	0.171451	0.117436	0.232497	0.0900725	1.42561	2.68115	1.22631
2770000	-26.93694	0	-26.93694	0.144245	0.10009	0.13713	0.112329	0.0923444	0.110341	0.345882	0.396491	0.509652
2780000	-24.19225	0	-24.19225	0.153953	0.080231	0.2861	0.294371	0.0605963	0.143601	1.52837	0.657185	1.6422
2790000	-20.05725	0	-20.05725	0.0532132	0.19263	0.131577	0.18314	0.0945012	0.144635	0.533744	0.760698	1.6759
2800000	-23.93185	0	-23.93185	0.148822	0.367554	0.177666	0.185963	0.246723	0.206744	0.642426	0.786883	1.30966
2810000	-28.0363	0	-28.0363	0.192757	0.1202	0.311035	0.153768	0.107045	0.0562934	1.08966	0.59221	0.857869
2820000	-30.35723	0	-30.35723	0.0869882	0.0893296	0.136904	0.171511	0.151406	0.171701	1.19453	0.354672	0.113307
2830000	-26.46803	0	-26.46803	0.0743408	0.144697	0.155307	0.294628	0.295665	0.0962935	0.44557	0.524898	0.416773
2840000	-21.8357	0	-21.8357	0.0781482	0.317895	0.0906666	0.270452	0.251226	0.126051	2.64364	4.03491	0.548074
2850000	-27.57798	0	-27.57798	0.0871695	0.115409	0.309494	0.476366	0.132619	0.0798783	0.825375	0.499789	0.455388
2860000	-24.1715	0	-24.1715	0.123833	0.106142	0.184247	0.254413	0.0926799	0.151205	0.635553	1.17553	0.455775
2870000	-26.39727	0	-26.39727	0.152008	0.139641	0.156621	0.35726	0.0949141	0.103023	1.56583	1.33748	0.399203
2880000	-29.18451	0	-29.18451	0.263477	0.136221	0.412312	0.170201	0.119533	0.144029	0.7915	0.44146	0.173591
2890000	-28.76125	0	-28.76125	0.152301	0.0988281	0.1917	0.250719	0.083446	0.101304	0.63391	0.318338	0.504542
2900000	-29.50516	0	-29.50516	0.0703069	0.118454	0.141457	0.271996	0.274334	0.0600321	1.1781	0.547371	0.307559
2910000	-24.2602	0	-24.2602	0.200843	0.116563	0.169995	0.336797	0.156378	0.281376	1.37864	1.5635	1.39981
2920000	-23.17037	0	-23.17037	0.165717	0.200919	0.110079	0.515912	0.264488	0.164963	1.65235	2.62422	1.12061
2930000	-30.96456	0	-30.96456	0.220786	0.354339	0.0949015	0.54892	0.325533	0.127274	3.05992	1.4475	1.37023
2940000	-24.12709	0	-24.12709	0.0833119	0.20856	0.229855	0.393469	0.115643	0.0968048	1.30923	1.24967	0.446352
2950000	-33.90617	0	-33.90617	0.1224	0.167309	0.311094	0.480035	0.347377	0.0858404	0.942488	1.36181	0.270623
2960000	-21.93455	0	-21.93455	0.0680286	0.172504	0.12338	0.152197	0.0878382	0.156725	1.60655	0.689119	0.427055
2970000	-25.43276	0	-25.43276	0.103377	0.0644159	0.356813	0.180088	0.2537	0.158431	1.71565	0.486766	0.911188
2980000	-28.70645	0	-28.70645	0.0640172	0.268702	0.213329	0.157461	0.480145	0.168928	1.53715	3.14583	0.987799
2990000	-28.5991	0	-28.5991	0.133346	0.203787	0.0823618	0.101824	0.0747989	0.153035	0.390424	1.45358	0.665718
3000000	-27.69806	0	-27.69806	0.151736	0.119095	0.2304	0.0973981	0.188227	0.120374	1.19389	1.99382	0.546307
3010000	-28.23583	0	-28.23583	0.137342	0.20045	0.155161	0.18345	0.136521	0.161336	2.6612	0.941083	0.314192
3020000	-25.20251	0	-25.20251	0.433271	0.165565	0.127403	0.0672225	0.2296	0.138267	0.78079	2.47626	1.91469
3030000	-29.13705	0	-29.13705	0.0803363	0.130236	0.0871213	0.317526	0.11427	0.130366	0.521391	1.64679	0.126848
3040000	-20.62685	0	-20.62685	0.0918457	0.20015	0.122432	0.477574	0.148576	0.127525	2.7845	1.70871	2.70952
3050000	-30.57534	0	-30.57534	0.214341	0.229805	0.136769	0.231363	0.293711	0.162734	0.751955	0.181689	4.39595
3060000	-33.54914	0	-33.54914	0.126196	0.113264	0.198353	0.418727	0.053601	0.0645973	0.244816	0.158476	0.340671
3070000	-20.85473	0	-20.85473	0.0827932	0.22793	0.140342	0.113694	0.253778	0.0990447	0.920072	1.05749	1.26638
3080000	-27.02442	0	-27.02442	0.0802011	0.355699	0.183544	0.0815569	0.211258	0.0677117	0.630456	1.18739	1.53435
3090000	-35.95718	0	-35.95718	0.143654	0.318478	0.0992902	0.238572	0.403719	0.219529	2.04791	1.15323	0.985203
3100000	-21.84123	0	-21.84123	0.105899	0.102253	0.191975	0.284104	0.0896011	0.119064	0.284572	0.66088	2.68849
3110000	-26.49749	0	-26.49749	0.147858	0.157052	0.157708	0.0987331	0.428376	0.147644	0.842724	1.35855	0.608034
3120000	-28.99156	0	-28.99156	0.126186	0.0747477	0.111395	0.196928	0.255828	0.252532	2.77078	0.241124	0.759973
3130000	-28.48857	0	-28.48857	0.173422	0.261847	0.249867	0.181674	0.169997	0.188167	0.305847	0.4368	0.633017
3140000	-29.18889	0	-29.18889	0.035109	0.180366	0.598323	0.242888	0.0831946	0.0643518	1.87754	0.375428	1.67828
3150000	-26.76429	0	-26.76429	0.14511	0.148654	0.25032	0.348978	0.112253	0.187069	0.420914	2.05752	0.981942
3160000	-22.2666	0	-22.2666	0.112145	0.136677	0.232864	0.552795	0.119852	0.189942	0.623478	1.44741	5.57332
3170000	-32.43177	0	-32.43177	0.0977674	0.192471	0.14384	0.141985	0.190823	0.0692016	0.558062	0.334552	0.200909
3180000	-26.85722	0	-26.85722	0.089666	0.142143	0.229187	0.283453	0.149818	0.0692932	0.634923	0.418376	0.385356
3190000	-27.36115	0	-27.36115	0.0787821	0.0476779	0.140197	0.360581	0.129371	0.128142	1.24834	0.790254	0.809413
3200000	-23.61504	0	-23.61504	0.11743	0.0896274	0.298618	0.141991	0.0811747	0.087128	1.1303	0.235267	0.687314
3210000	-23.16828	0	-23.16828	0.197003	0.164001	0.226574	0.132147	0.11693	0.0948821	1.22082	1.18145	0.435155
3220000	-19.91515	0	-19.91515	0.0887668	0.17862	0.122696	0.132692	0.157261	0.085745	0.599351	0.902645	1.93836
3230000	-33.8025	0	-33.8025	0.199151	0.238127	0.12993	0.25249	0.212174	0.138684	2.72257	0.562315	0.283416
3240000	-22.80649	0	-22.80649	0.145555	0.171132	0.111513	0.271574	0.0932733	0.0515751	0.861608	0.481764	3.08901
3250000	-20.21056	0	-20.21056	0.0873825	0.206044	0.186452	0.24627	0.102995	0.112093	1.59518	0.5194	0.556275
3260000	-28.00737	0	-28.00737	0.198955	0.038147	0.141286	0.310669	0.0849657	0.326355	2.23323	5.60513	0.430882
3270000	-28.38656	0	-28.38656	0.127102	0.0512021	0.161964	0.455091	0.117684	0.102683	1.11904	0.466494	0.332425
3280000	-25.27555	0	-25.27555	0.067874	0.212558	0.382446	0.271998	0.123536	0.124194	0.798346	1.28192	1.03446
3290000	-27.39149	0	-27.39149	0.117117	0.100834	0.125181	0.162124	0.174912	0.333255	1.33202	1.38087	0.866284
3300000	-26.55728	0	-26.55728	0.282129	0.137105	0.262176	0.113697	0.158143	0.22168	0.587096	0.9338	1.78523
3310000	-23.24117	0	-23.24117	0.0834501	0.197169	0.161449	0.18947	0.097781	0.134563	1.32472	1.87567	0.474864
3320000	-26.39078	0	-26.39078	0.224971	0.110997	0.243409	0.0881159	0.152055	0.069567	0.842997	0.476745	0.235902
3330000	-25.32738	0	-25.32738	0.109921	0.0429554	0.141203	0.236448	0.0844152	0.155534	1.0042	0.613074	0.886798
3340000	-21.65337	0	-21.65337	0.204879	0.153478	0.200191	0.122018	0.104846	0.141632	0.92909	0.954722	0.972445
3350000	-22.4434	0	-22.4434	0.0794853	0.164585	0.29176	0.112377	0.0940338	0.0946743	0.974972	1.44292	0.705224
3360000	-26.0187	0	-26.0187	0.133793	0.147987	0.232415	0.246487	0.091886	0.22593	2.35561	1.82299	0.633588
3370000	-29.62308	0	-29.62308	0.0903205	0.409589	0.206947	0.448274	0.140098	0.112202	0.964586	0.508811	0.644535
3380000	-27.88912	0	-27.88912	0.124647	0.0948732	0.360926	0.249387	0.107395	0.343855	0.791787	0.57658	0.609138
3390000	-27.94884	0	-27.94884	0.290995	0.516338	0.155671	0.0648788	0.113596	0.0581919	1.86833	2.19557	2.36336
3400000	-22.75583	0	-22.75583	0.115518	0.195607	0.188328	0.327821	0.128779	0.0842798	1.30093	3.71025	0.435196
3410000	-31.78392	0	-31.78392	0.118538	0.283006	0.230788	0.130843	0.205614	0.120754	1.09127	0.298076	0.483127
3420000	-26.54525	0	-26.54525	0.148037	0.337528	0.0997747	0.294679	0.239784	0.121363	0.928582	1.45967	0.85307
3430000	-24.274	0	-24.274	0.138991	0.220097	0.214375	0.17211	0.071447	0.134317	3.68604	2.43896	0.47292
3440000	-23.92622	0	-23.92622	0.110073	0.245822	0.0810233	0.164553	0.231833	0.0514444	0.607344	0.96811	1.51538
3450000	-27.26283	0	-27.26283	0.136796	0.306689	0.225691	0.48429	0.375055	0.11325	5.26952	2.49608	0.855285
3460000	-20.89182	0	-20.89182	0.0815352	0.0859318	0.230373	0.159778	0.290744	0.200929	2.81034	1.70018	1.31177
3470000	-24.54058	0	-24.54058	0.0855417	0.0843431	0.189599	0.317782	0.227201	0.364689	1.07315	2.95777	0.828277
3480000	-24.25073	0	-24.25073	0.121416	0.0952103	0.203376	0.117002	0.130918	0.0545228	1.94586	1.17421	0.628349
3490000	-29.20773	0	-29.20773	0.21184	0.0633579	0.14058	0.34846	0.0673629	0.116157	1.1477	1.41535	0.460915
3500000	-28.35893	0	-28.35893	0.159505	0.122637	0.148214	0.159272	0.2989	0.257046	5.05935	0.470552	4.21619
3510000	-30.24791	0	-30.24791	0.131666	0.0751365	0.382356	0.150535	0.23622	0.310081	2.55528	0.735869	0.605714
3520000	-24.2683	0	-24.2683	0.0917562	0.165115	0.248223	0.226709	0.131646	0.139779	1.06076	0.765302	0.766712
3530000	-22.9674	0	-22.9674	0.068274	0.0521786	0.228925	0.158612	0.235272	0.155297	0.959488	0.605961	0.467767
3540000	-31.31176	0	-31.31176	0.0595921	0.237836	0.192024	0.152968	0.210832	0.170387	1.02993	0.411017	0.152161
3550000	-33.79953	0	-33.79953	0.337484	0.0725503	0.394017	0.139419	0.119293	0.174882	0.546697	1.44508	0.495408
3560000	-29.89977	0	-29.89977	0.107616	0.340917	0.157444	0.162551	0.184873	0.227055	1.50994	1.27566	2.57514
3570000	-24.99837	0	-24.99837	0.093397	0.386656	0.204336	0.125527	0.148639	0.0954514	0.454256	0.686052	1.36989
3580000	-26.69308	0	-26.69308	0.0958807	0.184893	0.388125	0.309	0.121987	0.149248	0.790276	0.42314	0.36016
3590000	-23.75108	0	-23.75108	0.0821121	0.148121	0.196754	0.141684	0.160981	0.118323	1.33476	1.81686	0.15578
3600000	-20.42273	0	-20.42273	0.105524	0.10271	0.11364	0.389707	0.0949716	0.0909668	1.20532	1.15589	1.83462
3610000	-23.30477	0	-23.30477	0.066041	0.0832067	0.151736	0.20152	0.0684097	0.129926	0.801224	0.497846	1.39164
3620000	-18.58876	0	-18.58876	0.0869054	0.163407	0.0953345	0.284892	0.208069	0.224279	2.08499	3.45826	2.96578
3630000	-28.81047	0	-28.81047	0.336433	0.157863	0.217949	0.100895	0.117826	0.132008	0.82945	0.615082	0.633286
3640000	-16.64354	0	-16.64354	0.0825288	0.066993	0.189335	0.229638	0.065647	0.138788	1.81981	1.24485	3.68612
3650000	-26.38301	0	-26.38301	0.192567	0.104978	0.209197	0.146093	0.195276	0.105977	0.942795	1.01804	0.994588
3660000	-23.95158	0	-23.95158	0.241417	0.103878	0.342106	0.0668842	0.0881595	0.106167	2.98804	1.33641	0.746657
3670000	-22.94454	0	-22.94454	0.143134	0.208831	0.348495	0.195762	0.167057	0.113541	0.791799	0.991341	1.46687
3680000	-29.90673	0	-29.90673	0.0724866	0.101941	0.28979	0.351157	0.276642	0.107348	1.57697	0.343177	0.699152
3690000	-21.73837	0	-21.73837	0.127698	0.113754	0.28677	0.115532	0.222335	0.124959	0.670048	0.334748	1.3086
3700000	-22.61137	0	-22.61137	0.0925553	0.200201	0.505636	0.113098	0.315202	0.189414	2.01244	1.33911	1.39411
3710000	-21.18129	0	-21.18129	0.113634	0.0815595	0.335743	0.163272	0.0671579	0.160961	2.57317	1.24259	0.263081
3720000	-25.93757	0	-25.93757	0.137736	0.0641326	0.247494	0.115125	0.155796	0.279593	4.0231	0.469049	1.76402
3730000	-24.96685	0	-24.96685	0.153281	0.0732944	0.132602	0.185023	0.114379	0.0957311	0.319031	1.14194	3.41739
3740000	-24.06062	0	-24.06062	0.113999	0.147583	0.243724	0.243739	0.155597	0.0747823	1.24865	1.17112	1.42274
3750000	-26.99543	0	-26.99543	0.155526	0.0671485	0.668971	0.191292	0.0985442	0.273546	1.44867	0.464414	0.613906
3760000	-37.49773	0	-37.49773	0.324411	0.164039	0.159877	0.4194	0.218901	0.183381	1.59946	0.270608	0.0919351
3770000	-25.63729	0	-25.63729	0.117249	0.186332	0.132967	0.139282	0.15222	0.0659947	0.945821	0.866968	0.810251
3780000	-18.70156	0	-18.70156	0.106921	0.141323	0.348111	0.224517	0.237259	0.138286	1.38803	1.78498	1.32804
3790000	-20.41986	0	-20.41986	0.109388	0.130883	0.247673	0.172063	0.127903	0.253411	1.15502	1.59652	0.530909
3800000	-31.07706	0	-31.07706	0.201913	0.102362	0.0656723	0.18386	0.168632	0.0598393	0.481947	0.379205	0.449785
3810000	-19.72625	0	-19.72625	0.0885969	0.0826328	0.275286	0.271227	0.0819134	0.150393	0.828562	0.450259	2.4871
3820000	-22.53753	0	-22.53753	0.0681038	0.209913	0.244883	0.173795	0.121531	0.132565	1.77683	0.912241	0.284425
3830000	-24.81818	0	-24.81818	0.269807	0.141719	0.205606	0.0575314	0.179169	0.116418	0.822928	0.635018	0.48066
3840000	-19.89171	0	-19.89171	0.213936	0.101058	0.29035	0.180741	0.295815	0.0936537	1.77828	1.57232	2.50076
3850000	-22.19348	0	-22.19348	0.1582	0.101668	0.126783	0.0831658	0.124657	0.113407	0.630387	2.02563	2.07389
3860000	-22.56947	0	-22.56947	0.152484	0.190702	0.290751	0.26323	0.130574	0.199001	0.548587	1.96645	2.13171
3870000	-19.32412	0	-19.32412	0.111638	0.118266	0.259377	0.169158	0.155586	0.12448	2.11949	1.40324	0.849285
3880000	-26.18173	0	-26.18173	0.0695574	0.197674	0.167188	0.192342	0.11276	0.130766	0.331473	1.16059	0.529478
3890000	-25.94196	0	-25.94196	0.0858627	0.101664	0.274227	0.214278	0.166726	0.217664	2.26403	0.6294	2.12329
3900000	-28.33773	0	-28.33773	0.125058	0.116869	0.178701	0.245872	0.261954	0.0418604	0.325642	0.510565	1.55683
3910000	-24.40672	0	-24.40672	0.181537	0.0959692	0.116417	0.142863	0.103243	0.100105	0.959294	0.823664	0.946765
3920000	-27.44507	0	-27.44507	0.189991	0.144738	0.119024	0.395174	0.121305	0.110276	0.681499	0.929792	0.704003
3930000	-28.68273	0	-28.68273	0.106454	0.17872	0.213515	0.126901	0.0364431	0.0928771	0.748397	0.635562	0.408679
3940000	-26.34865	0	-26.34865	0.315887	0.257455	0.20391	0.285649	0.0744666	0.096185	2.06821	1.2797	0.418998
3950000	-25.2532	0	-25.2532	0.131444	0.126178	0.204251	0.342341	0.169701	0.103789	2.10531	0.705838	0.316864
3960000	-19.28222	0	-19.28222	0.158894	0.120253	0.0937466	0.130957	0.126587	0.232919	0.950364	2.09142	1.57096
3970000	-26.5264	0	-26.5264	0.2534	0.218823	0.102616	0.149441	0.0908399	0.083476	0.717226	0.282936	1.08572
3980000	-25.35842	0	-25.35842	0.160069	0.0668211	0.152959	0.210455	0.152285	0.182596	0.928408	0.902083	2.20199
3990000	-23.95345	0	-23.95345	0.0467186	0.148849	0.389544	0.16558	0.157951	0.0800215	0.575895	0.600242	0.394228
4000000	-27.35567	0	-27.35567	0.143751	0.211672	0.221069	0.382287	0.175928	0.080395	0.241608	5.05145	0.503027
4010000	-24.14442	0	-24.14442	0.189244	0.207739	0.152917	0.234824	0.16995	0.143738	1.65346	0.631235	1.62957
4020000	-21.34907	0	-21.34907	0.092538	0.114891	0.104063	0.161611	0.147709	0.0771987	0.959824	1.16285	0.443892
4030000	-28.73524	0	-28.73524	0.0960134	0.0919969	0.064972	0.312595	0.103995	0.0764901	1.09257	1.00999	1.16822
4040000	-25.0739	0	-25.0739	0.248257	0.124439	0.254265	0.331405	0.198798	0.0985313	2.64867	2.65963	0.551988
4050000	-21.36872	0	-21.36872	0.116739	0.184789	0.209388	0.211154	0.164982	0.278019	0.651111	1.97137	3.55221
4060000	-24.80006	0	-24.80006	0.0384623	0.112321	0.217757	0.113396	0.160099	0.0988955	1.00533	0.855883	0.24102
4070000	-22.76783	0	-22.76783	0.0951065	0.113384	0.270587	0.21119	0.100116	0.127344	0.327853	1.76526	0.628648
4080000	-24.49635	0	-24.49635	0.122747	0.0793	0.159591	0.304103	0.111863	0.151536	1.67444	1.30541	0.340285
4090000	-30.79993	0	-30.79993	0.279479	0.0954975	0.125632	0.261051	0.210074	0.221706	5.56419	0.631941	0.607433
4100000	-32.13766	0	-32.13766	0.153251	0.05055	0.317791	0.592628	0.381623	0.144519	1.58193	1.20346	0.542815
4110000	-20.03174	0	-20.03174	0.101072	0.107811	0.280476	0.136026	0.22719	0.193652	0.588982	2.42185	0.843568
4120000	-29.08934	0	-29.08934	0.112065	0.0786439	0.168166	0.154674	0.110554	0.111316	1.06722	0.169211	0.324644
4130000	-24.25167	0	-24.25167	0.0842244	0.097824	0.290806	0.130093	0.12798	0.0787704	1.62267	0.518807	0.62589
4140000	-26.48475	0	-26.48475	0.0880556	0.101629	0.324953	0.162484	0.203022	0.112486	2.06327	0.538246	0.107467
4150000	-25.40775	0	-25.40775	0.100894	0.138723	0.135991	0.178772	0.251943	0.133255	0.879465	0.61629	2.65356
4160000	-23.66935	0	-23.66935	0.130282	0.125569	0.364024	0.376601	0.216767	0.174313	1.16947	1.24665	1.74291
4170000	-25.58298	0	-25.58298	0.0709924	0.263265	0.186345	0.145798	0.181739	0.0834759	2.60538	2.59047	1.00757
4180000	-27.9957	0	-27.9957	0.116094	0.176952	0.524658	0.300309	0.187261	0.336912	1.65972	1.1674	0.452329
4190000	-23.30453	0	-23.30453	0.119526	0.161778	0.523566	0.14914	0.186142	0.149805	1.29118	0.310007	1.16668
4200000	-25.16378	0	-25.16378	0.174103	0.0834084	0.346341	0.255717	0.132899	0.251772	1.82133	1.02058	2.24466
4210000	-24.04438	0	-24.04438	0.168334	0.0882326	0.154636	0.137384	0.144054	0.25606	2.23181	1.76423	0.69747
4220000	-19.27868	0	-19.27868	0.102985	0.168428	0.316054	0.157259	0.160076	0.0891378	0.901458	0.466653	1.90647
4230000	-36.01236	0	-36.01236	0.325322	0.330666	0.230196	0.257871	0.169246	0.0298444	0.916408	0.302666	0.142813
4240000	-23.32846	0	-23.32846	0.136994	0.173051	0.162077	0.122438	0.153337	0.0918732	1.18631	1.24447	0.185961
4250000	-29.90041	0	-29.90041	0.200964	0.120038	0.25734	0.213946	0.178446	0.159461	2.5388	0.49084	0.179033
4260000	-23.67809	0	-23.67809	0.143086	0.0940649	0.327766	0.365958	0.209172	0.128911	1.47323	2.40812	1.99847
4270000	-28.07084	0	-28.07084	0.0660958	0.117596	0.530735	0.472914	0.32689	0.192278	3.60301	1.80927	1.04794
4280000	-28.69168	0	-28.69168	0.138679	0.120166	0.319519	0.22319	0.11768	0.0554561	1.0099	1.36373	1.91652
4290000	-22.81859	0	-22.81859	0.133145	0.0945126	0.176107	0.179037	0.0648332	0.202429	0.299044	0.287338	1.55914
4300000	-25.87515	0	-25.87515	0.113563	0.154628	0.220056	0.325864	0.0553918	0.189039	1.30366	0.839185	1.04234
4310000	-28.85967	0	-28.85967	0.157398	0.143088	0.125255	0.133747	0.216201	0.311985	2.24031	1.03481	1.27777
4320000	-24.72138	0	-24.72138	0.107042	0.0950933	0.274865	0.226038	0.15624	0.057382	1.70955	0.60691	1.168
4330000	-18.71779	0	-18.71779	0.10904	0.137566	0.194845	0.149002	0.106078	0.149454	0.82846	2.43488	2.00286
4340000	-28.96358	0	-28.96358	0.0821646	0.191117	0.241508	0.176646	0.0973709	0.220989	0.829884	1.28668	0.343241
4350000	-23.01758	0	-23.01758	0.0668432	0.112683	0.220844	0.173288	0.197436	0.205245	0.30214	0.723285	2.12533
4360000	-19.49618	0	-19.49618	0.133789	0.0692572	0.220054	0.21381	0.0849019	0.108974	3.23657	1.28881	0.774848
4370000	-40.66931	0	-40.66931	0.400755	0.182428	0.340408	0.191915	0.238634	0.200477	0.369822	0.673841	0.19823
4380000	-26.4918	0	-26.4918	0.354323	0.108641	0.159703	0.264158	0.171995	0.114093	4.35034	2.07696	1.29913
4390000	-23.62944	0	-23.62944	0.160165	0.170142	0.232657	0.274327	0.09071	0.124689	1.62456	0.718294	2.76953
4400000	-16.92893	0	-16.92893	0.0755808	0.0821666	0.253254	0.219647	0.0910605	0.0992727	1.40646	2.01898	0.694239
4410000	-20.41294	0	-20.41294	0.15729	0.126741	0.249048	0.276721	0.29445	0.115343	1.79272	3.51547	1.22823
4420000	-21.43642	0	-21.43642	0.186243	0.0627419	0.412931	0.164108	0.0899564	0.127727	3.42404	0.557391	1.0755
4430000	-30.58534	0	-30.58534	0.123882	0.0832356	0.158784	0.137607	0.114786	0.221677	1.21256	0.517105	0.179963
4440000	-20.1684	0	-20.1684	0.0985205	0.19193	0.183257	0.15271	0.131485	0.104704	2.02075	1.9671	2.90503
4450000	-28.0016	0	-28.0016	0.207856	0.119922	0.211461	0.202605	0.123249	0.254469	0.888613	1.04838	0.849837
4460000	-25.12183	0	-25.12183	0.0482676	0.0568631	0.15574	0.118426	0.27414	0.201469	1.59146	1.23539	1.93981
4470000	-26.68313	0	-26.68313	0.208839	0.130992	0.185429	0.164874	0.335904	0.114738	2.11361	1.50964	0.704542
4480000	-29.55671	0	-29.55671	0.115118	0.203457	0.420235	0.518079	0.115461	0.228495	0.607491	0.325704	0.93504
4490000	-30.81858	0	-30.81858	0.113062	0.146035	0.283846	0.155568	0.288012	0.12024	0.99439	0.651435	1.32488
4500000	-21.83323	0	-21.83323	0.0572354	0.237091	0.483217	0.112256	0.0968151	0.111189	0.659449	1.54255	1.21604
4510000	-20.64841	0	-20.64841	0.0998621	0.0675379	0.285652	0.163932	0.144669	0.113223	1.24596	1.0707	0.371994
4520000	-31.30409	0	-31.30409	0.10792	0.193778	0.417377	0.401934	0.642821	0.22268	2.80308	3.16846	0.322361
4530000	-27.78443	0	-27.78443	0.130972	0.0549962	0.0480293	0.201067	0.10395	0.237929	3.56004	0.479269	1.25106
4540000	-19.30886	0	-19.30886	0.150895	0.165929	0.230975	0.127473	0.423199	0.0700826	1.88723	3.30275	1.34147
4550000	-26.00974	0	-26.00974	0.0722206	0.0718875	0.268554	0.298605	0.176041	0.19466	2.15446	0.526914	0.34851
4560000	-23.84615	0	-23.84615	0.128839	0.111213	0.213091	0.293428	0.413277	0.180924	2.10475	2.11328	2.06975
4570000	-26.90562	0	-26.90562	0.0964151	0.0988824	0.141058	0.29206	0.225978	0.254548	1.54408	0.292413	0.74196
4580000	-24.19225	0	-24.19225	0.0869887	0.147344	0.236741	0.324331	0.0899491	0.0996662	0.53604	0.664322	0.476743
4590000	-20.69756	0	-20.69756	0.0562961	0.0963591	0.192005	0.0953786	0.139219	0.113552	0.797895	1.29409	1.35403
4600000	-29.89232	0	-29.89232	0.21961	0.0596594	0.128227	0.171504	0.11651	0.0917789	0.290459	0.518937	0.208262
4610000	-29.24415	0	-29.24415	0.163109	0.407735	0.197592	0.236814	0.0595001	0.138698	0.393588	0.420503	0.702149
4620000	-23.7569	0	-23.7569	0.130699	0.140237	0.256286	0.188638	0.0972511	0.0436925	0.869413	1.5414	1.67235
4630000	-26.52012	0	-26.52012	0.134031	0.215096	0.168423	0.127531	0.169133	0.127614	0.413226	3.56794	0.430255
4640000	-22.99854	0	-22.99854	0.0737911	0.165296	0.0929178	0.202792	0.188351	0.0894451	0.834661	0.610745	0.855401
4650000	-30.85693	0	-30.85693	0.10738	0.0690673	0.154791	0.133543	0.0697894	0.1654	0.951952	0.605475	0.247227
4660000	-24.66449	0	-24.66449	0.155586	0.147224	0.226756	0.0898964	0.147851	0.185977	0.786508	0.490159	0.521905
4670000	-23.78358	0	-23.78358	0.144224	0.238565	0.221103	0.1157	0.107332	0.278564	0.78966	2.01878	1.26857
4680000	-19.67937	0	-19.67937	0.108532	0.0570642	0.358238	0.0998279	0.258532	0.131627	1.95237	0.708536	1.02881
4690000	-24.74572	0	-24.74572	0.0467852	0.112326	0.158866	0.177798	0.0594405	0.0679211	0.40721	0.888394	0.834173
4700000	-27.59117	0	-27.59117	0.0848424	0.125109	0.222916	0.196534	0.145707	0.0899319	2.11601	0.339906	0.23524
4710000	-22.82316	0	-22.82316	0.111263	0.146774	0.338886	0.144878	0.116128	0.22799	0.620284	0.604325	1.43697
4720000	-26.64679	0	-26.64679	0.10357	0.0728476	0.282862	0.178045	0.157641	0.164495	2.21729	0.693776	0.250775
4730000	-30.70502	0	-30.70502	0.249616	0.0528611	0.183595	0.184452	0.253626	0.168345	1.00031	0.325129	0.629307
4740000	-24.48037	0	-24.48037	0.0762612	0.330117	0.172098	0.17752	0.302842	0.133946	4.79269	3.38306	0.425979
4750000	-17.73088	0	-17.73088	0.12776	0.0860071	0.113803	0.258584	0.0649422	0.189956	1.93596	1.82973	1.49873
4760000	-21.14178	0	-21.14178	0.199116	0.0708217	0.236253	0.108503	0.140746	0.102668	0.506493	0.480904	2.86517
4770000	-26.96751	0	-26.96751	0.220525	0.0969516	0.277197	0.34501	0.0544304	0.0587875	1.06817	0.378173	0.448489
4780000	-28.61473	0	-28.61473	0.153795	0.15547	0.255856	0.284103	0.482784	0.0488649	0.574752	1.76113	0.724835
4790000	-21.05097	0	-21.05097	0.0858025	0.227459	0.237333	0.216573	0.177823	0.170539	3.73356	1.49155	1.2776
4800000	-31.32544	0	-31.32544	0.0682342	0.179126	0.16699	0.1737	0.20266	0.0856523	2.45305	1.17716	0.0459338
4810000	-27.46104	0	-27.46104	0.180908	0.291612	0.301074	0.168888	0.179755	0.0734115	0.618033	3.13143	0.897142
4820000	-20.14453	0	-20.14453	0.165689	0.27642	0.177308	0.153927	0.0921297	0.121081	2.24572	1.64809	0.875636
4830000	-27.02511	0	-27.02511	0.106734	0.152259	0.259433	0.224869	0.0855524	0.120425	0.334077	0.287439	0.797729
4840000	-24.0408	0	-24.0408	0.0982161	0.0943264	0.118694	0.207611	0.100774	0.184966	0.294873	0.80859	0.743237
4850000	-22.72374	0	-22.72374	0.103171	0.068619	0.254499	0.139908	0.208061	0.11678	0.986318	0.72252	0.377439
4860000	-34.69454	0	-34.69454	0.221094	0.0801949	0.142046	0.134569	0.199167	0.378247	0.96401	1.0739	0.332074
4870000	-23.70103	0	-23.70103	0.136835	0.0705191	0.262175	0.166515	0.205978	0.117649	1.0617	0.429533	1.37099
4880000	-40.11104	0	-40.11104	0.192059	0.105646	0.235213	0.246594	0.0977127	0.277934	0.839823	0.0877988	0.491078
4890000	-24.19528	0	-24.19528	0.0989263	0.110965	0.15565	0.485176	0.24153	0.161296	2.1761	1.07903	0.833496
4900000	-27.45347	0	-27.45347	0.071987	0.165766	0.232605	0.130695	0.0452995	0.111965	1.97683	0.919472	0.29555
4910000	-25.04138	0	-25.04138	0.158277	0.0867124	0.234481	0.28785	0.37152	0.11039	2.40747	0.996744	0.22006
4920000	-30.00189	0	-30.00189	0.101756	0.212227	0.20283	0.137794	0.167955	0.226981	1.42921	0.407566	0.366863
4930000	-27.10678	0	-27.10678	0.176301	0.112267	0.205788	0.237497	0.133073	0.241966	1.89012	4.06961	1.34162
4940000	-26.66445	0	-26.66445	0.162025	0.0703931	0.431274	0.241402	0.11123	0.112952	0.960701	0.992751	0.839542
4950000	-30.12367	0	-30.12367	0.221281	0.154302	0.192599	0.212939	0.0992988	0.0528277	0.545638	0.647763	0.283024
4960000	-22.08227	0	-22.08227	0.144097	0.0515606	0.4081	0.149574	0.274793	0.133927	1.50831	0.948452	1.86491
4970000	-23.85152	0	-23.85152	0.184064	0.213592	0.320504	0.178683	0.1213	0.18432	0.355815	0.702996	1.3908
4980000	-28.66112	0	-28.66112	0.147757	0.251313	0.101027	0.384169	0.320242	0.127232	1.14914	1.72965	0.768015
4990000	-29.43237	0	-29.43237	0.0547017	0.0718798	0.393204	0.139735	0.0362106	0.125601	1.41214	0.554441	0.487066
5000000	-27.07613	0	-27.07613	0.0547173	0.0869549	0.292622	0.318141	0.170934	0.102636	2.22429	0.868856	2.15245
