Iteration	Posterior	Likelihood	Prior	lambda[1]	lambda[2]	lambda[3]	mu[1]	mu[2]	mu[3]	psi[1]	psi[2]	psi[3]
0	-40.06546	0	-40.06546	0.0861196	0.205223	0.173635	0.159528	0.286891	0.0575467	0.527202	3.16991	0.725019
10000	-21.76485	0	-21.76485	0.186961	0.0877709	0.192394	0.303866	0.142238	0.246943	1.70774	0.573332	0.914766
20000	-21.34789	0	-21.34789	0.183589	0.137515	0.181278	0.428556	0.0726607	0.15022	3.48523	1.21273	0.398025
30000	-20.16986	0	-20.16986	0.14853	0.18925	0.322471	0.365789	0.0833542	0.15896	3.07719	0.883819	0.695002
40000	-18.60143	0	-18.60143	0.183556	0.151864	0.199202	0.329026	0.0358673	0.120575	2.55841	0.623276	0.612676
50000	-16.99017	0	-16.99017	0.0869532	0.142251	0.446096	0.304585	0.0765751	0.257928	4.74636	0.470842	2.78661
60000	-29.35804	0	-29.35804	0.133125	0.103868	0.0997368	0.396006	0.113444	0.0744353	2.29358	0.680329	0.101404
70000	-15.40518	0	-15.40518	0.164867	0.103218	0.202316	0.521006	0.079704	0.149865	3.18126	0.302615	0.466462
80000	-21.66607	0	-21.66607	0.0468029	0.052957	0.155994	0.343807	0.134399	0.127533	3.18165	2.76989	1.29834
90000	-16.062	0	-16.062	0.138341	0.142755	0.203576	0.383453	0.0883683	0.0509369	3.34029	0.883836	1.61624
100000	-15.02913	0	-15.02913	0.103616	0.284418	0.210403	0.364382	0.0645847	0.162902	4.73916	0.488779	1.37752
110000	-20.78576	0	-20.78576	0.164095	0.0634406	0.375672	0.245461	0.0751505	0.0770728	2.7966	1.14806	2.96813
120000	-16.67906	0	-16.67906	0.206828	0.134177	0.225879	0.383905	0.191238	0.157995	3.90674	0.466218	0.650468
130000	-19.97781	0	-19.97781	0.218602	0.0982099	0.196086	0.284692	0.209118	0.0753833	5.06787	0.797262	0.13793
140000	-20.06502	0	-20.06502	0.106383	0.133719	0.243799	0.595882	0.204446	0.0464582	3.12943	0.48755	1.295
150000	-19.56092	0	-19.56092	0.142454	0.14758	0.192964	0.290601	0.145244	0.210166	2.4432	0.0528724	0.693034
160000	-13.33711	0	-13.33711	0.118937	0.0772597	0.168364	0.460189	0.0591415	0.077165	3.78607	0.623377	1.32565
170000	-16.31229	0	-16.31229	0.105981	0.0678759	0.137588	0.226268	0.139702	0.119724	2.83092	1.79204	0.955805
180000	-15.63325	0	-15.63325	0.159293	0.142599	0.418198	0.597427	0.0599323	0.0811933	5.11359	0.631536	0.47432
190000	-19.60507	0	-19.60507	0.156655	0.138841	0.332359	0.236163	0.0615933	0.132941	4.32305	0.432658	1.8505
200000	-17.74744	0	-17.74744	0.120641	0.309963	0.175806	0.174705	0.148337	0.0774054	4.32002	0.0867795	0.317696
210000	-23.23429	0	-23.23429	0.235501	0.196208	0.142033	0.385082	0.0938852	0.193012	4.20607	0.444805	0.10026
220000	-12.25906	0	-12.25906	0.0979989	0.1215	0.232988	0.25213	0.123576	0.0764313	3.39801	1.45764	0.259484
230000	-22.17677	0	-22.17677	0.171844	0.129579	0.309931	0.229312	0.171287	0.16506	2.08742	0.23573	2.10484
240000	-24.02664	0	-24.02664	0.263062	0.171158	0.157369	0.33119	0.110022	0.187942	4.61386	1.06048	0.286314
250000	-16.49736	0	-16.49736	0.196786	0.0882417	0.166906	0.321369	0.107192	0.058566	2.19012	0.510399	0.961463
260000	-23.04332	0	-23.04332	0.174746	0.067052	0.168859	0.475119	0.095908	0.0730266	1.7031	2.02165	1.26448
270000	-21.33954	0	-21.33954	0.119302	0.138845	0.311537	0.407015	0.112728	0.271713	3.11918	0.273141	0.38149
280000	-15.40604	0	-15.40604	0.14874	0.11109	0.185953	0.424092	0.0586524	0.079564	4.13254	0.144068	0.408978
290000	-10.51965	0	-10.51965	0.14719	0.0929089	0.16733	0.323092	0.0894768	0.0823279	5.14703	2.45658	0.592141
300000	-17.4461	0	-17.4461	0.0968417	0.163478	0.302083	0.417481	0.0692573	0.144141	1.79155	1.10063	2.32376
310000	-22.00911	0	-22.00911	0.144277	0.152988	0.23046	0.501925	0.123364	0.0860419	3.23975	0.305964	0.212091
320000	-25.41386	0	-25.41386	0.123208	0.0834973	0.506463	0.485561	0.0469084	0.0932493	3.44173	1.43024	0.371393
330000	-16.50024	0	-16.50024	0.135127	0.130027	0.277354	0.26271	0.104587	0.0589646	3.94056	4.32553	0.403259
340000	-20.9166	0	-20.9166	0.11682	0.132962	0.258268	0.203492	0.109312	0.14268	5.80556	1.5501	0.0843029
350000	-20.62981	0	-20.62981	0.120095	0.247979	0.0820566	0.382292	0.110428	0.0948637	5.24838	1.33713	1.21989
360000	-22.51626	0	-22.51626	0.308426	0.132506	0.254229	0.18661	0.0769312	0.228315	2.17306	0.753275	0.598202
370000	-16.32018	0	-16.32018	0.0736195	0.178777	0.29612	0.388424	0.109096	0.0783566	3.53621	0.207711	0.265099
380000	-15.12469	0	-15.12469	0.191822	0.0531797	0.352935	0.176887	0.114588	0.134344	5.25649	0.634389	0.259663
390000	-13.56029	0	-13.56029	0.230947	0.19792	0.103512	0.335774	0.138059	0.0753489	4.63059	0.915312	0.896098
400000	-13.46722	0	-13.46722	0.322249	0.0328222	0.100066	0.377236	0.0922651	0.169717	3.94878	1.02897	1.35759
410000	-24.05518	0	-24.05518	0.208132	0.0874659	0.234835	0.197685	0.102888	0.10821	1.74149	0.406867	2.71354
420000	-28.65928	0	-28.65928	0.0776039	0.0993456	0.204333	0.313421	0.115613	0.38254	3.65129	0.807018	0.595668
430000	-15.81255	0	-15.81255	0.2647	0.110464	0.16553	0.477615	0.0637321	0.0528108	2.95	1.94836	0.644534
440000	-12.42748	0	-12.42748	0.0958487	0.0995331	0.211053	0.298197	0.0807412	0.1081	6.34293	0.545262	1.04105
450000	-18.08692	0	-18.08692	0.0957443	0.0891351	0.289762	0.517781	0.266306	0.337492	6.71734	0.281609	0.296383
460000	-21.86598	0	-21.86598	0.0616053	0.119819	0.305782	0.196527	0.200181	0.0863697	2.42023	1.81623	2.25891
470000	-33.59762	0	-33.59762	0.061301	0.155524	0.244731	0.639863	0.0444128	0.0357948	3.17283	4.26471	0.0510105
480000	-15.35161	0	-15.35161	0.20937	0.112878	0.165512	0.245033	0.0798832	0.0943766	6.98326	0.503797	0.252276
490000	-20.56888	0	-20.56888	0.133645	0.0753057	0.119876	0.357674	0.0786255	0.302924	1.44864	1.43575	1.57239
500000	-25.45067	0	-25.45067	0.236526	0.0540252	0.351874	0.306417	0.0749708	0.306205	2.88043	2.15982	0.388035
510000	-13.26368	0	-13.26368	0.152351	0.184841	0.15087	0.35078	0.0761064	0.0863833	2.6616	0.675631	0.394841
520000	-17.6239	0	-17.6239	0.15713	0.120873	0.461592	0.213362	0.307405	0.043136	5.49653	2.9059	1.60658
530000	-23.74806	0	-23.74806	0.0746629	0.18985	0.212272	0.310835	0.121064	0.0740967	2.35575	2.07015	0.124189
540000	-16.53952	0	-16.53952	0.153108	0.143068	0.194404	0.259641	0.0775508	0.1406	3.50825	0.569717	0.502887
550000	-15.82871	0	-15.82871	0.0640368	0.0938119	0.408219	0.20797	0.241377	0.0964738	5.82271	0.869085	1.676
560000	-15.83129	0	-15.83129	0.147024	0.0883156	0.231244	0.309623	0.0310857	0.13702	4.35046	1.25292	0.626367
570000	-17.26227	0	-17.26227	0.190471	0.164959	0.22062	0.252695	0.168316	0.121612	4.67644	1.09315	2.99938
580000	-29.6344	0	-29.6344	0.342495	0.300372	0.309001	0.203649	0.278018	0.247668	2.48634	2.68816	2.36527
590000	-18.34396	0	-18.34396	0.0729786	0.253569	0.151758	0.512876	0.0740389	0.0971535	4.06853	0.181619	0.481774
600000	-10.04775	0	-10.04775	0.155819	0.0911479	0.409306	0.449436	0.162586	0.0691112	8.59064	0.164911	1.48541
610000	-18.01788	0	-18.01788	0.122895	0.375832	0.341023	0.549275	0.0757009	0.144375	3.64736	1.82583	1.27097
620000	-14.39453	0	-14.39453	0.195988	0.0711859	0.150927	0.562399	0.134257	0.0880801	4.03735	0.706636	0.547217
630000	-21.80666	0	-21.80666	0.0946708	0.0705757	0.0612195	0.254616	0.125271	0.0993365	5.63389	0.686698	0.492776
640000	-19.96281	0	-19.96281	0.186593	0.114142	0.13296	0.201378	0.320846	0.180927	4.91059	1.3361	0.574603
650000	-31.89775	0	-31.89775	0.166924	0.127088	0.152369	0.668993	0.271357	0.10873	1.59914	5.01341	3.28791
660000	-17.20446	0	-17.20446	0.180878	0.179782	0.18409	0.215399	0.106074	0.11654	2.05557	0.309943	0.677114
670000	-26.4132	0	-26.4132	0.164787	0.195633	0.237702	0.348106	0.0829313	0.197948	1.30493	0.417966	0.72417
680000	-25.00841	0	-25.00841	0.111707	0.0756528	0.26282	0.310159	0.18502	0.129082	8.9786	0.139974	0.17709
690000	-18.26918	0	-18.26918	0.254924	0.195164	0.226322	0.229286	0.096218	0.130983	2.83539	0.54366	1.09922
700000	-22.17376	0	-22.17376	0.200767	0.126945	0.152578	0.244903	0.0861359	0.106493	2.72183	4.00317	0.516275
710000	-22.62928	0	-22.62928	0.0817974	0.191188	0.0745745	0.176547	0.188983	0.0986276	2.53673	0.477731	0.462721
720000	-18.31968	0	-18.31968	0.0829435	0.0316178	0.420992	0.269848	0.093114	0.0813189	3.79741	0.142955	0.365141
730000	-21.02949	0	-21.02949	0.297381	0.0767625	0.191771	0.204384	0.119888	0.204811	3.22279	0.818377	0.0735051
740000	-20.01295	0	-20.01295	0.197671	0.164684	0.193023	0.49155	0.112991	0.122297	4.74722	0.750798	1.92661
750000	-23.50248	0	-23.50248	0.207999	0.138344	0.249977	0.316942	0.122792	0.252869	1.60202	1.52929	0.965035
760000	-27.07269	0	-27.07269	0.223633	0.218292	0.129186	0.614704	0.0629157	0.0751615	2.02867	2.28106	1.13056
770000	-18.5255	0	-18.5255	0.108172	0.204137	0.179212	0.245563	0.123281	0.10536	2.11733	1.08607	0.184773
780000	-26.56892	0	-26.56892	0.241249	0.156648	0.241023	0.329508	0.097501	0.178436	1.74045	0.10081	1.26247
790000	-16.92857	0	-16.92857	0.0849396	0.200102	0.100701	0.284882	0.125275	0.125173	3.67683	0.333645	0.254177
800000	-17.24898	0	-17.24898	0.115466	0.0936041	0.145405	0.468603	0.096128	0.0542782	8.54233	0.861878	1.12814
810000	-21.7517	0	-21.7517	0.187956	0.125159	0.183931	0.297191	0.097186	0.0946333	1.93892	0.592301	0.376804
820000	-19.33862	0	-19.33862	0.109826	0.182253	0.08879	0.21756	0.0398931	0.108475	2.50283	1.77672	2.10079
830000	-16.94764	0	-16.94764	0.075157	0.188195	0.180917	0.19794	0.0752981	0.128191	3.97727	2.15432	0.278107
840000	-14.5012	0	-14.5012	0.180408	0.141411	0.173448	0.365845	0.127635	0.139773	3.65132	0.796039	1.86675
850000	-20.06862	0	-20.06862	0.0752639	0.110909	0.0797646	0.369828	0.164114	0.158311	3.61442	2.23312	1.57916
860000	-23.97931	0	-23.97931	0.19112	0.239159	0.104334	0.496665	0.131799	0.0436764	2.32297	0.562563	1.62177
870000	-17.06922	0	-17.06922	0.120519	0.153256	0.169389	0.299381	0.0856777	0.0815938	2.51326	0.916617	0.0511409
880000	-14.70223	0	-14.70223	0.128866	0.115325	0.26405	0.347965	0.0779442	0.238385	4.78862	1.00267	0.501704
890000	-23.14644	0	-23.14644	0.0654315	0.223787	0.175331	0.207726	0.0552462	0.103386	5.27701	2.49082	0.567081
900000	-21.15355	0	-21.15355	0.173146	0.0826059	0.187777	0.633214	0.205202	0.0548423	4.76145	1.22551	0.145383
910000	-25.01388	0	-25.01388	0.0992724	0.0848626	0.189957	0.372092	0.0735347	0.0653524	2.1409	0.197123	0.133057
920000	-10.50746	0	-10.50746	0.180484	0.0761236	0.207111	0.218591	0.0755107	0.0679469	2.86807	0.948921	0.723606
930000	-16.67109	0	-16.67109	0.24344	0.212272	0.216544	0.242252	0.149143	0.0501483	4.86873	0.603495	0.30176
940000	-21.31899	0	-21.31899	0.0710958	0.0911961	0.295244	0.504687	0.0974941	0.0755588	3.73061	1.07106	0.672956
950000	-25.98951	0	-25.98951	0.373073	0.134889	0.137382	0.484379	0.104859	0.205147	2.71859	0.127183	0.151583
960000	-16.60941	0	-16.60941	0.0870099	0.159204	0.239477	0.22552	0.0680348	0.175376	3.19474	0.80679	0.479741
970000	-14.36988	0	-14.36988	0.113702	0.0942985	0.275445	0.236516	0.0484339	0.131035	4.98741	0.226541	1.32359
980000	-20.43976	0	-20.43976	0.164916	0.0370458	0.235299	0.517754	0.109233	0.070809	4.87103	1.02072	1.04987
990000	-18.05114	0	-18.05114	0.107062	0.172328	0.375517	0.207248	0.106806	0.102107	2.13922	0.708195	0.665595
1000000	-22.11419	0	-22.11419	0.25395	0.218205	0.264283	0.39614	0.0764075	0.0652964	1.51086	0.332282	0.1406
1010000	-18.41784	0	-18.41784	0.109267	0.184381	0.127	0.111771	0.138627	0.0576696	5.7044	1.96507	3.67267
1020000	-17.64615	0	-17.64615	0.202143	0.162502	0.278294	0.42505	0.0481832	0.108875	2.45606	0.401914	0.191478
1030000	-18.01194	0	-18.01194	0.204886	0.150104	0.218607	0.602416	0.107544	0.0935315	5.84406	1.87002	0.338059
1040000	-16.5821	0	-16.5821	0.300647	0.123675	0.23989	0.239425	0.108784	0.0761532	3.08613	0.92774	0.249537
1050000	-18.70228	0	-18.70228	0.0889741	0.163926	0.369777	0.422671	0.2051	0.0726781	3.06373	1.16676	0.948349
1060000	-22.87549	0	-22.87549	0.173079	0.0535559	0.277391	0.39849	0.192109	0.0683708	6.37768	0.23056	0.367269
1070000	-28.60365	0	-28.60365	0.0979451	0.158548	0.14479	0.596822	0.152647	0.272086	2.55865	1.28044	1.03788
1080000	-14.13784	0	-14.13784	0.178792	0.141769	0.218517	0.452248	0.0951924	0.180193	2.49375	1.40213	3.11059
1090000	-15.58318	0	-15.58318	0.135118	0.0782302	0.178141	0.394373	0.149964	0.132568	2.77762	0.463181	3.16864
1100000	-26.69242	0	-26.69242	0.118592	0.0504157	0.214744	0.488658	0.124447	0.384614	2.25091	0.360781	0.170503
1110000	-20.017	0	-20.017	0.158713	0.0767643	0.152263	0.484295	0.117657	0.286292	1.91375	0.127333	0.738044
1120000	-19.84949	0	-19.84949	0.156254	0.200351	0.128997	0.420237	0.11641	0.181416	1.22889	0.241854	0.86198
1130000	-25.0266	0	-25.0266	0.133595	0.104109	0.172702	0.182556	0.145237	0.156579	3.25261	1.04109	0.80496
1140000	-19.42441	0	-19.42441	0.108638	0.112348	0.211868	0.251743	0.0999139	0.0315254	2.41285	0.717428	2.62447
1150000	-20.71604	0	-20.71604	0.183381	0.144002	0.216003	0.303333	0.0810256	0.0633279	2.7962	3.84051	0.475306
1160000	-12.38698	0	-12.38698	0.146372	0.120451	0.193474	0.404454	0.0785219	0.0777393	5.24283	1.23242	0.289564
1170000	-14.77998	0	-14.77998	0.224565	0.102831	0.100955	0.306647	0.089036	0.132629	6.07893	1.17962	1.22574
1180000	-21.32148	0	-21.32148	0.108234	0.124438	0.245024	0.315439	0.190409	0.247484	3.48701	1.03223	1.67202
1190000	-30.03021	0	-30.03021	0.202286	0.0665813	0.3009	0.270567	0.265458	0.166657	2.41796	1.08591	0.82579
1200000	-15.64508	0	-15.64508	0.239026	0.16106	0.181145	0.248087	0.0842434	0.147947	3.51214	0.523897	0.717723
1210000	-27.26454	0	-27.26454	0.218864	0.147379	0.2605	0.217856	0.101939	0.144788	1.15277	0.392277	1.00241
1220000	-17.402	0	-17.402	0.158846	0.166701	0.234021	0.337919	0.140103	0.214288	4.92779	1.13285	0.757024
1230000	-19.12763	0	-19.12763	0.117162	0.129757	0.108637	0.147875	0.0872564	0.0793988	4.35637	2.84311	0.173145
1240000	-24.21946	0	-24.21946	0.110956	0.202907	0.204872	0.587993	0.0573679	0.0690872	1.77891	0.196555	0.143364
1250000	-19.94363	0	-19.94363	0.151289	0.112341	0.254696	0.281017	0.157072	0.22525	3.39565	1.93502	0.378921
1260000	-15.82242	0	-15.82242	0.178098	0.111284	0.168356	0.600198	0.108456	0.130219	3.83775	1.55324	1.8266
1270000	-16.206	0	-16.206	0.163648	0.0773785	0.159499	0.315653	0.112322	0.0585779	2.33964	1.30003	0.219645
1280000	-20.40616	0	-20.40616	0.122175	0.14182	0.158628	0.179282	0.0489216	0.0724717	7.89089	0.191061	1.09295
1290000	-19.29046	0	-19.29046	0.260697	0.106881	0.114513	0.316482	0.0438576	0.132823	3.35356	1.74938	1.01565
1300000	-16.87314	0	-16.87314	0.199272	0.199565	0.233688	0.106236	0.136137	0.1523	7.34525	1.12203	0.276364
1310000	-23.56496	0	-23.56496	0.112965	0.231525	0.481127	0.47225	0.212466	0.148932	5.96384	0.101235	1.60364
1320000	-23.91444	0	-23.91444	0.244933	0.0955327	0.125815	0.243023	0.0892059	0.0841478	3.45556	0.982278	0.296565
1330000	-29.68054	0	-29.68054	0.189869	0.158248	0.235385	0.149218	0.295119	0.0987988	2.32787	0.15407	0.413514
1340000	-14.29337	0	-14.29337	0.0965961	0.0881989	0.179342	0.295206	0.127772	0.103288	6.07563	0.282739	0.172747
1350000	-10.87987	0	-10.87987	0.236911	0.125139	0.21036	0.446259	0.107687	0.0653251	5.50506	1.67823	0.934657
1360000	-24.77589	0	-24.77589	0.299763	0.153744	0.18928	0.251115	0.180957	0.116024	2.09292	1.79278	0.428844
1370000	-21.07552	0	-21.07552	0.141196	0.105236	0.428266	0.416939	0.321053	0.0836365	3.35553	2.49894	0.672878
1380000	-19.45018	0	-19.45018	0.203892	0.0633781	0.211386	0.343301	0.0841531	0.057906	2.22633	0.131882	0.284313
1390000	-20.43267	0	-20.43267	0.25164	0.103655	0.19111	0.265524	0.165522	0.303056	2.92596	1.09658	0.556515
1400000	-20.45681	0	-20.45681	0.174388	0.202609	0.218613	0.311925	0.15286	0.0946375	1.4417	0.292303	0.859893
1410000	-19.44769	0	-19.44769	0.1114	0.0544439	0.16212	0.233776	0.0595053	0.201413	4.25835	0.419472	0.277295
1420000	-19.05825	0	-19.05825	0.171053	0.110861	0.137035	0.272482	0.141175	0.0444537	1.34883	1.60598	0.646624
1430000	-18.93771	0	-18.93771	0.369018	0.096978	0.277721	0.199333	0.0896182	0.168644	2.95787	0.397007	0.428783
1440000	-20.60596	0	-20.60596	0.18194	0.134504	0.230843	0.375456	0.0464725	0.0596742	3.48249	0.840712	0.621295
1450000	-25.57448	0	-25.57448	0.248617	0.127823	0.313789	0.431844	0.221052	0.103175	4.22536	1.29055	0.475898
1460000	-18.25338	0	-18.25338	0.123423	0.188723	0.146941	0.472989	0.0750623	0.0529212	2.96132	0.26674	0.557931
1470000	-14.28049	0	-14.28049	0.143179	0.154043	0.210206	0.259605	0.162124	0.0870024	2.17185	0.979793	1.74766
1480000	-19.83364	0	-19.83364	0.131423	0.0890657	0.164593	0.250811	0.0834142	0.0973502	1.62602	0.443371	1.42364
1490000	-16.31012	0	-16.31012	0.273613	0.0856161	0.174246	0.268457	0.104786	0.086136	2.36334	0.709241	1.49903
1500000	-21.50514	0	-21.50514	0.0916557	0.094251	0.190455	0.482126	0.163006	0.132555	1.99515	2.5587	0.546105
1510000	-23.41113	0	-23.41113	0.129515	0.127431	0.108882	0.294062	0.107221	0.105269	7.26513	2.75669	0.152996
1520000	-29.67868	0	-29.67868	0.283187	0.115355	0.12588	0.361157	0.185105	0.0814336	2.62085	3.21671	0.248783
1530000	-10.55521	0	-10.55521	0.199816	0.0912036	0.109128	0.323162	0.0784635	0.0662283	4.2449	2.15991	0.921751
1540000	-21.41206	0	-21.41206	0.131616	0.324479	0.333641	0.182567	0.271602	0.0610759	3.38693	0.646532	1.14583
1550000	-17.76608	0	-17.76608	0.362899	0.11146	0.261459	0.240832	0.0575796	0.0724517	4.42649	0.523738	1.20232
1560000	-16.42253	0	-16.42253	0.196085	0.0503895	0.387944	0.199439	0.0633573	0.17958	2.56717	1.5896	1.60802
1570000	-19.22227	0	-19.22227	0.138221	0.121452	0.275916	0.320677	0.233122	0.181616	1.32572	0.156721	1.55719
1580000	-13.07657	0	-13.07657	0.0967321	0.119515	0.18251	0.190304	0.150142	0.175775	5.5681	2.39831	0.770931
1590000	-24.48952	0	-24.48952	0.106864	0.239562	0.304441	0.253551	0.0728353	0.154737	3.76243	4.09465	1.80969
1600000	-18.92122	0	-18.92122	0.25211	0.172066	0.291727	0.367614	0.28169	0.103086	2.94483	1.12587	0.427734
1610000	-15.82977	0	-15.82977	0.0860697	0.144815	0.1839	0.279707	0.101688	0.207305	3.27548	0.389685	0.506789
1620000	-13.57286	0	-13.57286	0.106357	0.0805346	0.103306	0.259297	0.0953061	0.180054	3.71098	1.78598	1.27995
1630000	-23.87076	0	-23.87076	0.15093	0.0467579	0.330999	0.325193	0.106709	0.0544041	2.32085	2.27873	0.635546
1640000	-21.68283	0	-21.68283	0.109444	0.210055	0.256675	0.459418	0.0478989	0.233713	5.01393	1.23005	0.421013
1650000	-18.82757	0	-18.82757	0.205019	0.106139	0.133502	0.241512	0.0911786	0.220419	3.90891	0.12988	0.49744
1660000	-22.74349	0	-22.74349	0.184995	0.0781783	0.226287	0.381813	0.0365601	0.194502	1.03931	1.90068	1.17457
1670000	-22.84772	0	-22.84772	0.491678	0.089655	0.153442	0.445608	0.109012	0.0754041	1.57422	0.784563	0.242669
1680000	-18.84689	0	-18.84689	0.266126	0.0923239	0.154525	0.400487	0.231383	0.153086	3.73079	0.925111	2.00223
1690000	-17.27603	0	-17.27603	0.193117	0.129416	0.246405	0.146172	0.192298	0.0844378	7.46152	0.704127	0.637437
1700000	-16.60113	0	-16.60113	0.155507	0.184826	0.229806	0.193019	0.13656	0.121837	2.86416	0.893446	0.20048
1710000	-15.7806	0	-15.7806	0.124827	0.0799274	0.143829	0.428076	0.120554	0.087896	2.36928	1.09471	0.800659
1720000	-18.13149	0	-18.13149	0.0864734	0.148686	0.260962	0.246279	0.120774	0.134038	5.05032	0.852436	0.578303
1730000	-17.20513	0	-17.20513	0.209192	0.0805672	0.196555	0.336977	0.110044	0.119096	3.27014	0.38807	0.221341
1740000	-18.00662	0	-18.00662	0.208243	0.0635424	0.200614	0.260431	0.0859838	0.234028	2.19009	0.492669	0.330581
1750000	-18.60453	0	-18.60453	0.181123	0.238051	0.122126	0.489132	0.103493	0.148538	5.15498	0.724744	0.173445
1760000	-19.04441	0	-19.04441	0.188635	0.214986	0.186796	0.20322	0.0472075	0.425685	6.84608	1.2604	0.819483
1770000	-18.83583	0	-18.83583	0.166738	0.289081	0.343946	0.264837	0.115099	0.0638468	3.8655	0.626642	0.538652
1780000	-17.04509	0	-17.04509	0.147262	0.151313	0.301165	0.253429	0.15144	0.0573095	5.79101	0.355962	0.98016
1790000	-24.10002	0	-24.10002	0.146198	0.0701123	0.230792	0.253647	0.0966154	0.0911134	1.68805	0.592455	0.0738823
1800000	-19.64224	0	-19.64224	0.250576	0.126283	0.127338	0.255158	0.117842	0.125968	2.80196	1.09123	0.932827
1810000	-22.06715	0	-22.06715	0.0786242	0.0943529	0.267137	0.180652	0.0823581	0.17463	1.97221	0.324829	0.870849
1820000	-30.11603	0	-30.11603	0.0871262	0.149294	0.116701	0.30449	0.296816	0.147816	0.684535	6.62418	1.02289
1830000	-24.06624	0	-24.06624	0.176287	0.174385	0.526747	0.378767	0.25091	0.11518	1.79251	2.32571	0.331901
1840000	-18.96482	0	-18.96482	0.0597132	0.149973	0.18736	0.282376	0.152331	0.137821	3.10061	0.696894	1.33917
1850000	-17.16266	0	-17.16266	0.193894	0.158591	0.139978	0.510779	0.0771967	0.206664	1.91724	0.961648	1.8908
1860000	-25.96616	0	-25.96616	0.101641	0.05825	0.138132	0.176006	0.0841883	0.150552	3.13486	0.988236	0.0513985
1870000	-22.7319	0	-22.7319	0.189542	0.119931	0.275656	0.239434	0.0970523	0.0801051	1.47752	3.41289	2.14932
1880000	-11.9759	0	-11.9759	0.142258	0.109609	0.281579	0.188718	0.06735	0.0397569	5.21696	0.371245	1.06101
1890000	-24.37717	0	-24.37717	0.0924914	0.188815	0.518575	0.253732	0.0949913	0.161181	2.78124	0.542426	0.507743
1900000	-20.22897	0	-20.22897	0.105084	0.344402	0.139559	0.470393	0.11016	0.0647682	4.24723	3.60484	0.521955
1910000	-20.76024	0	-20.76024	0.141141	0.171087	0.205234	0.337757	0.225098	0.120159	2.17993	0.90047	0.663355
1920000	-18.68375	0	-18.68375	0.0642781	0.105437	0.289711	0.230662	0.114034	0.0932952	3.27146	0.666316	0.978184
1930000	-27.22154	0	-27.22154	0.141039	0.233692	0.120567	0.252696	0.100818	0.178649	2.53081	1.70812	0.827695
1940000	-18.35798	0	-18.35798	0.187668	0.199164	0.185663	0.437535	0.074241	0.169803	2.92986	1.85293	0.690323
1950000	-15.86726	0	-15.86726	0.173735	0.186619	0.144526	0.291327	0.0568532	0.0936842	2.96649	1.62074	0.977599
1960000	-20.03721	0	-20.03721	0.0850637	0.142593	0.195278	0.745907	0.0801819	0.0634987	4.3352	0.989927	0.226823
1970000	-20.00673	0	-20.00673	0.188429	0.0994079	0.564056	0.327645	0.198356	0.141812	3.19921	0.0544687	0.517162
1980000	-25.64282	0	-25.64282	0.104534	0.245196	0.0802368	0.451368	0.203042	0.113655	2.81256	0.379561	0.0664058
1990000	-19.54708	0	-19.54708	0.0778745	0.0524991	0.22561	0.318089	0.0973594	0.198761	3.52085	3.14369	0.283351
2000000	-22.96015	0	-22.96015	0.0964151	0.191099	0.367906	0.507843	0.106998	0.0592409	2.88249	3.60395	0.937265
2010000	-23.05586	0	-23.05586	0.106852	0.0571538	0.229466	0.297624	0.0273465	0.111088	2.47674	0.433071	0.535004
2020000	-15.87166	0	-15.87166	0.173289	0.349187	0.329729	0.278539	0.114456	0.0743845	3.80088	1.72039	1.75397
2030000	-15.7875	0	-15.7875	0.226575	0.218831	0.225731	0.196084	0.0565103	0.0801553	3.21614	0.908573	0.375635
2040000	-12.09289	0	-12.09289	0.122409	0.101862	0.221783	0.297777	0.093529	0.0978669	4.75823	1.88831	0.75507
2050000	-18.66238	0	-18.66238	0.233501	0.0425435	0.0681458	0.232121	0.0948108	0.132356	4.31313	3.61928	0.828129
2060000	-15.30832	0	-15.30832	0.213429	0.0928622	0.246291	0.411748	0.117978	0.130352	9.15953	0.413103	0.155702
2070000	-16.63238	0	-16.63238	0.197432	0.111879	0.25424	0.247228	0.177029	0.0728017	3.60918	0.45265	0.870309
2080000	-23.93619	0	-23.93619	0.0988631	0.17538	0.415867	0.602615	0.29244	0.0935581	4.02103	0.721888	0.881601
2090000	-20.22201	0	-20.22201	0.0987569	0.281068	0.221733	0.233387	0.119035	0.0965928	2.60608	0.123661	0.228772
2100000	-20.36646	0	-20.36646	0.329846	0.0994456	0.144626	0.219132	0.142035	0.295171	2.34669	0.251845	0.464462
2110000	-16.94331	0	-16.94331	0.141375	0.173289	0.146776	0.151156	0.0880065	0.128046	3.27182	2.25452	0.633486
2120000	-14.91218	0	-14.91218	0.111407	0.0651487	0.203685	0.363605	0.0606192	0.0547061	3.70617	1.13847	1.00965
2130000	-16.6322	0	-16.6322	0.145165	0.219768	0.286332	0.360376	0.0388331	0.0525746	3.72345	1.03768	0.615171
2140000	-25.23831	0	-25.23831	0.138092	0.266439	0.193075	0.133015	0.165793	0.0826488	3.9773	6.70601	0.346513
2150000	-19.07527	0	-19.07527	0.0734532	0.297337	0.211637	0.620339	0.0940997	0.136973	5.78731	0.709416	0.328533
2160000	-21.86663	0	-21.86663	0.208936	0.190978	0.288749	0.438266	0.0904941	0.0778183	3.35823	0.48881	0.543523
2170000	-23.39154	0	-23.39154	0.0660876	0.126052	0.136607	0.211667	0.0952745	0.0431246	1.67826	0.609184	0.237211
2180000	-22.15956	0	-22.15956	0.141749	0.16439	0.194327	0.465742	0.140609	0.132096	3.26766	0.689611	0.20058
2190000	-25.28194	0	-25.28194	0.249504	0.087895	0.192953	0.324125	0.133499	0.159471	3.21679	0.149124	0.16612
2200000	-15.74205	0	-15.74205	0.158409	0.112365	0.123802	0.404088	0.168226	0.146511	5.48805	1.91703	2.28419
2210000	-20.11893	0	-20.11893	0.064101	0.156226	0.122437	0.452909	0.133862	0.0838306	5.3125	3.19434	0.685344
2220000	-26.79065	0	-26.79065	0.10638	0.127191	0.102304	0.361689	0.0754449	0.1521	4.95948	1.35916	0.341846
2230000	-21.14772	0	-21.14772	0.102519	0.166181	0.223259	0.57821	0.114517	0.0828859	7.99809	2.67041	0.116181
2240000	-18.75699	0	-18.75699	0.104354	0.0419568	0.241897	0.2323	0.183567	0.0974945	4.05086	0.735224	0.818056
2250000	-13.07802	0	-13.07802	0.17719	0.13618	0.183006	0.321625	0.141651	0.0953186	6.72407	1.57458	2.94892
2260000	-24.36403	0	-24.36403	0.145468	0.143755	0.399656	0.247797	0.146543	0.203846	1.39124	0.116088	4.8154
2270000	-16.33317	0	-16.33317	0.0472703	0.129403	0.133891	0.218684	0.140151	0.0680623	3.03799	0.427454	3.34431
2280000	-20.23957	0	-20.23957	0.136969	0.128016	0.300959	0.415575	0.0666726	0.31268	2.44492	1.41778	2.48505
2290000	-23.6867	0	-23.6867	0.123613	0.266765	0.380928	0.395689	0.150127	0.208048	4.70662	0.658932	1.21619
2300000	-18.47897	0	-18.47897	0.224036	0.189628	0.179576	0.537933	0.193994	0.0821683	5.69397	0.569831	0.56714
2310000	-23.89425	0	-23.89425	0.366329	0.25356	0.170316	0.431298	0.120649	0.117269	2.17837	1.41167	0.156392
2320000	-17.17241	0	-17.17241	0.167382	0.197661	0.125106	0.26332	0.0834844	0.105344	4.39858	1.91921	0.221587
2330000	-22.37728	0	-22.37728	0.188992	0.119664	0.0886244	0.275668	0.15513	0.196722	5.10418	0.184915	1.79636
2340000	-28.0073	0	-28.0073	0.1949	0.114028	0.127244	0.213276	0.16256	0.0659266	2.40672	2.36881	0.735248
2350000	-20.92503	0	-20.92503	0.109064	0.107654	0.172122	0.273951	0.136492	0.0743762	3.31521	0.380651	1.82853
2360000	-22.46852	0	-22.46852	0.110155	0.17263	0.340368	0.164578	0.102872	0.0516929	3.77862	1.85965	0.416384
2370000	-20.67965	0	-20.67965	0.140371	0.0753147	0.190235	0.276353	0.178935	0.0978128	3.68356	1.0749	0.336088
2380000	-26.366	0	-26.366	0.11091	0.0751464	0.302916	0.301301	0.136335	0.221142	4.24835	0.595629	1.01473
2390000	-14.63061	0	-14.63061	0.104444	0.193321	0.328589	0.525911	0.22894	0.0717754	2.90699	0.873574	1.66923
2400000	-22.65965	0	-22.65965	0.189747	0.18876	0.438793	0.264509	0.0753694	0.224842	2.83117	0.415968	0.0585612
2410000	-14.92538	0	-14.92538	0.125053	0.227575	0.343044	0.192535	0.147144	0.109662	3.08995	0.565217	1.36069
2420000	-15.33922	0	-15.33922	0.0432883	0.253651	0.268935	0.275563	0.0398615	0.0992061	3.967	0.284984	2.14312
2430000	-16.7245	0	-16.7245	0.251355	0.0890035	0.142863	0.344471	0.221747	0.151121	6.20237	0.369388	0.101903
2440000	-13.27654	0	-13.27654	0.0865789	0.0655507	0.234734	0.338402	0.0754252	0.0735219	3.12513	0.7555	1.214
2450000	-21.39137	0	-21.39137	0.0915704	0.0779264	0.242796	0.20851	0.158985	0.0634696	2.75644	0.453679	1.84468
2460000	-15.96957	0	-15.96957	0.212754	0.176796	0.347027	0.385407	0.0394898	0.126386	3.48895	2.53741	1.15696
2470000	-18.61322	0	-18.61322	0.265593	0.155799	0.250792	0.297064	0.168263	0.0705138	4.27302	1.65685	0.454145
2480000	-24.47332	0	-24.47332	0.143103	0.221213	0.231219	0.32592	0.0997632	0.16634	5.15758	7.15834	0.116662
2490000	-24.4276	0	-24.4276	0.176933	0.110336	0.219465	0.151201	0.127417	0.0661145	1.89273	0.303817	0.221143
2500000	-17.18079	0	-17.18079	0.121039	0.0901538	0.193385	0.209823	0.147096	0.120043	2.69385	0.61191	0.632262
2510000	-16.37964	0	-16.37964	0.110564	0.106535	0.266162	0.270142	0.0364192	0.0590463	5.102	0.821897	0.396873
2520000	-15.49483	0	-15.49483	0.0875025	0.09267	0.590052	0.285119	0.196039	0.101172	3.41855	0.507082	0.393269
2530000	-16.6959	0	-16.6959	0.0771682	0.114086	0.253838	0.30236	0.0472796	0.190105	2.0701	1.56107	0.902665
2540000	-18.19215	0	-18.19215	0.214979	0.169526	0.248159	0.183836	0.193276	0.115465	7.17378	1.33677	1.39848
2550000	-20.32049	0	-20.32049	0.17021	0.115631	0.112815	0.29144	0.0698383	0.127697	1.4797	4.16825	1.19522
2560000	-23.97248	0	-23.97248	0.0611922	0.0943805	0.372483	0.24002	0.189304	0.304308	1.86814	0.214468	2.11312
2570000	-18.53782	0	-18.53782	0.138343	0.0871653	0.187634	0.339403	0.0799387	0.102097	2.74976	0.569273	0.199667
2580000	-15.01524	0	-15.01524	0.108879	0.146229	0.330942	0.709695	0.0683545	0.101886	5.89282	1.71018	0.951029
2590000	-16.14923	0	-16.14923	0.179517	0.142331	0.350519	0.2607	0.0740992	0.0577835	3.326	0.574429	0.768301
2600000	-21.14869	0	-21.14869	0.0878489	0.1928	0.229355	0.315073	0.176055	0.0589772	2.33677	1.13194	0.230821
2610000	-21.24199	0	-21.24199	0.102676	0.188171	0.17058	0.180434	0.202082	0.134827	2.08012	2.35094	1.3475
2620000	-23.66126	0	-23.66126	0.0886909	0.235535	0.726861	0.365474	0.0641008	0.187583	2.63481	3.4256	1.28581
2630000	-19.82339	0	-19.82339	0.126773	0.188285	0.212452	0.36806	0.0905859	0.111482	3.5394	0.724178	0.156541
2640000	-23.87759	0	-23.87759	0.101086	0.0957281	0.226568	0.124506	0.107858	0.125492	1.80292	0.891959	1.89539
2650000	-25.93039	0	-25.93039	0.205348	0.14044	0.311168	0.236527	0.0745912	0.191305	1.86403	1.11531	0.221945
2660000	-16.35476	0	-16.35476	0.0972821	0.158459	0.270529	0.333032	0.161594	0.142996	7.04414	0.403739	0.601338
2670000	-15.00184	0	-15.00184	0.150258	0.101318	0.211749	0.317218	0.0907184	0.133109	2.43171	1.06888	4.71434
2680000	-16.6178	0	-16.6178	0.145267	0.125546	0.286717	0.330216	0.0491892	0.12057	3.01844	0.601796	0.204841
2690000	-21.24926	0	-21.24926	0.217432	0.0855486	0.353964	0.380375	0.0417209	0.0376085	4.33974	0.852949	0.394109
2700000	-16.07853	0	-16.07853	0.211397	0.140482	0.152591	0.318672	0.0905209	0.0505022	2.07408	0.517823	1.22241
2710000	-24.76748	0	-24.76748	0.133565	0.134351	0.207401	0.190884	0.0338184	0.0846545	1.90823	1.23681	0.3924
2720000	-19.97193	0	-19.97193	0.150954	0.209036	0.255301	0.240219	0.0873427	0.129475	3.79178	0.558083	3.67857
2730000	-22.49809	0	-22.49809	0.145254	0.0414808	0.274603	0.265659	0.113882	0.0804183	3.53764	0.888407	1.57864
2740000	-21.71126	0	-21.71126	0.152288	0.470093	0.261355	0.202442	0.156824	0.0801921	4.82325	0.944377	0.237412
2750000	-25.83653	0	-25.83653	0.214099	0.182236	0.139127	0.352768	0.154083	0.132616	3.84452	1.55876	0.371625
2760000	-11.63914	0	-11.63914	0.155195	0.0719874	0.22546	0.272449	0.154379	0.0939741	3.29399	0.843138	1.65064
2770000	-16.18314	0	-16.18314	0.08253	0.0724909	0.132926	0.555336	0.114927	0.107029	4.31511	1.08632	1.18837
2780000	-27.48465	0	-27.48465	0.0767426	0.229907	0.170286	0.242281	0.0846755	0.193418	5.30546	1.57821	0.0400654
2790000	-14.43337	0	-14.43337	0.149095	0.097278	0.176781	0.238133	0.0733084	0.114069	2.66138	1.32908	0.858728
2800000	-24.32444	0	-24.32444	0.128198	0.117085	0.121878	0.165556	0.124125	0.102849	2.43658	1.53722	0.19563
2810000	-14.30515	0	-14.30515	0.0641515	0.0798686	0.260191	0.307097	0.0794308	0.097949	3.83118	3.61251	0.387919
2820000	-18.199	0	-18.199	0.135801	0.174788	0.25193	0.514126	0.208856	0.130536	5.90715	1.95199	0.406676
2830000	-24.14313	0	-24.14313	0.151906	0.183975	0.064197	0.386455	0.0759831	0.223927	2.22284	1.07108	0.16367
2840000	-21.12919	0	-21.12919	0.145866	0.0658657	0.27493	0.382153	0.106314	0.0669683	2.13748	0.995746	0.446401
2850000	-23.20652	0	-23.20652	0.21742	0.119533	0.132268	0.262394	0.0962968	0.066109	4.6086	0.822214	0.190233
2860000	-26.56924	0	-26.56924	0.160077	0.165255	0.356884	0.447039	0.234225	0.235297	2.56777	3.21997	0.51805
2870000	-11.20646	0	-11.20646	0.13993	0.14622	0.289768	0.28549	0.0756044	0.124107	3.85503	1.23104	0.894746
2880000	-33.07758	0	-33.07758	0.260495	0.0942822	0.260715	0.537444	0.237388	0.131739	0.965292	0.0978297	0.111697
2890000	-15.29877	0	-15.29877	0.0639284	0.152501	0.17209	0.237748	0.121772	0.114714	3.31257	4.17715	2.90587
2900000	-28.33575	0	-28.33575	0.182171	0.103353	0.16012	0.460053	0.096143	0.281927	3.34722	1.45626	0.454654
2910000	-15.08902	0	-15.08902	0.304919	0.0641332	0.146941	0.358171	0.0774428	0.072533	1.6462	0.294192	1.39238
2920000	-17.24322	0	-17.24322	0.0533893	0.189952	0.177819	0.225622	0.0991322	0.17911	2.80985	1.3424	0.248938
2930000	-24.96912	0	-24.96912	0.137761	0.0734158	0.405464	0.295301	0.166459	0.22028	1.01837	1.7172	2.76741
2940000	-21.77205	0	-21.77205	0.107491	0.158631	0.262974	0.249105	0.135994	0.19801	2.80317	2.02551	1.6734
2950000	-21.83708	0	-21.83708	0.101966	0.214246	0.103105	0.226514	0.189026	0.0924465	2.83292	0.305151	0.113882
2960000	-19.24286	0	-19.24286	0.175884	0.149703	0.28076	0.243971	0.109316	0.0563475	4.17693	2.0039	0.181833
2970000	-15.40021	0	-15.40021	0.079393	0.0777063	0.18005	0.289455	0.121337	0.154015	2.26881	3.14204	2.21967
2980000	-16.993	0	-16.993	0.114809	0.0939017	0.253735	0.160422	0.181476	0.231623	2.49126	2.34386	3.17636
2990000	-26.3914	0	-26.3914	0.118403	0.0917686	0.281445	0.251259	0.0579646	0.0761082	0.942697	0.212709	0.817383
3000000	-19.61327	0	-19.61327	0.100051	0.190469	0.183782	0.180555	0.102849	0.0625592	1.54778	0.512998	0.444687
3010000	-18.93613	0	-18.93613	0.213186	0.0715079	0.199101	0.441983	0.165637	0.0838002	2.28928	0.471094	0.226482
3020000	-20.89954	0	-20.89954	0.191241	0.242761	0.249261	0.258639	0.100373	0.0535859	3.08944	0.477875	0.600542
3030000	-22.86595	0	-22.86595	0.196885	0.315624	0.0975496	0.374911	0.172046	0.0819822	3.03014	1.20906	1.51579
3040000	-20.92173	0	-20.92173	0.27582	0.186999	0.184245	0.18245	0.0823756	0.0915175	1.49076	2.36665	0.20704
3050000	-21.38705	0	-21.38705	0.156852	0.0802419	0.186608	0.275335	0.0380111	0.061593	4.27146	0.426858	0.177006
3060000	-16.71846	0	-16.71846	0.140069	0.28516	0.178724	0.406292	0.133224	0.242979	3.23907	0.756629	3.25005
3070000	-14.52862	0	-14.52862	0.0775687	0.103381	0.327665	0.390845	0.109684	0.156219	3.11044	0.939161	0.327399
3080000	-25.68458	0	-25.68458	0.158499	0.0779865	0.266322	0.128985	0.14413	0.0938957	2.25336	0.202752	1.47871
3090000	-15.32144	0	-15.32144	0.17432	0.196772	0.271476	0.339206	0.131046	0.0893896	2.17672	3.53477	0.54514
3100000	-18.09633	0	-18.09633	0.0767596	0.0997936	0.241138	0.32618	0.0527768	0.176611	4.56976	0.563689	1.31256
3110000	-16.53557	0	-16.53557	0.108267	0.261108	0.117254	0.314705	0.0860153	0.0692415	6.8296	0.220019	1.091
3120000	-28.35932	0	-28.35932	0.105439	0.170928	0.153542	0.222131	0.137804	0.107019	2.07074	0.464068	0.0133932
3130000	-20.81501	0	-20.81501	0.103577	0.226586	0.377889	0.209692	0.173663	0.0839352	3.67745	2.66565	2.02323
3140000	-15.73052	0	-15.73052	0.0890136	0.139394	0.162852	0.31291	0.079707	0.0883917	5.97634	1.90213	0.0822161
3150000	-16.20421	0	-16.20421	0.171169	0.137889	0.162945	0.460886	0.0603123	0.153522	6.35733	3.24758	0.921989
3160000	-19.69569	0	-19.69569	0.230316	0.115777	0.314296	0.200706	0.0572249	0.102922	0.843154	0.939375	0.682805
3170000	-16.77266	0	-16.77266	0.247142	0.182428	0.247317	0.397872	0.143279	0.0641769	2.21481	0.435797	0.92715
3180000	-21.55517	0	-21.55517	0.224812	0.0270073	0.491398	0.371184	0.11438	0.0989775	3.96793	1.31599	0.17848
3190000	-14.67236	0	-14.67236	0.298655	0.11788	0.131629	0.365232	0.157068	0.0695772	4.47472	2.97306	1.19755
3200000	-17.04307	0	-17.04307	0.216265	0.26148	0.402269	0.414197	0.0810685	0.121684	4.71236	0.578457	0.211194
3210000	-22.13532	0	-22.13532	0.181998	0.139439	0.395755	0.450268	0.0931565	0.134488	4.75432	1.96422	1.12764
3220000	-16.18281	0	-16.18281	0.146781	0.104516	0.142299	0.25797	0.132515	0.0570213	2.35257	0.88388	1.47753
3230000	-17.01015	0	-17.01015	0.18212	0.173863	0.25998	0.308721	0.118119	0.0806515	3.92907	0.149752	0.595123
3240000	-19.55383	0	-19.55383	0.239892	0.106951	0.164757	0.278991	0.067937	0.116043	5.03633	2.75701	0.79903
3250000	-24.06569	0	-24.06569	0.153326	0.106934	0.118855	0.598692	0.187795	0.119492	2.82631	1.99339	0.0481237
3260000	-18.55664	0	-18.55664	0.155404	0.0497169	0.422779	0.402506	0.0935407	0.200523	1.80964	0.74844	0.395617
3270000	-17.76945	0	-17.76945	0.184084	0.209375	0.211613	0.190798	0.0433393	0.0944243	2.56024	0.650002	0.582356
3280000	-25.22542	0	-25.22542	0.106441	0.264707	0.0670363	0.215937	0.0693721	0.0752583	1.80692	0.64551	0.746583
3290000	-13.32762	0	-13.32762	0.204304	0.240817	0.208787	0.395555	0.0843767	0.0927264	4.21715	1.17137	0.869701
3300000	-15.2411	0	-15.2411	0.112052	0.196904	0.154339	0.367066	0.0868285	0.0987837	2.16524	1.83475	0.840881
3310000	-15.5942	0	-15.5942	0.270917	0.140249	0.251417	0.328951	0.10593	0.150099	3.60915	0.429437	0.299605
3320000	-17.79166	0	-17.79166	0.111445	0.130768	0.150853	0.549993	0.201183	0.128979	4.41873	1.1547	0.337552
3330000	-25.53284	0	-25.53284	0.133784	0.259723	0.196993	0.439072	0.0967592	0.200385	4.73468	0.859118	0.0720386
3340000	-21.87879	0	-21.87879	0.127443	0.0619972	0.334554	0.184399	0.160888	0.140507	1.43439	4.56603	1.37702
3350000	-11.68925	0	-11.68925	0.117015	0.115338	0.204707	0.242609	0.0990306	0.104462	4.63763	2.11441	0.710787
3360000	-18.86648	0	-18.86648	0.199125	0.0710618	0.219668	0.592161	0.171303	0.177187	1.91295	0.935007	0.479715
3370000	-20.60198	0	-20.60198	0.120978	0.129942	0.0982056	0.184349	0.169199	0.143405	3.14452	0.748664	0.740398
3380000	-20.32323	0	-20.32323	0.136548	0.142503	0.140792	0.254826	0.178032	0.105544	4.55767	1.81894	0.105
3390000	-26.64184	0	-26.64184	0.178089	0.114974	0.286871	0.633973	0.0915602	0.0614286	3.6007	2.99203	0.756681
3400000	-21.00885	0	-21.00885	0.0783818	0.129239	0.152173	0.272777	0.0584875	0.193465	3.53551	1.35434	0.177931
3410000	-15.18125	0	-15.18125	0.143401	0.116478	0.11159	0.319826	0.123368	0.100391	6.21711	1.38397	0.465164
3420000	-26.19027	0	-26.19027	0.197942	0.136075	0.0739053	0.301338	0.155412	0.249873	1.13557	0.416384	0.768233
3430000	-19.45966	0	-19.45966	0.316587	0.0712928	0.123934	0.412296	0.0905488	0.0570652	4.46844	2.0763	4.71085
3440000	-14.7118	0	-14.7118	0.115703	0.164612	0.130546	0.230478	0.0865214	0.0511012	7.10651	0.837162	0.753409
3450000	-12.51007	0	-12.51007	0.0825618	0.158457	0.13711	0.381579	0.0820912	0.109273	3.09347	0.517425	0.827073
3460000	-20.28346	0	-20.28346	0.169848	0.14307	0.315405	0.342916	0.0660591	0.137337	2.08293	0.0558748	0.309543
3470000	-15.72436	0	-15.72436	0.0546085	0.0756402	0.257595	0.289109	0.0641343	0.148367	3.4419	1.188	1.82573
3480000	-19.28334	0	-19.28334	0.135267	0.127745	0.355527	0.227986	0.133304	0.128927	1.00413	0.172809	3.13976
3490000	-16.28976	0	-16.28976	0.0939335	0.104248	0.272284	0.343964	0.157176	0.0913769	4.03772	0.15075	2.45327
3500000	-17.03186	0	-17.03186	0.132114	0.21288	0.180502	0.388983	0.170378	0.12527	3.34477	0.804762	1.11167
3510000	-22.37449	0	-22.37449	0.222886	0.104345	0.202957	0.315682	0.0751266	0.081793	1.82478	0.388419	1.01065
3520000	-17.22471	0	-17.22471	0.122201	0.158819	0.0969404	0.232368	0.293636	0.0866595	4.41809	0.741265	0.316383
3530000	-13.67876	0	-13.67876	0.125246	0.115497	0.282972	0.260153	0.158312	0.093042	2.95837	0.499732	0.635186
3540000	-18.07971	0	-18.07971	0.0810399	0.195457	0.430675	0.314032	0.0872371	0.103684	2.28454	0.709563	1.54282
3550000	-15.62137	0	-15.62137	0.095915	0.111877	0.352272	0.361658	0.181277	0.24637	8.29528	0.222622	0.218749
3560000	-16.71207	0	-16.71207	0.152181	0.210321	0.254518	0.468743	0.0948949	0.0681662	2.25032	2.01196	0.923202
3570000	-23.58099	0	-23.58099	0.211011	0.26161	0.165077	0.51231	0.113273	0.140809	1.61619	0.72734	0.195818
3580000	-14.06346	0	-14.06346	0.0783877	0.137302	0.239355	0.57898	0.0914528	0.124822	11.3062	0.51477	1.39501
3590000	-22.68246	0	-22.68246	0.103776	0.213452	0.126616	0.175319	0.114098	0.190415	2.08972	1.31075	0.378765
3600000	-26.73861	0	-26.73861	0.294797	0.228246	0.174808	0.231373	0.0974017	0.186588	1.81797	0.71745	0.118507
3610000	-19.34948	0	-19.34948	0.113215	0.197823	0.248387	0.219358	0.133945	0.053786	4.86399	0.0217353	0.675274
3620000	-21.28918	0	-21.28918	0.122119	0.162223	0.157935	0.316797	0.0861737	0.0624519	1.59596	1.70972	3.10903
3630000	-14.50619	0	-14.50619	0.0813819	0.0704147	0.181048	0.412539	0.126943	0.213684	3.44815	0.694108	2.0039
3640000	-18.06734	0	-18.06734	0.119538	0.0887815	0.152753	0.330922	0.061384	0.0551892	2.5776	0.416356	0.45041
3650000	-13.05102	0	-13.05102	0.142192	0.11916	0.149901	0.324419	0.16178	0.143757	5.08179	2.60555	0.426313
3660000	-21.90956	0	-21.90956	0.107845	0.114073	0.0677677	0.438789	0.151725	0.24875	4.30262	0.874748	0.267799
3670000	-13.43531	0	-13.43531	0.225703	0.0958875	0.191383	0.364623	0.20957	0.152097	4.37498	0.840472	0.15481
3680000	-20.75302	0	-20.75302	0.210403	0.128831	0.161141	0.346404	0.0814902	0.152927	7.05659	5.91914	1.04224
3690000	-19.57697	0	-19.57697	0.250458	0.294385	0.159498	0.21994	0.13893	0.221645	4.46671	0.360583	0.665531
3700000	-18.2319	0	-18.2319	0.168704	0.171933	0.479959	0.388071	0.065693	0.10751	1.62899	0.736588	0.467044
3710000	-20.60856	0	-20.60856	0.188424	0.153051	0.27976	0.442188	0.0611605	0.277407	3.29508	1.17272	0.609872
3720000	-13.96713	0	-13.96713	0.0909874	0.121443	0.230467	0.415298	0.150554	0.100493	2.96179	0.548135	0.428872
3730000	-17.46242	0	-17.46242	0.152526	0.089119	0.216484	0.467626	0.154861	0.159514	2.0283	1.96134	1.03189
3740000	-24.21213	0	-24.21213	0.346614	0.10069	0.158925	0.194977	0.0568433	0.211523	3.26508	0.416429	0.665071
3750000	-18.97325	0	-18.97325	0.224585	0.250729	0.363431	0.493867	0.0503566	0.0877024	3.59388	3.20957	1.22072
3760000	-21.06438	0	-21.06438	0.136944	0.0926664	0.307448	0.270742	0.139389	0.143206	2.83613	0.437217	0.118039
3770000	-23.386	0	-23.386	0.12554	0.110423	0.298479	0.522786	0.109218	0.0940114	2.21117	1.83588	0.635971
3780000	-25.08821	0	-25.08821	0.103687	0.10192	0.261672	0.17906	0.18881	0.0362371	2.35035	1.23526	0.768845
3790000	-22.81919	0	-22.81919	0.134263	0.130875	0.247236	0.359364	0.25969	0.16929	2.34545	3.15509	0.673669
3800000	-23.08749	0	-23.08749	0.279898	0.119747	0.30299	0.242131	0.101492	0.122032	1.88674	5.59708	1.11659
3810000	-14.10004	0	-14.10004	0.203113	0.109344	0.231408	0.263509	0.167348	0.0783406	3.39029	0.748805	1.77691
3820000	-17.67055	0	-17.67055	0.102539	0.140694	0.23652	0.351177	0.0765963	0.174381	1.62676	3.27843	0.508717
3830000	-16.45049	0	-16.45049	0.135429	0.0933115	0.213199	0.373787	0.100742	0.248403	3.43787	0.448023	0.879421
3840000	-17.3024	0	-17.3024	0.0579697	0.169657	0.163221	0.379134	0.0937996	0.0704973	3.61981	0.241342	0.352972
3850000	-22.75176	0	-22.75176	0.115431	0.0671068	0.103568	0.396347	0.118994	0.105904	1.57362	0.146615	0.171429
3860000	-27.23911	0	-27.23911	0.1096	0.180945	0.177986	1.29771	0.120148	0.0844894	2.70929	0.748996	0.116502
3870000	-18.32223	0	-18.32223	0.0859647	0.177667	0.184534	0.167674	0.0839946	0.167344	4.02947	0.532053	0.824314
3880000	-16.62157	0	-16.62157	0.169969	0.099758	0.194857	0.310463	0.0906897	0.226369	5.63962	1.00501	0.532687
3890000	-19.93893	0	-19.93893	0.149089	0.0820846	0.324495	0.186223	0.168609	0.127205	1.87287	0.13914	0.104729
3900000	-23.01496	0	-23.01496	0.123642	0.256305	0.235463	0.151266	0.133023	0.110073	4.3729	0.197848	1.23788
3910000	-25.96346	0	-25.96346	0.254516	0.161159	0.385298	0.283096	0.0820673	0.119893	2.90599	0.45495	0.345377
3920000	-20.33054	0	-20.33054	0.245769	0.0609631	0.189408	0.416621	0.244284	0.143361	2.29828	0.158785	0.219828
3930000	-20.24467	0	-20.24467	0.128713	0.0719954	0.186553	0.149165	0.104962	0.263663	2.06393	1.82074	2.28725
3940000	-22.24106	0	-22.24106	0.124388	0.0741851	0.127696	0.48974	0.0676168	0.281978	5.63678	0.749362	1.02056
3950000	-16.6437	0	-16.6437	0.167293	0.12526	0.2406	0.236143	0.0703633	0.102082	2.41482	0.815826	0.784223
3960000	-16.74032	0	-16.74032	0.0351524	0.149067	0.168235	0.343904	0.141786	0.0841865	4.81533	1.02494	0.449981
3970000	-13.13596	0	-13.13596	0.0766935	0.076918	0.187911	0.288702	0.115489	0.151809	6.86918	0.283604	1.50514
3980000	-19.96121	0	-19.96121	0.0943581	0.129012	0.190313	0.250628	0.0953819	0.0518482	3.42927	0.24882	1.31131
3990000	-13.38965	0	-13.38965	0.111345	0.160638	0.402177	0.423776	0.0753204	0.119983	5.50373	4.56021	1.7717
4000000	-16.87058	0	-16.87058	0.112056	0.0557752	0.137148	0.303705	0.109551	0.10909	2.60343	0.132586	0.555523
4010000	-18.99572	0	-18.99572	0.167574	0.0962602	0.261	0.274078	0.107488	0.0640719	2.61851	0.644517	2.17277
4020000	-20.76264	0	-20.76264	0.264999	0.127306	0.154949	0.153505	0.104625	0.0653045	2.48345	0.216113	0.173833
4030000	-21.06068	0	-21.06068	0.131349	0.0759906	0.0864205	0.255225	0.117543	0.177326	6.10579	1.82106	0.171265
4040000	-16.83503	0	-16.83503	0.160574	0.260834	0.252708	0.1939	0.130941	0.0734335	3.04266	1.42749	1.74027
4050000	-18.99413	0	-18.99413	0.168194	0.173837	0.665334	0.498828	0.141427	0.181344	3.74343	0.412255	1.69005
4060000	-17.50095	0	-17.50095	0.0654609	0.15112	0.10331	0.223256	0.140564	0.0526937	2.50859	0.333569	0.33837
4070000	-20.73171	0	-20.73171	0.111826	0.129438	0.142867	0.289554	0.118312	0.133916	2.135	0.192876	0.2652
4080000	-12.49743	0	-12.49743	0.153421	0.124721	0.268299	0.296217	0.0859189	0.147365	3.8222	1.2094	0.881106
4090000	-18.11796	0	-18.11796	0.112394	0.111105	0.271224	0.286934	0.09129	0.115939	3.13755	0.852511	0.580207
4100000	-18.24975	0	-18.24975	0.161145	0.103729	0.301	0.549862	0.0958273	0.131255	6.82113	0.164938	0.272696
4110000	-21.56674	0	-21.56674	0.0832937	0.112904	0.44112	0.147533	0.100289	0.17977	2.60627	0.77031	0.496675
4120000	-27.48818	0	-27.48818	0.196828	0.183502	0.496868	0.313733	0.105358	0.278978	1.84137	2.6968	0.226084
4130000	-25.68054	0	-25.68054	0.216479	0.195609	0.360116	0.482907	0.25122	0.133398	4.86654	1.10203	1.27812
4140000	-23.05058	0	-23.05058	0.104633	0.295107	0.386888	0.288192	0.154914	0.119576	2.52603	3.84415	1.04967
4150000	-21.85963	0	-21.85963	0.234184	0.122312	0.155538	0.190114	0.0366069	0.141671	3.78068	1.43515	0.219993
4160000	-18.5885	0	-18.5885	0.112144	0.245699	0.296926	0.222981	0.0926769	0.120143	1.8848	0.699163	0.752166
4170000	-20.85153	0	-20.85153	0.087436	0.0838892	0.256601	0.200054	0.081564	0.120694	5.38452	0.468877	0.262225
4180000	-26.2952	0	-26.2952	0.0995849	0.151984	0.129005	0.563925	0.128174	0.0927745	2.86322	0.776809	0.153274
4190000	-18.41003	0	-18.41003	0.13746	0.114804	0.275046	0.437741	0.102092	0.0623052	4.13327	0.0453271	1.22118
4200000	-21.28177	0	-21.28177	0.0793109	0.108414	0.205028	0.363397	0.136934	0.135694	2.39714	0.148603	0.0552603
4210000	-23.3773	0	-23.3773	0.210921	0.108345	0.289997	0.31875	0.11153	0.0781678	2.61769	2.28165	0.584493
4220000	-19.77644	0	-19.77644	0.305732	0.147632	0.223534	0.224838	0.0996978	0.243336	3.07077	2.42943	0.40401
4230000	-17.90728	0	-17.90728	0.101192	0.118234	0.216082	0.276401	0.106499	0.0956944	3.01888	0.83667	0.941142
4240000	-24.01447	0	-24.01447	0.0587993	0.152762	0.314471	0.232036	0.108317	0.171426	5.7582	0.322461	0.0276841
4250000	-16.80808	0	-16.80808	0.225515	0.0877598	0.283875	0.223992	0.0719862	0.0655588	2.66274	0.523677	1.06404
4260000	-16.68912	0	-16.68912	0.120613	0.136603	0.207204	0.503172	0.199976	0.165595	3.17876	0.871966	0.336093
4270000	-15.06332	0	-15.06332	0.155663	0.118884	0.155294	0.658754	0.0884728	0.0773068	2.02818	0.752664	0.830949
4280000	-18.23221	0	-18.23221	0.150049	0.218545	0.206063	0.195363	0.0477299	0.0664193	3.26408	2.95822	1.03146
4290000	-15.86132	0	-15.86132	0.202575	0.090582	0.169111	0.422081	0.297664	0.16418	2.56052	1.11832	4.1155
4300000	-20.05612	0	-20.05612	0.136334	0.0827872	0.283922	0.356332	0.13913	0.107973	4.22821	0.723042	0.992044
4310000	-26.07385	0	-26.07385	0.111669	0.232542	0.158588	0.347825	0.0794275	0.0765507	2.08805	0.143419	0.416833
4320000	-18.12838	0	-18.12838	0.0871341	0.163965	0.0790341	0.0924495	0.203248	0.0822365	6.40669	0.30726	0.624405
4330000	-26.39564	0	-26.39564	0.193413	0.151732	0.181387	0.643734	0.213859	0.0968058	2.92598	0.783531	1.3597
4340000	-15.42591	0	-15.42591	0.0896612	0.128915	0.301205	0.287451	0.205856	0.0776372	2.6035	2.93578	2.28521
4350000	-14.4742	0	-14.4742	0.169765	0.0877601	0.249211	0.271649	0.0976327	0.0958136	6.73461	2.21782	3.23006
4360000	-20.83464	0	-20.83464	0.098646	0.20382	0.3274	0.369865	0.135759	0.0633972	3.24214	0.427861	0.797101
4370000	-21.7584	0	-21.7584	0.165869	0.255342	0.198079	0.331223	0.0742414	0.0994357	2.79419	1.68164	1.10851
4380000	-26.70453	0	-26.70453	0.0941315	0.0480437	0.241758	0.446819	0.0947566	0.15136	2.4283	0.169482	0.288694
4390000	-12.64295	0	-12.64295	0.147617	0.0881361	0.237905	0.251057	0.125107	0.10043	4.75512	0.101649	0.413305
4400000	-20.34059	0	-20.34059	0.211455	0.179529	0.18964	0.220125	0.188078	0.135148	3.44985	0.889778	0.656097
4410000	-18.96885	0	-18.96885	0.203056	0.0595508	0.163727	0.288481	0.069539	0.0727658	2.17431	0.465357	1.96567
4420000	-24.81248	0	-24.81248	0.128228	0.181075	0.36494	0.263944	0.142203	0.228432	3.11846	2.86504	0.291052
4430000	-14.71262	0	-14.71262	0.231711	0.108019	0.158668	0.693464	0.0747982	0.240029	7.68917	3.38577	0.956658
4440000	-19.10985	0	-19.10985	0.210146	0.117377	0.0796279	0.314565	0.0593641	0.124746	2.63851	2.78278	0.506435
4450000	-19.87761	0	-19.87761	0.163979	0.0762005	0.173939	0.340056	0.0873117	0.159662	4.07729	3.98713	4.01496
4460000	-28.44012	0	-28.44012	0.200935	0.30721	0.104521	0.301314	0.0868807	0.0942175	1.87964	1.8486	0.990529
4470000	-26.72255	0	-26.72255	0.162138	0.229981	0.122721	0.497403	0.0901092	0.119008	2.92174	1.22829	0.202488
4480000	-18.04866	0	-18.04866	0.126532	0.0437594	0.08998	0.383794	0.130148	0.133475	3.46819	0.370548	0.253979
4490000	-15.07539	0	-15.07539	0.0613854	0.0853082	0.183468	0.146234	0.0876346	0.151973	3.01526	0.540971	0.680393
4500000	-20.68502	0	-20.68502	0.245976	0.154061	0.218896	0.49864	0.128488	0.0687951	2.81304	1.31741	0.518471
4510000	-23.75395	0	-23.75395	0.151833	0.137744	0.308598	0.229488	0.173317	0.106076	4.74472	0.415904	0.174884
4520000	-23.36266	0	-23.36266	0.107769	0.212684	0.232809	0.0847854	0.0732921	0.0995096	1.8131	2.15722	1.25965
4530000	-21.92668	0	-21.92668	0.0816012	0.107595	0.174706	0.51865	0.0912236	0.250175	4.42804	0.783788	1.33199
4540000	-16.73821	0	-16.73821	0.264514	0.152821	0.274713	0.393831	0.147072	0.0729692	4.79328	0.948848	0.53517
4550000	-21.10667	0	-21.10667	0.195297	0.18195	0.222571	0.291627	0.116422	0.143471	2.04897	1.77026	0.636813
4560000	-18.74342	0	-18.74342	0.185471	0.0470621	0.34399	0.441925	0.113921	0.123706	3.67277	0.200882	0.670234
4570000	-19.34493	0	-19.34493	0.131135	0.184456	0.202581	0.46668	0.063482	0.0388355	1.96994	1.1082	0.107861
4580000	-16.90578	0	-16.90578	0.0889054	0.0484494	0.240777	0.261328	0.12649	0.094842	5.81171	1.15117	0.546921
4590000	-20.69565	0	-20.69565	0.113218	0.109037	0.369253	0.307274	0.109809	0.111558	3.70609	0.822315	0.141715
4600000	-25.55458	0	-25.55458	0.185949	0.139679	0.10317	0.511522	0.118216	0.112495	1.60135	0.430838	0.834113
4610000	-12.73342	0	-12.73342	0.142429	0.195825	0.378733	0.40157	0.0366038	0.0926876	4.22925	1.48216	1.07447
4620000	-18.64583	0	-18.64583	0.172301	0.0508438	0.353255	0.21702	0.0959212	0.117236	4.43853	0.518672	1.19259
4630000	-16.61358	0	-16.61358	0.179581	0.114715	0.0897648	0.172057	0.132637	0.0841995	4.06478	3.7076	0.570868
4640000	-19.30808	0	-19.30808	0.200169	0.0725812	0.191443	0.342787	0.0956864	0.0952279	4.61402	1.22814	0.527764
4650000	-21.38354	0	-21.38354	0.125461	0.140534	0.205486	0.181064	0.101407	0.080598	1.45779	0.826178	0.228013
4660000	-21.49896	0	-21.49896	0.0531006	0.11258	0.437737	0.23004	0.135587	0.108137	4.0168	0.227945	4.08506
4670000	-21.28703	0	-21.28703	0.14527	0.104716	0.0915496	0.178668	0.252998	0.0663026	3.41049	1.32082	1.88786
4680000	-16.42805	0	-16.42805	0.168635	0.238393	0.440369	0.181982	0.119597	0.0747171	8.15981	0.126791	1.23787
4690000	-20.90644	0	-20.90644	0.0807789	0.16199	0.118062	0.239279	0.140563	0.0451051	4.38279	3.40805	0.12111
4700000	-23.35935	0	-23.35935	0.109533	0.0921283	0.220769	0.303114	0.14274	0.0673209	3.13763	0.274402	0.0646942
4710000	-21.32433	0	-21.32433	0.190089	0.154152	0.156883	0.270009	0.0643163	0.130196	2.08159	0.206617	0.290928
4720000	-18.15449	0	-18.15449	0.167113	0.101526	0.213243	0.222751	0.126342	0.310284	2.28187	1.76547	2.4708
4730000	-16.49643	0	-16.49643	0.152004	0.136822	0.127818	0.319736	0.109932	0.0994675	2.44062	0.929539	0.209019
4740000	-32.53743	0	-32.53743	0.0709813	0.206078	0.179843	0.200628	0.0750978	0.132929	2.05144	2.16614	0.181303
4750000	-17.31016	0	-17.31016	0.148618	0.0986784	0.36037	0.211329	0.0384246	0.222675	2.08905	1.97835	0.879472
4760000	-16.6769	0	-16.6769	0.223061	0.106531	0.398743	0.216704	0.143274	0.136215	8.26649	1.55048	1.03454
4770000	-16.29481	0	-16.29481	0.230447	0.110126	0.233844	0.141535	0.0936094	0.0837088	4.91421	0.869007	0.810253
4780000	-16.70693	0	-16.70693	0.132195	0.154668	0.417171	0.286162	0.281534	0.155605	3.75516	1.86673	0.669298
4790000	-14.87059	0	-14.87059	0.0540141	0.123167	0.314652	0.326593	0.168511	0.0827242	3.1097	0.561575	3.15182
4800000	-22.03507	0	-22.03507	0.196707	0.0990072	0.134792	0.308291	0.06661	0.126295	2.16033	2.95664	0.349628
4810000	-19.35943	0	-19.35943	0.227196	0.122582	0.147008	0.312131	0.13095	0.146652	5.71905	1.89333	0.392866
4820000	-23.12076	0	-23.12076	0.229448	0.135136	0.257457	0.392548	0.194328	0.196035	2.75714	0.254534	0.447457
4830000	-16.91298	0	-16.91298	0.200044	0.126988	0.261331	0.142036	0.187357	0.136896	5.86681	0.866827	3.00842
4840000	-19.81067	0	-19.81067	0.182734	0.106647	0.134314	0.191341	0.131826	0.10118	4.5146	0.689119	1.29283
4850000	-14.55826	0	-14.55826	0.188766	0.159784	0.195408	0.293739	0.122629	0.0986422	2.72264	0.759385	0.783849
4860000	-24.33852	0	-24.33852	0.176836	0.152418	0.209176	0.267605	0.1934	0.0670894	2.26102	0.644814	0.263845
4870000	-16.45209	0	-16.45209	0.210837	0.0967218	0.171346	0.261724	0.206536	0.110711	2.68631	1.10061	0.571939
4880000	-18.20788	0	-18.20788	0.0732135	0.2708	0.159033	0.325215	0.0767869	0.169487	5.1403	0.204011	1.10517
4890000	-20.94851	0	-20.94851	0.251193	0.0960912	0.131912	0.178629	0.125162	0.11002	1.81353	0.755609	0.544359
4900000	-11.60489	0	-11.60489	0.0880727	0.106982	0.181094	0.339778	0.0771743	0.127415	4.74183	1.07883	3.45387
4910000	-24.55196	0	-24.55196	0.142392	0.194511	0.146336	0.499589	0.0450217	0.176208	0.904544	0.795647	3.23498
4920000	-23.40521	0	-23.40521	0.111051	0.102652	0.238856	0.368894	0.180655	0.244917	1.65379	2.23792	0.924256
4930000	-16.71396	0	-16.71396	0.177807	0.147816	0.143304	0.382639	0.120222	0.169927	3.90273	0.189352	0.630488
4940000	-18.76435	0	-18.76435	0.071585	0.205758	0.398194	0.276308	0.0617926	0.166208	2.65546	1.00877	0.510724
4950000	-15.28808	0	-15.28808	0.138173	0.10426	0.294817	0.24235	0.133249	0.0652311	6.82209	1.34236	1.01041
4960000	-23.28645	0	-23.28645	0.0656647	0.160599	0.115425	0.228688	0.105941	0.106658	2.29864	3.60792	0.0818573
4970000	-21.43552	0	-21.43552	0.152599	0.162054	0.26708	0.450054	0.184463	0.0683632	4.70143	0.233398	0.453723
4980000	-21.70848	0	-21.70848	0.101298	0.134008	0.185993	0.54494	0.0905276	0.156277	1.66475	0.901686	0.17291
4990000	-27.96672	0	-27.96672	0.185958	0.151123	0.128283	0.340487	0.0906699	0.101962	1.30008	0.188964	0.0931518
5000000	-14.7614	0	-14.7614	0.074363	0.0836817	0.29051	0.273418	0.177112	0.301191	4.20091	3.09972	1.33666
