Iteration	Posterior	Likelihood	Prior	lambda[1]	lambda[2]	lambda[3]	mu[1]	mu[2]	mu[3]	psi[1]	psi[2]	psi[3]
0	-42.32984	0	-42.32984	0.16784	0.243391	0.0809845	0.242745	0.171433	0.159995	1.9163	1.10906	1.6873
10000	-19.50302	0	-19.50302	0.114251	0.270633	0.425455	0.393682	0.142748	0.0633935	2.96492	2.81212	1.86088
20000	-26.3036	0	-26.3036	0.0523447	0.171658	0.1268	0.249916	0.133337	0.0815585	5.21176	0.447444	0.150988
30000	-17.51631	0	-17.51631	0.105333	0.281353	0.134851	0.205245	0.106938	0.170246	5.29805	1.70761	1.1103
40000	-19.88356	0	-19.88356	0.139134	0.223771	0.141643	0.395755	0.141979	0.0689055	4.56615	0.701271	0.82014
50000	-21.26842	0	-21.26842	0.0502089	0.452351	0.211236	0.241492	0.0670562	0.0912871	5.15964	1.0318	1.64074
60000	-21.82045	0	-21.82045	0.0730871	0.185964	0.341792	0.252872	0.111925	0.067005	1.67502	2.19957	0.039786
70000	-21.5903	0	-21.5903	0.123501	0.235112	0.195088	0.213977	0.174782	0.128854	2.72818	0.965828	0.0277613
80000	-26.23989	0	-26.23989	0.123176	0.0736359	0.328846	0.515178	0.16491	0.186076	3.02375	0.854892	0.0394514
90000	-18.90986	0	-18.90986	0.102544	0.237948	0.145795	0.288362	0.241987	0.173063	5.84191	3.57868	0.331315
100000	-30.36137	0	-30.36137	0.110998	0.349997	0.325993	0.399607	0.188095	0.111754	5.7627	1.05669	0.0943461
110000	-24.95052	0	-24.95052	0.147203	0.139358	0.603913	0.229493	0.163299	0.0771371	4.05047	0.567744	0.110563
120000	-28.95167	0	-28.95167	0.0904173	0.18962	0.139398	0.291687	0.0567438	0.0653038	2.49769	0.698707	0.0314514
130000	-19.71038	0	-19.71038	0.151068	0.199215	0.186067	0.348335	0.127283	0.0530936	3.17549	0.940887	0.27805
140000	-23.98521	0	-23.98521	0.134792	0.044836	0.298777	0.272125	0.0599697	0.140238	4.14287	1.77297	0.455808
150000	-26.38385	0	-26.38385	0.101648	0.17612	0.307007	0.236464	0.0766748	0.0623983	7.63732	1.53837	0.224616
160000	-20.83939	0	-20.83939	0.111394	0.0946593	0.138887	0.115161	0.117399	0.107012	4.05751	2.23385	0.0559655
170000	-18.9478	0	-18.9478	0.0934661	0.289793	0.105988	0.406366	0.156965	0.123137	5.26445	2.48072	0.714681
180000	-25.06367	0	-25.06367	0.0621465	0.167964	0.0834716	0.219249	0.167511	0.0856336	5.12567	1.46298	0.296506
190000	-18.74697	0	-18.74697	0.0586575	0.146949	0.12563	0.135781	0.221096	0.0812331	3.31252	2.78844	0.210146
200000	-32.06281	0	-32.06281	0.151316	0.173207	0.142623	0.171686	0.140676	0.0719534	6.08679	0.515152	0.0368554
210000	-30.32736	0	-30.32736	0.128756	0.17748	0.196753	0.165345	0.350314	0.0425928	3.53084	2.62024	0.0716515
220000	-26.59267	0	-26.59267	0.194129	0.138791	0.234345	0.263037	0.0909342	0.114474	2.78957	0.479715	0.015748
230000	-21.71447	0	-21.71447	0.104172	0.238697	0.182087	0.265724	0.141339	0.129245	2.48534	0.720087	0.120306
240000	-29.66501	0	-29.66501	0.0942226	0.510925	0.0798119	0.258959	0.123926	0.270729	2.60643	1.43218	0.172802
250000	-32.65804	0	-32.65804	0.0822748	0.140318	0.10496	0.139768	0.0828953	0.112509	5.64065	0.668354	0.0297394
260000	-28.94859	0	-28.94859	0.0862012	0.144009	0.134311	0.349677	0.195847	0.126073	7.12156	0.731951	0.00756491
270000	-24.87167	0	-24.87167	0.0927267	0.263417	0.112232	0.176703	0.175842	0.118411	3.95815	0.74135	0.0113672
280000	-26.7543	0	-26.7543	0.301807	0.397269	0.342927	0.671035	0.0692962	0.104597	2.52943	0.870276	0.341618
290000	-27.76182	0	-27.76182	0.0936195	0.314158	0.0530317	0.253239	0.345064	0.149297	3.98945	1.07052	0.0805672
300000	-23.62423	0	-23.62423	0.201677	0.17433	0.193191	0.318685	0.0472681	0.0712383	3.20259	0.73216	0.0944333
310000	-28.32208	0	-28.32208	0.0652758	0.158128	0.128902	0.241376	0.0725307	0.115893	5.0376	0.60094	0.0630546
320000	-18.98593	0	-18.98593	0.154126	0.174324	0.0865792	0.419843	0.102743	0.219731	3.78932	1.95019	0.0645001
330000	-19.87898	0	-19.87898	0.156505	0.0748315	0.395336	0.266317	0.0467334	0.192543	3.75804	1.54542	0.54143
340000	-38.19176	0	-38.19176	0.112287	0.0490087	0.122032	0.111546	0.3816	0.101401	3.13497	1.16931	0.218919
350000	-24.53112	0	-24.53112	0.114239	0.117351	0.291164	0.233006	0.127972	0.0980948	4.21815	1.88574	0.12392
360000	-21.4289	0	-21.4289	0.139195	0.267553	0.213532	0.311771	0.137534	0.224643	1.29271	2.33872	1.52497
370000	-26.90011	0	-26.90011	0.116784	0.223567	0.353946	0.233378	0.116458	0.173872	2.19741	1.42648	0.129116
380000	-22.51767	0	-22.51767	0.192251	0.0552445	0.367945	0.396984	0.0853434	0.209204	5.67449	1.24168	1.36865
390000	-21.69196	0	-21.69196	0.0496538	0.24194	0.158019	0.333648	0.0920426	0.185414	6.88018	0.805265	0.415491
400000	-23.84803	0	-23.84803	0.0589882	0.189385	0.245999	0.401122	0.212239	0.0680614	2.32811	0.834216	0.0643128
410000	-24.03203	0	-24.03203	0.135325	0.409993	0.314813	0.245942	0.116179	0.101932	3.32871	3.48228	2.00762
420000	-27.81889	0	-27.81889	0.0689639	0.109216	0.326801	0.207363	0.0834237	0.0719028	3.54021	1.30545	0.103672
430000	-20.96244	0	-20.96244	0.141984	0.138248	0.181593	0.295557	0.168798	0.13842	3.63015	0.975608	0.0992431
440000	-27.66394	0	-27.66394	0.276169	0.151385	0.341815	0.32238	0.339721	0.187202	5.31623	2.30228	1.76781
450000	-18.15399	0	-18.15399	0.137075	0.173169	0.260293	0.355342	0.184275	0.129215	6.06394	1.07268	0.120296
460000	-26.0152	0	-26.0152	0.0857361	0.111019	0.198232	0.233724	0.310102	0.211892	4.58497	1.38573	0.106022
470000	-21.63807	0	-21.63807	0.156069	0.146923	0.613421	0.26827	0.0744974	0.18959	4.50438	2.4283	0.602541
480000	-25.93583	0	-25.93583	0.13043	0.134606	0.0999562	0.209872	0.158912	0.0934303	3.79949	0.670082	0.0376229
490000	-17.43061	0	-17.43061	0.0890338	0.0901555	0.148409	0.320042	0.197993	0.0985876	4.68289	2.11141	0.515953
500000	-15.94741	0	-15.94741	0.0686339	0.380319	0.103622	0.170153	0.0901485	0.160765	2.94861	2.47159	1.69431
510000	-23.00124	0	-23.00124	0.104767	0.177865	0.185334	0.447853	0.0813029	0.0784717	3.7528	1.23654	0.119519
520000	-30.80568	0	-30.80568	0.0972831	0.116631	0.175094	0.281018	0.253301	0.102358	9.33456	0.59653	0.0101357
530000	-32.58765	0	-32.58765	0.105587	0.225222	0.161326	0.687364	0.308557	0.0620449	4.96429	0.558607	0.0288664
540000	-31.67232	0	-31.67232	0.114238	0.237937	0.148981	0.0962163	0.335602	0.0703942	4.60516	0.775996	0.107171
550000	-18.56236	0	-18.56236	0.106282	0.0922069	0.181499	0.182759	0.274164	0.0893815	2.46638	1.584	0.299878
560000	-30.36706	0	-30.36706	0.175377	0.0789274	0.235596	0.273733	0.119598	0.269811	3.41041	1.84308	0.483637
570000	-31.75404	0	-31.75404	0.142366	0.138372	0.373169	0.580851	0.117025	0.131964	2.79002	0.308482	0.0776033
580000	-17.84863	0	-17.84863	0.135715	0.0841969	0.108823	0.262132	0.11119	0.0718163	3.94433	2.54209	0.111935
590000	-31.19927	0	-31.19927	0.226892	0.17923	0.376777	0.405927	0.13037	0.111507	2.8822	1.64144	0.587588
600000	-21.41781	0	-21.41781	0.0648736	0.309656	0.308449	0.358554	0.106452	0.0926876	3.62915	1.00939	0.310483
610000	-19.32925	0	-19.32925	0.114478	0.141518	0.35277	0.433679	0.119986	0.158431	2.7512	0.941393	0.2027
620000	-31.89275	0	-31.89275	0.0540066	0.0827764	0.523028	0.226678	0.280231	0.17098	6.13708	1.05355	0.108195
630000	-31.40895	0	-31.40895	0.0882117	0.186547	0.141725	0.333211	0.179822	0.126574	2.48406	0.482695	0.00551795
640000	-22.10193	0	-22.10193	0.0712892	0.117303	0.221709	0.276377	0.193116	0.201723	3.30598	1.12085	0.33805
650000	-22.18899	0	-22.18899	0.137675	0.197156	0.383194	0.362556	0.0900168	0.116263	3.97302	1.38025	0.346667
660000	-26.45944	0	-26.45944	0.0897875	0.210293	0.253692	0.207225	0.082633	0.251075	2.21969	0.756388	0.192551
670000	-22.37698	0	-22.37698	0.110462	0.227481	0.0968875	0.642365	0.180174	0.0934489	4.54235	1.41971	0.0443943
680000	-19.05032	0	-19.05032	0.0997843	0.377148	0.180736	0.47697	0.0953365	0.201271	2.88955	2.67803	0.25142
690000	-28.43074	0	-28.43074	0.184225	0.29251	0.315533	0.166041	0.0900312	0.182832	1.07326	1.02199	0.0592094
700000	-25.30904	0	-25.30904	0.101744	0.0437886	0.161449	0.228204	0.135271	0.0796183	4.81015	1.00275	0.268561
710000	-28.68596	0	-28.68596	0.0727839	0.0818687	0.317234	0.643029	0.136358	0.231531	4.88002	1.88507	0.0181938
720000	-17.24453	0	-17.24453	0.130442	0.197119	0.134744	0.185109	0.288255	0.185197	3.61128	3.3628	1.09507
730000	-14.73681	0	-14.73681	0.0600007	0.131768	0.205025	0.462805	0.138802	0.090402	4.43975	2.95871	0.84134
740000	-33.93459	0	-33.93459	0.110042	0.148523	0.147361	0.227113	0.191537	0.104882	2.52683	0.570786	0.0262156
750000	-18.30482	0	-18.30482	0.105799	0.209699	0.2195	0.389384	0.167216	0.0863291	4.01273	1.17396	2.24135
760000	-20.45451	0	-20.45451	0.0855926	0.226278	0.202799	0.468734	0.163523	0.0895153	1.91828	1.08143	0.212417
770000	-29.81797	0	-29.81797	0.0810305	0.226369	0.149626	0.305551	0.0611055	0.104316	5.98187	1.10192	0.0889228
780000	-22.41313	0	-22.41313	0.123987	0.400063	0.23288	0.476836	0.129925	0.0894123	0.953548	1.54688	1.18743
790000	-30.3236	0	-30.3236	0.145904	0.145091	0.595515	0.891179	0.0809373	0.184586	1.70578	1.36009	0.413855
800000	-20.00309	0	-20.00309	0.181038	0.422832	0.178428	0.259086	0.194535	0.179035	2.90654	1.9767	1.14908
810000	-20.43583	0	-20.43583	0.0719197	0.387553	0.176764	0.348503	0.243415	0.0987108	2.15218	1.0691	0.0988344
820000	-21.42825	0	-21.42825	0.0813055	0.184866	0.175281	0.23104	0.0767037	0.107725	5.45925	0.938637	0.166091
830000	-21.68017	0	-21.68017	0.0899686	0.199456	0.0821242	0.1351	0.112667	0.0755419	4.34771	1.53844	0.0456671
840000	-22.68517	0	-22.68517	0.154503	0.141661	0.132146	0.343775	0.153475	0.148328	2.35726	1.32264	0.641858
850000	-20.79963	0	-20.79963	0.128751	0.167335	0.486357	0.202872	0.302439	0.129015	2.57804	2.13828	0.333499
860000	-25.05968	0	-25.05968	0.0982125	0.226846	0.18424	0.22429	0.096937	0.166897	4.14434	0.935255	0.0245369
870000	-17.23679	0	-17.23679	0.0827293	0.130423	0.2249	0.473399	0.158778	0.121973	4.69532	5.27102	0.282904
880000	-23.58271	0	-23.58271	0.081712	0.161084	0.168862	0.358717	0.0893932	0.0743171	3.1069	1.41653	0.232351
890000	-23.19809	0	-23.19809	0.159886	0.148596	0.147597	0.294248	0.136032	0.0989662	5.52379	0.833634	0.119182
900000	-26.48918	0	-26.48918	0.0757635	0.272988	0.101756	0.37413	0.116847	0.0810948	5.20213	1.31488	0.0849142
910000	-23.58233	0	-23.58233	0.210187	0.105303	0.360057	0.223751	0.0956126	0.113708	4.05099	0.868864	0.497712
920000	-25.07355	0	-25.07355	0.170169	0.138704	0.146928	0.222902	0.321426	0.102461	3.65673	2.12088	0.569344
930000	-15.31314	0	-15.31314	0.197981	0.223473	0.129981	0.247957	0.183222	0.164581	6.89284	2.79368	0.205155
940000	-16.71961	0	-16.71961	0.0931074	0.0913137	0.123357	0.272354	0.154808	0.0790826	3.43548	1.51854	0.270706
950000	-18.60584	0	-18.60584	0.249933	0.308549	0.234791	0.490311	0.126505	0.211182	7.2028	2.18151	2.20198
960000	-25.80465	0	-25.80465	0.0977241	0.260642	0.229707	0.153198	0.16647	0.164973	3.03806	1.45659	0.148008
970000	-32.35883	0	-32.35883	0.105597	0.128683	0.262196	0.538727	0.100089	0.0999475	0.962491	0.479387	0.0169408
980000	-27.41371	0	-27.41371	0.202187	0.0514811	0.252722	0.251879	0.262118	0.0828381	4.53767	0.719783	0.0931496
990000	-26.56704	0	-26.56704	0.0821013	0.151968	0.299502	0.24699	0.268922	0.144179	3.12923	1.55553	0.422953
1000000	-32.36858	0	-32.36858	0.0585235	0.0646958	0.451461	0.219003	0.274271	0.17393	2.21203	0.839901	0.125637
1010000	-26.37277	0	-26.37277	0.131926	0.106098	0.121134	0.299396	0.207556	0.059132	3.2654	0.768779	0.0745101
1020000	-29.24268	0	-29.24268	0.261977	0.0801363	0.317372	0.546066	0.171869	0.0371126	5.74574	1.26158	0.143486
1030000	-28.31693	0	-28.31693	0.0839847	0.0957439	0.150717	0.116431	0.0628684	0.0666308	4.22775	1.60894	0.0484456
1040000	-23.51571	0	-23.51571	0.255223	0.457903	0.440665	0.309747	0.232339	0.118118	3.42072	1.59057	1.29565
1050000	-20.76149	0	-20.76149	0.186116	0.100658	0.279696	0.136854	0.0888275	0.184924	3.87485	1.56754	0.322116
1060000	-20.76628	0	-20.76628	0.0724673	0.200203	0.102681	0.274004	0.119924	0.245778	3.71708	2.31292	0.0745687
1070000	-23.64918	0	-23.64918	0.109951	0.234292	0.1372	0.390935	0.129937	0.323556	5.58362	1.64179	1.09743
1080000	-21.73422	0	-21.73422	0.15738	0.496887	0.0804517	0.301424	0.224988	0.0643486	3.32073	4.38155	0.82305
1090000	-18.10997	0	-18.10997	0.315551	0.202502	0.147932	0.31231	0.254676	0.185198	4.69378	2.72254	0.791286
1100000	-21.63053	0	-21.63053	0.0766777	0.111314	0.285921	0.293876	0.0920384	0.193626	3.40764	1.13054	1.2604
1110000	-26.75993	0	-26.75993	0.0895984	0.0747925	0.0590177	0.610389	0.160477	0.21846	2.36089	1.20917	0.0471792
1120000	-28.51739	0	-28.51739	0.174629	0.0706357	0.395433	0.437181	0.0886689	0.0833811	1.78179	1.64177	0.134421
1130000	-18.80247	0	-18.80247	0.169632	0.129358	0.458709	0.229374	0.193796	0.168792	4.68045	2.45396	1.00861
1140000	-28.01304	0	-28.01304	0.0893937	0.075119	0.152504	0.384742	0.0913089	0.10717	3.90634	0.757403	0.0198367
1150000	-26.41031	0	-26.41031	0.142644	0.185937	0.0824198	0.144856	0.125041	0.0807541	3.65712	2.33622	0.0141747
1160000	-31.01652	0	-31.01652	0.311139	0.164449	0.257955	0.353361	0.0454246	0.0953583	2.8731	0.752439	0.0569136
1170000	-21.62747	0	-21.62747	0.128076	0.145731	0.285136	0.288185	0.165425	0.170334	4.59372	0.577116	0.286732
1180000	-28.53789	0	-28.53789	0.123298	0.116582	0.191604	0.290803	0.138926	0.168849	4.67471	1.37285	0.293993
1190000	-27.77486	0	-27.77486	0.150436	0.146965	0.254666	0.200961	0.105056	0.0619849	4.01258	0.408449	0.131682
1200000	-17.53637	0	-17.53637	0.0968264	0.298061	0.173077	0.160054	0.0601811	0.0987584	4.57463	1.2798	0.469723
1210000	-25.11316	0	-25.11316	0.0593323	0.0492105	0.177757	0.257728	0.119038	0.0723892	2.47572	0.663471	0.186253
1220000	-20.74377	0	-20.74377	0.0765921	0.163812	0.174869	0.137058	0.360566	0.0367745	5.18853	3.88635	0.127092
1230000	-28.01814	0	-28.01814	0.095763	0.133242	0.158575	0.410621	0.139674	0.161947	4.71302	0.672539	0.178406
1240000	-25.47484	0	-25.47484	0.0736073	0.192226	0.210404	0.184401	0.153314	0.107869	1.43653	1.7871	0.108028
1250000	-28.37978	0	-28.37978	0.132627	0.0523307	0.227364	0.272636	0.114563	0.131535	5.81907	0.568066	0.0146315
1260000	-25.10915	0	-25.10915	0.104091	0.594381	0.0717187	0.288951	0.273811	0.0658991	1.7838	5.83835	0.375978
1270000	-23.8742	0	-23.8742	0.0742796	0.0635439	0.206101	0.46898	0.0881218	0.154553	4.95751	1.42755	0.0985902
1280000	-31.17243	0	-31.17243	0.215999	0.120929	0.252039	0.328775	0.234992	0.181314	3.25312	0.595142	0.0389122
1290000	-29.43808	0	-29.43808	0.0731423	0.173016	0.161531	0.658744	0.0841666	0.101572	5.31228	2.0865	0.0359089
1300000	-24.00193	0	-24.00193	0.0828441	0.211744	0.23612	0.484421	0.146387	0.251566	5.75863	0.98119	0.581965
1310000	-25.8427	0	-25.8427	0.0860036	0.291162	0.169904	0.350446	0.0708256	0.138777	2.34714	0.791449	0.101096
1320000	-25.18069	0	-25.18069	0.171992	0.20028	0.26898	0.227849	0.239464	0.144214	2.02591	0.862666	0.325654
1330000	-33.20619	0	-33.20619	0.112981	0.107809	0.357156	0.487517	0.363376	0.102976	3.65509	0.400767	0.105375
1340000	-20.93057	0	-20.93057	0.113694	0.518238	0.112878	0.285142	0.082337	0.179776	4.45476	1.35102	0.112972
1350000	-20.77266	0	-20.77266	0.139324	0.253311	0.278304	0.2803	0.216531	0.100884	5.66156	1.05991	1.003
1360000	-17.13065	0	-17.13065	0.11567	0.228572	0.335018	0.303133	0.178323	0.0755102	2.82806	1.84384	0.591108
1370000	-23.38349	0	-23.38349	0.0622508	0.0903533	0.288748	0.320756	0.153643	0.179886	4.88768	2.63589	0.382197
1380000	-33.69608	0	-33.69608	0.165544	0.0384597	0.25609	0.153772	0.106018	0.17308	2.67677	1.3673	0.0314223
1390000	-19.91716	0	-19.91716	0.0853563	0.167858	0.119522	0.237505	0.18486	0.0862122	3.24511	1.95542	0.0889653
1400000	-29.56524	0	-29.56524	0.173477	0.125391	0.176736	0.0851954	0.375281	0.11209	6.58662	0.80848	0.0877655
1410000	-22.53976	0	-22.53976	0.20086	0.0524231	0.233788	0.442572	0.0926271	0.0428076	3.32932	1.18243	0.43712
1420000	-31.37476	0	-31.37476	0.204299	0.378535	0.104401	0.423569	0.0905779	0.0918654	1.86915	1.2628	0.0456985
1430000	-27.03831	0	-27.03831	0.086265	0.158642	0.0846863	0.470285	0.2198	0.144659	7.71649	1.8337	0.114941
1440000	-28.16443	0	-28.16443	0.175525	0.10371	0.416039	0.178072	0.116017	0.165386	3.94087	0.89073	0.209277
1450000	-15.72885	0	-15.72885	0.181593	0.206795	0.180304	0.230219	0.0932073	0.0721355	4.76438	1.56445	0.231087
1460000	-24.43777	0	-24.43777	0.119665	0.22327	0.553902	0.264788	0.224068	0.105413	4.58458	0.636208	0.236681
1470000	-24.58267	0	-24.58267	0.105708	0.135156	0.245853	0.475421	0.130801	0.0791198	2.27324	0.568349	0.0745415
1480000	-24.17783	0	-24.17783	0.110214	0.24985	0.169754	0.312367	0.102552	0.0444895	1.31745	1.52194	0.0545921
1490000	-26.99886	0	-26.99886	0.160079	0.104024	0.237367	0.515075	0.1027	0.119793	2.99084	0.692146	0.11103
1500000	-22.52174	0	-22.52174	0.116188	0.142522	0.202862	0.229815	0.13966	0.198722	2.20166	0.944792	0.0737094
1510000	-27.2277	0	-27.2277	0.112739	0.118693	0.289649	0.348871	0.13365	0.214767	3.62043	1.28629	0.376985
1520000	-24.48764	0	-24.48764	0.154355	0.20188	0.393441	0.292616	0.254496	0.213636	3.53119	1.16051	0.0626076
1530000	-25.9724	0	-25.9724	0.0998144	0.136699	0.36604	0.207719	0.0439351	0.0708039	4.71724	0.609049	0.0837657
1540000	-17.22209	0	-17.22209	0.090219	0.334234	0.211711	0.302435	0.215699	0.0684705	2.61115	2.62149	0.133132
1550000	-24.385	0	-24.385	0.142802	0.206173	0.244992	0.375956	0.121104	0.0736033	2.74108	0.638507	0.0683425
1560000	-17.18865	0	-17.18865	0.0666807	0.249552	0.175558	0.305542	0.086616	0.081226	4.60025	0.980802	0.652468
1570000	-22.30076	0	-22.30076	0.102511	0.129554	0.312398	0.480667	0.0911767	0.17316	4.50382	1.28813	1.04354
1580000	-19.51154	0	-19.51154	0.370249	0.175832	0.0808119	0.551425	0.192591	0.164596	3.3057	3.20858	0.570397
1590000	-34.74958	0	-34.74958	0.062135	0.119364	0.32761	0.14233	0.179125	0.145286	2.36372	0.412811	0.270901
1600000	-27.86766	0	-27.86766	0.203816	0.185661	0.213266	0.301051	0.0644432	0.0644331	2.90927	0.704266	0.0435355
1610000	-29.74948	0	-29.74948	0.0897176	0.0731244	0.238299	0.651562	0.076883	0.0630308	1.65414	2.063	0.052637
1620000	-31.58739	0	-31.58739	0.133165	0.110456	0.175022	0.265303	0.11123	0.0788272	3.66032	1.30051	0.0203254
1630000	-32.30141	0	-32.30141	0.207513	0.178899	0.288277	0.103561	0.237118	0.156817	4.50019	0.50382	0.0737497
1640000	-30.25405	0	-30.25405	0.1289	0.24505	0.37706	0.694075	0.156666	0.158	2.83316	0.948143	0.387155
1650000	-24.81098	0	-24.81098	0.0910536	0.146537	0.185085	0.420696	0.212907	0.105936	3.09981	1.11164	0.0235432
1660000	-23.38575	0	-23.38575	0.0756276	0.24169	0.245349	0.446842	0.135977	0.0728105	3.15513	1.21543	0.235411
1670000	-31.71993	0	-31.71993	0.179004	0.2192	0.186642	0.400212	0.126087	0.0465721	1.76151	0.873586	0.0868321
1680000	-22.22212	0	-22.22212	0.125083	0.256336	0.176193	0.356768	0.126307	0.100542	3.24142	1.38481	0.0962959
1690000	-41.8734	0	-41.8734	0.0782477	0.136814	0.106549	0.435829	0.120831	0.170225	3.27962	1.11132	0.024159
1700000	-18.01857	0	-18.01857	0.204236	0.282426	0.181688	0.160246	0.153818	0.0993844	1.44708	1.49139	0.42627
1710000	-22.79214	0	-22.79214	0.129514	0.144121	0.280827	0.240384	0.149566	0.101589	5.46315	1.11344	0.08372
1720000	-29.6664	0	-29.6664	0.150899	0.0992417	0.254215	0.247399	0.130483	0.0529521	0.585887	2.35797	0.0979227
1730000	-24.97008	0	-24.97008	0.222219	0.178577	0.175986	0.174348	0.175572	0.106278	1.88874	1.72881	0.0753068
1740000	-16.75889	0	-16.75889	0.118708	0.13016	0.0954249	0.282778	0.127956	0.0416852	2.84909	2.29352	0.333696
1750000	-25.78028	0	-25.78028	0.217843	0.0983872	0.459847	0.253839	0.106832	0.117335	3.88315	2.17316	0.131714
1760000	-24.49861	0	-24.49861	0.107901	0.22832	0.169868	0.235574	0.173533	0.0451146	4.26171	2.14539	0.117852
1770000	-21.969	0	-21.969	0.139651	0.196733	0.208462	0.501422	0.207991	0.111158	4.67277	1.5734	0.153554
1780000	-23.15555	0	-23.15555	0.175927	0.351096	0.440366	0.22388	0.134715	0.193611	4.65691	4.36095	3.09155
1790000	-22.684	0	-22.684	0.159859	0.233127	0.324676	0.22448	0.176469	0.152117	3.28259	0.730107	0.0882856
1800000	-20.05506	0	-20.05506	0.0882789	0.242152	0.481806	0.197085	0.126121	0.160375	4.12397	1.15103	0.0680971
1810000	-22.13107	0	-22.13107	0.218645	0.0834144	0.306754	0.242745	0.33125	0.191266	3.60983	0.583168	0.584531
1820000	-30.30393	0	-30.30393	0.162713	0.193185	0.108541	0.359096	0.119641	0.102603	3.30304	0.960461	0.0272648
1830000	-26.01403	0	-26.01403	0.0410606	0.251166	0.096015	0.444337	0.12853	0.0517092	4.97541	1.53257	0.120936
1840000	-26.81827	0	-26.81827	0.190973	0.212472	0.460662	0.312697	0.103724	0.123249	4.99784	1.37624	0.388022
1850000	-20.96089	0	-20.96089	0.0858259	0.335436	0.185399	0.192768	0.247005	0.156444	8.52334	1.20708	0.640278
1860000	-19.65759	0	-19.65759	0.12372	0.595556	0.212937	0.359642	0.175553	0.105366	3.10426	2.40924	1.37385
1870000	-21.47494	0	-21.47494	0.0781382	0.158109	0.284597	0.197916	0.13618	0.121732	5.85935	1.33672	0.110411
1880000	-27.57279	0	-27.57279	0.10164	0.0434677	0.142189	0.209843	0.219212	0.0599878	4.1809	1.31989	0.11769
1890000	-14.62824	0	-14.62824	0.124958	0.0854098	0.253513	0.310609	0.253015	0.127697	5.54945	1.55887	0.39062
1900000	-41.09645	0	-41.09645	0.0537462	0.0566139	0.370022	0.143493	0.0770478	0.182907	2.48364	1.15844	0.0564552
1910000	-36.22434	0	-36.22434	0.118711	0.181172	0.226131	0.148777	0.18107	0.134222	7.29615	1.03306	0.00921525
1920000	-26.32326	0	-26.32326	0.118535	0.228587	0.272203	0.451206	0.0930907	0.164982	1.30871	2.43129	0.219787
1930000	-22.96561	0	-22.96561	0.0929955	0.156502	0.204202	0.352305	0.273568	0.120565	2.85024	1.87599	0.281432
1940000	-26.51494	0	-26.51494	0.0357654	0.245408	0.0917136	0.344116	0.226149	0.0690149	7.08377	1.37896	0.034435
1950000	-25.26024	0	-25.26024	0.137394	0.271152	0.741987	0.497874	0.129991	0.0551312	4.31152	2.02821	1.91715
1960000	-18.91614	0	-18.91614	0.240404	0.612257	0.114541	0.24729	0.178157	0.0793224	4.6347	2.93916	1.26806
1970000	-23.40034	0	-23.40034	0.0728559	0.10925	0.216783	0.353685	0.100163	0.167218	6.50416	0.427512	0.0505952
1980000	-24.14045	0	-24.14045	0.0563388	0.109894	0.493784	0.406975	0.123659	0.162623	5.21001	1.5606	0.260496
1990000	-19.57484	0	-19.57484	0.101454	0.354684	0.203184	0.24686	0.0843872	0.117464	2.02696	2.32071	0.923543
2000000	-19.57524	0	-19.57524	0.0578676	0.443078	0.218864	0.341081	0.133988	0.205092	4.12211	1.75738	0.410648
2010000	-37.55031	0	-37.55031	0.171638	0.193834	0.290091	0.605849	0.174564	0.187282	2.98718	1.44217	0.0358342
2020000	-27.97175	0	-27.97175	0.139158	0.159202	0.134379	0.270318	0.174902	0.231198	2.51027	0.84007	0.0325533
2030000	-26.21899	0	-26.21899	0.12886	0.0798412	0.323439	0.143039	0.197243	0.128696	5.51752	1.81257	0.170259
2040000	-30.25171	0	-30.25171	0.0740262	0.221588	0.0804654	0.159294	0.0817684	0.0967137	5.25477	1.93993	0.0878466
2050000	-32.90085	0	-32.90085	0.117206	0.0973674	0.230461	0.272543	0.105631	0.0759256	3.60227	0.66847	0.0144432
2060000	-26.58946	0	-26.58946	0.148814	0.196177	0.165223	0.190745	0.453907	0.128838	5.17379	2.082	0.264577
2070000	-20.62878	0	-20.62878	0.132284	0.164229	0.0774762	0.458407	0.124875	0.168661	3.92601	2.46195	0.771436
2080000	-36.6011	0	-36.6011	0.0746998	0.280416	0.337438	0.36629	0.138606	0.279897	3.20153	1.40633	0.0274463
2090000	-22.80926	0	-22.80926	0.229331	0.24515	0.234753	0.178376	0.235173	0.0691813	6.03173	0.858963	0.911302
2100000	-18.45686	0	-18.45686	0.136751	0.191274	0.227995	0.279227	0.246742	0.0727095	7.07211	1.46878	0.477178
2110000	-26.87339	0	-26.87339	0.157908	0.251325	0.380654	0.529496	0.244596	0.0437343	3.50753	2.75333	0.1623
2120000	-31.17306	0	-31.17306	0.104472	0.0773135	0.208498	0.662905	0.102916	0.117317	4.29205	0.933823	0.0458424
2130000	-21.35065	0	-21.35065	0.0579594	0.16153	0.244223	0.204229	0.196042	0.116753	3.51012	1.43469	0.348083
2140000	-23.10271	0	-23.10271	0.261505	0.166213	0.167377	0.487987	0.312696	0.112645	3.53187	2.28427	0.781545
2150000	-25.5966	0	-25.5966	0.112508	0.230077	0.0916805	0.367648	0.269769	0.15424	5.58017	1.75404	0.523994
2160000	-23.98845	0	-23.98845	0.118675	0.246572	0.288619	0.236668	0.112531	0.120241	1.82199	0.898472	0.396568
2170000	-24.67636	0	-24.67636	0.0806215	0.101453	0.302702	0.500449	0.137395	0.0423966	3.05023	1.11961	0.791212
2180000	-25.42452	0	-25.42452	0.17941	0.182484	0.245055	0.23814	0.0542207	0.133154	3.78757	1.0889	0.322619
2190000	-26.00109	0	-26.00109	0.220272	0.209742	0.534719	0.429222	0.141848	0.0943609	3.68542	0.876197	0.466351
2200000	-24.26718	0	-24.26718	0.0895735	0.139507	0.208761	0.302467	0.103737	0.226155	1.60335	1.03551	1.69056
2210000	-42.72029	0	-42.72029	0.151306	0.292649	0.154983	0.648797	0.176803	0.0827007	1.07091	1.05706	0.0574573
2220000	-37.81556	0	-37.81556	0.0739517	0.28581	0.212559	0.321608	0.131527	0.203711	3.00121	0.243028	0.000988504
2230000	-25.4265	0	-25.4265	0.151442	0.0733474	0.240565	0.218827	0.113192	0.0817958	2.57948	0.816439	0.0510408
2240000	-27.66582	0	-27.66582	0.0740357	0.247138	0.139888	0.24318	0.144414	0.129025	3.14423	1.77177	0.0265108
2250000	-18.23325	0	-18.23325	0.0677305	0.171526	0.146824	0.29895	0.153839	0.125461	1.79401	1.71645	1.87049
2260000	-35.93063	0	-35.93063	0.131315	0.0849753	0.191729	0.144668	0.0967636	0.422877	3.11078	0.414392	0.184921
2270000	-24.77063	0	-24.77063	0.0813937	0.219736	0.132995	0.256562	0.123716	0.168416	5.00268	0.854091	0.0850639
2280000	-28.40374	0	-28.40374	0.140504	0.408763	0.237165	0.262787	0.119183	0.197147	3.89448	0.770778	0.0282142
2290000	-21.0049	0	-21.0049	0.132936	0.151902	0.120493	0.426592	0.11778	0.1454	1.65579	1.09571	0.640773
2300000	-25.65213	0	-25.65213	0.0872544	0.117433	0.230984	0.30505	0.0640201	0.110134	1.70567	1.22447	0.0357862
2310000	-26.01101	0	-26.01101	0.0702778	0.0999623	0.128028	0.382352	0.216863	0.200517	2.20329	2.3228	0.471481
2320000	-21.49397	0	-21.49397	0.12979	0.160421	0.278813	0.486549	0.0868786	0.0941467	4.21638	0.812737	0.129935
2330000	-27.48366	0	-27.48366	0.0594653	0.130732	0.197175	0.493751	0.169463	0.129512	4.07161	0.77277	0.0164391
2340000	-31.65991	0	-31.65991	0.142121	0.0626459	0.137501	0.345547	0.0773157	0.0757336	2.85768	1.75647	0.0164038
2350000	-24.16663	0	-24.16663	0.325069	0.193813	0.258918	0.173485	0.164281	0.108856	4.48954	1.84639	0.174956
2360000	-24.38427	0	-24.38427	0.0891254	0.19789	0.216994	0.340878	0.10369	0.134762	1.90988	0.811559	0.339671
2370000	-17.2724	0	-17.2724	0.134278	0.284537	0.165281	0.329347	0.348238	0.0552915	6.80558	3.20982	0.367987
2380000	-22.92806	0	-22.92806	0.30994	0.0893431	0.113033	0.382173	0.18985	0.131117	4.75796	0.830615	0.740311
2390000	-26.42002	0	-26.42002	0.0572202	0.151316	0.292871	0.242204	0.108401	0.0952743	6.23998	1.60251	0.112282
2400000	-17.37123	0	-17.37123	0.0709665	0.139349	0.161439	0.238579	0.200546	0.17893	4.6244	1.88543	0.680897
2410000	-26.37514	0	-26.37514	0.0942809	0.0868837	0.257181	0.195819	0.147193	0.092504	2.43307	0.83333	0.011813
2420000	-19.12135	0	-19.12135	0.122429	0.301718	0.489384	0.180214	0.170412	0.15221	4.61357	1.80438	1.62268
2430000	-30.91249	0	-30.91249	0.107959	0.119479	0.208015	0.180158	0.0887587	0.223027	1.50714	1.02328	0.0872696
2440000	-21.37689	0	-21.37689	0.28283	0.0659416	0.117228	0.419887	0.189904	0.110036	3.8258	2.31827	0.159323
2450000	-21.37522	0	-21.37522	0.0859199	0.238305	0.264844	0.178974	0.182924	0.0483706	4.14183	2.81087	0.172622
2460000	-22.19608	0	-22.19608	0.11807	0.304623	0.0769649	0.222242	0.151506	0.0429116	2.26985	1.57734	3.20225
2470000	-26.02031	0	-26.02031	0.222488	0.172594	0.369261	0.4618	0.103035	0.177795	1.6779	2.85136	0.214335
2480000	-28.04863	0	-28.04863	0.0769494	0.113502	0.581933	0.417384	0.15979	0.120156	3.2405	1.59997	0.231107
2490000	-21.43957	0	-21.43957	0.0621888	0.253046	0.181075	0.251369	0.1958	0.23719	3.0776	2.26036	0.199078
2500000	-23.67342	0	-23.67342	0.135082	0.163647	0.491693	0.479569	0.123562	0.193294	3.04566	0.934434	0.437917
2510000	-26.80099	0	-26.80099	0.0639979	0.356279	0.0902187	0.544558	0.116272	0.240619	4.47904	0.974396	0.106874
2520000	-25.07753	0	-25.07753	0.150685	0.078194	0.370493	0.368127	0.106948	0.0798699	5.91688	1.75979	0.115868
2530000	-31.88212	0	-31.88212	0.276217	0.301345	0.468786	0.290107	0.106429	0.111648	4.56676	1.75097	0.849319
2540000	-16.08335	0	-16.08335	0.173907	0.196411	0.309264	0.214516	0.137656	0.0703704	3.09875	2.03531	1.10556
2550000	-26.1989	0	-26.1989	0.23372	0.115186	0.18175	0.254437	0.140904	0.128233	5.1769	0.626006	0.158331
2560000	-16.24644	0	-16.24644	0.116833	0.283792	0.173391	0.351648	0.102604	0.192052	7.47467	2.63284	0.888191
2570000	-22.24977	0	-22.24977	0.0781052	0.123819	0.191222	0.297769	0.157718	0.135709	3.84973	1.63949	0.432541
2580000	-22.04193	0	-22.04193	0.171089	0.202098	0.235525	0.350223	0.0808106	0.144098	1.68913	1.82114	1.9017
2590000	-15.74242	0	-15.74242	0.109772	0.137459	0.204229	0.52838	0.143404	0.096986	3.12065	1.86715	0.397189
2600000	-26.24331	0	-26.24331	0.0781908	0.0903733	0.293638	0.302119	0.12385	0.202823	1.82809	0.886406	0.0816557
2610000	-34.45952	0	-34.45952	0.055888	0.0918593	0.104187	0.14854	0.187352	0.10842	3.68266	0.922383	0.0204273
2620000	-26.30606	0	-26.30606	0.13181	0.177131	0.342537	0.440076	0.226099	0.344052	4.98577	1.47474	0.0767028
2630000	-25.70927	0	-25.70927	0.0985894	0.0923354	0.235919	0.157139	0.179029	0.0486312	5.26111	0.585706	0.164637
2640000	-20.99414	0	-20.99414	0.157845	0.196948	0.0833825	0.131839	0.269981	0.0658042	4.03809	1.31119	0.124668
2650000	-26.4862	0	-26.4862	0.0643602	0.135087	0.254018	0.298169	0.244647	0.0612467	4.55847	1.36051	0.428063
2660000	-23.91903	0	-23.91903	0.104859	0.150107	0.15806	0.365286	0.115748	0.167962	3.11185	0.951242	1.6194
2670000	-28.34817	0	-28.34817	0.122556	0.183795	0.274467	0.434684	0.0749119	0.0837481	1.97516	0.354811	0.0726122
2680000	-33.14178	0	-33.14178	0.326662	0.162665	0.18761	0.205764	0.108915	0.078771	5.30044	0.408132	0.0482361
2690000	-18.20354	0	-18.20354	0.0698084	0.16647	0.282262	0.419778	0.130074	0.127753	3.65425	1.41607	0.626041
2700000	-26.34952	0	-26.34952	0.135789	0.228115	0.273148	0.289476	0.146117	0.163487	3.13616	4.18753	0.130099
2710000	-17.47812	0	-17.47812	0.12824	0.270694	0.176943	0.225727	0.105431	0.0881043	1.90143	2.47334	0.161779
2720000	-27.05054	0	-27.05054	0.159015	0.091031	0.156304	0.309435	0.109758	0.147067	5.49548	1.72317	0.0239588
2730000	-29.1564	0	-29.1564	0.130987	0.0348518	0.177669	0.32734	0.144497	0.0357208	5.06874	1.49022	0.0832335
2740000	-17.87455	0	-17.87455	0.143751	0.32081	0.351169	0.225358	0.405931	0.226576	3.65787	2.9111	0.515685
2750000	-18.31556	0	-18.31556	0.0773163	0.243438	0.241705	0.375565	0.0957694	0.167713	1.97496	1.61008	0.797336
2760000	-25.2498	0	-25.2498	0.143223	0.143314	0.130203	0.32408	0.214673	0.0913764	3.47162	1.64388	0.00815817
2770000	-20.41079	0	-20.41079	0.104815	0.338531	0.162015	0.329859	0.342741	0.107979	4.32679	1.77593	0.0886603
2780000	-22.55971	0	-22.55971	0.133596	0.106252	0.250558	0.324669	0.28271	0.103806	4.43374	1.27838	0.0109909
2790000	-27.6021	0	-27.6021	0.257985	0.32858	0.20944	0.488421	0.2027	0.245391	8.88015	0.560445	0.0616404
2800000	-30.57222	0	-30.57222	0.161936	0.244184	0.129327	0.275112	0.145006	0.100539	3.78674	0.989722	0.01534
2810000	-19.36946	0	-19.36946	0.102613	0.129528	0.171841	0.178368	0.499615	0.10501	4.33988	2.86106	0.50225
2820000	-21.37292	0	-21.37292	0.0869621	0.188103	0.188976	0.487831	0.274711	0.0741422	2.34317	1.89446	0.05624
2830000	-18.36273	0	-18.36273	0.20367	0.214606	0.0880368	0.24413	0.176438	0.140404	3.43552	1.64582	0.458654
2840000	-23.73826	0	-23.73826	0.1153	0.608521	0.0691736	0.222491	0.246539	0.188239	5.14548	2.03806	0.711335
2850000	-38.62722	0	-38.62722	0.130335	0.0488679	0.0716142	0.487381	0.180279	0.0662085	1.47016	1.10638	0.0414318
2860000	-25.37996	0	-25.37996	0.0903817	0.134787	0.152261	0.237564	0.091273	0.166989	2.77808	1.95063	0.0122527
2870000	-22.00656	0	-22.00656	0.0511086	0.178319	0.144814	0.470522	0.128501	0.155062	2.67417	1.19955	0.0558237
2880000	-26.82656	0	-26.82656	0.0864976	0.142878	0.165219	0.125663	0.136091	0.151758	8.0144	0.725485	0.27018
2890000	-20.39048	0	-20.39048	0.0683373	0.121755	0.210809	0.323616	0.172962	0.166445	3.0859	1.33061	0.0946187
2900000	-30.00349	0	-30.00349	0.0374882	0.162316	0.204733	0.478664	0.101631	0.152375	9.92253	1.21849	0.0831826
2910000	-31.60594	0	-31.60594	0.124395	0.268532	0.241599	0.771268	0.305973	0.116552	5.2968	1.29061	0.322401
2920000	-30.96174	0	-30.96174	0.108043	0.0919215	0.10899	0.641537	0.0914294	0.117435	7.02454	0.636402	0.0619971
2930000	-30.12917	0	-30.12917	0.0738489	0.05651	0.236901	0.302855	0.230024	0.080966	6.01789	0.483849	0.107003
2940000	-19.21557	0	-19.21557	0.0865449	0.186017	0.418123	0.46911	0.155451	0.152523	2.07785	2.27022	0.230728
2950000	-24.59647	0	-24.59647	0.0794675	0.0763759	0.0979645	0.244783	0.438257	0.183583	2.74378	1.71652	0.283676
2960000	-22.78789	0	-22.78789	0.0766027	0.188482	0.173458	0.272117	0.155599	0.107287	9.00477	1.77478	0.187983
2970000	-19.74045	0	-19.74045	0.0571967	0.113178	0.161518	0.414545	0.145949	0.171331	3.28337	1.39406	0.111084
2980000	-16.91811	0	-16.91811	0.186289	0.229352	0.287855	0.398942	0.138965	0.190665	2.48674	1.86228	0.74534
2990000	-16.92489	0	-16.92489	0.0881413	0.312618	0.251571	0.211578	0.124769	0.106153	5.67039	2.1918	0.615759
3000000	-20.10798	0	-20.10798	0.155071	0.107937	0.206005	0.175475	0.124956	0.0988113	5.41965	1.27379	0.283139
3010000	-27.71639	0	-27.71639	0.0523402	0.0646673	0.15734	0.29091	0.164989	0.11409	2.97385	0.760475	0.18418
3020000	-20.10329	0	-20.10329	0.113104	0.310081	0.226211	0.40521	0.237326	0.217285	3.82661	0.881573	0.694401
3030000	-31.93058	0	-31.93058	0.1371	0.121703	0.103584	0.350625	0.168741	0.054094	3.0977	0.735926	0.0101945
3040000	-26.68662	0	-26.68662	0.0491451	0.109069	0.12307	0.501474	0.0876273	0.113111	2.78025	1.85879	0.178213
3050000	-22.55215	0	-22.55215	0.113203	0.166835	0.202147	0.314881	0.120983	0.0973281	4.48461	0.595845	0.0216422
3060000	-32.23428	0	-32.23428	0.100803	0.0984059	0.152169	0.198562	0.0594504	0.100973	5.34134	0.600143	0.129851
3070000	-24.16636	0	-24.16636	0.180722	0.267995	0.475866	0.145318	0.123617	0.073483	5.43966	1.24759	0.124898
3080000	-26.31214	0	-26.31214	0.15215	0.361738	0.1314	0.318434	0.107223	0.0875743	1.64956	0.904862	0.0774122
3090000	-28.43304	0	-28.43304	0.114499	0.189085	0.288839	0.157933	0.13173	0.0655472	3.34968	1.05243	0.0475711
3100000	-29.47218	0	-29.47218	0.059522	0.0550698	0.140974	0.404219	0.0710967	0.0765562	4.26576	1.19522	0.0258991
3110000	-17.35385	0	-17.35385	0.122797	0.226903	0.257634	0.354333	0.102431	0.0871359	5.07815	1.35899	0.664077
3120000	-29.77718	0	-29.77718	0.181841	0.174003	0.127372	0.377487	0.0765839	0.0756351	4.38828	1.08959	0.031893
3130000	-23.96942	0	-23.96942	0.109346	0.0834994	0.187453	0.306802	0.234387	0.0317177	4.15294	0.711879	0.903657
3140000	-19.97825	0	-19.97825	0.0992678	0.120597	0.31255	0.215494	0.0940597	0.139181	1.5272	1.55023	0.995181
3150000	-26.27747	0	-26.27747	0.0998686	0.295527	0.0897472	0.337069	0.086527	0.0647066	1.5783	1.56043	0.178261
3160000	-18.25068	0	-18.25068	0.0637781	0.140324	0.161627	0.415436	0.15256	0.109245	2.79031	1.12794	0.126364
3170000	-28.28863	0	-28.28863	0.178527	0.161299	0.205072	0.240845	0.180062	0.0838522	1.81184	0.686677	0.0882941
3180000	-23.33885	0	-23.33885	0.0798013	0.14717	0.22884	0.26284	0.0741641	0.152828	4.59658	0.381894	0.134126
3190000	-25.92505	0	-25.92505	0.075816	0.0929986	0.168474	0.223256	0.112177	0.142039	2.51873	2.64583	0.14069
3200000	-29.64244	0	-29.64244	0.04215	0.21406	0.466462	0.605255	0.0981684	0.180617	2.17209	0.799888	0.347954
3210000	-18.28728	0	-18.28728	0.0812073	0.213941	0.237995	0.261381	0.137469	0.0736236	6.36753	2.12427	0.178274
3220000	-23.67868	0	-23.67868	0.192715	0.30695	0.229309	0.462953	0.0630111	0.0458444	3.02367	4.82273	0.493119
3230000	-31.04381	0	-31.04381	0.101846	0.0534516	0.266171	0.585671	0.159879	0.153909	4.90821	0.663556	0.00672183
3240000	-22.32095	0	-22.32095	0.187152	0.128707	0.283728	0.356723	0.174353	0.193287	10.2535	1.92635	0.338331
3250000	-28.48449	0	-28.48449	0.100744	0.13408	0.171934	0.891453	0.194135	0.0721202	5.89363	0.866726	0.198397
3260000	-20.03042	0	-20.03042	0.162006	0.388157	0.0850173	0.360937	0.0591244	0.109466	2.2799	1.81441	1.27148
3270000	-26.75403	0	-26.75403	0.0435172	0.2856	0.131274	0.238654	0.152231	0.132021	4.62614	0.541354	0.213555
3280000	-20.87425	0	-20.87425	0.102501	0.149073	0.407359	0.237	0.221849	0.148468	4.71053	0.626692	1.09074
3290000	-31.09539	0	-31.09539	0.0983214	0.175433	0.137323	0.335798	0.057197	0.262201	6.54689	0.436357	0.034121
3300000	-24.3746	0	-24.3746	0.194581	0.173382	0.258093	0.212831	0.167089	0.119205	3.93211	1.08537	0.0318675
3310000	-17.85137	0	-17.85137	0.12528	0.417949	0.191711	0.123634	0.123266	0.0745624	3.28789	1.22433	0.325722
3320000	-22.27539	0	-22.27539	0.132479	0.231713	0.218059	0.207492	0.318325	0.083515	4.53281	1.05111	0.100025
3330000	-37.75522	0	-37.75522	0.205715	0.0643655	0.130307	0.778246	0.142699	0.0486167	1.85017	0.531752	0.0139634
3340000	-22.84775	0	-22.84775	0.188456	0.183314	0.173493	0.22185	0.138561	0.0818487	4.3345	1.4562	0.107223
3350000	-29.38358	0	-29.38358	0.0607834	0.130722	0.123359	0.391004	0.152147	0.11224	2.95235	0.41167	0.120568
3360000	-24.10258	0	-24.10258	0.109611	0.136003	0.239767	0.316814	0.196544	0.07607	3.6024	0.609386	0.0525638
3370000	-25.07739	0	-25.07739	0.156171	0.191166	0.18617	0.246491	0.179176	0.0886362	3.41227	1.51365	0.704724
3380000	-19.98187	0	-19.98187	0.0884836	0.461935	0.179443	0.414278	0.160631	0.0753156	3.92734	2.38719	0.124884
3390000	-30.74372	0	-30.74372	0.321722	0.104066	0.193104	0.436445	0.128468	0.135247	2.7422	0.979353	0.100546
3400000	-28.2943	0	-28.2943	0.0971346	0.285955	0.153796	0.237587	0.147044	0.198225	2.8508	1.06174	0.653033
3410000	-25.78289	0	-25.78289	0.0874921	0.0851798	0.310981	0.505871	0.184589	0.129038	3.82606	0.8727	0.415732
3420000	-20.72728	0	-20.72728	0.101685	0.0715399	0.247773	0.313779	0.0768458	0.0890243	2.52592	0.710585	0.224694
3430000	-28.35738	0	-28.35738	0.0551955	0.120253	0.102695	0.217898	0.0830652	0.169369	1.71371	0.688	0.0432642
3440000	-33.23167	0	-33.23167	0.0799963	0.216323	0.125402	0.323222	0.266306	0.166494	3.0872	1.15762	0.0773328
3450000	-27.23828	0	-27.23828	0.0669559	0.235685	0.0606489	0.479098	0.180135	0.0379431	3.06978	1.09	0.135578
3460000	-18.92752	0	-18.92752	0.0915653	0.149617	0.213511	0.431626	0.123964	0.130526	3.40888	1.42474	0.063736
3470000	-25.01068	0	-25.01068	0.125754	0.150311	0.279034	0.437012	0.345277	0.10373	3.18477	1.19789	0.0223429
3480000	-27.7749	0	-27.7749	0.118231	0.118921	0.315989	0.536033	0.319606	0.145555	7.98454	1.28194	0.240388
3490000	-20.96754	0	-20.96754	0.0665396	0.364786	0.128751	0.233842	0.255344	0.117522	5.30245	2.54182	0.494495
3500000	-20.30811	0	-20.30811	0.170701	0.223143	0.314973	0.307428	0.254482	0.11635	4.06637	1.1296	0.302375
3510000	-26.17297	0	-26.17297	0.113449	0.18502	0.180939	0.572569	0.0763398	0.0645577	2.51547	0.796745	0.0125327
3520000	-28.76158	0	-28.76158	0.135729	0.114593	0.132123	0.185727	0.226542	0.0689773	3.22592	1.20733	0.0679444
3530000	-23.45162	0	-23.45162	0.158472	0.122104	0.408492	0.716643	0.074961	0.0688063	4.52543	1.21228	1.15864
3540000	-35.66828	0	-35.66828	0.11241	0.231316	0.123813	0.321859	0.27846	0.045137	0.75219	0.901869	0.0177661
3550000	-24.7728	0	-24.7728	0.110125	0.260499	0.144714	0.482187	0.215162	0.123803	2.34674	1.09684	0.135855
3560000	-20.11852	0	-20.11852	0.11603	0.145681	0.196955	0.241204	0.141924	0.0627389	2.17241	0.956657	0.0299705
3570000	-26.66566	0	-26.66566	0.153156	0.090063	0.266103	0.396215	0.126281	0.0851232	5.08975	0.960334	0.0664947
3580000	-29.31083	0	-29.31083	0.0609897	0.134731	0.20982	0.30269	0.19797	0.288764	4.29131	0.755064	0.460746
3590000	-22.74792	0	-22.74792	0.114107	0.253551	0.250336	0.285979	0.249412	0.0819101	2.60302	1.38532	0.102048
3600000	-24.71583	0	-24.71583	0.139686	0.114576	0.297573	0.338668	0.175934	0.0856782	2.78846	0.819771	0.226496
3610000	-25.57492	0	-25.57492	0.115473	0.124088	0.296836	0.270942	0.303109	0.093213	6.06278	1.12384	0.0675804
3620000	-24.02989	0	-24.02989	0.0863371	0.125646	0.203702	0.314607	0.147035	0.152525	4.8647	0.356764	0.668461
3630000	-26.29144	0	-26.29144	0.104499	0.145695	0.0861985	0.395731	0.250888	0.0576231	3.80314	0.805968	0.441746
3640000	-41.36236	0	-41.36236	0.0981408	0.159222	0.0883986	0.334524	0.047789	0.0731902	6.20698	0.405142	0.0681178
3650000	-25.09797	0	-25.09797	0.200415	0.0975487	0.274617	0.280994	0.28659	0.0851486	3.78125	1.136	0.127727
3660000	-30.10185	0	-30.10185	0.149579	0.0725665	0.271685	0.190128	0.440956	0.172549	4.40146	0.852486	0.0753065
3670000	-26.70259	0	-26.70259	0.110224	0.250792	0.207525	0.139294	0.0877008	0.0794611	3.52269	1.1692	0.0680548
3680000	-27.71341	0	-27.71341	0.202733	0.167423	0.221908	0.305693	0.173324	0.252895	3.35344	2.92369	0.112839
3690000	-27.3292	0	-27.3292	0.0687191	0.231732	0.231313	0.269202	0.193331	0.0742897	5.96919	1.26779	0.0163312
3700000	-23.45049	0	-23.45049	0.126774	0.105037	0.248528	0.294028	0.067727	0.132883	4.35854	1.05634	0.159082
3710000	-30.30787	0	-30.30787	0.207766	0.140772	0.245374	0.348129	0.104479	0.0831836	5.28332	0.604778	0.0642555
3720000	-32.02822	0	-32.02822	0.114174	0.184388	0.132765	0.267739	0.0447981	0.0340897	2.79077	0.94021	0.268403
3730000	-22.01385	0	-22.01385	0.156197	0.329248	0.267965	0.176287	0.148278	0.0797034	5.33469	1.23087	1.65329
3740000	-18.26989	0	-18.26989	0.0834942	0.367859	0.197257	0.347452	0.126368	0.100972	2.76434	1.6919	0.0766433
3750000	-21.97408	0	-21.97408	0.141093	0.169178	0.646655	0.454622	0.170698	0.098682	2.79949	2.21096	0.405058
3760000	-25.27737	0	-25.27737	0.0990013	0.0605567	0.284274	0.475469	0.155812	0.0727687	3.38387	0.570446	0.0478662
3770000	-24.38852	0	-24.38852	0.16432	0.161557	0.257033	0.298558	0.138117	0.0976757	3.6113	0.786723	0.16373
3780000	-25.55822	0	-25.55822	0.0505055	0.222679	0.616533	0.268566	0.0586799	0.0588468	3.75458	1.76079	0.15027
3790000	-24.56995	0	-24.56995	0.164647	0.269348	0.273693	0.278487	0.106534	0.202949	5.16362	1.49783	0.19107
3800000	-18.21991	0	-18.21991	0.118959	0.306342	0.191595	0.347594	0.0537033	0.100684	4.9042	1.69679	0.0492677
3810000	-22.26911	0	-22.26911	0.0953963	0.195257	0.179509	0.502215	0.119902	0.0677253	2.31391	1.58629	0.109866
3820000	-24.80744	0	-24.80744	0.0538609	0.0725139	0.0793758	0.319537	0.196266	0.110831	4.46358	1.37132	0.292824
3830000	-34.98598	0	-34.98598	0.065604	0.22504	0.200238	0.517983	0.276439	0.0454246	2.36333	0.698722	0.0524629
3840000	-18.02225	0	-18.02225	0.115931	0.106427	0.148636	0.221361	0.220919	0.0890674	4.99789	2.19867	0.551967
3850000	-33.39337	0	-33.39337	0.208618	0.219754	0.164962	0.336462	0.117715	0.260374	2.4582	1.44241	0.00183976
3860000	-20.29643	0	-20.29643	0.0785029	0.218854	0.239963	0.326074	0.167622	0.129687	3.65403	0.818786	1.81491
3870000	-24.76323	0	-24.76323	0.117304	0.0922183	0.258994	0.422543	0.0804522	0.144331	2.54781	0.905019	0.127217
3880000	-29.13084	0	-29.13084	0.0682966	0.0990334	0.114114	0.299717	0.0995196	0.100104	3.48945	1.03539	0.0568855
3890000	-19.08079	0	-19.08079	0.0647448	0.289747	0.28756	0.551108	0.127393	0.119976	3.18633	1.23883	0.626513
3900000	-36.7358	0	-36.7358	0.160955	0.155995	0.204918	0.28112	0.322286	0.10416	2.7679	0.26643	0.0310318
3910000	-20.88218	0	-20.88218	0.141012	0.17535	0.216837	0.41041	0.207302	0.0769516	3.80831	0.674714	0.0673673
3920000	-23.95714	0	-23.95714	0.0875451	0.0443006	0.161023	0.292765	0.114497	0.15644	2.63972	0.615864	0.125294
3930000	-19.23712	0	-19.23712	0.0715712	0.119315	0.221642	0.283658	0.166258	0.190513	4.24301	0.992488	0.135312
3940000	-22.28735	0	-22.28735	0.161364	0.158684	0.192524	0.239279	0.138104	0.0635509	2.23516	1.2771	0.102142
3950000	-30.85584	0	-30.85584	0.129403	0.110446	0.123866	0.17815	0.191612	0.154971	2.03731	1.42365	0.0478397
3960000	-38.1866	0	-38.1866	0.0501012	0.178193	0.233603	0.618844	0.124123	0.123899	7.09572	1.71359	0.0191169
3970000	-26.65173	0	-26.65173	0.140151	0.12628	0.20899	0.272026	0.172184	0.240126	4.23358	0.652	0.142023
3980000	-24.80133	0	-24.80133	0.0945446	0.245777	0.141592	0.248825	0.0521089	0.234797	4.363	0.645508	0.181565
3990000	-15.40346	0	-15.40346	0.149149	0.235275	0.217103	0.260864	0.139216	0.100939	4.76345	1.23081	1.0151
4000000	-24.44433	0	-24.44433	0.0918094	0.216967	0.238781	0.430674	0.12546	0.0847333	6.48516	1.16717	0.0331099
4010000	-32.00133	0	-32.00133	0.228541	0.220949	0.0816664	0.386085	0.117625	0.0564659	4.7565	1.07149	0.153626
4020000	-26.356	0	-26.356	0.113197	0.265997	0.239158	0.255367	0.120515	0.108551	4.65037	0.883406	0.124737
4030000	-24.14734	0	-24.14734	0.169903	0.090757	0.127745	0.253168	0.0539987	0.116652	3.71903	1.12505	0.0659299
4040000	-20.7635	0	-20.7635	0.0437153	0.375754	0.117647	0.243234	0.110844	0.108584	2.55001	0.602529	0.204799
4050000	-23.06282	0	-23.06282	0.267073	0.354309	0.178535	0.656285	0.153568	0.088072	7.9905	1.84575	0.306145
4060000	-24.84673	0	-24.84673	0.162642	0.132365	0.26102	0.433692	0.133262	0.231197	3.57343	1.27679	0.0412268
4070000	-27.51213	0	-27.51213	0.0978342	0.103198	0.159836	0.597184	0.124419	0.100784	2.54741	0.881433	0.0663035
4080000	-21.25575	0	-21.25575	0.194576	0.122245	0.147425	0.269723	0.26871	0.0834125	3.87684	3.06724	0.0319867
4090000	-28.08826	0	-28.08826	0.0556866	0.166961	0.13652	0.50562	0.0736649	0.126905	3.06972	1.09504	0.00839674
4100000	-27.91664	0	-27.91664	0.140179	0.138194	0.256566	0.283872	0.0863774	0.0804839	1.96047	3.32298	0.108046
4110000	-23.0655	0	-23.0655	0.0888886	0.141599	0.112404	0.166769	0.0963742	0.100098	2.75219	1.14969	0.233616
4120000	-27.94937	0	-27.94937	0.0459655	0.144426	0.117798	0.453012	0.205513	0.168781	4.23936	0.639987	0.209773
4130000	-21.9333	0	-21.9333	0.0399779	0.16051	0.123908	0.17953	0.148521	0.11019	6.9245	0.736785	0.0630478
4140000	-24.88978	0	-24.88978	0.128487	0.116443	0.232596	0.424613	0.104574	0.121427	4.12174	0.875411	0.0452395
4150000	-29.17367	0	-29.17367	0.106512	0.228241	0.22485	0.539144	0.339048	0.15775	3.53102	1.07004	0.419676
4160000	-28.29453	0	-28.29453	0.157523	0.175909	0.249884	0.334991	0.152029	0.131644	3.53615	0.713906	0.0333491
4170000	-27.71268	0	-27.71268	0.198704	0.183504	0.177292	0.409982	0.369594	0.0930218	2.23836	0.983447	0.162523
4180000	-27.26445	0	-27.26445	0.0910182	0.179163	0.248853	0.216787	0.142867	0.0730795	3.14474	1.66487	0.647705
4190000	-27.47975	0	-27.47975	0.0463295	0.0747232	0.329633	0.216551	0.140135	0.121356	7.48139	2.04109	0.0991749
4200000	-21.82464	0	-21.82464	0.16371	0.132134	0.0963582	0.343644	0.204996	0.19024	4.89906	2.35449	0.135346
4210000	-20.70276	0	-20.70276	0.0536428	0.112924	0.139809	0.294641	0.205403	0.0432079	3.70574	1.6801	0.539631
4220000	-28.07401	0	-28.07401	0.0867613	0.0660456	0.221005	0.211095	0.116856	0.122951	2.52581	0.925081	0.139332
4230000	-30.2278	0	-30.2278	0.233634	0.0639414	0.421644	0.307214	0.0642135	0.196166	2.42551	1.95725	0.533192
4240000	-22.68605	0	-22.68605	0.0901233	0.177561	0.206556	0.164495	0.19679	0.115317	4.36679	1.03111	0.0168313
4250000	-29.43588	0	-29.43588	0.117602	0.0711409	0.412942	0.469037	0.21797	0.109512	5.3656	1.1462	0.0655928
4260000	-19.01271	0	-19.01271	0.0908927	0.335544	0.146099	0.611059	0.204381	0.171846	3.11226	2.14721	1.60473
4270000	-22.42553	0	-22.42553	0.0615974	0.107224	0.174281	0.181029	0.0620798	0.0868875	2.00886	1.06261	0.137936
4280000	-23.2166	0	-23.2166	0.111307	0.125777	0.383641	0.180717	0.098065	0.088119	3.50701	0.707822	0.131236
4290000	-27.40687	0	-27.40687	0.130608	0.223178	0.322688	0.417683	0.277578	0.134375	2.10051	0.569249	0.124144
4300000	-28.21369	0	-28.21369	0.0523103	0.146167	0.272289	0.585658	0.0413407	0.0780531	2.42783	1.09139	0.0167134
4310000	-22.68154	0	-22.68154	0.0698576	0.122651	0.353751	0.34143	0.22649	0.144171	3.88461	1.783	0.0929826
4320000	-22.64482	0	-22.64482	0.0974132	0.121207	0.280166	0.383518	0.133572	0.103987	4.37025	1.19853	0.519457
4330000	-32.67897	0	-32.67897	0.104151	0.123784	0.303102	0.162076	0.111902	0.204308	1.54659	1.57287	0.0211566
4340000	-36.49976	0	-36.49976	0.385882	0.147937	0.191021	0.613668	0.0909095	0.118329	2.2506	1.26553	0.035962
4350000	-22.91572	0	-22.91572	0.0991515	0.123135	0.186255	0.488084	0.155711	0.118695	3.75461	1.37025	3.78883
4360000	-32.79565	0	-32.79565	0.135666	0.140929	0.337616	0.264458	0.106946	0.083096	2.2834	1.39687	0.0737435
4370000	-20.28941	0	-20.28941	0.0907205	0.255683	0.214938	0.299224	0.249258	0.0637558	4.71337	0.952653	0.742429
4380000	-31.67651	0	-31.67651	0.156803	0.148264	0.167862	0.120141	0.113881	0.104957	3.86456	1.14916	0.0770992
4390000	-28.64791	0	-28.64791	0.154288	0.166814	0.164494	0.337168	0.18899	0.102101	5.3046	0.793493	0.0393345
4400000	-28.30928	0	-28.30928	0.0416918	0.103261	0.761804	0.284312	0.228983	0.21287	4.08787	0.739077	0.481813
4410000	-26.75361	0	-26.75361	0.0840929	0.055635	0.137824	0.341221	0.224964	0.133226	2.18453	0.812715	0.132755
4420000	-37.82859	0	-37.82859	0.41734	0.0987628	0.225354	0.197578	0.050911	0.17765	4.90856	1.65323	0.332119
4430000	-20.56164	0	-20.56164	0.118737	0.248065	0.238939	0.676582	0.391007	0.126702	3.31095	2.18674	0.245852
4440000	-20.5056	0	-20.5056	0.121413	0.164513	0.223878	0.40047	0.0895946	0.0806475	7.08226	1.21559	0.212003
4450000	-19.2022	0	-19.2022	0.0966789	0.128338	0.168408	0.292163	0.127975	0.0747588	4.63537	1.40415	0.638636
4460000	-24.90018	0	-24.90018	0.092897	0.0524528	0.21073	0.225068	0.12509	0.066196	2.4028	0.656403	0.0434405
4470000	-24.84252	0	-24.84252	0.170324	0.149544	0.260365	0.241204	0.114309	0.106634	2.43804	1.85878	0.303842
4480000	-22.44113	0	-22.44113	0.185375	0.286387	0.27263	0.573718	0.152379	0.100022	6.3905	1.27208	0.62917
4490000	-17.94037	0	-17.94037	0.163522	0.269065	0.189437	0.3989	0.0529446	0.104492	3.20396	1.27524	0.218925
4500000	-30.85242	0	-30.85242	0.0435623	0.189994	0.362639	0.572586	0.0828734	0.0884071	1.76331	1.26816	0.542812
4510000	-24.2493	0	-24.2493	0.0646956	0.299254	0.232882	0.434624	0.154952	0.232806	3.48333	1.48493	0.0310896
4520000	-30.09802	0	-30.09802	0.171218	0.174872	0.11839	0.358794	0.141085	0.0599994	5.25441	1.22987	0.0105487
4530000	-26.75998	0	-26.75998	0.211889	0.242285	0.210054	0.390422	0.096113	0.160652	1.98424	0.631945	0.120107
4540000	-34.857	0	-34.857	0.115593	0.147821	0.18998	0.435193	0.276105	0.108976	6.41825	1.18463	0.080184
4550000	-19.10762	0	-19.10762	0.140609	0.208002	0.342857	0.198999	0.0984048	0.193158	3.97915	1.43602	0.391488
4560000	-26.52016	0	-26.52016	0.107974	0.227748	0.599094	0.157499	0.166053	0.181316	2.26244	2.24817	0.379693
4570000	-17.30572	0	-17.30572	0.213226	0.380942	0.180578	0.288484	0.124187	0.101325	4.54837	1.12847	0.514788
4580000	-30.43214	0	-30.43214	0.0527417	0.120843	0.106922	0.183518	0.166596	0.0933229	8.96903	0.931117	0.0354568
4590000	-36.02991	0	-36.02991	0.120229	0.188507	0.244111	0.250016	0.124085	0.0902941	0.760702	0.471616	0.0613654
4600000	-35.00285	0	-35.00285	0.0547373	0.204972	0.355391	0.234138	0.5312	0.0909426	4.10281	0.815476	0.0580138
4610000	-29.14868	0	-29.14868	0.0774414	0.215615	0.19957	0.539036	0.0880132	0.097625	3.67674	0.375512	0.0153592
4620000	-33.21736	0	-33.21736	0.0578845	0.328456	0.134072	0.295802	0.145684	0.104101	7.28776	0.395256	0.0624839
4630000	-25.2701	0	-25.2701	0.0989782	0.111746	0.416193	0.343339	0.0892841	0.187304	4.71621	2.72709	0.181316
4640000	-22.97217	0	-22.97217	0.0786205	0.158354	0.153082	0.362215	0.222074	0.0647832	2.85426	0.625267	0.14531
4650000	-25.08499	0	-25.08499	0.126314	0.0709454	0.324712	0.340239	0.150738	0.1461	2.25754	1.82847	0.387122
4660000	-26.62027	0	-26.62027	0.303544	0.171604	0.229877	0.331592	0.248095	0.114723	5.07484	1.93036	0.660651
4670000	-25.57602	0	-25.57602	0.117897	0.348821	0.0802382	0.381098	0.12648	0.249384	2.8759	1.34837	0.188816
4680000	-27.33171	0	-27.33171	0.154082	0.153344	0.12196	0.15679	0.0706728	0.0580504	4.2357	0.83451	0.0522542
4690000	-19.91854	0	-19.91854	0.0664016	0.320574	0.218096	0.205378	0.313931	0.0819665	6.30795	1.27745	0.86197
4700000	-17.47773	0	-17.47773	0.039181	0.320521	0.190098	0.288297	0.247463	0.0883611	2.83697	2.72676	0.737118
4710000	-30.41317	0	-30.41317	0.0935213	0.143591	0.148714	0.398251	0.0706413	0.107926	5.01363	0.435461	0.0672002
4720000	-23.60924	0	-23.60924	0.107528	0.300534	0.101045	0.290043	0.270724	0.183505	5.19699	3.42467	0.836891
4730000	-20.7566	0	-20.7566	0.12556	0.0876224	0.136958	0.346496	0.0972332	0.075781	4.43463	1.48723	0.453117
4740000	-20.34926	0	-20.34926	0.119244	0.0809473	0.235568	0.41253	0.120376	0.10142	3.38696	1.05339	0.275153
4750000	-25.20149	0	-25.20149	0.0982825	0.143688	0.293805	0.417169	0.146837	0.152748	3.49861	1.48724	0.109268
4760000	-20.24855	0	-20.24855	0.127791	0.164385	0.197997	0.13364	0.144332	0.209748	3.11065	1.34542	1.11613
4770000	-31.44127	0	-31.44127	0.168625	0.234253	0.107279	0.524326	0.113803	0.154655	5.65117	1.67393	0.0812027
4780000	-29.61499	0	-29.61499	0.115834	0.106249	0.184731	0.316926	0.140702	0.0481303	1.10019	1.76766	0.0173318
4790000	-27.93846	0	-27.93846	0.0926684	0.122696	0.298059	0.241957	0.174301	0.0987133	5.06734	1.25561	0.0160699
4800000	-22.37793	0	-22.37793	0.188428	0.240711	0.180121	0.35203	0.159728	0.104867	2.00843	1.42681	0.29887
4810000	-25.76697	0	-25.76697	0.0953898	0.0825863	0.35455	0.341441	0.191192	0.147551	1.53116	0.724893	0.395258
4820000	-22.29518	0	-22.29518	0.100837	0.0875087	0.443029	0.302696	0.152127	0.250101	2.48505	0.932298	0.257826
4830000	-28.53501	0	-28.53501	0.0510839	0.185179	0.140238	0.30363	0.120492	0.137356	3.30604	0.926848	0.164324
4840000	-23.39111	0	-23.39111	0.100956	0.0592491	0.208471	0.367897	0.142468	0.125438	2.59549	1.07787	0.0454434
4850000	-27.01112	0	-27.01112	0.0635456	0.105582	0.904773	0.129036	0.0566517	0.0629349	3.48958	0.760728	0.318999
4860000	-26.29917	0	-26.29917	0.0932822	0.261068	0.54141	0.389413	0.121656	0.223343	1.63942	1.96009	0.242983
4870000	-27.26036	0	-27.26036	0.171846	0.107837	0.212409	0.339226	0.17944	0.0789314	1.73178	0.504264	0.402035
4880000	-26.62579	0	-26.62579	0.189729	0.181358	0.216585	0.210047	0.133726	0.118834	2.7829	0.899662	0.143237
4890000	-24.8553	0	-24.8553	0.0641041	0.0959454	0.183751	0.242337	0.0972925	0.104025	2.22527	1.08993	0.0251124
4900000	-18.55118	0	-18.55118	0.157581	0.0696162	0.154408	0.221379	0.241293	0.1888	3.63509	3.36631	0.488503
4910000	-30.5184	0	-30.5184	0.103676	0.207906	0.323475	0.324067	0.498212	0.10074	1.4661	1.4366	0.0591931
4920000	-24.95632	0	-24.95632	0.111925	0.302315	0.13733	0.195581	0.293472	0.0699266	1.08935	0.722514	0.0365606
4930000	-24.5072	0	-24.5072	0.100836	0.168997	0.199543	0.36932	0.113207	0.079007	4.80484	0.738721	0.0202987
4940000	-18.85959	0	-18.85959	0.208898	0.153905	0.429664	0.288445	0.0824044	0.0727874	5.30535	1.17704	0.368502
4950000	-30.93482	0	-30.93482	0.225491	0.136133	0.525061	0.669069	0.290662	0.134375	2.60782	1.65229	0.256255
4960000	-14.9641	0	-14.9641	0.0938639	0.222774	0.338147	0.221645	0.184952	0.13859	4.94154	1.60962	1.0882
4970000	-32.23803	0	-32.23803	0.0850228	0.0701281	0.195544	0.287027	0.16633	0.306813	3.6056	1.60269	0.105599
4980000	-20.87287	0	-20.87287	0.0741823	0.125451	0.236516	0.290027	0.208933	0.0868111	5.4793	0.918442	0.387671
4990000	-18.25772	0	-18.25772	0.113574	0.184873	0.151359	0.400489	0.0810922	0.0575434	2.19008	1.72119	1.79361
5000000	-26.95384	0	-26.95384	0.0510267	0.112675	0.266916	0.289762	0.142203	0.112651	1.37368	0.724563	0.123882
