Iteration	Posterior	Likelihood	Prior	lambda[1]	lambda[2]	lambda[3]	mu[1]	mu[2]	mu[3]	psi[1]	psi[2]	psi[3]
0	-59.96379	0	-59.96379	0.109432	0.0602759	0.173616	0.142162	0.132924	0.219366	0.746845	0.642861	0.411019
10000	-34.07791	0	-34.07791	0.162961	0.196954	0.401845	0.16474	0.14479	0.109658	1.13338	0.972951	0.776829
20000	-42.90231	0	-42.90231	0.136115	0.0949071	0.347038	0.288943	0.17402	0.25281	0.374068	0.837504	0.344626
30000	-40.65802	0	-40.65802	0.162655	0.114232	0.148424	0.121612	0.281453	0.198174	0.395094	1.49527	1.18099
40000	-26.86169	0	-26.86169	0.122681	0.0820267	0.25769	0.278952	0.212626	0.18277	0.623726	2.40999	1.02671
50000	-46.5151	0	-46.5151	0.330402	0.0672587	0.175838	0.173129	0.148358	0.168801	0.479069	2.06257	1.0735
60000	-41.98091	0	-41.98091	0.0719828	0.140207	0.178902	0.288776	0.785683	0.150833	1.28968	0.940465	0.352176
70000	-38.77934	0	-38.77934	0.209051	0.0965086	0.271829	0.176313	0.111327	0.157345	2.57851	1.21701	0.565878
80000	-39.35978	0	-39.35978	0.356989	0.252996	0.231502	0.0856829	0.449637	0.0794186	1.20197	0.956588	0.69401
90000	-35.95009	0	-35.95009	0.327685	0.141105	0.309346	0.157306	0.332699	0.110015	0.765528	1.43749	0.991536
100000	-48.38088	0	-48.38088	0.184873	0.0528028	0.355212	0.269687	0.216094	0.111417	1.28143	1.01389	0.488923
110000	-36.64731	0	-36.64731	0.178141	0.104066	0.273452	0.207845	0.366996	0.155981	0.687956	2.12181	0.865618
120000	-43.88587	0	-43.88587	0.138733	0.118972	0.215047	0.48294	0.290529	0.113929	0.37886	0.591153	0.75987
130000	-39.92498	0	-39.92498	0.0800815	0.147313	0.231916	0.177938	0.208725	0.232443	1.42554	0.605561	0.459713
140000	-46.1368	0	-46.1368	0.101445	0.121466	0.165762	0.156278	0.318093	0.228023	0.445763	1.67173	0.664018
150000	-29.5271	0	-29.5271	0.146905	0.201591	0.305492	0.239697	0.138424	0.300256	2.00292	2.44368	1.28607
160000	-39.20724	0	-39.20724	0.0937057	0.111393	0.203621	0.237922	0.13843	0.205329	1.57941	0.447526	0.778775
170000	-34.14386	0	-34.14386	0.145517	0.0880393	0.287254	0.310782	0.169964	0.114354	0.120645	0.788433	0.803811
180000	-28.58081	0	-28.58081	0.0982708	0.166069	0.216898	0.187362	0.145488	0.226087	3.57743	3.17833	1.25226
190000	-32.72247	0	-32.72247	0.10366	0.108599	0.189716	0.0907482	0.193637	0.521839	2.35963	1.02631	0.579601
200000	-36.68343	0	-36.68343	0.132686	0.15664	0.32591	0.12472	0.0996428	0.257545	1.47359	1.59475	0.73974
210000	-47.05348	0	-47.05348	0.273878	0.0875442	0.166916	0.19271	0.155448	0.13414	0.790053	1.5943	0.79848
220000	-34.33338	0	-34.33338	0.257085	0.254006	0.294141	0.367033	0.109519	0.142519	0.449918	1.37321	1.26257
230000	-42.71404	0	-42.71404	0.239828	0.183095	0.208467	0.391205	0.319374	0.196688	0.0451672	0.25706	0.808533
240000	-33.11014	0	-33.11014	0.187829	0.205255	0.216336	0.139594	0.201541	0.146054	0.249675	1.44837	1.42445
250000	-31.49699	0	-31.49699	0.0974848	0.150807	0.312369	0.230154	0.0759495	0.122465	0.916558	1.17717	0.625957
260000	-38.71893	0	-38.71893	0.181783	0.131301	0.229826	0.178155	0.13957	0.113894	1.08075	1.77811	0.40352
270000	-36.00207	0	-36.00207	0.147793	0.134379	0.251281	0.216302	0.316698	0.115239	0.278491	2.8915	1.29972
280000	-33.71445	0	-33.71445	0.128093	0.165727	0.375145	0.0681609	0.228657	0.205449	3.40435	1.34251	0.900982
290000	-39.04808	0	-39.04808	0.092316	0.150043	0.151096	0.13676	0.413066	0.0604748	0.379279	1.21281	0.662395
300000	-40.32591	0	-40.32591	0.105587	0.309033	0.307701	0.218286	0.252486	0.138413	0.947936	1.17331	0.729941
310000	-39.05196	0	-39.05196	0.0960506	0.136568	0.214711	0.167979	0.224056	0.165956	0.555983	0.723871	0.247316
320000	-36.78158	0	-36.78158	0.0382614	0.141552	0.408658	0.381175	0.218971	0.210442	0.239527	1.33437	1.50775
330000	-45.70268	0	-45.70268	0.0813308	0.293023	0.493122	0.220801	0.169536	0.267921	2.12975	7.87878	0.328853
340000	-43.61014	0	-43.61014	0.166712	0.0693417	0.12546	0.571636	0.149326	0.142771	2.33476	0.686912	0.573347
350000	-38.70683	0	-38.70683	0.170081	0.170166	0.331074	0.198266	0.117793	0.101417	0.385501	0.829311	0.642288
360000	-25.44943	0	-25.44943	0.146719	0.13895	0.291996	0.104632	0.210736	0.176593	1.59717	1.90309	1.65056
370000	-27.53126	0	-27.53126	0.128335	0.0615812	0.290068	0.178041	0.260921	0.300656	1.03954	2.97283	0.915083
380000	-35.61118	0	-35.61118	0.0902216	0.0760206	0.383993	0.276228	0.0799496	0.278772	0.678393	0.554367	1.0258
390000	-35.14122	0	-35.14122	0.126868	0.1485	0.221982	0.133141	0.206261	0.113603	0.374917	3.25096	0.626381
400000	-37.56044	0	-37.56044	0.0585199	0.246499	0.353533	0.148357	0.379497	0.133401	5.19037	1.14422	0.530371
410000	-40.31605	0	-40.31605	0.4195	0.103341	0.170302	0.277825	0.285969	0.120134	1.52828	0.92585	0.378325
420000	-35.16415	0	-35.16415	0.139232	0.112913	0.475253	0.150676	0.578739	0.1528	1.53365	2.34194	0.468992
430000	-40.89801	0	-40.89801	0.106517	0.0845806	0.242775	0.429394	0.340758	0.116401	0.360043	0.818345	0.354787
440000	-36.56083	0	-36.56083	0.0786246	0.101943	0.12543	0.306267	0.165977	0.206833	0.310389	0.768505	1.14059
450000	-39.47223	0	-39.47223	0.072134	0.0737554	0.231297	0.132205	0.206528	0.473333	0.861159	1.09574	0.699795
460000	-31.48127	0	-31.48127	0.117803	0.0393882	0.318485	0.195819	0.162549	0.160103	3.781	0.707332	1.10562
470000	-39.31278	0	-39.31278	0.108862	0.100035	0.284407	0.144457	0.117428	0.201041	1.23333	1.39243	0.918289
480000	-35.23899	0	-35.23899	0.163524	0.111488	0.263811	0.187283	0.524287	0.140614	0.540265	3.204	0.541812
490000	-42.3289	0	-42.3289	0.0892728	0.183805	0.37662	0.264038	0.237916	0.260119	1.36121	1.94259	0.769071
500000	-36.27915	0	-36.27915	0.202531	0.135732	0.424127	0.609195	0.18994	0.23412	0.709654	2.18539	0.673499
510000	-29.21903	0	-29.21903	0.077177	0.115463	0.15766	0.361814	0.213325	0.130164	1.15952	1.34166	0.755381
520000	-38.95163	0	-38.95163	0.0857476	0.12337	0.198797	0.239249	0.0877881	0.190843	0.508638	0.356882	0.442117
530000	-39.37868	0	-39.37868	0.0527163	0.142164	0.341281	0.449778	0.186325	0.0762381	0.240487	0.276048	0.608824
540000	-49.89973	0	-49.89973	0.2196	0.240068	0.209714	0.1624	0.293604	0.149343	1.88804	1.74347	0.512256
550000	-39.14461	0	-39.14461	0.118661	0.129896	0.264137	0.370436	0.278592	0.0994249	1.06836	1.78728	0.38503
560000	-42.04657	0	-42.04657	0.0553368	0.07961	0.412599	0.249589	0.386316	0.0665875	0.212707	0.451928	0.560087
570000	-33.41455	0	-33.41455	0.0967771	0.0853965	0.445608	0.206056	0.131668	0.358499	2.66513	1.489	1.12911
580000	-37.39971	0	-37.39971	0.48716	0.0945409	0.410472	0.132702	0.130811	0.149552	0.76311	0.899294	0.96414
590000	-34.07901	0	-34.07901	0.077226	0.0698974	0.423822	0.123341	0.189789	0.253286	0.254754	1.06253	0.433117
600000	-42.62276	0	-42.62276	0.173794	0.0734388	0.124154	0.3174	0.340544	0.0818318	1.94765	1.2631	0.386101
610000	-43.84475	0	-43.84475	0.311125	0.10021	0.427784	0.672395	0.238342	0.0706345	2.57032	0.956362	0.597537
620000	-28.54403	0	-28.54403	0.0482551	0.120373	0.476772	0.381245	0.159628	0.299698	0.721683	0.761524	1.82192
630000	-44.46047	0	-44.46047	0.0618822	0.0429702	0.493265	0.472317	0.143419	0.142746	0.902715	1.19455	0.453312
640000	-35.52891	0	-35.52891	0.144534	0.122364	0.26369	0.202694	0.361344	0.0466418	3.77382	0.612379	0.488837
650000	-36.42604	0	-36.42604	0.191883	0.0777691	0.473109	0.102784	0.202298	0.0968258	1.02635	1.21077	0.634714
660000	-31.51511	0	-31.51511	0.0826225	0.122596	0.18158	0.268942	0.251098	0.183409	0.812046	0.950795	0.988623
670000	-40.8901	0	-40.8901	0.28736	0.0744874	0.288036	0.110785	0.366645	0.132719	3.72582	1.34332	1.05704
680000	-31.80117	0	-31.80117	0.11617	0.0719527	0.35637	0.202201	0.235055	0.172015	1.2376	0.479446	0.716889
690000	-45.78671	0	-45.78671	0.032961	0.114497	0.273864	0.631098	0.161826	0.159048	0.491111	1.33585	0.378021
700000	-34.97846	0	-34.97846	0.0879494	0.122648	0.276959	0.243805	0.322529	0.139338	0.590843	0.431711	0.400331
710000	-37.19628	0	-37.19628	0.2333	0.0661975	0.308806	0.157203	0.136394	0.206145	2.70652	0.527282	1.81902
720000	-42.91722	0	-42.91722	0.206117	0.196931	0.359644	0.434837	0.334253	0.111198	0.636473	0.434884	0.480919
730000	-36.21442	0	-36.21442	0.271415	0.0838281	0.166338	0.203791	0.135993	0.0986797	0.380595	1.21408	0.97621
740000	-27.94258	0	-27.94258	0.114031	0.0751285	0.31741	0.118728	0.161315	0.121368	1.72748	2.27649	1.15134
750000	-37.3032	0	-37.3032	0.10965	0.10687	0.242279	0.320728	0.171607	0.0677843	0.0485954	0.976267	1.09635
760000	-49.77531	0	-49.77531	0.124251	0.109141	0.219856	0.696846	0.295846	0.109296	2.46901	0.548003	0.4861
770000	-35.76782	0	-35.76782	0.0958395	0.0861466	0.150126	0.167274	0.209467	0.129204	0.812203	2.0182	0.571211
780000	-42.96978	0	-42.96978	0.234844	0.102017	0.257312	0.193845	0.127444	0.176434	0.0673242	0.570356	0.26533
790000	-33.18588	0	-33.18588	0.0561448	0.107675	0.200357	0.246061	0.262715	0.286276	2.29872	0.748624	0.844319
800000	-39.35023	0	-39.35023	0.119357	0.0939869	0.121362	0.150973	0.276399	0.107629	0.372649	0.645886	0.594714
810000	-46.04567	0	-46.04567	0.120447	0.257671	0.303643	0.309854	0.267825	0.0833759	0.0776482	1.69686	0.636124
820000	-36.92252	0	-36.92252	0.132953	0.131417	0.259279	0.240357	0.0937575	0.224825	0.0293805	1.20099	0.666832
830000	-43.49015	0	-43.49015	0.0592518	0.13489	0.164864	0.0849686	0.282496	0.0956889	1.56762	0.7057	0.477352
840000	-36.19561	0	-36.19561	0.0758476	0.163523	0.455733	0.123762	0.136388	0.221153	0.702209	1.34139	0.833944
850000	-35.64587	0	-35.64587	0.205634	0.0924625	0.20874	0.189942	0.169235	0.305059	0.654394	2.46632	1.27457
860000	-47.97006	0	-47.97006	0.289365	0.054443	0.227596	0.230721	0.221075	0.152317	0.523176	0.569332	0.210288
870000	-37.07339	0	-37.07339	0.216817	0.056404	0.17292	0.152885	0.251848	0.172404	0.379824	1.18569	0.456707
880000	-42.51361	0	-42.51361	0.127711	0.11204	0.362786	0.236933	0.351329	0.0538544	0.685942	0.538883	0.394122
890000	-39.79144	0	-39.79144	0.172858	0.157386	0.280503	0.229703	0.104433	0.122087	0.107926	1.20671	0.665029
900000	-33.07348	0	-33.07348	0.200061	0.0904915	0.232398	0.143733	0.17349	0.151396	0.962461	1.407	0.424699
910000	-31.70635	0	-31.70635	0.105277	0.16074	0.213639	0.294607	0.105542	0.3111	0.300935	1.34057	1.52876
920000	-36.82005	0	-36.82005	0.113784	0.110729	0.233534	0.345094	0.0494459	0.155775	0.307389	0.405899	0.674187
930000	-36.98217	0	-36.98217	0.398705	0.0615931	0.205521	0.462998	0.243493	0.136695	0.58124	1.32715	0.784428
940000	-44.36348	0	-44.36348	0.240341	0.100369	0.201926	0.498996	0.157418	0.0885068	0.182671	0.480957	0.834711
950000	-53.96039	0	-53.96039	0.156763	0.0931539	0.314643	0.404756	0.353851	0.151002	0.886652	0.788326	1.10849
960000	-37.73815	0	-37.73815	0.145794	0.0959199	0.427614	0.289384	0.179613	0.109925	1.18611	2.02556	0.937846
970000	-42.7468	0	-42.7468	0.155023	0.157792	0.722928	0.132363	0.20515	0.408996	1.79542	2.99173	0.433695
980000	-29.17408	0	-29.17408	0.131949	0.166798	0.371288	0.326779	0.115397	0.20087	0.0618987	0.507131	1.08402
990000	-37.64643	0	-37.64643	0.0772915	0.0799554	0.211785	0.21364	0.232089	0.362415	0.415114	1.29625	0.887754
1000000	-40.67787	0	-40.67787	0.0925663	0.147796	0.232573	0.191743	0.305286	0.29464	1.80799	0.978927	0.327914
1010000	-37.49375	0	-37.49375	0.0802947	0.0776895	0.145895	0.224581	0.180215	0.127003	0.312552	0.234104	0.852979
1020000	-33.83319	0	-33.83319	0.0666203	0.0338111	0.296792	0.0601009	0.269764	0.273899	1.88252	1.90618	2.00654
1030000	-31.8615	0	-31.8615	0.137024	0.0653825	0.190821	0.166298	0.247438	0.148047	2.56686	1.40385	0.692076
1040000	-29.64961	0	-29.64961	0.086681	0.101979	0.215513	0.0871319	0.191809	0.247388	1.68868	2.09262	0.672247
1050000	-34.41513	0	-34.41513	0.233197	0.175767	0.199151	0.344926	0.36059	0.111585	2.88185	1.19049	0.660864
1060000	-35.8452	0	-35.8452	0.211344	0.103638	0.126201	0.12159	0.199758	0.107649	0.882451	1.39543	0.738597
1070000	-39.85664	0	-39.85664	0.132066	0.0323635	0.421437	0.178551	0.294933	0.420468	2.17409	1.6042	0.588524
1080000	-42.60894	0	-42.60894	0.0943531	0.268135	0.298619	0.28121	0.0839572	0.155207	0.0694003	0.560461	0.576251
1090000	-43.13681	0	-43.13681	0.119525	0.192333	0.432572	0.407243	0.345081	0.243191	0.0813052	0.884255	0.947015
1100000	-34.07131	0	-34.07131	0.0943361	0.0752286	0.267723	0.140114	0.225423	0.133324	0.646164	1.14707	0.39285
1110000	-44.57169	0	-44.57169	0.109361	0.372731	0.333496	0.314401	0.101795	0.157743	0.197636	0.726223	0.826853
1120000	-37.92881	0	-37.92881	0.0695377	0.145862	0.193387	0.2303	0.201811	0.117787	1.21076	2.12481	0.241446
1130000	-40.22652	0	-40.22652	0.227369	0.0985866	0.252451	0.147069	0.162006	0.13167	0.155104	3.60092	0.255191
1140000	-43.73224	0	-43.73224	0.23308	0.0661945	0.226389	0.261236	0.139506	0.0613184	1.66892	0.858639	0.36448
1150000	-43.18492	0	-43.18492	0.313818	0.0723205	0.377176	0.107224	0.382544	0.161724	0.394637	1.9002	0.762356
1160000	-37.11984	0	-37.11984	0.0708804	0.11442	0.245398	0.462292	0.143674	0.144449	1.68647	0.601376	1.83266
1170000	-37.48847	0	-37.48847	0.147083	0.0779008	0.212376	0.243984	0.333505	0.11241	0.542539	2.44965	0.643745
1180000	-34.64646	0	-34.64646	0.343277	0.143743	0.209113	0.185492	0.411378	0.117985	2.61559	0.897508	0.821824
1190000	-43.94762	0	-43.94762	0.148734	0.162175	0.311489	0.242407	0.469002	0.135832	1.46279	1.12891	0.376897
1200000	-32.85539	0	-32.85539	0.0866978	0.114868	0.203213	0.101569	0.266669	0.0630266	1.19101	1.56842	1.30256
1210000	-25.6286	0	-25.6286	0.0753996	0.0787231	0.378085	0.106048	0.163238	0.146457	3.27275	2.07872	2.21308
1220000	-44.45725	0	-44.45725	0.12316	0.327221	0.292161	0.277134	0.202867	0.304319	0.506535	0.668319	0.687626
1230000	-35.36348	0	-35.36348	0.18718	0.181316	0.377938	0.141471	0.195182	0.107021	4.27257	0.362069	0.570457
1240000	-42.40035	0	-42.40035	0.109453	0.185564	0.143389	0.551345	0.241303	0.0784414	0.478161	3.3736	0.423281
1250000	-32.9289	0	-32.9289	0.190176	0.210152	0.287412	0.168293	0.250926	0.158608	1.53711	0.838226	0.524735
1260000	-24.69098	0	-24.69098	0.0741817	0.0516474	0.287154	0.1834	0.272112	0.206706	0.738881	1.4188	0.829285
1270000	-38.08004	0	-38.08004	0.203022	0.118509	0.274805	0.302165	0.511644	0.098298	1.70094	0.666773	1.095
1280000	-25.39606	0	-25.39606	0.131338	0.119588	0.386464	0.134963	0.264633	0.170323	0.506771	3.23273	1.378
1290000	-35.22205	0	-35.22205	0.119808	0.0557207	0.462501	0.131067	0.23943	0.0800013	0.51733	0.703655	0.683469
1300000	-44.45994	0	-44.45994	0.146566	0.130072	0.332987	0.323913	0.365517	0.0772603	0.951324	2.73437	0.323822
1310000	-34.17867	0	-34.17867	0.115796	0.193263	0.335979	0.163154	0.199709	0.173942	0.759801	0.711812	1.09184
1320000	-33.7032	0	-33.7032	0.0896956	0.107237	0.228504	0.21559	0.193927	0.112241	0.233675	0.797927	0.372645
1330000	-43.91571	0	-43.91571	0.0823072	0.101656	0.215404	0.35035	0.371578	0.0664352	1.37491	0.820208	0.643968
1340000	-34.92816	0	-34.92816	0.0752656	0.129322	0.250232	0.142409	0.130323	0.241845	0.316795	2.41074	0.635218
1350000	-37.1507	0	-37.1507	0.0764527	0.0445131	0.453321	0.126248	0.242584	0.0856715	1.00172	0.411615	0.458526
1360000	-52.27991	0	-52.27991	0.345562	0.111419	0.367733	0.187605	0.434227	0.14265	0.581288	1.25685	0.269201
1370000	-32.869	0	-32.869	0.205593	0.10627	0.169423	0.147321	0.14733	0.179995	0.629557	2.12091	1.48549
1380000	-43.71761	0	-43.71761	0.0818517	0.0538105	0.249461	0.133093	0.440166	0.0902688	1.66996	0.611061	0.188602
1390000	-44.32746	0	-44.32746	0.0908275	0.0966499	0.168832	0.202642	0.137253	0.0864468	0.37064	0.881817	0.203853
1400000	-44.44611	0	-44.44611	0.12016	0.131616	0.229132	0.623662	0.358192	0.211493	0.222147	0.224662	0.622806
1410000	-48.33532	0	-48.33532	0.122369	0.180092	0.364265	0.418377	0.403151	0.0790524	0.948069	0.458441	0.452979
1420000	-35.82929	0	-35.82929	0.0404784	0.0736884	0.172347	0.236763	0.231313	0.280213	0.144031	0.944416	1.09193
1430000	-34.05253	0	-34.05253	0.0937377	0.13251	0.312943	0.144399	0.213078	0.207762	1.17723	1.21651	0.532048
1440000	-41.71187	0	-41.71187	0.164117	0.114342	0.388023	0.124938	0.309758	0.077039	0.829992	1.38586	0.487897
1450000	-36.9451	0	-36.9451	0.135298	0.117485	0.232312	0.246694	0.137273	0.140529	0.865445	1.0229	0.255292
1460000	-35.47333	0	-35.47333	0.0818099	0.248559	0.246145	0.174656	0.0846324	0.253848	0.283535	1.53955	0.646992
1470000	-31.37246	0	-31.37246	0.107978	0.115657	0.404022	0.264732	0.173819	0.194591	0.545702	1.73218	1.36468
1480000	-34.5529	0	-34.5529	0.0531552	0.0545979	0.367307	0.186477	0.442283	0.0778648	0.412413	0.921052	0.504239
1490000	-44.23956	0	-44.23956	0.0516305	0.112029	0.192429	0.36025	0.101777	0.0744914	0.583621	1.96074	0.237988
1500000	-37.39885	0	-37.39885	0.130291	0.118249	0.57595	0.11784	0.238416	0.236723	0.357883	0.748294	0.677003
1510000	-34.56249	0	-34.56249	0.0767764	0.0941354	0.302109	0.138929	0.258927	0.225582	0.455529	1.16458	0.261201
1520000	-36.79073	0	-36.79073	0.128555	0.0769551	0.318276	0.311798	0.0731651	0.116292	1.36988	0.728281	0.64845
1530000	-44.2376	0	-44.2376	0.155333	0.146917	0.413999	0.124923	0.120162	0.14599	0.653428	0.997532	0.280003
1540000	-35.61402	0	-35.61402	0.366627	0.121498	0.328903	0.182521	0.197342	0.20551	0.494538	1.25797	0.884666
1550000	-38.762	0	-38.762	0.0803389	0.122868	0.28817	0.272091	0.41983	0.163828	0.215112	1.14524	1.01527
1560000	-35.18516	0	-35.18516	0.181186	0.126668	0.256462	0.21052	0.20016	0.26618	1.18255	1.01761	0.743817
1570000	-28.51215	0	-28.51215	0.0620885	0.108731	0.156472	0.233443	0.172042	0.137867	3.84208	7.80094	2.52738
1580000	-38.99352	0	-38.99352	0.101659	0.182183	0.19844	0.19893	0.156722	0.238605	0.790706	1.97046	1.31024
1590000	-35.26828	0	-35.26828	0.131961	0.0884384	0.286739	0.169151	0.331713	0.196201	1.67251	1.37923	0.49971
1600000	-39.5306	0	-39.5306	0.108826	0.0955055	0.236514	0.208732	0.476535	0.144796	1.22778	0.804779	1.11155
1610000	-38.33185	0	-38.33185	0.186491	0.118308	0.158615	0.217352	0.232883	0.0872636	0.210552	0.509808	0.481433
1620000	-39.98057	0	-39.98057	0.15719	0.049899	0.235877	0.359905	0.308952	0.165111	0.740301	0.378504	0.604285
1630000	-45.35621	0	-45.35621	0.12917	0.176074	0.301516	0.232877	0.618344	0.112517	2.34498	1.35517	0.302319
1640000	-40.27978	0	-40.27978	0.206827	0.0701688	0.264961	0.204802	0.439253	0.165696	0.178518	1.2845	0.455845
1650000	-30.03877	0	-30.03877	0.0938558	0.182396	0.304955	0.176208	0.172196	0.167288	1.1148	3.38457	1.58737
1660000	-39.74694	0	-39.74694	0.157147	0.144045	0.279584	0.0776957	0.150203	0.254429	0.718829	1.09024	0.954799
1670000	-33.18745	0	-33.18745	0.128733	0.234607	0.194325	0.149797	0.251079	0.100772	1.30899	0.811106	0.442138
1680000	-28.68844	0	-28.68844	0.169032	0.0965878	0.222211	0.11822	0.228224	0.134634	0.457915	0.629327	2.81727
1690000	-37.52415	0	-37.52415	0.0926448	0.0899165	0.273536	0.476691	0.302537	0.0471499	0.815697	1.27736	0.941197
1700000	-37.25921	0	-37.25921	0.100129	0.11602	0.251453	0.279574	0.0819831	0.260584	0.031236	1.04649	0.634446
1710000	-44.37439	0	-44.37439	0.111506	0.11625	0.25337	0.505019	0.235144	0.0636464	0.530501	0.289768	0.241843
1720000	-33.19877	0	-33.19877	0.119994	0.128192	0.22509	0.114781	0.42146	0.157022	0.251689	1.23833	0.684507
1730000	-36.53851	0	-36.53851	0.0826984	0.117829	0.298681	0.322938	0.313492	0.231603	1.22659	0.916651	0.690038
1740000	-43.71427	0	-43.71427	0.230157	0.22743	0.172945	0.348542	0.383086	0.158362	0.36048	0.854372	0.252292
1750000	-35.05392	0	-35.05392	0.158109	0.0467091	0.147501	0.175741	0.334856	0.111388	0.2287	1.24651	0.581438
1760000	-43.50741	0	-43.50741	0.0985484	0.226162	0.208893	0.349589	0.201101	0.0994731	1.15068	0.305546	0.301073
1770000	-40.37445	0	-40.37445	0.187799	0.0941632	0.201657	0.145475	0.0702702	0.133597	1.07496	0.941167	0.590989
1780000	-37.07525	0	-37.07525	0.132438	0.134389	0.223069	0.117868	0.284606	0.267477	3.29711	1.08236	0.471516
1790000	-41.5335	0	-41.5335	0.202612	0.139708	0.369064	0.264376	0.224217	0.171038	0.103699	2.21384	0.80577
1800000	-41.14246	0	-41.14246	0.182777	0.157018	0.213267	0.0802331	0.283203	0.285139	1.43677	0.958149	0.734594
1810000	-26.88311	0	-26.88311	0.217788	0.0783216	0.154251	0.0983777	0.242284	0.195133	0.407463	2.5412	0.907414
1820000	-32.74298	0	-32.74298	0.0694118	0.188235	0.173113	0.283051	0.262917	0.187527	0.901976	1.94525	1.0308
1830000	-36.09078	0	-36.09078	0.0980938	0.153182	0.153893	0.222399	0.196639	0.122011	0.825469	1.48774	0.404608
1840000	-34.25945	0	-34.25945	0.133102	0.185633	0.310552	0.321408	0.432678	0.0813564	0.161407	1.9839	0.622334
1850000	-37.90181	0	-37.90181	0.0414042	0.157424	0.234222	0.0726637	0.167773	0.147831	1.4168	0.943867	0.522796
1860000	-42.77874	0	-42.77874	0.119912	0.234286	0.188159	0.266644	0.124831	0.172227	2.26542	0.667857	0.22776
1870000	-46.6511	0	-46.6511	0.312072	0.122781	0.232947	0.285518	0.158262	0.100326	2.52899	1.4009	0.348763
1880000	-30.92652	0	-30.92652	0.196173	0.210536	0.484718	0.102674	0.427526	0.120117	1.48529	1.34247	1.39445
1890000	-45.70341	0	-45.70341	0.27692	0.157847	0.238513	0.300898	0.162221	0.0728902	0.344553	0.367007	0.400537
1900000	-36.92563	0	-36.92563	0.202674	0.103831	0.290406	0.11382	0.0971748	0.199855	0.085923	0.987518	0.57325
1910000	-30.91385	0	-30.91385	0.143261	0.116782	0.34515	0.21351	0.127826	0.223467	1.16871	1.08593	0.960023
1920000	-41.75636	0	-41.75636	0.124265	0.157142	0.306721	0.272518	0.468732	0.080754	1.41857	1.37992	0.345228
1930000	-41.79635	0	-41.79635	0.105734	0.116599	0.199032	0.239975	0.146589	0.115365	0.318093	0.935128	0.300523
1940000	-48.73795	0	-48.73795	0.276416	0.0889848	0.226328	0.142529	0.303622	0.0938847	0.384759	0.920083	0.141847
1950000	-35.18827	0	-35.18827	0.174467	0.0798249	0.140359	0.140421	0.338036	0.211088	1.63678	2.41068	0.892803
1960000	-38.72499	0	-38.72499	0.21947	0.188016	0.515861	0.147305	0.344278	0.213298	1.59635	0.727548	0.680023
1970000	-44.28145	0	-44.28145	0.056511	0.0558736	0.205339	0.27009	0.206804	0.257794	3.98285	1.71377	0.217071
1980000	-42.96748	0	-42.96748	0.157791	0.0680356	0.244206	0.194699	0.159337	0.181622	3.53046	3.24982	0.621503
1990000	-35.4912	0	-35.4912	0.133083	0.0869822	0.465286	0.275483	0.122487	0.132097	0.0901135	0.659614	2.01732
2000000	-37.28474	0	-37.28474	0.17106	0.106256	0.152696	0.35905	0.344519	0.152453	0.385788	2.25683	0.937543
2010000	-41.19058	0	-41.19058	0.341671	0.130697	0.310387	0.1753	0.175058	0.129147	0.416303	0.31197	0.416696
2020000	-42.27775	0	-42.27775	0.108131	0.0750468	0.165676	0.1188	0.500892	0.0511461	0.280387	1.19874	0.629593
2030000	-34.14413	0	-34.14413	0.0767085	0.0578524	0.425212	0.522262	0.141923	0.114101	0.727932	1.656	1.0797
2040000	-29.01583	0	-29.01583	0.0696336	0.0604291	0.33338	0.116703	0.180691	0.14419	2.87607	2.12505	1.36288
2050000	-30.62534	0	-30.62534	0.192027	0.0633367	0.188742	0.278361	0.254127	0.213113	0.593768	0.913516	1.01864
2060000	-44.99301	0	-44.99301	0.0920779	0.196997	0.258494	0.188101	0.332984	0.169902	0.0990524	1.13363	0.421763
2070000	-40.86536	0	-40.86536	0.124897	0.174182	0.134218	0.135513	0.18829	0.0867893	2.62591	0.563492	0.863411
2080000	-40.69391	0	-40.69391	0.16481	0.0954646	0.187412	0.241077	0.254385	0.119743	1.1868	3.39547	0.409187
2090000	-47.35747	0	-47.35747	0.381323	0.101202	0.182455	0.30182	0.110229	0.10851	2.63421	0.800384	0.460901
2100000	-45.31987	0	-45.31987	0.145485	0.272757	0.286021	0.259533	0.332082	0.359723	0.480144	1.08081	0.719283
2110000	-42.04467	0	-42.04467	0.12623	0.139751	0.231293	0.264642	0.433649	0.149855	2.12888	1.20356	0.202935
2120000	-35.27851	0	-35.27851	0.0870741	0.129892	0.209007	0.135241	0.349505	0.0826556	0.353341	0.988858	0.587579
2130000	-34.4393	0	-34.4393	0.211982	0.272058	0.352835	0.168763	0.367499	0.104761	0.199271	0.684479	0.790235
2140000	-38.91085	0	-38.91085	0.269776	0.0758198	0.349163	0.639522	0.417046	0.106013	0.943209	0.605238	0.632056
2150000	-41.58505	0	-41.58505	0.143849	0.113549	0.254566	0.15471	0.398615	0.15041	0.751045	0.708028	0.572172
2160000	-46.67529	0	-46.67529	0.148892	0.125519	0.250329	0.260841	0.0615959	0.0727088	0.151344	0.195974	0.311549
2170000	-32.084	0	-32.084	0.153118	0.100887	0.236443	0.0930808	0.275946	0.217419	0.68007	1.46985	0.731168
2180000	-46.97171	0	-46.97171	0.158286	0.086745	0.330494	0.362618	0.221667	0.271082	0.834179	0.724725	0.284974
2190000	-36.86162	0	-36.86162	0.139744	0.119418	0.373568	0.777798	0.173932	0.134176	0.589496	1.76113	0.844443
2200000	-28.88535	0	-28.88535	0.294028	0.141559	0.217049	0.0587473	0.282479	0.190317	0.492304	2.38703	1.13736
2210000	-29.04506	0	-29.04506	0.173995	0.136187	0.247017	0.112243	0.258827	0.120902	0.930419	1.34008	0.53867
2220000	-42.95868	0	-42.95868	0.0885456	0.17455	0.149187	0.167326	0.232591	0.113497	1.48162	2.21226	0.225679
2230000	-34.88333	0	-34.88333	0.0903708	0.256929	0.32363	0.234624	0.521415	0.115508	0.702999	0.790525	1.18732
2240000	-36.06925	0	-36.06925	0.241334	0.110185	0.335244	0.318416	0.461979	0.231193	1.60506	2.8318	0.909822
2250000	-38.28105	0	-38.28105	0.206766	0.243388	0.229536	0.207413	0.109636	0.182164	1.5928	1.15542	0.836505
2260000	-42.19116	0	-42.19116	0.201024	0.187234	0.191363	0.2511	0.243899	0.21809	1.39915	0.829983	0.846741
2270000	-36.57923	0	-36.57923	0.220448	0.0890343	0.132339	0.251024	0.42501	0.154743	2.39439	0.958271	0.616703
2280000	-42.97783	0	-42.97783	0.235847	0.0206509	0.300536	0.146754	0.212711	0.20305	1.09568	2.26101	0.745635
2290000	-45.86202	0	-45.86202	0.137927	0.166427	0.384592	0.116633	0.150804	0.137183	1.40069	0.54538	0.404734
2300000	-34.05908	0	-34.05908	0.0673987	0.122218	0.402239	0.262865	0.185199	0.0979296	0.918158	1.02821	0.949911
2310000	-32.34897	0	-32.34897	0.149055	0.146412	0.294357	0.142528	0.244098	0.141459	0.898886	1.3632	0.633649
2320000	-46.93121	0	-46.93121	0.069245	0.31336	0.174408	0.345707	0.202671	0.149046	0.222718	0.633852	0.387909
2330000	-37.46303	0	-37.46303	0.112831	0.19438	0.24241	0.102936	0.151422	0.120278	1.57428	0.477267	0.334082
2340000	-42.08843	0	-42.08843	0.0922169	0.0947628	0.161415	0.406581	0.605577	0.123926	0.532246	0.515046	1.09249
2350000	-54.30959	0	-54.30959	0.179027	0.0775478	0.13761	0.301313	0.0924365	0.112715	0.309473	0.34784	0.144546
2360000	-33.15774	0	-33.15774	0.168622	0.100564	0.637927	0.354607	0.201088	0.358551	1.67262	2.06048	0.938894
2370000	-30.75371	0	-30.75371	0.0691529	0.0906038	0.402563	0.147861	0.273525	0.143902	2.05512	1.03413	0.915041
2380000	-29.62866	0	-29.62866	0.202975	0.111472	0.170536	0.072978	0.161708	0.223597	1.08716	1.40353	0.717844
2390000	-34.14852	0	-34.14852	0.12849	0.0590778	0.180607	0.063926	0.390237	0.0572383	0.358577	0.976695	0.860149
2400000	-33.2635	0	-33.2635	0.132946	0.161974	0.343454	0.0592472	0.169621	0.151275	0.419687	1.76982	0.836144
2410000	-36.32809	0	-36.32809	0.058284	0.104311	0.352378	0.294726	0.165245	0.303774	0.404471	2.4856	2.13139
2420000	-39.66386	0	-39.66386	0.0771745	0.312934	0.35846	0.135015	0.388907	0.136203	0.762069	0.613329	0.990945
2430000	-36.2046	0	-36.2046	0.202024	0.0899009	0.23241	0.116295	0.452604	0.172051	1.73008	2.30599	0.452192
2440000	-37.16997	0	-37.16997	0.278603	0.150419	0.234066	0.529631	0.460868	0.149146	1.79933	1.26442	0.739463
2450000	-35.48227	0	-35.48227	0.106458	0.123632	0.292866	0.0846063	0.19	0.13747	0.536203	0.711346	0.377468
2460000	-41.38171	0	-41.38171	0.121482	0.172922	0.290826	0.315395	0.821808	0.0865638	0.613382	0.945741	0.908311
2470000	-39.06937	0	-39.06937	0.0939636	0.204858	0.233738	0.148751	0.133818	0.223886	0.628821	0.442515	0.447057
2480000	-31.8849	0	-31.8849	0.0585336	0.05984	0.30189	0.169191	0.236063	0.149352	1.37665	3.19926	0.789098
2490000	-41.87593	0	-41.87593	0.233612	0.0785299	0.294994	0.13671	0.228108	0.11279	0.13672	0.665013	0.589651
2500000	-35.65374	0	-35.65374	0.133026	0.157183	0.181202	0.400233	0.367481	0.164477	0.55689	0.346117	0.797557
2510000	-36.51706	0	-36.51706	0.196852	0.108719	0.207046	0.311459	0.472634	0.24262	0.825875	2.354	0.607709
2520000	-35.49568	0	-35.49568	0.0905956	0.0789101	0.319015	0.204853	0.165498	0.189615	1.85552	0.557444	0.523842
2530000	-36.61075	0	-36.61075	0.267105	0.145537	0.38251	0.162001	0.241419	0.17953	1.06818	1.23646	0.849751
2540000	-35.89511	0	-35.89511	0.149178	0.172968	0.22848	0.206733	0.139857	0.204131	0.422749	2.43533	0.492868
2550000	-37.18959	0	-37.18959	0.0924968	0.0658885	0.229183	0.263042	0.227395	0.04396	0.870542	0.959582	0.847364
2560000	-36.74421	0	-36.74421	0.105288	0.129743	0.269947	0.295082	0.21591	0.168703	1.97865	2.43938	0.335782
2570000	-34.05903	0	-34.05903	0.092008	0.274266	0.399513	0.0807194	0.177896	0.299441	0.326734	1.24953	1.08296
2580000	-37.78965	0	-37.78965	0.212774	0.106594	0.46656	0.132441	0.282006	0.140319	0.37979	1.44163	0.570354
2590000	-39.24474	0	-39.24474	0.264459	0.19281	0.309871	0.128362	0.519199	0.130758	0.219659	0.454604	0.586479
2600000	-36.49861	0	-36.49861	0.200467	0.141173	0.436898	0.311345	0.210125	0.0681094	0.309691	0.299401	0.592942
2610000	-40.51308	0	-40.51308	0.168521	0.0774968	0.205344	0.214979	0.456644	0.096677	0.666893	0.91594	0.566834
2620000	-39.57518	0	-39.57518	0.0923435	0.0439157	0.159163	0.197798	0.108225	0.159112	1.05876	2.16594	0.59544
2630000	-39.99558	0	-39.99558	0.11845	0.0499404	0.13413	0.198048	0.215979	0.117665	2.29755	0.604659	0.452643
2640000	-36.2078	0	-36.2078	0.0763895	0.119869	0.19715	0.15855	0.142196	0.0474781	0.959087	2.80727	0.563905
2650000	-28.73258	0	-28.73258	0.121149	0.142356	0.354493	0.0810063	0.0921857	0.233368	1.12009	3.89327	1.76274
2660000	-40.95918	0	-40.95918	0.244069	0.0829863	0.343253	0.178753	0.11779	0.0794221	0.750842	0.713285	0.489117
2670000	-34.60913	0	-34.60913	0.122707	0.0726316	0.259547	0.275088	0.0865958	0.204112	1.49115	0.74843	0.586545
2680000	-31.34333	0	-31.34333	0.0869129	0.0631422	0.285988	0.197204	0.199657	0.13448	0.945727	1.2564	0.95944
2690000	-40.50692	0	-40.50692	0.115269	0.143725	0.178518	0.302831	0.121377	0.173116	0.365902	1.88134	0.401074
2700000	-40.7331	0	-40.7331	0.140501	0.0749629	0.188948	0.34844	0.325894	0.107329	1.80645	1.52563	1.58132
2710000	-27.39742	0	-27.39742	0.109397	0.160991	0.327732	0.0342546	0.105613	0.246177	0.5854	0.984843	1.33352
2720000	-37.81673	0	-37.81673	0.0595961	0.132121	0.186801	0.175747	0.328261	0.239996	1.91466	2.55427	0.691486
2730000	-37.07498	0	-37.07498	0.167128	0.1878	0.277401	0.15	0.20681	0.0931172	4.29506	0.9324	0.465217
2740000	-43.24336	0	-43.24336	0.145707	0.241722	0.192339	0.269592	0.28976	0.108277	2.0333	0.76325	0.445275
2750000	-43.45609	0	-43.45609	0.0747308	0.213352	0.131763	0.412914	0.21629	0.134596	0.191101	0.342392	0.817401
2760000	-37.41923	0	-37.41923	0.236545	0.302076	0.149159	0.246399	0.19139	0.139967	0.61476	0.741026	0.778252
2770000	-34.00429	0	-34.00429	0.0946612	0.0824994	0.324516	0.290997	0.343351	0.185584	1.98515	2.35264	1.70177
2780000	-38.71782	0	-38.71782	0.161067	0.178487	0.192937	0.157609	0.196513	0.13759	0.594099	3.41454	0.507835
2790000	-26.76183	0	-26.76183	0.12101	0.122399	0.317462	0.0621712	0.280238	0.197123	3.45765	3.72594	1.52486
2800000	-34.41425	0	-34.41425	0.0442688	0.127938	0.260831	0.230101	0.171746	0.268664	0.194844	0.301117	1.09943
2810000	-43.91786	0	-43.91786	0.223869	0.0426362	0.270463	0.413929	0.2094	0.138893	0.0280078	1.23019	0.663888
2820000	-30.86294	0	-30.86294	0.165	0.105716	0.188987	0.155005	0.226313	0.110282	2.1928	1.3342	1.86614
2830000	-40.68688	0	-40.68688	0.224665	0.227239	0.52967	0.130388	0.602542	0.237302	1.62616	1.53492	1.6732
2840000	-40.13918	0	-40.13918	0.125629	0.113673	0.495722	0.432979	0.545531	0.171844	0.921323	0.872916	0.834909
2850000	-43.5975	0	-43.5975	0.112204	0.0482963	0.235794	0.115481	0.192721	0.133887	0.36378	0.624973	0.333015
2860000	-42.03824	0	-42.03824	0.167128	0.054074	0.282318	0.233899	0.358871	0.166696	0.571358	0.490968	0.243135
2870000	-39.41146	0	-39.41146	0.0719113	0.137914	0.239431	0.145639	0.291889	0.126848	0.192416	1.11073	0.332939
2880000	-44.20646	0	-44.20646	0.11538	0.226331	0.578029	0.479681	0.263069	0.149079	0.222773	0.366686	0.494188
2890000	-31.96931	0	-31.96931	0.0995759	0.0933617	0.267513	0.221667	0.195856	0.24112	0.638315	1.55892	0.541141
2900000	-33.90394	0	-33.90394	0.227011	0.117387	0.275364	0.133311	0.0919326	0.113776	1.11343	2.02383	1.05993
2910000	-32.99523	0	-32.99523	0.115376	0.146156	0.365404	0.1914	0.544086	0.102821	1.55188	2.55914	0.724707
2920000	-29.99059	0	-29.99059	0.164624	0.100803	0.352066	0.268755	0.239809	0.121571	1.03413	1.67172	0.647819
2930000	-33.88058	0	-33.88058	0.14199	0.297527	0.333164	0.136355	0.340491	0.172595	1.44137	0.856668	0.413314
2940000	-40.75516	0	-40.75516	0.126488	0.0857987	0.121276	0.380869	0.110428	0.115306	0.896408	2.82313	0.725358
2950000	-33.04643	0	-33.04643	0.185429	0.136363	0.43149	0.454866	0.252751	0.117339	1.08964	0.954954	0.896677
2960000	-35.17096	0	-35.17096	0.149575	0.0547388	0.322508	0.183095	0.319653	0.275479	1.90017	0.752811	1.109
2970000	-33.08817	0	-33.08817	0.132551	0.138308	0.338836	0.140524	0.306688	0.145103	1.28861	0.907318	0.364399
2980000	-45.94311	0	-45.94311	0.0800541	0.128482	0.151002	0.147304	0.478737	0.0979097	0.216221	2.39386	0.415946
2990000	-44.72479	0	-44.72479	0.163727	0.355595	0.296711	0.364255	0.0886195	0.336801	0.144482	1.87105	0.69136
3000000	-38.08359	0	-38.08359	0.13679	0.169053	0.477535	0.0763301	0.572997	0.2185	1.17225	0.449029	0.640288
3010000	-32.63679	0	-32.63679	0.0884673	0.0734225	0.260576	0.287121	0.162937	0.160423	0.256693	0.303899	0.508691
3020000	-33.16524	0	-33.16524	0.283117	0.187956	0.251666	0.187565	0.0835179	0.128494	1.67282	4.45903	1.01964
3030000	-37.68917	0	-37.68917	0.110246	0.0899463	0.328999	0.299436	0.107207	0.245463	1.43911	0.673708	0.813028
3040000	-31.72447	0	-31.72447	0.0590298	0.0870336	0.227264	0.241433	0.237854	0.0742866	1.2145	0.918003	0.878326
3050000	-42.76681	0	-42.76681	0.238802	0.187224	0.21276	0.199309	0.29648	0.123127	1.5922	1.02787	0.365842
3060000	-36.58496	0	-36.58496	0.184403	0.0559692	0.253423	0.094414	0.272336	0.0735466	0.721274	0.553494	1.23274
3070000	-35.04399	0	-35.04399	0.165713	0.154611	0.267603	0.0844538	0.357702	0.15152	0.168966	1.88972	0.410987
3080000	-34.89787	0	-34.89787	0.153207	0.139507	0.243171	0.0924262	0.329353	0.233143	0.703254	0.855656	0.656017
3090000	-33.60578	0	-33.60578	0.112102	0.109702	0.320852	0.0729716	0.0940478	0.171533	1.40893	1.51581	0.689432
3100000	-42.75254	0	-42.75254	0.0858013	0.117398	0.124096	0.125374	0.366341	0.101296	0.645542	1.01627	0.34987
3110000	-36.89524	0	-36.89524	0.149842	0.101023	0.320373	0.108045	0.384545	0.181848	1.86918	1.53358	0.684947
3120000	-43.56989	0	-43.56989	0.0528645	0.086737	0.360071	0.276194	0.174691	0.217337	0.424501	0.822032	0.472169
3130000	-40.34961	0	-40.34961	0.253195	0.0677925	0.199003	0.0579838	0.170946	0.198552	2.3126	1.21353	0.751327
3140000	-27.05041	0	-27.05041	0.187276	0.101962	0.375557	0.318461	0.181586	0.216387	0.652057	2.14679	1.22978
3150000	-35.09418	0	-35.09418	0.0869261	0.13782	0.245335	0.432696	0.236608	0.144428	0.562393	3.43833	0.838839
3160000	-36.22693	0	-36.22693	0.0981653	0.0523881	0.263486	0.444219	0.0689989	0.327364	0.78782	1.20344	1.4809
3170000	-29.01525	0	-29.01525	0.159508	0.0811488	0.381858	0.255207	0.123239	0.216452	0.294633	0.74076	2.23043
3180000	-34.36522	0	-34.36522	0.322751	0.0492948	0.419219	0.187879	0.0902688	0.0874196	0.182574	0.621822	1.30639
3190000	-30.93382	0	-30.93382	0.0817263	0.0779278	0.356152	0.176238	0.149794	0.195778	0.271455	1.63871	0.601713
3200000	-38.9798	0	-38.9798	0.0943789	0.19314	0.17524	0.235856	0.235366	0.0743547	2.80182	1.00422	0.464663
3210000	-40.2372	0	-40.2372	0.187707	0.166397	0.333135	0.271099	0.140711	0.0400636	0.0410869	0.239015	0.674252
3220000	-32.05064	0	-32.05064	0.125604	0.126455	0.205564	0.0771188	0.212046	0.202142	0.50449	0.631583	1.12123
3230000	-46.00353	0	-46.00353	0.0675097	0.116511	0.264644	0.0476842	0.446414	0.0966141	2.27874	0.63648	0.211864
3240000	-32.30943	0	-32.30943	0.102466	0.221891	0.274154	0.0719107	0.192492	0.169015	1.32467	0.711518	0.839563
3250000	-34.76722	0	-34.76722	0.104556	0.0953357	0.301698	0.517278	0.0780836	0.152032	0.110104	1.04037	0.820781
3260000	-39.82519	0	-39.82519	0.188449	0.0530352	0.348876	0.228955	0.658695	0.178724	0.46412	1.10089	0.906763
3270000	-37.24604	0	-37.24604	0.110473	0.105839	0.316082	0.190036	0.160955	0.240659	0.204651	1.10416	0.526843
3280000	-44.51851	0	-44.51851	0.234468	0.0776906	0.230302	0.2902	0.316347	0.185428	0.0138955	0.912213	0.526669
3290000	-34.82305	0	-34.82305	0.060192	0.0957629	0.260573	0.223314	0.370081	0.0679264	0.13095	0.25921	0.729096
3300000	-32.05511	0	-32.05511	0.272392	0.102014	0.229205	0.257245	0.359095	0.0839428	0.569964	0.766542	0.763706
3310000	-37.44104	0	-37.44104	0.156351	0.0892524	0.389974	0.149818	0.105393	0.428113	0.172292	1.10497	1.04975
3320000	-39.96818	0	-39.96818	0.128152	0.0592179	0.296329	0.165587	0.414549	0.210578	0.147324	0.725855	0.614646
3330000	-27.85974	0	-27.85974	0.034916	0.116173	0.254385	0.151691	0.107576	0.163027	0.812861	1.20493	1.33819
3340000	-29.67128	0	-29.67128	0.0893006	0.125066	0.225149	0.147549	0.135693	0.279843	0.828282	1.10939	1.167
3350000	-44.67541	0	-44.67541	0.121826	0.141065	0.355918	0.157033	0.486959	0.167197	0.851445	0.28885	0.330675
3360000	-40.71048	0	-40.71048	0.375319	0.0692267	0.327543	0.153841	0.182323	0.172502	1.19319	3.21771	0.790442
3370000	-26.16901	0	-26.16901	0.201274	0.117069	0.440222	0.135879	0.135079	0.146482	3.37482	1.39861	1.52585
3380000	-28.88798	0	-28.88798	0.162356	0.0931374	0.329636	0.231045	0.17746	0.116363	2.09541	1.23238	0.90751
3390000	-33.53562	0	-33.53562	0.0864609	0.0465126	0.511092	0.275351	0.265756	0.282172	3.72896	3.10346	0.908928
3400000	-31.48375	0	-31.48375	0.0814929	0.125609	0.373653	0.349153	0.186144	0.146844	1.03323	1.95052	2.3889
3410000	-39.52259	0	-39.52259	0.114773	0.0242388	0.236379	0.263745	0.250262	0.105341	1.35962	1.88062	0.417256
3420000	-31.01594	0	-31.01594	0.0789473	0.071126	0.223285	0.0886745	0.214329	0.0880056	0.614723	0.883463	0.85972
3430000	-33.88794	0	-33.88794	0.158081	0.253925	0.443447	0.200009	0.210499	0.183057	1.60181	1.76431	0.501409
3440000	-32.68539	0	-32.68539	0.177117	0.0638059	0.349756	0.142307	0.329229	0.169729	1.35869	1.47456	0.801134
3450000	-37.84929	0	-37.84929	0.163473	0.171667	0.321332	0.0819016	0.962558	0.224469	1.80787	1.19851	0.805463
3460000	-40.79704	0	-40.79704	0.252496	0.0742101	0.250495	0.275974	0.252947	0.133909	0.523804	1.06373	0.286001
3470000	-32.7986	0	-32.7986	0.108991	0.184421	0.238269	0.209274	0.254033	0.152326	1.99671	2.85727	1.25977
3480000	-41.10486	0	-41.10486	0.442883	0.132505	0.252549	0.25775	0.223066	0.131875	0.918883	0.72268	0.515199
3490000	-47.55166	0	-47.55166	0.0961199	0.112136	0.204554	0.20812	0.179853	0.228134	0.226083	0.158408	0.140286
3500000	-35.22015	0	-35.22015	0.0852002	0.143461	0.156795	0.0968717	0.359442	0.132971	1.08316	1.19926	0.859174
3510000	-33.61474	0	-33.61474	0.087631	0.0564783	0.361609	0.317834	0.150044	0.106211	1.18678	3.48219	1.04162
3520000	-31.1183	0	-31.1183	0.166012	0.141655	0.265854	0.178103	0.198558	0.249823	2.4648	2.5988	1.21935
3530000	-36.95877	0	-36.95877	0.126694	0.269467	0.20262	0.136378	0.235441	0.152288	0.140529	0.415284	0.728205
3540000	-34.46091	0	-34.46091	0.267526	0.144176	0.224044	0.316366	0.139622	0.127261	0.122292	0.836244	0.768191
3550000	-50.35923	0	-50.35923	0.194138	0.132193	0.193635	0.127977	0.137161	0.120588	2.17351	2.62518	0.229426
3560000	-39.67773	0	-39.67773	0.164927	0.0619205	0.203993	0.233955	0.15602	0.134188	0.870611	0.570368	0.666014
3570000	-36.77833	0	-36.77833	0.114979	0.279982	0.271268	0.0810979	0.433444	0.106135	1.0705	0.808015	1.02981
3580000	-35.90894	0	-35.90894	0.134191	0.150525	0.364058	0.280527	0.19097	0.132637	0.208198	0.860132	0.588409
3590000	-34.69896	0	-34.69896	0.0782305	0.122943	0.28965	0.219591	0.0999861	0.183732	4.02273	2.77777	0.375814
3600000	-35.80757	0	-35.80757	0.215134	0.165733	0.166568	0.0857569	0.115218	0.0915756	2.96062	0.718558	1.87556
3610000	-40.60907	0	-40.60907	0.183154	0.118515	0.249605	0.11958	0.674143	0.0319397	1.08637	1.03864	0.227576
3620000	-31.08226	0	-31.08226	0.076638	0.0831375	0.499646	0.24103	0.195946	0.236407	0.099221	1.08939	1.00523
3630000	-35.82195	0	-35.82195	0.272454	0.102362	0.220016	0.25906	0.174633	0.479449	1.4109	1.43802	0.811542
3640000	-36.68955	0	-36.68955	0.13516	0.105642	0.38484	0.17873	0.185573	0.124638	0.562513	0.693359	0.43788
3650000	-41.67188	0	-41.67188	0.0596948	0.0626353	0.296515	0.174938	0.625939	0.119063	0.766985	0.988023	0.361666
3660000	-27.89456	0	-27.89456	0.0846189	0.0975614	0.202628	0.206198	0.202731	0.121587	0.482951	4.85045	0.590605
3670000	-39.55132	0	-39.55132	0.126095	0.0732578	0.272586	0.154341	0.190534	0.119135	1.97302	0.782612	0.613544
3680000	-38.60486	0	-38.60486	0.125468	0.185468	0.189888	0.172302	0.275448	0.193499	2.22757	1.54343	0.46397
3690000	-47.07713	0	-47.07713	0.0834051	0.0933833	0.385452	0.124791	0.0885158	0.0643461	0.813716	0.168714	0.555595
3700000	-43.00011	0	-43.00011	0.212567	0.135447	0.28388	0.265553	0.366554	0.236426	0.164473	0.422425	0.506004
3710000	-33.41401	0	-33.41401	0.190381	0.140951	0.483099	0.121017	0.241648	0.212666	1.36545	1.44348	0.7054
3720000	-34.99967	0	-34.99967	0.278684	0.123499	0.379454	0.216878	0.25052	0.0539084	3.05191	1.52595	0.920494
3730000	-43.25225	0	-43.25225	0.124247	0.0880633	0.488061	0.290135	0.247778	0.21916	0.359201	1.03996	0.468593
3740000	-36.41054	0	-36.41054	0.183177	0.0964151	0.241591	0.120395	0.243322	0.0686699	0.638774	0.920986	0.395909
3750000	-37.25083	0	-37.25083	0.22061	0.137251	0.185766	0.209535	0.213411	0.0936596	0.234514	0.575413	0.721503
3760000	-42.55737	0	-42.55737	0.102263	0.191043	0.333361	0.224529	0.360044	0.330886	3.03223	1.67338	0.342723
3770000	-36.81389	0	-36.81389	0.117213	0.123013	0.210101	0.160063	0.265495	0.192366	2.54529	3.26082	0.657632
3780000	-36.98455	0	-36.98455	0.066111	0.108255	0.201121	0.143255	0.0775263	0.117726	0.209689	0.912634	1.3958
3790000	-29.61767	0	-29.61767	0.12313	0.136897	0.413983	0.115918	0.442096	0.2537	0.431798	1.54445	1.13377
3800000	-39.29003	0	-39.29003	0.185034	0.0965802	0.258099	0.225515	0.182906	0.143955	3.31646	0.956138	0.525449
3810000	-32.03631	0	-32.03631	0.115128	0.104843	0.238937	0.144748	0.385511	0.145057	0.116594	0.947273	0.566496
3820000	-37.79079	0	-37.79079	0.134751	0.167404	0.472617	0.296123	0.124203	0.208474	0.439519	0.2682	1.23292
3830000	-36.03968	0	-36.03968	0.115611	0.0574528	0.23758	0.123948	0.364383	0.174571	1.38221	3.18049	1.19763
3840000	-36.95417	0	-36.95417	0.15016	0.164843	0.447552	0.225595	0.188301	0.257955	0.419444	0.535197	0.519133
3850000	-41.22339	0	-41.22339	0.123148	0.0947542	0.220873	0.195884	0.258192	0.0431688	4.89196	0.481671	0.751693
3860000	-36.62706	0	-36.62706	0.156812	0.115883	0.35021	0.180379	0.154969	0.144028	1.24844	0.904197	0.551603
3870000	-40.46426	0	-40.46426	0.0968298	0.109708	0.193724	0.160891	0.457332	0.090032	0.891615	1.08078	0.579773
3880000	-41.78881	0	-41.78881	0.13282	0.0992785	0.298946	0.150063	0.136459	0.0791589	0.682656	0.762223	0.24969
3890000	-40.98732	0	-40.98732	0.251292	0.123512	0.303137	0.102355	0.455204	0.247794	1.85476	0.896173	0.628868
3900000	-33.58185	0	-33.58185	0.357953	0.0649246	0.445736	0.142415	0.395063	0.167108	2.13378	1.69437	1.24372
3910000	-38.0962	0	-38.0962	0.0619604	0.0875483	0.303858	0.261211	0.179671	0.20065	0.719817	0.333704	0.596149
3920000	-30.92256	0	-30.92256	0.111515	0.161127	0.238318	0.272211	0.145765	0.144519	0.402764	0.81905	1.37592
3930000	-40.18839	0	-40.18839	0.0708429	0.0868329	0.278792	0.229212	0.161272	0.122118	2.24765	1.26041	0.474826
3940000	-29.79419	0	-29.79419	0.264224	0.123793	0.193109	0.149435	0.169819	0.168508	0.290465	1.82454	1.40656
3950000	-46.51585	0	-46.51585	0.136308	0.104182	0.323888	0.160852	0.354363	0.331248	0.545121	0.84699	0.958207
3960000	-37.16403	0	-37.16403	0.158912	0.21935	0.271414	0.283943	0.222181	0.138471	0.220723	0.97898	1.29783
3970000	-31.33892	0	-31.33892	0.121716	0.126781	0.196348	0.151366	0.374713	0.260276	1.25891	1.07413	0.969698
3980000	-34.37433	0	-34.37433	0.0735829	0.179107	0.362663	0.133449	0.199141	0.150453	2.46253	2.65054	0.430058
3990000	-47.14644	0	-47.14644	0.16168	0.143922	0.11355	0.298869	0.20575	0.0913002	0.782482	1.03762	0.333808
4000000	-32.92201	0	-32.92201	0.116664	0.116269	0.468229	0.163527	0.252776	0.153101	3.91311	2.42971	1.14478
4010000	-42.06488	0	-42.06488	0.101667	0.0632378	0.267706	0.199382	0.0936742	0.275392	0.484793	2.79254	0.725975
4020000	-34.83547	0	-34.83547	0.092377	0.0735884	0.214599	0.276484	0.198818	0.221366	1.4792	1.37892	0.533093
4030000	-27.96328	0	-27.96328	0.144085	0.175697	0.228725	0.16507	0.401251	0.141608	0.417457	1.64658	1.54367
4040000	-40.27838	0	-40.27838	0.209735	0.0871397	0.239777	0.196479	0.302332	0.23396	2.29978	4.72624	0.789953
4050000	-45.91097	0	-45.91097	0.116866	0.0705893	0.426553	0.0728889	0.095159	0.354109	1.64149	0.497969	0.542995
4060000	-51.17446	0	-51.17446	0.245204	0.0544954	0.390101	0.268489	0.197168	0.039309	0.800809	1.7156	0.308069
4070000	-37.10023	0	-37.10023	0.0540483	0.139823	0.300782	0.138485	0.18123	0.349994	1.26379	1.38687	0.591587
4080000	-34.50119	0	-34.50119	0.0945487	0.133412	0.270849	0.171327	0.493069	0.127571	0.840798	1.37706	0.62228
4090000	-34.86643	0	-34.86643	0.193797	0.177057	0.20751	0.191691	0.137403	0.186658	3.39196	2.09386	1.11403
4100000	-44.61929	0	-44.61929	0.268046	0.114744	0.305366	0.106687	0.218687	0.123559	2.18639	2.54944	0.967086
4110000	-33.55432	0	-33.55432	0.0637662	0.0770086	0.249407	0.134479	0.476112	0.268713	0.810795	0.92409	0.614286
4120000	-37.7816	0	-37.7816	0.171154	0.112087	0.129439	0.064964	0.11702	0.142775	2.25128	1.6817	0.929949
4130000	-36.47335	0	-36.47335	0.20959	0.148645	0.193814	0.250993	0.324309	0.133457	0.36535	1.19682	0.82244
4140000	-39.02656	0	-39.02656	0.290852	0.157273	0.484308	0.118816	0.230123	0.213103	0.430573	1.08726	1.1608
4150000	-38.83099	0	-38.83099	0.068088	0.0601808	0.40227	0.410829	0.171337	0.109395	0.196994	0.610512	0.980938
4160000	-34.6633	0	-34.6633	0.140272	0.0715372	0.237622	0.222656	0.291425	0.0730695	1.3004	0.926244	0.668405
4170000	-33.7966	0	-33.7966	0.212367	0.116818	0.0963483	0.146588	0.160602	0.155092	1.44431	1.92028	1.02757
4180000	-45.09813	0	-45.09813	0.403442	0.116692	0.465769	0.162861	0.164432	0.19654	0.604697	0.382674	0.397845
4190000	-31.11173	0	-31.11173	0.140683	0.111702	0.239211	0.0912252	0.371109	0.0830265	0.275022	1.2469	2.24933
4200000	-45.4265	0	-45.4265	0.179253	0.136558	0.216469	0.253298	0.0617749	0.120904	0.803969	0.84853	0.702006
4210000	-38.91168	0	-38.91168	0.16912	0.132813	0.164015	0.174855	0.387007	0.141529	1.90289	0.385055	0.63427
4220000	-32.94568	0	-32.94568	0.367521	0.107927	0.409265	0.123223	0.168713	0.132768	3.21096	1.30008	1.49899
4230000	-40.68793	0	-40.68793	0.078289	0.091173	0.221792	0.269186	0.230256	0.103628	0.968085	4.08225	1.13815
4240000	-33.80317	0	-33.80317	0.270647	0.0823434	0.306268	0.234912	0.362151	0.16621	0.969063	2.00707	1.24928
4250000	-28.14867	0	-28.14867	0.218517	0.0928476	0.377028	0.12349	0.220072	0.209958	0.926054	1.63902	0.959911
4260000	-28.84247	0	-28.84247	0.0831579	0.0964833	0.261249	0.190345	0.321537	0.169248	0.473642	1.9105	0.968538
4270000	-30.23197	0	-30.23197	0.299707	0.0849569	0.25391	0.133408	0.262903	0.460979	0.998807	3.55522	0.484581
4280000	-42.85974	0	-42.85974	0.0625087	0.0945795	0.227841	0.323478	0.450964	0.157461	0.697354	0.587876	0.683344
4290000	-43.39465	0	-43.39465	0.0746112	0.0911327	0.260112	0.214718	0.246475	0.233395	2.28987	0.754789	0.341499
4300000	-50.13673	0	-50.13673	0.0994418	0.255357	0.0813742	0.252135	0.189056	0.109166	0.417497	1.43417	0.322795
4310000	-36.79252	0	-36.79252	0.136537	0.0806625	0.304465	0.0819114	0.225805	0.29088	0.966618	1.80166	0.681203
4320000	-41.28947	0	-41.28947	0.206125	0.0412471	0.146404	0.0938099	0.408418	0.0693893	1.362	1.63981	0.688801
4330000	-28.03095	0	-28.03095	0.207277	0.0716999	0.321952	0.0765239	0.245228	0.19881	1.53647	1.50659	0.924877
4340000	-35.11939	0	-35.11939	0.148776	0.143925	0.200887	0.0728993	0.245264	0.124997	1.04149	0.428243	0.588421
4350000	-41.09975	0	-41.09975	0.138564	0.0951049	0.133691	0.26654	0.329609	0.173168	1.61744	1.49819	0.270831
4360000	-48.38286	0	-48.38286	0.324641	0.127566	0.192144	0.191373	0.0903757	0.372717	1.10827	1.59779	0.845473
4370000	-25.40903	0	-25.40903	0.114514	0.119144	0.265502	0.118472	0.215964	0.305169	0.620808	1.47137	0.93604
4380000	-31.0156	0	-31.0156	0.166307	0.164998	0.325397	0.147826	0.0669933	0.111609	0.831817	0.66931	1.17813
4390000	-34.20186	0	-34.20186	0.069871	0.103852	0.48271	0.0917329	0.434008	0.142615	0.801661	0.91278	0.909093
4400000	-37.45433	0	-37.45433	0.189051	0.18455	0.364162	0.208985	0.22763	0.291202	0.0871919	1.42014	0.454485
4410000	-24.53577	0	-24.53577	0.063167	0.148875	0.218194	0.0638467	0.183661	0.14679	0.867595	1.24804	1.39472
4420000	-34.84718	0	-34.84718	0.095763	0.0834532	0.576441	0.348697	0.540582	0.164258	2.42568	1.17487	1.31873
4430000	-37.84509	0	-37.84509	0.211113	0.12589	0.381918	0.198715	0.266475	0.241663	0.0326749	1.7119	1.41753
4440000	-39.45935	0	-39.45935	0.296329	0.119778	0.201319	0.175799	0.25418	0.177168	0.912654	1.44131	0.698514
4450000	-45.35829	0	-45.35829	0.108414	0.115648	0.453057	0.187617	0.201212	0.115435	0.497619	1.04233	0.644402
4460000	-41.13484	0	-41.13484	0.245785	0.124177	0.350274	0.0735107	0.815734	0.11795	0.357486	0.745492	0.657724
4470000	-31.93049	0	-31.93049	0.0891381	0.0829964	0.361617	0.128479	0.241846	0.0634502	0.281413	0.959444	0.596622
4480000	-33.78566	0	-33.78566	0.142851	0.335934	0.508564	0.123283	0.132817	0.393771	1.39953	1.58791	1.02694
4490000	-40.15363	0	-40.15363	0.176788	0.155608	0.413921	0.148097	0.18454	0.0689114	0.275707	0.399904	0.348449
4500000	-44.25834	0	-44.25834	0.123357	0.199018	0.143544	0.0992441	0.180022	0.294559	0.753079	0.806955	0.428167
4510000	-33.39301	0	-33.39301	0.109799	0.154992	0.133722	0.246398	0.14874	0.183561	1.48452	2.30202	2.14274
4520000	-41.15848	0	-41.15848	0.231656	0.0815918	0.221909	0.121701	0.168841	0.110357	0.496267	0.33667	0.32714
4530000	-40.15116	0	-40.15116	0.129336	0.166157	0.413544	0.132541	0.295352	0.188737	1.83633	8.34342	0.982223
4540000	-38.70347	0	-38.70347	0.0918696	0.129288	0.22038	0.100946	0.238966	0.123569	0.0978707	0.433415	0.604568
4550000	-43.15563	0	-43.15563	0.122217	0.043605	0.502718	0.122696	0.630369	0.108912	0.385266	1.0673	0.318141
4560000	-31.57313	0	-31.57313	0.11685	0.200272	0.278353	0.12396	0.160371	0.158805	4.22643	1.18021	0.810073
4570000	-33.70053	0	-33.70053	0.109828	0.0821495	0.173108	0.12652	0.183803	0.14092	0.363598	0.997691	0.916304
4580000	-31.17056	0	-31.17056	0.279437	0.127535	0.27467	0.0711408	0.157251	0.15712	4.13974	2.01973	1.19391
4590000	-33.43471	0	-33.43471	0.136452	0.0953665	0.208306	0.121228	0.132903	0.217128	3.46768	2.17183	1.05806
4600000	-40.30089	0	-40.30089	0.3443	0.166287	0.244857	0.441861	0.238025	0.138154	1.09199	0.603826	0.417547
4610000	-39.2262	0	-39.2262	0.0733381	0.0757462	0.190648	0.39498	0.125652	0.0996289	0.0902067	0.371544	1.48992
4620000	-33.64934	0	-33.64934	0.0409279	0.0776766	0.475141	0.110924	0.257145	0.102468	1.06193	0.801721	0.564002
4630000	-44.39517	0	-44.39517	0.0979933	0.0682701	0.294664	0.109561	0.348124	0.0587633	4.48455	1.04692	0.505452
4640000	-34.15022	0	-34.15022	0.0746893	0.123119	0.221907	0.0612494	0.209079	0.326195	0.922809	1.76504	1.44607
4650000	-34.14645	0	-34.14645	0.121693	0.175688	0.228225	0.120886	0.179227	0.218836	2.12601	1.14968	0.615839
4660000	-35.75898	0	-35.75898	0.105036	0.111801	0.23932	0.158162	0.324622	0.139693	0.894504	1.42018	0.803171
4670000	-41.05528	0	-41.05528	0.108938	0.17238	0.300024	0.180778	0.375358	0.184657	0.807285	1.04149	0.454182
4680000	-27.64333	0	-27.64333	0.156479	0.0376943	0.327765	0.09492	0.23601	0.250727	1.15945	2.26643	2.18682
4690000	-34.40244	0	-34.40244	0.141549	0.0831863	0.225456	0.0936229	0.275997	0.089734	0.200625	1.12357	1.86291
4700000	-32.3142	0	-32.3142	0.127414	0.0942276	0.219444	0.138721	0.239012	0.182265	1.72858	2.69244	0.595864
4710000	-32.71697	0	-32.71697	0.0820767	0.0975058	0.380272	0.107134	0.260865	0.192959	1.30337	1.41225	0.893053
4720000	-38.57357	0	-38.57357	0.0785052	0.0437084	0.148435	0.197252	0.191814	0.122723	0.215499	2.35586	0.53951
4730000	-37.52614	0	-37.52614	0.0727372	0.199898	0.433533	0.0954545	0.237825	0.128753	0.271689	2.84294	0.416485
4740000	-37.32623	0	-37.32623	0.142298	0.159984	0.35799	0.223811	0.217589	0.214735	0.448159	0.463945	0.61144
4750000	-33.07309	0	-33.07309	0.132537	0.0441582	0.329745	0.141683	0.240716	0.180541	1.04359	1.2141	0.833292
4760000	-32.64317	0	-32.64317	0.159386	0.100504	0.433887	0.280237	0.098318	0.158186	1.55941	0.895658	0.606036
4770000	-34.22809	0	-34.22809	0.190339	0.0922373	0.245832	0.19924	0.170949	0.108769	0.741127	0.589607	0.551351
4780000	-41.79357	0	-41.79357	0.228981	0.154754	0.361345	0.317075	0.231019	0.0955244	0.082742	1.28414	0.31278
4790000	-34.07629	0	-34.07629	0.0841931	0.205683	0.162564	0.167668	0.607769	0.0645536	0.348725	2.175	0.915351
4800000	-36.24468	0	-36.24468	0.203699	0.0392873	0.233423	0.068023	0.371752	0.1512	0.482299	0.75616	1.27964
4810000	-37.11886	0	-37.11886	0.111967	0.0692409	0.158896	0.0973449	0.53839	0.227202	0.568952	1.93878	0.682473
4820000	-47.03875	0	-47.03875	0.120787	0.0595534	0.259824	0.151838	0.340912	0.133854	1.00272	2.83391	1.30288
4830000	-28.89578	0	-28.89578	0.0866986	0.0404245	0.225422	0.211228	0.416817	0.150257	0.476919	2.60004	1.2096
4840000	-36.10362	0	-36.10362	0.153927	0.113298	0.282687	0.248099	0.215284	0.161677	0.948214	1.3889	0.526771
4850000	-35.20179	0	-35.20179	0.0536554	0.0595734	0.30395	0.144542	0.151925	0.0858413	0.139283	1.35074	0.876442
4860000	-28.80368	0	-28.80368	0.154794	0.108901	0.448709	0.0989621	0.392588	0.261664	0.485836	1.17717	1.73406
4870000	-39.49784	0	-39.49784	0.105858	0.188979	0.785701	0.118309	0.201945	0.0594067	0.364678	1.86508	1.36483
4880000	-35.12793	0	-35.12793	0.0453375	0.0752955	0.360737	0.259784	0.18673	0.142075	1.08572	0.42071	0.628706
4890000	-38.24435	0	-38.24435	0.201125	0.125245	0.350405	0.190459	0.219836	0.295766	0.53132	0.701166	0.391261
4900000	-38.00483	0	-38.00483	0.176508	0.17199	0.234311	0.135821	0.277326	0.0550437	0.253441	2.1228	1.26402
4910000	-36.81593	0	-36.81593	0.130553	0.0887978	0.332323	0.214526	0.408129	0.0695063	0.833961	1.82398	0.374548
4920000	-41.5119	0	-41.5119	0.057852	0.126586	0.234802	0.374265	0.211588	0.159746	0.290508	0.661873	0.558303
4930000	-29.59228	0	-29.59228	0.129582	0.0995374	0.169985	0.176615	0.151505	0.275005	1.32529	1.85238	2.65709
4940000	-35.64802	0	-35.64802	0.120344	0.0957441	0.319508	0.386917	0.188225	0.22618	0.486693	1.18295	0.424884
4950000	-32.16738	0	-32.16738	0.0986961	0.107671	0.280004	0.125609	0.105824	0.109877	3.39243	1.05893	1.09564
4960000	-36.7538	0	-36.7538	0.17261	0.066874	0.22927	0.284102	0.217217	0.0808538	0.97563	0.863478	1.31798
4970000	-38.65919	0	-38.65919	0.0956231	0.156112	0.146294	0.0756877	0.24636	0.109335	0.643866	1.53385	0.412194
4980000	-34.86071	0	-34.86071	0.0862124	0.0885221	0.272469	0.132275	0.401132	0.096363	0.258039	0.930498	0.804575
4990000	-35.64721	0	-35.64721	0.106085	0.225137	0.433966	0.310761	0.108483	0.117098	0.209947	0.687493	1.00711
5000000	-40.01672	0	-40.01672	0.260529	0.166251	0.432517	0.571923	0.2224	0.123145	0.410254	0.502639	0.753753
