Iteration	Posterior	Likelihood	Prior	lambda[1]	lambda[2]	lambda[3]	mu[1]	mu[2]	mu[3]	psi[1]	psi[2]	psi[3]
0	-79.40691	0	-79.40691	0.0813471	0.304634	0.145812	0.139833	0.125281	0.159162	2.30128	1.41349	0.11563
10000	-40.43067	0	-40.43067	0.240426	0.218491	0.125316	0.277847	0.108857	0.211086	0.599449	0.749895	1.75256
20000	-38.03895	0	-38.03895	0.289606	0.16007	0.370546	0.474738	0.122036	0.121643	1.39909	0.494199	2.13593
30000	-45.38924	0	-45.38924	0.174807	0.191101	0.218356	0.207288	0.173482	0.0950408	0.519296	0.427695	0.970333
40000	-41.61306	0	-41.61306	0.421349	0.208674	0.47922	0.567302	0.157733	0.0631264	1.38198	2.22493	1.81857
50000	-38.90735	0	-38.90735	0.208778	0.178842	0.221681	0.232868	0.171331	0.0414211	1.11719	1.10597	1.38805
60000	-36.44459	0	-36.44459	0.267781	0.148391	0.227684	0.324553	0.0877562	0.116125	0.29561	0.882956	0.971352
70000	-39.28831	0	-39.28831	0.213829	0.0871648	0.356961	0.605475	0.16389	0.198546	0.904404	0.556669	0.1921
80000	-35.2282	0	-35.2282	0.0816814	0.205598	0.153086	0.385098	0.2193	0.0924155	1.32229	1.40713	0.862486
90000	-38.93644	0	-38.93644	0.149863	0.135969	0.164782	0.161857	0.142182	0.0969142	0.926026	2.43347	0.96887
100000	-30.72877	0	-30.72877	0.176114	0.177253	0.23285	0.191078	0.247257	0.14216	0.661811	1.55082	1.97534
110000	-41.64444	0	-41.64444	0.136687	0.228737	0.17175	0.341583	0.0897935	0.269916	0.536312	0.482897	0.585141
120000	-46.03583	0	-46.03583	0.126688	0.125627	0.28939	0.265274	0.139022	0.0731952	0.663195	0.502504	0.43579
130000	-33.01816	0	-33.01816	0.153477	0.0829517	0.195467	0.307749	0.178456	0.167774	2.59083	1.21323	1.22645
140000	-43.15923	0	-43.15923	0.135713	0.242559	0.075494	0.151937	0.248261	0.152224	0.577777	1.22036	1.81094
150000	-34.99425	0	-34.99425	0.336334	0.100214	0.286851	0.270307	0.106509	0.0929121	0.506161	3.48578	0.994425
160000	-45.29845	0	-45.29845	0.0856938	0.106989	0.148968	0.270946	0.118249	0.0881199	0.598258	0.779505	0.330457
170000	-37.6394	0	-37.6394	0.295048	0.0530918	0.178292	0.500382	0.159055	0.0850449	0.822671	0.685501	1.39717
180000	-42.85323	0	-42.85323	0.144816	0.233436	0.368552	0.602938	0.142478	0.0826948	1.10444	1.33912	5.44844
190000	-34.90086	0	-34.90086	0.100223	0.0958495	0.172431	0.326065	0.257503	0.0875119	2.85109	2.98121	0.751262
200000	-36.13513	0	-36.13513	0.191654	0.258185	0.108449	0.357887	0.174906	0.132517	0.413601	1.94155	1.35585
210000	-38.97583	0	-38.97583	0.239021	0.249864	0.235979	0.392323	0.201785	0.0627829	0.884154	0.402946	1.26734
220000	-36.25691	0	-36.25691	0.281362	0.117821	0.199333	0.264514	0.118247	0.101285	1.35004	0.757583	0.241942
230000	-29.91767	0	-29.91767	0.221952	0.146282	0.175133	0.546128	0.0843541	0.0897763	2.36098	2.91129	1.21122
240000	-36.74738	0	-36.74738	0.394963	0.202642	0.119378	0.173451	0.210456	0.056387	0.498181	1.57368	1.0441
250000	-39.75151	0	-39.75151	0.0720483	0.231787	0.272935	0.280572	0.126566	0.0769205	0.348758	1.12345	1.43294
260000	-40.19455	0	-40.19455	0.149701	0.0867396	0.230982	0.251409	0.150383	0.0902411	0.576737	0.688179	1.08404
270000	-41.05915	0	-41.05915	0.305664	0.0918928	0.337223	0.384059	0.202957	0.278358	0.34752	0.651913	1.8048
280000	-29.40424	0	-29.40424	0.209875	0.135567	0.185234	0.458193	0.169151	0.089847	0.935166	0.81219	1.30575
290000	-36.62132	0	-36.62132	0.1856	0.392894	0.194147	0.190524	0.0535127	0.168708	0.962905	2.11033	5.34453
300000	-34.10447	0	-34.10447	0.164703	0.0904812	0.0618967	0.431139	0.0632269	0.22797	1.91989	1.90617	0.92941
310000	-34.96855	0	-34.96855	0.167857	0.223093	0.17599	0.138303	0.109177	0.0657489	0.375768	0.603197	3.00672
320000	-37.1993	0	-37.1993	0.386095	0.175245	0.241386	0.199157	0.1623	0.204883	0.577237	0.857475	0.650537
330000	-41.746	0	-41.746	0.400981	0.195536	0.483304	0.465444	0.164869	0.0585485	1.19724	0.899812	1.74801
340000	-35.20402	0	-35.20402	0.0626615	0.0998108	0.213398	0.141747	0.134285	0.174159	1.06774	0.847186	2.22725
350000	-35.58731	0	-35.58731	0.131814	0.145587	0.238441	0.15456	0.136946	0.0782636	1.30855	1.06949	0.595403
360000	-35.87695	0	-35.87695	0.373231	0.2183	0.154359	0.357057	0.168562	0.0898861	0.867503	1.20605	1.75553
370000	-33.83364	0	-33.83364	0.179647	0.193695	0.248063	0.148224	0.101249	0.0929786	1.39321	1.27672	0.997908
380000	-35.84667	0	-35.84667	0.19069	0.0773588	0.130357	0.218805	0.0677258	0.105149	0.654811	0.568493	0.410314
390000	-34.72903	0	-34.72903	0.14825	0.353251	0.165685	0.250475	0.412006	0.0775447	1.19854	2.40929	2.03238
400000	-37.09129	0	-37.09129	0.288777	0.107256	0.21259	0.45181	0.159107	0.131889	1.21255	1.75576	2.37896
410000	-36.53011	0	-36.53011	0.297997	0.164874	0.138365	0.324232	0.256801	0.136062	0.784164	1.47007	1.28301
420000	-32.46578	0	-32.46578	0.180112	0.126385	0.214215	0.321909	0.15943	0.126136	1.00378	1.78661	0.286969
430000	-39.63729	0	-39.63729	0.28189	0.165277	0.213995	0.267877	0.242333	0.175168	0.499907	0.950762	0.331105
440000	-37.03801	0	-37.03801	0.176041	0.108159	0.179818	0.429244	0.121157	0.116701	0.383214	2.19888	3.00876
450000	-41.94169	0	-41.94169	0.124205	0.181032	0.271211	0.272928	0.154366	0.170477	0.695764	0.601306	3.79048
460000	-38.4326	0	-38.4326	0.103986	0.130689	0.117822	0.163356	0.113168	0.103214	0.735828	0.359038	0.611113
470000	-40.0267	0	-40.0267	0.116996	0.1873	0.12415	0.460462	0.130885	0.162566	0.272453	0.537826	1.23586
480000	-40.10427	0	-40.10427	0.487619	0.154119	0.151872	0.176347	0.11926	0.0585713	0.893376	0.54602	0.323191
490000	-40.49253	0	-40.49253	0.139036	0.141972	0.130421	0.235387	0.147327	0.154758	0.579524	0.528661	0.105659
500000	-40.9329	0	-40.9329	0.0859883	0.215261	0.39125	0.218647	0.108665	0.116705	0.874728	0.810512	0.172646
510000	-36.35861	0	-36.35861	0.193981	0.066523	0.180433	0.254286	0.0943768	0.136149	0.546363	0.840928	1.0544
520000	-44.56376	0	-44.56376	0.0790911	0.134322	0.140252	0.252419	0.111448	0.0658983	0.604916	0.325218	5.92996
530000	-35.64165	0	-35.64165	0.179021	0.226191	0.231816	0.368548	0.192085	0.161443	1.13582	1.8026	1.1745
540000	-43.7537	0	-43.7537	0.259704	0.223009	0.231707	0.336743	0.148837	0.0773419	0.332513	0.596354	0.224361
550000	-38.78614	0	-38.78614	0.16854	0.201914	0.0758488	0.198957	0.188602	0.102612	0.390447	1.16566	0.416632
560000	-37.76794	0	-37.76794	0.260872	0.124267	0.305485	0.216937	0.106701	0.063774	0.506358	0.319627	0.961567
570000	-37.8333	0	-37.8333	0.218643	0.173691	0.234393	0.701838	0.0562669	0.24878	1.00964	1.01841	0.571001
580000	-43.48921	0	-43.48921	0.184881	0.0731106	0.186885	0.340421	0.047499	0.101677	1.47051	0.546055	0.159913
590000	-55.36155	0	-55.36155	0.115637	0.126198	0.311173	0.289662	0.0288626	0.0706962	0.707947	0.529538	0.241085
600000	-39.2784	0	-39.2784	0.203147	0.044933	0.114931	0.247399	0.0808918	0.126635	0.629808	0.685344	0.14625
610000	-37.64329	0	-37.64329	0.17968	0.0992533	0.128281	0.297062	0.176542	0.132432	0.32613	1.25535	0.25936
620000	-44.7585	0	-44.7585	0.142564	0.115323	0.179718	0.717833	0.0893598	0.0974431	0.8686	0.97486	0.35309
630000	-37.82163	0	-37.82163	0.204644	0.0806668	0.157724	0.280653	0.0688323	0.179252	0.752627	0.688889	1.52668
640000	-35.35754	0	-35.35754	0.150823	0.170394	0.135487	0.255417	0.174045	0.139102	0.749368	0.571656	2.93805
650000	-41.12329	0	-41.12329	0.273949	0.0908418	0.23602	0.412116	0.07265	0.114292	0.51058	1.9641	0.259792
660000	-40.65778	0	-40.65778	0.293453	0.118615	0.433711	0.511239	0.0957593	0.19935	3.09795	0.197274	0.352805
670000	-33.35349	0	-33.35349	0.157855	0.0974854	0.216254	0.288672	0.195926	0.0766176	1.01655	1.32552	1.20059
680000	-36.06606	0	-36.06606	0.359994	0.0940844	0.185802	0.1965	0.299183	0.0848607	1.13977	0.526308	0.413933
690000	-34.92927	0	-34.92927	0.143865	0.278852	0.14293	0.188408	0.11044	0.131309	0.538319	1.45262	1.90086
700000	-29.84519	0	-29.84519	0.223185	0.207246	0.100855	0.347885	0.325032	0.128831	2.08702	0.83458	1.42908
710000	-30.16364	0	-30.16364	0.28928	0.149017	0.144529	0.43956	0.139139	0.0776405	1.43421	1.26902	2.18524
720000	-41.08763	0	-41.08763	0.290814	0.159402	0.165676	0.366489	0.299602	0.149415	0.170252	1.11109	0.519684
730000	-34.78942	0	-34.78942	0.0825644	0.106986	0.164636	0.233666	0.143702	0.135589	0.664007	2.09544	4.4777
740000	-35.21648	0	-35.21648	0.083014	0.135133	0.196674	0.537729	0.298127	0.0715335	1.24271	1.30344	1.54459
750000	-40.5744	0	-40.5744	0.217232	0.153849	0.213909	0.160962	0.193409	0.124304	1.69216	0.90194	8.07649
760000	-40.0391	0	-40.0391	0.142308	0.138195	0.182638	0.594745	0.163825	0.104062	0.680571	0.22153	2.38575
770000	-31.92989	0	-31.92989	0.295879	0.235653	0.152764	0.150611	0.114418	0.103741	0.336951	1.93956	1.76306
780000	-35.69793	0	-35.69793	0.16554	0.231016	0.256394	0.603415	0.0599517	0.121181	1.1578	2.3849	2.32927
790000	-40.346	0	-40.346	0.0602077	0.0729677	0.311738	0.456108	0.208191	0.0806424	0.64876	0.29958	0.568591
800000	-31.0834	0	-31.0834	0.151504	0.163336	0.151492	0.143177	0.117406	0.106575	0.27225	1.32773	3.42136
810000	-35.6804	0	-35.6804	0.209989	0.15934	0.167568	0.175063	0.0374818	0.0800464	1.29309	0.84403	3.06115
820000	-34.7449	0	-34.7449	0.0645624	0.0988016	0.260897	0.178467	0.176712	0.142074	0.620477	0.665062	4.94766
830000	-32.37107	0	-32.37107	0.384409	0.260452	0.149666	0.323848	0.238877	0.153082	1.67808	1.92854	0.749775
840000	-43.85114	0	-43.85114	0.101591	0.121374	0.226318	0.287986	0.136659	0.193525	0.68793	0.284644	0.341316
850000	-40.30247	0	-40.30247	0.160688	0.102383	0.281786	0.515067	0.210887	0.0911562	0.574923	1.87941	0.74581
860000	-34.0305	0	-34.0305	0.22187	0.157393	0.399067	0.413319	0.0739054	0.0768195	1.1256	1.28313	0.360334
870000	-39.80717	0	-39.80717	0.154415	0.0846879	0.119267	0.268681	0.20845	0.0717464	0.474978	1.51884	0.172258
880000	-39.85073	0	-39.85073	0.200448	0.198678	0.524802	0.173297	0.163288	0.15253	0.33683	2.02815	0.903005
890000	-31.42395	0	-31.42395	0.170032	0.0891034	0.337396	0.328681	0.156756	0.111879	0.475092	1.23104	1.01308
900000	-34.61704	0	-34.61704	0.149053	0.130339	0.415835	0.37793	0.0916866	0.164252	0.41258	1.22757	1.4514
910000	-38.19328	0	-38.19328	0.287126	0.108408	0.146557	0.377418	0.121431	0.221025	1.2906	1.35855	0.59921
920000	-42.70724	0	-42.70724	0.140689	0.166288	0.132288	0.333359	0.311662	0.0570459	0.535038	1.29797	0.309741
930000	-31.29682	0	-31.29682	0.261048	0.165287	0.308636	0.426795	0.194643	0.106933	2.97671	0.594624	5.01036
940000	-34.02633	0	-34.02633	0.243035	0.122299	0.181353	0.302699	0.157475	0.0929039	0.672283	0.968664	1.48986
950000	-41.0194	0	-41.0194	0.143695	0.144173	0.100143	0.316867	0.0823641	0.159352	0.337371	0.695164	1.22535
960000	-32.11452	0	-32.11452	0.134612	0.28184	0.242745	0.220212	0.174645	0.15918	1.2216	0.611448	4.2101
970000	-38.89996	0	-38.89996	0.299648	0.157263	0.208697	0.2207	0.175443	0.0691106	0.344212	1.98166	0.436443
980000	-33.74127	0	-33.74127	0.371943	0.145286	0.135483	0.287176	0.088515	0.187739	0.970719	0.809754	1.68625
990000	-33.7614	0	-33.7614	0.129974	0.0541237	0.265641	0.522963	0.0721025	0.163982	1.77041	1.62159	0.454051
1000000	-28.55072	0	-28.55072	0.280746	0.154415	0.161125	0.226974	0.121471	0.122099	1.16052	2.44304	1.83385
1010000	-43.4494	0	-43.4494	0.222365	0.125826	0.299392	0.190554	0.167406	0.0831542	0.435257	1.03257	1.19578
1020000	-32.58773	0	-32.58773	0.147689	0.156814	0.271665	0.445731	0.12778	0.113729	0.482875	0.776275	1.69117
1030000	-33.49501	0	-33.49501	0.141344	0.105175	0.177456	0.278143	0.223774	0.17255	0.690662	1.26986	4.00629
1040000	-41.63645	0	-41.63645	0.195813	0.142157	0.299074	0.322807	0.127257	0.0900603	0.323787	0.235175	0.874187
1050000	-40.33645	0	-40.33645	0.0405782	0.119337	0.137194	0.296879	0.0554751	0.0824944	0.415548	0.702812	1.07699
1060000	-45.16609	0	-45.16609	0.0954418	0.0754452	0.0975541	0.337563	0.109037	0.170924	0.422894	2.08085	0.293476
1070000	-40.79964	0	-40.79964	0.149284	0.0811361	0.571803	0.43045	0.149959	0.0901194	0.223771	0.900986	0.71641
1080000	-45.45515	0	-45.45515	0.096466	0.0319727	0.310813	0.419224	0.136395	0.0581787	1.28258	1.2389	2.27951
1090000	-37.74405	0	-37.74405	0.235103	0.171459	0.115349	0.20997	0.206759	0.107136	0.64499	0.539884	0.318026
1100000	-44.54202	0	-44.54202	0.266785	0.157366	0.0863299	0.140096	0.087562	0.0978179	0.951188	1.63005	0.495995
1110000	-41.33445	0	-41.33445	0.242379	0.121006	0.13956	0.321212	0.0846097	0.121358	0.150403	0.314337	0.487823
1120000	-31.77052	0	-31.77052	0.286423	0.224818	0.254015	0.215092	0.316015	0.0694252	1.2743	2.15803	0.825318
1130000	-34.82562	0	-34.82562	0.350835	0.103874	0.104328	0.281909	0.142257	0.0443423	1.46788	0.799717	0.797993
1140000	-43.33271	0	-43.33271	0.228322	0.105109	0.223065	0.315227	0.114549	0.0708465	0.376198	0.716449	0.12169
1150000	-31.97005	0	-31.97005	0.139264	0.133721	0.204937	0.314625	0.107765	0.0503563	1.72901	1.22495	0.721735
1160000	-42.51789	0	-42.51789	0.095763	0.192175	0.186519	0.383014	0.129032	0.0596412	0.35967	1.09209	0.649521
1170000	-35.39028	0	-35.39028	0.140116	0.21507	0.0900625	0.218648	0.156233	0.103097	0.679732	2.38978	1.02254
1180000	-41.41659	0	-41.41659	0.158573	0.210333	0.174946	0.405939	0.167861	0.0812822	0.144858	0.681226	0.766123
1190000	-41.38099	0	-41.38099	0.41004	0.14841	0.168902	0.228352	0.193951	0.150831	0.451868	1.19592	3.85196
1200000	-34.34479	0	-34.34479	0.478202	0.208153	0.140657	0.273956	0.10653	0.122053	0.733911	0.823204	4.37087
1210000	-43.74918	0	-43.74918	0.275486	0.132433	0.114894	0.18279	0.115517	0.0667783	1.05849	2.23821	0.109319
1220000	-39.2258	0	-39.2258	0.208209	0.116761	0.183357	0.407595	0.153532	0.183004	0.570386	0.404836	0.415497
1230000	-39.11421	0	-39.11421	0.108633	0.148963	0.200705	0.40237	0.0682204	0.243685	0.633467	1.54744	1.49134
1240000	-39.15257	0	-39.15257	0.139176	0.0861245	0.239241	0.258285	0.121579	0.053429	0.325989	0.983398	0.445717
1250000	-34.53065	0	-34.53065	0.30668	0.148856	0.0784951	0.534862	0.105295	0.0584975	0.582167	0.939594	0.890378
1260000	-30.53827	0	-30.53827	0.218949	0.104295	0.176963	0.30512	0.080032	0.118954	0.801147	1.27932	5.2448
1270000	-34.39044	0	-34.39044	0.217914	0.176027	0.122634	0.409059	0.0774607	0.091044	1.07995	1.91781	5.17229
1280000	-45.18681	0	-45.18681	0.283201	0.0476026	0.121094	0.138521	0.249053	0.0381947	0.608887	1.13732	0.170808
1290000	-39.06885	0	-39.06885	0.125262	0.0585478	0.229891	0.42683	0.107316	0.114269	0.368507	0.334108	0.755698
1300000	-38.60749	0	-38.60749	0.129214	0.100922	0.140506	0.475622	0.0670886	0.167903	1.23806	2.17739	2.20353
1310000	-38.51886	0	-38.51886	0.117837	0.100375	0.211061	0.287957	0.332544	0.211783	2.24533	6.98681	0.36432
1320000	-32.81634	0	-32.81634	0.117226	0.170695	0.178804	0.254229	0.210159	0.0515797	0.577406	3.17526	1.04539
1330000	-36.94961	0	-36.94961	0.116792	0.278819	0.525805	0.297798	0.128915	0.109258	1.31667	2.53188	2.31968
1340000	-32.30045	0	-32.30045	0.14398	0.0932069	0.250631	0.473431	0.0894906	0.12459	1.1795	0.673445	0.535301
1350000	-37.11288	0	-37.11288	0.0976487	0.107394	0.274617	0.377489	0.14093	0.14547	1.55044	1.23123	0.274694
1360000	-36.64422	0	-36.64422	0.17763	0.203893	0.181766	0.369447	0.128393	0.122754	0.662236	0.314628	0.502028
1370000	-35.4013	0	-35.4013	0.233487	0.16506	0.235061	0.361857	0.157616	0.0876516	1.84674	2.35922	1.74417
1380000	-36.49103	0	-36.49103	0.209179	0.112863	0.286426	0.411458	0.137486	0.124022	1.32604	1.5612	1.12036
1390000	-46.42109	0	-46.42109	0.116308	0.0778233	0.1288	0.334003	0.055553	0.0913157	0.60114	0.834731	0.355146
1400000	-43.01932	0	-43.01932	0.118018	0.0800888	0.384494	0.192158	0.160774	0.150977	0.384249	0.632591	0.385874
1410000	-40.01356	0	-40.01356	0.107185	0.165189	0.25999	0.211599	0.270033	0.0619617	0.318904	0.653792	0.527034
1420000	-34.00622	0	-34.00622	0.307504	0.11319	0.151421	0.41142	0.128143	0.189021	1.00321	0.450706	0.775266
1430000	-33.10221	0	-33.10221	0.30866	0.189665	0.242816	0.224538	0.140383	0.114646	0.278704	1.36451	2.47763
1440000	-34.80793	0	-34.80793	0.256026	0.0965172	0.347849	0.238465	0.136733	0.20627	0.677644	3.83711	1.71147
1450000	-37.04094	0	-37.04094	0.101862	0.0420872	0.245377	0.289687	0.205518	0.0558687	0.537131	0.320472	0.508345
1460000	-31.96207	0	-31.96207	0.216975	0.177371	0.183624	0.354345	0.104191	0.120217	0.954651	0.605182	1.37726
1470000	-38.76641	0	-38.76641	0.184143	0.24835	0.105966	0.363938	0.110606	0.120744	0.553934	1.75893	1.31458
1480000	-35.11429	0	-35.11429	0.175821	0.110537	0.142803	0.260813	0.0653163	0.0353785	1.36289	0.847556	2.23396
1490000	-43.06194	0	-43.06194	0.19947	0.313683	0.226981	0.267224	0.143667	0.0669501	0.213791	2.44992	0.365823
1500000	-37.89513	0	-37.89513	0.159562	0.25366	0.164083	0.436295	0.139303	0.135089	1.22499	0.403732	1.27992
1510000	-30.39799	0	-30.39799	0.204907	0.0848127	0.223043	0.321963	0.081518	0.135544	0.835285	1.37675	2.61821
1520000	-41.18492	0	-41.18492	0.0639444	0.141389	0.213206	0.3208	0.329582	0.144322	0.497114	0.625377	5.91958
1530000	-42.7034	0	-42.7034	0.137882	0.40036	0.231185	0.637214	0.16444	0.130908	0.345862	0.631501	0.316925
1540000	-32.74913	0	-32.74913	0.167277	0.119283	0.181719	0.173462	0.138954	0.0964597	0.912054	1.25065	0.732246
1550000	-36.12115	0	-36.12115	0.316378	0.118895	0.125654	0.367635	0.114787	0.0709056	0.116975	0.590662	2.7565
1560000	-40.19857	0	-40.19857	0.144528	0.19254	0.236924	0.260678	0.0999638	0.110549	0.370148	1.02035	2.55755
1570000	-32.57654	0	-32.57654	0.176429	0.134536	0.193196	0.324983	0.173189	0.0872203	0.836867	0.941241	2.11227
1580000	-38.58144	0	-38.58144	0.20483	0.134613	0.167079	0.322962	0.0764036	0.083682	0.194062	0.468657	0.744153
1590000	-39.77013	0	-39.77013	0.14496	0.278314	0.137062	0.30191	0.258987	0.218305	0.326523	0.375275	2.58904
1600000	-33.10893	0	-33.10893	0.198756	0.105475	0.180036	0.233631	0.0729411	0.254189	0.579055	0.93907	3.5316
1610000	-36.50534	0	-36.50534	0.0960126	0.229143	0.0735181	0.307441	0.181719	0.158598	0.637119	2.49741	0.796452
1620000	-36.3315	0	-36.3315	0.212222	0.0910676	0.354599	0.0975046	0.0670694	0.115446	0.781507	1.10331	1.38544
1630000	-36.21555	0	-36.21555	0.0689478	0.106525	0.178623	0.327323	0.15898	0.0823085	0.812623	0.419645	1.48952
1640000	-37.86928	0	-37.86928	0.156213	0.20615	0.348734	0.274409	0.102203	0.0726992	0.708252	0.518199	0.390779
1650000	-37.55546	0	-37.55546	0.293382	0.136893	0.278501	0.332555	0.101226	0.0594231	0.15042	0.559702	0.616856
1660000	-32.9907	0	-32.9907	0.132689	0.146093	0.340554	0.201121	0.213236	0.16229	1.32667	0.766344	1.47627
1670000	-46.9362	0	-46.9362	0.11306	0.101706	0.182455	0.290018	0.204381	0.0421885	0.379542	0.773456	1.08853
1680000	-39.50322	0	-39.50322	0.328725	0.105014	0.771626	0.374039	0.110474	0.134871	0.379416	0.272313	0.495815
1690000	-27.91199	0	-27.91199	0.234974	0.171747	0.144382	0.256338	0.306105	0.148579	1.16912	1.81951	1.27155
1700000	-42.97557	0	-42.97557	0.641481	0.126117	0.480395	0.253869	0.136411	0.113905	0.327231	1.13728	1.03736
1710000	-35.17663	0	-35.17663	0.222819	0.0998838	0.174605	0.345273	0.115969	0.122773	0.782013	2.14177	1.40363
1720000	-33.43776	0	-33.43776	0.182292	0.188667	0.358685	0.32788	0.101617	0.131202	0.352142	0.250361	2.24786
1730000	-36.40501	0	-36.40501	0.415541	0.169565	0.109334	0.388108	0.26561	0.116252	2.41324	1.22919	0.563676
1740000	-41.0196	0	-41.0196	0.179463	0.0979579	0.291102	0.174818	0.139743	0.111389	0.401285	0.315666	0.350668
1750000	-43.5871	0	-43.5871	0.0793845	0.182958	0.238626	0.650425	0.0756534	0.0820096	0.736811	1.40398	0.105213
1760000	-28.25393	0	-28.25393	0.106863	0.112072	0.170326	0.223449	0.213386	0.0724246	0.475619	3.44058	0.969236
1770000	-41.41881	0	-41.41881	0.132049	0.176156	0.0898556	0.236037	0.318379	0.0614984	0.356501	0.690131	0.347549
1780000	-36.15783	0	-36.15783	0.140417	0.129555	0.129195	0.225585	0.0688765	0.127955	0.738491	0.702934	0.718274
1790000	-32.7115	0	-32.7115	0.269196	0.271258	0.357116	0.227998	0.195385	0.217754	1.44387	2.0887	1.80561
1800000	-32.18022	0	-32.18022	0.0850456	0.093174	0.20704	0.229421	0.352547	0.123422	0.76237	1.23649	1.1853
1810000	-40.87887	0	-40.87887	0.147197	0.134273	0.149762	0.488542	0.125471	0.0795192	0.383206	0.853183	0.295265
1820000	-38.31156	0	-38.31156	0.186239	0.17054	0.0658571	0.307887	0.0774721	0.0865223	0.598366	0.527776	0.329141
1830000	-37.73978	0	-37.73978	0.192191	0.227408	0.168381	0.293547	0.152196	0.142289	0.238799	0.459172	1.35061
1840000	-33.27692	0	-33.27692	0.0559752	0.250331	0.118675	0.259432	0.234439	0.0611521	0.589229	1.66554	1.37565
1850000	-34.01999	0	-34.01999	0.0782133	0.0659863	0.229279	0.296634	0.192976	0.084096	0.429992	1.85942	1.70904
1860000	-43.27945	0	-43.27945	0.517162	0.187659	0.309345	0.252931	0.173363	0.129873	0.200379	1.28101	0.588501
1870000	-36.58348	0	-36.58348	0.172405	0.0605432	0.0980172	0.330594	0.0846732	0.107752	0.636372	0.7527	1.37686
1880000	-39.23839	0	-39.23839	0.257661	0.185267	0.287795	0.534916	0.107546	0.0780959	0.998525	1.86651	0.936947
1890000	-40.14161	0	-40.14161	0.0909348	0.168662	0.284025	0.30376	0.132769	0.187482	0.194305	0.405977	0.695073
1900000	-39.87983	0	-39.87983	0.152096	0.0797042	0.915945	0.222328	0.227372	0.165262	1.81867	0.949749	0.614415
1910000	-42.05923	0	-42.05923	0.168125	0.0534383	0.0986608	0.529717	0.0489159	0.078738	0.614394	0.675199	0.61063
1920000	-38.70852	0	-38.70852	0.166549	0.113342	0.219079	0.343074	0.169758	0.158628	0.384669	1.18146	1.48309
1930000	-39.05093	0	-39.05093	0.222593	0.0892031	0.21681	0.397399	0.11969	0.08728	0.332215	0.493732	0.242301
1940000	-37.77409	0	-37.77409	0.146836	0.160917	0.43233	0.333365	0.117523	0.113756	0.330387	0.45419	4.51074
1950000	-35.41419	0	-35.41419	0.349058	0.0573466	0.348917	0.408321	0.187421	0.13884	0.606009	2.37832	0.526223
1960000	-33.63338	0	-33.63338	0.135359	0.154059	0.246287	0.329299	0.0787011	0.0994534	2.18991	2.26442	0.784376
1970000	-33.74689	0	-33.74689	0.196359	0.140148	0.195502	0.580998	0.118383	0.130923	0.897505	1.46455	0.316768
1980000	-42.46829	0	-42.46829	0.101983	0.160128	0.174237	0.293763	0.154233	0.0643196	0.16422	0.412051	0.280169
1990000	-33.69574	0	-33.69574	0.164407	0.22464	0.442531	0.493545	0.254502	0.167354	2.05838	4.37178	1.28511
2000000	-39.1036	0	-39.1036	0.073889	0.126315	0.28686	0.207249	0.191861	0.0863514	1.17623	1.30606	2.63632
2010000	-42.06928	0	-42.06928	0.0696537	0.241392	0.209189	0.407024	0.115353	0.109843	1.21208	0.637719	0.442272
2020000	-32.70089	0	-32.70089	0.16638	0.0897812	0.412124	0.634427	0.0645909	0.148012	1.05462	0.824147	2.97501
2030000	-40.39436	0	-40.39436	0.184898	0.152141	0.351641	0.225464	0.0610439	0.124378	1.44435	0.415584	2.0733
2040000	-37.61553	0	-37.61553	0.115484	0.129439	0.291744	0.514871	0.2196	0.08195	0.747334	0.902871	1.54592
2050000	-34.60248	0	-34.60248	0.230635	0.171503	0.2327	0.201992	0.117647	0.130652	1.29957	0.777036	2.00968
2060000	-33.77532	0	-33.77532	0.184467	0.133351	0.221279	0.44781	0.125858	0.153276	0.413997	1.93879	1.35632
2070000	-47.53094	0	-47.53094	0.119683	0.0936964	0.132073	0.213123	0.113244	0.174919	1.13086	1.01396	0.315556
2080000	-38.94657	0	-38.94657	0.153828	0.127808	0.349077	0.255084	0.445902	0.151283	1.1578	0.570919	0.574808
2090000	-35.80648	0	-35.80648	0.0990871	0.20901	0.072701	0.556779	0.131909	0.089347	2.23977	0.566918	2.03685
2100000	-36.24692	0	-36.24692	0.18172	0.137808	0.325232	0.277283	0.161041	0.151476	0.389789	1.34944	4.60246
2110000	-44.9341	0	-44.9341	0.23891	0.0518516	0.203369	0.457529	0.401505	0.109299	0.811069	1.38376	0.223324
2120000	-36.51761	0	-36.51761	0.21973	0.153814	0.128769	0.485149	0.11788	0.112125	0.962678	0.854329	1.25522
2130000	-34.5749	0	-34.5749	0.185692	0.165099	0.261351	0.363154	0.178123	0.106545	0.442647	1.56433	0.828992
2140000	-33.33069	0	-33.33069	0.277658	0.0977703	0.190197	0.168905	0.087465	0.111081	0.507874	2.03838	1.79685
2150000	-40.93094	0	-40.93094	0.0837069	0.212269	0.406269	0.5289	0.13444	0.146144	0.206431	0.309045	0.839609
2160000	-36.34719	0	-36.34719	0.277816	0.186661	0.1302	0.469608	0.270983	0.0395986	1.49847	2.08951	0.245839
2170000	-33.58513	0	-33.58513	0.0840823	0.113839	0.19943	0.255978	0.291344	0.0961933	2.75447	2.14475	1.56417
2180000	-37.65195	0	-37.65195	0.166498	0.139011	0.190474	0.433617	0.157177	0.0747213	1.76105	0.283776	0.659219
2190000	-34.13209	0	-34.13209	0.143322	0.135131	0.234733	0.220697	0.147182	0.0984689	0.585094	1.49107	1.08089
2200000	-33.86686	0	-33.86686	0.114993	0.128352	0.421481	0.21736	0.0636908	0.0942016	0.964883	0.924297	0.486844
2210000	-32.28128	0	-32.28128	0.182674	0.150816	0.176502	0.282035	0.168612	0.0821498	0.545777	1.18608	0.777164
2220000	-32.31274	0	-32.31274	0.130798	0.145691	0.128903	0.310294	0.228207	0.0862905	1.85796	2.1582	0.694989
2230000	-35.27889	0	-35.27889	0.255137	0.0681598	0.20719	0.255307	0.0959753	0.0963146	0.621389	1.15001	0.874069
2240000	-32.91404	0	-32.91404	0.0601617	0.103155	0.278091	0.280896	0.116036	0.124643	0.861283	2.87358	0.267041
2250000	-33.83574	0	-33.83574	0.135839	0.143567	0.131782	0.363754	0.131479	0.112322	1.28385	0.894578	1.35423
2260000	-47.34341	0	-47.34341	0.24695	0.16343	0.200407	0.191382	0.111541	0.0460312	0.490374	0.622777	0.209165
2270000	-37.96191	0	-37.96191	0.126308	0.230818	0.229922	0.18919	0.134746	0.128097	0.654081	2.69751	2.55285
2280000	-40.55629	0	-40.55629	0.16507	0.295985	0.160988	0.147709	0.0957632	0.203707	0.929472	1.02692	1.31404
2290000	-39.10839	0	-39.10839	0.0702233	0.121053	0.169504	0.210323	0.141096	0.16272	0.860026	0.592309	0.0937218
2300000	-45.00908	0	-45.00908	0.198577	0.21372	0.112517	0.274117	0.104214	0.0544825	0.591722	0.349646	0.225847
2310000	-34.35993	0	-34.35993	0.187854	0.186099	0.283277	0.285518	0.260606	0.193242	0.88219	2.17496	0.844562
2320000	-37.73801	0	-37.73801	0.241055	0.121282	0.205117	0.32608	0.0904651	0.152875	0.718279	0.924043	0.247209
2330000	-39.92674	0	-39.92674	0.0699182	0.154243	0.185636	0.375249	0.203749	0.0400355	0.883305	2.33005	3.48058
2340000	-32.87207	0	-32.87207	0.129978	0.146841	0.100688	0.466711	0.0407094	0.0897115	1.37669	0.713045	3.89111
2350000	-38.96028	0	-38.96028	0.135521	0.105415	0.158638	0.207842	0.160517	0.12745	0.790456	1.14101	0.718677
2360000	-37.45663	0	-37.45663	0.218466	0.0906547	0.467317	0.381215	0.184895	0.09649	0.307458	1.21706	1.82727
2370000	-35.42941	0	-35.42941	0.309354	0.159037	0.175571	0.335193	0.20088	0.140699	0.687323	1.62157	1.17739
2380000	-37.01345	0	-37.01345	0.259792	0.295009	0.291104	0.309895	0.14596	0.208111	0.748848	1.31975	0.712462
2390000	-39.09219	0	-39.09219	0.146962	0.084222	0.486733	0.385498	0.18906	0.115732	0.468306	1.55417	1.12607
2400000	-39.61894	0	-39.61894	0.0444673	0.133924	0.157876	0.540055	0.248684	0.0640973	0.523953	0.747328	1.21355
2410000	-38.15495	0	-38.15495	0.125274	0.110271	0.199049	0.147876	0.200532	0.0730103	0.266372	0.717859	0.434893
2420000	-41.97278	0	-41.97278	0.167157	0.161187	0.111812	0.697936	0.0655844	0.138324	0.689601	0.32563	1.83419
2430000	-43.07487	0	-43.07487	0.0772224	0.0971435	0.315322	0.171889	0.33837	0.0834939	0.331156	1.3444	0.359912
2440000	-36.40699	0	-36.40699	0.174898	0.195284	0.163723	0.381908	0.117666	0.0516106	0.558008	0.542198	1.11734
2450000	-41.31371	0	-41.31371	0.0943813	0.242316	0.213825	0.247821	0.0562305	0.084847	0.502207	0.349583	0.423092
2460000	-50.66905	0	-50.66905	0.266979	0.104843	0.175527	0.33287	0.221882	0.12851	0.610336	0.449969	0.3748
2470000	-37.04583	0	-37.04583	0.222541	0.190441	0.111786	0.229543	0.183852	0.0886745	0.263827	1.24527	2.77004
2480000	-37.33571	0	-37.33571	0.120528	0.134343	0.204824	0.183278	0.222363	0.0828836	4.21255	0.487535	0.579971
2490000	-33.88372	0	-33.88372	0.110566	0.082973	0.367741	0.3993	0.181116	0.131384	1.7303	0.19276	2.88022
2500000	-33.62932	0	-33.62932	0.181579	0.0662291	0.19532	0.443014	0.0714478	0.0913743	0.431844	0.944545	0.879515
2510000	-40.16862	0	-40.16862	0.200186	0.0579597	0.579994	0.278524	0.115792	0.213813	0.817107	0.457454	1.81676
2520000	-39.04511	0	-39.04511	0.105592	0.141116	0.38802	0.367137	0.274431	0.0529887	0.633164	0.727014	0.328708
2530000	-40.08006	0	-40.08006	0.188932	0.175754	0.158955	0.316282	0.0685447	0.0511099	0.394682	0.846791	0.303157
2540000	-32.33055	0	-32.33055	0.300624	0.247111	0.131983	0.570722	0.136452	0.145602	1.04004	1.14251	1.96792
2550000	-38.23126	0	-38.23126	0.174481	0.0677838	0.27793	0.344124	0.283395	0.162403	1.93931	2.93343	0.748527
2560000	-31.4854	0	-31.4854	0.120424	0.108484	0.526473	0.342783	0.0815595	0.0816364	1.39842	0.362695	1.68957
2570000	-32.69818	0	-32.69818	0.163242	0.131525	0.254879	0.426841	0.069097	0.121845	0.88375	0.879658	0.41313
2580000	-31.5286	0	-31.5286	0.325821	0.130503	0.193256	0.491601	0.17919	0.0649784	2.54152	1.4782	1.63381
2590000	-38.61607	0	-38.61607	0.132577	0.0712842	0.501522	0.405525	0.11444	0.110537	1.01216	0.52259	0.195554
2600000	-49.9749	0	-49.9749	0.0768148	0.430725	0.245126	0.459657	0.0916799	0.209704	0.810871	1.10808	0.984956
2610000	-35.01535	0	-35.01535	0.155511	0.0860043	0.411941	0.289975	0.284003	0.18509	1.68457	1.1418	1.124
2620000	-37.79539	0	-37.79539	0.119362	0.188283	0.0759492	0.240602	0.0582849	0.279953	0.924459	0.625678	0.640312
2630000	-37.15681	0	-37.15681	0.171048	0.165039	0.215469	0.329524	0.110352	0.0859692	0.596676	1.35818	0.312752
2640000	-34.73783	0	-34.73783	0.0983588	0.152801	0.103482	0.149069	0.0945089	0.148997	0.908509	2.65261	0.831522
2650000	-38.24384	0	-38.24384	0.399514	0.16808	0.30674	0.221477	0.243174	0.171	0.216095	1.115	0.557559
2660000	-40.28751	0	-40.28751	0.40305	0.138948	0.2561	0.277948	0.0634899	0.075367	0.290854	0.283435	1.06465
2670000	-36.73766	0	-36.73766	0.0952556	0.0953601	0.521026	0.319653	0.257362	0.169202	0.512793	1.86475	2.88703
2680000	-39.5767	0	-39.5767	0.269694	0.0951468	0.135255	0.35475	0.306292	0.107456	0.779584	0.611479	1.5705
2690000	-38.90894	0	-38.90894	0.127768	0.119358	0.640644	0.264876	0.0469471	0.0811117	0.232342	0.297058	0.982028
2700000	-36.03787	0	-36.03787	0.0640511	0.237862	0.369078	0.351149	0.105462	0.145003	0.494325	1.41411	1.66989
2710000	-32.69361	0	-32.69361	0.127795	0.104584	0.13982	0.274691	0.106124	0.0672352	1.97124	0.592816	0.375506
2720000	-34.71912	0	-34.71912	0.117074	0.109252	0.159968	0.370207	0.194909	0.185661	1.53667	0.730222	2.33139
2730000	-36.61785	0	-36.61785	0.257845	0.234213	0.143074	0.18863	0.228035	0.0775311	0.220333	0.456733	0.990814
2740000	-38.76661	0	-38.76661	0.10943	0.0869258	0.162752	0.29371	0.0692899	0.18539	0.647385	0.757006	0.217273
2750000	-36.28375	0	-36.28375	0.111865	0.1026	0.120498	0.235356	0.0703506	0.216065	0.678657	1.23764	0.567354
2760000	-30.31903	0	-30.31903	0.178474	0.305402	0.144223	0.255817	0.142715	0.139095	1.00401	0.985209	1.87708
2770000	-31.69006	0	-31.69006	0.199157	0.0627776	0.159304	0.326808	0.247827	0.21696	2.55391	2.49202	2.71363
2780000	-36.54181	0	-36.54181	0.114333	0.120861	0.225115	0.199239	0.107047	0.198134	0.786612	0.170203	1.02038
2790000	-41.76419	0	-41.76419	0.175965	0.341007	0.169226	0.592797	0.164296	0.125046	0.865709	0.622602	1.07019
2800000	-44.04506	0	-44.04506	0.155246	0.31917	0.338154	0.335858	0.133248	0.284194	0.59894	1.65162	1.35274
2810000	-33.94319	0	-33.94319	0.143793	0.162398	0.244463	0.338536	0.206461	0.197111	0.532144	0.593025	1.00353
2820000	-39.64587	0	-39.64587	0.183946	0.0809264	0.286818	0.158375	0.0873127	0.0517935	0.31036	0.181464	0.66203
2830000	-35.77813	0	-35.77813	0.0901579	0.205479	0.142298	0.33789	0.175238	0.11716	0.287592	0.759175	0.814812
2840000	-37.086	0	-37.086	0.110955	0.0948485	0.208952	0.279461	0.116431	0.146809	0.440218	0.961953	0.861918
2850000	-39.26692	0	-39.26692	0.0771914	0.069463	0.193221	0.407981	0.128747	0.0359315	1.36228	0.960942	0.233151
2860000	-35.37016	0	-35.37016	0.190238	0.138929	0.173516	0.379488	0.218861	0.0898158	0.907813	1.08266	1.89627
2870000	-41.2392	0	-41.2392	0.110683	0.0709895	0.239167	0.153549	0.133929	0.0998581	0.48868	0.718473	0.327008
2880000	-44.46807	0	-44.46807	0.170226	0.0809377	0.290622	0.247633	0.239082	0.107204	0.848137	0.526268	0.330089
2890000	-41.68775	0	-41.68775	0.189446	0.218355	0.35921	0.521286	0.165982	0.171814	0.45315	0.979865	1.29087
2900000	-31.27172	0	-31.27172	0.202306	0.20187	0.124855	0.227421	0.192128	0.189879	1.38375	1.75359	1.09526
2910000	-32.18173	0	-32.18173	0.118359	0.157792	0.239683	0.0934212	0.149468	0.0601623	0.748907	1.62707	1.98772
2920000	-39.92854	0	-39.92854	0.131414	0.162333	0.327216	0.157786	0.527959	0.17385	1.01431	0.813361	0.873943
2930000	-39.30886	0	-39.30886	0.120835	0.216377	0.146192	0.394143	0.229437	0.102859	0.428368	0.884727	0.516426
2940000	-28.7829	0	-28.7829	0.188117	0.0918642	0.151199	0.132451	0.15792	0.0557375	0.679507	2.66522	2.65004
2950000	-37.43173	0	-37.43173	0.142632	0.112839	0.265692	0.536676	0.106229	0.0716659	0.541145	0.963722	0.87757
2960000	-43.44199	0	-43.44199	0.112654	0.617847	0.132124	0.248769	0.0590218	0.140146	0.44938	1.44576	2.4349
2970000	-36.03315	0	-36.03315	0.132797	0.237057	0.213559	0.259615	0.175085	0.17178	0.786735	2.09503	1.40402
2980000	-43.40413	0	-43.40413	0.121711	0.0906795	0.224899	0.254439	0.149832	0.0909997	0.772565	1.21215	0.0762951
2990000	-37.47793	0	-37.47793	0.104826	0.070344	0.275703	0.253156	0.22577	0.207785	0.586528	0.359052	0.916656
3000000	-38.28288	0	-38.28288	0.106124	0.0983908	0.263086	0.392115	0.0728485	0.0877423	1.17382	2.05205	0.57559
3010000	-33.4818	0	-33.4818	0.170069	0.147729	0.18702	0.196809	0.142072	0.0693231	0.892926	0.820032	1.03481
3020000	-36.56497	0	-36.56497	0.186646	0.231142	0.182395	0.485216	0.101241	0.0798766	0.786074	1.71029	1.31163
3030000	-44.0669	0	-44.0669	0.162324	0.136572	0.421552	0.311616	0.152933	0.122809	0.624893	0.953223	0.0802894
3040000	-42.19885	0	-42.19885	0.141637	0.106844	0.229831	0.428516	0.0720333	0.144945	1.1744	1.00349	0.368247
3050000	-31.25897	0	-31.25897	0.0808167	0.172533	0.22331	0.21919	0.202704	0.0948477	1.25833	0.962168	0.604846
3060000	-36.28885	0	-36.28885	0.0844231	0.207536	0.240176	0.220791	0.0607813	0.250976	1.02663	0.430334	2.20374
3070000	-39.65777	0	-39.65777	0.162077	0.120278	0.230185	0.186387	0.247184	0.0755154	0.63952	0.98627	0.526381
3080000	-36.61185	0	-36.61185	0.124858	0.284923	0.285538	0.297238	0.20958	0.0882417	0.297606	0.942611	4.24312
3090000	-32.18582	0	-32.18582	0.197403	0.122195	0.113683	0.369421	0.224728	0.155219	1.62593	1.44432	1.12503
3100000	-35.30469	0	-35.30469	0.122759	0.108947	0.220562	0.353627	0.0655243	0.112254	0.662957	2.30736	0.729158
3110000	-33.1326	0	-33.1326	0.129036	0.118809	0.162677	0.487165	0.0877367	0.123972	0.807019	0.89355	2.06311
3120000	-42.9405	0	-42.9405	0.106673	0.557513	0.239985	0.188072	0.114559	0.116185	0.624144	3.06956	0.367407
3130000	-38.14178	0	-38.14178	0.360644	0.136103	0.191892	0.268597	0.200661	0.205965	0.578567	1.32176	1.30762
3140000	-37.02946	0	-37.02946	0.094514	0.12437	0.320833	0.453695	0.165057	0.0432238	0.594787	1.08883	0.953258
3150000	-44.57091	0	-44.57091	0.183625	0.15548	0.159944	0.220886	0.134779	0.134081	0.589234	0.751918	0.52564
3160000	-39.65129	0	-39.65129	0.242107	0.093586	0.510298	0.625583	0.135711	0.128742	0.615173	0.878525	0.89921
3170000	-33.59227	0	-33.59227	0.137926	0.123862	0.245853	0.357357	0.0774898	0.156465	1.71364	1.2154	0.869225
3180000	-36.70115	0	-36.70115	0.288468	0.0701574	0.188128	0.489692	0.0999338	0.145742	2.57247	2.16755	0.321239
3190000	-42.80869	0	-42.80869	0.354698	0.2278	0.169513	0.144055	0.454594	0.0643561	1.94207	3.47713	1.12473
3200000	-38.3149	0	-38.3149	0.113906	0.307332	0.136356	0.428104	0.158202	0.139414	0.315775	0.863296	0.98862
3210000	-34.15347	0	-34.15347	0.107334	0.119511	0.166715	0.256152	0.209682	0.159687	1.15611	0.658772	1.34946
3220000	-38.82496	0	-38.82496	0.150366	0.127962	0.191142	0.333725	0.0844635	0.135704	0.924834	2.3861	0.342835
3230000	-39.0089	0	-39.0089	0.0930479	0.125141	0.198411	0.261708	0.159061	0.0673685	1.03276	0.328138	0.295374
3240000	-37.79707	0	-37.79707	0.149367	0.0874532	0.315069	0.221864	0.117674	0.0515879	0.238375	0.278857	1.01785
3250000	-38.69541	0	-38.69541	0.126128	0.26988	0.3668	0.281152	0.140902	0.102119	0.675025	1.31819	3.45546
3260000	-37.08251	0	-37.08251	0.242919	0.119129	0.184978	0.188726	0.184708	0.105742	1.06789	0.916269	0.711501
3270000	-37.90512	0	-37.90512	0.222874	0.107134	0.0591217	0.22414	0.138446	0.123957	0.783091	2.4546	1.49303
3280000	-38.0417	0	-38.0417	0.3267	0.144193	0.267096	0.370609	0.116088	0.0829962	1.24258	1.09743	2.08556
3290000	-39.83939	0	-39.83939	0.126006	0.0963476	0.15572	0.27678	0.0790896	0.131067	0.843398	0.728261	0.213922
3300000	-35.60605	0	-35.60605	0.244964	0.247187	0.311427	0.213794	0.275342	0.0774102	0.465769	1.45603	3.82245
3310000	-36.3458	0	-36.3458	0.191037	0.178465	0.19559	0.368762	0.236931	0.099821	0.300953	0.444607	1.80149
3320000	-40.39751	0	-40.39751	0.140951	0.214213	0.712977	0.197761	0.184477	0.0449071	0.28902	0.622423	2.20574
3330000	-32.41271	0	-32.41271	0.139036	0.158063	0.259735	0.299024	0.183363	0.0831405	0.723935	1.58262	1.52062
3340000	-39.0557	0	-39.0557	0.267389	0.185763	0.165152	0.412184	0.198076	0.100015	0.452078	1.94997	0.928512
3350000	-35.4344	0	-35.4344	0.100557	0.125424	0.259382	0.402666	0.0529129	0.0818506	0.73521	0.788904	2.71671
3360000	-29.44112	0	-29.44112	0.203655	0.134868	0.2603	0.180944	0.166717	0.1604	1.07092	2.2644	0.829367
3370000	-41.2498	0	-41.2498	0.0831534	0.0697081	0.101582	0.180035	0.188236	0.144578	0.793536	1.61553	0.515604
3380000	-40.2181	0	-40.2181	0.419103	0.206576	0.184663	0.647551	0.260589	0.296623	1.1921	1.26946	3.16705
3390000	-38.81738	0	-38.81738	0.181641	0.491225	0.200962	0.215706	0.112096	0.0776672	0.643074	1.14869	0.69056
3400000	-43.54585	0	-43.54585	0.359726	0.0710484	0.18296	0.551895	0.0816467	0.198195	0.241134	1.30667	0.798695
3410000	-30.30444	0	-30.30444	0.259573	0.173639	0.0994136	0.231726	0.114728	0.0573861	1.72017	1.67383	1.51568
3420000	-28.84584	0	-28.84584	0.141694	0.19293	0.219519	0.174343	0.145828	0.118038	0.373936	2.25819	1.77067
3430000	-35.6234	0	-35.6234	0.209894	0.248826	0.135251	0.351535	0.0528259	0.063243	1.10647	1.77465	1.04213
3440000	-43.93639	0	-43.93639	0.0815983	0.0936426	0.323194	0.412557	0.0415342	0.1134	0.21936	0.542824	1.79351
3450000	-41.114	0	-41.114	0.297587	0.249522	0.135781	0.635108	0.234087	0.093847	0.365603	0.805554	4.37023
3460000	-34.46192	0	-34.46192	0.0912016	0.096079	0.047645	0.18394	0.10762	0.0515541	1.35162	0.712263	0.742528
3470000	-36.57957	0	-36.57957	0.315021	0.141151	0.149185	0.391964	0.0340242	0.171283	1.05046	0.913271	1.54976
3480000	-29.69575	0	-29.69575	0.0921281	0.165244	0.240278	0.410871	0.0834345	0.0931192	0.801047	1.23106	1.95321
3490000	-37.17977	0	-37.17977	0.0949192	0.0957188	0.381997	0.322896	0.11079	0.107614	0.644134	0.529866	0.490419
3500000	-32.90308	0	-32.90308	0.0839932	0.222557	0.243661	0.273639	0.0981709	0.220798	0.943795	0.907292	2.41597
3510000	-33.85492	0	-33.85492	0.0718532	0.203072	0.380963	0.314865	0.0655665	0.0978937	0.907782	1.81669	0.753179
3520000	-45.35424	0	-45.35424	0.102168	0.180464	0.190135	0.177219	0.224318	0.193076	1.44956	0.340043	0.127519
3530000	-33.70142	0	-33.70142	0.318512	0.0787718	0.237566	0.369085	0.137813	0.169248	1.23984	0.750384	0.995978
3540000	-29.65154	0	-29.65154	0.114818	0.122327	0.093714	0.385628	0.0719315	0.100184	1.88003	0.468544	2.48953
3550000	-39.31594	0	-39.31594	0.242398	0.101158	0.199985	0.276816	0.0919941	0.0359636	1.33724	0.97595	0.617526
3560000	-37.0822	0	-37.0822	0.182528	0.098917	0.185366	0.469932	0.18415	0.0523735	0.292477	1.51957	1.75878
3570000	-47.17117	0	-47.17117	0.288007	0.148077	0.122121	0.149445	0.214988	0.066399	0.512515	0.633822	0.0626292
3580000	-34.03969	0	-34.03969	0.113496	0.120912	0.174556	0.254506	0.169327	0.102333	0.997315	1.46902	1.39293
3590000	-38.25574	0	-38.25574	0.145757	0.172668	0.45258	0.445068	0.0624509	0.139632	1.08891	0.544848	0.767173
3600000	-38.6029	0	-38.6029	0.238582	0.0994062	0.348798	0.389708	0.199268	0.156702	1.56306	1.43316	0.789582
3610000	-42.48656	0	-42.48656	0.235672	0.102366	0.350746	0.485992	0.0864975	0.14779	0.523496	0.294955	0.36785
3620000	-34.02066	0	-34.02066	0.0813354	0.216266	0.30445	0.38025	0.0540339	0.105339	0.863669	1.51237	1.37763
3630000	-43.05759	0	-43.05759	0.0954258	0.0873194	0.424339	0.351466	0.12622	0.0736521	0.456648	0.64807	0.118112
3640000	-33.35781	0	-33.35781	0.108747	0.126339	0.361721	0.164647	0.1914	0.0568765	0.630852	2.20114	0.8656
3650000	-32.62176	0	-32.62176	0.087732	0.0545069	0.407978	0.249964	0.104361	0.223764	1.43576	0.819294	1.34764
3660000	-37.31777	0	-37.31777	0.0858424	0.119862	0.49177	0.188683	0.115481	0.276669	0.368717	0.787265	1.46047
3670000	-39.25938	0	-39.25938	0.14401	0.254059	0.173457	0.307963	0.0840901	0.266553	0.431499	0.390521	1.16983
3680000	-33.39134	0	-33.39134	0.136836	0.0716595	0.286735	0.164479	0.257421	0.126541	0.663513	1.42274	1.24998
3690000	-45.47282	0	-45.47282	0.0314399	0.260772	0.409045	0.215307	0.187001	0.143503	0.598757	0.348453	1.35687
3700000	-35.5401	0	-35.5401	0.137205	0.131075	0.167612	0.514175	0.166641	0.116582	0.598701	2.07314	0.671929
3710000	-30.32797	0	-30.32797	0.174699	0.255661	0.165695	0.396138	0.230065	0.126599	2.83373	1.21956	1.52149
3720000	-32.06332	0	-32.06332	0.220819	0.247528	0.157914	0.384856	0.0667046	0.14602	0.71897	0.743369	3.38688
3730000	-37.42637	0	-37.42637	0.0883116	0.136569	0.297692	0.199203	0.167939	0.0835879	0.548479	1.09346	1.70795
3740000	-35.09885	0	-35.09885	0.29298	0.158163	0.40138	0.159824	0.15416	0.0909151	1.41069	0.444682	2.83472
3750000	-44.62854	0	-44.62854	0.186645	0.15675	0.250218	0.122349	0.0376387	0.0611383	0.57478	0.44414	1.90629
3760000	-37.18758	0	-37.18758	0.201689	0.10196	0.259819	0.335178	0.171687	0.0762922	0.499769	1.02467	1.02172
3770000	-38.81814	0	-38.81814	0.0724029	0.302506	0.12579	0.161634	0.221691	0.192978	0.337465	1.35643	2.31326
3780000	-34.63999	0	-34.63999	0.154203	0.129374	0.106168	0.412647	0.270138	0.0771894	0.872371	0.592025	2.79742
3790000	-31.68038	0	-31.68038	0.145262	0.183241	0.213295	0.350717	0.202411	0.123352	1.22892	0.97002	1.35513
3800000	-36.95824	0	-36.95824	0.173015	0.218474	0.423744	0.249132	0.111471	0.223919	0.516901	0.981529	0.866068
3810000	-32.90497	0	-32.90497	0.197921	0.0835288	0.118795	0.375438	0.0867135	0.114816	1.12675	1.21911	1.18041
3820000	-49.80237	0	-49.80237	0.584015	0.140733	0.347669	0.0977991	0.261662	0.119722	0.441245	3.07326	1.03395
3830000	-36.85799	0	-36.85799	0.202529	0.171918	0.277084	0.258529	0.123113	0.193486	0.245543	1.82021	0.677878
3840000	-29.95712	0	-29.95712	0.27566	0.137708	0.283482	0.281796	0.119284	0.125767	1.37356	1.4135	2.70514
3850000	-33.20566	0	-33.20566	0.0923742	0.148982	0.256672	0.255847	0.280703	0.0901899	0.65655	0.707543	0.34162
3860000	-27.67506	0	-27.67506	0.0846341	0.113361	0.135953	0.247527	0.0802523	0.166348	0.726489	1.35648	1.62308
3870000	-40.09459	0	-40.09459	0.191585	0.342924	0.0702337	0.30563	0.0780074	0.132823	0.433919	0.840084	2.06535
3880000	-41.36516	0	-41.36516	0.195979	0.102058	0.413149	0.27368	0.251732	0.0636503	0.33712	0.606764	0.438592
3890000	-33.24759	0	-33.24759	0.256725	0.17275	0.190744	0.30898	0.151697	0.0779804	0.98202	0.911371	0.517784
3900000	-33.39139	0	-33.39139	0.165323	0.0999751	0.194854	0.203528	0.18661	0.0520586	2.5396	1.20538	0.534206
3910000	-47.30075	0	-47.30075	0.135265	0.117842	0.219649	0.157542	0.23949	0.129979	1.34026	0.340218	1.15761
3920000	-35.91317	0	-35.91317	0.158389	0.210017	0.170137	0.314255	0.177391	0.068474	0.897879	1.22809	0.208219
3930000	-39.30053	0	-39.30053	0.13964	0.183291	0.302199	0.329336	0.119001	0.0493602	0.555273	0.273949	0.895029
3940000	-47.11363	0	-47.11363	0.11393	0.323052	0.150093	0.433488	0.0993221	0.0764425	0.714884	0.564066	0.173694
3950000	-37.9551	0	-37.9551	0.238881	0.108846	0.135451	0.564469	0.140904	0.19528	0.569127	1.2805	0.552968
3960000	-41.05092	0	-41.05092	0.256085	0.124307	0.188102	0.314683	0.0955084	0.174106	0.850079	0.704047	0.253873
3970000	-36.94692	0	-36.94692	0.146717	0.0493815	0.149008	0.235228	0.144516	0.238049	1.11865	2.79078	1.13563
3980000	-44.79981	0	-44.79981	0.196461	0.0881127	0.203697	0.353325	0.113967	0.120477	0.393599	0.130481	2.33817
3990000	-37.97554	0	-37.97554	0.276191	0.180012	0.0897106	0.301582	0.079449	0.31987	0.480997	0.626485	1.97491
4000000	-38.32643	0	-38.32643	0.239119	0.175027	0.24719	0.274257	0.18496	0.0831891	0.663118	0.449574	0.349902
4010000	-36.19877	0	-36.19877	0.155147	0.240517	0.143306	0.215093	0.0815493	0.0838372	0.880121	1.0776	1.26654
4020000	-38.08193	0	-38.08193	0.209705	0.396856	0.0824575	0.540108	0.161154	0.0926006	2.14143	0.816896	0.277671
4030000	-42.30696	0	-42.30696	0.0635514	0.0540874	0.45199	0.510827	0.0765041	0.22168	0.58895	1.15962	1.20482
4040000	-35.66347	0	-35.66347	0.29842	0.134041	0.229587	0.365491	0.153581	0.122397	0.894329	1.93914	0.784264
4050000	-43.77338	0	-43.77338	0.100264	0.148488	0.252864	0.446904	0.160284	0.0922216	1.5906	2.10986	0.609985
4060000	-46.3037	0	-46.3037	0.230393	0.0987553	0.191305	0.399491	0.159269	0.0656946	0.967003	0.306711	0.977704
4070000	-32.81408	0	-32.81408	0.0925363	0.16585	0.0999361	0.334388	0.0914108	0.255861	2.08909	1.31621	1.29371
4080000	-36.52676	0	-36.52676	0.49738	0.0886444	0.143802	0.231645	0.10918	0.0832331	1.06384	2.72285	1.18006
4090000	-45.82313	0	-45.82313	0.159234	0.145741	0.244822	0.356987	0.112903	0.104374	0.30431	0.311386	0.509145
4100000	-37.33554	0	-37.33554	0.350453	0.0881462	0.222391	0.543541	0.294441	0.109262	1.43915	0.929581	1.82236
4110000	-37.93846	0	-37.93846	0.250971	0.152618	0.0951013	0.132779	0.101781	0.0818291	1.2504	1.89002	0.214494
4120000	-34.92006	0	-34.92006	0.315508	0.131358	0.296085	0.266238	0.118139	0.172568	1.60958	0.907307	0.313142
4130000	-35.64752	0	-35.64752	0.194463	0.277025	0.353745	0.304349	0.0937965	0.127475	0.402254	0.859197	1.20617
4140000	-38.32666	0	-38.32666	0.0801168	0.170879	0.126214	0.215565	0.109202	0.212161	0.326215	0.601521	2.19717
4150000	-35.1533	0	-35.1533	0.0792359	0.177607	0.105661	0.178763	0.198457	0.142095	0.573252	1.84165	2.01899
4160000	-32.32044	0	-32.32044	0.133335	0.261014	0.251629	0.259371	0.182949	0.126136	0.781522	3.1138	2.63281
4170000	-30.69911	0	-30.69911	0.163407	0.180967	0.118616	0.310003	0.12641	0.0730943	0.427008	1.78451	1.07635
4180000	-45.60614	0	-45.60614	0.185078	0.228109	0.256767	0.458968	0.166998	0.141729	0.277539	0.427564	1.11579
4190000	-44.31441	0	-44.31441	0.203282	0.0851044	0.0872648	0.717582	0.189613	0.0452311	0.478301	0.858639	0.100466
4200000	-34.94748	0	-34.94748	0.190402	0.101749	0.351705	0.351999	0.129386	0.0949453	0.868846	2.4877	1.75539
4210000	-33.40649	0	-33.40649	0.139006	0.208508	0.154954	0.375915	0.160107	0.0868119	0.759494	1.68796	0.733014
4220000	-31.64391	0	-31.64391	0.387353	0.0990457	0.167755	0.333067	0.162919	0.074183	0.573172	1.9021	0.720806
4230000	-39.85872	0	-39.85872	0.176544	0.236725	0.0655245	0.254468	0.122193	0.0751976	0.884595	0.651819	0.110187
4240000	-34.79284	0	-34.79284	0.133117	0.207205	0.130993	0.497862	0.172413	0.0770611	0.792941	3.4755	1.1807
4250000	-46.7922	0	-46.7922	0.194234	0.109602	0.300424	0.312376	0.0656014	0.063284	0.448402	0.960485	0.234737
4260000	-39.78835	0	-39.78835	0.172024	0.0826246	0.17558	0.227289	0.133457	0.0450213	0.683827	1.18546	0.607209
4270000	-36.61036	0	-36.61036	0.21517	0.132011	0.157219	0.437557	0.201533	0.0714745	0.6929	1.27499	1.41921
4280000	-42.4283	0	-42.4283	0.349265	0.151458	0.239076	0.324701	0.184139	0.0755824	0.60169	0.729813	1.40388
4290000	-36.22549	0	-36.22549	0.134337	0.101596	0.260461	0.197867	0.0823312	0.0628387	0.6668	1.09701	0.968196
4300000	-33.40339	0	-33.40339	0.228164	0.152194	0.118854	0.26886	0.0778946	0.151284	1.41435	1.24397	1.42737
4310000	-34.8912	0	-34.8912	0.186114	0.0782658	0.226607	0.295253	0.182021	0.218187	1.30341	2.40044	1.53295
4320000	-39.77332	0	-39.77332	0.18781	0.196582	0.27924	0.426012	0.0748328	0.0539778	1.63197	1.23542	0.543186
4330000	-35.48469	0	-35.48469	0.104275	0.273195	0.229963	0.155357	0.161071	0.314579	2.03831	1.34151	1.81625
4340000	-38.1255	0	-38.1255	0.183885	0.276317	0.326135	0.351701	0.0853864	0.119726	1.31325	1.03841	0.347511
4350000	-49.76694	0	-49.76694	0.0823499	0.328524	0.0800021	0.24001	0.140835	0.214038	0.531118	0.337131	0.0853322
4360000	-37.0377	0	-37.0377	0.319413	0.10561	0.286376	0.30219	0.119137	0.108307	0.557274	1.62076	1.37029
4370000	-35.53257	0	-35.53257	0.124139	0.175504	0.290408	0.224917	0.0989264	0.0535829	0.790205	1.86497	0.282363
4380000	-43.22924	0	-43.22924	0.351788	0.0845209	0.362966	0.225575	0.0842737	0.122675	1.70372	0.979096	0.15118
4390000	-29.34352	0	-29.34352	0.199967	0.159729	0.280632	0.259444	0.0726038	0.0357711	1.9112	5.01023	2.03404
4400000	-36.15158	0	-36.15158	0.230749	0.168259	0.120335	0.496705	0.139535	0.372867	1.55178	1.09895	0.33621
4410000	-32.58989	0	-32.58989	0.170561	0.163135	0.488124	0.399138	0.199825	0.0690024	0.560311	2.31962	1.03188
4420000	-37.47166	0	-37.47166	0.174262	0.0797928	0.173087	0.185481	0.112828	0.0614526	0.531075	0.576444	0.26533
4430000	-39.74271	0	-39.74271	0.288081	0.221998	0.319727	0.241741	0.11743	0.0440859	0.481296	0.378633	0.565671
4440000	-39.27233	0	-39.27233	0.138797	0.0424449	0.245622	0.426634	0.135866	0.0725767	1.82246	1.01344	1.2544
4450000	-32.26975	0	-32.26975	0.12462	0.0835025	0.171211	0.231476	0.28784	0.0859965	1.07274	1.21612	0.966569
4460000	-42.57291	0	-42.57291	0.26532	0.202803	0.139494	0.666583	0.0880442	0.0733621	0.511705	0.0756451	2.09057
4470000	-40.34416	0	-40.34416	0.165019	0.162999	0.105093	0.40424	0.120329	0.165596	0.371832	0.435634	0.618223
4480000	-35.5434	0	-35.5434	0.184369	0.200521	0.151821	0.366103	0.0579465	0.151428	0.849855	0.539967	0.516963
4490000	-35.43904	0	-35.43904	0.320229	0.0944994	0.173484	0.287728	0.0571161	0.120283	0.941981	0.722089	0.650808
4500000	-35.45779	0	-35.45779	0.208661	0.180687	0.194358	0.502222	0.111538	0.0920847	1.33854	0.473525	0.72565
4510000	-39.24428	0	-39.24428	0.127514	0.142324	0.122454	0.270876	0.0677689	0.104608	0.98536	0.795918	3.337
4520000	-39.53432	0	-39.53432	0.128599	0.0760536	0.181858	0.317633	0.278604	0.0823042	0.438741	0.565005	0.763123
4530000	-36.41608	0	-36.41608	0.614785	0.201301	0.398845	0.398893	0.25775	0.125617	2.26155	2.36281	2.06916
4540000	-37.33983	0	-37.33983	0.0878937	0.0690221	0.267703	0.220226	0.0536073	0.113588	0.589754	0.780339	0.665255
4550000	-46.89	0	-46.89	0.126568	0.0717009	0.180506	0.261133	0.200244	0.0485101	0.492177	0.257053	0.3045
4560000	-32.0543	0	-32.0543	0.120817	0.107331	0.176247	0.208103	0.0938309	0.310163	1.54466	1.25253	0.438828
4570000	-34.63431	0	-34.63431	0.231137	0.127562	0.390528	0.331314	0.0943932	0.0500524	0.364397	0.767646	2.37135
4580000	-35.92557	0	-35.92557	0.234665	0.153542	0.170019	0.640202	0.514231	0.0710549	1.90993	1.33247	0.948677
4590000	-42.3489	0	-42.3489	0.0863807	0.233422	0.419791	0.323051	0.0872337	0.127158	0.610134	0.745373	0.930697
4600000	-44.05615	0	-44.05615	0.138647	0.238655	0.276465	0.202922	0.167005	0.294417	0.262525	1.30006	0.995815
4610000	-37.9086	0	-37.9086	0.203995	0.139561	0.212237	0.427881	0.0849544	0.312083	0.881907	0.774588	0.506554
4620000	-40.20697	0	-40.20697	0.265446	0.213329	0.404632	0.378836	0.146152	0.0874814	0.617167	0.340193	1.19383
4630000	-41.28998	0	-41.28998	0.377676	0.233637	0.0913772	0.36759	0.125522	0.0736284	0.620678	0.864637	0.749124
4640000	-39.84585	0	-39.84585	0.167479	0.180255	0.231982	0.2608	0.122562	0.193794	0.547606	1.16418	0.303562
4650000	-34.71136	0	-34.71136	0.166781	0.15416	0.310527	0.515623	0.152535	0.131287	0.328883	1.81333	1.38825
4660000	-45.30171	0	-45.30171	0.14135	0.148108	0.287152	0.137693	0.20339	0.15818	0.684379	0.697831	0.149159
4670000	-29.89914	0	-29.89914	0.174548	0.105808	0.173568	0.198138	0.115864	0.108722	0.784656	3.32217	2.71376
4680000	-45.70537	0	-45.70537	0.169434	0.120953	0.374703	0.560806	0.0846074	0.115365	0.589084	0.24369	0.129842
4690000	-33.86788	0	-33.86788	0.146335	0.220076	0.23728	0.285912	0.21818	0.115494	1.48914	0.793437	0.893993
4700000	-41.09567	0	-41.09567	0.19712	0.0474509	0.265541	0.60181	0.15216	0.110764	0.480957	0.196145	3.10353
4710000	-42.13516	0	-42.13516	0.0508759	0.159408	0.123121	0.190963	0.211855	0.0415206	0.578756	0.605289	2.82409
4720000	-41.75642	0	-41.75642	0.219704	0.0755041	0.358536	0.450744	0.0861266	0.0544858	0.407888	1.8962	0.495073
4730000	-35.16027	0	-35.16027	0.154333	0.205999	0.240655	0.442377	0.159984	0.0615341	0.394587	0.773344	2.03313
4740000	-36.66574	0	-36.66574	0.09286	0.226057	0.2947	0.222529	0.278058	0.201549	1.5246	1.56075	1.27413
4750000	-36.87385	0	-36.87385	0.270048	0.116357	0.22781	0.444421	0.110106	0.0565992	1.04644	0.42022	0.685647
4760000	-28.03903	0	-28.03903	0.0973147	0.119472	0.297191	0.176006	0.105829	0.108352	0.649536	1.26856	3.58577
4770000	-43.4697	0	-43.4697	0.13555	0.130653	0.290014	0.178645	0.125217	0.163509	0.835282	2.8164	0.581681
4780000	-36.69898	0	-36.69898	0.128697	0.0947458	0.264554	0.440993	0.110588	0.0790492	0.490869	0.52721	0.615566
4790000	-38.28562	0	-38.28562	0.111598	0.0740058	0.12742	0.29753	0.11886	0.166066	1.21561	0.9374	0.664675
4800000	-35.76116	0	-35.76116	0.128644	0.128532	0.144545	0.274063	0.216586	0.0763786	3.2056	0.878585	0.106091
4810000	-40.99578	0	-40.99578	0.143838	0.276988	0.163553	0.18843	0.146998	0.0700371	0.134563	0.793697	1.98163
4820000	-42.16489	0	-42.16489	0.128677	0.232238	0.4156	0.179985	0.45411	0.140236	0.811273	3.71504	0.329851
4830000	-36.94398	0	-36.94398	0.355822	0.100255	0.100235	0.235022	0.179714	0.11494	1.1388	0.824845	2.69892
4840000	-36.01755	0	-36.01755	0.411698	0.195682	0.270907	0.172195	0.0804932	0.166485	0.390416	1.56924	1.21257
4850000	-42.50516	0	-42.50516	0.160847	0.116372	0.187107	0.237336	0.192568	0.0567393	0.404878	0.490883	0.482105
4860000	-37.19069	0	-37.19069	0.174184	0.174878	0.22664	0.361973	0.187136	0.0866543	2.33054	0.647412	0.980725
4870000	-38.89958	0	-38.89958	0.142145	0.139815	0.426453	0.101611	0.0945876	0.0624598	0.885425	1.37612	0.560007
4880000	-38.46307	0	-38.46307	0.0879964	0.0651502	0.296879	0.33554	0.18378	0.0883827	0.233147	1.62624	1.57777
4890000	-37.68557	0	-37.68557	0.193571	0.113098	0.0827189	0.161382	0.0598273	0.172824	0.561574	0.485895	0.457779
4900000	-33.79655	0	-33.79655	0.0799525	0.123046	0.271135	0.178369	0.15738	0.126149	1.14997	1.97814	1.89932
4910000	-36.80837	0	-36.80837	0.203723	0.0546736	0.474698	0.141613	0.193792	0.141558	1.27906	0.343936	0.528671
4920000	-44.86595	0	-44.86595	0.254175	0.133458	0.14746	0.26784	0.0937868	0.165193	0.554037	0.970701	0.176542
4930000	-27.42444	0	-27.42444	0.149251	0.126058	0.136675	0.185719	0.0934242	0.148675	1.98197	1.20486	2.75094
4940000	-35.34043	0	-35.34043	0.151564	0.157898	0.24287	0.2022	0.156726	0.13441	0.95077	0.498961	0.346965
4950000	-36.85984	0	-36.85984	0.0894286	0.0860832	0.274979	0.162512	0.0594917	0.138789	0.324216	1.31344	1.27606
4960000	-40.307	0	-40.307	0.195104	0.130758	0.182801	0.420646	0.109976	0.0812133	0.252196	0.542622	0.290487
4970000	-40.62377	0	-40.62377	0.50728	0.179477	0.242591	0.335188	0.18909	0.151539	0.686137	0.471833	0.492935
4980000	-34.35374	0	-34.35374	0.109182	0.0977375	0.364042	0.289975	0.222648	0.0678102	0.543298	1.67741	1.87913
4990000	-39.83494	0	-39.83494	0.207812	0.0853451	0.123958	0.555856	0.138396	0.0793203	0.20963	1.09718	0.409448
5000000	-34.19822	0	-34.19822	0.454567	0.111568	0.154297	0.339154	0.121327	0.108488	1.08186	2.17948	0.874311
