Iteration	Posterior	Likelihood	Prior	lambda[1]	lambda[2]	lambda[3]	mu[1]	mu[2]	mu[3]
0	-42.8689	0	-42.8689	0.17861	0.139696	0.123645	0.0634255	0.111069	0.269135
10000	-28.85215	0	-28.85215	0.140358	0.167683	0.280348	0.515647	0.106092	0.113247
20000	-27.23149	0	-27.23149	0.0929885	0.133881	0.370073	0.346701	0.155383	0.0554869
30000	-29.93322	0	-29.93322	0.0464633	0.161407	0.151686	0.319282	0.134458	0.14451
40000	-39.51939	0	-39.51939	0.0753473	0.0554163	0.33919	0.4642	0.0831759	0.0124214
50000	-31.41297	0	-31.41297	0.106005	0.133266	0.357906	0.239218	0.0797625	0.0989207
60000	-27.45672	0	-27.45672	0.0893127	0.141501	0.208478	0.45238	0.12223	0.113883
70000	-31.71243	0	-31.71243	0.20359	0.179045	0.24568	0.220028	0.12308	0.0934276
80000	-33.47991	0	-33.47991	0.120721	0.146838	0.465061	0.144888	0.0381381	0.0843171
90000	-29.73891	0	-29.73891	0.18007	0.0863472	0.333631	0.340521	0.175031	0.0614719
100000	-37.81311	0	-37.81311	0.189591	0.0546826	0.663093	0.152482	0.21911	0.0950179
110000	-27.75332	0	-27.75332	0.0507583	0.132326	0.15064	0.283238	0.0882883	0.0949099
120000	-33.2178	0	-33.2178	0.064887	0.152553	0.546896	0.710806	0.0933219	0.0741029
130000	-28.47284	0	-28.47284	0.13207	0.0770352	0.140911	0.303866	0.188198	0.160638
140000	-30.53018	0	-30.53018	0.0966156	0.11479	0.100898	0.299109	0.116464	0.145697
150000	-31.63288	0	-31.63288	0.276212	0.156553	0.350693	0.478244	0.0731543	0.139016
160000	-32.68036	0	-32.68036	0.17171	0.126754	0.447175	0.364064	0.0971729	0.201868
170000	-27.75331	0	-27.75331	0.10657	0.166057	0.229458	0.334787	0.128935	0.239603
180000	-32.45416	0	-32.45416	0.0594297	0.338562	0.155243	0.239538	0.0904481	0.0633066
190000	-30.56044	0	-30.56044	0.243647	0.190243	0.22458	0.507754	0.11294	0.0895718
200000	-29.16512	0	-29.16512	0.07929	0.204259	0.293689	0.231697	0.205282	0.124829
210000	-32.10945	0	-32.10945	0.132451	0.131789	0.34179	0.267125	0.24212	0.269113
220000	-30.48575	0	-30.48575	0.0988056	0.117129	0.145568	0.434939	0.0746638	0.190241
230000	-29.63021	0	-29.63021	0.16031	0.138768	0.322174	0.320869	0.0708295	0.0977014
240000	-32.03254	0	-32.03254	0.214466	0.235359	0.175796	0.319633	0.0453911	0.267742
250000	-27.26936	0	-27.26936	0.116401	0.119066	0.530213	0.267085	0.0688965	0.0704601
260000	-27.01295	0	-27.01295	0.12666	0.0952669	0.194531	0.199794	0.144408	0.118134
270000	-28.76538	0	-28.76538	0.0679132	0.128647	0.15299	0.222348	0.0550734	0.0836663
280000	-29.17652	0	-29.17652	0.0744701	0.101402	0.416275	0.272595	0.285069	0.143672
290000	-33.9072	0	-33.9072	0.119292	0.108164	0.539648	0.415617	0.083265	0.0872033
300000	-29.8344	0	-29.8344	0.0953831	0.15655	0.188034	0.273768	0.0754251	0.0504925
310000	-29.06499	0	-29.06499	0.0731456	0.194929	0.21647	0.179247	0.101863	0.075041
320000	-29.26402	0	-29.26402	0.274809	0.120171	0.116302	0.29301	0.127921	0.0679946
330000	-30.6212	0	-30.6212	0.108512	0.100728	0.204825	0.297046	0.0809847	0.0939566
340000	-32.4757	0	-32.4757	0.114936	0.161644	0.291364	0.172033	0.240834	0.0547425
350000	-27.58876	0	-27.58876	0.113835	0.11539	0.450677	0.234411	0.0947852	0.144049
360000	-36.9107	0	-36.9107	0.0851154	0.0659235	0.165604	0.708992	0.221898	0.0773241
370000	-30.90977	0	-30.90977	0.0868549	0.10753	0.200741	0.338857	0.0834135	0.180983
380000	-26.3903	0	-26.3903	0.134064	0.221596	0.122883	0.170601	0.147145	0.115933
390000	-33.92691	0	-33.92691	0.116789	0.0496648	0.196417	0.483556	0.251268	0.225058
400000	-32.15951	0	-32.15951	0.0651873	0.0987459	0.189793	0.348445	0.0770029	0.219131
410000	-27.76672	0	-27.76672	0.0571336	0.153483	0.232424	0.306168	0.0864007	0.0977014
420000	-32.27995	0	-32.27995	0.083728	0.0819273	0.197882	0.431955	0.0272751	0.0371571
430000	-31.79207	0	-31.79207	0.0770294	0.25597	0.231058	0.223804	0.171742	0.231806
440000	-35.51879	0	-35.51879	0.0817038	0.286184	0.424272	0.252244	0.203547	0.298869
450000	-29.59665	0	-29.59665	0.135039	0.142268	0.390258	0.0851935	0.16054	0.10471
460000	-28.08542	0	-28.08542	0.129577	0.115976	0.398746	0.241505	0.106209	0.121411
470000	-29.3028	0	-29.3028	0.073599	0.076351	0.278358	0.233447	0.10897	0.17585
480000	-38.2561	0	-38.2561	0.10618	0.127889	0.235877	0.393936	0.270985	0.0847052
490000	-29.50017	0	-29.50017	0.0693949	0.303875	0.192966	0.294475	0.114417	0.0724116
500000	-30.42689	0	-30.42689	0.105552	0.137945	0.524252	0.273448	0.0807992	0.104641
510000	-28.58251	0	-28.58251	0.172174	0.126863	0.299384	0.391531	0.0600875	0.0699931
520000	-31.45249	0	-31.45249	0.137645	0.176872	0.57464	0.187398	0.097531	0.148322
530000	-30.35946	0	-30.35946	0.0650717	0.0586326	0.209707	0.8023	0.0676309	0.0934202
540000	-31.88839	0	-31.88839	0.116394	0.0743173	0.405977	0.239091	0.1115	0.0599075
550000	-33.12458	0	-33.12458	0.104808	0.285249	0.268013	0.283596	0.0934738	0.1587
560000	-34.8429	0	-34.8429	0.180279	0.214926	0.361772	0.404344	0.0766269	0.120974
570000	-29.39759	0	-29.39759	0.176604	0.186302	0.253264	0.414349	0.0494964	0.126081
580000	-30.7803	0	-30.7803	0.130307	0.139426	0.0774005	0.46073	0.113651	0.0505272
590000	-32.95559	0	-32.95559	0.169907	0.119385	0.72097	0.207433	0.125024	0.0673279
600000	-33.70419	0	-33.70419	0.0694492	0.107468	0.453718	0.441026	0.099922	0.0661546
610000	-34.37671	0	-34.37671	0.234996	0.240742	0.311535	0.376103	0.141114	0.180951
620000	-33.92038	0	-33.92038	0.189637	0.11109	0.176	0.563327	0.0656161	0.127637
630000	-30.72427	0	-30.72427	0.0734105	0.0969371	0.510884	0.241192	0.201993	0.150946
640000	-31.09763	0	-31.09763	0.138695	0.111296	0.126277	0.588664	0.0818273	0.203627
650000	-28.40995	0	-28.40995	0.0816968	0.16739	0.299414	0.334775	0.0911174	0.35665
660000	-33.28066	0	-33.28066	0.231493	0.115323	0.39817	0.26105	0.138275	0.105399
670000	-30.92284	0	-30.92284	0.116016	0.238109	0.262848	0.371735	0.0798848	0.158328
680000	-25.57346	0	-25.57346	0.128781	0.103523	0.260464	0.163623	0.0835441	0.257952
690000	-36.33887	0	-36.33887	0.0986794	0.107051	0.436949	0.284577	0.323953	0.0374269
700000	-30.50475	0	-30.50475	0.101456	0.253969	0.261116	0.512568	0.310022	0.110235
710000	-32.28552	0	-32.28552	0.158117	0.0649461	0.131635	0.276604	0.0849483	0.288959
720000	-25.40562	0	-25.40562	0.0997313	0.0963178	0.211155	0.302468	0.129119	0.13574
730000	-29.25773	0	-29.25773	0.128828	0.167091	0.206871	0.520592	0.145246	0.112847
740000	-32.88297	0	-32.88297	0.218345	0.0905519	0.105225	0.270083	0.248231	0.0453223
750000	-35.53208	0	-35.53208	0.129567	0.198815	0.347475	0.640701	0.135517	0.194489
760000	-29.69457	0	-29.69457	0.0827366	0.101015	0.404077	0.216857	0.345772	0.123562
770000	-26.55217	0	-26.55217	0.0768372	0.157637	0.239172	0.379547	0.171615	0.105826
780000	-31.30032	0	-31.30032	0.0763759	0.197526	0.227079	0.585473	0.127288	0.108806
790000	-25.22735	0	-25.22735	0.113971	0.122317	0.396527	0.133039	0.129123	0.11951
800000	-34.82217	0	-34.82217	0.0315391	0.0749077	0.187268	0.438248	0.13036	0.164527
810000	-32.07712	0	-32.07712	0.121662	0.0659817	0.236674	0.45821	0.115338	0.18827
820000	-29.27428	0	-29.27428	0.0913373	0.378788	0.20921	0.358162	0.13232	0.288656
830000	-31.41997	0	-31.41997	0.115247	0.220118	0.31445	0.306009	0.160811	0.0462769
840000	-31.31268	0	-31.31268	0.12341	0.248314	0.36468	0.338531	0.143156	0.110982
850000	-29.85396	0	-29.85396	0.0859262	0.0743695	0.344364	0.143152	0.130055	0.0861475
860000	-32.03989	0	-32.03989	0.0923819	0.246251	0.098103	0.469242	0.0835393	0.144592
870000	-28.68549	0	-28.68549	0.0512841	0.0801496	0.264557	0.314175	0.122289	0.107751
880000	-28.01238	0	-28.01238	0.121831	0.154898	0.343559	0.189794	0.124163	0.084055
890000	-27.18996	0	-27.18996	0.0942412	0.0759856	0.286084	0.242794	0.132326	0.0735609
900000	-24.93245	0	-24.93245	0.118056	0.177748	0.216127	0.288946	0.105143	0.133755
910000	-27.00289	0	-27.00289	0.110248	0.175847	0.413209	0.159685	0.157628	0.102757
920000	-27.9365	0	-27.9365	0.179274	0.16822	0.114249	0.390789	0.0975849	0.0784807
930000	-31.40726	0	-31.40726	0.179107	0.0926765	0.352102	0.177309	0.193148	0.0956804
940000	-29.02176	0	-29.02176	0.0532894	0.077561	0.302784	0.340987	0.0825605	0.120867
950000	-30.64543	0	-30.64543	0.0640469	0.0822922	0.198779	0.32942	0.120044	0.295125
960000	-27.58434	0	-27.58434	0.216363	0.0887436	0.28787	0.356423	0.120356	0.107544
970000	-25.90352	0	-25.90352	0.0444537	0.132572	0.290679	0.238031	0.0750512	0.15514
980000	-30.29065	0	-30.29065	0.102902	0.145258	0.434082	0.268951	0.161788	0.108169
990000	-33.07712	0	-33.07712	0.154863	0.0817328	0.2181	0.154879	0.250643	0.188373
1000000	-30.8765	0	-30.8765	0.116243	0.22967	0.186247	0.183458	0.150824	0.302704
1010000	-29.44707	0	-29.44707	0.167582	0.131689	0.19425	0.206509	0.101176	0.120433
1020000	-27.54042	0	-27.54042	0.14952	0.0924777	0.359712	0.371934	0.173676	0.100498
1030000	-29.0898	0	-29.0898	0.122968	0.161533	0.104124	0.15734	0.0891195	0.046216
1040000	-28.99902	0	-28.99902	0.0407215	0.0881048	0.239007	0.253364	0.0649292	0.0843128
1050000	-29.23816	0	-29.23816	0.182978	0.165142	0.164409	0.475648	0.0727295	0.122208
1060000	-26.15857	0	-26.15857	0.159156	0.127932	0.286149	0.283848	0.132272	0.139393
1070000	-37.50355	0	-37.50355	0.06654	0.51384	0.109942	0.521994	0.0871087	0.0755224
1080000	-32.68871	0	-32.68871	0.0424677	0.0871233	0.248336	0.588625	0.125302	0.0556379
1090000	-32.27948	0	-32.27948	0.306196	0.239455	0.492109	0.275859	0.0491073	0.0788804
1100000	-28.19962	0	-28.19962	0.0745489	0.160073	0.289147	0.318496	0.100621	0.0602881
1110000	-30.32391	0	-30.32391	0.153435	0.194647	0.265397	0.170362	0.0717966	0.133802
1120000	-28.32758	0	-28.32758	0.0796652	0.0769418	0.197589	0.187268	0.145743	0.0938489
1130000	-38.45535	0	-38.45535	0.0967039	0.550149	0.533075	0.505518	0.0854054	0.170441
1140000	-33.92263	0	-33.92263	0.144017	0.357682	0.112009	0.323654	0.321343	0.230779
1150000	-29.08121	0	-29.08121	0.18848	0.25111	0.21036	0.236441	0.0902602	0.0494814
1160000	-25.69622	0	-25.69622	0.124447	0.149378	0.381885	0.23987	0.0688878	0.108646
1170000	-30.56263	0	-30.56263	0.136249	0.178264	0.13613	0.375499	0.152607	0.0835595
1180000	-29.77112	0	-29.77112	0.139441	0.188999	0.389021	0.308415	0.0921704	0.184215
1190000	-26.59057	0	-26.59057	0.109138	0.164314	0.270633	0.350209	0.0976792	0.113313
1200000	-29.69248	0	-29.69248	0.0966331	0.0906585	0.393437	0.449822	0.136953	0.0895956
1210000	-31.15512	0	-31.15512	0.0546186	0.0963525	0.484452	0.347116	0.0802163	0.0462121
1220000	-25.36702	0	-25.36702	0.142928	0.165345	0.340897	0.26495	0.070328	0.0819254
1230000	-37.3222	0	-37.3222	0.0386962	0.228685	0.749758	0.174515	0.173497	0.298213
1240000	-29.39274	0	-29.39274	0.165592	0.184724	0.134568	0.235201	0.156943	0.169016
1250000	-27.03999	0	-27.03999	0.0549645	0.0817989	0.190557	0.333992	0.0790883	0.144412
1260000	-26.23909	0	-26.23909	0.0752558	0.309647	0.186191	0.280113	0.0617082	0.148919
1270000	-26.93751	0	-26.93751	0.121422	0.101089	0.375681	0.276344	0.150061	0.160108
1280000	-31.27624	0	-31.27624	0.137916	0.102942	0.642985	0.289086	0.161722	0.0576991
1290000	-37.4044	0	-37.4044	0.197551	0.146232	0.277117	0.470991	0.222001	0.0877862
1300000	-32.97419	0	-32.97419	0.14166	0.116999	0.290395	0.514017	0.0769969	0.124667
1310000	-28.73018	0	-28.73018	0.171168	0.154318	0.23618	0.421894	0.0648279	0.199813
1320000	-29.60043	0	-29.60043	0.104947	0.174446	0.133491	0.21493	0.0964867	0.158135
1330000	-26.99676	0	-26.99676	0.18168	0.249381	0.116196	0.220324	0.151323	0.0708548
1340000	-27.17397	0	-27.17397	0.118794	0.25392	0.205503	0.228686	0.17422	0.0780003
1350000	-31.78219	0	-31.78219	0.161068	0.200826	0.139765	0.339473	0.128504	0.338224
1360000	-31.41844	0	-31.41844	0.0834205	0.189688	0.245664	0.464405	0.302207	0.105141
1370000	-31.91935	0	-31.91935	0.166236	0.105056	0.250875	0.263642	0.0562346	0.0457044
1380000	-26.45263	0	-26.45263	0.105797	0.143048	0.198104	0.337896	0.0964324	0.130539
1390000	-36.58767	0	-36.58767	0.0506129	0.310114	0.223532	0.363899	0.0757699	0.0564639
1400000	-34.09783	0	-34.09783	0.152348	0.307267	0.280785	0.460333	0.0500512	0.164724
1410000	-29.82634	0	-29.82634	0.164298	0.111357	0.153048	0.180362	0.124364	0.0932566
1420000	-27.42942	0	-27.42942	0.137406	0.160317	0.135324	0.275612	0.161004	0.148154
1430000	-31.14951	0	-31.14951	0.179622	0.15385	0.283954	0.354004	0.12745	0.0885249
1440000	-28.52759	0	-28.52759	0.151806	0.234586	0.42275	0.257297	0.0940578	0.308842
1450000	-31.40011	0	-31.40011	0.0411866	0.21635	0.387903	0.297428	0.110541	0.103736
1460000	-28.80751	0	-28.80751	0.127695	0.19332	0.456893	0.328943	0.121524	0.0786458
1470000	-31.38404	0	-31.38404	0.0566189	0.318522	0.354782	0.342477	0.127449	0.122976
1480000	-29.23237	0	-29.23237	0.075143	0.103051	0.255993	0.274891	0.0568469	0.0953552
1490000	-29.26331	0	-29.26331	0.106157	0.0679394	0.174703	0.472384	0.0828627	0.134699
1500000	-30.3978	0	-30.3978	0.135734	0.133289	0.350265	0.134362	0.126537	0.0527304
1510000	-28.75415	0	-28.75415	0.14607	0.0955554	0.286209	0.305912	0.196131	0.134608
1520000	-32.67336	0	-32.67336	0.19758	0.0872523	0.307286	0.330817	0.0520086	0.169952
1530000	-28.37968	0	-28.37968	0.0695111	0.243207	0.139906	0.265651	0.133972	0.0929322
1540000	-27.26723	0	-27.26723	0.148831	0.0709093	0.303073	0.301209	0.0916967	0.133084
1550000	-33.30536	0	-33.30536	0.107358	0.284239	0.268301	0.31871	0.238211	0.161944
1560000	-29.05298	0	-29.05298	0.115452	0.0730519	0.62116	0.259768	0.137301	0.143973
1570000	-28.57113	0	-28.57113	0.140359	0.195204	0.37009	0.18067	0.125209	0.133288
1580000	-28.22213	0	-28.22213	0.073348	0.171086	0.194112	0.434248	0.124492	0.0868811
1590000	-31.43256	0	-31.43256	0.0701872	0.331966	0.205465	0.241744	0.264845	0.27231
1600000	-32.50264	0	-32.50264	0.0605636	0.0725592	0.119651	0.293241	0.0873313	0.125489
1610000	-30.27238	0	-30.27238	0.152021	0.0939551	0.254183	0.180659	0.0788931	0.0572344
1620000	-31.36964	0	-31.36964	0.112671	0.105072	0.465414	0.109004	0.18755	0.0854725
1630000	-29.44266	0	-29.44266	0.0884205	0.185991	0.13179	0.173821	0.131338	0.150891
1640000	-32.15131	0	-32.15131	0.107367	0.0407682	0.195702	0.207784	0.0486664	0.145728
1650000	-30.60603	0	-30.60603	0.127814	0.135388	0.104716	0.345359	0.0798382	0.12897
1660000	-31.77237	0	-31.77237	0.152281	0.0492855	0.320352	0.210033	0.225107	0.155055
1670000	-37.65825	0	-37.65825	0.131228	0.253774	0.435147	0.619386	0.0867608	0.574644
1680000	-31.48715	0	-31.48715	0.276465	0.112477	0.341139	0.208752	0.0729882	0.0969653
1690000	-27.46314	0	-27.46314	0.106035	0.120373	0.249731	0.410204	0.101473	0.178853
1700000	-30.88139	0	-30.88139	0.150364	0.185293	0.321843	0.216153	0.225203	0.0827708
1710000	-34.59052	0	-34.59052	0.0264749	0.120726	0.326746	0.240642	0.125347	0.0919724
1720000	-32.91128	0	-32.91128	0.0770984	0.135047	0.851351	0.512467	0.0642177	0.0828413
1730000	-29.58195	0	-29.58195	0.0546293	0.122504	0.227327	0.173359	0.0931038	0.187279
1740000	-31.09044	0	-31.09044	0.141312	0.093164	0.221627	0.256878	0.194188	0.0949787
1750000	-28.74242	0	-28.74242	0.111289	0.123727	0.295447	0.36664	0.0999922	0.154565
1760000	-30.81634	0	-30.81634	0.122172	0.152872	0.374757	0.178956	0.0729422	0.148244
1770000	-34.6873	0	-34.6873	0.0910863	0.279011	0.372403	0.103033	0.0663579	0.102443
1780000	-29.51146	0	-29.51146	0.0672148	0.315216	0.276441	0.264013	0.109487	0.202221
1790000	-29.16591	0	-29.16591	0.148568	0.119322	0.306105	0.255041	0.128971	0.288136
1800000	-30.91225	0	-30.91225	0.139459	0.179576	0.349178	0.222056	0.150655	0.0789853
1810000	-33.22964	0	-33.22964	0.221979	0.10838	0.307309	0.286247	0.171374	0.22769
1820000	-30.22979	0	-30.22979	0.16469	0.189655	0.180455	0.233667	0.100175	0.22032
1830000	-35.06028	0	-35.06028	0.0636717	0.13547	0.233991	0.37132	0.0748398	0.0843624
1840000	-35.99217	0	-35.99217	0.412575	0.140717	0.289489	0.165952	0.0794051	0.118548
1850000	-28.96424	0	-28.96424	0.0724853	0.157778	0.264302	0.625402	0.0428705	0.126366
1860000	-31.41076	0	-31.41076	0.0599691	0.26435	0.460287	0.130526	0.0692976	0.126913
1870000	-32.32006	0	-32.32006	0.147158	0.123092	0.300669	0.292204	0.219519	0.0777042
1880000	-26.91489	0	-26.91489	0.153848	0.126689	0.357662	0.200052	0.0775836	0.148031
1890000	-32.09954	0	-32.09954	0.116664	0.0371965	0.15419	0.162543	0.124758	0.0563617
1900000	-28.03164	0	-28.03164	0.141296	0.149619	0.291979	0.501225	0.0969599	0.0801823
1910000	-32.07495	0	-32.07495	0.119893	0.197233	0.212552	0.586865	0.165103	0.12177
1920000	-30.90663	0	-30.90663	0.134152	0.203294	0.120611	0.326576	0.244703	0.1565
1930000	-26.90074	0	-26.90074	0.157898	0.183158	0.176308	0.382927	0.170336	0.116461
1940000	-35.70018	0	-35.70018	0.184479	0.14685	0.31553	0.218227	0.363235	0.0765844
1950000	-34.64686	0	-34.64686	0.0986786	0.102652	0.517103	0.468544	0.117662	0.181784
1960000	-34.13716	0	-34.13716	0.0844133	0.221665	0.286126	0.45736	0.399397	0.0776625
1970000	-26.78417	0	-26.78417	0.109176	0.140735	0.272128	0.20288	0.0445242	0.17174
1980000	-32.3699	0	-32.3699	0.108488	0.100219	0.10657	0.235769	0.0539267	0.114729
1990000	-31.97767	0	-31.97767	0.242044	0.238688	0.138634	0.224291	0.0978025	0.407759
2000000	-29.48026	0	-29.48026	0.0964698	0.112613	0.151673	0.346905	0.0701282	0.258994
2010000	-34.78025	0	-34.78025	0.085312	0.0544401	0.172461	0.573756	0.123605	0.131988
2020000	-29.93047	0	-29.93047	0.187665	0.14622	0.236351	0.204326	0.17553	0.225331
2030000	-29.2763	0	-29.2763	0.0793707	0.153964	0.272374	0.232702	0.173334	0.169752
2040000	-33.78621	0	-33.78621	0.0816387	0.245649	0.344997	0.575679	0.136985	0.0761163
2050000	-31.28812	0	-31.28812	0.128073	0.096052	0.408288	0.312826	0.0367316	0.0979074
2060000	-28.71781	0	-28.71781	0.0707724	0.126047	0.306064	0.152251	0.113284	0.154603
2070000	-32.64216	0	-32.64216	0.162193	0.142066	0.20084	0.502474	0.154556	0.0549044
2080000	-27.91564	0	-27.91564	0.158665	0.250681	0.210967	0.218329	0.0819309	0.0931627
2090000	-28.92482	0	-28.92482	0.134436	0.177495	0.270686	0.137834	0.219282	0.134096
2100000	-29.60431	0	-29.60431	0.0598851	0.151672	0.234128	0.196449	0.113458	0.0749414
2110000	-28.27942	0	-28.27942	0.149714	0.138826	0.176474	0.294626	0.168509	0.180081
2120000	-28.34814	0	-28.34814	0.150813	0.165913	0.252093	0.281556	0.1924	0.162101
2130000	-33.11661	0	-33.11661	0.0433769	0.244667	0.10398	0.234433	0.104224	0.0389287
2140000	-36.10651	0	-36.10651	0.0662013	0.370195	0.161764	0.161288	0.382723	0.20302
2150000	-29.50128	0	-29.50128	0.0627404	0.145667	0.257323	0.432247	0.0671081	0.153954
2160000	-27.43601	0	-27.43601	0.0670989	0.0913719	0.23587	0.321141	0.0660328	0.082179
2170000	-30.26857	0	-30.26857	0.0863987	0.10762	0.261042	0.233102	0.14972	0.145827
2180000	-28.6086	0	-28.6086	0.222691	0.0795156	0.249779	0.283274	0.100095	0.197068
2190000	-29.56588	0	-29.56588	0.0702407	0.191111	0.14847	0.12385	0.24627	0.0971933
2200000	-35.09755	0	-35.09755	0.176554	0.182505	0.31964	0.468544	0.0792921	0.204373
2210000	-26.69455	0	-26.69455	0.0936975	0.0874225	0.456126	0.215402	0.155676	0.189397
2220000	-31.45761	0	-31.45761	0.197598	0.199337	0.140066	0.308977	0.0473809	0.158741
2230000	-30.26846	0	-30.26846	0.19063	0.156924	0.278306	0.331747	0.181061	0.0766148
2240000	-29.43189	0	-29.43189	0.112468	0.213444	0.164564	0.174779	0.160139	0.0497876
2250000	-36.6257	0	-36.6257	0.190785	0.341396	0.459272	0.188458	0.099977	0.0817114
2260000	-32.16899	0	-32.16899	0.178411	0.189529	0.213362	0.384066	0.096241	0.0668091
2270000	-29.31146	0	-29.31146	0.0676636	0.0928461	0.33028	0.32086	0.10765	0.212341
2280000	-30.22804	0	-30.22804	0.19158	0.282581	0.300348	0.408412	0.124209	0.124278
2290000	-31.3549	0	-31.3549	0.12008	0.0869074	0.649066	0.254984	0.139772	0.0872935
2300000	-31.00523	0	-31.00523	0.262523	0.184349	0.273965	0.23992	0.0585119	0.208123
2310000	-31.09892	0	-31.09892	0.0929999	0.0647035	0.179469	0.235832	0.266001	0.124781
2320000	-33.90563	0	-33.90563	0.0788115	0.199002	0.150295	0.373417	0.146264	0.178652
2330000	-30.42993	0	-30.42993	0.183516	0.149259	0.137024	0.335991	0.134915	0.0575819
2340000	-32.94955	0	-32.94955	0.165404	0.107644	0.268333	0.49805	0.0996838	0.117397
2350000	-35.63036	0	-35.63036	0.0827227	0.195164	0.083035	0.283183	0.30964	0.203959
2360000	-25.92245	0	-25.92245	0.109643	0.119231	0.184607	0.287951	0.0870229	0.15217
2370000	-29.27849	0	-29.27849	0.100536	0.163364	0.161	0.33287	0.115258	0.117739
2380000	-31.78896	0	-31.78896	0.0984154	0.175835	0.258663	0.446981	0.192762	0.226526
2390000	-31.38957	0	-31.38957	0.181641	0.0890449	0.181427	0.363662	0.162795	0.083614
2400000	-34.04626	0	-34.04626	0.315668	0.0869503	0.392971	0.370198	0.0859482	0.113696
2410000	-36.60489	0	-36.60489	0.173874	0.111073	0.772029	0.385302	0.177238	0.0583567
2420000	-34.57523	0	-34.57523	0.11866	0.386534	0.265105	0.217962	0.173257	0.0904915
2430000	-30.14115	0	-30.14115	0.0875771	0.157175	0.229872	0.337424	0.133204	0.139938
2440000	-28.82436	0	-28.82436	0.20943	0.141441	0.206468	0.37508	0.101319	0.0760677
2450000	-29.23854	0	-29.23854	0.10828	0.14533	0.235984	0.404719	0.0776795	0.214045
2460000	-33.92718	0	-33.92718	0.0714924	0.226322	0.120815	0.402118	0.12541	0.176862
2470000	-32.27898	0	-32.27898	0.123538	0.136143	0.528436	0.137376	0.142795	0.227691
2480000	-27.92759	0	-27.92759	0.115709	0.184421	0.35328	0.321081	0.13186	0.153073
2490000	-27.01375	0	-27.01375	0.0836493	0.0932696	0.40694	0.358645	0.104737	0.0961848
2500000	-29.76033	0	-29.76033	0.141508	0.131453	0.22529	0.167592	0.14382	0.155328
2510000	-36.81521	0	-36.81521	0.136734	0.358568	0.617817	0.26701	0.385088	0.0531321
2520000	-25.84569	0	-25.84569	0.126591	0.167659	0.166963	0.344953	0.18006	0.109654
2530000	-29.39709	0	-29.39709	0.118055	0.0831937	0.138112	0.505414	0.115784	0.117128
2540000	-33.8565	0	-33.8565	0.129192	0.138962	0.152561	0.134748	0.111636	0.247425
2550000	-31.79457	0	-31.79457	0.09913	0.313079	0.230137	0.628859	0.0737211	0.213152
2560000	-31.26035	0	-31.26035	0.135058	0.37715	0.320829	0.212674	0.283713	0.113985
2570000	-26.66489	0	-26.66489	0.145535	0.121853	0.169804	0.282715	0.0800387	0.152999
2580000	-28.47297	0	-28.47297	0.0689389	0.147513	0.15909	0.429581	0.254801	0.116819
2590000	-37.2891	0	-37.2891	0.143934	0.135858	0.244651	0.304236	0.0510439	0.526779
2600000	-29.8521	0	-29.8521	0.0528663	0.0907227	0.0957987	0.263222	0.126317	0.115141
2610000	-35.02048	0	-35.02048	0.31913	0.105041	0.323327	0.184719	0.115955	0.0649661
2620000	-36.28114	0	-36.28114	0.0753546	0.15901	0.362927	0.110525	0.118656	0.260082
2630000	-38.66439	0	-38.66439	0.0440133	0.387701	0.255453	0.720086	0.124717	0.32322
2640000	-27.60593	0	-27.60593	0.150471	0.113896	0.337278	0.225203	0.07813	0.149154
2650000	-29.7304	0	-29.7304	0.0971908	0.112893	0.451227	0.169629	0.0629365	0.0710459
2660000	-31.13077	0	-31.13077	0.144057	0.188501	0.199975	0.190012	0.103119	0.126976
2670000	-28.74021	0	-28.74021	0.0824907	0.201469	0.543762	0.402734	0.124202	0.143612
2680000	-28.42821	0	-28.42821	0.0968607	0.161974	0.189706	0.240596	0.170124	0.112902
2690000	-34.5513	0	-34.5513	0.0800089	0.159431	0.20339	0.284689	0.141439	0.550173
2700000	-29.4268	0	-29.4268	0.0551636	0.178012	0.39403	0.338678	0.177591	0.124299
2710000	-24.82591	0	-24.82591	0.130011	0.111275	0.278641	0.290516	0.132411	0.103164
2720000	-31.36818	0	-31.36818	0.0531675	0.125503	0.384968	0.355844	0.0698482	0.17201
2730000	-29.7164	0	-29.7164	0.0975282	0.132755	0.23455	0.255196	0.0813936	0.103545
2740000	-28.2322	0	-28.2322	0.0466249	0.186575	0.360805	0.250453	0.194145	0.0784621
2750000	-31.47658	0	-31.47658	0.109117	0.189219	0.649401	0.281181	0.132051	0.197352
2760000	-34.41779	0	-34.41779	0.0890009	0.348047	0.252625	0.17986	0.0590924	0.0975608
2770000	-33.22438	0	-33.22438	0.198091	0.0949899	0.329452	0.398348	0.128356	0.158735
2780000	-29.29337	0	-29.29337	0.155129	0.297213	0.0840856	0.159048	0.118668	0.216732
2790000	-35.31216	0	-35.31216	0.270553	0.169059	0.153319	0.377725	0.257406	0.191513
2800000	-33.72131	0	-33.72131	0.240801	0.161006	0.398478	0.380983	0.160614	0.181812
2810000	-28.98018	0	-28.98018	0.168371	0.174984	0.392402	0.221375	0.0996441	0.0761608
2820000	-38.50972	0	-38.50972	0.5323	0.0749411	0.0930661	0.125956	0.168593	0.190033
2830000	-26.17478	0	-26.17478	0.145068	0.106047	0.34246	0.193168	0.112481	0.145565
2840000	-34.9274	0	-34.9274	0.0790969	0.250437	0.309516	0.214452	0.420024	0.143184
2850000	-34.02565	0	-34.02565	0.246888	0.392965	0.140717	0.289796	0.137288	0.0935557
2860000	-30.98158	0	-30.98158	0.142609	0.0973661	0.128187	0.442049	0.0952297	0.216042
2870000	-34.99217	0	-34.99217	0.0535459	0.120823	0.426805	0.288055	0.086876	0.216175
2880000	-28.2489	0	-28.2489	0.113947	0.0499046	0.145459	0.27399	0.0800776	0.125795
2890000	-32.84035	0	-32.84035	0.209423	0.150134	0.103916	0.178095	0.229037	0.0574644
2900000	-25.90743	0	-25.90743	0.141395	0.147165	0.330405	0.236609	0.080666	0.0833286
2910000	-25.90494	0	-25.90494	0.101371	0.110691	0.358846	0.267501	0.118492	0.117704
2920000	-33.10057	0	-33.10057	0.200073	0.110224	0.320078	0.199655	0.336212	0.0896352
2930000	-34.74228	0	-34.74228	0.228272	0.0689543	0.178275	0.414557	0.160453	0.280909
2940000	-25.69057	0	-25.69057	0.105232	0.218024	0.278803	0.245282	0.088879	0.138904
2950000	-31.22556	0	-31.22556	0.0835413	0.339614	0.170895	0.378873	0.121496	0.0946645
2960000	-28.34046	0	-28.34046	0.0698569	0.14917	0.174618	0.197581	0.130448	0.122647
2970000	-32.22712	0	-32.22712	0.0812509	0.0778683	0.458045	0.627108	0.219058	0.150972
2980000	-32.31284	0	-32.31284	0.134928	0.119706	0.394762	0.587965	0.0878177	0.168759
2990000	-30.37272	0	-30.37272	0.0678237	0.109288	0.21836	0.279687	0.108093	0.144746
3000000	-28.19501	0	-28.19501	0.162178	0.113326	0.283146	0.263426	0.191375	0.130676
