Iteration	Posterior	Likelihood	Prior	lambda[1]	lambda[2]	lambda[3]	mu[1]	mu[2]	mu[3]	psi[1]	psi[2]	psi[3]
0	-49.76865	0	-49.76865	0.100096	0.0585139	0.0591895	0.158176	0.175799	0.0688876	0.812635	3.05854	0.359069
10000	-20.682	0	-20.682	0.0954285	0.331793	0.253877	0.437387	0.0879619	0.121026	1.06639	1.74127	0.607618
20000	-29.52489	0	-29.52489	0.115594	0.141287	0.243329	0.316035	0.115272	0.142114	1.18162	0.262452	0.0122352
30000	-27.77702	0	-27.77702	0.132976	0.0836637	0.3858	0.495429	0.268008	0.225158	1.24443	0.81964	0.185088
40000	-15.44678	0	-15.44678	0.103251	0.262779	0.115353	0.319016	0.0925885	0.217375	2.25776	2.48203	0.041768
50000	-23.61213	0	-23.61213	0.134026	0.0686009	0.221317	0.288626	0.105992	0.203513	0.925272	0.558535	0.500158
60000	-25.38995	0	-25.38995	0.364098	0.212656	0.0763957	0.357594	0.10147	0.128506	0.66766	0.618189	0.225846
70000	-23.87163	0	-23.87163	0.0679653	0.33523	0.18512	0.294102	0.0623592	0.15684	1.48581	1.31179	1.98009
80000	-21.56757	0	-21.56757	0.149824	0.258336	0.100243	0.170292	0.18729	0.199093	1.68725	0.967658	0.0293402
90000	-18.45614	0	-18.45614	0.208366	0.109481	0.155085	0.256337	0.110256	0.129528	1.63607	0.506259	0.383324
100000	-21.80968	0	-21.80968	0.118994	0.105995	0.32679	0.249221	0.0964493	0.173362	3.15843	0.265538	0.0132891
110000	-21.91813	0	-21.91813	0.124081	0.142589	0.118587	0.306686	0.0934442	0.0498728	1.05566	1.22263	0.0143794
120000	-27.61	0	-27.61	0.0800435	0.192128	0.419793	0.434089	0.273033	0.0504207	1.58634	0.612754	0.116501
130000	-34.47124	0	-34.47124	0.085315	0.170036	0.286721	0.227733	0.0673608	0.198927	0.532351	0.160037	0.0101127
140000	-28.18843	0	-28.18843	0.11535	0.138083	0.134442	0.274913	0.174848	0.0804089	2.14661	0.531158	0.0159025
150000	-27.80437	0	-27.80437	0.236623	0.0774024	0.145026	0.2183	0.0354824	0.165629	2.03048	0.442719	0.00282046
160000	-16.59961	0	-16.59961	0.177517	0.0713877	0.18491	0.226392	0.0955161	0.0651549	2.49274	0.29544	0.107073
170000	-29.02896	0	-29.02896	0.152927	0.169428	0.167965	0.659804	0.0852936	0.0667789	1.93692	0.261808	0.0447937
180000	-31.68008	0	-31.68008	0.22822	0.0774102	0.104589	0.239128	0.123886	0.0655621	1.80266	0.307896	0.00230693
190000	-25.0843	0	-25.0843	0.0647887	0.215131	0.122568	0.171949	0.0958168	0.0983034	1.87905	0.210392	0.0349886
200000	-37.30991	0	-37.30991	0.272625	0.221022	0.159238	0.381163	0.0825682	0.0344299	0.812471	0.229507	0.0233733
210000	-22.73649	0	-22.73649	0.0786503	0.244781	0.125578	0.467727	0.138787	0.133585	2.2812	1.86477	0.742027
220000	-33.79804	0	-33.79804	0.0968703	0.0349998	0.216863	0.372345	0.136128	0.175422	0.901848	0.111381	0.132101
230000	-17.95102	0	-17.95102	0.0821033	0.136895	0.109805	0.233383	0.0943595	0.116074	1.67302	2.45789	2.0609
240000	-32.62018	0	-32.62018	0.204708	0.111429	0.21537	0.433004	0.0642203	0.0424654	0.826983	0.119087	0.0255953
250000	-26.17629	0	-26.17629	0.123624	0.170481	0.172632	0.294343	0.155431	0.183947	2.91257	0.375658	0.276419
260000	-28.34297	0	-28.34297	0.170104	0.0700473	0.315343	0.512387	0.105891	0.283819	0.970125	0.519129	0.0966208
270000	-24.4512	0	-24.4512	0.052487	0.159662	0.122654	0.358661	0.0936863	0.156886	1.37657	0.469156	0.081298
280000	-17.00944	0	-17.00944	0.117815	0.189067	0.139904	0.501264	0.0933368	0.100304	1.72477	0.587229	0.656862
290000	-24.22401	0	-24.22401	0.160619	0.371197	0.0841157	0.382832	0.0987034	0.0987292	1.63415	0.273786	0.0688774
300000	-34.64997	0	-34.64997	0.138376	0.0525118	0.263195	0.442732	0.0735768	0.124067	1.20757	0.25222	0.00903158
310000	-21.14289	0	-21.14289	0.0945572	0.261665	0.124127	0.254478	0.202617	0.10396	2.01556	1.0261	2.45198
320000	-25.10721	0	-25.10721	0.0555868	0.223584	0.105426	0.425786	0.0556728	0.0834136	1.63959	0.562763	0.266384
330000	-13.91351	0	-13.91351	0.100549	0.172854	0.158508	0.495228	0.0890292	0.147637	2.69107	1.1397	0.498845
340000	-26.25524	0	-26.25524	0.0723632	0.188832	0.111084	0.481198	0.0839844	0.114694	1.15408	1.00283	0.187732
350000	-20.89961	0	-20.89961	0.185924	0.200066	0.233795	0.279701	0.155649	0.0934678	0.810992	1.89334	0.650737
360000	-29.99127	0	-29.99127	0.281855	0.136418	0.130268	0.668954	0.0485118	0.0832222	3.98648	0.270406	0.0377892
370000	-21.48828	0	-21.48828	0.156158	0.0985194	0.2058	0.297699	0.0564104	0.104386	1.5262	0.262517	0.00842928
380000	-31.71529	0	-31.71529	0.177705	0.213502	0.182489	0.280741	0.0864109	0.0808789	1.31188	0.324942	0.054564
390000	-29.69608	0	-29.69608	0.0514118	0.260169	0.244433	0.328862	0.109271	0.0707137	2.60052	0.889058	0.135943
400000	-19.3833	0	-19.3833	0.140702	0.164458	0.196718	0.391266	0.0918453	0.176023	4.69608	0.380006	0.302624
410000	-39.18063	0	-39.18063	0.190239	0.0936571	0.118258	0.808865	0.166271	0.251114	0.973147	0.549378	0.364198
420000	-25.48408	0	-25.48408	0.0357378	0.0991861	0.0833839	0.390138	0.0495731	0.264438	1.57464	3.59195	0.418864
430000	-29.806	0	-29.806	0.0838477	0.264168	0.1507	0.491967	0.149272	0.162364	1.76533	0.138335	0.0315181
440000	-29.06473	0	-29.06473	0.077576	0.18976	0.0583348	0.37542	0.126314	0.0425136	1.45251	1.49564	0.000517244
450000	-35.0227	0	-35.0227	0.248587	0.203802	0.200149	0.281775	0.12478	0.232851	0.777961	0.128101	1.30771
460000	-24.21122	0	-24.21122	0.0684381	0.102124	0.236902	0.399608	0.123071	0.035047	1.00772	0.392531	0.0538582
470000	-19.68354	0	-19.68354	0.12128	0.16952	0.122979	0.418021	0.105156	0.107085	3.10068	0.3872	0.0344114
480000	-23.82718	0	-23.82718	0.133754	0.105068	0.097651	0.278081	0.104821	0.226767	3.69414	0.395641	0.149983
490000	-25.3672	0	-25.3672	0.279202	0.118597	0.110384	0.325231	0.0918133	0.152619	1.37959	1.18035	0.161561
500000	-22.05011	0	-22.05011	0.113732	0.207953	0.134646	0.385258	0.0970296	0.0711046	1.80019	0.465867	0.2848
510000	-25.39236	0	-25.39236	0.147835	0.0853302	0.250631	0.352016	0.084407	0.0890288	1.21414	0.181936	0.00394136
520000	-21.23129	0	-21.23129	0.177511	0.132245	0.167019	0.279607	0.138421	0.0643024	1.80415	0.410844	0.00522385
530000	-29.20268	0	-29.20268	0.153467	0.149887	0.0999697	0.37328	0.106355	0.117765	0.481458	0.780547	0.0419972
540000	-26.56569	0	-26.56569	0.166107	0.135957	0.246886	0.240188	0.119697	0.069804	1.40269	0.393205	0.0415557
550000	-25.68782	0	-25.68782	0.10614	0.190996	0.233984	0.265003	0.104374	0.140255	1.10949	0.486591	1.81809
560000	-25.32505	0	-25.32505	0.0758396	0.109869	0.137145	0.336695	0.217539	0.104254	4.92719	0.229645	0.00186757
570000	-29.3755	0	-29.3755	0.38931	0.294494	0.154435	0.514663	0.0685019	0.11605	0.622503	0.940034	0.0471897
580000	-28.92182	0	-28.92182	0.0925572	0.0826486	0.203105	0.448154	0.0404336	0.060469	0.822737	0.541009	0.012757
590000	-31.91953	0	-31.91953	0.0971917	0.110394	0.236601	0.275648	0.10517	0.101351	1.28305	0.655343	0.253368
600000	-15.37791	0	-15.37791	0.0966386	0.140651	0.131192	0.349423	0.0751739	0.132588	4.59275	0.243828	0.246916
610000	-20.51864	0	-20.51864	0.156807	0.0843217	0.144791	0.202964	0.145868	0.28173	1.38361	2.62247	0.57943
620000	-27.85906	0	-27.85906	0.11879	0.213853	0.111793	0.322237	0.107025	0.14516	1.65	1.12068	0.00592377
630000	-23.53126	0	-23.53126	0.0843576	0.141366	0.304348	0.325266	0.0696666	0.143981	1.19779	1.30885	0.448653
640000	-30.07177	0	-30.07177	0.239173	0.18515	0.391006	0.405345	0.157249	0.115542	1.52877	0.200896	0.0347768
650000	-27.91344	0	-27.91344	0.0413075	0.193073	0.159686	0.232605	0.197221	0.141535	0.826781	0.230384	0.461104
660000	-25.84387	0	-25.84387	0.121231	0.120945	0.375911	0.201127	0.065075	0.283616	1.43603	0.732453	0.0460331
670000	-33.04966	0	-33.04966	0.164556	0.124187	0.192626	0.254394	0.103441	0.132646	0.534049	0.272266	0.00104339
680000	-31.84459	0	-31.84459	0.060897	0.109501	0.145451	0.491616	0.19851	0.160091	1.12301	0.312352	0.000118751
690000	-17.33282	0	-17.33282	0.0793846	0.175034	0.131864	0.21429	0.130178	0.0713733	2.355	0.915079	1.63138
700000	-25.82331	0	-25.82331	0.116151	0.0447362	0.272958	0.284838	0.10261	0.0991491	1.27389	0.178013	0.0146183
710000	-26.95263	0	-26.95263	0.200522	0.0901355	0.149946	0.277524	0.175741	0.0768278	1.5537	0.668463	0.160963
720000	-29.93432	0	-29.93432	0.0642388	0.165187	0.441906	0.33798	0.126534	0.162991	1.83642	0.569039	0.00709333
730000	-25.25193	0	-25.25193	0.0556591	0.208339	0.270632	0.526437	0.0553452	0.112599	1.44382	0.664871	0.0820814
740000	-22.87213	0	-22.87213	0.229736	0.121143	0.216457	0.51418	0.116648	0.214045	5.10387	1.08128	0.0134463
750000	-27.66242	0	-27.66242	0.131058	0.132419	0.172259	0.634688	0.200602	0.137016	1.57907	0.836313	0.0257905
760000	-23.14562	0	-23.14562	0.122114	0.145993	0.182257	0.332886	0.113525	0.0875946	1.50901	0.684892	0.00888855
770000	-37.58401	0	-37.58401	0.265701	0.102938	0.159483	0.34783	0.0460279	0.109582	0.408293	0.319453	0.0124097
780000	-24.60864	0	-24.60864	0.0829365	0.384807	0.360051	0.17832	0.0565475	0.201792	1.18539	1.01281	0.150832
790000	-27.29929	0	-27.29929	0.0977675	0.126769	0.231814	0.478975	0.109522	0.109898	0.988813	0.30008	0.00946302
800000	-17.99952	0	-17.99952	0.12947	0.279295	0.13513	0.252471	0.0565596	0.0727291	2.20904	0.683909	0.315702
810000	-25.20807	0	-25.20807	0.24661	0.108885	0.177441	0.203154	0.079517	0.11191	1.13391	0.444211	0.187133
820000	-26.29394	0	-26.29394	0.128257	0.0960349	0.232976	0.305389	0.230361	0.160402	2.04042	0.236512	0.0924708
830000	-25.3371	0	-25.3371	0.13531	0.0775528	0.336885	0.283879	0.0534035	0.0507637	2.09431	1.30714	0.253721
840000	-28.55756	0	-28.55756	0.0966345	0.233159	0.267642	0.194491	0.0526107	0.0374385	0.466793	1.39135	0.0534706
850000	-16.50995	0	-16.50995	0.107001	0.159903	0.143614	0.18091	0.138335	0.0804285	1.85123	0.840353	0.168521
860000	-20.18309	0	-20.18309	0.17069	0.18216	0.318491	0.228157	0.072108	0.094976	2.98454	0.538312	0.131352
870000	-21.86229	0	-21.86229	0.28436	0.301647	0.331298	0.315507	0.0956955	0.114328	1.0526	0.703906	0.269038
880000	-25.97152	0	-25.97152	0.071789	0.175796	0.243923	0.140314	0.0597843	0.107951	1.32339	0.566836	0.0192192
890000	-27.75648	0	-27.75648	0.0599073	0.0984649	0.233108	0.218632	0.127894	0.0874741	2.1264	0.853119	0.00592045
900000	-17.1632	0	-17.1632	0.125716	0.166244	0.212554	0.415978	0.127671	0.0622781	3.61001	0.330105	0.212419
910000	-29.78362	0	-29.78362	0.0902603	0.172467	0.280945	0.389747	0.0499521	0.160472	1.22848	0.267286	0.00632445
920000	-19.38384	0	-19.38384	0.269792	0.132195	0.11999	0.550402	0.0696617	0.125802	2.189	0.991807	0.458365
930000	-27.75827	0	-27.75827	0.183149	0.171926	0.205713	0.552178	0.169225	0.14131	2.28416	0.312906	0.6426
940000	-19.33094	0	-19.33094	0.134066	0.0882528	0.2681	0.231978	0.0880796	0.14769	2.35229	0.597212	0.32239
950000	-23.12407	0	-23.12407	0.246907	0.15506	0.12524	0.450705	0.0459692	0.154631	1.71346	0.440037	0.129559
960000	-19.41473	0	-19.41473	0.160578	0.169946	0.174137	0.38418	0.0873943	0.160414	2.18282	1.58303	0.0331464
970000	-19.46285	0	-19.46285	0.0599752	0.142921	0.0822796	0.462079	0.135381	0.219946	2.74595	0.66507	0.0901384
980000	-24.04963	0	-24.04963	0.136104	0.100666	0.407707	0.223168	0.0657903	0.0637844	1.47686	0.76599	0.0956993
990000	-28.85945	0	-28.85945	0.163704	0.124103	0.232637	0.405864	0.0665184	0.154173	0.63427	0.704205	0.194007
1000000	-23.72138	0	-23.72138	0.18325	0.28576	0.175034	0.467691	0.0729178	0.263973	1.60513	1.38808	1.44053
1010000	-19.626	0	-19.626	0.0903472	0.171781	0.139094	0.46304	0.158426	0.117518	2.10294	3.86421	0.589586
1020000	-28.16289	0	-28.16289	0.253015	0.172023	0.0660892	0.158013	0.200345	0.152589	0.96194	0.204362	0.10712
1030000	-29.11245	0	-29.11245	0.0618079	0.225092	0.130856	0.193696	0.0646791	0.10266	0.96264	0.388812	0.0488459
1040000	-24.56351	0	-24.56351	0.101226	0.304627	0.258596	0.34796	0.128921	0.152456	1.88686	0.356277	0.981036
1050000	-23.10559	0	-23.10559	0.144747	0.250571	0.172138	0.473078	0.147389	0.0753838	1.52602	0.545627	0.102198
1060000	-20.22216	0	-20.22216	0.152075	0.227291	0.162446	0.356644	0.221358	0.100966	2.10573	1.54027	1.342
1070000	-28.15914	0	-28.15914	0.0703703	0.0975477	0.159177	0.209722	0.0924079	0.0843127	0.622135	0.290737	0.0352824
1080000	-27.65521	0	-27.65521	0.151873	0.122836	0.0971338	0.414396	0.241115	0.155416	0.702005	1.44357	0.0383776
1090000	-15.82627	0	-15.82627	0.128589	0.339063	0.123498	0.284431	0.0792884	0.070827	1.56173	1.58913	0.189525
1100000	-27.82102	0	-27.82102	0.133782	0.317891	0.177363	0.368029	0.221339	0.108995	1.53317	0.34725	0.0847666
1110000	-22.43876	0	-22.43876	0.117103	0.1212	0.146122	0.309321	0.155374	0.216846	0.564937	1.46304	0.0626165
1120000	-27.40177	0	-27.40177	0.149645	0.0892499	0.118873	0.352758	0.0879768	0.0438398	1.73514	0.615278	0.000744148
1130000	-27.09789	0	-27.09789	0.10256	0.276126	0.10904	0.260693	0.0887998	0.14607	0.856619	0.805277	0.0276029
1140000	-23.70344	0	-23.70344	0.0691802	0.0652627	0.170497	0.326633	0.104289	0.116298	0.526541	0.831426	0.39923
1150000	-31.0427	0	-31.0427	0.146083	0.129118	0.212374	0.393127	0.0989579	0.0551757	1.00035	0.427986	0.0252904
1160000	-17.14871	0	-17.14871	0.149449	0.107193	0.284215	0.195984	0.0688552	0.0866852	3.36787	1.13074	0.181874
1170000	-27.26626	0	-27.26626	0.288898	0.223442	0.0901767	0.258147	0.0684801	0.146727	0.950269	0.803914	0.00592111
1180000	-26.48056	0	-26.48056	0.110347	0.175477	0.315727	0.336809	0.130797	0.104776	1.2689	0.314012	0.00478194
1190000	-20.55764	0	-20.55764	0.125638	0.131832	0.101439	0.360602	0.118943	0.175157	1.23221	2.60057	0.0338105
1200000	-29.3498	0	-29.3498	0.173301	0.180781	0.158778	0.289014	0.114331	0.133713	2.95772	0.303614	0.0228669
1210000	-27.03626	0	-27.03626	0.0771086	0.11078	0.100306	0.432982	0.068508	0.126715	1.38006	0.813714	0.0157492
1220000	-29.60526	0	-29.60526	0.245	0.232261	0.194593	0.261336	0.192388	0.103993	0.451158	0.162337	0.0320623
1230000	-20.78998	0	-20.78998	0.161307	0.11033	0.144121	0.320797	0.0852485	0.113074	2.5819	0.813719	0.116627
1240000	-33.09509	0	-33.09509	0.0895732	0.0599106	0.125946	0.119719	0.0630007	0.0992249	0.40299	0.639904	0.0242059
1250000	-27.14123	0	-27.14123	0.137406	0.171509	0.308544	0.239656	0.20236	0.0912176	0.623223	0.303111	0.225674
1260000	-25.67648	0	-25.67648	0.148272	0.201099	0.260819	0.138004	0.0712146	0.116788	1.66185	0.638851	1.50476
1270000	-26.02455	0	-26.02455	0.0839359	0.267779	0.386166	0.20001	0.288604	0.0890968	0.993724	4.37813	1.66758
1280000	-19.27788	0	-19.27788	0.178669	0.278966	0.212922	0.227005	0.102561	0.192764	2.05607	1.08051	0.0781263
1290000	-25.03687	0	-25.03687	0.0747172	0.124363	0.111697	0.374988	0.145499	0.100978	2.60048	0.293607	0.0519667
1300000	-31.3566	0	-31.3566	0.0531098	0.112731	0.141366	0.503198	0.119607	0.132004	2.84278	0.614416	0.0296812
1310000	-14.65559	0	-14.65559	0.11966	0.224524	0.107544	0.517184	0.117814	0.105327	2.50004	1.72836	3.01448
1320000	-29.7174	0	-29.7174	0.284593	0.351174	0.245978	0.318688	0.119276	0.471772	1.09016	0.870654	0.479671
1330000	-23.05654	0	-23.05654	0.112484	0.284649	0.21422	0.276542	0.168449	0.106763	0.783528	0.83079	0.873985
1340000	-31.54033	0	-31.54033	0.0664497	0.114647	0.37979	0.961994	0.214658	0.459641	2.15339	1.78252	0.917585
1350000	-24.90481	0	-24.90481	0.023598	0.313248	0.177095	0.244031	0.043973	0.168124	1.31845	1.19518	0.0366199
1360000	-30.2208	0	-30.2208	0.294733	0.212935	0.157118	0.258944	0.20457	0.224876	0.760438	0.722706	0.664433
1370000	-30.10546	0	-30.10546	0.0992277	0.179526	0.164012	0.454135	0.135879	0.0665972	1.77449	0.607156	0.0271055
1380000	-29.28434	0	-29.28434	0.0417951	0.287072	0.178765	0.219322	0.0770578	0.237719	1.37217	0.179951	0.148091
1390000	-34.01791	0	-34.01791	0.142838	0.13473	0.115038	0.336672	0.0518598	0.0857452	0.426972	0.116503	0.0222616
1400000	-24.87294	0	-24.87294	0.34301	0.383838	0.152257	0.378901	0.0819356	0.283304	0.541595	2.32433	0.0142798
1410000	-23.46628	0	-23.46628	0.141849	0.138168	0.219195	0.302353	0.171071	0.0700872	1.70579	0.303784	0.0595165
1420000	-27.52321	0	-27.52321	0.0892887	0.336805	0.34407	0.356714	0.109574	0.0667083	1.84564	0.555381	0.179371
1430000	-26.4655	0	-26.4655	0.23353	0.170871	0.201632	0.311579	0.0941282	0.0970521	1.22331	0.52826	0.0100651
1440000	-20.59318	0	-20.59318	0.0561056	0.395878	0.0561865	0.352675	0.0772761	0.077157	2.80891	0.642854	0.214623
1450000	-27.43468	0	-27.43468	0.138446	0.168206	0.22512	0.225997	0.142875	0.197224	1.77699	0.717314	0.21709
1460000	-26.35941	0	-26.35941	0.167825	0.187436	0.139306	0.549472	0.151724	0.133775	1.27984	0.392595	0.274571
1470000	-28.57801	0	-28.57801	0.131945	0.365731	0.107898	0.23897	0.172261	0.124968	2.82315	0.778538	0.586955
1480000	-19.74614	0	-19.74614	0.149944	0.144345	0.352879	0.362229	0.0781885	0.102303	1.58479	1.34406	0.000526089
1490000	-28.0692	0	-28.0692	0.14771	0.159794	0.312723	0.655512	0.0829077	0.0655839	4.13763	1.38003	0.0945612
1500000	-27.05104	0	-27.05104	0.178211	0.0763489	0.181414	0.218878	0.117113	0.115934	0.692061	0.236326	0.424067
1510000	-22.26303	0	-22.26303	0.129375	0.215108	0.243806	0.149503	0.0982502	0.281756	4.08653	1.60066	0.165199
1520000	-26.83547	0	-26.83547	0.103846	0.212584	0.320596	0.318553	0.100904	0.179625	1.6598	0.177601	0.598072
1530000	-20.38439	0	-20.38439	0.0631486	0.162384	0.0861456	0.37993	0.0998637	0.212779	1.00997	1.36781	0.491453
1540000	-21.77703	0	-21.77703	0.189252	0.265819	0.136989	0.216631	0.104651	0.0860431	1.63326	0.52843	0.17265
1550000	-25.4403	0	-25.4403	0.12846	0.181677	0.0961895	0.303635	0.106565	0.146222	0.728319	0.289321	0.639839
1560000	-30.58	0	-30.58	0.148338	0.193314	0.280176	0.509561	0.13499	0.195852	0.892681	0.892704	0.224554
1570000	-23.03646	0	-23.03646	0.0826861	0.0630652	0.182956	0.283884	0.117524	0.134125	1.72445	0.396233	0.196242
1580000	-34.07907	0	-34.07907	0.049829	0.119601	0.256063	0.321958	0.0776497	0.0771615	0.383779	0.106641	0.00126287
1590000	-27.91912	0	-27.91912	0.170237	0.104016	0.220915	0.471174	0.0359307	0.0932929	1.99896	0.608902	0.19928
1600000	-26.77872	0	-26.77872	0.328084	0.160955	0.184884	0.491685	0.125977	0.106778	2.17422	0.435226	0.0565978
1610000	-27.94398	0	-27.94398	0.0937715	0.0676091	0.257693	0.260003	0.167028	0.18551	1.19502	0.692087	0.00262675
1620000	-22.74737	0	-22.74737	0.189526	0.144226	0.162022	0.789847	0.169757	0.0881521	1.9197	0.33887	0.212679
1630000	-31.08165	0	-31.08165	0.102918	0.211771	0.31264	0.239234	0.159455	0.173991	0.464133	0.127019	1.2581
1640000	-23.33239	0	-23.33239	0.189207	0.301799	0.244071	0.350466	0.120085	0.0778395	1.78871	0.343019	0.461485
1650000	-22.76697	0	-22.76697	0.098401	0.211738	0.31862	0.359964	0.149957	0.258968	2.39438	0.580054	0.439851
1660000	-30.23054	0	-30.23054	0.0563467	0.116579	0.120533	0.304579	0.114824	0.1392	0.768206	0.166321	0.0581068
1670000	-24.54002	0	-24.54002	0.174932	0.210151	0.199901	0.275411	0.200635	0.153844	0.890098	0.241775	0.172111
1680000	-24.99093	0	-24.99093	0.258496	0.263437	0.218865	0.27637	0.077775	0.115241	1.97289	1.01519	0.00739541
1690000	-29.77947	0	-29.77947	0.1602	0.0986369	0.312094	0.525833	0.195379	0.139722	2.72237	0.121255	0.0079386
1700000	-23.48786	0	-23.48786	0.0871741	0.272494	0.0769636	0.312803	0.147209	0.070969	0.93997	0.89906	0.0219523
1710000	-26.10421	0	-26.10421	0.176031	0.374858	0.0999627	0.248694	0.0944432	0.396782	0.382683	1.08456	1.15473
1720000	-17.73244	0	-17.73244	0.119518	0.0997746	0.15048	0.19238	0.190566	0.0967077	2.0727	0.296241	0.624539
1730000	-22.8817	0	-22.8817	0.147026	0.0741377	0.219803	0.256048	0.130984	0.102918	1.83218	0.644364	0.0430474
1740000	-19.91926	0	-19.91926	0.133816	0.203553	0.219166	0.33658	0.0916239	0.221437	1.08085	1.41892	1.4355
1750000	-28.10638	0	-28.10638	0.0639847	0.137427	0.181998	0.357031	0.133221	0.324588	1.60831	0.329903	0.195167
1760000	-24.06765	0	-24.06765	0.14648	0.076445	0.253465	0.429154	0.184521	0.0962183	4.47451	0.0414146	0.0199218
1770000	-25.15323	0	-25.15323	0.203052	0.116101	0.130151	0.447229	0.0855095	0.151082	0.771487	0.482309	0.0725993
1780000	-21.71781	0	-21.71781	0.317801	0.233494	0.166578	0.588144	0.101477	0.0580073	4.78305	0.364224	0.205651
1790000	-23.34776	0	-23.34776	0.169385	0.0743703	0.157253	0.425712	0.0852005	0.117201	1.33731	0.799196	0.00226579
1800000	-24.64466	0	-24.64466	0.0843593	0.0835856	0.414985	0.609071	0.178698	0.154717	0.632786	0.314597	0.0214772
1810000	-35.4762	0	-35.4762	0.246624	0.0848839	0.0972102	0.28938	0.108353	0.148125	1.86636	0.635953	0.000911186
1820000	-19.60754	0	-19.60754	0.282506	0.123764	0.523783	0.462074	0.0517047	0.116665	4.88741	0.654757	0.941126
1830000	-27.01623	0	-27.01623	0.317153	0.124211	0.235327	0.21269	0.0696482	0.146856	1.23704	0.685918	0.322793
1840000	-17.8239	0	-17.8239	0.115236	0.112153	0.22096	0.363532	0.0934947	0.0670366	1.02992	0.561494	0.173977
1850000	-26.59887	0	-26.59887	0.100479	0.0986106	0.112409	0.184192	0.130379	0.165763	0.926726	0.707747	0.00206967
1860000	-28.78113	0	-28.78113	0.0908954	0.0783554	0.0695055	0.472785	0.138048	0.0823269	1.33981	0.218144	0.131702
1870000	-20.26623	0	-20.26623	0.219328	0.14352	0.120632	0.560913	0.0936175	0.111401	1.14014	0.841242	0.108843
1880000	-33.55952	0	-33.55952	0.25932	0.044999	0.187601	0.699632	0.23612	0.255898	1.26267	0.431555	0.0489075
1890000	-22.64243	0	-22.64243	0.199801	0.184555	0.131712	0.273638	0.0845464	0.19086	0.829114	0.435785	0.0979385
1900000	-23.17834	0	-23.17834	0.112586	0.120434	0.158265	0.220277	0.0761565	0.112532	0.939397	0.77012	0.224122
1910000	-22.52846	0	-22.52846	0.220109	0.120246	0.160414	0.209462	0.0749429	0.0942027	2.03536	0.660735	0.00311122
1920000	-25.1571	0	-25.1571	0.0678623	0.226617	0.29089	0.297129	0.0950316	0.490387	2.10345	0.559503	0.0157724
1930000	-35.11137	0	-35.11137	0.254644	0.148731	0.0889637	0.263421	0.0688917	0.0488072	0.287093	0.918125	0.0435843
1940000	-24.35069	0	-24.35069	0.222298	0.133065	0.206369	0.403211	0.0835899	0.235336	1.01771	1.17673	0.149248
1950000	-28.44284	0	-28.44284	0.145892	0.0831727	0.231183	0.348296	0.113849	0.168713	0.867263	0.139697	0.0159082
1960000	-30.19181	0	-30.19181	0.247333	0.0872328	0.368146	0.426537	0.0508375	0.0703618	1.49081	0.781964	0.292879
1970000	-25.42429	0	-25.42429	0.094591	0.15579	0.271249	0.496286	0.138013	0.0712336	0.963074	0.656956	0.163079
1980000	-26.69294	0	-26.69294	0.152239	0.0725945	0.252285	0.274764	0.129718	0.04194	1.13098	1.28604	0.40823
1990000	-26.63263	0	-26.63263	0.0871595	0.10804	0.099478	0.165442	0.0517356	0.104383	1.83352	0.461744	0.0390941
2000000	-30.21498	0	-30.21498	0.22289	0.347247	0.103052	0.124951	0.182664	0.0996787	1.33326	0.808355	0.0688449
2010000	-25.44208	0	-25.44208	0.113374	0.272456	0.137275	0.14568	0.0601359	0.0954692	0.965371	0.457546	0.0590095
2020000	-28.24385	0	-28.24385	0.151848	0.0511652	0.499592	0.356661	0.0609556	0.156045	2.62411	0.550532	0.508102
2030000	-18.19666	0	-18.19666	0.176455	0.171158	0.132876	0.574497	0.101801	0.201678	2.04077	0.550379	0.458942
2040000	-25.23705	0	-25.23705	0.170529	0.206342	0.177	0.599703	0.177146	0.337741	1.89001	0.550946	0.460698
2050000	-36.85579	0	-36.85579	0.164496	0.0457621	0.0928287	0.277885	0.105413	0.0800651	2.26571	0.211791	8.13209e-05
2060000	-22.81884	0	-22.81884	0.133002	0.240093	0.115154	0.412225	0.0590976	0.0709799	2.71074	0.226138	0.00952271
2070000	-26.02032	0	-26.02032	0.114028	0.217122	0.206201	0.371208	0.120423	0.303851	1.22683	1.11609	0.00369722
2080000	-19.51918	0	-19.51918	0.159328	0.0765994	0.288589	0.253912	0.0887403	0.099553	1.45506	1.23176	0.0211484
2090000	-25.58843	0	-25.58843	0.0880895	0.0784829	0.213776	0.294781	0.185592	0.142611	2.83689	1.02258	1.58187
2100000	-27.84374	0	-27.84374	0.123853	0.091064	0.459224	0.365382	0.0582572	0.0703564	1.6913	0.161892	0.277848
2110000	-35.52809	0	-35.52809	0.139068	0.151005	0.243193	0.442466	0.173524	0.126744	0.581432	0.0912759	0.000401236
2120000	-33.45981	0	-33.45981	0.0278955	0.161424	0.122406	0.156349	0.0890161	0.130137	1.33068	0.22637	0.0170167
2130000	-28.73466	0	-28.73466	0.191636	0.0881158	0.15989	0.320925	0.0755387	0.227324	3.3901	0.903326	0.0407854
2140000	-17.76865	0	-17.76865	0.137838	0.077536	0.371616	0.265148	0.0683571	0.26972	4.50617	1.07458	0.299784
2150000	-15.79539	0	-15.79539	0.139455	0.20477	0.120651	0.395537	0.0452296	0.151553	2.56609	1.88534	0.886715
2160000	-28.10217	0	-28.10217	0.0336153	0.309596	0.139745	0.501629	0.104848	0.118061	0.641915	0.295809	0.00442318
2170000	-26.7558	0	-26.7558	0.0839601	0.148733	0.164315	0.272221	0.14104	0.0394595	1.81458	0.708613	0.37522
2180000	-33.01859	0	-33.01859	0.159402	0.150279	0.342868	0.180355	0.188395	0.247438	0.757175	0.787781	0.147707
2190000	-22.45585	0	-22.45585	0.132018	0.166716	0.142757	0.473849	0.0806243	0.0836054	0.856529	0.562959	0.221317
2200000	-28.63335	0	-28.63335	0.160684	0.0568	0.359012	0.398362	0.0615037	0.0907944	1.54214	0.617026	0.236661
2210000	-20.40799	0	-20.40799	0.144692	0.209796	0.0525825	0.452931	0.125345	0.148042	2.17943	0.922597	2.32849
2220000	-21.63368	0	-21.63368	0.114013	0.13983	0.222347	0.216373	0.111453	0.0867462	1.46491	0.515344	0.219104
2230000	-30.38059	0	-30.38059	0.0272683	0.0720968	0.108979	0.287544	0.0751254	0.105022	1.95946	0.540433	0.0325731
2240000	-27.87837	0	-27.87837	0.152997	0.153871	0.108691	0.345378	0.0733328	0.0803434	3.22982	0.497341	0.00801104
2250000	-15.62736	0	-15.62736	0.104843	0.129467	0.188122	0.380123	0.129099	0.0883284	2.57293	0.969591	0.137342
2260000	-30.46771	0	-30.46771	0.147873	0.112092	0.129081	0.411742	0.210159	0.0916599	0.930867	0.603812	0.00338281
2270000	-31.66615	0	-31.66615	0.242118	0.0698913	0.0697941	0.262243	0.0764389	0.135859	2.66891	0.315642	0.00866263
2280000	-33.66273	0	-33.66273	0.353948	0.149583	0.137884	0.288422	0.0335633	0.0920877	2.49523	0.741523	0.00353174
2290000	-31.53793	0	-31.53793	0.199994	0.132967	0.511878	0.562855	0.115815	0.0658185	1.02979	0.10133	0.041235
2300000	-28.67546	0	-28.67546	0.308593	0.10273	0.220493	0.266266	0.103602	0.229092	0.566587	0.873345	0.092497
2310000	-21.36802	0	-21.36802	0.0891549	0.14092	0.246022	0.141092	0.0681865	0.177204	1.36916	0.639488	0.0681505
2320000	-32.28616	0	-32.28616	0.0857946	0.0822213	0.146065	0.428917	0.261673	0.0473693	0.741114	0.496028	0.00418649
2330000	-22.64099	0	-22.64099	0.108705	0.164681	0.223967	0.190117	0.0811346	0.132269	1.79669	0.891659	0.188374
2340000	-28.97975	0	-28.97975	0.224029	0.147858	0.767296	0.657253	0.144982	0.113012	1.9546	0.155598	0.133447
2350000	-26.40589	0	-26.40589	0.175684	0.135764	0.189834	0.328274	0.083317	0.155981	0.327339	0.763733	0.249267
2360000	-30.95608	0	-30.95608	0.11866	0.119848	0.369709	0.439477	0.0625621	0.120152	0.323253	0.282381	0.481155
2370000	-22.45352	0	-22.45352	0.132619	0.170163	0.0923016	0.351738	0.0674421	0.0632935	1.50066	0.582972	0.00740831
2380000	-25.56719	0	-25.56719	0.132714	0.159142	0.218637	0.442356	0.109234	0.0812506	1.42974	1.3212	0.398793
2390000	-16.32136	0	-16.32136	0.137894	0.145218	0.198	0.267935	0.0611558	0.0762042	1.20366	2.33315	0.0717641
2400000	-26.29194	0	-26.29194	0.150993	0.162177	0.160404	0.5942	0.0441683	0.0732714	1.07536	0.410124	0.0936654
2410000	-37.37045	0	-37.37045	0.196446	0.101356	0.0924689	0.448346	0.114705	0.104046	1.15882	0.258381	0.00179655
2420000	-25.69326	0	-25.69326	0.185209	0.100014	0.295358	0.360721	0.0600559	0.129995	2.0999	0.288624	0.243735
2430000	-28.07285	0	-28.07285	0.355071	0.0459399	0.136039	0.318847	0.0734701	0.0726757	1.25566	0.154782	0.0614932
2440000	-27.96927	0	-27.96927	0.141292	0.0499653	0.14265	0.219024	0.0991288	0.0946499	2.07	0.277087	0.0135884
2450000	-29.61171	0	-29.61171	0.0836174	0.447566	0.207495	0.139672	0.120328	0.113084	0.663237	0.479869	0.109142
2460000	-29.87163	0	-29.87163	0.105374	0.168673	0.144852	0.331233	0.160246	0.0746389	0.815557	0.0555466	0.00818035
2470000	-17.26681	0	-17.26681	0.164212	0.225591	0.134758	0.460756	0.144946	0.242099	1.36582	1.21155	0.0487636
2480000	-19.89587	0	-19.89587	0.154116	0.159158	0.138613	0.420459	0.0751237	0.131787	1.79705	0.990613	1.10745
2490000	-16.49594	0	-16.49594	0.0804863	0.137214	0.0697571	0.268182	0.126332	0.193406	1.7421	0.704047	0.152275
2500000	-19.90636	0	-19.90636	0.154767	0.246988	0.144069	0.385175	0.0956353	0.0902219	3.13938	0.576679	0.0645462
2510000	-21.01226	0	-21.01226	0.101429	0.24126	0.142301	0.269289	0.155015	0.064509	2.06074	0.645915	0.432429
2520000	-31.0766	0	-31.0766	0.0640142	0.066198	0.149241	0.327491	0.0895145	0.12659	1.26487	0.212446	0.00162554
2530000	-24.76353	0	-24.76353	0.0468616	0.120474	0.131014	0.255618	0.11355	0.134423	1.8649	1.49754	0.0209182
2540000	-21.84129	0	-21.84129	0.0850453	0.155665	0.148695	0.175223	0.11685	0.155988	1.51997	4.74417	1.01211
2550000	-22.03401	0	-22.03401	0.109067	0.345687	0.153287	0.248916	0.111977	0.080071	0.825074	0.797591	0.000936336
2560000	-26.7446	0	-26.7446	0.126685	0.171791	0.270996	0.537638	0.106154	0.121244	1.07794	0.582791	0.199758
2570000	-20.54649	0	-20.54649	0.0507471	0.11396	0.150985	0.314391	0.121009	0.130154	2.14916	0.409184	0.0874065
2580000	-21.91953	0	-21.91953	0.137954	0.103472	0.0416838	0.281283	0.0983111	0.0921741	2.55325	1.35043	0.133164
2590000	-27.58794	0	-27.58794	0.328677	0.190375	0.22799	0.295353	0.12382	0.181836	3.07352	1.17462	0.0261572
2600000	-25.40567	0	-25.40567	0.0928808	0.167529	0.0785993	0.182213	0.106284	0.129898	1.36696	0.767368	0.137657
2610000	-30.6341	0	-30.6341	0.181806	0.129877	0.0916635	0.324719	0.0736441	0.0767267	2.0555	0.354116	0.00023824
2620000	-20.8319	0	-20.8319	0.211583	0.116868	0.167405	0.388891	0.0619001	0.150932	1.74288	0.681073	0.247069
2630000	-27.57823	0	-27.57823	0.0637022	0.0877537	0.138417	0.534195	0.0779273	0.142484	0.68491	1.07578	0.18486
2640000	-15.87436	0	-15.87436	0.216206	0.250436	0.285165	0.547332	0.109902	0.142993	3.88373	0.513312	1.3894
2650000	-20.45343	0	-20.45343	0.210719	0.194525	0.228043	0.409286	0.167843	0.070186	1.37211	0.782439	0.0494446
2660000	-16.15699	0	-16.15699	0.140125	0.119442	0.116082	0.347312	0.0618661	0.0573345	2.30085	1.33121	0.494051
2670000	-17.67009	0	-17.67009	0.0642015	0.153503	0.411667	0.473546	0.147479	0.0662988	3.71773	0.475374	0.00437466
2680000	-24.76748	0	-24.76748	0.0749786	0.0990122	0.226856	0.214864	0.0791633	0.155033	1.0475	0.234333	0.0033307
2690000	-21.7098	0	-21.7098	0.0963671	0.0945483	0.145425	0.322722	0.139607	0.162088	1.76149	0.50861	0.656215
2700000	-18.67215	0	-18.67215	0.108685	0.349514	0.210863	0.299175	0.151796	0.162647	1.41489	2.35806	0.618349
2710000	-25.83122	0	-25.83122	0.0554236	0.0818864	0.18495	0.178109	0.161266	0.0771818	1.53877	0.654271	0.238838
2720000	-29.63751	0	-29.63751	0.108879	0.0991	0.271961	0.328696	0.22417	0.0807977	1.15195	0.288238	0.0655621
2730000	-24.75842	0	-24.75842	0.146344	0.122297	0.273445	0.31898	0.103462	0.161624	1.80999	1.20418	0.277805
2740000	-15.97924	0	-15.97924	0.0726931	0.300775	0.200206	0.387515	0.163068	0.131799	4.09116	1.14326	0.0544955
2750000	-38.22706	0	-38.22706	0.151912	0.13012	0.235135	0.134262	0.0914737	0.0844765	2.22627	0.713362	0.0412981
2760000	-20.24939	0	-20.24939	0.115291	0.279423	0.10212	0.241626	0.0863668	0.13908	2.76088	0.983404	1.02061
2770000	-23.22731	0	-23.22731	0.193397	0.247529	0.0968648	0.349801	0.0646536	0.124946	1.79724	1.23869	0.106374
2780000	-16.64516	0	-16.64516	0.0929613	0.115216	0.173362	0.287771	0.100742	0.13602	1.70985	0.264401	0.00302892
2790000	-31.42825	0	-31.42825	0.131239	0.0506944	0.252537	0.340728	0.127686	0.10426	1.13081	0.361183	0.08164
2800000	-23.00448	0	-23.00448	0.0823579	0.078663	0.15244	0.145356	0.138102	0.091126	1.85609	1.56287	0.885274
2810000	-23.96102	0	-23.96102	0.13472	0.168146	0.293014	0.474721	0.146949	0.0771669	1.6	2.24554	0.938323
2820000	-26.40948	0	-26.40948	0.220251	0.3984	0.199044	0.172662	0.254077	0.206348	1.04692	1.12708	0.149814
2830000	-20.51883	0	-20.51883	0.0497	0.0847673	0.0689472	0.202476	0.113981	0.283677	2.16972	1.32142	0.100748
2840000	-31.8974	0	-31.8974	0.172879	0.345786	0.127381	0.534106	0.162762	0.21023	2.40548	0.586535	0.040324
2850000	-30.76223	0	-30.76223	0.189065	0.114863	0.107995	0.326884	0.187277	0.0623061	1.50775	0.122561	0.0127217
2860000	-17.9707	0	-17.9707	0.0650358	0.187996	0.248576	0.197821	0.106212	0.0816822	2.8086	1.05028	0.00308398
2870000	-33.90591	0	-33.90591	0.158047	0.271158	0.233429	0.173176	0.281488	0.0633246	2.18488	0.844937	0.0239024
2880000	-18.80342	0	-18.80342	0.0836845	0.152994	0.0738755	0.328123	0.100658	0.21314	1.31369	3.38554	0.252745
2890000	-27.34772	0	-27.34772	0.0847126	0.105209	0.156166	0.26351	0.122068	0.044091	1.84454	1.69401	0.0332181
2900000	-26.00174	0	-26.00174	0.144081	0.162411	0.11867	0.221972	0.142763	0.0599986	1.37573	0.196586	0.00540506
2910000	-17.79601	0	-17.79601	0.22109	0.123598	0.307208	0.225648	0.0800393	0.0691738	2.06137	1.96208	0.351416
2920000	-20.4542	0	-20.4542	0.202489	0.225608	0.0888174	0.797506	0.118737	0.190174	2.88038	0.596445	0.0187996
2930000	-19.87336	0	-19.87336	0.117536	0.289115	0.0836097	0.294674	0.176624	0.159708	2.16457	0.695511	0.849686
2940000	-18.8762	0	-18.8762	0.101139	0.191526	0.189402	0.314182	0.15784	0.1783	3.94503	1.02698	0.0712406
2950000	-24.37245	0	-24.37245	0.126966	0.206782	0.162342	0.25594	0.0744224	0.118441	1.24377	0.718568	0.0968316
2960000	-22.88657	0	-22.88657	0.0990004	0.400076	0.360558	0.681322	0.233557	0.112865	2.25823	0.477968	0.0629942
2970000	-26.49187	0	-26.49187	0.195211	0.161425	0.204093	0.297687	0.0721914	0.0934585	0.719178	0.712083	0.017749
2980000	-30.68424	0	-30.68424	0.0766054	0.244894	0.150769	0.409074	0.100076	0.133033	1.49319	0.292698	0.0651286
2990000	-24.60052	0	-24.60052	0.186013	0.230862	0.104379	0.335182	0.0958851	0.219119	1.67903	0.659772	0.120037
3000000	-20.17473	0	-20.17473	0.254097	0.152315	0.0984278	0.731917	0.0915295	0.0798176	2.58174	0.752369	1.46379
3010000	-23.37008	0	-23.37008	0.10374	0.160892	0.418978	0.326268	0.0868646	0.050645	0.876683	0.554596	0.543222
3020000	-18.07671	0	-18.07671	0.12553	0.193934	0.466803	0.272151	0.210741	0.0693992	3.7981	0.617949	0.00979786
3030000	-33.26147	0	-33.26147	0.111216	0.148317	0.129074	0.286467	0.0697755	0.165704	2.04424	0.186945	0.00182007
3040000	-24.67162	0	-24.67162	0.184323	0.0678174	0.0907918	0.310636	0.0582129	0.107795	2.06476	0.554312	0.0102894
3050000	-31.14073	0	-31.14073	0.117325	0.0627708	0.112261	0.297944	0.138416	0.1692	1.8431	0.113273	0.0190194
3060000	-33.04456	0	-33.04456	0.104647	0.151227	0.207397	0.189146	0.114184	0.127672	1.18135	0.41517	0.00159547
3070000	-20.57332	0	-20.57332	0.156871	0.25686	0.157219	0.232611	0.092906	0.150947	4.21799	0.856646	0.528459
3080000	-20.03048	0	-20.03048	0.160967	0.41247	0.18285	0.331443	0.138899	0.233732	1.82037	1.00019	0.146515
3090000	-29.30405	0	-29.30405	0.276666	0.120028	0.168514	0.442613	0.0402476	0.128325	1.22006	1.12191	0.0278931
3100000	-22.85286	0	-22.85286	0.0936168	0.207813	0.333581	0.292405	0.052133	0.127122	1.85435	0.719608	1.33029
3110000	-40.40183	0	-40.40183	0.152211	0.0576577	0.0983051	0.145678	0.0810212	0.0984156	1.50617	0.170662	0.000227646
3120000	-28.17722	0	-28.17722	0.142903	0.0490498	0.127046	0.326814	0.0733857	0.0900648	1.10816	0.222183	0.004384
3130000	-30.68325	0	-30.68325	0.175416	0.0890992	0.22937	0.385904	0.319044	0.0866371	1.92268	0.198261	0.103962
3140000	-29.41521	0	-29.41521	0.190177	0.083043	0.103197	0.342661	0.147471	0.0587499	0.952266	1.04251	0.146743
3150000	-34.48958	0	-34.48958	0.143165	0.204121	0.613073	0.23159	0.229725	0.144624	0.569625	0.630818	0.39417
3160000	-24.02576	0	-24.02576	0.138446	0.311236	0.222702	0.452257	0.0501962	0.114317	0.950938	0.622234	0.0170707
3170000	-30.2506	0	-30.2506	0.119406	0.235651	0.151206	0.448553	0.118433	0.133365	1.46823	0.329198	0.174912
3180000	-17.33643	0	-17.33643	0.178641	0.239702	0.0875422	0.324739	0.0855801	0.181769	1.73017	1.1366	2.85496
3190000	-27.52049	0	-27.52049	0.240628	0.172712	0.304767	0.214723	0.0555275	0.239569	2.22039	0.496592	0.180019
3200000	-25.51183	0	-25.51183	0.0663704	0.102633	0.269544	0.263639	0.124266	0.16616	1.50361	0.45769	0.863294
3210000	-27.19267	0	-27.19267	0.142804	0.193665	0.181236	0.314674	0.123675	0.1404	1.08913	0.753483	0.125129
3220000	-18.32327	0	-18.32327	0.150218	0.145013	0.220715	0.446267	0.125346	0.251854	4.11506	0.47913	0.0202971
3230000	-33.93725	0	-33.93725	0.153661	0.112891	0.164477	0.814668	0.135476	0.0971819	0.909122	0.0864123	0.0340909
3240000	-22.61427	0	-22.61427	0.162578	0.135596	0.305234	0.204783	0.120714	0.0697305	1.04719	0.894128	2.1908
3250000	-25.51308	0	-25.51308	0.116376	0.0937565	0.240558	0.685108	0.0424829	0.0679751	2.18764	0.0825496	0.115744
3260000	-26.51259	0	-26.51259	0.0836374	0.139967	0.493333	0.201311	0.223652	0.102249	1.93652	0.326992	0.00106344
3270000	-17.54251	0	-17.54251	0.140263	0.138017	0.177671	0.218376	0.142487	0.106123	1.21431	1.01948	0.0586872
3280000	-29.57628	0	-29.57628	0.0427968	0.146356	0.13344	0.5882	0.169472	0.0971833	1.04261	0.515953	0.0330202
3290000	-26.20215	0	-26.20215	0.10503	0.204453	0.13027	0.608282	0.143091	0.183104	0.988273	0.556041	0.260191
3300000	-31.40236	0	-31.40236	0.142897	0.0813136	0.444896	0.38825	0.0478889	0.164516	0.533622	1.51932	0.148253
3310000	-18.17282	0	-18.17282	0.0912556	0.157442	0.212593	0.297248	0.14057	0.209972	3.74297	0.831293	0.167195
3320000	-28.5726	0	-28.5726	0.0303827	0.20162	0.502537	0.491966	0.10173	0.0738306	1.41679	0.735348	0.0314739
3330000	-26.94735	0	-26.94735	0.142175	0.122345	0.35143	0.236692	0.14323	0.305709	2.21541	0.196228	0.293997
3340000	-22.7725	0	-22.7725	0.182837	0.232786	0.110907	0.527646	0.117869	0.105255	1.32113	0.998394	0.935783
3350000	-29.21205	0	-29.21205	0.342134	0.099809	0.346768	0.281457	0.170438	0.0374387	0.841948	1.5991	0.306297
3360000	-27.13901	0	-27.13901	0.0967979	0.153183	0.101573	0.156322	0.33588	0.099946	1.70834	0.678816	0.0099096
3370000	-21.39066	0	-21.39066	0.150884	0.135486	0.240913	0.212531	0.13112	0.146352	4.91511	0.982641	0.0767366
3380000	-30.21674	0	-30.21674	0.121036	0.169544	0.125957	0.187275	0.152974	0.109127	2.29971	0.313596	0.201926
3390000	-20.33238	0	-20.33238	0.0731741	0.15045	0.143458	0.210104	0.0977196	0.0480659	1.63786	0.30058	0.355463
3400000	-25.20093	0	-25.20093	0.15772	0.12059	0.103539	0.28124	0.0966074	0.0942797	1.72009	0.375649	0.102599
3410000	-14.71623	0	-14.71623	0.101744	0.168949	0.112636	0.390835	0.0974425	0.118087	2.13656	1.21437	0.391571
3420000	-29.64209	0	-29.64209	0.28813	0.0806382	0.117234	0.306712	0.158862	0.126257	1.52718	0.335756	0.0229371
3430000	-20.33815	0	-20.33815	0.133288	0.439808	0.166663	0.190335	0.118564	0.0746153	1.42085	0.739959	0.175828
3440000	-21.02756	0	-21.02756	0.157162	0.201773	0.154016	0.31225	0.0807277	0.15672	2.097	0.461722	0.0994049
3450000	-30.42757	0	-30.42757	0.244945	0.0930281	0.102068	0.67606	0.0575261	0.197679	5.75339	0.524631	0.0355752
3460000	-23.925	0	-23.925	0.106021	0.0785899	0.211345	0.554877	0.0567347	0.0942635	1.03832	1.12455	0.00393916
3470000	-22.92956	0	-22.92956	0.084271	0.203062	0.204091	0.435825	0.0593438	0.108347	1.45823	0.474183	0.383167
3480000	-23.93989	0	-23.93989	0.118904	0.177816	0.14399	0.302078	0.0766218	0.0495908	1.66787	0.395686	0.0855236
3490000	-27.40779	0	-27.40779	0.165825	0.129282	0.467586	0.285913	0.0736647	0.391382	2.47741	1.34242	0.118878
3500000	-25.35752	0	-25.35752	0.197578	0.278116	0.165793	0.269766	0.147205	0.0766587	0.698231	0.573259	0.0123852
3510000	-25.09653	0	-25.09653	0.0722553	0.163523	0.137984	0.349233	0.110992	0.0787913	1.88835	0.528239	0.110899
3520000	-20.74677	0	-20.74677	0.328517	0.0700937	0.259706	0.325803	0.125617	0.141382	4.18397	0.324176	0.0468817
3530000	-17.98103	0	-17.98103	0.184433	0.209139	0.0629927	0.259852	0.174456	0.0935382	3.69847	5.1709	0.255229
3540000	-28.84979	0	-28.84979	0.178642	0.177497	0.201893	0.262907	0.112138	0.0651932	0.835015	0.327507	0.0307074
3550000	-23.37951	0	-23.37951	0.201405	0.0626092	0.189472	0.32947	0.0992576	0.100334	7.3977	0.381461	0.0124198
3560000	-26.5787	0	-26.5787	0.179157	0.224209	0.426655	0.613105	0.213816	0.0632835	0.975023	1.87828	0.150764
3570000	-23.91026	0	-23.91026	0.164244	0.162952	0.211889	0.564056	0.0733726	0.0783345	2.61161	0.284192	0.0123081
3580000	-19.52257	0	-19.52257	0.246717	0.106044	0.224055	0.398709	0.0652805	0.230879	2.69779	0.643466	0.101391
3590000	-24.75819	0	-24.75819	0.127278	0.20349	0.0694471	0.359621	0.0952524	0.156448	1.28555	0.456409	0.105757
3600000	-25.63602	0	-25.63602	0.0958386	0.148891	0.147749	0.42772	0.214327	0.207793	2.0286	0.124635	0.619331
3610000	-28.1433	0	-28.1433	0.122895	0.268866	0.0696815	0.645511	0.250856	0.146137	1.16621	0.707611	0.0065181
3620000	-18.76581	0	-18.76581	0.111699	0.363447	0.401846	0.25701	0.0786607	0.142008	4.89009	1.08005	0.647268
3630000	-33.81567	0	-33.81567	0.066519	0.210002	0.173404	0.34749	0.118641	0.164351	0.779752	0.544635	0.126667
3640000	-14.00139	0	-14.00139	0.0956364	0.268882	0.215375	0.289159	0.203225	0.215588	7.00789	1.26962	0.0623115
3650000	-23.83862	0	-23.83862	0.256733	0.0980065	0.126906	0.195484	0.0457359	0.102476	3.13997	0.128525	0.0355534
3660000	-23.86754	0	-23.86754	0.142149	0.0575942	0.205847	0.801531	0.0962407	0.0792542	1.913	0.433681	0.0170426
3670000	-16.43685	0	-16.43685	0.202486	0.153882	0.121665	0.297585	0.0631586	0.0804991	2.4219	2.80557	3.19007
3680000	-16.62922	0	-16.62922	0.257884	0.14591	0.148303	0.410763	0.206867	0.134136	3.69099	1.39519	0.534341
3690000	-29.90311	0	-29.90311	0.224617	0.189126	0.193457	0.144444	0.212579	0.0999038	2.46551	1.48025	0.0357259
3700000	-17.08091	0	-17.08091	0.113348	0.191346	0.107613	0.28099	0.215863	0.117962	2.78207	1.4553	0.007872
3710000	-30.62445	0	-30.62445	0.268124	0.133361	0.239503	0.178099	0.0528448	0.154297	1.37544	0.124999	0.0440506
3720000	-30.51997	0	-30.51997	0.0537522	0.184152	0.266467	0.200523	0.205905	0.154094	1.12744	0.268884	0.00505607
3730000	-29.70246	0	-29.70246	0.109729	0.112661	0.1041	0.462554	0.210029	0.120901	1.38614	0.140213	0.00130482
3740000	-26.9795	0	-26.9795	0.171924	0.27627	0.136595	0.159757	0.0609652	0.133465	1.44974	0.522736	0.0115831
3750000	-25.15626	0	-25.15626	0.0719521	0.0713272	0.08653	0.299815	0.108553	0.0748158	2.19212	0.559562	0.000480833
3760000	-25.1347	0	-25.1347	0.151273	0.19352	0.144188	0.24068	0.0487222	0.237126	1.38027	0.547762	0.384672
3770000	-22.93996	0	-22.93996	0.06359	0.130459	0.290127	0.21969	0.0663115	0.111691	0.95583	0.797412	0.040597
3780000	-25.44759	0	-25.44759	0.0955824	0.162372	0.0859771	0.407517	0.177801	0.0520571	1.61286	0.649067	0.00733035
3790000	-12.88699	0	-12.88699	0.123093	0.126009	0.267111	0.524807	0.0892733	0.109566	5.55848	1.76291	0.35468
3800000	-34.94703	0	-34.94703	0.155597	0.0605985	0.104027	0.305653	0.113126	0.165884	0.814859	0.288534	0.193883
3810000	-22.27955	0	-22.27955	0.170145	0.175814	0.178521	0.569	0.120083	0.127178	2.91491	0.580684	0.267418
3820000	-28.31592	0	-28.31592	0.104119	0.133737	0.220303	0.30823	0.0824306	0.0659605	3.17917	0.298114	0.0398096
3830000	-21.66424	0	-21.66424	0.0841485	0.171136	0.237581	0.3038	0.15383	0.0777788	2.13082	0.429207	0.0366605
3840000	-30.39232	0	-30.39232	0.139496	0.107718	0.533799	0.35961	0.144325	0.204914	1.43133	0.233238	0.353687
3850000	-26.5078	0	-26.5078	0.185361	0.157627	0.323984	0.522286	0.144052	0.145085	1.67703	0.454502	0.0769635
3860000	-30.41192	0	-30.41192	0.115176	0.108351	0.248136	0.24856	0.0601344	0.0656787	4.04052	0.0623299	0.0250664
3870000	-21.45011	0	-21.45011	0.11289	0.120878	0.408774	0.492414	0.0783342	0.0500935	3.01176	0.778565	0.0593298
3880000	-32.19279	0	-32.19279	0.220158	0.179078	0.0756869	0.492286	0.219274	0.15855	2.94028	1.08404	0.141166
3890000	-27.16852	0	-27.16852	0.0956941	0.140691	0.0765951	0.300344	0.0749598	0.109058	0.716613	0.322229	0.00230485
3900000	-28.37462	0	-28.37462	0.0737657	0.0775822	0.601168	0.654345	0.11452	0.11807	1.75578	0.334795	0.24427
3910000	-33.88368	0	-33.88368	0.0757452	0.126074	0.326301	0.353726	0.177426	0.191126	0.897897	1.5258	0.0327918
3920000	-30.32035	0	-30.32035	0.0633912	0.112837	0.40618	0.276151	0.100468	0.178499	1.01881	0.720658	0.161061
3930000	-34.28306	0	-34.28306	0.080408	0.0417249	0.254764	0.273602	0.169525	0.0248004	1.36421	0.511808	0.159068
3940000	-27.46309	0	-27.46309	0.127411	0.130418	0.28969	0.246465	0.146106	0.177811	1.71683	0.708426	0.0306591
3950000	-23.0465	0	-23.0465	0.249615	0.109829	0.23005	0.396382	0.0335771	0.142933	1.81187	0.608563	0.00218583
3960000	-29.37068	0	-29.37068	0.0361319	0.264412	0.146813	0.59851	0.158004	0.107144	1.7339	0.666408	0.11746
3970000	-19.53751	0	-19.53751	0.22235	0.270026	0.254772	0.457519	0.0822167	0.144649	1.80116	0.612179	0.0866252
3980000	-26.02817	0	-26.02817	0.173067	0.248455	0.215118	0.584553	0.10499	0.129724	0.850033	0.305518	0.0138919
3990000	-24.75956	0	-24.75956	0.126762	0.155007	0.192045	0.313026	0.131753	0.0870995	1.52825	1.20375	0.0245297
4000000	-34.32925	0	-34.32925	0.0700373	0.073289	0.233392	0.334466	0.198744	0.220408	0.797287	0.266072	0.158309
4010000	-24.76503	0	-24.76503	0.155788	0.110466	0.221415	0.564335	0.0664302	0.114696	1.70331	0.921017	0.48128
4020000	-24.53434	0	-24.53434	0.149544	0.179102	0.203199	0.324593	0.188634	0.153293	1.66025	1.02707	2.03284
4030000	-27.41595	0	-27.41595	0.212563	0.209304	0.330567	0.456478	0.228933	0.282017	1.39273	0.727761	0.11412
4040000	-21.97323	0	-21.97323	0.110975	0.196043	0.20391	0.47018	0.148141	0.127053	0.959882	0.914421	0.200513
4050000	-24.18535	0	-24.18535	0.110675	0.11713	0.295107	0.369263	0.0981798	0.1222	3.73057	0.582896	0.0564004
4060000	-24.6742	0	-24.6742	0.157776	0.194599	0.168365	0.185411	0.120728	0.0960379	0.581083	1.67632	0.0566058
4070000	-32.68416	0	-32.68416	0.0936595	0.104743	0.253032	0.222959	0.164006	0.126504	1.64685	0.372702	0.0207938
4080000	-26.66161	0	-26.66161	0.248678	0.320248	0.102797	0.218234	0.120865	0.106871	1.50823	0.345945	0.0151659
4090000	-24.07162	0	-24.07162	0.0883711	0.139874	0.289883	0.148444	0.0558572	0.107048	1.08061	0.25817	0.0769384
4100000	-22.40159	0	-22.40159	0.102955	0.0778204	0.212438	0.361578	0.0911364	0.193603	1.422	0.18978	0.00825386
4110000	-22.82992	0	-22.82992	0.16935	0.207785	0.0939585	0.392799	0.115672	0.125935	5.07891	0.173446	0.142792
4120000	-31.60657	0	-31.60657	0.124832	0.222144	0.267115	0.335277	0.147909	0.138889	2.07708	0.360412	0.140616
4130000	-12.64527	0	-12.64527	0.087052	0.177453	0.155641	0.282098	0.0929197	0.0868453	4.21487	4.04195	0.700962
4140000	-37.03996	0	-37.03996	0.142272	0.248108	0.105664	0.388762	0.129046	0.08289	1.59538	0.414636	0.0296141
4150000	-31.01372	0	-31.01372	0.171819	0.20488	0.102659	0.41439	0.19941	0.0968451	1.57824	0.422327	0.00025839
4160000	-27.23712	0	-27.23712	0.101195	0.184443	0.130021	0.183005	0.202962	0.074361	2.42887	0.372549	0.00535704
4170000	-36.58114	0	-36.58114	0.172717	0.180256	0.218311	0.326174	0.11532	0.0514884	1.8104	0.172775	0.00301403
4180000	-29.69686	0	-29.69686	0.0716837	0.280853	0.163709	0.467451	0.226875	0.126517	2.29883	0.208992	0.0311463
4190000	-24.04394	0	-24.04394	0.133966	0.130517	0.155062	0.250413	0.121083	0.244249	0.610935	1.49306	0.292922
4200000	-27.5532	0	-27.5532	0.0659538	0.102272	0.230846	0.418029	0.110999	0.153108	2.2128	0.117735	0.037368
4210000	-22.36268	0	-22.36268	0.135863	0.181602	0.100113	0.289449	0.0601856	0.128627	1.16926	0.326727	0.0748184
4220000	-25.31964	0	-25.31964	0.196034	0.125571	0.16073	0.284692	0.0563835	0.104493	1.47016	2.19056	0.513789
4230000	-22.50917	0	-22.50917	0.278822	0.155936	0.216879	0.320518	0.109156	0.119793	1.73382	1.6417	0.418529
4240000	-25.01772	0	-25.01772	0.149371	0.058533	0.322804	0.201795	0.137221	0.123288	2.28332	0.346818	0.154183
4250000	-27.17621	0	-27.17621	0.0654392	0.211457	0.182145	0.460722	0.0456949	0.0959659	1.59291	0.708683	0.764634
4260000	-20.69907	0	-20.69907	0.159171	0.101778	0.182298	0.29789	0.150361	0.174808	0.802276	1.62489	2.10151
4270000	-23.52406	0	-23.52406	0.165086	0.14561	0.0813673	0.135103	0.0686236	0.151142	3.43369	0.538218	0.147514
4280000	-33.65191	0	-33.65191	0.0474626	0.156834	0.0969961	0.340904	0.0725167	0.0391601	0.608599	0.127111	0.106527
4290000	-27.34844	0	-27.34844	0.10981	0.13729	0.317149	0.310515	0.123183	0.0636975	1.64233	0.908244	0.0122133
4300000	-29.79266	0	-29.79266	0.0440188	0.0929611	0.298275	0.354235	0.0898606	0.0359971	0.882749	0.421894	0.0716417
4310000	-25.61718	0	-25.61718	0.126402	0.179336	0.253554	0.153552	0.131429	0.111697	1.22739	0.134771	0.439349
4320000	-20.36598	0	-20.36598	0.146361	0.105068	0.204475	0.421406	0.107911	0.100966	2.88153	0.871129	1.99067
4330000	-25.76752	0	-25.76752	0.0643868	0.107818	0.0768967	0.15878	0.152413	0.131868	1.5066	0.953311	0.0281342
4340000	-22.09833	0	-22.09833	0.18001	0.211977	0.181873	0.290853	0.0662478	0.0980174	2.13711	0.157821	0.674932
4350000	-16.35233	0	-16.35233	0.112117	0.171859	0.162336	0.494702	0.0660109	0.0699128	3.2228	2.23688	0.405983
4360000	-27.5292	0	-27.5292	0.418285	0.160856	0.108576	0.485372	0.193725	0.0973985	1.16515	0.89195	0.509811
4370000	-21.76024	0	-21.76024	0.0841909	0.119531	0.296385	0.325435	0.165961	0.0980733	2.61037	1.09663	0.465665
4380000	-25.17497	0	-25.17497	0.114579	0.121578	0.0889726	0.572509	0.0732599	0.0662285	3.21171	1.40373	0.0212701
4390000	-21.73689	0	-21.73689	0.302547	0.124407	0.149836	0.56482	0.12768	0.0800877	2.0727	1.32105	0.531666
4400000	-25.87511	0	-25.87511	0.194332	0.0728308	0.108514	0.220483	0.0773778	0.108608	1.51691	0.688026	0.0632755
4410000	-30.31801	0	-30.31801	0.0800356	0.161949	0.629348	0.479275	0.105226	0.235947	1.40178	0.545614	0.0304699
4420000	-25.11748	0	-25.11748	0.294991	0.204616	0.20175	0.418703	0.107942	0.196564	1.15564	0.227036	0.0499238
4430000	-22.39827	0	-22.39827	0.141141	0.0303966	0.31301	0.413825	0.0776973	0.055604	3.61963	0.655446	0.0581827
4440000	-29.23457	0	-29.23457	0.0483865	0.342449	0.153705	0.206483	0.0863183	0.376798	3.3727	0.354473	0.0919032
4450000	-29.03629	0	-29.03629	0.189676	0.0854474	0.148746	0.327294	0.158862	0.218647	1.50419	0.328404	0.0828714
4460000	-21.0847	0	-21.0847	0.0500322	0.159398	0.0894443	0.375863	0.0819672	0.0716434	1.73875	0.837426	0.0332964
4470000	-18.82512	0	-18.82512	0.0937176	0.135995	0.113443	0.23961	0.233766	0.246175	2.9697	1.54054	0.324528
4480000	-25.9002	0	-25.9002	0.135717	0.0914493	0.191796	0.313857	0.0611696	0.160739	1.2162	0.219247	0.0789731
4490000	-18.32992	0	-18.32992	0.134957	0.148373	0.232244	0.27731	0.119027	0.147249	2.71671	1.08586	0.653116
4500000	-24.21784	0	-24.21784	0.105234	0.250791	0.374597	0.348287	0.249297	0.096779	1.03712	0.897817	0.0980141
4510000	-23.91659	0	-23.91659	0.128592	0.13176	0.174595	0.214881	0.203719	0.104035	1.46347	0.456677	0.0137265
4520000	-23.32825	0	-23.32825	0.0416242	0.292942	0.202969	0.306871	0.0778605	0.228263	1.42606	1.03869	0.0990538
4530000	-21.9053	0	-21.9053	0.20037	0.144423	0.17069	0.33526	0.166171	0.110401	1.13815	1.06748	0.155884
4540000	-20.76448	0	-20.76448	0.0581601	0.0970844	0.254403	0.350759	0.088197	0.0837755	4.25578	0.410654	0.091596
4550000	-22.83387	0	-22.83387	0.155574	0.154272	0.297832	0.513473	0.109043	0.0469302	3.06559	0.391014	0.182331
4560000	-20.46919	0	-20.46919	0.224572	0.196119	0.157044	0.445702	0.0864482	0.140737	1.33654	0.680964	0.535825
4570000	-19.92757	0	-19.92757	0.141036	0.155406	0.191616	0.135834	0.0696714	0.247835	2.09143	1.17802	0.644794
4580000	-18.78893	0	-18.78893	0.151362	0.156832	0.404294	0.212362	0.0641471	0.244294	3.17086	0.954467	0.0223956
4590000	-24.30651	0	-24.30651	0.172361	0.115277	0.469978	0.226312	0.127457	0.108633	2.13755	0.598291	0.638395
4600000	-26.0298	0	-26.0298	0.171368	0.0660186	0.295952	0.201255	0.10081	0.0986667	1.54774	0.116227	0.0156983
4610000	-21.76383	0	-21.76383	0.0707696	0.092329	0.125307	0.402567	0.101256	0.0640065	1.32729	0.499934	0.0221851
4620000	-23.30553	0	-23.30553	0.0607525	0.0605227	0.118349	0.262408	0.121826	0.0891597	1.12755	0.585502	0.143544
4630000	-24.09227	0	-24.09227	0.130484	0.070883	0.131098	0.4096	0.0885988	0.14865	2.05518	0.418613	0.0409239
4640000	-27.29058	0	-27.29058	0.219252	0.276323	0.209717	0.256453	0.035445	0.0861753	0.77859	0.875409	0.140037
4650000	-27.90518	0	-27.90518	0.136365	0.109073	0.0933707	0.310634	0.0287583	0.2514	3.19013	0.576726	0.162585
4660000	-32.22504	0	-32.22504	0.18268	0.0822966	0.126823	0.376105	0.1351	0.0592892	1.71843	0.423368	0.0214509
4670000	-36.14338	0	-36.14338	0.216518	0.207349	0.162571	0.582099	0.347296	0.131782	0.853812	0.22706	0.00316656
4680000	-25.60688	0	-25.60688	0.146627	0.34271	0.16705	0.308695	0.147567	0.227176	0.853291	0.744157	0.973434
4690000	-27.96451	0	-27.96451	0.207477	0.297018	0.0992122	0.295946	0.0718438	0.116866	1.11597	0.151376	0.0139987
4700000	-26.17902	0	-26.17902	0.129026	0.216748	0.320086	0.293762	0.0877351	0.0941344	0.934862	0.981135	1.25548
4710000	-28.94137	0	-28.94137	0.0628268	0.112742	0.140241	0.159359	0.108331	0.180333	2.47875	0.585562	0.0500046
4720000	-25.37549	0	-25.37549	0.102631	0.177845	0.234829	0.558325	0.160285	0.115395	1.70258	0.691484	0.0435735
4730000	-25.3007	0	-25.3007	0.11635	0.230986	0.0395397	0.191978	0.140511	0.0846805	1.03181	1.44464	0.323953
4740000	-36.08589	0	-36.08589	0.126784	0.270956	0.302014	0.129519	0.124545	0.154465	1.46769	0.771045	0.0591494
4750000	-21.84476	0	-21.84476	0.131075	0.136396	0.178115	0.468644	0.100493	0.147212	2.68054	0.423298	0.510585
4760000	-26.43623	0	-26.43623	0.0905455	0.108848	0.0702437	0.246862	0.157064	0.0908798	1.52079	0.644806	0.00121057
4770000	-33.49462	0	-33.49462	0.280126	0.225606	0.0783666	0.279796	0.066231	0.0860569	2.84868	0.404753	0.00082791
4780000	-26.24692	0	-26.24692	0.136769	0.143261	0.169035	0.4239	0.076236	0.0452341	0.961868	0.458537	0.00429744
4790000	-24.30435	0	-24.30435	0.143593	0.0918715	0.192664	0.27998	0.0521099	0.08421	0.929198	0.297834	0.0108697
4800000	-18.14924	0	-18.14924	0.163243	0.230531	0.206539	0.305491	0.16265	0.180647	1.80593	1.74869	1.04515
4810000	-27.20114	0	-27.20114	0.305344	0.0979342	0.226381	0.294497	0.104994	0.300907	1.80768	0.56405	0.210703
4820000	-23.27987	0	-23.27987	0.148274	0.150567	0.218232	0.268289	0.255206	0.0956544	1.66629	1.83487	0.372806
4830000	-27.18779	0	-27.18779	0.181577	0.0733615	0.193218	0.2411	0.0974225	0.178496	1.55558	0.603125	0.0285458
4840000	-23.05403	0	-23.05403	0.0879845	0.230565	0.266494	0.525153	0.0469782	0.0679344	1.13459	0.277055	0.0492349
4850000	-21.43889	0	-21.43889	0.209562	0.392515	0.0419844	0.252908	0.0858939	0.0893767	2.24747	1.46218	0.00111219
4860000	-27.3168	0	-27.3168	0.124731	0.121774	0.151354	0.287092	0.124539	0.135042	1.16275	0.251617	0.0177531
4870000	-21.58424	0	-21.58424	0.0389041	0.102865	0.18851	0.249072	0.0543979	0.106027	2.50132	1.4964	0.0489114
4880000	-31.84439	0	-31.84439	0.145648	0.0886385	0.0869822	0.405255	0.116364	0.116155	0.987999	0.781165	0.123661
4890000	-22.8412	0	-22.8412	0.158876	0.1549	0.245629	0.272434	0.0733735	0.0705211	1.36303	0.725632	0.0107821
4900000	-27.41537	0	-27.41537	0.274352	0.307843	0.114409	0.414858	0.0405686	0.156763	1.89258	0.223997	0.949796
4910000	-22.38594	0	-22.38594	0.191449	0.168685	0.113968	0.435754	0.20109	0.09747	1.87239	0.792995	0.0242243
4920000	-25.8324	0	-25.8324	0.162985	0.0514908	0.101034	0.2911	0.156986	0.166623	2.45267	0.559068	0.0144747
4930000	-28.13361	0	-28.13361	0.16943	0.137719	0.299094	0.30439	0.0769694	0.0437378	2.88366	0.466039	0.010246
4940000	-29.43632	0	-29.43632	0.0832327	0.219595	0.223076	0.656798	0.116374	0.072802	1.18031	0.280564	0.0489096
4950000	-35.26962	0	-35.26962	0.149647	0.141358	0.384184	0.434105	0.0815275	0.341648	1.17159	0.249088	0.068051
4960000	-22.27455	0	-22.27455	0.222333	0.186452	0.361548	0.238315	0.199198	0.102946	2.24729	0.754253	0.289975
4970000	-26.6594	0	-26.6594	0.222713	0.0977251	0.172947	0.212459	0.0783042	0.0874875	0.631495	0.133459	0.00932643
4980000	-26.21823	0	-26.21823	0.265596	0.27543	0.595666	0.465418	0.141188	0.257987	1.52426	0.204085	1.21035
4990000	-29.6146	0	-29.6146	0.140294	0.138693	0.262062	0.316746	0.0626217	0.231654	1.11486	0.44894	0.0709548
5000000	-27.18579	0	-27.18579	0.0926416	0.163378	0.173048	0.180628	0.0756977	0.249558	1.63514	0.453061	1.68762
