Iteration	Posterior	Likelihood	Prior	lambda[1]	lambda[2]	lambda[3]	mu[1]	mu[2]	mu[3]	psi[1]	psi[2]	psi[3]
0	-88.84418	0	-88.84418	0.186327	0.226773	0.0908839	0.135774	0.270659	0.128377	1.75053	0.292061	0.14603
10000	-42.01725	0	-42.01725	0.0765933	0.156064	0.355484	0.110484	0.194137	0.253116	2.89025	1.07579	0.283729
20000	-37.90639	0	-37.90639	0.119315	0.183858	0.221204	0.287085	0.0909331	0.287841	5.40192	1.45146	1.47118
30000	-48.27842	0	-48.27842	0.125817	0.126158	0.169726	0.324965	0.0405229	0.0553908	2.2229	0.398022	0.213846
40000	-55.03954	0	-55.03954	0.115445	0.0545491	0.163844	0.322133	0.136229	0.109902	3.18053	1.1599	0.165513
50000	-47.92242	0	-47.92242	0.181785	0.156952	0.320307	0.129015	0.0456709	0.0865373	2.88322	0.729457	0.164114
60000	-41.22247	0	-41.22247	0.0705082	0.0999047	0.237281	0.328781	0.102652	0.185497	1.70511	0.768995	0.0950265
70000	-32.40569	0	-32.40569	0.120757	0.137144	0.144963	0.139312	0.122294	0.284056	4.1673	1.72187	0.578483
80000	-36.00811	0	-36.00811	0.176159	0.314573	0.258965	0.220021	0.121168	0.178856	5.70411	1.09638	0.935344
90000	-44.76555	0	-44.76555	0.150877	0.0912231	0.171209	0.124611	0.286523	0.093965	4.84807	0.73147	0.552997
100000	-45.39775	0	-45.39775	0.235848	0.190415	0.18527	0.29757	0.220367	0.139488	2.10705	2.86106	1.12726
110000	-37.62526	0	-37.62526	0.134812	0.486641	0.302919	0.232325	0.105854	0.134978	4.62886	2.73954	3.09411
120000	-29.35168	0	-29.35168	0.138788	0.166452	0.180441	0.194541	0.104784	0.195359	6.35211	1.31619	2.74117
130000	-50.89202	0	-50.89202	0.112848	0.0973374	0.235689	0.327351	0.080003	0.199728	2.20916	0.306187	0.128117
140000	-35.81339	0	-35.81339	0.0389633	0.121154	0.220156	0.175409	0.0646021	0.0656246	7.80871	0.805018	0.316482
150000	-43.86466	0	-43.86466	0.0877551	0.186574	0.0787439	0.168306	0.0701421	0.12986	4.52042	1.23257	0.183125
160000	-38.34917	0	-38.34917	0.0930078	0.204224	0.337584	0.143669	0.111508	0.146788	4.81663	2.28085	0.349204
170000	-41.693	0	-41.693	0.12873	0.176587	0.341043	0.351184	0.0921679	0.107604	2.6893	0.820304	0.277082
180000	-33.07086	0	-33.07086	0.169785	0.417879	0.18104	0.22463	0.0878559	0.200359	3.73204	3.10871	1.39951
190000	-37.6291	0	-37.6291	0.0922432	0.158965	0.13804	0.23782	0.119114	0.117385	1.50135	3.11332	0.489286
200000	-45.67291	0	-45.67291	0.0296506	0.19102	0.149156	0.310598	0.10142	0.213762	4.90328	0.924307	0.478068
210000	-39.76523	0	-39.76523	0.186033	0.160173	0.448508	0.253732	0.0468484	0.11475	8.1426	0.570525	0.732154
220000	-45.38081	0	-45.38081	0.216934	0.309255	0.158399	0.295185	0.127088	0.316599	1.58084	0.887965	0.872289
230000	-41.72609	0	-41.72609	0.107215	0.235398	0.11764	0.365789	0.128105	0.101753	2.86836	2.23637	0.263393
240000	-38.04108	0	-38.04108	0.163831	0.330518	0.177985	0.249333	0.121252	0.225317	4.68098	1.13062	0.868157
250000	-40.62362	0	-40.62362	0.113043	0.219868	0.212375	0.241437	0.0703518	0.158837	4.58211	0.765885	0.429281
260000	-48.75125	0	-48.75125	0.111885	0.112942	0.242065	0.390588	0.20785	0.184323	2.32639	0.958967	0.336208
270000	-43.3862	0	-43.3862	0.0527529	0.108286	0.29874	0.322199	0.0697651	0.109765	1.79084	1.07118	1.0487
280000	-33.30167	0	-33.30167	0.0891237	0.161705	0.175413	0.214923	0.0760313	0.145094	3.82317	1.99575	1.0791
290000	-36.01368	0	-36.01368	0.0851701	0.314773	0.116289	0.436595	0.0743828	0.101435	2.70617	2.04949	0.699627
300000	-39.59885	0	-39.59885	0.167067	0.117702	0.178322	0.189957	0.111912	0.27296	2.31235	0.8372	1.99125
310000	-36.12559	0	-36.12559	0.12463	0.10447	0.417817	0.312414	0.122661	0.0555357	3.50502	0.650845	0.281635
320000	-41.10733	0	-41.10733	0.211194	0.464705	0.16525	0.245981	0.127862	0.184957	2.42405	1.52148	1.34663
330000	-35.95913	0	-35.95913	0.0876594	0.182367	0.118806	0.300712	0.138751	0.101723	2.91199	3.59588	0.275485
340000	-37.53202	0	-37.53202	0.164054	0.188659	0.315825	0.177647	0.108646	0.321137	4.44904	1.77795	0.473891
350000	-32.91923	0	-32.91923	0.162008	0.371175	0.304226	0.20702	0.133083	0.137592	5.14339	3.18347	1.87343
360000	-34.92734	0	-34.92734	0.0841614	0.262498	0.240759	0.260447	0.185235	0.155071	3.70771	0.643485	1.43049
370000	-44.84388	0	-44.84388	0.10613	0.200494	0.266894	0.239841	0.129681	0.0690633	4.84648	1.12369	0.223575
380000	-39.22518	0	-39.22518	0.0474017	0.171644	0.22821	0.242365	0.116575	0.0748648	2.38934	0.722751	1.99989
390000	-38.24944	0	-38.24944	0.136277	0.231493	0.278055	0.156502	0.115536	0.203831	4.70623	0.729275	0.34055
400000	-34.79528	0	-34.79528	0.16263	0.177749	0.224768	0.179582	0.1128	0.125136	3.77888	0.635265	1.13714
410000	-35.34013	0	-35.34013	0.141793	0.166531	0.112697	0.281767	0.149443	0.150143	3.68722	1.22903	0.658456
420000	-42.8255	0	-42.8255	0.190426	0.158335	0.272078	0.138788	0.147113	0.14504	3.5589	0.918809	0.915157
430000	-35.3999	0	-35.3999	0.158918	0.232307	0.151425	0.246882	0.184735	0.0466083	4.24645	2.15999	3.46915
440000	-46.60892	0	-46.60892	0.0950881	0.124013	0.147383	0.20455	0.289422	0.263435	5.59028	0.731352	1.06342
450000	-44.10499	0	-44.10499	0.0636157	0.112493	0.312511	0.259195	0.277475	0.0895556	2.58454	0.700222	0.383248
460000	-32.10326	0	-32.10326	0.189151	0.140693	0.178154	0.413862	0.084497	0.0996161	8.86812	1.74863	1.08093
470000	-29.3378	0	-29.3378	0.143929	0.221162	0.0858113	0.124899	0.132923	0.254741	5.81605	0.935348	1.00911
480000	-36.50544	0	-36.50544	0.0669782	0.276776	0.477835	0.248902	0.232072	0.115296	4.57598	0.548888	1.31439
490000	-40.73346	0	-40.73346	0.0734644	0.281297	0.206372	0.166562	0.0651585	0.128324	4.76426	0.891671	0.163266
500000	-35.8252	0	-35.8252	0.092244	0.114936	0.264911	0.200553	0.159079	0.172202	3.50959	0.290767	1.03785
510000	-31.52393	0	-31.52393	0.0658446	0.157095	0.135481	0.259638	0.107054	0.0847732	6.21518	1.23387	0.761232
520000	-32.73823	0	-32.73823	0.117916	0.187438	0.434847	0.21475	0.165914	0.0778677	4.98442	3.95445	0.554521
530000	-41.80421	0	-41.80421	0.0963331	0.198243	0.154066	0.342078	0.18554	0.0548501	4.69774	0.790516	0.864543
540000	-32.65799	0	-32.65799	0.074193	0.25391	0.144995	0.240316	0.124561	0.149435	7.41277	1.85936	0.532895
550000	-31.56209	0	-31.56209	0.0995602	0.19849	0.157084	0.420614	0.103644	0.0752418	5.61712	1.34098	0.427321
560000	-48.04319	0	-48.04319	0.0744716	0.255842	0.284221	0.24956	0.102627	0.479327	6.23897	2.06248	0.671584
570000	-36.28163	0	-36.28163	0.0991873	0.114217	0.480949	0.354235	0.131642	0.177565	6.13601	1.05051	1.18682
580000	-36.68252	0	-36.68252	0.110049	0.22244	0.317288	0.385674	0.0618631	0.208701	4.60452	1.44799	1.33997
590000	-43.65717	0	-43.65717	0.0860061	0.100521	0.100138	0.290785	0.108152	0.117696	6.69653	1.18445	1.17667
600000	-33.77432	0	-33.77432	0.0702286	0.1332	0.243398	0.220222	0.108915	0.197207	4.29559	1.14682	0.947677
610000	-31.6662	0	-31.6662	0.133174	0.0678024	0.151332	0.281948	0.206586	0.237829	4.81462	1.16585	3.67644
620000	-38.8474	0	-38.8474	0.0810828	0.163937	0.456462	0.310056	0.0872605	0.117013	5.14932	0.809117	1.02439
630000	-37.67005	0	-37.67005	0.110091	0.153824	0.244631	0.271651	0.136222	0.211073	4.64065	1.37615	0.586957
640000	-45.16434	0	-45.16434	0.124815	0.133733	0.344493	0.236792	0.152121	0.15868	2.51675	0.35699	0.0970523
650000	-30.69559	0	-30.69559	0.171468	0.123228	0.135625	0.308006	0.098605	0.0499631	3.62049	1.95989	0.678688
660000	-36.63673	0	-36.63673	0.240242	0.155446	0.232319	0.244721	0.242223	0.150794	3.89767	0.85925	0.789925
670000	-34.00434	0	-34.00434	0.302125	0.190665	0.245829	0.241138	0.0905292	0.0737356	3.86377	1.13141	2.84334
680000	-35.34758	0	-35.34758	0.110202	0.302634	0.15271	0.361297	0.182761	0.0984774	4.18138	1.3123	0.690312
690000	-38.057	0	-38.057	0.0670073	0.0775596	0.385519	0.288127	0.134	0.0815553	5.16094	0.261942	0.490998
700000	-36.78432	0	-36.78432	0.0739948	0.157035	0.441821	0.262985	0.0705817	0.164739	3.91903	0.671743	0.368202
710000	-45.54862	0	-45.54862	0.0974571	0.177187	0.185675	0.203967	0.234573	0.059596	4.86562	0.634898	0.144669
720000	-30.53962	0	-30.53962	0.115282	0.183437	0.150544	0.255546	0.176201	0.176369	8.67387	2.07844	0.513362
730000	-39.75284	0	-39.75284	0.110778	0.0897146	0.156743	0.222149	0.0789636	0.0784112	3.24205	0.844264	0.489915
740000	-34.13219	0	-34.13219	0.12187	0.205059	0.122807	0.37082	0.066096	0.141979	2.3557	1.70904	1.07819
750000	-34.26206	0	-34.26206	0.18125	0.114089	0.148726	0.326783	0.0805419	0.122124	2.70818	1.48834	1.48568
760000	-37.63618	0	-37.63618	0.12307	0.323982	0.30561	0.194843	0.268462	0.121988	3.31841	1.1939	1.45858
770000	-37.26706	0	-37.26706	0.0931179	0.161659	0.127819	0.400197	0.123705	0.0828815	5.36075	1.84306	0.193932
780000	-35.54014	0	-35.54014	0.251336	0.18704	0.335656	0.276882	0.104291	0.200218	2.00171	2.29034	3.76719
790000	-43.42052	0	-43.42052	0.186518	0.221154	0.242258	0.288541	0.151332	0.0516689	2.69417	1.13861	1.07053
800000	-40.05395	0	-40.05395	0.0821233	0.112971	0.268815	0.291855	0.258659	0.0858237	3.47069	2.00167	0.236223
810000	-29.22824	0	-29.22824	0.0857443	0.194338	0.0710636	0.265452	0.164053	0.0460183	3.03889	1.506	2.13687
820000	-37.64659	0	-37.64659	0.238417	0.158769	0.287953	0.268238	0.136293	0.127742	4.42414	0.400645	1.81281
830000	-36.01679	0	-36.01679	0.138831	0.216198	0.111149	0.298097	0.103985	0.270902	4.139	1.71711	0.521323
840000	-37.09755	0	-37.09755	0.187178	0.192696	0.243261	0.172918	0.133144	0.153465	3.70877	1.82414	0.432318
850000	-40.62561	0	-40.62561	0.0881226	0.187272	0.189784	0.277142	0.192473	0.239505	4.14524	0.602011	0.507785
860000	-43.62033	0	-43.62033	0.142596	0.145833	0.200136	0.219474	0.127403	0.210487	3.10563	3.57851	0.305868
870000	-45.93655	0	-45.93655	0.258046	0.190567	0.319575	0.156366	0.106597	0.326669	2.70084	1.27384	0.237944
880000	-38.13614	0	-38.13614	0.105236	0.21891	0.214977	0.269581	0.23577	0.0528486	5.10999	2.02465	0.582787
890000	-39.40399	0	-39.40399	0.144449	0.178734	0.200362	0.279967	0.183286	0.0965643	5.06848	1.16394	0.173787
900000	-50.02322	0	-50.02322	0.235375	0.126566	0.321275	0.109986	0.0665814	0.100405	6.53103	1.94016	0.115607
910000	-43.48863	0	-43.48863	0.0992846	0.177576	0.230567	0.326984	0.127306	0.114684	2.30794	0.834111	0.179386
920000	-27.47758	0	-27.47758	0.117961	0.180825	0.19007	0.241464	0.0701921	0.174815	3.03065	0.750279	1.71781
930000	-40.80693	0	-40.80693	0.134691	0.180131	0.247216	0.248624	0.168383	0.234521	3.18922	1.6303	0.362522
940000	-35.50097	0	-35.50097	0.232702	0.139196	0.341078	0.225386	0.165951	0.16756	4.41676	1.28914	0.802207
950000	-31.10836	0	-31.10836	0.146232	0.164421	0.194216	0.210349	0.0862505	0.426743	6.32575	2.11494	0.85226
960000	-27.96875	0	-27.96875	0.103357	0.206792	0.194618	0.208088	0.0599881	0.146356	5.76855	0.800815	0.771949
970000	-34.79149	0	-34.79149	0.198622	0.338902	0.201077	0.320569	0.144563	0.196321	5.88663	0.580456	0.472741
980000	-29.05148	0	-29.05148	0.067738	0.214618	0.132616	0.287446	0.106761	0.0632798	6.52833	1.82096	0.922922
990000	-32.17514	0	-32.17514	0.0706685	0.299237	0.135159	0.180884	0.0771156	0.207107	2.78783	2.0019	1.01511
1000000	-37.74526	0	-37.74526	0.154985	0.29137	0.108925	0.290299	0.167789	0.0719919	5.08992	0.377579	0.292807
1010000	-46.217	0	-46.217	0.122521	0.142045	0.23002	0.152393	0.19504	0.12901	2.44006	0.810886	0.17439
1020000	-37.4935	0	-37.4935	0.101587	0.114897	0.495272	0.216284	0.0469842	0.110197	5.21022	0.599598	1.01638
1030000	-39.11193	0	-39.11193	0.203795	0.177678	0.131465	0.245234	0.146542	0.309826	6.45877	1.31913	0.241112
1040000	-32.14971	0	-32.14971	0.127379	0.171556	0.329339	0.294622	0.12986	0.179309	2.68365	1.83202	0.727541
1050000	-33.1368	0	-33.1368	0.192265	0.120603	0.259489	0.14785	0.0964317	0.147981	3.89087	1.17935	1.00949
1060000	-40.77035	0	-40.77035	0.105262	0.088458	0.335503	0.49339	0.240902	0.190921	6.20402	0.286731	0.279391
1070000	-34.91008	0	-34.91008	0.148998	0.0956558	0.235238	0.200678	0.102163	0.185584	5.2987	0.619557	0.34874
1080000	-51.91493	0	-51.91493	0.0835478	0.0621585	0.213544	0.338942	0.183859	0.0850352	3.03729	0.118057	0.18213
1090000	-32.1286	0	-32.1286	0.164014	0.149947	0.237568	0.165086	0.0831877	0.235181	4.87209	1.21656	0.871537
1100000	-36.17527	0	-36.17527	0.270687	0.0970775	0.180881	0.336068	0.221759	0.0710815	13.4177	1.24026	0.529727
1110000	-33.79526	0	-33.79526	0.17527	0.195775	0.114566	0.283377	0.076363	0.161829	2.68345	1.10794	1.38092
1120000	-49.61451	0	-49.61451	0.0527706	0.0870902	0.420532	0.260473	0.0646366	0.175968	2.89942	0.640126	0.201397
1130000	-39.895	0	-39.895	0.197967	0.159784	0.122	0.23189	0.0876594	0.137783	5.87565	0.670819	1.41554
1140000	-29.37814	0	-29.37814	0.168045	0.128482	0.378221	0.188289	0.143196	0.0984428	4.2193	0.833958	0.992056
1150000	-38.26886	0	-38.26886	0.0736104	0.172635	0.151759	0.500469	0.0433215	0.158949	5.29952	0.398133	0.390529
1160000	-44.89021	0	-44.89021	0.0962668	0.148652	0.284982	0.225104	0.222148	0.298226	1.45922	1.04874	0.520881
1170000	-39.84854	0	-39.84854	0.0473577	0.123356	0.595635	0.260668	0.205759	0.124503	3.02655	3.0736	2.93577
1180000	-33.64388	0	-33.64388	0.125281	0.12169	0.179315	0.228196	0.117143	0.0734588	3.91471	1.65135	2.13701
1190000	-50.7943	0	-50.7943	0.108737	0.191284	0.270677	0.316535	0.130376	0.126803	1.4504	0.885387	0.333831
1200000	-35.87453	0	-35.87453	0.179901	0.3722	0.197772	0.300609	0.153693	0.276326	3.36887	3.16892	1.57354
1210000	-42.82664	0	-42.82664	0.097899	0.165087	0.177901	0.216072	0.104795	0.234252	2.06825	0.737296	0.70699
1220000	-31.18231	0	-31.18231	0.156932	0.173261	0.1349	0.266281	0.147172	0.186927	3.39217	0.745513	1.37265
1230000	-38.29759	0	-38.29759	0.200354	0.163353	0.144365	0.243943	0.110286	0.125302	3.78799	1.33533	1.70955
1240000	-38.58513	0	-38.58513	0.162681	0.294232	0.23576	0.235286	0.148782	0.191611	5.36521	1.27204	0.681391
1250000	-34.79155	0	-34.79155	0.14916	0.19859	0.25612	0.395317	0.0938442	0.133514	3.68314	0.345139	0.578013
1260000	-34.87397	0	-34.87397	0.0750719	0.245751	0.180362	0.273241	0.247516	0.127909	5.36006	0.813732	1.87688
1270000	-41.11523	0	-41.11523	0.0730187	0.398435	0.317434	0.329114	0.159279	0.190441	3.33191	0.58901	0.651864
1280000	-41.23635	0	-41.23635	0.114988	0.280339	0.163547	0.307337	0.0874773	0.116798	1.24627	0.93479	2.94817
1290000	-37.05323	0	-37.05323	0.0946233	0.239844	0.230748	0.226423	0.0560152	0.16569	2.29342	0.718147	1.96966
1300000	-37.94107	0	-37.94107	0.113924	0.257918	0.18532	0.257026	0.0836995	0.16404	3.66156	0.392941	0.358051
1310000	-34.99446	0	-34.99446	0.0845312	0.30723	0.245774	0.154082	0.145958	0.112722	2.96537	2.28673	3.66497
1320000	-37.6713	0	-37.6713	0.201533	0.125728	0.297789	0.205756	0.0720493	0.128041	6.23322	0.529573	1.03361
1330000	-44.62386	0	-44.62386	0.130623	0.0599848	0.248398	0.264737	0.0932322	0.119911	3.66474	0.987552	0.0685983
1340000	-39.97266	0	-39.97266	0.179273	0.113932	0.166223	0.297442	0.105296	0.185399	5.63269	0.258623	0.583161
1350000	-40.62737	0	-40.62737	0.0954575	0.103997	0.478079	0.2651	0.0898391	0.0969617	2.05839	0.845787	0.115977
1360000	-30.03472	0	-30.03472	0.085698	0.128424	0.204713	0.398373	0.046906	0.201091	5.9575	1.81702	0.575466
1370000	-43.84286	0	-43.84286	0.14661	0.170734	0.101733	0.302828	0.0742653	0.164536	1.17667	0.635883	0.324592
1380000	-42.83896	0	-42.83896	0.107744	0.15642	0.109673	0.226484	0.0520428	0.166992	2.70386	0.733357	0.278976
1390000	-38.9941	0	-38.9941	0.18863	0.179637	0.130347	0.261774	0.198911	0.106716	2.14501	1.46741	2.33975
1400000	-34.45061	0	-34.45061	0.0824576	0.0709293	0.0581008	0.250976	0.113623	0.270081	4.87875	3.00855	1.3039
1410000	-42.96713	0	-42.96713	0.1746	0.0928635	0.265072	0.180708	0.155013	0.167284	3.56579	0.315135	0.174827
1420000	-31.96534	0	-31.96534	0.0918141	0.199748	0.147505	0.281395	0.162649	0.144641	10.8776	1.59587	0.981559
1430000	-45.60457	0	-45.60457	0.179865	0.109379	0.465043	0.36455	0.166722	0.0992089	2.98188	1.13513	0.97448
1440000	-43.26636	0	-43.26636	0.0593803	0.252167	0.232917	0.465673	0.0905722	0.0706648	2.02066	1.03796	0.949604
1450000	-35.14347	0	-35.14347	0.138471	0.113924	0.189509	0.184529	0.059938	0.0411771	8.1684	0.562137	0.669691
1460000	-39.63341	0	-39.63341	0.146562	0.0866407	0.286456	0.189826	0.13708	0.163753	11.1861	0.71795	0.154849
1470000	-27.82804	0	-27.82804	0.0923298	0.271554	0.30861	0.196237	0.158246	0.127562	3.54906	1.7787	1.99584
1480000	-40.27913	0	-40.27913	0.183767	0.266669	0.216158	0.374611	0.101679	0.0653788	2.19074	0.801527	0.702939
1490000	-40.04262	0	-40.04262	0.122224	0.302522	0.445025	0.202146	0.213261	0.198056	1.34994	2.39168	0.839793
1500000	-34.30314	0	-34.30314	0.127556	0.0822513	0.325463	0.191976	0.0863281	0.102933	5.96336	0.676906	0.626223
1510000	-42.67092	0	-42.67092	0.116661	0.105511	0.268538	0.363259	0.0538123	0.146831	5.12789	0.754139	0.273734
1520000	-42.72139	0	-42.72139	0.113019	0.440076	0.33667	0.149079	0.113408	0.452688	4.00578	0.911381	1.33711
1530000	-54.30364	0	-54.30364	0.0694443	0.183096	0.463032	0.338563	0.028191	0.102028	4.36097	0.548654	0.260379
1540000	-44.89616	0	-44.89616	0.144106	0.109927	0.172498	0.151257	0.0772708	0.139772	1.58789	0.533719	0.222178
1550000	-41.05101	0	-41.05101	0.155029	0.17848	0.12525	0.285758	0.132206	0.0698036	2.48997	0.736743	0.899318
1560000	-39.85851	0	-39.85851	0.21388	0.135685	0.178511	0.406976	0.0944003	0.166648	3.13445	1.66146	0.451295
1570000	-40.71532	0	-40.71532	0.296507	0.14249	0.246125	0.181393	0.124495	0.160109	6.43542	1.20775	0.498214
1580000	-36.00803	0	-36.00803	0.263025	0.132984	0.179518	0.330175	0.128045	0.0905619	4.42141	0.606407	0.739993
1590000	-32.93883	0	-32.93883	0.190671	0.138897	0.167156	0.198929	0.0986523	0.134562	3.66003	1.66905	1.833
1600000	-47.77819	0	-47.77819	0.0980455	0.0978973	0.192802	0.394517	0.0897429	0.175563	4.17115	1.24407	0.374653
1610000	-49.3585	0	-49.3585	0.129352	0.152225	0.165243	0.161659	0.174729	0.0683419	1.35071	1.28093	0.266407
1620000	-38.58545	0	-38.58545	0.102502	0.191259	0.0726538	0.184976	0.120875	0.102208	3.29849	1.41667	0.693863
1630000	-37.70215	0	-37.70215	0.0624823	0.218281	0.248108	0.352456	0.153704	0.18053	3.51952	0.526937	1.28855
1640000	-31.78124	0	-31.78124	0.164761	0.192175	0.0726481	0.292096	0.0858404	0.173413	6.08237	0.667061	5.33362
1650000	-39.49849	0	-39.49849	0.143549	0.232958	0.267346	0.22136	0.16175	0.175396	2.08196	0.553559	1.45373
1660000	-53.96517	0	-53.96517	0.179235	0.195744	0.131985	0.265549	0.134622	0.0879944	6.6468	0.223397	0.105777
1670000	-36.61245	0	-36.61245	0.179623	0.184097	0.28509	0.300409	0.0594416	0.183408	3.55825	1.13413	0.477561
1680000	-43.87978	0	-43.87978	0.0784145	0.226724	0.109452	0.178064	0.0957432	0.0557428	3.6923	1.04739	1.57968
1690000	-44.4506	0	-44.4506	0.077117	0.0845747	0.0890108	0.267454	0.0857809	0.230428	4.75554	1.0906	0.288161
1700000	-43.35322	0	-43.35322	0.0987693	0.134484	0.338544	0.302914	0.143436	0.141147	4.92054	1.15281	3.80134
1710000	-40.13387	0	-40.13387	0.381425	0.286504	0.173314	0.222896	0.125419	0.102645	3.37679	1.19384	1.04626
1720000	-34.45056	0	-34.45056	0.172233	0.121838	0.154239	0.270206	0.153972	0.118071	7.44347	0.229597	0.451293
1730000	-37.44956	0	-37.44956	0.0952684	0.113843	0.386523	0.171616	0.16989	0.121243	5.29781	1.15013	1.1811
1740000	-33.84096	0	-33.84096	0.0983514	0.291959	0.144542	0.126211	0.126168	0.114087	3.76054	2.6274	1.75087
1750000	-45.33502	0	-45.33502	0.1559	0.185361	0.344696	0.264184	0.0934867	0.134705	10.0272	1.24778	0.437808
1760000	-35.77959	0	-35.77959	0.0755402	0.332207	0.226096	0.122139	0.0905203	0.122419	2.91271	1.38483	0.773406
1770000	-38.59144	0	-38.59144	0.0760314	0.132109	0.197829	0.321187	0.120367	0.161269	5.49358	0.292511	0.777096
1780000	-35.41569	0	-35.41569	0.059417	0.385098	0.391171	0.198968	0.0871632	0.203157	3.62377	1.06409	1.07135
1790000	-39.86781	0	-39.86781	0.118474	0.128615	0.187552	0.298901	0.0996698	0.12742	4.4054	0.265022	0.782427
1800000	-41.005	0	-41.005	0.083866	0.358851	0.318572	0.266657	0.0548546	0.216089	5.09564	0.203366	1.13299
1810000	-36.38425	0	-36.38425	0.0494839	0.155738	0.203223	0.291363	0.0793607	0.0755788	3.88964	1.24025	0.229817
1820000	-37.17471	0	-37.17471	0.0988957	0.198526	0.186346	0.313024	0.130385	0.162585	4.30503	1.01017	0.871258
1830000	-39.69806	0	-39.69806	0.0932124	0.0990843	0.283432	0.299911	0.0938552	0.0928929	2.8679	1.04569	0.21354
1840000	-38.31665	0	-38.31665	0.0708052	0.143516	0.153541	0.234706	0.12428	0.299583	5.38752	1.05555	0.786328
1850000	-38.37935	0	-38.37935	0.170089	0.199924	0.293023	0.301386	0.0764867	0.120578	2.94203	1.36864	0.683296
1860000	-39.36053	0	-39.36053	0.0968901	0.205192	0.428621	0.272212	0.162065	0.18604	5.25254	1.11509	0.98077
1870000	-46.00736	0	-46.00736	0.0766385	0.180306	0.262227	0.340336	0.0521952	0.185814	1.55734	0.530262	3.39389
1880000	-36.51882	0	-36.51882	0.164969	0.251519	0.267884	0.221035	0.197393	0.172674	4.53922	0.56388	1.63667
1890000	-34.84608	0	-34.84608	0.128989	0.124832	0.180835	0.274563	0.0850305	0.0867328	4.50555	0.614651	0.21838
1900000	-34.41796	0	-34.41796	0.277406	0.329375	0.21747	0.307172	0.133228	0.249061	4.48271	0.980985	0.803949
1910000	-43.72621	0	-43.72621	0.198538	0.187898	0.224316	0.284789	0.166712	0.131088	4.04332	0.535162	0.294529
1920000	-26.56003	0	-26.56003	0.137912	0.0916052	0.140681	0.325026	0.0910161	0.0776365	6.64628	3.20231	1.16622
1930000	-38.1408	0	-38.1408	0.0968313	0.15889	0.449046	0.327288	0.0762435	0.141873	3.64248	0.590624	0.784177
1940000	-29.63156	0	-29.63156	0.101772	0.218963	0.332425	0.392346	0.217774	0.186776	6.669	0.952904	1.33256
1950000	-37.97646	0	-37.97646	0.114167	0.141991	0.105198	0.30721	0.0882327	0.0775344	6.47273	1.14466	0.295818
1960000	-47.92645	0	-47.92645	0.0938021	0.162219	0.137139	0.228792	0.0608601	0.127955	2.07605	1.46078	0.489992
1970000	-34.3757	0	-34.3757	0.094427	0.289038	0.300036	0.365369	0.119732	0.0886988	4.55987	0.963545	0.320284
1980000	-49.10453	0	-49.10453	0.0904125	0.144618	0.225418	0.362102	0.277773	0.18692	4.34143	0.617275	0.138993
1990000	-31.79422	0	-31.79422	0.119352	0.108212	0.122745	0.201397	0.162093	0.183717	6.13521	0.983608	3.24355
2000000	-49.0929	0	-49.0929	0.189742	0.108543	0.105815	0.292995	0.214351	0.0712055	2.02419	0.614253	0.0851345
2010000	-34.12539	0	-34.12539	0.0551493	0.107122	0.160136	0.1718	0.0894824	0.161661	6.28163	1.70715	0.927407
2020000	-43.51276	0	-43.51276	0.0753946	0.132903	0.295143	0.245349	0.0606666	0.126062	3.93127	1.67433	0.643287
2030000	-25.20582	0	-25.20582	0.152326	0.242938	0.239988	0.212916	0.0991818	0.0955997	5.47627	2.85098	2.38102
2040000	-55.61596	0	-55.61596	0.0753276	0.090497	0.188715	0.249796	0.0479949	0.148487	3.92827	0.263564	0.0849404
2050000	-39.47094	0	-39.47094	0.0637828	0.107577	0.307656	0.286628	0.0728563	0.070471	5.2297	0.820809	0.45206
2060000	-48.05317	0	-48.05317	0.084893	0.114368	0.263474	0.36314	0.104346	0.0573397	3.79193	0.436798	0.0826303
2070000	-33.2758	0	-33.2758	0.154433	0.120176	0.247925	0.285024	0.141838	0.0590976	4.81076	1.28741	0.30096
2080000	-36.85621	0	-36.85621	0.0853284	0.142457	0.349829	0.166889	0.140045	0.115853	5.35665	2.66139	0.635688
2090000	-33.75028	0	-33.75028	0.135099	0.295691	0.24022	0.277047	0.138562	0.106072	6.89625	0.975565	0.490136
2100000	-37.00767	0	-37.00767	0.148395	0.207396	0.166624	0.169021	0.0659541	0.164343	5.31518	0.792826	1.05919
2110000	-45.1119	0	-45.1119	0.110509	0.320927	0.24876	0.32389	0.0633263	0.351013	4.7372	0.609308	0.402255
2120000	-33.50117	0	-33.50117	0.151843	0.335604	0.252078	0.26362	0.182203	0.125445	5.75553	0.923875	0.985161
2130000	-40.38283	0	-40.38283	0.19967	0.095349	0.235895	0.341176	0.0468455	0.176907	5.76119	1.00901	0.461274
2140000	-46.82363	0	-46.82363	0.0524724	0.161701	0.296415	0.281953	0.0821793	0.106893	2.17544	0.724724	0.118834
2150000	-46.21615	0	-46.21615	0.0837822	0.349796	0.520057	0.235651	0.340709	0.147752	2.81708	0.84777	1.74471
2160000	-36.0935	0	-36.0935	0.137917	0.0927243	0.236552	0.0947158	0.0651005	0.189007	4.72048	0.361459	1.05721
2170000	-29.50326	0	-29.50326	0.127973	0.21172	0.252098	0.180214	0.136615	0.233903	6.2203	2.63675	0.481859
2180000	-41.68713	0	-41.68713	0.149158	0.0937387	0.318096	0.147707	0.0810467	0.132037	2.50462	0.824581	0.211567
2190000	-40.81211	0	-40.81211	0.106385	0.0965256	0.278327	0.416769	0.112077	0.146206	2.85232	0.267302	1.05918
2200000	-47.52847	0	-47.52847	0.0380149	0.144252	0.277063	0.290796	0.160242	0.105079	2.31376	0.19185	1.27316
2210000	-33.42597	0	-33.42597	0.0534535	0.201618	0.199098	0.240288	0.168785	0.214835	6.25615	1.14441	0.326789
2220000	-35.20302	0	-35.20302	0.212154	0.0927904	0.173189	0.244264	0.109358	0.10494	5.70623	1.49436	0.152752
2230000	-37.04417	0	-37.04417	0.165466	0.0715333	0.231823	0.274829	0.125683	0.0958594	5.13361	0.671914	0.479475
2240000	-22.4992	0	-22.4992	0.0991837	0.090559	0.183594	0.255679	0.0844818	0.108268	8.74955	2.20018	1.14439
2250000	-33.92063	0	-33.92063	0.135478	0.294171	0.123374	0.296966	0.0728339	0.0908737	4.46844	2.18643	2.84608
2260000	-44.81644	0	-44.81644	0.0707054	0.119773	0.257068	0.263992	0.124783	0.144733	1.69218	1.54992	1.08862
2270000	-36.95992	0	-36.95992	0.107384	0.092558	0.170766	0.205322	0.07004	0.204962	5.44191	0.353793	0.403539
2280000	-25.42829	0	-25.42829	0.0837736	0.255693	0.280053	0.215459	0.0971859	0.163632	9.54786	1.40891	3.50572
2290000	-41.1602	0	-41.1602	0.0683036	0.109274	0.181105	0.202355	0.212502	0.165329	4.95402	1.11259	0.207995
2300000	-33.31029	0	-33.31029	0.0898113	0.230269	0.0933388	0.269593	0.092852	0.182842	3.16243	0.748972	0.376706
2310000	-40.79897	0	-40.79897	0.0972688	0.115279	0.273037	0.354717	0.0551236	0.172147	3.02626	0.885693	0.725317
2320000	-35.67435	0	-35.67435	0.135184	0.166712	0.163405	0.169784	0.0834476	0.151378	4.82576	0.865569	0.745367
2330000	-25.93451	0	-25.93451	0.154416	0.1793	0.121672	0.283226	0.159109	0.123666	4.55012	3.16105	0.452413
2340000	-46.12821	0	-46.12821	0.109938	0.316869	0.152922	0.177941	0.108729	0.0531749	4.74536	0.450408	0.283672
2350000	-40.23228	0	-40.23228	0.223988	0.186309	0.250076	0.320775	0.227167	0.21385	5.26135	0.78002	0.273479
2360000	-40.55443	0	-40.55443	0.0741346	0.0925602	0.699532	0.251588	0.120013	0.148535	3.25248	0.617125	0.559918
2370000	-37.70056	0	-37.70056	0.0999707	0.136165	0.21022	0.358846	0.0925631	0.149409	2.10943	0.626278	1.40271
2380000	-22.61808	0	-22.61808	0.126061	0.143272	0.267715	0.254871	0.169254	0.0578804	7.28259	1.80951	1.81258
2390000	-40.37702	0	-40.37702	0.165837	0.150983	0.248346	0.235652	0.166519	0.242889	2.5967	0.741708	1.43341
2400000	-39.70779	0	-39.70779	0.10832	0.0765718	0.210283	0.205677	0.177257	0.0643193	4.03815	0.501432	0.514199
2410000	-30.54571	0	-30.54571	0.118803	0.367095	0.168266	0.225826	0.0293553	0.0587166	5.71372	1.62209	0.844547
2420000	-42.66428	0	-42.66428	0.166191	0.322978	0.178597	0.355754	0.240318	0.335797	4.37617	0.702024	0.895436
2430000	-40.9894	0	-40.9894	0.0899819	0.264106	0.314423	0.204258	0.134767	0.071397	4.02133	1.17925	0.72185
2440000	-42.55532	0	-42.55532	0.157056	0.210267	0.0977105	0.214848	0.226381	0.0691201	2.66729	0.750664	1.25024
2450000	-40.24195	0	-40.24195	0.165593	0.200086	0.117391	0.101237	0.109387	0.100553	2.79606	1.05267	0.559666
2460000	-40.30101	0	-40.30101	0.140366	0.147369	0.184237	0.220965	0.0919691	0.0662041	2.24018	1.44769	0.167243
2470000	-41.29466	0	-41.29466	0.0873523	0.122029	0.0699511	0.197412	0.0850711	0.103423	2.45229	0.603466	0.41814
2480000	-29.68575	0	-29.68575	0.105527	0.182172	0.183887	0.266239	0.16156	0.0859995	5.35535	0.875802	2.8529
2490000	-40.64512	0	-40.64512	0.0809616	0.109107	0.172033	0.232423	0.182215	0.207169	4.09637	1.53516	0.534463
2500000	-27.99474	0	-27.99474	0.10277	0.258912	0.143808	0.288582	0.140094	0.0437018	5.48842	1.59237	1.27225
2510000	-33.45064	0	-33.45064	0.108272	0.0898491	0.178037	0.224679	0.0780711	0.0748445	3.56319	1.21026	1.26763
2520000	-36.11881	0	-36.11881	0.14483	0.248283	0.134256	0.393297	0.0929972	0.279384	3.95389	2.57861	1.482
2530000	-29.45492	0	-29.45492	0.101997	0.15598	0.184727	0.329411	0.0916205	0.0564298	7.84678	0.866782	0.333153
2540000	-41.25668	0	-41.25668	0.0565262	0.295043	0.186784	0.276636	0.139408	0.198424	4.51796	0.994848	0.182985
2550000	-41.17485	0	-41.17485	0.050967	0.243594	0.218408	0.123367	0.10606	0.0752755	9.54049	1.59724	0.1511
2560000	-39.74326	0	-39.74326	0.220401	0.150951	0.084233	0.211438	0.10111	0.0713424	5.40296	1.19599	0.168389
2570000	-33.92965	0	-33.92965	0.0673751	0.136565	0.173865	0.309941	0.11243	0.0906324	2.95404	0.453764	1.89826
2580000	-41.81376	0	-41.81376	0.0585286	0.205302	0.197368	0.272092	0.100098	0.261231	1.94198	1.59204	1.06238
2590000	-46.93552	0	-46.93552	0.149822	0.243816	0.191108	0.123062	0.179456	0.0975086	2.53384	1.31474	0.922774
2600000	-43.20467	0	-43.20467	0.103448	0.190585	0.349641	0.210892	0.21886	0.10658	7.8922	2.04154	0.395453
2610000	-31.79395	0	-31.79395	0.119018	0.226619	0.109673	0.183811	0.176617	0.16781	3.80713	1.06121	1.96067
2620000	-52.60826	0	-52.60826	0.127928	0.164246	0.291887	0.126767	0.0877002	0.130905	0.958862	1.45161	0.529267
2630000	-35.96251	0	-35.96251	0.12752	0.156043	0.257006	0.54372	0.113876	0.169578	2.85647	2.80998	3.61657
2640000	-43.78883	0	-43.78883	0.125823	0.324834	0.19342	0.269961	0.161279	0.120025	4.8005	1.19733	0.262483
2650000	-41.83217	0	-41.83217	0.224806	0.234827	0.279684	0.237909	0.120416	0.078746	3.88521	1.2952	0.259336
2660000	-30.51231	0	-30.51231	0.129085	0.10546	0.281843	0.168346	0.125296	0.066089	10.2122	0.701504	0.95918
2670000	-40.08491	0	-40.08491	0.0754443	0.137252	0.119751	0.186807	0.205319	0.102964	2.09002	1.26818	0.817774
2680000	-37.16561	0	-37.16561	0.091864	0.0849792	0.356768	0.239039	0.0739189	0.0931029	3.66173	0.85843	0.546391
2690000	-37.79182	0	-37.79182	0.243916	0.151606	0.318842	0.242305	0.132878	0.182441	2.32038	1.76808	0.690735
2700000	-41.70837	0	-41.70837	0.132076	0.169481	0.145769	0.107925	0.100643	0.200819	4.12382	0.556524	0.50358
2710000	-38.77781	0	-38.77781	0.0779856	0.0964346	0.257673	0.276319	0.138282	0.129356	3.88284	0.723278	0.9668
2720000	-46.83692	0	-46.83692	0.0677993	0.207312	0.247694	0.402924	0.139581	0.117493	4.43227	0.391441	1.27448
2730000	-44.52465	0	-44.52465	0.262189	0.142629	0.152486	0.468858	0.136034	0.0782945	3.17534	0.608083	0.0936272
2740000	-34.55952	0	-34.55952	0.138334	0.244268	0.108029	0.45306	0.143726	0.150935	3.70536	3.21693	0.318848
2750000	-32.06147	0	-32.06147	0.16419	0.244431	0.199166	0.321217	0.109859	0.238308	5.51045	0.8229	0.448453
2760000	-37.94504	0	-37.94504	0.0873698	0.228716	0.179658	0.193487	0.148681	0.225967	5.01513	0.764926	0.355743
2770000	-43.06065	0	-43.06065	0.0763782	0.0676749	0.239907	0.316832	0.108272	0.282196	4.0043	0.722956	0.124675
2780000	-43.15958	0	-43.15958	0.106247	0.0856426	0.0904046	0.256506	0.124924	0.113227	3.00358	2.01553	0.424627
2790000	-37.37518	0	-37.37518	0.0702655	0.170842	0.163012	0.346536	0.0998922	0.14561	2.58355	0.389147	0.370819
2800000	-39.50509	0	-39.50509	0.0506875	0.298672	0.176016	0.173779	0.113221	0.101108	2.44045	1.48671	0.242163
2810000	-37.78741	0	-37.78741	0.125428	0.0723044	0.124192	0.335225	0.118664	0.116756	8.08963	0.91415	0.126579
2820000	-42.78102	0	-42.78102	0.228285	0.154168	0.40044	0.162947	0.0880761	0.302972	3.18847	0.485732	0.476796
2830000	-48.79513	0	-48.79513	0.267572	0.0546592	0.400773	0.200064	0.123899	0.0966546	3.5555	0.547882	0.112482
2840000	-47.86294	0	-47.86294	0.102565	0.0953395	0.215066	0.402258	0.106773	0.163708	2.59059	0.9307	0.362542
2850000	-32.61882	0	-32.61882	0.18526	0.164997	0.201963	0.199715	0.0783486	0.106448	3.86814	1.5284	0.982611
2860000	-30.4189	0	-30.4189	0.193987	0.283791	0.284707	0.2221	0.0643214	0.107382	6.81157	3.7665	3.08801
2870000	-43.21117	0	-43.21117	0.153948	0.0787142	0.0723933	0.165549	0.0995667	0.10667	3.70015	0.465107	0.231318
2880000	-33.46628	0	-33.46628	0.0647391	0.165019	0.176364	0.229944	0.0785647	0.128099	2.77778	1.6366	1.70791
2890000	-41.17387	0	-41.17387	0.172884	0.167415	0.151594	0.166557	0.206474	0.0680224	4.30952	0.667478	0.434971
2900000	-36.20295	0	-36.20295	0.154114	0.367072	0.273385	0.214015	0.0584965	0.15966	5.99111	2.62379	0.295029
2910000	-45.63119	0	-45.63119	0.177424	0.176776	0.233171	0.19507	0.114547	0.0652103	4.55635	0.685018	0.109568
2920000	-37.17744	0	-37.17744	0.148067	0.325147	0.223929	0.319461	0.0542773	0.24217	4.37175	1.25193	0.829127
2930000	-43.27428	0	-43.27428	0.10631	0.195822	0.46991	0.262326	0.198315	0.122015	6.8158	0.698849	0.313457
2940000	-36.29461	0	-36.29461	0.101828	0.152512	0.152182	0.323758	0.0941091	0.0904851	2.79589	1.3003	0.610012
2950000	-36.77372	0	-36.77372	0.199405	0.17709	0.150393	0.182043	0.106896	0.0992337	6.02089	0.679936	0.508019
2960000	-41.05642	0	-41.05642	0.15462	0.118591	0.169737	0.364015	0.128374	0.210999	4.22827	0.621242	0.544554
2970000	-39.35617	0	-39.35617	0.130126	0.202995	0.223115	0.178822	0.245962	0.116481	4.23721	1.61961	1.04899
2980000	-39.11386	0	-39.11386	0.109746	0.206248	0.195965	0.275344	0.251929	0.156452	1.24015	3.08515	3.3167
2990000	-35.54001	0	-35.54001	0.0843873	0.167487	0.142699	0.194291	0.0851095	0.119473	2.37614	2.70503	0.331665
3000000	-25.87565	0	-25.87565	0.133078	0.200622	0.13993	0.16575	0.20071	0.153718	4.28745	5.01067	2.62266
3010000	-36.74595	0	-36.74595	0.078291	0.154763	0.189542	0.166766	0.0795767	0.0950872	3.72138	0.897012	0.5775
3020000	-38.51755	0	-38.51755	0.0834108	0.267328	0.129742	0.280586	0.0452728	0.127372	4.49776	0.539306	0.130841
3030000	-36.51538	0	-36.51538	0.131764	0.0776403	0.260134	0.2283	0.143936	0.182588	5.3525	0.780202	0.240918
3040000	-44.6773	0	-44.6773	0.137401	0.262962	0.0865113	0.392579	0.0502869	0.138896	0.936053	1.22297	1.44359
3050000	-36.43358	0	-36.43358	0.0798152	0.13272	0.34214	0.374474	0.156735	0.146707	5.00611	1.13393	1.33513
3060000	-35.3949	0	-35.3949	0.0878872	0.212383	0.105258	0.311956	0.0972778	0.239029	3.97942	1.26891	0.857627
3070000	-36.58416	0	-36.58416	0.073142	0.163199	0.0996354	0.231683	0.0761034	0.192336	2.80647	1.2002	1.79625
3080000	-34.14236	0	-34.14236	0.127888	0.191091	0.162726	0.282713	0.234028	0.1314	6.04295	0.483043	0.320755
3090000	-46.97289	0	-46.97289	0.209803	0.111927	0.149669	0.127478	0.0972289	0.116557	3.16675	1.32663	0.843868
3100000	-37.15891	0	-37.15891	0.185618	0.14688	0.314978	0.332199	0.105119	0.158234	4.72266	3.43842	0.48342
3110000	-38.57842	0	-38.57842	0.126556	0.247453	0.169139	0.138935	0.0923352	0.123546	4.8238	0.512597	0.789262
3120000	-45.31187	0	-45.31187	0.222886	0.0568214	0.270069	0.363112	0.119616	0.0843919	4.04063	0.564123	0.647185
3130000	-45.48383	0	-45.48383	0.190218	0.188222	0.314313	0.440063	0.125585	0.0712825	4.0763	0.513699	1.1963
3140000	-42.54116	0	-42.54116	0.0910303	0.0505658	0.0802662	0.245689	0.133656	0.083757	4.56654	1.08691	0.414375
3150000	-31.00822	0	-31.00822	0.14519	0.153187	0.249308	0.283123	0.180813	0.0905815	4.97612	1.56049	0.321315
3160000	-35.50189	0	-35.50189	0.166608	0.173868	0.376926	0.230982	0.168252	0.172292	7.90912	0.442008	0.47491
3170000	-30.14921	0	-30.14921	0.120507	0.168523	0.231373	0.352318	0.156161	0.173562	4.66006	0.944711	1.50423
3180000	-42.76898	0	-42.76898	0.27172	0.169733	0.229322	0.350033	0.191131	0.0682755	3.66862	1.59702	1.03993
3190000	-42.1069	0	-42.1069	0.139308	0.15836	0.23686	0.252188	0.0946053	0.205777	5.80892	1.10806	0.273761
3200000	-49.35386	0	-49.35386	0.0831792	0.234919	0.20384	0.126099	0.263316	0.261948	1.81288	1.25766	0.149834
3210000	-42.03794	0	-42.03794	0.121866	0.232271	0.436463	0.140808	0.156462	0.179532	3.74115	0.671339	0.511289
3220000	-55.19149	0	-55.19149	0.0341262	0.139809	0.40297	0.187373	0.161475	0.171616	2.12642	0.238925	0.0483112
3230000	-48.27223	0	-48.27223	0.122984	0.146659	0.104484	0.21229	0.121111	0.096675	2.56558	0.643715	0.471075
3240000	-43.81412	0	-43.81412	0.189521	0.109499	0.407049	0.252128	0.128441	0.0872016	2.75835	1.59152	0.12962
3250000	-44.70601	0	-44.70601	0.11	0.101602	0.202392	0.180814	0.11187	0.0976321	6.32095	0.424946	0.0216948
3260000	-37.30844	0	-37.30844	0.162168	0.155525	0.220735	0.255668	0.1147	0.061816	3.69954	1.35231	1.13697
3270000	-28.78135	0	-28.78135	0.253381	0.342078	0.246429	0.383106	0.0582498	0.0535037	6.49946	1.15901	2.19924
3280000	-34.25146	0	-34.25146	0.166279	0.158499	0.164052	0.376581	0.110858	0.201728	6.25054	1.22048	0.312025
3290000	-40.45267	0	-40.45267	0.0855386	0.128423	0.137667	0.258408	0.0637665	0.153169	3.94718	1.92014	0.239148
3300000	-46.81273	0	-46.81273	0.162687	0.128902	0.231	0.157317	0.102484	0.157818	3.80724	0.300915	0.169871
3310000	-37.95246	0	-37.95246	0.212344	0.14628	0.070727	0.141449	0.138439	0.136225	4.25035	1.0749	1.26559
3320000	-35.59499	0	-35.59499	0.160321	0.16305	0.197048	0.143074	0.102564	0.11121	5.18151	0.818611	0.444294
3330000	-28.54901	0	-28.54901	0.178905	0.204401	0.176046	0.249002	0.118615	0.154238	5.79756	2.09423	0.218002
3340000	-35.60574	0	-35.60574	0.102314	0.22659	0.143124	0.254137	0.0924016	0.0963171	5.54303	0.604024	0.257315
3350000	-37.78297	0	-37.78297	0.136724	0.101738	0.128557	0.433482	0.080523	0.192108	3.77081	6.01147	0.352004
3360000	-28.76302	0	-28.76302	0.133189	0.0878066	0.13825	0.160105	0.149372	0.0834437	10.6358	2.38703	0.133399
3370000	-32.75813	0	-32.75813	0.079374	0.159965	0.169691	0.29531	0.0496376	0.123673	5.74057	2.66441	0.574148
3380000	-32.9829	0	-32.9829	0.0986411	0.0676175	0.107318	0.191357	0.16401	0.0909955	4.10776	1.32922	0.292301
3390000	-36.08259	0	-36.08259	0.232309	0.128092	0.300062	0.232075	0.0600641	0.110044	5.20995	0.976931	0.619557
3400000	-34.87326	0	-34.87326	0.172022	0.111351	0.375051	0.28613	0.101005	0.0764931	3.64077	1.45347	0.467387
3410000	-39.61961	0	-39.61961	0.131871	0.352734	0.156122	0.482388	0.153453	0.179142	3.78863	0.551007	0.161863
3420000	-39.40458	0	-39.40458	0.130298	0.0975223	0.0844315	0.278165	0.166698	0.0603084	4.16693	0.946474	0.221004
3430000	-36.69651	0	-36.69651	0.0928337	0.118797	0.275717	0.131591	0.164943	0.0521883	5.07687	1.62551	0.81875
3440000	-39.91332	0	-39.91332	0.117931	0.175403	0.339132	0.309354	0.0551171	0.0885468	4.76528	1.02788	0.534809
3450000	-39.31504	0	-39.31504	0.0895669	0.131548	0.147602	0.265255	0.0490381	0.114306	4.84319	1.06893	0.205237
3460000	-43.58984	0	-43.58984	0.134216	0.128888	0.385271	0.292599	0.182217	0.122678	5.67336	0.82611	0.338736
3470000	-50.22182	0	-50.22182	0.131161	0.188011	0.210768	0.501319	0.200246	0.143272	3.72706	0.607859	0.370517
3480000	-34.65452	0	-34.65452	0.109113	0.169163	0.296707	0.186826	0.171578	0.114296	8.27163	0.763424	0.77111
3490000	-40.29255	0	-40.29255	0.211296	0.134834	0.263373	0.326617	0.162143	0.175896	3.71424	1.16362	0.771334
3500000	-27.83373	0	-27.83373	0.0818606	0.219035	0.11871	0.26283	0.0850884	0.131286	4.73616	1.23676	0.765584
3510000	-40.32541	0	-40.32541	0.0583252	0.120148	0.198261	0.174836	0.211218	0.240563	3.5716	1.90982	1.14565
3520000	-41.10081	0	-41.10081	0.212005	0.130861	0.257622	0.361548	0.0454356	0.0666618	3.97873	0.461398	0.228612
3530000	-36.59106	0	-36.59106	0.126171	0.142998	0.0749573	0.185858	0.100204	0.0536415	5.28651	1.72048	0.23296
3540000	-45.81769	0	-45.81769	0.0940705	0.175045	0.205138	0.229078	0.0663788	0.0702028	1.98564	0.637315	0.82572
3550000	-34.67613	0	-34.67613	0.0675207	0.134321	0.162115	0.332573	0.124515	0.079449	4.91876	0.390565	0.773987
3560000	-30.45233	0	-30.45233	0.0627232	0.12826	0.107236	0.341411	0.114349	0.113831	4.12968	1.53932	1.77677
3570000	-34.73487	0	-34.73487	0.238462	0.123796	0.136005	0.301345	0.137629	0.244888	6.47163	1.20148	0.845637
3580000	-34.12767	0	-34.12767	0.0777227	0.273337	0.139765	0.401476	0.0874239	0.0485781	4.23706	1.47182	0.580819
3590000	-38.08725	0	-38.08725	0.100002	0.137672	0.199879	0.187768	0.212631	0.103139	4.36346	2.54994	0.119389
3600000	-45.23999	0	-45.23999	0.125837	0.296688	0.13928	0.14567	0.102389	0.223643	2.48229	0.823629	0.791791
3610000	-40.58099	0	-40.58099	0.0708682	0.279696	0.203586	0.375065	0.0573375	0.134015	2.76686	0.755704	0.419937
3620000	-33.5399	0	-33.5399	0.13943	0.182951	0.198135	0.144283	0.189303	0.159877	5.34623	3.11763	1.41918
3630000	-38.67395	0	-38.67395	0.107937	0.302212	0.218142	0.365365	0.161143	0.262155	4.8075	1.4514	1.30365
3640000	-34.51388	0	-34.51388	0.0669543	0.254393	0.344135	0.240302	0.135733	0.134914	7.22371	0.792885	0.407088
3650000	-30.21139	0	-30.21139	0.10422	0.212237	0.240158	0.112359	0.155318	0.183764	6.84009	2.51264	1.32391
3660000	-26.39797	0	-26.39797	0.212352	0.142218	0.327571	0.227555	0.129142	0.131486	12.2364	1.17826	0.727719
3670000	-29.48237	0	-29.48237	0.134193	0.287303	0.168326	0.23164	0.137079	0.153874	5.51976	1.84786	0.368865
3680000	-40.20316	0	-40.20316	0.0672142	0.340366	0.333622	0.197085	0.087916	0.10664	3.18453	0.436085	3.32821
3690000	-39.87978	0	-39.87978	0.0946495	0.208225	0.154053	0.196806	0.0673707	0.213062	6.83926	1.93268	0.528216
3700000	-32.36762	0	-32.36762	0.0698848	0.105917	0.312063	0.276527	0.152569	0.0419046	3.07383	1.37779	1.532
3710000	-39.06469	0	-39.06469	0.179091	0.355445	0.183743	0.281261	0.106683	0.137267	5.85567	1.46748	0.102664
3720000	-33.2541	0	-33.2541	0.14458	0.171779	0.0849743	0.256467	0.0653962	0.107588	2.86074	2.55732	0.527112
3730000	-28.81575	0	-28.81575	0.142304	0.153874	0.142463	0.201775	0.127082	0.1862	3.56976	1.06346	0.806252
3740000	-39.09082	0	-39.09082	0.0787186	0.141798	0.27999	0.252798	0.0785506	0.151325	4.4415	1.11244	0.454309
3750000	-43.18724	0	-43.18724	0.0754992	0.121396	0.105132	0.360723	0.122611	0.108681	2.89553	1.1634	0.577247
3760000	-40.77942	0	-40.77942	0.272127	0.106605	0.245217	0.178545	0.0749213	0.120623	4.84782	0.787458	0.68662
3770000	-25.2239	0	-25.2239	0.0910591	0.236239	0.251115	0.330279	0.128489	0.113154	6.47695	2.1786	3.16801
3780000	-55.2777	0	-55.2777	0.144326	0.0869943	0.161967	0.130457	0.0770258	0.068046	1.42299	0.92975	0.0551604
3790000	-33.35039	0	-33.35039	0.127791	0.244059	0.15423	0.334001	0.0947916	0.0939027	5.73991	0.401286	0.253274
3800000	-41.28607	0	-41.28607	0.09903	0.186848	0.309295	0.232269	0.100794	0.160563	4.41316	0.820032	2.57454
3810000	-30.87566	0	-30.87566	0.207175	0.151481	0.249451	0.229439	0.161059	0.12972	4.1285	0.761685	0.714008
3820000	-48.71794	0	-48.71794	0.227836	0.075515	0.267213	0.266567	0.0985709	0.153823	0.939116	1.81737	0.574298
3830000	-32.31788	0	-32.31788	0.0798219	0.143492	0.210965	0.306862	0.098237	0.118823	3.45055	1.27774	2.04238
3840000	-43.31001	0	-43.31001	0.206729	0.123036	0.134976	0.225237	0.134183	0.066873	2.83165	0.424487	0.256609
3850000	-44.62829	0	-44.62829	0.0708524	0.16017	0.210266	0.316994	0.171545	0.157699	5.35031	0.792869	0.461387
3860000	-36.68958	0	-36.68958	0.11204	0.13035	0.0766444	0.561557	0.112009	0.0920326	3.79865	0.473053	0.875355
3870000	-39.44849	0	-39.44849	0.0975027	0.114508	0.181446	0.320448	0.0664564	0.219994	3.11347	0.930313	0.37502
3880000	-34.0649	0	-34.0649	0.127423	0.146827	0.104659	0.306285	0.107045	0.0608615	6.24462	1.29493	0.495802
3890000	-38.33757	0	-38.33757	0.187736	0.120499	0.245732	0.327454	0.200187	0.270438	2.7046	0.471318	0.739289
3900000	-35.95601	0	-35.95601	0.118477	0.219168	0.149731	0.230134	0.106975	0.13326	2.18325	1.3487	0.356645
3910000	-33.64722	0	-33.64722	0.117435	0.213299	0.160089	0.285334	0.129654	0.203901	4.01518	1.85898	0.382712
3920000	-33.25907	0	-33.25907	0.227286	0.116794	0.263129	0.244769	0.122557	0.129218	3.58195	2.68233	0.991428
3930000	-36.82397	0	-36.82397	0.125945	0.216295	0.211784	0.417423	0.166746	0.140472	3.30856	1.10432	0.287786
3940000	-43.91582	0	-43.91582	0.102982	0.0928463	0.169064	0.166764	0.0613789	0.095472	3.83093	0.437155	0.926256
3950000	-41.00125	0	-41.00125	0.223642	0.0877602	0.210116	0.338841	0.146182	0.185545	2.78802	0.952417	3.3193
3960000	-48.06312	0	-48.06312	0.251756	0.215594	0.19937	0.233411	0.0971625	0.239474	5.25228	0.573828	0.155774
3970000	-36.70714	0	-36.70714	0.131865	0.139125	0.428924	0.126874	0.0576793	0.287479	1.88397	1.10828	3.72021
3980000	-34.13495	0	-34.13495	0.0999705	0.131707	0.295576	0.262955	0.159147	0.124148	4.54087	4.97499	2.20922
3990000	-50.24642	0	-50.24642	0.152902	0.0929187	0.203685	0.177393	0.112482	0.0587586	4.1728	0.241307	0.109426
4000000	-38.73856	0	-38.73856	0.149525	0.138887	0.250587	0.264813	0.132885	0.165626	7.14909	1.12938	1.07753
4010000	-43.93458	0	-43.93458	0.123877	0.227778	0.118996	0.24904	0.0768405	0.131451	6.08713	1.7143	0.0734597
4020000	-53.78699	0	-53.78699	0.204309	0.10136	0.145323	0.200834	0.0817864	0.0354237	2.64866	0.316195	0.0621741
4030000	-32.6974	0	-32.6974	0.0744129	0.120388	0.161011	0.244228	0.122223	0.163414	4.56589	2.30529	5.41327
4040000	-35.36337	0	-35.36337	0.140638	0.192042	0.178259	0.135172	0.107742	0.133879	4.93254	0.904635	0.387439
4050000	-33.78427	0	-33.78427	0.114386	0.355765	0.263975	0.129099	0.182134	0.126843	4.91622	1.09875	0.664562
4060000	-40.35145	0	-40.35145	0.130503	0.410276	0.158333	0.18623	0.45559	0.0986114	5.10293	1.02502	0.528536
4070000	-46.13647	0	-46.13647	0.0844391	0.0923079	0.164629	0.307118	0.0879475	0.0748793	3.59412	0.374448	0.211248
4080000	-31.18684	0	-31.18684	0.114026	0.102695	0.181794	0.220388	0.064157	0.0972221	8.42195	0.479011	1.37471
4090000	-35.86541	0	-35.86541	0.190917	0.134197	0.12676	0.167616	0.0964092	0.117245	3.13674	1.83704	0.397811
4100000	-30.47037	0	-30.47037	0.132038	0.140415	0.172733	0.209532	0.118057	0.0913315	5.02188	1.75191	0.412885
4110000	-40.98862	0	-40.98862	0.0831779	0.204821	0.155423	0.125605	0.0775537	0.12513	7.42969	2.6551	0.15729
4120000	-38.44934	0	-38.44934	0.0640349	0.105116	0.347167	0.157322	0.111202	0.367342	7.99665	1.73888	0.184734
4130000	-37.82288	0	-37.82288	0.0566354	0.174421	0.176981	0.183872	0.0716818	0.0603106	4.04848	0.452716	0.917047
4140000	-39.73001	0	-39.73001	0.0673775	0.127663	0.302598	0.216198	0.13709	0.0889041	3.84617	0.429719	0.359387
4150000	-45.98442	0	-45.98442	0.164075	0.221404	0.299027	0.439542	0.146287	0.125189	3.97961	0.610092	0.600105
4160000	-37.48218	0	-37.48218	0.138373	0.161875	0.161053	0.232815	0.0757888	0.115987	4.1702	1.5005	0.220162
4170000	-29.27426	0	-29.27426	0.13739	0.262515	0.260325	0.373671	0.114714	0.113441	5.67907	2.07466	0.820466
4180000	-37.61788	0	-37.61788	0.0684606	0.109411	0.584854	0.173368	0.0903537	0.193292	3.49643	1.8718	1.67602
4190000	-33.99984	0	-33.99984	0.123633	0.346076	0.194452	0.288191	0.141525	0.0727379	2.4501	0.703356	0.739803
4200000	-28.28771	0	-28.28771	0.15251	0.197604	0.140439	0.261857	0.156475	0.105974	7.72157	2.23875	0.490475
4210000	-45.59013	0	-45.59013	0.0884221	0.0524584	0.275071	0.160944	0.114515	0.111213	2.82689	0.441614	0.584882
4220000	-37.10262	0	-37.10262	0.114675	0.291149	0.20571	0.309003	0.281606	0.065175	3.41792	0.97484	0.802346
4230000	-35.17879	0	-35.17879	0.115088	0.131564	0.320047	0.337995	0.14514	0.12997	2.09483	1.10818	3.29171
4240000	-42.18689	0	-42.18689	0.0773322	0.276471	0.211503	0.281533	0.167981	0.0637535	4.61821	0.645001	1.29766
4250000	-46.13338	0	-46.13338	0.217164	0.296719	0.09252	0.206932	0.099609	0.118654	1.7812	1.47991	2.27323
4260000	-39.37322	0	-39.37322	0.0565139	0.0666039	0.320506	0.340955	0.0770881	0.0787875	4.15223	0.579975	0.263829
4270000	-46.22412	0	-46.22412	0.107097	0.0847432	0.176521	0.258653	0.101174	0.109303	4.69519	0.616531	0.249191
4280000	-42.38574	0	-42.38574	0.0716895	0.287606	0.165238	0.329764	0.113424	0.391133	4.27444	1.23755	0.43079
4290000	-47.61889	0	-47.61889	0.244211	0.219066	0.0895989	0.292747	0.0566585	0.161662	2.71358	0.4937	0.459009
4300000	-38.58307	0	-38.58307	0.15248	0.199101	0.250727	0.20144	0.136703	0.0625131	2.04623	0.274066	0.498772
4310000	-39.39849	0	-39.39849	0.109545	0.237827	0.286525	0.247129	0.128163	0.288533	3.16044	2.98523	0.558344
4320000	-42.11066	0	-42.11066	0.0875829	0.419754	0.251051	0.173273	0.070192	0.11257	2.71698	0.666488	0.708096
4330000	-40.36165	0	-40.36165	0.105735	0.0935357	0.173642	0.161505	0.0930324	0.124382	4.46936	0.540887	0.227382
4340000	-29.46723	0	-29.46723	0.167804	0.100613	0.233118	0.210584	0.0896363	0.0718767	6.57078	1.48211	0.657314
4350000	-33.1672	0	-33.1672	0.0643537	0.101429	0.121643	0.305104	0.149661	0.0525684	5.39825	1.72886	1.31208
4360000	-41.2604	0	-41.2604	0.150704	0.0939167	0.139505	0.210617	0.0592506	0.147318	2.82118	1.06775	2.1069
4370000	-33.14769	0	-33.14769	0.113225	0.234724	0.37331	0.263314	0.068987	0.0806216	4.43524	1.15637	1.86504
4380000	-44.81918	0	-44.81918	0.0704269	0.103112	0.260502	0.201245	0.0691281	0.091351	1.82352	0.439063	0.306587
4390000	-41.35595	0	-41.35595	0.0903589	0.0984501	0.108851	0.252132	0.0465011	0.0816933	1.94729	1.03916	3.31633
4400000	-31.39244	0	-31.39244	0.118187	0.145239	0.164231	0.334493	0.155731	0.060585	6.40346	1.15991	0.264813
4410000	-43.602	0	-43.602	0.0871455	0.125452	0.357898	0.27133	0.110196	0.0805294	6.3844	0.376594	0.217966
4420000	-35.655	0	-35.655	0.118777	0.140334	0.132348	0.155458	0.0643537	0.138523	1.90838	1.27857	0.597424
4430000	-38.50797	0	-38.50797	0.161859	0.222956	0.145569	0.28266	0.13352	0.0743477	1.69941	3.60234	1.86331
4440000	-52.18552	0	-52.18552	0.0851383	0.271267	0.200025	0.351915	0.114887	0.163015	1.20887	0.28104	0.219811
4450000	-58.05811	0	-58.05811	0.0879707	0.265314	0.136341	0.281578	0.0734457	0.0472872	0.639887	0.459047	0.277881
4460000	-33.10182	0	-33.10182	0.157557	0.107614	0.228383	0.402074	0.0397896	0.106665	5.34831	1.65446	0.360954
4470000	-40.91452	0	-40.91452	0.0512041	0.0877181	0.187783	0.188754	0.166349	0.261968	7.01426	1.1933	0.439312
4480000	-31.40142	0	-31.40142	0.117839	0.0912257	0.171396	0.193769	0.110235	0.0997062	5.31824	0.98012	0.298858
4490000	-37.66279	0	-37.66279	0.132301	0.171985	0.180179	0.306157	0.147742	0.130496	3.70761	0.752732	1.68839
4500000	-41.22407	0	-41.22407	0.0695089	0.0526819	0.204045	0.264799	0.0768523	0.123825	3.22444	1.12942	0.241004
4510000	-39.08952	0	-39.08952	0.150959	0.0935464	0.348239	0.3565	0.142299	0.0533339	9.49123	0.681723	0.688554
4520000	-33.11654	0	-33.11654	0.0863383	0.159397	0.145015	0.277769	0.0591906	0.0940129	4.70798	1.57426	3.41204
4530000	-32.31838	0	-32.31838	0.1082	0.314209	0.210571	0.242972	0.132202	0.0629886	5.184	0.589012	1.05989
4540000	-30.7859	0	-30.7859	0.146001	0.195533	0.0809576	0.464742	0.0690716	0.114125	5.51768	0.814794	2.42489
4550000	-25.16143	0	-25.16143	0.136997	0.163366	0.157765	0.180631	0.0599146	0.112933	5.34883	2.37489	0.910271
4560000	-34.49086	0	-34.49086	0.116825	0.122102	0.180742	0.241666	0.128617	0.0917077	4.05209	1.82603	1.87928
4570000	-36.1361	0	-36.1361	0.173729	0.133378	0.155647	0.326819	0.158721	0.0614417	2.5136	0.795916	0.671186
4580000	-38.07656	0	-38.07656	0.195475	0.298636	0.26654	0.300955	0.0827324	0.11069	4.27137	0.874624	0.958762
4590000	-44.62065	0	-44.62065	0.104744	0.322122	0.174374	0.303548	0.164033	0.158781	3.72532	1.06175	0.831313
4600000	-35.7313	0	-35.7313	0.20425	0.232966	0.275648	0.280844	0.072269	0.149595	3.77482	1.28001	0.875549
4610000	-37.78374	0	-37.78374	0.198854	0.151053	0.218556	0.257821	0.0992259	0.0840365	2.88854	0.84403	0.834483
4620000	-43.69346	0	-43.69346	0.116075	0.3659	0.21891	0.422125	0.11222	0.0836135	5.3611	4.58051	0.524457
4630000	-39.95542	0	-39.95542	0.107472	0.0959037	0.0964418	0.2686	0.155852	0.0927018	3.30204	2.74802	0.438881
4640000	-40.65463	0	-40.65463	0.1454	0.117356	0.227854	0.128475	0.0867867	0.2784	5.53909	1.1018	0.44478
4650000	-30.03491	0	-30.03491	0.159786	0.184955	0.138662	0.168354	0.11803	0.172426	4.93859	1.05844	1.39834
4660000	-37.80802	0	-37.80802	0.146133	0.121562	0.224993	0.202384	0.196135	0.181138	6.56979	0.744138	0.309193
4670000	-24.39296	0	-24.39296	0.145661	0.213544	0.155772	0.228765	0.126091	0.0955008	10.6733	1.37465	0.696328
4680000	-42.09909	0	-42.09909	0.148467	0.244198	0.280738	0.183279	0.0719511	0.174567	2.84272	0.261703	0.731307
4690000	-43.94311	0	-43.94311	0.114688	0.171054	0.179689	0.28424	0.205883	0.0754437	2.73623	0.91507	0.465046
4700000	-41.57159	0	-41.57159	0.108825	0.176455	0.150124	0.172999	0.155819	0.070651	4.63134	1.6054	0.282713
4710000	-41.50513	0	-41.50513	0.0525251	0.112336	0.119377	0.373075	0.193982	0.192329	8.47378	2.76664	0.183061
4720000	-43.35998	0	-43.35998	0.122817	0.217275	0.20224	0.228645	0.129535	0.0827182	2.35207	0.953197	0.323092
4730000	-43.90848	0	-43.90848	0.286765	0.165528	0.177514	0.271459	0.112016	0.0996137	3.17712	0.291972	1.44726
4740000	-37.33187	0	-37.33187	0.0987986	0.245765	0.256185	0.239296	0.153119	0.0665276	8.88173	1.17322	1.01542
4750000	-35.88801	0	-35.88801	0.0948384	0.188368	0.11786	0.185644	0.134928	0.0883768	1.84192	1.2081	0.929984
4760000	-47.74335	0	-47.74335	0.215595	0.240013	0.43137	0.202446	0.0826589	0.124467	3.2959	1.30014	0.172882
4770000	-34.91278	0	-34.91278	0.14144	0.112589	0.23262	0.191293	0.0993252	0.183021	4.77335	0.714925	0.370577
4780000	-38.82375	0	-38.82375	0.162095	0.221978	0.220232	0.475811	0.11358	0.165584	3.98573	2.15132	0.725111
4790000	-32.87186	0	-32.87186	0.180169	0.237675	0.157267	0.202854	0.149181	0.154745	8.36912	1.91571	1.29759
4800000	-37.99416	0	-37.99416	0.109344	0.10918	0.228175	0.215718	0.0844323	0.0853256	2.44841	0.457515	0.768726
4810000	-39.05941	0	-39.05941	0.0827478	0.150918	0.468879	0.186535	0.131049	0.245799	7.41505	0.916011	0.457328
4820000	-40.73578	0	-40.73578	0.175105	0.190058	0.454363	0.570852	0.163965	0.110873	4.32591	0.251125	1.14522
4830000	-47.19428	0	-47.19428	0.161272	0.263649	0.651531	0.412366	0.272831	0.109443	2.52753	0.985066	0.254038
4840000	-38.501	0	-38.501	0.196351	0.164684	0.123013	0.0872976	0.147098	0.262344	10.713	1.26044	0.426613
4850000	-51.46975	0	-51.46975	0.141876	0.132919	0.126741	0.486451	0.151548	0.192994	4.26841	1.06737	0.279243
4860000	-47.98238	0	-47.98238	0.0660574	0.122335	0.301477	0.247869	0.0482265	0.065673	2.41089	0.57654	0.20806
4870000	-49.04767	0	-49.04767	0.090281	0.26235	0.2548	0.349214	0.204494	0.231745	4.10478	0.36727	0.131631
4880000	-40.04347	0	-40.04347	0.191221	0.0697559	0.156736	0.187888	0.212182	0.200017	2.71564	1.50789	0.289529
4890000	-47.78758	0	-47.78758	0.117748	0.184717	0.148958	0.264939	0.333167	0.049462	7.83229	1.05608	0.227416
4900000	-40.87995	0	-40.87995	0.118006	0.0992133	0.140727	0.331306	0.147732	0.252489	4.32816	0.737579	0.587889
4910000	-41.31357	0	-41.31357	0.171663	0.304892	0.161723	0.313381	0.134944	0.0980664	3.37486	2.21739	0.13242
4920000	-30.69962	0	-30.69962	0.147696	0.186822	0.329333	0.25487	0.136076	0.126334	6.14523	1.29466	1.88372
4930000	-31.03636	0	-31.03636	0.133774	0.169748	0.32144	0.322996	0.161982	0.102028	5.53544	2.41803	0.211667
4940000	-32.02988	0	-32.02988	0.0885316	0.143737	0.197888	0.36363	0.220017	0.165198	7.36196	3.10011	1.10309
4950000	-41.85921	0	-41.85921	0.13658	0.112663	0.389667	0.189456	0.0830053	0.135692	5.01186	0.279674	0.876916
4960000	-42.14187	0	-42.14187	0.176151	0.1229	0.417634	0.365606	0.172417	0.104682	4.60758	2.42312	0.360448
4970000	-48.80051	0	-48.80051	0.200327	0.165366	0.135096	0.364837	0.0537773	0.120072	4.28342	0.603984	0.0619014
4980000	-38.2381	0	-38.2381	0.120538	0.116911	0.299246	0.275879	0.129779	0.0743225	3.98274	0.316605	0.176906
4990000	-42.61259	0	-42.61259	0.135472	0.170747	0.229555	0.317252	0.0486364	0.0955389	3.24272	1.59949	0.273188
5000000	-44.97865	0	-44.97865	0.0790512	0.241329	0.40297	0.392298	0.171523	0.117215	3.15971	1.00778	0.207454
