Iteration	Posterior	Likelihood	Prior	lambda[1]	lambda[2]	lambda[3]	mu[1]	mu[2]	mu[3]	psi[1]	psi[2]	psi[3]
0	-45.81443	0	-45.81443	0.164148	0.0925646	0.129571	0.117675	0.0629977	0.163114	0.851011	0.897215	0.825049
10000	-24.23386	0	-24.23386	0.210561	0.116691	0.255297	0.322457	0.0667619	0.112819	1.49341	0.481349	0.543168
20000	-25.70979	0	-25.70979	0.238752	0.164525	0.15511	0.245467	0.0398792	0.0788442	0.749957	1.37953	1.73353
30000	-29.41041	0	-29.41041	0.137785	0.120108	0.183534	0.628972	0.173477	0.15535	0.863955	2.66547	0.817918
40000	-25.52077	0	-25.52077	0.367811	0.141618	0.243767	0.52055	0.104309	0.142648	1.26336	1.32335	0.64046
50000	-21.88508	0	-21.88508	0.118701	0.179444	0.108233	0.430142	0.112506	0.056474	2.60435	1.01764	1.60049
60000	-28.54465	0	-28.54465	0.187987	0.0538489	0.265229	0.406739	0.0765619	0.187354	0.585496	1.81879	0.65241
70000	-31.01361	0	-31.01361	0.0752942	0.0819899	0.232087	0.487106	0.29796	0.0918119	3.25345	0.659559	0.05618
80000	-24.15037	0	-24.15037	0.179518	0.08021	0.152525	0.24467	0.0859311	0.211505	1.12719	0.397805	0.569731
90000	-23.94503	0	-23.94503	0.103237	0.089901	0.316219	0.226799	0.131726	0.0976137	0.845837	1.12105	2.62526
100000	-22.26608	0	-22.26608	0.278888	0.127153	0.192151	0.344307	0.0774303	0.109899	2.88026	1.06735	4.68249
110000	-32.41993	0	-32.41993	0.286324	0.531429	0.196088	0.419092	0.157444	0.0884361	1.38196	1.98266	6.55274
120000	-20.81116	0	-20.81116	0.112135	0.231304	0.240999	0.350955	0.0917152	0.0797243	1.78436	0.431702	2.9267
130000	-23.62581	0	-23.62581	0.178071	0.101488	0.224418	0.260319	0.229664	0.0727194	0.893441	1.42033	0.806629
140000	-21.20923	0	-21.20923	0.107486	0.185389	0.176715	0.256941	0.115094	0.0887495	0.774293	0.478417	0.833257
150000	-26.94382	0	-26.94382	0.197905	0.216236	0.165646	0.310473	0.0466201	0.142246	0.841288	2.64994	3.28013
160000	-25.16688	0	-25.16688	0.119076	0.141511	0.176449	0.405112	0.152747	0.0259293	2.5011	2.4539	1.57793
170000	-23.01486	0	-23.01486	0.1976	0.151447	0.216475	0.31201	0.117961	0.167223	2.11622	1.6129	0.976404
180000	-20.06077	0	-20.06077	0.169445	0.114526	0.0977595	0.159081	0.211027	0.0837726	2.88301	1.11532	0.974374
190000	-28.88282	0	-28.88282	0.162614	0.344717	0.175012	0.695724	0.215398	0.0971298	0.810626	1.39628	2.52791
200000	-32.56085	0	-32.56085	0.103571	0.0727251	0.264866	0.256785	0.234592	0.0374829	0.756092	0.305096	0.267739
210000	-32.72942	0	-32.72942	0.128556	0.100612	0.231934	0.194966	0.046724	0.0627751	1.6566	1.88868	1.2287
220000	-28.20787	0	-28.20787	0.284971	0.128675	0.171119	0.521711	0.11936	0.0826924	1.29719	1.24718	1.43371
230000	-25.53335	0	-25.53335	0.402522	0.162537	0.198471	0.214682	0.154488	0.183053	1.25705	2.21523	1.28813
240000	-27.31032	0	-27.31032	0.183956	0.205082	0.29563	0.333483	0.119791	0.051004	1.32061	1.51519	0.838934
250000	-27.47602	0	-27.47602	0.120216	0.131112	0.152061	0.252628	0.154074	0.186799	0.751362	0.217795	0.353014
260000	-24.7034	0	-24.7034	0.22559	0.0462261	0.20507	0.312604	0.0783644	0.0527493	0.82071	1.44251	4.25457
270000	-22.70568	0	-22.70568	0.169295	0.202095	0.396222	0.223272	0.103528	0.121773	1.12788	2.5365	2.4595
280000	-29.16903	0	-29.16903	0.264509	0.0352476	0.26264	0.1939	0.134578	0.0595804	1.46148	0.471153	0.302704
290000	-30.79929	0	-30.79929	0.136175	0.138122	0.47367	0.482284	0.132329	0.119383	0.797591	1.01247	1.47413
300000	-25.07034	0	-25.07034	0.151338	0.101944	0.178727	0.256926	0.144536	0.157268	3.02282	2.39593	0.465947
310000	-26.40138	0	-26.40138	0.144147	0.106538	0.133702	0.522694	0.201299	0.033065	1.71881	1.93758	1.0641
320000	-29.17931	0	-29.17931	0.279057	0.231176	0.197021	0.289057	0.113383	0.0329985	1.49645	1.13655	0.340352
330000	-27.16076	0	-27.16076	0.0510299	0.168614	0.153664	0.280751	0.070203	0.125604	1.75376	1.89403	0.58194
340000	-29.11479	0	-29.11479	0.116599	0.188573	0.175559	0.159082	0.114769	0.200736	0.671591	2.68149	1.37446
350000	-27.38806	0	-27.38806	0.179467	0.0578501	0.0504682	0.230421	0.196824	0.132973	1.97533	2.00553	1.02066
360000	-36.28344	0	-36.28344	0.116138	0.205048	0.382924	0.406775	0.146809	0.144139	0.931299	0.0541397	0.347063
370000	-25.71999	0	-25.71999	0.121212	0.147538	0.259688	0.216092	0.213718	0.0911978	0.876496	0.367312	1.01433
380000	-28.94107	0	-28.94107	0.172269	0.152855	0.362664	0.341686	0.122959	0.083427	0.895213	0.717529	1.60164
390000	-29.61797	0	-29.61797	0.237466	0.107268	0.363531	0.49544	0.166867	0.107482	1.09439	0.727507	1.07192
400000	-33.50127	0	-33.50127	0.119656	0.0839695	0.149558	0.370681	0.262743	0.104992	0.918688	0.219922	0.12432
410000	-27.53911	0	-27.53911	0.129735	0.135387	0.267184	0.334312	0.111369	0.0529824	1.38247	0.501857	1.36402
420000	-22.22675	0	-22.22675	0.14962	0.187268	0.178554	0.359896	0.162689	0.0980306	0.945461	2.08197	1.75207
430000	-27.35438	0	-27.35438	0.131742	0.0631481	0.270054	0.409761	0.0995229	0.120251	0.981662	2.97072	1.15528
440000	-26.7594	0	-26.7594	0.248252	0.0844483	0.220336	0.240894	0.208199	0.178677	0.811145	2.66001	1.46465
450000	-28.83105	0	-28.83105	0.247446	0.200553	0.137933	0.305676	0.0649993	0.0990327	0.809728	1.07289	1.75639
460000	-30.23054	0	-30.23054	0.269766	0.195776	0.15039	0.539715	0.213816	0.224288	2.93935	1.36291	0.83534
470000	-21.80548	0	-21.80548	0.112692	0.129842	0.204436	0.324423	0.0780749	0.0712925	1.91079	1.31537	0.666956
480000	-31.20069	0	-31.20069	0.0649926	0.290782	0.394955	0.279864	0.144072	0.178408	1.10725	2.33876	1.37973
490000	-22.57965	0	-22.57965	0.240016	0.0567602	0.267863	0.225676	0.126726	0.175461	2.05688	2.97766	3.76308
500000	-22.9818	0	-22.9818	0.167868	0.131863	0.213795	0.496106	0.143135	0.121137	3.02157	0.906342	0.705281
510000	-20.43392	0	-20.43392	0.196653	0.172321	0.217551	0.206408	0.103654	0.0825692	1.10844	1.68017	1.14759
520000	-32.62145	0	-32.62145	0.130083	0.154681	0.345652	0.548618	0.207501	0.0530662	0.945602	2.79708	0.271822
530000	-27.74808	0	-27.74808	0.175984	0.107492	0.190839	0.525539	0.152005	0.245284	1.81329	1.47998	0.760044
540000	-27.49924	0	-27.49924	0.0871573	0.0369784	0.181575	0.231654	0.0567363	0.0868505	1.61693	1.28843	1.14227
550000	-26.55795	0	-26.55795	0.199108	0.143743	0.111121	0.384657	0.0475363	0.204539	0.772874	1.2192	2.17135
560000	-27.56914	0	-27.56914	0.128969	0.113221	0.0875628	0.0993292	0.203647	0.101921	1.61448	2.43633	0.910977
570000	-23.45989	0	-23.45989	0.153157	0.134456	0.410504	0.196267	0.138095	0.0763717	1.13924	0.754692	1.53179
580000	-27.63273	0	-27.63273	0.205909	0.126418	0.341025	0.177311	0.168274	0.0418941	1.72315	1.78484	6.23139
590000	-19.65268	0	-19.65268	0.133178	0.140447	0.18602	0.364016	0.156488	0.100663	1.25883	2.78963	1.24009
600000	-25.22194	0	-25.22194	0.223486	0.105731	0.239015	0.20155	0.247278	0.101389	0.549334	0.988898	1.93887
610000	-21.98511	0	-21.98511	0.217888	0.0647552	0.206746	0.306017	0.0770273	0.0836233	1.39554	1.12465	1.45588
620000	-21.36081	0	-21.36081	0.14192	0.117881	0.160781	0.323447	0.202558	0.040883	3.5995	4.47491	1.0918
630000	-27.87987	0	-27.87987	0.268308	0.203719	0.189944	0.574451	0.260914	0.0752838	2.82506	1.3152	0.69408
640000	-25.88619	0	-25.88619	0.265903	0.118338	0.130758	0.293174	0.10814	0.121052	0.96529	0.933664	0.335482
650000	-24.77968	0	-24.77968	0.101429	0.0735292	0.210677	0.154051	0.117181	0.156892	2.18482	0.204963	0.239791
660000	-28.24823	0	-28.24823	0.14451	0.171822	0.149842	0.198099	0.160817	0.0867447	1.29989	1.58842	0.434987
670000	-24.2304	0	-24.2304	0.187802	0.13374	0.265968	0.144251	0.193105	0.0969951	1.22104	0.534241	0.500999
680000	-21.0008	0	-21.0008	0.110245	0.0891913	0.245796	0.263686	0.149212	0.135026	1.10301	0.643151	0.868938
690000	-25.99176	0	-25.99176	0.0801891	0.0928943	0.235838	0.33927	0.090314	0.090035	1.27209	0.916444	1.69177
700000	-25.84178	0	-25.84178	0.116817	0.0612025	0.170015	0.304629	0.029626	0.122884	1.15246	0.852122	0.708199
710000	-21.68303	0	-21.68303	0.100355	0.107259	0.151642	0.348934	0.126961	0.127653	1.34505	0.809426	1.21005
720000	-23.64087	0	-23.64087	0.0745691	0.120347	0.123776	0.55134	0.08498	0.15111	1.06473	0.838519	2.20014
730000	-23.58265	0	-23.58265	0.0868389	0.0746551	0.348365	0.275939	0.0697184	0.104216	2.93278	1.04673	0.614738
740000	-23.57843	0	-23.57843	0.169234	0.0530829	0.156115	0.286037	0.21773	0.0953328	0.567215	1.76696	1.81347
750000	-22.90544	0	-22.90544	0.137093	0.0701678	0.231053	0.321819	0.0887419	0.123795	1.80055	0.979871	2.65304
760000	-24.72678	0	-24.72678	0.133274	0.195113	0.276406	0.354378	0.0828327	0.180279	1.4629	0.46397	0.946171
770000	-27.06331	0	-27.06331	0.254446	0.0927704	0.510382	0.235594	0.0610648	0.0998299	0.712569	2.42277	2.14872
780000	-28.58271	0	-28.58271	0.114703	0.151762	0.113805	0.706363	0.167541	0.086528	1.36225	1.21151	0.653716
790000	-22.41614	0	-22.41614	0.0802864	0.146374	0.154086	0.405148	0.0392119	0.0715335	0.879778	1.02274	0.850487
800000	-20.15721	0	-20.15721	0.21311	0.104473	0.197794	0.160662	0.153875	0.0515497	0.855581	0.916819	3.96772
810000	-28.25644	0	-28.25644	0.292655	0.0189442	0.0896044	0.594438	0.0806711	0.059877	0.84172	3.15718	1.40521
820000	-20.17411	0	-20.17411	0.248922	0.0775624	0.169609	0.326828	0.14273	0.150499	1.2668	2.46372	2.51084
830000	-25.88452	0	-25.88452	0.215159	0.162293	0.143016	0.309225	0.0864315	0.207626	1.47208	2.25079	1.13428
840000	-27.52203	0	-27.52203	0.224549	0.185118	0.291451	0.440248	0.27948	0.335992	1.69098	0.86062	1.68061
850000	-27.82211	0	-27.82211	0.0765727	0.0662044	0.0692129	0.135652	0.0625112	0.129047	0.92701	0.397346	1.00856
860000	-26.93499	0	-26.93499	0.168705	0.111698	0.197003	0.327997	0.0405275	0.172624	0.769993	0.416577	0.174454
870000	-22.85229	0	-22.85229	0.1097	0.205241	0.154476	0.274809	0.17526	0.0832732	1.00955	1.01758	2.93644
880000	-27.7021	0	-27.7021	0.151983	0.125249	0.251935	0.237955	0.100891	0.0428229	0.947039	0.0490725	1.46731
890000	-24.72993	0	-24.72993	0.112806	0.184511	0.135562	0.371976	0.0966691	0.140081	0.874824	0.979518	0.512697
900000	-30.43297	0	-30.43297	0.180697	0.0554253	0.342886	0.75391	0.0876618	0.0878596	2.06102	3.17463	0.133148
910000	-30.65582	0	-30.65582	0.218449	0.156019	0.186898	0.329927	0.18261	0.100674	1.67486	0.325542	0.427992
920000	-25.11446	0	-25.11446	0.104972	0.195207	0.229269	0.568463	0.0525867	0.0592904	0.888482	1.53236	1.85946
930000	-25.95711	0	-25.95711	0.0629952	0.159826	0.107993	0.710955	0.162912	0.051241	2.15464	3.32999	1.51961
940000	-27.1022	0	-27.1022	0.239756	0.243024	0.121567	0.490074	0.120942	0.119041	0.612829	0.519343	1.23286
950000	-28.21127	0	-28.21127	0.16641	0.237141	0.2439	0.19827	0.245833	0.104044	0.358161	0.337007	2.44067
960000	-46.97165	0	-46.97165	0.124796	0.285863	0.114704	0.145048	0.127	0.124631	2.62383	6.74661	0.629968
970000	-25.6195	0	-25.6195	0.210273	0.252194	0.302091	0.452274	0.053965	0.106022	0.704413	1.3592	1.27179
980000	-36.67987	0	-36.67987	0.0747904	0.131711	0.14697	0.500579	0.488578	0.0913759	1.5412	0.786908	1.18172
990000	-27.02921	0	-27.02921	0.0941536	0.152599	0.170665	0.163925	0.128561	0.0544525	0.753674	0.353379	1.70928
1000000	-25.48886	0	-25.48886	0.126722	0.129392	0.29063	0.634083	0.15434	0.0768258	1.68075	2.49402	1.28149
1010000	-22.79212	0	-22.79212	0.104222	0.101888	0.228354	0.701478	0.112921	0.0630343	1.40974	1.1265	1.5023
1020000	-24.43411	0	-24.43411	0.120508	0.17148	0.2234	0.214382	0.149492	0.113934	1.46103	0.427238	1.97101
1030000	-27.38677	0	-27.38677	0.116489	0.231157	0.177665	0.252174	0.121877	0.175277	1.07912	0.245357	0.500005
1040000	-31.53903	0	-31.53903	0.0676017	0.151267	0.131794	0.430309	0.0644822	0.0324959	1.96635	0.867004	1.54306
1050000	-17.82159	0	-17.82159	0.264367	0.131388	0.163544	0.349637	0.0775427	0.087479	2.7721	1.22978	0.797418
1060000	-25.0107	0	-25.0107	0.319876	0.109596	0.134584	0.385439	0.0864779	0.107101	1.42423	0.771018	1.27929
1070000	-20.4592	0	-20.4592	0.135166	0.10869	0.116255	0.339063	0.14983	0.112394	3.42273	1.76568	0.348379
1080000	-24.08407	0	-24.08407	0.143799	0.0967709	0.0823079	0.685433	0.082967	0.0788986	0.838749	0.539941	1.1596
1090000	-22.44205	0	-22.44205	0.242665	0.231743	0.119009	0.603571	0.135764	0.18089	3.00577	0.897228	2.58164
1100000	-30.60433	0	-30.60433	0.3357	0.417848	0.209519	0.314141	0.126055	0.206608	1.02468	1.51338	1.76086
1110000	-22.69891	0	-22.69891	0.13885	0.0872358	0.206038	0.498111	0.199261	0.124719	1.02953	0.636132	1.12286
1120000	-28.32073	0	-28.32073	0.0673011	0.18171	0.324313	0.291039	0.111272	0.109633	0.601229	1.26273	0.403039
1130000	-27.55708	0	-27.55708	0.086281	0.10067	0.263157	0.326094	0.0953089	0.330717	2.51816	1.9074	0.553258
1140000	-30.24422	0	-30.24422	0.101487	0.132435	0.331297	0.573433	0.119181	0.192732	0.896979	0.196426	0.323994
1150000	-26.52679	0	-26.52679	0.152801	0.106311	0.161844	0.264434	0.0969756	0.110158	1.09168	0.867124	1.48317
1160000	-28.90477	0	-28.90477	0.199744	0.297249	0.138786	0.205079	0.157917	0.114894	0.529658	1.00149	0.830848
1170000	-32.30158	0	-32.30158	0.19032	0.107098	0.205381	0.294572	0.171301	0.0891123	0.533963	1.4121	1.34791
1180000	-22.14628	0	-22.14628	0.225994	0.12109	0.232007	0.259858	0.0856632	0.288045	0.636891	1.41673	1.1805
1190000	-29.65222	0	-29.65222	0.184693	0.202887	0.0962802	0.225545	0.077733	0.166336	0.378952	0.823507	2.07232
1200000	-25.80376	0	-25.80376	0.284693	0.0556305	0.140645	0.273616	0.210197	0.13186	1.38458	2.09488	0.871268
1210000	-31.68646	0	-31.68646	0.207099	0.146692	0.4077	0.441327	0.0599141	0.171455	0.463265	2.52196	1.358
1220000	-26.56925	0	-26.56925	0.0659504	0.165738	0.160194	0.235598	0.100987	0.0839782	0.985324	0.187902	1.30598
1230000	-27.00353	0	-27.00353	0.143024	0.154398	0.0929565	0.354054	0.197114	0.110096	1.38954	0.870253	0.709516
1240000	-33.65882	0	-33.65882	0.0710644	0.116315	0.254542	0.273365	0.066695	0.0317927	1.29291	2.22205	1.13415
1250000	-26.88761	0	-26.88761	0.278029	0.040482	0.167571	0.450493	0.104844	0.122682	1.25692	0.417851	1.23857
1260000	-27.56382	0	-27.56382	0.232356	0.261315	0.127555	0.482343	0.161535	0.0352249	1.07735	2.52849	2.48575
1270000	-21.53496	0	-21.53496	0.215074	0.187586	0.172032	0.369053	0.102915	0.125898	1.39478	1.16186	1.26494
1280000	-39.81652	0	-39.81652	0.168082	0.154551	0.141861	0.685065	0.119641	0.0752996	0.859143	2.21835	0.488077
1290000	-30.39876	0	-30.39876	0.133532	0.0669293	0.235907	0.325819	0.133245	0.221479	3.49896	1.17569	1.85662
1300000	-30.49415	0	-30.49415	0.0384075	0.103729	0.349252	0.24931	0.163837	0.0597684	1.50619	3.47875	0.874268
1310000	-26.38941	0	-26.38941	0.168275	0.0817701	0.172616	0.16526	0.0749658	0.232405	1.06468	5.17347	0.817012
1320000	-23.10103	0	-23.10103	0.142825	0.136695	0.303094	0.388005	0.272882	0.0602033	0.835253	0.593951	2.60903
1330000	-23.1942	0	-23.1942	0.144186	0.129853	0.293125	0.316028	0.284491	0.109789	2.18904	1.75377	1.65041
1340000	-26.83802	0	-26.83802	0.120987	0.204954	0.170506	0.239561	0.131452	0.0600339	0.913767	1.35947	1.59676
1350000	-24.71381	0	-24.71381	0.170343	0.0714439	0.242202	0.332852	0.0582575	0.148104	1.07026	0.847851	0.660438
1360000	-33.69343	0	-33.69343	0.200634	0.107392	0.368853	0.284216	0.226593	0.15184	1.41612	0.748083	0.237323
1370000	-31.87628	0	-31.87628	0.0946715	0.249493	0.0890547	0.460985	0.0994339	0.143581	0.679212	3.79166	0.608364
1380000	-28.10641	0	-28.10641	0.273523	0.123429	0.0810157	0.208944	0.150489	0.128377	1.27471	0.82596	2.69044
1390000	-20.27683	0	-20.27683	0.164743	0.0586496	0.166186	0.216772	0.157999	0.0961958	1.30838	1.68827	1.37177
1400000	-24.1154	0	-24.1154	0.121217	0.166009	0.213377	0.509318	0.132396	0.12241	1.20832	1.37053	3.42964
1410000	-24.01098	0	-24.01098	0.323533	0.097083	0.178045	0.238268	0.171857	0.168133	0.409945	1.39175	3.01182
1420000	-26.36005	0	-26.36005	0.308572	0.179839	0.217135	0.286167	0.0947889	0.0816323	1.06152	0.808386	1.01542
1430000	-23.93025	0	-23.93025	0.128418	0.164709	0.14226	0.401333	0.105949	0.0757053	1.24542	0.385749	0.480354
1440000	-29.8182	0	-29.8182	0.11908	0.177552	0.48909	0.606467	0.0438797	0.161579	1.91399	3.03127	3.04067
1450000	-25.33347	0	-25.33347	0.053984	0.107395	0.150714	0.277216	0.106719	0.104413	0.344538	0.760997	0.742859
1460000	-26.06309	0	-26.06309	0.177246	0.0478006	0.155412	0.250491	0.407202	0.0504602	1.35199	0.783581	2.93707
1470000	-28.58848	0	-28.58848	0.0776547	0.215138	0.211764	0.151288	0.141749	0.0924697	1.74575	1.17824	1.77323
1480000	-21.71352	0	-21.71352	0.148402	0.109088	0.178011	0.333002	0.312752	0.122592	2.54543	3.39019	4.02729
1490000	-23.49481	0	-23.49481	0.48329	0.073821	0.244805	0.335171	0.182612	0.0555483	1.36427	1.08559	1.48909
1500000	-23.73503	0	-23.73503	0.144649	0.127107	0.277801	0.210467	0.161944	0.134127	1.95948	0.796094	2.34381
1510000	-22.48355	0	-22.48355	0.0792888	0.110095	0.0829067	0.254684	0.135213	0.0750022	1.59783	1.25114	0.565314
1520000	-26.52953	0	-26.52953	0.183603	0.126386	0.199822	0.439183	0.0869204	0.0494968	1.57314	0.402649	2.93323
1530000	-22.75029	0	-22.75029	0.0858507	0.174095	0.209903	0.352199	0.23495	0.127503	2.01155	2.54547	0.821037
1540000	-24.19144	0	-24.19144	0.0784276	0.10599	0.185442	0.485066	0.165596	0.068211	1.08651	1.38836	0.675714
1550000	-25.02136	0	-25.02136	0.180083	0.187895	0.149666	0.236157	0.0624435	0.170111	0.473375	0.626326	1.74712
1560000	-23.00111	0	-23.00111	0.0893627	0.24689	0.310098	0.344479	0.159419	0.110968	1.25747	0.292962	1.71259
1570000	-30.10659	0	-30.10659	0.265472	0.361096	0.29575	0.672429	0.140593	0.111148	1.13665	0.341078	0.781882
1580000	-19.21514	0	-19.21514	0.112527	0.105831	0.137856	0.133224	0.087022	0.0594402	3.16247	2.49649	2.27366
1590000	-31.31223	0	-31.31223	0.116435	0.103569	0.147157	0.467067	0.0790353	0.287424	0.506679	1.07831	1.20427
1600000	-32.60188	0	-32.60188	0.216758	0.106951	0.168015	0.476469	0.126176	0.0629886	0.828579	0.681103	0.995558
1610000	-31.35697	0	-31.35697	0.192146	0.203978	0.231429	0.395166	0.059356	0.137646	0.701332	2.00146	0.268936
1620000	-25.68972	0	-25.68972	0.117938	0.0720776	0.0981278	0.528527	0.0914386	0.0748424	2.12206	0.550921	0.650892
1630000	-24.82771	0	-24.82771	0.106306	0.0917416	0.279019	0.258287	0.047096	0.11795	0.682416	0.54415	1.15029
1640000	-26.07156	0	-26.07156	0.0962301	0.169253	0.186156	0.185749	0.143646	0.10608	0.562985	0.726522	0.362145
1650000	-31.34945	0	-31.34945	0.160003	0.10418	0.21299	0.216401	0.102417	0.0645806	1.09534	0.24761	0.39882
1660000	-23.58692	0	-23.58692	0.153956	0.1139	0.0776577	0.476768	0.113562	0.139651	1.94036	1.66748	0.630603
1670000	-20.93231	0	-20.93231	0.146045	0.0955402	0.185291	0.337388	0.0953794	0.128829	1.09278	1.29001	4.03001
1680000	-25.01118	0	-25.01118	0.132785	0.136443	0.12211	0.328826	0.162571	0.114644	1.92063	2.65475	0.566039
1690000	-27.5413	0	-27.5413	0.0981418	0.0814864	0.369305	0.380402	0.172738	0.118728	1.9984	1.02861	0.176537
1700000	-23.05463	0	-23.05463	0.134139	0.0831131	0.241038	0.319688	0.132832	0.100251	2.18852	3.02678	0.859761
1710000	-21.59747	0	-21.59747	0.119077	0.0543111	0.192266	0.291561	0.208797	0.128796	1.4184	1.20643	2.18338
1720000	-28.61059	0	-28.61059	0.18255	0.168268	0.132569	0.4679	0.155115	0.253593	2.82753	2.00672	1.76418
1730000	-23.36433	0	-23.36433	0.322401	0.0628357	0.184029	0.448358	0.114441	0.106833	1.87462	2.31033	0.462054
1740000	-24.91618	0	-24.91618	0.188798	0.217713	0.245319	0.530842	0.115228	0.172726	1.14738	1.67424	1.52204
1750000	-31.08263	0	-31.08263	0.176139	0.327805	0.115306	0.956339	0.0936048	0.123891	2.2108	3.41463	0.374347
1760000	-26.10042	0	-26.10042	0.130579	0.232877	0.193398	0.16131	0.119934	0.0776608	1.61167	0.797031	0.28989
1770000	-30.64258	0	-30.64258	0.0769524	0.133567	0.410013	0.278961	0.0882511	0.106496	0.285537	0.736704	2.28563
1780000	-23.15178	0	-23.15178	0.188939	0.0848137	0.30297	0.38609	0.125025	0.0900415	1.03353	0.951979	1.57848
1790000	-29.48071	0	-29.48071	0.216783	0.130573	0.219594	0.370387	0.148348	0.137378	0.615627	1.12684	0.184677
1800000	-23.2437	0	-23.2437	0.110964	0.12979	0.152694	0.358931	0.135252	0.113594	2.40048	2.43773	1.51889
1810000	-25.43346	0	-25.43346	0.106497	0.28594	0.177643	0.463365	0.109493	0.0842784	0.927617	0.659046	1.89073
1820000	-23.56069	0	-23.56069	0.174817	0.12465	0.110222	0.432444	0.0804298	0.142308	0.447638	1.12367	1.77741
1830000	-23.05059	0	-23.05059	0.209608	0.0432972	0.202428	0.34218	0.0643219	0.104738	0.708833	1.14141	2.19029
1840000	-30.59139	0	-30.59139	0.23908	0.13277	0.131006	0.443264	0.221969	0.0617696	1.46109	3.12893	0.505585
1850000	-23.44603	0	-23.44603	0.192409	0.0848721	0.210463	0.393695	0.136771	0.112028	0.552281	2.1118	2.36771
1860000	-32.20227	0	-32.20227	0.0800597	0.197217	0.219037	0.217968	0.0959104	0.0577888	0.57627	2.64949	0.636987
1870000	-29.65273	0	-29.65273	0.124765	0.285498	0.278593	0.167856	0.0960388	0.193431	1.72004	0.550807	1.56762
1880000	-28.70091	0	-28.70091	0.211148	0.0862283	0.207768	0.151606	0.0874747	0.137713	1.34612	1.17246	0.131259
1890000	-27.97734	0	-27.97734	0.298889	0.11726	0.155395	0.15484	0.126209	0.342371	1.38459	0.747531	2.17419
1900000	-29.83537	0	-29.83537	0.279413	0.162636	0.329466	0.256512	0.196605	0.100398	1.9757	0.674044	1.53279
1910000	-26.06933	0	-26.06933	0.387591	0.11664	0.13133	0.381149	0.154655	0.0974193	1.12054	1.59748	1.85975
1920000	-34.70767	0	-34.70767	0.619963	0.0897463	0.401296	0.427989	0.0298644	0.0954957	0.350694	1.46919	1.29737
1930000	-30.08593	0	-30.08593	0.114814	0.115781	0.373446	0.232018	0.190216	0.0760726	0.710987	2.47733	1.41481
1940000	-25.75847	0	-25.75847	0.0654467	0.142983	0.139007	0.127656	0.151912	0.116632	0.779591	2.03251	2.26272
1950000	-24.59735	0	-24.59735	0.0551814	0.258283	0.196665	0.214256	0.124806	0.0684019	0.8736	2.6638	4.54117
1960000	-27.25409	0	-27.25409	0.0779524	0.209349	0.0953463	0.158044	0.148401	0.142875	0.861292	1.74136	1.27017
1970000	-21.6485	0	-21.6485	0.0819528	0.159276	0.169146	0.398011	0.161915	0.0738781	1.58336	1.61558	1.72586
1980000	-29.26453	0	-29.26453	0.149355	0.166886	0.146416	0.50524	0.0835074	0.126446	1.14605	2.37811	0.43269
1990000	-25.74171	0	-25.74171	0.366657	0.153173	0.190551	0.368563	0.15409	0.160581	3.24402	2.34157	2.11355
2000000	-22.19886	0	-22.19886	0.167913	0.110018	0.286069	0.32067	0.183349	0.0654774	2.38303	0.679812	1.50864
2010000	-27.17501	0	-27.17501	0.260955	0.0369589	0.172182	0.305203	0.109101	0.0734292	1.34222	1.07342	2.45229
2020000	-24.01504	0	-24.01504	0.105153	0.153665	0.0930586	0.19	0.136663	0.115107	1.65604	1.10477	2.48452
2030000	-27.58456	0	-27.58456	0.220233	0.174729	0.24037	0.18252	0.237368	0.0715902	0.75189	1.8694	0.758746
2040000	-33.08632	0	-33.08632	0.16091	0.303588	0.098761	0.406046	0.0751589	0.042495	2.60211	1.2565	0.450997
2050000	-22.80404	0	-22.80404	0.103185	0.0647561	0.0919783	0.458167	0.272499	0.105489	2.15151	0.612785	2.90572
2060000	-28.70514	0	-28.70514	0.27192	0.109466	0.168074	0.633412	0.102859	0.17125	0.627903	0.417324	1.01328
2070000	-24.15859	0	-24.15859	0.0938912	0.294018	0.176845	0.325936	0.117232	0.199001	1.30845	0.405008	1.78877
2080000	-27.30009	0	-27.30009	0.276176	0.0699267	0.217634	0.288895	0.241445	0.196871	3.22568	1.49527	1.5905
2090000	-29.16725	0	-29.16725	0.184419	0.0902307	0.0543814	0.20874	0.0779043	0.158207	2.44549	2.24862	3.58029
2100000	-27.03495	0	-27.03495	0.155354	0.174554	0.226574	0.199216	0.144837	0.152063	2.39259	1.72352	0.86814
2110000	-36.26411	0	-36.26411	0.175047	0.269598	0.183758	0.699783	0.308246	0.0722136	0.750091	0.339939	0.600889
2120000	-22.6028	0	-22.6028	0.205504	0.0934195	0.353536	0.211755	0.0940443	0.106868	0.816614	2.25644	0.816792
2130000	-20.36658	0	-20.36658	0.259516	0.0673213	0.184486	0.39611	0.181944	0.0793732	1.40633	0.280955	0.859632
2140000	-26.74143	0	-26.74143	0.1194	0.0605906	0.164569	0.252197	0.0460975	0.0923115	0.981545	1.6972	0.466899
2150000	-29.01644	0	-29.01644	0.156671	0.151429	0.262807	0.386219	0.0768678	0.0337884	1.71453	0.480347	2.17484
2160000	-38.28708	0	-38.28708	0.261334	0.3689	0.0829969	0.565539	0.20165	0.0405859	0.584196	1.58198	1.22604
2170000	-29.11977	0	-29.11977	0.0849299	0.10095	0.176299	0.453048	0.339632	0.0498996	0.949805	0.260643	0.348719
2180000	-29.87451	0	-29.87451	0.358306	0.157486	0.52325	0.220559	0.101814	0.135882	1.0274	2.67761	1.12938
2190000	-26.44496	0	-26.44496	0.128821	0.250619	0.24734	0.112462	0.125294	0.070452	1.08239	1.72699	2.5091
2200000	-28.59093	0	-28.59093	0.179071	0.257265	0.100637	0.24819	0.0507432	0.0562617	1.5579	2.93177	0.993781
2210000	-25.46231	0	-25.46231	0.349087	0.103148	0.226572	0.33397	0.143336	0.128166	1.22096	0.684444	5.73621
2220000	-20.33203	0	-20.33203	0.135257	0.170662	0.164515	0.350669	0.084212	0.198125	2.73416	0.812081	0.698618
2230000	-23.99308	0	-23.99308	0.147257	0.125273	0.293457	0.234499	0.0973396	0.099805	1.16197	0.683595	0.21784
2240000	-23.40131	0	-23.40131	0.158956	0.140939	0.238859	0.474986	0.102791	0.0871674	1.13403	2.25318	2.93328
2250000	-33.02362	0	-33.02362	0.199081	0.237936	0.245463	0.163981	0.133161	0.0814167	0.40108	0.260364	0.428756
2260000	-20.7316	0	-20.7316	0.104577	0.141719	0.197953	0.267719	0.213282	0.0954695	1.21362	0.501545	4.18224
2270000	-34.21605	0	-34.21605	0.288923	0.106548	0.28746	0.372788	0.213454	0.159573	0.922272	2.14188	1.6328
2280000	-23.84032	0	-23.84032	0.159143	0.051371	0.445453	0.250439	0.208389	0.199618	2.80717	0.508019	1.1998
2290000	-23.03467	0	-23.03467	0.0551909	0.163205	0.187362	0.324769	0.110272	0.131934	0.900684	0.443099	2.38079
2300000	-24.8796	0	-24.8796	0.20372	0.0785851	0.223912	0.2013	0.186896	0.041714	0.801266	2.22653	0.780942
2310000	-24.59359	0	-24.59359	0.120983	0.100547	0.290993	0.472649	0.11566	0.0601444	0.498502	1.33673	3.65477
2320000	-31.32564	0	-31.32564	0.152084	0.0604057	0.222765	0.314274	0.338353	0.164548	1.22975	6.01076	1.34618
2330000	-23.31175	0	-23.31175	0.0890856	0.137516	0.1456	0.35946	0.0787233	0.114426	1.11758	0.462753	1.19843
2340000	-20.31572	0	-20.31572	0.339504	0.177383	0.148894	0.177915	0.178478	0.11096	2.308	0.770435	2.16329
2350000	-35.78381	0	-35.78381	0.142071	0.132081	0.184232	0.262333	0.179813	0.183566	1.88362	1.10777	0.109078
2360000	-33.11124	0	-33.11124	0.111974	0.0614068	0.134067	0.652413	0.216869	0.106974	1.45475	1.00716	0.142981
2370000	-24.51092	0	-24.51092	0.194273	0.144598	0.332081	0.34334	0.0982013	0.155784	0.826321	1.99203	4.69233
2380000	-26.71423	0	-26.71423	0.0628824	0.103875	0.173294	0.498137	0.223775	0.144315	1.2246	1.30862	1.49195
2390000	-22.58033	0	-22.58033	0.0874921	0.0804224	0.289223	0.226238	0.082252	0.0995487	1.9461	2.63488	0.584096
2400000	-25.65402	0	-25.65402	0.0768951	0.0710239	0.269186	0.386114	0.159323	0.0613389	1.42052	2.79767	0.575934
2410000	-20.55236	0	-20.55236	0.129777	0.113524	0.165343	0.178633	0.0674305	0.108984	1.32462	0.896002	2.5464
2420000	-21.26031	0	-21.26031	0.174659	0.151647	0.201524	0.184114	0.162496	0.159012	1.79233	0.876266	1.31533
2430000	-31.03657	0	-31.03657	0.11001	0.324562	0.192795	0.113483	0.220422	0.0620652	0.439345	0.543675	0.738258
2440000	-26.26956	0	-26.26956	0.253594	0.0471143	0.279242	0.212119	0.108788	0.100757	0.480276	2.90892	0.302017
2450000	-27.43134	0	-27.43134	0.201798	0.21503	0.136465	0.161198	0.0531007	0.0987341	1.03946	1.07528	0.805535
2460000	-28.62121	0	-28.62121	0.137538	0.347565	0.18858	0.236825	0.119991	0.130819	1.32228	0.0690824	2.25875
2470000	-31.51372	0	-31.51372	0.0907595	0.0906217	0.585238	0.249776	0.165753	0.13507	1.13425	0.662811	0.480736
2480000	-23.45542	0	-23.45542	0.114247	0.189279	0.129885	0.265173	0.0975655	0.109787	0.901461	0.613794	3.94659
2490000	-26.5017	0	-26.5017	0.347209	0.254753	0.248044	0.320266	0.0662687	0.0875938	2.06058	2.06026	0.52939
2500000	-24.6951	0	-24.6951	0.0919654	0.103614	0.243408	0.292444	0.151062	0.0330565	0.748386	0.640853	1.45483
2510000	-24.85599	0	-24.85599	0.13542	0.176579	0.174223	0.429948	0.174491	0.17643	1.4015	3.46471	1.0909
2520000	-23.83947	0	-23.83947	0.320574	0.0885182	0.176786	0.537334	0.0878596	0.100434	0.443161	1.16906	1.02657
2530000	-22.03214	0	-22.03214	0.130118	0.149286	0.278384	0.232729	0.121283	0.0604041	2.45057	0.90484	2.08855
2540000	-25.57447	0	-25.57447	0.290279	0.144421	0.34419	0.36985	0.144788	0.107435	2.47356	0.25302	2.0107
2550000	-33.24276	0	-33.24276	0.163322	0.206813	0.0978024	0.29335	0.287863	0.151698	1.32423	0.457357	0.879036
2560000	-25.09369	0	-25.09369	0.0880201	0.0661736	0.230894	0.518921	0.101091	0.0732654	1.13832	0.913705	2.10763
2570000	-27.62757	0	-27.62757	0.109321	0.0413836	0.217492	0.295908	0.184228	0.21335	1.26901	0.308888	1.02724
2580000	-26.80523	0	-26.80523	0.174139	0.101473	0.165107	0.185005	0.115716	0.176211	0.862314	0.904508	0.431543
2590000	-18.53749	0	-18.53749	0.0847016	0.0848752	0.250086	0.340094	0.0911896	0.0594968	1.27627	1.07131	2.1316
2600000	-30.81468	0	-30.81468	0.191177	0.125639	0.182666	0.388429	0.100919	0.119282	1.15082	3.08603	0.418196
2610000	-31.55154	0	-31.55154	0.254886	0.104103	0.242012	0.579025	0.20568	0.218555	1.47524	1.57052	1.48702
2620000	-33.07746	0	-33.07746	0.144184	0.251942	0.121436	0.594904	0.304594	0.116967	3.24199	0.627599	0.712367
2630000	-29.8079	0	-29.8079	0.0918632	0.0876845	0.266289	0.363384	0.0491622	0.0362176	0.437169	1.72993	1.00088
2640000	-27.84889	0	-27.84889	0.255939	0.105009	0.207767	0.304239	0.0827097	0.0854294	0.524933	0.267716	0.526304
2650000	-29.40772	0	-29.40772	0.131819	0.179555	0.182776	0.207332	0.168043	0.0399924	1.08074	1.33453	1.79957
2660000	-25.05914	0	-25.05914	0.154508	0.178675	0.183544	0.2844	0.104289	0.102124	0.511207	1.18396	1.33356
2670000	-26.52648	0	-26.52648	0.111427	0.0647661	0.23209	0.954003	0.170635	0.0785276	1.1161	0.994928	2.18914
2680000	-31.38275	0	-31.38275	0.104316	0.144394	0.192531	0.461796	0.11203	0.110947	2.13674	3.91387	1.29623
2690000	-27.13771	0	-27.13771	0.290401	0.159718	0.261836	0.336668	0.105171	0.0676439	1.74079	2.1187	0.96696
2700000	-21.75881	0	-21.75881	0.161179	0.118703	0.225347	0.238814	0.0704764	0.110824	1.31394	2.37909	1.16501
2710000	-25.05514	0	-25.05514	0.193055	0.124311	0.115366	0.225866	0.134813	0.120071	1.23766	1.6136	0.661267
2720000	-28.724	0	-28.724	0.286277	0.135548	0.317449	0.395487	0.118377	0.0894189	1.99977	0.716289	0.987274
2730000	-29.10233	0	-29.10233	0.156895	0.25486	0.493036	0.257377	0.166763	0.0990074	1.95785	0.951501	1.1666
2740000	-32.35264	0	-32.35264	0.129186	0.241631	0.163902	0.254948	0.304264	0.224028	1.82529	2.8237	0.97543
2750000	-25.49342	0	-25.49342	0.215356	0.126176	0.375673	0.421051	0.173263	0.0723817	2.00515	1.7152	0.910022
2760000	-22.76824	0	-22.76824	0.114772	0.0786871	0.179722	0.263896	0.161663	0.0875596	0.770855	0.862275	1.99295
2770000	-24.74337	0	-24.74337	0.268201	0.089763	0.157565	0.311023	0.21008	0.137733	0.566771	2.51999	2.80192
2780000	-23.7034	0	-23.7034	0.1857	0.134835	0.156402	0.436285	0.0544894	0.10418	1.31137	1.95405	3.38328
2790000	-25.71456	0	-25.71456	0.0889466	0.131767	0.221566	0.31062	0.103565	0.12859	0.8399	0.542195	0.332428
2800000	-30.06516	0	-30.06516	0.0735374	0.106568	0.236158	0.285894	0.242043	0.189215	0.542165	1.97778	0.36818
2810000	-28.91575	0	-28.91575	0.220962	0.094495	0.309154	0.257799	0.168646	0.0452867	1.28418	2.98262	2.69907
2820000	-27.77899	0	-27.77899	0.422848	0.126553	0.333203	0.25595	0.0687143	0.0818064	1.26949	1.04055	2.07551
2830000	-28.23897	0	-28.23897	0.249422	0.167828	0.266702	0.378536	0.0917775	0.105967	1.43704	1.3478	4.10206
2840000	-25.39453	0	-25.39453	0.0987942	0.211068	0.0891488	0.353925	0.132849	0.0768377	1.77088	0.205782	0.288212
2850000	-22.73991	0	-22.73991	0.399605	0.213982	0.341476	0.561481	0.136253	0.0708307	1.27803	0.864277	2.06197
2860000	-27.13608	0	-27.13608	0.113734	0.08642	0.206028	0.288167	0.166524	0.078772	1.31498	3.5141	0.296404
2870000	-23.03037	0	-23.03037	0.112617	0.0943383	0.472879	0.281763	0.112487	0.136593	1.31831	2.24497	1.84681
2880000	-23.10847	0	-23.10847	0.137129	0.0770601	0.179603	0.12145	0.169407	0.183602	3.53367	1.33451	1.60991
2890000	-20.4865	0	-20.4865	0.22098	0.104784	0.147266	0.345356	0.148949	0.0578654	3.28741	2.18933	1.68867
2900000	-25.99005	0	-25.99005	0.158654	0.115038	0.245265	0.495757	0.0911522	0.116324	1.21797	0.882604	1.30727
2910000	-24.53841	0	-24.53841	0.125203	0.039773	0.156244	0.278126	0.0786411	0.0588361	1.91286	5.27468	1.47949
2920000	-23.51156	0	-23.51156	0.111387	0.0725743	0.338142	0.368925	0.123549	0.125306	0.85036	1.89918	1.38386
2930000	-26.03248	0	-26.03248	0.110728	0.0666966	0.089062	0.518064	0.107762	0.066385	1.88392	0.784001	0.465306
2940000	-24.82067	0	-24.82067	0.089649	0.132538	0.178346	0.260144	0.159379	0.0757485	1.48711	0.979228	1.44783
2950000	-30.42065	0	-30.42065	0.0576027	0.0966405	0.34687	0.344718	0.12804	0.0860561	1.84701	0.531552	0.34153
2960000	-30.59271	0	-30.59271	0.162247	0.214922	0.313752	0.412412	0.112987	0.128	0.540484	0.642963	3.04562
2970000	-28.56631	0	-28.56631	0.16294	0.215951	0.163234	0.219425	0.35408	0.0520347	1.8358	0.649075	0.549763
2980000	-31.50487	0	-31.50487	0.390741	0.141444	0.326251	0.366548	0.302561	0.221805	2.19204	2.45272	2.11798
2990000	-28.29268	0	-28.29268	0.12529	0.0922546	0.368994	0.296588	0.116616	0.104556	2.11938	0.238761	0.611544
3000000	-22.81253	0	-22.81253	0.205062	0.0759268	0.210635	0.205261	0.0821289	0.095486	1.4051	1.06814	0.819861
3010000	-34.09115	0	-34.09115	0.207008	0.0987692	0.260224	0.113244	0.0563788	0.0847359	0.674196	0.779531	1.49901
3020000	-19.20597	0	-19.20597	0.209606	0.0941506	0.189858	0.312317	0.0609169	0.0744337	1.01608	1.25003	1.31205
3030000	-18.72519	0	-18.72519	0.13663	0.144944	0.200423	0.270326	0.136407	0.120852	1.93234	1.35214	0.904754
3040000	-25.25913	0	-25.25913	0.20112	0.158294	0.147488	0.434281	0.0795656	0.104457	1.02639	2.73666	2.52182
3050000	-23.24843	0	-23.24843	0.134736	0.168734	0.218435	0.346909	0.066824	0.217044	0.865558	0.509643	4.07465
3060000	-24.84867	0	-24.84867	0.218803	0.0878123	0.190021	0.20989	0.11047	0.109939	2.4563	1.71929	1.87794
3070000	-28.13711	0	-28.13711	0.142438	0.222863	0.287683	0.338964	0.089867	0.108521	0.987357	0.535585	0.726854
3080000	-27.83317	0	-27.83317	0.153774	0.161674	0.158475	0.614662	0.139359	0.153387	0.462315	0.277516	1.25786
3090000	-30.90628	0	-30.90628	0.164181	0.181671	0.119647	0.278262	0.0626255	0.0866847	1.03298	0.651359	0.258495
3100000	-25.57055	0	-25.57055	0.0662849	0.2385	0.0965539	0.506515	0.141551	0.142893	2.01458	0.550327	1.31759
3110000	-23.10636	0	-23.10636	0.214857	0.1115	0.164561	0.603944	0.121669	0.134744	1.95379	0.697085	0.740034
3120000	-32.21691	0	-32.21691	0.0876997	0.0803697	0.11826	0.263211	0.186153	0.122715	1.42737	0.325585	0.23996
3130000	-30.81038	0	-30.81038	0.212214	0.10991	0.201033	0.844281	0.221063	0.0789943	0.667128	0.663432	1.70407
3140000	-20.78583	0	-20.78583	0.261837	0.14052	0.151539	0.556484	0.0994655	0.0835861	2.8792	1.58748	1.34649
3150000	-27.67756	0	-27.67756	0.384893	0.095652	0.282527	0.193009	0.0660048	0.160392	0.954355	0.449476	0.957882
3160000	-26.03214	0	-26.03214	0.131435	0.116797	0.0878956	0.193756	0.0424077	0.105093	0.99914	1.01521	1.90197
3170000	-26.58586	0	-26.58586	0.199129	0.0752424	0.283831	0.333392	0.156829	0.135379	3.27608	3.93864	0.593881
3180000	-23.18096	0	-23.18096	0.198844	0.0986032	0.140431	0.164977	0.11244	0.161807	0.867131	0.824799	1.63925
3190000	-24.35168	0	-24.35168	0.161552	0.225678	0.441018	0.392492	0.141364	0.108767	1.65392	2.07886	3.90102
3200000	-19.64892	0	-19.64892	0.145881	0.0802463	0.181597	0.267469	0.183031	0.112588	2.21149	1.37528	1.38953
3210000	-26.61265	0	-26.61265	0.0515389	0.230748	0.21771	0.507013	0.229355	0.0858485	3.63152	3.85925	1.02774
3220000	-25.55368	0	-25.55368	0.446635	0.0571136	0.231681	0.268077	0.274209	0.0521958	1.10595	2.09882	0.793428
3230000	-29.37421	0	-29.37421	0.242653	0.182551	0.124534	0.298297	0.189664	0.0534291	0.537809	0.778137	1.61907
3240000	-26.91058	0	-26.91058	0.173139	0.101307	0.258759	0.404119	0.198486	0.176056	1.50867	1.9084	0.854282
3250000	-23.5584	0	-23.5584	0.131751	0.161444	0.340767	0.355997	0.0479388	0.0706497	0.755893	1.12271	1.49297
3260000	-27.42083	0	-27.42083	0.295767	0.0872438	0.259445	0.389912	0.172223	0.0482338	0.734355	0.734729	1.12599
3270000	-22.46496	0	-22.46496	0.177102	0.194947	0.274661	0.474797	0.185316	0.0770474	1.35179	0.961217	4.63047
3280000	-25.97215	0	-25.97215	0.0729052	0.308363	0.103017	0.396077	0.14411	0.103687	3.22098	1.07405	1.85904
3290000	-30.82642	0	-30.82642	0.175082	0.188981	0.367799	0.381679	0.155528	0.246805	0.555395	0.372097	1.14994
3300000	-28.708	0	-28.708	0.334258	0.14054	0.320139	0.176867	0.104819	0.132311	0.40983	0.459425	0.682323
3310000	-28.79069	0	-28.79069	0.211322	0.0932986	0.243789	0.225389	0.0658339	0.103192	0.5383	1.18702	0.88516
3320000	-26.30345	0	-26.30345	0.0726538	0.145454	0.255793	0.171577	0.107214	0.14288	0.437044	0.384889	1.05716
3330000	-23.1768	0	-23.1768	0.233033	0.101614	0.23706	0.256051	0.105336	0.0471625	0.84932	1.94442	0.99198
3340000	-22.65642	0	-22.65642	0.369526	0.0974074	0.148731	0.21185	0.18735	0.0943025	1.32136	1.66036	4.01146
3350000	-21.68176	0	-21.68176	0.189501	0.0711642	0.085145	0.198252	0.0653864	0.0594083	1.90508	0.78432	1.68232
3360000	-19.5984	0	-19.5984	0.103209	0.107896	0.0752181	0.306857	0.0587898	0.0713259	0.689538	1.46998	2.48016
3370000	-22.54842	0	-22.54842	0.117156	0.0539857	0.158316	0.217634	0.092747	0.0965655	2.52986	0.535839	0.703493
3380000	-27.68818	0	-27.68818	0.105547	0.134505	0.262287	0.209554	0.0840806	0.222531	2.2262	0.268169	1.0059
3390000	-29.3649	0	-29.3649	0.0316941	0.129538	0.113373	0.11659	0.0899014	0.145665	1.07181	0.827127	3.21665
3400000	-26.93629	0	-26.93629	0.182862	0.310567	0.227024	0.386675	0.207591	0.115956	1.52035	0.60829	1.45594
3410000	-25.12527	0	-25.12527	0.302142	0.0749057	0.117249	0.337689	0.257396	0.169263	1.09588	1.7141	0.841779
3420000	-27.14646	0	-27.14646	0.331642	0.0550663	0.193362	0.244744	0.11559	0.0570299	1.62903	2.90805	2.42894
3430000	-30.37203	0	-30.37203	0.267848	0.0702259	0.19963	0.478897	0.071893	0.129977	0.971152	1.03325	2.82118
3440000	-27.82712	0	-27.82712	0.127406	0.100339	0.112343	0.224944	0.0675683	0.232893	0.751638	0.857653	0.90422
3450000	-23.03485	0	-23.03485	0.195478	0.103111	0.463973	0.334689	0.0909282	0.103135	1.69944	1.32514	0.697942
3460000	-25.13074	0	-25.13074	0.172921	0.0752275	0.235152	0.571802	0.151442	0.165991	1.52633	2.61939	0.949216
3470000	-26.7259	0	-26.7259	0.173707	0.174458	0.193965	0.367638	0.0593171	0.144847	1.29817	0.218813	1.17778
3480000	-28.51195	0	-28.51195	0.12888	0.254038	0.137074	0.490356	0.155282	0.146629	0.979229	1.94029	0.917304
3490000	-26.79864	0	-26.79864	0.0557014	0.167057	0.190245	0.224001	0.0859586	0.0851762	0.902913	0.310957	0.444941
3500000	-27.55522	0	-27.55522	0.163938	0.0993687	0.200017	0.18696	0.17129	0.165145	1.40973	0.575866	1.0474
3510000	-27.17872	0	-27.17872	0.244237	0.216421	0.293194	0.252217	0.107453	0.0744701	2.51636	1.18731	0.425062
3520000	-34.10458	0	-34.10458	0.325512	0.135444	0.499003	0.233692	0.228386	0.157296	1.39144	0.402961	0.59291
3530000	-25.46656	0	-25.46656	0.279643	0.131954	0.16429	0.149505	0.178248	0.044692	0.855408	0.885248	2.05673
3540000	-28.39561	0	-28.39561	0.217743	0.361491	0.244925	0.163087	0.0981986	0.0742525	0.347394	1.32923	1.69854
3550000	-30.54903	0	-30.54903	0.0941964	0.193927	0.435266	0.321592	0.223283	0.0944994	1.08188	0.851004	0.231686
3560000	-24.28982	0	-24.28982	0.119597	0.133001	0.108572	0.189916	0.0694579	0.119281	1.35259	0.286704	2.22462
3570000	-22.43112	0	-22.43112	0.117278	0.108735	0.183239	0.232804	0.125549	0.147898	1.0014	0.938608	3.23766
3580000	-24.65056	0	-24.65056	0.14237	0.101989	0.194032	0.158029	0.118172	0.109681	1.33438	1.98543	1.47048
3590000	-27.45745	0	-27.45745	0.159684	0.1864	0.115784	0.334334	0.269679	0.132892	2.08999	1.19877	1.0441
3600000	-23.7057	0	-23.7057	0.280086	0.109171	0.147498	0.503	0.126383	0.098772	3.09982	0.981601	1.24207
3610000	-25.80616	0	-25.80616	0.236204	0.0886963	0.126185	0.297074	0.127496	0.214138	0.871609	2.06058	1.45367
3620000	-29.59813	0	-29.59813	0.185545	0.0378094	0.12672	0.199758	0.0318376	0.0712645	1.07311	0.691656	0.854493
3630000	-24.46908	0	-24.46908	0.201941	0.266867	0.156794	0.284342	0.107742	0.0623734	1.09427	2.23955	2.73505
3640000	-25.75744	0	-25.75744	0.0837273	0.212343	0.205275	0.533526	0.0667208	0.174853	1.10423	0.441002	1.15937
3650000	-26.55978	0	-26.55978	0.0899324	0.16016	0.19839	0.111656	0.115236	0.104258	0.785483	0.649589	1.14199
3660000	-29.76986	0	-29.76986	0.21532	0.100391	0.252141	0.253244	0.219247	0.135451	1.68657	0.43642	1.30933
3670000	-30.45489	0	-30.45489	0.135862	0.15481	0.276664	0.374728	0.122551	0.175613	1.90056	1.24868	0.82746
3680000	-31.94862	0	-31.94862	0.0584413	0.153031	0.262751	0.534608	0.157176	0.128755	1.16874	0.936601	0.154219
3690000	-26.30681	0	-26.30681	0.30014	0.187529	0.141563	0.303882	0.119105	0.0957881	1.10038	1.03217	0.270122
3700000	-23.97991	0	-23.97991	0.114111	0.111914	0.188834	0.211514	0.104274	0.142017	0.671606	1.34148	3.73346
3710000	-24.62828	0	-24.62828	0.146901	0.101004	0.185818	0.310744	0.18828	0.0877876	0.68304	2.20674	1.67486
3720000	-25.96091	0	-25.96091	0.188001	0.0717296	0.152752	0.349584	0.312816	0.0906729	2.35682	1.36494	2.54523
3730000	-28.24048	0	-28.24048	0.215323	0.110552	0.118837	0.419134	0.17532	0.0411644	2.63153	1.23327	0.166915
3740000	-29.65632	0	-29.65632	0.168112	0.0487989	0.144113	0.239247	0.168357	0.0667884	2.72473	1.62802	0.822878
3750000	-26.99306	0	-26.99306	0.128038	0.214282	0.35535	0.540294	0.08198	0.147164	3.43671	1.25159	1.93232
3760000	-25.85786	0	-25.85786	0.136447	0.158996	0.263822	0.115879	0.182181	0.0864607	2.18887	0.448233	1.44189
3770000	-25.3506	0	-25.3506	0.101816	0.173596	0.183875	0.48691	0.140787	0.146576	0.380384	1.14052	1.04743
3780000	-30.41946	0	-30.41946	0.149026	0.206743	0.34539	0.365123	0.11176	0.135718	1.25529	1.08554	0.28581
3790000	-32.25162	0	-32.25162	0.332606	0.0440044	0.213739	0.536285	0.181614	0.0756034	2.42043	0.557638	0.671971
3800000	-29.8744	0	-29.8744	0.0424071	0.173485	0.237881	0.105335	0.138924	0.132507	0.850483	0.182858	1.87832
3810000	-26.18824	0	-26.18824	0.0706511	0.0296617	0.191117	0.408315	0.227741	0.0832306	2.36914	0.444791	1.01111
3820000	-28.149	0	-28.149	0.070026	0.074381	0.240037	0.222012	0.103954	0.13035	1.13417	0.051805	1.10317
3830000	-21.53192	0	-21.53192	0.162776	0.129634	0.0929918	0.280015	0.101103	0.113489	0.715001	0.983306	1.55664
3840000	-30.471	0	-30.471	0.171872	0.0784524	0.114456	0.151399	0.0921094	0.210221	2.46784	1.52501	0.296774
3850000	-30.49929	0	-30.49929	0.238834	0.121217	0.141459	0.247821	0.154169	0.111529	0.891477	5.18084	2.03859
3860000	-27.82217	0	-27.82217	0.0881311	0.156243	0.201084	0.378988	0.111785	0.240956	1.60384	0.789561	0.893203
3870000	-33.03141	0	-33.03141	0.0901015	0.24638	0.297106	0.208904	0.304295	0.146114	1.22481	0.835554	0.257578
3880000	-19.80332	0	-19.80332	0.119183	0.106432	0.14248	0.283778	0.0910591	0.0804364	1.1687	0.586295	0.526894
3890000	-29.57424	0	-29.57424	0.141162	0.221101	0.162723	0.379039	0.0499093	0.110339	1.32108	1.97528	1.97115
3900000	-31.64453	0	-31.64453	0.0764488	0.255731	0.169293	0.337365	0.0829417	0.172064	1.03279	0.356419	0.31579
3910000	-22.10387	0	-22.10387	0.322672	0.197911	0.148771	0.591272	0.122914	0.0863922	1.70644	0.715281	1.1678
3920000	-22.84845	0	-22.84845	0.110399	0.0561101	0.183241	0.169552	0.0706537	0.0789582	0.955278	2.27291	2.11613
3930000	-26.83607	0	-26.83607	0.124219	0.306138	0.123536	0.274209	0.100426	0.0973089	1.38332	0.705403	0.798541
3940000	-24.36339	0	-24.36339	0.127636	0.143096	0.131221	0.344954	0.0877547	0.0634752	1.45455	2.17011	0.598487
3950000	-25.40757	0	-25.40757	0.106382	0.0737168	0.160254	0.313638	0.21192	0.085008	0.455333	0.737826	1.76776
3960000	-25.78858	0	-25.78858	0.134106	0.108632	0.16864	0.178725	0.112778	0.0461286	1.63675	1.14859	0.666122
3970000	-26.03549	0	-26.03549	0.265202	0.183444	0.166914	0.197326	0.110272	0.217216	1.09835	1.51232	1.06081
3980000	-31.69867	0	-31.69867	0.0891845	0.134335	0.205323	0.228469	0.148685	0.123898	1.36486	1.22817	0.148991
3990000	-29.07615	0	-29.07615	0.299341	0.178144	0.206879	0.343382	0.0559114	0.0642584	2.12571	1.80589	0.438481
4000000	-20.97305	0	-20.97305	0.156403	0.128004	0.333027	0.294088	0.0412464	0.0610622	2.02746	0.444297	1.58782
4010000	-31.06532	0	-31.06532	0.234913	0.301155	0.0797876	0.583645	0.150926	0.190655	0.835228	0.821076	0.611915
4020000	-24.20764	0	-24.20764	0.297944	0.102829	0.238351	0.449995	0.0635759	0.107663	1.52906	0.618004	1.7569
4030000	-23.49471	0	-23.49471	0.12363	0.180061	0.082476	0.19632	0.165837	0.108113	1.93592	2.70142	0.828832
4040000	-28.05058	0	-28.05058	0.116787	0.148774	0.2267	0.18104	0.106287	0.119695	1.32097	1.5108	1.00926
4050000	-21.78505	0	-21.78505	0.117276	0.150908	0.233498	0.558299	0.142628	0.145966	1.04733	0.214118	2.44041
4060000	-26.45477	0	-26.45477	0.185387	0.0813777	0.179718	0.502467	0.207951	0.190067	2.05023	0.43578	0.86234
4070000	-33.4624	0	-33.4624	0.058174	0.0869428	0.0719893	0.263825	0.0903332	0.0821446	0.922125	0.564143	0.207175
4080000	-28.14469	0	-28.14469	0.343955	0.289484	0.284811	0.371968	0.15931	0.119528	1.16818	1.863	2.04437
4090000	-22.23077	0	-22.23077	0.0966619	0.116037	0.148767	0.324866	0.105353	0.0617455	2.09106	0.445489	0.686002
4100000	-32.52017	0	-32.52017	0.106764	0.131352	0.195834	0.242008	0.148864	0.14811	1.23347	1.95395	0.428194
4110000	-24.09673	0	-24.09673	0.153476	0.339151	0.236723	0.317441	0.111266	0.111665	1.28228	1.85867	1.2323
4120000	-30.90446	0	-30.90446	0.286824	0.130085	0.225834	0.387007	0.191093	0.19503	0.907054	2.46511	0.683202
4130000	-31.67612	0	-31.67612	0.236782	0.175769	0.169683	0.829801	0.120956	0.0646898	0.526226	2.11897	0.469719
4140000	-25.32749	0	-25.32749	0.44212	0.126171	0.315401	0.284145	0.167993	0.0706714	3.6452	3.73906	2.86876
4150000	-27.90746	0	-27.90746	0.126681	0.167367	0.20607	0.142007	0.155141	0.059341	0.939146	1.12558	0.266132
4160000	-32.45909	0	-32.45909	0.0957644	0.0961049	0.163917	0.328238	0.0509828	0.0938978	0.562327	0.617876	1.12682
4170000	-20.67419	0	-20.67419	0.194779	0.153094	0.239752	0.12545	0.126107	0.170699	2.7446	0.826257	1.78516
4180000	-22.15791	0	-22.15791	0.172177	0.15984	0.235314	0.326827	0.12286	0.0808639	1.7813	1.50438	1.21309
4190000	-27.36708	0	-27.36708	0.0836409	0.0938628	0.289281	0.44666	0.159955	0.156892	1.96011	0.279445	1.1042
4200000	-26.03051	0	-26.03051	0.071543	0.0998703	0.184978	0.178389	0.0842331	0.179688	1.80772	1.02117	4.75927
4210000	-25.80837	0	-25.80837	0.420475	0.201447	0.156634	0.260173	0.104112	0.0761577	1.86089	1.14167	0.444479
4220000	-32.6677	0	-32.6677	0.0893933	0.0775778	0.627958	0.296874	0.0594929	0.115976	0.804679	0.675572	2.50721
4230000	-26.28006	0	-26.28006	0.172587	0.22362	0.278476	0.149661	0.250912	0.160695	2.37545	0.605899	0.50228
4240000	-31.10185	0	-31.10185	0.297531	0.113942	0.322106	0.301765	0.135044	0.059954	1.22785	0.262626	0.590888
4250000	-27.86715	0	-27.86715	0.191413	0.0660996	0.0900584	0.419228	0.0842572	0.106489	0.9178	3.37028	0.265064
4260000	-19.91918	0	-19.91918	0.162087	0.0686265	0.173329	0.231163	0.296408	0.0868572	1.05198	2.97547	2.28289
4270000	-28.85698	0	-28.85698	0.126321	0.245087	0.192092	0.380277	0.179162	0.239954	0.876176	1.07704	0.389836
4280000	-31.19139	0	-31.19139	0.172883	0.122615	0.146001	0.475519	0.104509	0.144141	1.10569	1.17087	0.405188
4290000	-24.13832	0	-24.13832	0.124637	0.188294	0.118027	0.424373	0.121876	0.153119	1.50785	0.619551	2.97816
4300000	-35.20234	0	-35.20234	0.0800828	0.178428	0.275302	0.214715	0.108854	0.108503	1.89246	0.0381516	0.118243
4310000	-23.67149	0	-23.67149	0.117765	0.150738	0.229899	0.348925	0.205197	0.126341	1.04347	3.21233	2.69889
4320000	-25.81926	0	-25.81926	0.0764927	0.0756978	0.247504	0.478959	0.0477232	0.109425	0.57682	0.571603	1.1877
4330000	-31.81204	0	-31.81204	0.0970912	0.120682	0.225604	0.204519	0.106662	0.0773397	1.52564	2.2852	1.16799
4340000	-24.20244	0	-24.20244	0.0829699	0.104686	0.147069	0.271144	0.214008	0.06327	0.909401	1.93135	1.62315
4350000	-23.05382	0	-23.05382	0.224223	0.106916	0.117845	0.248086	0.149054	0.0619939	1.36758	1.67658	1.49612
4360000	-23.47422	0	-23.47422	0.263749	0.161043	0.12053	0.192977	0.0551899	0.0981295	1.46968	0.958224	3.86233
4370000	-30.39537	0	-30.39537	0.107324	0.0610266	0.234517	0.425272	0.283207	0.0324056	1.96257	0.433757	0.54181
4380000	-21.98883	0	-21.98883	0.07427	0.0772192	0.205735	0.374696	0.0847219	0.0696651	1.07131	1.27333	2.0231
4390000	-21.55044	0	-21.55044	0.183999	0.157845	0.257013	0.389684	0.25008	0.0711426	1.67544	2.13596	0.689491
4400000	-26.28998	0	-26.28998	0.178385	0.158213	0.201247	0.408029	0.17361	0.145177	0.89826	0.694998	1.14637
4410000	-22.24075	0	-22.24075	0.179513	0.157864	0.272842	0.32461	0.0826303	0.108794	0.702247	0.23046	1.23566
4420000	-26.03174	0	-26.03174	0.19111	0.0704955	0.150363	0.66087	0.0406053	0.115042	3.19945	0.841021	1.02699
4430000	-22.19244	0	-22.19244	0.12582	0.0641592	0.188451	0.32512	0.193382	0.110648	1.21141	1.32058	0.323454
4440000	-24.34667	0	-24.34667	0.0975521	0.215563	0.275638	0.321641	0.110463	0.191233	1.11158	1.61378	2.53704
4450000	-28.96602	0	-28.96602	0.179233	0.108011	0.143478	0.406584	0.265677	0.0777462	2.87082	2.78167	0.402378
4460000	-25.99084	0	-25.99084	0.187227	0.0609399	0.27588	0.301614	0.420109	0.180082	2.00134	2.26364	2.51404
4470000	-28.595	0	-28.595	0.258263	0.0930125	0.179358	0.123568	0.168567	0.103897	1.3399	0.57853	0.906856
4480000	-20.94538	0	-20.94538	0.267223	0.1261	0.219338	0.370211	0.135346	0.0955935	1.12568	1.11402	3.13473
4490000	-23.31985	0	-23.31985	0.102033	0.205499	0.284345	0.331491	0.100404	0.138777	1.01456	0.282533	1.88368
4500000	-29.92952	0	-29.92952	0.268408	0.0530898	0.156888	0.121562	0.481954	0.103285	1.25511	3.67051	0.739342
4510000	-29.718	0	-29.718	0.161574	0.067098	0.26476	0.389411	0.152849	0.0786885	1.5619	1.21518	2.67833
4520000	-27.49669	0	-27.49669	0.114852	0.0677911	0.124186	0.249556	0.090079	0.129085	1.15313	1.02425	1.77729
4530000	-24.0073	0	-24.0073	0.096899	0.284263	0.163292	0.307847	0.099541	0.0742297	2.2763	0.46426	0.765939
4540000	-27.71819	0	-27.71819	0.240477	0.122945	0.402504	0.572355	0.104031	0.181477	2.88229	0.480813	0.510402
4550000	-25.25027	0	-25.25027	0.21311	0.229488	0.253372	0.242489	0.220322	0.120375	1.36306	1.26192	1.29176
4560000	-24.5595	0	-24.5595	0.241836	0.0586352	0.261698	0.340599	0.121352	0.124282	1.06399	2.15316	2.22677
4570000	-25.2342	0	-25.2342	0.15032	0.115741	0.0812344	0.408508	0.225306	0.130082	2.9651	0.441978	1.47579
4580000	-23.41514	0	-23.41514	0.256689	0.208546	0.151475	0.305288	0.122674	0.0867081	0.693875	1.59428	1.63465
4590000	-28.05438	0	-28.05438	0.313006	0.214829	0.321282	0.316222	0.0674218	0.188529	1.67266	1.41945	2.59178
4600000	-35.08059	0	-35.08059	0.0651611	0.105457	0.372394	0.469818	0.149235	0.0804382	0.499624	0.208522	0.559006
4610000	-23.75605	0	-23.75605	0.105064	0.176429	0.236997	0.1571	0.123081	0.0739342	0.679972	1.58394	3.03457
4620000	-31.80299	0	-31.80299	0.150998	0.203965	0.242895	0.772129	0.0998062	0.0359772	0.711152	0.359856	0.605308
4630000	-23.7376	0	-23.7376	0.175273	0.155109	0.249534	0.246481	0.101174	0.0615703	0.688829	1.70829	4.04653
4640000	-31.88472	0	-31.88472	0.223377	0.184503	0.246486	0.280122	0.067277	0.122065	1.693	0.0847164	0.886741
4650000	-25.45305	0	-25.45305	0.113746	0.0834333	0.149123	0.159007	0.192811	0.13115	0.939723	1.90761	0.628263
4660000	-23.80493	0	-23.80493	0.127719	0.171153	0.222108	0.183209	0.0728319	0.0913063	0.577665	0.61853	1.75109
4670000	-29.98973	0	-29.98973	0.0716045	0.507667	0.264676	0.440023	0.0888895	0.0992318	0.764625	1.57457	1.31296
4680000	-31.99012	0	-31.99012	0.116111	0.116699	0.147009	0.213927	0.0698182	0.211216	1.75076	0.876846	0.340547
4690000	-19.43681	0	-19.43681	0.151759	0.0866806	0.237636	0.238385	0.0661903	0.136005	1.60606	1.53937	1.97007
4700000	-26.06238	0	-26.06238	0.186412	0.299422	0.132186	0.278762	0.100672	0.151482	2.52806	1.5154	1.36923
4710000	-31.36831	0	-31.36831	0.264371	0.0950129	0.122984	0.301339	0.0917001	0.0929551	0.981892	0.225702	1.90196
4720000	-24.69349	0	-24.69349	0.242785	0.0856052	0.131074	0.291303	0.186785	0.118955	1.73883	4.27742	1.22554
4730000	-26.7104	0	-26.7104	0.111508	0.102324	0.204197	0.424597	0.221586	0.0403521	0.839851	1.17549	0.279367
4740000	-28.05716	0	-28.05716	0.0890117	0.0484487	0.165379	0.557152	0.109866	0.149146	2.22202	0.387502	0.595522
4750000	-27.11479	0	-27.11479	0.166516	0.14847	0.383848	0.261408	0.176054	0.162962	0.688594	1.13621	2.94616
4760000	-23.14321	0	-23.14321	0.156542	0.0927173	0.201591	0.502851	0.0822956	0.039906	2.4603	3.01449	0.80692
4770000	-26.02823	0	-26.02823	0.238272	0.0869557	0.344116	0.318021	0.186272	0.193514	0.821761	1.48216	1.83048
4780000	-26.24804	0	-26.24804	0.248242	0.0586921	0.209685	0.251987	0.255009	0.133018	1.87997	1.67918	0.563346
4790000	-25.42169	0	-25.42169	0.176582	0.150204	0.237864	0.191447	0.103352	0.106445	2.86562	0.299369	0.927431
4800000	-24.51774	0	-24.51774	0.138566	0.126711	0.10799	0.276052	0.178443	0.0603821	1.284	3.06395	0.280179
4810000	-34.53921	0	-34.53921	0.113776	0.391881	0.148281	0.685916	0.0736956	0.191789	0.195747	1.23045	0.986858
4820000	-22.8667	0	-22.8667	0.173385	0.142918	0.138416	0.173727	0.0895973	0.0647774	0.652456	2.48931	4.19693
4830000	-20.25495	0	-20.25495	0.196644	0.102148	0.102808	0.498231	0.126599	0.199173	4.24529	0.854305	1.43037
4840000	-26.98931	0	-26.98931	0.237651	0.24622	0.284323	0.343822	0.200674	0.0793656	1.12736	1.67575	0.256355
4850000	-27.47907	0	-27.47907	0.109235	0.103104	0.267117	0.231793	0.0391825	0.131805	0.999769	0.222297	1.33616
4860000	-27.79823	0	-27.79823	0.307256	0.129531	0.139046	0.258905	0.233336	0.159147	2.22923	1.86549	1.49774
4870000	-31.81327	0	-31.81327	0.047682	0.127971	0.117718	0.631131	0.397676	0.107058	2.05141	0.67262	2.37313
4880000	-22.27363	0	-22.27363	0.154858	0.059804	0.106835	0.340341	0.0687269	0.135875	1.31799	3.26507	1.43767
4890000	-31.0499	0	-31.0499	0.11546	0.241853	0.118232	0.331738	0.29526	0.0674827	0.537797	1.65026	1.0474
4900000	-28.89779	0	-28.89779	0.175666	0.115552	0.156554	0.280518	0.0766361	0.0986667	0.780872	1.62194	0.795715
4910000	-22.89088	0	-22.89088	0.201227	0.141304	0.174346	0.39349	0.111648	0.206739	1.13421	1.98895	0.638782
4920000	-26.40238	0	-26.40238	0.155739	0.0538297	0.219439	0.233265	0.108759	0.109571	1.23996	0.761654	1.13418
4930000	-23.07611	0	-23.07611	0.203012	0.104665	0.292859	0.261898	0.105166	0.28374	1.17299	1.2692	1.61576
4940000	-22.34175	0	-22.34175	0.185001	0.13117	0.178622	0.425825	0.0696571	0.0718948	2.95763	1.51839	1.51221
4950000	-24.02138	0	-24.02138	0.121837	0.208337	0.0640041	0.295294	0.162786	0.20807	3.58759	0.598384	3.06143
4960000	-19.91399	0	-19.91399	0.17372	0.0917749	0.250996	0.341115	0.137856	0.0638139	2.30041	2.0307	3.75986
4970000	-23.79654	0	-23.79654	0.0818811	0.163302	0.0919017	0.392364	0.0622635	0.12557	0.566103	1.22928	0.934887
4980000	-26.25505	0	-26.25505	0.149439	0.118439	0.0756269	0.219966	0.097232	0.0838158	0.448686	0.392018	0.568088
4990000	-27.53424	0	-27.53424	0.237088	0.165241	0.154823	0.273483	0.240688	0.156457	0.757428	2.68715	1.25785
5000000	-23.86457	0	-23.86457	0.0981333	0.110686	0.312612	0.20811	0.194437	0.100018	2.3729	1.35726	1.52826
