Iteration	Posterior	Likelihood	Prior	lambda[1]	lambda[2]	lambda[3]	mu[1]	mu[2]	mu[3]	psi[1]	psi[2]	psi[3]
0	-76.01889	0	-76.01889	0.145708	0.290189	0.280128	0.10331	0.0577983	0.220007	1.00147	0.00991306	2.31904
10000	-38.7538	0	-38.7538	0.141197	0.242447	0.392885	0.379844	0.0737633	0.172747	2.76619	0.240853	1.07677
20000	-31.51671	0	-31.51671	0.196053	0.0951323	0.175083	0.345702	0.104734	0.294172	2.96811	0.315885	0.770378
30000	-31.39138	0	-31.39138	0.122797	0.274396	0.193169	0.510901	0.20746	0.161065	2.66144	0.890795	0.565743
40000	-28.9449	0	-28.9449	0.251633	0.241357	0.146626	0.463296	0.07189	0.259515	3.10838	1.00287	0.989115
50000	-36.70286	0	-36.70286	0.138498	0.21698	0.129	0.263655	0.380282	0.0665758	3.16875	1.29588	1.90513
60000	-32.92268	0	-32.92268	0.232883	0.250166	0.338651	0.364388	0.160235	0.139652	3.13105	1.81398	1.33982
70000	-38.12064	0	-38.12064	0.132257	0.217822	0.118724	0.772134	0.0726827	0.11403	4.83357	0.517298	0.164257
80000	-29.67508	0	-29.67508	0.137207	0.21948	0.197294	0.400509	0.206121	0.165868	3.63184	1.16876	1.41647
90000	-31.51889	0	-31.51889	0.120564	0.160634	0.275682	0.386958	0.0447529	0.0767865	9.03317	0.707064	0.16684
100000	-42.01682	0	-42.01682	0.107067	0.0759031	0.261765	0.448097	0.271386	0.186992	2.00191	0.0989106	0.0988631
110000	-38.6925	0	-38.6925	0.0785103	0.163455	0.135159	0.205	0.188658	0.206442	2.00472	0.142409	0.517827
120000	-38.96594	0	-38.96594	0.121582	0.23116	0.173878	0.336125	0.258962	0.111694	4.21392	0.329147	0.732701
130000	-39.58448	0	-39.58448	0.111939	0.132041	0.173636	0.441059	0.20541	0.0926144	2.43983	0.433306	0.115504
140000	-25.45706	0	-25.45706	0.135394	0.315925	0.159521	0.469125	0.112743	0.116313	5.26214	0.482894	0.637592
150000	-33.76179	0	-33.76179	0.157991	0.093943	0.29253	0.247151	0.0905932	0.0987245	2.32217	0.271614	0.822324
160000	-43.77807	0	-43.77807	0.186832	0.353627	0.272611	0.284306	0.0420822	0.12523	3.46939	0.341925	0.78921
170000	-38.21355	0	-38.21355	0.238966	0.212988	0.232211	0.496413	0.15213	0.0847281	1.57276	0.238629	0.551801
180000	-26.60293	0	-26.60293	0.104263	0.079384	0.284466	0.478488	0.121264	0.0910229	10.9645	0.336627	0.316942
190000	-27.56557	0	-27.56557	0.12803	0.0954272	0.162507	0.243254	0.0981701	0.0764823	1.71009	0.535558	2.49128
200000	-33.07852	0	-33.07852	0.156423	0.102405	0.22973	0.360532	0.115318	0.108034	3.71032	0.86233	0.748267
210000	-33.66526	0	-33.66526	0.252748	0.182081	0.151588	0.320274	0.174143	0.102608	2.33442	0.416346	0.48223
220000	-32.91369	0	-32.91369	0.200536	0.0766278	0.30155	0.0970716	0.0800933	0.0765042	4.1455	0.625784	0.332606
230000	-31.59472	0	-31.59472	0.298154	0.19615	0.257275	0.272376	0.156396	0.135376	1.50782	0.909212	2.7012
240000	-28.19312	0	-28.19312	0.260476	0.171753	0.163714	0.476356	0.121117	0.0830547	4.93501	1.49846	0.484218
250000	-33.18087	0	-33.18087	0.177823	0.432942	0.203033	0.351017	0.138007	0.112916	3.47184	0.356131	0.603073
260000	-28.79931	0	-28.79931	0.134259	0.168807	0.146005	0.701032	0.116873	0.175174	8.23522	0.745769	0.916752
270000	-34.94825	0	-34.94825	0.372112	0.213345	0.181257	0.585863	0.145691	0.118724	2.69681	0.387483	1.0061
280000	-30.9334	0	-30.9334	0.181493	0.239648	0.10216	0.14313	0.180737	0.137425	3.54895	0.860694	0.499326
290000	-33.05634	0	-33.05634	0.205281	0.113638	0.187268	0.190438	0.099127	0.1153	2.37059	0.353303	0.498228
300000	-29.52567	0	-29.52567	0.148977	0.401321	0.448137	0.21163	0.109897	0.121168	4.49416	0.343547	1.7232
310000	-26.84029	0	-26.84029	0.12445	0.233889	0.219813	0.224863	0.100157	0.238528	3.06056	1.8317	0.90483
320000	-45.01931	0	-45.01931	0.116699	0.0858851	0.324296	0.276156	0.0882028	0.147472	1.39738	0.3252	0.0439082
330000	-23.72312	0	-23.72312	0.178357	0.203248	0.0638133	0.331229	0.101413	0.124579	5.74265	1.30651	0.959557
340000	-26.02679	0	-26.02679	0.147662	0.24879	0.285474	0.226099	0.0932049	0.0748899	4.3608	1.1608	3.08757
350000	-32.06413	0	-32.06413	0.119118	0.11796	0.178697	0.372333	0.232402	0.136162	2.32022	1.09109	3.19379
360000	-35.25427	0	-35.25427	0.226535	0.252928	0.137145	0.440631	0.0978496	0.0458851	1.52961	0.856676	1.23486
370000	-23.52564	0	-23.52564	0.1825	0.213468	0.194132	0.514195	0.0550598	0.155134	5.65732	0.794359	1.45819
380000	-35.20054	0	-35.20054	0.166585	0.0925401	0.189515	0.711078	0.107623	0.0724781	2.85546	0.284072	0.429332
390000	-27.71464	0	-27.71464	0.142986	0.276656	0.158978	0.334547	0.105012	0.145441	3.71239	0.74336	2.65633
400000	-42.90747	0	-42.90747	0.26271	0.247107	0.162023	0.256478	0.118441	0.12957	0.596048	0.268015	0.839737
410000	-28.07924	0	-28.07924	0.275396	0.438808	0.113673	0.217083	0.0637496	0.127416	5.46178	0.480762	5.81675
420000	-37.94278	0	-37.94278	0.212919	0.221491	0.207101	0.188235	0.193204	0.134905	2.54173	0.170987	0.999516
430000	-25.27028	0	-25.27028	0.144082	0.307449	0.0907144	0.213536	0.141943	0.170826	6.68621	2.1881	3.39928
440000	-31.14951	0	-31.14951	0.157003	0.207853	0.140887	0.286976	0.118028	0.167915	2.18157	0.772071	0.75201
450000	-29.8012	0	-29.8012	0.311352	0.279541	0.166208	0.270821	0.0904569	0.212818	2.40023	2.44425	0.686985
460000	-43.66259	0	-43.66259	0.103886	0.0981635	0.0994787	0.195229	0.0811312	0.0570447	1.85769	0.450155	0.785839
470000	-32.19035	0	-32.19035	0.0885134	0.216291	0.2959	0.269597	0.174491	0.167145	4.52142	0.251486	0.235426
480000	-27.35783	0	-27.35783	0.323529	0.251251	0.31749	0.33409	0.153348	0.395101	2.89797	0.834461	0.68267
490000	-32.9381	0	-32.9381	0.24202	0.172045	0.212261	0.398611	0.0882259	0.151709	3.18939	1.17536	0.292245
500000	-33.74001	0	-33.74001	0.1256	0.200165	0.133402	0.469761	0.0674801	0.0898907	3.66645	0.413989	0.301679
510000	-31.96828	0	-31.96828	0.321133	0.318535	0.171517	0.23361	0.111406	0.24421	2.92142	0.986428	0.692672
520000	-40.79335	0	-40.79335	0.227572	0.160983	0.150836	0.223092	0.055513	0.532324	3.58858	0.956698	1.40914
530000	-27.55532	0	-27.55532	0.177515	0.184511	0.473758	0.324099	0.191565	0.214756	3.59854	0.198904	2.25222
540000	-25.2636	0	-25.2636	0.129351	0.126876	0.200708	0.647609	0.101536	0.166647	5.69676	0.584791	0.21441
550000	-31.1121	0	-31.1121	0.132742	0.111817	0.102543	0.287102	0.0987483	0.0629218	3.83762	0.714391	0.409093
560000	-22.86029	0	-22.86029	0.162612	0.126289	0.226015	0.338605	0.162805	0.138323	3.76369	0.837231	2.4332
570000	-26.41972	0	-26.41972	0.257458	0.254985	0.502175	0.439487	0.155324	0.258797	4.22238	0.498557	1.63769
580000	-25.80475	0	-25.80475	0.0580997	0.312615	0.211253	0.49129	0.102073	0.0923077	5.7097	0.592583	0.65903
590000	-23.00034	0	-23.00034	0.18836	0.0939168	0.232637	0.434647	0.106921	0.113852	5.44187	2.47056	2.236
600000	-39.10386	0	-39.10386	0.122565	0.316711	0.118735	0.278504	0.173192	0.106482	3.63667	0.408693	0.381913
610000	-30.94324	0	-30.94324	0.124968	0.318358	0.152395	0.21218	0.125809	0.126591	5.02582	0.452248	0.233274
620000	-36.67265	0	-36.67265	0.134958	0.124575	0.209183	0.199631	0.1831	0.105543	4.79609	0.164042	0.121356
630000	-38.55455	0	-38.55455	0.200553	0.246503	0.232976	0.200724	0.131649	0.0817016	3.92241	1.817	0.495131
640000	-23.10685	0	-23.10685	0.282953	0.226995	0.137955	0.238606	0.117498	0.15915	4.064	0.640609	0.517756
650000	-31.58452	0	-31.58452	0.291746	0.179311	0.309659	0.580798	0.0543581	0.097349	4.62755	0.415602	0.787464
660000	-26.5163	0	-26.5163	0.293856	0.143596	0.131262	0.393799	0.182246	0.0927443	5.46808	0.814941	0.574882
670000	-26.16797	0	-26.16797	0.131064	0.182364	0.270977	0.666955	0.0691519	0.124098	3.1474	0.378743	1.09836
680000	-38.44576	0	-38.44576	0.063215	0.250573	0.146089	0.444385	0.0598167	0.157834	2.56063	1.36102	0.937479
690000	-24.55975	0	-24.55975	0.254515	0.174084	0.127833	0.278443	0.109579	0.133936	4.22497	0.407931	0.549162
700000	-40.40935	0	-40.40935	0.172704	0.0872999	0.130453	0.423335	0.0949336	0.0961437	1.99691	0.289486	0.225198
710000	-26.47316	0	-26.47316	0.0964227	0.22154	0.107161	0.364299	0.0914755	0.11903	4.48789	0.98028	2.04958
720000	-26.64135	0	-26.64135	0.19317	0.172244	0.130551	0.278319	0.183598	0.0966193	1.17091	2.37806	1.7028
730000	-27.33126	0	-27.33126	0.107079	0.382307	0.211475	0.251832	0.17437	0.196966	5.08117	0.561023	0.383448
740000	-31.26438	0	-31.26438	0.076685	0.115002	0.0837797	0.352349	0.214525	0.12191	2.88638	0.534683	0.782067
750000	-25.83888	0	-25.83888	0.134219	0.125639	0.438256	0.325325	0.1488	0.0464895	10.304	0.69912	1.20456
760000	-37.98593	0	-37.98593	0.0854713	0.210776	0.302887	0.272059	0.249565	0.121294	2.7784	0.435566	1.42849
770000	-38.78775	0	-38.78775	0.220719	0.0724789	0.33724	0.096748	0.154819	0.397023	4.94603	0.401209	0.332101
780000	-38.07913	0	-38.07913	0.12559	0.305631	0.0610093	0.388286	0.112026	0.0660855	4.43898	0.703086	0.79441
790000	-31.55296	0	-31.55296	0.0943732	0.210083	0.55466	0.220396	0.0844863	0.0784711	3.23872	5.12188	1.71153
800000	-45.71393	0	-45.71393	0.157158	0.153977	0.164693	0.537787	0.263473	0.108787	3.50343	0.327915	0.0726616
810000	-25.98135	0	-25.98135	0.132222	0.219274	0.200257	0.373447	0.180503	0.348017	3.40325	0.653928	1.84704
820000	-34.15065	0	-34.15065	0.117476	0.197407	0.154929	0.407254	0.0695169	0.16546	2.19064	0.460775	0.468616
830000	-30.04166	0	-30.04166	0.229098	0.119054	0.112303	0.5623	0.116752	0.186566	8.88207	0.133837	0.579255
840000	-31.73105	0	-31.73105	0.0718417	0.127916	0.551267	0.262964	0.207697	0.254434	6.8121	0.611867	1.24807
850000	-34.03459	0	-34.03459	0.0902262	0.225143	0.455038	0.424832	0.120778	0.135846	3.85688	0.684314	0.531858
860000	-34.12481	0	-34.12481	0.228184	0.271265	0.301073	0.56259	0.0831085	0.199451	1.69921	0.140471	0.923133
870000	-20.78087	0	-20.78087	0.170947	0.282243	0.191248	0.227285	0.066071	0.198298	4.94992	1.00269	1.31132
880000	-35.47943	0	-35.47943	0.139289	0.298706	0.0642393	0.329758	0.0923878	0.0806264	3.81773	0.474093	0.557289
890000	-44.41153	0	-44.41153	0.205698	0.130876	0.0730805	0.328643	0.0599059	0.0721027	1.48921	0.294989	0.110202
900000	-27.79614	0	-27.79614	0.188613	0.209158	0.268632	0.292988	0.0926719	0.102311	4.29064	1.45284	1.14993
910000	-21.89747	0	-21.89747	0.157091	0.161519	0.312985	0.423681	0.150841	0.224815	4.92644	0.565601	1.64952
920000	-24.36513	0	-24.36513	0.202554	0.111487	0.0849368	0.277076	0.0593749	0.178596	8.40056	0.64096	1.52293
930000	-25.59354	0	-25.59354	0.232478	0.272356	0.175594	0.177503	0.0644435	0.245038	2.22399	1.16286	2.59595
940000	-31.54371	0	-31.54371	0.279391	0.219155	0.147197	0.244588	0.167592	0.189862	4.30253	0.475707	0.453741
950000	-36.226	0	-36.226	0.139033	0.226199	0.153217	0.201346	0.125584	0.0727716	1.29181	0.251929	1.61002
960000	-29.55782	0	-29.55782	0.112711	0.252053	0.166837	0.309977	0.163049	0.0755334	2.79472	0.659026	0.607452
970000	-30.23692	0	-30.23692	0.223432	0.17624	0.205518	0.354414	0.159139	0.162868	4.9608	0.117696	0.264601
980000	-28.66512	0	-28.66512	0.11728	0.0774996	0.201401	0.225225	0.0989636	0.237074	2.82807	0.439796	0.631384
990000	-34.64761	0	-34.64761	0.180975	0.155941	0.194078	0.25537	0.268198	0.186874	3.10433	0.361146	0.415659
1000000	-31.19007	0	-31.19007	0.116225	0.25542	0.0997215	0.251376	0.113128	0.112696	2.70339	0.309	0.791767
1010000	-39.19231	0	-39.19231	0.350943	0.0813539	0.0961327	0.594508	0.0492574	0.254106	3.71201	0.909587	0.569137
1020000	-25.60486	0	-25.60486	0.188165	0.205361	0.335573	0.238277	0.227161	0.137367	7.78765	0.691745	0.578802
1030000	-28.56945	0	-28.56945	0.0912554	0.468364	0.108295	0.631286	0.219426	0.149967	5.57425	0.436469	2.12921
1040000	-35.22165	0	-35.22165	0.170396	0.187452	0.169246	0.263903	0.107538	0.118256	3.22167	0.15683	0.477674
1050000	-31.35411	0	-31.35411	0.102571	0.172036	0.0890027	0.366728	0.131575	0.0408785	3.19255	1.8034	3.30354
1060000	-26.22306	0	-26.22306	0.238715	0.179297	0.257397	0.535302	0.132375	0.0710805	6.76877	0.507446	0.400401
1070000	-32.3916	0	-32.3916	0.171281	0.143582	0.104629	0.341699	0.0785506	0.123356	5.3794	0.868549	0.326708
1080000	-23.63521	0	-23.63521	0.21262	0.333672	0.146777	0.302928	0.114198	0.0892	2.70174	2.77623	1.815
1090000	-36.99837	0	-36.99837	0.0884047	0.135611	0.410146	0.224578	0.0956179	0.348741	1.89168	0.198877	1.25117
1100000	-32.53586	0	-32.53586	0.115197	0.132394	0.0817112	0.271168	0.149912	0.0852792	4.56378	0.674915	0.399461
1110000	-34.90991	0	-34.90991	0.101378	0.143608	0.200435	0.235062	0.13438	0.286466	2.44037	0.702281	0.501348
1120000	-39.67888	0	-39.67888	0.237632	0.264907	0.145476	0.267034	0.178263	0.14152	1.44546	0.62933	0.233512
1130000	-33.1579	0	-33.1579	0.210315	0.137639	0.145882	0.374375	0.111204	0.120488	2.3037	0.594534	2.05363
1140000	-29.40665	0	-29.40665	0.238924	0.233874	0.427889	0.229964	0.0963021	0.0821281	3.73305	1.01427	1.24424
1150000	-20.32387	0	-20.32387	0.13525	0.140826	0.238657	0.343121	0.0805449	0.172428	6.90195	0.781865	0.408919
1160000	-32.13243	0	-32.13243	0.153355	0.138518	0.330843	0.292376	0.120059	0.238157	3.06947	0.79219	2.79131
1170000	-39.02319	0	-39.02319	0.168008	0.106739	0.246179	0.289745	0.236247	0.0794267	2.77698	0.380003	1.624
1180000	-30.32369	0	-30.32369	0.149862	0.117036	0.371935	0.340789	0.121954	0.096977	2.50674	0.463922	0.519609
1190000	-37.72913	0	-37.72913	0.220438	0.346721	0.118943	0.659108	0.122494	0.135079	2.14407	0.0707582	0.522534
1200000	-22.93525	0	-22.93525	0.134015	0.0830266	0.115428	0.40664	0.130994	0.18749	3.53697	0.724699	1.76006
1210000	-32.97867	0	-32.97867	0.13708	0.23595	0.25527	0.206512	0.253838	0.058166	6.32499	0.584176	1.37971
1220000	-38.96852	0	-38.96852	0.212528	0.480155	0.130774	0.30484	0.204914	0.130729	2.07665	0.450795	1.30265
1230000	-31.82637	0	-31.82637	0.127151	0.157778	0.201956	0.495874	0.133671	0.0813361	3.34969	0.565076	0.753929
1240000	-32.82229	0	-32.82229	0.0914077	0.0925847	0.135151	0.399987	0.121444	0.163654	5.52328	0.451053	0.348459
1250000	-34.41554	0	-34.41554	0.12685	0.153421	0.157174	0.306927	0.205064	0.0814812	2.43717	0.428629	2.08363
1260000	-31.52018	0	-31.52018	0.180126	0.250293	0.185377	0.462664	0.1353	0.0987325	4.62373	0.69509	1.59595
1270000	-41.14414	0	-41.14414	0.0978566	0.260165	0.200559	0.528798	0.101363	0.0614267	1.27768	0.203104	0.788997
1280000	-34.31286	0	-34.31286	0.379733	0.175702	0.196539	0.475624	0.17574	0.344178	2.6095	0.937131	2.58888
1290000	-27.56249	0	-27.56249	0.1049	0.341513	0.0897084	0.633181	0.09623	0.23239	4.4005	0.943707	0.942011
1300000	-21.79118	0	-21.79118	0.143151	0.115835	0.198944	0.190921	0.172171	0.133717	5.63231	0.506973	0.703125
1310000	-42.4174	0	-42.4174	0.219563	0.160518	0.121491	0.577774	0.0675539	0.101659	4.515	0.243354	0.193654
1320000	-32.73009	0	-32.73009	0.355169	0.194841	0.350668	0.386666	0.0958979	0.160159	2.3841	2.50511	3.38176
1330000	-36.37372	0	-36.37372	0.093477	0.173737	0.212497	0.321395	0.199439	0.22773	2.94864	0.322839	0.103781
1340000	-24.82455	0	-24.82455	0.121332	0.15	0.142617	0.465771	0.0869092	0.143997	4.99625	0.568288	0.450738
1350000	-41.81113	0	-41.81113	0.0895363	0.0851455	0.245718	0.347888	0.0388224	0.202378	3.48819	0.561216	0.161976
1360000	-32.98705	0	-32.98705	0.172442	0.137891	0.394724	0.291418	0.180407	0.116458	7.37039	0.215142	0.409168
1370000	-37.28919	0	-37.28919	0.163184	0.24476	0.23829	0.317505	0.0406437	0.207002	2.44462	0.162002	0.267333
1380000	-41.17377	0	-41.17377	0.130007	0.551893	0.0673839	0.319692	0.150825	0.177269	1.98526	0.333118	0.480055
1390000	-40.90645	0	-40.90645	0.123383	0.301024	0.164566	0.243545	0.202819	0.148908	2.02468	0.0642007	2.07792
1400000	-36.02417	0	-36.02417	0.118678	0.226809	0.0822365	0.20541	0.14696	0.430359	4.49183	1.01342	1.45315
1410000	-39.08473	0	-39.08473	0.281739	0.253009	0.260347	0.196761	0.182404	0.209494	3.99881	1.66102	0.170499
1420000	-25.68775	0	-25.68775	0.076403	0.08864	0.255514	0.254641	0.0909653	0.110706	4.12848	0.375527	1.48641
1430000	-25.39199	0	-25.39199	0.191785	0.160367	0.133094	0.430138	0.146	0.438224	3.77025	3.05301	2.0972
1440000	-35.43548	0	-35.43548	0.214745	0.163576	0.211705	0.297729	0.21227	0.120469	3.31412	0.924018	0.0732351
1450000	-27.62992	0	-27.62992	0.152549	0.121307	0.0819243	0.162885	0.0996199	0.125875	3.46367	0.34804	0.891703
1460000	-26.72075	0	-26.72075	0.139396	0.102162	0.135411	0.169643	0.0812589	0.203221	1.99306	1.14997	1.47042
1470000	-33.01028	0	-33.01028	0.214188	0.211083	0.19774	0.191059	0.082852	0.225905	2.94011	0.387196	0.324788
1480000	-32.45784	0	-32.45784	0.240485	0.260683	0.0895608	0.22714	0.0701215	0.159615	4.45157	0.262507	0.789105
1490000	-28.55383	0	-28.55383	0.114285	0.0980528	0.161248	0.386512	0.174215	0.0669422	3.54925	0.445852	0.62384
1500000	-30.47955	0	-30.47955	0.114222	0.0615531	0.224322	0.180822	0.115783	0.269328	2.81981	0.908727	1.2959
1510000	-36.04558	0	-36.04558	0.257332	0.113126	0.273254	0.282466	0.077845	0.29718	1.64684	1.01838	1.14224
1520000	-34.70951	0	-34.70951	0.211106	0.198516	0.0891077	0.166491	0.218014	0.196299	2.37938	0.443803	0.639879
1530000	-32.61752	0	-32.61752	0.252665	0.0883742	0.284253	0.325453	0.104745	0.175448	2.75955	0.900245	0.603987
1540000	-36.87	0	-36.87	0.157451	0.148449	0.584249	0.297717	0.14914	0.0997657	1.3682	0.299049	1.23955
1550000	-28.57789	0	-28.57789	0.201949	0.225905	0.162352	0.245956	0.144915	0.225091	5.7907	0.886265	1.87471
1560000	-40.70435	0	-40.70435	0.215504	0.227831	0.171574	0.554491	0.102339	0.0897501	2.52222	0.285136	0.218953
1570000	-24.89859	0	-24.89859	0.0890407	0.0815538	0.264501	0.555666	0.189154	0.164435	6.82516	1.75136	2.71177
1580000	-32.64567	0	-32.64567	0.210393	0.147715	0.206206	0.220807	0.150106	0.110138	2.19927	0.370133	0.996859
1590000	-39.85039	0	-39.85039	0.0939023	0.287965	0.204432	0.363466	0.0736862	0.115018	4.00581	0.352876	0.165334
1600000	-38.66643	0	-38.66643	0.215781	0.126723	0.192411	0.247435	0.128857	0.297682	2.23422	0.534147	1.82
1610000	-31.41442	0	-31.41442	0.0947135	0.302549	0.404542	0.266488	0.108933	0.163172	3.053	0.422993	1.11409
1620000	-27.23179	0	-27.23179	0.157541	0.0702264	0.325397	0.200188	0.182705	0.159929	10.2515	0.450291	1.47881
1630000	-31.74779	0	-31.74779	0.194036	0.187011	0.326827	0.299112	0.102086	0.285135	2.67931	0.734675	1.03099
1640000	-31.0414	0	-31.0414	0.206799	0.169292	0.134007	0.334666	0.113984	0.0744798	6.49054	0.849773	0.408848
1650000	-27.88281	0	-27.88281	0.0862195	0.182085	0.127572	0.467504	0.158493	0.157761	3.51845	0.56821	1.07216
1660000	-32.69397	0	-32.69397	0.250281	0.0889225	0.340534	0.176593	0.0795663	0.30639	3.99584	0.590178	0.979627
1670000	-36.37394	0	-36.37394	0.0855145	0.31592	0.140814	0.422688	0.0596753	0.0610226	3.023	0.209211	0.228652
1680000	-33.60988	0	-33.60988	0.152814	0.122884	0.753405	0.159655	0.239397	0.0950842	3.12129	0.42162	0.568788
1690000	-27.54468	0	-27.54468	0.159982	0.198973	0.344155	0.376979	0.1022	0.343203	4.68151	0.443651	1.11721
1700000	-42.27596	0	-42.27596	0.146041	0.172217	0.222753	0.352718	0.24292	0.162355	2.48626	0.956588	0.185743
1710000	-31.69004	0	-31.69004	0.233945	0.115886	0.256722	0.329294	0.209818	0.193112	3.05118	0.34908	1.93634
1720000	-40.99919	0	-40.99919	0.156955	0.337221	0.168266	0.833273	0.132895	0.125233	4.60637	0.143063	0.320123
1730000	-23.00004	0	-23.00004	0.175617	0.185931	0.105501	0.320395	0.0709818	0.0759313	3.37431	0.372314	0.715728
1740000	-23.42297	0	-23.42297	0.133384	0.190632	0.042808	0.276096	0.154768	0.113546	4.12015	0.732147	2.69816
1750000	-25.23018	0	-25.23018	0.189945	0.112178	0.186346	0.204056	0.15704	0.170006	4.55891	2.05146	3.9319
1760000	-31.45238	0	-31.45238	0.175771	0.204767	0.245129	0.375556	0.114471	0.0875564	2.63957	0.220779	0.938579
1770000	-40.29725	0	-40.29725	0.152415	0.140851	0.538031	0.363408	0.234887	0.213842	3.58097	0.671346	1.18741
1780000	-45.56941	0	-45.56941	0.0907792	0.0739715	0.553121	0.243597	0.0754354	0.0926623	1.52447	0.0898605	0.184813
1790000	-30.48889	0	-30.48889	0.182728	0.100555	0.121393	0.273094	0.0767094	0.15446	5.60793	0.075013	1.26795
1800000	-34.2919	0	-34.2919	0.226376	0.0824114	0.19334	0.386065	0.0569583	0.139285	2.30316	0.39219	0.270704
1810000	-29.86726	0	-29.86726	0.175908	0.41249	0.240972	0.320576	0.122696	0.205465	2.13056	1.4265	0.76526
1820000	-35.01985	0	-35.01985	0.25407	0.217513	0.162501	0.453043	0.101203	0.193417	2.20127	1.5616	0.789352
1830000	-29.54935	0	-29.54935	0.171632	0.170311	0.427159	0.24073	0.106	0.0567872	4.79162	1.38391	0.497924
1840000	-30.54658	0	-30.54658	0.104242	0.0704469	0.130565	0.396504	0.171119	0.0860564	5.42302	1.35912	0.219921
1850000	-28.94555	0	-28.94555	0.217416	0.0986584	0.19346	0.314179	0.111059	0.155571	2.91238	0.794548	0.611021
1860000	-34.17444	0	-34.17444	0.251005	0.227873	0.298584	0.237354	0.0781797	0.153446	3.01014	0.458914	1.58918
1870000	-28.64035	0	-28.64035	0.151815	0.186215	0.30284	0.283435	0.118491	0.097663	2.22647	0.518941	2.51507
1880000	-39.23578	0	-39.23578	0.158101	0.248612	0.346871	0.371762	0.0883433	0.135996	3.34332	1.42416	0.319413
1890000	-27.53441	0	-27.53441	0.258697	0.270456	0.106832	0.352045	0.044864	0.144471	4.15188	0.672119	1.24159
1900000	-35.00121	0	-35.00121	0.304646	0.121667	0.205259	0.381981	0.0605233	0.107955	4.9948	0.354069	0.449153
1910000	-24.4652	0	-24.4652	0.164627	0.125942	0.196622	0.268931	0.312435	0.16603	3.74718	0.447091	0.56259
1920000	-22.93979	0	-22.93979	0.291515	0.190621	0.180052	0.372515	0.134393	0.0826956	5.32454	1.92585	1.44702
1930000	-31.01881	0	-31.01881	0.143832	0.252861	0.343228	0.539666	0.195463	0.391867	5.07213	0.849348	1.48743
1940000	-38.27777	0	-38.27777	0.374798	0.0676385	0.288826	0.205071	0.128473	0.362261	3.05322	0.598006	0.299151
1950000	-30.36538	0	-30.36538	0.10525	0.156149	0.392183	0.403911	0.201202	0.174139	5.40991	0.85235	0.399451
1960000	-46.54901	0	-46.54901	0.0991074	0.124356	0.468985	0.379394	0.144817	0.199911	2.66318	0.125655	0.173191
1970000	-36.05406	0	-36.05406	0.185558	0.11044	0.472829	0.277662	0.159461	0.0985838	5.2385	0.657107	0.12925
1980000	-44.09673	0	-44.09673	0.107584	0.0971953	0.28878	0.299043	0.18463	0.321453	2.27024	0.333842	0.0887055
1990000	-27.84748	0	-27.84748	0.128999	0.186545	0.18087	0.414869	0.208742	0.135178	3.90011	0.193283	1.62587
2000000	-43.06866	0	-43.06866	0.077716	0.0483543	0.337754	0.545544	0.102953	0.179766	2.47373	0.253362	0.468669
2010000	-29.3327	0	-29.3327	0.265602	0.246871	0.267933	0.347461	0.163863	0.162577	4.45959	1.75707	3.42682
2020000	-35.38594	0	-35.38594	0.233822	0.116135	0.139689	0.249245	0.295143	0.0530161	2.18516	0.759545	0.50719
2030000	-39.38666	0	-39.38666	0.121692	0.278877	0.126419	0.522601	0.103883	0.186153	3.27168	0.473737	0.408459
2040000	-35.40459	0	-35.40459	0.134343	0.121376	0.239816	0.337019	0.143454	0.205926	1.59813	1.03147	0.742788
2050000	-30.09837	0	-30.09837	0.109771	0.170899	0.216125	0.312782	0.135146	0.0903346	4.74825	0.608453	0.25616
2060000	-31.9983	0	-31.9983	0.0668186	0.235669	0.126265	0.252599	0.123078	0.138518	3.80181	0.448632	0.061582
2070000	-39.41777	0	-39.41777	0.177009	0.119291	0.520308	0.400143	0.109921	0.133518	2.42247	0.163956	0.571835
2080000	-37.09993	0	-37.09993	0.120253	0.121105	0.117226	0.125773	0.0750059	0.330765	2.75948	0.714128	0.963263
2090000	-33.57527	0	-33.57527	0.121268	0.370299	0.195748	0.265881	0.15611	0.168587	5.61109	0.330835	0.292305
2100000	-34.53333	0	-34.53333	0.107765	0.29749	0.303807	0.456004	0.197961	0.279713	2.91054	3.73177	1.20091
2110000	-32.5787	0	-32.5787	0.0737468	0.0947303	0.112392	0.243195	0.105275	0.222996	3.37276	1.45053	0.395539
2120000	-45.69136	0	-45.69136	0.118172	0.0872596	0.167842	0.275121	0.0557114	0.0780956	1.2463	0.327744	0.689994
2130000	-33.46469	0	-33.46469	0.0776596	0.263471	0.29647	0.454757	0.164481	0.307436	4.98418	1.85068	0.584066
2140000	-35.653	0	-35.653	0.142036	0.235788	0.190983	0.265158	0.0623169	0.415642	3.13621	0.251644	0.474798
2150000	-53.13345	0	-53.13345	0.123191	0.0563126	0.139917	0.236898	0.0554431	0.209023	1.40628	0.189352	0.10992
2160000	-26.33147	0	-26.33147	0.140075	0.37404	0.114419	0.386417	0.0705282	0.0965956	5.67794	0.696057	3.57259
2170000	-43.02407	0	-43.02407	0.123602	0.0952783	0.282651	0.429822	0.31559	0.121239	2.11254	0.214605	0.0852467
2180000	-37.14994	0	-37.14994	0.199672	0.322402	0.136847	0.3663	0.0901676	0.0823679	1.69276	0.64137	0.780699
2190000	-31.18998	0	-31.18998	0.18192	0.161595	0.149489	0.179207	0.107836	0.225376	4.33298	0.277221	0.270398
2200000	-34.74263	0	-34.74263	0.263207	0.290809	0.184357	0.421955	0.15435	0.158159	3.60043	0.49176	0.254245
2210000	-35.75025	0	-35.75025	0.327951	0.190436	0.158009	0.333813	0.135612	0.127063	3.54847	0.465585	0.198518
2220000	-31.60098	0	-31.60098	0.206958	0.386486	0.273023	0.270766	0.242459	0.0562053	1.80735	0.817749	1.48762
2230000	-38.00506	0	-38.00506	0.134303	0.0825296	0.307065	0.357364	0.195458	0.115536	1.892	0.548189	0.571592
2240000	-32.1849	0	-32.1849	0.252616	0.184183	0.111826	0.2917	0.0974815	0.162614	1.31096	0.900963	0.917286
2250000	-34.8202	0	-34.8202	0.271023	0.495508	0.177269	0.455256	0.175986	0.195079	2.27939	0.745417	0.672433
2260000	-33.17544	0	-33.17544	0.145291	0.0890304	0.245241	0.176782	0.102034	0.0876608	4.39806	0.269434	0.350569
2270000	-34.79882	0	-34.79882	0.145916	0.10488	0.300123	0.499025	0.0503555	0.0755889	4.89618	0.387548	0.599208
2280000	-33.55725	0	-33.55725	0.255726	0.209741	0.447787	0.221191	0.0800398	0.125273	3.49071	0.911565	0.637356
2290000	-29.07688	0	-29.07688	0.137613	0.200265	0.0912884	0.185522	0.0885187	0.328197	3.49792	0.940772	0.771181
2300000	-34.92523	0	-34.92523	0.150657	0.115827	0.15194	0.221547	0.21822	0.282498	3.06879	0.225872	1.11954
2310000	-27.48929	0	-27.48929	0.190183	0.154674	0.166431	0.208056	0.185595	0.331002	6.42397	0.245364	0.682912
2320000	-29.20752	0	-29.20752	0.281021	0.153337	0.328761	0.220034	0.198239	0.197912	2.72715	0.9418	1.33068
2330000	-25.66019	0	-25.66019	0.118381	0.154427	0.205503	0.434852	0.0904874	0.0974717	3.76019	1.10686	0.430362
2340000	-28.27468	0	-28.27468	0.170392	0.298823	0.154738	0.176942	0.25917	0.144741	4.60608	0.621443	0.382942
2350000	-42.49023	0	-42.49023	0.147303	0.203446	0.369636	0.302591	0.248792	0.142958	1.9277	0.524915	0.521152
2360000	-48.30065	0	-48.30065	0.146793	0.175505	0.269832	0.387435	0.103972	0.105602	1.20235	0.245917	0.136703
2370000	-24.43765	0	-24.43765	0.198752	0.182206	0.220055	0.245411	0.199799	0.246943	6.8219	0.478853	1.40826
2380000	-43.53561	0	-43.53561	0.0825599	0.199393	0.232185	0.272503	0.163835	0.0740974	1.63948	0.294657	0.224002
2390000	-41.77821	0	-41.77821	0.0795532	0.224808	0.183249	0.267996	0.0984971	0.114146	1.92382	0.125155	0.382468
2400000	-50.97411	0	-50.97411	0.352303	0.243125	0.242844	0.168921	0.351531	0.0972032	1.53126	0.488671	0.177841
2410000	-24.92011	0	-24.92011	0.175309	0.142148	0.204618	0.251316	0.12368	0.127984	3.79224	0.348009	0.802777
2420000	-36.07701	0	-36.07701	0.154873	0.131113	0.287315	0.190991	0.0989755	0.0843685	2.68785	0.262218	0.415348
2430000	-42.50914	0	-42.50914	0.142994	0.278633	0.167212	0.29596	0.139263	0.221372	1.34404	0.0990782	2.67598
2440000	-38.69173	0	-38.69173	0.142882	0.394891	0.220737	0.404525	0.230536	0.179929	1.64756	1.21166	1.89613
2450000	-29.60219	0	-29.60219	0.13754	0.0734721	0.273386	0.338676	0.23673	0.363801	3.64823	1.21531	0.620155
2460000	-40.16467	0	-40.16467	0.249317	0.0563772	0.168161	0.469545	0.056084	0.171669	2.85968	0.230868	0.883077
2470000	-24.88291	0	-24.88291	0.255721	0.266248	0.312703	0.298292	0.189595	0.118391	2.94777	0.572285	1.04016
2480000	-25.51552	0	-25.51552	0.124334	0.200218	0.263066	0.512548	0.151549	0.136401	6.22634	0.971117	0.696566
2490000	-41.81714	0	-41.81714	0.302826	0.15371	0.117288	0.429958	0.183078	0.237923	1.94196	0.525085	0.303604
2500000	-34.76359	0	-34.76359	0.252606	0.0603606	0.310927	0.392628	0.0866291	0.234771	5.38678	0.294564	0.810325
2510000	-39.71837	0	-39.71837	0.144339	0.084513	0.211219	0.666374	0.137851	0.158615	2.25678	0.40973	0.416796
2520000	-45.24817	0	-45.24817	0.140811	0.144755	0.171166	0.297478	0.202028	0.0909431	3.31743	0.320874	0.171499
2530000	-19.32186	0	-19.32186	0.177865	0.244637	0.141489	0.190003	0.233396	0.172231	3.5797	0.998962	2.44081
2540000	-34.74729	0	-34.74729	0.310622	0.113279	0.329064	0.682093	0.162165	0.151149	4.06738	0.49892	0.966802
2550000	-28.23679	0	-28.23679	0.136337	0.151163	0.186026	0.344391	0.240741	0.241857	4.63194	1.06756	2.78393
2560000	-37.36928	0	-37.36928	0.095174	0.27856	0.28021	0.28285	0.174936	0.197164	4.56425	1.54686	1.8857
2570000	-30.37648	0	-30.37648	0.286655	0.241608	0.214416	0.600179	0.106273	0.15649	3.38441	0.246825	1.27939
2580000	-24.41752	0	-24.41752	0.259479	0.253066	0.279938	0.26643	0.0903377	0.132175	3.57598	1.40395	0.755685
2590000	-31.59707	0	-31.59707	0.150966	0.365781	0.302318	0.267472	0.113176	0.0980766	2.95343	1.60359	1.99504
2600000	-37.67231	0	-37.67231	0.10816	0.415804	0.178528	0.391891	0.10448	0.0458618	2.73898	2.11342	1.64827
2610000	-29.9812	0	-29.9812	0.16068	0.335117	0.244231	0.587552	0.142309	0.153831	4.80871	0.55999	1.059
2620000	-31.84002	0	-31.84002	0.222537	0.25513	0.197405	0.138582	0.126227	0.268907	4.26766	0.861668	1.03445
2630000	-25.33802	0	-25.33802	0.183303	0.172553	0.345237	0.230492	0.161635	0.207963	7.09087	1.52607	3.08255
2640000	-30.72065	0	-30.72065	0.126488	0.170408	0.136965	0.292539	0.189449	0.190791	3.0986	0.534185	0.175433
2650000	-36.75466	0	-36.75466	0.25963	0.142016	0.131287	0.327053	0.0820014	0.0821912	3.13557	0.134237	0.2138
2660000	-43.12657	0	-43.12657	0.148214	0.298919	0.11575	0.245555	0.154751	0.102558	2.53783	0.0880504	0.147456
2670000	-29.37632	0	-29.37632	0.125151	0.0533191	0.237897	0.393753	0.151938	0.0948764	3.64439	0.406589	0.412645
2680000	-26.37755	0	-26.37755	0.167457	0.325085	0.0949912	0.311194	0.173663	0.198477	4.90123	0.786706	0.372608
2690000	-37.31285	0	-37.31285	0.129026	0.322121	0.273117	0.254143	0.162631	0.204624	4.70562	0.8633	0.547269
2700000	-38.48815	0	-38.48815	0.199633	0.210317	0.147438	0.453392	0.19446	0.16708	6.64859	0.5081	0.49707
2710000	-31.26552	0	-31.26552	0.146353	0.244998	0.174913	0.501649	0.108111	0.352213	1.72031	1.28581	2.42151
2720000	-37.56676	0	-37.56676	0.102291	0.271182	0.100706	0.388881	0.14614	0.137945	3.34858	0.219484	0.796524
2730000	-31.12	0	-31.12	0.240586	0.610263	0.122578	0.34679	0.152181	0.275363	2.39036	1.34157	1.4691
2740000	-32.91561	0	-32.91561	0.096374	0.111356	0.109242	0.274925	0.211119	0.281913	6.62051	0.696997	2.36215
2750000	-36.75139	0	-36.75139	0.0904848	0.0631002	0.246777	0.348035	0.0896223	0.0789433	4.43666	0.256195	0.300417
2760000	-34.26828	0	-34.26828	0.103308	0.147829	0.171261	0.286203	0.0989114	0.250751	1.98673	0.504443	1.99639
2770000	-31.03654	0	-31.03654	0.0914855	0.128774	0.220612	0.272319	0.107787	0.459575	3.75806	0.593639	1.2637
2780000	-30.69982	0	-30.69982	0.124663	0.328308	0.177446	0.34081	0.113562	0.165616	2.05411	0.600273	0.67152
2790000	-22.78586	0	-22.78586	0.12134	0.219118	0.173017	0.470577	0.161667	0.155369	4.41185	1.20665	1.2803
2800000	-28.96259	0	-28.96259	0.302757	0.175447	0.0988384	0.301047	0.117917	0.202049	3.45406	1.12423	1.13113
2810000	-29.7954	0	-29.7954	0.230612	0.146346	0.140751	0.340294	0.107987	0.240991	4.13638	0.58504	1.83622
2820000	-26.92272	0	-26.92272	0.267522	0.0723388	0.173614	0.412283	0.185607	0.116512	4.53999	0.186695	1.62599
2830000	-20.28812	0	-20.28812	0.225972	0.201808	0.232497	0.223145	0.127242	0.213369	4.79345	1.12152	2.90739
2840000	-30.10599	0	-30.10599	0.170145	0.172796	0.136488	0.233214	0.166892	0.0815393	6.5313	0.634545	0.432131
2850000	-33.51145	0	-33.51145	0.274085	0.136181	0.255045	0.234091	0.115211	0.199567	2.55388	0.250271	0.454748
2860000	-34.89707	0	-34.89707	0.121692	0.186966	0.0553324	0.41789	0.233533	0.0879811	3.22658	0.637243	0.823921
2870000	-32.71876	0	-32.71876	0.0917668	0.161409	0.162922	0.162127	0.234764	0.0909867	2.44277	0.45805	0.710877
2880000	-21.26944	0	-21.26944	0.106393	0.210931	0.180571	0.340398	0.0336445	0.190958	5.31303	0.336858	0.98043
2890000	-22.85817	0	-22.85817	0.120584	0.257793	0.139101	0.445443	0.170416	0.101411	4.93435	1.01007	0.715707
2900000	-27.63544	0	-27.63544	0.0967219	0.0801475	0.165447	0.257842	0.101499	0.161025	8.14623	0.880808	0.413224
2910000	-37.23854	0	-37.23854	0.169553	0.159848	0.272044	0.371363	0.100245	0.170298	0.968089	0.719636	0.642137
2920000	-21.11812	0	-21.11812	0.147193	0.228301	0.180826	0.462819	0.211965	0.135931	6.32207	1.81092	1.07461
2930000	-36.43514	0	-36.43514	0.161464	0.14753	0.192337	0.636783	0.21882	0.390934	4.03582	1.29838	2.42141
2940000	-35.50165	0	-35.50165	0.204992	0.224651	0.141244	0.279585	0.172188	0.13576	5.40826	0.176597	0.525588
2950000	-31.99133	0	-31.99133	0.152659	0.185431	0.176961	0.37922	0.156676	0.297837	3.74484	0.528952	0.397552
2960000	-27.45791	0	-27.45791	0.32309	0.264716	0.179123	0.405354	0.131817	0.308655	3.071	1.01393	1.90756
2970000	-35.24496	0	-35.24496	0.200337	0.196292	0.167305	0.301443	0.106194	0.203374	2.74533	0.934698	0.513358
2980000	-32.7598	0	-32.7598	0.135255	0.110639	0.229505	0.409117	0.0895508	0.106615	5.0839	0.102427	0.575638
2990000	-20.80795	0	-20.80795	0.297908	0.183784	0.131834	0.440577	0.213791	0.145621	5.29394	1.32279	0.9442
3000000	-28.8112	0	-28.8112	0.172506	0.263662	0.0794188	0.233995	0.263703	0.105208	2.40132	1.69438	2.10303
3010000	-33.55101	0	-33.55101	0.196152	0.169817	0.0633995	0.37306	0.103555	0.0491608	2.15105	1.42193	1.5906
3020000	-33.08728	0	-33.08728	0.0446899	0.120636	0.116416	0.289034	0.0843543	0.11437	4.11231	2.85556	0.193847
3030000	-39.71596	0	-39.71596	0.0961054	0.054307	0.328443	0.193776	0.259628	0.11499	3.2922	0.309837	0.203156
3040000	-34.23408	0	-34.23408	0.193385	0.123424	0.291438	0.294658	0.134385	0.101402	2.59255	0.284787	0.657027
3050000	-28.49786	0	-28.49786	0.229332	0.0772152	0.331019	0.294901	0.0612129	0.173546	8.15448	0.4564	0.190082
3060000	-32.42384	0	-32.42384	0.260403	0.117005	0.415058	0.424592	0.0995623	0.167552	2.18844	0.567642	0.484296
3070000	-36.20021	0	-36.20021	0.0830559	0.178302	0.111493	0.108221	0.118808	0.126251	2.62893	1.51708	0.678211
3080000	-35.39948	0	-35.39948	0.18196	0.101636	0.276161	0.25755	0.0925492	0.103988	4.06697	0.442511	0.0739535
3090000	-37.09225	0	-37.09225	0.259655	0.176195	0.0485444	0.387558	0.109617	0.0995725	3.26221	0.249667	0.541437
3100000	-29.50267	0	-29.50267	0.0945961	0.120898	0.230719	0.543465	0.10161	0.133857	3.96824	3.06665	1.62234
3110000	-41.40356	0	-41.40356	0.17716	0.278374	0.176169	0.182627	0.0347644	0.101071	3.32173	0.929342	1.54721
3120000	-31.04633	0	-31.04633	0.171259	0.0811621	0.183595	0.541675	0.129597	0.113956	6.77761	0.702673	0.281922
3130000	-37.0867	0	-37.0867	0.137192	0.101969	0.291013	0.229552	0.245981	0.135572	2.30857	0.749207	0.2983
3140000	-24.58313	0	-24.58313	0.235485	0.355414	0.220212	0.292858	0.166909	0.123634	3.99589	2.0629	2.11275
3150000	-39.5151	0	-39.5151	0.0904071	0.236153	0.11636	0.40013	0.173682	0.103439	1.92656	0.522982	1.24448
3160000	-40.09568	0	-40.09568	0.0857275	0.163928	0.144702	0.381271	0.164582	0.0938049	2.13016	0.797227	0.376047
3170000	-34.39371	0	-34.39371	0.112859	0.194932	0.373967	0.669286	0.167043	0.145994	9.43201	0.747783	0.623442
3180000	-31.20349	0	-31.20349	0.102158	0.096278	0.176207	0.333524	0.0855073	0.114336	4.56888	0.505809	0.768178
3190000	-26.14908	0	-26.14908	0.347872	0.144889	0.162542	0.22071	0.121972	0.0735496	2.93013	0.660903	0.714913
3200000	-32.87387	0	-32.87387	0.0982802	0.145522	0.200175	0.369338	0.0557384	0.0914685	3.92188	0.138835	0.280795
3210000	-43.40863	0	-43.40863	0.222007	0.0679042	0.210253	0.15291	0.0990944	0.126036	1.78008	0.203219	0.256467
3220000	-27.79805	0	-27.79805	0.212452	0.0627731	0.445731	0.257864	0.151159	0.109863	6.55924	0.847708	0.8117
3230000	-42.22607	0	-42.22607	0.319298	0.143812	0.235999	0.487332	0.18088	0.0704608	2.05815	0.274912	0.57457
3240000	-33.18627	0	-33.18627	0.451711	0.0977495	0.199634	0.467411	0.119841	0.197399	3.76382	1.41585	2.37198
3250000	-36.26936	0	-36.26936	0.203046	0.135852	0.148576	0.238641	0.178242	0.0708796	1.29134	0.66371	2.83003
3260000	-30.14002	0	-30.14002	0.142606	0.144149	0.131669	0.214709	0.165743	0.153803	4.31059	0.634015	1.11317
3270000	-28.10887	0	-28.10887	0.0488376	0.0945712	0.198435	0.347709	0.168545	0.23008	5.08846	1.61125	0.783148
3280000	-37.94164	0	-37.94164	0.161957	0.196125	0.140901	0.30648	0.224452	0.112984	1.21825	0.898345	0.659605
3290000	-25.60623	0	-25.60623	0.195314	0.135683	0.183035	0.440212	0.0912377	0.0481012	5.10938	0.367991	1.12767
3300000	-31.90523	0	-31.90523	0.102137	0.0684899	0.122722	0.310949	0.104542	0.118689	4.9515	0.660837	1.55182
3310000	-23.24579	0	-23.24579	0.127918	0.150923	0.277954	0.268606	0.19677	0.346062	8.58065	0.51113	0.904104
3320000	-31.29484	0	-31.29484	0.139768	0.0940253	0.236864	0.422188	0.0584678	0.113483	4.97681	0.210653	0.64193
3330000	-34.72842	0	-34.72842	0.141314	0.133682	0.228703	0.273006	0.194151	0.158313	2.12946	0.258136	0.314241
3340000	-47.25036	0	-47.25036	0.145136	0.130719	0.101472	0.241249	0.146297	0.0880104	1.42636	0.125384	0.260388
3350000	-26.53189	0	-26.53189	0.0984423	0.172985	0.250248	0.157849	0.11296	0.240903	3.56983	1.52104	1.56583
3360000	-38.21004	0	-38.21004	0.241866	0.119736	0.165276	0.19913	0.118975	0.0858776	3.29939	0.104881	0.306215
3370000	-41.60925	0	-41.60925	0.204414	0.179528	0.163959	0.174719	0.137882	0.273946	2.05401	0.340553	0.68736
3380000	-40.20899	0	-40.20899	0.121797	0.44681	0.324862	0.236468	0.320027	0.333099	3.70546	0.445693	0.801964
3390000	-39.85533	0	-39.85533	0.089993	0.0936178	0.204164	0.369664	0.136648	0.166003	5.08715	0.296012	0.112586
3400000	-34.80494	0	-34.80494	0.21128	0.282918	0.280726	0.325231	0.100873	0.122606	2.13832	0.424019	0.275031
3410000	-34.87383	0	-34.87383	0.242383	0.127697	0.472091	0.380119	0.3001	0.121764	4.22425	0.40015	1.92795
3420000	-44.72705	0	-44.72705	0.160396	0.0920011	0.145202	0.336106	0.142093	0.147592	3.25104	0.176748	0.672369
3430000	-26.74613	0	-26.74613	0.178472	0.113563	0.162741	0.295611	0.177194	0.0996817	2.89329	1.67667	0.640615
3440000	-42.78286	0	-42.78286	0.296155	0.0684665	0.101725	0.2935	0.0709134	0.434828	4.45484	0.649833	0.501881
3450000	-37.50377	0	-37.50377	0.091423	0.0957903	0.328565	0.356268	0.118338	0.205093	3.05964	0.250709	0.755157
3460000	-24.9612	0	-24.9612	0.193925	0.296953	0.459594	0.381536	0.221084	0.310667	5.32432	2.21585	3.42335
3470000	-31.33305	0	-31.33305	0.214243	0.25015	0.111866	0.445834	0.281115	0.213374	5.01846	1.08856	3.0427
3480000	-32.98832	0	-32.98832	0.0825941	0.164233	0.140465	0.524086	0.251914	0.121628	5.30486	0.374041	0.454531
3490000	-33.89726	0	-33.89726	0.122726	0.13372	0.213433	0.252409	0.0938185	0.193279	6.43277	0.36376	0.533031
3500000	-31.37048	0	-31.37048	0.0768089	0.101635	0.287835	0.226812	0.124012	0.241343	4.52124	0.360324	1.66209
3510000	-31.50232	0	-31.50232	0.0858843	0.213672	0.182853	0.252189	0.159191	0.0840282	2.34242	0.191823	1.71255
3520000	-33.90488	0	-33.90488	0.114594	0.285005	0.261413	0.299064	0.049323	0.154577	2.91839	1.93073	0.757023
3530000	-29.39912	0	-29.39912	0.309555	0.296502	0.258155	0.239473	0.299213	0.161375	4.92093	0.418934	1.73603
3540000	-32.17516	0	-32.17516	0.152546	0.212101	0.153027	0.50984	0.0580739	0.25751	5.72466	0.242396	0.357854
3550000	-34.72628	0	-34.72628	0.173613	0.0979599	0.179678	0.464217	0.0370334	0.122216	3.38933	0.57207	0.136471
3560000	-27.0217	0	-27.0217	0.17064	0.246843	0.223059	0.420223	0.169876	0.176944	3.18954	0.341715	0.321583
3570000	-44.00744	0	-44.00744	0.289674	0.227062	0.214374	0.252533	0.054384	0.188714	2.11629	0.812944	0.182241
3580000	-26.75684	0	-26.75684	0.127416	0.194182	0.109749	0.177013	0.0755634	0.148606	4.37808	1.82175	1.0209
3590000	-22.07088	0	-22.07088	0.0833415	0.142823	0.119821	0.169363	0.0709094	0.1242	6.70393	0.947142	1.36701
3600000	-38.90114	0	-38.90114	0.162126	0.449131	0.0836072	0.235905	0.188762	0.190801	1.61723	0.233352	0.758754
3610000	-32.46657	0	-32.46657	0.0493823	0.212628	0.195818	0.35608	0.0988442	0.169785	1.6922	0.435237	1.22623
3620000	-28.95033	0	-28.95033	0.124172	0.218018	0.0962749	0.354406	0.0907171	0.353941	3.71819	1.29057	1.4754
3630000	-31.63314	0	-31.63314	0.378476	0.373972	0.145915	0.361824	0.0981345	0.0935283	4.57492	0.87661	2.9415
3640000	-31.05569	0	-31.05569	0.104156	0.17238	0.110447	0.559171	0.126822	0.155925	5.90735	0.588536	0.397482
3650000	-33.34072	0	-33.34072	0.120207	0.0884612	0.431422	0.301425	0.0703779	0.122744	4.5122	0.246053	0.283807
3660000	-30.26904	0	-30.26904	0.149751	0.239861	0.266868	0.341743	0.201375	0.108886	4.16375	0.470737	1.28654
3670000	-31.7836	0	-31.7836	0.367611	0.226032	0.114277	0.116173	0.163881	0.0808655	3.13012	0.712206	0.896511
3680000	-43.0544	0	-43.0544	0.105153	0.275048	0.126344	0.261822	0.0739356	0.246137	1.5704	0.128546	0.64347
3690000	-28.25947	0	-28.25947	0.168547	0.147751	0.255028	0.428478	0.11402	0.182257	5.57925	0.780909	0.275148
3700000	-39.14609	0	-39.14609	0.23179	0.117553	0.165146	0.474397	0.25913	0.102375	2.09978	0.160801	0.608232
3710000	-40.38703	0	-40.38703	0.0751399	0.0428575	0.254707	0.25542	0.124632	0.0590826	2.76851	0.203054	0.248439
3720000	-31.56148	0	-31.56148	0.253892	0.258607	0.319257	0.656501	0.190514	0.169291	4.95406	0.737582	2.0108
3730000	-31.03057	0	-31.03057	0.144292	0.254078	0.164548	0.234371	0.210437	0.302724	5.98589	0.896796	1.24006
3740000	-21.66138	0	-21.66138	0.145973	0.168268	0.106815	0.418494	0.157187	0.153725	3.79731	1.22892	1.48195
3750000	-26.81564	0	-26.81564	0.19141	0.196377	0.417055	0.767497	0.121404	0.0935308	8.81733	0.51799	0.941492
3760000	-28.44466	0	-28.44466	0.173521	0.112304	0.143123	0.170296	0.131704	0.0881039	4.81961	0.323482	1.35639
3770000	-34.33951	0	-34.33951	0.211128	0.140891	0.245878	0.268077	0.0672331	0.113894	2.75464	1.23213	0.144897
3780000	-36.92981	0	-36.92981	0.288542	0.121221	0.135207	0.909897	0.108614	0.19257	3.41056	0.201448	0.539918
3790000	-27.85128	0	-27.85128	0.281857	0.189527	0.16079	0.331057	0.145391	0.0659566	2.63397	0.545922	0.649368
3800000	-23.48827	0	-23.48827	0.232406	0.150674	0.40966	0.362911	0.143597	0.153909	8.16522	0.371344	0.780159
3810000	-40.09014	0	-40.09014	0.138098	0.229235	0.157897	0.630873	0.104638	0.18423	1.40436	0.312867	1.32064
3820000	-41.91537	0	-41.91537	0.159586	0.0814216	0.287687	0.151635	0.192067	0.302387	1.66846	0.167975	0.209621
3830000	-32.00163	0	-32.00163	0.247308	0.198183	0.194046	0.223241	0.1314	0.102947	4.45116	0.410689	0.205285
3840000	-28.8626	0	-28.8626	0.191558	0.200903	0.439146	0.591075	0.0563019	0.207157	3.54231	0.546013	0.836959
3850000	-36.24867	0	-36.24867	0.181139	0.266617	0.102635	0.653663	0.206636	0.107901	3.85788	1.95143	0.283538
3860000	-22.81338	0	-22.81338	0.245088	0.186192	0.195847	0.455175	0.174233	0.129236	5.11843	3.17218	1.68226
3870000	-37.05606	0	-37.05606	0.132828	0.133002	0.187148	0.481605	0.14899	0.135743	1.4013	0.215055	0.492261
3880000	-37.60336	0	-37.60336	0.165464	0.327561	0.334528	0.218551	0.130605	0.245726	2.62226	0.260711	0.341927
3890000	-49.7625	0	-49.7625	0.150242	0.317869	0.212563	0.294233	0.136232	0.306445	2.45086	0.234991	0.13693
3900000	-28.98996	0	-28.98996	0.247044	0.208888	0.227894	0.213732	0.0653223	0.194804	2.32378	1.44516	3.42134
3910000	-30.14786	0	-30.14786	0.165364	0.28766	0.155784	0.492194	0.110189	0.202797	2.77132	0.593155	0.961777
3920000	-33.90902	0	-33.90902	0.275466	0.391906	0.231118	0.352173	0.304879	0.410723	3.4913	1.30445	1.20824
3930000	-36.44825	0	-36.44825	0.194369	0.135663	0.353186	0.397042	0.311715	0.24756	4.50414	0.767177	4.67295
3940000	-42.5624	0	-42.5624	0.350805	0.246035	0.121848	0.652815	0.172283	0.161397	1.68444	0.794042	0.733306
3950000	-39.5078	0	-39.5078	0.187479	0.162148	0.197069	0.377816	0.0886183	0.0839943	2.24087	0.212424	0.107184
3960000	-31.98421	0	-31.98421	0.194145	0.331722	0.243808	0.248076	0.0772507	0.209395	1.61344	1.12202	1.95615
3970000	-32.26106	0	-32.26106	0.121639	0.0995129	0.513661	0.241542	0.151998	0.0870615	2.546	0.156776	0.150282
3980000	-25.05152	0	-25.05152	0.161988	0.15629	0.108527	0.32145	0.147552	0.0732204	4.25825	0.194919	0.5875
3990000	-29.97401	0	-29.97401	0.208903	0.184599	0.265266	0.315819	0.21026	0.139929	3.05037	1.10052	0.944104
4000000	-29.88415	0	-29.88415	0.333366	0.222892	0.35372	0.284253	0.115127	0.076813	3.71252	0.538699	0.350681
4010000	-35.9715	0	-35.9715	0.0885661	0.143494	0.208094	0.301832	0.116156	0.140092	1.85625	1.55773	0.444851
4020000	-29.81524	0	-29.81524	0.156979	0.147327	0.233026	0.399013	0.0952748	0.136297	4.56425	0.406302	0.0979818
4030000	-25.46071	0	-25.46071	0.250128	0.130575	0.305101	0.320104	0.174787	0.128176	4.96474	1.5119	1.81204
4040000	-29.36472	0	-29.36472	0.192981	0.321882	0.225198	0.415356	0.0769811	0.173841	3.79934	0.632165	0.520997
4050000	-32.1264	0	-32.1264	0.0927986	0.156289	0.0519918	0.147917	0.0821449	0.168015	3.20424	0.781864	2.46832
4060000	-25.3165	0	-25.3165	0.118939	0.13182	0.195732	0.289992	0.19023	0.131613	5.22469	0.370834	0.271863
4070000	-35.54245	0	-35.54245	0.132547	0.091429	0.39757	0.152383	0.105165	0.187891	4.49602	0.319611	0.267522
4080000	-32.18024	0	-32.18024	0.156	0.408941	0.243463	0.537652	0.21181	0.222779	4.28338	1.28312	3.63875
4090000	-29.33799	0	-29.33799	0.158286	0.124477	0.115807	0.405939	0.115655	0.0507746	2.81642	0.937899	1.33116
4100000	-26.24948	0	-26.24948	0.182906	0.113281	0.114714	0.378791	0.149281	0.342303	3.88049	0.612396	1.02979
4110000	-29.6509	0	-29.6509	0.167331	0.103924	0.23255	0.203854	0.135863	0.17106	1.89388	0.640112	1.66828
4120000	-39.9725	0	-39.9725	0.202755	0.351162	0.201575	0.458514	0.143434	0.129608	3.96284	0.0855774	0.443662
4130000	-30.93053	0	-30.93053	0.128502	0.305708	0.267133	0.283392	0.183644	0.0271679	7.10301	0.432778	1.85766
4140000	-26.59364	0	-26.59364	0.148379	0.170985	0.207383	0.378098	0.127572	0.253375	3.01477	1.18806	1.71574
4150000	-29.026	0	-29.026	0.202094	0.11044	0.137343	0.382812	0.18232	0.126408	3.9972	0.672036	0.766152
4160000	-27.45761	0	-27.45761	0.277333	0.263577	0.187604	0.32456	0.139132	0.0832649	7.71776	2.31	0.366241
4170000	-30.19693	0	-30.19693	0.247341	0.260653	0.330136	0.481572	0.0704169	0.15159	2.759	0.573057	1.35317
4180000	-36.48413	0	-36.48413	0.149519	0.327871	0.330063	0.489632	0.112733	0.0772491	3.03464	0.313593	2.40987
4190000	-31.47956	0	-31.47956	0.169633	0.241917	0.178597	0.351995	0.115093	0.157031	3.61087	0.834551	0.979392
4200000	-33.248	0	-33.248	0.0715703	0.451227	0.101752	0.37957	0.0657945	0.0624592	3.31082	1.25893	0.952681
4210000	-34.59546	0	-34.59546	0.202091	0.207368	0.263091	0.336535	0.268068	0.214247	1.9906	0.422286	1.35064
4220000	-23.83715	0	-23.83715	0.131394	0.19289	0.114123	0.183001	0.211519	0.129709	3.40165	2.13326	2.59449
4230000	-38.94487	0	-38.94487	0.388229	0.160315	0.149179	0.291392	0.0999525	0.33104	3.65232	0.565181	0.447975
4240000	-29.82285	0	-29.82285	0.11138	0.139778	0.248972	0.20521	0.159213	0.117365	4.13227	0.329066	1.72092
4250000	-33.07656	0	-33.07656	0.148496	0.0994375	0.128145	0.281127	0.159821	0.0761835	6.2511	0.445579	0.411803
4260000	-27.24008	0	-27.24008	0.202638	0.124024	0.256147	0.21616	0.118192	0.113155	3.17292	0.63123	0.779942
4270000	-38.91675	0	-38.91675	0.0825611	0.26222	0.168805	0.626786	0.176034	0.136723	1.31958	0.797429	0.781339
4280000	-33.21787	0	-33.21787	0.157595	0.149787	0.154324	0.219788	0.150139	0.294747	1.41212	1.11639	0.696557
4290000	-30.46243	0	-30.46243	0.330911	0.193691	0.144271	0.240102	0.13081	0.141457	5.24065	3.25908	0.317518
4300000	-28.44448	0	-28.44448	0.308159	0.176502	0.157794	0.187783	0.197043	0.151688	3.75576	0.812556	1.22594
4310000	-36.68599	0	-36.68599	0.160598	0.166553	0.151627	0.357495	0.182373	0.354329	4.40879	1.46266	0.166552
4320000	-30.70248	0	-30.70248	0.126799	0.196218	0.137507	0.191964	0.243133	0.125297	4.33339	0.815538	1.28491
4330000	-31.97471	0	-31.97471	0.0831439	0.177139	0.169048	0.206473	0.0718846	0.186372	2.31055	0.548276	0.58593
4340000	-28.29095	0	-28.29095	0.0743719	0.297829	0.306061	0.374921	0.155063	0.256778	3.21249	2.31046	0.328701
4350000	-32.80298	0	-32.80298	0.217123	0.466092	0.228599	0.240746	0.15026	0.403611	2.98113	0.65553	3.10328
4360000	-31.00917	0	-31.00917	0.105413	0.0957282	0.107516	0.190281	0.10856	0.177129	2.69834	0.18272	3.35233
4370000	-32.31221	0	-32.31221	0.246469	0.333359	0.363852	0.46454	0.172469	0.178984	4.68528	1.18371	0.584221
4380000	-39.77922	0	-39.77922	0.180256	0.213482	0.103061	0.224835	0.186979	0.200428	3.72905	1.29999	0.176659
4390000	-35.28502	0	-35.28502	0.146539	0.142871	0.0656445	0.419687	0.0546711	0.150552	4.33	0.207397	0.548181
4400000	-41.7605	0	-41.7605	0.326268	0.0691761	0.270075	0.193271	0.0706431	0.0615414	3.19961	0.162806	0.157925
4410000	-35.88096	0	-35.88096	0.133546	0.173489	0.29983	0.406336	0.100966	0.154301	2.35978	0.501967	0.854757
4420000	-28.50746	0	-28.50746	0.179939	0.131524	0.0959413	0.377163	0.268776	0.143072	2.25524	0.566767	1.80206
4430000	-24.39884	0	-24.39884	0.151122	0.201201	0.109811	0.208979	0.268116	0.203053	7.38459	0.367329	1.73703
4440000	-28.29555	0	-28.29555	0.214777	0.161279	0.0853355	0.470588	0.219025	0.0810415	7.69069	0.198787	0.927718
4450000	-34.69911	0	-34.69911	0.142841	0.074066	0.309984	0.153438	0.191567	0.159312	3.59693	0.273686	0.221452
4460000	-30.58377	0	-30.58377	0.166151	0.235165	0.260331	0.296187	0.17782	0.10908	4.18184	0.346227	1.56632
4470000	-34.11186	0	-34.11186	0.14425	0.192302	0.206054	0.355916	0.439305	0.120589	2.08726	1.02438	0.476197
4480000	-22.82937	0	-22.82937	0.233655	0.207332	0.159816	0.224506	0.100276	0.0868466	6.30961	0.610013	2.59048
4490000	-23.31082	0	-23.31082	0.158184	0.314982	0.359441	0.533381	0.0724165	0.149986	4.81804	0.373777	1.48352
4500000	-27.97139	0	-27.97139	0.144637	0.182422	0.0361095	0.284926	0.118799	0.0982134	6.32838	1.55637	1.08185
4510000	-35.80889	0	-35.80889	0.147368	0.294566	0.163596	0.271669	0.14872	0.116222	1.20854	0.641533	1.53098
4520000	-34.45953	0	-34.45953	0.0887492	0.0819703	0.546932	0.370974	0.0910063	0.0554708	3.60865	0.459754	1.23729
4530000	-27.5851	0	-27.5851	0.136525	0.413075	0.213191	0.316719	0.141048	0.170528	2.19855	2.47755	0.763354
4540000	-28.75929	0	-28.75929	0.190317	0.179646	0.211304	0.161622	0.165828	0.114961	4.32228	2.72798	2.38568
4550000	-37.20497	0	-37.20497	0.0499879	0.170128	0.299258	0.471221	0.124251	0.0553233	5.62733	0.678344	0.886979
4560000	-30.12862	0	-30.12862	0.109308	0.0603091	0.18082	0.386386	0.0906053	0.195844	2.67636	0.471057	1.81985
4570000	-27.78596	0	-27.78596	0.17639	0.278842	0.146237	0.460477	0.119501	0.214276	6.80468	2.3551	3.52815
4580000	-38.12769	0	-38.12769	0.146394	0.139063	0.134405	0.418764	0.152596	0.17581	3.46691	0.430997	0.13141
4590000	-26.37823	0	-26.37823	0.115247	0.271224	0.20103	0.229641	0.0940942	0.130168	3.90178	0.186651	2.96764
4600000	-26.91245	0	-26.91245	0.329716	0.319798	0.134127	0.296579	0.122041	0.17569	5.32761	0.451918	0.982047
4610000	-34.71068	0	-34.71068	0.0628473	0.352914	0.175437	0.336978	0.139398	0.111295	2.90603	0.657186	0.96533
4620000	-33.36538	0	-33.36538	0.239468	0.180835	0.110428	0.250038	0.197931	0.544088	4.52153	0.531347	2.01124
4630000	-26.626	0	-26.626	0.19499	0.131985	0.105664	0.304181	0.0545101	0.184762	3.99228	0.6183	1.71925
4640000	-30.96025	0	-30.96025	0.158793	0.196076	0.180223	0.384839	0.141402	0.121877	3.5153	0.224534	0.514889
4650000	-20.56948	0	-20.56948	0.114048	0.107637	0.181008	0.386486	0.29639	0.28561	5.51874	1.07679	3.40773
4660000	-34.81892	0	-34.81892	0.102136	0.139553	0.0884352	0.566224	0.0771778	0.132991	5.4595	0.405552	0.158418
4670000	-41.81484	0	-41.81484	0.101627	0.152766	0.224795	0.378294	0.069282	0.0581279	4.10891	0.362106	2.33904
4680000	-32.84587	0	-32.84587	0.0890911	0.337067	0.227968	0.409036	0.173085	0.144566	1.82622	0.279939	0.257243
4690000	-37.23497	0	-37.23497	0.182448	0.127558	0.320238	0.334417	0.145511	0.111778	3.4675	0.980686	0.242064
4700000	-28.95706	0	-28.95706	0.218988	0.235888	0.0798656	0.495708	0.0658303	0.0845226	4.27045	0.900534	2.45997
4710000	-37.31521	0	-37.31521	0.142808	0.106478	0.245899	0.363936	0.197046	0.190301	2.04985	0.104719	0.354244
4720000	-35.10018	0	-35.10018	0.0912872	0.194864	0.341107	0.281641	0.243321	0.0604245	3.68491	0.281486	0.969694
4730000	-33.9722	0	-33.9722	0.19167	0.267845	0.222203	0.420678	0.248093	0.213717	1.76022	1.37195	0.703133
4740000	-29.99047	0	-29.99047	0.182019	0.415726	0.0482041	0.183635	0.124833	0.240596	5.43307	2.912	0.491086
4750000	-29.49935	0	-29.49935	0.201614	0.313794	0.10944	0.274868	0.12883	0.0477931	3.42722	0.860205	0.449072
4760000	-24.77128	0	-24.77128	0.10162	0.235081	0.205955	0.358481	0.174003	0.0814395	7.38579	0.540544	3.63288
4770000	-36.6274	0	-36.6274	0.129449	0.4503	0.231611	0.334842	0.134166	0.147608	1.88617	0.769772	0.518905
4780000	-27.38963	0	-27.38963	0.200899	0.248924	0.395523	0.198364	0.133693	0.144877	4.94515	0.525775	0.586686
4790000	-23.49887	0	-23.49887	0.127438	0.136849	0.205794	0.319315	0.240572	0.121694	8.09351	0.504734	1.43784
4800000	-33.42007	0	-33.42007	0.166814	0.192205	0.227262	0.31964	0.0474086	0.200591	4.78258	0.504621	0.962722
4810000	-27.86348	0	-27.86348	0.0622903	0.277768	0.153338	0.407295	0.122828	0.182063	3.02381	2.40327	0.988144
4820000	-31.46047	0	-31.46047	0.225899	0.237528	0.195393	0.393684	0.141128	0.162385	3.45838	0.209489	0.422348
4830000	-31.91792	0	-31.91792	0.102926	0.104511	0.149108	0.164415	0.18582	0.32362	5.68782	0.578576	1.28317
4840000	-37.39855	0	-37.39855	0.2037	0.115842	0.586766	0.372201	0.0607888	0.12254	2.69245	0.537308	0.669226
4850000	-27.92792	0	-27.92792	0.132042	0.235485	0.138735	0.342744	0.242861	0.171897	4.65292	0.269777	3.03967
4860000	-41.27722	0	-41.27722	0.308984	0.139593	0.195082	0.540244	0.0721517	0.121282	2.90009	0.410589	0.317477
4870000	-31.88105	0	-31.88105	0.232579	0.230495	0.464689	0.149519	0.080717	0.165054	3.29063	0.381792	0.615292
4880000	-29.68372	0	-29.68372	0.125796	0.210723	0.251746	0.299832	0.147442	0.201677	3.08272	0.344552	1.92087
4890000	-29.9284	0	-29.9284	0.195249	0.141069	0.238545	0.311137	0.0507463	0.210701	4.63371	0.173086	1.66504
4900000	-33.87668	0	-33.87668	0.101458	0.232122	0.325552	0.290177	0.104296	0.247424	4.06179	0.406312	1.02257
4910000	-29.33409	0	-29.33409	0.133181	0.335259	0.179531	0.259617	0.103337	0.2535	2.3288	1.10748	2.63443
4920000	-18.44928	0	-18.44928	0.210024	0.196989	0.242925	0.359941	0.11907	0.105906	5.94573	0.980723	1.52182
4930000	-28.46429	0	-28.46429	0.254917	0.113749	0.101412	0.159148	0.173205	0.181086	6.47329	0.820348	0.587907
4940000	-35.34652	0	-35.34652	0.236372	0.125228	0.321048	0.514222	0.146026	0.0638839	2.67193	0.584951	1.21403
4950000	-37.55134	0	-37.55134	0.124114	0.234395	0.270632	0.183447	0.0803749	0.163706	3.904	0.189224	0.995703
4960000	-33.35551	0	-33.35551	0.097583	0.188136	0.248541	0.18251	0.113533	0.247986	8.15499	0.631353	0.208268
4970000	-31.86275	0	-31.86275	0.240842	0.203111	0.336354	0.234126	0.139427	0.083526	2.5331	0.222657	0.567167
4980000	-33.55576	0	-33.55576	0.268141	0.0972637	0.190493	0.271325	0.0748439	0.0982461	2.97388	0.547951	0.338319
4990000	-28.22417	0	-28.22417	0.171423	0.109374	0.129917	0.24757	0.23196	0.0889401	4.47152	0.262318	0.619548
5000000	-27.91502	0	-27.91502	0.0800223	0.199422	0.189351	0.24724	0.214106	0.157165	2.59054	0.517925	1.10911
