Iteration	Posterior	Likelihood	Prior	lambda[1]	lambda[2]	lambda[3]	mu[1]	mu[2]	mu[3]	psi[1]	psi[2]	psi[3]
0	-24.47771	0	-24.47771	0.0822143	0.0821879	0.177211	0.149369	0.126778	0.0688341	0.159137	0.218471	0.201868
10000	-29.44684	0	-29.44684	0.219503	0.230943	0.114251	0.343305	0.230239	0.0352952	0.894021	1.06505	0.0529454
20000	-22.35933	0	-22.35933	0.108157	0.169472	0.353646	0.209077	0.166053	0.140917	0.526936	0.532812	0.313808
30000	-28.96403	0	-28.96403	0.105593	0.128938	0.110615	0.115458	0.229031	0.205155	0.829932	1.08393	0.323781
40000	-18.87121	0	-18.87121	0.105483	0.298765	0.19049	0.180984	0.278754	0.0821953	4.59565	0.928015	0.833634
50000	-21.20734	0	-21.20734	0.076454	0.292291	0.22196	0.156983	0.317417	0.104674	1.45823	0.87294	2.36931
60000	-29.56131	0	-29.56131	0.101922	0.140691	0.362212	0.17192	0.662856	0.147259	0.340883	0.987219	0.121348
70000	-24.60249	0	-24.60249	0.0566437	0.210849	0.129794	0.216505	0.319309	0.14918	1.33423	1.05512	0.383346
80000	-31.99755	0	-31.99755	0.34452	0.22824	0.233592	0.155945	0.118276	0.0956185	0.925372	0.29022	0.11984
90000	-21.27122	0	-21.27122	0.154423	0.128616	0.341609	0.185638	0.357442	0.0557967	0.349372	0.639457	0.235739
100000	-20.13843	0	-20.13843	0.0654459	0.543019	0.12761	0.0776238	0.226951	0.167316	5.83439	1.78343	0.913425
110000	-18.87525	0	-18.87525	0.0934512	0.397768	0.279134	0.158816	0.18848	0.064183	0.334429	1.41173	0.534744
120000	-30.07253	0	-30.07253	0.227644	0.188775	0.228374	0.26096	0.212847	0.0833639	1.97406	0.449677	0.0161257
130000	-21.72366	0	-21.72366	0.0781523	0.148177	0.173399	0.204528	0.292454	0.0469691	0.231699	0.890203	0.0701891
140000	-24.57447	0	-24.57447	0.113447	0.171924	0.146366	0.161371	0.132004	0.0310043	0.88279	2.22065	0.653508
150000	-27.97356	0	-27.97356	0.150259	0.212663	0.219293	0.122392	0.279806	0.174015	0.477956	1.23493	0.153715
160000	-26.81199	0	-26.81199	0.223911	0.0672402	0.357855	0.111278	0.222603	0.0750612	0.97138	1.39649	0.150365
170000	-20.70349	0	-20.70349	0.216075	0.106654	0.1218	0.250112	0.21488	0.0340999	1.06596	1.16818	0.278628
180000	-23.41809	0	-23.41809	0.214435	0.246714	0.0699637	0.0925391	0.183266	0.163513	4.36128	0.761028	0.5415
190000	-19.18808	0	-19.18808	0.204422	0.182077	0.18454	0.23282	0.198378	0.0798935	2.55423	1.20641	0.397505
200000	-28.38633	0	-28.38633	0.0604258	0.125746	0.245245	0.0679547	0.131203	0.157851	1.11331	0.948224	0.0812899
210000	-27.63509	0	-27.63509	0.17695	0.0581004	0.183864	0.0823959	0.345905	0.147014	2.83839	0.849986	0.182111
220000	-31.39884	0	-31.39884	0.215719	0.164846	0.225682	0.304209	0.508855	0.0793754	3.14674	1.0151	0.064806
230000	-19.78445	0	-19.78445	0.14453	0.1815	0.233867	0.22917	0.177439	0.107662	1.09982	0.414755	0.161667
240000	-23.43131	0	-23.43131	0.195822	0.0519614	0.394946	0.152715	0.187675	0.164214	1.38954	0.639532	0.931151
250000	-24.59371	0	-24.59371	0.094886	0.22769	0.101598	0.153307	0.451851	0.257839	4.8188	1.36521	0.0769278
260000	-19.25911	0	-19.25911	0.108972	0.0745346	0.154326	0.21792	0.221459	0.123878	0.65491	0.57128	0.763207
270000	-17.43619	0	-17.43619	0.0923664	0.164113	0.279575	0.175562	0.276821	0.190892	0.252639	1.09478	0.405662
280000	-15.49399	0	-15.49399	0.0904156	0.30866	0.152929	0.215965	0.357395	0.10035	0.544822	1.2471	3.15833
290000	-22.99577	0	-22.99577	0.110113	0.19337	0.0918013	0.230625	0.14145	0.0895192	0.887474	1.17325	0.0632828
300000	-22.02915	0	-22.02915	0.273409	0.334613	0.145994	0.127997	0.35412	0.298168	0.398267	1.30404	0.940788
310000	-19.99334	0	-19.99334	0.0956998	0.11353	0.202865	0.292686	0.238601	0.108442	1.59641	1.38993	0.135517
320000	-22.2909	0	-22.2909	0.206109	0.0935525	0.114795	0.125862	0.294561	0.110481	1.2577	1.11196	2.85897
330000	-24.99263	0	-24.99263	0.337419	0.1249	0.387412	0.125897	0.238475	0.141531	1.94662	1.26278	0.114525
340000	-26.88536	0	-26.88536	0.144416	0.209952	0.216787	0.277742	0.495773	0.130727	0.276807	0.949111	0.120536
350000	-32.02736	0	-32.02736	0.170044	0.165625	0.0545548	0.147161	0.0827371	0.0676558	0.00927601	0.835363	0.0536548
360000	-24.91296	0	-24.91296	0.106657	0.132718	0.146309	0.166867	0.460407	0.0594084	1.38584	0.919477	0.0517236
370000	-23.25522	0	-23.25522	0.265497	0.132304	0.304587	0.1278	0.474883	0.0822668	2.34533	0.47459	0.581146
380000	-17.38531	0	-17.38531	0.0608721	0.184128	0.179698	0.1677	0.343186	0.133915	0.635245	1.0858	0.161773
390000	-22.59394	0	-22.59394	0.173673	0.332497	0.248435	0.183729	0.262735	0.0319406	1.01024	1.1958	0.809667
400000	-25.56273	0	-25.56273	0.097523	0.283431	0.162015	0.49031	0.130022	0.0971845	2.69344	0.963873	0.0843636
410000	-26.45895	0	-26.45895	0.172915	0.0751264	0.266536	0.276017	0.107645	0.137264	2.73294	0.588938	0.100102
420000	-27.05711	0	-27.05711	0.147298	0.152515	0.299727	0.175755	0.296848	0.0779261	4.53398	0.432434	0.278874
430000	-22.27791	0	-22.27791	0.107533	0.173802	0.182148	0.0912699	0.350325	0.147067	2.01622	0.369585	0.107007
440000	-24.34966	0	-24.34966	0.0992323	0.171655	0.146554	0.0853653	0.389122	0.0955689	0.978625	1.27542	0.0195536
450000	-26.12778	0	-26.12778	0.181422	0.301846	0.285829	0.248832	0.524355	0.105538	4.32555	0.501269	0.426609
460000	-24.82991	0	-24.82991	0.146354	0.138064	0.443707	0.121755	0.17015	0.0754665	0.906595	0.882905	1.20744
470000	-21.8217	0	-21.8217	0.148269	0.0611624	0.225927	0.210359	0.348668	0.0951213	0.299945	0.67217	0.157089
480000	-18.38915	0	-18.38915	0.189182	0.163158	0.20001	0.127986	0.337825	0.154803	0.559058	0.635182	0.11236
490000	-26.25045	0	-26.25045	0.182729	0.166807	0.086639	0.188625	0.200903	0.205019	0.656498	0.607094	0.970672
500000	-23.30196	0	-23.30196	0.0856085	0.172043	0.131667	0.152816	0.120695	0.0808715	4.13662	2.71521	1.69028
510000	-26.8502	0	-26.8502	0.176998	0.115431	0.259267	0.320863	0.0662804	0.172181	0.100384	0.415846	0.149157
520000	-20.825	0	-20.825	0.0937667	0.156395	0.129764	0.0904953	0.185091	0.120896	1.05805	1.23575	0.120132
530000	-22.7135	0	-22.7135	0.12289	0.157662	0.440501	0.0996967	0.160426	0.197906	1.38415	1.26026	1.00635
540000	-29.07288	0	-29.07288	0.560364	0.0896091	0.320166	0.315937	0.242064	0.170583	0.728808	0.686346	1.56635
550000	-24.02473	0	-24.02473	0.12405	0.171541	0.283797	0.257497	0.332032	0.0908929	2.34061	0.594104	0.107903
560000	-22.8139	0	-22.8139	0.101652	0.382227	0.193158	0.423801	0.12654	0.0529751	0.285752	0.545551	0.689635
570000	-26.6783	0	-26.6783	0.335251	0.202391	0.352811	0.1071	0.138947	0.287823	5.65262	1.47453	0.337618
580000	-26.65011	0	-26.65011	0.0526157	0.556234	0.103867	0.246816	0.30153	0.0466836	0.179745	1.07855	0.111451
590000	-16.59414	0	-16.59414	0.121886	0.168999	0.0914819	0.293284	0.201621	0.0822229	1.24261	1.06694	0.327371
600000	-23.04847	0	-23.04847	0.285949	0.13043	0.223067	0.117344	0.331979	0.0497375	2.37663	1.29132	0.0298995
610000	-20.30351	0	-20.30351	0.23437	0.224835	0.172211	0.11961	0.379772	0.12811	2.05619	0.819362	0.359296
620000	-26.31535	0	-26.31535	0.0715249	0.162351	0.123738	0.12236	0.138746	0.117006	0.59099	0.35075	0.0854511
630000	-29.63848	0	-29.63848	0.256314	0.34323	0.0998556	0.265394	0.187103	0.0832574	0.818834	0.710528	0.0429313
640000	-24.2763	0	-24.2763	0.086511	0.266501	0.128167	0.253175	0.205792	0.0616264	0.533253	0.418945	0.107509
650000	-24.30508	0	-24.30508	0.0851304	0.118785	0.0811369	0.253864	0.306151	0.0893729	0.414072	1.89243	0.41997
660000	-23.85899	0	-23.85899	0.086926	0.150157	0.167977	0.144378	0.209147	0.141619	0.330485	1.32856	0.077786
670000	-34.85837	0	-34.85837	0.183744	0.113424	0.277093	0.0976715	0.263494	0.0991834	0.820069	0.869771	0.103761
680000	-20.08056	0	-20.08056	0.104383	0.21864	0.191006	0.220411	0.0868817	0.091182	0.784772	0.536115	0.971178
690000	-21.36969	0	-21.36969	0.145524	0.371911	0.079268	0.136029	0.349399	0.0569436	2.8202	1.31867	0.572442
700000	-27.26895	0	-27.26895	0.107879	0.0581929	0.117457	0.0847311	0.422639	0.0741628	2.38005	0.248097	0.0538222
710000	-24.73263	0	-24.73263	0.181737	0.279537	0.117235	0.184178	0.218872	0.14762	0.899134	0.586253	0.596126
720000	-16.53733	0	-16.53733	0.0963362	0.20529	0.230771	0.280522	0.356751	0.139166	0.830142	1.25913	0.383838
730000	-16.89117	0	-16.89117	0.0869001	0.18646	0.161199	0.159857	0.180751	0.0817968	0.271143	0.922678	0.766375
740000	-25.52597	0	-25.52597	0.109101	0.22783	0.215134	0.425839	0.1352	0.107047	0.435029	1.30433	0.140065
750000	-22.8745	0	-22.8745	0.0771776	0.184813	0.224201	0.269665	0.140344	0.0527735	0.258036	0.776766	0.597883
760000	-23.49341	0	-23.49341	0.0580185	0.600349	0.364166	0.132875	0.166462	0.125908	2.36994	0.746833	0.459348
770000	-20.11958	0	-20.11958	0.0891263	0.240061	0.228758	0.120534	0.265589	0.128973	2.89777	0.814097	0.189813
780000	-27.39537	0	-27.39537	0.102214	0.298166	0.218308	0.190287	0.181002	0.25993	2.10725	0.590371	0.07112
790000	-20.1794	0	-20.1794	0.145123	0.207989	0.14511	0.174176	0.0985478	0.118615	1.58637	0.524862	0.601728
800000	-25.99208	0	-25.99208	0.0669485	0.0856173	0.231656	0.288748	0.354745	0.0999039	0.434402	0.415679	0.0569545
810000	-31.544	0	-31.544	0.127421	0.302756	0.0926857	0.239511	0.240632	0.101712	6.20131	1.92343	0.0748013
820000	-30.42529	0	-30.42529	0.108017	0.204215	0.124636	0.423798	0.397467	0.0810287	0.2095	1.07372	0.0678691
830000	-18.88612	0	-18.88612	0.153716	0.160996	0.116771	0.16238	0.349465	0.15202	1.47466	1.17848	0.809047
840000	-23.50741	0	-23.50741	0.134702	0.131683	0.221349	0.410952	0.0998506	0.121046	0.671024	0.408648	0.208919
850000	-28.78377	0	-28.78377	0.170774	0.107481	0.511038	0.12601	0.0816728	0.0942995	0.173168	0.620943	0.0868688
860000	-26.81441	0	-26.81441	0.151099	0.177153	0.150896	0.164095	0.0668947	0.139365	2.304	0.634834	0.606114
870000	-21.41172	0	-21.41172	0.144822	0.0697424	0.257647	0.0926504	0.344765	0.112984	3.94159	2.05103	1.96929
880000	-27.69244	0	-27.69244	0.0618108	0.0765904	0.142646	0.211864	0.0736817	0.162948	0.245216	0.74477	0.0224477
890000	-19.29954	0	-19.29954	0.180184	0.0852284	0.117768	0.118518	0.38445	0.0870935	2.46554	0.876622	0.0509373
900000	-26.3407	0	-26.3407	0.091968	0.191331	0.394242	0.155059	0.407759	0.135963	0.727666	0.641073	0.0799581
910000	-27.08632	0	-27.08632	0.286165	0.24389	0.127878	0.200972	0.180492	0.498459	1.27965	0.527159	0.125624
920000	-26.90989	0	-26.90989	0.258437	0.322945	0.194346	0.143025	0.221642	0.151548	1.65833	1.01714	0.0368489
930000	-31.2194	0	-31.2194	0.263214	0.0584633	0.213911	0.304398	0.315032	0.152796	0.752653	0.461311	0.327393
940000	-23.2079	0	-23.2079	0.119094	0.179297	0.140678	0.201629	0.174944	0.0924458	0.831908	1.32892	0.0401147
950000	-33.27188	0	-33.27188	0.153001	0.184344	0.207946	0.0842418	0.336755	0.173911	2.32899	0.584066	0.00520109
960000	-23.60355	0	-23.60355	0.117389	0.174201	0.182829	0.157195	0.193289	0.131773	0.325619	0.270586	0.188073
970000	-26.33802	0	-26.33802	0.0964857	0.0797015	0.182452	0.101318	0.233299	0.0744173	0.762693	0.520134	0.247594
980000	-26.78314	0	-26.78314	0.081017	0.219697	0.0997566	0.272241	0.260674	0.1407	0.477477	0.565165	0.504004
990000	-26.78385	0	-26.78385	0.240659	0.114046	0.17376	0.119802	0.69004	0.152855	0.264764	0.814725	0.0231394
1000000	-33.01206	0	-33.01206	0.195479	0.10392	0.164702	0.120582	0.28291	0.176421	0.517937	0.708432	0.00397197
1010000	-26.20342	0	-26.20342	0.171828	0.215206	0.131413	0.105813	0.292087	0.0732462	1.00484	0.762365	0.00546723
1020000	-21.19091	0	-21.19091	0.159119	0.129311	0.113974	0.160104	0.172177	0.140716	0.346346	1.12281	0.543037
1030000	-20.19927	0	-20.19927	0.100756	0.111345	0.138373	0.236519	0.289593	0.0637364	2.78537	0.921384	0.396723
1040000	-29.38249	0	-29.38249	0.0719207	0.144798	0.395296	0.118379	0.102136	0.156625	0.245023	1.29382	0.0156971
1050000	-16.5393	0	-16.5393	0.0618989	0.137167	0.101165	0.118109	0.315473	0.095265	1.55976	0.700635	0.685975
1060000	-21.47179	0	-21.47179	0.081459	0.185386	0.262634	0.10909	0.314965	0.162396	1.91946	1.29513	0.145066
1070000	-23.09208	0	-23.09208	0.114434	0.15594	0.459686	0.17993	0.0805201	0.0813529	0.497282	0.654834	0.226896
1080000	-21.25322	0	-21.25322	0.148483	0.103965	0.41196	0.204135	0.271352	0.0626602	0.399018	1.2639	0.653813
1090000	-25.965	0	-25.965	0.0683468	0.206907	0.108771	0.422842	0.1599	0.0727956	0.698938	1.205	0.17382
1100000	-24.7287	0	-24.7287	0.100748	0.294898	0.147022	0.202514	0.49712	0.0992001	0.142933	0.918801	0.695592
1110000	-20.38422	0	-20.38422	0.215114	0.351061	0.135495	0.100227	0.17893	0.183834	0.801108	1.14672	0.149085
1120000	-32.35976	0	-32.35976	0.162966	0.110424	0.412409	0.326255	0.105697	0.146969	0.351064	0.658853	0.126593
1130000	-19.9272	0	-19.9272	0.164895	0.286586	0.258745	0.144011	0.251819	0.10549	2.30248	1.44486	0.458897
1140000	-19.6706	0	-19.6706	0.0711362	0.135079	0.23869	0.106446	0.318033	0.0591126	3.12207	0.988108	0.0999369
1150000	-27.08916	0	-27.08916	0.224152	0.390431	0.0711645	0.378589	0.159223	0.0486761	4.0489	0.64101	0.179312
1160000	-26.36442	0	-26.36442	0.118517	0.231738	0.109998	0.34466	0.206659	0.264018	0.795476	0.647699	1.21295
1170000	-23.6406	0	-23.6406	0.193064	0.204392	0.129508	0.251954	0.246772	0.152207	0.819973	0.409109	0.395175
1180000	-26.75331	0	-26.75331	0.321357	0.180195	0.17418	0.147027	0.296234	0.146059	1.05978	0.972811	0.1608
1190000	-27.93791	0	-27.93791	0.136216	0.344835	0.171572	0.365623	0.376415	0.12335	3.10556	2.70302	0.153259
1200000	-23.0269	0	-23.0269	0.0848434	0.0686923	0.209507	0.285897	0.115393	0.147915	0.236281	0.448527	0.510188
1210000	-20.95389	0	-20.95389	0.128338	0.129325	0.103323	0.298146	0.321333	0.20571	1.62187	1.44957	1.82703
1220000	-20.27914	0	-20.27914	0.0480671	0.235536	0.282928	0.24696	0.342199	0.0693923	0.321265	1.5495	1.0122
1230000	-17.34454	0	-17.34454	0.106064	0.202737	0.133269	0.113649	0.305281	0.120135	0.435647	1.94367	1.22272
1240000	-22.38978	0	-22.38978	0.331539	0.212471	0.157765	0.245908	0.221515	0.0865686	0.984832	0.726431	0.118887
1250000	-21.15419	0	-21.15419	0.0907717	0.233308	0.205516	0.179364	0.22393	0.168551	0.283159	0.874603	0.0942214
1260000	-23.3353	0	-23.3353	0.165499	0.267003	0.0753138	0.0989349	0.201056	0.116789	1.16424	1.16431	0.428378
1270000	-21.70374	0	-21.70374	0.197691	0.216282	0.259042	0.10342	0.31646	0.198355	0.674879	1.05691	0.193309
1280000	-23.29505	0	-23.29505	0.350501	0.240892	0.169982	0.281877	0.150472	0.132994	0.418611	0.764898	0.13198
1290000	-28.93086	0	-28.93086	0.252696	0.13609	0.117543	0.144352	0.378396	0.261882	1.5795	0.262323	0.58399
1300000	-24.12633	0	-24.12633	0.301662	0.219069	0.214736	0.250098	0.182902	0.183689	0.504346	0.398244	0.564263
1310000	-24.85911	0	-24.85911	0.0905336	0.112569	0.366144	0.217174	0.549864	0.186124	2.79232	0.919365	0.755623
1320000	-26.58027	0	-26.58027	0.0786845	0.235076	0.170712	0.355586	0.379826	0.0736099	2.69839	0.940028	0.0377468
1330000	-24.61713	0	-24.61713	0.118765	0.0962856	0.205332	0.302661	0.131449	0.241772	0.176684	1.14472	0.117432
1340000	-30.02785	0	-30.02785	0.0782827	0.144354	0.10103	0.373702	0.191803	0.110104	3.23512	0.821329	0.173505
1350000	-19.1748	0	-19.1748	0.107587	0.21194	0.0939799	0.204412	0.23072	0.195476	1.93093	2.18596	0.184841
1360000	-19.80723	0	-19.80723	0.0814417	0.200131	0.096272	0.199741	0.233961	0.113837	3.27139	1.21082	0.432696
1370000	-25.59211	0	-25.59211	0.102626	0.240111	0.186561	0.302614	0.307889	0.0737361	1.87626	1.35558	0.232571
1380000	-20.37572	0	-20.37572	0.126947	0.18403	0.243859	0.0813141	0.0939004	0.177845	0.5848	0.838223	0.478342
1390000	-24.54141	0	-24.54141	0.147137	0.137234	0.339629	0.226587	0.173881	0.0891576	0.377954	0.837416	0.0201783
1400000	-23.71917	0	-23.71917	0.180155	0.125465	0.166543	0.129784	0.188014	0.136101	0.614117	0.795045	0.123149
1410000	-25.39912	0	-25.39912	0.140885	0.322803	0.084914	0.251238	0.255916	0.0881392	2.12997	1.19354	0.519504
1420000	-30.28641	0	-30.28641	0.0541028	0.0987584	0.166108	0.100003	0.236493	0.082966	3.68939	1.03779	0.00783946
1430000	-25.58583	0	-25.58583	0.0695161	0.280166	0.283972	0.24372	0.139529	0.139107	0.0402265	0.715692	0.260789
1440000	-17.32618	0	-17.32618	0.156605	0.185336	0.273703	0.153638	0.179517	0.0743336	2.64264	1.16885	2.40713
1450000	-26.45859	0	-26.45859	0.198836	0.222625	0.0703102	0.150945	0.254134	0.0596109	0.920106	0.93831	0.0271406
1460000	-23.14203	0	-23.14203	0.175175	0.111835	0.238478	0.141531	0.124248	0.154827	1.35138	0.576742	0.45083
1470000	-31.25254	0	-31.25254	0.264308	0.223777	0.182678	0.264401	0.738099	0.117121	0.672347	0.725412	0.156568
1480000	-33.27858	0	-33.27858	0.15367	0.0712346	0.242722	0.0763248	0.342611	0.0921701	1.92087	1.11734	0.332974
1490000	-21.04053	0	-21.04053	0.143607	0.143332	0.234627	0.187273	0.157583	0.0973558	0.575585	1.09945	0.0308101
1500000	-29.83003	0	-29.83003	0.189967	0.451947	0.0862848	0.126628	0.141958	0.106029	0.244406	1.46546	0.218284
1510000	-21.81865	0	-21.81865	0.110597	0.253837	0.108573	0.0841152	0.109269	0.0727573	1.8869	2.02732	0.75945
1520000	-26.17086	0	-26.17086	0.0648166	0.139748	0.279542	0.155874	0.235919	0.143884	0.365974	0.994764	0.0293344
1530000	-23.45726	0	-23.45726	0.251202	0.114624	0.146005	0.102834	0.143842	0.0697552	0.723345	1.21547	0.226929
1540000	-28.98905	0	-28.98905	0.0741308	0.052147	0.18753	0.335871	0.351805	0.211902	1.70738	0.696936	0.0653913
1550000	-28.00972	0	-28.00972	0.253152	0.15128	0.282981	0.100323	0.118586	0.148944	1.89434	0.707518	0.0951868
1560000	-20.67857	0	-20.67857	0.164036	0.163614	0.152379	0.11805	0.392574	0.112964	0.630362	1.23651	0.58932
1570000	-22.67161	0	-22.67161	0.242194	0.0832817	0.226787	0.278133	0.217528	0.0817521	3.40755	1.31127	0.101525
1580000	-35.5326	0	-35.5326	0.126474	0.127991	0.156548	0.394999	0.147355	0.0405114	0.376298	0.128197	0.0138811
1590000	-27.93604	0	-27.93604	0.198678	0.324309	0.139934	0.21809	0.497344	0.308306	1.4839	0.967778	0.0661547
1600000	-25.99132	0	-25.99132	0.0785165	0.127662	0.134725	0.100327	0.154469	0.0832332	5.47412	0.543497	0.516385
1610000	-21.3323	0	-21.3323	0.1216	0.223596	0.117264	0.084241	0.216835	0.129578	1.43819	0.489822	0.377797
1620000	-26.0129	0	-26.0129	0.483047	0.110988	0.189442	0.136916	0.448777	0.0834111	0.476392	0.823519	0.153395
1630000	-19.94049	0	-19.94049	0.0721992	0.222149	0.232679	0.225698	0.304832	0.140359	3.7112	1.11302	0.965121
1640000	-18.3337	0	-18.3337	0.0645733	0.252197	0.202763	0.117429	0.429067	0.156353	1.42656	0.663186	0.846038
1650000	-16.2446	0	-16.2446	0.158698	0.247308	0.0821125	0.177408	0.361471	0.10141	1.53853	1.86206	2.48394
1660000	-28.18162	0	-28.18162	0.277153	0.14837	0.0951239	0.125803	0.44298	0.0883652	1.06159	0.656968	0.00943917
1670000	-21.66703	0	-21.66703	0.0982423	0.0848742	0.216042	0.212569	0.232192	0.14838	0.92664	0.478758	0.101427
1680000	-27.05873	0	-27.05873	0.23402	0.224001	0.187202	0.151931	0.227817	0.0399503	1.05362	0.551158	0.317634
1690000	-24.2459	0	-24.2459	0.128283	0.224793	0.339595	0.145845	0.189345	0.115945	2.47128	1.01842	0.154752
1700000	-21.91444	0	-21.91444	0.157846	0.0806598	0.235065	0.137823	0.119128	0.158313	0.807183	0.648904	0.104306
1710000	-26.979	0	-26.979	0.142993	0.164697	0.21517	0.33556	0.231877	0.117304	0.159958	0.653263	0.060398
1720000	-30.30725	0	-30.30725	0.126969	0.145306	0.102739	0.482004	0.232812	0.10879	0.284068	0.395902	1.59928
1730000	-25.44878	0	-25.44878	0.0724086	0.0874811	0.130127	0.115092	0.140649	0.152779	0.96772	0.693947	0.209004
1740000	-26.3234	0	-26.3234	0.114196	0.158274	0.145162	0.276976	0.178804	0.163568	0.807668	0.483209	0.105965
1750000	-30.45689	0	-30.45689	0.219902	0.119174	0.394948	0.0732784	0.17945	0.0809292	1.64407	1.41548	0.0939457
1760000	-24.12706	0	-24.12706	0.107237	0.150796	0.437664	0.14621	0.245338	0.0950697	1.01652	0.398966	0.167093
1770000	-17.68051	0	-17.68051	0.108045	0.192512	0.128552	0.0750909	0.516008	0.113021	1.30803	0.983419	0.828095
1780000	-23.41567	0	-23.41567	0.0698005	0.118805	0.145237	0.067282	0.339863	0.0853514	0.548123	1.03812	0.0658904
1790000	-24.72012	0	-24.72012	0.191463	0.183055	0.223492	0.177985	0.223154	0.135032	5.83459	0.855255	0.339704
1800000	-17.38628	0	-17.38628	0.0530689	0.257686	0.222378	0.16208	0.369755	0.131055	0.793473	0.916918	0.898515
1810000	-30.99921	0	-30.99921	0.107214	0.137956	0.139907	0.1332	0.247329	0.11237	0.448679	0.750912	0.0165936
1820000	-24.24221	0	-24.24221	0.0738331	0.120937	0.0416165	0.258817	0.170261	0.0470378	1.83284	0.84695	0.316852
1830000	-25.09976	0	-25.09976	0.20075	0.0969042	0.111002	0.294019	0.219406	0.415022	1.76649	0.785232	1.58439
1840000	-28.08607	0	-28.08607	0.121894	0.11237	0.18301	0.100536	0.347946	0.119143	1.83962	1.40873	0.0613807
1850000	-20.98612	0	-20.98612	0.0565712	0.292512	0.16933	0.311678	0.301668	0.0645784	1.396	0.825773	0.567533
1860000	-29.29842	0	-29.29842	0.067459	0.0882663	0.15114	0.21869	0.0883591	0.0861884	0.977418	0.593559	0.0054951
1870000	-21.98009	0	-21.98009	0.247441	0.108896	0.0622727	0.160713	0.200863	0.0530362	1.06774	0.68734	0.242578
1880000	-18.60324	0	-18.60324	0.142742	0.266226	0.142955	0.131162	0.101561	0.0658281	0.720611	0.918064	0.412639
1890000	-22.46761	0	-22.46761	0.0799801	0.12901	0.184864	0.214334	0.309268	0.185946	0.687665	0.82624	0.948089
1900000	-26.42453	0	-26.42453	0.0439875	0.116189	0.412375	0.25691	0.138806	0.198133	0.755848	0.745632	0.143356
1910000	-19.88256	0	-19.88256	0.138604	0.0685669	0.119391	0.1224	0.300768	0.0412035	2.17017	0.805678	1.76461
1920000	-23.10809	0	-23.10809	0.176494	0.344997	0.0851501	0.322351	0.204844	0.176812	1.11658	0.962288	0.953768
1930000	-27.01207	0	-27.01207	0.085755	0.106936	0.487431	0.228225	0.281957	0.135191	6.31527	1.26871	1.73557
1940000	-28.8904	0	-28.8904	0.201615	0.18596	0.117337	0.366781	0.21309	0.161855	0.147815	0.699946	0.115693
1950000	-32.9539	0	-32.9539	0.0318475	0.128245	0.243934	0.350887	0.0715063	0.18485	0.413381	0.320351	0.0112107
1960000	-25.76339	0	-25.76339	0.055929	0.11815	0.103959	0.221372	0.152471	0.099614	0.783532	0.327887	0.0691169
1970000	-25.14693	0	-25.14693	0.13105	0.0499733	0.285899	0.145551	0.116218	0.0415851	0.371153	0.71992	0.422856
1980000	-20.01319	0	-20.01319	0.117857	0.140602	0.452272	0.102247	0.374618	0.0638571	1.4195	1.10292	0.134644
1990000	-21.00158	0	-21.00158	0.0605249	0.122386	0.15664	0.159272	0.349098	0.116169	1.09609	1.52467	0.684964
2000000	-31.13248	0	-31.13248	0.0680723	0.123196	0.14834	0.177706	0.25014	0.153748	3.1599	1.08495	0.0135655
2010000	-28.0183	0	-28.0183	0.222397	0.129989	0.0693103	0.187139	0.272342	0.0610098	0.566603	1.19198	0.0189484
2020000	-22.56842	0	-22.56842	0.290958	0.271939	0.162322	0.250334	0.187805	0.113985	1.87525	1.57032	0.176558
2030000	-18.88431	0	-18.88431	0.115861	0.230048	0.154911	0.138176	0.101991	0.103042	3.45389	0.980362	0.218277
2040000	-25.65852	0	-25.65852	0.270441	0.40866	0.0641969	0.0494832	0.419866	0.141033	1.10856	1.02424	0.393762
2050000	-20.15116	0	-20.15116	0.169918	0.118422	0.154554	0.137425	0.260808	0.0534556	2.30566	0.88819	0.437077
2060000	-20.27565	0	-20.27565	0.18363	0.174243	0.0734408	0.224956	0.399956	0.104848	0.239293	1.29513	0.687155
2070000	-27.97435	0	-27.97435	0.220088	0.169314	0.193519	0.21831	0.118259	0.0784217	0.037077	1.09496	0.308463
2080000	-26.69885	0	-26.69885	0.0957855	0.0953139	0.131998	0.169308	0.205971	0.189027	0.755803	2.14801	0.0273168
2090000	-22.79228	0	-22.79228	0.216358	0.156694	0.161275	0.126688	0.346535	0.0889036	0.844705	1.51033	0.25857
2100000	-27.20913	0	-27.20913	0.0482652	0.300367	0.314381	0.253249	0.437136	0.119137	2.34305	1.2856	2.81
2110000	-20.85142	0	-20.85142	0.100745	0.262891	0.0859798	0.20696	0.120578	0.153323	0.432468	0.972582	0.769389
2120000	-25.52798	0	-25.52798	0.151172	0.0813272	0.134787	0.159155	0.132906	0.0977554	0.71856	1.00511	0.0468595
2130000	-23.27665	0	-23.27665	0.136171	0.143684	0.178922	0.326698	0.247572	0.164821	0.203827	1.43563	0.178732
2140000	-19.56444	0	-19.56444	0.275051	0.194239	0.114398	0.191281	0.267127	0.0987012	0.974786	1.16786	1.47957
2150000	-20.36055	0	-20.36055	0.084729	0.215791	0.114049	0.391674	0.107969	0.103293	0.67332	1.4947	0.644868
2160000	-25.94886	0	-25.94886	0.101464	0.248964	0.103902	0.333393	0.181548	0.0984103	0.220985	1.42356	0.177843
2170000	-25.90175	0	-25.90175	0.154082	0.142317	0.269208	0.156206	0.1683	0.145559	0.226169	1.7366	0.484392
2180000	-27.95145	0	-27.95145	0.071141	0.122052	0.197349	0.129565	0.369335	0.198638	1.20765	0.808555	0.036502
2190000	-24.88554	0	-24.88554	0.158857	0.230707	0.4063	0.111834	0.477255	0.0582075	2.42949	1.12413	0.105626
2200000	-21.03682	0	-21.03682	0.286075	0.297203	0.0941192	0.238686	0.534797	0.0600669	1.39864	1.01393	0.500331
2210000	-29.44177	0	-29.44177	0.0883056	0.275652	0.215527	0.115572	0.756449	0.106303	0.233453	0.489251	0.475678
2220000	-23.56973	0	-23.56973	0.216619	0.16915	0.20732	0.180634	0.133451	0.0594198	0.810729	0.767453	0.347404
2230000	-24.41197	0	-24.41197	0.237084	0.13911	0.454914	0.309658	0.128619	0.0687145	0.163541	0.743653	0.558695
2240000	-36.17639	0	-36.17639	0.301756	0.0831526	0.0723797	0.26496	0.117882	0.0423941	1.19393	0.339645	0.0205597
2250000	-25.65523	0	-25.65523	0.278565	0.17481	0.111669	0.11965	0.100569	0.302419	0.545458	1.21365	1.24529
2260000	-29.01346	0	-29.01346	0.104352	0.144602	0.204158	0.284707	0.341461	0.0777929	0.626411	0.840764	0.290732
2270000	-22.30683	0	-22.30683	0.157235	0.0770891	0.184453	0.137307	0.398045	0.0893008	0.503916	0.725871	0.0339596
2280000	-25.42329	0	-25.42329	0.0632764	0.144618	0.160605	0.474227	0.55506	0.135247	0.566681	0.986065	0.297408
2290000	-24.40061	0	-24.40061	0.130841	0.309891	0.260014	0.134571	0.0586263	0.270847	0.135132	0.52761	0.226535
2300000	-24.71953	0	-24.71953	0.12604	0.516443	0.106203	0.152251	0.15633	0.198183	0.833936	0.571922	0.296877
2310000	-25.28992	0	-25.28992	0.204	0.151176	0.239719	0.190273	0.190177	0.0791441	0.771886	0.612259	0.0347861
2320000	-22.42031	0	-22.42031	0.210983	0.100075	0.16098	0.106863	0.304595	0.179519	1.88187	0.794351	0.170777
2330000	-26.3195	0	-26.3195	0.0928906	0.140347	0.19433	0.185315	0.304165	0.205579	2.82832	2.06752	0.417098
2340000	-21.83975	0	-21.83975	0.166943	0.323074	0.268601	0.13733	0.514104	0.213703	3.57573	1.45371	1.30932
2350000	-18.32429	0	-18.32429	0.170734	0.347008	0.0905139	0.109306	0.589421	0.115639	1.60553	1.12923	0.876328
2360000	-29.13839	0	-29.13839	0.319705	0.226686	0.371395	0.382541	0.168266	0.0881028	0.0419701	0.583396	0.267374
2370000	-22.89636	0	-22.89636	0.125958	0.184625	0.192264	0.151342	0.23555	0.184843	0.328492	0.527777	0.164713
2380000	-26.32139	0	-26.32139	0.141244	0.143872	0.137991	0.125835	0.365737	0.113069	0.717568	0.741339	0.0617986
2390000	-24.80841	0	-24.80841	0.118213	0.0992227	0.182765	0.209374	0.101195	0.0807695	3.00027	0.918172	0.131685
2400000	-25.22646	0	-25.22646	0.151476	0.197705	0.118454	0.181255	0.188568	0.19189	1.50555	1.53862	0.443179
2410000	-26.03605	0	-26.03605	0.131769	0.161898	0.121315	0.174407	0.19349	0.160268	1.15189	1.44591	0.0247227
2420000	-21.82094	0	-21.82094	0.113824	0.300465	0.113134	0.103911	0.220137	0.311576	0.618442	0.887559	0.382662
2430000	-19.00187	0	-19.00187	0.057847	0.152399	0.0939957	0.130923	0.2983	0.110784	0.224686	1.84008	0.0960749
2440000	-23.88314	0	-23.88314	0.0466824	0.180611	0.0717853	0.137887	0.241544	0.125521	1.1531	0.508331	0.0110606
2450000	-23.89071	0	-23.89071	0.0634571	0.127577	0.186865	0.120105	0.390776	0.0907581	0.301897	0.483892	0.0315183
2460000	-38.14149	0	-38.14149	0.102843	0.234948	0.183197	0.117551	0.0855366	0.254136	0.747335	0.680105	0.0306053
2470000	-25.7051	0	-25.7051	0.100801	0.261566	0.0928414	0.077967	0.242986	0.181469	0.0776864	1.05357	0.197774
2480000	-22.09842	0	-22.09842	0.186089	0.355322	0.28632	0.223608	0.164926	0.0644852	0.765029	0.901103	0.291436
2490000	-23.69918	0	-23.69918	0.0771033	0.298693	0.154662	0.0813871	0.382238	0.0581666	1.6643	0.382156	0.0641452
2500000	-24.25237	0	-24.25237	0.0827538	0.110239	0.246847	0.121521	0.254851	0.0789587	2.64772	1.39356	0.113629
2510000	-24.97286	0	-24.97286	0.299944	0.267663	0.699957	0.162632	0.203233	0.0605209	2.98302	0.950795	0.172338
2520000	-34.1541	0	-34.1541	0.396448	0.262166	0.277867	0.312041	0.150103	0.127225	0.292994	0.821104	0.538079
2530000	-25.59391	0	-25.59391	0.0793292	0.11388	0.17641	0.509305	0.21815	0.061218	1.17839	0.630411	0.18911
2540000	-26.62272	0	-26.62272	0.0720152	0.274126	0.16894	0.0794904	0.388134	0.107701	6.36789	1.08425	0.447217
2550000	-21.03517	0	-21.03517	0.148842	0.274302	0.105652	0.147494	0.268375	0.307096	4.0794	1.20246	0.281106
2560000	-23.62717	0	-23.62717	0.173247	0.318181	0.200794	0.249763	0.223587	0.231226	0.819199	1.75851	2.14954
2570000	-34.2545	0	-34.2545	0.512124	0.195266	0.107323	0.399191	0.227043	0.108416	0.247312	0.553539	0.0509066
2580000	-25.05287	0	-25.05287	0.216981	0.128427	0.273198	0.176781	0.300615	0.134586	0.235792	0.374917	0.183921
2590000	-18.42765	0	-18.42765	0.110235	0.154698	0.0804908	0.210532	0.181636	0.201576	1.87226	1.38178	0.764141
2600000	-26.65691	0	-26.65691	0.114629	0.0577014	0.229309	0.153634	0.261442	0.147557	5.89458	0.872112	0.0840622
2610000	-25.69057	0	-25.69057	0.100242	0.0865249	0.232122	0.136526	0.152177	0.0980609	0.451322	0.509579	0.236756
2620000	-18.85921	0	-18.85921	0.119886	0.256651	0.132233	0.139691	0.243875	0.0916272	1.54347	1.08115	0.311767
2630000	-23.92395	0	-23.92395	0.0942136	0.231158	0.315066	0.104329	0.207144	0.147959	1.45844	0.440104	0.358895
2640000	-22.67796	0	-22.67796	0.189819	0.0639426	0.214794	0.148314	0.203353	0.095471	3.19108	0.416083	0.296716
2650000	-27.42934	0	-27.42934	0.0646064	0.528693	0.169746	0.0924971	0.268884	0.172457	5.18247	0.621545	0.104517
2660000	-31.50756	0	-31.50756	0.163459	0.0893364	0.0830341	0.228362	0.0998012	0.110838	0.733573	1.06429	0.0297022
2670000	-18.01416	0	-18.01416	0.104836	0.143877	0.0833366	0.296387	0.359343	0.136069	3.18035	1.73048	0.0710151
2680000	-15.21503	0	-15.21503	0.0745764	0.304302	0.308498	0.128574	0.23575	0.0752369	0.98982	2.66522	1.70524
2690000	-23.25533	0	-23.25533	0.0737561	0.285746	0.160375	0.305883	0.209493	0.0674358	1.23202	1.00136	0.0782851
2700000	-22.52908	0	-22.52908	0.288911	0.125979	0.224982	0.15365	0.189276	0.165265	1.96363	1.05993	1.06808
2710000	-24.90034	0	-24.90034	0.106874	0.108483	0.374487	0.153333	0.177621	0.112386	3.36027	1.27586	1.37031
2720000	-21.11019	0	-21.11019	0.122698	0.194232	0.22028	0.369481	0.22926	0.0985559	0.999981	0.599996	1.36348
2730000	-23.62825	0	-23.62825	0.0679963	0.109221	0.397705	0.0582404	0.235743	0.0581444	3.15188	1.32236	0.0168485
2740000	-32.93308	0	-32.93308	0.0671066	0.125543	0.169059	0.230334	0.371399	0.172568	5.297	0.77835	0.00315494
2750000	-23.57101	0	-23.57101	0.0951998	0.0576258	0.333758	0.172675	0.165835	0.126789	0.106245	0.736043	0.36694
2760000	-18.75183	0	-18.75183	0.0651073	0.301885	0.0971999	0.162544	0.272733	0.164833	5.57539	0.941782	0.443973
2770000	-27.79829	0	-27.79829	0.0582568	0.184206	0.159328	0.432578	0.155974	0.0524894	0.85237	0.745452	0.27413
2780000	-19.64832	0	-19.64832	0.156776	0.224168	0.192732	0.120847	0.488192	0.0954284	2.30278	0.651797	0.0930159
2790000	-27.98423	0	-27.98423	0.2207	0.0944888	0.149942	0.418044	0.610654	0.112739	1.40766	0.384554	0.0349711
2800000	-21.4175	0	-21.4175	0.0710516	0.30266	0.139117	0.381935	0.249032	0.12376	0.945034	0.757737	0.88501
2810000	-26.08202	0	-26.08202	0.078202	0.171711	0.106212	0.223735	0.150759	0.0500789	0.214179	1.18566	0.0956489
2820000	-22.19412	0	-22.19412	0.0777661	0.175194	0.173951	0.0965606	0.18473	0.172247	1.14254	0.828924	1.24608
2830000	-25.88235	0	-25.88235	0.17957	0.181673	0.212139	0.131343	0.123977	0.105553	1.03701	1.149	0.0494585
2840000	-26.20589	0	-26.20589	0.0360314	0.125819	0.522018	0.0840983	0.137408	0.10343	0.730757	0.752863	0.460533
2850000	-23.01988	0	-23.01988	0.0467067	0.156472	0.310476	0.153977	0.185119	0.148881	2.45191	0.873386	0.238933
2860000	-19.58506	0	-19.58506	0.121209	0.126151	0.249516	0.15255	0.237805	0.119258	0.305507	1.02777	0.487564
2870000	-25.42693	0	-25.42693	0.184834	0.239962	0.17235	0.26902	0.175261	0.0603282	2.28238	0.50033	0.0444719
2880000	-25.56959	0	-25.56959	0.148585	0.195167	0.513038	0.174725	0.197344	0.0513038	2.72024	0.507943	0.465606
2890000	-24.34175	0	-24.34175	0.0810117	0.283059	0.137459	0.165862	0.0965498	0.0731467	3.4068	1.27111	0.0343291
2900000	-21.75493	0	-21.75493	0.147993	0.227053	0.1551	0.106446	0.482055	0.0944069	0.777442	0.816871	0.831115
2910000	-26.75281	0	-26.75281	0.329115	0.208857	0.139806	0.107623	0.202727	0.130464	4.82881	0.66576	0.353608
2920000	-25.75257	0	-25.75257	0.111271	0.131455	0.166103	0.0897189	0.215104	0.134082	4.20045	0.441675	0.220792
2930000	-29.38334	0	-29.38334	0.081037	0.253947	0.264198	0.200792	0.279605	0.0608887	0.611586	1.16404	0.112788
2940000	-24.50998	0	-24.50998	0.200049	0.17024	0.465963	0.345789	0.219302	0.0389146	1.21612	1.05167	0.288182
2950000	-22.14573	0	-22.14573	0.0372004	0.166855	0.237287	0.140765	0.27633	0.0971057	1.01124	0.534634	0.0609584
2960000	-24.4722	0	-24.4722	0.1096	0.104465	0.161856	0.427355	0.242913	0.114826	0.703012	1.5011	0.0732706
2970000	-22.69009	0	-22.69009	0.0495866	0.0683909	0.284842	0.25484	0.14472	0.103703	0.125708	0.626732	0.239995
2980000	-28.91914	0	-28.91914	0.142554	0.077194	0.0974467	0.244936	0.258428	0.139501	0.304217	0.794514	0.048623
2990000	-25.75969	0	-25.75969	0.162928	0.150763	0.0875947	0.273756	0.0922753	0.0514962	0.86445	1.32687	0.0475083
3000000	-26.459	0	-26.459	0.160877	0.108251	0.102676	0.346047	0.273317	0.149486	0.236919	1.31215	0.0436196
3010000	-23.45031	0	-23.45031	0.147749	0.179446	0.225663	0.105973	0.195209	0.227782	0.776391	1.19445	0.11822
3020000	-24.0905	0	-24.0905	0.256405	0.294068	0.265696	0.295179	0.419627	0.122653	0.0871342	1.7582	0.344773
3030000	-20.45257	0	-20.45257	0.0870434	0.112436	0.184709	0.174211	0.24621	0.0599333	1.44284	0.700253	0.0858506
3040000	-29.31892	0	-29.31892	0.204536	0.162113	0.194888	0.475899	0.335525	0.124594	0.064307	0.306474	0.887069
3050000	-31.45291	0	-31.45291	0.147361	0.307667	0.0738811	0.295081	0.199402	0.0418801	0.684259	0.482226	0.0295246
3060000	-25.0661	0	-25.0661	0.230099	0.299913	0.361535	0.0948886	0.529625	0.0729268	3.3606	0.733318	1.2318
3070000	-18.26176	0	-18.26176	0.134288	0.190231	0.292214	0.091454	0.201582	0.151317	1.87247	0.816175	0.122263
3080000	-17.64414	0	-17.64414	0.0779748	0.106677	0.120713	0.108331	0.239145	0.198749	0.475215	1.52811	0.313818
3090000	-26.78025	0	-26.78025	0.160546	0.118632	0.189226	0.367253	0.125942	0.137384	0.0735858	0.249846	0.57723
3100000	-27.01827	0	-27.01827	0.0785582	0.174137	0.338982	0.149715	0.170242	0.117685	1.61023	1.13948	0.138256
3110000	-21.51074	0	-21.51074	0.0928341	0.0723068	0.233241	0.264475	0.173477	0.0655503	1.15692	0.708528	0.135029
3120000	-22.04795	0	-22.04795	0.0719533	0.306725	0.202217	0.0930035	0.343188	0.0934102	1.13185	1.48811	0.687167
3130000	-25.06245	0	-25.06245	0.144707	0.084597	0.17716	0.1498	0.1688	0.0616926	0.105319	0.89073	0.118802
3140000	-21.48591	0	-21.48591	0.0697797	0.210095	0.262022	0.0488054	0.301743	0.0851044	0.516704	2.18269	0.102822
3150000	-21.98613	0	-21.98613	0.185064	0.291272	0.134157	0.202578	0.307648	0.165957	0.831376	1.77854	0.955993
3160000	-21.22983	0	-21.22983	0.190369	0.0826978	0.254114	0.264569	0.104393	0.129588	0.144966	1.08048	0.0579241
3170000	-28.69964	0	-28.69964	0.204448	0.13194	0.222478	0.152763	0.200488	0.0636015	0.972274	0.344092	0.0679802
3180000	-23.78292	0	-23.78292	0.219991	0.0913142	0.242804	0.130254	0.505368	0.270029	1.24385	2.51188	0.503917
3190000	-24.09011	0	-24.09011	0.235371	0.214457	0.215426	0.209021	0.0881312	0.0788157	0.10446	0.688018	0.203456
3200000	-28.10559	0	-28.10559	0.348746	0.386741	0.220281	0.11952	0.299885	0.0669962	2.26249	1.30895	0.0805341
3210000	-31.44031	0	-31.44031	0.1449	0.179399	0.160963	0.390533	0.115807	0.0834272	0.114732	0.957562	0.0195652
3220000	-28.03678	0	-28.03678	0.0559586	0.152166	0.170719	0.177239	0.242956	0.0983616	0.587768	0.868434	0.233744
3230000	-26.16575	0	-26.16575	0.094285	0.219329	0.122994	0.166505	0.34891	0.0721444	2.9546	1.28694	0.0140197
3240000	-27.98883	0	-27.98883	0.171322	0.129758	0.144461	0.0986711	0.195497	0.131295	0.549252	0.94519	0.111924
3250000	-21.44797	0	-21.44797	0.124054	0.146683	0.222391	0.215317	0.148239	0.0891796	1.73807	0.788434	0.0742887
3260000	-21.65118	0	-21.65118	0.156403	0.325052	0.135181	0.403833	0.28963	0.125386	0.0703038	0.751315	0.792311
3270000	-26.14641	0	-26.14641	0.046267	0.059452	0.516844	0.097051	0.160322	0.117085	0.100366	1.19703	0.0696287
3280000	-24.34827	0	-24.34827	0.170543	0.0919245	0.0814686	0.299896	0.155647	0.207217	0.56778	1.12304	0.18781
3290000	-21.58772	0	-21.58772	0.141825	0.199658	0.130588	0.114375	0.161942	0.194721	1.69909	0.842682	1.57035
3300000	-23.60025	0	-23.60025	0.244864	0.255979	0.246332	0.150409	0.276618	0.0792182	3.28427	0.39153	0.433238
3310000	-16.48327	0	-16.48327	0.0630691	0.146021	0.158842	0.165821	0.19793	0.0690459	0.858077	0.8687	1.08371
3320000	-17.30931	0	-17.30931	0.0398667	0.312155	0.101882	0.150914	0.376849	0.179389	1.00022	2.06877	1.1772
3330000	-32.36272	0	-32.36272	0.204967	0.369006	0.17507	0.385556	0.106725	0.207623	1.60839	2.89921	0.063911
3340000	-32.28824	0	-32.28824	0.139653	0.11048	0.0670743	0.062805	0.11125	0.188429	0.239733	0.902899	0.0855408
3350000	-19.6584	0	-19.6584	0.0983413	0.276302	0.0887643	0.162609	0.298219	0.0633427	0.654601	2.09313	0.292918
3360000	-22.91921	0	-22.91921	0.0498663	0.0588885	0.159435	0.107848	0.525711	0.0897607	2.50432	1.12315	0.54364
3370000	-21.46825	0	-21.46825	0.186681	0.0895636	0.132032	0.295341	0.138274	0.0623129	2.0622	0.548543	0.277728
3380000	-26.08	0	-26.08	0.0618707	0.152058	0.0581348	0.413382	0.276779	0.0951777	0.512818	1.08006	0.0766512
3390000	-23.49599	0	-23.49599	0.120512	0.205816	0.0924231	0.112395	0.136924	0.128424	0.41352	0.26367	0.318837
3400000	-25.76182	0	-25.76182	0.131552	0.120014	0.348795	0.250394	0.382316	0.107621	4.1744	0.613994	0.532337
3410000	-21.06504	0	-21.06504	0.0485498	0.287914	0.102473	0.141593	0.259675	0.261728	2.92897	1.51029	0.522927
3420000	-36.81961	0	-36.81961	0.0776149	0.254753	0.152405	0.0846672	0.143916	0.051399	1.37123	0.763785	0.033187
3430000	-29.04644	0	-29.04644	0.153597	0.122277	0.0778414	0.159265	0.334096	0.0693661	0.993427	1.68562	0.0072323
3440000	-25.15423	0	-25.15423	0.160866	0.217646	0.304897	0.12883	0.183378	0.104219	0.186539	1.20706	0.398695
3450000	-30.22501	0	-30.22501	0.0735793	0.268864	0.143279	0.167882	0.124563	0.0561955	2.33971	0.713354	0.0894856
3460000	-25.83718	0	-25.83718	0.111555	0.125254	0.37919	0.374186	0.073519	0.110336	0.220435	0.442642	0.254417
3470000	-31.20557	0	-31.20557	0.158303	0.081755	0.213376	0.162963	0.22481	0.138365	2.21328	0.893107	0.0193889
3480000	-24.42791	0	-24.42791	0.150028	0.0556791	0.200393	0.170257	0.149603	0.0948504	0.547644	0.915205	0.31043
3490000	-21.2317	0	-21.2317	0.163995	0.159845	0.151607	0.153237	0.130428	0.0617864	3.09637	1.95553	0.154435
3500000	-26.54245	0	-26.54245	0.129137	0.0938493	0.31816	0.0967763	0.107156	0.103901	0.778043	0.344391	0.138054
3510000	-30.54023	0	-30.54023	0.0310429	0.111719	0.0797956	0.200719	0.159832	0.0749567	0.257292	1.02707	0.0863537
3520000	-34.21189	0	-34.21189	0.241123	0.27969	0.178472	0.0947772	0.29324	0.146455	1.19979	0.727074	0.00496197
3530000	-20.96343	0	-20.96343	0.113321	0.0607614	0.200677	0.121761	0.182251	0.101872	3.72385	1.48866	0.617032
3540000	-25.02635	0	-25.02635	0.128754	0.320935	0.0678711	0.263647	0.41884	0.0749558	0.785487	0.611667	2.85871
3550000	-20.47398	0	-20.47398	0.142492	0.160611	0.182685	0.383338	0.211403	0.133956	0.444334	0.758143	0.510122
3560000	-26.65548	0	-26.65548	0.150668	0.0588504	0.253403	0.101856	0.312656	0.0886457	4.71272	0.548643	0.118075
3570000	-28.85026	0	-28.85026	0.102287	0.239561	0.279433	0.169179	0.270824	0.0920119	0.429431	0.285851	0.0316646
3580000	-18.41782	0	-18.41782	0.0881859	0.310156	0.195829	0.0948439	0.189242	0.118302	1.21313	1.12689	4.54191
3590000	-26.95689	0	-26.95689	0.091662	0.152281	0.394456	0.0901246	0.166141	0.171949	2.1114	1.17444	0.0307423
3600000	-23.98395	0	-23.98395	0.239774	0.0900107	0.113332	0.167283	0.234469	0.107807	2.16398	1.32584	0.104244
3610000	-25.19406	0	-25.19406	0.350899	0.0847979	0.127221	0.12121	0.356051	0.0447486	0.76429	1.73726	0.140229
3620000	-35.83411	0	-35.83411	0.329636	0.143814	0.137423	0.342091	0.195083	0.0503236	0.50398	1.80013	0.017319
3630000	-21.37343	0	-21.37343	0.11054	0.066912	0.404576	0.232308	0.193986	0.0904373	1.35819	1.14155	0.123648
3640000	-28.30794	0	-28.30794	0.0844206	0.0989037	0.16629	0.0695592	0.303918	0.0743994	1.58449	1.32292	0.0418935
3650000	-20.19012	0	-20.19012	0.0578846	0.230779	0.0772506	0.216475	0.180827	0.0589532	0.439531	1.24223	0.0451445
3660000	-18.35232	0	-18.35232	0.129616	0.15205	0.115902	0.182849	0.101812	0.0926824	0.365784	0.567064	0.584968
3670000	-29.62171	0	-29.62171	0.0786537	0.365348	0.169323	0.202535	0.223305	0.129548	4.04331	1.00738	0.271347
3680000	-21.00568	0	-21.00568	0.11209	0.0954364	0.271148	0.117995	0.148412	0.104193	1.05338	1.45162	0.837451
3690000	-27.14808	0	-27.14808	0.05154	0.14495	0.240639	0.134128	0.106289	0.16403	0.355364	0.548979	0.139354
3700000	-19.82314	0	-19.82314	0.278645	0.2139	0.0702004	0.184354	0.39374	0.0723292	1.71805	1.24208	0.455822
3710000	-27.6477	0	-27.6477	0.123355	0.0725646	0.138174	0.196313	0.312455	0.0853042	1.91284	0.526947	0.0345711
3720000	-26.71087	0	-26.71087	0.162383	0.133825	0.12615	0.221638	0.101737	0.059734	0.253916	0.374649	0.107029
3730000	-20.64656	0	-20.64656	0.124503	0.114421	0.109231	0.0977485	0.287288	0.169103	1.12201	4.37923	0.112687
3740000	-24.92391	0	-24.92391	0.113478	0.168471	0.414596	0.111154	0.194705	0.330706	0.92	0.65504	0.170462
3750000	-22.40756	0	-22.40756	0.158145	0.150406	0.292907	0.249492	0.137514	0.221056	0.403182	1.03837	0.141235
3760000	-25.4504	0	-25.4504	0.0645432	0.0684777	0.176743	0.237147	0.226771	0.113755	0.418536	0.581005	0.135107
3770000	-25.43601	0	-25.43601	0.127962	0.182761	0.330454	0.16169	0.184166	0.151754	0.175488	0.748667	0.0487526
3780000	-19.10494	0	-19.10494	0.151799	0.206022	0.113392	0.141226	0.211325	0.0865382	1.13098	1.45402	0.265497
3790000	-27.35295	0	-27.35295	0.25257	0.151378	0.113895	0.209936	0.229672	0.153148	0.707666	0.779323	1.74248
3800000	-17.44069	0	-17.44069	0.204124	0.137589	0.292953	0.183316	0.214366	0.0609487	1.28101	1.2247	0.80146
3810000	-24.78325	0	-24.78325	0.112476	0.12093	0.181113	0.260082	0.184718	0.156968	0.609459	1.29622	0.0864049
3820000	-18.64154	0	-18.64154	0.130539	0.524007	0.294775	0.142414	0.23533	0.0955526	2.14821	2.54478	0.488374
3830000	-19.52937	0	-19.52937	0.0874675	0.261683	0.149768	0.112362	0.191445	0.0970413	0.222604	0.821892	0.353174
3840000	-21.2395	0	-21.2395	0.208328	0.190405	0.154715	0.140289	0.20774	0.108806	1.92246	0.944869	0.0480621
3850000	-27.68146	0	-27.68146	0.0613876	0.255382	0.3999	0.233436	0.304112	0.265082	0.549867	0.96705	0.551199
3860000	-23.49856	0	-23.49856	0.0965232	0.0750219	0.153107	0.207332	0.151761	0.135166	0.803368	0.40569	0.0255428
3870000	-26.75704	0	-26.75704	0.0392692	0.147187	0.291155	0.194239	0.2347	0.0789195	0.989429	0.827024	1.75492
3880000	-19.63614	0	-19.63614	0.183412	0.217301	0.144532	0.116981	0.27016	0.0717197	0.782763	1.07197	0.185593
3890000	-21.417	0	-21.417	0.194344	0.606784	0.17378	0.0634741	0.202201	0.229322	1.77478	1.57289	2.7717
3900000	-20.63532	0	-20.63532	0.145904	0.275369	0.0814129	0.269382	0.298011	0.131913	1.3599	1.06833	0.152955
3910000	-22.82563	0	-22.82563	0.0297101	0.0929466	0.158986	0.243477	0.160463	0.0576836	0.284638	0.733679	0.580075
3920000	-29.58732	0	-29.58732	0.147109	0.0273659	0.165123	0.237797	0.543625	0.105859	3.04016	0.882306	0.0863282
3930000	-24.45356	0	-24.45356	0.13575	0.20378	0.110879	0.606437	0.196253	0.0553146	1.843	1.56026	1.59276
3940000	-20.98317	0	-20.98317	0.114764	0.200282	0.117458	0.146934	0.169433	0.0819734	1.47142	3.86513	0.13504
3950000	-28.7114	0	-28.7114	0.126248	0.0769241	0.309554	0.559023	0.111378	0.177121	0.929616	0.351269	0.803954
3960000	-27.71795	0	-27.71795	0.135479	0.213261	0.24524	0.383888	0.340793	0.127357	0.343976	0.644162	0.720705
3970000	-24.71465	0	-24.71465	0.0616084	0.319607	0.163774	0.200171	0.106604	0.113551	0.845532	0.696723	0.224176
3980000	-22.61239	0	-22.61239	0.341139	0.082318	0.234441	0.206195	0.251851	0.105939	1.76184	0.653843	0.191115
3990000	-29.4218	0	-29.4218	0.181209	0.123039	0.206044	0.647582	0.154776	0.122853	0.547083	0.492504	0.0651745
4000000	-27.24443	0	-27.24443	0.0734199	0.117177	0.0891377	0.144569	0.123326	0.105962	3.33046	0.832051	0.319874
4010000	-17.80023	0	-17.80023	0.111776	0.177148	0.205007	0.147461	0.339084	0.111747	2.82104	0.852888	0.128263
4020000	-16.87709	0	-16.87709	0.104181	0.234844	0.204228	0.154372	0.306947	0.185738	0.733369	2.07197	0.222703
4030000	-20.18548	0	-20.18548	0.153273	0.234313	0.180877	0.123351	0.510843	0.113955	0.435499	1.61749	0.400487
4040000	-23.32215	0	-23.32215	0.0412415	0.166278	0.0832786	0.204429	0.249823	0.0688134	0.620403	0.566763	0.146222
4050000	-27.26782	0	-27.26782	0.171902	0.0507461	0.084736	0.239848	0.248585	0.0502468	2.19382	0.938395	0.0794139
4060000	-27.24803	0	-27.24803	0.161908	0.0585931	0.274638	0.0928198	0.466846	0.196992	3.59767	0.814692	0.0403789
4070000	-29.30115	0	-29.30115	0.179694	0.117039	0.0892532	0.145527	0.0947647	0.0743174	1.06942	0.997496	0.113557
4080000	-26.40255	0	-26.40255	0.12976	0.064915	0.231639	0.0394634	0.510105	0.0920095	3.87422	0.735476	0.0467774
4090000	-20.36031	0	-20.36031	0.151755	0.1533	0.184841	0.225242	0.166845	0.0743423	1.1839	0.994462	0.338842
4100000	-24.76281	0	-24.76281	0.134134	0.344437	0.313019	0.118609	0.163845	0.158616	0.242029	0.509051	2.14739
4110000	-28.67138	0	-28.67138	0.465084	0.389672	0.212849	0.170553	0.206931	0.0598845	3.21081	0.993062	3.18204
4120000	-21.98142	0	-21.98142	0.123544	0.183727	0.247756	0.165334	0.317647	0.13531	1.32934	1.27514	0.112211
4130000	-30.14706	0	-30.14706	0.171285	0.471786	0.428292	0.197337	0.560763	0.264786	0.697924	0.557661	0.312089
4140000	-26.95427	0	-26.95427	0.121304	0.35255	0.100524	0.123988	0.233895	0.0467859	1.71909	1.08471	0.0372251
4150000	-22.99856	0	-22.99856	0.0831459	0.193155	0.166366	0.258859	0.190611	0.116424	0.815357	1.61735	0.353129
4160000	-26.45702	0	-26.45702	0.100872	0.114856	0.121125	0.184315	0.133011	0.100174	0.642279	1.62338	0.106891
4170000	-31.34273	0	-31.34273	0.123797	0.140247	0.259272	0.405005	0.230822	0.481787	2.04731	0.453574	0.346156
4180000	-25.5326	0	-25.5326	0.105595	0.435711	0.170088	0.239413	0.179224	0.173298	2.0613	0.650508	0.458621
4190000	-27.43644	0	-27.43644	0.195797	0.0278021	0.129307	0.117799	0.200287	0.0966681	0.734334	0.577683	0.05756
4200000	-18.86083	0	-18.86083	0.236169	0.228085	0.0893441	0.133653	0.233408	0.0907135	0.236185	0.837488	0.0688233
4210000	-29.5485	0	-29.5485	0.0963153	0.199304	0.11406	0.175006	0.128433	0.0851593	0.198524	0.895004	0.0736
4220000	-26.55725	0	-26.55725	0.120449	0.201128	0.23867	0.12778	0.129891	0.0994213	0.287742	1.40407	0.0295434
4230000	-20.12832	0	-20.12832	0.0895608	0.0872397	0.137698	0.139181	0.340933	0.210567	2.38179	0.762283	0.0587607
4240000	-22.87304	0	-22.87304	0.0862657	0.28112	0.356802	0.31197	0.199953	0.0571315	0.152448	0.653146	0.235375
4250000	-24.64403	0	-24.64403	0.165123	0.299437	0.289207	0.191596	0.212349	0.153306	0.572839	1.50267	0.485152
4260000	-27.39812	0	-27.39812	0.144027	0.110473	0.281746	0.268578	0.380054	0.289196	0.397038	0.660485	0.0725187
4270000	-24.38709	0	-24.38709	0.110296	0.182525	0.255237	0.158033	0.339226	0.0967044	1.23149	1.49679	0.0595319
4280000	-31.32993	0	-31.32993	0.0418129	0.0982834	0.15981	0.266335	0.14038	0.168632	1.78618	0.694908	0.00835814
4290000	-34.26676	0	-34.26676	0.256734	0.134281	0.109299	0.128335	0.301854	0.10786	1.16286	1.1129	0.00269056
4300000	-19.89436	0	-19.89436	0.174687	0.4254	0.0925494	0.21475	0.136893	0.216569	0.363101	0.806906	0.839911
4310000	-20.72607	0	-20.72607	0.104088	0.129386	0.171281	0.251655	0.2472	0.150728	0.764096	1.06958	0.309515
4320000	-22.03284	0	-22.03284	0.103701	0.185445	0.0930439	0.29345	0.401572	0.0943921	0.549267	1.23475	0.146111
4330000	-22.51977	0	-22.51977	0.146156	0.280428	0.120609	0.178824	0.254543	0.26273	1.81163	1.2407	0.312669
4340000	-28.88664	0	-28.88664	0.0533425	0.152893	0.0907287	0.11135	0.230167	0.0418107	0.747239	0.848645	0.107567
4350000	-22.21966	0	-22.21966	0.133551	0.164259	0.184964	0.128493	0.28271	0.0817871	0.256999	0.874347	0.306348
4360000	-22.00658	0	-22.00658	0.166428	0.261112	0.292819	0.189568	0.412244	0.248932	0.627362	0.528908	2.77083
4370000	-26.95073	0	-26.95073	0.0781163	0.126718	0.199677	0.212134	0.623222	0.0919918	2.0951	1.74512	0.150292
4380000	-22.53867	0	-22.53867	0.191941	0.223363	0.177126	0.227012	0.108708	0.120206	0.0725327	0.298415	0.135137
4390000	-24.92392	0	-24.92392	0.14361	0.0901752	0.143971	0.0789431	0.169677	0.0832692	2.40326	1.00361	0.0725227
4400000	-22.08736	0	-22.08736	0.133698	0.162405	0.160615	0.196015	0.500111	0.0642162	0.623701	0.582126	0.0819147
4410000	-24.80936	0	-24.80936	0.178379	0.148343	0.27952	0.144416	0.224409	0.0308832	4.78443	0.924019	0.0661549
4420000	-26.57706	0	-26.57706	0.193141	0.320062	0.175072	0.427924	0.0942387	0.179728	3.42786	1.55186	0.302379
4430000	-25.97457	0	-25.97457	0.0474286	0.285722	0.212253	0.160095	0.346173	0.137255	0.256114	0.667465	0.067012
4440000	-26.29556	0	-26.29556	0.150029	0.332872	0.171529	0.234744	0.138771	0.218798	2.3755	1.5363	0.738134
4450000	-25.569	0	-25.569	0.270879	0.159841	0.308198	0.186409	0.744618	0.169049	0.112619	0.63564	1.14349
4460000	-27.20142	0	-27.20142	0.0512636	0.0971388	0.332033	0.293932	0.0966686	0.152111	0.309131	0.550595	0.122306
4470000	-20.48111	0	-20.48111	0.111783	0.268704	0.148504	0.153728	0.314818	0.182516	0.644437	1.62836	0.0924392
4480000	-16.89284	0	-16.89284	0.137007	0.206006	0.136605	0.208701	0.251607	0.19704	1.64772	1.06288	0.340496
4490000	-21.66442	0	-21.66442	0.0620609	0.295246	0.110584	0.248837	0.542438	0.119528	5.68106	1.34372	1.46716
4500000	-21.53567	0	-21.53567	0.123478	0.116281	0.312112	0.134051	0.251336	0.169454	1.76282	0.637735	0.267389
4510000	-21.43623	0	-21.43623	0.0827889	0.0649711	0.166625	0.197783	0.0796171	0.0762274	1.42941	0.665132	0.219991
4520000	-35.95614	0	-35.95614	0.0551397	0.10863	0.197413	0.528765	0.340693	0.0949708	1.73238	0.434539	0.145218
4530000	-29.2131	0	-29.2131	0.271743	0.0562727	0.0756499	0.331466	0.141486	0.0637672	0.900039	0.409009	0.0438456
4540000	-19.05519	0	-19.05519	0.0856834	0.189733	0.142709	0.114186	0.147965	0.0643856	2.04372	0.805098	0.657389
4550000	-23.12219	0	-23.12219	0.422214	0.679175	0.102911	0.136724	0.188265	0.111072	0.369716	2.71583	1.5882
4560000	-26.86777	0	-26.86777	0.228662	0.105059	0.0939576	0.722588	0.432622	0.158793	1.81353	0.633639	0.266823
4570000	-23.14044	0	-23.14044	0.0487709	0.157164	0.207463	0.288318	0.209835	0.128497	1.47007	0.855973	0.11923
4580000	-19.38959	0	-19.38959	0.105633	0.150714	0.261875	0.398699	0.331869	0.123546	1.97693	0.738731	0.510739
4590000	-27.65063	0	-27.65063	0.148854	0.176732	0.302008	0.178581	0.101434	0.161108	1.44844	1.27229	0.337248
4600000	-23.15345	0	-23.15345	0.0613284	0.206448	0.0845787	0.205232	0.28803	0.112455	2.44342	1.23391	0.100631
4610000	-16.26807	0	-16.26807	0.139755	0.11794	0.124452	0.182726	0.321454	0.0940692	0.770805	0.989397	0.847533
4620000	-28.4312	0	-28.4312	0.132966	0.0608069	0.0844717	0.141212	0.33457	0.0686141	2.29514	1.13011	0.0151173
4630000	-18.23276	0	-18.23276	0.17236	0.176683	0.367711	0.275319	0.29084	0.105409	3.06837	2.14758	0.220799
4640000	-17.27306	0	-17.27306	0.160444	0.136065	0.0769205	0.135243	0.204901	0.0853337	2.56867	0.742454	0.389907
4650000	-20.97562	0	-20.97562	0.0875122	0.0843727	0.197321	0.222701	0.188863	0.125541	1.15842	0.930903	0.682672
4660000	-26.34017	0	-26.34017	0.0618808	0.120667	0.10618	0.152754	0.146081	0.087562	3.3757	1.27652	0.0111013
4670000	-21.19111	0	-21.19111	0.119178	0.184055	0.173374	0.269088	0.15975	0.129828	1.88205	1.24527	0.167062
4680000	-31.4741	0	-31.4741	0.0924954	0.201576	0.108555	0.221459	0.276411	0.0613227	0.376703	1.77884	0.0383003
4690000	-23.22746	0	-23.22746	0.0981596	0.0980794	0.216843	0.210121	0.523544	0.118027	0.844944	0.934961	0.309056
4700000	-28.20611	0	-28.20611	0.119437	0.111801	0.162329	0.546138	0.407856	0.158136	3.57029	0.60788	0.253575
4710000	-22.00509	0	-22.00509	0.108575	0.309729	0.249474	0.178336	0.367612	0.124603	1.09669	0.770679	1.40184
4720000	-18.63775	0	-18.63775	0.0633183	0.141717	0.161953	0.167335	0.392968	0.133893	0.907846	1.15933	0.316208
4730000	-30.85362	0	-30.85362	0.205569	0.207344	0.307462	0.142258	0.358701	0.119828	3.51573	0.804392	0.36824
4740000	-28.11275	0	-28.11275	0.100948	0.0817737	0.115099	0.162645	0.24915	0.0876119	2.21075	0.287839	0.0128288
4750000	-17.42652	0	-17.42652	0.0948023	0.35699	0.157646	0.132375	0.476295	0.158963	1.38618	3.20373	0.304628
4760000	-23.49764	0	-23.49764	0.075329	0.10274	0.201656	0.211398	0.243096	0.190914	0.750532	1.27265	0.322992
4770000	-21.488	0	-21.488	0.0723401	0.166416	0.0954592	0.160356	0.228977	0.103956	2.33323	1.58619	0.223134
4780000	-25.41793	0	-25.41793	0.0945615	0.20988	0.211978	0.256624	0.314589	0.115808	1.87982	1.4671	0.118847
4790000	-22.32045	0	-22.32045	0.137922	0.363893	0.290563	0.103059	0.21794	0.0971107	1.51613	0.945857	0.949654
4800000	-27.5621	0	-27.5621	0.236613	0.212602	0.14057	0.354699	0.408001	0.178607	0.652122	0.656718	0.457042
4810000	-19.59729	0	-19.59729	0.0965624	0.237136	0.199793	0.112987	0.276448	0.173479	1.48677	2.06147	0.102226
4820000	-26.19505	0	-26.19505	0.0696941	0.113302	0.440504	0.258097	0.204302	0.225782	2.22408	0.660299	0.122752
4830000	-22.33157	0	-22.33157	0.172927	0.269436	0.14746	0.0680456	0.398703	0.102108	2.36071	0.812903	0.562822
4840000	-23.44889	0	-23.44889	0.12035	0.157947	0.149758	0.292368	0.133181	0.111212	0.739218	0.639379	0.0686961
4850000	-23.39818	0	-23.39818	0.227394	0.143434	0.115103	0.182471	0.279625	0.0596478	0.17139	1.09436	0.210757
4860000	-30.08926	0	-30.08926	0.0753382	0.249835	0.106338	0.242307	0.2459	0.0786665	0.686534	2.48923	0.016333
4870000	-22.12288	0	-22.12288	0.099628	0.209058	0.25795	0.226525	0.106184	0.0757422	1.16284	0.704156	0.617632
4880000	-33.2386	0	-33.2386	0.211962	0.0739722	0.180121	0.697638	0.41592	0.0738721	0.232163	0.951549	0.306325
4890000	-21.94652	0	-21.94652	0.226622	0.126391	0.103943	0.176042	0.258336	0.0951214	1.84962	0.875021	0.444906
4900000	-23.795	0	-23.795	0.0339734	0.494138	0.154276	0.291239	0.280524	0.0755457	0.517978	0.68523	0.0756165
4910000	-22.45831	0	-22.45831	0.112619	0.0663009	0.220143	0.23859	0.135046	0.0906312	0.777207	0.80884	0.790911
4920000	-15.93086	0	-15.93086	0.043147	0.190221	0.128352	0.151782	0.526607	0.121895	1.92324	2.62666	3.72266
4930000	-21.42217	0	-21.42217	0.0867441	0.150188	0.184252	0.209593	0.183969	0.0786769	0.873527	0.597754	0.0278599
4940000	-24.2839	0	-24.2839	0.165226	0.0776742	0.159032	0.158419	0.188896	0.0522	2.17511	0.574509	0.164551
4950000	-23.79271	0	-23.79271	0.269055	0.239681	0.109717	0.16308	0.399657	0.125982	2.63015	0.917799	0.0952391
4960000	-27.40447	0	-27.40447	0.0392349	0.183665	0.171705	0.0703675	0.521788	0.0495868	0.748002	0.671877	0.0435132
4970000	-21.23288	0	-21.23288	0.0402801	0.202099	0.114262	0.211751	0.215974	0.107544	2.08001	0.634045	0.113055
4980000	-24.96165	0	-24.96165	0.132581	0.230579	0.127095	0.31371	0.0939215	0.112425	0.751833	0.313213	0.0960267
4990000	-21.59345	0	-21.59345	0.239726	0.303385	0.354799	0.19751	0.24852	0.125075	0.185235	1.9832	0.447735
5000000	-19.95023	0	-19.95023	0.0738242	0.318669	0.0951711	0.269096	0.279862	0.161478	1.52963	1.2523	0.505606
