Iteration	Posterior	Likelihood	Prior	lambda[1]	lambda[2]	lambda[3]	mu[1]	mu[2]	mu[3]	psi[1]	psi[2]	psi[3]
0	-34.31803	0	-34.31803	0.216552	0.128492	0.271622	0.176479	0.0764893	0.167882	0.260043	0.099285	0.218919
10000	-27.13866	0	-27.13866	0.124764	0.195544	0.0881916	0.217325	0.10427	0.131633	1.55984	0.990103	1.50391
20000	-24.38286	0	-24.38286	0.1319	0.219629	0.0892314	0.457744	0.101	0.190188	1.87403	2.19243	1.48017
30000	-16.74775	0	-16.74775	0.367025	0.0458727	0.160991	0.576953	0.135141	0.0667051	2.91459	0.323784	1.13121
40000	-11.76321	0	-11.76321	0.165763	0.0797172	0.198958	0.65837	0.124714	0.127427	5.74151	0.995729	2.29309
50000	-15.65418	0	-15.65418	0.188492	0.0727093	0.229391	0.335012	0.044252	0.122088	3.48933	0.732656	0.448325
60000	-13.36411	0	-13.36411	0.385226	0.0505459	0.321085	0.240225	0.117674	0.288117	4.91817	0.195511	0.928751
70000	-18.35264	0	-18.35264	0.230457	0.129696	0.175064	0.734881	0.0462551	0.0930928	3.45645	0.972704	0.138623
80000	-22.88622	0	-22.88622	0.35967	0.150914	0.0928259	0.765043	0.131975	0.13758	2.19328	0.138745	2.09124
90000	-14.99128	0	-14.99128	0.194627	0.119023	0.296257	0.310906	0.0916595	0.103996	3.53192	0.150441	1.18538
100000	-15.36056	0	-15.36056	0.178846	0.056306	0.0985678	0.715755	0.120144	0.209116	3.26502	0.00939344	1.05464
110000	-15.17746	0	-15.17746	0.154559	0.081054	0.130549	0.287408	0.0979452	0.0497257	3.78786	2.07303	1.05264
120000	-15.84982	0	-15.84982	0.175247	0.0512467	0.138022	0.849436	0.0839033	0.11805	5.63487	2.04458	0.580405
130000	-13.05205	0	-13.05205	0.252604	0.0609507	0.163835	0.397194	0.116718	0.187443	3.94062	1.20819	0.422206
140000	-24.46943	0	-24.46943	0.345496	0.115047	0.189622	0.286009	0.12289	0.144289	0.739857	0.0571325	0.309309
150000	-18.89035	0	-18.89035	0.417123	0.208503	0.225699	0.24943	0.247197	0.0468855	5.54657	0.0675092	5.79162
160000	-13.07552	0	-13.07552	0.209211	0.0654264	0.277427	0.532888	0.0956185	0.0782613	4.13636	3.20814	2.08477
170000	-16.1032	0	-16.1032	0.233961	0.0964701	0.204092	0.800396	0.0726761	0.0595118	1.97358	1.54243	1.18612
180000	-25.23453	0	-25.23453	0.288886	0.140582	0.228736	0.480332	0.170705	0.148426	2.31002	1.28967	0.393101
190000	-12.45441	0	-12.45441	0.235934	0.0972753	0.107536	0.637483	0.209339	0.126893	5.49489	0.386055	0.904843
200000	-16.15354	0	-16.15354	0.299536	0.193698	0.211098	0.7115	0.190989	0.131603	2.9585	0.909497	0.519161
210000	-18.24099	0	-18.24099	0.406533	0.124082	0.576523	0.625675	0.0652302	0.124906	2.35961	0.232009	0.405766
220000	-17.06417	0	-17.06417	0.281094	0.0989194	0.220958	0.649836	0.123636	0.179804	2.47831	1.14227	0.552809
230000	-14.59765	0	-14.59765	0.114111	0.113012	0.128584	0.320042	0.116142	0.110528	2.6691	0.136163	0.904584
240000	-20.32894	0	-20.32894	0.165815	0.278632	0.17392	0.310914	0.107268	0.105763	3.44228	0.487456	1.64794
250000	-16.29308	0	-16.29308	0.361866	0.0893886	0.0705305	0.379539	0.081952	0.0488125	7.9909	0.466517	2.29366
260000	-19.6322	0	-19.6322	0.174214	0.144907	0.0807009	0.706489	0.134255	0.136063	2.35347	0.321423	1.03946
270000	-18.94979	0	-18.94979	0.290689	0.106926	0.136721	0.525196	0.154353	0.065055	1.58448	1.09357	1.58859
280000	-17.22714	0	-17.22714	0.16256	0.0422685	0.260745	0.431731	0.151671	0.221755	3.14528	1.23191	2.36094
290000	-18.86696	0	-18.86696	0.161641	0.127891	0.166643	0.852505	0.0853925	0.109101	1.70374	1.16379	1.7304
300000	-15.19713	0	-15.19713	0.289638	0.171322	0.240745	0.491926	0.105629	0.178093	2.90389	1.60689	1.99992
310000	-11.02791	0	-11.02791	0.245493	0.0909538	0.226835	0.395527	0.067953	0.0916754	4.34217	0.600978	1.26974
320000	-15.19125	0	-15.19125	0.350599	0.159131	0.127312	0.153693	0.145128	0.112866	2.3914	0.716792	2.46562
330000	-17.83792	0	-17.83792	0.279276	0.103658	0.139154	0.460664	0.167732	0.161499	2.35769	0.848672	0.406801
340000	-18.3698	0	-18.3698	0.234295	0.0988405	0.0726143	0.29505	0.103464	0.0927888	2.7208	0.553286	0.414867
350000	-15.52776	0	-15.52776	0.188374	0.121773	0.0765753	0.517978	0.115045	0.106237	1.52349	0.204025	0.265162
360000	-14.02186	0	-14.02186	0.228019	0.191236	0.150457	0.341679	0.118436	0.0821337	4.98328	1.39966	0.35557
370000	-11.74523	0	-11.74523	0.270419	0.150224	0.223712	0.598527	0.0533801	0.110724	2.95158	0.124761	2.15791
380000	-15.59196	0	-15.59196	0.172138	0.116915	0.174374	0.660523	0.134013	0.159449	1.62267	0.3347	0.282932
390000	-16.0848	0	-16.0848	0.347284	0.188276	0.139574	0.459086	0.0678007	0.137913	5.77212	0.484777	0.630536
400000	-17.18085	0	-17.18085	0.109163	0.12816	0.171943	0.241948	0.122053	0.0847321	2.04125	0.85108	0.48425
410000	-19.70726	0	-19.70726	0.208159	0.263504	0.102684	0.31695	0.0869019	0.0917115	2.85602	0.205238	0.437999
420000	-12.53135	0	-12.53135	0.203235	0.155567	0.200391	0.550329	0.15533	0.118403	1.77163	0.39657	0.556211
430000	-17.22897	0	-17.22897	0.232934	0.126458	0.315723	0.327279	0.0514951	0.212711	2.10277	0.377639	1.29012
440000	-17.32158	0	-17.32158	0.16521	0.133125	0.157651	0.371642	0.133367	0.148057	1.42536	1.15534	4.56461
450000	-15.40163	0	-15.40163	0.257589	0.107	0.315494	0.657397	0.0913068	0.131842	3.32778	0.109543	2.44093
460000	-12.75692	0	-12.75692	0.277824	0.125247	0.139744	0.276219	0.154385	0.121021	4.08296	0.141777	0.868288
470000	-10.5215	0	-10.5215	0.266472	0.103898	0.15825	0.267563	0.0657587	0.180173	3.24701	1.60602	1.41509
480000	-18.23756	0	-18.23756	0.230854	0.231748	0.117707	0.417301	0.103501	0.103913	2.49685	2.57155	1.15505
490000	-15.13284	0	-15.13284	0.213236	0.144408	0.174715	0.318692	0.105247	0.0933104	2.19887	1.40601	1.09138
500000	-19.94435	0	-19.94435	0.732947	0.14358	0.221887	0.699245	0.158391	0.117032	2.42769	0.352321	0.992321
510000	-13.71805	0	-13.71805	0.390884	0.0890482	0.159216	0.488321	0.0962864	0.102923	2.43082	0.954856	0.546859
520000	-10.25867	0	-10.25867	0.263047	0.154331	0.173633	0.303454	0.10197	0.115898	2.40813	0.0662568	1.56162
530000	-12.56068	0	-12.56068	0.20368	0.109355	0.128973	0.385182	0.0835445	0.12206	2.23744	0.727866	0.291574
540000	-24.0017	0	-24.0017	0.243713	0.201155	0.137728	0.39364	0.0845457	0.0436457	4.99137	3.9418	0.507926
550000	-18.75282	0	-18.75282	0.462024	0.172085	0.116381	0.296783	0.0983599	0.276489	2.70375	0.54995	0.365498
560000	-20.11126	0	-20.11126	0.228311	0.181725	0.292702	0.211573	0.0738989	0.116731	2.79787	4.27912	0.203877
570000	-18.35021	0	-18.35021	0.117719	0.228351	0.535524	0.412405	0.10971	0.10068	3.21077	1.67021	1.41884
580000	-19.24121	0	-19.24121	0.321569	0.0674046	0.136871	0.279309	0.225752	0.103241	2.15237	1.66114	1.88641
590000	-17.03155	0	-17.03155	0.201442	0.106733	0.125668	0.279604	0.237813	0.0603247	3.09391	2.21335	0.68608
600000	-21.44912	0	-21.44912	0.128751	0.130732	0.195661	0.677705	0.159114	0.204093	3.80917	0.34062	0.301869
610000	-13.37155	0	-13.37155	0.179334	0.136033	0.210982	0.375147	0.0924453	0.0403561	2.26355	0.279989	2.13401
620000	-22.52012	0	-22.52012	0.394412	0.172852	0.367931	0.222396	0.0896848	0.0630118	1.83607	0.588865	2.05184
630000	-15.01521	0	-15.01521	0.300488	0.0516882	0.104546	0.780975	0.11845	0.150265	3.42505	0.144297	2.03309
640000	-12.72132	0	-12.72132	0.260127	0.153121	0.288733	0.639361	0.10489	0.0908677	2.88896	0.886631	2.40712
650000	-20.51872	0	-20.51872	0.629139	0.162069	0.152362	0.764012	0.156714	0.0429404	1.71194	0.316976	0.17044
660000	-17.03191	0	-17.03191	0.193436	0.178021	0.178713	0.464342	0.2355	0.0778679	1.70017	0.203118	1.88001
670000	-12.48807	0	-12.48807	0.47813	0.100994	0.209962	0.773454	0.0842792	0.150082	4.49459	0.0885335	2.45928
680000	-18.16959	0	-18.16959	0.124896	0.0989165	0.095537	0.365351	0.0815882	0.180807	1.64952	0.267612	0.503518
690000	-15.85287	0	-15.85287	0.246439	0.0905497	0.103018	0.31437	0.0657923	0.0690422	2.2995	1.24882	1.05297
700000	-24.38646	0	-24.38646	0.153049	0.0959005	0.0772021	0.86197	0.0455653	0.268412	1.44755	0.822292	1.14959
710000	-14.40765	0	-14.40765	0.210864	0.0836727	0.189233	0.383753	0.232448	0.053433	2.76289	2.87885	1.02496
720000	-14.85962	0	-14.85962	0.394134	0.112065	0.225208	0.403236	0.144625	0.251654	3.06505	0.578104	3.84813
730000	-13.9121	0	-13.9121	0.222362	0.203292	0.250556	0.567691	0.208246	0.139943	2.35085	0.195204	1.09372
740000	-14.40874	0	-14.40874	0.11333	0.101318	0.317431	0.573113	0.0655261	0.204317	5.07229	0.581359	0.945386
750000	-15.20169	0	-15.20169	0.65479	0.232825	0.218636	0.455915	0.094868	0.140074	5.67626	0.00953217	0.9418
760000	-16.19201	0	-16.19201	0.169701	0.0774752	0.239858	0.305652	0.197807	0.0890025	3.01849	0.19624	1.78287
770000	-36.14996	0	-36.14996	0.41502	0.290848	0.556514	0.694657	0.160162	0.318018	2.25016	4.56665	0.0608623
780000	-19.60153	0	-19.60153	0.423037	0.0458123	0.153057	0.302124	0.0595188	0.284245	3.75942	1.30637	2.50568
790000	-14.74291	0	-14.74291	0.23928	0.0880815	0.270792	0.307182	0.311195	0.2393	5.08579	0.363994	0.289029
800000	-12.78279	0	-12.78279	0.242459	0.233548	0.248465	0.394384	0.0692978	0.0752684	4.48672	0.0840212	0.941022
810000	-10.5712	0	-10.5712	0.169307	0.136944	0.194611	0.460165	0.146764	0.107582	3.15983	0.477151	0.894148
820000	-14.94806	0	-14.94806	0.308184	0.112805	0.343919	0.270517	0.112023	0.134307	5.61891	0.372161	2.24049
830000	-7.193268	0	-7.193268	0.176135	0.116503	0.131902	0.589044	0.120677	0.162255	4.94514	0.249868	1.01357
840000	-17.08874	0	-17.08874	0.34419	0.11893	0.231762	0.373108	0.0755507	0.098554	1.7374	1.44723	1.58663
850000	-17.57864	0	-17.57864	0.279022	0.12767	0.27218	0.248728	0.219336	0.117346	1.66959	1.14884	0.515015
860000	-11.67076	0	-11.67076	0.227637	0.194797	0.125848	0.467068	0.0826942	0.103885	2.38493	0.306409	1.46037
870000	-9.731891	0	-9.731891	0.331207	0.162022	0.128854	0.210531	0.103841	0.108659	3.6523	0.0880873	1.74106
880000	-11.54021	0	-11.54021	0.407598	0.0688662	0.154932	0.493481	0.0852638	0.0705293	2.92992	1.45859	0.432454
890000	-7.56473	0	-7.56473	0.309081	0.17991	0.133518	0.471302	0.157171	0.106992	3.24836	0.0430564	2.98558
900000	-13.57832	0	-13.57832	0.171147	0.0678577	0.183462	0.425828	0.0572621	0.213397	4.07761	0.944743	1.17189
910000	-19.08257	0	-19.08257	0.312205	0.177347	0.219794	0.479363	0.238182	0.1973	3.15848	0.173353	1.03184
920000	-13.71135	0	-13.71135	0.354934	0.142741	0.161325	0.139474	0.0794834	0.1135	3.08125	0.334257	1.51658
930000	-16.83873	0	-16.83873	0.20175	0.0768428	0.0550164	0.400278	0.143465	0.0475442	2.63763	1.88307	0.14624
940000	-22.42587	0	-22.42587	0.11405	0.163003	0.231754	0.337395	0.111314	0.0565943	2.49788	0.940483	0.659341
950000	-16.7697	0	-16.7697	0.357582	0.102391	0.297121	0.211423	0.175498	0.0949189	4.46197	0.408652	0.543461
960000	-15.79583	0	-15.79583	0.148096	0.159225	0.155014	0.650166	0.134647	0.241697	3.31711	0.0641103	0.29504
970000	-13.57764	0	-13.57764	0.169477	0.0775266	0.0733435	0.224544	0.0772912	0.114066	4.4738	4.21329	1.07002
980000	-28.20562	0	-28.20562	0.155954	0.220328	0.37175	0.460251	0.170829	0.330441	1.54192	0.536712	2.37738
990000	-15.50754	0	-15.50754	0.236823	0.09409	0.140071	0.32013	0.136589	0.102353	1.66802	0.720265	0.95709
1000000	-20.09313	0	-20.09313	0.337326	0.076742	0.232026	0.318957	0.0998857	0.0845307	1.38813	0.739002	1.0116
1010000	-20.71683	0	-20.71683	0.239842	0.165199	0.187002	0.348384	0.0983557	0.119018	1.09586	0.182994	0.738296
1020000	-12.5469	0	-12.5469	0.202484	0.111018	0.204172	0.939828	0.186456	0.160757	3.61754	0.101637	4.47773
1030000	-22.52207	0	-22.52207	0.226295	0.0871605	0.0808656	0.493733	0.156071	0.174612	3.48356	0.758206	0.406379
1040000	-15.57506	0	-15.57506	0.168693	0.0907317	0.211008	0.763316	0.0640356	0.107012	3.87066	2.39947	0.585853
1050000	-14.35847	0	-14.35847	0.128592	0.192951	0.095464	0.580405	0.0616245	0.146179	3.11829	0.686584	1.04813
1060000	-13.92449	0	-13.92449	0.180933	0.105239	0.181586	0.333113	0.13406	0.10638	6.01013	1.45419	0.297809
1070000	-16.53368	0	-16.53368	0.178247	0.11123	0.381513	0.584149	0.0564394	0.13029	1.75314	0.0572059	0.331799
1080000	-18.52871	0	-18.52871	0.238275	0.131741	0.250393	0.224575	0.15946	0.174152	1.21534	0.208016	0.385476
1090000	-15.32995	0	-15.32995	0.557122	0.168981	0.148511	0.366916	0.100139	0.088384	1.41276	0.229842	2.17519
1100000	-11.03107	0	-11.03107	0.201522	0.0641654	0.197485	0.596013	0.104719	0.0695677	4.41467	0.484337	1.06867
1110000	-18.34623	0	-18.34623	0.237971	0.212737	0.152487	0.202993	0.0969888	0.244728	6.95777	0.678995	2.36955
1120000	-17.14416	0	-17.14416	0.149845	0.207037	0.311899	0.333392	0.139569	0.0616927	1.9665	1.51374	1.3526
1130000	-16.89935	0	-16.89935	0.212207	0.0813756	0.187029	0.221641	0.132598	0.21863	3.30614	3.69056	1.7757
1140000	-13.75456	0	-13.75456	0.279025	0.0666011	0.265095	0.364154	0.373129	0.101007	5.80923	0.148017	2.32302
1150000	-10.03478	0	-10.03478	0.230556	0.130243	0.141705	0.450231	0.152293	0.111518	6.01724	1.55049	0.736507
1160000	-20.36057	0	-20.36057	0.240955	0.128716	0.128519	0.389685	0.142257	0.0795623	3.04259	0.0872963	0.0362473
1170000	-19.06656	0	-19.06656	0.175638	0.0787365	0.0714377	0.497786	0.10146	0.0848806	2.89127	0.443274	0.0983259
1180000	-19.877	0	-19.877	0.467944	0.0763235	0.218397	0.422268	0.129876	0.145756	1.46133	1.46195	1.29103
1190000	-13.58236	0	-13.58236	0.284857	0.119946	0.223314	0.788307	0.110197	0.0915339	3.52606	0.82927	2.63012
1200000	-9.57838	0	-9.57838	0.187571	0.0973361	0.24284	0.450565	0.110228	0.045697	4.29128	0.531322	2.80083
1210000	-14.63217	0	-14.63217	0.238675	0.0872604	0.181531	0.460245	0.258838	0.0782705	3.46684	2.08991	1.22148
1220000	-17.5921	0	-17.5921	0.483893	0.0899174	0.211999	0.2325	0.079894	0.0602671	2.31153	1.79479	0.502354
1230000	-21.07903	0	-21.07903	0.227966	0.0411599	0.148362	0.23434	0.206556	0.22425	4.51651	1.07762	2.54275
1240000	-18.86656	0	-18.86656	0.136738	0.163719	0.189885	0.362178	0.109816	0.0673452	2.50411	0.296806	0.655968
1250000	-10.98802	0	-10.98802	0.208402	0.04667	0.224672	0.580929	0.079719	0.114883	3.69132	0.396822	0.808899
1260000	-12.45831	0	-12.45831	0.533216	0.123001	0.147252	0.295045	0.153621	0.111248	2.7447	0.00236676	2.73984
1270000	-23.93505	0	-23.93505	0.497028	0.0366136	0.23711	0.583334	0.106211	0.359802	2.00591	2.80789	0.974001
1280000	-15.24407	0	-15.24407	0.256846	0.164476	0.101396	0.313425	0.214767	0.154368	1.83449	0.601799	5.02319
1290000	-13.90232	0	-13.90232	0.284427	0.16463	0.0986071	0.510967	0.0395175	0.089415	3.89635	1.25694	0.882313
1300000	-11.88381	0	-11.88381	0.323031	0.159157	0.176124	0.340042	0.337839	0.121675	5.5061	1.52336	1.81157
1310000	-16.33104	0	-16.33104	0.318799	0.14485	0.143163	0.779829	0.0786549	0.144417	2.11416	0.485564	0.299682
1320000	-18.97936	0	-18.97936	0.121373	0.0769916	0.172839	0.443109	0.257337	0.0882879	1.61102	0.877413	1.67475
1330000	-14.92677	0	-14.92677	0.219834	0.0705031	0.255071	0.480431	0.0338434	0.0898266	3.274	0.0698792	2.25084
1340000	-11.71102	0	-11.71102	0.449385	0.119828	0.320261	0.609069	0.120495	0.187218	4.4701	1.51463	0.88248
1350000	-10.0122	0	-10.0122	0.332174	0.16373	0.275244	0.451668	0.0838001	0.0906429	4.62418	0.363539	5.55576
1360000	-22.02316	0	-22.02316	0.158022	0.0517122	0.469652	0.396768	0.118028	0.145501	2.97677	0.705985	3.32462
1370000	-11.01674	0	-11.01674	0.219416	0.0841824	0.279437	0.410342	0.0956077	0.110163	3.27118	1.07947	1.09608
1380000	-18.31923	0	-18.31923	0.154254	0.0702175	0.227502	0.431689	0.0669258	0.0532983	2.9476	1.15999	0.800382
1390000	-20.49984	0	-20.49984	0.155087	0.141524	0.224451	0.586964	0.19557	0.156437	5.54844	2.73259	2.89457
1400000	-17.37953	0	-17.37953	0.129843	0.198318	0.23746	0.290691	0.134969	0.166568	2.48434	0.678767	0.585267
1410000	-14.52575	0	-14.52575	0.290999	0.0898544	0.235916	0.222483	0.248591	0.153344	3.91958	0.512526	0.417852
1420000	-13.56502	0	-13.56502	0.259024	0.196416	0.136535	0.301045	0.25838	0.141677	3.04913	0.38226	2.00466
1430000	-14.88617	0	-14.88617	0.305916	0.101072	0.295511	0.199448	0.109075	0.130085	2.65033	0.16763	0.86112
1440000	-13.89065	0	-13.89065	0.194037	0.0355999	0.281403	0.455021	0.068467	0.114693	3.42202	0.0463912	0.394935
1450000	-24.12732	0	-24.12732	0.401848	0.124112	0.130977	0.469316	0.120058	0.0662919	2.27679	1.93206	0.262832
1460000	-15.50832	0	-15.50832	0.107592	0.0745519	0.153028	0.689328	0.0946515	0.0825697	4.35173	1.75047	0.452699
1470000	-14.5316	0	-14.5316	0.167916	0.0592021	0.354777	0.791437	0.308657	0.112958	5.57485	0.121246	0.486445
1480000	-21.06724	0	-21.06724	0.136034	0.126099	0.189955	0.456515	0.123591	0.0646496	1.56095	0.0392569	0.475235
1490000	-24.27057	0	-24.27057	0.216735	0.134279	0.412787	1.18087	0.0834842	0.204166	1.41258	0.501532	1.73895
1500000	-18.12762	0	-18.12762	0.210001	0.114156	0.266439	0.345737	0.170034	0.0749835	2.22271	1.64716	1.19255
1510000	-8.196492	0	-8.196492	0.26931	0.114538	0.151831	0.499121	0.0931437	0.0875034	2.31279	0.00179616	1.4638
1520000	-25.4247	0	-25.4247	0.157795	0.127926	0.0624054	0.406645	0.234696	0.231472	2.1126	1.38167	0.757036
1530000	-12.34221	0	-12.34221	0.299306	0.0880179	0.143321	0.383848	0.0793793	0.211438	2.60131	0.528066	3.9769
1540000	-17.77355	0	-17.77355	0.129466	0.155737	0.152586	0.462981	0.28546	0.127228	1.91046	0.118241	1.91185
1550000	-21.85623	0	-21.85623	0.149735	0.162862	0.276369	0.695875	0.040292	0.0827631	2.33621	1.90344	0.476677
1560000	-18.92824	0	-18.92824	0.153019	0.121614	0.185719	0.666435	0.0644826	0.0945282	3.00928	0.672663	2.09102
1570000	-25.08106	0	-25.08106	0.2771	0.107466	0.194862	0.214008	0.0614714	0.151093	0.829311	1.90629	0.385687
1580000	-16.49657	0	-16.49657	0.218923	0.154006	0.179828	0.530283	0.205881	0.172011	1.75573	0.195068	0.670423
1590000	-14.32575	0	-14.32575	0.555461	0.0652272	0.237549	0.284971	0.126849	0.125427	3.67703	2.14084	0.848529
1600000	-17.43339	0	-17.43339	0.119354	0.22536	0.177995	0.576052	0.246813	0.110747	3.8335	0.810094	1.45214
1610000	-25.97772	0	-25.97772	0.105198	0.0533486	0.269588	0.451514	0.260869	0.0371556	1.80201	0.473405	0.514707
1620000	-12.64204	0	-12.64204	0.261074	0.186047	0.108874	0.36464	0.166505	0.20123	5.07585	0.950222	0.544857
1630000	-19.18626	0	-19.18626	0.127383	0.0406994	0.0576991	0.222325	0.154146	0.0628717	9.05184	0.370315	0.385013
1640000	-11.57303	0	-11.57303	0.498027	0.100498	0.334833	0.424944	0.0910532	0.133659	1.99169	0.557031	2.30881
1650000	-21.71764	0	-21.71764	0.199989	0.169559	0.14843	0.476724	0.133306	0.0573466	1.01593	0.42858	1.54596
1660000	-11.30323	0	-11.30323	0.15003	0.101802	0.119562	0.483575	0.0591191	0.0593139	4.39272	0.856017	0.562728
1670000	-12.54828	0	-12.54828	0.212585	0.155729	0.24129	0.798478	0.0947918	0.117692	3.30207	0.235767	2.38982
1680000	-13.00386	0	-13.00386	0.215224	0.12362	0.428755	0.212157	0.111078	0.119108	5.11905	2.09634	0.830498
1690000	-18.87063	0	-18.87063	0.146943	0.130482	0.182952	0.289702	0.179149	0.0615991	2.82918	0.341959	0.623862
1700000	-20.708	0	-20.708	0.517864	0.156283	0.177505	0.427797	0.188896	0.279638	2.58836	1.69148	0.128909
1710000	-19.14551	0	-19.14551	0.141746	0.0594365	0.224941	0.81234	0.266188	0.100472	4.63267	0.544531	0.469819
1720000	-27.8301	0	-27.8301	0.20356	0.115683	0.0788051	0.171099	0.123581	0.201193	2.05708	1.15344	0.31454
1730000	-14.41287	0	-14.41287	0.366926	0.11403	0.15126	0.435116	0.231064	0.140012	3.88882	1.0374	0.375877
1740000	-14.23763	0	-14.23763	0.351162	0.0656803	0.197254	0.197893	0.17688	0.0600418	2.37524	0.577419	0.83496
1750000	-12.70664	0	-12.70664	0.249412	0.0416773	0.22372	0.250596	0.206268	0.109615	3.17925	0.976736	2.08215
1760000	-18.57849	0	-18.57849	0.0945033	0.336331	0.188559	0.448089	0.0834873	0.0826962	1.64819	0.0925234	0.915765
1770000	-17.0266	0	-17.0266	0.272302	0.0741486	0.389205	0.648106	0.141084	0.170592	2.67071	1.15433	1.12779
1780000	-11.98642	0	-11.98642	0.17285	0.190807	0.124145	0.299132	0.0939686	0.0737285	5.46728	0.898063	0.824383
1790000	-13.2545	0	-13.2545	0.23803	0.0490266	0.155757	0.58791	0.11769	0.177531	1.90823	0.512408	1.02517
1800000	-18.90364	0	-18.90364	0.151164	0.119483	0.13947	0.510049	0.138548	0.0510889	2.00269	1.78164	1.15145
1810000	-18.56369	0	-18.56369	0.503441	0.125542	0.16149	0.508606	0.140574	0.0806201	3.40642	0.289746	2.32101
1820000	-16.71968	0	-16.71968	0.275639	0.1281	0.105268	0.379256	0.123985	0.132387	2.52649	0.773427	0.672456
1830000	-19.38139	0	-19.38139	0.155585	0.125359	0.193188	0.490214	0.150563	0.198783	1.35096	0.25404	1.34473
1840000	-15.2997	0	-15.2997	0.216427	0.254142	0.15384	0.491078	0.120572	0.121536	3.09283	0.974316	0.430042
1850000	-18.19046	0	-18.19046	0.297755	0.0748093	0.176567	0.261564	0.105813	0.360507	2.92404	0.0789352	4.39037
1860000	-18.16655	0	-18.16655	0.253385	0.335986	0.191513	0.60701	0.126434	0.0620882	2.49219	2.01519	2.05943
1870000	-13.88777	0	-13.88777	0.207111	0.0791284	0.166324	0.319237	0.104259	0.0520106	4.1761	0.424974	0.279188
1880000	-17.83918	0	-17.83918	0.271399	0.040779	0.110276	0.386828	0.150977	0.180198	2.06012	0.590141	0.421983
1890000	-22.11171	0	-22.11171	0.337829	0.138289	0.227317	0.260462	0.156815	0.0999368	1.73894	2.52135	0.950631
1900000	-17.98052	0	-17.98052	0.150184	0.092044	0.28966	0.229548	0.139415	0.11234	3.08324	0.0361154	1.81729
1910000	-20.11231	0	-20.11231	0.157974	0.138719	0.104036	0.335182	0.108508	0.258874	3.1189	2.83465	0.632332
1920000	-21.57304	0	-21.57304	0.34451	0.150712	0.630603	0.328405	0.0532653	0.154605	1.93262	0.495149	0.240619
1930000	-15.50726	0	-15.50726	0.542121	0.119587	0.263671	0.307266	0.119033	0.136529	3.45955	0.834786	0.570144
1940000	-20.46003	0	-20.46003	0.266486	0.0660158	0.28272	0.272972	0.332248	0.0917394	2.97322	0.585879	0.181833
1950000	-13.72126	0	-13.72126	0.586506	0.0911144	0.0858136	0.454195	0.0551234	0.169269	2.63455	0.0401181	1.61589
1960000	-17.62573	0	-17.62573	0.242644	0.188701	0.408052	0.396475	0.107663	0.116396	1.39329	1.84392	2.0307
1970000	-22.70796	0	-22.70796	0.173964	0.123138	0.0684748	0.646074	0.138941	0.0793833	1.41085	0.302041	1.70792
1980000	-16.22358	0	-16.22358	0.25759	0.157958	0.332784	0.569473	0.0645593	0.129221	3.75883	1.74089	1.65659
1990000	-13.36442	0	-13.36442	0.286563	0.129498	0.359186	0.418311	0.0867595	0.123545	3.56756	0.0350492	5.4109
2000000	-20.88192	0	-20.88192	0.316264	0.135318	0.19905	0.40256	0.49651	0.204592	2.41273	0.124748	1.37478
2010000	-14.01394	0	-14.01394	0.357535	0.0985149	0.344075	0.637285	0.100112	0.140157	4.05994	0.0408496	2.62364
2020000	-18.17065	0	-18.17065	0.324668	0.082938	0.179999	0.440773	0.225905	0.0732817	2.01814	0.737643	2.6889
2030000	-17.64036	0	-17.64036	0.207954	0.140506	0.12937	0.490572	0.234897	0.207869	2.43626	0.458277	3.561
2040000	-13.75373	0	-13.75373	0.552248	0.0482766	0.120173	0.326133	0.0999537	0.144447	6.40115	0.0281124	0.940831
2050000	-15.30916	0	-15.30916	0.243517	0.151951	0.308063	0.367938	0.0762831	0.192728	2.13166	0.294599	5.02066
2060000	-14.8718	0	-14.8718	0.250405	0.0478511	0.0991656	0.289936	0.135653	0.0692776	6.65713	0.28426	0.631421
2070000	-21.47257	0	-21.47257	0.339717	0.105265	0.431091	0.132781	0.0588975	0.0693739	1.28071	0.644263	0.772765
2080000	-15.06791	0	-15.06791	0.138748	0.0974671	0.272732	0.38205	0.165712	0.112762	3.11219	1.61566	1.51638
2090000	-13.71324	0	-13.71324	0.343911	0.157623	0.271277	0.416613	0.0786262	0.124227	3.19011	1.18084	1.10326
2100000	-21.56414	0	-21.56414	0.229495	0.12644	0.380344	0.605933	0.155399	0.284803	1.26951	0.559751	4.04927
2110000	-13.80023	0	-13.80023	0.424185	0.231683	0.158978	0.292282	0.0836218	0.0824054	2.39768	0.826451	0.552871
2120000	-19.98183	0	-19.98183	0.323096	0.235283	0.422952	0.530087	0.128398	0.0933066	1.41704	0.108173	1.79364
2130000	-12.56837	0	-12.56837	0.233199	0.135802	0.33421	0.320545	0.0869204	0.207314	3.79008	1.10846	1.51605
2140000	-16.6139	0	-16.6139	0.138102	0.152229	0.0880972	0.474239	0.0703784	0.0415457	5.22997	0.844053	0.156691
2150000	-16.80039	0	-16.80039	0.251043	0.102217	0.39382	0.391972	0.115083	0.123399	2.81315	0.405725	0.239204
2160000	-17.08743	0	-17.08743	0.511741	0.112401	0.0575436	0.506465	0.063424	0.118227	2.85557	0.287919	0.682166
2170000	-17.29377	0	-17.29377	0.214514	0.0743921	0.112126	0.419136	0.179825	0.195745	3.00067	0.853151	1.09354
2180000	-18.01745	0	-18.01745	0.244332	0.160615	0.211429	0.410601	0.0902675	0.0824297	3.20428	0.50152	1.31592
2190000	-15.27288	0	-15.27288	0.187512	0.0802992	0.140308	0.165488	0.123361	0.110888	2.80608	0.532518	1.17265
2200000	-20.52358	0	-20.52358	0.189565	0.141231	0.163822	0.193479	0.0313775	0.0907656	3.03927	2.89567	1.29033
2210000	-12.90072	0	-12.90072	0.265654	0.0612841	0.201902	0.202862	0.110656	0.157862	4.30037	0.0833581	0.366567
2220000	-19.29778	0	-19.29778	0.459414	0.063945	0.167674	0.278326	0.237182	0.204912	1.81723	1.98131	1.24562
2230000	-10.78411	0	-10.78411	0.485238	0.113779	0.200658	0.371619	0.187115	0.130321	2.87836	0.599835	1.44602
2240000	-17.73936	0	-17.73936	0.236753	0.165106	0.235189	0.486188	0.076452	0.302104	2.79441	1.20554	0.680651
2250000	-13.33033	0	-13.33033	0.347562	0.11748	0.284816	0.510211	0.0703633	0.0699817	1.7335	0.0196174	0.536489
2260000	-17.90283	0	-17.90283	0.214594	0.375022	0.224928	0.722754	0.0850723	0.0938416	3.9887	1.21534	0.622017
2270000	-20.40828	0	-20.40828	0.40384	0.285973	0.227295	0.270831	0.216839	0.202878	3.17631	0.280011	0.423983
2280000	-15.19436	0	-15.19436	0.180929	0.100846	0.125886	0.579219	0.146129	0.0944151	1.95124	0.00339082	0.544349
2290000	-13.65686	0	-13.65686	0.0820932	0.107879	0.145724	0.287907	0.0853026	0.129361	3.90029	0.250877	0.373999
2300000	-13.47625	0	-13.47625	0.314257	0.0989154	0.188222	0.475704	0.181741	0.152383	3.71303	0.844691	0.606056
2310000	-20.40482	0	-20.40482	0.137664	0.105052	0.312795	0.273337	0.0667117	0.194485	2.83467	0.444991	0.859124
2320000	-14.80183	0	-14.80183	0.262298	0.122696	0.116996	0.470094	0.124113	0.0711497	2.34468	0.931471	1.28729
2330000	-14.44531	0	-14.44531	0.294804	0.194308	0.113729	0.507404	0.13771	0.183229	3.98598	0.463343	1.12477
2340000	-18.13461	0	-18.13461	0.199192	0.120121	0.131162	0.53916	0.0775452	0.118692	2.36862	3.34977	0.272831
2350000	-16.36346	0	-16.36346	0.15796	0.159061	0.195254	0.962494	0.267161	0.128066	2.22342	0.047712	1.36432
2360000	-15.39019	0	-15.39019	0.209109	0.0825041	0.228831	0.344497	0.135271	0.167885	3.86942	1.01738	1.69598
2370000	-15.83781	0	-15.83781	0.5151	0.150692	0.163037	0.262418	0.286043	0.254202	7.79454	0.168158	0.788979
2380000	-18.24494	0	-18.24494	0.136635	0.151646	0.228717	0.659343	0.097994	0.226575	1.91815	0.178178	2.03075
2390000	-17.10473	0	-17.10473	0.230372	0.23856	0.359547	0.383769	0.0906138	0.195428	3.4137	0.906472	0.99346
2400000	-9.884817	0	-9.884817	0.0816414	0.0676214	0.192051	0.476956	0.0768353	0.106348	3.26123	0.0175509	0.661036
2410000	-13.84298	0	-13.84298	0.368542	0.126233	0.238566	0.327859	0.128586	0.0859335	3.91754	0.111157	1.47147
2420000	-21.016	0	-21.016	0.248952	0.233139	0.292554	0.260152	0.0688926	0.200989	2.24396	0.285973	0.552675
2430000	-17.17785	0	-17.17785	0.229581	0.110198	0.122275	0.380396	0.094189	0.0999393	6.94518	2.44531	1.29618
2440000	-18.21093	0	-18.21093	0.204517	0.0974519	0.204872	0.316078	0.144143	0.10111	1.28075	3.47198	2.90903
2450000	-24.21018	0	-24.21018	0.463919	0.105854	0.424591	0.222785	0.134468	0.186459	3.81902	0.152787	2.42759
2460000	-15.58738	0	-15.58738	0.271614	0.190069	0.360099	0.393103	0.0551435	0.0625115	2.30245	0.102749	2.04323
2470000	-12.77047	0	-12.77047	0.27418	0.121092	0.240776	0.346954	0.083274	0.172391	4.03597	0.426134	0.328136
2480000	-22.56143	0	-22.56143	0.381835	0.273981	0.234216	0.303095	0.197822	0.0790233	2.93763	1.18097	2.80287
2490000	-15.73759	0	-15.73759	0.145015	0.127598	0.125018	0.658429	0.0926405	0.246715	2.65603	1.66743	0.968981
2500000	-14.62322	0	-14.62322	0.183971	0.0759121	0.201939	0.297266	0.0861176	0.13867	2.55297	0.504727	0.753923
2510000	-14.66242	0	-14.66242	0.364061	0.0588869	0.514219	0.445894	0.150293	0.123729	2.68746	1.4658	4.0855
2520000	-18.10558	0	-18.10558	0.389711	0.0662554	0.0992323	0.396233	0.25087	0.106272	2.01321	1.59724	0.617352
2530000	-12.32436	0	-12.32436	0.199357	0.0906377	0.239027	0.356048	0.114381	0.16926	2.21768	0.51497	0.937213
2540000	-13.78635	0	-13.78635	0.516219	0.132845	0.312347	0.353236	0.0852975	0.0913855	2.61573	0.631627	1.46126
2550000	-14.45801	0	-14.45801	0.20325	0.155	0.166561	0.508332	0.0799372	0.174541	4.5984	1.15619	0.622197
2560000	-15.65042	0	-15.65042	0.244229	0.180621	0.107836	0.280183	0.0929607	0.0622843	2.52073	0.613632	2.42942
2570000	-15.15389	0	-15.15389	0.29313	0.163868	0.153132	0.243542	0.107933	0.0553045	2.69976	0.641493	0.593211
2580000	-22.00952	0	-22.00952	0.362076	0.0566924	0.156246	0.459748	0.0493443	0.0737002	1.16	0.370577	0.592369
2590000	-16.42262	0	-16.42262	0.248728	0.240414	0.205563	0.364364	0.081023	0.104883	3.77338	1.47592	0.606665
2600000	-23.94231	0	-23.94231	0.123715	0.157754	0.223888	0.30631	0.272852	0.0688112	1.10372	0.192959	6.27196
2610000	-21.60838	0	-21.60838	0.373843	0.113471	0.198223	0.242982	0.119166	0.166623	1.98648	0.00928746	0.256027
2620000	-18.26393	0	-18.26393	0.246898	0.0454315	0.323908	0.416726	0.199486	0.0958297	2.57011	1.8285	0.677764
2630000	-14.58746	0	-14.58746	0.272872	0.0835663	0.162755	0.219966	0.348145	0.0850223	6.68315	0.0898075	0.478031
2640000	-14.59058	0	-14.59058	0.117866	0.121719	0.0833582	0.439484	0.110844	0.0396861	4.18757	2.11122	1.7536
2650000	-12.97021	0	-12.97021	0.575655	0.12598	0.227841	0.380493	0.1546	0.0704339	2.3265	0.513497	1.28923
2660000	-15.41748	0	-15.41748	0.31287	0.0832244	0.230828	0.280705	0.0845063	0.16433	3.10789	0.132829	2.07418
2670000	-17.48307	0	-17.48307	0.24674	0.309968	0.169273	0.343576	0.0455026	0.0827319	2.84194	0.873084	0.589746
2680000	-18.59914	0	-18.59914	0.323381	0.0809189	0.277773	0.401078	0.0863676	0.0615628	2.34498	3.32627	2.16572
2690000	-17.84811	0	-17.84811	0.295955	0.0738121	0.109023	0.352931	0.0392668	0.107663	1.89942	0.323132	0.354761
2700000	-16.41111	0	-16.41111	0.289584	0.101102	0.158897	0.144768	0.115811	0.0723007	2.81129	1.04094	1.89687
2710000	-18.67832	0	-18.67832	0.287613	0.1181	0.415189	0.258314	0.0900317	0.271562	1.44584	1.71974	1.55641
2720000	-17.19904	0	-17.19904	0.617655	0.0830136	0.249647	0.370778	0.107487	0.0740474	3.1467	1.47821	1.74238
2730000	-19.74888	0	-19.74888	0.135214	0.0550553	0.187866	0.5839	0.0407653	0.263044	2.66799	0.21195	2.5377
2740000	-18.24826	0	-18.24826	0.274406	0.144829	0.425283	0.648663	0.0803485	0.0931758	1.90506	0.0496741	0.833197
2750000	-13.22074	0	-13.22074	0.340245	0.138304	0.123767	0.570557	0.0863455	0.0944674	3.27713	0.121825	0.512119
2760000	-17.40519	0	-17.40519	0.207894	0.106805	0.132718	0.494853	0.121626	0.274669	6.84434	0.341378	0.40975
2770000	-9.827887	0	-9.827887	0.201578	0.0453469	0.336207	0.160065	0.0772446	0.0836796	6.80173	0.295252	1.74455
2780000	-22.61944	0	-22.61944	0.315684	0.178413	0.255588	0.406365	0.0263677	0.165023	3.16869	0.263188	3.28607
2790000	-21.06692	0	-21.06692	0.19604	0.22035	0.132999	0.53829	0.411063	0.0478496	3.64855	0.947179	0.490465
2800000	-10.83555	0	-10.83555	0.396212	0.109577	0.279103	0.578137	0.122422	0.171209	3.96172	0.926799	0.852922
2810000	-27.64254	0	-27.64254	0.170789	0.190918	0.5156	0.403122	0.0537119	0.116007	5.54412	0.257218	0.182079
2820000	-18.7281	0	-18.7281	0.294366	0.0568281	0.342125	0.698533	0.111222	0.132189	2.31857	0.20592	0.193127
2830000	-12.39852	0	-12.39852	0.192042	0.135354	0.211638	0.422422	0.0802714	0.162464	2.58887	0.673458	3.25661
2840000	-11.08965	0	-11.08965	0.175517	0.0856905	0.228216	0.321526	0.251499	0.106282	3.06043	0.267081	0.703653
2850000	-16.98181	0	-16.98181	0.203077	0.211973	0.224489	0.436575	0.11922	0.1508	1.53348	0.397867	2.28922
2860000	-21.02253	0	-21.02253	0.237962	0.0988386	0.0824572	0.157661	0.107174	0.349646	2.80881	3.18118	1.00053
2870000	-13.42162	0	-13.42162	0.200523	0.0687302	0.0760872	0.227597	0.068245	0.0561408	4.47972	3.72544	1.97713
2880000	-16.93477	0	-16.93477	0.139413	0.0511744	0.367822	0.462032	0.188803	0.143286	4.71904	1.52702	1.25147
2890000	-11.91164	0	-11.91164	0.288072	0.162042	0.154726	0.299188	0.158861	0.138104	2.73647	1.02224	1.29942
2900000	-16.20143	0	-16.20143	0.430489	0.193373	0.312741	0.498498	0.099352	0.0720414	1.74362	0.220013	0.313644
2910000	-9.10703	0	-9.10703	0.455689	0.14578	0.0912615	0.449155	0.122909	0.0664452	4.63855	0.565585	1.69804
2920000	-21.49316	0	-21.49316	0.236857	0.167285	0.195697	0.185777	0.106226	0.123031	1.6233	1.76422	1.40244
2930000	-12.50608	0	-12.50608	0.24109	0.114852	0.183797	0.31427	0.0938004	0.141254	5.14568	0.0225294	1.83381
2940000	-16.10982	0	-16.10982	0.333842	0.180763	0.226525	0.42026	0.18393	0.212325	3.03987	1.52571	1.95179
2950000	-16.48682	0	-16.48682	0.237486	0.129076	0.14792	0.337785	0.104275	0.16733	4.60758	2.35846	0.741398
2960000	-16.71733	0	-16.71733	0.215214	0.103653	0.262012	0.123415	0.137227	0.114109	4.68927	0.22477	1.97075
2970000	-23.09234	0	-23.09234	0.493268	0.0845882	0.364393	0.849259	0.136568	0.121553	4.49433	1.99408	0.503397
2980000	-16.74907	0	-16.74907	0.274045	0.0825932	0.116891	0.675408	0.163981	0.169346	1.83169	1.41085	2.33625
2990000	-15.35723	0	-15.35723	0.261636	0.211096	0.285782	0.407693	0.107005	0.121225	2.67228	1.85279	1.07398
3000000	-23.52495	0	-23.52495	0.295711	0.178801	0.145053	0.466743	0.158545	0.254567	1.81269	0.136577	0.771181
3010000	-13.42014	0	-13.42014	0.248377	0.0804604	0.183083	0.306674	0.164941	0.341551	3.98224	0.385991	1.01728
3020000	-20.88779	0	-20.88779	0.0702435	0.102768	0.295462	0.575449	0.0662798	0.181374	2.88627	0.639882	0.666501
3030000	-15.29405	0	-15.29405	0.463996	0.0891552	0.353931	0.435835	0.247152	0.107652	1.90114	0.123132	1.06309
3040000	-25.02131	0	-25.02131	0.285766	0.0981692	0.076715	0.587444	0.227746	0.0998805	2.13659	6.03459	0.049112
3050000	-13.92629	0	-13.92629	0.217596	0.110234	0.138722	0.333675	0.22936	0.164683	2.20856	0.28693	3.17515
3060000	-20.14767	0	-20.14767	0.477182	0.172099	0.383303	0.722633	0.0847165	0.207017	3.01413	0.152935	0.931337
3070000	-27.59074	0	-27.59074	0.289772	0.123619	0.138761	0.452253	0.0842373	0.182875	1.20997	0.85609	1.07274
3080000	-21.65749	0	-21.65749	0.35501	0.0924148	0.285926	0.500108	0.160912	0.214926	4.30859	0.0870889	0.293514
3090000	-14.72795	0	-14.72795	0.131224	0.109762	0.159878	0.624904	0.268913	0.118565	4.6061	0.290062	1.53933
3100000	-18.94147	0	-18.94147	0.184423	0.0421727	0.198213	0.558171	0.106459	0.0517888	2.24028	1.82854	1.73107
3110000	-24.66846	0	-24.66846	0.177517	0.258758	0.0997073	0.296397	0.123934	0.0598913	1.42949	0.668454	3.66049
3120000	-13.42921	0	-13.42921	0.303988	0.149392	0.176147	0.537633	0.132945	0.103365	1.87351	0.96354	2.60932
3130000	-20.58577	0	-20.58577	0.239339	0.0349365	0.258132	0.395104	0.0507683	0.212479	2.2942	1.04435	1.04995
3140000	-21.56354	0	-21.56354	0.257895	0.161031	0.183516	0.207906	0.207546	0.200338	1.5768	0.132373	2.6889
3150000	-17.21272	0	-17.21272	0.362912	0.109361	0.148533	0.443538	0.222595	0.187822	1.75304	0.527115	1.81991
3160000	-23.1699	0	-23.1699	0.572852	0.0557826	0.210748	0.311344	0.101749	0.0599099	0.875385	3.39716	2.16227
3170000	-15.51178	0	-15.51178	0.226123	0.13206	0.11909	0.390695	0.144535	0.0543118	1.66109	1.39946	1.61219
3180000	-20.2385	0	-20.2385	0.149063	0.0587844	0.153132	0.228139	0.105516	0.141252	1.26428	0.944354	0.229415
3190000	-21.22257	0	-21.22257	0.286982	0.140515	0.0830201	0.199539	0.340365	0.190289	3.33835	0.0104531	0.401044
3200000	-12.35595	0	-12.35595	0.112539	0.135638	0.100018	0.70428	0.10184	0.107183	5.79055	0.412267	0.986492
3210000	-14.69889	0	-14.69889	0.619209	0.164164	0.203919	0.369771	0.0887271	0.0662465	3.05529	1.37653	2.57992
3220000	-20.0243	0	-20.0243	0.340995	0.206583	0.0707685	0.763354	0.188209	0.166732	6.11914	1.62214	2.30957
3230000	-17.10294	0	-17.10294	0.377785	0.13119	0.332379	0.317212	0.111823	0.173084	1.92834	0.392012	4.71522
3240000	-15.36703	0	-15.36703	0.303147	0.100599	0.116186	0.424204	0.155105	0.142179	2.54359	2.5466	1.0425
3250000	-12.87953	0	-12.87953	0.341161	0.0747339	0.199883	0.319495	0.17809	0.128429	3.26436	2.1031	0.721925
3260000	-15.40709	0	-15.40709	0.170304	0.157807	0.138207	0.430722	0.229825	0.153638	4.11523	0.380554	0.534933
3270000	-19.22182	0	-19.22182	0.0818496	0.230117	0.14371	0.450788	0.241116	0.176457	3.47011	0.0565397	0.698139
3280000	-11.22816	0	-11.22816	0.154369	0.222369	0.153185	0.384731	0.121163	0.146203	4.59267	1.031	0.594789
3290000	-18.84679	0	-18.84679	0.506008	0.132961	0.283094	0.308989	0.374993	0.136584	3.22489	1.32144	0.658698
3300000	-24.47627	0	-24.47627	0.632781	0.0765301	0.232909	0.917851	0.129422	0.111167	0.72738	0.557653	0.956066
3310000	-13.2946	0	-13.2946	0.206685	0.121039	0.19219	0.483792	0.0758463	0.145692	4.77312	2.38299	0.318682
3320000	-17.93735	0	-17.93735	0.408732	0.23184	0.173287	0.562431	0.178325	0.197749	3.05095	0.501583	0.961624
3330000	-14.52323	0	-14.52323	0.452622	0.108439	0.254675	0.352077	0.0643495	0.103125	1.72888	2.53303	1.60386
3340000	-17.52092	0	-17.52092	0.263917	0.139946	0.153948	0.421455	0.123791	0.122717	2.47698	0.205154	0.678694
3350000	-16.17547	0	-16.17547	0.359884	0.146757	0.0797174	0.239592	0.128068	0.112274	1.49506	0.442152	0.732752
3360000	-15.44225	0	-15.44225	0.2546	0.171917	0.140198	0.517828	0.0657278	0.174111	2.66173	0.815854	0.976961
3370000	-20.5761	0	-20.5761	0.233599	0.146951	0.0582741	0.389495	0.162785	0.0927847	2.81902	0.55881	0.124417
3380000	-13.56707	0	-13.56707	0.573443	0.0497472	0.238952	0.469346	0.126391	0.167943	5.08283	0.252272	0.998171
3390000	-13.62542	0	-13.62542	0.206625	0.0751392	0.180312	0.411604	0.0849042	0.0702333	2.09852	2.18261	1.17222
3400000	-18.45748	0	-18.45748	0.488065	0.092247	0.249458	0.610335	0.11786	0.116802	2.63408	0.895733	1.24903
3410000	-19.35399	0	-19.35399	0.585088	0.0806638	0.270002	0.522508	0.133531	0.112725	3.18741	1.20249	6.48641
3420000	-16.92687	0	-16.92687	0.288316	0.0510572	0.148826	0.173026	0.207171	0.137595	2.72643	0.290374	2.68078
3430000	-25.39706	0	-25.39706	0.382747	0.136875	0.147588	0.466636	0.0854764	0.273417	2.16786	1.28728	0.75285
3440000	-21.25499	0	-21.25499	0.200828	0.14242	0.182667	0.306296	0.232233	0.0459896	2.08537	0.434294	1.80751
3450000	-22.84414	0	-22.84414	0.211708	0.0726	0.158043	0.921305	0.317586	0.0515244	1.86998	1.94638	0.966223
3460000	-19.93212	0	-19.93212	0.333182	0.0744942	0.0897633	0.797528	0.145543	0.221007	1.78978	0.837044	0.193569
3470000	-13.16092	0	-13.16092	0.143731	0.129148	0.214449	0.352909	0.102343	0.146533	3.0832	0.866542	4.91289
3480000	-21.1635	0	-21.1635	0.136518	0.231548	0.106126	0.663274	0.121579	0.109828	2.29788	0.884911	1.15479
3490000	-24.07013	0	-24.07013	0.371191	0.147089	0.0950188	0.588197	0.11765	0.150839	1.7211	0.140707	2.28748
3500000	-17.44943	0	-17.44943	0.125265	0.139249	0.536436	0.314688	0.123003	0.0904405	3.37637	1.16209	1.87209
3510000	-26.05084	0	-26.05084	0.365748	0.134111	0.110796	0.519692	0.0768829	0.155951	1.4671	0.00439841	0.182885
3520000	-15.58776	0	-15.58776	0.374056	0.102291	0.358346	0.521308	0.141517	0.206797	2.67062	3.17373	0.852862
3530000	-12.31133	0	-12.31133	0.260695	0.222613	0.287969	0.40163	0.0945887	0.284871	3.90846	0.539275	1.27281
3540000	-13.64929	0	-13.64929	0.0871128	0.0972889	0.270609	0.399427	0.125442	0.14744	4.29309	0.311422	0.627858
3550000	-16.12184	0	-16.12184	0.332933	0.0446085	0.187203	0.691813	0.126826	0.0666734	2.37379	1.22223	0.632704
3560000	-22.65184	0	-22.65184	0.169832	0.0934919	0.120132	0.290754	0.116082	0.0618066	2.46556	0.80885	0.0341799
3570000	-14.03745	0	-14.03745	0.0805629	0.131924	0.429891	0.346742	0.129742	0.255567	4.34741	0.170247	2.0559
3580000	-17.4041	0	-17.4041	0.275073	0.0868119	0.179511	0.648045	0.167343	0.104686	2.1679	0.279363	1.24942
3590000	-29.52997	0	-29.52997	0.509024	0.0569727	0.127008	0.200067	0.289835	0.132603	2.60759	4.49091	0.55201
3600000	-12.9845	0	-12.9845	0.189222	0.263102	0.17261	0.868052	0.0973749	0.16777	3.41268	0.365397	0.726608
3610000	-22.5303	0	-22.5303	0.314675	0.0723444	0.578916	0.853692	0.0716528	0.0575398	2.87136	1.24325	1.99145
3620000	-17.55097	0	-17.55097	0.534915	0.0967916	0.192704	0.430746	0.0730085	0.096833	2.78845	1.26628	2.81456
3630000	-23.73964	0	-23.73964	0.773179	0.15228	0.254681	0.443109	0.173231	0.124262	1.36652	0.812453	0.246235
3640000	-27.64971	0	-27.64971	0.297754	0.131719	0.292287	0.29081	0.130922	0.0518256	3.14113	0.376072	1.72855
3650000	-15.48352	0	-15.48352	0.572642	0.103823	0.236318	0.318286	0.132426	0.0769549	3.54052	0.1183	0.581522
3660000	-13.43611	0	-13.43611	0.189682	0.223626	0.267948	0.63547	0.0959491	0.0621443	3.35355	0.172612	1.48359
3670000	-13.52138	0	-13.52138	0.252796	0.113671	0.164766	0.247387	0.0748059	0.154768	3.84697	1.96859	4.28995
3680000	-19.2543	0	-19.2543	0.341665	0.406528	0.168835	0.29152	0.127198	0.0552687	1.31726	0.242957	3.48008
3690000	-27.126	0	-27.126	0.0631481	0.154906	0.623039	0.289214	0.159583	0.065749	2.00504	0.0843338	0.286815
3700000	-24.34135	0	-24.34135	0.243284	0.217609	0.284807	0.401178	0.166701	0.0446617	3.3927	2.03673	0.744915
3710000	-18.60352	0	-18.60352	0.56531	0.160924	0.153621	0.328297	0.0948719	0.263337	2.50248	0.150953	2.75338
3720000	-14.14968	0	-14.14968	0.201051	0.315395	0.211379	0.513967	0.193726	0.101083	5.04787	1.42995	0.370436
3730000	-18.38571	0	-18.38571	0.286912	0.207696	0.2837	0.527577	0.0737886	0.231934	3.14362	0.273499	3.70102
3740000	-15.43849	0	-15.43849	0.499012	0.0729916	0.375226	0.299792	0.105365	0.134471	4.49776	0.49505	0.357104
3750000	-21.19775	0	-21.19775	0.40084	0.198769	0.150445	0.398195	0.147485	0.327351	2.23618	1.85952	2.91457
3760000	-12.61813	0	-12.61813	0.170508	0.208347	0.177938	0.384565	0.267423	0.142317	3.93374	2.06344	1.10364
3770000	-21.57024	0	-21.57024	0.118427	0.100232	0.157135	0.63254	0.0913773	0.163663	1.2502	1.5417	1.69825
3780000	-14.72162	0	-14.72162	0.400041	0.334691	0.115296	0.427636	0.117341	0.241943	4.79755	0.274616	0.78739
3790000	-12.65224	0	-12.65224	0.140699	0.172029	0.100529	0.326447	0.109799	0.13487	2.11016	0.325578	1.92108
3800000	-16.00007	0	-16.00007	0.145214	0.161591	0.070932	0.256551	0.130961	0.0976353	1.76871	0.339536	2.1185
3810000	-13.77215	0	-13.77215	0.333196	0.065384	0.28266	0.441186	0.14877	0.151608	3.19867	0.0573881	0.0851258
3820000	-22.3401	0	-22.3401	0.50125	0.0724134	0.37476	0.444317	0.0999355	0.226896	2.37959	0.00744289	0.724141
3830000	-38.2707	0	-38.2707	0.104796	0.0777373	0.12878	0.202771	0.0626236	0.0392356	1.35393	0.014944	0.123914
3840000	-22.27853	0	-22.27853	0.409098	0.167344	0.114629	0.699498	0.13834	0.158083	1.62769	0.361488	0.35191
3850000	-16.23666	0	-16.23666	0.412999	0.127145	0.283712	0.339179	0.158654	0.273715	3.52494	0.69364	1.29296
3860000	-15.40076	0	-15.40076	0.174612	0.0886321	0.158467	0.439647	0.14081	0.0457475	5.6172	1.44353	0.465123
3870000	-20.93913	0	-20.93913	0.196403	0.344942	0.25109	0.341749	0.0769949	0.133257	3.0271	0.540239	0.446524
3880000	-16.40971	0	-16.40971	0.119074	0.183997	0.245228	0.413729	0.22471	0.0776643	4.29278	0.267144	1.93425
3890000	-10.1382	0	-10.1382	0.227116	0.116767	0.169226	0.685779	0.0746748	0.152562	11.4589	0.0248675	0.700798
3900000	-20.55102	0	-20.55102	0.273552	0.0754604	0.210279	0.551456	0.228959	0.147861	1.22115	0.204578	3.58282
3910000	-24.57062	0	-24.57062	0.35194	0.10055	0.485393	0.442384	0.138738	0.095071	2.69943	2.31299	0.505083
3920000	-22.34096	0	-22.34096	0.353947	0.0918045	0.196435	0.414902	0.103549	0.105025	0.721721	0.0516415	0.554477
3930000	-13.59504	0	-13.59504	0.388441	0.114856	0.0736522	0.489203	0.0927378	0.144687	2.63986	0.673549	3.28914
3940000	-15.6989	0	-15.6989	0.177712	0.281393	0.344371	0.541614	0.0817	0.0653964	2.07319	0.437307	0.606136
3950000	-20.48536	0	-20.48536	0.223545	0.0755186	0.25741	0.490782	0.263678	0.108823	2.33827	0.214918	2.76454
3960000	-13.96107	0	-13.96107	0.390853	0.12812	0.321273	0.237794	0.170336	0.214938	3.8872	0.54967	1.3784
3970000	-18.21712	0	-18.21712	0.228983	0.188892	0.259607	0.244658	0.115979	0.17968	2.45792	0.121239	0.928046
3980000	-9.721284	0	-9.721284	0.174638	0.121237	0.183332	0.281782	0.113995	0.0768765	4.05802	0.902128	0.632483
3990000	-23.49161	0	-23.49161	0.180643	0.218724	0.221585	0.203397	0.109836	0.059951	2.34294	0.531358	0.271508
4000000	-11.83283	0	-11.83283	0.268573	0.175263	0.115926	0.266751	0.190461	0.0666288	3.2113	0.161372	1.59488
4010000	-18.20908	0	-18.20908	0.561	0.215261	0.147671	0.836428	0.0667995	0.223084	4.23848	0.478333	0.412937
4020000	-18.8351	0	-18.8351	0.36521	0.116701	0.191446	0.43664	0.0753573	0.0724966	2.14218	0.396931	3.47277
4030000	-12.34851	0	-12.34851	0.417586	0.0445478	0.149466	0.568917	0.0521849	0.151392	4.22754	0.0688055	3.11027
4040000	-14.57325	0	-14.57325	0.423445	0.285201	0.14172	0.454569	0.100288	0.236802	5.00769	0.318904	0.330412
4050000	-16.88204	0	-16.88204	0.358091	0.0781961	0.0989668	0.234206	0.152315	0.12745	1.89613	0.393212	2.1769
4060000	-18.70585	0	-18.70585	0.2681	0.146208	0.201694	0.873764	0.39559	0.136275	2.56458	0.838286	1.20067
4070000	-19.29925	0	-19.29925	0.328073	0.266668	0.151265	0.49427	0.141908	0.115528	5.86889	0.194042	0.129653
4080000	-21.93823	0	-21.93823	0.190614	0.176748	0.271496	0.764028	0.107159	0.122416	3.02934	0.447176	2.14906
4090000	-19.94556	0	-19.94556	0.218096	0.152857	0.0449624	0.744529	0.141039	0.1195	1.72658	0.841039	0.890448
4100000	-30.69367	0	-30.69367	0.235686	0.18076	0.383765	0.243289	0.0507321	0.167798	1.25583	0.434161	0.719293
4110000	-16.47104	0	-16.47104	0.262461	0.0386947	0.29081	0.32985	0.0554215	0.21348	3.52011	2.95885	2.77797
4120000	-8.798423	0	-8.798423	0.415292	0.0962474	0.1385	0.514872	0.101284	0.178031	4.87034	0.103365	2.34262
4130000	-12.7138	0	-12.7138	0.374414	0.125739	0.21919	0.314359	0.114439	0.0590448	3.99913	0.0397798	0.32658
4140000	-14.59181	0	-14.59181	0.230714	0.197842	0.127434	0.33985	0.0921304	0.0677999	2.86753	0.0401925	3.57667
4150000	-14.94655	0	-14.94655	0.177463	0.121851	0.119985	0.307876	0.137168	0.110376	3.14988	0.984879	0.782914
4160000	-15.28157	0	-15.28157	0.231647	0.185291	0.177303	0.186084	0.0923822	0.0856097	4.32595	0.304184	1.16376
4170000	-18.31643	0	-18.31643	0.202497	0.071271	0.136792	0.432575	0.103466	0.0300953	2.31468	0.230288	0.275088
4180000	-18.83397	0	-18.83397	0.178398	0.0897235	0.244344	0.244841	0.132734	0.144327	2.25043	0.25108	0.460669
4190000	-19.8441	0	-19.8441	0.192312	0.147083	0.206346	0.766723	0.0875458	0.0823787	2.95668	0.632267	0.941631
4200000	-16.60344	0	-16.60344	0.242432	0.169033	0.121466	0.638511	0.157549	0.0834858	1.616	0.300046	2.97253
4210000	-16.34684	0	-16.34684	0.660764	0.130157	0.206895	0.374801	0.0909291	0.140225	2.4346	0.185999	2.08259
4220000	-21.89094	0	-21.89094	0.221191	0.115086	0.507554	0.394172	0.23387	0.158873	3.07188	4.23437	1.22299
4230000	-13.25778	0	-13.25778	0.200808	0.155126	0.100282	0.338394	0.234827	0.0808127	6.56304	1.86237	1.20403
4240000	-22.44535	0	-22.44535	0.214359	0.086286	0.12567	0.33895	0.136711	0.0438407	4.36627	1.29901	0.243213
4250000	-16.42609	0	-16.42609	0.241634	0.0832043	0.232287	0.236143	0.0984145	0.0641401	1.35539	0.294959	0.69977
4260000	-15.80645	0	-15.80645	0.381372	0.127831	0.307229	0.374695	0.123039	0.032353	3.78662	1.6531	0.56938
4270000	-18.75446	0	-18.75446	0.155965	0.111529	0.0487232	0.244905	0.0471132	0.158153	3.97675	0.466523	2.27356
4280000	-9.507938	0	-9.507938	0.346065	0.0435914	0.140828	0.273493	0.108264	0.163974	2.71454	0.233684	1.74458
4290000	-13.99201	0	-13.99201	0.260812	0.0887923	0.197185	0.491395	0.0627265	0.0896964	2.47398	0.609284	1.33036
4300000	-18.43885	0	-18.43885	0.136969	0.197752	0.158112	0.481244	0.102541	0.105338	2.81798	0.306522	0.645925
4310000	-16.96682	0	-16.96682	0.229906	0.0803638	0.236062	0.326983	0.280997	0.105571	2.52977	0.255543	1.96663
4320000	-17.11191	0	-17.11191	0.370223	0.126598	0.197524	0.226189	0.0515117	0.0603447	2.73486	0.496115	0.231674
4330000	-16.35164	0	-16.35164	0.139484	0.111756	0.172453	0.365012	0.106111	0.1778	1.96835	0.0167642	0.935485
4340000	-15.18784	0	-15.18784	0.315335	0.226285	0.0852189	0.286048	0.140133	0.105956	2.51297	0.00514113	0.215251
4350000	-20.93354	0	-20.93354	0.115784	0.109351	0.40347	0.391845	0.17648	0.265375	2.73816	0.207887	0.270849
4360000	-15.00518	0	-15.00518	0.322546	0.138449	0.27661	0.432091	0.122899	0.110192	2.60784	0.082623	0.297005
4370000	-21.07591	0	-21.07591	0.240273	0.07695	0.103236	0.288108	0.133024	0.0879541	2.49091	0.281337	1.73749
4380000	-15.24705	0	-15.24705	0.333355	0.152326	0.126517	0.269727	0.0506352	0.0797617	2.18622	0.332061	0.198204
4390000	-30.89291	0	-30.89291	0.386642	0.0979817	0.45118	0.53632	0.180845	0.0904598	1.69336	0.103355	0.457643
4400000	-17.75171	0	-17.75171	0.167164	0.169865	0.32503	0.36671	0.206263	0.0399678	2.23704	0.277395	0.30169
4410000	-18.15729	0	-18.15729	0.101759	0.0953348	0.142785	0.252957	0.0722946	0.112493	3.86194	2.47713	1.23084
4420000	-15.30323	0	-15.30323	0.251479	0.171662	0.134605	0.215639	0.137247	0.0468851	2.78094	1.49127	0.269796
4430000	-22.65663	0	-22.65663	0.184866	0.0588142	0.196816	0.486944	0.0678781	0.233196	3.92105	2.29773	0.492385
4440000	-12.51798	0	-12.51798	0.319425	0.0947389	0.143826	0.64549	0.108237	0.170608	3.23272	0.542126	1.32864
4450000	-18.22678	0	-18.22678	0.153719	0.0870377	0.0724313	0.338555	0.0844518	0.117859	4.15977	2.96008	0.320509
4460000	-13.45321	0	-13.45321	0.278387	0.0833588	0.142019	0.539987	0.0835729	0.0451696	4.6667	2.61671	0.520278
4470000	-16.37423	0	-16.37423	0.174673	0.0975631	0.122303	0.378621	0.0660115	0.0967282	1.17234	0.588932	2.45157
4480000	-13.63138	0	-13.63138	0.326839	0.258599	0.312227	0.437951	0.159021	0.116912	4.45317	1.52117	2.33063
4490000	-18.37904	0	-18.37904	0.294089	0.155825	0.178011	0.249889	0.0680547	0.249124	1.38545	0.109718	1.02783
4500000	-14.67995	0	-14.67995	0.348929	0.118559	0.306747	0.381105	0.0898649	0.269243	4.58093	1.28845	1.26156
4510000	-16.22502	0	-16.22502	0.368383	0.162639	0.10347	0.443717	0.131952	0.23037	3.89858	0.501836	2.0805
4520000	-11.1635	0	-11.1635	0.235805	0.151737	0.175657	0.469587	0.133702	0.144159	2.43993	0.218526	1.96853
4530000	-18.09241	0	-18.09241	0.225067	0.111681	0.129827	0.317425	0.0963318	0.0398504	2.14674	2.23674	0.84855
4540000	-12.56688	0	-12.56688	0.232546	0.0903688	0.165831	0.468675	0.0742992	0.22032	3.22376	0.811757	0.99324
4550000	-12.40645	0	-12.40645	0.308887	0.174639	0.115786	0.761554	0.16179	0.190411	3.17904	0.011118	2.39668
4560000	-17.94394	0	-17.94394	0.157811	0.0585733	0.165964	0.251548	0.0496595	0.163993	2.12551	1.7429	3.50699
4570000	-14.29519	0	-14.29519	0.66323	0.0674823	0.173239	0.502452	0.082738	0.0437258	5.39808	0.623107	0.719341
4580000	-13.43548	0	-13.43548	0.165508	0.132359	0.159641	0.356776	0.267855	0.229176	3.06086	0.0117561	1.04788
4590000	-7.205062	0	-7.205062	0.341603	0.124251	0.169525	0.268678	0.090678	0.0958395	5.93555	0.0924682	1.02958
4600000	-13.68404	0	-13.68404	0.415026	0.21705	0.210433	0.397944	0.283938	0.0957763	4.1794	0.80489	1.41707
4610000	-17.26537	0	-17.26537	0.221285	0.175735	0.161181	0.638245	0.420358	0.15465	4.77987	0.823017	1.77103
4620000	-15.79098	0	-15.79098	0.163188	0.0875514	0.166037	0.166567	0.139063	0.109321	3.54526	0.580055	0.893683
4630000	-16.80017	0	-16.80017	0.226592	0.181437	0.434422	0.504362	0.04372	0.0749036	2.11721	1.39822	1.30343
4640000	-29.67225	0	-29.67225	0.245357	0.0558412	0.175111	0.238656	0.0941149	0.150671	1.40057	0.00601805	0.0814378
4650000	-17.05872	0	-17.05872	0.159293	0.174026	0.407601	0.48143	0.0395882	0.179411	2.32316	1.75643	1.14618
4660000	-15.35119	0	-15.35119	0.492336	0.0396068	0.118122	0.615239	0.0773591	0.107745	2.96184	0.31858	0.597633
4670000	-14.51322	0	-14.51322	0.242244	0.254774	0.186394	0.64231	0.255826	0.0484379	5.02221	1.46743	0.743602
4680000	-20.08845	0	-20.08845	0.197348	0.0643933	0.230489	0.303053	0.369313	0.115964	3.85243	0.0957702	0.741398
4690000	-12.90914	0	-12.90914	0.137777	0.141745	0.191778	0.353149	0.0518228	0.0992278	4.80223	0.252691	0.0962482
4700000	-21.13575	0	-21.13575	0.290158	0.189981	0.24219	0.65781	0.223186	0.193631	4.11457	1.59743	0.15509
4710000	-15.54764	0	-15.54764	0.18997	0.1152	0.110168	0.277672	0.207842	0.118979	2.21804	0.574497	6.72327
4720000	-15.59371	0	-15.59371	0.238989	0.102948	0.145072	0.661484	0.0668899	0.190334	1.81864	0.254445	2.00391
4730000	-14.19942	0	-14.19942	0.366723	0.0744511	0.180695	0.383142	0.152106	0.138272	3.92926	1.28185	1.55652
4740000	-16.14063	0	-16.14063	0.173283	0.0775847	0.147175	0.62985	0.22552	0.12906	2.26343	0.530809	2.36478
4750000	-19.76762	0	-19.76762	0.261311	0.255563	0.086714	0.441176	0.0584959	0.167513	2.63647	0.260178	2.02077
4760000	-16.49265	0	-16.49265	0.598724	0.153963	0.118828	0.511318	0.0822316	0.0542123	2.70872	1.08067	1.39897
4770000	-12.97736	0	-12.97736	0.235475	0.0538301	0.153506	0.421639	0.292453	0.0670121	2.27044	0.248876	1.68102
4780000	-12.31088	0	-12.31088	0.198856	0.0757469	0.174622	0.233044	0.115224	0.0880315	3.91847	0.338643	1.38223
4790000	-10.4596	0	-10.4596	0.257543	0.134611	0.148462	0.506778	0.118128	0.149437	3.52655	0.969356	1.75103
4800000	-15.84203	0	-15.84203	0.33277	0.162862	0.110101	0.324907	0.050846	0.190565	2.15734	0.446752	2.06782
4810000	-17.74159	0	-17.74159	0.399546	0.0456388	0.209895	0.64796	0.179629	0.230577	2.27241	2.20039	2.26019
4820000	-9.355455	0	-9.355455	0.381776	0.10416	0.162452	0.371533	0.0477532	0.142916	4.02713	0.120967	0.819869
4830000	-13.22327	0	-13.22327	0.448304	0.0716817	0.135174	0.376119	0.299263	0.147135	3.36311	3.89695	0.986024
4840000	-21.08569	0	-21.08569	0.163517	0.3022	0.136646	0.278716	0.188687	0.0802983	1.36202	0.366635	1.09061
4850000	-13.16182	0	-13.16182	0.271807	0.0870884	0.215704	0.342304	0.129275	0.161922	2.71306	0.0349665	2.11018
4860000	-24.27899	0	-24.27899	0.458921	0.207851	0.226578	0.133887	0.122113	0.0821435	1.7386	0.108722	0.145346
4870000	-18.51596	0	-18.51596	0.330758	0.085372	0.389683	0.601496	0.0902085	0.0580715	1.93634	1.92644	1.37653
4880000	-17.47881	0	-17.47881	0.201716	0.172613	0.146503	0.39227	0.199073	0.0955097	5.31443	2.97065	0.144081
4890000	-12.38381	0	-12.38381	0.362312	0.0577498	0.216229	0.507377	0.147273	0.0486451	2.68431	0.70247	0.570565
4900000	-16.34069	0	-16.34069	0.176248	0.193558	0.108852	0.265407	0.107716	0.130763	4.50994	0.178378	3.723
4910000	-15.69486	0	-15.69486	0.353299	0.135572	0.0725338	0.758944	0.0966775	0.16899	4.98556	0.244049	0.915081
4920000	-16.01642	0	-16.01642	0.0997436	0.108078	0.125573	0.423243	0.125669	0.143228	2.84767	0.393788	1.23265
4930000	-16.66988	0	-16.66988	0.441787	0.0433402	0.563647	0.330667	0.0520196	0.109409	6.11266	0.0621614	5.62296
4940000	-12.69018	0	-12.69018	0.185737	0.106785	0.172004	0.46882	0.137585	0.121383	2.60216	0.195252	0.717703
4950000	-18.24238	0	-18.24238	0.12027	0.137133	0.224936	0.447359	0.139786	0.181771	1.39893	0.110468	0.898819
4960000	-18.18586	0	-18.18586	0.122954	0.166634	0.503037	0.624778	0.136927	0.0749704	5.48619	0.893018	2.338
4970000	-13.87548	0	-13.87548	0.194441	0.100287	0.184718	0.536052	0.334541	0.0809429	3.49896	0.0503958	2.16684
4980000	-13.70813	0	-13.70813	0.54197	0.0742474	0.115417	0.455777	0.0870268	0.212351	5.32386	0.424248	2.05116
4990000	-13.1431	0	-13.1431	0.19725	0.0796989	0.232215	0.688408	0.126229	0.105653	1.95815	0.277431	1.70355
5000000	-27.02108	0	-27.02108	0.188887	0.12306	0.0620349	0.189124	0.230939	0.09236	1.26656	0.567544	0.775915
