Iteration	Posterior	Likelihood	Prior	lambda[1]	lambda[2]	lambda[3]	mu[1]	mu[2]	mu[3]	psi[1]	psi[2]	psi[3]
0	-75.77405	0	-75.77405	0.0591405	0.35904	0.281646	0.170904	0.0834793	0.254537	1.72593	0.187109	0.231562
10000	-26.66095	0	-26.66095	0.0309453	0.170036	0.148125	0.263449	0.0741954	0.0722986	5.53052	0.719514	0.705789
20000	-30.4203	0	-30.4203	0.0995623	0.287124	0.209027	0.20024	0.0969722	0.0905783	6.49773	0.908234	1.35811
30000	-39.43372	0	-39.43372	0.0721591	0.223359	0.301822	0.387067	0.13348	0.0917909	2.79427	1.33356	1.14304
40000	-25.70324	0	-25.70324	0.154321	0.110479	0.274689	0.21649	0.0664918	0.0993276	5.6404	1.0656	2.60383
50000	-34.24051	0	-34.24051	0.0677302	0.149033	0.0693817	0.347834	0.11995	0.0922782	4.73996	0.685438	1.39286
60000	-36.67095	0	-36.67095	0.118498	0.101444	0.332793	0.378629	0.17582	0.212183	2.94913	1.36439	4.38445
70000	-27.89826	0	-27.89826	0.121785	0.10651	0.193586	0.20882	0.0583704	0.0871234	3.75606	0.512966	0.296524
80000	-28.1062	0	-28.1062	0.053986	0.290022	0.190619	0.147615	0.152026	0.126794	3.62623	0.597511	2.29929
90000	-33.88272	0	-33.88272	0.142099	0.209005	0.1347	0.331896	0.1796	0.080263	4.02131	0.785462	0.947643
100000	-19.46195	0	-19.46195	0.1423	0.0814808	0.219343	0.233017	0.0969928	0.131103	7.02821	0.984299	1.86776
110000	-30.36133	0	-30.36133	0.129988	0.263069	0.240583	0.237417	0.0952152	0.0991706	2.69547	1.8609	1.30293
120000	-25.07939	0	-25.07939	0.109847	0.126037	0.288667	0.215608	0.208382	0.0665181	4.84116	1.85677	0.912579
130000	-37.41724	0	-37.41724	0.12637	0.133946	0.215691	0.249744	0.171239	0.145754	2.34429	1.57577	1.6772
140000	-47.94773	0	-47.94773	0.20535	0.0574206	0.0703167	0.354883	0.0808358	0.0619998	2.92627	1.06881	0.112243
150000	-32.00408	0	-32.00408	0.0583901	0.131488	0.107331	0.145424	0.129311	0.0698243	3.09406	1.24427	0.461991
160000	-35.4899	0	-35.4899	0.142948	0.171882	0.213518	0.234663	0.127555	0.125389	2.53093	0.516499	0.207904
170000	-31.56798	0	-31.56798	0.170363	0.251303	0.311584	0.360432	0.0653585	0.0534434	2.1416	1.89331	1.94856
180000	-25.15229	0	-25.15229	0.0508922	0.144036	0.139238	0.348558	0.149854	0.100613	5.67316	0.739317	2.42322
190000	-33.15776	0	-33.15776	0.0931723	0.249853	0.111317	0.509561	0.164498	0.071343	2.21533	0.936942	1.21466
200000	-27.8242	0	-27.8242	0.125664	0.20986	0.257015	0.237244	0.154295	0.0661544	3.13343	0.835754	0.664057
210000	-30.40111	0	-30.40111	0.106113	0.202813	0.27416	0.312386	0.083682	0.0701405	5.44769	0.270911	0.325789
220000	-35.89281	0	-35.89281	0.103461	0.0984594	0.302548	0.244533	0.12826	0.058878	3.10133	0.318182	0.41105
230000	-31.45642	0	-31.45642	0.183055	0.134873	0.0525593	0.223624	0.118859	0.0714724	2.92893	1.22679	0.676511
240000	-28.82931	0	-28.82931	0.1671	0.200819	0.25022	0.439651	0.11656	0.149549	3.08808	0.790904	0.9421
250000	-25.35166	0	-25.35166	0.291758	0.291405	0.218552	0.216492	0.178238	0.0810023	3.26562	2.72878	3.84738
260000	-30.34056	0	-30.34056	0.185607	0.145216	0.266158	0.145801	0.158109	0.0783644	2.73202	1.92804	3.77544
270000	-24.49	0	-24.49	0.102386	0.14686	0.126491	0.171845	0.0866025	0.109048	4.52369	3.39331	2.4243
280000	-29.13892	0	-29.13892	0.108299	0.174584	0.124684	0.209948	0.137242	0.0928137	4.04483	1.61265	0.729304
290000	-31.66707	0	-31.66707	0.143779	0.128361	0.0837056	0.212369	0.22178	0.0760476	3.8897	2.96715	0.386623
300000	-30.52107	0	-30.52107	0.22242	0.140915	0.103807	0.358883	0.124512	0.118341	7.17659	0.367701	0.987486
310000	-42.8418	0	-42.8418	0.203158	0.207042	0.191993	0.355304	0.120505	0.0941824	2.48198	1.02367	0.553643
320000	-30.60683	0	-30.60683	0.112749	0.158434	0.238142	0.251899	0.180671	0.115061	3.84349	0.986795	4.00496
330000	-33.4759	0	-33.4759	0.13431	0.149012	0.148598	0.324879	0.11282	0.231292	1.38922	0.830519	0.777736
340000	-29.59588	0	-29.59588	0.150277	0.206049	0.224326	0.20358	0.285255	0.11651	8.5265	1.37836	0.389559
350000	-25.46067	0	-25.46067	0.181204	0.201405	0.165906	0.183454	0.132157	0.182374	5.82691	1.08866	1.45838
360000	-43.8906	0	-43.8906	0.2779	0.179208	0.202214	0.199508	0.45904	0.0494423	2.85088	1.49104	0.106234
370000	-28.56969	0	-28.56969	0.152914	0.0871974	0.333906	0.142461	0.127854	0.100544	3.17862	1.13563	1.35989
380000	-29.09118	0	-29.09118	0.107722	0.372148	0.199855	0.404129	0.237471	0.132797	4.07592	2.4863	0.264165
390000	-26.24169	0	-26.24169	0.136746	0.101495	0.136681	0.275502	0.121311	0.0665137	3.40722	2.8003	1.27757
400000	-31.52126	0	-31.52126	0.0720075	0.216682	0.128196	0.245732	0.0978075	0.0834055	2.45069	5.34847	10.4667
410000	-29.32484	0	-29.32484	0.0839409	0.129132	0.156626	0.181648	0.180482	0.08145	3.64526	2.44207	0.460905
420000	-26.06301	0	-26.06301	0.220798	0.27727	0.164161	0.336562	0.103038	0.226316	8.10309	1.89152	0.956215
430000	-24.9663	0	-24.9663	0.139728	0.118256	0.144814	0.226697	0.0766326	0.0506024	7.65471	0.705486	2.97584
440000	-35.14346	0	-35.14346	0.130407	0.0953966	0.0793912	0.266056	0.139614	0.0422516	4.49471	0.274252	0.279081
450000	-30.86559	0	-30.86559	0.353698	0.271673	0.136429	0.408337	0.158072	0.254721	4.02251	1.34589	1.07444
460000	-26.17706	0	-26.17706	0.0839229	0.114286	0.197251	0.263561	0.147433	0.13643	6.20958	0.52409	0.540128
470000	-31.73794	0	-31.73794	0.105467	0.267403	0.160056	0.352548	0.22302	0.0778374	2.36847	2.48841	0.607566
480000	-39.41271	0	-39.41271	0.136901	0.0900009	0.287517	0.0892237	0.0724777	0.0682872	1.779	0.508968	0.84219
490000	-36.53692	0	-36.53692	0.138803	0.104172	0.308694	0.311774	0.157424	0.0954639	1.2627	1.13072	0.599596
500000	-32.14973	0	-32.14973	0.045398	0.315409	0.158236	0.141569	0.176842	0.078796	3.0038	0.633013	0.337712
510000	-31.73401	0	-31.73401	0.236533	0.0801029	0.076604	0.212459	0.0826956	0.121978	3.31336	1.32892	0.417272
520000	-32.28123	0	-32.28123	0.142262	0.0931419	0.312009	0.24066	0.153907	0.0398275	3.69136	0.368741	0.396825
530000	-29.86268	0	-29.86268	0.130383	0.110552	0.090263	0.202661	0.130226	0.0512038	4.02538	3.52788	0.659558
540000	-29.12496	0	-29.12496	0.0916808	0.243856	0.169085	0.302424	0.0982967	0.158376	2.96368	3.785	1.04587
550000	-30.07129	0	-30.07129	0.10829	0.263249	0.16997	0.256265	0.128556	0.100748	1.85206	0.871096	1.25155
560000	-38.94129	0	-38.94129	0.0498442	0.28981	0.236767	0.320482	0.284977	0.189472	5.34683	0.317493	2.42723
570000	-31.41793	0	-31.41793	0.203628	0.177641	0.193655	0.316946	0.063211	0.0770922	1.63682	1.60216	0.827652
580000	-29.32113	0	-29.32113	0.0965515	0.220404	0.147969	0.347461	0.087468	0.186741	3.50751	1.22201	1.13
590000	-26.99676	0	-26.99676	0.0840669	0.187766	0.340563	0.376404	0.141565	0.14861	4.5516	1.64817	1.638
600000	-28.09341	0	-28.09341	0.149436	0.273439	0.330798	0.197635	0.209645	0.0801233	4.05689	0.784328	0.666799
610000	-26.59769	0	-26.59769	0.0847562	0.148886	0.242988	0.196237	0.204804	0.0699547	4.88176	0.636293	1.88022
620000	-28.09462	0	-28.09462	0.0921114	0.130485	0.25127	0.40403	0.0870163	0.101852	2.9731	1.20234	0.839912
630000	-35.14284	0	-35.14284	0.110499	0.176956	0.0806688	0.282954	0.167222	0.0925564	3.29916	2.15372	1.3567
640000	-33.32624	0	-33.32624	0.136725	0.119331	0.109009	0.360453	0.11078	0.0386364	1.95139	0.360133	4.29909
650000	-32.87644	0	-32.87644	0.0735153	0.126067	0.409783	0.21306	0.115916	0.103785	3.16008	0.746553	2.32003
660000	-34.6056	0	-34.6056	0.0497656	0.137859	0.164007	0.289101	0.214809	0.134111	4.25236	2.13347	1.01349
670000	-25.37569	0	-25.37569	0.124863	0.179242	0.0996171	0.242391	0.187128	0.146352	6.09894	1.10407	1.68458
680000	-32.26647	0	-32.26647	0.133875	0.291363	0.208923	0.342251	0.0976757	0.0864517	3.97319	0.356473	1.44226
690000	-31.19051	0	-31.19051	0.0603803	0.107131	0.140152	0.120274	0.147683	0.0766891	2.99318	1.69836	1.1406
700000	-28.4742	0	-28.4742	0.0791848	0.149205	0.120795	0.301464	0.0371358	0.0433557	3.69516	2.13847	1.41315
710000	-35.50359	0	-35.50359	0.0924486	0.0655064	0.362424	0.293662	0.0604224	0.0968622	2.3735	2.22526	2.52978
720000	-38.34447	0	-38.34447	0.125428	0.269295	0.190085	0.281738	0.255092	0.0583106	1.75354	3.23516	0.170409
730000	-27.69489	0	-27.69489	0.111729	0.0954693	0.101607	0.353413	0.132193	0.201951	4.42737	1.39478	0.94344
740000	-26.10008	0	-26.10008	0.173422	0.304676	0.153501	0.447019	0.117175	0.080746	6.71788	2.07407	2.34675
750000	-26.22068	0	-26.22068	0.105398	0.280217	0.149237	0.138884	0.161571	0.189771	3.99472	1.12001	0.915781
760000	-28.35735	0	-28.35735	0.0539493	0.187193	0.131381	0.188533	0.114258	0.0773367	2.91064	1.10131	0.808457
770000	-30.08951	0	-30.08951	0.0531964	0.274803	0.120244	0.377868	0.152747	0.118734	4.11028	2.10355	1.30793
780000	-27.77412	0	-27.77412	0.121406	0.227007	0.377542	0.362456	0.0529266	0.103647	3.03669	0.963546	3.42302
790000	-29.07543	0	-29.07543	0.0874008	0.133853	0.0930252	0.381382	0.0997151	0.126178	4.0059	0.724067	0.423574
800000	-29.1073	0	-29.1073	0.197601	0.0835905	0.107028	0.116735	0.138149	0.164771	4.114	2.64941	0.395618
810000	-34.75346	0	-34.75346	0.233155	0.260943	0.117673	0.377889	0.115457	0.100945	7.71015	0.49174	0.673144
820000	-36.04742	0	-36.04742	0.131927	0.0899927	0.128784	0.266387	0.194305	0.171529	5.90929	1.69311	1.10168
830000	-23.31995	0	-23.31995	0.104039	0.102645	0.178761	0.302066	0.182708	0.0985436	2.80382	2.37832	1.27644
840000	-36.63267	0	-36.63267	0.152772	0.178001	0.278355	0.286739	0.0885806	0.0799866	1.75382	0.914585	0.562341
850000	-34.9736	0	-34.9736	0.112805	0.15118	0.244388	0.369156	0.0730862	0.154313	4.52084	0.497585	0.227068
860000	-32.60179	0	-32.60179	0.188892	0.151665	0.195411	0.435838	0.200986	0.0969309	1.56798	1.26904	1.43511
870000	-26.77785	0	-26.77785	0.0577172	0.160562	0.154615	0.255491	0.0929015	0.0851468	5.16751	1.366	0.846662
880000	-33.34999	0	-33.34999	0.0453136	0.101617	0.166251	0.271464	0.0680409	0.0957548	4.3658	0.145816	0.706772
890000	-26.81304	0	-26.81304	0.16047	0.139404	0.212256	0.209684	0.198405	0.0890626	5.68026	0.731323	0.912263
900000	-34.1696	0	-34.1696	0.14411	0.153759	0.130141	0.564883	0.22976	0.141101	3.35209	0.383415	0.548724
910000	-21.24379	0	-21.24379	0.0607021	0.193933	0.156759	0.338386	0.0833672	0.122004	4.46437	0.982343	4.25251
920000	-36.55209	0	-36.55209	0.108823	0.139269	0.0674486	0.219673	0.211457	0.132806	1.68397	0.808292	2.17357
930000	-29.44894	0	-29.44894	0.0737824	0.268822	0.24826	0.215652	0.0854109	0.103297	2.23863	0.623651	2.56495
940000	-33.89923	0	-33.89923	0.192005	0.264831	0.211583	0.242709	0.088037	0.0928278	1.89061	1.05264	0.291466
950000	-34.09089	0	-34.09089	0.188245	0.160895	0.13432	0.569372	0.138004	0.148973	6.6391	0.441741	1.03543
960000	-33.1813	0	-33.1813	0.0958377	0.256105	0.24705	0.233439	0.149458	0.239156	2.33405	0.429321	2.05224
970000	-38.08752	0	-38.08752	0.268029	0.305032	0.0637861	0.578382	0.0965497	0.106505	2.06814	1.37327	0.650698
980000	-29.70117	0	-29.70117	0.0825549	0.206431	0.281199	0.276001	0.0891213	0.0675285	3.46117	0.756228	0.711285
990000	-35.88388	0	-35.88388	0.0694655	0.119389	0.49384	0.231912	0.0911344	0.0655808	4.25841	0.274636	0.352974
1000000	-31.08467	0	-31.08467	0.131879	0.136536	0.140998	0.230235	0.0938833	0.0757971	4.65785	0.77759	0.369322
1010000	-30.47206	0	-30.47206	0.247012	0.104938	0.270156	0.149512	0.0623706	0.207446	3.31299	3.23311	3.51044
1020000	-26.11571	0	-26.11571	0.236845	0.136502	0.304428	0.228392	0.0882372	0.0712388	2.2715	0.775568	1.83789
1030000	-29.82742	0	-29.82742	0.120966	0.13414	0.149572	0.212887	0.160855	0.112631	5.82544	1.28554	1.84542
1040000	-23.45867	0	-23.45867	0.115185	0.128118	0.136756	0.17659	0.0927776	0.0803543	4.44466	1.31677	1.82071
1050000	-38.02254	0	-38.02254	0.107373	0.142081	0.118228	0.223777	0.194327	0.0564747	1.60909	0.208356	0.777382
1060000	-37.98799	0	-37.98799	0.213644	0.202101	0.164262	0.292239	0.30254	0.138709	1.14991	1.99964	0.389955
1070000	-35.52064	0	-35.52064	0.189392	0.147343	0.245102	0.143174	0.0914223	0.109827	3.77712	0.553996	0.937312
1080000	-33.73821	0	-33.73821	0.0859953	0.201031	0.185437	0.301948	0.11851	0.0833735	2.62199	0.312982	0.9141
1090000	-35.11107	0	-35.11107	0.0986254	0.187714	0.158062	0.297023	0.0833291	0.240885	3.04352	0.167305	1.05027
1100000	-24.89092	0	-24.89092	0.125245	0.195166	0.200638	0.176902	0.26689	0.0812893	3.2943	3.93647	3.56334
1110000	-30.20636	0	-30.20636	0.141384	0.133967	0.18378	0.313003	0.0865273	0.0561932	2.28208	0.924894	0.681748
1120000	-27.29268	0	-27.29268	0.142507	0.13296	0.193676	0.313484	0.310423	0.0918746	5.85096	0.808283	4.62531
1130000	-27.8749	0	-27.8749	0.160356	0.161928	0.20591	0.162201	0.147823	0.138317	2.20353	1.55577	0.989602
1140000	-28.96444	0	-28.96444	0.149747	0.0843555	0.259839	0.172982	0.113704	0.0899807	3.77057	1.34082	2.09604
1150000	-41.32441	0	-41.32441	0.0921861	0.242302	0.105754	0.342785	0.125006	0.134528	1.70005	2.31997	2.48099
1160000	-34.29187	0	-34.29187	0.126352	0.062414	0.293693	0.565823	0.101532	0.0494789	4.40914	1.02059	3.17196
1170000	-29.41726	0	-29.41726	0.11415	0.203002	0.281909	0.224988	0.163595	0.144064	3.56396	2.55407	0.865222
1180000	-26.42861	0	-26.42861	0.200226	0.115212	0.195603	0.294542	0.182034	0.123388	4.55301	1.99884	2.16025
1190000	-28.09355	0	-28.09355	0.0750419	0.259857	0.345807	0.222924	0.100369	0.0780458	2.9761	1.35094	2.63923
1200000	-34.6962	0	-34.6962	0.228833	0.238857	0.237526	0.15824	0.222612	0.206674	3.78035	0.562781	0.537336
1210000	-37.70899	0	-37.70899	0.328698	0.135408	0.199986	0.320228	0.0885691	0.125363	2.96844	0.956351	1.48011
1220000	-26.80738	0	-26.80738	0.123171	0.117005	0.137731	0.180798	0.216931	0.240055	4.10689	1.46617	1.0582
1230000	-30.48907	0	-30.48907	0.253706	0.202354	0.284441	0.226389	0.0896686	0.15541	6.56003	0.360381	0.845291
1240000	-36.94001	0	-36.94001	0.0778529	0.170224	0.277698	0.262392	0.18561	0.107384	1.06579	0.690668	1.68067
1250000	-38.84111	0	-38.84111	0.177668	0.113712	0.237789	0.191019	0.141479	0.249479	5.05642	0.831189	1.44396
1260000	-41.49988	0	-41.49988	0.0407429	0.136092	0.230945	0.405354	0.0987388	0.0632213	6.30147	0.724233	0.783878
1270000	-33.01601	0	-33.01601	0.0783949	0.134461	0.171403	0.165255	0.0877124	0.0801795	3.45786	0.527785	2.0926
1280000	-30.39708	0	-30.39708	0.125772	0.188325	0.127613	0.208366	0.117241	0.105652	5.62502	0.863485	0.883597
1290000	-34.96577	0	-34.96577	0.191684	0.2594	0.493737	0.460986	0.149984	0.0905143	4.23288	0.555034	1.0665
1300000	-26.0556	0	-26.0556	0.16127	0.211048	0.0960615	0.366035	0.0629401	0.0781186	3.60625	3.77157	0.810245
1310000	-32.33989	0	-32.33989	0.0867288	0.0978104	0.297175	0.175273	0.105923	0.1156	1.94419	1.38224	0.453921
1320000	-35.81547	0	-35.81547	0.0968467	0.0967051	0.274271	0.259144	0.0747648	0.126072	5.28737	0.619293	0.140046
1330000	-28.22332	0	-28.22332	0.0791295	0.106928	0.119886	0.387113	0.20172	0.166094	3.68214	1.06466	2.38768
1340000	-20.71937	0	-20.71937	0.131775	0.17746	0.150009	0.22947	0.131999	0.0564778	4.72176	3.19098	1.72854
1350000	-34.38863	0	-34.38863	0.0732345	0.186849	0.208255	0.234824	0.158909	0.150397	1.7941	1.00822	0.710362
1360000	-24.74818	0	-24.74818	0.13957	0.110811	0.193799	0.13577	0.0840252	0.070826	3.95253	5.71105	0.443893
1370000	-26.66339	0	-26.66339	0.278865	0.211868	0.327235	0.174403	0.144315	0.106777	3.09549	2.0653	0.831237
1380000	-24.36799	0	-24.36799	0.128097	0.205961	0.218022	0.193338	0.111256	0.0494421	3.79628	1.37602	0.987881
1390000	-25.55387	0	-25.55387	0.0782864	0.218508	0.203001	0.232053	0.0731608	0.0937255	7.18707	0.810287	1.60907
1400000	-28.60967	0	-28.60967	0.101629	0.10207	0.162548	0.294265	0.0830383	0.0675309	4.07016	2.34908	0.0834964
1410000	-25.02886	0	-25.02886	0.127174	0.148928	0.19236	0.270431	0.0755641	0.0804378	3.83969	0.645742	1.74131
1420000	-35.34208	0	-35.34208	0.16629	0.162712	0.202791	0.304464	0.122833	0.0499164	1.55659	0.780536	0.784712
1430000	-29.85271	0	-29.85271	0.0867154	0.127105	0.377524	0.266922	0.147009	0.0921182	4.53504	1.67532	1.65847
1440000	-35.84446	0	-35.84446	0.077104	0.30304	0.223633	0.264717	0.160088	0.0680806	3.38931	1.07792	1.97784
1450000	-36.36928	0	-36.36928	0.137163	0.180262	0.107186	0.177886	0.0777705	0.0856426	1.22895	0.395643	1.54408
1460000	-24.41205	0	-24.41205	0.16761	0.185098	0.180656	0.319503	0.14523	0.138554	7.72187	0.609672	2.03072
1470000	-29.03333	0	-29.03333	0.176876	0.21058	0.180794	0.25826	0.282474	0.0984986	4.21004	2.17531	1.62153
1480000	-36.14027	0	-36.14027	0.147132	0.198494	0.145757	0.332017	0.2368	0.109369	2.31653	0.520351	0.645874
1490000	-28.24057	0	-28.24057	0.164345	0.173445	0.14321	0.413633	0.117172	0.112211	2.31486	1.18302	1.68552
1500000	-34.24089	0	-34.24089	0.203424	0.0865417	0.0932108	0.37498	0.336751	0.0660247	8.0468	1.21	1.37563
1510000	-35.94644	0	-35.94644	0.163986	0.229114	0.294869	0.329858	0.161096	0.153055	2.59803	0.953569	1.26784
1520000	-31.5825	0	-31.5825	0.095354	0.219366	0.267517	0.200263	0.106435	0.083616	7.12439	1.41131	0.574329
1530000	-29.57617	0	-29.57617	0.0979248	0.0766414	0.147356	0.181751	0.130483	0.167502	10.193	0.664274	0.692994
1540000	-27.72679	0	-27.72679	0.109762	0.168628	0.229152	0.292405	0.0695639	0.241355	3.59307	0.828082	2.99354
1550000	-25.03886	0	-25.03886	0.138534	0.143367	0.327308	0.288679	0.203708	0.135472	10.234	1.69781	1.13332
1560000	-35.26178	0	-35.26178	0.137218	0.200297	0.1955	0.294463	0.166994	0.0925367	8.96258	1.57403	0.381308
1570000	-35.75185	0	-35.75185	0.295538	0.171244	0.201673	0.257911	0.152348	0.0879638	3.06396	1.3443	1.94251
1580000	-21.83421	0	-21.83421	0.110079	0.142646	0.177971	0.290298	0.104294	0.0614171	5.0105	1.74508	1.64191
1590000	-29.76789	0	-29.76789	0.188185	0.173207	0.122894	0.242395	0.0678234	0.0565319	2.59375	0.467543	1.64414
1600000	-33.70453	0	-33.70453	0.066572	0.100713	0.147117	0.130716	0.101219	0.0918329	1.97264	0.946654	2.98304
1610000	-24.93242	0	-24.93242	0.125541	0.0912961	0.149712	0.22055	0.159083	0.109624	10.3545	0.425074	5.06644
1620000	-36.5659	0	-36.5659	0.226157	0.128427	0.163449	0.262939	0.167844	0.12634	1.28784	0.308787	1.06507
1630000	-29.62474	0	-29.62474	0.0973447	0.145601	0.237927	0.283945	0.154691	0.0910853	5.62022	0.934637	1.37608
1640000	-29.59711	0	-29.59711	0.0834489	0.131484	0.132625	0.226463	0.112132	0.108452	3.39747	0.385109	1.60055
1650000	-35.48875	0	-35.48875	0.0680424	0.074326	0.0930512	0.279074	0.102782	0.0803601	6.86993	0.121873	0.784204
1660000	-25.73981	0	-25.73981	0.0870807	0.102224	0.142677	0.342112	0.122648	0.103901	6.19483	0.68786	2.28713
1670000	-30.71041	0	-30.71041	0.0957166	0.136937	0.17208	0.098935	0.200307	0.133238	7.19052	0.744877	0.48374
1680000	-28.7751	0	-28.7751	0.140176	0.106431	0.30167	0.189789	0.171717	0.109748	3.91541	0.796385	0.729947
1690000	-22.63594	0	-22.63594	0.10501	0.152976	0.127485	0.231434	0.147844	0.11661	5.52953	1.2817	0.720547
1700000	-23.77156	0	-23.77156	0.241698	0.128354	0.168653	0.180031	0.154803	0.13544	5.67	2.07476	2.24963
1710000	-29.88333	0	-29.88333	0.0945202	0.0646827	0.293913	0.30494	0.23626	0.19433	4.46408	2.55434	2.75058
1720000	-22.66557	0	-22.66557	0.143383	0.139394	0.0963797	0.286841	0.0732784	0.146014	8.22445	1.11588	5.74821
1730000	-31.03419	0	-31.03419	0.126877	0.208158	0.166149	0.173908	0.0973327	0.152673	3.43311	0.612258	1.04321
1740000	-27.2106	0	-27.2106	0.0628838	0.333409	0.268889	0.208058	0.144612	0.0897971	2.3426	1.90488	2.39481
1750000	-33.92347	0	-33.92347	0.0796161	0.0875716	0.178675	0.332915	0.185467	0.0780445	2.40781	0.308398	0.36724
1760000	-34.32427	0	-34.32427	0.133143	0.0606794	0.113675	0.154209	0.15414	0.087433	1.8202	0.641667	1.48409
1770000	-28.7986	0	-28.7986	0.115914	0.136994	0.171875	0.192516	0.0839108	0.0908327	1.92931	0.982	1.74596
1780000	-27.80184	0	-27.80184	0.0610858	0.1718	0.313125	0.382351	0.171761	0.14919	3.97393	0.449573	1.54037
1790000	-37.73289	0	-37.73289	0.168711	0.186771	0.283223	0.325593	0.105092	0.173801	2.33609	2.02211	2.4258
1800000	-30.14716	0	-30.14716	0.215902	0.22439	0.139485	0.181825	0.0735064	0.161386	9.72545	0.929772	0.97714
1810000	-27.53814	0	-27.53814	0.135476	0.14096	0.154225	0.343984	0.0764286	0.0826559	2.53248	0.59119	0.867791
1820000	-26.27294	0	-26.27294	0.138001	0.229744	0.184349	0.147406	0.18642	0.10525	5.54657	3.2057	0.568533
1830000	-35.99933	0	-35.99933	0.132206	0.0675402	0.229722	0.283522	0.169874	0.213411	1.97621	0.739817	1.00239
1840000	-25.67081	0	-25.67081	0.122583	0.12179	0.231028	0.317809	0.0863665	0.0537437	4.48388	0.810108	1.06514
1850000	-33.43424	0	-33.43424	0.130082	0.170168	0.223232	0.301723	0.093301	0.189832	1.9734	0.381831	1.50501
1860000	-27.62319	0	-27.62319	0.152873	0.137235	0.0829116	0.256829	0.155767	0.0516334	5.22615	1.14649	3.58393
1870000	-34.54385	0	-34.54385	0.108342	0.0991043	0.155189	0.158504	0.116029	0.0568181	2.65537	0.323619	0.301871
1880000	-30.48155	0	-30.48155	0.191551	0.1621	0.183376	0.372442	0.0706827	0.0734256	1.24669	0.300411	1.42963
1890000	-37.57994	0	-37.57994	0.0798366	0.229764	0.52123	0.31152	0.223484	0.127143	2.89359	0.38743	0.970984
1900000	-21.669	0	-21.669	0.128552	0.154025	0.125072	0.285146	0.206951	0.153951	7.25849	1.14442	1.74923
1910000	-26.94585	0	-26.94585	0.0807681	0.131984	0.201939	0.523281	0.152979	0.109188	3.26414	1.79249	0.849008
1920000	-32.82521	0	-32.82521	0.107571	0.19373	0.220634	0.223121	0.0952222	0.165909	3.88082	0.62172	1.25495
1930000	-26.91751	0	-26.91751	0.0910435	0.202075	0.133047	0.186508	0.0951759	0.074592	4.85852	1.01096	1.84506
1940000	-32.98114	0	-32.98114	0.0432406	0.280794	0.270289	0.16976	0.165887	0.147603	4.28009	0.368345	1.11911
1950000	-21.99993	0	-21.99993	0.0828664	0.153218	0.194275	0.298972	0.110718	0.0901721	4.43807	1.51531	1.75513
1960000	-28.77658	0	-28.77658	0.154211	0.423806	0.149578	0.237168	0.149585	0.128022	3.98196	0.796255	2.39876
1970000	-36.97317	0	-36.97317	0.164068	0.155905	0.268842	0.145708	0.0529739	0.0830848	3.54032	0.888783	2.36309
1980000	-38.73168	0	-38.73168	0.162542	0.188056	0.172354	0.241188	0.124565	0.126104	2.2116	1.31646	0.329906
1990000	-29.07896	0	-29.07896	0.139939	0.187726	0.216267	0.34734	0.178961	0.0543185	2.94036	0.755067	4.31078
2000000	-30.81097	0	-30.81097	0.147282	0.151105	0.201012	0.374576	0.107547	0.116358	3.12228	1.41856	0.519228
2010000	-30.5907	0	-30.5907	0.136495	0.164744	0.152145	0.148662	0.0762178	0.0905958	4.50998	0.742341	0.671944
2020000	-25.27717	0	-25.27717	0.0923368	0.0931445	0.142857	0.341903	0.104801	0.123286	4.75863	1.39394	3.70336
2030000	-37.35864	0	-37.35864	0.1097	0.115514	0.261226	0.398137	0.240759	0.220192	2.95285	0.415121	0.346597
2040000	-26.87863	0	-26.87863	0.131992	0.168421	0.130789	0.22258	0.0879639	0.185625	7.16019	0.587303	4.70718
2050000	-27.09875	0	-27.09875	0.201629	0.22202	0.11125	0.170341	0.155889	0.197121	3.63549	1.1757	3.77266
2060000	-32.78415	0	-32.78415	0.0977461	0.239669	0.239236	0.289588	0.072014	0.0945407	3.94702	0.50181	0.773969
2070000	-31.23505	0	-31.23505	0.171128	0.168676	0.185226	0.26013	0.133607	0.0714691	1.43995	0.743906	1.528
2080000	-31.60256	0	-31.60256	0.136345	0.178262	0.164202	0.328764	0.133901	0.0993199	3.72498	0.255034	1.46821
2090000	-24.25658	0	-24.25658	0.14759	0.159339	0.169882	0.267058	0.221172	0.090713	4.45342	4.0323	1.83405
2100000	-33.25642	0	-33.25642	0.135637	0.257405	0.126332	0.272265	0.0602213	0.236283	2.6073	1.45876	0.864147
2110000	-24.4943	0	-24.4943	0.0619974	0.143226	0.121632	0.247351	0.0919842	0.0679672	5.90485	1.00647	2.06323
2120000	-33.72425	0	-33.72425	0.165262	0.297619	0.253329	0.20293	0.116457	0.133825	1.59115	1.09371	0.345633
2130000	-38.12305	0	-38.12305	0.182907	0.195368	0.175705	0.165473	0.108591	0.0530807	1.19424	0.161522	0.560633
2140000	-28.51896	0	-28.51896	0.198054	0.141644	0.196895	0.355676	0.104675	0.0486048	5.64516	1.10271	1.99454
2150000	-36.31376	0	-36.31376	0.246522	0.139094	0.143052	0.16895	0.0692141	0.113058	1.96133	2.312	0.46514
2160000	-27.9586	0	-27.9586	0.0772128	0.103245	0.252916	0.202148	0.179624	0.0774372	6.11654	1.69924	2.71226
2170000	-31.92495	0	-31.92495	0.215165	0.2897	0.179936	0.296519	0.0826438	0.0978928	3.84718	1.15338	1.81113
2180000	-32.3202	0	-32.3202	0.104472	0.245466	0.293772	0.216277	0.189941	0.13524	2.65874	2.73601	0.214669
2190000	-37.75389	0	-37.75389	0.171533	0.298972	0.260071	0.536954	0.161497	0.0434879	5.86816	1.11308	1.45854
2200000	-21.12694	0	-21.12694	0.0869937	0.197342	0.200567	0.230003	0.131889	0.114333	5.77367	1.16894	1.41338
2210000	-38.70229	0	-38.70229	0.168237	0.150965	0.211575	0.40484	0.146263	0.174087	2.7275	0.734198	0.425299
2220000	-24.96966	0	-24.96966	0.113286	0.152793	0.120531	0.124686	0.205009	0.094474	5.75314	3.09159	3.63946
2230000	-35.10305	0	-35.10305	0.0957083	0.12829	0.091901	0.154135	0.198964	0.111563	3.59671	2.79136	1.78964
2240000	-30.30767	0	-30.30767	0.23494	0.221066	0.241572	0.321531	0.121613	0.0960521	3.16351	1.01282	0.887339
2250000	-33.72655	0	-33.72655	0.0983757	0.177583	0.148564	0.372153	0.0944562	0.13098	12.233	0.60107	0.875774
2260000	-32.94468	0	-32.94468	0.13183	0.150193	0.371748	0.242962	0.117171	0.0972217	4.5949	0.39744	3.69884
2270000	-49.4701	0	-49.4701	0.114373	0.0976457	0.161332	0.270801	0.252263	0.0366978	1.22841	0.668647	0.989424
2280000	-33.12979	0	-33.12979	0.192726	0.0941655	0.254944	0.226641	0.118719	0.146278	4.1495	0.428491	1.25885
2290000	-29.41722	0	-29.41722	0.108037	0.124398	0.072052	0.323042	0.149843	0.0608398	2.95676	0.605903	2.4837
2300000	-30.2927	0	-30.2927	0.0831854	0.134997	0.276432	0.214783	0.0655353	0.107346	2.49987	2.37271	1.62758
2310000	-28.43759	0	-28.43759	0.120176	0.129141	0.151135	0.482123	0.0921127	0.125416	6.674	0.614428	3.92548
2320000	-28.75975	0	-28.75975	0.156321	0.0676999	0.110522	0.314371	0.16891	0.0763683	3.86205	1.76071	0.344294
2330000	-27.12364	0	-27.12364	0.111372	0.15061	0.312797	0.199976	0.16463	0.107061	7.13094	1.17782	1.3052
2340000	-30.69715	0	-30.69715	0.120438	0.223479	0.267074	0.387351	0.21067	0.0977778	1.95103	0.366869	2.53072
2350000	-29.07526	0	-29.07526	0.110897	0.189479	0.174027	0.202052	0.0598452	0.0604062	3.55345	2.35272	1.66534
2360000	-28.28844	0	-28.28844	0.0770586	0.186203	0.129172	0.25184	0.125254	0.147915	4.17576	2.49824	0.24207
2370000	-33.62615	0	-33.62615	0.140936	0.103456	0.214204	0.140462	0.202623	0.196991	3.01284	1.70491	0.427738
2380000	-36.62021	0	-36.62021	0.0633677	0.230025	0.0943157	0.283143	0.0803264	0.118744	3.79108	0.434857	1.63657
2390000	-41.66764	0	-41.66764	0.0903114	0.157349	0.219431	0.236715	0.136611	0.0662805	5.00108	1.05018	0.0363003
2400000	-36.5381	0	-36.5381	0.215101	0.125607	0.182619	0.345594	0.309923	0.177441	2.98301	0.891437	0.627208
2410000	-28.05688	0	-28.05688	0.100969	0.204465	0.106557	0.218774	0.101628	0.134346	3.64481	0.928237	0.652279
2420000	-30.63646	0	-30.63646	0.184387	0.145977	0.197565	0.235787	0.122854	0.109864	2.17442	1.37761	5.603
2430000	-36.94179	0	-36.94179	0.116915	0.253141	0.139674	0.0739839	0.235937	0.242113	5.3159	1.30715	2.44816
2440000	-46.43896	0	-46.43896	0.148817	0.0502704	0.128862	0.421002	0.316451	0.109339	2.70272	2.05575	0.188599
2450000	-34.938	0	-34.938	0.123209	0.130679	0.200627	0.320691	0.119542	0.177022	5.22944	1.30699	0.249675
2460000	-32.05481	0	-32.05481	0.192684	0.15796	0.117391	0.315294	0.0880405	0.169038	4.24048	1.16686	0.307713
2470000	-24.63746	0	-24.63746	0.0925115	0.330561	0.2306	0.271265	0.0988057	0.124758	4.24877	3.09587	1.37097
2480000	-27.95178	0	-27.95178	0.0955405	0.170796	0.278183	0.105839	0.194574	0.0707772	4.22881	1.3914	1.3516
2490000	-30.76554	0	-30.76554	0.178509	0.155364	0.178901	0.331943	0.11823	0.225377	2.48661	0.786099	1.36113
2500000	-31.6608	0	-31.6608	0.142557	0.242086	0.214473	0.433977	0.105469	0.117661	2.82291	0.741375	0.816861
2510000	-33.71413	0	-33.71413	0.126812	0.126769	0.198616	0.502945	0.107208	0.255921	2.67502	0.386429	1.13161
2520000	-32.00206	0	-32.00206	0.192319	0.114143	0.11997	0.17065	0.0777687	0.129205	2.70505	1.11792	0.836995
2530000	-29.35955	0	-29.35955	0.0593393	0.158524	0.204736	0.453591	0.210968	0.0721195	3.30112	1.0424	1.66544
2540000	-37.91521	0	-37.91521	0.338296	0.166529	0.202525	0.24967	0.0814244	0.111998	2.85265	2.16282	2.37996
2550000	-31.82129	0	-31.82129	0.10261	0.157148	0.178759	0.277086	0.126848	0.128654	5.59018	1.1556	0.283831
2560000	-23.90879	0	-23.90879	0.154251	0.230063	0.236256	0.275901	0.0938597	0.0888579	4.80574	0.862505	3.81305
2570000	-34.86727	0	-34.86727	0.109584	0.165099	0.161836	0.365624	0.081871	0.279978	3.1572	0.329241	0.663072
2580000	-29.69622	0	-29.69622	0.0735926	0.220675	0.302264	0.316952	0.150587	0.0766727	1.70581	3.1233	2.60072
2590000	-33.56316	0	-33.56316	0.0976774	0.297598	0.18939	0.385496	0.113778	0.0781086	4.90844	0.404388	0.611015
2600000	-36.06825	0	-36.06825	0.142342	0.216531	0.261284	0.211148	0.137353	0.0890065	2.21184	2.02666	0.990856
2610000	-26.42488	0	-26.42488	0.151521	0.195909	0.119409	0.132602	0.312397	0.0617348	2.66846	1.30661	1.10445
2620000	-37.73216	0	-37.73216	0.105974	0.272298	0.290313	0.223813	0.0999884	0.142453	1.91685	0.585049	0.188455
2630000	-30.72458	0	-30.72458	0.0657816	0.131519	0.33319	0.256133	0.145386	0.212755	4.18412	2.35057	0.459941
2640000	-25.71798	0	-25.71798	0.153016	0.155054	0.17372	0.17085	0.202479	0.120677	4.10848	0.736865	1.77552
2650000	-30.59965	0	-30.59965	0.0658697	0.0744408	0.182809	0.279651	0.15323	0.151587	4.68119	0.531904	0.439941
2660000	-29.71784	0	-29.71784	0.150185	0.169622	0.116504	0.220942	0.128056	0.0442815	2.47826	4.87847	0.840126
2670000	-38.47258	0	-38.47258	0.218515	0.199255	0.158574	0.144134	0.157755	0.187024	7.79139	1.96012	0.152505
2680000	-34.82714	0	-34.82714	0.196184	0.139238	0.108577	0.291361	0.0997025	0.0372383	2.00422	0.614779	1.53901
2690000	-31.40843	0	-31.40843	0.210474	0.0803516	0.164179	0.209245	0.0838888	0.0931101	3.77831	0.456314	0.99294
2700000	-28.98137	0	-28.98137	0.182861	0.269054	0.266759	0.376199	0.206839	0.157339	5.55262	1.81747	2.66096
2710000	-28.80037	0	-28.80037	0.131912	0.155586	0.179657	0.271227	0.0585064	0.178638	3.78947	1.2507	1.33863
2720000	-35.55629	0	-35.55629	0.0960184	0.116715	0.313177	0.273489	0.0780315	0.154623	5.27144	0.67036	1.52706
2730000	-33.0901	0	-33.0901	0.181995	0.142181	0.230136	0.471641	0.0669643	0.120587	2.35446	0.53052	1.98786
2740000	-29.86786	0	-29.86786	0.0825519	0.107275	0.244928	0.232921	0.170482	0.146424	3.90071	0.476254	1.36604
2750000	-29.05687	0	-29.05687	0.057346	0.246987	0.173169	0.306892	0.10471	0.0645441	3.2136	1.38911	0.558627
2760000	-36.09239	0	-36.09239	0.22265	0.0984137	0.373287	0.200141	0.151995	0.0690801	6.11346	1.7396	0.280803
2770000	-31.51699	0	-31.51699	0.0717137	0.325309	0.276434	0.405473	0.144192	0.128041	9.85153	0.76558	3.16207
2780000	-30.29938	0	-30.29938	0.0699612	0.230609	0.252632	0.264836	0.125821	0.0630058	5.44722	1.75897	0.3965
2790000	-40.90067	0	-40.90067	0.141071	0.0580462	0.173046	0.310754	0.075966	0.116564	2.17743	1.55243	0.222818
2800000	-35.35357	0	-35.35357	0.141609	0.160531	0.181216	0.221528	0.137117	0.0655876	1.49877	0.589191	2.48147
2810000	-28.90029	0	-28.90029	0.0904784	0.270156	0.171281	0.338101	0.253104	0.151945	3.35008	0.98261	1.53523
2820000	-30.16295	0	-30.16295	0.0924766	0.112716	0.201927	0.17682	0.207676	0.180922	2.04069	1.5043	0.435014
2830000	-40.7945	0	-40.7945	0.206831	0.375281	0.302454	0.371152	0.121164	0.0808703	2.62829	2.48997	0.606401
2840000	-31.90603	0	-31.90603	0.116118	0.213477	0.176723	0.167694	0.235862	0.0813696	3.55781	1.97115	5.35833
2850000	-36.20254	0	-36.20254	0.208585	0.0824041	0.148485	0.247532	0.290886	0.0569748	6.9261	0.860799	0.369571
2860000	-39.33901	0	-39.33901	0.15676	0.128092	0.0934347	0.282201	0.242261	0.0327739	6.81118	1.66124	0.1866
2870000	-29.40376	0	-29.40376	0.108823	0.371736	0.261294	0.19273	0.124277	0.132965	3.75607	0.383952	3.64584
2880000	-24.67378	0	-24.67378	0.175515	0.124529	0.10982	0.27731	0.129689	0.077894	7.80008	0.734808	0.362634
2890000	-22.17975	0	-22.17975	0.113246	0.120764	0.192974	0.27117	0.105031	0.128182	4.72854	3.9427	1.93643
2900000	-31.72009	0	-31.72009	0.137415	0.128504	0.160684	0.199786	0.0432007	0.0595831	2.07504	0.929199	1.29407
2910000	-37.71191	0	-37.71191	0.150186	0.149881	0.110824	0.268198	0.107811	0.0980974	1.68329	0.990579	1.03207
2920000	-30.43532	0	-30.43532	0.101522	0.17145	0.254881	0.285813	0.201165	0.182168	2.40753	0.608788	0.738284
2930000	-29.81165	0	-29.81165	0.15328	0.147777	0.153876	0.299987	0.177792	0.0526709	2.58083	1.16647	2.08787
2940000	-30.54272	0	-30.54272	0.0696859	0.220841	0.195379	0.163942	0.0699971	0.081525	2.54834	0.856619	2.04304
2950000	-23.65994	0	-23.65994	0.111528	0.0954018	0.18517	0.199171	0.0868693	0.107535	6.71139	0.545921	1.66401
2960000	-24.73112	0	-24.73112	0.198443	0.160348	0.207269	0.310403	0.0947087	0.106833	4.20558	0.695947	1.37152
2970000	-29.3306	0	-29.3306	0.122465	0.159088	0.142802	0.509543	0.151906	0.1099	3.12908	0.538356	1.39516
2980000	-25.9449	0	-25.9449	0.0835719	0.183381	0.159926	0.427467	0.159848	0.112911	3.19933	1.90875	1.22178
2990000	-28.16715	0	-28.16715	0.154736	0.205112	0.177436	0.159253	0.131335	0.111158	4.62207	2.1018	0.812503
3000000	-29.22441	0	-29.22441	0.208527	0.157494	0.111864	0.168625	0.165047	0.156262	4.31259	0.999601	1.70052
3010000	-29.51419	0	-29.51419	0.127529	0.152837	0.157273	0.256638	0.161066	0.161451	6.76427	0.711408	1.14127
3020000	-30.56209	0	-30.56209	0.1619	0.19103	0.10578	0.379136	0.119024	0.0758374	4.30873	0.590279	1.36403
3030000	-29.65406	0	-29.65406	0.0573825	0.153925	0.0941395	0.251232	0.0724015	0.146598	3.72085	0.657686	1.72421
3040000	-33.82922	0	-33.82922	0.235384	0.119641	0.0634998	0.151433	0.0900641	0.0487333	2.05888	1.02935	0.561258
3050000	-29.47036	0	-29.47036	0.0954211	0.0446135	0.181082	0.483318	0.114852	0.0877522	5.76013	1.70741	2.54076
3060000	-21.96221	0	-21.96221	0.143397	0.181	0.203925	0.620581	0.196489	0.121953	4.25663	1.43714	2.59656
3070000	-30.28062	0	-30.28062	0.155748	0.111632	0.165282	0.395453	0.133405	0.0589648	5.24421	2.56886	1.41979
3080000	-31.19037	0	-31.19037	0.175749	0.225689	0.25916	0.15482	0.0757611	0.0963732	3.78717	0.827587	0.837964
3090000	-36.72965	0	-36.72965	0.170712	0.201449	0.341857	0.440837	0.156122	0.0786124	3.82085	0.627315	0.492377
3100000	-25.73588	0	-25.73588	0.0784156	0.180274	0.14159	0.180403	0.112402	0.111241	5.16077	1.21386	0.997758
3110000	-33.62592	0	-33.62592	0.11495	0.182878	0.254035	0.316211	0.0732084	0.0970522	2.24875	3.07601	0.480819
3120000	-35.50805	0	-35.50805	0.236803	0.191487	0.0611373	0.209484	0.0925896	0.0810564	3.41994	1.91725	0.793646
3130000	-26.15349	0	-26.15349	0.102277	0.211441	0.236218	0.272266	0.160741	0.118326	5.28896	0.623043	2.11113
3140000	-27.61506	0	-27.61506	0.175382	0.209474	0.144387	0.306417	0.168921	0.0999835	3.68971	0.709904	2.28112
3150000	-26.36839	0	-26.36839	0.158679	0.106777	0.222793	0.165248	0.0999379	0.104562	3.65765	0.595979	1.93408
3160000	-29.9434	0	-29.9434	0.097766	0.13612	0.186196	0.243974	0.203156	0.0903569	4.43142	0.43445	1.49118
3170000	-32.77251	0	-32.77251	0.0955418	0.444188	0.193003	0.193867	0.228377	0.0988113	6.82234	0.764802	1.18905
3180000	-33.91604	0	-33.91604	0.1192	0.129941	0.309893	0.176463	0.0874609	0.112919	5.65409	1.0352	3.05068
3190000	-33.82323	0	-33.82323	0.0870147	0.365335	0.159766	0.186901	0.0413659	0.0659334	4.38754	1.30385	0.219155
3200000	-37.09715	0	-37.09715	0.153031	0.114765	0.0383869	0.224339	0.243373	0.0406056	3.01724	1.39685	0.550092
3210000	-33.88315	0	-33.88315	0.0819409	0.0698966	0.104285	0.17302	0.117332	0.159182	1.83343	2.07124	0.606144
3220000	-29.26315	0	-29.26315	0.142825	0.121875	0.260956	0.166108	0.116049	0.131612	2.25291	0.496732	1.28477
3230000	-26.70727	0	-26.70727	0.122416	0.113175	0.318923	0.324119	0.253276	0.088981	4.53122	1.80875	3.69653
3240000	-33.16068	0	-33.16068	0.1005	0.194404	0.17221	0.184739	0.131735	0.155587	6.56652	0.890088	4.7484
3250000	-38.34676	0	-38.34676	0.0968746	0.19188	0.339512	0.375084	0.0741404	0.0717693	6.65203	7.06828	1.47424
3260000	-46.14581	0	-46.14581	0.103002	0.138576	0.0855755	0.235224	0.201234	0.267238	1.18957	0.421884	0.50026
3270000	-26.68556	0	-26.68556	0.121088	0.221334	0.191897	0.16714	0.12258	0.0886179	3.40664	1.74781	0.867436
3280000	-31.87791	0	-31.87791	0.133883	0.203641	0.151839	0.379554	0.182062	0.0765122	9.37889	0.558879	0.956417
3290000	-36.37107	0	-36.37107	0.0557575	0.0673908	0.122471	0.299687	0.071721	0.0662996	2.53207	0.467188	0.223474
3300000	-30.45401	0	-30.45401	0.1914	0.0528813	0.185476	0.233607	0.110087	0.0488934	6.27239	0.684506	2.48026
3310000	-25.06592	0	-25.06592	0.0776169	0.211672	0.151457	0.31682	0.0728435	0.174247	6.03529	2.30635	2.39184
3320000	-27.80468	0	-27.80468	0.111537	0.192788	0.197032	0.281908	0.196757	0.105828	5.6754	0.367927	1.2552
3330000	-27.41634	0	-27.41634	0.233503	0.0788477	0.245086	0.196622	0.173704	0.0740636	5.09605	2.06347	1.45447
3340000	-28.29753	0	-28.29753	0.147869	0.279563	0.350861	0.138877	0.113029	0.126579	4.10361	1.67735	2.32898
3350000	-29.00962	0	-29.00962	0.185935	0.200533	0.0706246	0.210746	0.0963511	0.174758	7.26849	1.04709	0.954839
3360000	-27.79754	0	-27.79754	0.101567	0.134395	0.249559	0.318888	0.0959919	0.102173	4.02177	1.07541	0.905743
3370000	-30.0012	0	-30.0012	0.0723791	0.118867	0.158303	0.284519	0.131238	0.0457246	1.15009	1.62206	1.23979
3380000	-34.50736	0	-34.50736	0.083232	0.0714659	0.141974	0.169318	0.217057	0.132861	1.93224	0.827932	0.668903
3390000	-34.49734	0	-34.49734	0.128812	0.146853	0.0956403	0.213989	0.275413	0.0684153	1.86682	0.237775	2.23318
3400000	-32.80831	0	-32.80831	0.215951	0.07275	0.306989	0.24292	0.113299	0.127843	1.95856	0.386302	1.04067
3410000	-28.80777	0	-28.80777	0.0882873	0.129576	0.175271	0.22286	0.104528	0.113726	5.32263	0.601867	0.554172
3420000	-33.01017	0	-33.01017	0.0786511	0.318252	0.175035	0.274615	0.165227	0.113225	6.04737	1.66778	2.35302
3430000	-26.3213	0	-26.3213	0.0843325	0.198632	0.192109	0.309224	0.121758	0.151761	3.07221	1.01267	3.81202
3440000	-31.58819	0	-31.58819	0.0692606	0.111529	0.248243	0.308307	0.0977146	0.0912236	2.93163	1.52134	0.469574
3450000	-44.57443	0	-44.57443	0.229754	0.338471	0.562281	0.126068	0.0596633	0.179173	1.94496	0.961697	0.772279
3460000	-22.89406	0	-22.89406	0.0907895	0.189131	0.109341	0.176529	0.100524	0.1303	3.40382	2.21866	0.78903
3470000	-33.20287	0	-33.20287	0.058912	0.206093	0.300842	0.159385	0.252008	0.145205	6.52883	0.622265	0.93974
3480000	-25.51551	0	-25.51551	0.0929093	0.164884	0.219137	0.366157	0.185237	0.0834269	5.38494	1.12526	1.07156
3490000	-28.92076	0	-28.92076	0.143967	0.106399	0.19962	0.234175	0.0560786	0.110362	4.50716	1.2452	0.643984
3500000	-26.67263	0	-26.67263	0.0909209	0.246586	0.265689	0.254563	0.0958523	0.101557	3.20076	1.04479	0.432317
3510000	-44.27281	0	-44.27281	0.132053	0.0673633	0.188672	0.244047	0.122642	0.209277	1.5703	0.843722	0.214432
3520000	-31.93559	0	-31.93559	0.0636905	0.233115	0.215919	0.238355	0.0697481	0.126501	2.4167	1.34631	0.484103
3530000	-26.03658	0	-26.03658	0.122098	0.201511	0.109568	0.454393	0.157657	0.0588018	2.46644	4.20168	1.11654
3540000	-30.66017	0	-30.66017	0.106714	0.270557	0.192968	0.626603	0.166838	0.102258	8.16364	1.41484	0.462123
3550000	-33.07993	0	-33.07993	0.251089	0.207733	0.325486	0.256619	0.0637254	0.077861	4.551	0.891793	0.424784
3560000	-26.52347	0	-26.52347	0.335932	0.118687	0.197238	0.356044	0.0663061	0.105787	3.92776	0.736831	3.42352
3570000	-28.8384	0	-28.8384	0.0959141	0.166353	0.373536	0.316966	0.137803	0.0750547	8.11447	1.11117	0.503385
3580000	-34.33037	0	-34.33037	0.193729	0.039887	0.311435	0.380304	0.0721341	0.136403	3.80352	0.7148	2.27812
3590000	-35.91906	0	-35.91906	0.103532	0.238419	0.202761	0.184585	0.280513	0.0679868	3.86638	0.829957	1.05235
3600000	-31.85109	0	-31.85109	0.0740093	0.166777	0.127679	0.305335	0.11909	0.142639	8.27239	0.394295	0.528232
3610000	-39.65108	0	-39.65108	0.0559218	0.236901	0.102725	0.308288	0.114615	0.0776239	2.30616	0.893369	0.0778979
3620000	-29.81169	0	-29.81169	0.081919	0.14244	0.358316	0.432652	0.0915374	0.192127	5.28309	2.09541	1.51994
3630000	-31.45901	0	-31.45901	0.131435	0.228777	0.277274	0.134796	0.0966611	0.138788	3.77887	0.745271	1.55094
3640000	-30.55859	0	-30.55859	0.119769	0.200015	0.153929	0.223821	0.161662	0.0800244	2.57102	1.48255	1.59755
3650000	-35.897	0	-35.897	0.158681	0.136599	0.154716	0.224998	0.246907	0.138352	7.10516	0.798997	0.336643
3660000	-30.09996	0	-30.09996	0.211567	0.118175	0.211591	0.18005	0.112419	0.0776065	3.97038	0.771839	2.05973
3670000	-35.02969	0	-35.02969	0.317601	0.181044	0.159013	0.354752	0.132175	0.209345	4.80534	0.405486	0.667448
3680000	-28.66589	0	-28.66589	0.101618	0.0826775	0.182017	0.347888	0.142699	0.0587596	4.31416	0.816398	1.16732
3690000	-34.29586	0	-34.29586	0.160913	0.10416	0.275837	0.363396	0.232475	0.101913	2.0552	2.70113	0.620911
3700000	-30.38508	0	-30.38508	0.118569	0.137793	0.108668	0.165297	0.1565	0.0778727	3.37124	1.34925	0.640988
3710000	-32.14586	0	-32.14586	0.186409	0.0946814	0.221389	0.297071	0.0942348	0.069792	3.05839	0.346236	0.656094
3720000	-26.49346	0	-26.49346	0.115614	0.12951	0.128651	0.289087	0.10194	0.0724598	7.26784	0.356987	1.58291
3730000	-31.43688	0	-31.43688	0.0989031	0.218944	0.164647	0.200414	0.123579	0.227416	2.17961	0.426557	2.21451
3740000	-30.30887	0	-30.30887	0.175564	0.256325	0.165054	0.239172	0.0592942	0.0423513	4.89945	1.10412	1.5688
3750000	-22.57662	0	-22.57662	0.131472	0.110572	0.22789	0.327131	0.140813	0.0632524	4.3555	0.717989	0.977128
3760000	-33.35904	0	-33.35904	0.1576	0.171751	0.141323	0.362055	0.170426	0.105889	2.71408	1.71591	0.827886
3770000	-32.05231	0	-32.05231	0.095823	0.0984953	0.202491	0.708519	0.188225	0.0351767	3.78256	0.454021	1.48089
3780000	-27.34243	0	-27.34243	0.220474	0.225351	0.195692	0.275838	0.106811	0.0507411	7.06126	0.596567	1.83073
3790000	-39.32603	0	-39.32603	0.06722	0.25062	0.0786833	0.217179	0.217692	0.0233147	4.4645	0.492968	0.993479
3800000	-33.10164	0	-33.10164	0.259569	0.154738	0.0950263	0.268304	0.0388138	0.0683892	8.47975	1.28637	1.31096
3810000	-39.51215	0	-39.51215	0.251528	0.388478	0.156832	0.203796	0.0437596	0.118101	4.54993	0.625646	0.473016
3820000	-28.47591	0	-28.47591	0.0961832	0.0849241	0.173899	0.223309	0.088131	0.118386	3.12447	2.09407	0.390887
3830000	-26.7311	0	-26.7311	0.13099	0.229452	0.143507	0.300867	0.125666	0.0823369	3.10354	0.98403	1.95898
3840000	-28.57374	0	-28.57374	0.0867919	0.168621	0.293991	0.192153	0.0637184	0.125931	8.40231	1.22643	2.63328
3850000	-31.06264	0	-31.06264	0.134289	0.0708385	0.276062	0.290889	0.151782	0.164616	6.48285	1.00191	1.21513
3860000	-18.96775	0	-18.96775	0.14473	0.157858	0.118814	0.238351	0.132041	0.0780457	6.10696	1.85698	0.905263
3870000	-34.03049	0	-34.03049	0.0811391	0.14734	0.129267	0.315739	0.104941	0.0598093	3.33783	0.487808	0.246164
3880000	-29.87594	0	-29.87594	0.0559851	0.0787898	0.204864	0.33488	0.257669	0.0496354	6.96328	0.573727	0.437563
3890000	-34.55013	0	-34.55013	0.227005	0.240517	0.0857165	0.335379	0.160972	0.096693	4.81773	1.08035	1.55807
3900000	-35.3298	0	-35.3298	0.134344	0.121158	0.254793	0.123984	0.221144	0.118053	5.49312	0.670127	0.288309
3910000	-35.67412	0	-35.67412	0.1267	0.179792	0.094631	0.321237	0.100582	0.152051	3.95494	0.357017	0.771962
3920000	-31.63249	0	-31.63249	0.269127	0.115277	0.188346	0.280966	0.0816329	0.142966	3.77353	1.45756	0.35508
3930000	-27.33342	0	-27.33342	0.115699	0.269098	0.254922	0.242508	0.154933	0.164793	5.06969	0.822767	0.697128
3940000	-35.72056	0	-35.72056	0.150824	0.102466	0.166827	0.286873	0.213027	0.112369	9.47912	0.587259	0.517175
3950000	-42.26576	0	-42.26576	0.111624	0.190104	0.124315	0.635103	0.221007	0.0659578	2.88636	1.22381	1.18831
3960000	-30.17782	0	-30.17782	0.180061	0.124901	0.265057	0.28783	0.0701607	0.094801	4.44097	2.88911	1.37895
3970000	-42.2133	0	-42.2133	0.054879	0.303961	0.0718432	0.227219	0.135184	0.0581053	1.3761	1.02397	0.241871
3980000	-35.6493	0	-35.6493	0.135766	0.265744	0.255307	0.413646	0.121803	0.0667115	6.0195	0.550776	0.363472
3990000	-32.33513	0	-32.33513	0.221124	0.228328	0.114848	0.424838	0.110929	0.109445	3.21363	0.390379	0.994654
4000000	-34.44211	0	-34.44211	0.0758806	0.0871666	0.183498	0.397579	0.123489	0.092983	6.49479	1.22197	0.608107
4010000	-24.75798	0	-24.75798	0.156719	0.200034	0.13682	0.165957	0.194598	0.15144	6.01074	0.732586	0.976529
4020000	-27.8313	0	-27.8313	0.158692	0.196025	0.214405	0.349869	0.0999598	0.0895599	3.50118	0.791181	2.00185
4030000	-35.18389	0	-35.18389	0.100202	0.101063	0.293254	0.228697	0.112876	0.150027	3.14012	0.862951	0.6554
4040000	-30.09561	0	-30.09561	0.313084	0.208724	0.262768	0.313664	0.176315	0.198818	4.6061	0.629628	1.31764
4050000	-29.57439	0	-29.57439	0.139026	0.110655	0.137664	0.292736	0.190515	0.159789	3.10819	0.81505	2.40245
4060000	-32.38883	0	-32.38883	0.106422	0.20747	0.13082	0.596189	0.154907	0.113731	1.88309	1.08088	1.04022
4070000	-31.41652	0	-31.41652	0.106707	0.17616	0.297842	0.34361	0.179931	0.0744509	3.20038	0.709446	0.438661
4080000	-29.68517	0	-29.68517	0.10636	0.143601	0.100632	0.379711	0.0917473	0.0773218	5.28795	0.753404	1.49742
4090000	-36.57272	0	-36.57272	0.0489759	0.316665	0.372652	0.119956	0.188234	0.161117	4.88731	1.48697	0.125951
4100000	-35.87334	0	-35.87334	0.13084	0.0578882	0.128488	0.184927	0.365737	0.122995	4.82378	0.833801	0.495874
4110000	-37.13607	0	-37.13607	0.259483	0.0915785	0.137274	0.184484	0.203666	0.130985	2.98375	1.07033	0.820565
4120000	-28.59604	0	-28.59604	0.1201	0.159894	0.291808	0.288151	0.131441	0.0539611	2.37692	1.5354	0.509853
4130000	-35.9782	0	-35.9782	0.218989	0.241534	0.187094	0.367099	0.137538	0.109361	4.10701	0.712741	0.594681
4140000	-41.19267	0	-41.19267	0.0275461	0.108531	0.0945518	0.250997	0.135694	0.103156	1.16554	0.304337	0.966271
4150000	-31.2554	0	-31.2554	0.0961612	0.124608	0.206726	0.18155	0.16647	0.179869	6.09321	0.578855	1.80809
4160000	-29.57021	0	-29.57021	0.125719	0.111956	0.24461	0.20281	0.175208	0.156235	5.62677	1.14529	1.40993
4170000	-34.05062	0	-34.05062	0.352966	0.159263	0.315289	0.491502	0.250985	0.187124	7.69106	1.35664	0.972807
4180000	-34.35608	0	-34.35608	0.208983	0.0878138	0.117826	0.230322	0.0709397	0.144611	3.1871	0.663938	0.337059
4190000	-33.1779	0	-33.1779	0.0926163	0.114179	0.104813	0.178407	0.191691	0.0624823	6.74919	0.916716	1.35844
4200000	-33.23035	0	-33.23035	0.211495	0.081239	0.292811	0.315917	0.14904	0.0688205	5.39102	2.87206	0.171567
4210000	-27.44868	0	-27.44868	0.198963	0.137648	0.239059	0.308256	0.1441	0.0501041	5.91373	0.651935	2.86862
4220000	-24.73399	0	-24.73399	0.358017	0.110418	0.133114	0.298006	0.119184	0.0836144	5.10298	2.08999	0.898935
4230000	-30.54837	0	-30.54837	0.140649	0.18031	0.153269	0.273858	0.0757545	0.111668	6.53571	1.32287	0.477077
4240000	-26.00581	0	-26.00581	0.0806865	0.248987	0.381648	0.257042	0.0948412	0.0683934	3.29876	1.8896	7.41265
4250000	-38.61264	0	-38.61264	0.135105	0.14088	0.211313	0.192329	0.21652	0.125265	2.71724	2.53709	0.291179
4260000	-32.62443	0	-32.62443	0.191887	0.317162	0.133018	0.206298	0.138459	0.110341	2.10805	1.37645	0.841237
4270000	-34.1282	0	-34.1282	0.267426	0.164149	0.250909	0.180203	0.361708	0.0989791	2.03629	0.894808	2.63739
4280000	-24.42101	0	-24.42101	0.124997	0.149072	0.124851	0.315228	0.129847	0.0667167	6.19869	0.752702	1.18272
4290000	-24.39778	0	-24.39778	0.0859876	0.155394	0.196035	0.232405	0.124801	0.0738221	3.75104	1.07911	2.11083
4300000	-32.15548	0	-32.15548	0.0994891	0.139561	0.199685	0.181401	0.0935024	0.111633	2.54576	1.00536	1.13566
4310000	-30.10835	0	-30.10835	0.190575	0.1243	0.0978119	0.279806	0.132572	0.100931	2.94305	0.480262	2.16074
4320000	-36.48042	0	-36.48042	0.263251	0.125822	0.223281	0.16511	0.111443	0.0858704	1.85574	0.430521	1.69904
4330000	-28.50898	0	-28.50898	0.173333	0.145517	0.208674	0.317289	0.104739	0.142784	2.16761	0.420216	1.45126
4340000	-30.03599	0	-30.03599	0.0496731	0.294625	0.172824	0.221625	0.242922	0.0813423	6.38613	2.10904	1.98013
4350000	-29.9111	0	-29.9111	0.0937127	0.155746	0.198927	0.461571	0.115324	0.137628	2.50063	0.270107	0.813729
4360000	-35.87238	0	-35.87238	0.0886758	0.115571	0.124246	0.169567	0.167728	0.0883312	1.40389	1.00209	1.90495
4370000	-31.80256	0	-31.80256	0.125571	0.169939	0.147289	0.203209	0.0456354	0.0873677	2.37063	0.589812	1.00162
4380000	-29.83865	0	-29.83865	0.129139	0.0696265	0.12963	0.293251	0.175905	0.126007	2.28301	6.48234	2.4185
4390000	-34.33442	0	-34.33442	0.152996	0.150066	0.180933	0.212718	0.0620773	0.114128	2.33054	2.03477	0.219586
4400000	-41.40127	0	-41.40127	0.264428	0.132697	0.15293	0.263437	0.0337348	0.164951	1.73077	1.55993	0.610821
4410000	-30.46129	0	-30.46129	0.214372	0.243861	0.0745762	0.189129	0.179546	0.188637	2.34404	0.762392	2.31413
4420000	-28.05621	0	-28.05621	0.179678	0.213654	0.14796	0.417597	0.200784	0.0831777	4.31722	0.861997	3.72868
4430000	-37.0265	0	-37.0265	0.10752	0.132058	0.125459	0.177675	0.369215	0.274323	6.79415	1.09192	0.605427
4440000	-25.14192	0	-25.14192	0.10591	0.159837	0.176889	0.388115	0.176061	0.144191	3.56339	1.73481	1.58809
4450000	-25.20971	0	-25.20971	0.1047	0.252505	0.0556285	0.282395	0.0856049	0.0498184	3.72397	1.53677	1.38374
4460000	-27.51237	0	-27.51237	0.085516	0.138104	0.0917644	0.371363	0.0740738	0.0636518	3.37821	2.52826	1.76093
4470000	-27.8104	0	-27.8104	0.0616601	0.388158	0.135382	0.315912	0.0947714	0.0516372	2.49785	1.28253	3.84954
4480000	-30.36815	0	-30.36815	0.10267	0.266482	0.200921	0.37291	0.073708	0.0829368	3.87228	1.05786	0.646208
4490000	-28.2476	0	-28.2476	0.111926	0.0959904	0.210833	0.345506	0.116936	0.0870243	3.52838	1.04249	1.36128
4500000	-30.08275	0	-30.08275	0.16695	0.141951	0.0787845	0.291908	0.389401	0.112502	4.77701	0.860182	2.35848
4510000	-26.92328	0	-26.92328	0.201369	0.327382	0.0642169	0.231777	0.0927019	0.175778	3.86697	2.90372	2.53092
4520000	-31.27152	0	-31.27152	0.206542	0.111783	0.156435	0.176199	0.153259	0.134983	3.8231	0.843423	2.77623
4530000	-40.54364	0	-40.54364	0.119167	0.216262	0.191562	0.501501	0.152334	0.116471	3.92718	0.191884	0.0873384
4540000	-33.36283	0	-33.36283	0.120538	0.141335	0.305199	0.358745	0.100081	0.18979	3.42269	1.47293	0.803485
4550000	-25.0375	0	-25.0375	0.173111	0.124512	0.205831	0.214724	0.134742	0.118798	1.87608	1.84059	2.64211
4560000	-30.08844	0	-30.08844	0.0709859	0.129995	0.102809	0.285302	0.178485	0.0738374	4.3868	1.14706	0.393268
4570000	-34.1618	0	-34.1618	0.210484	0.154721	0.132485	0.338192	0.0860729	0.119512	2.38893	0.219431	3.12442
4580000	-37.20984	0	-37.20984	0.342807	0.183979	0.173349	0.150842	0.22507	0.0587694	5.44786	1.6647	0.861474
4590000	-29.4409	0	-29.4409	0.253143	0.163497	0.145694	0.196058	0.158861	0.0467748	5.67788	0.792908	1.61386
4600000	-28.82953	0	-28.82953	0.100554	0.345621	0.167127	0.197929	0.0793269	0.110508	8.10196	1.61568	0.728646
4610000	-32.52808	0	-32.52808	0.144431	0.13994	0.0676714	0.27522	0.133651	0.105142	3.00148	2.04675	0.163374
4620000	-29.17184	0	-29.17184	0.054883	0.187922	0.125058	0.285031	0.238389	0.107786	6.68237	0.886299	0.766786
4630000	-30.69657	0	-30.69657	0.141737	0.122854	0.173424	0.296292	0.119808	0.12504	3.83384	1.11765	1.21951
4640000	-30.16646	0	-30.16646	0.14118	0.309391	0.157998	0.171152	0.227203	0.0510554	5.6559	1.0366	0.467883
4650000	-39.10137	0	-39.10137	0.132261	0.3006	0.143853	0.161009	0.128842	0.381203	1.94439	1.80979	2.50492
4660000	-32.03346	0	-32.03346	0.103765	0.0842086	0.138764	0.226505	0.107606	0.0575612	2.69843	0.841321	0.226953
4670000	-30.62739	0	-30.62739	0.0811037	0.0965734	0.164852	0.254833	0.124608	0.149834	2.43343	2.59398	0.274627
4680000	-46.32709	0	-46.32709	0.115371	0.150945	0.146647	0.529491	0.160117	0.12908	1.65539	0.50502	0.649386
4690000	-31.40928	0	-31.40928	0.218733	0.0796391	0.141453	0.414182	0.130624	0.0622946	4.22785	0.947554	0.941997
4700000	-32.09631	0	-32.09631	0.0703724	0.201841	0.137255	0.410652	0.102165	0.145017	2.26374	1.30023	0.914802
4710000	-28.88815	0	-28.88815	0.0577949	0.313679	0.156417	0.324688	0.162342	0.078023	1.79004	0.868249	1.80933
4720000	-36.47792	0	-36.47792	0.13831	0.224979	0.278536	0.366806	0.0967029	0.161385	3.90453	1.22777	0.676336
4730000	-31.10808	0	-31.10808	0.153351	0.188314	0.168536	0.478286	0.169796	0.11685	6.35783	0.83149	2.30743
4740000	-29.21796	0	-29.21796	0.161237	0.101638	0.300435	0.177859	0.115603	0.0809141	5.37153	0.476029	0.596991
4750000	-24.33797	0	-24.33797	0.133432	0.10246	0.156584	0.208182	0.188243	0.0663454	2.96587	2.04533	2.5789
4760000	-32.07856	0	-32.07856	0.158266	0.109565	0.212615	0.152897	0.152639	0.0808403	1.29659	0.766395	1.2268
4770000	-23.14307	0	-23.14307	0.0738781	0.176871	0.0634901	0.254205	0.138625	0.104825	4.12072	1.99575	1.95769
4780000	-28.66259	0	-28.66259	0.202456	0.157708	0.119883	0.41799	0.198842	0.177336	4.21667	2.57193	1.91597
4790000	-35.00502	0	-35.00502	0.177109	0.0754274	0.1925	0.397905	0.0798313	0.0774548	1.99305	0.998471	2.07097
4800000	-27.95989	0	-27.95989	0.09638	0.285714	0.196254	0.318702	0.108135	0.118856	7.19921	0.913747	0.371648
4810000	-34.61722	0	-34.61722	0.118613	0.172416	0.445588	0.292906	0.114708	0.0857869	5.47879	1.24594	0.901557
4820000	-36.62138	0	-36.62138	0.102537	0.275696	0.0852745	0.12707	0.238393	0.184235	8.66655	0.902843	0.682027
4830000	-29.04027	0	-29.04027	0.0958073	0.161214	0.309757	0.127108	0.136214	0.131544	5.10051	1.79086	2.38626
4840000	-34.4392	0	-34.4392	0.196553	0.172725	0.386088	0.282017	0.0635597	0.193153	3.72421	1.09979	1.87834
4850000	-31.40201	0	-31.40201	0.173276	0.0553649	0.105122	0.247343	0.106174	0.0925016	1.7641	1.28956	2.3393
4860000	-28.43059	0	-28.43059	0.128893	0.163075	0.220113	0.150827	0.0945957	0.0814311	3.09391	1.29092	1.29602
4870000	-35.20625	0	-35.20625	0.119774	0.114311	0.153226	0.241472	0.220681	0.158067	2.26576	0.737179	1.21449
4880000	-30.05539	0	-30.05539	0.115174	0.0659851	0.14529	0.274439	0.153129	0.0609165	5.24494	0.786285	0.393583
4890000	-31.74288	0	-31.74288	0.238861	0.224757	0.193811	0.332889	0.157068	0.0786858	3.33545	0.48417	0.438746
4900000	-29.33618	0	-29.33618	0.0815052	0.213873	0.211394	0.223562	0.120081	0.125571	3.31589	1.15724	1.47117
4910000	-39.50832	0	-39.50832	0.133891	0.120327	0.332121	0.124409	0.242843	0.0357145	1.25858	0.857709	0.64965
4920000	-36.41044	0	-36.41044	0.0960887	0.0894613	0.311939	0.244736	0.163994	0.0986693	3.31346	0.811654	0.0516588
4930000	-24.77659	0	-24.77659	0.153891	0.0815409	0.24316	0.203214	0.112559	0.135502	3.45034	1.20011	1.23885
4940000	-31.17533	0	-31.17533	0.090209	0.0962324	0.15385	0.350424	0.135248	0.0829689	1.5842	0.490169	1.67193
4950000	-26.36304	0	-26.36304	0.0682413	0.092431	0.334996	0.173983	0.156393	0.0814284	3.71717	1.00298	1.28189
4960000	-41.45326	0	-41.45326	0.168979	0.0978655	0.167767	0.175433	0.252985	0.111869	2.73397	0.359092	2.70753
4970000	-26.17551	0	-26.17551	0.152195	0.185501	0.195878	0.515264	0.186415	0.130164	4.99906	1.952	1.79596
4980000	-33.13106	0	-33.13106	0.112705	0.120774	0.122963	0.257821	0.159903	0.0549401	6.72552	0.584637	0.957151
4990000	-31.24216	0	-31.24216	0.124941	0.199674	0.262926	0.161228	0.245334	0.0859324	2.7825	0.399197	0.593094
5000000	-30.22481	0	-30.22481	0.125258	0.141439	0.187654	0.365142	0.0875666	0.0657418	4.84149	0.787854	2.19137
