   
   Running MCMC simulation
   This simulation runs 1 independent replicate.
   The simulator uses 15 different moves in a random move schedule with 12.6 moves per iteration
   

Iter        |      Posterior   |     Likelihood   |          Prior   |    elapsed   |        ETA   |
----------------------------------------------------------------------------------------------------
0           |       -28.0932   |              0   |       -28.0932   |   00:00:00   |   --:--:--   |
100000      |       -2.72753   |              0   |       -2.72753   |   00:00:07   |   --:--:--   |
200000      |       -4.63363   |              0   |       -4.63363   |   00:00:13   |   00:53:57   |
300000      |       -9.73957   |              0   |       -9.73957   |   00:00:20   |   00:55:13   |
400000      |       -8.01565   |              0   |       -8.01565   |   00:00:27   |   00:55:48   |
500000      |        0.97188   |              0   |        0.97188   |   00:00:33   |   00:54:27   |
600000      |       -5.25412   |              0   |       -5.25412   |   00:00:40   |   00:54:53   |
700000      |       -6.57395   |              0   |       -6.57395   |   00:00:46   |   00:53:59   |
800000      |       -3.59698   |              0   |       -3.59698   |   00:00:53   |   00:54:19   |
900000      |       -3.29274   |              0   |       -3.29274   |   00:00:59   |   00:53:38   |
1000000     |        -3.6934   |              0   |        -3.6934   |   00:01:06   |   00:53:54   |
1100000     |       -13.4559   |              0   |       -13.4559   |   00:01:12   |   00:53:20   |
1200000     |       -2.38151   |              0   |       -2.38151   |   00:01:18   |   00:52:52   |
1300000     |       -2.63523   |              0   |       -2.63523   |   00:01:24   |   00:52:26   |
1400000     |       -4.11961   |              0   |       -4.11961   |   00:01:31   |   00:52:39   |
1500000     |       -10.4533   |              0   |       -10.4533   |   00:01:37   |   00:52:16   |
1600000     |       -10.8413   |              0   |       -10.8413   |   00:01:43   |   00:51:55   |
1700000     |       -2.87864   |              0   |       -2.87864   |   00:01:49   |   00:51:36   |
1800000     |       -4.40905   |              0   |       -4.40905   |   00:01:55   |   00:51:19   |
1900000     |       -16.9232   |              0   |       -16.9232   |   00:02:02   |   00:51:28   |


Iter        |      Posterior   |     Likelihood   |          Prior   |    elapsed   |        ETA   |
----------------------------------------------------------------------------------------------------
2000000     |       -7.00069   |              0   |       -7.00069   |   00:02:08   |   00:51:12   |
2100000     |       -2.97816   |              0   |       -2.97816   |   00:02:14   |   00:50:56   |
2200000     |      -0.150331   |              0   |      -0.150331   |   00:02:20   |   00:50:41   |
2300000     |       -7.15158   |              0   |       -7.15158   |   00:02:27   |   00:50:48   |
2400000     |       -1.15491   |              0   |       -1.15491   |   00:02:33   |   00:50:34   |
2500000     |       -7.29709   |              0   |       -7.29709   |   00:02:39   |   00:50:21   |
2600000     |       -6.71401   |              0   |       -6.71401   |   00:02:45   |   00:50:08   |
2700000     |       -9.10062   |              0   |       -9.10062   |   00:02:52   |   00:50:13   |
2800000     |       -4.93363   |              0   |       -4.93363   |   00:02:58   |   00:50:00   |
2900000     |       -1.18008   |              0   |       -1.18008   |   00:03:04   |   00:49:48   |
3000000     |       -4.10325   |              0   |       -4.10325   |   00:03:10   |   00:49:36   |
3100000     |       -3.02638   |              0   |       -3.02638   |   00:03:17   |   00:49:40   |
3200000     |       -1.76685   |              0   |       -1.76685   |   00:03:23   |   00:49:28   |
3300000     |        -9.4328   |              0   |        -9.4328   |   00:03:29   |   00:49:17   |
3400000     |       0.251779   |              0   |       0.251779   |   00:03:35   |   00:49:06   |
3500000     |       -7.10252   |              0   |       -7.10252   |   00:03:42   |   00:49:09   |
3600000     |       -3.25726   |              0   |       -3.25726   |   00:03:48   |   00:48:58   |
3700000     |       -7.26454   |              0   |       -7.26454   |   00:03:54   |   00:48:48   |
3800000     |       -0.86807   |              0   |       -0.86807   |   00:04:00   |   00:48:37   |
3900000     |       -12.5875   |              0   |       -12.5875   |   00:04:07   |   00:48:39   |


Iter        |      Posterior   |     Likelihood   |          Prior   |    elapsed   |        ETA   |
----------------------------------------------------------------------------------------------------
4000000     |       -14.5978   |              0   |       -14.5978   |   00:04:13   |   00:48:29   |
4100000     |       -12.4213   |              0   |       -12.4213   |   00:04:19   |   00:48:19   |
4200000     |       0.895748   |              0   |       0.895748   |   00:04:25   |   00:48:09   |
4300000     |       -5.30138   |              0   |       -5.30138   |   00:04:32   |   00:48:10   |
4400000     |       -6.30056   |              0   |       -6.30056   |   00:04:38   |   00:48:01   |
4500000     |       -3.41333   |              0   |       -3.41333   |   00:04:44   |   00:47:51   |
4600000     |       -3.19154   |              0   |       -3.19154   |   00:04:50   |   00:47:42   |
4700000     |       -8.07507   |              0   |       -8.07507   |   00:04:56   |   00:47:32   |
4800000     |       -1.60078   |              0   |       -1.60078   |   00:05:03   |   00:47:33   |
4900000     |       -3.00506   |              0   |       -3.00506   |   00:05:09   |   00:47:24   |
5000000     |       -4.94124   |              0   |       -4.94124   |   00:05:15   |   00:47:15   |
5100000     |       -3.90329   |              0   |       -3.90329   |   00:05:21   |   00:47:06   |
5200000     |       -8.49901   |              0   |       -8.49901   |   00:05:28   |   00:47:05   |
5300000     |       -4.65611   |              0   |       -4.65611   |   00:05:34   |   00:46:56   |
5400000     |        1.84899   |              0   |        1.84899   |   00:05:40   |   00:46:48   |
5500000     |       -2.08983   |              0   |       -2.08983   |   00:05:46   |   00:46:39   |
5600000     |       -4.85481   |              0   |       -4.85481   |   00:05:53   |   00:46:38   |
5700000     |        -4.4873   |              0   |        -4.4873   |   00:05:59   |   00:46:30   |
5800000     |         -4.087   |              0   |         -4.087   |   00:06:05   |   00:46:21   |
5900000     |        2.53717   |              0   |        2.53717   |   00:06:11   |   00:46:13   |


Iter        |      Posterior   |     Likelihood   |          Prior   |    elapsed   |        ETA   |
----------------------------------------------------------------------------------------------------
6000000     |       -3.32587   |              0   |       -3.32587   |   00:06:18   |   00:46:12   |
6100000     |       -3.25676   |              0   |       -3.25676   |   00:06:24   |   00:46:03   |
6200000     |       -11.2393   |              0   |       -11.2393   |   00:06:30   |   00:45:55   |
6300000     |       -3.94223   |              0   |       -3.94223   |   00:06:36   |   00:45:46   |
6400000     |       -8.97626   |              0   |       -8.97626   |   00:06:42   |   00:45:38   |
6500000     |       -8.41283   |              0   |       -8.41283   |   00:06:49   |   00:45:37   |
6600000     |       -7.34319   |              0   |       -7.34319   |   00:06:55   |   00:45:28   |
6700000     |       -6.23983   |              0   |       -6.23983   |   00:07:01   |   00:45:20   |
6800000     |       -2.10608   |              0   |       -2.10608   |   00:07:08   |   00:45:19   |
6900000     |        -8.3093   |              0   |        -8.3093   |   00:07:14   |   00:45:10   |
7000000     |       -7.18431   |              0   |       -7.18431   |   00:07:20   |   00:45:02   |
7100000     |       -3.82951   |              0   |       -3.82951   |   00:07:26   |   00:44:54   |
7200000     |       -5.62305   |              0   |       -5.62305   |   00:07:33   |   00:44:52   |
7300000     |       -3.27146   |              0   |       -3.27146   |   00:07:39   |   00:44:44   |
7400000     |        -9.6915   |              0   |        -9.6915   |   00:07:45   |   00:44:36   |
7500000     |       -4.46522   |              0   |       -4.46522   |   00:07:51   |   00:44:29   |
7600000     |       -14.1643   |              0   |       -14.1643   |   00:07:57   |   00:44:21   |
7700000     |       -7.34461   |              0   |       -7.34461   |   00:08:04   |   00:44:18   |
7800000     |       -13.9547   |              0   |       -13.9547   |   00:08:10   |   00:44:11   |
7900000     |       -2.42045   |              0   |       -2.42045   |   00:08:16   |   00:44:03   |


Iter        |      Posterior   |     Likelihood   |          Prior   |    elapsed   |        ETA   |
----------------------------------------------------------------------------------------------------
8000000     |       -5.37274   |              0   |       -5.37274   |   00:08:22   |   00:43:55   |
8100000     |       -1.98288   |              0   |       -1.98288   |   00:08:29   |   00:43:52   |
8200000     |       -10.9629   |              0   |       -10.9629   |   00:08:35   |   00:43:45   |
8300000     |       -10.8979   |              0   |       -10.8979   |   00:08:41   |   00:43:37   |
8400000     |        -2.0606   |              0   |        -2.0606   |   00:08:47   |   00:43:29   |
8500000     |       -6.89436   |              0   |       -6.89436   |   00:08:54   |   00:43:27   |
8600000     |       -6.87658   |              0   |       -6.87658   |   00:09:00   |   00:43:19   |
8700000     |       -2.47586   |              0   |       -2.47586   |   00:09:06   |   00:43:11   |
8800000     |       -5.49153   |              0   |       -5.49153   |   00:09:12   |   00:43:04   |
8900000     |       0.784685   |              0   |       0.784685   |   00:09:19   |   00:43:01   |
9000000     |       -5.41017   |              0   |       -5.41017   |   00:09:25   |   00:42:53   |
9100000     |        -2.6968   |              0   |        -2.6968   |   00:09:31   |   00:42:46   |
9200000     |      -0.166681   |              0   |      -0.166681   |   00:09:37   |   00:42:38   |
9300000     |       -2.86933   |              0   |       -2.86933   |   00:09:44   |   00:42:35   |
9400000     |       -7.45926   |              0   |       -7.45926   |   00:09:50   |   00:42:28   |
9500000     |       -4.37735   |              0   |       -4.37735   |   00:09:56   |   00:42:20   |
9600000     |       -3.11741   |              0   |       -3.11741   |   00:10:02   |   00:42:13   |
9700000     |       -1.83056   |              0   |       -1.83056   |   00:10:09   |   00:42:10   |
9800000     |       0.314299   |              0   |       0.314299   |   00:10:15   |   00:42:02   |
9900000     |       -10.1314   |              0   |       -10.1314   |   00:10:21   |   00:41:55   |


Iter        |      Posterior   |     Likelihood   |          Prior   |    elapsed   |        ETA   |
----------------------------------------------------------------------------------------------------
10000000    |       -2.96112   |              0   |       -2.96112   |   00:10:27   |   00:41:48   |
10100000    |        1.51987   |              0   |        1.51987   |   00:10:34   |   00:41:44   |
10200000    |       -5.25913   |              0   |       -5.25913   |   00:10:40   |   00:41:37   |
10300000    |       -10.0546   |              0   |       -10.0546   |   00:10:46   |   00:41:29   |
10400000    |        -7.5265   |              0   |        -7.5265   |   00:10:52   |   00:41:22   |
10500000    |      -0.333179   |              0   |      -0.333179   |   00:10:59   |   00:41:19   |
10600000    |       -6.75275   |              0   |       -6.75275   |   00:11:05   |   00:41:11   |
10700000    |       -7.53589   |              0   |       -7.53589   |   00:11:11   |   00:41:04   |
10800000    |       -12.8663   |              0   |       -12.8663   |   00:11:17   |   00:40:57   |
10900000    |        1.21135   |              0   |        1.21135   |   00:11:24   |   00:40:53   |
11000000    |       -5.78311   |              0   |       -5.78311   |   00:11:30   |   00:40:46   |
11100000    |       -14.0961   |              0   |       -14.0961   |   00:11:36   |   00:40:39   |
11200000    |       -13.3713   |              0   |       -13.3713   |   00:11:42   |   00:40:31   |
11300000    |       -5.50752   |              0   |       -5.50752   |   00:11:48   |   00:40:24   |
11400000    |       0.841824   |              0   |       0.841824   |   00:11:55   |   00:40:20   |
11500000    |       -11.4913   |              0   |       -11.4913   |   00:12:01   |   00:40:13   |
11600000    |        -4.0533   |              0   |        -4.0533   |   00:12:07   |   00:40:06   |
11700000    |       -13.2809   |              0   |       -13.2809   |   00:12:13   |   00:39:59   |
11800000    |       -2.87571   |              0   |       -2.87571   |   00:12:20   |   00:39:55   |
11900000    |       -6.93313   |              0   |       -6.93313   |   00:12:26   |   00:39:48   |


Iter        |      Posterior   |     Likelihood   |          Prior   |    elapsed   |        ETA   |
----------------------------------------------------------------------------------------------------
12000000    |       -5.54914   |              0   |       -5.54914   |   00:12:32   |   00:39:41   |
12100000    |       -2.22137   |              0   |       -2.22137   |   00:12:38   |   00:39:34   |
12200000    |       -6.99538   |              0   |       -6.99538   |   00:12:45   |   00:39:30   |
12300000    |       -13.8661   |              0   |       -13.8661   |   00:12:51   |   00:39:23   |
12400000    |       -4.30752   |              0   |       -4.30752   |   00:12:58   |   00:39:19   |
12500000    |       -5.59397   |              0   |       -5.59397   |   00:13:04   |   00:39:12   |
12600000    |       -3.32502   |              0   |       -3.32502   |   00:13:11   |   00:39:07   |
12700000    |       -8.02122   |              0   |       -8.02122   |   00:13:18   |   00:39:03   |
12800000    |       -2.41397   |              0   |       -2.41397   |   00:13:25   |   00:38:59   |
12900000    |       -5.13783   |              0   |       -5.13783   |   00:13:31   |   00:38:52   |
13000000    |       -8.62612   |              0   |       -8.62612   |   00:13:38   |   00:38:48   |
13100000    |       -4.56182   |              0   |       -4.56182   |   00:13:45   |   00:38:43   |
13200000    |       -1.33711   |              0   |       -1.33711   |   00:13:52   |   00:38:39   |
13300000    |       -3.62258   |              0   |       -3.62258   |   00:13:59   |   00:38:35   |
13400000    |       -5.26822   |              0   |       -5.26822   |   00:14:05   |   00:38:27   |
13500000    |       -6.66958   |              0   |       -6.66958   |   00:14:12   |   00:38:23   |
13600000    |       -5.79209   |              0   |       -5.79209   |   00:14:19   |   00:38:19   |
13700000    |         -9.491   |              0   |         -9.491   |   00:14:26   |   00:38:14   |
13800000    |      -0.508242   |              0   |      -0.508242   |   00:14:33   |   00:38:10   |
13900000    |       -3.10767   |              0   |       -3.10767   |   00:14:40   |   00:38:05   |


Iter        |      Posterior   |     Likelihood   |          Prior   |    elapsed   |        ETA   |
----------------------------------------------------------------------------------------------------
14000000    |        -2.6189   |              0   |        -2.6189   |   00:14:47   |   00:38:00   |
14100000    |       0.865683   |              0   |       0.865683   |   00:14:54   |   00:37:56   |
14200000    |       -8.40186   |              0   |       -8.40186   |   00:15:01   |   00:37:51   |
14300000    |       -5.08361   |              0   |       -5.08361   |   00:15:08   |   00:37:46   |
14400000    |       -8.84945   |              0   |       -8.84945   |   00:15:15   |   00:37:42   |
14500000    |       -6.29019   |              0   |       -6.29019   |   00:15:22   |   00:37:37   |
14600000    |       -6.36538   |              0   |       -6.36538   |   00:15:29   |   00:37:32   |
14700000    |       -6.44778   |              0   |       -6.44778   |   00:15:36   |   00:37:27   |
14800000    |        1.13716   |              0   |        1.13716   |   00:15:43   |   00:37:22   |
14900000    |       -2.03211   |              0   |       -2.03211   |   00:15:50   |   00:37:17   |
15000000    |       -10.4161   |              0   |       -10.4161   |   00:15:57   |   00:37:13   |
15100000    |       -5.16299   |              0   |       -5.16299   |   00:16:04   |   00:37:08   |
15200000    |       -6.29659   |              0   |       -6.29659   |   00:16:11   |   00:37:03   |
15300000    |       -2.55002   |              0   |       -2.55002   |   00:16:18   |   00:36:58   |
15400000    |       -12.7204   |              0   |       -12.7204   |   00:16:26   |   00:36:55   |
15500000    |       -4.27369   |              0   |       -4.27369   |   00:16:33   |   00:36:50   |
15600000    |       -2.68554   |              0   |       -2.68554   |   00:16:40   |   00:36:45   |
15700000    |        1.51492   |              0   |        1.51492   |   00:16:47   |   00:36:40   |
15800000    |        -5.0312   |              0   |        -5.0312   |   00:16:55   |   00:36:37   |
15900000    |       -4.27438   |              0   |       -4.27438   |   00:17:02   |   00:36:31   |


Iter        |      Posterior   |     Likelihood   |          Prior   |    elapsed   |        ETA   |
----------------------------------------------------------------------------------------------------
16000000    |        -6.4793   |              0   |        -6.4793   |   00:17:09   |   00:36:26   |
16100000    |       -3.11475   |              0   |       -3.11475   |   00:17:16   |   00:36:21   |
16200000    |       -4.72447   |              0   |       -4.72447   |   00:17:24   |   00:36:18   |
16300000    |       -8.63805   |              0   |       -8.63805   |   00:17:31   |   00:36:12   |
16400000    |       -2.64474   |              0   |       -2.64474   |   00:17:38   |   00:36:07   |
16500000    |       -11.9751   |              0   |       -11.9751   |   00:17:45   |   00:36:02   |
16600000    |       -6.25283   |              0   |       -6.25283   |   00:17:53   |   00:35:58   |
16700000    |       -10.0259   |              0   |       -10.0259   |   00:18:00   |   00:35:53   |
16800000    |       -8.38399   |              0   |       -8.38399   |   00:18:08   |   00:35:50   |
16900000    |       -7.41098   |              0   |       -7.41098   |   00:18:15   |   00:35:44   |
17000000    |       -4.92411   |              0   |       -4.92411   |   00:18:23   |   00:35:41   |
17100000    |       -6.55535   |              0   |       -6.55535   |   00:18:30   |   00:35:35   |
17200000    |        -11.642   |              0   |        -11.642   |   00:18:38   |   00:35:32   |
17300000    |        -2.0424   |              0   |        -2.0424   |   00:18:46   |   00:35:28   |
17400000    |        -7.4248   |              0   |        -7.4248   |   00:18:53   |   00:35:22   |
17500000    |        2.16832   |              0   |        2.16832   |   00:19:01   |   00:35:19   |
17600000    |       -6.22248   |              0   |       -6.22248   |   00:19:09   |   00:35:15   |
17700000    |       -9.94007   |              0   |       -9.94007   |   00:19:17   |   00:35:11   |
17800000    |       -2.72865   |              0   |       -2.72865   |   00:19:24   |   00:35:05   |
17900000    |       -7.89404   |              0   |       -7.89404   |   00:19:32   |   00:35:01   |


Iter        |      Posterior   |     Likelihood   |          Prior   |    elapsed   |        ETA   |
----------------------------------------------------------------------------------------------------
18000000    |      -0.284681   |              0   |      -0.284681   |   00:19:40   |   00:34:57   |
18100000    |       -3.79994   |              0   |       -3.79994   |   00:19:47   |   00:34:52   |
18200000    |       -3.35854   |              0   |       -3.35854   |   00:19:55   |   00:34:47   |
18300000    |        -14.186   |              0   |        -14.186   |   00:20:03   |   00:34:43   |
18400000    |       -13.6675   |              0   |       -13.6675   |   00:20:11   |   00:34:39   |
18500000    |       -4.77979   |              0   |       -4.77979   |   00:20:18   |   00:34:33   |
18600000    |       -9.23361   |              0   |       -9.23361   |   00:20:26   |   00:34:29   |
18700000    |       -1.89313   |              0   |       -1.89313   |   00:20:34   |   00:34:25   |
18800000    |       -4.14001   |              0   |       -4.14001   |   00:20:42   |   00:34:21   |
18900000    |       -8.61217   |              0   |       -8.61217   |   00:20:49   |   00:34:15   |
19000000    |        -2.0368   |              0   |        -2.0368   |   00:20:57   |   00:34:10   |
19100000    |       -3.71246   |              0   |       -3.71246   |   00:21:05   |   00:34:06   |
19200000    |       -17.5882   |              0   |       -17.5882   |   00:21:13   |   00:34:02   |
19300000    |       -11.3321   |              0   |       -11.3321   |   00:21:20   |   00:33:56   |
19400000    |       -6.81493   |              0   |       -6.81493   |   00:21:28   |   00:33:51   |
19500000    |       -9.30859   |              0   |       -9.30859   |   00:21:36   |   00:33:47   |
19600000    |       -4.18114   |              0   |       -4.18114   |   00:21:44   |   00:33:42   |
19700000    |        -3.8896   |              0   |        -3.8896   |   00:21:51   |   00:33:36   |
19800000    |       -2.30406   |              0   |       -2.30406   |   00:21:59   |   00:33:31   |
19900000    |       -11.0531   |              0   |       -11.0531   |   00:22:07   |   00:33:27   |


Iter        |      Posterior   |     Likelihood   |          Prior   |    elapsed   |        ETA   |
----------------------------------------------------------------------------------------------------
20000000    |       0.596847   |              0   |       0.596847   |   00:22:15   |   00:33:22   |
20100000    |       -4.35652   |              0   |       -4.35652   |   00:22:22   |   00:33:16   |
20200000    |       0.789843   |              0   |       0.789843   |   00:22:30   |   00:33:11   |
20300000    |       -3.66229   |              0   |       -3.66229   |   00:22:38   |   00:33:06   |
20400000    |       -7.62765   |              0   |       -7.62765   |   00:22:46   |   00:33:02   |
20500000    |        -7.0587   |              0   |        -7.0587   |   00:22:53   |   00:32:55   |
20600000    |       -10.2783   |              0   |       -10.2783   |   00:23:01   |   00:32:50   |
20700000    |       -9.90831   |              0   |       -9.90831   |   00:23:09   |   00:32:46   |
20800000    |       -2.69939   |              0   |       -2.69939   |   00:23:17   |   00:32:41   |
20900000    |       -5.59947   |              0   |       -5.59947   |   00:23:24   |   00:32:34   |
21000000    |       -5.79877   |              0   |       -5.79877   |   00:23:32   |   00:32:29   |
21100000    |        -4.7774   |              0   |        -4.7774   |   00:23:40   |   00:32:24   |
21200000    |       -5.15033   |              0   |       -5.15033   |   00:23:48   |   00:32:19   |
21300000    |        -7.3663   |              0   |        -7.3663   |   00:23:55   |   00:32:13   |
21400000    |       -7.63425   |              0   |       -7.63425   |   00:24:03   |   00:32:08   |
21500000    |       0.902074   |              0   |       0.902074   |   00:24:11   |   00:32:03   |
21600000    |        -8.2383   |              0   |        -8.2383   |   00:24:18   |   00:31:57   |
21700000    |       -4.57318   |              0   |       -4.57318   |   00:24:26   |   00:31:51   |
21800000    |       -5.49751   |              0   |       -5.49751   |   00:24:34   |   00:31:46   |
21900000    |      -0.396864   |              0   |      -0.396864   |   00:24:42   |   00:31:41   |


Iter        |      Posterior   |     Likelihood   |          Prior   |    elapsed   |        ETA   |
----------------------------------------------------------------------------------------------------
22000000    |       -5.55421   |              0   |       -5.55421   |   00:24:49   |   00:31:35   |
22100000    |       -3.31411   |              0   |       -3.31411   |   00:24:57   |   00:31:29   |
22200000    |       -12.5498   |              0   |       -12.5498   |   00:25:05   |   00:31:24   |
22300000    |       -2.06209   |              0   |       -2.06209   |   00:25:13   |   00:31:19   |
22400000    |       -6.36574   |              0   |       -6.36574   |   00:25:20   |   00:31:12   |
22500000    |       0.353713   |              0   |       0.353713   |   00:25:28   |   00:31:07   |
22600000    |       -4.71064   |              0   |       -4.71064   |   00:25:36   |   00:31:02   |
22700000    |       -4.95596   |              0   |       -4.95596   |   00:25:44   |   00:30:56   |
22800000    |       -4.76226   |              0   |       -4.76226   |   00:25:51   |   00:30:50   |
22900000    |       -11.7915   |              0   |       -11.7915   |   00:25:59   |   00:30:44   |
23000000    |       -1.02509   |              0   |       -1.02509   |   00:26:07   |   00:30:39   |
23100000    |       -5.89876   |              0   |       -5.89876   |   00:26:14   |   00:30:32   |
23200000    |       -6.53482   |              0   |       -6.53482   |   00:26:22   |   00:30:27   |
23300000    |       -9.84661   |              0   |       -9.84661   |   00:26:30   |   00:30:22   |
23400000    |       -11.1856   |              0   |       -11.1856   |   00:26:38   |   00:30:16   |
23500000    |       -1.54803   |              0   |       -1.54803   |   00:26:45   |   00:30:09   |
23600000    |       -4.45145   |              0   |       -4.45145   |   00:26:53   |   00:30:04   |
23700000    |        1.62185   |              0   |        1.62185   |   00:27:01   |   00:29:58   |
23800000    |       -3.39665   |              0   |       -3.39665   |   00:27:09   |   00:29:53   |
23900000    |       -11.8004   |              0   |       -11.8004   |   00:27:16   |   00:29:46   |


Iter        |      Posterior   |     Likelihood   |          Prior   |    elapsed   |        ETA   |
----------------------------------------------------------------------------------------------------
24000000    |       -14.1856   |              0   |       -14.1856   |   00:27:24   |   00:29:41   |
24100000    |       -7.46055   |              0   |       -7.46055   |   00:27:32   |   00:29:35   |
24200000    |       -4.51321   |              0   |       -4.51321   |   00:27:40   |   00:29:29   |
24300000    |       -5.33632   |              0   |       -5.33632   |   00:27:47   |   00:29:23   |
24400000    |       -6.58606   |              0   |       -6.58606   |   00:27:55   |   00:29:17   |
24500000    |        -2.8107   |              0   |        -2.8107   |   00:28:03   |   00:29:11   |
24600000    |       -5.19282   |              0   |       -5.19282   |   00:28:11   |   00:29:05   |
24700000    |        -2.7627   |              0   |        -2.7627   |   00:28:18   |   00:28:59   |
24800000    |      -0.421886   |              0   |      -0.421886   |   00:28:26   |   00:28:53   |
24900000    |       -3.32006   |              0   |       -3.32006   |   00:28:34   |   00:28:47   |
25000000    |       -8.72518   |              0   |       -8.72518   |   00:28:42   |   00:28:42   |
25100000    |       -4.84379   |              0   |       -4.84379   |   00:28:49   |   00:28:35   |
25200000    |       -4.21812   |              0   |       -4.21812   |   00:28:57   |   00:28:29   |
25300000    |       -8.24724   |              0   |       -8.24724   |   00:29:05   |   00:28:23   |
25400000    |         1.3626   |              0   |         1.3626   |   00:29:13   |   00:28:17   |
25500000    |       -4.67742   |              0   |       -4.67742   |   00:29:20   |   00:28:10   |
25600000    |       -8.06166   |              0   |       -8.06166   |   00:29:28   |   00:28:05   |
25700000    |      -0.140997   |              0   |      -0.140997   |   00:29:36   |   00:27:59   |
25800000    |       -14.1792   |              0   |       -14.1792   |   00:29:43   |   00:27:52   |
25900000    |       -15.2607   |              0   |       -15.2607   |   00:29:51   |   00:27:46   |


Iter        |      Posterior   |     Likelihood   |          Prior   |    elapsed   |        ETA   |
----------------------------------------------------------------------------------------------------
26000000    |       -11.2616   |              0   |       -11.2616   |   00:29:59   |   00:27:40   |
26100000    |       -9.99471   |              0   |       -9.99471   |   00:30:07   |   00:27:34   |
26200000    |       -3.65085   |              0   |       -3.65085   |   00:30:14   |   00:27:27   |
26300000    |       -3.42815   |              0   |       -3.42815   |   00:30:22   |   00:27:21   |
26400000    |       -8.82991   |              0   |       -8.82991   |   00:30:30   |   00:27:15   |
26500000    |       -5.32994   |              0   |       -5.32994   |   00:30:38   |   00:27:09   |
26600000    |       -7.74419   |              0   |       -7.74419   |   00:30:45   |   00:27:03   |
26700000    |       -12.2584   |              0   |       -12.2584   |   00:30:53   |   00:26:57   |
26800000    |       -12.3556   |              0   |       -12.3556   |   00:31:01   |   00:26:51   |
26900000    |       -2.46231   |              0   |       -2.46231   |   00:31:09   |   00:26:44   |
27000000    |       -8.65914   |              0   |       -8.65914   |   00:31:16   |   00:26:38   |
27100000    |       -3.14057   |              0   |       -3.14057   |   00:31:24   |   00:26:32   |
27200000    |       -4.93116   |              0   |       -4.93116   |   00:31:32   |   00:26:25   |
27300000    |       0.276605   |              0   |       0.276605   |   00:31:40   |   00:26:19   |
27400000    |       -7.17246   |              0   |       -7.17246   |   00:31:47   |   00:26:12   |
27500000    |       -3.31576   |              0   |       -3.31576   |   00:31:55   |   00:26:06   |
27600000    |       -8.13647   |              0   |       -8.13647   |   00:32:03   |   00:26:00   |
27700000    |       -8.07961   |              0   |       -8.07961   |   00:32:11   |   00:25:54   |
27800000    |       -9.14056   |              0   |       -9.14056   |   00:32:18   |   00:25:47   |
27900000    |       -4.82281   |              0   |       -4.82281   |   00:32:26   |   00:25:41   |


Iter        |      Posterior   |     Likelihood   |          Prior   |    elapsed   |        ETA   |
----------------------------------------------------------------------------------------------------
28000000    |       -5.38281   |              0   |       -5.38281   |   00:32:34   |   00:25:35   |
28100000    |       -3.11998   |              0   |       -3.11998   |   00:32:42   |   00:25:29   |
28200000    |       -6.34745   |              0   |       -6.34745   |   00:32:49   |   00:25:22   |
28300000    |       -6.52616   |              0   |       -6.52616   |   00:32:57   |   00:25:15   |
28400000    |       -7.21477   |              0   |       -7.21477   |   00:33:05   |   00:25:09   |
28500000    |       -2.83483   |              0   |       -2.83483   |   00:33:13   |   00:25:03   |
28600000    |       -2.02775   |              0   |       -2.02775   |   00:33:20   |   00:24:56   |
28700000    |       -6.56612   |              0   |       -6.56612   |   00:33:28   |   00:24:50   |
28800000    |       -3.03838   |              0   |       -3.03838   |   00:33:36   |   00:24:44   |
28900000    |       -4.22201   |              0   |       -4.22201   |   00:33:44   |   00:24:37   |
29000000    |       -12.6048   |              0   |       -12.6048   |   00:33:51   |   00:24:30   |
29100000    |       0.767295   |              0   |       0.767295   |   00:33:59   |   00:24:24   |
29200000    |       -7.30809   |              0   |       -7.30809   |   00:34:07   |   00:24:18   |
29300000    |        1.22952   |              0   |        1.22952   |   00:34:15   |   00:24:11   |
29400000    |       -9.18143   |              0   |       -9.18143   |   00:34:22   |   00:24:04   |
29500000    |       -9.83146   |              0   |       -9.83146   |   00:34:30   |   00:23:58   |
29600000    |       -10.5581   |              0   |       -10.5581   |   00:34:38   |   00:23:52   |
29700000    |       -6.51637   |              0   |       -6.51637   |   00:34:45   |   00:23:45   |
29800000    |       -4.09973   |              0   |       -4.09973   |   00:34:53   |   00:23:38   |
29900000    |       -6.55337   |              0   |       -6.55337   |   00:35:01   |   00:23:32   |


Iter        |      Posterior   |     Likelihood   |          Prior   |    elapsed   |        ETA   |
----------------------------------------------------------------------------------------------------
30000000    |       -7.12654   |              0   |       -7.12654   |   00:35:09   |   00:23:26   |
30100000    |       -11.5661   |              0   |       -11.5661   |   00:35:16   |   00:23:18   |
30200000    |       -4.14511   |              0   |       -4.14511   |   00:35:24   |   00:23:12   |
30300000    |         -11.79   |              0   |         -11.79   |   00:35:32   |   00:23:06   |
30400000    |       -6.19909   |              0   |       -6.19909   |   00:35:40   |   00:22:59   |
30500000    |       -7.61984   |              0   |       -7.61984   |   00:35:47   |   00:22:52   |
30600000    |       -5.79806   |              0   |       -5.79806   |   00:35:55   |   00:22:46   |
30700000    |       -11.4332   |              0   |       -11.4332   |   00:36:03   |   00:22:39   |
30800000    |       -10.4578   |              0   |       -10.4578   |   00:36:11   |   00:22:33   |
30900000    |       -7.24607   |              0   |       -7.24607   |   00:36:18   |   00:22:26   |
31000000    |       -11.9252   |              0   |       -11.9252   |   00:36:26   |   00:22:19   |
31100000    |       -5.65001   |              0   |       -5.65001   |   00:36:34   |   00:22:13   |
31200000    |       -11.6688   |              0   |       -11.6688   |   00:36:41   |   00:22:06   |
31300000    |       -15.8585   |              0   |       -15.8585   |   00:36:49   |   00:21:59   |
31400000    |       -8.96593   |              0   |       -8.96593   |   00:36:57   |   00:21:53   |
31500000    |       -1.80695   |              0   |       -1.80695   |   00:37:05   |   00:21:46   |
31600000    |       -2.71896   |              0   |       -2.71896   |   00:37:12   |   00:21:39   |
31700000    |       -1.45448   |              0   |       -1.45448   |   00:37:20   |   00:21:33   |
31800000    |       -4.82592   |              0   |       -4.82592   |   00:37:28   |   00:21:26   |
31900000    |       -8.45591   |              0   |       -8.45591   |   00:37:36   |   00:21:20   |


Iter        |      Posterior   |     Likelihood   |          Prior   |    elapsed   |        ETA   |
----------------------------------------------------------------------------------------------------
32000000    |        -4.3909   |              0   |        -4.3909   |   00:37:43   |   00:21:12   |
32100000    |       -5.72923   |              0   |       -5.72923   |   00:37:51   |   00:21:06   |
32200000    |       -7.12594   |              0   |       -7.12594   |   00:37:59   |   00:20:59   |
32300000    |       -7.15061   |              0   |       -7.15061   |   00:38:07   |   00:20:53   |
32400000    |       -6.98016   |              0   |       -6.98016   |   00:38:14   |   00:20:46   |
32500000    |        0.10907   |              0   |        0.10907   |   00:38:22   |   00:20:39   |
32600000    |        -9.5767   |              0   |        -9.5767   |   00:38:30   |   00:20:32   |
32700000    |       -4.50237   |              0   |       -4.50237   |   00:38:38   |   00:20:26   |
32800000    |       -6.57996   |              0   |       -6.57996   |   00:38:45   |   00:20:19   |
32900000    |       -10.8572   |              0   |       -10.8572   |   00:38:53   |   00:20:12   |
33000000    |        2.04466   |              0   |        2.04466   |   00:39:01   |   00:20:05   |
33100000    |        2.94774   |              0   |        2.94774   |   00:39:09   |   00:19:59   |
33200000    |       -7.11567   |              0   |       -7.11567   |   00:39:16   |   00:19:52   |
33300000    |        -5.4727   |              0   |        -5.4727   |   00:39:24   |   00:19:45   |
33400000    |       -4.58181   |              0   |       -4.58181   |   00:39:32   |   00:19:38   |
33500000    |       -1.38941   |              0   |       -1.38941   |   00:39:39   |   00:19:31   |
33600000    |       -3.51837   |              0   |       -3.51837   |   00:39:47   |   00:19:25   |
33700000    |      -0.384887   |              0   |      -0.384887   |   00:39:55   |   00:19:18   |
33800000    |       -1.28332   |              0   |       -1.28332   |   00:40:03   |   00:19:11   |
33900000    |       -8.56515   |              0   |       -8.56515   |   00:40:10   |   00:19:04   |


Iter        |      Posterior   |     Likelihood   |          Prior   |    elapsed   |        ETA   |
----------------------------------------------------------------------------------------------------
34000000    |       -14.1741   |              0   |       -14.1741   |   00:40:18   |   00:18:57   |
34100000    |       -12.2033   |              0   |       -12.2033   |   00:40:26   |   00:18:51   |
34200000    |       -8.18029   |              0   |       -8.18029   |   00:40:34   |   00:18:44   |
34300000    |       -12.7236   |              0   |       -12.7236   |   00:40:41   |   00:18:37   |
34400000    |       -5.12101   |              0   |       -5.12101   |   00:40:49   |   00:18:30   |
34500000    |       -6.09132   |              0   |       -6.09132   |   00:40:57   |   00:18:23   |
34600000    |       -3.00534   |              0   |       -3.00534   |   00:41:05   |   00:18:17   |
34700000    |       -3.56818   |              0   |       -3.56818   |   00:41:12   |   00:18:09   |
34800000    |        3.49348   |              0   |        3.49348   |   00:41:20   |   00:18:03   |
34900000    |       -1.95063   |              0   |       -1.95063   |   00:41:28   |   00:17:56   |
35000000    |       -10.6318   |              0   |       -10.6318   |   00:41:35   |   00:17:49   |
35100000    |       -1.09319   |              0   |       -1.09319   |   00:41:43   |   00:17:42   |
35200000    |       -3.99623   |              0   |       -3.99623   |   00:41:51   |   00:17:35   |
35300000    |       -5.95956   |              0   |       -5.95956   |   00:41:59   |   00:17:28   |
35400000    |        -4.1156   |              0   |        -4.1156   |   00:42:06   |   00:17:21   |
35500000    |       -6.90641   |              0   |       -6.90641   |   00:42:14   |   00:17:15   |
35600000    |       -4.87329   |              0   |       -4.87329   |   00:42:22   |   00:17:08   |
35700000    |       -14.5936   |              0   |       -14.5936   |   00:42:30   |   00:17:01   |
35800000    |        -1.7991   |              0   |        -1.7991   |   00:42:37   |   00:16:54   |
35900000    |       -10.3197   |              0   |       -10.3197   |   00:42:45   |   00:16:47   |


Iter        |      Posterior   |     Likelihood   |          Prior   |    elapsed   |        ETA   |
----------------------------------------------------------------------------------------------------
36000000    |       -7.83693   |              0   |       -7.83693   |   00:42:53   |   00:16:40   |
36100000    |       -9.51072   |              0   |       -9.51072   |   00:43:01   |   00:16:33   |
36200000    |        2.19468   |              0   |        2.19468   |   00:43:08   |   00:16:26   |
36300000    |       -3.67397   |              0   |       -3.67397   |   00:43:16   |   00:16:19   |
36400000    |       0.480859   |              0   |       0.480859   |   00:43:24   |   00:16:12   |
36500000    |        -8.6153   |              0   |        -8.6153   |   00:43:32   |   00:16:06   |
36600000    |       -5.61824   |              0   |       -5.61824   |   00:43:39   |   00:15:58   |
36700000    |       -1.09886   |              0   |       -1.09886   |   00:43:47   |   00:15:52   |
36800000    |       -6.60716   |              0   |       -6.60716   |   00:43:55   |   00:15:45   |
36900000    |       -8.40601   |              0   |       -8.40601   |   00:44:02   |   00:15:37   |
37000000    |       -16.8666   |              0   |       -16.8666   |   00:44:10   |   00:15:31   |
37100000    |       -3.49421   |              0   |       -3.49421   |   00:44:18   |   00:15:24   |
37200000    |        -4.0199   |              0   |        -4.0199   |   00:44:26   |   00:15:17   |
37300000    |       -6.01817   |              0   |       -6.01817   |   00:44:33   |   00:15:10   |
37400000    |       -11.5204   |              0   |       -11.5204   |   00:44:41   |   00:15:03   |
37500000    |       -6.02652   |              0   |       -6.02652   |   00:44:49   |   00:14:56   |
37600000    |       -3.23332   |              0   |       -3.23332   |   00:44:57   |   00:14:49   |
37700000    |       -6.44136   |              0   |       -6.44136   |   00:45:04   |   00:14:42   |
37800000    |       -7.02583   |              0   |       -7.02583   |   00:45:12   |   00:14:35   |
37900000    |        1.06324   |              0   |        1.06324   |   00:45:20   |   00:14:28   |


Iter        |      Posterior   |     Likelihood   |          Prior   |    elapsed   |        ETA   |
----------------------------------------------------------------------------------------------------
38000000    |        -2.3422   |              0   |        -2.3422   |   00:45:28   |   00:14:21   |
38100000    |       -4.93025   |              0   |       -4.93025   |   00:45:35   |   00:14:14   |
38200000    |       -7.94613   |              0   |       -7.94613   |   00:45:43   |   00:14:07   |
38300000    |       0.150129   |              0   |       0.150129   |   00:45:51   |   00:14:00   |
38400000    |       -3.93487   |              0   |       -3.93487   |   00:45:59   |   00:13:53   |
38500000    |       -2.07612   |              0   |       -2.07612   |   00:46:06   |   00:13:46   |
38600000    |       -8.00211   |              0   |       -8.00211   |   00:46:14   |   00:13:39   |
38700000    |       -3.50581   |              0   |       -3.50581   |   00:46:22   |   00:13:32   |
38800000    |      -0.987116   |              0   |      -0.987116   |   00:46:30   |   00:13:25   |
38900000    |       -2.89189   |              0   |       -2.89189   |   00:46:37   |   00:13:18   |
39000000    |       -7.68044   |              0   |       -7.68044   |   00:46:45   |   00:13:11   |
39100000    |       0.298817   |              0   |       0.298817   |   00:46:53   |   00:13:04   |
39200000    |        -6.5715   |              0   |        -6.5715   |   00:47:00   |   00:12:56   |
39300000    |       -2.95877   |              0   |       -2.95877   |   00:47:08   |   00:12:49   |
39400000    |       -6.32489   |              0   |       -6.32489   |   00:47:16   |   00:12:42   |
39500000    |        1.17652   |              0   |        1.17652   |   00:47:24   |   00:12:36   |
39600000    |       -5.88417   |              0   |       -5.88417   |   00:47:31   |   00:12:28   |
39700000    |       -5.35654   |              0   |       -5.35654   |   00:47:39   |   00:12:21   |
39800000    |       -4.12479   |              0   |       -4.12479   |   00:47:47   |   00:12:14   |
39900000    |       -8.90739   |              0   |       -8.90739   |   00:47:55   |   00:12:07   |


Iter        |      Posterior   |     Likelihood   |          Prior   |    elapsed   |        ETA   |
----------------------------------------------------------------------------------------------------
40000000    |       -6.19387   |              0   |       -6.19387   |   00:48:02   |   00:12:00   |
40100000    |       -6.72443   |              0   |       -6.72443   |   00:48:10   |   00:11:53   |
40200000    |       -6.06763   |              0   |       -6.06763   |   00:48:18   |   00:11:46   |
40300000    |       -11.7952   |              0   |       -11.7952   |   00:48:26   |   00:11:39   |
40400000    |       -6.39797   |              0   |       -6.39797   |   00:48:33   |   00:11:32   |
40500000    |       -4.68535   |              0   |       -4.68535   |   00:48:41   |   00:11:25   |
40600000    |       -9.44885   |              0   |       -9.44885   |   00:48:49   |   00:11:18   |
40700000    |      -0.483553   |              0   |      -0.483553   |   00:48:57   |   00:11:11   |
40800000    |        1.15197   |              0   |        1.15197   |   00:49:04   |   00:11:03   |
40900000    |       -5.17758   |              0   |       -5.17758   |   00:49:12   |   00:10:56   |
41000000    |       -8.56831   |              0   |       -8.56831   |   00:49:20   |   00:10:49   |
41100000    |       -8.46117   |              0   |       -8.46117   |   00:49:27   |   00:10:42   |
41200000    |        -2.8793   |              0   |        -2.8793   |   00:49:35   |   00:10:35   |
41300000    |       -3.86891   |              0   |       -3.86891   |   00:49:43   |   00:10:28   |
41400000    |       -2.66742   |              0   |       -2.66742   |   00:49:51   |   00:10:21   |
41500000    |       -5.52691   |              0   |       -5.52691   |   00:49:58   |   00:10:14   |
41600000    |       -4.79712   |              0   |       -4.79712   |   00:50:06   |   00:10:06   |
41700000    |       -1.42451   |              0   |       -1.42451   |   00:50:14   |   00:09:59   |
41800000    |     -0.0547366   |              0   |     -0.0547366   |   00:50:21   |   00:09:52   |
41900000    |        -6.0857   |              0   |        -6.0857   |   00:50:29   |   00:09:45   |


Iter        |      Posterior   |     Likelihood   |          Prior   |    elapsed   |        ETA   |
----------------------------------------------------------------------------------------------------
42000000    |       -10.0327   |              0   |       -10.0327   |   00:50:37   |   00:09:38   |
42100000    |       -3.71975   |              0   |       -3.71975   |   00:50:45   |   00:09:31   |
42200000    |       -2.43161   |              0   |       -2.43161   |   00:50:52   |   00:09:24   |
42300000    |        3.05151   |              0   |        3.05151   |   00:51:00   |   00:09:17   |
42400000    |       -1.52315   |              0   |       -1.52315   |   00:51:07   |   00:09:09   |
42500000    |       -6.91029   |              0   |       -6.91029   |   00:51:15   |   00:09:02   |
42600000    |        1.63995   |              0   |        1.63995   |   00:51:23   |   00:08:55   |
42700000    |       -5.59688   |              0   |       -5.59688   |   00:51:31   |   00:08:48   |
42800000    |       -4.61248   |              0   |       -4.61248   |   00:51:39   |   00:08:41   |
42900000    |        -3.7334   |              0   |        -3.7334   |   00:51:46   |   00:08:34   |
43000000    |       -5.01771   |              0   |       -5.01771   |   00:51:54   |   00:08:26   |
43100000    |       -3.22097   |              0   |       -3.22097   |   00:52:02   |   00:08:19   |
43200000    |         1.0105   |              0   |         1.0105   |   00:52:09   |   00:08:12   |
43300000    |       -4.07302   |              0   |       -4.07302   |   00:52:17   |   00:08:05   |
43400000    |       -14.4085   |              0   |       -14.4085   |   00:52:25   |   00:07:58   |
43500000    |       -0.25387   |              0   |       -0.25387   |   00:52:33   |   00:07:51   |
43600000    |       -5.90021   |              0   |       -5.90021   |   00:52:40   |   00:07:43   |
43700000    |       -5.83668   |              0   |       -5.83668   |   00:52:48   |   00:07:36   |
43800000    |        -9.3189   |              0   |        -9.3189   |   00:52:56   |   00:07:29   |
43900000    |       -4.62027   |              0   |       -4.62027   |   00:53:04   |   00:07:22   |


Iter        |      Posterior   |     Likelihood   |          Prior   |    elapsed   |        ETA   |
----------------------------------------------------------------------------------------------------
44000000    |       -9.34564   |              0   |       -9.34564   |   00:53:11   |   00:07:15   |
44100000    |       -5.95904   |              0   |       -5.95904   |   00:53:19   |   00:07:07   |
44200000    |       -6.17283   |              0   |       -6.17283   |   00:53:27   |   00:07:00   |
44300000    |       -3.53593   |              0   |       -3.53593   |   00:53:35   |   00:06:53   |
44400000    |        -10.245   |              0   |        -10.245   |   00:53:42   |   00:06:46   |
44500000    |       -10.4109   |              0   |       -10.4109   |   00:53:50   |   00:06:39   |
44600000    |        -5.0108   |              0   |        -5.0108   |   00:53:58   |   00:06:32   |
44700000    |       -1.55391   |              0   |       -1.55391   |   00:54:05   |   00:06:24   |
44800000    |       -7.25541   |              0   |       -7.25541   |   00:54:13   |   00:06:17   |
44900000    |        -7.2765   |              0   |        -7.2765   |   00:54:21   |   00:06:10   |
45000000    |       -2.43779   |              0   |       -2.43779   |   00:54:29   |   00:06:03   |
45100000    |       -9.38211   |              0   |       -9.38211   |   00:54:36   |   00:05:55   |
45200000    |       -9.11602   |              0   |       -9.11602   |   00:54:44   |   00:05:48   |
45300000    |       -11.3151   |              0   |       -11.3151   |   00:54:52   |   00:05:41   |
45400000    |       -5.83539   |              0   |       -5.83539   |   00:55:00   |   00:05:34   |
45500000    |       -4.85279   |              0   |       -4.85279   |   00:55:07   |   00:05:27   |
45600000    |       -6.63303   |              0   |       -6.63303   |   00:55:15   |   00:05:19   |
45700000    |       -6.42294   |              0   |       -6.42294   |   00:55:23   |   00:05:12   |
45800000    |       -1.72147   |              0   |       -1.72147   |   00:55:30   |   00:05:05   |
45900000    |       -5.70201   |              0   |       -5.70201   |   00:55:38   |   00:04:58   |


Iter        |      Posterior   |     Likelihood   |          Prior   |    elapsed   |        ETA   |
----------------------------------------------------------------------------------------------------
46000000    |       -4.71793   |              0   |       -4.71793   |   00:55:46   |   00:04:50   |
46100000    |      -0.608261   |              0   |      -0.608261   |   00:55:54   |   00:04:43   |
46200000    |       -7.08326   |              0   |       -7.08326   |   00:56:01   |   00:04:36   |
46300000    |       -7.25355   |              0   |       -7.25355   |   00:56:09   |   00:04:29   |
46400000    |       -1.86957   |              0   |       -1.86957   |   00:56:17   |   00:04:22   |
46500000    |        -7.4899   |              0   |        -7.4899   |   00:56:25   |   00:04:14   |
46600000    |        -2.4202   |              0   |        -2.4202   |   00:56:32   |   00:04:07   |
46700000    |       -6.08798   |              0   |       -6.08798   |   00:56:40   |   00:04:00   |
46800000    |       -13.4805   |              0   |       -13.4805   |   00:56:48   |   00:03:53   |
46900000    |       -2.87981   |              0   |       -2.87981   |   00:56:56   |   00:03:45   |
47000000    |       -12.1841   |              0   |       -12.1841   |   00:57:03   |   00:03:38   |
47100000    |       -4.83646   |              0   |       -4.83646   |   00:57:11   |   00:03:31   |
47200000    |       -12.4577   |              0   |       -12.4577   |   00:57:19   |   00:03:24   |
47300000    |       -3.35257   |              0   |       -3.35257   |   00:57:27   |   00:03:16   |
47400000    |      -0.467414   |              0   |      -0.467414   |   00:57:34   |   00:03:09   |
47500000    |       -1.98291   |              0   |       -1.98291   |   00:57:42   |   00:03:02   |
47600000    |       -6.61094   |              0   |       -6.61094   |   00:57:50   |   00:02:54   |
47700000    |       -3.99028   |              0   |       -3.99028   |   00:57:57   |   00:02:47   |
47800000    |       -3.44282   |              0   |       -3.44282   |   00:58:05   |   00:02:40   |
47900000    |       -3.16688   |              0   |       -3.16688   |   00:58:13   |   00:02:33   |


Iter        |      Posterior   |     Likelihood   |          Prior   |    elapsed   |        ETA   |
----------------------------------------------------------------------------------------------------
48000000    |       -3.08457   |              0   |       -3.08457   |   00:58:21   |   00:02:25   |
48100000    |       -1.35324   |              0   |       -1.35324   |   00:58:28   |   00:02:18   |
48200000    |       -8.21644   |              0   |       -8.21644   |   00:58:36   |   00:02:11   |
48300000    |        -5.9639   |              0   |        -5.9639   |   00:58:44   |   00:02:04   |
48400000    |        1.92005   |              0   |        1.92005   |   00:58:52   |   00:01:56   |
48500000    |       -1.48536   |              0   |       -1.48536   |   00:58:59   |   00:01:49   |
48600000    |        -2.7588   |              0   |        -2.7588   |   00:59:07   |   00:01:42   |
48700000    |        -2.3412   |              0   |        -2.3412   |   00:59:15   |   00:01:34   |
48800000    |       -9.37326   |              0   |       -9.37326   |   00:59:22   |   00:01:27   |
48900000    |       -2.51202   |              0   |       -2.51202   |   00:59:30   |   00:01:20   |
49000000    |       -12.7176   |              0   |       -12.7176   |   00:59:38   |   00:01:13   |
49100000    |       -6.18593   |              0   |       -6.18593   |   00:59:46   |   00:01:05   |
49200000    |       -9.09809   |              0   |       -9.09809   |   00:59:53   |   00:00:58   |
49300000    |       -2.89369   |              0   |       -2.89369   |   01:00:01   |   00:00:51   |
49400000    |       -6.60411   |              0   |       -6.60411   |   01:00:09   |   00:00:43   |
49500000    |        -5.3608   |              0   |        -5.3608   |   01:00:17   |   00:00:36   |
49600000    |       -3.79072   |              0   |       -3.79072   |   01:00:24   |   00:00:29   |
49700000    |       -11.0762   |              0   |       -11.0762   |   01:00:32   |   00:00:21   |
49800000    |      -0.954622   |              0   |      -0.954622   |   01:00:40   |   00:00:14   |
49900000    |       -4.94543   |              0   |       -4.94543   |   01:00:47   |   00:00:07   |


Iter        |      Posterior   |     Likelihood   |          Prior   |    elapsed   |        ETA   |
----------------------------------------------------------------------------------------------------
50000000    |       -5.68027   |              0   |       -5.68027   |   01:00:55   |   00:00:00   |
