   
   Running MCMC simulation
   This simulation runs 1 independent replicate.
   The simulator uses 15 different moves in a random move schedule with 12 moves per iteration
   

Iter        |      Posterior   |     Likelihood   |          Prior   |    elapsed   |        ETA   |
----------------------------------------------------------------------------------------------------
0           |       -41.9719   |              0   |       -41.9719   |   00:00:00   |   --:--:--   |
100000      |       -12.3151   |              0   |       -12.3151   |   00:00:06   |   --:--:--   |
200000      |       -16.6532   |              0   |       -16.6532   |   00:00:13   |   00:53:57   |
300000      |       -17.7637   |              0   |       -17.7637   |   00:00:20   |   00:55:13   |
400000      |        -11.591   |              0   |        -11.591   |   00:00:26   |   00:53:44   |
500000      |       -11.4907   |              0   |       -11.4907   |   00:00:33   |   00:54:27   |
600000      |        -16.224   |              0   |        -16.224   |   00:00:40   |   00:54:53   |
700000      |       -13.6613   |              0   |       -13.6613   |   00:00:46   |   00:53:59   |
800000      |       -14.1365   |              0   |       -14.1365   |   00:00:53   |   00:54:19   |
900000      |       -17.0169   |              0   |       -17.0169   |   00:01:00   |   00:54:33   |
1000000     |       -17.5096   |              0   |       -17.5096   |   00:01:06   |   00:53:54   |
1100000     |        -16.779   |              0   |        -16.779   |   00:01:13   |   00:54:05   |
1200000     |       -6.99768   |              0   |       -6.99768   |   00:01:20   |   00:54:13   |
1300000     |       -11.7118   |              0   |       -11.7118   |   00:01:26   |   00:53:41   |
1400000     |       -14.7484   |              0   |       -14.7484   |   00:01:33   |   00:53:48   |
1500000     |       -18.9106   |              0   |       -18.9106   |   00:01:40   |   00:53:53   |
1600000     |       -19.8265   |              0   |       -19.8265   |   00:01:46   |   00:53:26   |
1700000     |       -19.5812   |              0   |       -19.5812   |   00:01:53   |   00:53:30   |
1800000     |       -13.4553   |              0   |       -13.4553   |   00:02:00   |   00:53:33   |
1900000     |       -12.1024   |              0   |       -12.1024   |   00:02:06   |   00:53:09   |


Iter        |      Posterior   |     Likelihood   |          Prior   |    elapsed   |        ETA   |
----------------------------------------------------------------------------------------------------
2000000     |       -17.6177   |              0   |       -17.6177   |   00:02:13   |   00:53:12   |
2100000     |       -11.6114   |              0   |       -11.6114   |   00:02:20   |   00:53:13   |
2200000     |       -20.5635   |              0   |       -20.5635   |   00:02:26   |   00:52:52   |
2300000     |       -10.2902   |              0   |       -10.2902   |   00:02:33   |   00:52:53   |
2400000     |       -15.6549   |              0   |       -15.6549   |   00:02:40   |   00:52:53   |
2500000     |       -14.1428   |              0   |       -14.1428   |   00:02:46   |   00:52:34   |
2600000     |       -18.4989   |              0   |       -18.4989   |   00:02:53   |   00:52:33   |
2700000     |       -15.5549   |              0   |       -15.5549   |   00:03:00   |   00:52:33   |
2800000     |       -10.1025   |              0   |       -10.1025   |   00:03:06   |   00:52:15   |
2900000     |       -17.6728   |              0   |       -17.6728   |   00:03:13   |   00:52:14   |
3000000     |       -9.65185   |              0   |       -9.65185   |   00:03:19   |   00:51:57   |
3100000     |       -13.8429   |              0   |       -13.8429   |   00:03:26   |   00:51:56   |
3200000     |       -12.9279   |              0   |       -12.9279   |   00:03:33   |   00:51:55   |
3300000     |       -17.8602   |              0   |       -17.8602   |   00:03:39   |   00:51:39   |
3400000     |       -11.2506   |              0   |       -11.2506   |   00:03:46   |   00:51:37   |
3500000     |        -11.754   |              0   |        -11.754   |   00:03:53   |   00:51:35   |
3600000     |       -13.4185   |              0   |       -13.4185   |   00:04:00   |   00:51:33   |
3700000     |       -11.7318   |              0   |       -11.7318   |   00:04:06   |   00:51:18   |
3800000     |       -10.4044   |              0   |       -10.4044   |   00:04:13   |   00:51:15   |
3900000     |       -17.0683   |              0   |       -17.0683   |   00:04:19   |   00:51:01   |


Iter        |      Posterior   |     Likelihood   |          Prior   |    elapsed   |        ETA   |
----------------------------------------------------------------------------------------------------
4000000     |       -17.5988   |              0   |       -17.5988   |   00:04:26   |   00:50:59   |
4100000     |        -15.752   |              0   |        -15.752   |   00:04:33   |   00:50:56   |
4200000     |       -16.6037   |              0   |       -16.6037   |   00:04:39   |   00:50:42   |
4300000     |       -16.5932   |              0   |       -16.5932   |   00:04:46   |   00:50:39   |
4400000     |       -10.3525   |              0   |       -10.3525   |   00:04:53   |   00:50:36   |
4500000     |       -14.6322   |              0   |       -14.6322   |   00:05:00   |   00:50:33   |
4600000     |       -9.72042   |              0   |       -9.72042   |   00:05:06   |   00:50:20   |
4700000     |       -13.5697   |              0   |       -13.5697   |   00:05:13   |   00:50:16   |
4800000     |       -20.3636   |              0   |       -20.3636   |   00:05:20   |   00:50:13   |
4900000     |       -7.58322   |              0   |       -7.58322   |   00:05:26   |   00:50:00   |
5000000     |       -16.4536   |              0   |       -16.4536   |   00:05:33   |   00:49:57   |
5100000     |       -11.3482   |              0   |       -11.3482   |   00:05:40   |   00:49:53   |
5200000     |       -13.8639   |              0   |       -13.8639   |   00:05:46   |   00:49:40   |
5300000     |        -16.981   |              0   |        -16.981   |   00:05:53   |   00:49:37   |
5400000     |       -21.5083   |              0   |       -21.5083   |   00:06:00   |   00:49:33   |
5500000     |       -17.4513   |              0   |       -17.4513   |   00:06:06   |   00:49:21   |
5600000     |       -13.9367   |              0   |       -13.9367   |   00:06:13   |   00:49:17   |
5700000     |       -15.6019   |              0   |       -15.6019   |   00:06:20   |   00:49:13   |
5800000     |       -13.6352   |              0   |       -13.6352   |   00:06:26   |   00:49:01   |
5900000     |       -16.0427   |              0   |       -16.0427   |   00:06:33   |   00:48:57   |


Iter        |      Posterior   |     Likelihood   |          Prior   |    elapsed   |        ETA   |
----------------------------------------------------------------------------------------------------
6000000     |       -9.31492   |              0   |       -9.31492   |   00:06:39   |   00:48:46   |
6100000     |       -17.0418   |              0   |       -17.0418   |   00:06:46   |   00:48:41   |
6200000     |       -14.0188   |              0   |       -14.0188   |   00:06:53   |   00:48:37   |
6300000     |       -18.1749   |              0   |       -18.1749   |   00:06:59   |   00:48:26   |
6400000     |       -8.42483   |              0   |       -8.42483   |   00:07:06   |   00:48:22   |
6500000     |       -12.9348   |              0   |       -12.9348   |   00:07:13   |   00:48:17   |
6600000     |       -7.69985   |              0   |       -7.69985   |   00:07:19   |   00:48:06   |
6700000     |       -10.3103   |              0   |       -10.3103   |   00:07:26   |   00:48:02   |
6800000     |       -12.2953   |              0   |       -12.2953   |   00:07:33   |   00:47:57   |
6900000     |       -13.7408   |              0   |       -13.7408   |   00:07:39   |   00:47:47   |
7000000     |       -8.90165   |              0   |       -8.90165   |   00:07:46   |   00:47:42   |
7100000     |       -10.4633   |              0   |       -10.4633   |   00:07:53   |   00:47:37   |
7200000     |       -21.9186   |              0   |       -21.9186   |   00:07:59   |   00:47:27   |
7300000     |       -11.1396   |              0   |       -11.1396   |   00:08:06   |   00:47:22   |
7400000     |       -9.48131   |              0   |       -9.48131   |   00:08:13   |   00:47:18   |
7500000     |       -13.4763   |              0   |       -13.4763   |   00:08:19   |   00:47:07   |
7600000     |       -12.3975   |              0   |       -12.3975   |   00:08:26   |   00:47:02   |
7700000     |       -7.21402   |              0   |       -7.21402   |   00:08:33   |   00:46:58   |
7800000     |       -12.5171   |              0   |       -12.5171   |   00:08:39   |   00:46:47   |
7900000     |       -11.5525   |              0   |       -11.5525   |   00:08:46   |   00:46:43   |


Iter        |      Posterior   |     Likelihood   |          Prior   |    elapsed   |        ETA   |
----------------------------------------------------------------------------------------------------
8000000     |       -12.0585   |              0   |       -12.0585   |   00:08:53   |   00:46:38   |
8100000     |       -15.3122   |              0   |       -15.3122   |   00:08:59   |   00:46:28   |
8200000     |         -19.07   |              0   |         -19.07   |   00:09:06   |   00:46:23   |
8300000     |       -6.96364   |              0   |       -6.96364   |   00:09:13   |   00:46:18   |
8400000     |       -9.97033   |              0   |       -9.97033   |   00:09:19   |   00:46:08   |
8500000     |        -16.307   |              0   |        -16.307   |   00:09:26   |   00:46:03   |
8600000     |       -19.3399   |              0   |       -19.3399   |   00:09:33   |   00:45:58   |
8700000     |       -12.8127   |              0   |       -12.8127   |   00:09:39   |   00:45:48   |
8800000     |       -9.73327   |              0   |       -9.73327   |   00:09:46   |   00:45:43   |
8900000     |       -14.3962   |              0   |       -14.3962   |   00:09:53   |   00:45:38   |
9000000     |       -19.6373   |              0   |       -19.6373   |   00:09:59   |   00:45:28   |
9100000     |       -12.7924   |              0   |       -12.7924   |   00:10:06   |   00:45:23   |
9200000     |       -11.1087   |              0   |       -11.1087   |   00:10:13   |   00:45:18   |
9300000     |       -10.1669   |              0   |       -10.1669   |   00:10:19   |   00:45:08   |
9400000     |       -12.2488   |              0   |       -12.2488   |   00:10:26   |   00:45:03   |
9500000     |       -15.8567   |              0   |       -15.8567   |   00:10:33   |   00:44:58   |
9600000     |       -12.3592   |              0   |       -12.3592   |   00:10:39   |   00:44:49   |
9700000     |       -12.8104   |              0   |       -12.8104   |   00:10:46   |   00:44:43   |
9800000     |       -13.0597   |              0   |       -13.0597   |   00:10:53   |   00:44:38   |
9900000     |       -9.92665   |              0   |       -9.92665   |   00:10:59   |   00:44:29   |


Iter        |      Posterior   |     Likelihood   |          Prior   |    elapsed   |        ETA   |
----------------------------------------------------------------------------------------------------
10000000    |       -9.37275   |              0   |       -9.37275   |   00:11:06   |   00:44:24   |
10100000    |       -8.37332   |              0   |       -8.37332   |   00:11:13   |   00:44:18   |
10200000    |       -13.7311   |              0   |       -13.7311   |   00:11:19   |   00:44:09   |
10300000    |       -20.1212   |              0   |       -20.1212   |   00:11:26   |   00:44:04   |
10400000    |       -13.1483   |              0   |       -13.1483   |   00:11:33   |   00:43:58   |
10500000    |       -15.9815   |              0   |       -15.9815   |   00:11:39   |   00:43:49   |
10600000    |       -15.9375   |              0   |       -15.9375   |   00:11:46   |   00:43:44   |
10700000    |       -15.9665   |              0   |       -15.9665   |   00:11:53   |   00:43:38   |
10800000    |       -17.9988   |              0   |       -17.9988   |   00:11:59   |   00:43:29   |
10900000    |       -9.65769   |              0   |       -9.65769   |   00:12:06   |   00:43:24   |
11000000    |       -8.91972   |              0   |       -8.91972   |   00:12:13   |   00:43:18   |
11100000    |       -11.2457   |              0   |       -11.2457   |   00:12:19   |   00:43:09   |
11200000    |       -15.3831   |              0   |       -15.3831   |   00:12:26   |   00:43:04   |
11300000    |       -16.8343   |              0   |       -16.8343   |   00:12:33   |   00:42:58   |
11400000    |       -11.2402   |              0   |       -11.2402   |   00:12:39   |   00:42:49   |
11500000    |       -11.8393   |              0   |       -11.8393   |   00:12:46   |   00:42:44   |
11600000    |       -11.2117   |              0   |       -11.2117   |   00:12:53   |   00:42:38   |
11700000    |       -22.5923   |              0   |       -22.5923   |   00:12:59   |   00:42:30   |
11800000    |        -15.664   |              0   |        -15.664   |   00:13:06   |   00:42:24   |
11900000    |       -10.5382   |              0   |       -10.5382   |   00:13:13   |   00:42:18   |


Iter        |      Posterior   |     Likelihood   |          Prior   |    elapsed   |        ETA   |
----------------------------------------------------------------------------------------------------
12000000    |        -18.136   |              0   |        -18.136   |   00:13:19   |   00:42:10   |
12100000    |       -12.8596   |              0   |       -12.8596   |   00:13:26   |   00:42:04   |
12200000    |       -8.65513   |              0   |       -8.65513   |   00:13:33   |   00:41:58   |
12300000    |       -15.4756   |              0   |       -15.4756   |   00:13:39   |   00:41:50   |
12400000    |       -11.4828   |              0   |       -11.4828   |   00:13:46   |   00:41:44   |
12500000    |         -12.95   |              0   |         -12.95   |   00:13:53   |   00:41:39   |
12600000    |       -8.13662   |              0   |       -8.13662   |   00:13:59   |   00:41:30   |
12700000    |       -13.1608   |              0   |       -13.1608   |   00:14:06   |   00:41:24   |
12800000    |       -12.5852   |              0   |       -12.5852   |   00:14:12   |   00:41:16   |
12900000    |       -17.0919   |              0   |       -17.0919   |   00:14:19   |   00:41:10   |
13000000    |        -22.841   |              0   |        -22.841   |   00:14:26   |   00:41:04   |
13100000    |        -11.761   |              0   |        -11.761   |   00:14:32   |   00:40:56   |
13200000    |         -12.47   |              0   |         -12.47   |   00:14:39   |   00:40:50   |
13300000    |       -20.1166   |              0   |       -20.1166   |   00:14:46   |   00:40:44   |
13400000    |       -9.43092   |              0   |       -9.43092   |   00:14:52   |   00:40:36   |
13500000    |       -12.7157   |              0   |       -12.7157   |   00:14:59   |   00:40:30   |
13600000    |       -10.7466   |              0   |       -10.7466   |   00:15:06   |   00:40:24   |
13700000    |        -9.6543   |              0   |        -9.6543   |   00:15:12   |   00:40:16   |
13800000    |       -7.81775   |              0   |       -7.81775   |   00:15:19   |   00:40:10   |
13900000    |       -8.11984   |              0   |       -8.11984   |   00:15:26   |   00:40:04   |


Iter        |      Posterior   |     Likelihood   |          Prior   |    elapsed   |        ETA   |
----------------------------------------------------------------------------------------------------
14000000    |       -13.8758   |              0   |       -13.8758   |   00:15:32   |   00:39:56   |
14100000    |       -11.8603   |              0   |       -11.8603   |   00:15:39   |   00:39:50   |
14200000    |       -8.56401   |              0   |       -8.56401   |   00:15:46   |   00:39:44   |
14300000    |       -17.5171   |              0   |       -17.5171   |   00:15:52   |   00:39:36   |
14400000    |       -11.6621   |              0   |       -11.6621   |   00:15:59   |   00:39:30   |
14500000    |       -15.0677   |              0   |       -15.0677   |   00:16:06   |   00:39:25   |
14600000    |       -15.4206   |              0   |       -15.4206   |   00:16:12   |   00:39:16   |
14700000    |       -15.0136   |              0   |       -15.0136   |   00:16:19   |   00:39:10   |
14800000    |        -7.1785   |              0   |        -7.1785   |   00:16:26   |   00:39:05   |
14900000    |       -13.7248   |              0   |       -13.7248   |   00:16:32   |   00:38:56   |
15000000    |       -15.7114   |              0   |       -15.7114   |   00:16:39   |   00:38:51   |
15100000    |       -16.8728   |              0   |       -16.8728   |   00:16:46   |   00:38:45   |
15200000    |       -14.6259   |              0   |       -14.6259   |   00:16:52   |   00:38:36   |
15300000    |       -10.6238   |              0   |       -10.6238   |   00:16:59   |   00:38:31   |
15400000    |       -13.9778   |              0   |       -13.9778   |   00:17:05   |   00:38:22   |
15500000    |       -14.1884   |              0   |       -14.1884   |   00:17:12   |   00:38:17   |
15600000    |       -19.6299   |              0   |       -19.6299   |   00:17:19   |   00:38:11   |
15700000    |       -11.7004   |              0   |       -11.7004   |   00:17:25   |   00:38:03   |
15800000    |       -16.9047   |              0   |       -16.9047   |   00:17:32   |   00:37:57   |
15900000    |       -14.5031   |              0   |       -14.5031   |   00:17:39   |   00:37:51   |


Iter        |      Posterior   |     Likelihood   |          Prior   |    elapsed   |        ETA   |
----------------------------------------------------------------------------------------------------
16000000    |       -5.00421   |              0   |       -5.00421   |   00:17:45   |   00:37:43   |
16100000    |       -17.7743   |              0   |       -17.7743   |   00:17:52   |   00:37:37   |
16200000    |       -11.7909   |              0   |       -11.7909   |   00:17:59   |   00:37:31   |
16300000    |       -8.88946   |              0   |       -8.88946   |   00:18:05   |   00:37:23   |
16400000    |       -10.3684   |              0   |       -10.3684   |   00:18:12   |   00:37:17   |
16500000    |       -14.4587   |              0   |       -14.4587   |   00:18:19   |   00:37:11   |
16600000    |       -13.2821   |              0   |       -13.2821   |   00:18:25   |   00:37:03   |
16700000    |       -10.7203   |              0   |       -10.7203   |   00:18:32   |   00:36:57   |
16800000    |       -12.7264   |              0   |       -12.7264   |   00:18:39   |   00:36:51   |
16900000    |       -9.18051   |              0   |       -9.18051   |   00:18:45   |   00:36:43   |
17000000    |       -9.25156   |              0   |       -9.25156   |   00:18:52   |   00:36:37   |
17100000    |       -17.0065   |              0   |       -17.0065   |   00:18:59   |   00:36:31   |
17200000    |       -21.7969   |              0   |       -21.7969   |   00:19:05   |   00:36:23   |
17300000    |       -12.1384   |              0   |       -12.1384   |   00:19:12   |   00:36:17   |
17400000    |        -16.429   |              0   |        -16.429   |   00:19:19   |   00:36:11   |
17500000    |       -16.9541   |              0   |       -16.9541   |   00:19:25   |   00:36:03   |
17600000    |       -14.6148   |              0   |       -14.6148   |   00:19:32   |   00:35:57   |
17700000    |       -15.0332   |              0   |       -15.0332   |   00:19:39   |   00:35:51   |
17800000    |       -13.1788   |              0   |       -13.1788   |   00:19:45   |   00:35:43   |
17900000    |       -8.90815   |              0   |       -8.90815   |   00:19:52   |   00:35:37   |


Iter        |      Posterior   |     Likelihood   |          Prior   |    elapsed   |        ETA   |
----------------------------------------------------------------------------------------------------
18000000    |       -20.1948   |              0   |       -20.1948   |   00:19:59   |   00:35:31   |
18100000    |       -7.42923   |              0   |       -7.42923   |   00:20:05   |   00:35:23   |
18200000    |       -13.6778   |              0   |       -13.6778   |   00:20:12   |   00:35:17   |
18300000    |       -24.1723   |              0   |       -24.1723   |   00:20:19   |   00:35:11   |
18400000    |       -15.3233   |              0   |       -15.3233   |   00:20:25   |   00:35:03   |
18500000    |       -22.3788   |              0   |       -22.3788   |   00:20:32   |   00:34:57   |
18600000    |       -15.8788   |              0   |       -15.8788   |   00:20:39   |   00:34:51   |
18700000    |       -9.58195   |              0   |       -9.58195   |   00:20:45   |   00:34:43   |
18800000    |       -9.03774   |              0   |       -9.03774   |   00:20:52   |   00:34:37   |
18900000    |       -10.0279   |              0   |       -10.0279   |   00:20:59   |   00:34:31   |
19000000    |       -9.24594   |              0   |       -9.24594   |   00:21:05   |   00:34:23   |
19100000    |       -15.4432   |              0   |       -15.4432   |   00:21:12   |   00:34:17   |
19200000    |       -13.7407   |              0   |       -13.7407   |   00:21:18   |   00:34:10   |
19300000    |       -16.4748   |              0   |       -16.4748   |   00:21:25   |   00:34:04   |
19400000    |       -10.2245   |              0   |       -10.2245   |   00:21:32   |   00:33:57   |
19500000    |       -7.72764   |              0   |       -7.72764   |   00:21:38   |   00:33:50   |
19600000    |       -9.58093   |              0   |       -9.58093   |   00:21:45   |   00:33:44   |
19700000    |       -10.0025   |              0   |       -10.0025   |   00:21:51   |   00:33:36   |
19800000    |       -7.84678   |              0   |       -7.84678   |   00:21:58   |   00:33:30   |
19900000    |       -21.2504   |              0   |       -21.2504   |   00:22:05   |   00:33:24   |


Iter        |      Posterior   |     Likelihood   |          Prior   |    elapsed   |        ETA   |
----------------------------------------------------------------------------------------------------
20000000    |       -10.3355   |              0   |       -10.3355   |   00:22:11   |   00:33:16   |
20100000    |       -13.6477   |              0   |       -13.6477   |   00:22:18   |   00:33:10   |
20200000    |       -8.79223   |              0   |       -8.79223   |   00:22:25   |   00:33:04   |
20300000    |       -10.5276   |              0   |       -10.5276   |   00:22:31   |   00:32:56   |
20400000    |       -15.6695   |              0   |       -15.6695   |   00:22:38   |   00:32:50   |
20500000    |       -14.5343   |              0   |       -14.5343   |   00:22:45   |   00:32:44   |
20600000    |       -11.3124   |              0   |       -11.3124   |   00:22:51   |   00:32:36   |
20700000    |       -19.3903   |              0   |       -19.3903   |   00:22:58   |   00:32:30   |
20800000    |       -10.1238   |              0   |       -10.1238   |   00:23:05   |   00:32:24   |
20900000    |       -19.7526   |              0   |       -19.7526   |   00:23:11   |   00:32:16   |
21000000    |        -12.272   |              0   |        -12.272   |   00:23:18   |   00:32:10   |
21100000    |       -9.90098   |              0   |       -9.90098   |   00:23:24   |   00:32:03   |
21200000    |       -5.82913   |              0   |       -5.82913   |   00:23:31   |   00:31:56   |
21300000    |       -20.1027   |              0   |       -20.1027   |   00:23:38   |   00:31:50   |
21400000    |        -11.671   |              0   |        -11.671   |   00:23:44   |   00:31:43   |
21500000    |       -14.4359   |              0   |       -14.4359   |   00:23:51   |   00:31:36   |
21600000    |            -13   |              0   |            -13   |   00:23:58   |   00:31:30   |
21700000    |       -14.9519   |              0   |       -14.9519   |   00:24:04   |   00:31:23   |
21800000    |       -11.5283   |              0   |       -11.5283   |   00:24:11   |   00:31:16   |
21900000    |       -10.8227   |              0   |       -10.8227   |   00:24:18   |   00:31:10   |


Iter        |      Posterior   |     Likelihood   |          Prior   |    elapsed   |        ETA   |
----------------------------------------------------------------------------------------------------
22000000    |       -18.7011   |              0   |       -18.7011   |   00:24:24   |   00:31:03   |
22100000    |       -9.58482   |              0   |       -9.58482   |   00:24:31   |   00:30:57   |
22200000    |       -13.0039   |              0   |       -13.0039   |   00:24:38   |   00:30:50   |
22300000    |       -13.6841   |              0   |       -13.6841   |   00:24:44   |   00:30:43   |
22400000    |       -20.2126   |              0   |       -20.2126   |   00:24:51   |   00:30:37   |
22500000    |       -10.5785   |              0   |       -10.5785   |   00:24:58   |   00:30:30   |
22600000    |       -10.4587   |              0   |       -10.4587   |   00:25:04   |   00:30:23   |
22700000    |       -14.5011   |              0   |       -14.5011   |   00:25:11   |   00:30:17   |
22800000    |       -12.1118   |              0   |       -12.1118   |   00:25:18   |   00:30:10   |
22900000    |       -12.1081   |              0   |       -12.1081   |   00:25:24   |   00:30:03   |
23000000    |       -16.7184   |              0   |       -16.7184   |   00:25:31   |   00:29:57   |
23100000    |       -12.3889   |              0   |       -12.3889   |   00:25:38   |   00:29:51   |
23200000    |       -18.8398   |              0   |       -18.8398   |   00:25:44   |   00:29:43   |
23300000    |       -20.5583   |              0   |       -20.5583   |   00:25:51   |   00:29:37   |
23400000    |       -15.0833   |              0   |       -15.0833   |   00:25:58   |   00:29:31   |
23500000    |       -20.1805   |              0   |       -20.1805   |   00:26:04   |   00:29:23   |
23600000    |       -12.3878   |              0   |       -12.3878   |   00:26:11   |   00:29:17   |
23700000    |       -14.3559   |              0   |       -14.3559   |   00:26:17   |   00:29:10   |
23800000    |       -15.3146   |              0   |       -15.3146   |   00:26:24   |   00:29:03   |
23900000    |       -9.66445   |              0   |       -9.66445   |   00:26:31   |   00:28:57   |


Iter        |      Posterior   |     Likelihood   |          Prior   |    elapsed   |        ETA   |
----------------------------------------------------------------------------------------------------
24000000    |       -12.7058   |              0   |       -12.7058   |   00:26:37   |   00:28:50   |
24100000    |        -7.7941   |              0   |        -7.7941   |   00:26:44   |   00:28:43   |
24200000    |        -10.887   |              0   |        -10.887   |   00:26:51   |   00:28:37   |
24300000    |       -17.5885   |              0   |       -17.5885   |   00:26:57   |   00:28:30   |
24400000    |       -15.4032   |              0   |       -15.4032   |   00:27:04   |   00:28:23   |
24500000    |       -13.5519   |              0   |       -13.5519   |   00:27:11   |   00:28:17   |
24600000    |       -15.8424   |              0   |       -15.8424   |   00:27:17   |   00:28:10   |
24700000    |       -13.2958   |              0   |       -13.2958   |   00:27:24   |   00:28:03   |
24800000    |        -12.249   |              0   |        -12.249   |   00:27:31   |   00:27:57   |
24900000    |        -15.026   |              0   |        -15.026   |   00:27:37   |   00:27:50   |
25000000    |       -14.4107   |              0   |       -14.4107   |   00:27:44   |   00:27:44   |
25100000    |       -10.1129   |              0   |       -10.1129   |   00:27:51   |   00:27:37   |
25200000    |       -10.1455   |              0   |       -10.1455   |   00:27:57   |   00:27:30   |
25300000    |       -13.5366   |              0   |       -13.5366   |   00:28:04   |   00:27:24   |
25400000    |       -12.5149   |              0   |       -12.5149   |   00:28:10   |   00:27:16   |
25500000    |       -19.2883   |              0   |       -19.2883   |   00:28:17   |   00:27:10   |
25600000    |        -11.517   |              0   |        -11.517   |   00:28:24   |   00:27:04   |
25700000    |       -12.7114   |              0   |       -12.7114   |   00:28:30   |   00:26:56   |
25800000    |        -13.997   |              0   |        -13.997   |   00:28:37   |   00:26:50   |
25900000    |       -11.5008   |              0   |       -11.5008   |   00:28:44   |   00:26:44   |


Iter        |      Posterior   |     Likelihood   |          Prior   |    elapsed   |        ETA   |
----------------------------------------------------------------------------------------------------
26000000    |       -12.8234   |              0   |       -12.8234   |   00:28:50   |   00:26:36   |
26100000    |       -24.5076   |              0   |       -24.5076   |   00:28:57   |   00:26:30   |
26200000    |       -11.1503   |              0   |       -11.1503   |   00:29:04   |   00:26:24   |
26300000    |       -16.5176   |              0   |       -16.5176   |   00:29:10   |   00:26:16   |
26400000    |       -16.5941   |              0   |       -16.5941   |   00:29:17   |   00:26:10   |
26500000    |       -17.7317   |              0   |       -17.7317   |   00:29:24   |   00:26:04   |
26600000    |       -8.39176   |              0   |       -8.39176   |   00:29:30   |   00:25:57   |
26700000    |       -5.85573   |              0   |       -5.85573   |   00:29:37   |   00:25:50   |
26800000    |       -16.7195   |              0   |       -16.7195   |   00:29:44   |   00:25:44   |
26900000    |       -14.3859   |              0   |       -14.3859   |   00:29:50   |   00:25:37   |
27000000    |       -11.3526   |              0   |       -11.3526   |   00:29:57   |   00:25:30   |
27100000    |       -11.3129   |              0   |       -11.3129   |   00:30:04   |   00:25:24   |
27200000    |       -19.1505   |              0   |       -19.1505   |   00:30:10   |   00:25:17   |
27300000    |       -15.8802   |              0   |       -15.8802   |   00:30:17   |   00:25:10   |
27400000    |       -14.8053   |              0   |       -14.8053   |   00:30:23   |   00:25:03   |
27500000    |       -16.4146   |              0   |       -16.4146   |   00:30:30   |   00:24:57   |
27600000    |       -15.2679   |              0   |       -15.2679   |   00:30:37   |   00:24:50   |
27700000    |       -15.2884   |              0   |       -15.2884   |   00:30:43   |   00:24:43   |
27800000    |       -11.0859   |              0   |       -11.0859   |   00:30:50   |   00:24:37   |
27900000    |       -10.3192   |              0   |       -10.3192   |   00:30:57   |   00:24:30   |


Iter        |      Posterior   |     Likelihood   |          Prior   |    elapsed   |        ETA   |
----------------------------------------------------------------------------------------------------
28000000    |       -23.8858   |              0   |       -23.8858   |   00:31:03   |   00:24:23   |
28100000    |       -18.3105   |              0   |       -18.3105   |   00:31:10   |   00:24:17   |
28200000    |        -15.799   |              0   |        -15.799   |   00:31:17   |   00:24:11   |
28300000    |       -10.6105   |              0   |       -10.6105   |   00:31:23   |   00:24:03   |
28400000    |       -17.5152   |              0   |       -17.5152   |   00:31:30   |   00:23:57   |
28500000    |       -15.4237   |              0   |       -15.4237   |   00:31:37   |   00:23:51   |
28600000    |       -10.3468   |              0   |       -10.3468   |   00:31:43   |   00:23:43   |
28700000    |        -13.472   |              0   |        -13.472   |   00:31:50   |   00:23:37   |
28800000    |       -13.6827   |              0   |       -13.6827   |   00:31:57   |   00:23:31   |
28900000    |       -10.6334   |              0   |       -10.6334   |   00:32:03   |   00:23:23   |
29000000    |       -19.3997   |              0   |       -19.3997   |   00:32:10   |   00:23:17   |
29100000    |       -12.4741   |              0   |       -12.4741   |   00:32:17   |   00:23:11   |
29200000    |       -17.0402   |              0   |       -17.0402   |   00:32:23   |   00:23:04   |
29300000    |       -17.9228   |              0   |       -17.9228   |   00:32:30   |   00:22:57   |
29400000    |       -11.8521   |              0   |       -11.8521   |   00:32:37   |   00:22:51   |
29500000    |       -7.03585   |              0   |       -7.03585   |   00:32:44   |   00:22:44   |
29600000    |       -13.5044   |              0   |       -13.5044   |   00:32:50   |   00:22:37   |
29700000    |       -16.9534   |              0   |       -16.9534   |   00:32:57   |   00:22:31   |
29800000    |       -15.6013   |              0   |       -15.6013   |   00:33:04   |   00:22:24   |
29900000    |       -8.50666   |              0   |       -8.50666   |   00:33:10   |   00:22:17   |


Iter        |      Posterior   |     Likelihood   |          Prior   |    elapsed   |        ETA   |
----------------------------------------------------------------------------------------------------
30000000    |        -11.386   |              0   |        -11.386   |   00:33:17   |   00:22:11   |
30100000    |       -12.2568   |              0   |       -12.2568   |   00:33:23   |   00:22:04   |
30200000    |       -18.3399   |              0   |       -18.3399   |   00:33:30   |   00:21:57   |
30300000    |       -16.7629   |              0   |       -16.7629   |   00:33:37   |   00:21:51   |
30400000    |       -11.0862   |              0   |       -11.0862   |   00:33:43   |   00:21:44   |
30500000    |       -9.80618   |              0   |       -9.80618   |   00:33:50   |   00:21:37   |
30600000    |        -20.038   |              0   |        -20.038   |   00:33:57   |   00:21:31   |
30700000    |        -11.569   |              0   |        -11.569   |   00:34:03   |   00:21:24   |
30800000    |       -24.8991   |              0   |       -24.8991   |   00:34:10   |   00:21:17   |
30900000    |       -16.3681   |              0   |       -16.3681   |   00:34:17   |   00:21:11   |
31000000    |       -9.94363   |              0   |       -9.94363   |   00:34:23   |   00:21:04   |
31100000    |       -12.8089   |              0   |       -12.8089   |   00:34:30   |   00:20:57   |
31200000    |       -10.0986   |              0   |       -10.0986   |   00:34:37   |   00:20:51   |
31300000    |       -24.5481   |              0   |       -24.5481   |   00:34:43   |   00:20:44   |
31400000    |       -18.3219   |              0   |       -18.3219   |   00:34:50   |   00:20:38   |
31500000    |       -15.7813   |              0   |       -15.7813   |   00:34:56   |   00:20:30   |
31600000    |        -10.356   |              0   |        -10.356   |   00:35:03   |   00:20:24   |
31700000    |       -12.0967   |              0   |       -12.0967   |   00:35:10   |   00:20:18   |
31800000    |       -16.8296   |              0   |       -16.8296   |   00:35:16   |   00:20:11   |
31900000    |         -17.73   |              0   |         -17.73   |   00:35:23   |   00:20:04   |


Iter        |      Posterior   |     Likelihood   |          Prior   |    elapsed   |        ETA   |
----------------------------------------------------------------------------------------------------
32000000    |       -15.3046   |              0   |       -15.3046   |   00:35:30   |   00:19:58   |
32100000    |       -10.8047   |              0   |       -10.8047   |   00:35:36   |   00:19:51   |
32200000    |       -19.6415   |              0   |       -19.6415   |   00:35:43   |   00:19:44   |
32300000    |       -17.8056   |              0   |       -17.8056   |   00:35:50   |   00:19:38   |
32400000    |       -22.1003   |              0   |       -22.1003   |   00:35:56   |   00:19:31   |
32500000    |       -26.6204   |              0   |       -26.6204   |   00:36:03   |   00:19:24   |
32600000    |       -13.0797   |              0   |       -13.0797   |   00:36:10   |   00:19:18   |
32700000    |       -17.6674   |              0   |       -17.6674   |   00:36:16   |   00:19:11   |
32800000    |       -17.4494   |              0   |       -17.4494   |   00:36:23   |   00:19:04   |
32900000    |       -10.6982   |              0   |       -10.6982   |   00:36:30   |   00:18:58   |
33000000    |       -11.7104   |              0   |       -11.7104   |   00:36:36   |   00:18:51   |
33100000    |       -12.4811   |              0   |       -12.4811   |   00:36:43   |   00:18:44   |
33200000    |       -17.8872   |              0   |       -17.8872   |   00:36:50   |   00:18:38   |
33300000    |       -19.0324   |              0   |       -19.0324   |   00:36:56   |   00:18:31   |
33400000    |       -18.7401   |              0   |       -18.7401   |   00:37:03   |   00:18:24   |
33500000    |       -12.8252   |              0   |       -12.8252   |   00:37:10   |   00:18:18   |
33600000    |       -10.0422   |              0   |       -10.0422   |   00:37:16   |   00:18:11   |
33700000    |       -14.7904   |              0   |       -14.7904   |   00:37:23   |   00:18:04   |
33800000    |       -15.6934   |              0   |       -15.6934   |   00:37:30   |   00:17:58   |
33900000    |       -15.7913   |              0   |       -15.7913   |   00:37:36   |   00:17:51   |


Iter        |      Posterior   |     Likelihood   |          Prior   |    elapsed   |        ETA   |
----------------------------------------------------------------------------------------------------
34000000    |       -9.87188   |              0   |       -9.87188   |   00:37:43   |   00:17:44   |
34100000    |       -19.6556   |              0   |       -19.6556   |   00:37:50   |   00:17:38   |
34200000    |       -18.8421   |              0   |       -18.8421   |   00:37:56   |   00:17:31   |
34300000    |       -16.2125   |              0   |       -16.2125   |   00:38:03   |   00:17:24   |
34400000    |       -23.6941   |              0   |       -23.6941   |   00:38:10   |   00:17:18   |
34500000    |       -13.2127   |              0   |       -13.2127   |   00:38:16   |   00:17:11   |
34600000    |       -16.8241   |              0   |       -16.8241   |   00:38:23   |   00:17:05   |
34700000    |       -10.8964   |              0   |       -10.8964   |   00:38:30   |   00:16:58   |
34800000    |       -20.9978   |              0   |       -20.9978   |   00:38:36   |   00:16:51   |
34900000    |       -14.6798   |              0   |       -14.6798   |   00:38:43   |   00:16:45   |
35000000    |        -10.746   |              0   |        -10.746   |   00:38:50   |   00:16:38   |
35100000    |       -11.3884   |              0   |       -11.3884   |   00:38:56   |   00:16:31   |
35200000    |       -20.9063   |              0   |       -20.9063   |   00:39:03   |   00:16:25   |
35300000    |       -12.3761   |              0   |       -12.3761   |   00:39:10   |   00:16:18   |
35400000    |       -16.7619   |              0   |       -16.7619   |   00:39:16   |   00:16:11   |
35500000    |       -7.33895   |              0   |       -7.33895   |   00:39:23   |   00:16:05   |
35600000    |       -7.54276   |              0   |       -7.54276   |   00:39:30   |   00:15:58   |
35700000    |       -17.1993   |              0   |       -17.1993   |   00:39:36   |   00:15:51   |
35800000    |       -22.8587   |              0   |       -22.8587   |   00:39:43   |   00:15:45   |
35900000    |       -10.8537   |              0   |       -10.8537   |   00:39:50   |   00:15:38   |


Iter        |      Posterior   |     Likelihood   |          Prior   |    elapsed   |        ETA   |
----------------------------------------------------------------------------------------------------
36000000    |       -11.1937   |              0   |       -11.1937   |   00:39:56   |   00:15:31   |
36100000    |       -12.5813   |              0   |       -12.5813   |   00:40:03   |   00:15:25   |
36200000    |       -11.0138   |              0   |       -11.0138   |   00:40:10   |   00:15:18   |
36300000    |       -16.4936   |              0   |       -16.4936   |   00:40:16   |   00:15:11   |
36400000    |        -12.374   |              0   |        -12.374   |   00:40:23   |   00:15:05   |
36500000    |       -15.0914   |              0   |       -15.0914   |   00:40:30   |   00:14:58   |
36600000    |       -17.9792   |              0   |       -17.9792   |   00:40:36   |   00:14:51   |
36700000    |       -15.0213   |              0   |       -15.0213   |   00:40:43   |   00:14:45   |
36800000    |       -14.7893   |              0   |       -14.7893   |   00:40:50   |   00:14:38   |
36900000    |       -17.8054   |              0   |       -17.8054   |   00:40:56   |   00:14:31   |
37000000    |       -9.10432   |              0   |       -9.10432   |   00:41:03   |   00:14:25   |
37100000    |       -14.5919   |              0   |       -14.5919   |   00:41:10   |   00:14:18   |
37200000    |       -14.6477   |              0   |       -14.6477   |   00:41:16   |   00:14:11   |
37300000    |       -15.0079   |              0   |       -15.0079   |   00:41:23   |   00:14:05   |
37400000    |       -12.2981   |              0   |       -12.2981   |   00:41:30   |   00:13:58   |
37500000    |       -9.27966   |              0   |       -9.27966   |   00:41:36   |   00:13:52   |
37600000    |        -11.136   |              0   |        -11.136   |   00:41:43   |   00:13:45   |
37700000    |       -9.92847   |              0   |       -9.92847   |   00:41:50   |   00:13:38   |
37800000    |       -11.1534   |              0   |       -11.1534   |   00:41:57   |   00:13:32   |
37900000    |       -19.5849   |              0   |       -19.5849   |   00:42:03   |   00:13:25   |


Iter        |      Posterior   |     Likelihood   |          Prior   |    elapsed   |        ETA   |
----------------------------------------------------------------------------------------------------
38000000    |       -14.4929   |              0   |       -14.4929   |   00:42:10   |   00:13:18   |
38100000    |       -13.8178   |              0   |       -13.8178   |   00:42:17   |   00:13:12   |
38200000    |       -10.4829   |              0   |       -10.4829   |   00:42:23   |   00:13:05   |
38300000    |       -11.2408   |              0   |       -11.2408   |   00:42:30   |   00:12:58   |
38400000    |       -16.0857   |              0   |       -16.0857   |   00:42:37   |   00:12:52   |
38500000    |       -12.0927   |              0   |       -12.0927   |   00:42:43   |   00:12:45   |
38600000    |       -13.6801   |              0   |       -13.6801   |   00:42:50   |   00:12:39   |
38700000    |       -12.4335   |              0   |       -12.4335   |   00:42:57   |   00:12:32   |
38800000    |       -20.7029   |              0   |       -20.7029   |   00:43:03   |   00:12:25   |
38900000    |       -15.1093   |              0   |       -15.1093   |   00:43:10   |   00:12:19   |
39000000    |       -11.9679   |              0   |       -11.9679   |   00:43:17   |   00:12:12   |
39100000    |       -6.81873   |              0   |       -6.81873   |   00:43:23   |   00:12:05   |
39200000    |       -12.6822   |              0   |       -12.6822   |   00:43:30   |   00:11:59   |
39300000    |       -11.6096   |              0   |       -11.6096   |   00:43:37   |   00:11:52   |
39400000    |       -22.5187   |              0   |       -22.5187   |   00:43:44   |   00:11:45   |
39500000    |       -13.2676   |              0   |       -13.2676   |   00:43:50   |   00:11:39   |
39600000    |        -12.742   |              0   |        -12.742   |   00:43:57   |   00:11:32   |
39700000    |        -10.523   |              0   |        -10.523   |   00:44:04   |   00:11:25   |
39800000    |       -17.6174   |              0   |       -17.6174   |   00:44:10   |   00:11:19   |
39900000    |       -11.0322   |              0   |       -11.0322   |   00:44:17   |   00:11:12   |


Iter        |      Posterior   |     Likelihood   |          Prior   |    elapsed   |        ETA   |
----------------------------------------------------------------------------------------------------
40000000    |       -8.06363   |              0   |       -8.06363   |   00:44:24   |   00:11:06   |
40100000    |       -12.9396   |              0   |       -12.9396   |   00:44:30   |   00:10:59   |
40200000    |       -11.2161   |              0   |       -11.2161   |   00:44:37   |   00:10:52   |
40300000    |       -9.75206   |              0   |       -9.75206   |   00:44:44   |   00:10:46   |
40400000    |       -18.2973   |              0   |       -18.2973   |   00:44:50   |   00:10:39   |
40500000    |        -13.715   |              0   |        -13.715   |   00:44:57   |   00:10:32   |
40600000    |       -20.1296   |              0   |       -20.1296   |   00:45:04   |   00:10:26   |
40700000    |       -18.6312   |              0   |       -18.6312   |   00:45:10   |   00:10:19   |
40800000    |       -11.4749   |              0   |       -11.4749   |   00:45:17   |   00:10:12   |
40900000    |       -12.8221   |              0   |       -12.8221   |   00:45:24   |   00:10:06   |
41000000    |       -16.1457   |              0   |       -16.1457   |   00:45:30   |   00:09:59   |
41100000    |       -15.0866   |              0   |       -15.0866   |   00:45:37   |   00:09:52   |
41200000    |       -13.2872   |              0   |       -13.2872   |   00:45:44   |   00:09:46   |
41300000    |        -10.242   |              0   |        -10.242   |   00:45:50   |   00:09:39   |
41400000    |       -12.7773   |              0   |       -12.7773   |   00:45:57   |   00:09:32   |
41500000    |       -17.0552   |              0   |       -17.0552   |   00:46:04   |   00:09:26   |
41600000    |       -17.3114   |              0   |       -17.3114   |   00:46:10   |   00:09:19   |
41700000    |       -9.60616   |              0   |       -9.60616   |   00:46:17   |   00:09:12   |
41800000    |       -18.8795   |              0   |       -18.8795   |   00:46:24   |   00:09:06   |
41900000    |       -17.8857   |              0   |       -17.8857   |   00:46:30   |   00:08:59   |


Iter        |      Posterior   |     Likelihood   |          Prior   |    elapsed   |        ETA   |
----------------------------------------------------------------------------------------------------
42000000    |       -9.15072   |              0   |       -9.15072   |   00:46:37   |   00:08:52   |
42100000    |       -20.0722   |              0   |       -20.0722   |   00:46:44   |   00:08:46   |
42200000    |       -9.00193   |              0   |       -9.00193   |   00:46:50   |   00:08:39   |
42300000    |       -13.4503   |              0   |       -13.4503   |   00:46:57   |   00:08:32   |
42400000    |       -11.9712   |              0   |       -11.9712   |   00:47:04   |   00:08:26   |
42500000    |       -11.4926   |              0   |       -11.4926   |   00:47:10   |   00:08:19   |
42600000    |       -14.2852   |              0   |       -14.2852   |   00:47:17   |   00:08:12   |
42700000    |       -8.46252   |              0   |       -8.46252   |   00:47:24   |   00:08:06   |
42800000    |       -15.2087   |              0   |       -15.2087   |   00:47:30   |   00:07:59   |
42900000    |       -13.2361   |              0   |       -13.2361   |   00:47:37   |   00:07:52   |
43000000    |       -16.8584   |              0   |       -16.8584   |   00:47:44   |   00:07:46   |
43100000    |       -10.9551   |              0   |       -10.9551   |   00:47:50   |   00:07:39   |
43200000    |       -17.4076   |              0   |       -17.4076   |   00:47:57   |   00:07:32   |
43300000    |       -14.6049   |              0   |       -14.6049   |   00:48:04   |   00:07:26   |
43400000    |       -10.4015   |              0   |       -10.4015   |   00:48:10   |   00:07:19   |
43500000    |       -10.0222   |              0   |       -10.0222   |   00:48:17   |   00:07:12   |
43600000    |       -13.4691   |              0   |       -13.4691   |   00:48:24   |   00:07:06   |
43700000    |       -12.5725   |              0   |       -12.5725   |   00:48:30   |   00:06:59   |
43800000    |       -9.28103   |              0   |       -9.28103   |   00:48:37   |   00:06:52   |
43900000    |       -13.0747   |              0   |       -13.0747   |   00:48:44   |   00:06:46   |


Iter        |      Posterior   |     Likelihood   |          Prior   |    elapsed   |        ETA   |
----------------------------------------------------------------------------------------------------
44000000    |       -15.3667   |              0   |       -15.3667   |   00:48:51   |   00:06:39   |
44100000    |       -21.2722   |              0   |       -21.2722   |   00:48:57   |   00:06:32   |
44200000    |       -19.1831   |              0   |       -19.1831   |   00:49:04   |   00:06:26   |
44300000    |       -17.7694   |              0   |       -17.7694   |   00:49:11   |   00:06:19   |
44400000    |       -18.4873   |              0   |       -18.4873   |   00:49:17   |   00:06:12   |
44500000    |       -12.0399   |              0   |       -12.0399   |   00:49:24   |   00:06:06   |
44600000    |        -17.884   |              0   |        -17.884   |   00:49:31   |   00:05:59   |
44700000    |       -18.3072   |              0   |       -18.3072   |   00:49:37   |   00:05:52   |
44800000    |       -13.7672   |              0   |       -13.7672   |   00:49:44   |   00:05:46   |
44900000    |       -15.2777   |              0   |       -15.2777   |   00:49:51   |   00:05:39   |
45000000    |       -19.7502   |              0   |       -19.7502   |   00:49:57   |   00:05:33   |
45100000    |        -17.394   |              0   |        -17.394   |   00:50:04   |   00:05:26   |
45200000    |       -11.2931   |              0   |       -11.2931   |   00:50:11   |   00:05:19   |
45300000    |       -12.2372   |              0   |       -12.2372   |   00:50:17   |   00:05:13   |
45400000    |        -10.549   |              0   |        -10.549   |   00:50:24   |   00:05:06   |
45500000    |       -14.1336   |              0   |       -14.1336   |   00:50:31   |   00:04:59   |
45600000    |       -14.0608   |              0   |       -14.0608   |   00:50:37   |   00:04:53   |
45700000    |       -17.4621   |              0   |       -17.4621   |   00:50:44   |   00:04:46   |
45800000    |       -18.4054   |              0   |       -18.4054   |   00:50:51   |   00:04:39   |
45900000    |       -18.1724   |              0   |       -18.1724   |   00:50:57   |   00:04:33   |


Iter        |      Posterior   |     Likelihood   |          Prior   |    elapsed   |        ETA   |
----------------------------------------------------------------------------------------------------
46000000    |       -23.6823   |              0   |       -23.6823   |   00:51:04   |   00:04:26   |
46100000    |       -16.5526   |              0   |       -16.5526   |   00:51:11   |   00:04:19   |
46200000    |       -10.9518   |              0   |       -10.9518   |   00:51:17   |   00:04:13   |
46300000    |       -14.2976   |              0   |       -14.2976   |   00:51:24   |   00:04:06   |
46400000    |       -11.0449   |              0   |       -11.0449   |   00:51:31   |   00:03:59   |
46500000    |       -8.80384   |              0   |       -8.80384   |   00:51:37   |   00:03:53   |
46600000    |       -11.5378   |              0   |       -11.5378   |   00:51:44   |   00:03:46   |
46700000    |       -11.5644   |              0   |       -11.5644   |   00:51:51   |   00:03:39   |
46800000    |       -15.8931   |              0   |       -15.8931   |   00:51:57   |   00:03:33   |
46900000    |       -12.0818   |              0   |       -12.0818   |   00:52:04   |   00:03:26   |
47000000    |          -14.3   |              0   |          -14.3   |   00:52:11   |   00:03:19   |
47100000    |       -8.13637   |              0   |       -8.13637   |   00:52:17   |   00:03:13   |
47200000    |       -14.3922   |              0   |       -14.3922   |   00:52:24   |   00:03:06   |
47300000    |       -11.5103   |              0   |       -11.5103   |   00:52:31   |   00:02:59   |
47400000    |       -6.53738   |              0   |       -6.53738   |   00:52:37   |   00:02:53   |
47500000    |       -12.1544   |              0   |       -12.1544   |   00:52:44   |   00:02:46   |
47600000    |       -17.0647   |              0   |       -17.0647   |   00:52:51   |   00:02:39   |
47700000    |       -11.3686   |              0   |       -11.3686   |   00:52:57   |   00:02:33   |
47800000    |       -10.3508   |              0   |       -10.3508   |   00:53:04   |   00:02:26   |
47900000    |       -11.7932   |              0   |       -11.7932   |   00:53:11   |   00:02:19   |


Iter        |      Posterior   |     Likelihood   |          Prior   |    elapsed   |        ETA   |
----------------------------------------------------------------------------------------------------
48000000    |       -15.5133   |              0   |       -15.5133   |   00:53:17   |   00:02:13   |
48100000    |       -13.2664   |              0   |       -13.2664   |   00:53:24   |   00:02:06   |
48200000    |       -15.4954   |              0   |       -15.4954   |   00:53:31   |   00:01:59   |
48300000    |        -15.974   |              0   |        -15.974   |   00:53:37   |   00:01:53   |
48400000    |       -17.9733   |              0   |       -17.9733   |   00:53:44   |   00:01:46   |
48500000    |       -13.6688   |              0   |       -13.6688   |   00:53:51   |   00:01:39   |
48600000    |       -20.0815   |              0   |       -20.0815   |   00:53:57   |   00:01:33   |
48700000    |       -10.3913   |              0   |       -10.3913   |   00:54:04   |   00:01:26   |
48800000    |       -14.1905   |              0   |       -14.1905   |   00:54:11   |   00:01:19   |
48900000    |       -11.0298   |              0   |       -11.0298   |   00:54:17   |   00:01:13   |
49000000    |       -17.0422   |              0   |       -17.0422   |   00:54:24   |   00:01:06   |
49100000    |       -14.1281   |              0   |       -14.1281   |   00:54:31   |   00:00:59   |
49200000    |       -8.12342   |              0   |       -8.12342   |   00:54:37   |   00:00:53   |
49300000    |       -17.1745   |              0   |       -17.1745   |   00:54:44   |   00:00:46   |
49400000    |       -14.9908   |              0   |       -14.9908   |   00:54:51   |   00:00:39   |
49500000    |       -9.37749   |              0   |       -9.37749   |   00:54:57   |   00:00:33   |
49600000    |       -14.9614   |              0   |       -14.9614   |   00:55:04   |   00:00:26   |
49700000    |       -14.6251   |              0   |       -14.6251   |   00:55:11   |   00:00:19   |
49800000    |       -15.4423   |              0   |       -15.4423   |   00:55:17   |   00:00:13   |
49900000    |       -12.4042   |              0   |       -12.4042   |   00:55:24   |   00:00:06   |


Iter        |      Posterior   |     Likelihood   |          Prior   |    elapsed   |        ETA   |
----------------------------------------------------------------------------------------------------
50000000    |       -19.1006   |              0   |       -19.1006   |   00:55:31   |   00:00:00   |
