   
   Running MCMC simulation
   This simulation runs 1 independent replicate.
   The simulator uses 15 different moves in a random move schedule with 13.2 moves per iteration
   

Iter        |      Posterior   |     Likelihood   |          Prior   |    elapsed   |        ETA   |
----------------------------------------------------------------------------------------------------
0           |       -105.249   |              0   |       -105.249   |   00:00:00   |   --:--:--   |
100000      |       -30.7366   |              0   |       -30.7366   |   00:00:10   |   --:--:--   |
200000      |       -28.5584   |              0   |       -28.5584   |   00:00:19   |   01:18:51   |
300000      |       -29.1996   |              0   |       -29.1996   |   00:00:29   |   01:20:04   |
400000      |       -36.8688   |              0   |       -36.8688   |   00:00:39   |   01:20:36   |
500000      |         -41.45   |              0   |         -41.45   |   00:00:49   |   01:20:51   |
600000      |       -26.4916   |              0   |       -26.4916   |   00:00:58   |   01:19:35   |
700000      |       -31.4243   |              0   |       -31.4243   |   00:01:08   |   01:19:49   |
800000      |       -35.4577   |              0   |       -35.4577   |   00:01:18   |   01:19:57   |
900000      |       -31.4345   |              0   |       -31.4345   |   00:01:28   |   01:20:00   |
1000000     |       -27.2334   |              0   |       -27.2334   |   00:01:37   |   01:19:13   |
1100000     |       -28.1214   |              0   |       -28.1214   |   00:01:47   |   01:19:16   |
1200000     |       -32.0709   |              0   |       -32.0709   |   00:01:57   |   01:19:18   |
1300000     |       -25.2328   |              0   |       -25.2328   |   00:02:07   |   01:19:17   |
1400000     |       -28.0103   |              0   |       -28.0103   |   00:02:16   |   01:18:41   |
1500000     |       -29.4236   |              0   |       -29.4236   |   00:02:26   |   01:18:40   |
1600000     |       -30.2834   |              0   |       -30.2834   |   00:02:36   |   01:18:39   |
1700000     |       -29.1437   |              0   |       -29.1437   |   00:02:45   |   01:18:07   |
1800000     |       -36.1627   |              0   |       -36.1627   |   00:02:55   |   01:18:06   |
1900000     |       -30.7373   |              0   |       -30.7373   |   00:03:05   |   01:18:03   |


Iter        |      Posterior   |     Likelihood   |          Prior   |    elapsed   |        ETA   |
----------------------------------------------------------------------------------------------------
2000000     |       -29.4817   |              0   |       -29.4817   |   00:03:15   |   01:18:00   |
2100000     |       -38.6423   |              0   |       -38.6423   |   00:03:25   |   01:17:55   |
2200000     |       -33.3113   |              0   |       -33.3113   |   00:03:34   |   01:17:29   |
2300000     |       -33.2825   |              0   |       -33.2825   |   00:03:44   |   01:17:25   |
2400000     |       -25.7976   |              0   |       -25.7976   |   00:03:54   |   01:17:21   |
2500000     |       -38.5754   |              0   |       -38.5754   |   00:04:04   |   01:17:16   |
2600000     |       -30.1711   |              0   |       -30.1711   |   00:04:13   |   01:16:52   |
2700000     |       -29.3969   |              0   |       -29.3969   |   00:04:23   |   01:16:47   |
2800000     |       -31.2602   |              0   |       -31.2602   |   00:04:33   |   01:16:42   |
2900000     |       -30.3607   |              0   |       -30.3607   |   00:04:43   |   01:16:36   |
3000000     |       -33.7703   |              0   |       -33.7703   |   00:04:52   |   01:16:14   |
3100000     |       -29.1467   |              0   |       -29.1467   |   00:05:02   |   01:16:08   |
3200000     |       -22.7817   |              0   |       -22.7817   |   00:05:12   |   01:16:03   |
3300000     |       -29.4731   |              0   |       -29.4731   |   00:05:22   |   01:15:56   |
3400000     |        -30.618   |              0   |        -30.618   |   00:05:31   |   01:15:36   |
3500000     |       -25.9206   |              0   |       -25.9206   |   00:05:41   |   01:15:30   |
3600000     |        -33.354   |              0   |        -33.354   |   00:05:51   |   01:15:24   |
3700000     |       -32.4697   |              0   |       -32.4697   |   00:06:00   |   01:15:04   |
3800000     |       -31.4787   |              0   |       -31.4787   |   00:06:10   |   01:14:58   |
3900000     |       -34.4071   |              0   |       -34.4071   |   00:06:20   |   01:14:51   |


Iter        |      Posterior   |     Likelihood   |          Prior   |    elapsed   |        ETA   |
----------------------------------------------------------------------------------------------------
4000000     |       -39.3653   |              0   |       -39.3653   |   00:06:30   |   01:14:45   |
4100000     |       -28.7434   |              0   |       -28.7434   |   00:06:40   |   01:14:38   |
4200000     |       -30.6835   |              0   |       -30.6835   |   00:06:49   |   01:14:20   |
4300000     |       -30.8555   |              0   |       -30.8555   |   00:06:59   |   01:14:13   |
4400000     |       -28.2764   |              0   |       -28.2764   |   00:07:09   |   01:14:06   |
4500000     |       -32.3597   |              0   |       -32.3597   |   00:07:19   |   01:13:58   |
4600000     |        -31.585   |              0   |        -31.585   |   00:07:28   |   01:13:41   |
4700000     |       -32.3282   |              0   |       -32.3282   |   00:07:38   |   01:13:34   |
4800000     |       -40.0083   |              0   |       -40.0083   |   00:07:48   |   01:13:27   |
4900000     |       -27.2595   |              0   |       -27.2595   |   00:07:57   |   01:13:10   |
5000000     |       -33.6958   |              0   |       -33.6958   |   00:08:07   |   01:13:03   |
5100000     |       -35.4957   |              0   |       -35.4957   |   00:08:17   |   01:12:55   |
5200000     |       -34.9539   |              0   |       -34.9539   |   00:08:27   |   01:12:48   |
5300000     |       -33.1452   |              0   |       -33.1452   |   00:08:36   |   01:12:31   |
5400000     |       -41.6794   |              0   |       -41.6794   |   00:08:46   |   01:12:24   |
5500000     |       -31.1067   |              0   |       -31.1067   |   00:08:56   |   01:12:16   |
5600000     |       -33.6666   |              0   |       -33.6666   |   00:09:06   |   01:12:09   |
5700000     |       -35.3717   |              0   |       -35.3717   |   00:09:15   |   01:11:53   |
5800000     |       -35.5928   |              0   |       -35.5928   |   00:09:25   |   01:11:45   |
5900000     |       -26.6244   |              0   |       -26.6244   |   00:09:35   |   01:11:37   |


Iter        |      Posterior   |     Likelihood   |          Prior   |    elapsed   |        ETA   |
----------------------------------------------------------------------------------------------------
6000000     |       -27.3951   |              0   |       -27.3951   |   00:09:44   |   01:11:22   |
6100000     |       -35.1166   |              0   |       -35.1166   |   00:09:54   |   01:11:14   |
6200000     |       -31.0818   |              0   |       -31.0818   |   00:10:04   |   01:11:06   |
6300000     |       -36.6008   |              0   |       -36.6008   |   00:10:14   |   01:10:59   |
6400000     |       -30.8892   |              0   |       -30.8892   |   00:10:23   |   01:10:44   |
6500000     |       -34.3045   |              0   |       -34.3045   |   00:10:33   |   01:10:36   |
6600000     |       -33.9099   |              0   |       -33.9099   |   00:10:43   |   01:10:28   |
6700000     |       -35.3727   |              0   |       -35.3727   |   00:10:53   |   01:10:20   |
6800000     |       -27.9009   |              0   |       -27.9009   |   00:11:02   |   01:10:05   |
6900000     |       -36.3443   |              0   |       -36.3443   |   00:11:12   |   01:09:57   |
7000000     |       -33.7379   |              0   |       -33.7379   |   00:11:22   |   01:09:49   |
7100000     |       -33.8938   |              0   |       -33.8938   |   00:11:31   |   01:09:35   |
7200000     |       -32.4496   |              0   |       -32.4496   |   00:11:41   |   01:09:27   |
7300000     |       -39.7816   |              0   |       -39.7816   |   00:11:51   |   01:09:18   |
7400000     |        -28.738   |              0   |        -28.738   |   00:12:01   |   01:09:10   |
7500000     |       -28.9204   |              0   |       -28.9204   |   00:12:10   |   01:08:56   |
7600000     |       -31.4833   |              0   |       -31.4833   |   00:12:20   |   01:08:48   |
7700000     |       -39.2191   |              0   |       -39.2191   |   00:12:30   |   01:08:40   |
7800000     |       -38.3371   |              0   |       -38.3371   |   00:12:40   |   01:08:31   |
7900000     |       -33.4664   |              0   |       -33.4664   |   00:12:49   |   01:08:18   |


Iter        |      Posterior   |     Likelihood   |          Prior   |    elapsed   |        ETA   |
----------------------------------------------------------------------------------------------------
8000000     |       -34.8708   |              0   |       -34.8708   |   00:12:59   |   01:08:09   |
8100000     |       -31.3173   |              0   |       -31.3173   |   00:13:08   |   01:07:56   |
8200000     |       -27.7017   |              0   |       -27.7017   |   00:13:17   |   01:07:42   |
8300000     |       -32.9081   |              0   |       -32.9081   |   00:13:26   |   01:07:29   |
8400000     |       -29.0057   |              0   |       -29.0057   |   00:13:35   |   01:07:16   |
8500000     |       -38.5128   |              0   |       -38.5128   |   00:13:44   |   01:07:03   |
8600000     |       -27.1241   |              0   |       -27.1241   |   00:13:53   |   01:06:50   |
8700000     |       -40.1516   |              0   |       -40.1516   |   00:14:02   |   01:06:37   |
8800000     |       -28.5916   |              0   |       -28.5916   |   00:14:11   |   01:06:24   |
8900000     |       -34.8513   |              0   |       -34.8513   |   00:14:20   |   01:06:11   |
9000000     |       -39.4197   |              0   |       -39.4197   |   00:14:29   |   01:05:58   |
9100000     |       -36.0881   |              0   |       -36.0881   |   00:14:38   |   01:05:46   |
9200000     |       -34.9026   |              0   |       -34.9026   |   00:14:47   |   01:05:33   |
9300000     |       -27.0103   |              0   |       -27.0103   |   00:14:56   |   01:05:21   |
9400000     |       -34.5783   |              0   |       -34.5783   |   00:15:05   |   01:05:08   |
9500000     |        -26.661   |              0   |        -26.661   |   00:15:14   |   01:04:56   |
9600000     |       -29.8623   |              0   |       -29.8623   |   00:15:23   |   01:04:44   |
9700000     |       -27.8268   |              0   |       -27.8268   |   00:15:32   |   01:04:32   |
9800000     |       -36.2219   |              0   |       -36.2219   |   00:15:41   |   01:04:20   |
9900000     |       -39.2169   |              0   |       -39.2169   |   00:15:50   |   01:04:07   |


Iter        |      Posterior   |     Likelihood   |          Prior   |    elapsed   |        ETA   |
----------------------------------------------------------------------------------------------------
10000000    |       -39.3358   |              0   |       -39.3358   |   00:15:59   |   01:03:56   |
10100000    |       -34.1345   |              0   |       -34.1345   |   00:16:08   |   01:03:44   |
10200000    |        -37.769   |              0   |        -37.769   |   00:16:17   |   01:03:32   |
10300000    |       -38.1749   |              0   |       -38.1749   |   00:16:26   |   01:03:20   |
10400000    |        -28.193   |              0   |        -28.193   |   00:16:35   |   01:03:08   |
10500000    |       -32.9915   |              0   |       -32.9915   |   00:16:44   |   01:02:56   |
10600000    |       -30.9543   |              0   |       -30.9543   |   00:16:53   |   01:02:45   |
10700000    |       -29.7056   |              0   |       -29.7056   |   00:17:02   |   01:02:33   |
10800000    |       -29.5088   |              0   |       -29.5088   |   00:17:11   |   01:02:22   |
10900000    |       -29.9968   |              0   |       -29.9968   |   00:17:20   |   01:02:10   |
11000000    |       -36.8339   |              0   |       -36.8339   |   00:17:29   |   01:01:59   |
11100000    |       -30.6856   |              0   |       -30.6856   |   00:17:38   |   01:01:47   |
11200000    |       -39.0981   |              0   |       -39.0981   |   00:17:47   |   01:01:36   |
11300000    |       -32.1968   |              0   |       -32.1968   |   00:17:56   |   01:01:25   |
11400000    |        -33.731   |              0   |        -33.731   |   00:18:04   |   01:01:10   |
11500000    |       -28.9526   |              0   |       -28.9526   |   00:18:13   |   01:00:59   |
11600000    |       -30.6505   |              0   |       -30.6505   |   00:18:22   |   01:00:48   |
11700000    |         -37.25   |              0   |         -37.25   |   00:18:31   |   01:00:36   |
11800000    |       -33.9745   |              0   |       -33.9745   |   00:18:40   |   01:00:25   |
11900000    |       -37.6943   |              0   |       -37.6943   |   00:18:49   |   01:00:14   |


Iter        |      Posterior   |     Likelihood   |          Prior   |    elapsed   |        ETA   |
----------------------------------------------------------------------------------------------------
12000000    |       -36.1112   |              0   |       -36.1112   |   00:18:58   |   01:00:03   |
12100000    |        -34.255   |              0   |        -34.255   |   00:19:07   |   00:59:52   |
12200000    |       -36.9201   |              0   |       -36.9201   |   00:19:16   |   00:59:41   |
12300000    |        -32.149   |              0   |        -32.149   |   00:19:25   |   00:59:30   |
12400000    |       -33.9847   |              0   |       -33.9847   |   00:19:34   |   00:59:19   |
12500000    |       -34.0825   |              0   |       -34.0825   |   00:19:43   |   00:59:09   |
12600000    |       -27.5507   |              0   |       -27.5507   |   00:19:52   |   00:58:58   |
12700000    |        -31.848   |              0   |        -31.848   |   00:20:01   |   00:58:47   |
12800000    |       -39.5754   |              0   |       -39.5754   |   00:20:10   |   00:58:36   |
12900000    |       -31.2723   |              0   |       -31.2723   |   00:20:19   |   00:58:25   |
13000000    |        -26.809   |              0   |        -26.809   |   00:20:28   |   00:58:15   |
13100000    |       -34.6135   |              0   |       -34.6135   |   00:20:37   |   00:58:04   |
13200000    |       -34.1274   |              0   |       -34.1274   |   00:20:46   |   00:57:53   |
13300000    |       -31.8077   |              0   |       -31.8077   |   00:20:55   |   00:57:43   |
13400000    |       -37.8662   |              0   |       -37.8662   |   00:21:04   |   00:57:32   |
13500000    |        -36.738   |              0   |        -36.738   |   00:21:13   |   00:57:21   |
13600000    |       -31.9528   |              0   |       -31.9528   |   00:21:22   |   00:57:11   |
13700000    |       -24.8416   |              0   |       -24.8416   |   00:21:31   |   00:57:00   |
13800000    |       -41.2039   |              0   |       -41.2039   |   00:21:40   |   00:56:50   |
13900000    |       -34.2794   |              0   |       -34.2794   |   00:21:49   |   00:56:39   |


Iter        |      Posterior   |     Likelihood   |          Prior   |    elapsed   |        ETA   |
----------------------------------------------------------------------------------------------------
14000000    |       -25.2543   |              0   |       -25.2543   |   00:21:58   |   00:56:29   |
14100000    |        -39.382   |              0   |        -39.382   |   00:22:07   |   00:56:18   |
14200000    |       -31.5779   |              0   |       -31.5779   |   00:22:16   |   00:56:08   |
14300000    |       -36.0603   |              0   |       -36.0603   |   00:22:25   |   00:55:57   |
14400000    |       -35.8311   |              0   |       -35.8311   |   00:22:33   |   00:55:44   |
14500000    |       -38.1823   |              0   |       -38.1823   |   00:22:42   |   00:55:34   |
14600000    |       -30.2615   |              0   |       -30.2615   |   00:22:51   |   00:55:24   |
14700000    |       -29.5786   |              0   |       -29.5786   |   00:23:00   |   00:55:13   |
14800000    |       -25.4566   |              0   |       -25.4566   |   00:23:09   |   00:55:03   |
14900000    |       -37.2121   |              0   |       -37.2121   |   00:23:18   |   00:54:53   |
15000000    |       -28.2957   |              0   |       -28.2957   |   00:23:27   |   00:54:43   |
15100000    |       -29.0259   |              0   |       -29.0259   |   00:23:36   |   00:54:32   |
15200000    |        -30.699   |              0   |        -30.699   |   00:23:45   |   00:54:22   |
15300000    |        -29.606   |              0   |        -29.606   |   00:23:54   |   00:54:12   |
15400000    |       -34.5182   |              0   |       -34.5182   |   00:24:03   |   00:54:02   |
15500000    |       -31.4729   |              0   |       -31.4729   |   00:24:12   |   00:53:51   |
15600000    |       -38.0935   |              0   |       -38.0935   |   00:24:21   |   00:53:41   |
15700000    |       -34.1385   |              0   |       -34.1385   |   00:24:30   |   00:53:31   |
15800000    |       -30.3666   |              0   |       -30.3666   |   00:24:39   |   00:53:21   |
15900000    |       -31.4521   |              0   |       -31.4521   |   00:24:48   |   00:53:11   |


Iter        |      Posterior   |     Likelihood   |          Prior   |    elapsed   |        ETA   |
----------------------------------------------------------------------------------------------------
16000000    |       -32.8236   |              0   |       -32.8236   |   00:24:57   |   00:53:01   |
16100000    |       -26.8397   |              0   |       -26.8397   |   00:25:06   |   00:52:51   |
16200000    |        -43.464   |              0   |        -43.464   |   00:25:15   |   00:52:40   |
16300000    |       -40.0506   |              0   |       -40.0506   |   00:25:24   |   00:52:30   |
16400000    |       -30.0946   |              0   |       -30.0946   |   00:25:33   |   00:52:20   |
16500000    |       -32.5109   |              0   |       -32.5109   |   00:25:42   |   00:52:10   |
16600000    |       -32.4054   |              0   |       -32.4054   |   00:25:51   |   00:52:00   |
16700000    |       -40.0533   |              0   |       -40.0533   |   00:26:00   |   00:51:50   |
16800000    |       -35.5293   |              0   |       -35.5293   |   00:26:09   |   00:51:40   |
16900000    |       -32.9888   |              0   |       -32.9888   |   00:26:18   |   00:51:30   |
17000000    |       -35.4044   |              0   |       -35.4044   |   00:26:27   |   00:51:20   |
17100000    |       -30.4465   |              0   |       -30.4465   |   00:26:36   |   00:51:10   |
17200000    |       -30.2878   |              0   |       -30.2878   |   00:26:45   |   00:51:00   |
17300000    |       -30.4754   |              0   |       -30.4754   |   00:26:54   |   00:50:50   |
17400000    |       -34.0134   |              0   |       -34.0134   |   00:27:03   |   00:50:40   |
17500000    |       -41.0727   |              0   |       -41.0727   |   00:27:12   |   00:50:30   |
17600000    |       -44.4778   |              0   |       -44.4778   |   00:27:21   |   00:50:20   |
17700000    |       -30.9156   |              0   |       -30.9156   |   00:27:30   |   00:50:11   |
17800000    |       -29.2837   |              0   |       -29.2837   |   00:27:39   |   00:50:01   |
17900000    |       -32.1994   |              0   |       -32.1994   |   00:27:48   |   00:49:51   |


Iter        |      Posterior   |     Likelihood   |          Prior   |    elapsed   |        ETA   |
----------------------------------------------------------------------------------------------------
18000000    |       -35.2921   |              0   |       -35.2921   |   00:27:57   |   00:49:41   |
18100000    |       -32.2806   |              0   |       -32.2806   |   00:28:06   |   00:49:31   |
18200000    |        -37.246   |              0   |        -37.246   |   00:28:14   |   00:49:19   |
18300000    |        -29.693   |              0   |        -29.693   |   00:28:23   |   00:49:10   |
18400000    |        -42.828   |              0   |        -42.828   |   00:28:32   |   00:49:00   |
18500000    |       -38.9649   |              0   |       -38.9649   |   00:28:41   |   00:48:50   |
18600000    |       -42.8217   |              0   |       -42.8217   |   00:28:50   |   00:48:40   |
18700000    |        -31.253   |              0   |        -31.253   |   00:28:59   |   00:48:30   |
18800000    |       -29.5589   |              0   |       -29.5589   |   00:29:08   |   00:48:20   |
18900000    |       -34.1667   |              0   |       -34.1667   |   00:29:17   |   00:48:11   |
19000000    |       -32.3488   |              0   |       -32.3488   |   00:29:26   |   00:48:01   |
19100000    |       -33.5974   |              0   |       -33.5974   |   00:29:35   |   00:47:51   |
19200000    |       -32.9777   |              0   |       -32.9777   |   00:29:44   |   00:47:41   |
19300000    |       -32.2792   |              0   |       -32.2792   |   00:29:53   |   00:47:32   |
19400000    |        -27.526   |              0   |        -27.526   |   00:30:02   |   00:47:22   |
19500000    |       -29.6695   |              0   |       -29.6695   |   00:30:11   |   00:47:12   |
19600000    |       -35.5996   |              0   |       -35.5996   |   00:30:20   |   00:47:02   |
19700000    |       -37.5606   |              0   |       -37.5606   |   00:30:29   |   00:46:53   |
19800000    |       -36.2332   |              0   |       -36.2332   |   00:30:38   |   00:46:43   |
19900000    |       -34.4264   |              0   |       -34.4264   |   00:30:47   |   00:46:33   |


Iter        |      Posterior   |     Likelihood   |          Prior   |    elapsed   |        ETA   |
----------------------------------------------------------------------------------------------------
20000000    |       -39.4986   |              0   |       -39.4986   |   00:30:56   |   00:46:24   |
20100000    |       -33.2573   |              0   |       -33.2573   |   00:31:05   |   00:46:14   |
20200000    |       -32.0976   |              0   |       -32.0976   |   00:31:14   |   00:46:04   |
20300000    |       -26.2383   |              0   |       -26.2383   |   00:31:23   |   00:45:54   |
20400000    |        -27.878   |              0   |        -27.878   |   00:31:32   |   00:45:45   |
20500000    |        -31.554   |              0   |        -31.554   |   00:31:41   |   00:45:35   |
20600000    |       -30.4048   |              0   |       -30.4048   |   00:31:50   |   00:45:25   |
20700000    |       -28.8739   |              0   |       -28.8739   |   00:31:59   |   00:45:16   |
20800000    |       -24.8634   |              0   |       -24.8634   |   00:32:08   |   00:45:06   |
20900000    |       -42.5178   |              0   |       -42.5178   |   00:32:17   |   00:44:56   |
21000000    |       -25.4343   |              0   |       -25.4343   |   00:32:26   |   00:44:47   |
21100000    |       -33.9085   |              0   |       -33.9085   |   00:32:35   |   00:44:37   |
21200000    |       -41.3162   |              0   |       -41.3162   |   00:32:44   |   00:44:28   |
21300000    |       -26.1671   |              0   |       -26.1671   |   00:32:53   |   00:44:18   |
21400000    |       -35.8479   |              0   |       -35.8479   |   00:33:02   |   00:44:08   |
21500000    |       -31.3077   |              0   |       -31.3077   |   00:33:10   |   00:43:57   |
21600000    |       -34.4081   |              0   |       -34.4081   |   00:33:19   |   00:43:48   |
21700000    |       -28.3329   |              0   |       -28.3329   |   00:33:28   |   00:43:38   |
21800000    |       -29.9594   |              0   |       -29.9594   |   00:33:37   |   00:43:29   |
21900000    |       -28.7422   |              0   |       -28.7422   |   00:33:46   |   00:43:19   |


Iter        |      Posterior   |     Likelihood   |          Prior   |    elapsed   |        ETA   |
----------------------------------------------------------------------------------------------------
22000000    |       -26.8156   |              0   |       -26.8156   |   00:33:55   |   00:43:10   |
22100000    |        -35.517   |              0   |        -35.517   |   00:34:04   |   00:43:00   |
22200000    |       -31.9154   |              0   |       -31.9154   |   00:34:13   |   00:42:50   |
22300000    |       -36.2785   |              0   |       -36.2785   |   00:34:22   |   00:42:41   |
22400000    |       -32.3167   |              0   |       -32.3167   |   00:34:31   |   00:42:31   |
22500000    |       -35.1395   |              0   |       -35.1395   |   00:34:40   |   00:42:22   |
22600000    |       -35.0856   |              0   |       -35.0856   |   00:34:49   |   00:42:12   |
22700000    |       -36.8604   |              0   |       -36.8604   |   00:34:58   |   00:42:03   |
22800000    |       -34.9034   |              0   |       -34.9034   |   00:35:07   |   00:41:53   |
22900000    |       -36.6021   |              0   |       -36.6021   |   00:35:16   |   00:41:44   |
23000000    |       -32.9748   |              0   |       -32.9748   |   00:35:25   |   00:41:34   |
23100000    |       -29.4801   |              0   |       -29.4801   |   00:35:34   |   00:41:25   |
23200000    |       -26.1241   |              0   |       -26.1241   |   00:35:43   |   00:41:15   |
23300000    |       -38.9943   |              0   |       -38.9943   |   00:35:52   |   00:41:06   |
23400000    |        -33.967   |              0   |        -33.967   |   00:36:01   |   00:40:56   |
23500000    |       -30.2976   |              0   |       -30.2976   |   00:36:10   |   00:40:47   |
23600000    |       -29.6445   |              0   |       -29.6445   |   00:36:19   |   00:40:37   |
23700000    |       -29.2024   |              0   |       -29.2024   |   00:36:28   |   00:40:28   |
23800000    |       -39.1286   |              0   |       -39.1286   |   00:36:37   |   00:40:18   |
23900000    |       -31.4784   |              0   |       -31.4784   |   00:36:46   |   00:40:09   |


Iter        |      Posterior   |     Likelihood   |          Prior   |    elapsed   |        ETA   |
----------------------------------------------------------------------------------------------------
24000000    |       -28.7253   |              0   |       -28.7253   |   00:36:55   |   00:39:59   |
24100000    |       -35.6315   |              0   |       -35.6315   |   00:37:03   |   00:39:49   |
24200000    |       -35.2571   |              0   |       -35.2571   |   00:37:12   |   00:39:39   |
24300000    |       -33.1084   |              0   |       -33.1084   |   00:37:21   |   00:39:30   |
24400000    |       -23.4831   |              0   |       -23.4831   |   00:37:29   |   00:39:19   |
24500000    |       -29.1342   |              0   |       -29.1342   |   00:37:39   |   00:39:11   |
24600000    |       -34.2808   |              0   |       -34.2808   |   00:37:49   |   00:39:02   |
24700000    |       -32.0708   |              0   |       -32.0708   |   00:38:00   |   00:38:55   |
24800000    |       -30.7819   |              0   |       -30.7819   |   00:38:10   |   00:38:46   |
24900000    |       -33.9796   |              0   |       -33.9796   |   00:38:20   |   00:38:38   |
25000000    |       -34.4801   |              0   |       -34.4801   |   00:38:31   |   00:38:31   |
25100000    |        -26.973   |              0   |        -26.973   |   00:38:41   |   00:38:22   |
25200000    |       -35.9558   |              0   |       -35.9558   |   00:38:51   |   00:38:14   |
25300000    |       -28.2789   |              0   |       -28.2789   |   00:39:02   |   00:38:06   |
25400000    |       -26.7811   |              0   |       -26.7811   |   00:39:12   |   00:37:57   |
25500000    |       -29.3204   |              0   |       -29.3204   |   00:39:22   |   00:37:49   |
25600000    |       -31.6907   |              0   |       -31.6907   |   00:39:33   |   00:37:41   |
25700000    |       -38.7109   |              0   |       -38.7109   |   00:39:43   |   00:37:33   |
25800000    |       -27.7354   |              0   |       -27.7354   |   00:39:54   |   00:37:25   |
25900000    |       -38.3579   |              0   |       -38.3579   |   00:40:04   |   00:37:16   |


Iter        |      Posterior   |     Likelihood   |          Prior   |    elapsed   |        ETA   |
----------------------------------------------------------------------------------------------------
26000000    |       -30.2414   |              0   |       -30.2414   |   00:40:14   |   00:37:08   |
26100000    |       -29.1917   |              0   |       -29.1917   |   00:40:24   |   00:36:59   |
26200000    |       -31.4987   |              0   |       -31.4987   |   00:40:35   |   00:36:51   |
26300000    |       -34.8398   |              0   |       -34.8398   |   00:40:45   |   00:36:43   |
26400000    |       -29.7341   |              0   |       -29.7341   |   00:40:55   |   00:36:34   |
26500000    |       -27.6787   |              0   |       -27.6787   |   00:41:06   |   00:36:26   |
26600000    |       -29.2525   |              0   |       -29.2525   |   00:41:16   |   00:36:18   |
26700000    |        -37.642   |              0   |        -37.642   |   00:41:26   |   00:36:09   |
26800000    |       -29.9382   |              0   |       -29.9382   |   00:41:37   |   00:36:01   |
26900000    |       -30.3634   |              0   |       -30.3634   |   00:41:47   |   00:35:52   |
27000000    |       -26.7954   |              0   |       -26.7954   |   00:41:57   |   00:35:44   |
27100000    |       -27.4995   |              0   |       -27.4995   |   00:42:08   |   00:35:36   |
27200000    |       -31.4475   |              0   |       -31.4475   |   00:42:18   |   00:35:27   |
27300000    |        -36.321   |              0   |        -36.321   |   00:42:28   |   00:35:18   |
27400000    |       -35.8071   |              0   |       -35.8071   |   00:42:39   |   00:35:10   |
27500000    |       -34.5988   |              0   |       -34.5988   |   00:42:49   |   00:35:01   |
27600000    |       -29.7358   |              0   |       -29.7358   |   00:42:59   |   00:34:53   |
27700000    |       -30.6683   |              0   |       -30.6683   |   00:43:10   |   00:34:45   |
27800000    |       -32.9035   |              0   |       -32.9035   |   00:43:20   |   00:34:36   |
27900000    |       -29.1856   |              0   |       -29.1856   |   00:43:30   |   00:34:27   |


Iter        |      Posterior   |     Likelihood   |          Prior   |    elapsed   |        ETA   |
----------------------------------------------------------------------------------------------------
28000000    |       -34.6989   |              0   |       -34.6989   |   00:43:41   |   00:34:19   |
28100000    |       -35.1947   |              0   |       -35.1947   |   00:43:51   |   00:34:10   |
28200000    |       -33.5731   |              0   |       -33.5731   |   00:44:02   |   00:34:02   |
28300000    |        -27.991   |              0   |        -27.991   |   00:44:12   |   00:33:53   |
28400000    |        -35.005   |              0   |        -35.005   |   00:44:22   |   00:33:44   |
28500000    |       -33.4825   |              0   |       -33.4825   |   00:44:33   |   00:33:36   |
28600000    |       -32.6299   |              0   |       -32.6299   |   00:44:43   |   00:33:27   |
28700000    |       -34.8369   |              0   |       -34.8369   |   00:44:53   |   00:33:18   |
28800000    |       -32.1427   |              0   |       -32.1427   |   00:45:04   |   00:33:10   |
28900000    |       -35.3818   |              0   |       -35.3818   |   00:45:14   |   00:33:01   |
29000000    |       -37.8824   |              0   |       -37.8824   |   00:45:24   |   00:32:52   |
29100000    |       -28.5144   |              0   |       -28.5144   |   00:45:35   |   00:32:44   |
29200000    |       -32.0577   |              0   |       -32.0577   |   00:45:45   |   00:32:35   |
29300000    |       -27.7348   |              0   |       -27.7348   |   00:45:55   |   00:32:26   |
29400000    |       -42.6389   |              0   |       -42.6389   |   00:46:06   |   00:32:18   |
29500000    |       -28.6863   |              0   |       -28.6863   |   00:46:16   |   00:32:09   |
29600000    |       -26.1181   |              0   |       -26.1181   |   00:46:26   |   00:32:00   |
29700000    |       -29.1311   |              0   |       -29.1311   |   00:46:37   |   00:31:51   |
29800000    |       -29.7393   |              0   |       -29.7393   |   00:46:47   |   00:31:42   |
29900000    |       -37.3845   |              0   |       -37.3845   |   00:46:57   |   00:31:33   |


Iter        |      Posterior   |     Likelihood   |          Prior   |    elapsed   |        ETA   |
----------------------------------------------------------------------------------------------------
30000000    |        -32.882   |              0   |        -32.882   |   00:47:08   |   00:31:25   |
30100000    |       -42.9765   |              0   |       -42.9765   |   00:47:18   |   00:31:16   |
30200000    |       -39.0883   |              0   |       -39.0883   |   00:47:28   |   00:31:07   |
30300000    |       -33.4548   |              0   |       -33.4548   |   00:47:39   |   00:30:58   |
30400000    |       -25.6572   |              0   |       -25.6572   |   00:47:49   |   00:30:49   |
30500000    |       -41.0765   |              0   |       -41.0765   |   00:47:59   |   00:30:40   |
30600000    |       -27.0476   |              0   |       -27.0476   |   00:48:10   |   00:30:32   |
30700000    |       -31.8856   |              0   |       -31.8856   |   00:48:20   |   00:30:23   |
30800000    |       -37.4768   |              0   |       -37.4768   |   00:48:30   |   00:30:14   |
30900000    |       -34.5005   |              0   |       -34.5005   |   00:48:41   |   00:30:05   |
31000000    |       -31.3294   |              0   |       -31.3294   |   00:48:51   |   00:29:56   |
31100000    |       -34.1674   |              0   |       -34.1674   |   00:49:01   |   00:29:47   |
31200000    |       -32.0386   |              0   |       -32.0386   |   00:49:12   |   00:29:38   |
31300000    |       -46.6514   |              0   |       -46.6514   |   00:49:22   |   00:29:29   |
31400000    |       -29.9383   |              0   |       -29.9383   |   00:49:32   |   00:29:20   |
31500000    |       -37.6111   |              0   |       -37.6111   |   00:49:43   |   00:29:11   |
31600000    |       -31.3192   |              0   |       -31.3192   |   00:49:53   |   00:29:02   |
31700000    |       -27.8709   |              0   |       -27.8709   |   00:50:03   |   00:28:53   |
31800000    |       -22.3766   |              0   |       -22.3766   |   00:50:14   |   00:28:44   |
31900000    |       -36.0493   |              0   |       -36.0493   |   00:50:24   |   00:28:35   |


Iter        |      Posterior   |     Likelihood   |          Prior   |    elapsed   |        ETA   |
----------------------------------------------------------------------------------------------------
32000000    |       -29.8165   |              0   |       -29.8165   |   00:50:34   |   00:28:26   |
32100000    |       -23.7859   |              0   |       -23.7859   |   00:50:45   |   00:28:17   |
32200000    |       -33.1047   |              0   |       -33.1047   |   00:50:55   |   00:28:08   |
32300000    |        -36.147   |              0   |        -36.147   |   00:51:05   |   00:27:59   |
32400000    |       -31.1743   |              0   |       -31.1743   |   00:51:16   |   00:27:50   |
32500000    |       -28.8335   |              0   |       -28.8335   |   00:51:26   |   00:27:41   |
32600000    |       -35.9977   |              0   |       -35.9977   |   00:51:36   |   00:27:32   |
32700000    |       -27.6051   |              0   |       -27.6051   |   00:51:47   |   00:27:23   |
32800000    |        -36.375   |              0   |        -36.375   |   00:51:57   |   00:27:14   |
32900000    |       -35.6602   |              0   |       -35.6602   |   00:52:08   |   00:27:05   |
33000000    |       -40.6397   |              0   |       -40.6397   |   00:52:18   |   00:26:56   |
33100000    |       -34.4091   |              0   |       -34.4091   |   00:52:28   |   00:26:47   |
33200000    |       -30.8092   |              0   |       -30.8092   |   00:52:39   |   00:26:38   |
33300000    |       -29.8762   |              0   |       -29.8762   |   00:52:49   |   00:26:29   |
33400000    |       -25.9402   |              0   |       -25.9402   |   00:52:59   |   00:26:19   |
33500000    |       -32.8016   |              0   |       -32.8016   |   00:53:10   |   00:26:11   |
33600000    |       -26.9039   |              0   |       -26.9039   |   00:53:20   |   00:26:01   |
33700000    |        -31.298   |              0   |        -31.298   |   00:53:30   |   00:25:52   |
33800000    |       -49.6135   |              0   |       -49.6135   |   00:53:41   |   00:25:43   |
33900000    |       -32.9536   |              0   |       -32.9536   |   00:53:51   |   00:25:34   |


Iter        |      Posterior   |     Likelihood   |          Prior   |    elapsed   |        ETA   |
----------------------------------------------------------------------------------------------------
34000000    |       -31.8716   |              0   |       -31.8716   |   00:54:01   |   00:25:25   |
34100000    |       -39.7229   |              0   |       -39.7229   |   00:54:12   |   00:25:16   |
34200000    |       -30.6898   |              0   |       -30.6898   |   00:54:22   |   00:25:07   |
34300000    |        -39.217   |              0   |        -39.217   |   00:54:32   |   00:24:57   |
34400000    |       -39.1042   |              0   |       -39.1042   |   00:54:43   |   00:24:48   |
34500000    |       -30.4496   |              0   |       -30.4496   |   00:54:53   |   00:24:39   |
34600000    |       -33.1755   |              0   |       -33.1755   |   00:55:04   |   00:24:30   |
34700000    |       -35.5541   |              0   |       -35.5541   |   00:55:14   |   00:24:21   |
34800000    |        -28.334   |              0   |        -28.334   |   00:55:24   |   00:24:11   |
34900000    |       -34.3659   |              0   |       -34.3659   |   00:55:35   |   00:24:02   |
35000000    |       -34.1134   |              0   |       -34.1134   |   00:55:45   |   00:23:53   |
35100000    |       -35.8601   |              0   |       -35.8601   |   00:55:55   |   00:23:44   |
35200000    |       -33.8208   |              0   |       -33.8208   |   00:56:06   |   00:23:35   |
35300000    |       -27.7936   |              0   |       -27.7936   |   00:56:16   |   00:23:25   |
35400000    |        -38.409   |              0   |        -38.409   |   00:56:26   |   00:23:16   |
35500000    |       -37.1927   |              0   |       -37.1927   |   00:56:37   |   00:23:07   |
35600000    |       -32.7127   |              0   |       -32.7127   |   00:56:47   |   00:22:58   |
35700000    |       -35.2814   |              0   |       -35.2814   |   00:56:57   |   00:22:48   |
35800000    |       -34.6874   |              0   |       -34.6874   |   00:57:08   |   00:22:39   |
35900000    |       -33.2127   |              0   |       -33.2127   |   00:57:18   |   00:22:30   |


Iter        |      Posterior   |     Likelihood   |          Prior   |    elapsed   |        ETA   |
----------------------------------------------------------------------------------------------------
36000000    |       -28.0012   |              0   |       -28.0012   |   00:57:29   |   00:22:21   |
36100000    |       -35.4474   |              0   |       -35.4474   |   00:57:39   |   00:22:11   |
36200000    |       -27.5923   |              0   |       -27.5923   |   00:57:49   |   00:22:02   |
36300000    |       -43.7017   |              0   |       -43.7017   |   00:58:00   |   00:21:53   |
36400000    |        -26.736   |              0   |        -26.736   |   00:58:10   |   00:21:43   |
36500000    |       -37.7795   |              0   |       -37.7795   |   00:58:20   |   00:21:34   |
36600000    |       -32.3757   |              0   |       -32.3757   |   00:58:31   |   00:21:25   |
36700000    |       -35.3506   |              0   |       -35.3506   |   00:58:41   |   00:21:16   |
36800000    |       -39.4722   |              0   |       -39.4722   |   00:58:52   |   00:21:06   |
36900000    |       -40.0172   |              0   |       -40.0172   |   00:59:02   |   00:20:57   |
37000000    |       -29.0765   |              0   |       -29.0765   |   00:59:13   |   00:20:48   |
37100000    |       -34.9874   |              0   |       -34.9874   |   00:59:24   |   00:20:39   |
37200000    |       -36.4886   |              0   |       -36.4886   |   00:59:34   |   00:20:29   |
37300000    |       -26.7919   |              0   |       -26.7919   |   00:59:45   |   00:20:20   |
37400000    |       -27.1772   |              0   |       -27.1772   |   00:59:55   |   00:20:11   |
37500000    |       -35.5605   |              0   |       -35.5605   |   01:00:06   |   00:20:02   |
37600000    |       -32.9629   |              0   |       -32.9629   |   01:00:16   |   00:19:52   |
37700000    |       -30.0272   |              0   |       -30.0272   |   01:00:27   |   00:19:43   |
37800000    |       -28.8864   |              0   |       -28.8864   |   01:00:37   |   00:19:33   |
37900000    |       -32.4759   |              0   |       -32.4759   |   01:00:48   |   00:19:24   |


Iter        |      Posterior   |     Likelihood   |          Prior   |    elapsed   |        ETA   |
----------------------------------------------------------------------------------------------------
38000000    |       -33.6514   |              0   |       -33.6514   |   01:00:58   |   00:19:15   |
38100000    |       -39.4641   |              0   |       -39.4641   |   01:01:09   |   00:19:05   |
38200000    |        -27.962   |              0   |        -27.962   |   01:01:19   |   00:18:56   |
38300000    |       -30.2873   |              0   |       -30.2873   |   01:01:30   |   00:18:47   |
38400000    |       -33.1918   |              0   |       -33.1918   |   01:01:40   |   00:18:37   |
38500000    |        -28.222   |              0   |        -28.222   |   01:01:51   |   00:18:28   |
38600000    |        -34.837   |              0   |        -34.837   |   01:02:01   |   00:18:18   |
38700000    |       -29.1872   |              0   |       -29.1872   |   01:02:12   |   00:18:09   |
38800000    |       -25.4415   |              0   |       -25.4415   |   01:02:22   |   00:18:00   |
38900000    |       -35.8769   |              0   |       -35.8769   |   01:02:33   |   00:17:50   |
39000000    |       -34.8669   |              0   |       -34.8669   |   01:02:43   |   00:17:41   |
39100000    |       -33.7467   |              0   |       -33.7467   |   01:02:54   |   00:17:32   |
39200000    |       -31.6765   |              0   |       -31.6765   |   01:03:04   |   00:17:22   |
39300000    |       -33.4888   |              0   |       -33.4888   |   01:03:15   |   00:17:13   |
39400000    |       -34.8585   |              0   |       -34.8585   |   01:03:25   |   00:17:03   |
39500000    |       -28.6031   |              0   |       -28.6031   |   01:03:36   |   00:16:54   |
39600000    |       -24.3576   |              0   |       -24.3576   |   01:03:46   |   00:16:44   |
39700000    |       -33.8522   |              0   |       -33.8522   |   01:03:57   |   00:16:35   |
39800000    |       -37.8243   |              0   |       -37.8243   |   01:04:07   |   00:16:25   |
39900000    |       -31.9849   |              0   |       -31.9849   |   01:04:18   |   00:16:16   |


Iter        |      Posterior   |     Likelihood   |          Prior   |    elapsed   |        ETA   |
----------------------------------------------------------------------------------------------------
40000000    |       -29.5027   |              0   |       -29.5027   |   01:04:28   |   00:16:07   |
40100000    |       -29.3705   |              0   |       -29.3705   |   01:04:39   |   00:15:57   |
40200000    |       -32.2615   |              0   |       -32.2615   |   01:04:49   |   00:15:48   |
40300000    |       -33.3155   |              0   |       -33.3155   |   01:05:00   |   00:15:38   |
40400000    |       -31.9499   |              0   |       -31.9499   |   01:05:10   |   00:15:29   |
40500000    |       -29.5354   |              0   |       -29.5354   |   01:05:21   |   00:15:19   |
40600000    |        -30.341   |              0   |        -30.341   |   01:05:31   |   00:15:10   |
40700000    |       -31.5033   |              0   |       -31.5033   |   01:05:42   |   00:15:00   |
40800000    |       -34.3362   |              0   |       -34.3362   |   01:05:52   |   00:14:51   |
40900000    |       -30.0818   |              0   |       -30.0818   |   01:06:03   |   00:14:41   |
41000000    |       -31.6314   |              0   |       -31.6314   |   01:06:13   |   00:14:32   |
41100000    |       -26.8133   |              0   |       -26.8133   |   01:06:23   |   00:14:22   |
41200000    |       -35.9227   |              0   |       -35.9227   |   01:06:34   |   00:14:13   |
41300000    |       -28.1154   |              0   |       -28.1154   |   01:06:44   |   00:14:03   |
41400000    |       -24.4619   |              0   |       -24.4619   |   01:06:55   |   00:13:54   |
41500000    |       -30.5025   |              0   |       -30.5025   |   01:07:05   |   00:13:44   |
41600000    |       -37.0091   |              0   |       -37.0091   |   01:07:16   |   00:13:34   |
41700000    |       -40.4051   |              0   |       -40.4051   |   01:07:26   |   00:13:25   |
41800000    |        -31.202   |              0   |        -31.202   |   01:07:37   |   00:13:15   |
41900000    |       -28.6973   |              0   |       -28.6973   |   01:07:47   |   00:13:06   |


Iter        |      Posterior   |     Likelihood   |          Prior   |    elapsed   |        ETA   |
----------------------------------------------------------------------------------------------------
42000000    |        -35.373   |              0   |        -35.373   |   01:07:58   |   00:12:56   |
42100000    |       -29.8167   |              0   |       -29.8167   |   01:08:08   |   00:12:47   |
42200000    |       -34.0044   |              0   |       -34.0044   |   01:08:19   |   00:12:37   |
42300000    |       -28.6288   |              0   |       -28.6288   |   01:08:29   |   00:12:27   |
42400000    |       -32.4954   |              0   |       -32.4954   |   01:08:40   |   00:12:18   |
42500000    |       -34.6477   |              0   |       -34.6477   |   01:08:50   |   00:12:08   |
42600000    |       -37.6027   |              0   |       -37.6027   |   01:09:01   |   00:11:59   |
42700000    |       -36.3171   |              0   |       -36.3171   |   01:09:11   |   00:11:49   |
42800000    |        -34.421   |              0   |        -34.421   |   01:09:21   |   00:11:39   |
42900000    |       -32.2258   |              0   |       -32.2258   |   01:09:32   |   00:11:30   |
43000000    |       -31.1441   |              0   |       -31.1441   |   01:09:42   |   00:11:20   |
43100000    |       -30.4949   |              0   |       -30.4949   |   01:09:53   |   00:11:11   |
43200000    |       -32.6078   |              0   |       -32.6078   |   01:10:03   |   00:11:01   |
43300000    |         -29.33   |              0   |         -29.33   |   01:10:14   |   00:10:52   |
43400000    |       -33.9533   |              0   |       -33.9533   |   01:10:24   |   00:10:42   |
43500000    |       -30.4262   |              0   |       -30.4262   |   01:10:35   |   00:10:32   |
43600000    |       -33.8878   |              0   |       -33.8878   |   01:10:45   |   00:10:23   |
43700000    |       -37.5955   |              0   |       -37.5955   |   01:10:56   |   00:10:13   |
43800000    |        -36.867   |              0   |        -36.867   |   01:11:06   |   00:10:03   |
43900000    |       -29.6957   |              0   |       -29.6957   |   01:11:17   |   00:09:54   |


Iter        |      Posterior   |     Likelihood   |          Prior   |    elapsed   |        ETA   |
----------------------------------------------------------------------------------------------------
44000000    |       -30.5717   |              0   |       -30.5717   |   01:11:27   |   00:09:44   |
44100000    |        -31.312   |              0   |        -31.312   |   01:11:38   |   00:09:35   |
44200000    |       -39.9418   |              0   |       -39.9418   |   01:11:48   |   00:09:25   |
44300000    |       -33.3271   |              0   |       -33.3271   |   01:11:59   |   00:09:15   |
44400000    |       -34.0472   |              0   |       -34.0472   |   01:12:09   |   00:09:06   |
44500000    |       -33.8901   |              0   |       -33.8901   |   01:12:20   |   00:08:56   |
44600000    |       -36.8489   |              0   |       -36.8489   |   01:12:30   |   00:08:46   |
44700000    |       -28.8283   |              0   |       -28.8283   |   01:12:41   |   00:08:37   |
44800000    |       -31.8283   |              0   |       -31.8283   |   01:12:51   |   00:08:27   |
44900000    |       -34.2778   |              0   |       -34.2778   |   01:13:02   |   00:08:17   |
45000000    |       -31.8696   |              0   |       -31.8696   |   01:13:12   |   00:08:08   |
45100000    |       -38.4841   |              0   |       -38.4841   |   01:13:23   |   00:07:58   |
45200000    |       -29.3957   |              0   |       -29.3957   |   01:13:33   |   00:07:48   |
45300000    |       -36.6991   |              0   |       -36.6991   |   01:13:44   |   00:07:39   |
45400000    |        -40.455   |              0   |        -40.455   |   01:13:54   |   00:07:29   |
45500000    |       -39.9635   |              0   |       -39.9635   |   01:14:05   |   00:07:19   |
45600000    |        -25.386   |              0   |        -25.386   |   01:14:15   |   00:07:09   |
45700000    |       -30.1328   |              0   |       -30.1328   |   01:14:26   |   00:07:00   |
45800000    |       -30.9353   |              0   |       -30.9353   |   01:14:36   |   00:06:50   |
45900000    |       -31.4251   |              0   |       -31.4251   |   01:14:47   |   00:06:40   |


Iter        |      Posterior   |     Likelihood   |          Prior   |    elapsed   |        ETA   |
----------------------------------------------------------------------------------------------------
46000000    |       -35.2684   |              0   |       -35.2684   |   01:14:57   |   00:06:31   |
46100000    |       -34.7829   |              0   |       -34.7829   |   01:15:08   |   00:06:21   |
46200000    |       -31.8355   |              0   |       -31.8355   |   01:15:18   |   00:06:11   |
46300000    |       -30.8048   |              0   |       -30.8048   |   01:15:29   |   00:06:01   |
46400000    |       -28.0067   |              0   |       -28.0067   |   01:15:39   |   00:05:52   |
46500000    |       -34.4605   |              0   |       -34.4605   |   01:15:50   |   00:05:42   |
46600000    |       -35.5459   |              0   |       -35.5459   |   01:16:00   |   00:05:32   |
46700000    |       -24.7237   |              0   |       -24.7237   |   01:16:11   |   00:05:23   |
46800000    |       -28.3302   |              0   |       -28.3302   |   01:16:21   |   00:05:13   |
46900000    |       -26.3365   |              0   |       -26.3365   |   01:16:32   |   00:05:03   |
47000000    |       -29.5984   |              0   |       -29.5984   |   01:16:42   |   00:04:53   |
47100000    |       -34.8201   |              0   |       -34.8201   |   01:16:53   |   00:04:44   |
47200000    |       -27.2128   |              0   |       -27.2128   |   01:17:03   |   00:04:34   |
47300000    |       -25.7969   |              0   |       -25.7969   |   01:17:14   |   00:04:24   |
47400000    |       -31.8863   |              0   |       -31.8863   |   01:17:25   |   00:04:14   |
47500000    |       -31.8637   |              0   |       -31.8637   |   01:17:35   |   00:04:05   |
47600000    |       -43.2545   |              0   |       -43.2545   |   01:17:46   |   00:03:55   |
47700000    |       -26.2303   |              0   |       -26.2303   |   01:17:56   |   00:03:45   |
47800000    |       -38.8098   |              0   |       -38.8098   |   01:18:07   |   00:03:35   |
47900000    |       -25.1756   |              0   |       -25.1756   |   01:18:17   |   00:03:25   |


Iter        |      Posterior   |     Likelihood   |          Prior   |    elapsed   |        ETA   |
----------------------------------------------------------------------------------------------------
48000000    |       -32.7174   |              0   |       -32.7174   |   01:18:28   |   00:03:16   |
48100000    |       -31.2452   |              0   |       -31.2452   |   01:18:38   |   00:03:06   |
48200000    |       -32.6229   |              0   |       -32.6229   |   01:18:49   |   00:02:56   |
48300000    |       -31.6859   |              0   |       -31.6859   |   01:18:59   |   00:02:46   |
48400000    |       -30.1721   |              0   |       -30.1721   |   01:19:10   |   00:02:37   |
48500000    |       -29.6192   |              0   |       -29.6192   |   01:19:20   |   00:02:27   |
48600000    |       -34.6885   |              0   |       -34.6885   |   01:19:31   |   00:02:17   |
48700000    |       -28.2456   |              0   |       -28.2456   |   01:19:41   |   00:02:07   |
48800000    |       -29.8379   |              0   |       -29.8379   |   01:19:52   |   00:01:57   |
48900000    |       -32.9261   |              0   |       -32.9261   |   01:20:02   |   00:01:48   |
49000000    |       -31.0839   |              0   |       -31.0839   |   01:20:13   |   00:01:38   |
49100000    |        -43.532   |              0   |        -43.532   |   01:20:23   |   00:01:28   |
49200000    |       -27.1154   |              0   |       -27.1154   |   01:20:34   |   00:01:18   |
49300000    |        -32.505   |              0   |        -32.505   |   01:20:44   |   00:01:08   |
49400000    |       -33.7477   |              0   |       -33.7477   |   01:20:55   |   00:00:58   |
49500000    |       -38.9806   |              0   |       -38.9806   |   01:21:06   |   00:00:49   |
49600000    |       -32.7436   |              0   |       -32.7436   |   01:21:16   |   00:00:39   |
49700000    |       -29.8716   |              0   |       -29.8716   |   01:21:27   |   00:00:29   |
49800000    |       -34.4238   |              0   |       -34.4238   |   01:21:37   |   00:00:19   |
49900000    |       -31.8994   |              0   |       -31.8994   |   01:21:48   |   00:00:09   |


Iter        |      Posterior   |     Likelihood   |          Prior   |    elapsed   |        ETA   |
----------------------------------------------------------------------------------------------------
50000000    |       -29.8329   |              0   |       -29.8329   |   01:21:58   |   00:00:00   |
