   
   Running MCMC simulation
   This simulation runs 1 independent replicate.
   The simulator uses 15 different moves in a random move schedule with 15 moves per iteration
   

Iter        |      Posterior   |     Likelihood   |          Prior   |    elapsed   |        ETA   |
----------------------------------------------------------------------------------------------------
0           |       -220.263   |              0   |       -220.263   |   00:00:00   |   --:--:--   |
100000      |        -39.641   |              0   |        -39.641   |   00:00:12   |   --:--:--   |
200000      |       -46.9081   |              0   |       -46.9081   |   00:00:24   |   01:39:36   |
300000      |       -32.5134   |              0   |       -32.5134   |   00:00:36   |   01:39:24   |
400000      |       -44.9675   |              0   |       -44.9675   |   00:00:48   |   01:39:12   |
500000      |       -52.9903   |              0   |       -52.9903   |   00:01:00   |   01:39:00   |
600000      |       -57.7384   |              0   |       -57.7384   |   00:01:12   |   01:38:48   |
700000      |       -43.3281   |              0   |       -43.3281   |   00:01:24   |   01:38:36   |
800000      |        -37.604   |              0   |        -37.604   |   00:01:36   |   01:38:24   |
900000      |       -58.1244   |              0   |       -58.1244   |   00:01:48   |   01:38:12   |
1000000     |       -47.0548   |              0   |       -47.0548   |   00:02:01   |   01:38:49   |
1100000     |       -47.9574   |              0   |       -47.9574   |   00:02:12   |   01:37:48   |
1200000     |        -50.552   |              0   |        -50.552   |   00:02:24   |   01:37:36   |
1300000     |       -36.5122   |              0   |       -36.5122   |   00:02:36   |   01:37:24   |
1400000     |       -39.4162   |              0   |       -39.4162   |   00:02:48   |   01:37:12   |
1500000     |       -34.5614   |              0   |       -34.5614   |   00:03:00   |   01:37:00   |
1600000     |       -57.5592   |              0   |       -57.5592   |   00:03:12   |   01:36:48   |
1700000     |         -48.18   |              0   |         -48.18   |   00:03:25   |   01:37:04   |
1800000     |       -36.5193   |              0   |       -36.5193   |   00:03:37   |   01:36:50   |
1900000     |       -48.8824   |              0   |       -48.8824   |   00:03:50   |   01:37:02   |


Iter        |      Posterior   |     Likelihood   |          Prior   |    elapsed   |        ETA   |
----------------------------------------------------------------------------------------------------
2000000     |       -44.8818   |              0   |       -44.8818   |   00:04:02   |   01:36:48   |
2100000     |       -48.5989   |              0   |       -48.5989   |   00:04:15   |   01:36:56   |
2200000     |       -37.4813   |              0   |       -37.4813   |   00:04:27   |   01:36:41   |
2300000     |       -53.2238   |              0   |       -53.2238   |   00:04:40   |   01:36:46   |
2400000     |       -39.1345   |              0   |       -39.1345   |   00:04:53   |   01:36:51   |
2500000     |       -49.2041   |              0   |       -49.2041   |   00:05:05   |   01:36:35   |
2600000     |       -42.3365   |              0   |       -42.3365   |   00:05:18   |   01:36:37   |
2700000     |       -40.8332   |              0   |       -40.8332   |   00:05:30   |   01:36:21   |
2800000     |       -40.0704   |              0   |       -40.0704   |   00:05:43   |   01:36:22   |
2900000     |       -46.9764   |              0   |       -46.9764   |   00:05:55   |   01:36:05   |
3000000     |       -45.7927   |              0   |       -45.7927   |   00:06:07   |   01:35:49   |
3100000     |         -37.07   |              0   |         -37.07   |   00:06:20   |   01:35:49   |
3200000     |       -35.1081   |              0   |       -35.1081   |   00:06:32   |   01:35:33   |
3300000     |       -43.2801   |              0   |       -43.2801   |   00:06:45   |   01:35:31   |
3400000     |       -49.9536   |              0   |       -49.9536   |   00:06:57   |   01:35:15   |
3500000     |       -45.1594   |              0   |       -45.1594   |   00:07:10   |   01:35:12   |
3600000     |       -44.8598   |              0   |       -44.8598   |   00:07:22   |   01:34:56   |
3700000     |       -38.0649   |              0   |       -38.0649   |   00:07:35   |   01:34:53   |
3800000     |       -53.2925   |              0   |       -53.2925   |   00:07:47   |   01:34:37   |
3900000     |       -37.3771   |              0   |       -37.3771   |   00:08:00   |   01:34:33   |


Iter        |      Posterior   |     Likelihood   |          Prior   |    elapsed   |        ETA   |
----------------------------------------------------------------------------------------------------
4000000     |       -43.9136   |              0   |       -43.9136   |   00:08:12   |   01:34:18   |
4100000     |        -51.601   |              0   |        -51.601   |   00:08:25   |   01:34:13   |
4200000     |       -43.0115   |              0   |       -43.0115   |   00:08:37   |   01:33:57   |
4300000     |       -47.7026   |              0   |       -47.7026   |   00:08:50   |   01:33:52   |
4400000     |       -44.2405   |              0   |       -44.2405   |   00:09:02   |   01:33:37   |
4500000     |       -43.1394   |              0   |       -43.1394   |   00:09:15   |   01:33:31   |
4600000     |       -44.9446   |              0   |       -44.9446   |   00:09:27   |   01:33:16   |
4700000     |       -59.4858   |              0   |       -59.4858   |   00:09:40   |   01:33:10   |
4800000     |       -51.4165   |              0   |       -51.4165   |   00:09:52   |   01:32:54   |
4900000     |       -38.7995   |              0   |       -38.7995   |   00:10:04   |   01:32:39   |
5000000     |       -42.5073   |              0   |       -42.5073   |   00:10:17   |   01:32:33   |
5100000     |       -36.9805   |              0   |       -36.9805   |   00:10:29   |   01:32:17   |
5200000     |       -42.6706   |              0   |       -42.6706   |   00:10:42   |   01:32:11   |
5300000     |       -45.3521   |              0   |       -45.3521   |   00:10:54   |   01:31:55   |
5400000     |       -34.7175   |              0   |       -34.7175   |   00:11:06   |   01:31:40   |
5500000     |       -47.4404   |              0   |       -47.4404   |   00:11:19   |   01:31:33   |
5600000     |       -45.3538   |              0   |       -45.3538   |   00:11:31   |   01:31:18   |
5700000     |       -43.9404   |              0   |       -43.9404   |   00:11:44   |   01:31:11   |
5800000     |       -53.6173   |              0   |       -53.6173   |   00:11:56   |   01:30:56   |
5900000     |       -41.7536   |              0   |       -41.7536   |   00:12:09   |   01:30:48   |


Iter        |      Posterior   |     Likelihood   |          Prior   |    elapsed   |        ETA   |
----------------------------------------------------------------------------------------------------
6000000     |       -43.9716   |              0   |       -43.9716   |   00:12:21   |   01:30:34   |
6100000     |        -41.018   |              0   |        -41.018   |   00:12:34   |   01:30:26   |
6200000     |       -40.0636   |              0   |       -40.0636   |   00:12:46   |   01:30:11   |
6300000     |       -57.6502   |              0   |       -57.6502   |   00:12:59   |   01:30:03   |
6400000     |       -39.5052   |              0   |       -39.5052   |   00:13:11   |   01:29:48   |
6500000     |       -37.0234   |              0   |       -37.0234   |   00:13:24   |   01:29:40   |
6600000     |       -40.4541   |              0   |       -40.4541   |   00:13:36   |   01:29:25   |
6700000     |        -48.376   |              0   |        -48.376   |   00:13:49   |   01:29:17   |
6800000     |        -46.469   |              0   |        -46.469   |   00:14:01   |   01:29:02   |
6900000     |       -41.4725   |              0   |       -41.4725   |   00:14:14   |   01:28:54   |
7000000     |         -45.77   |              0   |         -45.77   |   00:14:26   |   01:28:39   |
7100000     |       -52.2937   |              0   |       -52.2937   |   00:14:38   |   01:28:25   |
7200000     |       -47.8443   |              0   |       -47.8443   |   00:14:51   |   01:28:16   |
7300000     |       -53.5916   |              0   |       -53.5916   |   00:15:03   |   01:28:01   |
7400000     |       -44.9285   |              0   |       -44.9285   |   00:15:15   |   01:27:47   |
7500000     |       -45.2198   |              0   |       -45.2198   |   00:15:28   |   01:27:38   |
7600000     |       -46.2829   |              0   |       -46.2829   |   00:15:40   |   01:27:24   |
7700000     |       -53.3431   |              0   |       -53.3431   |   00:15:53   |   01:27:15   |
7800000     |       -38.8883   |              0   |       -38.8883   |   00:16:05   |   01:27:00   |
7900000     |       -44.1556   |              0   |       -44.1556   |   00:16:17   |   01:26:46   |


Iter        |      Posterior   |     Likelihood   |          Prior   |    elapsed   |        ETA   |
----------------------------------------------------------------------------------------------------
8000000     |        -40.257   |              0   |        -40.257   |   00:16:30   |   01:26:37   |
8100000     |       -47.3299   |              0   |       -47.3299   |   00:16:42   |   01:26:23   |
8200000     |       -52.5741   |              0   |       -52.5741   |   00:16:55   |   01:26:14   |
8300000     |       -55.8818   |              0   |       -55.8818   |   00:17:07   |   01:25:59   |
8400000     |       -46.6072   |              0   |       -46.6072   |   00:17:20   |   01:25:50   |
8500000     |       -38.4727   |              0   |       -38.4727   |   00:17:32   |   01:25:36   |
8600000     |       -42.9718   |              0   |       -42.9718   |   00:17:44   |   01:25:22   |
8700000     |       -43.3121   |              0   |       -43.3121   |   00:17:57   |   01:25:12   |
8800000     |       -39.8748   |              0   |       -39.8748   |   00:18:09   |   01:24:58   |
8900000     |       -50.4939   |              0   |       -50.4939   |   00:18:22   |   01:24:49   |
9000000     |       -43.9857   |              0   |       -43.9857   |   00:18:34   |   01:24:34   |
9100000     |       -42.8371   |              0   |       -42.8371   |   00:18:47   |   01:24:25   |
9200000     |       -39.2644   |              0   |       -39.2644   |   00:18:59   |   01:24:11   |
9300000     |       -48.0053   |              0   |       -48.0053   |   00:19:12   |   01:24:01   |
9400000     |       -58.7512   |              0   |       -58.7512   |   00:19:24   |   01:23:47   |
9500000     |       -45.0258   |              0   |       -45.0258   |   00:19:36   |   01:23:33   |
9600000     |       -42.0274   |              0   |       -42.0274   |   00:19:49   |   01:23:23   |
9700000     |       -46.6195   |              0   |       -46.6195   |   00:20:01   |   01:23:09   |
9800000     |       -41.6902   |              0   |       -41.6902   |   00:20:13   |   01:22:55   |
9900000     |       -45.2189   |              0   |       -45.2189   |   00:20:25   |   01:22:41   |


Iter        |      Posterior   |     Likelihood   |          Prior   |    elapsed   |        ETA   |
----------------------------------------------------------------------------------------------------
10000000    |       -46.9695   |              0   |       -46.9695   |   00:20:38   |   01:22:32   |
10100000    |       -40.8569   |              0   |       -40.8569   |   00:20:50   |   01:22:18   |
10200000    |        -57.631   |              0   |        -57.631   |   00:21:03   |   01:22:08   |
10300000    |       -48.7345   |              0   |       -48.7345   |   00:21:15   |   01:21:54   |
10400000    |       -36.1811   |              0   |       -36.1811   |   00:21:27   |   01:21:40   |
10500000    |       -44.8981   |              0   |       -44.8981   |   00:21:40   |   01:21:30   |
10600000    |       -40.0036   |              0   |       -40.0036   |   00:21:52   |   01:21:16   |
10700000    |       -46.2524   |              0   |       -46.2524   |   00:22:05   |   01:21:06   |
10800000    |       -44.7424   |              0   |       -44.7424   |   00:22:17   |   01:20:52   |
10900000    |       -34.2907   |              0   |       -34.2907   |   00:22:29   |   01:20:39   |
11000000    |       -44.0998   |              0   |       -44.0998   |   00:22:42   |   01:20:28   |
11100000    |       -37.8973   |              0   |       -37.8973   |   00:22:54   |   01:20:15   |
11200000    |       -45.3092   |              0   |       -45.3092   |   00:23:07   |   01:20:04   |
11300000    |       -38.7329   |              0   |       -38.7329   |   00:23:19   |   01:19:51   |
11400000    |       -36.8482   |              0   |       -36.8482   |   00:23:32   |   01:19:40   |
11500000    |       -54.9942   |              0   |       -54.9942   |   00:23:44   |   01:19:27   |
11600000    |        -47.274   |              0   |        -47.274   |   00:23:56   |   01:19:13   |
11700000    |       -42.6286   |              0   |       -42.6286   |   00:24:09   |   01:19:03   |
11800000    |       -45.3074   |              0   |       -45.3074   |   00:24:21   |   01:18:49   |
11900000    |       -45.0848   |              0   |       -45.0848   |   00:24:34   |   01:18:39   |


Iter        |      Posterior   |     Likelihood   |          Prior   |    elapsed   |        ETA   |
----------------------------------------------------------------------------------------------------
12000000    |       -42.7447   |              0   |       -42.7447   |   00:24:46   |   01:18:25   |
12100000    |       -39.4947   |              0   |       -39.4947   |   00:24:58   |   01:18:12   |
12200000    |       -35.8665   |              0   |       -35.8665   |   00:25:11   |   01:18:01   |
12300000    |       -49.8248   |              0   |       -49.8248   |   00:25:23   |   01:17:48   |
12400000    |       -41.8053   |              0   |       -41.8053   |   00:25:36   |   01:17:37   |
12500000    |       -46.9734   |              0   |       -46.9734   |   00:25:48   |   01:17:24   |
12600000    |       -49.1525   |              0   |       -49.1525   |   00:26:01   |   01:17:13   |
12700000    |       -44.6284   |              0   |       -44.6284   |   00:26:13   |   01:16:59   |
12800000    |       -49.7725   |              0   |       -49.7725   |   00:26:26   |   01:16:49   |
12900000    |       -45.8652   |              0   |       -45.8652   |   00:26:38   |   01:16:35   |
13000000    |       -59.2166   |              0   |       -59.2166   |   00:26:50   |   01:16:22   |
13100000    |       -43.1829   |              0   |       -43.1829   |   00:27:03   |   01:16:11   |
13200000    |        -41.674   |              0   |        -41.674   |   00:27:15   |   01:15:58   |
13300000    |       -41.1812   |              0   |       -41.1812   |   00:27:28   |   01:15:47   |
13400000    |       -38.5125   |              0   |       -38.5125   |   00:27:40   |   01:15:34   |
13500000    |       -48.6647   |              0   |       -48.6647   |   00:27:53   |   01:15:23   |
13600000    |       -34.1502   |              0   |       -34.1502   |   00:28:05   |   01:15:09   |
13700000    |       -50.3818   |              0   |       -50.3818   |   00:28:18   |   01:14:59   |
13800000    |       -44.1143   |              0   |       -44.1143   |   00:28:30   |   01:14:45   |
13900000    |       -46.4772   |              0   |       -46.4772   |   00:28:43   |   01:14:34   |


Iter        |      Posterior   |     Likelihood   |          Prior   |    elapsed   |        ETA   |
----------------------------------------------------------------------------------------------------
14000000    |       -38.4148   |              0   |       -38.4148   |   00:28:55   |   01:14:21   |
14100000    |       -43.3437   |              0   |       -43.3437   |   00:29:08   |   01:14:10   |
14200000    |       -42.8672   |              0   |       -42.8672   |   00:29:20   |   01:13:57   |
14300000    |        -44.589   |              0   |        -44.589   |   00:29:33   |   01:13:46   |
14400000    |       -42.5998   |              0   |       -42.5998   |   00:29:45   |   01:13:32   |
14500000    |       -44.0402   |              0   |       -44.0402   |   00:29:58   |   01:13:22   |
14600000    |       -39.1032   |              0   |       -39.1032   |   00:30:10   |   01:13:08   |
14700000    |       -40.5965   |              0   |       -40.5965   |   00:30:23   |   01:12:57   |
14800000    |       -36.2987   |              0   |       -36.2987   |   00:30:35   |   01:12:44   |
14900000    |       -48.9236   |              0   |       -48.9236   |   00:30:47   |   01:12:30   |
15000000    |       -35.9506   |              0   |       -35.9506   |   00:31:00   |   01:12:20   |
15100000    |        -41.723   |              0   |        -41.723   |   00:31:13   |   01:12:08   |
15200000    |       -37.5742   |              0   |       -37.5742   |   00:31:25   |   01:11:55   |
15300000    |       -37.9413   |              0   |       -37.9413   |   00:31:38   |   01:11:44   |
15400000    |       -37.2675   |              0   |       -37.2675   |   00:31:50   |   01:11:31   |
15500000    |       -39.9887   |              0   |       -39.9887   |   00:32:02   |   01:11:18   |
15600000    |       -42.8563   |              0   |       -42.8563   |   00:32:15   |   01:11:06   |
15700000    |       -42.5132   |              0   |       -42.5132   |   00:32:27   |   01:10:53   |
15800000    |       -58.7798   |              0   |       -58.7798   |   00:32:40   |   01:10:42   |
15900000    |       -42.7211   |              0   |       -42.7211   |   00:32:52   |   01:10:29   |


Iter        |      Posterior   |     Likelihood   |          Prior   |    elapsed   |        ETA   |
----------------------------------------------------------------------------------------------------
16000000    |       -42.0504   |              0   |       -42.0504   |   00:33:05   |   01:10:18   |
16100000    |       -44.7182   |              0   |       -44.7182   |   00:33:17   |   01:10:04   |
16200000    |       -38.3189   |              0   |       -38.3189   |   00:33:30   |   01:09:53   |
16300000    |       -45.9871   |              0   |       -45.9871   |   00:33:42   |   01:09:40   |
16400000    |       -43.4065   |              0   |       -43.4065   |   00:33:55   |   01:09:29   |
16500000    |       -38.9115   |              0   |       -38.9115   |   00:34:07   |   01:09:16   |
16600000    |        -36.721   |              0   |        -36.721   |   00:34:20   |   01:09:04   |
16700000    |       -46.7372   |              0   |       -46.7372   |   00:34:32   |   01:08:51   |
16800000    |       -43.1886   |              0   |       -43.1886   |   00:34:45   |   01:08:40   |
16900000    |       -43.9846   |              0   |       -43.9846   |   00:34:57   |   01:08:27   |
17000000    |       -39.7351   |              0   |       -39.7351   |   00:35:10   |   01:08:15   |
17100000    |       -41.6193   |              0   |       -41.6193   |   00:35:22   |   01:08:02   |
17200000    |       -50.9902   |              0   |       -50.9902   |   00:35:34   |   01:07:49   |
17300000    |       -39.3251   |              0   |       -39.3251   |   00:35:47   |   01:07:38   |
17400000    |       -37.1675   |              0   |       -37.1675   |   00:36:00   |   01:07:26   |
17500000    |       -49.8102   |              0   |       -49.8102   |   00:36:12   |   01:07:13   |
17600000    |       -38.8661   |              0   |       -38.8661   |   00:36:24   |   01:07:00   |
17700000    |        -42.365   |              0   |        -42.365   |   00:36:37   |   01:06:49   |
17800000    |       -41.8269   |              0   |       -41.8269   |   00:36:49   |   01:06:36   |
17900000    |       -53.6737   |              0   |       -53.6737   |   00:37:02   |   01:06:24   |


Iter        |      Posterior   |     Likelihood   |          Prior   |    elapsed   |        ETA   |
----------------------------------------------------------------------------------------------------
18000000    |       -37.0843   |              0   |       -37.0843   |   00:37:14   |   01:06:11   |
18100000    |        -41.225   |              0   |        -41.225   |   00:37:26   |   01:05:58   |
18200000    |       -38.5045   |              0   |       -38.5045   |   00:37:38   |   01:05:45   |
18300000    |       -40.3634   |              0   |       -40.3634   |   00:37:50   |   01:05:32   |
18400000    |       -48.6402   |              0   |       -48.6402   |   00:38:03   |   01:05:20   |
18500000    |       -34.7137   |              0   |       -34.7137   |   00:38:15   |   01:05:07   |
18600000    |        -37.876   |              0   |        -37.876   |   00:38:27   |   01:04:54   |
18700000    |       -48.3136   |              0   |       -48.3136   |   00:38:40   |   01:04:43   |
18800000    |       -40.2271   |              0   |       -40.2271   |   00:38:52   |   01:04:30   |
18900000    |       -37.8345   |              0   |       -37.8345   |   00:39:05   |   01:04:18   |
19000000    |       -43.1696   |              0   |       -43.1696   |   00:39:17   |   01:04:05   |
19100000    |       -43.8677   |              0   |       -43.8677   |   00:39:30   |   01:03:54   |
19200000    |       -44.3411   |              0   |       -44.3411   |   00:39:42   |   01:03:41   |
19300000    |       -43.0568   |              0   |       -43.0568   |   00:39:54   |   01:03:28   |
19400000    |       -40.6651   |              0   |       -40.6651   |   00:40:07   |   01:03:16   |
19500000    |       -37.3507   |              0   |       -37.3507   |   00:40:19   |   01:03:03   |
19600000    |        -44.262   |              0   |        -44.262   |   00:40:32   |   01:02:52   |
19700000    |       -37.6318   |              0   |       -37.6318   |   00:40:44   |   01:02:39   |
19800000    |       -43.8614   |              0   |       -43.8614   |   00:40:57   |   01:02:27   |
19900000    |       -43.3152   |              0   |       -43.3152   |   00:41:09   |   01:02:14   |


Iter        |      Posterior   |     Likelihood   |          Prior   |    elapsed   |        ETA   |
----------------------------------------------------------------------------------------------------
20000000    |       -38.1424   |              0   |       -38.1424   |   00:41:22   |   01:02:03   |
20100000    |        -42.883   |              0   |        -42.883   |   00:41:35   |   01:01:51   |
20200000    |       -46.9706   |              0   |       -46.9706   |   00:41:47   |   01:01:38   |
20300000    |       -45.6389   |              0   |       -45.6389   |   00:42:00   |   01:01:26   |
20400000    |       -38.8694   |              0   |       -38.8694   |   00:42:13   |   01:01:15   |
20500000    |       -40.6116   |              0   |       -40.6116   |   00:42:25   |   01:01:02   |
20600000    |        -47.109   |              0   |        -47.109   |   00:42:38   |   01:00:50   |
20700000    |        -35.258   |              0   |        -35.258   |   00:42:50   |   01:00:37   |
20800000    |       -37.3361   |              0   |       -37.3361   |   00:43:03   |   01:00:26   |
20900000    |       -45.6151   |              0   |       -45.6151   |   00:43:15   |   01:00:13   |
21000000    |       -36.5508   |              0   |       -36.5508   |   00:43:28   |   01:00:01   |
21100000    |       -33.6081   |              0   |       -33.6081   |   00:43:41   |   00:59:49   |
21200000    |        -40.472   |              0   |        -40.472   |   00:43:53   |   00:59:36   |
21300000    |       -44.5484   |              0   |       -44.5484   |   00:44:06   |   00:59:25   |
21400000    |       -43.6035   |              0   |       -43.6035   |   00:44:18   |   00:59:12   |
21500000    |       -49.0384   |              0   |       -49.0384   |   00:44:31   |   00:59:00   |
21600000    |       -49.3212   |              0   |       -49.3212   |   00:44:43   |   00:58:47   |
21700000    |       -46.4848   |              0   |       -46.4848   |   00:44:55   |   00:58:34   |
21800000    |       -37.3705   |              0   |       -37.3705   |   00:45:08   |   00:58:23   |
21900000    |       -45.6853   |              0   |       -45.6853   |   00:45:20   |   00:58:10   |


Iter        |      Posterior   |     Likelihood   |          Prior   |    elapsed   |        ETA   |
----------------------------------------------------------------------------------------------------
22000000    |       -48.4916   |              0   |       -48.4916   |   00:45:32   |   00:57:57   |
22100000    |        -42.978   |              0   |        -42.978   |   00:45:45   |   00:57:45   |
22200000    |       -39.3809   |              0   |       -39.3809   |   00:45:57   |   00:57:32   |
22300000    |         -42.74   |              0   |         -42.74   |   00:46:10   |   00:57:20   |
22400000    |       -43.2933   |              0   |       -43.2933   |   00:46:22   |   00:57:07   |
22500000    |       -53.2092   |              0   |       -53.2092   |   00:46:35   |   00:56:56   |
22600000    |       -49.1549   |              0   |       -49.1549   |   00:46:47   |   00:56:43   |
22700000    |       -56.3824   |              0   |       -56.3824   |   00:47:00   |   00:56:31   |
22800000    |       -47.0799   |              0   |       -47.0799   |   00:47:12   |   00:56:18   |
22900000    |       -47.4946   |              0   |       -47.4946   |   00:47:25   |   00:56:06   |
23000000    |       -42.0508   |              0   |       -42.0508   |   00:47:37   |   00:55:53   |
23100000    |       -46.0616   |              0   |       -46.0616   |   00:47:50   |   00:55:42   |
23200000    |       -44.5486   |              0   |       -44.5486   |   00:48:02   |   00:55:29   |
23300000    |       -39.2636   |              0   |       -39.2636   |   00:48:15   |   00:55:17   |
23400000    |       -38.1789   |              0   |       -38.1789   |   00:48:27   |   00:55:04   |
23500000    |       -48.1182   |              0   |       -48.1182   |   00:48:40   |   00:54:52   |
23600000    |       -48.1836   |              0   |       -48.1836   |   00:48:52   |   00:54:39   |
23700000    |       -37.1127   |              0   |       -37.1127   |   00:49:05   |   00:54:28   |
23800000    |       -44.1116   |              0   |       -44.1116   |   00:49:17   |   00:54:15   |
23900000    |        -41.243   |              0   |        -41.243   |   00:49:30   |   00:54:03   |


Iter        |      Posterior   |     Likelihood   |          Prior   |    elapsed   |        ETA   |
----------------------------------------------------------------------------------------------------
24000000    |       -36.1096   |              0   |       -36.1096   |   00:49:42   |   00:53:50   |
24100000    |       -42.6345   |              0   |       -42.6345   |   00:49:55   |   00:53:38   |
24200000    |       -48.2437   |              0   |       -48.2437   |   00:50:07   |   00:53:25   |
24300000    |       -41.6318   |              0   |       -41.6318   |   00:50:20   |   00:53:13   |
24400000    |       -41.8879   |              0   |       -41.8879   |   00:50:32   |   00:53:01   |
24500000    |       -45.2838   |              0   |       -45.2838   |   00:50:44   |   00:52:48   |
24600000    |       -44.0496   |              0   |       -44.0496   |   00:50:57   |   00:52:36   |
24700000    |       -33.3378   |              0   |       -33.3378   |   00:51:09   |   00:52:23   |
24800000    |       -41.6721   |              0   |       -41.6721   |   00:51:22   |   00:52:11   |
24900000    |       -39.4423   |              0   |       -39.4423   |   00:51:34   |   00:51:58   |
25000000    |       -39.4586   |              0   |       -39.4586   |   00:51:47   |   00:51:47   |
25100000    |       -44.2114   |              0   |       -44.2114   |   00:51:59   |   00:51:34   |
25200000    |        -36.522   |              0   |        -36.522   |   00:52:12   |   00:51:22   |
25300000    |       -51.4248   |              0   |       -51.4248   |   00:52:24   |   00:51:09   |
25400000    |       -48.9374   |              0   |       -48.9374   |   00:52:37   |   00:50:57   |
25500000    |        -46.519   |              0   |        -46.519   |   00:52:49   |   00:50:44   |
25600000    |       -49.0767   |              0   |       -49.0767   |   00:53:02   |   00:50:32   |
25700000    |       -42.9557   |              0   |       -42.9557   |   00:53:14   |   00:50:20   |
25800000    |       -45.8805   |              0   |       -45.8805   |   00:53:27   |   00:50:08   |
25900000    |       -35.2102   |              0   |       -35.2102   |   00:53:39   |   00:49:55   |


Iter        |      Posterior   |     Likelihood   |          Prior   |    elapsed   |        ETA   |
----------------------------------------------------------------------------------------------------
26000000    |       -47.9636   |              0   |       -47.9636   |   00:53:52   |   00:49:43   |
26100000    |       -38.0897   |              0   |       -38.0897   |   00:54:04   |   00:49:30   |
26200000    |       -45.0558   |              0   |       -45.0558   |   00:54:17   |   00:49:18   |
26300000    |       -44.3029   |              0   |       -44.3029   |   00:54:29   |   00:49:05   |
26400000    |       -39.5186   |              0   |       -39.5186   |   00:54:42   |   00:48:53   |
26500000    |       -32.3972   |              0   |       -32.3972   |   00:54:54   |   00:48:41   |
26600000    |       -32.1041   |              0   |       -32.1041   |   00:55:07   |   00:48:29   |
26700000    |       -38.5438   |              0   |       -38.5438   |   00:55:19   |   00:48:16   |
26800000    |       -33.7153   |              0   |       -33.7153   |   00:55:32   |   00:48:04   |
26900000    |        -43.157   |              0   |        -43.157   |   00:55:45   |   00:47:52   |
27000000    |       -49.1246   |              0   |       -49.1246   |   00:55:57   |   00:47:39   |
27100000    |       -44.5028   |              0   |       -44.5028   |   00:56:10   |   00:47:27   |
27200000    |       -36.0641   |              0   |       -36.0641   |   00:56:22   |   00:47:14   |
27300000    |       -47.0949   |              0   |       -47.0949   |   00:56:34   |   00:47:02   |
27400000    |       -37.9633   |              0   |       -37.9633   |   00:56:46   |   00:46:49   |
27500000    |       -39.0001   |              0   |       -39.0001   |   00:56:59   |   00:46:37   |
27600000    |       -40.6163   |              0   |       -40.6163   |   00:57:11   |   00:46:24   |
27700000    |       -42.2526   |              0   |       -42.2526   |   00:57:24   |   00:46:12   |
27800000    |       -55.1632   |              0   |       -55.1632   |   00:57:36   |   00:45:59   |
27900000    |        -41.192   |              0   |        -41.192   |   00:57:49   |   00:45:47   |


Iter        |      Posterior   |     Likelihood   |          Prior   |    elapsed   |        ETA   |
----------------------------------------------------------------------------------------------------
28000000    |       -58.4077   |              0   |       -58.4077   |   00:58:01   |   00:45:35   |
28100000    |       -43.6153   |              0   |       -43.6153   |   00:58:14   |   00:45:23   |
28200000    |       -35.0639   |              0   |       -35.0639   |   00:58:26   |   00:45:10   |
28300000    |       -44.8816   |              0   |       -44.8816   |   00:58:39   |   00:44:58   |
28400000    |       -53.2243   |              0   |       -53.2243   |   00:58:51   |   00:44:45   |
28500000    |       -45.8523   |              0   |       -45.8523   |   00:59:04   |   00:44:33   |
28600000    |       -42.8612   |              0   |       -42.8612   |   00:59:16   |   00:44:20   |
28700000    |       -36.6441   |              0   |       -36.6441   |   00:59:28   |   00:44:08   |
28800000    |       -41.1741   |              0   |       -41.1741   |   00:59:41   |   00:43:56   |
28900000    |       -46.0614   |              0   |       -46.0614   |   00:59:53   |   00:43:43   |
29000000    |       -38.7552   |              0   |       -38.7552   |   01:00:06   |   00:43:31   |
29100000    |       -43.0124   |              0   |       -43.0124   |   01:00:19   |   00:43:19   |
29200000    |       -38.9003   |              0   |       -38.9003   |   01:00:31   |   00:43:06   |
29300000    |       -44.4676   |              0   |       -44.4676   |   01:00:44   |   00:42:54   |
29400000    |       -37.1067   |              0   |       -37.1067   |   01:00:56   |   00:42:41   |
29500000    |       -45.6849   |              0   |       -45.6849   |   01:01:09   |   00:42:29   |
29600000    |       -43.6207   |              0   |       -43.6207   |   01:01:22   |   00:42:17   |
29700000    |       -46.7968   |              0   |       -46.7968   |   01:01:34   |   00:42:04   |
29800000    |       -44.2772   |              0   |       -44.2772   |   01:01:47   |   00:41:52   |
29900000    |        -33.209   |              0   |        -33.209   |   01:01:59   |   00:41:40   |


Iter        |      Posterior   |     Likelihood   |          Prior   |    elapsed   |        ETA   |
----------------------------------------------------------------------------------------------------
30000000    |       -38.9912   |              0   |       -38.9912   |   01:02:12   |   00:41:28   |
30100000    |       -49.8177   |              0   |       -49.8177   |   01:02:24   |   00:41:15   |
30200000    |       -32.4659   |              0   |       -32.4659   |   01:02:37   |   00:41:03   |
30300000    |        -42.251   |              0   |        -42.251   |   01:02:49   |   00:40:50   |
30400000    |       -44.5499   |              0   |       -44.5499   |   01:03:01   |   00:40:37   |
30500000    |       -40.6011   |              0   |       -40.6011   |   01:03:14   |   00:40:25   |
30600000    |       -48.3534   |              0   |       -48.3534   |   01:03:26   |   00:40:12   |
30700000    |       -53.6157   |              0   |       -53.6157   |   01:03:38   |   00:40:00   |
30800000    |       -34.8941   |              0   |       -34.8941   |   01:03:51   |   00:39:48   |
30900000    |       -49.2429   |              0   |       -49.2429   |   01:04:03   |   00:39:35   |
31000000    |       -43.2696   |              0   |       -43.2696   |   01:04:15   |   00:39:22   |
31100000    |       -46.8247   |              0   |       -46.8247   |   01:04:27   |   00:39:10   |
31200000    |       -36.8588   |              0   |       -36.8588   |   01:04:40   |   00:38:57   |
31300000    |       -47.3187   |              0   |       -47.3187   |   01:04:52   |   00:38:45   |
31400000    |       -53.1938   |              0   |       -53.1938   |   01:05:04   |   00:38:32   |
31500000    |       -36.3111   |              0   |       -36.3111   |   01:05:16   |   00:38:19   |
31600000    |       -44.9403   |              0   |       -44.9403   |   01:05:28   |   00:38:07   |
31700000    |        -51.375   |              0   |        -51.375   |   01:05:39   |   00:37:53   |
31800000    |       -45.0436   |              0   |       -45.0436   |   01:05:51   |   00:37:41   |
31900000    |        -35.728   |              0   |        -35.728   |   01:06:03   |   00:37:28   |


Iter        |      Posterior   |     Likelihood   |          Prior   |    elapsed   |        ETA   |
----------------------------------------------------------------------------------------------------
32000000    |       -45.2684   |              0   |       -45.2684   |   01:06:16   |   00:37:16   |
32100000    |       -38.5343   |              0   |       -38.5343   |   01:06:28   |   00:37:03   |
32200000    |       -49.0742   |              0   |       -49.0742   |   01:06:40   |   00:36:51   |
32300000    |        -41.957   |              0   |        -41.957   |   01:06:52   |   00:36:38   |
32400000    |       -31.8438   |              0   |       -31.8438   |   01:07:04   |   00:36:25   |
32500000    |       -38.7021   |              0   |       -38.7021   |   01:07:16   |   00:36:13   |
32600000    |       -39.2557   |              0   |       -39.2557   |   01:07:28   |   00:36:00   |
32700000    |       -59.2971   |              0   |       -59.2971   |   01:07:40   |   00:35:47   |
32800000    |       -48.4556   |              0   |       -48.4556   |   01:07:52   |   00:35:35   |
32900000    |       -37.5332   |              0   |       -37.5332   |   01:08:04   |   00:35:22   |
33000000    |       -39.5358   |              0   |       -39.5358   |   01:08:16   |   00:35:10   |
33100000    |       -47.1882   |              0   |       -47.1882   |   01:08:28   |   00:34:57   |
33200000    |       -41.6296   |              0   |       -41.6296   |   01:08:40   |   00:34:44   |
33300000    |       -38.0749   |              0   |       -38.0749   |   01:08:51   |   00:34:31   |
33400000    |       -34.3758   |              0   |       -34.3758   |   01:09:03   |   00:34:19   |
33500000    |       -38.5826   |              0   |       -38.5826   |   01:09:14   |   00:34:06   |
33600000    |       -38.7088   |              0   |       -38.7088   |   01:09:26   |   00:33:53   |
33700000    |       -47.6106   |              0   |       -47.6106   |   01:09:37   |   00:33:40   |
33800000    |       -42.2396   |              0   |       -42.2396   |   01:09:49   |   00:33:27   |
33900000    |        -38.428   |              0   |        -38.428   |   01:10:00   |   00:33:14   |


Iter        |      Posterior   |     Likelihood   |          Prior   |    elapsed   |        ETA   |
----------------------------------------------------------------------------------------------------
34000000    |       -48.0663   |              0   |       -48.0663   |   01:10:12   |   00:33:02   |
34100000    |       -48.4031   |              0   |       -48.4031   |   01:10:24   |   00:32:49   |
34200000    |       -54.7376   |              0   |       -54.7376   |   01:10:36   |   00:32:36   |
34300000    |       -49.7429   |              0   |       -49.7429   |   01:10:47   |   00:32:23   |
34400000    |       -43.4586   |              0   |       -43.4586   |   01:10:59   |   00:32:11   |
34500000    |       -36.2714   |              0   |       -36.2714   |   01:11:11   |   00:31:58   |
34600000    |       -45.9343   |              0   |       -45.9343   |   01:11:23   |   00:31:46   |
34700000    |       -42.5172   |              0   |       -42.5172   |   01:11:35   |   00:31:33   |
34800000    |       -47.0709   |              0   |       -47.0709   |   01:11:46   |   00:31:20   |
34900000    |       -43.1725   |              0   |       -43.1725   |   01:11:58   |   00:31:08   |
35000000    |       -54.3162   |              0   |       -54.3162   |   01:12:10   |   00:30:55   |
35100000    |       -47.7882   |              0   |       -47.7882   |   01:12:22   |   00:30:43   |
35200000    |       -36.6684   |              0   |       -36.6684   |   01:12:34   |   00:30:30   |
35300000    |       -40.5969   |              0   |       -40.5969   |   01:12:46   |   00:30:18   |
35400000    |         -45.63   |              0   |         -45.63   |   01:12:58   |   00:30:05   |
35500000    |       -37.5554   |              0   |       -37.5554   |   01:13:10   |   00:29:53   |
35600000    |       -49.4542   |              0   |       -49.4542   |   01:13:21   |   00:29:40   |
35700000    |       -38.8826   |              0   |       -38.8826   |   01:13:33   |   00:29:27   |
35800000    |       -46.9521   |              0   |       -46.9521   |   01:13:45   |   00:29:15   |
35900000    |       -41.8206   |              0   |       -41.8206   |   01:13:57   |   00:29:02   |


Iter        |      Posterior   |     Likelihood   |          Prior   |    elapsed   |        ETA   |
----------------------------------------------------------------------------------------------------
36000000    |       -44.1432   |              0   |       -44.1432   |   01:14:09   |   00:28:50   |
36100000    |       -48.3906   |              0   |       -48.3906   |   01:14:21   |   00:28:37   |
36200000    |       -36.9972   |              0   |       -36.9972   |   01:14:32   |   00:28:24   |
36300000    |       -39.3991   |              0   |       -39.3991   |   01:14:44   |   00:28:12   |
36400000    |       -32.8971   |              0   |       -32.8971   |   01:14:56   |   00:27:59   |
36500000    |       -49.3301   |              0   |       -49.3301   |   01:15:07   |   00:27:46   |
36600000    |       -44.8059   |              0   |       -44.8059   |   01:15:19   |   00:27:34   |
36700000    |       -35.6697   |              0   |       -35.6697   |   01:15:31   |   00:27:22   |
36800000    |       -52.6882   |              0   |       -52.6882   |   01:15:43   |   00:27:09   |
36900000    |       -43.7954   |              0   |       -43.7954   |   01:15:55   |   00:26:57   |
37000000    |       -51.1492   |              0   |       -51.1492   |   01:16:06   |   00:26:44   |
37100000    |       -46.6823   |              0   |       -46.6823   |   01:16:18   |   00:26:31   |
37200000    |       -42.7448   |              0   |       -42.7448   |   01:16:30   |   00:26:19   |
37300000    |       -42.3711   |              0   |       -42.3711   |   01:16:42   |   00:26:06   |
37400000    |       -35.4552   |              0   |       -35.4552   |   01:16:53   |   00:25:54   |
37500000    |       -51.2479   |              0   |       -51.2479   |   01:17:04   |   00:25:41   |
37600000    |       -43.9946   |              0   |       -43.9946   |   01:17:16   |   00:25:28   |
37700000    |       -54.3312   |              0   |       -54.3312   |   01:17:27   |   00:25:16   |
37800000    |       -44.5788   |              0   |       -44.5788   |   01:17:39   |   00:25:03   |
37900000    |       -36.7157   |              0   |       -36.7157   |   01:17:50   |   00:24:50   |


Iter        |      Posterior   |     Likelihood   |          Prior   |    elapsed   |        ETA   |
----------------------------------------------------------------------------------------------------
38000000    |       -38.5947   |              0   |       -38.5947   |   01:18:02   |   00:24:38   |
38100000    |       -44.6797   |              0   |       -44.6797   |   01:18:14   |   00:24:26   |
38200000    |       -47.9045   |              0   |       -47.9045   |   01:18:26   |   00:24:13   |
38300000    |       -41.8858   |              0   |       -41.8858   |   01:18:37   |   00:24:00   |
38400000    |       -37.3796   |              0   |       -37.3796   |   01:18:48   |   00:23:48   |
38500000    |       -44.6777   |              0   |       -44.6777   |   01:19:00   |   00:23:35   |
38600000    |       -40.1309   |              0   |       -40.1309   |   01:19:11   |   00:23:23   |
38700000    |       -42.7194   |              0   |       -42.7194   |   01:19:22   |   00:23:10   |
38800000    |       -37.3796   |              0   |       -37.3796   |   01:19:34   |   00:22:58   |
38900000    |        -40.195   |              0   |        -40.195   |   01:19:45   |   00:22:45   |
39000000    |       -31.5994   |              0   |       -31.5994   |   01:19:56   |   00:22:32   |
39100000    |        -47.156   |              0   |        -47.156   |   01:20:08   |   00:22:20   |
39200000    |       -42.1826   |              0   |       -42.1826   |   01:20:19   |   00:22:07   |
39300000    |        -45.223   |              0   |        -45.223   |   01:20:30   |   00:21:55   |
39400000    |       -43.4543   |              0   |       -43.4543   |   01:20:41   |   00:21:42   |
39500000    |       -45.2018   |              0   |       -45.2018   |   01:20:53   |   00:21:30   |
39600000    |       -44.6783   |              0   |       -44.6783   |   01:21:04   |   00:21:17   |
39700000    |       -34.3057   |              0   |       -34.3057   |   01:21:15   |   00:21:04   |
39800000    |       -45.6761   |              0   |       -45.6761   |   01:21:27   |   00:20:52   |
39900000    |       -39.4174   |              0   |       -39.4174   |   01:21:38   |   00:20:39   |


Iter        |      Posterior   |     Likelihood   |          Prior   |    elapsed   |        ETA   |
----------------------------------------------------------------------------------------------------
40000000    |       -37.0466   |              0   |       -37.0466   |   01:21:49   |   00:20:27   |
40100000    |       -43.7993   |              0   |       -43.7993   |   01:22:00   |   00:20:14   |
40200000    |       -46.3168   |              0   |       -46.3168   |   01:22:11   |   00:20:02   |
40300000    |       -36.3316   |              0   |       -36.3316   |   01:22:23   |   00:19:49   |
40400000    |       -39.5169   |              0   |       -39.5169   |   01:22:34   |   00:19:37   |
40500000    |       -46.1948   |              0   |       -46.1948   |   01:22:45   |   00:19:24   |
40600000    |       -41.1699   |              0   |       -41.1699   |   01:22:57   |   00:19:12   |
40700000    |       -38.1616   |              0   |       -38.1616   |   01:23:08   |   00:18:59   |
40800000    |        -37.674   |              0   |        -37.674   |   01:23:19   |   00:18:47   |
40900000    |       -44.6026   |              0   |       -44.6026   |   01:23:30   |   00:18:34   |
41000000    |       -41.9684   |              0   |       -41.9684   |   01:23:42   |   00:18:22   |
41100000    |       -47.9574   |              0   |       -47.9574   |   01:23:53   |   00:18:09   |
41200000    |       -47.2604   |              0   |       -47.2604   |   01:24:04   |   00:17:57   |
41300000    |       -39.4488   |              0   |       -39.4488   |   01:24:15   |   00:17:44   |
41400000    |       -38.1423   |              0   |       -38.1423   |   01:24:27   |   00:17:32   |
41500000    |       -39.2049   |              0   |       -39.2049   |   01:24:38   |   00:17:20   |
41600000    |       -49.9051   |              0   |       -49.9051   |   01:24:49   |   00:17:07   |
41700000    |       -47.3352   |              0   |       -47.3352   |   01:25:00   |   00:16:55   |
41800000    |       -48.0196   |              0   |       -48.0196   |   01:25:11   |   00:16:42   |
41900000    |       -43.5615   |              0   |       -43.5615   |   01:25:22   |   00:16:30   |


Iter        |      Posterior   |     Likelihood   |          Prior   |    elapsed   |        ETA   |
----------------------------------------------------------------------------------------------------
42000000    |       -51.5567   |              0   |       -51.5567   |   01:25:34   |   00:16:17   |
42100000    |       -46.0036   |              0   |       -46.0036   |   01:25:45   |   00:16:05   |
42200000    |       -45.4406   |              0   |       -45.4406   |   01:25:56   |   00:15:53   |
42300000    |       -39.9293   |              0   |       -39.9293   |   01:26:07   |   00:15:40   |
42400000    |       -45.7743   |              0   |       -45.7743   |   01:26:19   |   00:15:28   |
42500000    |       -37.5838   |              0   |       -37.5838   |   01:26:30   |   00:15:15   |
42600000    |       -41.4808   |              0   |       -41.4808   |   01:26:41   |   00:15:03   |
42700000    |       -35.7514   |              0   |       -35.7514   |   01:26:52   |   00:14:51   |
42800000    |       -54.4921   |              0   |       -54.4921   |   01:27:03   |   00:14:38   |
42900000    |       -41.3262   |              0   |       -41.3262   |   01:27:15   |   00:14:26   |
43000000    |       -36.9254   |              0   |       -36.9254   |   01:27:26   |   00:14:14   |
43100000    |       -48.4971   |              0   |       -48.4971   |   01:27:37   |   00:14:01   |
43200000    |       -34.2977   |              0   |       -34.2977   |   01:27:48   |   00:13:49   |
43300000    |       -40.0094   |              0   |       -40.0094   |   01:28:00   |   00:13:36   |
43400000    |       -52.2339   |              0   |       -52.2339   |   01:28:11   |   00:13:24   |
43500000    |         -41.88   |              0   |         -41.88   |   01:28:22   |   00:13:12   |
43600000    |       -44.5294   |              0   |       -44.5294   |   01:28:33   |   00:12:59   |
43700000    |       -36.9747   |              0   |       -36.9747   |   01:28:44   |   00:12:47   |
43800000    |       -44.4647   |              0   |       -44.4647   |   01:28:56   |   00:12:35   |
43900000    |       -37.7407   |              0   |       -37.7407   |   01:29:07   |   00:12:22   |


Iter        |      Posterior   |     Likelihood   |          Prior   |    elapsed   |        ETA   |
----------------------------------------------------------------------------------------------------
44000000    |       -46.2766   |              0   |       -46.2766   |   01:29:18   |   00:12:10   |
44100000    |       -36.5002   |              0   |       -36.5002   |   01:29:29   |   00:11:58   |
44200000    |       -52.0226   |              0   |       -52.0226   |   01:29:40   |   00:11:45   |
44300000    |       -42.7015   |              0   |       -42.7015   |   01:29:51   |   00:11:33   |
44400000    |       -51.5363   |              0   |       -51.5363   |   01:30:02   |   00:11:21   |
44500000    |       -46.1017   |              0   |       -46.1017   |   01:30:14   |   00:11:09   |
44600000    |       -45.1354   |              0   |       -45.1354   |   01:30:25   |   00:10:56   |
44700000    |        -41.654   |              0   |        -41.654   |   01:30:36   |   00:10:44   |
44800000    |       -44.1813   |              0   |       -44.1813   |   01:30:47   |   00:10:32   |
44900000    |       -46.4084   |              0   |       -46.4084   |   01:30:59   |   00:10:20   |
45000000    |       -43.3017   |              0   |       -43.3017   |   01:31:10   |   00:10:07   |
45100000    |       -45.9103   |              0   |       -45.9103   |   01:31:21   |   00:09:55   |
45200000    |         -54.44   |              0   |         -54.44   |   01:31:32   |   00:09:43   |
45300000    |       -51.9181   |              0   |       -51.9181   |   01:31:43   |   00:09:30   |
45400000    |       -42.0806   |              0   |       -42.0806   |   01:31:55   |   00:09:18   |
45500000    |       -42.7093   |              0   |       -42.7093   |   01:32:06   |   00:09:06   |
45600000    |       -44.4443   |              0   |       -44.4443   |   01:32:17   |   00:08:54   |
45700000    |       -43.6208   |              0   |       -43.6208   |   01:32:28   |   00:08:42   |
45800000    |       -48.8889   |              0   |       -48.8889   |   01:32:39   |   00:08:29   |
45900000    |        -32.541   |              0   |        -32.541   |   01:32:50   |   00:08:17   |


Iter        |      Posterior   |     Likelihood   |          Prior   |    elapsed   |        ETA   |
----------------------------------------------------------------------------------------------------
46000000    |       -43.2695   |              0   |       -43.2695   |   01:33:02   |   00:08:05   |
46100000    |       -55.4439   |              0   |       -55.4439   |   01:33:13   |   00:07:53   |
46200000    |       -43.5845   |              0   |       -43.5845   |   01:33:24   |   00:07:40   |
46300000    |       -40.8987   |              0   |       -40.8987   |   01:33:35   |   00:07:28   |
46400000    |       -42.4508   |              0   |       -42.4508   |   01:33:47   |   00:07:16   |
46500000    |       -38.7313   |              0   |       -38.7313   |   01:33:58   |   00:07:04   |
46600000    |       -45.8981   |              0   |       -45.8981   |   01:34:09   |   00:06:52   |
46700000    |       -54.2035   |              0   |       -54.2035   |   01:34:20   |   00:06:39   |
46800000    |       -50.9724   |              0   |       -50.9724   |   01:34:31   |   00:06:27   |
46900000    |       -47.5584   |              0   |       -47.5584   |   01:34:43   |   00:06:15   |
47000000    |       -45.5058   |              0   |       -45.5058   |   01:34:54   |   00:06:03   |
47100000    |       -40.5071   |              0   |       -40.5071   |   01:35:05   |   00:05:51   |
47200000    |       -39.5694   |              0   |       -39.5694   |   01:35:16   |   00:05:39   |
47300000    |       -41.2453   |              0   |       -41.2453   |   01:35:28   |   00:05:26   |
47400000    |       -33.0374   |              0   |       -33.0374   |   01:35:39   |   00:05:14   |
47500000    |       -43.9447   |              0   |       -43.9447   |   01:35:50   |   00:05:02   |
47600000    |       -48.9124   |              0   |       -48.9124   |   01:36:02   |   00:04:50   |
47700000    |       -46.1238   |              0   |       -46.1238   |   01:36:13   |   00:04:38   |
47800000    |       -33.9495   |              0   |       -33.9495   |   01:36:24   |   00:04:26   |
47900000    |       -41.1746   |              0   |       -41.1746   |   01:36:35   |   00:04:14   |


Iter        |      Posterior   |     Likelihood   |          Prior   |    elapsed   |        ETA   |
----------------------------------------------------------------------------------------------------
48000000    |       -50.5195   |              0   |       -50.5195   |   01:36:47   |   00:04:01   |
48100000    |       -36.7374   |              0   |       -36.7374   |   01:36:58   |   00:03:49   |
48200000    |        -51.958   |              0   |        -51.958   |   01:37:09   |   00:03:37   |
48300000    |       -36.0752   |              0   |       -36.0752   |   01:37:20   |   00:03:25   |
48400000    |       -46.5612   |              0   |       -46.5612   |   01:37:32   |   00:03:13   |
48500000    |       -40.1596   |              0   |       -40.1596   |   01:37:43   |   00:03:01   |
48600000    |       -47.3243   |              0   |       -47.3243   |   01:37:54   |   00:02:49   |
48700000    |       -43.0939   |              0   |       -43.0939   |   01:38:05   |   00:02:37   |
48800000    |       -52.5659   |              0   |       -52.5659   |   01:38:16   |   00:02:24   |
48900000    |       -47.0308   |              0   |       -47.0308   |   01:38:28   |   00:02:12   |
49000000    |       -43.0905   |              0   |       -43.0905   |   01:38:39   |   00:02:00   |
49100000    |       -48.1607   |              0   |       -48.1607   |   01:38:50   |   00:01:48   |
49200000    |       -47.5916   |              0   |       -47.5916   |   01:39:01   |   00:01:36   |
49300000    |       -41.9547   |              0   |       -41.9547   |   01:39:13   |   00:01:24   |
49400000    |       -46.0582   |              0   |       -46.0582   |   01:39:24   |   00:01:12   |
49500000    |       -39.2585   |              0   |       -39.2585   |   01:39:35   |   00:01:00   |
49600000    |        -41.957   |              0   |        -41.957   |   01:39:46   |   00:00:48   |
49700000    |        -44.151   |              0   |        -44.151   |   01:39:58   |   00:00:36   |
49800000    |       -44.4047   |              0   |       -44.4047   |   01:40:09   |   00:00:24   |
49900000    |        -36.295   |              0   |        -36.295   |   01:40:20   |   00:00:12   |


Iter        |      Posterior   |     Likelihood   |          Prior   |    elapsed   |        ETA   |
----------------------------------------------------------------------------------------------------
50000000    |        -38.243   |              0   |        -38.243   |   01:40:32   |   00:00:00   |
