   
   Running MCMC simulation
   This simulation runs 1 independent replicate.
   The simulator uses 15 different moves in a random move schedule with 15 moves per iteration
   

Iter        |      Posterior   |     Likelihood   |          Prior   |    elapsed   |        ETA   |
----------------------------------------------------------------------------------------------------
0           |       -70.5697   |              0   |       -70.5697   |   00:00:00   |   --:--:--   |
100000      |       -9.73971   |              0   |       -9.73971   |   00:00:11   |   --:--:--   |
200000      |       -21.0301   |              0   |       -21.0301   |   00:00:21   |   01:27:09   |
300000      |       -20.4217   |              0   |       -20.4217   |   00:00:31   |   01:25:35   |
400000      |       -19.6783   |              0   |       -19.6783   |   00:00:41   |   01:24:44   |
500000      |       -9.00736   |              0   |       -9.00736   |   00:00:51   |   01:24:09   |
600000      |        -16.583   |              0   |        -16.583   |   00:01:01   |   01:23:42   |
700000      |       -36.3136   |              0   |       -36.3136   |   00:01:11   |   01:23:20   |
800000      |       -23.9788   |              0   |       -23.9788   |   00:01:22   |   01:24:03   |
900000      |       -37.3152   |              0   |       -37.3152   |   00:01:32   |   01:23:39   |
1000000     |       -17.5845   |              0   |       -17.5845   |   00:01:42   |   01:23:18   |
1100000     |       -33.9437   |              0   |       -33.9437   |   00:01:52   |   01:22:58   |
1200000     |       -29.9983   |              0   |       -29.9983   |   00:02:02   |   01:22:41   |
1300000     |       -17.3672   |              0   |       -17.3672   |   00:02:12   |   01:22:24   |
1400000     |       -19.4209   |              0   |       -19.4209   |   00:02:22   |   01:22:09   |
1500000     |        -25.729   |              0   |        -25.729   |   00:02:32   |   01:21:54   |
1600000     |        -25.592   |              0   |        -25.592   |   00:02:43   |   01:22:10   |
1700000     |       -21.2719   |              0   |       -21.2719   |   00:02:53   |   01:21:55   |
1800000     |        -26.746   |              0   |        -26.746   |   00:03:03   |   01:21:40   |
1900000     |       -21.2498   |              0   |       -21.2498   |   00:03:13   |   01:21:25   |


Iter        |      Posterior   |     Likelihood   |          Prior   |    elapsed   |        ETA   |
----------------------------------------------------------------------------------------------------
2000000     |       -19.2824   |              0   |       -19.2824   |   00:03:23   |   01:21:12   |
2100000     |       -17.7309   |              0   |       -17.7309   |   00:03:33   |   01:20:58   |
2200000     |        -29.097   |              0   |        -29.097   |   00:03:43   |   01:20:45   |
2300000     |       -21.2646   |              0   |       -21.2646   |   00:03:53   |   01:20:32   |
2400000     |         -18.37   |              0   |         -18.37   |   00:04:03   |   01:20:19   |
2500000     |       -27.0733   |              0   |       -27.0733   |   00:04:14   |   01:20:26   |
2600000     |       -14.4279   |              0   |       -14.4279   |   00:04:24   |   01:20:12   |
2700000     |       -23.9408   |              0   |       -23.9408   |   00:04:34   |   01:20:00   |
2800000     |       -15.2484   |              0   |       -15.2484   |   00:04:44   |   01:19:47   |
2900000     |       -25.5243   |              0   |       -25.5243   |   00:04:54   |   01:19:34   |
3000000     |       -19.4781   |              0   |       -19.4781   |   00:05:04   |   01:19:22   |
3100000     |       -16.8739   |              0   |       -16.8739   |   00:05:14   |   01:19:10   |
3200000     |       -37.3803   |              0   |       -37.3803   |   00:05:24   |   01:18:58   |
3300000     |       -16.8891   |              0   |       -16.8891   |   00:05:35   |   01:19:00   |
3400000     |       -23.3906   |              0   |       -23.3906   |   00:05:45   |   01:18:48   |
3500000     |       -16.6272   |              0   |       -16.6272   |   00:05:55   |   01:18:36   |
3600000     |       -30.2239   |              0   |       -30.2239   |   00:06:05   |   01:18:24   |
3700000     |       -37.5796   |              0   |       -37.5796   |   00:06:15   |   01:18:12   |
3800000     |       -24.6945   |              0   |       -24.6945   |   00:06:25   |   01:18:00   |
3900000     |       -14.1312   |              0   |       -14.1312   |   00:06:35   |   01:17:49   |


Iter        |      Posterior   |     Likelihood   |          Prior   |    elapsed   |        ETA   |
----------------------------------------------------------------------------------------------------
4000000     |       -21.8109   |              0   |       -21.8109   |   00:06:45   |   01:17:37   |
4100000     |       -19.9247   |              0   |       -19.9247   |   00:06:55   |   01:17:25   |
4200000     |       -20.0476   |              0   |       -20.0476   |   00:07:06   |   01:17:25   |
4300000     |       -18.9347   |              0   |       -18.9347   |   00:07:16   |   01:17:13   |
4400000     |       -12.8309   |              0   |       -12.8309   |   00:07:26   |   01:17:02   |
4500000     |       -29.8198   |              0   |       -29.8198   |   00:07:36   |   01:16:50   |
4600000     |       -20.0851   |              0   |       -20.0851   |   00:07:46   |   01:16:39   |
4700000     |       -28.0954   |              0   |       -28.0954   |   00:07:56   |   01:16:27   |
4800000     |       -28.0813   |              0   |       -28.0813   |   00:08:06   |   01:16:16   |
4900000     |       -10.7975   |              0   |       -10.7975   |   00:08:16   |   01:16:05   |
5000000     |       -21.5448   |              0   |       -21.5448   |   00:08:27   |   01:16:03   |
5100000     |       -9.58291   |              0   |       -9.58291   |   00:08:37   |   01:15:51   |
5200000     |       -28.6008   |              0   |       -28.6008   |   00:08:47   |   01:15:40   |
5300000     |       -29.7619   |              0   |       -29.7619   |   00:08:57   |   01:15:29   |
5400000     |       -16.2091   |              0   |       -16.2091   |   00:09:07   |   01:15:17   |
5500000     |       -12.5979   |              0   |       -12.5979   |   00:09:17   |   01:15:06   |
5600000     |       -11.3235   |              0   |       -11.3235   |   00:09:27   |   01:14:55   |
5700000     |       -36.6726   |              0   |       -36.6726   |   00:09:38   |   01:14:52   |
5800000     |       -20.0107   |              0   |       -20.0107   |   00:09:48   |   01:14:40   |
5900000     |       -18.1956   |              0   |       -18.1956   |   00:09:58   |   01:14:29   |


Iter        |      Posterior   |     Likelihood   |          Prior   |    elapsed   |        ETA   |
----------------------------------------------------------------------------------------------------
6000000     |       -31.9927   |              0   |       -31.9927   |   00:10:08   |   01:14:18   |
6100000     |       -31.0717   |              0   |       -31.0717   |   00:10:18   |   01:14:07   |
6200000     |       -27.5311   |              0   |       -27.5311   |   00:10:28   |   01:13:56   |
6300000     |       -17.7456   |              0   |       -17.7456   |   00:10:38   |   01:13:45   |
6400000     |       -23.8762   |              0   |       -23.8762   |   00:10:49   |   01:13:41   |
6500000     |       -21.6861   |              0   |       -21.6861   |   00:10:59   |   01:13:30   |
6600000     |       -14.1077   |              0   |       -14.1077   |   00:11:09   |   01:13:19   |
6700000     |       -19.1526   |              0   |       -19.1526   |   00:11:19   |   01:13:08   |
6800000     |       -20.9351   |              0   |       -20.9351   |   00:11:29   |   01:12:57   |
6900000     |       -20.2934   |              0   |       -20.2934   |   00:11:39   |   01:12:46   |
7000000     |        -26.698   |              0   |        -26.698   |   00:11:49   |   01:12:35   |
7100000     |       -20.5868   |              0   |       -20.5868   |   00:11:59   |   01:12:24   |
7200000     |       -21.8402   |              0   |       -21.8402   |   00:12:09   |   01:12:13   |
7300000     |        -13.729   |              0   |        -13.729   |   00:12:20   |   01:12:08   |
7400000     |       -31.9633   |              0   |       -31.9633   |   00:12:30   |   01:11:57   |
7500000     |       -16.7054   |              0   |       -16.7054   |   00:12:40   |   01:11:46   |
7600000     |       -16.1754   |              0   |       -16.1754   |   00:12:50   |   01:11:35   |
7700000     |       -19.4799   |              0   |       -19.4799   |   00:13:00   |   01:11:24   |
7800000     |       -23.0703   |              0   |       -23.0703   |   00:13:10   |   01:11:14   |
7900000     |       -27.6124   |              0   |       -27.6124   |   00:13:20   |   01:11:03   |


Iter        |      Posterior   |     Likelihood   |          Prior   |    elapsed   |        ETA   |
----------------------------------------------------------------------------------------------------
8000000     |        -14.535   |              0   |        -14.535   |   00:13:31   |   01:10:57   |
8100000     |       -22.0795   |              0   |       -22.0795   |   00:13:41   |   01:10:46   |
8200000     |       -15.1975   |              0   |       -15.1975   |   00:13:51   |   01:10:36   |
8300000     |       -23.5837   |              0   |       -23.5837   |   00:14:01   |   01:10:25   |
8400000     |       -23.1657   |              0   |       -23.1657   |   00:14:11   |   01:10:14   |
8500000     |       -19.2482   |              0   |       -19.2482   |   00:14:21   |   01:10:03   |
8600000     |       -22.8616   |              0   |       -22.8616   |   00:14:31   |   01:09:52   |
8700000     |       -21.8914   |              0   |       -21.8914   |   00:14:42   |   01:09:46   |
8800000     |       -23.7724   |              0   |       -23.7724   |   00:14:52   |   01:09:36   |
8900000     |       -15.0561   |              0   |       -15.0561   |   00:15:02   |   01:09:25   |
9000000     |       -17.2659   |              0   |       -17.2659   |   00:15:12   |   01:09:14   |
9100000     |       -23.3392   |              0   |       -23.3392   |   00:15:22   |   01:09:03   |
9200000     |       -20.1004   |              0   |       -20.1004   |   00:15:32   |   01:08:53   |
9300000     |        -12.998   |              0   |        -12.998   |   00:15:42   |   01:08:42   |
9400000     |        -12.273   |              0   |        -12.273   |   00:15:53   |   01:08:36   |
9500000     |       -17.2746   |              0   |       -17.2746   |   00:16:03   |   01:08:25   |
9600000     |       -20.5554   |              0   |       -20.5554   |   00:16:13   |   01:08:14   |
9700000     |       -15.9781   |              0   |       -15.9781   |   00:16:23   |   01:08:04   |
9800000     |       -19.1884   |              0   |       -19.1884   |   00:16:33   |   01:07:53   |
9900000     |       -16.8679   |              0   |       -16.8679   |   00:16:43   |   01:07:42   |


Iter        |      Posterior   |     Likelihood   |          Prior   |    elapsed   |        ETA   |
----------------------------------------------------------------------------------------------------
10000000    |       -11.8932   |              0   |       -11.8932   |   00:16:53   |   01:07:32   |
10100000    |       -12.8117   |              0   |       -12.8117   |   00:17:03   |   01:07:21   |
10200000    |       -29.6318   |              0   |       -29.6318   |   00:17:14   |   01:07:14   |
10300000    |       -28.2587   |              0   |       -28.2587   |   00:17:24   |   01:07:03   |
10400000    |       -18.5114   |              0   |       -18.5114   |   00:17:34   |   01:06:53   |
10500000    |       -12.3461   |              0   |       -12.3461   |   00:17:44   |   01:06:42   |
10600000    |       -15.4579   |              0   |       -15.4579   |   00:17:54   |   01:06:32   |
10700000    |       -22.2201   |              0   |       -22.2201   |   00:18:04   |   01:06:21   |
10800000    |       -25.8834   |              0   |       -25.8834   |   00:18:14   |   01:06:10   |
10900000    |       -9.83458   |              0   |       -9.83458   |   00:18:25   |   01:06:03   |
11000000    |       -20.8698   |              0   |       -20.8698   |   00:18:35   |   01:05:53   |
11100000    |       -20.6396   |              0   |       -20.6396   |   00:18:45   |   01:05:42   |
11200000    |       -26.3212   |              0   |       -26.3212   |   00:18:55   |   01:05:31   |
11300000    |       -29.9322   |              0   |       -29.9322   |   00:19:05   |   01:05:21   |
11400000    |       -28.1484   |              0   |       -28.1484   |   00:19:15   |   01:05:10   |
11500000    |       -18.1967   |              0   |       -18.1967   |   00:19:25   |   01:05:00   |
11600000    |       -23.3968   |              0   |       -23.3968   |   00:19:35   |   01:04:49   |
11700000    |       -11.4453   |              0   |       -11.4453   |   00:19:46   |   01:04:42   |
11800000    |       -24.4122   |              0   |       -24.4122   |   00:19:56   |   01:04:31   |
11900000    |       -34.9405   |              0   |       -34.9405   |   00:20:06   |   01:04:21   |


Iter        |      Posterior   |     Likelihood   |          Prior   |    elapsed   |        ETA   |
----------------------------------------------------------------------------------------------------
12000000    |       -17.7812   |              0   |       -17.7812   |   00:20:16   |   01:04:10   |
12100000    |       -22.4942   |              0   |       -22.4942   |   00:20:26   |   01:04:00   |
12200000    |       -23.7764   |              0   |       -23.7764   |   00:20:37   |   01:03:52   |
12300000    |       -25.6899   |              0   |       -25.6899   |   00:20:47   |   01:03:42   |
12400000    |       -23.5426   |              0   |       -23.5426   |   00:20:57   |   01:03:31   |
12500000    |       -29.4217   |              0   |       -29.4217   |   00:21:07   |   01:03:21   |
12600000    |       -15.9302   |              0   |       -15.9302   |   00:21:17   |   01:03:10   |
12700000    |       -26.2282   |              0   |       -26.2282   |   00:21:27   |   01:02:59   |
12800000    |       -20.1063   |              0   |       -20.1063   |   00:21:37   |   01:02:49   |
12900000    |       -17.1812   |              0   |       -17.1812   |   00:21:47   |   01:02:38   |
13000000    |        -18.878   |              0   |        -18.878   |   00:21:57   |   01:02:28   |
13100000    |       -30.5701   |              0   |       -30.5701   |   00:22:08   |   01:02:20   |
13200000    |       -23.2371   |              0   |       -23.2371   |   00:22:18   |   01:02:10   |
13300000    |       -20.8505   |              0   |       -20.8505   |   00:22:28   |   01:01:59   |
13400000    |       -21.9082   |              0   |       -21.9082   |   00:22:38   |   01:01:49   |
13500000    |       -26.2942   |              0   |       -26.2942   |   00:22:48   |   01:01:38   |
13600000    |       -18.6049   |              0   |       -18.6049   |   00:22:58   |   01:01:28   |
13700000    |       -23.7144   |              0   |       -23.7144   |   00:23:08   |   01:01:17   |
13800000    |       -25.1768   |              0   |       -25.1768   |   00:23:19   |   01:01:09   |
13900000    |       -18.8235   |              0   |       -18.8235   |   00:23:29   |   01:00:59   |


Iter        |      Posterior   |     Likelihood   |          Prior   |    elapsed   |        ETA   |
----------------------------------------------------------------------------------------------------
14000000    |       -35.9522   |              0   |       -35.9522   |   00:23:40   |   01:00:51   |
14100000    |       -25.6692   |              0   |       -25.6692   |   00:23:50   |   01:00:40   |
14200000    |       -30.0967   |              0   |       -30.0967   |   00:24:00   |   01:00:30   |
14300000    |       -22.1478   |              0   |       -22.1478   |   00:24:10   |   01:00:19   |
14400000    |       -11.2549   |              0   |       -11.2549   |   00:24:20   |   01:00:09   |
14500000    |       -15.8324   |              0   |       -15.8324   |   00:24:30   |   00:59:58   |
14600000    |       -24.6263   |              0   |       -24.6263   |   00:24:41   |   00:59:50   |
14700000    |       -28.1383   |              0   |       -28.1383   |   00:24:51   |   00:59:40   |
14800000    |       -22.8163   |              0   |       -22.8163   |   00:25:01   |   00:59:29   |
14900000    |         -22.11   |              0   |         -22.11   |   00:25:11   |   00:59:19   |
15000000    |       -24.9477   |              0   |       -24.9477   |   00:25:22   |   00:59:11   |
15100000    |       -23.4509   |              0   |       -23.4509   |   00:25:32   |   00:59:00   |
15200000    |       -21.0501   |              0   |       -21.0501   |   00:25:42   |   00:58:50   |
15300000    |       -11.6068   |              0   |       -11.6068   |   00:25:52   |   00:58:39   |
15400000    |       -25.4633   |              0   |       -25.4633   |   00:26:02   |   00:58:29   |
15500000    |       -9.59972   |              0   |       -9.59972   |   00:26:12   |   00:58:18   |
15600000    |       -33.1512   |              0   |       -33.1512   |   00:26:22   |   00:58:08   |
15700000    |       -16.8886   |              0   |       -16.8886   |   00:26:32   |   00:57:58   |
15800000    |       -19.3665   |              0   |       -19.3665   |   00:26:43   |   00:57:49   |
15900000    |       -20.3307   |              0   |       -20.3307   |   00:26:53   |   00:57:39   |


Iter        |      Posterior   |     Likelihood   |          Prior   |    elapsed   |        ETA   |
----------------------------------------------------------------------------------------------------
16000000    |       -16.0843   |              0   |       -16.0843   |   00:27:03   |   00:57:28   |
16100000    |       -20.2106   |              0   |       -20.2106   |   00:27:13   |   00:57:18   |
16200000    |       -38.4229   |              0   |       -38.4229   |   00:27:23   |   00:57:07   |
16300000    |       -29.3531   |              0   |       -29.3531   |   00:27:33   |   00:56:57   |
16400000    |       -16.6193   |              0   |       -16.6193   |   00:27:44   |   00:56:49   |
16500000    |        -21.549   |              0   |        -21.549   |   00:27:54   |   00:56:38   |
16600000    |       -18.6769   |              0   |       -18.6769   |   00:28:04   |   00:56:28   |
16700000    |       -17.6219   |              0   |       -17.6219   |   00:28:15   |   00:56:19   |
16800000    |       -28.4012   |              0   |       -28.4012   |   00:28:25   |   00:56:09   |
16900000    |        -24.734   |              0   |        -24.734   |   00:28:35   |   00:55:58   |
17000000    |       -29.6537   |              0   |       -29.6537   |   00:28:45   |   00:55:48   |
17100000    |       -12.8252   |              0   |       -12.8252   |   00:28:55   |   00:55:38   |
17200000    |       -25.3198   |              0   |       -25.3198   |   00:29:05   |   00:55:27   |
17300000    |        -11.245   |              0   |        -11.245   |   00:29:16   |   00:55:19   |
17400000    |       -26.8672   |              0   |       -26.8672   |   00:29:26   |   00:55:08   |
17500000    |       -25.8396   |              0   |       -25.8396   |   00:29:36   |   00:54:58   |
17600000    |       -22.2399   |              0   |       -22.2399   |   00:29:46   |   00:54:47   |
17700000    |       -26.7841   |              0   |       -26.7841   |   00:29:56   |   00:54:37   |
17800000    |       -30.9882   |              0   |       -30.9882   |   00:30:06   |   00:54:27   |
17900000    |       -28.1367   |              0   |       -28.1367   |   00:30:17   |   00:54:18   |


Iter        |      Posterior   |     Likelihood   |          Prior   |    elapsed   |        ETA   |
----------------------------------------------------------------------------------------------------
18000000    |       -15.8622   |              0   |       -15.8622   |   00:30:27   |   00:54:08   |
18100000    |        -31.497   |              0   |        -31.497   |   00:30:37   |   00:53:57   |
18200000    |       -12.5906   |              0   |       -12.5906   |   00:30:47   |   00:53:47   |
18300000    |       -28.8067   |              0   |       -28.8067   |   00:30:57   |   00:53:36   |
18400000    |       -14.9391   |              0   |       -14.9391   |   00:31:07   |   00:53:26   |
18500000    |       -21.1828   |              0   |       -21.1828   |   00:31:17   |   00:53:15   |
18600000    |       -20.2342   |              0   |       -20.2342   |   00:31:27   |   00:53:05   |
18700000    |       -25.1232   |              0   |       -25.1232   |   00:31:38   |   00:52:56   |
18800000    |       -22.6454   |              0   |       -22.6454   |   00:31:48   |   00:52:46   |
18900000    |       -19.8222   |              0   |       -19.8222   |   00:31:58   |   00:52:36   |
19000000    |       -23.4752   |              0   |       -23.4752   |   00:32:08   |   00:52:25   |
19100000    |       -19.9044   |              0   |       -19.9044   |   00:32:18   |   00:52:15   |
19200000    |       -21.4806   |              0   |       -21.4806   |   00:32:28   |   00:52:04   |
19300000    |       -14.4109   |              0   |       -14.4109   |   00:32:39   |   00:51:56   |
19400000    |       -26.3877   |              0   |       -26.3877   |   00:32:49   |   00:51:45   |
19500000    |       -21.2724   |              0   |       -21.2724   |   00:32:59   |   00:51:35   |
19600000    |       -17.3876   |              0   |       -17.3876   |   00:33:09   |   00:51:24   |
19700000    |       -14.8697   |              0   |       -14.8697   |   00:33:19   |   00:51:14   |
19800000    |       -23.2209   |              0   |       -23.2209   |   00:33:29   |   00:51:04   |
19900000    |       -16.4189   |              0   |       -16.4189   |   00:33:39   |   00:50:53   |


Iter        |      Posterior   |     Likelihood   |          Prior   |    elapsed   |        ETA   |
----------------------------------------------------------------------------------------------------
20000000    |       -17.9722   |              0   |       -17.9722   |   00:33:49   |   00:50:43   |
20100000    |       -16.8495   |              0   |       -16.8495   |   00:34:00   |   00:50:34   |
20200000    |       -17.2973   |              0   |       -17.2973   |   00:34:10   |   00:50:24   |
20300000    |       -36.9144   |              0   |       -36.9144   |   00:34:20   |   00:50:13   |
20400000    |       -20.7793   |              0   |       -20.7793   |   00:34:30   |   00:50:03   |
20500000    |       -9.16653   |              0   |       -9.16653   |   00:34:40   |   00:49:53   |
20600000    |       -32.4201   |              0   |       -32.4201   |   00:34:50   |   00:49:42   |
20700000    |        -11.562   |              0   |        -11.562   |   00:35:00   |   00:49:32   |
20800000    |       -21.3146   |              0   |       -21.3146   |   00:35:11   |   00:49:23   |
20900000    |       -17.8065   |              0   |       -17.8065   |   00:35:21   |   00:49:13   |
21000000    |       -22.3217   |              0   |       -22.3217   |   00:35:31   |   00:49:02   |
21100000    |       -18.2065   |              0   |       -18.2065   |   00:35:41   |   00:48:52   |
21200000    |       -13.5466   |              0   |       -13.5466   |   00:35:51   |   00:48:42   |
21300000    |        -24.448   |              0   |        -24.448   |   00:36:01   |   00:48:31   |
21400000    |        -32.166   |              0   |        -32.166   |   00:36:11   |   00:48:21   |
21500000    |        -28.459   |              0   |        -28.459   |   00:36:21   |   00:48:11   |
21600000    |       -19.5493   |              0   |       -19.5493   |   00:36:31   |   00:48:00   |
21700000    |       -21.8609   |              0   |       -21.8609   |   00:36:42   |   00:47:51   |
21800000    |       -27.6317   |              0   |       -27.6317   |   00:36:52   |   00:47:41   |
21900000    |       -6.68879   |              0   |       -6.68879   |   00:37:02   |   00:47:31   |


Iter        |      Posterior   |     Likelihood   |          Prior   |    elapsed   |        ETA   |
----------------------------------------------------------------------------------------------------
22000000    |       -17.4724   |              0   |       -17.4724   |   00:37:12   |   00:47:20   |
22100000    |       -17.5446   |              0   |       -17.5446   |   00:37:22   |   00:47:10   |
22200000    |        -22.027   |              0   |        -22.027   |   00:37:32   |   00:47:00   |
22300000    |       -22.1931   |              0   |       -22.1931   |   00:37:42   |   00:46:49   |
22400000    |       -25.7229   |              0   |       -25.7229   |   00:37:52   |   00:46:39   |
22500000    |       -17.5152   |              0   |       -17.5152   |   00:38:03   |   00:46:30   |
22600000    |       -30.8545   |              0   |       -30.8545   |   00:38:13   |   00:46:20   |
22700000    |       -11.4826   |              0   |       -11.4826   |   00:38:23   |   00:46:09   |
22800000    |       -29.9352   |              0   |       -29.9352   |   00:38:33   |   00:45:59   |
22900000    |       -26.1401   |              0   |       -26.1401   |   00:38:43   |   00:45:49   |
23000000    |       -22.8303   |              0   |       -22.8303   |   00:38:53   |   00:45:38   |
23100000    |       -24.8598   |              0   |       -24.8598   |   00:39:03   |   00:45:28   |
23200000    |       -16.3603   |              0   |       -16.3603   |   00:39:14   |   00:45:19   |
23300000    |       -34.2952   |              0   |       -34.2952   |   00:39:24   |   00:45:08   |
23400000    |       -12.1629   |              0   |       -12.1629   |   00:39:34   |   00:44:58   |
23500000    |       -25.0167   |              0   |       -25.0167   |   00:39:44   |   00:44:48   |
23600000    |       -18.9543   |              0   |       -18.9543   |   00:39:54   |   00:44:38   |
23700000    |       -19.3846   |              0   |       -19.3846   |   00:40:04   |   00:44:27   |
23800000    |       -15.3947   |              0   |       -15.3947   |   00:40:14   |   00:44:17   |
23900000    |       -25.6087   |              0   |       -25.6087   |   00:40:25   |   00:44:08   |


Iter        |      Posterior   |     Likelihood   |          Prior   |    elapsed   |        ETA   |
----------------------------------------------------------------------------------------------------
24000000    |       -30.9165   |              0   |       -30.9165   |   00:40:35   |   00:43:57   |
24100000    |       -16.7474   |              0   |       -16.7474   |   00:40:45   |   00:43:47   |
24200000    |       -36.7239   |              0   |       -36.7239   |   00:40:55   |   00:43:37   |
24300000    |       -20.2813   |              0   |       -20.2813   |   00:41:05   |   00:43:27   |
24400000    |       -16.0005   |              0   |       -16.0005   |   00:41:15   |   00:43:16   |
24500000    |       -16.5671   |              0   |       -16.5671   |   00:41:26   |   00:43:07   |
24600000    |       -17.8621   |              0   |       -17.8621   |   00:41:36   |   00:42:57   |
24700000    |       -16.9655   |              0   |       -16.9655   |   00:41:46   |   00:42:46   |
24800000    |       -29.3342   |              0   |       -29.3342   |   00:41:56   |   00:42:36   |
24900000    |       -32.8471   |              0   |       -32.8471   |   00:42:06   |   00:42:26   |
25000000    |       -38.4519   |              0   |       -38.4519   |   00:42:17   |   00:42:17   |
25100000    |       -23.0388   |              0   |       -23.0388   |   00:42:27   |   00:42:06   |
25200000    |       -24.2511   |              0   |       -24.2511   |   00:42:37   |   00:41:56   |
25300000    |       -18.4495   |              0   |       -18.4495   |   00:42:47   |   00:41:46   |
25400000    |       -26.3396   |              0   |       -26.3396   |   00:42:57   |   00:41:35   |
25500000    |       -25.7924   |              0   |       -25.7924   |   00:43:07   |   00:41:25   |
25600000    |        -16.594   |              0   |        -16.594   |   00:43:17   |   00:41:15   |
25700000    |       -20.7763   |              0   |       -20.7763   |   00:43:28   |   00:41:05   |
25800000    |       -32.2828   |              0   |       -32.2828   |   00:43:38   |   00:40:55   |
25900000    |       -36.5048   |              0   |       -36.5048   |   00:43:48   |   00:40:45   |


Iter        |      Posterior   |     Likelihood   |          Prior   |    elapsed   |        ETA   |
----------------------------------------------------------------------------------------------------
26000000    |       -24.7514   |              0   |       -24.7514   |   00:43:58   |   00:40:35   |
26100000    |       -26.0109   |              0   |       -26.0109   |   00:44:08   |   00:40:24   |
26200000    |       -22.6635   |              0   |       -22.6635   |   00:44:18   |   00:40:14   |
26300000    |        -18.692   |              0   |        -18.692   |   00:44:28   |   00:40:04   |
26400000    |       -25.5111   |              0   |       -25.5111   |   00:44:39   |   00:39:54   |
26500000    |       -20.2785   |              0   |       -20.2785   |   00:44:49   |   00:39:44   |
26600000    |       -31.6295   |              0   |       -31.6295   |   00:44:59   |   00:39:34   |
26700000    |       -19.2391   |              0   |       -19.2391   |   00:45:09   |   00:39:24   |
26800000    |       -14.8315   |              0   |       -14.8315   |   00:45:19   |   00:39:13   |
26900000    |       -17.2761   |              0   |       -17.2761   |   00:45:29   |   00:39:03   |
27000000    |       -28.8418   |              0   |       -28.8418   |   00:45:40   |   00:38:54   |
27100000    |       -26.6619   |              0   |       -26.6619   |   00:45:50   |   00:38:43   |
27200000    |         -22.08   |              0   |         -22.08   |   00:46:00   |   00:38:33   |
27300000    |       -10.4827   |              0   |       -10.4827   |   00:46:10   |   00:38:23   |
27400000    |       -18.7581   |              0   |       -18.7581   |   00:46:20   |   00:38:12   |
27500000    |       -23.7811   |              0   |       -23.7811   |   00:46:30   |   00:38:02   |
27600000    |       -11.6574   |              0   |       -11.6574   |   00:46:40   |   00:37:52   |
27700000    |       -19.2269   |              0   |       -19.2269   |   00:46:50   |   00:37:42   |
27800000    |       -23.7428   |              0   |       -23.7428   |   00:47:01   |   00:37:32   |
27900000    |       -11.1499   |              0   |       -11.1499   |   00:47:11   |   00:37:22   |


Iter        |      Posterior   |     Likelihood   |          Prior   |    elapsed   |        ETA   |
----------------------------------------------------------------------------------------------------
28000000    |       -31.1949   |              0   |       -31.1949   |   00:47:21   |   00:37:12   |
28100000    |       -22.6908   |              0   |       -22.6908   |   00:47:31   |   00:37:01   |
28200000    |       -29.3093   |              0   |       -29.3093   |   00:47:41   |   00:36:51   |
28300000    |       -31.9731   |              0   |       -31.9731   |   00:47:51   |   00:36:41   |
28400000    |       -19.5543   |              0   |       -19.5543   |   00:48:01   |   00:36:31   |
28500000    |       -23.8203   |              0   |       -23.8203   |   00:48:12   |   00:36:21   |
28600000    |       -26.2732   |              0   |       -26.2732   |   00:48:22   |   00:36:11   |
28700000    |        -12.812   |              0   |        -12.812   |   00:48:32   |   00:36:01   |
28800000    |       -22.8829   |              0   |       -22.8829   |   00:48:42   |   00:35:50   |
28900000    |       -17.1818   |              0   |       -17.1818   |   00:48:52   |   00:35:40   |
29000000    |        -14.849   |              0   |        -14.849   |   00:49:02   |   00:35:30   |
29100000    |       -31.9715   |              0   |       -31.9715   |   00:49:13   |   00:35:20   |
29200000    |       -13.9405   |              0   |       -13.9405   |   00:49:23   |   00:35:10   |
29300000    |       -17.7413   |              0   |       -17.7413   |   00:49:33   |   00:35:00   |
29400000    |       -13.0577   |              0   |       -13.0577   |   00:49:43   |   00:34:50   |
29500000    |       -13.1782   |              0   |       -13.1782   |   00:49:53   |   00:34:39   |
29600000    |       -43.5973   |              0   |       -43.5973   |   00:50:03   |   00:34:29   |
29700000    |       -13.6435   |              0   |       -13.6435   |   00:50:14   |   00:34:20   |
29800000    |       -16.6408   |              0   |       -16.6408   |   00:50:24   |   00:34:09   |
29900000    |       -10.6885   |              0   |       -10.6885   |   00:50:34   |   00:33:59   |


Iter        |      Posterior   |     Likelihood   |          Prior   |    elapsed   |        ETA   |
----------------------------------------------------------------------------------------------------
30000000    |       -13.2594   |              0   |       -13.2594   |   00:50:44   |   00:33:49   |
30100000    |       -16.9835   |              0   |       -16.9835   |   00:50:54   |   00:33:39   |
30200000    |       -13.8512   |              0   |       -13.8512   |   00:51:04   |   00:33:28   |
30300000    |       -20.9349   |              0   |       -20.9349   |   00:51:14   |   00:33:18   |
30400000    |        -37.637   |              0   |        -37.637   |   00:51:24   |   00:33:08   |
30500000    |       -12.7016   |              0   |       -12.7016   |   00:51:35   |   00:32:58   |
30600000    |       -14.0988   |              0   |       -14.0988   |   00:51:45   |   00:32:48   |
30700000    |       -15.6181   |              0   |       -15.6181   |   00:51:55   |   00:32:38   |
30800000    |       -14.1684   |              0   |       -14.1684   |   00:52:05   |   00:32:28   |
30900000    |       -25.1921   |              0   |       -25.1921   |   00:52:15   |   00:32:17   |
31000000    |       -22.2285   |              0   |       -22.2285   |   00:52:25   |   00:32:07   |
31100000    |       -39.6432   |              0   |       -39.6432   |   00:52:35   |   00:31:57   |
31200000    |       -21.5561   |              0   |       -21.5561   |   00:52:46   |   00:31:47   |
31300000    |       -19.7827   |              0   |       -19.7827   |   00:52:56   |   00:31:37   |
31400000    |       -20.7778   |              0   |       -20.7778   |   00:53:06   |   00:31:27   |
31500000    |       -23.4267   |              0   |       -23.4267   |   00:53:16   |   00:31:17   |
31600000    |       -18.3688   |              0   |       -18.3688   |   00:53:26   |   00:31:06   |
31700000    |       -20.7201   |              0   |       -20.7201   |   00:53:36   |   00:30:56   |
31800000    |       -20.0956   |              0   |       -20.0956   |   00:53:46   |   00:30:46   |
31900000    |       -17.9497   |              0   |       -17.9497   |   00:53:57   |   00:30:36   |


Iter        |      Posterior   |     Likelihood   |          Prior   |    elapsed   |        ETA   |
----------------------------------------------------------------------------------------------------
32000000    |       -29.2568   |              0   |       -29.2568   |   00:54:07   |   00:30:26   |
32100000    |       -19.0349   |              0   |       -19.0349   |   00:54:17   |   00:30:16   |
32200000    |       -18.6177   |              0   |       -18.6177   |   00:54:27   |   00:30:05   |
32300000    |       -19.4584   |              0   |       -19.4584   |   00:54:37   |   00:29:55   |
32400000    |       -30.6048   |              0   |       -30.6048   |   00:54:47   |   00:29:45   |
32500000    |       -21.5632   |              0   |       -21.5632   |   00:54:57   |   00:29:35   |
32600000    |       -17.7344   |              0   |       -17.7344   |   00:55:08   |   00:29:25   |
32700000    |       -17.9291   |              0   |       -17.9291   |   00:55:18   |   00:29:15   |
32800000    |       -23.4538   |              0   |       -23.4538   |   00:55:28   |   00:29:05   |
32900000    |        -16.033   |              0   |        -16.033   |   00:55:38   |   00:28:54   |
33000000    |       -17.3184   |              0   |       -17.3184   |   00:55:48   |   00:28:44   |
33100000    |       -17.5416   |              0   |       -17.5416   |   00:55:58   |   00:28:34   |
33200000    |       -17.0129   |              0   |       -17.0129   |   00:56:08   |   00:28:24   |
33300000    |       -23.8161   |              0   |       -23.8161   |   00:56:19   |   00:28:14   |
33400000    |       -28.6838   |              0   |       -28.6838   |   00:56:29   |   00:28:04   |
33500000    |       -25.1036   |              0   |       -25.1036   |   00:56:39   |   00:27:54   |
33600000    |       -18.7348   |              0   |       -18.7348   |   00:56:49   |   00:27:43   |
33700000    |       -25.2563   |              0   |       -25.2563   |   00:56:59   |   00:27:33   |
33800000    |        -23.789   |              0   |        -23.789   |   00:57:09   |   00:27:23   |
33900000    |       -23.1039   |              0   |       -23.1039   |   00:57:19   |   00:27:13   |


Iter        |      Posterior   |     Likelihood   |          Prior   |    elapsed   |        ETA   |
----------------------------------------------------------------------------------------------------
34000000    |       -21.4303   |              0   |       -21.4303   |   00:57:29   |   00:27:03   |
34100000    |       -35.3567   |              0   |       -35.3567   |   00:57:40   |   00:26:53   |
34200000    |       -20.4654   |              0   |       -20.4654   |   00:57:50   |   00:26:43   |
34300000    |        -28.495   |              0   |        -28.495   |   00:58:00   |   00:26:32   |
34400000    |       -15.0115   |              0   |       -15.0115   |   00:58:10   |   00:26:22   |
34500000    |       -11.2417   |              0   |       -11.2417   |   00:58:20   |   00:26:12   |
34600000    |       -18.6741   |              0   |       -18.6741   |   00:58:30   |   00:26:02   |
34700000    |       -11.9381   |              0   |       -11.9381   |   00:58:41   |   00:25:52   |
34800000    |       -16.3542   |              0   |       -16.3542   |   00:58:51   |   00:25:42   |
34900000    |       -18.3842   |              0   |       -18.3842   |   00:59:01   |   00:25:32   |
35000000    |       -25.1391   |              0   |       -25.1391   |   00:59:11   |   00:25:21   |
35100000    |       -14.0243   |              0   |       -14.0243   |   00:59:21   |   00:25:11   |
35200000    |       -32.3061   |              0   |       -32.3061   |   00:59:31   |   00:25:01   |
35300000    |       -31.2255   |              0   |       -31.2255   |   00:59:41   |   00:24:51   |
35400000    |        -27.917   |              0   |        -27.917   |   00:59:51   |   00:24:41   |
35500000    |       -18.8918   |              0   |       -18.8918   |   01:00:02   |   00:24:31   |
35600000    |       -15.4688   |              0   |       -15.4688   |   01:00:12   |   00:24:21   |
35700000    |       -18.3743   |              0   |       -18.3743   |   01:00:22   |   00:24:10   |
35800000    |       -33.3826   |              0   |       -33.3826   |   01:00:32   |   00:24:00   |
35900000    |       -23.2084   |              0   |       -23.2084   |   01:00:42   |   00:23:50   |


Iter        |      Posterior   |     Likelihood   |          Prior   |    elapsed   |        ETA   |
----------------------------------------------------------------------------------------------------
36000000    |       -29.6816   |              0   |       -29.6816   |   01:00:52   |   00:23:40   |
36100000    |       -21.5739   |              0   |       -21.5739   |   01:01:03   |   00:23:30   |
36200000    |       -10.9468   |              0   |       -10.9468   |   01:01:13   |   00:23:20   |
36300000    |       -16.6161   |              0   |       -16.6161   |   01:01:23   |   00:23:10   |
36400000    |       -20.0344   |              0   |       -20.0344   |   01:01:33   |   00:22:59   |
36500000    |       -22.4896   |              0   |       -22.4896   |   01:01:43   |   00:22:49   |
36600000    |       -14.6925   |              0   |       -14.6925   |   01:01:53   |   00:22:39   |
36700000    |       -16.7262   |              0   |       -16.7262   |   01:02:04   |   00:22:29   |
36800000    |       -36.3554   |              0   |       -36.3554   |   01:02:14   |   00:22:19   |
36900000    |        -26.811   |              0   |        -26.811   |   01:02:24   |   00:22:09   |
37000000    |       -18.2779   |              0   |       -18.2779   |   01:02:34   |   00:21:58   |
37100000    |       -12.2571   |              0   |       -12.2571   |   01:02:44   |   00:21:48   |
37200000    |       -26.0726   |              0   |       -26.0726   |   01:02:55   |   00:21:38   |
37300000    |       -12.7628   |              0   |       -12.7628   |   01:03:05   |   00:21:28   |
37400000    |       -20.6419   |              0   |       -20.6419   |   01:03:15   |   00:21:18   |
37500000    |       -15.8875   |              0   |       -15.8875   |   01:03:25   |   00:21:08   |
37600000    |       -11.5435   |              0   |       -11.5435   |   01:03:35   |   00:20:58   |
37700000    |       -19.5866   |              0   |       -19.5866   |   01:03:45   |   00:20:47   |
37800000    |       -27.9248   |              0   |       -27.9248   |   01:03:56   |   00:20:38   |
37900000    |       -18.9788   |              0   |       -18.9788   |   01:04:06   |   00:20:27   |


Iter        |      Posterior   |     Likelihood   |          Prior   |    elapsed   |        ETA   |
----------------------------------------------------------------------------------------------------
38000000    |       -21.1274   |              0   |       -21.1274   |   01:04:16   |   00:20:17   |
38100000    |       -23.4246   |              0   |       -23.4246   |   01:04:26   |   00:20:07   |
38200000    |        -17.542   |              0   |        -17.542   |   01:04:36   |   00:19:57   |
38300000    |       -16.0964   |              0   |       -16.0964   |   01:04:46   |   00:19:47   |
38400000    |       -18.9907   |              0   |       -18.9907   |   01:04:56   |   00:19:36   |
38500000    |       -30.6321   |              0   |       -30.6321   |   01:05:06   |   00:19:26   |
38600000    |       -19.3082   |              0   |       -19.3082   |   01:05:17   |   00:19:16   |
38700000    |       -30.3434   |              0   |       -30.3434   |   01:05:27   |   00:19:06   |
38800000    |       -25.8699   |              0   |       -25.8699   |   01:05:37   |   00:18:56   |
38900000    |        -11.515   |              0   |        -11.515   |   01:05:47   |   00:18:46   |
39000000    |       -18.7805   |              0   |       -18.7805   |   01:05:57   |   00:18:36   |
39100000    |       -13.6566   |              0   |       -13.6566   |   01:06:07   |   00:18:25   |
39200000    |       -23.6799   |              0   |       -23.6799   |   01:06:17   |   00:18:15   |
39300000    |        -15.401   |              0   |        -15.401   |   01:06:27   |   00:18:05   |
39400000    |       -20.2212   |              0   |       -20.2212   |   01:06:38   |   00:17:55   |
39500000    |       -20.5196   |              0   |       -20.5196   |   01:06:48   |   00:17:45   |
39600000    |        -18.218   |              0   |        -18.218   |   01:06:58   |   00:17:35   |
39700000    |       -14.9608   |              0   |       -14.9608   |   01:07:08   |   00:17:25   |
39800000    |       -25.6785   |              0   |       -25.6785   |   01:07:18   |   00:17:14   |
39900000    |        -21.035   |              0   |        -21.035   |   01:07:28   |   00:17:04   |


Iter        |      Posterior   |     Likelihood   |          Prior   |    elapsed   |        ETA   |
----------------------------------------------------------------------------------------------------
40000000    |       -21.1408   |              0   |       -21.1408   |   01:07:38   |   00:16:54   |
40100000    |       -28.0814   |              0   |       -28.0814   |   01:07:49   |   00:16:44   |
40200000    |       -26.3767   |              0   |       -26.3767   |   01:07:59   |   00:16:34   |
40300000    |       -22.7818   |              0   |       -22.7818   |   01:08:09   |   00:16:24   |
40400000    |       -22.2459   |              0   |       -22.2459   |   01:08:19   |   00:16:14   |
40500000    |       -16.2197   |              0   |       -16.2197   |   01:08:29   |   00:16:03   |
40600000    |       -19.8826   |              0   |       -19.8826   |   01:08:39   |   00:15:53   |
40700000    |       -16.7954   |              0   |       -16.7954   |   01:08:49   |   00:15:43   |
40800000    |       -19.4344   |              0   |       -19.4344   |   01:09:00   |   00:15:33   |
40900000    |       -29.2671   |              0   |       -29.2671   |   01:09:10   |   00:15:23   |
41000000    |       -11.9635   |              0   |       -11.9635   |   01:09:20   |   00:15:13   |
41100000    |       -28.3069   |              0   |       -28.3069   |   01:09:31   |   00:15:03   |
41200000    |       -14.1004   |              0   |       -14.1004   |   01:09:41   |   00:14:53   |
41300000    |       -15.8946   |              0   |       -15.8946   |   01:09:52   |   00:14:43   |
41400000    |       -17.5407   |              0   |       -17.5407   |   01:10:02   |   00:14:32   |
41500000    |        -17.779   |              0   |        -17.779   |   01:10:13   |   00:14:22   |
41600000    |       -28.1565   |              0   |       -28.1565   |   01:10:24   |   00:14:12   |
41700000    |       -31.6996   |              0   |       -31.6996   |   01:10:34   |   00:14:02   |
41800000    |       -17.8365   |              0   |       -17.8365   |   01:10:45   |   00:13:52   |
41900000    |       -14.7907   |              0   |       -14.7907   |   01:10:56   |   00:13:42   |


Iter        |      Posterior   |     Likelihood   |          Prior   |    elapsed   |        ETA   |
----------------------------------------------------------------------------------------------------
42000000    |       -17.9054   |              0   |       -17.9054   |   01:11:06   |   00:13:32   |
42100000    |       -25.2719   |              0   |       -25.2719   |   01:11:17   |   00:13:22   |
42200000    |       -15.1085   |              0   |       -15.1085   |   01:11:28   |   00:13:12   |
42300000    |       -24.8305   |              0   |       -24.8305   |   01:11:38   |   00:13:02   |
42400000    |       -16.0494   |              0   |       -16.0494   |   01:11:49   |   00:12:52   |
42500000    |       -16.1674   |              0   |       -16.1674   |   01:12:00   |   00:12:42   |
42600000    |       -24.7406   |              0   |       -24.7406   |   01:12:11   |   00:12:32   |
42700000    |        -32.293   |              0   |        -32.293   |   01:12:21   |   00:12:22   |
42800000    |       -18.1897   |              0   |       -18.1897   |   01:12:32   |   00:12:12   |
42900000    |       -18.0225   |              0   |       -18.0225   |   01:12:43   |   00:12:02   |
43000000    |       -24.3932   |              0   |       -24.3932   |   01:12:53   |   00:11:51   |
43100000    |       -8.87493   |              0   |       -8.87493   |   01:13:04   |   00:11:41   |
43200000    |       -22.8614   |              0   |       -22.8614   |   01:13:15   |   00:11:31   |
43300000    |       -14.7106   |              0   |       -14.7106   |   01:13:25   |   00:11:21   |
43400000    |       -26.3007   |              0   |       -26.3007   |   01:13:36   |   00:11:11   |
43500000    |         -20.06   |              0   |         -20.06   |   01:13:47   |   00:11:01   |
43600000    |        -15.513   |              0   |        -15.513   |   01:13:57   |   00:10:51   |
43700000    |       -15.7706   |              0   |       -15.7706   |   01:14:08   |   00:10:41   |
43800000    |        -18.521   |              0   |        -18.521   |   01:14:19   |   00:10:31   |
43900000    |       -20.3311   |              0   |       -20.3311   |   01:14:29   |   00:10:20   |


Iter        |      Posterior   |     Likelihood   |          Prior   |    elapsed   |        ETA   |
----------------------------------------------------------------------------------------------------
44000000    |       -18.1595   |              0   |       -18.1595   |   01:14:40   |   00:10:10   |
44100000    |       -23.4231   |              0   |       -23.4231   |   01:14:51   |   00:10:00   |
44200000    |       -15.5524   |              0   |       -15.5524   |   01:15:02   |   00:09:50   |
44300000    |       -26.6236   |              0   |       -26.6236   |   01:15:12   |   00:09:40   |
44400000    |       -21.1187   |              0   |       -21.1187   |   01:15:23   |   00:09:30   |
44500000    |       -23.8226   |              0   |       -23.8226   |   01:15:33   |   00:09:20   |
44600000    |       -13.6252   |              0   |       -13.6252   |   01:15:43   |   00:09:10   |
44700000    |       -17.1792   |              0   |       -17.1792   |   01:15:53   |   00:08:59   |
44800000    |       -19.4441   |              0   |       -19.4441   |   01:16:03   |   00:08:49   |
44900000    |       -21.9431   |              0   |       -21.9431   |   01:16:14   |   00:08:39   |
45000000    |       -16.3188   |              0   |       -16.3188   |   01:16:24   |   00:08:29   |
45100000    |       -17.2039   |              0   |       -17.2039   |   01:16:34   |   00:08:19   |
45200000    |       -17.7574   |              0   |       -17.7574   |   01:16:44   |   00:08:08   |
45300000    |       -14.1079   |              0   |       -14.1079   |   01:16:54   |   00:07:58   |
45400000    |        -14.338   |              0   |        -14.338   |   01:17:04   |   00:07:48   |
45500000    |       -22.3775   |              0   |       -22.3775   |   01:17:14   |   00:07:38   |
45600000    |        -25.742   |              0   |        -25.742   |   01:17:25   |   00:07:28   |
45700000    |       -16.3355   |              0   |       -16.3355   |   01:17:35   |   00:07:17   |
45800000    |       -23.1431   |              0   |       -23.1431   |   01:17:45   |   00:07:07   |
45900000    |       -30.0355   |              0   |       -30.0355   |   01:17:55   |   00:06:57   |


Iter        |      Posterior   |     Likelihood   |          Prior   |    elapsed   |        ETA   |
----------------------------------------------------------------------------------------------------
46000000    |       -27.8825   |              0   |       -27.8825   |   01:18:05   |   00:06:47   |
46100000    |       -15.0269   |              0   |       -15.0269   |   01:18:15   |   00:06:37   |
46200000    |       -25.4527   |              0   |       -25.4527   |   01:18:25   |   00:06:26   |
46300000    |        -32.825   |              0   |        -32.825   |   01:18:35   |   00:06:16   |
46400000    |       -12.0716   |              0   |       -12.0716   |   01:18:46   |   00:06:06   |
46500000    |       -10.5898   |              0   |       -10.5898   |   01:18:56   |   00:05:56   |
46600000    |       -14.6933   |              0   |       -14.6933   |   01:19:06   |   00:05:46   |
46700000    |       -19.1937   |              0   |       -19.1937   |   01:19:16   |   00:05:36   |
46800000    |       -10.7327   |              0   |       -10.7327   |   01:19:26   |   00:05:25   |
46900000    |       -19.8478   |              0   |       -19.8478   |   01:19:36   |   00:05:15   |
47000000    |       -16.9937   |              0   |       -16.9937   |   01:19:46   |   00:05:05   |
47100000    |       -19.6107   |              0   |       -19.6107   |   01:19:57   |   00:04:55   |
47200000    |       -17.2789   |              0   |       -17.2789   |   01:20:07   |   00:04:45   |
47300000    |       -30.0037   |              0   |       -30.0037   |   01:20:17   |   00:04:34   |
47400000    |       -16.5581   |              0   |       -16.5581   |   01:20:27   |   00:04:24   |
47500000    |       -25.8379   |              0   |       -25.8379   |   01:20:37   |   00:04:14   |
47600000    |       -34.4691   |              0   |       -34.4691   |   01:20:47   |   00:04:04   |
47700000    |       -25.5781   |              0   |       -25.5781   |   01:20:57   |   00:03:54   |
47800000    |        -26.214   |              0   |        -26.214   |   01:21:08   |   00:03:44   |
47900000    |       -27.7874   |              0   |       -27.7874   |   01:21:18   |   00:03:33   |


Iter        |      Posterior   |     Likelihood   |          Prior   |    elapsed   |        ETA   |
----------------------------------------------------------------------------------------------------
48000000    |       -13.7492   |              0   |       -13.7492   |   01:21:28   |   00:03:23   |
48100000    |       -20.7666   |              0   |       -20.7666   |   01:21:38   |   00:03:13   |
48200000    |       -15.3362   |              0   |       -15.3362   |   01:21:48   |   00:03:03   |
48300000    |       -24.6308   |              0   |       -24.6308   |   01:21:58   |   00:02:53   |
48400000    |        -14.868   |              0   |        -14.868   |   01:22:08   |   00:02:42   |
48500000    |       -22.4767   |              0   |       -22.4767   |   01:22:18   |   00:02:32   |
48600000    |       -10.4176   |              0   |       -10.4176   |   01:22:28   |   00:02:22   |
48700000    |       -29.7743   |              0   |       -29.7743   |   01:22:39   |   00:02:12   |
48800000    |       -14.1495   |              0   |       -14.1495   |   01:22:49   |   00:02:02   |
48900000    |       -19.2845   |              0   |       -19.2845   |   01:22:59   |   00:01:52   |
49000000    |       -26.8598   |              0   |       -26.8598   |   01:23:09   |   00:01:41   |
49100000    |       -24.1302   |              0   |       -24.1302   |   01:23:19   |   00:01:31   |
49200000    |        -28.465   |              0   |        -28.465   |   01:23:29   |   00:01:21   |
49300000    |       -22.0545   |              0   |       -22.0545   |   01:23:39   |   00:01:11   |
49400000    |       -9.70791   |              0   |       -9.70791   |   01:23:49   |   00:01:01   |
49500000    |       -24.3131   |              0   |       -24.3131   |   01:24:00   |   00:00:50   |
49600000    |       -17.9368   |              0   |       -17.9368   |   01:24:10   |   00:00:40   |
49700000    |       -13.1987   |              0   |       -13.1987   |   01:24:20   |   00:00:30   |
49800000    |       -29.1374   |              0   |       -29.1374   |   01:24:30   |   00:00:20   |
49900000    |       -17.2757   |              0   |       -17.2757   |   01:24:40   |   00:00:10   |


Iter        |      Posterior   |     Likelihood   |          Prior   |    elapsed   |        ETA   |
----------------------------------------------------------------------------------------------------
50000000    |       -28.9691   |              0   |       -28.9691   |   01:24:50   |   00:00:00   |
