   
   Running MCMC simulation
   This simulation runs 1 independent replicate.
   The simulator uses 15 different moves in a random move schedule with 13.2 moves per iteration
   

Iter        |      Posterior   |     Likelihood   |          Prior   |    elapsed   |        ETA   |
----------------------------------------------------------------------------------------------------
0           |       -84.3181   |              0   |       -84.3181   |   00:00:00   |   --:--:--   |
100000      |       -33.7944   |              0   |       -33.7944   |   00:00:08   |   --:--:--   |
200000      |       -35.3039   |              0   |       -35.3039   |   00:00:16   |   01:06:24   |
300000      |        -29.856   |              0   |        -29.856   |   00:00:24   |   01:06:16   |
400000      |       -24.6755   |              0   |       -24.6755   |   00:00:32   |   01:06:08   |
500000      |       -23.7636   |              0   |       -23.7636   |   00:00:40   |   01:06:00   |
600000      |       -34.2661   |              0   |       -34.2661   |   00:00:48   |   01:05:52   |
700000      |       -32.6336   |              0   |       -32.6336   |   00:00:56   |   01:05:44   |
800000      |       -25.5661   |              0   |       -25.5661   |   00:01:04   |   01:05:36   |
900000      |       -27.7106   |              0   |       -27.7106   |   00:01:12   |   01:05:28   |
1000000     |       -27.8073   |              0   |       -27.8073   |   00:01:20   |   01:05:20   |
1100000     |       -39.9102   |              0   |       -39.9102   |   00:01:28   |   01:05:12   |
1200000     |       -26.0794   |              0   |       -26.0794   |   00:01:36   |   01:05:04   |
1300000     |       -31.9818   |              0   |       -31.9818   |   00:01:44   |   01:04:56   |
1400000     |       -25.2686   |              0   |       -25.2686   |   00:01:52   |   01:04:48   |
1500000     |       -26.0428   |              0   |       -26.0428   |   00:01:59   |   01:04:07   |
1600000     |       -37.3482   |              0   |       -37.3482   |   00:02:07   |   01:04:01   |
1700000     |       -26.9709   |              0   |       -26.9709   |   00:02:15   |   01:03:55   |
1800000     |       -31.8827   |              0   |       -31.8827   |   00:02:23   |   01:03:49   |
1900000     |       -26.6176   |              0   |       -26.6176   |   00:02:31   |   01:03:42   |


Iter        |      Posterior   |     Likelihood   |          Prior   |    elapsed   |        ETA   |
----------------------------------------------------------------------------------------------------
2000000     |       -22.8033   |              0   |       -22.8033   |   00:02:38   |   01:03:12   |
2100000     |       -19.9685   |              0   |       -19.9685   |   00:02:46   |   01:03:06   |
2200000     |       -24.9369   |              0   |       -24.9369   |   00:02:54   |   01:03:00   |
2300000     |        -27.107   |              0   |        -27.107   |   00:03:02   |   01:02:54   |
2400000     |       -19.1967   |              0   |       -19.1967   |   00:03:10   |   01:02:48   |
2500000     |       -31.3674   |              0   |       -31.3674   |   00:03:18   |   01:02:42   |
2600000     |       -21.1039   |              0   |       -21.1039   |   00:03:25   |   01:02:17   |
2700000     |       -26.3986   |              0   |       -26.3986   |   00:03:33   |   01:02:11   |
2800000     |        -25.083   |              0   |        -25.083   |   00:03:41   |   01:02:05   |
2900000     |       -24.4717   |              0   |       -24.4717   |   00:03:49   |   01:01:59   |
3000000     |       -19.3889   |              0   |       -19.3889   |   00:03:57   |   01:01:53   |
3100000     |       -25.6621   |              0   |       -25.6621   |   00:04:05   |   01:01:46   |
3200000     |       -25.6127   |              0   |       -25.6127   |   00:04:13   |   01:01:40   |
3300000     |       -27.0632   |              0   |       -27.0632   |   00:04:21   |   01:01:33   |
3400000     |        -32.534   |              0   |        -32.534   |   00:04:29   |   01:01:26   |
3500000     |       -24.5197   |              0   |       -24.5197   |   00:04:36   |   01:01:06   |
3600000     |       -24.9329   |              0   |       -24.9329   |   00:04:44   |   01:01:00   |
3700000     |       -29.5069   |              0   |       -29.5069   |   00:04:52   |   01:00:53   |
3800000     |       -20.8244   |              0   |       -20.8244   |   00:05:00   |   01:00:47   |
3900000     |       -25.1231   |              0   |       -25.1231   |   00:05:08   |   01:00:40   |


Iter        |      Posterior   |     Likelihood   |          Prior   |    elapsed   |        ETA   |
----------------------------------------------------------------------------------------------------
4000000     |       -21.0097   |              0   |       -21.0097   |   00:05:16   |   01:00:34   |
4100000     |       -22.2833   |              0   |       -22.2833   |   00:05:24   |   01:00:27   |
4200000     |       -29.9509   |              0   |       -29.9509   |   00:05:31   |   01:00:09   |
4300000     |       -25.4362   |              0   |       -25.4362   |   00:05:39   |   01:00:02   |
4400000     |       -24.2124   |              0   |       -24.2124   |   00:05:47   |   00:59:56   |
4500000     |       -23.8351   |              0   |       -23.8351   |   00:05:55   |   00:59:49   |
4600000     |       -25.5259   |              0   |       -25.5259   |   00:06:03   |   00:59:42   |
4700000     |       -20.9796   |              0   |       -20.9796   |   00:06:11   |   00:59:35   |
4800000     |       -28.0732   |              0   |       -28.0732   |   00:06:19   |   00:59:28   |
4900000     |       -23.1937   |              0   |       -23.1937   |   00:06:27   |   00:59:21   |
5000000     |       -20.8818   |              0   |       -20.8818   |   00:06:35   |   00:59:15   |
5100000     |       -28.8252   |              0   |       -28.8252   |   00:06:42   |   00:58:59   |
5200000     |       -34.8314   |              0   |       -34.8314   |   00:06:50   |   00:58:52   |
5300000     |       -24.6136   |              0   |       -24.6136   |   00:06:58   |   00:58:45   |
5400000     |       -36.8795   |              0   |       -36.8795   |   00:07:06   |   00:58:38   |
5500000     |       -21.7075   |              0   |       -21.7075   |   00:07:14   |   00:58:31   |
5600000     |       -27.5263   |              0   |       -27.5263   |   00:07:22   |   00:58:24   |
5700000     |       -28.3705   |              0   |       -28.3705   |   00:07:30   |   00:58:17   |
5800000     |       -14.2079   |              0   |       -14.2079   |   00:07:38   |   00:58:10   |
5900000     |        -27.141   |              0   |        -27.141   |   00:07:45   |   00:57:55   |


Iter        |      Posterior   |     Likelihood   |          Prior   |    elapsed   |        ETA   |
----------------------------------------------------------------------------------------------------
6000000     |       -25.0202   |              0   |       -25.0202   |   00:07:53   |   00:57:48   |
6100000     |       -23.3172   |              0   |       -23.3172   |   00:08:01   |   00:57:41   |
6200000     |       -25.1069   |              0   |       -25.1069   |   00:08:09   |   00:57:34   |
6300000     |       -23.4565   |              0   |       -23.4565   |   00:08:17   |   00:57:27   |
6400000     |       -27.0823   |              0   |       -27.0823   |   00:08:25   |   00:57:20   |
6500000     |       -31.5765   |              0   |       -31.5765   |   00:08:33   |   00:57:13   |
6600000     |        -25.244   |              0   |        -25.244   |   00:08:40   |   00:56:59   |
6700000     |         -33.75   |              0   |         -33.75   |   00:08:48   |   00:56:52   |
6800000     |       -31.0326   |              0   |       -31.0326   |   00:08:56   |   00:56:45   |
6900000     |       -28.5375   |              0   |       -28.5375   |   00:09:04   |   00:56:38   |
7000000     |       -19.6789   |              0   |       -19.6789   |   00:09:12   |   00:56:30   |
7100000     |       -22.8065   |              0   |       -22.8065   |   00:09:20   |   00:56:23   |
7200000     |       -24.8228   |              0   |       -24.8228   |   00:09:27   |   00:56:10   |
7300000     |       -31.4946   |              0   |       -31.4946   |   00:09:35   |   00:56:03   |
7400000     |       -23.1725   |              0   |       -23.1725   |   00:09:43   |   00:55:56   |
7500000     |       -25.9552   |              0   |       -25.9552   |   00:09:51   |   00:55:49   |
7600000     |       -23.8525   |              0   |       -23.8525   |   00:09:59   |   00:55:41   |
7700000     |       -26.2434   |              0   |       -26.2434   |   00:10:07   |   00:55:34   |
7800000     |       -24.3965   |              0   |       -24.3965   |   00:10:15   |   00:55:27   |
7900000     |        -24.608   |              0   |        -24.608   |   00:10:23   |   00:55:20   |


Iter        |      Posterior   |     Likelihood   |          Prior   |    elapsed   |        ETA   |
----------------------------------------------------------------------------------------------------
8000000     |       -28.8191   |              0   |       -28.8191   |   00:10:31   |   00:55:12   |
8100000     |         -22.35   |              0   |         -22.35   |   00:10:39   |   00:55:05   |
8200000     |       -19.7207   |              0   |       -19.7207   |   00:10:47   |   00:54:58   |
8300000     |       -24.3831   |              0   |       -24.3831   |   00:10:55   |   00:54:50   |
8400000     |       -27.8014   |              0   |       -27.8014   |   00:11:03   |   00:54:43   |
8500000     |       -35.9742   |              0   |       -35.9742   |   00:11:11   |   00:54:36   |
8600000     |       -20.8227   |              0   |       -20.8227   |   00:11:19   |   00:54:28   |
8700000     |        -26.904   |              0   |        -26.904   |   00:11:27   |   00:54:21   |
8800000     |       -27.0186   |              0   |       -27.0186   |   00:11:36   |   00:54:18   |
8900000     |       -25.6742   |              0   |       -25.6742   |   00:11:44   |   00:54:11   |
9000000     |       -26.3185   |              0   |       -26.3185   |   00:11:52   |   00:54:03   |
9100000     |        -27.162   |              0   |        -27.162   |   00:12:00   |   00:53:56   |
9200000     |       -28.0369   |              0   |       -28.0369   |   00:12:08   |   00:53:48   |
9300000     |       -31.3989   |              0   |       -31.3989   |   00:12:16   |   00:53:40   |
9400000     |        -20.169   |              0   |        -20.169   |   00:12:24   |   00:53:33   |
9500000     |       -35.2389   |              0   |       -35.2389   |   00:12:33   |   00:53:30   |
9600000     |         -25.73   |              0   |         -25.73   |   00:12:41   |   00:53:22   |
9700000     |       -22.5645   |              0   |       -22.5645   |   00:12:49   |   00:53:14   |
9800000     |       -18.8062   |              0   |       -18.8062   |   00:12:57   |   00:53:07   |
9900000     |        -18.418   |              0   |        -18.418   |   00:13:06   |   00:53:03   |


Iter        |      Posterior   |     Likelihood   |          Prior   |    elapsed   |        ETA   |
----------------------------------------------------------------------------------------------------
10000000    |       -28.2855   |              0   |       -28.2855   |   00:13:14   |   00:52:56   |
10100000    |       -23.8948   |              0   |       -23.8948   |   00:13:22   |   00:52:48   |
10200000    |       -26.4245   |              0   |       -26.4245   |   00:13:30   |   00:52:40   |
10300000    |       -25.2715   |              0   |       -25.2715   |   00:13:39   |   00:52:36   |
10400000    |       -26.6214   |              0   |       -26.6214   |   00:13:47   |   00:52:28   |
10500000    |        -35.799   |              0   |        -35.799   |   00:13:55   |   00:52:21   |
10600000    |       -31.5195   |              0   |       -31.5195   |   00:14:03   |   00:52:13   |
10700000    |       -27.7832   |              0   |       -27.7832   |   00:14:11   |   00:52:05   |
10800000    |       -25.5501   |              0   |       -25.5501   |   00:14:20   |   00:52:01   |
10900000    |       -24.6493   |              0   |       -24.6493   |   00:14:28   |   00:51:53   |
11000000    |       -27.3868   |              0   |       -27.3868   |   00:14:36   |   00:51:45   |
11100000    |       -23.3568   |              0   |       -23.3568   |   00:14:44   |   00:51:37   |
11200000    |        -30.657   |              0   |        -30.657   |   00:14:53   |   00:51:33   |
11300000    |       -20.8411   |              0   |       -20.8411   |   00:15:01   |   00:51:25   |
11400000    |       -24.2603   |              0   |       -24.2603   |   00:15:09   |   00:51:17   |
11500000    |       -24.6835   |              0   |       -24.6835   |   00:15:17   |   00:51:09   |
11600000    |       -23.6148   |              0   |       -23.6148   |   00:15:25   |   00:51:02   |
11700000    |       -22.4755   |              0   |       -22.4755   |   00:15:34   |   00:50:57   |
11800000    |       -18.6153   |              0   |       -18.6153   |   00:15:42   |   00:50:49   |
11900000    |       -27.7761   |              0   |       -27.7761   |   00:15:50   |   00:50:41   |


Iter        |      Posterior   |     Likelihood   |          Prior   |    elapsed   |        ETA   |
----------------------------------------------------------------------------------------------------
12000000    |       -17.2019   |              0   |       -17.2019   |   00:15:58   |   00:50:33   |
12100000    |       -26.1682   |              0   |       -26.1682   |   00:16:07   |   00:50:28   |
12200000    |       -32.2722   |              0   |       -32.2722   |   00:16:15   |   00:50:20   |
12300000    |       -31.8843   |              0   |       -31.8843   |   00:16:23   |   00:50:12   |
12400000    |       -28.1872   |              0   |       -28.1872   |   00:16:31   |   00:50:04   |
12500000    |       -20.5423   |              0   |       -20.5423   |   00:16:40   |   00:50:00   |
12600000    |       -23.1567   |              0   |       -23.1567   |   00:16:48   |   00:49:52   |
12700000    |       -31.3712   |              0   |       -31.3712   |   00:16:56   |   00:49:44   |
12800000    |       -24.8393   |              0   |       -24.8393   |   00:17:04   |   00:49:36   |
12900000    |        -19.799   |              0   |        -19.799   |   00:17:13   |   00:49:30   |
13000000    |       -19.5531   |              0   |       -19.5531   |   00:17:21   |   00:49:22   |
13100000    |       -23.7403   |              0   |       -23.7403   |   00:17:29   |   00:49:14   |
13200000    |       -25.7033   |              0   |       -25.7033   |   00:17:37   |   00:49:06   |
13300000    |       -25.3266   |              0   |       -25.3266   |   00:17:46   |   00:49:01   |
13400000    |       -20.7906   |              0   |       -20.7906   |   00:17:54   |   00:48:53   |
13500000    |       -23.1099   |              0   |       -23.1099   |   00:18:02   |   00:48:45   |
13600000    |       -20.4095   |              0   |       -20.4095   |   00:18:10   |   00:48:37   |
13700000    |       -29.8763   |              0   |       -29.8763   |   00:18:18   |   00:48:29   |
13800000    |       -30.3857   |              0   |       -30.3857   |   00:18:26   |   00:48:21   |
13900000    |       -29.6566   |              0   |       -29.6566   |   00:18:34   |   00:48:13   |


Iter        |      Posterior   |     Likelihood   |          Prior   |    elapsed   |        ETA   |
----------------------------------------------------------------------------------------------------
14000000    |       -18.9825   |              0   |       -18.9825   |   00:18:43   |   00:48:07   |
14100000    |       -23.0122   |              0   |       -23.0122   |   00:18:51   |   00:47:59   |
14200000    |       -24.5861   |              0   |       -24.5861   |   00:18:59   |   00:47:51   |
14300000    |       -27.3449   |              0   |       -27.3449   |   00:19:07   |   00:47:43   |
14400000    |       -26.3102   |              0   |       -26.3102   |   00:19:16   |   00:47:37   |
14500000    |       -25.9049   |              0   |       -25.9049   |   00:19:24   |   00:47:29   |
14600000    |       -19.4444   |              0   |       -19.4444   |   00:19:32   |   00:47:21   |
14700000    |       -23.9894   |              0   |       -23.9894   |   00:19:40   |   00:47:13   |
14800000    |       -27.6894   |              0   |       -27.6894   |   00:19:48   |   00:47:05   |
14900000    |       -25.7685   |              0   |       -25.7685   |   00:19:57   |   00:46:59   |
15000000    |       -23.3845   |              0   |       -23.3845   |   00:20:05   |   00:46:51   |
15100000    |       -31.0155   |              0   |       -31.0155   |   00:20:13   |   00:46:43   |
15200000    |       -26.1249   |              0   |       -26.1249   |   00:20:21   |   00:46:35   |
15300000    |       -28.2695   |              0   |       -28.2695   |   00:20:30   |   00:46:29   |
15400000    |       -24.5767   |              0   |       -24.5767   |   00:20:38   |   00:46:21   |
15500000    |       -21.9461   |              0   |       -21.9461   |   00:20:46   |   00:46:13   |
15600000    |       -27.6425   |              0   |       -27.6425   |   00:20:54   |   00:46:05   |
15700000    |       -26.0127   |              0   |       -26.0127   |   00:21:03   |   00:45:59   |
15800000    |       -23.3742   |              0   |       -23.3742   |   00:21:11   |   00:45:51   |
15900000    |       -27.4062   |              0   |       -27.4062   |   00:21:19   |   00:45:43   |


Iter        |      Posterior   |     Likelihood   |          Prior   |    elapsed   |        ETA   |
----------------------------------------------------------------------------------------------------
16000000    |       -24.8375   |              0   |       -24.8375   |   00:21:27   |   00:45:34   |
16100000    |       -35.4806   |              0   |       -35.4806   |   00:21:36   |   00:45:28   |
16200000    |       -21.9352   |              0   |       -21.9352   |   00:21:44   |   00:45:20   |
16300000    |       -25.4773   |              0   |       -25.4773   |   00:21:52   |   00:45:12   |
16400000    |       -23.5633   |              0   |       -23.5633   |   00:22:00   |   00:45:04   |
16500000    |       -30.6296   |              0   |       -30.6296   |   00:22:09   |   00:44:58   |
16600000    |       -33.8972   |              0   |       -33.8972   |   00:22:17   |   00:44:50   |
16700000    |       -24.1208   |              0   |       -24.1208   |   00:22:25   |   00:44:41   |
16800000    |        -21.449   |              0   |        -21.449   |   00:22:33   |   00:44:33   |
16900000    |       -20.7653   |              0   |       -20.7653   |   00:22:42   |   00:44:27   |
17000000    |       -27.0601   |              0   |       -27.0601   |   00:22:50   |   00:44:19   |
17100000    |        -19.541   |              0   |        -19.541   |   00:22:58   |   00:44:11   |
17200000    |       -24.2873   |              0   |       -24.2873   |   00:23:06   |   00:44:03   |
17300000    |       -39.9122   |              0   |       -39.9122   |   00:23:15   |   00:43:56   |
17400000    |       -20.7966   |              0   |       -20.7966   |   00:23:23   |   00:43:48   |
17500000    |       -19.7374   |              0   |       -19.7374   |   00:23:31   |   00:43:40   |
17600000    |       -24.5191   |              0   |       -24.5191   |   00:23:39   |   00:43:32   |
17700000    |       -19.5895   |              0   |       -19.5895   |   00:23:48   |   00:43:25   |
17800000    |       -28.0135   |              0   |       -28.0135   |   00:23:56   |   00:43:17   |
17900000    |       -19.4103   |              0   |       -19.4103   |   00:24:04   |   00:43:09   |


Iter        |      Posterior   |     Likelihood   |          Prior   |    elapsed   |        ETA   |
----------------------------------------------------------------------------------------------------
18000000    |       -30.4246   |              0   |       -30.4246   |   00:24:12   |   00:43:01   |
18100000    |       -31.5785   |              0   |       -31.5785   |   00:24:21   |   00:42:54   |
18200000    |        -21.938   |              0   |        -21.938   |   00:24:29   |   00:42:46   |
18300000    |       -27.6525   |              0   |       -27.6525   |   00:24:37   |   00:42:38   |
18400000    |       -21.2392   |              0   |       -21.2392   |   00:24:45   |   00:42:30   |
18500000    |       -20.8996   |              0   |       -20.8996   |   00:24:54   |   00:42:23   |
18600000    |       -33.1352   |              0   |       -33.1352   |   00:25:02   |   00:42:15   |
18700000    |        -26.088   |              0   |        -26.088   |   00:25:10   |   00:42:07   |
18800000    |        -26.647   |              0   |        -26.647   |   00:25:18   |   00:41:59   |
18900000    |        -28.888   |              0   |        -28.888   |   00:25:27   |   00:41:52   |
19000000    |       -26.5769   |              0   |       -26.5769   |   00:25:35   |   00:41:44   |
19100000    |       -28.7814   |              0   |       -28.7814   |   00:25:43   |   00:41:36   |
19200000    |       -16.8669   |              0   |       -16.8669   |   00:25:51   |   00:41:28   |
19300000    |       -22.0679   |              0   |       -22.0679   |   00:26:00   |   00:41:21   |
19400000    |       -19.6189   |              0   |       -19.6189   |   00:26:08   |   00:41:13   |
19500000    |         -27.84   |              0   |         -27.84   |   00:26:16   |   00:41:05   |
19600000    |       -17.4279   |              0   |       -17.4279   |   00:26:24   |   00:40:56   |
19700000    |       -29.9149   |              0   |       -29.9149   |   00:26:33   |   00:40:50   |
19800000    |        -22.324   |              0   |        -22.324   |   00:26:41   |   00:40:41   |
19900000    |       -35.5999   |              0   |       -35.5999   |   00:26:49   |   00:40:33   |


Iter        |      Posterior   |     Likelihood   |          Prior   |    elapsed   |        ETA   |
----------------------------------------------------------------------------------------------------
20000000    |       -21.5771   |              0   |       -21.5771   |   00:26:57   |   00:40:25   |
20100000    |       -29.0601   |              0   |       -29.0601   |   00:27:06   |   00:40:18   |
20200000    |       -18.6115   |              0   |       -18.6115   |   00:27:14   |   00:40:10   |
20300000    |       -28.7365   |              0   |       -28.7365   |   00:27:22   |   00:40:02   |
20400000    |       -22.4359   |              0   |       -22.4359   |   00:27:30   |   00:39:54   |
20500000    |       -22.2721   |              0   |       -22.2721   |   00:27:39   |   00:39:47   |
20600000    |        -22.662   |              0   |        -22.662   |   00:27:46   |   00:39:37   |
20700000    |       -28.6474   |              0   |       -28.6474   |   00:27:54   |   00:39:29   |
20800000    |       -27.6004   |              0   |       -27.6004   |   00:28:03   |   00:39:22   |
20900000    |       -27.4956   |              0   |       -27.4956   |   00:28:11   |   00:39:14   |
21000000    |       -23.7149   |              0   |       -23.7149   |   00:28:19   |   00:39:06   |
21100000    |        -24.164   |              0   |        -24.164   |   00:28:27   |   00:38:58   |
21200000    |       -30.0231   |              0   |       -30.0231   |   00:28:36   |   00:38:51   |
21300000    |       -35.4777   |              0   |       -35.4777   |   00:28:44   |   00:38:42   |
21400000    |       -17.7603   |              0   |       -17.7603   |   00:28:52   |   00:38:34   |
21500000    |       -17.0831   |              0   |       -17.0831   |   00:29:00   |   00:38:26   |
21600000    |       -26.2439   |              0   |       -26.2439   |   00:29:09   |   00:38:19   |
21700000    |        -26.992   |              0   |        -26.992   |   00:29:17   |   00:38:11   |
21800000    |       -25.8949   |              0   |       -25.8949   |   00:29:25   |   00:38:03   |
21900000    |       -35.0524   |              0   |       -35.0524   |   00:29:33   |   00:37:54   |


Iter        |      Posterior   |     Likelihood   |          Prior   |    elapsed   |        ETA   |
----------------------------------------------------------------------------------------------------
22000000    |       -18.7161   |              0   |       -18.7161   |   00:29:42   |   00:37:48   |
22100000    |       -38.5284   |              0   |       -38.5284   |   00:29:50   |   00:37:39   |
22200000    |       -29.9256   |              0   |       -29.9256   |   00:29:58   |   00:37:31   |
22300000    |       -20.7231   |              0   |       -20.7231   |   00:30:06   |   00:37:23   |
22400000    |       -24.4435   |              0   |       -24.4435   |   00:30:15   |   00:37:16   |
22500000    |       -23.8823   |              0   |       -23.8823   |   00:30:23   |   00:37:08   |
22600000    |       -25.6651   |              0   |       -25.6651   |   00:30:31   |   00:36:59   |
22700000    |       -21.4775   |              0   |       -21.4775   |   00:30:39   |   00:36:51   |
22800000    |       -23.8513   |              0   |       -23.8513   |   00:30:48   |   00:36:44   |
22900000    |       -26.0455   |              0   |       -26.0455   |   00:30:56   |   00:36:36   |
23000000    |       -21.6229   |              0   |       -21.6229   |   00:31:04   |   00:36:28   |
23100000    |       -25.7182   |              0   |       -25.7182   |   00:31:12   |   00:36:19   |
23200000    |       -25.6084   |              0   |       -25.6084   |   00:31:21   |   00:36:12   |
23300000    |        -27.089   |              0   |        -27.089   |   00:31:29   |   00:36:04   |
23400000    |       -23.4403   |              0   |       -23.4403   |   00:31:37   |   00:35:56   |
23500000    |       -21.9693   |              0   |       -21.9693   |   00:31:45   |   00:35:48   |
23600000    |       -39.9615   |              0   |       -39.9615   |   00:31:54   |   00:35:41   |
23700000    |       -28.1002   |              0   |       -28.1002   |   00:32:02   |   00:35:32   |
23800000    |       -23.0104   |              0   |       -23.0104   |   00:32:10   |   00:35:24   |
23900000    |        -19.182   |              0   |        -19.182   |   00:32:18   |   00:35:16   |


Iter        |      Posterior   |     Likelihood   |          Prior   |    elapsed   |        ETA   |
----------------------------------------------------------------------------------------------------
24000000    |       -24.7901   |              0   |       -24.7901   |   00:32:27   |   00:35:09   |
24100000    |       -30.6334   |              0   |       -30.6334   |   00:32:35   |   00:35:01   |
24200000    |       -29.4426   |              0   |       -29.4426   |   00:32:43   |   00:34:52   |
24300000    |       -23.1155   |              0   |       -23.1155   |   00:32:51   |   00:34:44   |
24400000    |       -19.8069   |              0   |       -19.8069   |   00:33:00   |   00:34:37   |
24500000    |        -26.442   |              0   |        -26.442   |   00:33:08   |   00:34:29   |
24600000    |        -22.741   |              0   |        -22.741   |   00:33:16   |   00:34:20   |
24700000    |        -27.101   |              0   |        -27.101   |   00:33:24   |   00:34:12   |
24800000    |       -26.2589   |              0   |       -26.2589   |   00:33:33   |   00:34:05   |
24900000    |       -31.5628   |              0   |       -31.5628   |   00:33:41   |   00:33:57   |
25000000    |        -23.332   |              0   |        -23.332   |   00:33:49   |   00:33:49   |
25100000    |       -23.8661   |              0   |       -23.8661   |   00:33:57   |   00:33:40   |
25200000    |       -28.8823   |              0   |       -28.8823   |   00:34:06   |   00:33:33   |
25300000    |       -28.6884   |              0   |       -28.6884   |   00:34:14   |   00:33:25   |
25400000    |       -26.4582   |              0   |       -26.4582   |   00:34:22   |   00:33:17   |
25500000    |       -36.8243   |              0   |       -36.8243   |   00:34:30   |   00:33:08   |
25600000    |       -26.1402   |              0   |       -26.1402   |   00:34:39   |   00:33:01   |
25700000    |       -27.8469   |              0   |       -27.8469   |   00:34:47   |   00:32:53   |
25800000    |       -31.1242   |              0   |       -31.1242   |   00:34:55   |   00:32:45   |
25900000    |       -15.9685   |              0   |       -15.9685   |   00:35:03   |   00:32:36   |


Iter        |      Posterior   |     Likelihood   |          Prior   |    elapsed   |        ETA   |
----------------------------------------------------------------------------------------------------
26000000    |       -25.0027   |              0   |       -25.0027   |   00:35:12   |   00:32:29   |
26100000    |       -24.2226   |              0   |       -24.2226   |   00:35:20   |   00:32:21   |
26200000    |        -15.676   |              0   |        -15.676   |   00:35:28   |   00:32:13   |
26300000    |       -21.3579   |              0   |       -21.3579   |   00:35:36   |   00:32:04   |
26400000    |       -20.5628   |              0   |       -20.5628   |   00:35:45   |   00:31:57   |
26500000    |       -24.4363   |              0   |       -24.4363   |   00:35:53   |   00:31:49   |
26600000    |       -32.4565   |              0   |       -32.4565   |   00:36:01   |   00:31:41   |
26700000    |       -30.7196   |              0   |       -30.7196   |   00:36:09   |   00:31:32   |
26800000    |       -39.9468   |              0   |       -39.9468   |   00:36:17   |   00:31:24   |
26900000    |       -26.9063   |              0   |       -26.9063   |   00:36:26   |   00:31:17   |
27000000    |       -26.9225   |              0   |       -26.9225   |   00:36:34   |   00:31:08   |
27100000    |       -19.8461   |              0   |       -19.8461   |   00:36:42   |   00:31:00   |
27200000    |       -25.0521   |              0   |       -25.0521   |   00:36:50   |   00:30:52   |
27300000    |       -29.7071   |              0   |       -29.7071   |   00:36:59   |   00:30:45   |
27400000    |       -32.0622   |              0   |       -32.0622   |   00:37:07   |   00:30:36   |
27500000    |       -20.5952   |              0   |       -20.5952   |   00:37:15   |   00:30:28   |
27600000    |       -25.2346   |              0   |       -25.2346   |   00:37:23   |   00:30:20   |
27700000    |       -26.2245   |              0   |       -26.2245   |   00:37:30   |   00:30:11   |
27800000    |       -24.1123   |              0   |       -24.1123   |   00:37:38   |   00:30:03   |
27900000    |       -24.0736   |              0   |       -24.0736   |   00:37:47   |   00:29:55   |


Iter        |      Posterior   |     Likelihood   |          Prior   |    elapsed   |        ETA   |
----------------------------------------------------------------------------------------------------
28000000    |       -32.0527   |              0   |       -32.0527   |   00:37:55   |   00:29:47   |
28100000    |       -30.7674   |              0   |       -30.7674   |   00:38:03   |   00:29:39   |
28200000    |       -26.6839   |              0   |       -26.6839   |   00:38:11   |   00:29:31   |
28300000    |       -29.2961   |              0   |       -29.2961   |   00:38:20   |   00:29:23   |
28400000    |        -22.187   |              0   |        -22.187   |   00:38:28   |   00:29:15   |
28500000    |       -30.9022   |              0   |       -30.9022   |   00:38:36   |   00:29:07   |
28600000    |       -26.2293   |              0   |       -26.2293   |   00:38:44   |   00:28:58   |
28700000    |       -36.0036   |              0   |       -36.0036   |   00:38:53   |   00:28:51   |
28800000    |       -27.7389   |              0   |       -27.7389   |   00:39:01   |   00:28:43   |
28900000    |       -32.5815   |              0   |       -32.5815   |   00:39:09   |   00:28:35   |
29000000    |       -22.7201   |              0   |       -22.7201   |   00:39:18   |   00:28:27   |
29100000    |       -41.2798   |              0   |       -41.2798   |   00:39:26   |   00:28:19   |
29200000    |        -20.141   |              0   |        -20.141   |   00:39:34   |   00:28:11   |
29300000    |        -30.872   |              0   |        -30.872   |   00:39:42   |   00:28:02   |
29400000    |       -26.5369   |              0   |       -26.5369   |   00:39:51   |   00:27:55   |
29500000    |       -26.7718   |              0   |       -26.7718   |   00:39:59   |   00:27:47   |
29600000    |       -23.3401   |              0   |       -23.3401   |   00:40:07   |   00:27:38   |
29700000    |       -20.7561   |              0   |       -20.7561   |   00:40:15   |   00:27:30   |
29800000    |       -28.7837   |              0   |       -28.7837   |   00:40:24   |   00:27:23   |
29900000    |       -25.5416   |              0   |       -25.5416   |   00:40:32   |   00:27:14   |


Iter        |      Posterior   |     Likelihood   |          Prior   |    elapsed   |        ETA   |
----------------------------------------------------------------------------------------------------
30000000    |       -17.4428   |              0   |       -17.4428   |   00:40:40   |   00:27:06   |
30100000    |       -27.5438   |              0   |       -27.5438   |   00:40:48   |   00:26:58   |
30200000    |       -27.2053   |              0   |       -27.2053   |   00:40:57   |   00:26:50   |
30300000    |       -31.4429   |              0   |       -31.4429   |   00:41:05   |   00:26:42   |
30400000    |       -25.4169   |              0   |       -25.4169   |   00:41:13   |   00:26:34   |
30500000    |       -17.5081   |              0   |       -17.5081   |   00:41:21   |   00:26:26   |
30600000    |       -20.3088   |              0   |       -20.3088   |   00:41:30   |   00:26:18   |
30700000    |       -22.2605   |              0   |       -22.2605   |   00:41:38   |   00:26:10   |
30800000    |       -23.7806   |              0   |       -23.7806   |   00:41:46   |   00:26:02   |
30900000    |       -26.9143   |              0   |       -26.9143   |   00:41:54   |   00:25:53   |
31000000    |       -24.6036   |              0   |       -24.6036   |   00:42:03   |   00:25:46   |
31100000    |       -26.6863   |              0   |       -26.6863   |   00:42:11   |   00:25:38   |
31200000    |       -20.7687   |              0   |       -20.7687   |   00:42:19   |   00:25:29   |
31300000    |       -28.2323   |              0   |       -28.2323   |   00:42:28   |   00:25:22   |
31400000    |       -34.5823   |              0   |       -34.5823   |   00:42:36   |   00:25:14   |
31500000    |       -34.0143   |              0   |       -34.0143   |   00:42:44   |   00:25:05   |
31600000    |       -22.1091   |              0   |       -22.1091   |   00:42:52   |   00:24:57   |
31700000    |       -29.9405   |              0   |       -29.9405   |   00:43:01   |   00:24:49   |
31800000    |       -31.7505   |              0   |       -31.7505   |   00:43:09   |   00:24:41   |
31900000    |       -31.0914   |              0   |       -31.0914   |   00:43:17   |   00:24:33   |


Iter        |      Posterior   |     Likelihood   |          Prior   |    elapsed   |        ETA   |
----------------------------------------------------------------------------------------------------
32000000    |       -26.9564   |              0   |       -26.9564   |   00:43:25   |   00:24:25   |
32100000    |       -23.7478   |              0   |       -23.7478   |   00:43:33   |   00:24:17   |
32200000    |        -21.767   |              0   |        -21.767   |   00:43:41   |   00:24:08   |
32300000    |       -23.2292   |              0   |       -23.2292   |   00:43:49   |   00:24:00   |
32400000    |       -24.8094   |              0   |       -24.8094   |   00:43:57   |   00:23:52   |
32500000    |       -27.0582   |              0   |       -27.0582   |   00:44:04   |   00:23:43   |
32600000    |       -19.9619   |              0   |       -19.9619   |   00:44:12   |   00:23:35   |
32700000    |        -26.402   |              0   |        -26.402   |   00:44:20   |   00:23:27   |
32800000    |       -28.4155   |              0   |       -28.4155   |   00:44:28   |   00:23:19   |
32900000    |       -20.5552   |              0   |       -20.5552   |   00:44:36   |   00:23:10   |
33000000    |       -23.9219   |              0   |       -23.9219   |   00:44:44   |   00:23:02   |
33100000    |       -30.9875   |              0   |       -30.9875   |   00:44:52   |   00:22:54   |
33200000    |       -30.5451   |              0   |       -30.5451   |   00:45:01   |   00:22:46   |
33300000    |        -41.409   |              0   |        -41.409   |   00:45:09   |   00:22:38   |
33400000    |        -22.347   |              0   |        -22.347   |   00:45:17   |   00:22:30   |
33500000    |       -26.4908   |              0   |       -26.4908   |   00:45:25   |   00:22:22   |
33600000    |       -25.2705   |              0   |       -25.2705   |   00:45:34   |   00:22:14   |
33700000    |       -20.9707   |              0   |       -20.9707   |   00:45:42   |   00:22:06   |
33800000    |       -22.2095   |              0   |       -22.2095   |   00:45:50   |   00:21:58   |
33900000    |       -23.3471   |              0   |       -23.3471   |   00:45:58   |   00:21:49   |


Iter        |      Posterior   |     Likelihood   |          Prior   |    elapsed   |        ETA   |
----------------------------------------------------------------------------------------------------
34000000    |       -20.8817   |              0   |       -20.8817   |   00:46:07   |   00:21:42   |
34100000    |       -25.4927   |              0   |       -25.4927   |   00:46:15   |   00:21:33   |
34200000    |       -25.0457   |              0   |       -25.0457   |   00:46:23   |   00:21:25   |
34300000    |       -22.8263   |              0   |       -22.8263   |   00:46:31   |   00:21:17   |
34400000    |       -24.5093   |              0   |       -24.5093   |   00:46:40   |   00:21:09   |
34500000    |       -31.6814   |              0   |       -31.6814   |   00:46:48   |   00:21:01   |
34600000    |       -19.8189   |              0   |       -19.8189   |   00:46:56   |   00:20:53   |
34700000    |       -30.0835   |              0   |       -30.0835   |   00:47:04   |   00:20:45   |
34800000    |       -28.4367   |              0   |       -28.4367   |   00:47:13   |   00:20:37   |
34900000    |       -21.2512   |              0   |       -21.2512   |   00:47:21   |   00:20:29   |
35000000    |       -32.6052   |              0   |       -32.6052   |   00:47:29   |   00:20:21   |
35100000    |       -26.9472   |              0   |       -26.9472   |   00:47:37   |   00:20:12   |
35200000    |       -28.3275   |              0   |       -28.3275   |   00:47:45   |   00:20:04   |
35300000    |       -26.9117   |              0   |       -26.9117   |   00:47:54   |   00:19:56   |
35400000    |         -27.07   |              0   |         -27.07   |   00:48:02   |   00:19:48   |
35500000    |       -20.4455   |              0   |       -20.4455   |   00:48:10   |   00:19:40   |
35600000    |       -16.9161   |              0   |       -16.9161   |   00:48:18   |   00:19:32   |
35700000    |       -27.3961   |              0   |       -27.3961   |   00:48:27   |   00:19:24   |
35800000    |       -30.0596   |              0   |       -30.0596   |   00:48:35   |   00:19:16   |
35900000    |       -27.8099   |              0   |       -27.8099   |   00:48:43   |   00:19:08   |


Iter        |      Posterior   |     Likelihood   |          Prior   |    elapsed   |        ETA   |
----------------------------------------------------------------------------------------------------
36000000    |       -32.7723   |              0   |       -32.7723   |   00:48:51   |   00:18:59   |
36100000    |       -23.7068   |              0   |       -23.7068   |   00:48:59   |   00:18:51   |
36200000    |        -26.604   |              0   |        -26.604   |   00:49:07   |   00:18:43   |
36300000    |       -21.3738   |              0   |       -21.3738   |   00:49:15   |   00:18:35   |
36400000    |       -24.2011   |              0   |       -24.2011   |   00:49:24   |   00:18:27   |
36500000    |       -21.2731   |              0   |       -21.2731   |   00:49:32   |   00:18:19   |
36600000    |       -27.8272   |              0   |       -27.8272   |   00:49:40   |   00:18:11   |
36700000    |       -28.2569   |              0   |       -28.2569   |   00:49:48   |   00:18:02   |
36800000    |       -36.4168   |              0   |       -36.4168   |   00:49:57   |   00:17:55   |
36900000    |       -24.8344   |              0   |       -24.8344   |   00:50:05   |   00:17:46   |
37000000    |       -17.0154   |              0   |       -17.0154   |   00:50:13   |   00:17:38   |
37100000    |       -28.9967   |              0   |       -28.9967   |   00:50:21   |   00:17:30   |
37200000    |       -25.9676   |              0   |       -25.9676   |   00:50:30   |   00:17:22   |
37300000    |       -23.2434   |              0   |       -23.2434   |   00:50:38   |   00:17:14   |
37400000    |       -27.0526   |              0   |       -27.0526   |   00:50:46   |   00:17:06   |
37500000    |       -19.3608   |              0   |       -19.3608   |   00:50:54   |   00:16:58   |
37600000    |       -19.3566   |              0   |       -19.3566   |   00:51:03   |   00:16:50   |
37700000    |        -23.626   |              0   |        -23.626   |   00:51:11   |   00:16:41   |
37800000    |        -29.519   |              0   |        -29.519   |   00:51:19   |   00:16:33   |
37900000    |       -18.3601   |              0   |       -18.3601   |   00:51:27   |   00:16:25   |


Iter        |      Posterior   |     Likelihood   |          Prior   |    elapsed   |        ETA   |
----------------------------------------------------------------------------------------------------
38000000    |       -25.3827   |              0   |       -25.3827   |   00:51:36   |   00:16:17   |
38100000    |       -25.2704   |              0   |       -25.2704   |   00:51:44   |   00:16:09   |
38200000    |       -24.4136   |              0   |       -24.4136   |   00:51:52   |   00:16:01   |
38300000    |       -32.2862   |              0   |       -32.2862   |   00:52:00   |   00:15:53   |
38400000    |       -20.9101   |              0   |       -20.9101   |   00:52:09   |   00:15:45   |
38500000    |       -21.0436   |              0   |       -21.0436   |   00:52:17   |   00:15:37   |
38600000    |       -22.5475   |              0   |       -22.5475   |   00:52:25   |   00:15:28   |
38700000    |       -22.5152   |              0   |       -22.5152   |   00:52:33   |   00:15:20   |
38800000    |       -18.9079   |              0   |       -18.9079   |   00:52:42   |   00:15:12   |
38900000    |       -23.5249   |              0   |       -23.5249   |   00:52:50   |   00:15:04   |
39000000    |       -28.3584   |              0   |       -28.3584   |   00:52:58   |   00:14:56   |
39100000    |       -30.6856   |              0   |       -30.6856   |   00:53:06   |   00:14:48   |
39200000    |       -20.3193   |              0   |       -20.3193   |   00:53:15   |   00:14:40   |
39300000    |       -20.8196   |              0   |       -20.8196   |   00:53:23   |   00:14:32   |
39400000    |       -29.9941   |              0   |       -29.9941   |   00:53:31   |   00:14:23   |
39500000    |       -25.8106   |              0   |       -25.8106   |   00:53:39   |   00:14:15   |
39600000    |       -25.3592   |              0   |       -25.3592   |   00:53:48   |   00:14:07   |
39700000    |       -33.4101   |              0   |       -33.4101   |   00:53:56   |   00:13:59   |
39800000    |       -25.1901   |              0   |       -25.1901   |   00:54:04   |   00:13:51   |
39900000    |       -28.5651   |              0   |       -28.5651   |   00:54:12   |   00:13:43   |


Iter        |      Posterior   |     Likelihood   |          Prior   |    elapsed   |        ETA   |
----------------------------------------------------------------------------------------------------
40000000    |       -20.0502   |              0   |       -20.0502   |   00:54:21   |   00:13:35   |
40100000    |       -20.3257   |              0   |       -20.3257   |   00:54:29   |   00:13:27   |
40200000    |       -18.3733   |              0   |       -18.3733   |   00:54:37   |   00:13:18   |
40300000    |       -34.3293   |              0   |       -34.3293   |   00:54:45   |   00:13:10   |
40400000    |       -27.6561   |              0   |       -27.6561   |   00:54:53   |   00:13:02   |
40500000    |       -28.8956   |              0   |       -28.8956   |   00:55:02   |   00:12:54   |
40600000    |       -19.5531   |              0   |       -19.5531   |   00:55:10   |   00:12:46   |
40700000    |       -21.4631   |              0   |       -21.4631   |   00:55:18   |   00:12:38   |
40800000    |       -19.6397   |              0   |       -19.6397   |   00:55:26   |   00:12:29   |
40900000    |       -23.0006   |              0   |       -23.0006   |   00:55:35   |   00:12:22   |
41000000    |       -32.0026   |              0   |       -32.0026   |   00:55:43   |   00:12:13   |
41100000    |        -17.516   |              0   |        -17.516   |   00:55:51   |   00:12:05   |
41200000    |       -21.9004   |              0   |       -21.9004   |   00:55:59   |   00:11:57   |
41300000    |       -34.5331   |              0   |       -34.5331   |   00:56:08   |   00:11:49   |
41400000    |       -21.4712   |              0   |       -21.4712   |   00:56:16   |   00:11:41   |
41500000    |       -26.4084   |              0   |       -26.4084   |   00:56:24   |   00:11:33   |
41600000    |       -29.2496   |              0   |       -29.2496   |   00:56:32   |   00:11:24   |
41700000    |        -22.729   |              0   |        -22.729   |   00:56:40   |   00:11:16   |
41800000    |        -24.617   |              0   |        -24.617   |   00:56:49   |   00:11:08   |
41900000    |       -25.2443   |              0   |       -25.2443   |   00:56:57   |   00:11:00   |


Iter        |      Posterior   |     Likelihood   |          Prior   |    elapsed   |        ETA   |
----------------------------------------------------------------------------------------------------
42000000    |       -23.4517   |              0   |       -23.4517   |   00:57:05   |   00:10:52   |
42100000    |       -22.1791   |              0   |       -22.1791   |   00:57:13   |   00:10:44   |
42200000    |       -23.4967   |              0   |       -23.4967   |   00:57:21   |   00:10:36   |
42300000    |       -29.9644   |              0   |       -29.9644   |   00:57:29   |   00:10:27   |
42400000    |       -22.2647   |              0   |       -22.2647   |   00:57:37   |   00:10:19   |
42500000    |       -24.6896   |              0   |       -24.6896   |   00:57:46   |   00:10:11   |
42600000    |       -20.2763   |              0   |       -20.2763   |   00:57:54   |   00:10:03   |
42700000    |       -25.3453   |              0   |       -25.3453   |   00:58:02   |   00:09:55   |
42800000    |       -29.6753   |              0   |       -29.6753   |   00:58:10   |   00:09:47   |
42900000    |       -35.5521   |              0   |       -35.5521   |   00:58:18   |   00:09:38   |
43000000    |       -22.4149   |              0   |       -22.4149   |   00:58:26   |   00:09:30   |
43100000    |       -20.2408   |              0   |       -20.2408   |   00:58:34   |   00:09:22   |
43200000    |       -24.5388   |              0   |       -24.5388   |   00:58:43   |   00:09:14   |
43300000    |       -24.3138   |              0   |       -24.3138   |   00:58:51   |   00:09:06   |
43400000    |       -36.8135   |              0   |       -36.8135   |   00:58:59   |   00:08:58   |
43500000    |       -26.1056   |              0   |       -26.1056   |   00:59:07   |   00:08:50   |
43600000    |       -27.3895   |              0   |       -27.3895   |   00:59:15   |   00:08:41   |
43700000    |       -30.9792   |              0   |       -30.9792   |   00:59:23   |   00:08:33   |
43800000    |        -21.884   |              0   |        -21.884   |   00:59:31   |   00:08:25   |
43900000    |       -32.9862   |              0   |       -32.9862   |   00:59:40   |   00:08:17   |


Iter        |      Posterior   |     Likelihood   |          Prior   |    elapsed   |        ETA   |
----------------------------------------------------------------------------------------------------
44000000    |       -14.4147   |              0   |       -14.4147   |   00:59:48   |   00:08:09   |
44100000    |       -27.8521   |              0   |       -27.8521   |   00:59:56   |   00:08:01   |
44200000    |       -24.6964   |              0   |       -24.6964   |   01:00:04   |   00:07:52   |
44300000    |       -29.0549   |              0   |       -29.0549   |   01:00:12   |   00:07:44   |
44400000    |       -26.2247   |              0   |       -26.2247   |   01:00:20   |   00:07:36   |
44500000    |       -32.2248   |              0   |       -32.2248   |   01:00:28   |   00:07:28   |
44600000    |       -28.9298   |              0   |       -28.9298   |   01:00:36   |   00:07:20   |
44700000    |       -29.7546   |              0   |       -29.7546   |   01:00:44   |   00:07:12   |
44800000    |       -30.6624   |              0   |       -30.6624   |   01:00:52   |   00:07:03   |
44900000    |       -21.5051   |              0   |       -21.5051   |   01:01:00   |   00:06:55   |
45000000    |        -28.968   |              0   |        -28.968   |   01:01:08   |   00:06:47   |
45100000    |       -25.7785   |              0   |       -25.7785   |   01:01:17   |   00:06:39   |
45200000    |       -22.7361   |              0   |       -22.7361   |   01:01:25   |   00:06:31   |
45300000    |       -24.2912   |              0   |       -24.2912   |   01:01:33   |   00:06:23   |
45400000    |       -21.6411   |              0   |       -21.6411   |   01:01:41   |   00:06:14   |
45500000    |       -24.4748   |              0   |       -24.4748   |   01:01:49   |   00:06:06   |
45600000    |       -29.3709   |              0   |       -29.3709   |   01:01:57   |   00:05:58   |
45700000    |       -27.1723   |              0   |       -27.1723   |   01:02:05   |   00:05:50   |
45800000    |       -23.8763   |              0   |       -23.8763   |   01:02:13   |   00:05:42   |
45900000    |       -17.9943   |              0   |       -17.9943   |   01:02:21   |   00:05:34   |


Iter        |      Posterior   |     Likelihood   |          Prior   |    elapsed   |        ETA   |
----------------------------------------------------------------------------------------------------
46000000    |       -27.3089   |              0   |       -27.3089   |   01:02:29   |   00:05:26   |
46100000    |       -28.6507   |              0   |       -28.6507   |   01:02:37   |   00:05:17   |
46200000    |       -28.1449   |              0   |       -28.1449   |   01:02:45   |   00:05:09   |
46300000    |       -27.3503   |              0   |       -27.3503   |   01:02:53   |   00:05:01   |
46400000    |       -27.9073   |              0   |       -27.9073   |   01:03:02   |   00:04:53   |
46500000    |        -25.505   |              0   |        -25.505   |   01:03:10   |   00:04:45   |
46600000    |       -20.7615   |              0   |       -20.7615   |   01:03:18   |   00:04:37   |
46700000    |       -34.1786   |              0   |       -34.1786   |   01:03:26   |   00:04:28   |
46800000    |       -25.0353   |              0   |       -25.0353   |   01:03:34   |   00:04:20   |
46900000    |       -26.4151   |              0   |       -26.4151   |   01:03:42   |   00:04:12   |
47000000    |       -33.3015   |              0   |       -33.3015   |   01:03:50   |   00:04:04   |
47100000    |       -24.9072   |              0   |       -24.9072   |   01:03:58   |   00:03:56   |
47200000    |       -19.2858   |              0   |       -19.2858   |   01:04:06   |   00:03:48   |
47300000    |       -33.1597   |              0   |       -33.1597   |   01:04:14   |   00:03:39   |
47400000    |       -19.4601   |              0   |       -19.4601   |   01:04:23   |   00:03:31   |
47500000    |       -29.1484   |              0   |       -29.1484   |   01:04:31   |   00:03:23   |
47600000    |       -27.8855   |              0   |       -27.8855   |   01:04:39   |   00:03:15   |
47700000    |        -23.424   |              0   |        -23.424   |   01:04:47   |   00:03:07   |
47800000    |       -31.1474   |              0   |       -31.1474   |   01:04:56   |   00:02:59   |
47900000    |       -26.5945   |              0   |       -26.5945   |   01:05:04   |   00:02:51   |


Iter        |      Posterior   |     Likelihood   |          Prior   |    elapsed   |        ETA   |
----------------------------------------------------------------------------------------------------
48000000    |       -25.3292   |              0   |       -25.3292   |   01:05:12   |   00:02:43   |
48100000    |       -26.2774   |              0   |       -26.2774   |   01:05:20   |   00:02:34   |
48200000    |       -21.9443   |              0   |       -21.9443   |   01:05:29   |   00:02:26   |
48300000    |       -21.7001   |              0   |       -21.7001   |   01:05:37   |   00:02:18   |
48400000    |       -22.1323   |              0   |       -22.1323   |   01:05:45   |   00:02:10   |
48500000    |       -31.0095   |              0   |       -31.0095   |   01:05:54   |   00:02:02   |
48600000    |       -25.5113   |              0   |       -25.5113   |   01:06:02   |   00:01:54   |
48700000    |        -37.489   |              0   |        -37.489   |   01:06:10   |   00:01:45   |
48800000    |       -30.6747   |              0   |       -30.6747   |   01:06:18   |   00:01:37   |
48900000    |       -22.7247   |              0   |       -22.7247   |   01:06:27   |   00:01:29   |
49000000    |       -22.1818   |              0   |       -22.1818   |   01:06:35   |   00:01:21   |
49100000    |       -25.4503   |              0   |       -25.4503   |   01:06:43   |   00:01:13   |
49200000    |       -22.7475   |              0   |       -22.7475   |   01:06:52   |   00:01:05   |
49300000    |        -29.816   |              0   |        -29.816   |   01:07:00   |   00:00:57   |
49400000    |       -22.3218   |              0   |       -22.3218   |   01:07:08   |   00:00:48   |
49500000    |       -31.9029   |              0   |       -31.9029   |   01:07:16   |   00:00:40   |
49600000    |       -20.0158   |              0   |       -20.0158   |   01:07:25   |   00:00:32   |
49700000    |       -30.0671   |              0   |       -30.0671   |   01:07:33   |   00:00:24   |
49800000    |       -22.6812   |              0   |       -22.6812   |   01:07:41   |   00:00:16   |
49900000    |       -18.3748   |              0   |       -18.3748   |   01:07:50   |   00:00:08   |


Iter        |      Posterior   |     Likelihood   |          Prior   |    elapsed   |        ETA   |
----------------------------------------------------------------------------------------------------
50000000    |       -18.6619   |              0   |       -18.6619   |   01:07:58   |   00:00:00   |
