Iteration	Posterior	Likelihood	Prior	lambda[1]	lambda[2]	lambda[3]	mu[1]	mu[2]	mu[3]
0	-51.09186	0	-51.09186	0.101504	0.0777105	0.0950792	0.111115	0.194793	0.13722
10000	-41.05355	0	-41.05355	0.232493	0.146602	0.143541	0.343664	0.122646	0.117095
20000	-38.87132	0	-38.87132	0.162744	0.112082	0.203113	0.351777	0.159761	0.0960369
30000	-38.15889	0	-38.15889	0.14302	0.254485	0.125337	0.428084	0.167687	0.0749034
40000	-35.57672	0	-35.57672	0.0986068	0.138931	0.0679487	0.243495	0.192356	0.0550043
50000	-41.23278	0	-41.23278	0.286845	0.082131	0.153024	0.283463	0.0581246	0.128025
60000	-37.46836	0	-37.46836	0.0980678	0.136888	0.138072	0.215276	0.0496087	0.190121
70000	-48.71716	0	-48.71716	0.197468	0.260885	0.363605	0.444803	0.114123	0.144295
80000	-40.99566	0	-40.99566	0.163715	0.0857866	0.0864933	0.248708	0.126765	0.0494465
90000	-35.97054	0	-35.97054	0.228568	0.221795	0.102159	0.289633	0.047326	0.0846936
100000	-39.37019	0	-39.37019	0.0567537	0.0906374	0.44138	0.382432	0.0773263	0.118494
110000	-34.02355	0	-34.02355	0.154151	0.158557	0.299369	0.368947	0.0641566	0.113263
120000	-38.74188	0	-38.74188	0.18903	0.153511	0.132241	0.226341	0.0949763	0.1792
130000	-42.77583	0	-42.77583	0.0539834	0.117301	0.184717	0.358848	0.0936161	0.0575835
140000	-44.14361	0	-44.14361	0.171186	0.106623	0.167556	0.434557	0.182722	0.112693
150000	-41.68014	0	-41.68014	0.0562832	0.132019	0.372433	0.295217	0.0806717	0.225764
160000	-47.63348	0	-47.63348	0.0842283	0.264217	0.114077	0.464847	0.102491	0.108836
170000	-43.32071	0	-43.32071	0.118499	0.288115	0.211911	0.264004	0.197647	0.0608685
180000	-40.43524	0	-40.43524	0.182531	0.127808	0.28574	0.109561	0.0856643	0.155275
190000	-39.67715	0	-39.67715	0.16582	0.155197	0.158956	0.247083	0.204938	0.122165
200000	-37.91801	0	-37.91801	0.0888968	0.174452	0.132673	0.231429	0.0760808	0.0921869
210000	-44.70627	0	-44.70627	0.0945583	0.240002	0.246479	0.392421	0.0910752	0.337983
220000	-42.97502	0	-42.97502	0.0501128	0.124927	0.202087	0.314807	0.0756023	0.212691
230000	-40.118	0	-40.118	0.137026	0.098348	0.290394	0.153967	0.279054	0.109471
240000	-44.8564	0	-44.8564	0.227493	0.132575	0.494738	0.169264	0.178102	0.110151
250000	-40.69312	0	-40.69312	0.103271	0.165712	0.15357	0.34218	0.162042	0.156355
260000	-40.0739	0	-40.0739	0.113433	0.213535	0.248572	0.264625	0.0387396	0.0502446
270000	-36.38428	0	-36.38428	0.11852	0.167646	0.173113	0.27255	0.147286	0.111237
280000	-36.51632	0	-36.51632	0.197134	0.118004	0.213588	0.321788	0.152747	0.0783582
290000	-39.55436	0	-39.55436	0.129092	0.130892	0.241132	0.370117	0.0818693	0.12705
300000	-48.32991	0	-48.32991	0.201473	0.121537	0.217142	0.388047	0.184727	0.167434
310000	-41.43171	0	-41.43171	0.180912	0.0962406	0.176353	0.20261	0.0504217	0.0642121
320000	-43.86301	0	-43.86301	0.157665	0.170601	0.127041	0.403397	0.196285	0.170709
330000	-41.76986	0	-41.76986	0.117081	0.175034	0.127852	0.326412	0.0900466	0.0764727
340000	-34.79404	0	-34.79404	0.0715365	0.226732	0.209805	0.155106	0.102673	0.12883
350000	-37.1456	0	-37.1456	0.0526841	0.154039	0.356276	0.170126	0.15691	0.152429
360000	-35.19412	0	-35.19412	0.0763681	0.131033	0.281314	0.359014	0.074955	0.0833726
370000	-40.45952	0	-40.45952	0.0957722	0.0981893	0.491069	0.217326	0.109508	0.190777
380000	-36.44919	0	-36.44919	0.0913741	0.319392	0.0920897	0.190921	0.0667695	0.0879331
390000	-41.31634	0	-41.31634	0.0898043	0.212887	0.178213	0.340181	0.103816	0.115026
400000	-38.67656	0	-38.67656	0.0837459	0.267616	0.15444	0.16031	0.0564114	0.11696
410000	-37.97479	0	-37.97479	0.0609314	0.149629	0.17161	0.250342	0.0996373	0.0560676
420000	-43.42872	0	-43.42872	0.0891019	0.403979	0.117905	0.43584	0.246281	0.0832559
430000	-39.81144	0	-39.81144	0.190155	0.235795	0.178408	0.33667	0.0749776	0.14621
440000	-42.94895	0	-42.94895	0.106472	0.141878	0.15031	0.320436	0.0937559	0.0507884
450000	-42.93002	0	-42.93002	0.103117	0.2376	0.263608	0.172635	0.130432	0.12471
460000	-37.82679	0	-37.82679	0.107119	0.164194	0.184117	0.438647	0.0906038	0.0928368
470000	-39.59215	0	-39.59215	0.0937109	0.0957207	0.0645513	0.225324	0.0889975	0.21367
480000	-35.29316	0	-35.29316	0.113862	0.158576	0.161826	0.293046	0.136528	0.166868
490000	-38.77399	0	-38.77399	0.200285	0.151685	0.247331	0.151185	0.194842	0.0741405
500000	-37.73514	0	-37.73514	0.0654023	0.131734	0.255858	0.155651	0.106673	0.0673977
510000	-38.14995	0	-38.14995	0.245703	0.0867197	0.256067	0.335151	0.0613273	0.126126
520000	-34.96536	0	-34.96536	0.145712	0.173393	0.135156	0.273277	0.115938	0.102637
530000	-46.7126	0	-46.7126	0.132954	0.174511	0.121132	0.653243	0.0666974	0.208484
540000	-42.15704	0	-42.15704	0.085653	0.136786	0.649678	0.232308	0.160223	0.221908
550000	-40.18066	0	-40.18066	0.102812	0.185556	0.217201	0.290426	0.0503444	0.226021
560000	-39.38818	0	-39.38818	0.168453	0.113535	0.2168	0.205259	0.32826	0.0705476
570000	-37.30996	0	-37.30996	0.124226	0.217936	0.236255	0.418211	0.103281	0.0861101
580000	-39.45945	0	-39.45945	0.0334254	0.15308	0.140738	0.284543	0.173198	0.190397
590000	-40.11485	0	-40.11485	0.0795288	0.200252	0.0846001	0.141892	0.119183	0.0550129
600000	-33.59217	0	-33.59217	0.0926197	0.156785	0.168596	0.283647	0.0575517	0.121644
610000	-39.87691	0	-39.87691	0.100503	0.207432	0.288436	0.387618	0.0608945	0.101338
620000	-38.21264	0	-38.21264	0.093737	0.0846195	0.117775	0.171143	0.224036	0.0599533
630000	-41.64962	0	-41.64962	0.155501	0.255062	0.252759	0.18481	0.159243	0.0613236
640000	-40.94471	0	-40.94471	0.148728	0.085683	0.17361	0.238089	0.10019	0.0546175
650000	-47.40046	0	-47.40046	0.191179	0.0884859	0.213597	0.442363	0.157063	0.27465
660000	-44.31099	0	-44.31099	0.15664	0.161883	0.195999	0.39102	0.0233361	0.113101
670000	-40.74758	0	-40.74758	0.132125	0.148016	0.27898	0.161669	0.0956444	0.0732084
680000	-40.0413	0	-40.0413	0.0993581	0.205075	0.258201	0.387602	0.178492	0.192638
690000	-38.49054	0	-38.49054	0.0685703	0.329794	0.130434	0.335743	0.159334	0.220314
700000	-35.64713	0	-35.64713	0.152316	0.236691	0.14212	0.286771	0.0416983	0.111797
710000	-38.20466	0	-38.20466	0.0890209	0.14195	0.347289	0.173788	0.0734501	0.133512
720000	-38.03434	0	-38.03434	0.11343	0.209268	0.105742	0.440686	0.073062	0.117583
730000	-38.3798	0	-38.3798	0.123889	0.082726	0.200688	0.192902	0.0710759	0.113528
740000	-34.73205	0	-34.73205	0.173472	0.115098	0.207278	0.358683	0.125881	0.0847351
750000	-34.81905	0	-34.81905	0.155431	0.194656	0.22343	0.360806	0.107708	0.0487995
760000	-39.51841	0	-39.51841	0.137478	0.315057	0.148313	0.120664	0.113226	0.0838056
770000	-49.87319	0	-49.87319	0.123144	0.144504	0.48027	0.259837	0.211158	0.0852395
780000	-35.86431	0	-35.86431	0.146569	0.14792	0.0805699	0.293131	0.0859143	0.0753035
790000	-39.43394	0	-39.43394	0.15974	0.0809941	0.237586	0.284104	0.111882	0.0608724
800000	-39.96182	0	-39.96182	0.11552	0.235035	0.168258	0.137103	0.138845	0.0866229
810000	-37.28549	0	-37.28549	0.0921407	0.220324	0.235302	0.169752	0.149087	0.155147
820000	-40.05096	0	-40.05096	0.120197	0.183548	0.122734	0.304577	0.0949508	0.0996591
830000	-37.19233	0	-37.19233	0.0875475	0.114602	0.482861	0.236555	0.0841891	0.0946603
840000	-38.12413	0	-38.12413	0.134333	0.187549	0.237816	0.395864	0.153247	0.0484014
850000	-45.14141	0	-45.14141	0.119818	0.0846962	0.0683175	0.289476	0.0848468	0.0941151
860000	-36.29581	0	-36.29581	0.0955079	0.101764	0.163999	0.269659	0.0594436	0.0494685
870000	-36.57224	0	-36.57224	0.20433	0.111649	0.181428	0.205725	0.0975098	0.0401513
880000	-42.68007	0	-42.68007	0.118038	0.126999	0.215798	0.18188	0.13028	0.200183
890000	-36.06729	0	-36.06729	0.199962	0.171896	0.105863	0.272623	0.123213	0.100143
900000	-42.13123	0	-42.13123	0.0655813	0.212455	0.132696	0.276326	0.0612441	0.136657
910000	-39.53255	0	-39.53255	0.0733463	0.368791	0.133675	0.248942	0.177966	0.116468
920000	-32.48328	0	-32.48328	0.107741	0.133212	0.211386	0.233354	0.124559	0.17804
930000	-37.94067	0	-37.94067	0.153158	0.230778	0.336644	0.286862	0.0851382	0.0568783
940000	-44.35111	0	-44.35111	0.214225	0.097838	0.199491	0.380458	0.0596959	0.0762879
950000	-42.22531	0	-42.22531	0.14149	0.197467	0.220615	0.231017	0.12946	0.0830584
960000	-42.56694	0	-42.56694	0.106495	0.151222	0.318535	0.232156	0.137215	0.0673408
970000	-39.44134	0	-39.44134	0.0835725	0.330781	0.222305	0.130048	0.0728783	0.0911706
980000	-36.12361	0	-36.12361	0.14126	0.142917	0.213358	0.128317	0.161519	0.13414
990000	-36.34679	0	-36.34679	0.102083	0.349516	0.167265	0.247016	0.153232	0.154619
1000000	-38.66268	0	-38.66268	0.160937	0.281074	0.197309	0.175413	0.103522	0.124173
1010000	-40.44386	0	-40.44386	0.259276	0.262339	0.256291	0.245994	0.0493202	0.144873
1020000	-31.5392	0	-31.5392	0.125765	0.120629	0.202311	0.327653	0.0707335	0.0667374
1030000	-40.48732	0	-40.48732	0.143456	0.15156	0.219913	0.292778	0.1052	0.145478
1040000	-39.9492	0	-39.9492	0.0691713	0.16925	0.18701	0.269341	0.0546413	0.211744
1050000	-38.427	0	-38.427	0.168243	0.160737	0.137276	0.190984	0.0774156	0.166417
1060000	-42.186	0	-42.186	0.11075	0.078311	0.130367	0.177681	0.146806	0.158908
1070000	-40.26735	0	-40.26735	0.105562	0.344083	0.12518	0.261628	0.045325	0.160925
1080000	-42.42436	0	-42.42436	0.145528	0.141443	0.409803	0.251482	0.0488771	0.0552695
1090000	-36.32624	0	-36.32624	0.152742	0.148042	0.223835	0.215222	0.0637439	0.127494
1100000	-40.26773	0	-40.26773	0.120794	0.0860769	0.344571	0.127052	0.0892583	0.100807
1110000	-38.74618	0	-38.74618	0.268405	0.165254	0.228755	0.344087	0.095218	0.113219
1120000	-42.94968	0	-42.94968	0.181216	0.155483	0.184542	0.272536	0.0691144	0.18865
1130000	-44.76556	0	-44.76556	0.0421552	0.142186	0.360238	0.41942	0.139795	0.100333
1140000	-43.64281	0	-43.64281	0.115328	0.0733958	0.0915947	0.223731	0.0672553	0.0882409
1150000	-46.80331	0	-46.80331	0.21062	0.341766	0.0902629	0.273003	0.0807337	0.110715
1160000	-37.27597	0	-37.27597	0.0840674	0.134347	0.108378	0.220878	0.120667	0.114802
1170000	-39.59966	0	-39.59966	0.132345	0.308722	0.160536	0.339461	0.134272	0.044255
1180000	-38.39982	0	-38.39982	0.106586	0.0729337	0.163046	0.19759	0.179413	0.072969
1190000	-38.37007	0	-38.37007	0.107754	0.149173	0.315052	0.225371	0.0679484	0.0579929
1200000	-38.15151	0	-38.15151	0.144145	0.091976	0.164349	0.26403	0.148724	0.158526
1210000	-41.00072	0	-41.00072	0.105835	0.262162	0.276737	0.214717	0.117935	0.15195
1220000	-41.85167	0	-41.85167	0.0979412	0.122874	0.073325	0.468276	0.0676322	0.0610762
1230000	-38.89642	0	-38.89642	0.180701	0.249261	0.423484	0.220606	0.0718259	0.0886821
1240000	-40.28961	0	-40.28961	0.142194	0.1282	0.147351	0.411231	0.104653	0.0637234
1250000	-36.93216	0	-36.93216	0.221751	0.117519	0.168545	0.176687	0.129033	0.173983
1260000	-36.57137	0	-36.57137	0.101512	0.131892	0.142445	0.273318	0.147167	0.110881
1270000	-38.57439	0	-38.57439	0.112337	0.17063	0.303707	0.306316	0.164114	0.124698
1280000	-35.00064	0	-35.00064	0.0944474	0.12519	0.113678	0.278692	0.0697909	0.0986263
1290000	-38.40261	0	-38.40261	0.0981985	0.154183	0.273679	0.209169	0.121473	0.122344
1300000	-38.63831	0	-38.63831	0.0713534	0.0851372	0.192934	0.267951	0.146715	0.110541
1310000	-41.51846	0	-41.51846	0.0960421	0.215802	0.130623	0.349664	0.0678221	0.222489
1320000	-35.71431	0	-35.71431	0.120396	0.105429	0.119517	0.154914	0.0856922	0.124979
1330000	-36.47183	0	-36.47183	0.107026	0.0990978	0.159715	0.364086	0.0685096	0.102239
1340000	-34.2808	0	-34.2808	0.241781	0.203462	0.14821	0.355884	0.140598	0.166017
1350000	-37.08275	0	-37.08275	0.157342	0.173372	0.241364	0.18372	0.0735337	0.183655
1360000	-42.83904	0	-42.83904	0.158672	0.143241	0.264153	0.292536	0.089111	0.137965
1370000	-35.29035	0	-35.29035	0.0644115	0.158382	0.260878	0.369208	0.115152	0.0863972
1380000	-36.60701	0	-36.60701	0.0874714	0.171827	0.194991	0.169291	0.0637292	0.110987
1390000	-40.2525	0	-40.2525	0.148508	0.186727	0.410443	0.216624	0.0909619	0.113664
1400000	-36.21311	0	-36.21311	0.123836	0.268058	0.169194	0.19701	0.0898763	0.11047
1410000	-39.43408	0	-39.43408	0.149549	0.178821	0.2088	0.218864	0.151339	0.105052
1420000	-40.45145	0	-40.45145	0.147467	0.362261	0.229746	0.402136	0.0947713	0.0783655
1430000	-40.48127	0	-40.48127	0.15003	0.210646	0.234154	0.24054	0.237548	0.0342939
1440000	-39.86228	0	-39.86228	0.129055	0.356334	0.340255	0.230717	0.0527804	0.0710388
1450000	-41.41866	0	-41.41866	0.0438042	0.123243	0.186534	0.188716	0.11687	0.12751
1460000	-43.03875	0	-43.03875	0.265357	0.244593	0.151932	0.212626	0.07197	0.117148
1470000	-36.68436	0	-36.68436	0.0919591	0.225813	0.107289	0.394481	0.0309917	0.163249
1480000	-38.90945	0	-38.90945	0.0695078	0.251381	0.121021	0.185392	0.175158	0.0604529
1490000	-41.24929	0	-41.24929	0.207695	0.129788	0.184042	0.181091	0.133718	0.25216
1500000	-36.36965	0	-36.36965	0.0799014	0.188506	0.281093	0.410334	0.0854081	0.0856284
1510000	-36.86426	0	-36.86426	0.0821051	0.136786	0.158555	0.132212	0.0838679	0.113549
1520000	-39.63562	0	-39.63562	0.0861097	0.120519	0.15312	0.240704	0.133694	0.116721
1530000	-37.41462	0	-37.41462	0.168581	0.199551	0.24382	0.35757	0.151385	0.0775666
1540000	-48.63412	0	-48.63412	0.17738	0.259524	0.178703	0.14436	0.222365	0.0789191
1550000	-35.96754	0	-35.96754	0.0853838	0.12731	0.153636	0.305993	0.180791	0.0695226
1560000	-35.00363	0	-35.00363	0.0657244	0.164908	0.297397	0.189989	0.0831866	0.104552
1570000	-37.578	0	-37.578	0.0349087	0.118356	0.218534	0.293785	0.0739558	0.114378
1580000	-39.0525	0	-39.0525	0.0827119	0.237053	0.183393	0.36235	0.0926555	0.175209
1590000	-36.5822	0	-36.5822	0.119582	0.179606	0.108961	0.27293	0.141555	0.104354
1600000	-40.46569	0	-40.46569	0.248453	0.132678	0.188293	0.193452	0.0716765	0.211072
1610000	-44.13008	0	-44.13008	0.174579	0.512842	0.212236	0.265866	0.102546	0.0824648
1620000	-39.58441	0	-39.58441	0.0693375	0.214063	0.195044	0.312819	0.0913673	0.154879
1630000	-35.65862	0	-35.65862	0.0882863	0.126411	0.139662	0.224621	0.061783	0.0875559
1640000	-37.90583	0	-37.90583	0.222413	0.119691	0.248553	0.265079	0.142079	0.122127
1650000	-40.76981	0	-40.76981	0.152925	0.247587	0.166769	0.149853	0.0616388	0.089625
1660000	-35.60511	0	-35.60511	0.122181	0.281481	0.188081	0.382769	0.101671	0.0883032
1670000	-33.26267	0	-33.26267	0.146728	0.0909366	0.194161	0.32252	0.097976	0.0909371
1680000	-38.52605	0	-38.52605	0.0911741	0.205182	0.387595	0.244615	0.10331	0.120187
1690000	-38.07085	0	-38.07085	0.101533	0.100953	0.0826162	0.183481	0.11426	0.057214
1700000	-35.72565	0	-35.72565	0.20449	0.0860456	0.159226	0.242766	0.174707	0.0795666
1710000	-37.2719	0	-37.2719	0.0486305	0.138091	0.220288	0.297926	0.0611112	0.0783023
1720000	-36.46793	0	-36.46793	0.250576	0.148699	0.140926	0.317203	0.132247	0.0699813
1730000	-39.18087	0	-39.18087	0.119765	0.124285	0.103543	0.286167	0.12841	0.0287256
1740000	-40.86166	0	-40.86166	0.117071	0.173442	0.155829	0.164895	0.177344	0.0748002
1750000	-42.59879	0	-42.59879	0.051773	0.135942	0.205891	0.258592	0.0408266	0.146016
1760000	-39.67077	0	-39.67077	0.148713	0.239556	0.175393	0.10873	0.0492143	0.0580784
1770000	-44.06105	0	-44.06105	0.108713	0.322736	0.164804	0.229062	0.100009	0.0619064
1780000	-38.36932	0	-38.36932	0.1909	0.139862	0.348845	0.286803	0.100789	0.172921
1790000	-39.09317	0	-39.09317	0.08285	0.195528	0.127825	0.305291	0.06838	0.186019
1800000	-43.56282	0	-43.56282	0.132671	0.0665983	0.244944	0.239539	0.183908	0.189588
1810000	-43.07279	0	-43.07279	0.225482	0.175651	0.185842	0.374442	0.0829568	0.164903
1820000	-42.1146	0	-42.1146	0.0982632	0.0567467	0.133938	0.146857	0.124818	0.191524
1830000	-47.6132	0	-47.6132	0.157542	0.10648	0.142736	0.199384	0.29076	0.136704
1840000	-36.6866	0	-36.6866	0.265698	0.195164	0.167202	0.175552	0.112303	0.0740584
1850000	-40.22129	0	-40.22129	0.0752938	0.215409	0.172148	0.531741	0.156281	0.188201
1860000	-39.70275	0	-39.70275	0.119318	0.151578	0.370973	0.29812	0.274802	0.0711924
1870000	-40.20362	0	-40.20362	0.216566	0.094026	0.185524	0.237154	0.054418	0.100127
1880000	-40.91883	0	-40.91883	0.157819	0.165475	0.0999072	0.309768	0.086948	0.173391
1890000	-39.97064	0	-39.97064	0.152762	0.182422	0.218574	0.325024	0.0662984	0.257755
1900000	-40.44746	0	-40.44746	0.160318	0.175805	0.369928	0.22584	0.0498552	0.110051
1910000	-39.82328	0	-39.82328	0.0377975	0.176392	0.268815	0.284217	0.182447	0.124912
1920000	-38.02475	0	-38.02475	0.100712	0.25461	0.244789	0.209591	0.105547	0.145843
1930000	-42.76713	0	-42.76713	0.0966422	0.13928	0.186066	0.324667	0.261187	0.187127
1940000	-37.68247	0	-37.68247	0.109024	0.204335	0.179747	0.161814	0.0790939	0.0987072
1950000	-40.74378	0	-40.74378	0.0805534	0.12329	0.223223	0.217134	0.240354	0.177134
1960000	-40.6443	0	-40.6443	0.226483	0.218046	0.116635	0.459427	0.109416	0.0930084
1970000	-37.477	0	-37.477	0.159929	0.113225	0.250597	0.155916	0.198496	0.0822073
1980000	-40.59355	0	-40.59355	0.138547	0.25894	0.151482	0.217653	0.229392	0.112576
1990000	-38.98504	0	-38.98504	0.192568	0.0826443	0.241599	0.422211	0.170861	0.0539239
2000000	-43.62293	0	-43.62293	0.0915484	0.214414	0.368251	0.199147	0.208218	0.214271
2010000	-35.33999	0	-35.33999	0.0630261	0.128948	0.269312	0.364269	0.122176	0.0666619
2020000	-37.77429	0	-37.77429	0.139723	0.154445	0.15638	0.151466	0.116388	0.0941102
2030000	-42.70066	0	-42.70066	0.0986595	0.173087	0.266313	0.314641	0.0768004	0.10142
2040000	-38.11041	0	-38.11041	0.101193	0.103655	0.313672	0.333831	0.122021	0.0491346
2050000	-35.23079	0	-35.23079	0.112979	0.127695	0.311673	0.275107	0.0800278	0.0762177
2060000	-39.51795	0	-39.51795	0.116722	0.145372	0.213334	0.195786	0.0562516	0.13035
2070000	-38.70385	0	-38.70385	0.107158	0.150904	0.0887626	0.111985	0.152063	0.120988
2080000	-38.99959	0	-38.99959	0.0866439	0.182225	0.340838	0.379832	0.0938953	0.0820855
2090000	-44.60389	0	-44.60389	0.310693	0.418665	0.184406	0.306537	0.186985	0.116387
2100000	-40.34206	0	-40.34206	0.189421	0.292246	0.0672716	0.402948	0.0555275	0.0711998
2110000	-40.65201	0	-40.65201	0.10053	0.236673	0.371907	0.300692	0.129868	0.071202
2120000	-40.34264	0	-40.34264	0.104328	0.119937	0.21456	0.2513	0.0396371	0.184938
2130000	-36.80867	0	-36.80867	0.167522	0.106466	0.250829	0.242543	0.243617	0.107238
2140000	-36.56782	0	-36.56782	0.112584	0.169512	0.220613	0.227571	0.147788	0.163735
2150000	-43.20869	0	-43.20869	0.163209	0.218476	0.201395	0.47685	0.190946	0.0897517
2160000	-38.75394	0	-38.75394	0.0888387	0.0812073	0.279543	0.294988	0.0491785	0.0906816
2170000	-39.82262	0	-39.82262	0.0810013	0.174614	0.220581	0.378886	0.204824	0.18124
2180000	-39.44601	0	-39.44601	0.0496374	0.294654	0.114664	0.179291	0.113674	0.0441673
2190000	-38.1554	0	-38.1554	0.138267	0.14191	0.178398	0.220928	0.0581939	0.0553106
2200000	-34.56456	0	-34.56456	0.0745375	0.0825744	0.224977	0.30462	0.113922	0.119846
2210000	-36.83885	0	-36.83885	0.136882	0.250971	0.191411	0.19257	0.0624457	0.0999098
2220000	-39.04742	0	-39.04742	0.116643	0.189198	0.323706	0.239281	0.107946	0.134268
2230000	-41.42937	0	-41.42937	0.202485	0.175567	0.276371	0.152265	0.176902	0.0497971
2240000	-37.028	0	-37.028	0.165449	0.145586	0.123667	0.266467	0.133892	0.124943
2250000	-44.45414	0	-44.45414	0.0850043	0.233524	0.161188	0.645763	0.0725683	0.365867
2260000	-43.88394	0	-43.88394	0.171571	0.146752	0.382023	0.665341	0.034547	0.222829
2270000	-36.29505	0	-36.29505	0.0493127	0.313104	0.247683	0.281837	0.107368	0.124434
2280000	-41.9425	0	-41.9425	0.33478	0.186281	0.334121	0.375304	0.150912	0.184439
2290000	-36.75309	0	-36.75309	0.0891375	0.13565	0.152194	0.203509	0.0768011	0.236319
2300000	-35.07388	0	-35.07388	0.219159	0.139495	0.180549	0.261388	0.0883657	0.129621
2310000	-40.50719	0	-40.50719	0.288587	0.14786	0.220647	0.197806	0.090192	0.0749438
2320000	-37.40968	0	-37.40968	0.125506	0.126082	0.139553	0.24501	0.0738413	0.188789
2330000	-45.38937	0	-45.38937	0.258255	0.256522	0.244826	0.392135	0.0826793	0.0440252
2340000	-39.6299	0	-39.6299	0.150374	0.21649	0.168187	0.160621	0.077297	0.0703186
2350000	-39.42563	0	-39.42563	0.0759839	0.168386	0.175383	0.262489	0.103695	0.147987
2360000	-39.93847	0	-39.93847	0.0687735	0.198409	0.118435	0.177378	0.092788	0.0621227
2370000	-38.34651	0	-38.34651	0.185568	0.083534	0.403203	0.312514	0.0642427	0.140252
2380000	-40.28167	0	-40.28167	0.0842379	0.291524	0.23765	0.390395	0.144391	0.226916
2390000	-36.37254	0	-36.37254	0.086076	0.0915951	0.191835	0.232782	0.103172	0.20145
2400000	-40.2218	0	-40.2218	0.080426	0.184053	0.17721	0.242145	0.11222	0.0713473
2410000	-36.85785	0	-36.85785	0.11938	0.143622	0.185413	0.62474	0.0676239	0.0692271
2420000	-35.78983	0	-35.78983	0.110277	0.282336	0.318822	0.401082	0.098502	0.077995
2430000	-40.87849	0	-40.87849	0.0944482	0.179132	0.209833	0.323278	0.177155	0.0981352
2440000	-45.87622	0	-45.87622	0.165989	0.142936	0.166497	0.138678	0.0744958	0.112411
2450000	-35.18949	0	-35.18949	0.0826241	0.0879592	0.122857	0.314417	0.113827	0.154977
2460000	-48.2453	0	-48.2453	0.0703236	0.526035	0.175435	0.20401	0.124432	0.192685
2470000	-38.43479	0	-38.43479	0.0790985	0.143735	0.243996	0.193232	0.0796979	0.0723484
2480000	-39.44647	0	-39.44647	0.349745	0.14961	0.251255	0.352836	0.0429076	0.148269
2490000	-39.11895	0	-39.11895	0.0535669	0.118607	0.246308	0.237441	0.155124	0.12892
2500000	-43.11616	0	-43.11616	0.0267618	0.114368	0.125138	0.212986	0.148837	0.166191
2510000	-40.30099	0	-40.30099	0.0828387	0.111968	0.173872	0.369407	0.235856	0.162055
2520000	-41.78311	0	-41.78311	0.181121	0.0728907	0.240632	0.195334	0.0649292	0.0917815
2530000	-39.78074	0	-39.78074	0.20875	0.178567	0.238449	0.494616	0.071741	0.0941566
2540000	-39.12285	0	-39.12285	0.136479	0.293949	0.173452	0.145328	0.0999505	0.091877
2550000	-40.10395	0	-40.10395	0.201918	0.0658906	0.107431	0.278728	0.0849967	0.0603558
2560000	-38.61795	0	-38.61795	0.105367	0.113521	0.260486	0.279249	0.08332	0.0747305
2570000	-43.61889	0	-43.61889	0.137763	0.0793949	0.220276	0.374852	0.0700793	0.224945
2580000	-34.84887	0	-34.84887	0.047999	0.169934	0.235406	0.262205	0.074885	0.063454
2590000	-36.42583	0	-36.42583	0.106787	0.098732	0.167581	0.369941	0.102615	0.102313
2600000	-37.82822	0	-37.82822	0.0704823	0.204796	0.33849	0.253632	0.157553	0.106818
2610000	-37.9643	0	-37.9643	0.119882	0.120843	0.203926	0.26025	0.143732	0.199518
2620000	-33.34089	0	-33.34089	0.14362	0.0696055	0.253973	0.197751	0.0772892	0.117829
2630000	-38.02261	0	-38.02261	0.113315	0.265	0.158905	0.326792	0.118015	0.0745038
2640000	-41.50639	0	-41.50639	0.102389	0.108229	0.266599	0.127157	0.137029	0.22147
2650000	-40.15208	0	-40.15208	0.0873863	0.343955	0.293429	0.192683	0.0601749	0.147242
2660000	-38.36243	0	-38.36243	0.0431534	0.072818	0.194421	0.273411	0.138683	0.0487872
2670000	-35.51497	0	-35.51497	0.154092	0.173586	0.187282	0.28716	0.124693	0.0753068
2680000	-41.8633	0	-41.8633	0.0955352	0.159421	0.169895	0.14158	0.0855118	0.095849
2690000	-47.02514	0	-47.02514	0.192544	0.277114	0.122137	0.308456	0.129352	0.0891471
2700000	-33.33641	0	-33.33641	0.0981622	0.120755	0.118518	0.30343	0.0954278	0.071119
2710000	-42.95911	0	-42.95911	0.20855	0.117545	0.147615	0.192612	0.0895148	0.158655
2720000	-36.13595	0	-36.13595	0.104682	0.144351	0.219981	0.182701	0.120944	0.0829593
2730000	-42.83323	0	-42.83323	0.0729795	0.179496	0.209446	0.203679	0.0669488	0.12923
2740000	-41.3463	0	-41.3463	0.142012	0.176049	0.267727	0.282044	0.045432	0.119003
2750000	-40.35232	0	-40.35232	0.122963	0.233868	0.117889	0.484739	0.0859461	0.0609016
2760000	-40.64986	0	-40.64986	0.240057	0.204863	0.0772297	0.376983	0.175818	0.0706361
2770000	-37.12045	0	-37.12045	0.039023	0.299799	0.122817	0.247729	0.150564	0.124602
2780000	-35.86454	0	-35.86454	0.15248	0.106248	0.117571	0.300093	0.108532	0.0878049
2790000	-43.62215	0	-43.62215	0.0832453	0.272942	0.118427	0.228978	0.0990815	0.145706
2800000	-36.89785	0	-36.89785	0.172908	0.207815	0.152239	0.218093	0.0670712	0.0936381
2810000	-35.89259	0	-35.89259	0.199213	0.119732	0.264541	0.204924	0.169841	0.0924578
2820000	-36.39845	0	-36.39845	0.129013	0.247227	0.171008	0.242471	0.164014	0.175678
2830000	-36.10273	0	-36.10273	0.121332	0.203655	0.120191	0.236614	0.0853968	0.141162
2840000	-39.78898	0	-39.78898	0.124463	0.195609	0.116732	0.22484	0.152325	0.0561513
2850000	-46.7941	0	-46.7941	0.259887	0.166459	0.234392	0.360636	0.331098	0.20568
2860000	-34.2735	0	-34.2735	0.13158	0.214652	0.0980918	0.305563	0.0763993	0.075887
2870000	-35.28549	0	-35.28549	0.0771742	0.129945	0.130594	0.20112	0.0683569	0.0723786
2880000	-36.57157	0	-36.57157	0.198697	0.0819831	0.224518	0.19848	0.107	0.054107
2890000	-40.04226	0	-40.04226	0.128134	0.0811338	0.233689	0.197754	0.20465	0.103327
2900000	-40.62642	0	-40.62642	0.118021	0.124549	0.245581	0.179379	0.129208	0.0567514
2910000	-40.41477	0	-40.41477	0.133494	0.0992659	0.179737	0.127241	0.0960308	0.105681
2920000	-43.8141	0	-43.8141	0.145718	0.22284	0.220278	0.24572	0.0574505	0.126318
2930000	-37.90326	0	-37.90326	0.139798	0.308927	0.204207	0.403156	0.102366	0.12356
2940000	-36.42221	0	-36.42221	0.111338	0.226988	0.378116	0.185676	0.155375	0.138857
2950000	-40.55727	0	-40.55727	0.20281	0.138619	0.336607	0.21831	0.146155	0.114435
2960000	-39.03911	0	-39.03911	0.0943206	0.259229	0.149694	0.155271	0.0989075	0.0553302
2970000	-42.35435	0	-42.35435	0.162978	0.122398	0.222464	0.192424	0.0460177	0.297845
2980000	-34.55538	0	-34.55538	0.114837	0.150628	0.194079	0.323823	0.174509	0.131488
2990000	-38.30544	0	-38.30544	0.0315407	0.114993	0.257221	0.371102	0.0905603	0.234525
3000000	-44.6946	0	-44.6946	0.211932	0.16923	0.485657	0.12124	0.107647	0.0973525
