Iteration	Posterior	Likelihood	Prior	lambda[1]	lambda[2]	lambda[3]	mu[1]	mu[2]	mu[3]	psi[1]	psi[2]	psi[3]
0	-33.69935	0	-33.69935	0.0776948	0.152059	0.0244576	0.14394	0.171689	0.370493	0.517423	0.851171	1.90354
10000	-16.59956	0	-16.59956	0.0685062	0.138627	0.193325	0.322697	0.254091	0.127317	1.01685	0.691256	1.60537
20000	-21.4208	0	-21.4208	0.19493	0.244861	0.206532	0.459945	0.272045	0.174161	3.52754	1.53126	2.04547
30000	-18.06307	0	-18.06307	0.163398	0.0766785	0.165084	0.170584	0.161862	0.0938847	0.469988	2.1538	0.265239
40000	-18.74653	0	-18.74653	0.285325	0.190582	0.128853	0.383627	0.11975	0.0906384	3.02778	0.979889	0.47476
50000	-16.42627	0	-16.42627	0.145047	0.273312	0.0891677	0.568674	0.135299	0.120028	0.754598	0.593872	1.54394
60000	-18.60221	0	-18.60221	0.249307	0.104149	0.16317	0.526968	0.118562	0.242942	1.56593	1.92397	0.355858
70000	-14.70805	0	-14.70805	0.0696045	0.107722	0.152919	0.239577	0.0633856	0.110586	1.20041	0.802959	0.0258027
80000	-18.80391	0	-18.80391	0.163269	0.0472255	0.104858	0.247201	0.12384	0.0633764	0.859552	0.419308	0.88751
90000	-18.66009	0	-18.66009	0.183119	0.168214	0.309824	0.293854	0.12886	0.0992852	1.38972	1.79149	1.01847
100000	-30.3055	0	-30.3055	0.152622	0.230743	0.162276	0.405223	0.30394	0.268097	2.80212	0.683983	0.0601319
110000	-22.50233	0	-22.50233	0.123768	0.446409	0.0823261	0.377679	0.277199	0.169471	3.02164	0.567863	1.02865
120000	-20.54643	0	-20.54643	0.252902	0.15029	0.333274	0.195854	0.165475	0.306866	1.72181	1.14927	0.674859
130000	-22.98129	0	-22.98129	0.0929661	0.126799	0.0794367	0.158527	0.128485	0.0633409	0.649759	0.466336	0.0415945
140000	-18.98438	0	-18.98438	0.214987	0.135529	0.0851917	0.354254	0.0675852	0.187849	1.25839	0.241217	0.210175
150000	-22.75775	0	-22.75775	0.0660508	0.22763	0.129917	0.301312	0.222402	0.0551298	4.08833	4.0816	0.76955
160000	-14.39341	0	-14.39341	0.073388	0.117361	0.0815473	0.286592	0.170674	0.136264	1.15085	0.588978	0.527294
170000	-22.37888	0	-22.37888	0.158103	0.133424	0.31446	0.498919	0.274131	0.140223	0.479618	0.69373	0.128963
180000	-20.37845	0	-20.37845	0.0978137	0.230373	0.140094	0.40977	0.0644142	0.278269	1.73432	1.12557	0.420363
190000	-27.75816	0	-27.75816	0.053113	0.204605	0.240942	0.188702	0.277216	0.237158	6.19486	0.627656	4.1215
200000	-17.15435	0	-17.15435	0.143843	0.113223	0.0801168	0.327935	0.14701	0.178005	1.682	0.442458	1.95635
210000	-17.15991	0	-17.15991	0.112885	0.205058	0.381581	0.362658	0.0976397	0.143533	2.59705	1.60844	0.708877
220000	-16.31813	0	-16.31813	0.0841033	0.140304	0.108304	0.124899	0.136561	0.116225	3.09572	0.737912	0.654788
230000	-23.20415	0	-23.20415	0.0486315	0.489484	0.277677	0.134507	0.207688	0.0827625	0.748632	0.876037	1.30408
240000	-24.30565	0	-24.30565	0.144566	0.320603	0.117718	0.563687	0.0998497	0.0636157	0.208928	0.521218	0.64066
250000	-19.32874	0	-19.32874	0.197421	0.150027	0.199272	0.553018	0.0844069	0.0386399	2.48574	0.765999	0.384263
260000	-19.08956	0	-19.08956	0.140768	0.162012	0.0724296	0.468703	0.191522	0.0740509	1.74791	0.521773	0.132009
270000	-17.31571	0	-17.31571	0.0909297	0.366832	0.0974639	0.379458	0.172096	0.119328	1.92177	1.37925	2.36045
280000	-21.66129	0	-21.66129	0.0871701	0.13431	0.0643254	0.24411	0.126533	0.0718419	2.22568	0.877691	4.17034
290000	-19.08897	0	-19.08897	0.113359	0.168047	0.270249	0.325903	0.189274	0.10899	2.22324	1.38916	0.0486182
300000	-22.46528	0	-22.46528	0.148139	0.181526	0.048181	0.43924	0.244805	0.080979	2.73445	0.515854	0.121411
310000	-18.89045	0	-18.89045	0.218546	0.107008	0.0861667	0.535695	0.075022	0.172403	0.773385	0.46727	0.248681
320000	-20.30821	0	-20.30821	0.0973913	0.189526	0.146241	0.44825	0.169966	0.0642553	3.45251	0.304259	0.404034
330000	-19.70955	0	-19.70955	0.108266	0.221508	0.0863788	0.580824	0.115026	0.044898	1.1456	1.86921	2.51888
340000	-17.34542	0	-17.34542	0.102458	0.246622	0.376598	0.192045	0.09341	0.0731991	0.440164	0.862144	0.722713
350000	-20.86665	0	-20.86665	0.11231	0.365442	0.1044	0.438758	0.205603	0.108609	1.51118	1.56509	0.546153
360000	-17.58054	0	-17.58054	0.136428	0.211916	0.168272	0.168603	0.0654445	0.196899	0.830173	0.403268	0.145537
370000	-16.50131	0	-16.50131	0.110917	0.431441	0.0985932	0.34166	0.105198	0.1071	0.912662	0.548535	1.1071
380000	-18.36988	0	-18.36988	0.0619314	0.124172	0.315134	0.203863	0.161038	0.0911194	1.79441	1.09845	0.575464
390000	-20.54566	0	-20.54566	0.126285	0.115304	0.283702	0.170466	0.0721744	0.0882286	2.95621	0.737995	0.0492399
400000	-23.44538	0	-23.44538	0.127417	0.162361	0.312686	0.142777	0.143733	0.0588727	4.53133	0.621802	0.137645
410000	-22.53471	0	-22.53471	0.184858	0.126876	0.416919	0.19572	0.0796769	0.227157	0.840657	2.33084	2.66181
420000	-17.17009	0	-17.17009	0.129485	0.0787312	0.112646	0.208675	0.0894764	0.138618	1.21117	0.96353	0.0403005
430000	-17.95975	0	-17.95975	0.142866	0.123351	0.266705	0.161867	0.126726	0.111672	2.82024	0.429099	0.163002
440000	-13.61359	0	-13.61359	0.139095	0.125199	0.225677	0.250385	0.102019	0.159087	1.34337	1.1754	0.153908
450000	-19.21845	0	-19.21845	0.0795664	0.215562	0.100258	0.15395	0.0763692	0.0782984	0.219472	2.11661	0.0599729
460000	-16.85016	0	-16.85016	0.112246	0.238063	0.0719707	0.370386	0.129371	0.175183	1.36225	0.691052	1.4684
470000	-15.16364	0	-15.16364	0.119446	0.17194	0.187017	0.193558	0.0885491	0.0551222	1.15617	0.429841	0.0657482
480000	-16.57567	0	-16.57567	0.331815	0.217112	0.0727773	0.295317	0.123445	0.0884716	1.08172	1.24347	0.417137
490000	-21.98671	0	-21.98671	0.149923	0.0534558	0.15782	0.680776	0.10537	0.0792563	0.539004	0.987854	0.159361
500000	-16.14706	0	-16.14706	0.134979	0.125621	0.155933	0.224088	0.154279	0.177629	1.26922	0.968283	0.0765881
510000	-18.53909	0	-18.53909	0.127037	0.218567	0.059436	0.29752	0.312338	0.225574	2.38259	2.32803	0.722417
520000	-23.01452	0	-23.01452	0.137744	0.246502	0.153492	0.638626	0.313935	0.111099	2.17824	0.723297	0.641298
530000	-20.60722	0	-20.60722	0.102013	0.0693582	0.127564	0.115591	0.166355	0.120614	0.241355	0.699682	2.40817
540000	-18.6293	0	-18.6293	0.155538	0.357288	0.162094	0.0983621	0.248015	0.122129	1.34335	0.825515	0.664204
550000	-21.37315	0	-21.37315	0.10767	0.190632	0.140394	0.312757	0.221973	0.160226	3.6891	2.99183	0.572268
560000	-18.57379	0	-18.57379	0.168926	0.0837501	0.441921	0.290534	0.0755596	0.164995	2.69511	0.515957	0.0923592
570000	-19.96904	0	-19.96904	0.281984	0.178493	0.349536	0.167917	0.08178	0.243298	0.750301	2.76497	0.890664
580000	-17.20862	0	-17.20862	0.111811	0.177585	0.145704	0.161985	0.165998	0.089685	1.23558	1.68833	2.65155
590000	-16.90606	0	-16.90606	0.0863707	0.105363	0.215894	0.198679	0.0609407	0.235061	2.14556	0.704776	1.44676
600000	-22.9782	0	-22.9782	0.104845	0.104706	0.236458	0.268291	0.0903039	0.0863374	0.790965	2.52679	7.62405
610000	-19.0812	0	-19.0812	0.14673	0.212918	0.155108	0.268876	0.11736	0.182623	1.68088	0.611997	1.96234
620000	-17.89538	0	-17.89538	0.09174	0.12133	0.167068	0.185094	0.12661	0.0478756	0.935292	2.38025	0.929269
630000	-18.42633	0	-18.42633	0.0710582	0.166462	0.327593	0.288301	0.142582	0.237339	0.994647	0.740517	0.10335
640000	-16.84343	0	-16.84343	0.179635	0.150729	0.16517	0.238648	0.128544	0.100159	0.60057	0.88453	2.0958
650000	-23.24688	0	-23.24688	0.080679	0.0869784	0.138195	0.133619	0.101751	0.0692589	0.500363	0.85548	0.0803047
660000	-21.08895	0	-21.08895	0.228591	0.129284	0.308872	0.396903	0.259678	0.204389	0.468148	2.21318	1.05753
670000	-19.58712	0	-19.58712	0.175597	0.0486996	0.290435	0.300078	0.195449	0.0778611	1.20056	1.48682	1.7809
680000	-17.13007	0	-17.13007	0.186916	0.123335	0.18798	0.45975	0.0916855	0.120786	2.48176	0.414139	0.532851
690000	-16.48708	0	-16.48708	0.140174	0.232978	0.1137	0.244019	0.169832	0.127407	0.806898	1.0048	0.449274
700000	-18.94108	0	-18.94108	0.0638482	0.131926	0.108481	0.533658	0.106527	0.152478	0.765137	1.94425	1.99513
710000	-16.28076	0	-16.28076	0.152883	0.353727	0.159074	0.185312	0.204779	0.130113	1.19911	0.9669	1.37523
720000	-20.29836	0	-20.29836	0.0879605	0.21701	0.217234	0.539093	0.0919523	0.0965745	2.03659	0.890776	0.715737
730000	-19.68441	0	-19.68441	0.0837198	0.235386	0.211209	0.16799	0.11158	0.105487	2.23713	0.487819	0.024395
740000	-19.24004	0	-19.24004	0.150221	0.159603	0.197087	0.403943	0.0841822	0.0879761	2.83594	2.35503	1.23568
750000	-19.79009	0	-19.79009	0.132339	0.284591	0.169983	0.263437	0.179628	0.108704	2.13602	0.994133	1.06525
760000	-17.12032	0	-17.12032	0.0864656	0.162625	0.110394	0.231185	0.207663	0.109734	1.90847	0.514951	0.431866
770000	-19.76911	0	-19.76911	0.152519	0.289117	0.149752	0.163496	0.103365	0.0838182	1.36295	1.33462	0.231194
780000	-22.56358	0	-22.56358	0.248731	0.195459	0.186025	0.239401	0.129495	0.0381853	0.537655	2.08152	0.931604
790000	-20.07159	0	-20.07159	0.14788	0.107978	0.130107	0.238924	0.100663	0.0336861	3.13044	0.862012	1.8186
800000	-17.07664	0	-17.07664	0.11045	0.191506	0.309012	0.27295	0.0922965	0.0982202	1.14594	1.45892	0.289808
810000	-21.18547	0	-21.18547	0.252402	0.10921	0.140233	0.205294	0.145136	0.124631	4.26158	0.349842	0.0490584
820000	-21.81029	0	-21.81029	0.120332	0.125758	0.680476	0.437578	0.161833	0.134525	0.651819	1.54593	0.525556
830000	-17.79762	0	-17.79762	0.0410752	0.336836	0.139245	0.196085	0.1129	0.0652352	0.809123	2.3828	0.755915
840000	-20.85709	0	-20.85709	0.152634	0.365826	0.268305	0.341334	0.051305	0.153431	0.885083	0.957054	0.960554
850000	-20.50349	0	-20.50349	0.192422	0.0778727	0.281575	0.218183	0.196529	0.104286	1.29447	0.512702	0.32495
860000	-18.98824	0	-18.98824	0.153464	0.18638	0.180041	0.349573	0.110614	0.0884695	1.17922	1.04622	0.26022
870000	-20.92839	0	-20.92839	0.149186	0.16169	0.240752	0.377616	0.084328	0.0413417	3.37185	0.415814	0.263881
880000	-21.30045	0	-21.30045	0.194097	0.258573	0.0993997	0.137667	0.0781727	0.135784	3.43683	2.4764	4.19951
890000	-23.02449	0	-23.02449	0.137308	0.355386	0.27559	0.246186	0.294815	0.146522	0.924405	0.606536	0.476096
900000	-16.26071	0	-16.26071	0.188387	0.100986	0.215802	0.328303	0.120805	0.0395665	0.720025	0.588031	0.802598
910000	-23.56563	0	-23.56563	0.0959861	0.387903	0.141221	0.205794	0.235428	0.0292875	0.377062	2.23972	0.814449
920000	-14.3677	0	-14.3677	0.0693999	0.180545	0.182164	0.31746	0.11252	0.115086	0.628977	1.69312	0.289859
930000	-17.94171	0	-17.94171	0.0717254	0.103016	0.0531839	0.318088	0.12873	0.0594268	1.1003	0.458611	1.48623
940000	-17.0912	0	-17.0912	0.0718161	0.10994	0.131577	0.181663	0.0812217	0.157428	2.55937	0.337397	0.138229
950000	-18.88122	0	-18.88122	0.0851505	0.0590614	0.189419	0.315242	0.140268	0.0666384	2.49064	0.574617	0.186503
960000	-17.59423	0	-17.59423	0.156588	0.124534	0.144788	0.148689	0.111096	0.065613	0.635727	2.54285	0.126067
970000	-26.00087	0	-26.00087	0.202603	0.291747	0.247434	0.162513	0.0940117	0.1272	8.91146	2.15371	0.2533
980000	-25.17087	0	-25.17087	0.540855	0.168596	0.299798	0.29785	0.0359147	0.153381	1.45095	0.907509	2.10061
990000	-20.19723	0	-20.19723	0.254786	0.110154	0.0965228	0.328082	0.0818178	0.138486	3.29666	0.490898	1.68993
1000000	-21.16993	0	-21.16993	0.0812447	0.368644	0.263881	0.0837267	0.125679	0.0988315	2.40648	1.45992	1.42315
1010000	-18.8256	0	-18.8256	0.131492	0.117436	0.397467	0.407038	0.0610601	0.106808	0.550607	1.79113	0.573198
1020000	-24.11362	0	-24.11362	0.145831	0.18292	0.133989	0.29991	0.137174	0.0599068	6.29334	0.399634	1.69087
1030000	-20.97969	0	-20.97969	0.149702	0.109836	0.309565	0.12066	0.0502114	0.129913	0.531809	4.24694	0.620492
1040000	-13.95856	0	-13.95856	0.103345	0.233066	0.209756	0.285772	0.102553	0.0710353	1.22237	0.663231	0.468522
1050000	-21.0041	0	-21.0041	0.081679	0.0799499	0.192537	0.281514	0.135672	0.112218	2.24412	1.12616	0.513982
1060000	-22.26639	0	-22.26639	0.144863	0.445399	0.177235	0.302077	0.192807	0.157553	1.21291	0.650645	3.27773
1070000	-15.71044	0	-15.71044	0.23206	0.192634	0.224613	0.283083	0.122191	0.1465	0.798857	1.92761	0.707732
1080000	-21.36872	0	-21.36872	0.0432698	0.0769323	0.0923916	0.152985	0.135254	0.0696132	2.63109	0.262053	0.188672
1090000	-19.13234	0	-19.13234	0.181072	0.180219	0.116837	0.543517	0.140633	0.0877343	1.88101	0.882857	1.37491
1100000	-15.35979	0	-15.35979	0.160037	0.229306	0.16813	0.283915	0.115536	0.115145	2.80355	1.25991	0.639183
1110000	-17.08378	0	-17.08378	0.0704337	0.0630469	0.173207	0.266357	0.0909493	0.113787	1.15503	1.97587	0.348316
1120000	-18.0289	0	-18.0289	0.0880771	0.171738	0.227042	0.245743	0.181431	0.173374	0.428807	1.15431	0.173637
1130000	-20.94447	0	-20.94447	0.257495	0.275201	0.272657	0.305699	0.14133	0.20683	0.887881	2.49168	0.0792652
1140000	-26.66376	0	-26.66376	0.201077	0.200606	0.286313	0.300451	0.184481	0.08511	6.91125	0.988311	0.486064
1150000	-16.3847	0	-16.3847	0.214748	0.198957	0.152523	0.242057	0.108323	0.116209	1.81249	1.20316	0.0558467
1160000	-23.7404	0	-23.7404	0.204721	0.194864	0.365891	0.358403	0.209687	0.158502	0.775112	0.385058	0.174677
1170000	-18.31197	0	-18.31197	0.1257	0.0681781	0.26606	0.122279	0.138593	0.14818	1.1809	0.60174	0.0898947
1180000	-19.25164	0	-19.25164	0.161556	0.110886	0.337417	0.105333	0.0834425	0.0574038	1.63958	0.744607	0.137672
1190000	-25.40309	0	-25.40309	0.225646	0.0781316	0.155519	0.219623	0.157725	0.190024	1.45633	0.525312	0.141802
1200000	-22.40598	0	-22.40598	0.0922354	0.158922	0.455082	0.198494	0.124027	0.13614	2.95297	3.32248	0.805741
1210000	-17.57913	0	-17.57913	0.0948921	0.170779	0.288231	0.348893	0.10696	0.0854482	1.99137	0.472961	0.687745
1220000	-17.47282	0	-17.47282	0.12358	0.2002	0.164295	0.267103	0.160283	0.0472514	2.11482	0.774593	0.0747226
1230000	-18.88974	0	-18.88974	0.158477	0.400735	0.294571	0.304361	0.125639	0.0993531	3.30616	1.5438	1.11452
1240000	-20.74471	0	-20.74471	0.169791	0.276377	0.0841074	0.263159	0.230562	0.0879312	1.94565	0.505039	0.137968
1250000	-19.89861	0	-19.89861	0.139509	0.338894	0.131511	0.344462	0.0605347	0.13455	1.42531	0.598246	0.388039
1260000	-22.35573	0	-22.35573	0.10299	0.154398	0.209595	0.241528	0.207694	0.355982	2.76365	1.50123	0.0764207
1270000	-17.63276	0	-17.63276	0.0926936	0.22962	0.110487	0.448457	0.132335	0.117675	0.888015	0.385138	1.4772
1280000	-18.01624	0	-18.01624	0.144266	0.212739	0.121107	0.122965	0.0759624	0.0613616	0.421677	0.283723	0.195974
1290000	-14.45316	0	-14.45316	0.175232	0.119941	0.121446	0.257781	0.0977131	0.093368	0.737603	0.425259	0.644186
1300000	-16.11975	0	-16.11975	0.10601	0.113641	0.0941949	0.26647	0.219757	0.0768257	1.31276	1.20942	0.452996
1310000	-22.4148	0	-22.4148	0.0477575	0.149126	0.441199	0.342429	0.124051	0.0801028	1.508	1.2669	0.252574
1320000	-29.75424	0	-29.75424	0.0484655	0.147651	0.270813	0.706896	0.0485478	0.408201	1.07053	0.566648	0.97322
1330000	-16.23947	0	-16.23947	0.101298	0.136373	0.0693767	0.315812	0.0904039	0.075714	1.40083	2.99537	0.190153
1340000	-14.74903	0	-14.74903	0.109992	0.0913229	0.127292	0.219166	0.0607986	0.137821	1.05323	1.47035	0.921917
1350000	-17.32847	0	-17.32847	0.0580047	0.209576	0.103797	0.245252	0.16982	0.114959	2.31829	0.916859	2.84115
1360000	-17.70409	0	-17.70409	0.167922	0.0709335	0.139322	0.124332	0.117049	0.163315	2.65246	0.371867	1.05458
1370000	-17.40108	0	-17.40108	0.138827	0.0544344	0.251431	0.271517	0.0791503	0.0958431	1.44262	0.43928	0.126696
1380000	-18.29	0	-18.29	0.0979313	0.169949	0.249106	0.571688	0.120463	0.137841	1.86947	1.83117	0.628267
1390000	-19.77817	0	-19.77817	0.222534	0.203182	0.201327	0.437846	0.0783581	0.141477	0.307207	0.566307	1.62345
1400000	-15.62459	0	-15.62459	0.110658	0.149701	0.132679	0.253303	0.129473	0.0720593	1.44828	1.82736	1.32625
1410000	-17.74914	0	-17.74914	0.162726	0.082953	0.104402	0.225597	0.325872	0.0852434	0.484292	1.38543	0.300022
1420000	-19.63543	0	-19.63543	0.091863	0.0431795	0.0656599	0.210634	0.254878	0.0796656	1.59442	0.668009	0.27813
1430000	-19.02784	0	-19.02784	0.060213	0.219895	0.1016	0.201422	0.0881151	0.100029	0.902662	1.61486	1.19564
1440000	-23.29574	0	-23.29574	0.0476059	0.0950586	0.223938	0.880135	0.0976638	0.07383	1.53164	0.488237	0.0972845
1450000	-18.63524	0	-18.63524	0.185756	0.175657	0.0767509	0.173423	0.193577	0.166544	0.793335	0.638134	0.288011
1460000	-19.79057	0	-19.79057	0.177589	0.161387	0.0907954	0.174991	0.0757242	0.095699	1.194	1.31427	0.0796225
1470000	-19.60568	0	-19.60568	0.208467	0.0606792	0.352993	0.303361	0.104062	0.267494	0.815823	1.12324	0.675791
1480000	-27.65088	0	-27.65088	0.188514	0.155151	0.266063	0.278382	0.263146	0.254165	5.41045	1.29641	0.558067
1490000	-15.4551	0	-15.4551	0.0633738	0.141443	0.148973	0.23589	0.11304	0.0694026	1.30402	2.0261	0.460805
1500000	-17.51831	0	-17.51831	0.142027	0.148938	0.110881	0.295161	0.0698155	0.145217	1.23191	0.626335	0.390136
1510000	-20.14153	0	-20.14153	0.194855	0.0597724	0.170237	0.258701	0.097622	0.13234	2.52478	1.70933	1.81964
1520000	-20.57872	0	-20.57872	0.0715811	0.113369	0.16659	0.204891	0.147957	0.117914	1.02668	0.111327	0.0877734
1530000	-27.15531	0	-27.15531	0.150486	0.0363492	0.230923	0.564275	0.0850565	0.206125	1.92573	0.562238	0.0254589
1540000	-22.98515	0	-22.98515	0.0711578	0.232006	0.286986	0.333563	0.0767545	0.265772	1.18383	0.374584	0.104528
1550000	-21.41805	0	-21.41805	0.0987145	0.0919655	0.0972941	0.205894	0.209957	0.0748992	0.37492	0.855206	0.037542
1560000	-18.50404	0	-18.50404	0.154299	0.272143	0.154386	0.535977	0.110394	0.0798132	1.69695	0.561333	0.11798
1570000	-24.79134	0	-24.79134	0.0879849	0.44145	0.0970678	0.36168	0.247265	0.219363	1.48817	2.14725	0.258423
1580000	-20.17579	0	-20.17579	0.139352	0.197568	0.1365	0.468275	0.15831	0.0946974	1.40423	0.194346	0.400837
1590000	-18.35848	0	-18.35848	0.161537	0.156724	0.263732	0.170401	0.0744801	0.167954	2.82556	0.628482	0.123694
1600000	-22.69571	0	-22.69571	0.0427293	0.363572	0.305083	0.123222	0.153497	0.159295	1.38971	1.07399	0.203913
1610000	-21.79254	0	-21.79254	0.11017	0.125586	0.136243	0.0965631	0.143842	0.138964	2.30572	0.518092	4.23902
1620000	-22.18914	0	-22.18914	0.172983	0.0493009	0.218719	0.405515	0.0977743	0.187874	1.69153	0.307917	0.319597
1630000	-25.86839	0	-25.86839	0.0845127	0.102042	0.368088	0.343662	0.0759737	0.313615	1.95165	4.11352	2.93769
1640000	-21.23739	0	-21.23739	0.233315	0.266396	0.128497	0.722769	0.190299	0.0519158	0.925485	0.999136	0.458309
1650000	-20.61941	0	-20.61941	0.283365	0.271538	0.271833	0.359344	0.0988479	0.126955	0.713526	1.80526	0.895541
1660000	-16.20475	0	-16.20475	0.110006	0.118439	0.0855187	0.417928	0.211108	0.106292	2.08738	0.895629	0.310169
1670000	-26.12049	0	-26.12049	0.212319	0.26573	0.563763	0.343555	0.166468	0.108515	1.06551	1.95087	0.265037
1680000	-17.49088	0	-17.49088	0.187744	0.223317	0.32053	0.294567	0.112424	0.176313	0.897193	1.36456	0.252259
1690000	-15.60661	0	-15.60661	0.121288	0.169523	0.142615	0.15739	0.153986	0.116144	0.935125	1.10505	0.503846
1700000	-19.06614	0	-19.06614	0.153324	0.23979	0.0875929	0.266944	0.0665955	0.0973568	1.40868	2.73106	0.859051
1710000	-15.3729	0	-15.3729	0.117128	0.419413	0.174378	0.252312	0.0846657	0.164435	1.57604	1.79472	0.229871
1720000	-16.33916	0	-16.33916	0.078498	0.14078	0.181175	0.347136	0.104361	0.110354	1.19808	0.50032	0.331523
1730000	-22.19407	0	-22.19407	0.0663674	0.247098	0.142706	0.316786	0.038691	0.10987	2.71193	3.1418	2.11806
1740000	-18.85991	0	-18.85991	0.160975	0.171455	0.149699	0.160741	0.25926	0.0614864	0.998473	2.31561	0.637735
1750000	-20.18533	0	-20.18533	0.0921893	0.414514	0.139599	0.264669	0.164623	0.0781203	0.926783	1.45237	0.426046
1760000	-18.17102	0	-18.17102	0.178256	0.101719	0.323915	0.481878	0.172956	0.17659	1.93195	0.736715	0.277313
1770000	-18.05191	0	-18.05191	0.31982	0.152055	0.176154	0.13991	0.1639	0.106931	2.4828	2.17449	0.446542
1780000	-22.65675	0	-22.65675	0.0825987	0.270447	0.187519	0.273137	0.164039	0.157434	5.30742	0.872493	0.239599
1790000	-15.69594	0	-15.69594	0.125237	0.188907	0.134803	0.199669	0.132124	0.139198	1.05316	0.368069	1.83027
1800000	-16.57602	0	-16.57602	0.0481307	0.22732	0.075794	0.472214	0.0992533	0.043758	2.17454	0.839667	0.0625013
1810000	-16.77394	0	-16.77394	0.134863	0.196932	0.166973	0.295306	0.148207	0.191407	2.3324	0.386128	1.14227
1820000	-18.92177	0	-18.92177	0.0591932	0.0644629	0.196512	0.145138	0.080678	0.111911	2.66712	0.240629	0.147063
1830000	-21.02053	0	-21.02053	0.157948	0.13589	0.105936	0.318907	0.0433591	0.202193	1.96581	1.66842	2.68854
1840000	-27.64576	0	-27.64576	0.0248738	0.134015	0.104449	0.383102	0.12334	0.130817	0.468236	0.679546	0.485592
1850000	-16.9379	0	-16.9379	0.163968	0.130521	0.165982	0.186947	0.13887	0.0453391	0.784252	1.21789	0.112055
1860000	-22.11364	0	-22.11364	0.153234	0.0707596	0.371039	0.403922	0.0883167	0.122138	3.35531	3.20864	0.85811
1870000	-16.61701	0	-16.61701	0.0998742	0.131013	0.135316	0.294905	0.120604	0.19194	1.84208	0.78711	0.0362604
1880000	-18.98441	0	-18.98441	0.109317	0.134877	0.0681708	0.636019	0.123501	0.123946	0.937887	1.15065	1.21656
1890000	-16.64941	0	-16.64941	0.0631128	0.068016	0.16476	0.162284	0.0704814	0.0949653	1.96112	1.59539	0.354865
1900000	-14.5456	0	-14.5456	0.222032	0.168534	0.170878	0.182195	0.135944	0.0746597	1.04236	1.74877	0.303937
1910000	-18.50771	0	-18.50771	0.0462723	0.286043	0.142427	0.245608	0.144558	0.204621	2.86823	0.95941	0.481051
1920000	-20.20072	0	-20.20072	0.1341	0.288878	0.137625	0.231958	0.102784	0.0819921	1.27902	0.096345	0.147109
1930000	-25.44454	0	-25.44454	0.270898	0.339426	0.161761	0.497105	0.144904	0.1209	1.0881	0.606527	0.0493542
1940000	-30.2788	0	-30.2788	0.304874	0.260212	0.217527	0.451544	0.466067	0.207177	3.11595	1.22969	3.81438
1950000	-23.66665	0	-23.66665	0.216732	0.209362	0.110085	0.544113	0.151453	0.0684075	1.97658	1.50242	0.736
1960000	-15.54492	0	-15.54492	0.102391	0.107577	0.183773	0.152	0.0979206	0.180785	1.71876	1.00249	0.886054
1970000	-19.54865	0	-19.54865	0.212333	0.137958	0.137277	0.395969	0.12501	0.316961	1.35017	1.03429	0.0534177
1980000	-20.56634	0	-20.56634	0.158666	0.145649	0.18672	0.310304	0.126032	0.231561	4.2942	0.280121	0.0649299
1990000	-14.22621	0	-14.22621	0.218032	0.140803	0.169763	0.246137	0.0782375	0.152362	3.30967	0.904938	0.500297
2000000	-16.18888	0	-16.18888	0.136676	0.145757	0.163323	0.427023	0.177975	0.155535	1.87161	1.6705	2.09239
2010000	-21.54327	0	-21.54327	0.241122	0.126981	0.184172	0.695345	0.0989133	0.146075	0.919011	1.80587	1.78166
2020000	-17.80602	0	-17.80602	0.164324	0.0850823	0.112222	0.209549	0.0589739	0.0727977	3.51566	1.89587	0.742788
2030000	-17.10264	0	-17.10264	0.225199	0.172855	0.100772	0.217834	0.199899	0.15887	1.52881	0.644892	0.585752
2040000	-18.27998	0	-18.27998	0.13421	0.141489	0.26154	0.266867	0.0770987	0.0932988	0.549631	1.3606	1.75624
2050000	-20.64351	0	-20.64351	0.0704338	0.23511	0.232315	0.210472	0.203256	0.0751052	5.7727	1.42255	0.910011
2060000	-18.40888	0	-18.40888	0.152352	0.120115	0.228681	0.444583	0.156126	0.145129	2.22115	2.39249	0.315199
2070000	-23.05956	0	-23.05956	0.25378	0.341465	0.18013	0.455949	0.111899	0.188958	1.26589	1.4582	1.36721
2080000	-19.82419	0	-19.82419	0.119801	0.147119	0.0616405	0.725854	0.0853274	0.0727426	2.77604	1.23301	1.82959
2090000	-30.70191	0	-30.70191	0.363435	0.37359	0.143517	0.331559	0.128498	0.167763	0.908258	0.280757	0.0814855
2100000	-15.85831	0	-15.85831	0.229123	0.0786013	0.275428	0.228964	0.127421	0.148209	0.785178	1.66366	0.951799
2110000	-21.73379	0	-21.73379	0.174315	0.141838	0.171244	0.27238	0.164507	0.134962	0.557422	0.39743	0.122682
2120000	-21.67163	0	-21.67163	0.0970349	0.0828585	0.348599	0.367447	0.0935624	0.146407	0.30962	1.54867	1.56372
2130000	-15.73307	0	-15.73307	0.111306	0.130379	0.155684	0.19895	0.124219	0.0922815	0.304993	1.86972	0.490252
2140000	-19.70529	0	-19.70529	0.0839177	0.463032	0.200429	0.152893	0.0569729	0.0733475	0.759694	0.593001	0.270208
2150000	-16.6718	0	-16.6718	0.071154	0.318923	0.286954	0.317954	0.117586	0.0833071	1.09147	0.773583	0.407052
2160000	-23.82344	0	-23.82344	0.112358	0.0854533	0.249031	0.431613	0.127991	0.0825576	0.626788	0.349329	0.0140102
2170000	-19.73552	0	-19.73552	0.207173	0.469493	0.0666583	0.332581	0.0945271	0.13518	0.581318	0.878008	1.12356
2180000	-25.92669	0	-25.92669	0.11581	0.176551	0.103224	0.192869	0.265502	0.045586	7.30197	1.24206	0.0318345
2190000	-17.90062	0	-17.90062	0.116746	0.0642377	0.307363	0.207008	0.0604162	0.113755	1.33997	0.122518	0.107284
2200000	-18.67609	0	-18.67609	0.0808916	0.233016	0.0757766	0.181851	0.128571	0.0763019	1.79741	1.44946	0.27439
2210000	-17.04633	0	-17.04633	0.222976	0.109203	0.102879	0.159294	0.0777451	0.0923574	2.66839	0.431318	0.95619
2220000	-16.31317	0	-16.31317	0.0765023	0.15047	0.216669	0.235724	0.0982424	0.122738	1.08124	0.465351	3.02694
2230000	-23.72997	0	-23.72997	0.0988733	0.519628	0.258305	0.105015	0.171105	0.212224	1.47787	1.06424	1.84273
2240000	-17.94107	0	-17.94107	0.13181	0.0719619	0.181355	0.309463	0.0957173	0.142414	1.29281	2.8701	0.194931
2250000	-30.54374	0	-30.54374	0.257585	0.206942	0.302686	0.102508	0.1771	0.0482357	4.03539	0.644543	0.0754272
2260000	-15.56404	0	-15.56404	0.143756	0.244597	0.0904936	0.194485	0.217899	0.168226	1.57701	1.36086	0.684785
2270000	-18.09526	0	-18.09526	0.134549	0.140896	0.104853	0.205598	0.0771892	0.0661664	0.93645	0.35114	0.323738
2280000	-21.4743	0	-21.4743	0.0976371	0.12663	0.160261	0.333578	0.0500209	0.158082	2.26591	0.134381	0.216767
2290000	-19.49838	0	-19.49838	0.116042	0.226867	0.122254	0.349981	0.198431	0.230358	2.14967	0.268606	0.163222
2300000	-26.67158	0	-26.67158	0.0351218	0.46706	0.0901848	0.30536	0.248589	0.109534	1.49653	0.574858	5.11215
2310000	-22.18021	0	-22.18021	0.204648	0.392975	0.289413	0.426429	0.201577	0.0669663	1.76832	0.532002	0.529281
2320000	-16.93675	0	-16.93675	0.108477	0.226549	0.10104	0.257166	0.260506	0.0949081	0.791879	0.998516	0.738721
2330000	-19.20586	0	-19.20586	0.0811987	0.2492	0.149584	0.173072	0.212245	0.146474	1.34719	1.80347	0.574002
2340000	-18.51166	0	-18.51166	0.12591	0.163624	0.139445	0.282865	0.25992	0.104919	0.687531	2.05691	1.35572
2350000	-19.89404	0	-19.89404	0.0712074	0.0638656	0.355407	0.353836	0.132512	0.0937667	0.890842	0.577135	0.382436
2360000	-19.36589	0	-19.36589	0.172848	0.204923	0.173257	0.302674	0.106486	0.210162	0.836305	0.452037	0.429766
2370000	-19.11973	0	-19.11973	0.187471	0.114229	0.199654	0.493223	0.155396	0.177934	2.1542	0.424071	0.111715
2380000	-23.05314	0	-23.05314	0.108434	0.26094	0.135041	0.13104	0.112161	0.272843	0.686135	0.609234	1.963
2390000	-19.23274	0	-19.23274	0.0924605	0.331903	0.0971103	0.365288	0.0445228	0.191063	1.71624	0.402795	1.44254
2400000	-21.57353	0	-21.57353	0.0647638	0.0841783	0.0908363	0.123443	0.0999022	0.0839327	2.15062	2.15441	2.56069
2410000	-23.92035	0	-23.92035	0.163704	0.258986	0.338628	0.390187	0.224459	0.135437	1.02015	2.24543	0.524558
2420000	-19.5743	0	-19.5743	0.197169	0.164824	0.113965	0.398497	0.111679	0.102072	1.69478	0.590244	0.0979273
2430000	-18.83569	0	-18.83569	0.0635304	0.122784	0.165404	0.304861	0.109809	0.0548527	2.70407	1.75685	1.7948
2440000	-22.404	0	-22.404	0.123269	0.264737	0.107002	0.544348	0.149215	0.115164	3.38929	0.96312	0.490419
2450000	-16.99162	0	-16.99162	0.123089	0.419772	0.0681884	0.206612	0.0926559	0.07313	1.87609	0.907037	0.573291
2460000	-17.97984	0	-17.97984	0.0737988	0.249161	0.176162	0.279042	0.121733	0.0903888	0.458746	0.262614	1.24849
2470000	-16.13122	0	-16.13122	0.0826522	0.299659	0.101445	0.193742	0.270576	0.091827	0.863608	0.777909	0.656273
2480000	-22.45027	0	-22.45027	0.26285	0.223814	0.0837941	0.151803	0.152468	0.139494	0.894242	2.48185	0.668796
2490000	-20.77613	0	-20.77613	0.0662759	0.152847	0.238318	0.458357	0.104013	0.132844	0.636806	0.797773	0.0847196
2500000	-15.35101	0	-15.35101	0.166112	0.215236	0.130442	0.331291	0.0797927	0.118736	1.65363	1.34887	0.279507
2510000	-21.09981	0	-21.09981	0.132575	0.271944	0.338664	0.169309	0.117406	0.103524	1.38554	0.273878	0.246189
2520000	-13.85496	0	-13.85496	0.124308	0.103481	0.147006	0.333489	0.145032	0.125628	1.12551	0.822421	0.70273
2530000	-21.75149	0	-21.75149	0.0910535	0.284344	0.140525	0.250947	0.102766	0.139521	2.6872	1.58784	3.70153
2540000	-17.92957	0	-17.92957	0.0902202	0.211278	0.258941	0.176303	0.137976	0.131447	0.910685	0.35116	1.01186
2550000	-19.69108	0	-19.69108	0.227236	0.0948128	0.167832	0.555123	0.13826	0.0409867	2.9439	2.38942	0.359743
2560000	-22.04213	0	-22.04213	0.0871521	0.0975984	0.175585	0.239571	0.0889207	0.0939642	0.550955	0.709541	1.19668
2570000	-15.40556	0	-15.40556	0.123363	0.203853	0.254226	0.250203	0.193665	0.14641	2.05528	0.745451	0.161579
2580000	-21.59761	0	-21.59761	0.122577	0.104403	0.154373	0.562485	0.0475373	0.090849	0.267379	0.780709	0.847062
2590000	-25.8486	0	-25.8486	0.106192	0.232253	0.0809313	0.315891	0.0618067	0.0943833	1.25668	0.373609	0.649091
2600000	-18.26451	0	-18.26451	0.163101	0.123722	0.167999	0.254208	0.0642104	0.111986	1.00033	0.243955	0.39789
2610000	-23.44801	0	-23.44801	0.131885	0.141474	0.124881	0.307545	0.368167	0.138376	1.42656	4.03855	2.62632
2620000	-18.50686	0	-18.50686	0.125773	0.418528	0.127732	0.123636	0.108192	0.228859	0.64741	1.11145	0.27716
2630000	-21.94593	0	-21.94593	0.171814	0.137485	0.087051	0.456448	0.114939	0.0806352	2.32075	0.75446	0.243638
2640000	-17.43301	0	-17.43301	0.0789888	0.0575818	0.2243	0.424571	0.117024	0.0809262	1.2141	3.32941	0.375441
2650000	-17.45793	0	-17.45793	0.161163	0.170701	0.323805	0.284815	0.129932	0.0938745	0.857661	0.867918	0.314387
2660000	-18.19244	0	-18.19244	0.139722	0.0639565	0.376565	0.290492	0.120916	0.259687	3.60251	0.888733	0.805447
2670000	-20.16019	0	-20.16019	0.223893	0.195422	0.132551	0.280794	0.10993	0.266836	1.81997	0.843623	1.34069
2680000	-21.33968	0	-21.33968	0.0850416	0.176794	0.419008	0.265403	0.167564	0.036986	1.96095	0.883643	0.308969
2690000	-27.08191	0	-27.08191	0.285852	0.12943	0.147795	0.182988	0.299935	0.411472	2.24192	0.641588	1.56849
2700000	-20.12266	0	-20.12266	0.0602612	0.239674	0.0667508	0.161679	0.193338	0.242012	1.08079	0.254384	2.39347
2710000	-26.40366	0	-26.40366	0.0346009	0.456994	0.289817	0.152438	0.0497748	0.109224	3.27941	0.193176	2.68859
2720000	-23.34225	0	-23.34225	0.157536	0.278318	0.0625674	0.527578	0.0734264	0.160361	1.59658	4.81864	1.77513
2730000	-16.13271	0	-16.13271	0.103592	0.263407	0.135181	0.268693	0.117616	0.154315	1.71655	0.600383	0.758547
2740000	-16.9498	0	-16.9498	0.0868956	0.0654652	0.237854	0.138486	0.131261	0.215833	0.490683	0.910941	0.558855
2750000	-18.11741	0	-18.11741	0.0831712	0.252574	0.277802	0.2103	0.166903	0.0920289	2.43181	0.594093	0.955182
2760000	-19.09243	0	-19.09243	0.0997056	0.128003	0.184911	0.362308	0.0650625	0.0564233	2.00226	2.37699	1.26804
2770000	-21.55449	0	-21.55449	0.217096	0.216828	0.160087	0.143322	0.195019	0.140827	2.88616	2.24026	1.26909
2780000	-16.93873	0	-16.93873	0.149399	0.102167	0.0732559	0.22579	0.0939687	0.11069	2.32933	0.945199	0.146829
2790000	-20.95482	0	-20.95482	0.126778	0.0497199	0.180767	0.157351	0.158551	0.0632172	4.81127	0.770595	0.190612
2800000	-16.19662	0	-16.19662	0.0843142	0.123327	0.164389	0.139348	0.0846677	0.148091	1.0227	0.433202	0.283919
2810000	-17.39006	0	-17.39006	0.11722	0.099613	0.203457	0.225352	0.154617	0.138116	3.77712	2.87047	0.786892
2820000	-28.67813	0	-28.67813	0.10245	0.145116	0.403051	0.511254	0.101794	0.0774904	3.59154	0.742601	4.3628
2830000	-16.82746	0	-16.82746	0.0874976	0.0941151	0.206795	0.141244	0.0755688	0.0739772	0.736374	1.08864	1.79731
2840000	-22.38565	0	-22.38565	0.203767	0.134805	0.202206	0.422677	0.153252	0.117338	2.40067	0.610343	0.0505106
2850000	-18.18138	0	-18.18138	0.103085	0.0610736	0.449556	0.280879	0.215046	0.123168	3.7024	0.686857	0.251187
2860000	-18.66573	0	-18.66573	0.0873126	0.036907	0.1532	0.122559	0.132201	0.100159	1.81329	1.28996	0.454112
2870000	-17.87838	0	-17.87838	0.149864	0.305127	0.100455	0.268912	0.199498	0.170224	1.44095	0.481302	1.75273
2880000	-22.77007	0	-22.77007	0.261739	0.263784	0.458033	0.684872	0.145513	0.118347	1.85988	0.794118	2.01448
2890000	-18.14919	0	-18.14919	0.0909389	0.103433	0.233322	0.347614	0.0848236	0.16788	0.909852	1.215	0.162976
2900000	-24.8846	0	-24.8846	0.0711849	0.139942	0.135721	0.146188	0.0770626	0.0553454	0.168508	0.509883	3.98882
2910000	-24.54062	0	-24.54062	0.170977	0.186431	0.0428989	0.254443	0.153942	0.0551616	7.74908	0.723452	1.20886
2920000	-15.33006	0	-15.33006	0.107086	0.105383	0.0669203	0.283004	0.0769309	0.0756406	1.6504	0.582023	0.329406
2930000	-16.38774	0	-16.38774	0.0804775	0.177415	0.112559	0.413809	0.0878968	0.0684182	0.497079	0.328528	0.1586
2940000	-27.14446	0	-27.14446	0.203911	0.140427	0.0914943	0.572761	0.150231	0.0373443	4.22237	0.42596	0.214016
2950000	-23.4805	0	-23.4805	0.168397	0.216147	0.232449	0.191236	0.251583	0.0325077	0.857133	4.63289	0.116778
2960000	-20.07824	0	-20.07824	0.110905	0.156438	0.386721	0.253187	0.103297	0.112133	3.71771	2.44212	1.41919
2970000	-21.18925	0	-21.18925	0.298745	0.12191	0.206371	0.166685	0.150626	0.156839	1.80382	0.355975	0.37013
2980000	-22.58411	0	-22.58411	0.241333	0.361043	0.0957389	0.232373	0.161987	0.111118	1.15445	4.98012	0.174743
2990000	-17.69247	0	-17.69247	0.060109	0.0744558	0.190322	0.262901	0.196878	0.134446	1.60575	0.784882	1.14816
3000000	-20.58255	0	-20.58255	0.137111	0.0990296	0.165147	0.0793081	0.114893	0.327061	0.523336	0.533127	0.453957
3010000	-15.37141	0	-15.37141	0.189098	0.146336	0.104196	0.427888	0.0957031	0.112975	0.639282	0.715167	2.03035
3020000	-25.39104	0	-25.39104	0.105482	0.292101	0.152421	0.164523	0.134688	0.0289379	1.48968	1.81062	3.26782
3030000	-17.12876	0	-17.12876	0.161694	0.133557	0.202912	0.212578	0.257254	0.147639	0.861851	1.9796	2.45322
3040000	-20.55747	0	-20.55747	0.197675	0.154013	0.390339	0.320883	0.0753921	0.114022	1.1923	0.156004	0.57126
3050000	-15.12376	0	-15.12376	0.1376	0.101792	0.138439	0.29762	0.109685	0.160834	1.0161	2.03652	0.706148
3060000	-17.99004	0	-17.99004	0.116837	0.13151	0.175305	0.240864	0.163838	0.0895383	0.893246	1.79081	0.0670975
3070000	-24.685	0	-24.685	0.0686816	0.437577	0.11086	0.303561	0.281224	0.340464	2.37734	0.636037	0.945578
3080000	-23.83263	0	-23.83263	0.175911	0.0548971	0.131557	0.135432	0.124431	0.115439	0.634779	4.17763	0.060211
3090000	-18.0063	0	-18.0063	0.0502998	0.285358	0.270713	0.333464	0.126817	0.129898	4.16694	0.753037	0.916927
3100000	-22.48633	0	-22.48633	0.0507467	0.333098	0.110542	0.339017	0.117952	0.149967	2.844	0.341886	1.20082
3110000	-21.71881	0	-21.71881	0.251968	0.151326	0.16051	0.767135	0.0605448	0.0435236	1.59872	0.948171	1.15213
3120000	-20.48698	0	-20.48698	0.228208	0.390984	0.270062	0.175709	0.135135	0.0635505	1.37961	0.747187	1.64165
3130000	-23.53405	0	-23.53405	0.205525	0.0449478	0.146131	0.198539	0.0927475	0.0686427	2.84371	0.999659	0.0292578
3140000	-19.32625	0	-19.32625	0.123501	0.196975	0.266293	0.204666	0.0819753	0.171731	1.81852	0.620034	0.21872
3150000	-21.28758	0	-21.28758	0.205838	0.333958	0.0782559	0.292995	0.437879	0.125994	1.99205	1.225	0.835911
3160000	-22.87184	0	-22.87184	0.0969863	0.0635121	0.0804618	0.244438	0.126188	0.175569	0.634538	0.186924	0.0811062
3170000	-18.48244	0	-18.48244	0.143049	0.230947	0.184543	0.387321	0.0760711	0.132417	1.1938	1.24019	0.241765
3180000	-18.24249	0	-18.24249	0.0632849	0.125832	0.0824197	0.44383	0.126028	0.0715944	2.70019	0.292408	0.374298
3190000	-19.26867	0	-19.26867	0.182832	0.153872	0.0931192	0.369467	0.235206	0.0590764	1.02218	1.49394	0.41279
3200000	-16.23115	0	-16.23115	0.214124	0.12412	0.14501	0.197679	0.135674	0.0914571	2.17137	1.89995	0.298655
3210000	-22.85641	0	-22.85641	0.10776	0.219272	0.284515	0.222269	0.0782253	0.14356	2.90716	1.7057	1.13941
3220000	-21.70722	0	-21.70722	0.268299	0.116084	0.129903	0.353804	0.075849	0.185545	3.69047	3.62698	0.34944
3230000	-19.84688	0	-19.84688	0.050318	0.153345	0.263237	0.191592	0.155422	0.0903476	2.14795	0.42915	1.60882
3240000	-19.59994	0	-19.59994	0.0705354	0.08277	0.19073	0.128158	0.115262	0.154482	2.35852	1.42666	0.192116
3250000	-15.69902	0	-15.69902	0.09422	0.11728	0.118197	0.302188	0.12232	0.0601198	1.89004	2.25493	1.91211
3260000	-18.37408	0	-18.37408	0.156349	0.133264	0.113515	0.595238	0.147968	0.0932968	1.56389	1.1329	1.25963
3270000	-19.77735	0	-19.77735	0.130733	0.227708	0.416205	0.146571	0.196936	0.132659	1.14674	1.68923	2.08792
3280000	-17.13371	0	-17.13371	0.116674	0.154068	0.122173	0.31336	0.19285	0.169648	0.723834	1.48591	2.60188
3290000	-21.99614	0	-21.99614	0.309025	0.152895	0.176473	0.270047	0.0951978	0.259828	0.976264	4.10777	1.24498
3300000	-18.2929	0	-18.2929	0.0503572	0.15804	0.265973	0.22783	0.095176	0.178739	0.986244	2.59855	0.891834
3310000	-21.08758	0	-21.08758	0.251128	0.106772	0.268422	0.2985	0.231268	0.152164	2.93317	3.04649	0.263489
3320000	-17.29009	0	-17.29009	0.113709	0.239417	0.248139	0.247478	0.131162	0.1363	1.14314	1.20432	0.305266
3330000	-20.74306	0	-20.74306	0.0714334	0.146989	0.0804707	0.216225	0.150067	0.0982144	1.44725	0.618788	2.76961
3340000	-15.32316	0	-15.32316	0.0637636	0.102418	0.148793	0.171802	0.11013	0.120809	2.65049	0.482852	0.217239
3350000	-18.49197	0	-18.49197	0.0979867	0.159202	0.178133	0.561019	0.129371	0.146233	2.12656	0.655409	0.855711
3360000	-20.70864	0	-20.70864	0.221514	0.165744	0.0942943	0.397979	0.0639905	0.235756	0.794767	3.25302	0.0138469
3370000	-19.73426	0	-19.73426	0.0594191	0.141494	0.246073	0.241235	0.0841606	0.0932704	3.85332	0.242045	0.243223
3380000	-18.30112	0	-18.30112	0.0967911	0.108648	0.187082	0.437305	0.12701	0.0528657	2.6054	0.274878	0.395319
3390000	-17.79961	0	-17.79961	0.0654922	0.187686	0.0596594	0.135247	0.0745642	0.0467564	1.62219	0.286093	0.477024
3400000	-20.61054	0	-20.61054	0.091281	0.239838	0.169801	0.190972	0.25381	0.0471911	1.3673	0.576946	0.160427
3410000	-18.60163	0	-18.60163	0.0959175	0.167337	0.358988	0.345973	0.236177	0.140633	2.27652	0.998115	0.933401
3420000	-22.70936	0	-22.70936	0.255357	0.221981	0.32436	0.251482	0.232048	0.0609214	0.720489	1.20317	0.770518
3430000	-19.51565	0	-19.51565	0.0754166	0.0927309	0.461723	0.110555	0.132621	0.0957321	1.54232	1.17117	0.444275
3440000	-21.80761	0	-21.80761	0.146559	0.138351	0.101566	0.36828	0.123397	0.600407	1.39198	0.898006	2.45342
3450000	-18.3257	0	-18.3257	0.160299	0.286537	0.154082	0.475902	0.164414	0.137232	2.5751	1.31565	1.81601
3460000	-20.81653	0	-20.81653	0.114381	0.0806946	0.158175	0.139093	0.328424	0.100765	1.72056	1.21069	0.37858
3470000	-24.9863	0	-24.9863	0.279522	0.22653	0.115326	0.239266	0.189938	0.155215	3.28926	2.71572	0.0962932
3480000	-19.01064	0	-19.01064	0.254767	0.331985	0.126761	0.211242	0.08788	0.0721317	0.522821	0.903612	0.996318
3490000	-17.02541	0	-17.02541	0.0870558	0.14737	0.237184	0.412867	0.0877192	0.0916236	1.44685	0.68805	0.521263
3500000	-21.18058	0	-21.18058	0.0864832	0.146593	0.180112	0.141602	0.0896545	0.21392	0.514687	0.347738	0.0425462
3510000	-21.24813	0	-21.24813	0.358593	0.0983679	0.198504	0.172333	0.126835	0.0821806	1.11327	1.01179	4.64932
3520000	-18.77451	0	-18.77451	0.0877607	0.0819863	0.0927389	0.309136	0.188575	0.123006	2.49657	1.82925	0.221527
3530000	-14.01141	0	-14.01141	0.144885	0.0916803	0.169054	0.290192	0.168394	0.11573	1.11152	1.82867	0.322165
3540000	-19.04993	0	-19.04993	0.152043	0.0874445	0.14587	0.549071	0.0910714	0.0706441	1.25339	0.579915	1.37938
3550000	-23.18602	0	-23.18602	0.120779	0.0673649	0.215232	0.4379	0.203233	0.126587	3.84653	0.37098	0.211891
3560000	-24.58266	0	-24.58266	0.199097	0.0812833	0.248519	0.0924175	0.148967	0.206137	0.620177	1.57601	4.90997
3570000	-19.64895	0	-19.64895	0.132011	0.113287	0.15914	0.478212	0.0631907	0.0965446	0.337367	1.26455	1.64947
3580000	-21.35482	0	-21.35482	0.202511	0.180481	0.26514	0.39562	0.11842	0.0555022	2.72252	0.432688	0.107099
3590000	-21.77954	0	-21.77954	0.13565	0.18095	0.145197	0.162849	0.100146	0.278271	1.32266	0.960216	0.348791
3600000	-19.47782	0	-19.47782	0.344458	0.116002	0.147034	0.478678	0.161323	0.137154	1.10457	0.84633	1.37537
3610000	-14.60244	0	-14.60244	0.126827	0.174842	0.224424	0.202125	0.144002	0.0597423	1.19902	1.52074	0.330898
3620000	-18.40827	0	-18.40827	0.102987	0.0844518	0.22768	0.187061	0.0709855	0.0894209	2.34046	0.622157	0.0350229
3630000	-21.964	0	-21.964	0.329339	0.201148	0.106628	0.455433	0.111365	0.0742066	1.56896	0.468789	0.0280802
3640000	-15.04665	0	-15.04665	0.0817866	0.199953	0.187181	0.363396	0.106172	0.182771	1.04022	0.3374	1.09141
3650000	-16.64902	0	-16.64902	0.121527	0.114507	0.124984	0.194378	0.0824579	0.118489	1.49257	0.900894	0.0711111
3660000	-25.48008	0	-25.48008	0.0524379	0.121258	0.10931	0.737774	0.0319465	0.0499626	0.91379	1.70031	3.76055
3670000	-18.7714	0	-18.7714	0.12644	0.0994004	0.187977	0.341468	0.13099	0.137397	0.614086	2.17822	0.122347
3680000	-28.39173	0	-28.39173	0.268135	0.273402	0.11202	0.232189	0.0398545	0.0521194	3.28947	0.23742	0.089949
3690000	-16.57524	0	-16.57524	0.111144	0.103796	0.10114	0.164846	0.0895181	0.154037	1.13245	0.94612	0.173562
3700000	-19.17839	0	-19.17839	0.101751	0.0870383	0.0635879	0.183708	0.058426	0.0724256	1.10282	3.82549	0.200251
3710000	-21.03858	0	-21.03858	0.105613	0.0758629	0.169503	0.282621	0.187922	0.114603	1.89329	1.87096	0.803337
3720000	-21.42485	0	-21.42485	0.0629929	0.0706655	0.134759	0.374688	0.21319	0.0931895	1.10407	0.451834	0.0289054
3730000	-16.55389	0	-16.55389	0.142583	0.184453	0.144358	0.124309	0.154764	0.111285	0.503446	1.08603	3.16356
3740000	-26.37908	0	-26.37908	0.156228	0.249846	0.218401	0.894335	0.0904245	0.116671	3.36551	0.970354	1.44494
3750000	-20.52776	0	-20.52776	0.144327	0.103666	0.168465	0.34408	0.170791	0.0520723	4.15029	0.565426	0.0207473
3760000	-19.80319	0	-19.80319	0.0703782	0.298597	0.238558	0.128913	0.13595	0.109275	0.333073	0.515387	0.157446
3770000	-18.37497	0	-18.37497	0.128163	0.410405	0.344845	0.529269	0.0839465	0.160771	0.753669	1.15888	0.277576
3780000	-23.56202	0	-23.56202	0.104737	0.19326	0.283288	0.185664	0.301001	0.220386	0.31936	0.119486	0.0515533
3790000	-20.93778	0	-20.93778	0.0668037	0.274138	0.128238	0.17323	0.178474	0.0692452	2.28626	1.08279	2.19109
3800000	-25.8156	0	-25.8156	0.151785	0.121289	0.160746	0.168466	0.211381	0.325196	0.468271	1.67261	4.56981
3810000	-16.09203	0	-16.09203	0.090149	0.0909649	0.528721	0.174735	0.0745325	0.163432	1.29417	0.506151	0.679432
3820000	-16.8313	0	-16.8313	0.145895	0.141111	0.250953	0.356333	0.0894434	0.110276	2.20692	0.657699	0.0560027
3830000	-17.07472	0	-17.07472	0.171198	0.123869	0.160562	0.173956	0.156754	0.161239	0.732735	2.23419	0.637401
3840000	-23.28907	0	-23.28907	0.0677616	0.253493	0.106243	0.421262	0.161348	0.336325	3.2689	0.567772	0.358972
3850000	-14.76265	0	-14.76265	0.0839562	0.22885	0.203057	0.149669	0.151836	0.0739829	2.05168	0.719779	0.758359
3860000	-18.55344	0	-18.55344	0.0480774	0.0873487	0.182527	0.237768	0.0863866	0.0916453	1.0501	0.534249	0.0361361
3870000	-17.31133	0	-17.31133	0.162294	0.152285	0.152888	0.152777	0.0976951	0.222429	2.50492	0.983279	2.13859
3880000	-17.07268	0	-17.07268	0.124468	0.286867	0.204793	0.147335	0.0960005	0.148717	1.71689	1.0679	1.18312
3890000	-19.08317	0	-19.08317	0.227708	0.114274	0.198971	0.202173	0.107349	0.113144	1.37813	0.818502	2.34691
3900000	-20.2095	0	-20.2095	0.0904944	0.103558	0.331358	0.182884	0.112263	0.0935577	2.39577	0.648764	0.0539753
3910000	-19.9105	0	-19.9105	0.0662476	0.152506	0.208787	0.17655	0.10207	0.0546526	3.42916	2.84234	0.73318
3920000	-17.43461	0	-17.43461	0.138696	0.128618	0.088053	0.305371	0.172313	0.129806	3.51793	0.509407	0.204253
3930000	-22.36199	0	-22.36199	0.0517013	0.0892859	0.36524	0.250146	0.311963	0.157515	1.89738	0.821204	0.00587262
3940000	-19.3983	0	-19.3983	0.195482	0.175453	0.232622	0.308871	0.106646	0.172571	1.39117	1.08075	1.66716
3950000	-21.17232	0	-21.17232	0.0949998	0.0707924	0.346242	0.432642	0.159892	0.151483	1.16957	0.48886	2.1187
3960000	-24.56942	0	-24.56942	0.147275	0.355602	0.186581	0.449901	0.185144	0.269245	2.62577	0.585579	2.47076
3970000	-26.02684	0	-26.02684	0.0428983	0.115749	0.0599204	0.189418	0.105805	0.176477	2.08984	4.84212	4.92631
3980000	-20.48972	0	-20.48972	0.288154	0.125423	0.343021	0.209273	0.09646	0.288035	1.5041	0.788376	0.231474
3990000	-20.09655	0	-20.09655	0.146182	0.0697736	0.154457	0.248666	0.103944	0.372766	0.697209	0.891525	1.48158
4000000	-20.68233	0	-20.68233	0.165386	0.312869	0.327801	0.177874	0.246453	0.176581	1.09586	1.22968	1.01405
4010000	-17.17247	0	-17.17247	0.131256	0.512947	0.0885568	0.255358	0.0933474	0.146186	0.51628	1.93149	1.09029
4020000	-14.48997	0	-14.48997	0.0920286	0.179619	0.107312	0.479075	0.0873986	0.11427	2.56934	0.364394	0.727013
4030000	-21.06341	0	-21.06341	0.0885016	0.110322	0.520405	0.310333	0.0751237	0.16994	0.981715	0.340922	0.294738
4040000	-20.36371	0	-20.36371	0.119292	0.215269	0.341667	0.127956	0.224481	0.147282	1.75042	1.0566	0.29882
4050000	-17.67899	0	-17.67899	0.11484	0.110465	0.149597	0.36183	0.215537	0.208162	0.951655	2.26763	1.45878
4060000	-21.11446	0	-21.11446	0.212405	0.448558	0.210393	0.582373	0.136725	0.0871335	0.953985	1.25152	0.776641
4070000	-20.29705	0	-20.29705	0.120477	0.410208	0.159551	0.307838	0.0790666	0.0712018	1.27958	2.30289	0.831089
4080000	-19.57085	0	-19.57085	0.09126	0.150896	0.0891169	0.344934	0.22174	0.1034	0.530849	0.665701	0.319326
4090000	-20.64057	0	-20.64057	0.108955	0.182786	0.126809	0.451182	0.11996	0.100016	1.99101	5.18859	0.254566
4100000	-21.47206	0	-21.47206	0.12524	0.101289	0.186384	0.254653	0.0492641	0.0983733	2.07698	0.945648	0.977789
4110000	-17.19252	0	-17.19252	0.103033	0.0732457	0.218781	0.28953	0.230088	0.158582	1.26549	1.21189	0.809506
4120000	-18.38637	0	-18.38637	0.307427	0.166255	0.136465	0.209339	0.100468	0.112124	2.35109	1.12518	0.569342
4130000	-25.06633	0	-25.06633	0.211562	0.136033	0.361591	0.556955	0.137306	0.0459493	2.32429	0.704519	0.234937
4140000	-21.41384	0	-21.41384	0.204683	0.228518	0.112128	0.214064	0.372281	0.132893	2.34459	1.0707	0.579776
4150000	-19.92098	0	-19.92098	0.0812194	0.300891	0.141334	0.264973	0.160039	0.192464	0.649462	0.333805	1.7594
4160000	-20.39509	0	-20.39509	0.089058	0.174587	0.0706744	0.287898	0.111959	0.0991853	2.43353	1.16534	1.46037
4170000	-19.47079	0	-19.47079	0.122829	0.256402	0.0794407	0.285112	0.0939321	0.141324	0.802206	0.606974	0.473759
4180000	-22.86305	0	-22.86305	0.066428	0.256579	0.352241	0.119826	0.101139	0.0875547	2.15065	0.369972	0.90789
4190000	-20.49758	0	-20.49758	0.0763671	0.138639	0.59182	0.178739	0.0790277	0.0925438	0.986315	1.30068	0.267762
4200000	-21.76267	0	-21.76267	0.125046	0.102245	0.112575	0.467198	0.434114	0.0954682	1.68328	2.6535	0.0395298
4210000	-16.94169	0	-16.94169	0.135103	0.176179	0.278114	0.357301	0.130143	0.151404	2.85235	0.50468	0.167254
4220000	-18.48256	0	-18.48256	0.0959141	0.0852459	0.193092	0.234453	0.129372	0.0981237	3.28142	0.790738	0.0333578
4230000	-15.166	0	-15.166	0.0494027	0.153204	0.206008	0.253377	0.0851131	0.165942	1.08323	1.09515	2.17951
4240000	-26.02261	0	-26.02261	0.334635	0.416408	0.25545	0.463822	0.102902	0.174444	2.1203	0.854496	0.374349
4250000	-14.0858	0	-14.0858	0.0721078	0.137177	0.160793	0.227896	0.104396	0.0789794	1.20562	1.16091	0.615656
4260000	-15.06875	0	-15.06875	0.13789	0.0759628	0.12797	0.325659	0.0918366	0.140279	0.553013	0.395134	0.550952
4270000	-23.92049	0	-23.92049	0.0835044	0.0264485	0.156343	0.241219	0.158586	0.136428	2.25933	4.55079	1.81672
4280000	-19.03108	0	-19.03108	0.134223	0.0982304	0.198147	0.134867	0.197704	0.123535	2.29231	0.681776	0.390313
4290000	-17.6258	0	-17.6258	0.0748461	0.136462	0.110981	0.340925	0.266651	0.154387	1.09364	0.971063	0.986151
4300000	-17.29997	0	-17.29997	0.214878	0.0910938	0.120059	0.332235	0.144709	0.0455157	1.34797	2.00321	0.229573
4310000	-16.25165	0	-16.25165	0.201641	0.1723	0.114776	0.302058	0.0716988	0.190908	0.937973	2.51209	1.82541
4320000	-17.62604	0	-17.62604	0.0442586	0.316487	0.132756	0.151942	0.0974398	0.0640498	0.615594	3.13863	1.49912
4330000	-19.39337	0	-19.39337	0.229226	0.135182	0.27375	0.334759	0.163316	0.171477	1.43957	0.484052	3.93776
4340000	-19.32701	0	-19.32701	0.204099	0.163559	0.34767	0.318825	0.179823	0.135584	1.82383	1.54652	0.172251
4350000	-17.82254	0	-17.82254	0.117548	0.122137	0.127604	0.163151	0.14612	0.122561	1.84213	1.74068	0.304606
4360000	-19.57168	0	-19.57168	0.11249	0.256053	0.15837	0.815502	0.118426	0.121515	0.836744	1.94206	0.142329
4370000	-19.76095	0	-19.76095	0.18293	0.144032	0.157865	0.300625	0.0419965	0.0707724	0.622004	1.60782	0.865466
4380000	-20.32223	0	-20.32223	0.0827566	0.214846	0.397077	0.112284	0.183013	0.172577	1.36032	3.79814	1.24507
4390000	-15.28571	0	-15.28571	0.139479	0.0869902	0.209634	0.124022	0.155746	0.0965965	0.853147	0.389607	0.258302
4400000	-17.04813	0	-17.04813	0.209916	0.197803	0.111134	0.248542	0.0793062	0.0698395	1.28391	0.397418	0.363595
4410000	-21.43833	0	-21.43833	0.380605	0.125231	0.120355	0.314934	0.123182	0.108727	1.12368	0.23967	0.353368
4420000	-24.09083	0	-24.09083	0.34782	0.231329	0.0532978	0.137602	0.109012	0.0422063	1.48171	2.80955	1.25821
4430000	-21.0888	0	-21.0888	0.124183	0.0659775	0.193618	0.443504	0.111809	0.03518	2.25358	2.97584	0.10029
4440000	-20.91469	0	-20.91469	0.0994296	0.265753	0.194657	0.304908	0.125911	0.168283	2.16156	1.91099	0.0277963
4450000	-19.18634	0	-19.18634	0.115155	0.285405	0.116163	0.182845	0.037127	0.230255	0.601347	0.813297	2.00725
4460000	-19.69238	0	-19.69238	0.0844582	0.278876	0.249984	0.108263	0.153732	0.0737772	2.41933	4.27867	0.472341
4470000	-23.04495	0	-23.04495	0.22772	0.121374	0.113986	0.0974252	0.0947437	0.164606	1.46185	0.414461	0.323912
4480000	-17.8016	0	-17.8016	0.16521	0.122885	0.474252	0.234629	0.0749679	0.187248	0.571787	0.116438	0.190195
4490000	-16.5187	0	-16.5187	0.123563	0.21737	0.315602	0.262859	0.135933	0.0854308	1.49989	1.41303	0.629218
4500000	-19.13234	0	-19.13234	0.162331	0.102389	0.126353	0.660465	0.136157	0.132916	1.87285	0.780155	0.24327
4510000	-23.58773	0	-23.58773	0.169899	0.0915062	0.195197	0.217525	0.493364	0.0513787	0.666629	1.73515	0.233229
4520000	-19.99696	0	-19.99696	0.0380981	0.268754	0.135115	0.280511	0.0767657	0.0502187	1.54918	1.25353	2.07674
4530000	-20.40827	0	-20.40827	0.15849	0.148434	0.12832	0.189513	0.154491	0.211782	2.23409	4.8097	1.44134
4540000	-20.29196	0	-20.29196	0.164006	0.116012	0.157229	0.195798	0.0724176	0.13338	2.13672	2.16281	0.400331
4550000	-22.22136	0	-22.22136	0.128181	0.115063	0.128254	0.627417	0.0881278	0.0783592	2.50784	4.83892	0.479814
4560000	-16.28304	0	-16.28304	0.0844459	0.228593	0.218123	0.195529	0.173309	0.0962485	2.33244	0.308836	0.516855
4570000	-19.13474	0	-19.13474	0.1467	0.0936223	0.078475	0.27054	0.139219	0.162301	5.43906	0.967558	0.375062
4580000	-20.50509	0	-20.50509	0.064489	0.144442	0.139036	0.287539	0.148906	0.135498	3.28356	1.12757	0.216347
4590000	-22.88134	0	-22.88134	0.0442345	0.408792	0.132825	0.564934	0.220726	0.146893	0.696373	0.178201	0.493403
4600000	-17.78273	0	-17.78273	0.0959381	0.172545	0.194524	0.203696	0.260616	0.0705577	0.465304	0.558462	1.56899
4610000	-19.1535	0	-19.1535	0.201023	0.234711	0.195795	0.146318	0.12139	0.0783534	1.18415	0.178474	1.23305
4620000	-24.46354	0	-24.46354	0.0734298	0.227323	0.0570591	0.336299	0.143864	0.0403159	2.07543	3.53669	1.21723
4630000	-19.74816	0	-19.74816	0.12209	0.107143	0.151456	0.194433	0.145299	0.0883064	1.56772	0.517672	0.285801
4640000	-23.16652	0	-23.16652	0.131568	0.128801	0.0946853	0.517766	0.215945	0.0897822	0.850517	0.177475	0.843402
4650000	-23.25248	0	-23.25248	0.166824	0.712786	0.149271	0.339061	0.105489	0.157959	3.94538	2.00941	0.578899
4660000	-22.32629	0	-22.32629	0.0264093	0.26048	0.0540138	0.279192	0.177862	0.0818077	2.01791	0.644907	0.602757
4670000	-20.53749	0	-20.53749	0.110399	0.233719	0.162279	0.326464	0.187481	0.111156	4.44718	1.07691	1.5792
4680000	-21.63167	0	-21.63167	0.399818	0.215685	0.20168	0.16665	0.21815	0.229656	0.679113	0.49814	0.355251
4690000	-20.125	0	-20.125	0.158309	0.528212	0.303184	0.247785	0.228183	0.10794	0.839763	0.565248	1.41802
4700000	-18.0906	0	-18.0906	0.14881	0.069322	0.120759	0.247725	0.143596	0.157295	2.25775	0.330215	0.106777
4710000	-21.19764	0	-21.19764	0.109086	0.105667	0.189589	0.385771	0.115002	0.114871	1.20663	0.391982	0.211235
4720000	-20.76831	0	-20.76831	0.0783621	0.402764	0.158457	0.448893	0.200284	0.10934	2.1418	0.359339	0.873124
4730000	-17.75332	0	-17.75332	0.137186	0.17649	0.23085	0.373057	0.164088	0.129477	0.770063	2.68824	1.38458
4740000	-14.76617	0	-14.76617	0.195784	0.0765233	0.177798	0.276879	0.0719219	0.198037	1.82329	0.423482	0.636489
4750000	-18.05965	0	-18.05965	0.0378284	0.305561	0.153752	0.240092	0.0759919	0.128778	0.787504	0.675656	0.305161
4760000	-20.17381	0	-20.17381	0.0374571	0.122697	0.0759163	0.164361	0.106822	0.0639393	1.28233	0.557799	0.0969164
4770000	-23.25224	0	-23.25224	0.0568967	0.270759	0.0982518	0.295901	0.110704	0.0918296	3.07858	1.00019	0.0495932
4780000	-26.37852	0	-26.37852	0.197115	0.039324	0.479364	0.146642	0.0931669	0.139866	1.46002	0.435369	0.534544
4790000	-18.38539	0	-18.38539	0.138873	0.137026	0.087819	0.156642	0.09678	0.0352446	0.568953	0.622095	0.635183
4800000	-18.46644	0	-18.46644	0.163982	0.12907	0.127918	0.398331	0.166638	0.111943	0.594953	0.703684	0.461927
4810000	-22.99694	0	-22.99694	0.152461	0.170867	0.268249	0.297467	0.157741	0.223636	3.44365	0.532239	1.60426
4820000	-21.43324	0	-21.43324	0.118614	0.193194	0.101236	0.235152	0.127863	0.122621	0.183611	2.20119	1.04191
4830000	-17.88981	0	-17.88981	0.224269	0.160595	0.24629	0.278847	0.157447	0.0774344	0.828078	0.743948	1.43373
4840000	-17.06123	0	-17.06123	0.180782	0.267377	0.177139	0.279212	0.0769144	0.113434	1.81408	1.30521	0.129289
4850000	-19.65794	0	-19.65794	0.27288	0.214703	0.215385	0.310988	0.124658	0.0779772	4.57818	1.70545	0.168274
4860000	-16.19507	0	-16.19507	0.112986	0.191103	0.0946677	0.217048	0.118578	0.0865196	1.59498	0.659167	1.24426
4870000	-18.65218	0	-18.65218	0.0996008	0.178395	0.359989	0.251133	0.126571	0.124582	0.850531	1.07339	0.251525
4880000	-21.16839	0	-21.16839	0.16724	0.269594	0.138647	0.785743	0.185245	0.0899255	3.87175	0.912855	1.01544
4890000	-24.4725	0	-24.4725	0.105843	0.104686	0.184868	0.255755	0.0516515	0.0340027	3.18302	1.10812	0.224315
4900000	-16.14656	0	-16.14656	0.118842	0.250817	0.0780621	0.235638	0.0993034	0.136169	0.670413	1.12607	0.524083
4910000	-22.11083	0	-22.11083	0.253346	0.11602	0.573962	0.405303	0.149154	0.238243	1.36696	0.977991	0.326146
4920000	-24.01065	0	-24.01065	0.146284	0.902175	0.180994	0.328687	0.12338	0.0880188	0.331168	0.572162	1.32335
4930000	-22.29722	0	-22.29722	0.0900652	0.142219	0.0383926	0.404522	0.125045	0.110101	2.1883	1.84239	0.15775
4940000	-21.79658	0	-21.79658	0.113426	0.28513	0.292353	0.144483	0.265182	0.0643262	1.73305	0.916453	0.874244
4950000	-24.42305	0	-24.42305	0.13606	0.101065	0.249861	0.184553	0.348915	0.21191	1.50815	0.186455	0.421449
4960000	-24.46794	0	-24.46794	0.224084	0.206509	0.18758	0.125995	0.355661	0.121229	2.91354	4.53144	0.488364
4970000	-18.50239	0	-18.50239	0.0879383	0.0569171	0.362201	0.182838	0.104605	0.117186	1.3105	0.436837	1.2787
4980000	-19.83818	0	-19.83818	0.248915	0.265248	0.0715928	0.236251	0.136229	0.17285	1.26325	0.531089	0.911911
4990000	-20.30415	0	-20.30415	0.220584	0.110448	0.179056	0.373752	0.143829	0.103303	0.707409	0.711996	1.65909
5000000	-20.76044	0	-20.76044	0.214671	0.135479	0.11007	0.165972	0.104185	0.0728237	0.859104	5.0271	0.09055
