Iteration	Posterior	Likelihood	Prior	lambda[1]	lambda[2]	lambda[3]	mu[1]	mu[2]	mu[3]	psi[1]	psi[2]	psi[3]
0	-38.14167	0	-38.14167	0.0412186	0.159345	0.186872	0.144545	0.117792	0.111915	0.103184	0.693383	0.195945
10000	-33.76012	0	-33.76012	0.154013	0.16397	0.2411	0.5177	0.0645179	0.146056	0.252386	0.18973	1.95468
20000	-30.37422	0	-30.37422	0.109256	0.174848	0.201403	0.0716561	0.0881752	0.133222	0.998895	0.804932	2.62247
30000	-30.13549	0	-30.13549	0.12382	0.173058	0.187003	0.116478	0.173135	0.294284	1.88295	0.270586	1.94586
40000	-29.07452	0	-29.07452	0.0592972	0.19609	0.166845	0.355775	0.175529	0.0818632	0.992687	2.14358	0.321544
50000	-27.29407	0	-27.29407	0.119504	0.175545	0.202575	0.245862	0.186221	0.116466	1.58864	0.578695	0.566942
60000	-28.61272	0	-28.61272	0.0506455	0.262823	0.247616	0.236054	0.144844	0.160638	0.828196	0.783767	0.0733568
70000	-30.06427	0	-30.06427	0.107593	0.319632	0.113957	0.414391	0.100883	0.161951	1.43503	0.100284	1.41629
80000	-29.26552	0	-29.26552	0.134883	0.111041	0.141727	0.44244	0.0719205	0.115264	4.06726	0.580868	0.189149
90000	-28.20424	0	-28.20424	0.167553	0.236127	0.135859	0.595285	0.152612	0.0547577	1.9818	0.491129	1.58392
100000	-27.03151	0	-27.03151	0.104439	0.259719	0.221933	0.384906	0.159514	0.0477449	1.44711	0.386634	0.992771
110000	-27.16054	0	-27.16054	0.0750844	0.211913	0.36858	0.259186	0.0583807	0.152887	0.696657	0.33563	0.440393
120000	-35.336	0	-35.336	0.102676	0.127223	0.061691	0.267185	0.117482	0.0978072	1.23479	1.33084	0.0408366
130000	-31.29996	0	-31.29996	0.205249	0.187816	0.234565	0.190971	0.255002	0.079805	0.755732	2.36925	1.57694
140000	-26.61149	0	-26.61149	0.0849869	0.104325	0.232392	0.224744	0.140913	0.17334	2.27968	0.233382	0.261353
150000	-31.41187	0	-31.41187	0.0851637	0.0605105	0.397382	0.328341	0.121105	0.206073	1.53704	0.372918	0.258718
160000	-29.35214	0	-29.35214	0.188056	0.0869458	0.222612	0.127266	0.14386	0.0494385	3.87563	1.94804	0.309313
170000	-30.60175	0	-30.60175	0.0543711	0.350699	0.400228	0.179827	0.280647	0.166818	2.24606	0.829063	1.4698
180000	-34.45042	0	-34.45042	0.107232	0.163998	0.131569	0.0878495	0.212166	0.12954	0.702303	0.505152	0.677948
190000	-30.36718	0	-30.36718	0.148979	0.149849	0.0966391	0.545098	0.0742042	0.18921	0.624556	0.762456	2.02437
200000	-35.61056	0	-35.61056	0.0351062	0.135089	0.307381	0.357879	0.243102	0.044597	0.547846	0.244359	1.38425
210000	-28.37738	0	-28.37738	0.111489	0.0861422	0.123532	0.781048	0.0509514	0.107374	2.62626	0.458823	0.852358
220000	-29.00554	0	-29.00554	0.229588	0.286093	0.144369	0.261081	0.15366	0.208167	0.967591	2.05644	1.68805
230000	-29.57269	0	-29.57269	0.143185	0.290492	0.124891	0.459391	0.14875	0.104114	2.33553	2.77982	0.387316
240000	-27.7882	0	-27.7882	0.101338	0.093376	0.196632	0.151291	0.0810005	0.0324531	1.05746	0.543881	0.206687
250000	-28.2618	0	-28.2618	0.271853	0.202951	0.161921	0.258182	0.0348927	0.154775	0.404924	0.400304	1.88505
260000	-28.92609	0	-28.92609	0.125027	0.117219	0.143911	0.199555	0.126843	0.0893604	0.511021	0.325917	0.884364
270000	-29.31677	0	-29.31677	0.212443	0.259761	0.23217	0.304862	0.106083	0.10592	2.04787	0.978497	0.987417
280000	-25.73023	0	-25.73023	0.114527	0.254022	0.28535	0.235657	0.115398	0.192177	1.65318	0.607309	0.551284
290000	-24.67408	0	-24.67408	0.2079	0.0931427	0.0972755	0.265926	0.0896867	0.1604	1.26783	1.0259	1.03881
300000	-26.02733	0	-26.02733	0.076614	0.110279	0.274876	0.280618	0.118671	0.0811779	0.522182	0.289775	0.313036
310000	-27.04204	0	-27.04204	0.304492	0.162678	0.150762	0.285638	0.186098	0.192021	3.55177	0.300408	1.2925
320000	-26.54321	0	-26.54321	0.121901	0.209597	0.160256	0.167645	0.152513	0.0663641	1.01499	2.91837	0.768941
330000	-28.22935	0	-28.22935	0.226421	0.208336	0.227332	0.396348	0.112088	0.102416	0.375751	2.98212	0.614665
340000	-29.73118	0	-29.73118	0.0370984	0.181878	0.234571	0.464095	0.0600851	0.171301	2.10359	0.389845	0.547862
350000	-27.17477	0	-27.17477	0.0466322	0.178145	0.179532	0.398715	0.0691045	0.084828	2.04459	0.312495	0.345941
360000	-32.1687	0	-32.1687	0.198261	0.0636277	0.177619	0.151729	0.256715	0.0474048	1.146	0.474373	0.150324
370000	-25.62459	0	-25.62459	0.0682599	0.297815	0.231981	0.225621	0.108737	0.123799	0.838034	0.223317	1.90446
380000	-25.80084	0	-25.80084	0.110756	0.209077	0.14687	0.315928	0.0774707	0.0914444	2.22103	0.479944	0.792784
390000	-27.37897	0	-27.37897	0.228492	0.193945	0.242691	0.336542	0.107019	0.216144	0.89809	0.554156	2.87399
400000	-28.25727	0	-28.25727	0.10475	0.279562	0.1727	0.247781	0.0970362	0.254516	2.0837	0.342028	0.72064
410000	-33.51069	0	-33.51069	0.254598	0.158426	0.277221	0.375752	0.291425	0.0800552	1.47494	0.207614	0.469759
420000	-30.60871	0	-30.60871	0.136015	0.0445996	0.191116	0.211385	0.103211	0.194334	0.979205	1.37749	0.307016
430000	-28.21298	0	-28.21298	0.0742605	0.0749382	0.14292	0.413259	0.115183	0.101707	0.475998	0.611659	0.409787
440000	-30.06042	0	-30.06042	0.0617479	0.120053	0.131697	0.37802	0.0813946	0.172148	1.79939	0.547334	0.0916621
450000	-28.53749	0	-28.53749	0.104029	0.202255	0.199365	0.310809	0.100629	0.122179	1.30019	0.532108	0.142146
460000	-32.74648	0	-32.74648	0.0543019	0.077841	0.138036	0.38851	0.0617688	0.0957915	1.91913	1.12715	0.202977
470000	-27.20294	0	-27.20294	0.295956	0.130504	0.179094	0.256558	0.179242	0.117918	1.33448	0.811784	1.44575
480000	-26.77004	0	-26.77004	0.183887	0.157899	0.213376	0.52631	0.124224	0.0723657	0.827555	0.515484	0.581701
490000	-26.98684	0	-26.98684	0.170242	0.193314	0.257448	0.311393	0.0880315	0.181531	1.83313	0.455277	1.35084
500000	-27.71124	0	-27.71124	0.172044	0.190948	0.183216	0.165062	0.221457	0.177815	1.95664	0.444449	0.770269
510000	-32.01037	0	-32.01037	0.0387619	0.151216	0.520204	0.342023	0.0717182	0.0987166	2.56351	0.513049	0.154745
520000	-25.41023	0	-25.41023	0.106418	0.298722	0.12172	0.316396	0.0794359	0.186858	1.41761	0.8296	0.508056
530000	-27.10581	0	-27.10581	0.301494	0.269802	0.102254	0.314852	0.100318	0.0553799	2.08446	0.734066	1.08033
540000	-26.6353	0	-26.6353	0.155018	0.0838955	0.199034	0.562307	0.112885	0.156002	1.07544	2.76999	0.798125
550000	-30.31531	0	-30.31531	0.215598	0.066554	0.138124	0.339508	0.0834915	0.19704	1.20381	0.6181	0.338166
560000	-24.89214	0	-24.89214	0.151593	0.220959	0.200832	0.302794	0.0970698	0.127079	1.82423	0.351303	0.718807
570000	-26.53543	0	-26.53543	0.0869467	0.185319	0.20787	0.212588	0.108244	0.0972556	1.45472	0.178416	0.215689
580000	-27.19505	0	-27.19505	0.137689	0.130809	0.167066	0.197239	0.0718114	0.105604	0.818697	0.302125	0.0664088
590000	-26.80322	0	-26.80322	0.105762	0.192448	0.219118	0.432706	0.0719216	0.0440881	0.836447	0.301142	0.364385
600000	-26.79628	0	-26.79628	0.183873	0.121414	0.113276	0.165314	0.166602	0.13592	0.538643	0.288437	0.272681
610000	-28.62661	0	-28.62661	0.123142	0.195606	0.158608	0.132057	0.084287	0.0745859	2.2095	0.262283	0.192082
620000	-33.51803	0	-33.51803	0.145451	0.167572	0.132414	0.299472	0.0924354	0.0993462	0.801787	1.39919	0.0998158
630000	-28.91041	0	-28.91041	0.163828	0.143766	0.253789	0.22707	0.0685724	0.230558	1.69412	0.602173	0.36872
640000	-27.71551	0	-27.71551	0.127899	0.211298	0.108752	0.296368	0.125612	0.14185	1.10575	1.3095	0.500604
650000	-33.69005	0	-33.69005	0.167478	0.0944139	0.152832	0.311267	0.0358717	0.0397682	1.48028	1.54323	1.00367
660000	-25.49105	0	-25.49105	0.0872733	0.0900026	0.197227	0.406886	0.0787548	0.12134	1.69268	0.726427	0.418785
670000	-29.43147	0	-29.43147	0.182008	0.159315	0.171464	0.339284	0.346953	0.125653	1.98082	1.32342	1.25075
680000	-29.10945	0	-29.10945	0.205257	0.280274	0.193726	0.506968	0.0983182	0.131638	1.58991	0.868965	0.823186
690000	-29.18207	0	-29.18207	0.0917373	0.182732	0.225671	0.240133	0.167646	0.0815711	0.471115	0.385642	0.393906
700000	-27.64674	0	-27.64674	0.0954741	0.0814738	0.0938966	0.270028	0.108883	0.0735019	1.2699	0.34856	0.350798
710000	-28.39359	0	-28.39359	0.10791	0.205902	0.257272	0.341433	0.112532	0.243451	0.616538	0.434311	0.865002
720000	-27.71104	0	-27.71104	0.158501	0.0835619	0.123559	0.18948	0.0856429	0.0967757	0.78534	0.555547	0.397942
730000	-24.02086	0	-24.02086	0.107569	0.186719	0.290419	0.328022	0.0702598	0.115759	1.75767	0.972302	0.401909
740000	-25.05402	0	-25.05402	0.0926277	0.107655	0.247872	0.330532	0.0760729	0.138881	0.918313	0.356186	0.112248
750000	-30.83205	0	-30.83205	0.0907792	0.120972	0.179428	0.383783	0.212227	0.24004	5.73744	0.881846	0.982807
760000	-26.06232	0	-26.06232	0.0646825	0.209714	0.189638	0.230037	0.224981	0.0833404	3.10281	0.60516	0.918569
770000	-31.9618	0	-31.9618	0.20653	0.0936969	0.134557	0.713377	0.126972	0.0949021	3.60213	1.63026	0.526707
780000	-29.3347	0	-29.3347	0.186184	0.0713455	0.124584	0.282415	0.195623	0.0915312	1.94144	1.38787	0.987318
790000	-27.94154	0	-27.94154	0.19481	0.11185	0.211595	0.183986	0.170935	0.29312	1.56933	0.851169	0.506314
800000	-30.84904	0	-30.84904	0.0691392	0.256295	0.129805	0.38067	0.193177	0.0941482	0.564236	2.45335	0.927765
810000	-28.73598	0	-28.73598	0.180374	0.114389	0.382766	0.377515	0.168036	0.0882928	0.66447	0.394278	0.875578
820000	-24.08504	0	-24.08504	0.165046	0.147646	0.286348	0.286077	0.11074	0.078862	0.858911	0.931706	0.870907
830000	-24.40411	0	-24.40411	0.0800869	0.13244	0.332716	0.300339	0.142093	0.111197	0.764802	0.350547	0.454232
840000	-27.83422	0	-27.83422	0.113221	0.143066	0.228203	0.41908	0.0636473	0.11443	1.10703	0.16595	0.394275
850000	-28.06517	0	-28.06517	0.249527	0.0704708	0.329873	0.28806	0.168615	0.219054	1.53754	0.513164	0.353976
860000	-25.34142	0	-25.34142	0.108186	0.268011	0.0974023	0.242549	0.208584	0.278512	0.869368	0.23873	0.773752
870000	-28.90228	0	-28.90228	0.0406382	0.0628633	0.10732	0.189355	0.18978	0.102717	0.290487	1.08225	0.773889
880000	-30.6627	0	-30.6627	0.237628	0.291136	0.115906	0.167141	0.225483	0.175819	0.302183	1.32175	1.05101
890000	-26.67371	0	-26.67371	0.0748385	0.106584	0.128024	0.344256	0.129262	0.258364	1.34741	0.533475	0.930908
900000	-26.96765	0	-26.96765	0.195846	0.116589	0.266584	0.112132	0.139765	0.171142	0.609411	0.346659	1.21569
910000	-31.62221	0	-31.62221	0.251893	0.0570415	0.0540052	0.323057	0.193084	0.0959204	1.29922	2.71219	0.561553
920000	-31.19158	0	-31.19158	0.201074	0.186838	0.121921	0.372556	0.354798	0.113335	1.35354	0.659046	0.333503
930000	-26.28342	0	-26.28342	0.0873022	0.140213	0.126673	0.42676	0.0565131	0.207658	0.816839	0.20345	0.847613
940000	-33.90732	0	-33.90732	0.164485	0.21608	0.16972	0.243184	0.264101	0.160747	0.986189	0.351146	0.891878
950000	-26.03201	0	-26.03201	0.151727	0.163447	0.245122	0.243286	0.0588791	0.149077	0.756636	0.936244	1.15936
960000	-35.3848	0	-35.3848	0.0635247	0.453449	0.121024	0.449289	0.185598	0.28016	0.918909	1.17434	0.602611
970000	-26.93061	0	-26.93061	0.151009	0.313687	0.101237	0.474715	0.0655967	0.197931	1.10583	0.451737	1.16579
980000	-25.99618	0	-25.99618	0.065152	0.0637065	0.213021	0.354478	0.0907223	0.113797	3.09598	0.274423	1.11757
990000	-30.26452	0	-30.26452	0.171059	0.10311	0.177281	0.174579	0.0795413	0.169579	1.48817	0.267218	0.230895
1000000	-22.64643	0	-22.64643	0.137942	0.101939	0.383684	0.268267	0.106627	0.176154	2.07582	0.404356	0.458321
1010000	-32.02678	0	-32.02678	0.0336901	0.177591	0.0809063	0.228072	0.0686216	0.19957	2.10263	0.809862	0.624479
1020000	-30.6178	0	-30.6178	0.0685708	0.219866	0.14891	0.30493	0.188001	0.203863	0.819572	0.12117	1.59224
1030000	-29.13221	0	-29.13221	0.213686	0.170372	0.220875	0.15053	0.0790808	0.123007	1.05529	0.678407	1.00878
1040000	-28.33432	0	-28.33432	0.125953	0.265203	0.0842962	0.209393	0.0687212	0.205564	0.864981	0.342689	0.594881
1050000	-27.19845	0	-27.19845	0.085123	0.0816641	0.472024	0.296916	0.0653125	0.117726	1.47253	2.00451	1.20594
1060000	-26.58115	0	-26.58115	0.0813462	0.0683836	0.133538	0.377531	0.0911983	0.159511	1.9745	0.204824	1.76216
1070000	-25.51893	0	-25.51893	0.157834	0.111988	0.126044	0.318818	0.0663207	0.191526	0.974968	0.36361	0.407164
1080000	-27.77655	0	-27.77655	0.231952	0.157687	0.124279	0.560645	0.235553	0.186186	0.715666	0.480446	0.687789
1090000	-29.75647	0	-29.75647	0.083775	0.260266	0.456509	0.28565	0.189605	0.0884318	0.852055	0.61524	0.306151
1100000	-35.89497	0	-35.89497	0.338735	0.0845036	0.164303	0.322172	0.247642	0.054372	1.60636	0.11224	0.0321808
1110000	-29.47151	0	-29.47151	0.107092	0.160165	0.137246	0.320742	0.0712049	0.146506	0.636567	4.87139	0.155634
1120000	-28.35587	0	-28.35587	0.108487	0.116533	0.150455	0.228069	0.141596	0.171901	1.22363	0.187142	0.777832
1130000	-37.59766	0	-37.59766	0.139807	0.135285	0.124948	0.250648	0.245809	0.0719104	1.59977	0.105873	0.0793357
1140000	-27.97521	0	-27.97521	0.25471	0.383079	0.135579	0.279038	0.131354	0.204312	0.329551	0.8715	0.17852
1150000	-26.58749	0	-26.58749	0.115681	0.201607	0.158437	0.34005	0.172325	0.105483	1.46456	0.176187	0.57206
1160000	-29.37982	0	-29.37982	0.143888	0.161658	0.0971803	0.514504	0.086107	0.125996	0.767835	0.495321	0.159738
1170000	-28.60323	0	-28.60323	0.203363	0.202511	0.191272	0.244669	0.0957901	0.0893777	5.99079	2.17195	1.39582
1180000	-31.98978	0	-31.98978	0.0945332	0.287669	0.321178	0.388032	0.0786649	0.288322	2.14654	0.542837	0.545817
1190000	-25.62589	0	-25.62589	0.0875562	0.105622	0.22506	0.255844	0.0682306	0.0947965	1.96844	1.11117	2.14179
1200000	-24.74442	0	-24.74442	0.200826	0.114469	0.259192	0.200067	0.104171	0.169382	2.12918	1.26634	1.2767
1210000	-26.64261	0	-26.64261	0.0593643	0.242137	0.295573	0.270262	0.0857761	0.181677	0.751547	0.71301	0.907413
1220000	-26.77966	0	-26.77966	0.178852	0.202793	0.112099	0.131681	0.121889	0.176754	0.456638	2.9643	0.880611
1230000	-29.5431	0	-29.5431	0.310551	0.346008	0.162808	0.316494	0.108425	0.151257	0.595127	0.589949	1.19066
1240000	-27.33551	0	-27.33551	0.0934203	0.111739	0.175302	0.304531	0.153373	0.136638	1.80028	1.42609	1.81667
1250000	-27.735	0	-27.735	0.143091	0.239718	0.0558736	0.176014	0.106817	0.0525271	0.47905	0.516678	0.841582
1260000	-31.47336	0	-31.47336	0.146547	0.391435	0.147408	0.117121	0.0827421	0.125538	0.859672	0.634664	1.9546
1270000	-28.88354	0	-28.88354	0.0694883	0.156823	0.317421	0.232616	0.0996712	0.209949	1.7094	0.393663	0.976811
1280000	-28.20732	0	-28.20732	0.0841052	0.304167	0.132586	0.606021	0.111099	0.115704	2.8287	2.25508	0.313928
1290000	-30.40708	0	-30.40708	0.104006	0.152817	0.130486	0.34261	0.17618	0.142702	0.771159	0.386101	0.494488
1300000	-25.20116	0	-25.20116	0.119376	0.151963	0.165735	0.24565	0.100892	0.19707	1.78857	0.188499	1.6396
1310000	-29.22914	0	-29.22914	0.159621	0.339476	0.293697	0.205093	0.181356	0.292258	0.768903	0.594431	0.993912
1320000	-25.17311	0	-25.17311	0.06594	0.391936	0.119147	0.282167	0.141864	0.069325	2.19947	0.704268	0.655251
1330000	-27.25613	0	-27.25613	0.0919701	0.132705	0.107966	0.350684	0.0715126	0.100092	0.501932	0.81138	0.521213
1340000	-35.01039	0	-35.01039	0.258766	0.0795632	0.284341	0.142526	0.311385	0.0888812	1.56755	0.821414	0.0800411
1350000	-29.72345	0	-29.72345	0.0857422	0.252859	0.13574	0.270177	0.260678	0.201375	2.4684	0.445745	2.32549
1360000	-28.50392	0	-28.50392	0.10566	0.133539	0.066989	0.285214	0.0517277	0.0754246	1.70818	0.598455	1.95275
1370000	-32.21228	0	-32.21228	0.065449	0.132814	0.153759	0.121527	0.0787714	0.149533	0.613381	2.58686	1.22858
1380000	-28.38085	0	-28.38085	0.258648	0.230312	0.197419	0.249527	0.114762	0.0902888	0.667222	0.681817	0.82396
1390000	-29.80231	0	-29.80231	0.0838343	0.206505	0.137939	0.45817	0.114309	0.171104	0.473552	3.27046	0.243408
1400000	-31.43714	0	-31.43714	0.127364	0.175379	0.133356	0.294668	0.0784015	0.113089	5.21125	0.508982	1.46984
1410000	-28.7281	0	-28.7281	0.117916	0.231083	0.282555	0.142965	0.133503	0.199616	2.07331	0.628436	0.51156
1420000	-29.84601	0	-29.84601	0.0934838	0.13079	0.300692	0.193122	0.0572991	0.122365	2.58939	0.972343	0.0553271
1430000	-29.22377	0	-29.22377	0.163828	0.344086	0.168397	0.276442	0.124395	0.17719	0.454521	1.83427	0.234204
1440000	-28.16924	0	-28.16924	0.189051	0.0751843	0.15103	0.259311	0.104757	0.273967	0.950873	0.219942	0.972048
1450000	-29.50292	0	-29.50292	0.174653	0.137505	0.3668	0.204838	0.164634	0.136566	1.12186	0.442239	0.261035
1460000	-29.66073	0	-29.66073	0.060801	0.148824	0.0532814	0.2993	0.0594328	0.0976999	0.361495	0.422205	0.664892
1470000	-29.28339	0	-29.28339	0.135066	0.42142	0.1163	0.228769	0.125192	0.0523463	0.670951	1.76262	2.44033
1480000	-26.05262	0	-26.05262	0.0810951	0.276017	0.254304	0.14162	0.0410441	0.251812	2.50214	0.540637	2.08889
1490000	-30.53108	0	-30.53108	0.139506	0.0535681	0.133107	0.706153	0.128959	0.0862357	1.57489	0.386992	1.22566
1500000	-26.75756	0	-26.75756	0.134165	0.088747	0.161995	0.561677	0.119698	0.0802745	0.967974	0.942733	0.416139
1510000	-28.80619	0	-28.80619	0.24735	0.149899	0.157006	0.319975	0.0763551	0.103033	0.61303	0.27919	1.1949
1520000	-29.85304	0	-29.85304	0.135215	0.215211	0.538526	0.298465	0.0992072	0.13627	0.435827	0.338683	0.370215
1530000	-36.50733	0	-36.50733	0.126811	0.353948	0.0774003	0.265272	0.0767479	0.0807609	1.63717	0.273943	0.201002
1540000	-28.79176	0	-28.79176	0.110547	0.233351	0.298646	0.407182	0.136118	0.208139	0.774948	1.12432	0.677764
1550000	-24.95006	0	-24.95006	0.255871	0.13583	0.192941	0.423169	0.155194	0.0903875	1.40375	1.45049	1.20907
1560000	-29.03749	0	-29.03749	0.0845827	0.229702	0.305209	0.206495	0.283549	0.0927178	1.76872	0.606123	1.21353
1570000	-27.881	0	-27.881	0.166614	0.0860994	0.281664	0.171095	0.164095	0.0480599	2.40889	1.0668	1.92663
1580000	-28.07951	0	-28.07951	0.121559	0.220345	0.0887339	0.282823	0.148942	0.101304	0.632188	0.533783	0.104694
1590000	-27.69566	0	-27.69566	0.113076	0.242101	0.0988126	0.445741	0.189127	0.138183	1.15569	0.133486	0.181618
1600000	-29.49298	0	-29.49298	0.254512	0.132484	0.107136	0.22365	0.171554	0.0911029	3.37307	1.98143	0.465484
1610000	-29.0338	0	-29.0338	0.121406	0.117656	0.163686	0.415201	0.0924623	0.167203	1.9002	0.906948	0.12167
1620000	-31.54942	0	-31.54942	0.0650204	0.104645	0.108653	0.242925	0.113388	0.419305	1.37931	0.265528	0.40968
1630000	-24.55292	0	-24.55292	0.135001	0.181051	0.131487	0.156742	0.187994	0.102796	1.08519	1.51906	0.437926
1640000	-30.26133	0	-30.26133	0.255163	0.140092	0.295736	0.438063	0.206298	0.208827	1.38745	0.657292	0.362563
1650000	-41.09122	0	-41.09122	0.269258	0.270122	0.149438	1.2246	0.077306	0.129749	2.37614	0.0806115	0.344052
1660000	-27.3862	0	-27.3862	0.240077	0.0999062	0.20114	0.259058	0.104679	0.148005	3.70779	1.22549	0.548421
1670000	-27.30722	0	-27.30722	0.125887	0.209424	0.290426	0.507618	0.104882	0.250193	1.29552	1.10005	0.586245
1680000	-28.3918	0	-28.3918	0.212385	0.137589	0.151005	0.127827	0.130892	0.0645649	0.660631	1.10243	0.275727
1690000	-27.4152	0	-27.4152	0.253948	0.088359	0.192593	0.183812	0.191042	0.114056	2.29913	1.53232	1.05384
1700000	-33.57502	0	-33.57502	0.122298	0.180176	0.397623	0.848249	0.129551	0.170255	0.789221	0.413275	0.798317
1710000	-31.51164	0	-31.51164	0.0959879	0.0925626	0.483897	0.312395	0.142305	0.158765	0.70215	0.248012	0.242669
1720000	-31.02735	0	-31.02735	0.180022	0.161111	0.124321	0.17943	0.0983383	0.0904277	1.57504	0.961524	0.140352
1730000	-27.02227	0	-27.02227	0.260579	0.145865	0.262759	0.397863	0.0467306	0.100252	0.964225	0.457927	2.10467
1740000	-31.61775	0	-31.61775	0.145804	0.0838573	0.0743463	0.286163	0.298576	0.0976579	1.63331	1.53459	0.309457
1750000	-26.72529	0	-26.72529	0.182245	0.147283	0.201058	0.24766	0.170809	0.243479	1.66847	0.603485	0.867319
1760000	-24.80013	0	-24.80013	0.135804	0.155461	0.152516	0.218829	0.0706719	0.137896	0.932793	0.300704	2.01197
1770000	-36.38914	0	-36.38914	0.0669042	0.113046	0.155798	0.178046	0.0273964	0.102456	2.10205	0.188765	1.46182
1780000	-28.08039	0	-28.08039	0.217707	0.106403	0.0808987	0.324606	0.0990498	0.052505	2.49203	0.725427	0.623456
1790000	-24.01484	0	-24.01484	0.151588	0.0625734	0.121366	0.358772	0.0498267	0.0832856	2.2102	0.523557	0.644983
1800000	-25.53309	0	-25.53309	0.129493	0.126055	0.0805131	0.315428	0.146564	0.099255	2.65908	0.582639	0.607704
1810000	-28.03132	0	-28.03132	0.14043	0.246401	0.224714	0.435131	0.0883792	0.207991	1.53158	3.67553	0.849165
1820000	-35.08698	0	-35.08698	0.129972	0.109229	0.269954	0.508703	0.0428661	0.0836364	1.37962	2.9644	0.178408
1830000	-28.67317	0	-28.67317	0.162631	0.102522	0.21616	0.144549	0.110821	0.0420874	1.51474	5.49975	0.478882
1840000	-25.78592	0	-25.78592	0.160983	0.204937	0.217249	0.298591	0.1833	0.134424	3.70002	0.886726	0.873496
1850000	-26.43192	0	-26.43192	0.100515	0.180615	0.260917	0.361191	0.117712	0.0800996	3.77708	0.279316	1.13561
1860000	-34.72027	0	-34.72027	0.164927	0.203378	0.189458	0.233022	0.187441	0.391409	3.01089	0.209104	0.737452
1870000	-27.36603	0	-27.36603	0.0591094	0.16237	0.196663	0.215362	0.0759918	0.127375	0.424878	1.56889	0.774158
1880000	-29.04476	0	-29.04476	0.158198	0.140911	0.16506	0.27908	0.194427	0.306293	1.54678	1.67419	1.22285
1890000	-27.90065	0	-27.90065	0.265318	0.164496	0.098491	0.256419	0.112519	0.203751	3.18227	0.689473	0.947143
1900000	-32.06688	0	-32.06688	0.319403	0.284082	0.371158	0.337531	0.0758571	0.386523	4.33446	1.68701	0.631345
1910000	-30.0296	0	-30.0296	0.332931	0.215867	0.0737949	0.718152	0.0615221	0.20538	0.742645	1.07116	0.40019
1920000	-26.96359	0	-26.96359	0.0988869	0.142205	0.136609	0.411149	0.130594	0.164039	0.383275	1.50359	2.19483
1930000	-28.49568	0	-28.49568	0.098731	0.318203	0.0882946	0.194214	0.0472791	0.156245	1.73916	1.27949	0.846411
1940000	-28.79997	0	-28.79997	0.320262	0.0947315	0.169023	0.183506	0.0931646	0.0887899	0.977951	2.68086	1.36766
1950000	-24.38797	0	-24.38797	0.153562	0.0799882	0.295114	0.221827	0.0958364	0.139206	0.647273	1.8862	1.79185
1960000	-27.85074	0	-27.85074	0.299676	0.138678	0.319442	0.286994	0.119644	0.130911	0.684981	1.85542	1.33308
1970000	-28.04161	0	-28.04161	0.122644	0.0532651	0.157882	0.364406	0.148516	0.14823	2.82345	0.484882	0.802029
1980000	-25.45515	0	-25.45515	0.220241	0.111929	0.145849	0.184612	0.0975812	0.159096	1.03273	0.428467	1.93085
1990000	-22.33297	0	-22.33297	0.0753638	0.123748	0.147945	0.428557	0.092861	0.124038	1.06323	2.16401	0.868016
2000000	-30.52059	0	-30.52059	0.215924	0.176546	0.255543	0.470343	0.140657	0.215378	5.58477	0.389	0.670205
2010000	-27.71086	0	-27.71086	0.0618518	0.193839	0.195877	0.416889	0.116667	0.194791	0.668702	0.876601	3.26593
2020000	-27.30813	0	-27.30813	0.145796	0.29572	0.171288	0.14676	0.16341	0.19365	1.61489	0.594487	1.33527
2030000	-28.76323	0	-28.76323	0.099453	0.150864	0.196294	0.536456	0.0796509	0.101307	0.531286	0.850312	0.719078
2040000	-33.54138	0	-33.54138	0.37805	0.276571	0.0704309	0.377909	0.119238	0.159295	4.57733	1.38366	2.3441
2050000	-23.9488	0	-23.9488	0.156065	0.0945784	0.200174	0.253998	0.188966	0.117169	2.43367	0.966099	0.450767
2060000	-27.32413	0	-27.32413	0.12405	0.200005	0.250037	0.184616	0.138026	0.392271	1.2285	0.261076	0.415523
2070000	-27.6361	0	-27.6361	0.220276	0.129925	0.126155	0.286412	0.0483497	0.221904	1.05463	0.986855	2.69891
2080000	-35.23238	0	-35.23238	0.108472	0.18294	0.368328	0.14089	0.14737	0.202792	2.63319	0.240421	0.375262
2090000	-28.99494	0	-28.99494	0.236336	0.231407	0.0726893	0.51408	0.151536	0.0992426	1.07806	0.594722	2.51324
2100000	-25.81894	0	-25.81894	0.0805381	0.0834739	0.127702	0.293625	0.135539	0.105815	2.50897	0.94317	0.388297
2110000	-31.66153	0	-31.66153	0.234532	0.193959	0.430899	0.540409	0.0896326	0.076451	2.21053	0.36809	1.21154
2120000	-31.27464	0	-31.27464	0.269904	0.184513	0.121142	0.371149	0.0782056	0.646688	0.833771	0.566964	0.942444
2130000	-25.31635	0	-25.31635	0.102399	0.223526	0.089511	0.38148	0.0822834	0.145392	2.01031	1.53466	0.526006
2140000	-29.9372	0	-29.9372	0.0539682	0.0855957	0.168405	0.178416	0.0623736	0.0757058	3.61919	0.529413	0.730502
2150000	-35.20565	0	-35.20565	0.281154	0.0778239	0.164221	0.298658	0.245527	0.152223	1.16892	0.476853	0.806976
2160000	-30.24191	0	-30.24191	0.0781257	0.242154	0.109291	0.260752	0.151501	0.105191	1.51614	0.182801	0.490489
2170000	-30.49785	0	-30.49785	0.303543	0.185985	0.203978	0.308603	0.199694	0.111103	0.415432	0.488907	0.664829
2180000	-27.58861	0	-27.58861	0.194739	0.17058	0.266016	0.362414	0.121513	0.116872	1.03188	0.787039	0.618831
2190000	-26.1482	0	-26.1482	0.0642778	0.256256	0.091894	0.230547	0.111363	0.111927	0.502133	0.464589	0.421978
2200000	-34.34332	0	-34.34332	0.144588	0.204358	0.164685	0.356082	0.148339	0.281966	5.75843	0.16162	2.03152
2210000	-29.34434	0	-29.34434	0.106292	0.22039	0.437374	0.369407	0.0815401	0.169288	0.352006	1.01756	0.330887
2220000	-25.28393	0	-25.28393	0.143014	0.125434	0.208561	0.134715	0.161432	0.16429	1.01129	1.07992	0.112125
2230000	-25.82091	0	-25.82091	0.244106	0.19672	0.229015	0.224099	0.162592	0.108283	2.7471	0.824809	0.521845
2240000	-29.27937	0	-29.27937	0.16976	0.239298	0.158622	0.161723	0.11479	0.234914	0.714752	0.940504	2.39403
2250000	-28.12366	0	-28.12366	0.202635	0.23148	0.345978	0.241869	0.111632	0.0946228	1.73868	0.428549	0.659533
2260000	-28.17416	0	-28.17416	0.0983195	0.171243	0.136312	0.180189	0.100777	0.078753	1.08847	0.248164	0.0740811
2270000	-28.99256	0	-28.99256	0.245885	0.193436	0.174474	0.186879	0.18912	0.132412	2.56874	0.584374	2.01958
2280000	-26.71699	0	-26.71699	0.148055	0.0988141	0.148206	0.421246	0.0792371	0.140635	0.994611	0.207938	1.23668
2290000	-26.42739	0	-26.42739	0.0740156	0.185949	0.123709	0.331644	0.131744	0.105018	3.71994	0.413692	0.0789955
2300000	-31.12999	0	-31.12999	0.145117	0.133323	0.244078	0.171423	0.117298	0.0582195	4.26923	0.372409	1.54085
2310000	-28.90302	0	-28.90302	0.0844808	0.291565	0.12415	0.472197	0.212088	0.172309	2.16977	0.630667	0.276474
2320000	-27.11532	0	-27.11532	0.10993	0.149784	0.150259	0.305717	0.0815329	0.0616345	0.672303	0.460682	0.141357
2330000	-27.89089	0	-27.89089	0.11161	0.173598	0.163259	0.28648	0.0983338	0.175	1.25095	0.607751	2.79205
2340000	-26.58243	0	-26.58243	0.129645	0.137496	0.141024	0.137585	0.0738507	0.149639	0.99201	0.281896	2.30349
2350000	-30.10278	0	-30.10278	0.21883	0.273638	0.159452	0.421802	0.0704314	0.0568034	1.10125	2.54986	0.218444
2360000	-32.5049	0	-32.5049	0.0828691	0.132379	0.113983	0.178692	0.141581	0.103305	3.91533	0.140256	1.4562
2370000	-39.09125	0	-39.09125	0.0550577	0.518243	0.268998	0.155874	0.0671025	0.118351	3.53395	0.447334	0.95256
2380000	-30.65687	0	-30.65687	0.0986926	0.107118	0.161347	0.301542	0.145816	0.103409	2.39233	1.86945	0.28966
2390000	-29.16604	0	-29.16604	0.0892723	0.11818	0.364007	0.193751	0.195203	0.288751	1.43494	1.16623	1.41109
2400000	-35.37592	0	-35.37592	0.177087	0.113571	0.106712	0.407815	0.0942173	0.0676544	0.522528	0.0925556	0.170193
2410000	-30.24204	0	-30.24204	0.115855	0.10227	0.232627	0.264847	0.174377	0.0251083	0.541572	0.650357	2.19619
2420000	-27.79615	0	-27.79615	0.132621	0.198519	0.285473	0.185153	0.123362	0.113206	0.469267	0.624999	0.0900808
2430000	-31.34819	0	-31.34819	0.193039	0.31883	0.192813	0.334483	0.217885	0.188737	2.36867	0.361427	2.47202
2440000	-34.68616	0	-34.68616	0.127064	0.294624	0.0957524	0.306993	0.181527	0.14188	1.47724	2.07096	0.739812
2450000	-27.93966	0	-27.93966	0.135521	0.155547	0.222774	0.376651	0.0969081	0.23762	3.06574	0.65214	0.607926
2460000	-25.91948	0	-25.91948	0.208629	0.134573	0.134693	0.316529	0.0711443	0.104494	0.885931	1.45884	2.67952
2470000	-29.21464	0	-29.21464	0.0812806	0.265121	0.263216	0.223439	0.0935119	0.236199	1.24325	0.190535	0.678129
2480000	-28.98728	0	-28.98728	0.299124	0.1642	0.126136	0.42196	0.141946	0.481634	2.09164	0.36716	1.82476
2490000	-26.76676	0	-26.76676	0.0925137	0.0736881	0.0816719	0.222388	0.0457708	0.100847	1.21988	0.642639	0.640948
2500000	-28.43696	0	-28.43696	0.0965805	0.235898	0.0892506	0.214775	0.0884242	0.0921397	1.09527	0.589247	3.3489
2510000	-27.29104	0	-27.29104	0.172449	0.306242	0.135434	0.276324	0.148833	0.152763	1.51283	0.614019	0.527074
2520000	-27.42272	0	-27.42272	0.0807607	0.132095	0.177571	0.0962417	0.0953557	0.198726	1.70105	0.480625	0.14866
2530000	-25.01223	0	-25.01223	0.24461	0.134708	0.142975	0.197824	0.0755074	0.131768	0.865483	0.869608	0.637928
2540000	-28.17693	0	-28.17693	0.171275	0.100008	0.194499	0.378492	0.136932	0.198774	2.41135	2.33797	0.27351
2550000	-29.77985	0	-29.77985	0.0741803	0.224615	0.377009	0.237514	0.127659	0.314637	1.03738	0.308967	0.916396
2560000	-24.11391	0	-24.11391	0.0755853	0.235381	0.169517	0.337488	0.0914221	0.179016	1.1873	0.852817	0.696026
2570000	-32.32238	0	-32.32238	0.18564	0.10652	0.0426139	0.313525	0.117058	0.117728	4.4178	0.284641	1.98579
2580000	-24.48384	0	-24.48384	0.112501	0.150039	0.168094	0.258677	0.119722	0.0947449	1.07731	0.615909	0.584051
2590000	-29.38926	0	-29.38926	0.185583	0.108994	0.14527	0.214654	0.165449	0.0592637	2.06087	2.62877	1.2748
2600000	-29.26985	0	-29.26985	0.120464	0.239927	0.430102	0.249784	0.182544	0.142546	0.766329	0.532723	4.29905
2610000	-30.05066	0	-30.05066	0.286973	0.0361206	0.360119	0.201589	0.0816446	0.201679	1.84485	1.7012	1.79991
2620000	-26.70253	0	-26.70253	0.110301	0.177344	0.106247	0.355074	0.138108	0.1488	0.488614	1.56192	0.545929
2630000	-27.11018	0	-27.11018	0.110796	0.198191	0.257643	0.319146	0.205178	0.199278	1.74775	1.04354	0.509561
2640000	-27.56831	0	-27.56831	0.119994	0.221658	0.0848358	0.403947	0.15731	0.156364	2.84665	0.636313	0.622478
2650000	-28.09644	0	-28.09644	0.122084	0.081019	0.221799	0.274521	0.0558616	0.0817975	1.94086	0.177232	0.508827
2660000	-29.33195	0	-29.33195	0.171072	0.171372	0.211395	0.205164	0.105625	0.244126	1.23017	0.562254	1.80064
2670000	-26.41334	0	-26.41334	0.198085	0.110078	0.441016	0.292025	0.0752945	0.0940154	2.31771	0.937094	1.53903
2680000	-28.37436	0	-28.37436	0.0950986	0.112261	0.281135	0.289014	0.115459	0.219523	2.55505	0.244821	0.362808
2690000	-27.56018	0	-27.56018	0.0860157	0.204477	0.0538006	0.388865	0.100318	0.136365	2.14957	0.346454	0.766787
2700000	-27.34263	0	-27.34263	0.0719521	0.0832474	0.124514	0.255074	0.0600179	0.14377	0.540147	0.33468	0.218674
2710000	-26.31777	0	-26.31777	0.149834	0.108706	0.162946	0.275301	0.0920225	0.100112	3.01295	0.524475	1.20193
2720000	-29.62972	0	-29.62972	0.245456	0.181095	0.15616	0.303256	0.0646147	0.191485	0.53269	0.813473	0.217214
2730000	-30.12644	0	-30.12644	0.117627	0.118491	0.174058	0.32346	0.157639	0.0900871	1.0111	0.429143	0.383248
2740000	-29.19831	0	-29.19831	0.0860016	0.12683	0.244199	0.22875	0.117338	0.124948	1.46742	0.202203	1.7719
2750000	-36.21632	0	-36.21632	0.16138	0.120192	0.147937	0.145359	0.150081	0.112653	1.84908	1.60503	0.0487874
2760000	-32.00467	0	-32.00467	0.119916	0.166234	0.100163	0.244147	0.181507	0.145127	1.6315	0.135853	0.748529
2770000	-25.56277	0	-25.56277	0.0671189	0.15063	0.21294	0.236035	0.0848032	0.0726113	0.683004	0.745206	0.765147
2780000	-29.0714	0	-29.0714	0.110806	0.114119	0.133431	0.525415	0.0746894	0.108758	1.50262	0.273677	0.562097
2790000	-24.38084	0	-24.38084	0.0768832	0.303619	0.12379	0.346238	0.136911	0.145358	0.608035	1.19968	1.48187
2800000	-32.39433	0	-32.39433	0.143921	0.110987	0.136294	0.328974	0.181464	0.142574	1.68008	1.3357	0.143483
2810000	-29.16553	0	-29.16553	0.106354	0.215672	0.103394	0.11362	0.0978112	0.108477	0.731303	0.394182	0.961233
2820000	-32.08657	0	-32.08657	0.128091	0.160297	0.220836	0.323097	0.197128	0.168	0.447944	0.303642	0.832466
2830000	-30.80812	0	-30.80812	0.070482	0.364522	0.15941	0.283758	0.0615995	0.152454	2.13334	0.846125	2.66915
2840000	-29.06951	0	-29.06951	0.120357	0.0953359	0.0708458	0.233759	0.0462483	0.149437	1.7462	1.17591	1.77672
2850000	-24.50661	0	-24.50661	0.0942477	0.17295	0.111628	0.209638	0.0557979	0.168834	0.650863	1.06713	0.805304
2860000	-32.98244	0	-32.98244	0.0514412	0.120378	0.328497	0.217153	0.133768	0.224488	4.87715	0.691779	0.482737
2870000	-26.64142	0	-26.64142	0.138853	0.238762	0.200617	0.443919	0.102018	0.135723	0.794671	0.727902	3.4517
2880000	-35.46024	0	-35.46024	0.285467	0.198756	0.390237	0.376997	0.253813	0.118168	1.31484	0.116567	0.324042
2890000	-33.19485	0	-33.19485	0.335556	0.144107	0.297294	0.261743	0.16095	0.229662	1.51225	1.67146	0.353283
2900000	-31.13864	0	-31.13864	0.15071	0.10463	0.158469	0.413248	0.066936	0.0792557	1.00045	1.0397	2.88577
2910000	-32.86946	0	-32.86946	0.209158	0.192658	0.188013	0.14052	0.0808657	0.129494	1.96859	1.16643	4.8487
2920000	-27.08401	0	-27.08401	0.188542	0.0939843	0.156056	0.309123	0.0943615	0.0982577	1.80227	0.864653	0.749419
2930000	-28.97368	0	-28.97368	0.208662	0.225553	0.122365	0.336754	0.173562	0.0753255	2.42602	1.07178	0.349018
2940000	-33.34296	0	-33.34296	0.0398447	0.219648	0.184149	0.551384	0.110244	0.091355	0.382729	0.894479	0.484021
2950000	-27.40296	0	-27.40296	0.119066	0.091611	0.204282	0.461841	0.0535495	0.150752	2.50353	0.25471	0.184423
2960000	-31.54547	0	-31.54547	0.158291	0.110006	0.3371	0.11813	0.205074	0.0554861	1.9391	0.523883	0.10082
2970000	-30.35491	0	-30.35491	0.1213	0.190785	0.194132	0.345979	0.161888	0.143561	0.968052	0.860636	0.93228
2980000	-26.86067	0	-26.86067	0.200572	0.136246	0.134008	0.302377	0.0879889	0.10973	1.46395	3.95726	0.33186
2990000	-29.9236	0	-29.9236	0.0780821	0.13975	0.106616	0.537175	0.140553	0.0752023	3.89091	0.842529	1.52191
3000000	-27.34077	0	-27.34077	0.120383	0.10954	0.149764	0.331517	0.0628626	0.18596	2.84942	1.18474	0.357179
3010000	-27.06372	0	-27.06372	0.100379	0.204328	0.453224	0.355876	0.122576	0.111521	0.477121	0.248842	0.671699
3020000	-30.79339	0	-30.79339	0.1428	0.124884	0.122862	0.400372	0.108779	0.067477	0.521979	1.8923	0.469894
3030000	-25.60248	0	-25.60248	0.0832025	0.219258	0.0835654	0.237004	0.10026	0.148734	1.11702	1.18447	1.18343
3040000	-27.12985	0	-27.12985	0.15722	0.20293	0.148004	0.34638	0.0671627	0.157587	0.774645	2.0151	1.02448
3050000	-27.18116	0	-27.18116	0.0680025	0.137199	0.130645	0.325004	0.110003	0.318604	0.756113	0.160757	1.28997
3060000	-28.05287	0	-28.05287	0.119571	0.160336	0.111213	0.157883	0.110831	0.256118	0.914903	1.87498	2.72473
3070000	-28.86467	0	-28.86467	0.0956028	0.218405	0.086802	0.352761	0.144593	0.128919	1.9049	0.803195	3.49412
3080000	-25.06939	0	-25.06939	0.0901225	0.153395	0.239935	0.44544	0.0724319	0.0971561	0.962539	0.964161	0.57437
3090000	-26.87978	0	-26.87978	0.0844155	0.196953	0.176225	0.470374	0.158276	0.244989	0.994228	1.06996	1.62286
3100000	-31.5537	0	-31.5537	0.130565	0.0539464	0.0872243	0.422726	0.132147	0.20011	1.91023	0.436314	0.0883905
3110000	-28.16293	0	-28.16293	0.0607265	0.292922	0.146718	0.230219	0.101685	0.0658359	1.24645	0.232946	1.19877
3120000	-26.32343	0	-26.32343	0.153554	0.131727	0.155042	0.27147	0.107567	0.190663	1.60047	3.93968	0.387498
3130000	-28.87901	0	-28.87901	0.096896	0.272213	0.276513	0.418771	0.111878	0.195904	2.23382	1.13725	0.98209
3140000	-33.27462	0	-33.27462	0.0751939	0.213266	0.09686	0.244188	0.154786	0.050153	5.47974	0.853428	2.17395
3150000	-23.6307	0	-23.6307	0.0720317	0.203879	0.122196	0.449667	0.130187	0.125331	1.18249	0.76253	0.544061
3160000	-28.61724	0	-28.61724	0.10082	0.244415	0.243152	0.37991	0.0865827	0.154128	0.898234	0.312603	0.213383
3170000	-29.0918	0	-29.0918	0.191085	0.0362332	0.116978	0.294951	0.0600121	0.126838	3.18876	0.469436	2.30776
3180000	-27.82425	0	-27.82425	0.313353	0.237827	0.162384	0.339092	0.159409	0.219933	1.06816	2.3579	1.23793
3190000	-31.55766	0	-31.55766	0.25635	0.344585	0.108474	0.273855	0.100408	0.0953219	0.650994	1.26333	1.09327
3200000	-25.21435	0	-25.21435	0.132586	0.146761	0.171108	0.168556	0.203903	0.16673	1.70719	0.786594	0.545852
3210000	-30.34649	0	-30.34649	0.226093	0.090938	0.114448	0.19837	0.0597969	0.123636	3.77076	2.32211	0.406621
3220000	-35.59687	0	-35.59687	0.162193	0.182379	0.259708	0.20117	0.245692	0.169422	2.56785	0.130268	0.13724
3230000	-38.16114	0	-38.16114	0.185286	0.153017	0.0545792	0.122549	0.159471	0.0628733	1.29528	1.82587	0.0685987
3240000	-28.55442	0	-28.55442	0.200111	0.144907	0.115156	0.0934357	0.0814957	0.139888	0.753004	1.34017	0.715396
3250000	-28.54788	0	-28.54788	0.0752786	0.404089	0.210365	0.330555	0.143151	0.0867185	1.51227	0.578734	0.417427
3260000	-25.66389	0	-25.66389	0.143175	0.168693	0.173058	0.433062	0.0878149	0.130393	1.368	0.930711	0.15692
3270000	-24.80869	0	-24.80869	0.0830585	0.180837	0.229428	0.207463	0.0643319	0.366084	1.81833	0.461477	1.36845
3280000	-25.6436	0	-25.6436	0.0492588	0.159013	0.103303	0.290389	0.128803	0.119115	1.3145	0.465174	0.971038
3290000	-25.47915	0	-25.47915	0.0563232	0.153279	0.117125	0.198325	0.165841	0.1494	1.38368	0.494682	1.30333
3300000	-33.94194	0	-33.94194	0.203807	0.249962	0.274816	0.407112	0.129223	0.0823611	0.499819	0.44912	0.143326
3310000	-31.54108	0	-31.54108	0.116357	0.264792	0.218555	0.307089	0.175939	0.0716571	1.6678	2.4225	0.631035
3320000	-26.12427	0	-26.12427	0.103425	0.11201	0.219175	0.116765	0.113931	0.216003	0.921993	0.495585	0.514994
3330000	-30.39029	0	-30.39029	0.162819	0.0935136	0.259004	0.243334	0.056129	0.116832	1.73889	0.844207	0.287807
3340000	-32.43426	0	-32.43426	0.411046	0.0788198	0.0885982	0.566386	0.0843142	0.18819	2.0041	0.602613	0.0993316
3350000	-29.75289	0	-29.75289	0.123077	0.108913	0.100677	0.156362	0.110467	0.0244851	0.463378	0.923807	0.43808
3360000	-28.14823	0	-28.14823	0.215098	0.109699	0.0744348	0.271703	0.109016	0.0665664	0.767893	1.28898	0.182128
3370000	-27.71754	0	-27.71754	0.0645133	0.159789	0.114599	0.231968	0.106292	0.0778884	1.02661	3.40038	0.297675
3380000	-30.29107	0	-30.29107	0.118759	0.144569	0.138161	0.460597	0.196136	0.0845256	0.384732	0.0708421	0.181263
3390000	-29.31965	0	-29.31965	0.0765213	0.111926	0.170058	0.261933	0.1701	0.194646	6.33084	1.04655	1.46327
3400000	-28.36514	0	-28.36514	0.105859	0.527091	0.150788	0.262501	0.0936796	0.129791	0.897078	0.765196	2.10852
3410000	-28.99579	0	-28.99579	0.230491	0.118419	0.0858727	0.348742	0.156743	0.0656717	3.03311	1.97827	0.18883
3420000	-29.98622	0	-29.98622	0.132646	0.133894	0.0774093	0.0976163	0.187727	0.130986	3.07629	0.888198	0.539774
3430000	-33.3238	0	-33.3238	0.136045	0.165159	0.246872	0.123914	0.116302	0.166693	2.91082	4.55502	0.358432
3440000	-28.52184	0	-28.52184	0.096247	0.0807006	0.214761	0.181623	0.0336744	0.109695	1.23108	0.522933	0.289591
3450000	-25.58094	0	-25.58094	0.172512	0.161887	0.261493	0.24327	0.138625	0.113239	0.525134	0.49455	0.995774
3460000	-33.23439	0	-33.23439	0.149022	0.321677	0.207947	0.468764	0.060625	0.180322	3.15086	0.375166	0.126723
3470000	-22.81351	0	-22.81351	0.0841001	0.139942	0.179114	0.224215	0.169561	0.0951595	1.22173	0.61004	1.36411
3480000	-34.06893	0	-34.06893	0.238072	0.149251	0.516028	0.409075	0.155619	0.110366	0.361406	1.34961	0.572538
3490000	-23.77637	0	-23.77637	0.192106	0.192313	0.251306	0.377469	0.084073	0.0863751	1.13645	0.845058	2.09731
3500000	-24.78092	0	-24.78092	0.112307	0.36567	0.179428	0.145784	0.16683	0.177139	0.647134	0.587581	1.87333
3510000	-25.32894	0	-25.32894	0.143763	0.162614	0.209641	0.250438	0.145054	0.0834494	3.54286	0.340659	0.872829
3520000	-33.0053	0	-33.0053	0.258345	0.309105	0.170137	0.377615	0.0603141	0.0577309	2.34157	0.473741	0.406121
3530000	-29.66353	0	-29.66353	0.1493	0.361138	0.139282	0.20476	0.142468	0.204721	3.06797	0.182862	0.503702
3540000	-26.80913	0	-26.80913	0.145431	0.0725533	0.0862874	0.231013	0.108541	0.0921174	0.91766	0.803762	0.321645
3550000	-34.9103	0	-34.9103	0.169396	0.188589	0.262437	0.291439	0.228127	0.102359	3.60539	2.87541	0.364428
3560000	-29.81493	0	-29.81493	0.147778	0.0580623	0.145732	0.211521	0.191879	0.121676	1.24476	1.72551	0.912732
3570000	-30.2454	0	-30.2454	0.210836	0.0914827	0.203737	0.220103	0.108378	0.0933229	2.88292	1.68894	2.41398
3580000	-26.17445	0	-26.17445	0.195502	0.105012	0.143538	0.44116	0.144004	0.121796	1.85201	1.7288	0.961859
3590000	-33.17474	0	-33.17474	0.125161	0.252052	0.0503591	0.375823	0.116752	0.102065	1.61007	0.367042	2.07684
3600000	-31.67694	0	-31.67694	0.0956834	0.105951	0.182413	0.358399	0.0739349	0.158493	1.11303	1.0413	0.462712
3610000	-29.14933	0	-29.14933	0.253233	0.104978	0.21639	0.187168	0.103947	0.198209	1.50546	0.890242	0.420787
3620000	-40.66809	0	-40.66809	0.096429	0.270714	0.453826	0.227606	0.136459	0.208033	1.47039	1.07463	0.0145977
3630000	-34.85821	0	-34.85821	0.0579868	0.177603	0.0650342	0.342383	0.183851	0.0763137	0.692396	0.733008	0.00633452
3640000	-31.07833	0	-31.07833	0.182069	0.0510476	0.243847	0.597545	0.0715887	0.201159	1.99775	0.165589	1.42213
3650000	-31.78019	0	-31.78019	0.0907139	0.538763	0.144843	0.141487	0.110242	0.071053	0.480949	0.480648	0.278324
3660000	-27.22654	0	-27.22654	0.134784	0.263709	0.185166	0.30351	0.188541	0.120373	0.538219	1.24315	0.487806
3670000	-26.93398	0	-26.93398	0.133475	0.105157	0.16027	0.488956	0.0651612	0.124051	1.12138	0.54795	2.82486
3680000	-25.6647	0	-25.6647	0.0941227	0.104085	0.179424	0.372576	0.147384	0.133221	3.00292	0.680803	0.301949
3690000	-35.52432	0	-35.52432	0.393056	0.18756	0.206723	0.552049	0.136218	0.164136	2.62473	3.43883	1.2184
3700000	-32.2091	0	-32.2091	0.0543612	0.347983	0.124289	0.094772	0.106743	0.165052	1.31902	0.669514	0.106951
3710000	-28.34731	0	-28.34731	0.186656	0.280347	0.183639	0.332713	0.14249	0.226077	0.873811	0.693345	0.541932
3720000	-31.24477	0	-31.24477	0.132899	0.0413696	0.24401	0.180941	0.136102	0.184994	2.94257	0.356568	0.120262
3730000	-30.17358	0	-30.17358	0.0963056	0.229586	0.152078	0.186181	0.0546849	0.186113	1.90148	0.604569	0.309206
3740000	-26.21006	0	-26.21006	0.158471	0.247437	0.303898	0.46256	0.0932789	0.158666	1.24708	0.728864	0.681968
3750000	-27.93297	0	-27.93297	0.0445716	0.128901	0.327736	0.324821	0.168229	0.149762	2.26442	0.633078	0.807807
3760000	-28.09573	0	-28.09573	0.25104	0.0919576	0.158142	0.157763	0.115757	0.0317631	0.74973	0.708631	0.428218
3770000	-30.44945	0	-30.44945	0.163521	0.219229	0.185699	0.399389	0.0470105	0.115239	1.18438	1.22132	1.37425
3780000	-27.27185	0	-27.27185	0.213448	0.152511	0.235066	0.343512	0.103479	0.229633	1.02325	0.324141	0.808621
3790000	-33.89012	0	-33.89012	0.107639	0.236276	0.165007	0.391786	0.19592	0.0885545	0.720834	0.0989603	0.285555
3800000	-31.71847	0	-31.71847	0.0996636	0.236686	0.128435	0.113654	0.165998	0.17437	1.63253	1.32855	0.723604
3810000	-28.91809	0	-28.91809	0.205483	0.259312	0.26988	0.215318	0.0778407	0.0788606	1.75223	0.504829	0.438984
3820000	-28.6506	0	-28.6506	0.109956	0.14052	0.212651	0.175248	0.0647554	0.219837	0.597384	0.878677	0.685292
3830000	-32.45359	0	-32.45359	0.101115	0.309671	0.305059	0.219793	0.125369	0.0653505	3.71005	0.50181	0.978518
3840000	-29.84004	0	-29.84004	0.196056	0.196938	0.208914	0.447184	0.0711067	0.136636	0.702643	0.0668739	0.59189
3850000	-30.84189	0	-30.84189	0.082604	0.229802	0.182039	0.50958	0.285829	0.193147	2.55235	0.679395	1.43262
3860000	-37.37565	0	-37.37565	0.275727	0.2768	0.351198	0.341709	0.0719463	0.0963034	1.19261	0.318445	0.0114017
3870000	-33.74345	0	-33.74345	0.129566	0.147861	0.167218	0.229733	0.076277	0.233724	0.507028	0.827159	0.153859
3880000	-29.19086	0	-29.19086	0.244172	0.102707	0.454038	0.411934	0.162889	0.255212	0.529426	0.885656	0.605833
3890000	-29.98767	0	-29.98767	0.241762	0.195704	0.183338	0.144815	0.227491	0.133867	0.993978	1.16641	0.188473
3900000	-31.09001	0	-31.09001	0.166172	0.156052	0.142213	0.322216	0.0988224	0.266376	1.31266	0.306665	1.28571
3910000	-23.43844	0	-23.43844	0.127746	0.143185	0.103541	0.119493	0.134177	0.114361	0.65392	1.57096	0.769786
3920000	-32.24995	0	-32.24995	0.105429	0.327513	0.285445	0.206291	0.176009	0.0879599	0.88637	0.805602	0.453949
3930000	-26.99731	0	-26.99731	0.0752608	0.246813	0.252673	0.370313	0.102008	0.137923	1.78172	0.825873	1.25011
3940000	-25.53268	0	-25.53268	0.112514	0.233919	0.258599	0.300226	0.106212	0.174072	1.17253	0.518183	1.59254
3950000	-24.69546	0	-24.69546	0.0880131	0.0984481	0.131768	0.205789	0.145963	0.155248	1.2983	0.389043	1.44696
3960000	-29.6921	0	-29.6921	0.234108	0.121534	0.0675838	0.402499	0.115192	0.179691	1.19175	1.15251	0.825366
3970000	-29.11281	0	-29.11281	0.230169	0.210184	0.139004	0.189525	0.221173	0.0592888	0.527109	0.363794	0.255049
3980000	-28.43762	0	-28.43762	0.0511662	0.0717976	0.129743	0.246995	0.069453	0.15344	1.31122	1.10389	0.399437
3990000	-27.23454	0	-27.23454	0.211499	0.182389	0.235276	0.310014	0.0413171	0.231935	1.7966	0.17032	1.00401
4000000	-35.67278	0	-35.67278	0.0968027	0.130163	0.916805	0.163051	0.0799696	0.0584395	1.05949	2.83341	0.507477
4010000	-26.8397	0	-26.8397	0.108125	0.248328	0.109345	0.242952	0.1008	0.0750883	2.00078	0.740158	0.118304
4020000	-32.27847	0	-32.27847	0.0849389	0.175417	0.0649521	0.101688	0.065326	0.0945805	0.894137	0.587075	0.382577
4030000	-33.81273	0	-33.81273	0.10785	0.137485	0.0827934	0.352133	0.155645	0.0634848	0.414343	1.71165	0.11659
4040000	-24.63325	0	-24.63325	0.187933	0.261621	0.126518	0.220176	0.0425635	0.135039	0.653747	0.879941	0.980352
4050000	-31.21658	0	-31.21658	0.172462	0.16764	0.0846197	0.316329	0.0923799	0.182237	3.33581	0.516553	0.17812
4060000	-34.13478	0	-34.13478	0.234914	0.105784	0.228976	0.655893	0.0767141	0.179416	1.89419	0.367472	0.064898
4070000	-24.0258	0	-24.0258	0.12536	0.174711	0.125207	0.231156	0.147823	0.125456	0.429846	0.76686	2.10176
4080000	-33.68523	0	-33.68523	0.174872	0.0635419	0.36117	0.180869	0.05008	0.16454	2.44906	2.58641	1.88878
4090000	-32.33497	0	-32.33497	0.0751884	0.215568	0.452783	0.559506	0.145392	0.0969337	0.726631	1.0303	1.92509
4100000	-23.04049	0	-23.04049	0.0519554	0.16355	0.152254	0.207211	0.0817135	0.164103	1.05568	1.04117	1.54802
4110000	-24.6693	0	-24.6693	0.089629	0.160486	0.157168	0.214646	0.0893519	0.247015	0.610996	0.467475	3.75999
4120000	-30.12096	0	-30.12096	0.0765384	0.203712	0.43181	0.144851	0.208421	0.0900248	4.74521	0.430925	1.7016
4130000	-31.41857	0	-31.41857	0.069905	0.258507	0.182743	0.372614	0.162156	0.263127	5.08951	0.234559	0.298347
4140000	-23.53716	0	-23.53716	0.202079	0.193724	0.203588	0.448769	0.111201	0.28179	0.935836	0.816924	1.90545
4150000	-27.55965	0	-27.55965	0.108069	0.148156	0.231487	0.185512	0.129973	0.19676	1.04245	0.509743	0.708063
4160000	-43.63572	0	-43.63572	0.155041	0.355695	0.147452	0.39569	0.0797552	0.118706	0.723184	0.333575	1.58548
4170000	-29.9022	0	-29.9022	0.0824486	0.323663	0.163293	0.230412	0.12556	0.105056	2.0731	0.347346	0.415292
4180000	-28.97377	0	-28.97377	0.0529885	0.231558	0.326586	0.410325	0.0941037	0.103719	0.923284	0.221073	0.477674
4190000	-26.00578	0	-26.00578	0.162221	0.121331	0.184329	0.33444	0.0940446	0.170899	1.40359	0.849448	0.48388
4200000	-27.90147	0	-27.90147	0.253664	0.141533	0.175574	0.229184	0.0948249	0.1044	0.59591	0.646677	3.08278
4210000	-26.17862	0	-26.17862	0.102012	0.143411	0.154541	0.407546	0.0606449	0.073198	2.10022	0.229632	0.417388
4220000	-31.5274	0	-31.5274	0.291642	0.151896	0.196683	0.29731	0.0419114	0.090597	0.584038	0.118991	0.866706
4230000	-31.10944	0	-31.10944	0.116393	0.157262	0.144239	0.282541	0.0881398	0.040587	3.04207	2.27897	0.84058
4240000	-25.43597	0	-25.43597	0.129225	0.185623	0.213438	0.209902	0.0837365	0.162785	2.21601	2.58907	0.512213
4250000	-30.59727	0	-30.59727	0.291559	0.144808	0.173199	0.240597	0.164721	0.29215	4.0494	2.2954	0.572413
4260000	-30.14775	0	-30.14775	0.208431	0.258053	0.0865026	0.330725	0.0838386	0.162446	0.654665	1.05911	1.62088
4270000	-28.3517	0	-28.3517	0.0738932	0.437257	0.120265	0.277977	0.13319	0.206066	2.01381	1.63285	0.413348
4280000	-26.94774	0	-26.94774	0.163347	0.0713629	0.210659	0.214612	0.0913309	0.12025	0.741103	1.40291	0.691118
4290000	-32.84527	0	-32.84527	0.158567	0.117836	0.0800356	0.382818	0.0871336	0.050233	1.69105	0.836394	0.610083
4300000	-25.22639	0	-25.22639	0.134449	0.18214	0.167564	0.164346	0.114326	0.124718	0.520522	0.238648	1.81619
4310000	-27.43679	0	-27.43679	0.100017	0.220102	0.0684591	0.133872	0.132453	0.125454	1.16217	4.41919	0.568018
4320000	-22.55959	0	-22.55959	0.0888462	0.313459	0.128973	0.296475	0.109443	0.139129	1.76537	0.388599	2.26429
4330000	-30.45097	0	-30.45097	0.048305	0.154607	0.123493	0.246604	0.107398	0.128906	2.194	2.06109	1.26795
4340000	-26.66076	0	-26.66076	0.13705	0.201534	0.325628	0.216923	0.104718	0.12579	1.44279	0.57935	1.06786
4350000	-31.27201	0	-31.27201	0.0486577	0.196754	0.381917	0.247357	0.236271	0.178623	1.21053	1.30412	0.128152
4360000	-29.9649	0	-29.9649	0.292848	0.105959	0.0782141	0.481354	0.0999529	0.0780152	1.77829	1.73498	1.61151
4370000	-25.35272	0	-25.35272	0.194379	0.206625	0.343426	0.414954	0.148792	0.268018	3.24403	2.02791	1.40216
4380000	-30.32597	0	-30.32597	0.117817	0.243065	0.225315	0.251379	0.07186	0.070654	0.697154	0.951015	3.20637
4390000	-35.83977	0	-35.83977	0.336751	0.156496	0.185722	0.606176	0.252416	0.120445	0.489426	1.29627	0.844216
4400000	-24.05345	0	-24.05345	0.0675428	0.179501	0.167939	0.204741	0.0790617	0.207022	2.06916	0.711549	0.927449
4410000	-38.17342	0	-38.17342	0.387067	0.091714	0.174246	0.1402	0.0422806	0.0721694	1.35561	0.636643	0.314443
4420000	-29.25108	0	-29.25108	0.110404	0.236605	0.113118	0.270879	0.0809404	0.177675	2.05171	0.320768	0.620951
4430000	-25.41265	0	-25.41265	0.0847708	0.119206	0.293198	0.260202	0.127718	0.169029	1.27664	0.921364	0.761612
4440000	-24.10621	0	-24.10621	0.18738	0.208564	0.135159	0.216642	0.155797	0.0923276	1.4737	0.851023	1.49882
4450000	-24.5196	0	-24.5196	0.187446	0.146841	0.120534	0.20193	0.146087	0.163499	1.18646	0.859537	0.608603
4460000	-33.42686	0	-33.42686	0.0770915	0.349846	0.0850781	0.641895	0.432035	0.208373	2.43294	2.36523	0.446705
4470000	-24.60519	0	-24.60519	0.098578	0.105961	0.187238	0.171293	0.0788194	0.090556	3.01528	0.461022	1.30855
4480000	-26.31284	0	-26.31284	0.077466	0.266095	0.210447	0.182705	0.0502135	0.139052	0.816405	1.79824	1.76229
4490000	-28.79804	0	-28.79804	0.0790562	0.161474	0.284723	0.173144	0.142553	0.13737	0.589929	1.36486	2.6396
4500000	-27.34785	0	-27.34785	0.157212	0.0946918	0.225044	0.29359	0.102264	0.310666	1.45754	1.0346	0.339261
4510000	-30.76811	0	-30.76811	0.161377	0.100715	0.466057	0.182931	0.156169	0.180789	2.3349	0.360085	1.00505
4520000	-31.70862	0	-31.70862	0.0694817	0.103542	0.183794	0.561802	0.164535	0.0824767	2.99095	0.723896	0.301354
4530000	-27.87727	0	-27.87727	0.0686523	0.137644	0.0945494	0.432575	0.202568	0.229915	1.82223	0.983853	1.96731
4540000	-31.28927	0	-31.28927	0.203782	0.139534	0.100973	0.592033	0.0459122	0.190032	1.01143	0.601563	0.470055
4550000	-27.61646	0	-27.61646	0.198289	0.10859	0.11004	0.284226	0.0580717	0.088125	0.835254	0.324033	0.401736
4560000	-33.50595	0	-33.50595	0.0623796	0.11869	0.225798	0.228539	0.128807	0.132649	1.24989	0.0755036	0.0325125
4570000	-29.65915	0	-29.65915	0.151624	0.169507	0.173567	0.141651	0.0953669	0.124481	1.84258	0.492198	0.826145
4580000	-26.48454	0	-26.48454	0.0914514	0.12024	0.204788	0.333193	0.122175	0.127046	1.89706	0.69555	0.423692
4590000	-26.10151	0	-26.10151	0.107817	0.436955	0.185891	0.318312	0.114013	0.0824658	1.26226	0.633545	1.34392
4600000	-28.01114	0	-28.01114	0.140025	0.0665388	0.285432	0.322675	0.0937631	0.086323	1.2388	0.951309	2.3203
4610000	-26.73233	0	-26.73233	0.112336	0.338337	0.280593	0.367364	0.12674	0.328245	2.38352	1.00362	1.07528
4620000	-30.14213	0	-30.14213	0.191787	0.248431	0.249321	0.278384	0.060586	0.132989	1.04637	2.0377	0.324521
4630000	-37.16739	0	-37.16739	0.0596586	0.314035	0.415255	0.129085	0.174589	0.183929	0.824585	0.327062	0.18603
4640000	-26.77759	0	-26.77759	0.0997596	0.195053	0.261144	0.309392	0.0288399	0.135429	1.10197	0.891589	0.73431
4650000	-27.72609	0	-27.72609	0.107318	0.215908	0.151261	0.336171	0.18168	0.358821	1.86359	0.272464	0.577736
4660000	-25.98985	0	-25.98985	0.107813	0.133594	0.219125	0.232307	0.164291	0.129983	1.28223	0.385754	1.23693
4670000	-28.98477	0	-28.98477	0.0973121	0.136289	0.285134	0.444061	0.0837661	0.262615	1.77477	0.482408	0.450632
4680000	-30.23599	0	-30.23599	0.0505516	0.212648	0.153563	0.261232	0.119898	0.10726	2.27229	0.219272	1.2453
4690000	-31.80882	0	-31.80882	0.117176	0.195187	0.292232	0.494166	0.155926	0.423825	1.71734	0.865684	3.22735
4700000	-26.75377	0	-26.75377	0.199774	0.102106	0.332926	0.327564	0.127776	0.221361	1.01793	1.13426	1.49853
4710000	-29.10079	0	-29.10079	0.0564935	0.196207	0.227238	0.206791	0.131178	0.0878209	0.536556	0.581617	3.90554
4720000	-26.90893	0	-26.90893	0.175417	0.110158	0.136595	0.236093	0.0412742	0.0838399	0.643931	0.917321	1.56379
4730000	-26.79504	0	-26.79504	0.108995	0.0793686	0.225089	0.159162	0.106819	0.126196	2.00614	2.62693	1.01901
4740000	-29.17641	0	-29.17641	0.134691	0.183833	0.190114	0.292009	0.151615	0.207407	0.396988	2.80625	0.508317
4750000	-34.52057	0	-34.52057	0.0676082	0.319186	0.148575	0.296416	0.240076	0.0940722	0.483221	0.210317	0.197296
4760000	-33.56548	0	-33.56548	0.120709	0.0953728	0.210553	0.327158	0.145007	0.237252	5.22716	0.28949	0.803652
4770000	-31.62713	0	-31.62713	0.193635	0.224404	0.415576	0.193046	0.0704034	0.179444	0.73891	0.353056	1.30189
4780000	-29.46262	0	-29.46262	0.16762	0.108844	0.141716	0.292257	0.169399	0.0950057	2.04892	0.360684	0.239243
4790000	-33.02842	0	-33.02842	0.0982757	0.175803	0.177629	0.573955	0.228018	0.11338	5.32396	0.251229	0.282256
4800000	-32.00126	0	-32.00126	0.0497198	0.094951	0.164468	0.192855	0.120285	0.116876	0.824804	0.295893	0.179705
4810000	-26.12805	0	-26.12805	0.103344	0.0982596	0.152753	0.398967	0.119513	0.242506	1.6754	0.642771	0.66431
4820000	-28.77481	0	-28.77481	0.180041	0.131736	0.151698	0.40571	0.0863394	0.200602	2.412	4.4354	0.987001
4830000	-31.74074	0	-31.74074	0.279975	0.263148	0.213332	0.167626	0.0436809	0.0862212	2.59758	1.19505	0.436987
4840000	-24.54651	0	-24.54651	0.237993	0.0826978	0.224683	0.160674	0.141452	0.0697914	1.2571	0.505624	1.37767
4850000	-24.5696	0	-24.5696	0.203471	0.1563	0.124068	0.187117	0.140918	0.144601	1.28418	1.38079	1.89646
4860000	-36.51245	0	-36.51245	0.534745	0.101422	0.301482	0.225731	0.070905	0.213892	3.03287	1.17579	4.76024
4870000	-32.38667	0	-32.38667	0.174389	0.32252	0.152191	0.125066	0.11598	0.24919	0.278959	0.117613	1.92195
4880000	-27.75868	0	-27.75868	0.139524	0.0602628	0.102406	0.372434	0.136897	0.290206	1.16962	0.758644	1.25889
4890000	-24.27157	0	-24.27157	0.153336	0.123735	0.12798	0.325986	0.119853	0.159812	1.08544	0.78773	0.203881
4900000	-27.5077	0	-27.5077	0.145885	0.144353	0.18368	0.318276	0.143366	0.477225	2.05778	0.934148	2.54626
4910000	-23.14156	0	-23.14156	0.156108	0.109767	0.288054	0.197454	0.111705	0.202134	0.715733	0.684151	1.2686
4920000	-28.34581	0	-28.34581	0.139792	0.319075	0.17513	0.32625	0.0934519	0.10845	0.82406	0.283071	2.81448
4930000	-30.65729	0	-30.65729	0.0538669	0.207476	0.184538	0.237332	0.0810087	0.10566	2.72494	1.6737	0.671006
4940000	-30.5434	0	-30.5434	0.144545	0.119906	0.181352	0.202146	0.118582	0.337139	1.00803	4.56633	0.862535
4950000	-25.54437	0	-25.54437	0.16301	0.0752317	0.190469	0.474503	0.0815526	0.0580499	1.51301	1.23214	0.433035
4960000	-31.57699	0	-31.57699	0.174844	0.177037	0.126084	0.28305	0.12265	0.239984	1.41933	0.393213	3.06392
4970000	-25.61087	0	-25.61087	0.0980078	0.143753	0.221146	0.475248	0.179202	0.139172	1.81627	2.08615	1.16566
4980000	-25.54119	0	-25.54119	0.0590292	0.220143	0.204474	0.180241	0.0737791	0.089117	2.94703	0.603452	0.799652
4990000	-32.34424	0	-32.34424	0.0859912	0.275462	0.219235	0.170219	0.123249	0.260376	0.380762	0.381584	1.09584
5000000	-31.21175	0	-31.21175	0.0777093	0.169331	0.244342	0.481057	0.201046	0.163789	3.45831	0.143745	0.323111
