Iteration	Posterior	Likelihood	Prior	lambda[1]	lambda[2]	lambda[3]	mu[1]	mu[2]	mu[3]	psi[1]	psi[2]	psi[3]
0	-30.5317	0	-30.5317	0.0741471	0.0879187	0.045799	0.125026	0.115123	0.216139	1.68115	0.615316	0.891824
10000	-19.80926	0	-19.80926	0.19539	0.0731368	0.423616	0.219572	0.176224	0.0643771	1.06829	0.727613	0.599389
20000	-21.98287	0	-21.98287	0.164568	0.114573	0.221613	0.32387	0.0480496	0.115722	2.74474	1.22313	0.339545
30000	-22.56099	0	-22.56099	0.149664	0.131449	0.0709535	0.669435	0.124499	0.076564	1.13621	0.411106	1.75102
40000	-16.34864	0	-16.34864	0.109387	0.144548	0.27356	0.206537	0.0942437	0.142126	1.22588	1.06127	1.30907
50000	-27.05657	0	-27.05657	0.208862	0.0809982	0.378363	0.818206	0.12296	0.284592	3.70024	2.43728	0.0669341
60000	-19.10471	0	-19.10471	0.152528	0.100125	0.337315	0.187202	0.131612	0.0653255	3.6723	2.24037	2.45853
70000	-16.03312	0	-16.03312	0.096724	0.198564	0.247968	0.31787	0.163472	0.0827614	1.16324	0.928162	1.77151
80000	-28.03501	0	-28.03501	0.321365	0.104496	0.220576	0.300469	0.123277	0.334983	3.06657	3.64894	0.211013
90000	-23.90111	0	-23.90111	0.118906	0.114087	0.0974938	0.413087	0.201822	0.0334375	1.54541	0.453759	0.750768
100000	-22.22659	0	-22.22659	0.0730995	0.177033	0.244882	0.156536	0.130277	0.328738	1.32561	0.318337	0.616997
110000	-18.00187	0	-18.00187	0.100057	0.121405	0.205965	0.17956	0.156768	0.0959862	1.39247	0.506103	2.77235
120000	-27.08938	0	-27.08938	0.077653	0.07203	0.24193	0.623482	0.163082	0.0215752	1.91825	2.92009	0.10828
130000	-19.14464	0	-19.14464	0.0791998	0.0684175	0.151014	0.393124	0.0826483	0.085984	0.653261	0.538983	1.53869
140000	-19.70853	0	-19.70853	0.189429	0.0952194	0.229664	0.384367	0.112773	0.14078	1.88493	1.53905	2.15494
150000	-23.58825	0	-23.58825	0.10644	0.10473	0.269382	0.313954	0.0803294	0.0881726	2.85065	0.887389	0.0973889
160000	-19.27446	0	-19.27446	0.204279	0.0626363	0.108449	0.374286	0.0977496	0.116791	2.01102	0.209732	0.132862
170000	-22.77351	0	-22.77351	0.0414746	0.140754	0.24628	0.394678	0.125705	0.0775772	3.24913	1.04185	0.0618394
180000	-22.13371	0	-22.13371	0.0770904	0.100752	0.562753	0.187799	0.0911806	0.0642774	0.376382	1.3861	1.42798
190000	-21.83277	0	-21.83277	0.110931	0.212215	0.0970637	0.308325	0.0668791	0.0527413	0.92444	0.912637	0.129401
200000	-17.78586	0	-17.78586	0.0729146	0.0817942	0.158229	0.281929	0.0906284	0.129173	2.19837	2.9648	0.782518
210000	-20.98752	0	-20.98752	0.0725152	0.107905	0.369828	0.355794	0.121227	0.211572	0.998027	1.41624	0.877134
220000	-17.1312	0	-17.1312	0.0815358	0.100543	0.0797857	0.167659	0.0558067	0.0410032	1.082	0.758049	0.634724
230000	-17.32684	0	-17.32684	0.101273	0.230404	0.212172	0.234004	0.0651323	0.0724234	2.15765	0.986962	0.323461
240000	-18.6769	0	-18.6769	0.302827	0.136118	0.106132	0.24635	0.0713754	0.122035	1.77563	0.660839	0.414289
250000	-17.8061	0	-17.8061	0.162143	0.161055	0.144135	0.324071	0.0453235	0.0714863	2.17517	0.786373	1.36315
260000	-16.75357	0	-16.75357	0.175419	0.0902083	0.189048	0.198305	0.088305	0.143575	1.16192	1.01925	0.259536
270000	-20.00396	0	-20.00396	0.190995	0.144377	0.189231	0.506138	0.0948455	0.177727	1.09656	1.86741	0.232536
280000	-16.38838	0	-16.38838	0.151465	0.0874348	0.102967	0.459014	0.146622	0.146363	1.7464	2.6229	0.854523
290000	-23.52771	0	-23.52771	0.158232	0.10704	0.058435	0.231387	0.136794	0.0932245	7.25032	1.21265	0.712785
300000	-15.14188	0	-15.14188	0.112055	0.0606172	0.174181	0.250573	0.0869156	0.0839703	0.630348	0.563971	0.513385
310000	-19.43261	0	-19.43261	0.0686631	0.10527	0.209998	0.432349	0.112971	0.121911	1.41484	1.78694	0.0632045
320000	-14.43732	0	-14.43732	0.111857	0.114016	0.177154	0.209921	0.0993586	0.0946919	1.51048	1.23712	0.473477
330000	-20.59684	0	-20.59684	0.205695	0.0679399	0.120589	0.160134	0.0363895	0.147497	2.13379	1.68452	1.68047
340000	-20.2602	0	-20.2602	0.0756841	0.20896	0.17894	0.288953	0.057999	0.141169	3.1876	1.16275	2.00897
350000	-17.16857	0	-17.16857	0.176483	0.150444	0.239924	0.189504	0.0748275	0.122232	2.32317	0.409297	0.846083
360000	-18.32177	0	-18.32177	0.104404	0.184064	0.243229	0.21718	0.089651	0.201788	3.7113	0.280499	0.429145
370000	-20.14664	0	-20.14664	0.189083	0.17565	0.34488	0.147019	0.201255	0.103333	1.25243	0.569524	0.691631
380000	-23.523	0	-23.523	0.206609	0.250125	0.307845	0.147385	0.0852218	0.0945594	2.8486	4.74308	0.212508
390000	-20.21727	0	-20.21727	0.13358	0.130558	0.0889993	0.266802	0.0588429	0.0611568	3.56046	1.28024	2.45828
400000	-19.87446	0	-19.87446	0.13447	0.15187	0.13254	0.334676	0.0771495	0.0310598	1.58942	1.59709	4.09872
410000	-20.45008	0	-20.45008	0.412252	0.123031	0.147724	0.228477	0.120022	0.0494485	1.18405	1.33947	0.459168
420000	-19.43	0	-19.43	0.0534405	0.0720308	0.181338	0.552288	0.13757	0.101653	1.68779	1.06898	0.500113
430000	-22.75036	0	-22.75036	0.0730602	0.318223	0.148236	0.337536	0.0553979	0.205721	0.859634	0.855662	0.338302
440000	-21.81468	0	-21.81468	0.100143	0.111856	0.176716	0.415904	0.126524	0.198543	1.4758	0.132891	3.19075
450000	-20.63462	0	-20.63462	0.204828	0.0820728	0.168734	0.382175	0.0821657	0.0682913	0.565349	0.472388	1.4041
460000	-24.55513	0	-24.55513	0.190919	0.203155	0.109061	0.573091	0.146361	0.119	2.31895	2.60416	0.0840229
470000	-16.33481	0	-16.33481	0.147798	0.15653	0.177592	0.261035	0.126746	0.125931	1.57429	1.39855	0.241432
480000	-20.72378	0	-20.72378	0.229179	0.135507	0.122472	0.460401	0.0545664	0.199873	1.55221	1.04139	0.768847
490000	-22.24163	0	-22.24163	0.114047	0.213363	0.104514	0.306881	0.177564	0.223931	3.39589	0.142659	1.08434
500000	-23.78412	0	-23.78412	0.0788555	0.264909	0.073424	0.675955	0.122807	0.113519	2.77428	2.21863	1.45333
510000	-20.94209	0	-20.94209	0.0932335	0.3532	0.160562	0.35446	0.0941354	0.0844728	1.41535	1.16835	1.66459
520000	-17.53564	0	-17.53564	0.110074	0.21549	0.172168	0.163842	0.034387	0.0825113	1.94685	1.14097	0.717412
530000	-18.13945	0	-18.13945	0.123782	0.091086	0.190391	0.341801	0.13237	0.100122	0.765025	1.11461	0.8071
540000	-18.21584	0	-18.21584	0.087532	0.095441	0.161185	0.170252	0.0547913	0.0756497	4.29421	0.226807	1.20105
550000	-23.63426	0	-23.63426	0.0915154	0.0715347	0.135357	0.413734	0.0753161	0.103902	1.57094	0.328064	5.09222
560000	-17.53035	0	-17.53035	0.144713	0.0961399	0.403508	0.420124	0.0710806	0.0695277	2.40694	0.505098	0.319995
570000	-19.68798	0	-19.68798	0.0517629	0.19543	0.123654	0.152541	0.147543	0.0981555	3.88399	1.15608	0.636558
580000	-24.71699	0	-24.71699	0.193164	0.0997894	0.350393	0.267604	0.0601517	0.0761488	3.13538	0.380802	0.623296
590000	-21.32907	0	-21.32907	0.0854502	0.231358	0.0973235	0.175453	0.121527	0.116296	0.888403	0.541273	0.121861
600000	-21.48128	0	-21.48128	0.223163	0.0620319	0.313123	0.367093	0.15825	0.165137	1.9936	0.839587	0.464849
610000	-18.41418	0	-18.41418	0.131226	0.175865	0.161937	0.314414	0.0708005	0.147901	1.84538	0.655087	0.923053
620000	-18.08006	0	-18.08006	0.194547	0.121533	0.0607626	0.183529	0.144654	0.0845916	2.86526	1.07848	2.05829
630000	-19.33721	0	-19.33721	0.112705	0.179143	0.253672	0.307891	0.0646037	0.125201	2.17554	1.60352	3.7629
640000	-18.11951	0	-18.11951	0.153074	0.122439	0.112446	0.258406	0.158221	0.0782864	0.894129	0.909102	0.67748
650000	-19.30752	0	-19.30752	0.0572096	0.13544	0.160052	0.235717	0.0480852	0.0618349	1.53285	0.540796	2.41198
660000	-23.29719	0	-23.29719	0.0427096	0.147283	0.173332	0.301366	0.242997	0.0699163	1.46926	0.946571	2.77421
670000	-22.47479	0	-22.47479	0.180336	0.189042	0.367384	0.420047	0.167672	0.190617	3.55423	0.994661	1.88951
680000	-27.82871	0	-27.82871	0.339802	0.19049	0.517697	0.232057	0.145234	0.150585	1.43653	1.20434	0.268333
690000	-23.71474	0	-23.71474	0.136586	0.0793574	0.207426	0.139441	0.0415541	0.174039	5.8545	0.208331	0.319583
700000	-19.37137	0	-19.37137	0.205684	0.14469	0.264592	0.370689	0.0817514	0.162708	3.31999	0.839243	1.90822
710000	-19.72715	0	-19.72715	0.179209	0.0670587	0.0779441	0.291684	0.0885943	0.0810673	1.78797	1.12486	1.13341
720000	-19.88644	0	-19.88644	0.247526	0.123861	0.215147	0.235153	0.142595	0.0897451	1.63276	1.21838	1.06827
730000	-22.71772	0	-22.71772	0.0432381	0.188477	0.148279	0.145398	0.110876	0.112417	1.50994	0.395387	0.257324
740000	-19.91097	0	-19.91097	0.104044	0.160085	0.269918	0.415777	0.21213	0.210994	0.612274	0.418383	0.596348
750000	-14.86893	0	-14.86893	0.0846517	0.0517148	0.272066	0.344754	0.128032	0.0872988	2.23237	0.402315	1.14198
760000	-18.61059	0	-18.61059	0.0650168	0.103354	0.100408	0.292822	0.136017	0.12349	1.52638	0.321825	0.196027
770000	-22.27877	0	-22.27877	0.254953	0.133884	0.285979	0.37125	0.057109	0.141522	1.70484	0.763215	0.374892
780000	-22.25561	0	-22.25561	0.0819489	0.0929979	0.193579	0.473826	0.0621608	0.21465	3.14557	2.57232	0.2491
790000	-23.43337	0	-23.43337	0.236256	0.0492826	0.156603	0.256476	0.0647857	0.161359	2.11561	0.0949295	0.612643
800000	-21.75631	0	-21.75631	0.202706	0.115383	0.0479655	0.28997	0.119902	0.0728084	0.658461	0.522136	2.34
810000	-19.87403	0	-19.87403	0.084132	0.131239	0.537861	0.241347	0.0702614	0.0890843	2.00997	0.368631	1.7013
820000	-18.60565	0	-18.60565	0.0901085	0.122494	0.0741912	0.102194	0.116488	0.0790354	1.96906	1.71918	1.24506
830000	-23.46784	0	-23.46784	0.155636	0.125194	0.161164	0.46618	0.153815	0.100581	0.510375	0.397801	0.098486
840000	-17.46389	0	-17.46389	0.093356	0.106454	0.252738	0.142892	0.184747	0.170819	1.74266	0.296633	0.748266
850000	-20.22477	0	-20.22477	0.0985925	0.135077	0.260952	0.181249	0.0893077	0.146236	5.41538	0.751889	1.83567
860000	-20.0219	0	-20.0219	0.190456	0.0799054	0.233615	0.403776	0.128536	0.130947	2.56242	0.423742	0.477291
870000	-20.00997	0	-20.00997	0.290079	0.159148	0.22497	0.398325	0.0928546	0.083325	2.33698	1.44812	0.229423
880000	-21.67251	0	-21.67251	0.232559	0.209048	0.384299	0.341299	0.104363	0.0908206	0.635162	0.896877	0.386311
890000	-19.62997	0	-19.62997	0.102706	0.23981	0.0990778	0.38229	0.0584656	0.0655432	1.09863	0.609265	1.84367
900000	-20.82782	0	-20.82782	0.116497	0.141482	0.266363	0.246511	0.178065	0.0892934	0.583874	1.93737	0.203937
910000	-20.57078	0	-20.57078	0.0961999	0.149078	0.483209	0.244183	0.056456	0.164596	2.8831	0.698767	2.98471
920000	-23.6752	0	-23.6752	0.0948874	0.18528	0.103562	0.149237	0.114522	0.063634	2.43156	0.745823	5.73727
930000	-22.69315	0	-22.69315	0.12929	0.156392	0.356161	0.176732	0.153508	0.241319	1.31911	3.50277	2.18794
940000	-19.74903	0	-19.74903	0.0945936	0.140278	0.396933	0.378621	0.145412	0.0997505	2.38607	0.40916	0.920909
950000	-18.75587	0	-18.75587	0.189135	0.0685492	0.235625	0.382774	0.138765	0.293783	1.675	0.557236	0.979044
960000	-14.40973	0	-14.40973	0.0921499	0.0959465	0.241211	0.166201	0.077638	0.0751637	1.20857	0.658037	1.05078
970000	-16.17418	0	-16.17418	0.103842	0.145951	0.313014	0.283159	0.0710288	0.11101	2.06143	1.43585	1.75102
980000	-21.90321	0	-21.90321	0.0990202	0.089288	0.270447	0.180983	0.143533	0.0589456	1.66732	0.357185	0.247488
990000	-19.91089	0	-19.91089	0.165754	0.0747128	0.137059	0.232252	0.165636	0.12088	0.531732	3.3896	0.436091
1000000	-21.42448	0	-21.42448	0.13387	0.109832	0.0685029	0.40324	0.154839	0.123073	6.8116	0.854091	1.6798
1010000	-16.67506	0	-16.67506	0.170412	0.0590737	0.150821	0.246805	0.133015	0.212751	0.941101	0.659476	0.748858
1020000	-25.50574	0	-25.50574	0.106709	0.14255	0.421498	0.494876	0.104039	0.0833506	1.98557	1.28703	2.01945
1030000	-18.23631	0	-18.23631	0.172009	0.130102	0.304313	0.382982	0.161087	0.117978	1.87309	0.393254	1.43162
1040000	-27.25191	0	-27.25191	0.22218	0.101617	0.341387	0.240537	0.170103	0.0460263	1.49041	1.56189	0.0717263
1050000	-22.9833	0	-22.9833	0.106158	0.0317544	0.136444	0.283892	0.172512	0.213312	2.85822	0.58876	2.64638
1060000	-23.5595	0	-23.5595	0.147168	0.14905	0.173449	0.251341	0.147394	0.0842002	7.06704	2.20333	0.942532
1070000	-21.6443	0	-21.6443	0.105136	0.0985108	0.219903	0.388227	0.242001	0.225679	2.19295	0.631421	0.14429
1080000	-23.17559	0	-23.17559	0.271211	0.107169	0.145802	0.294296	0.143396	0.117492	3.52488	0.267232	1.14396
1090000	-18.81698	0	-18.81698	0.205517	0.16005	0.11098	0.528459	0.100714	0.091585	0.716501	0.601661	0.12827
1100000	-27.57212	0	-27.57212	0.0866499	0.195396	0.355628	0.333936	0.140056	0.0551603	3.96322	7.75085	1.7249
1110000	-18.80672	0	-18.80672	0.114875	0.0766081	0.154023	0.287927	0.0955161	0.129111	0.75025	2.61913	1.77433
1120000	-19.52828	0	-19.52828	0.165097	0.101289	0.242095	0.387056	0.0853446	0.063348	1.94444	0.342322	0.410664
1130000	-17.03803	0	-17.03803	0.070225	0.0870453	0.179045	0.448946	0.122934	0.0645236	1.75843	0.346961	0.755932
1140000	-21.30587	0	-21.30587	0.233646	0.091165	0.169041	0.259958	0.109754	0.238523	0.733445	1.24267	0.313875
1150000	-20.76682	0	-20.76682	0.0974846	0.266105	0.182967	0.35927	0.184683	0.12504	0.590011	0.555495	1.12744
1160000	-19.80711	0	-19.80711	0.0574828	0.0792732	0.248173	0.277119	0.193736	0.0988462	1.97156	1.87009	1.13129
1170000	-19.72087	0	-19.72087	0.286188	0.124394	0.160821	0.151265	0.082542	0.0707901	1.48285	1.14486	0.106626
1180000	-15.97315	0	-15.97315	0.0967257	0.167843	0.19435	0.319413	0.108621	0.0952256	2.75894	0.497457	0.926813
1190000	-19.47066	0	-19.47066	0.096018	0.153029	0.317299	0.231123	0.0503676	0.121499	2.85156	0.471299	0.48779
1200000	-21.1666	0	-21.1666	0.132398	0.153499	0.208903	0.133545	0.0879181	0.163407	0.959444	0.647553	0.046697
1210000	-19.97047	0	-19.97047	0.239862	0.119977	0.380074	0.533474	0.140121	0.0861933	1.02471	0.76196	0.742728
1220000	-21.91001	0	-21.91001	0.24186	0.108656	0.163012	0.168397	0.128213	0.0897475	4.42078	0.26091	0.54527
1230000	-21.58193	0	-21.58193	0.0489547	0.373005	0.168439	0.256011	0.09885	0.0822307	3.44835	1.05278	0.632966
1240000	-17.06273	0	-17.06273	0.110667	0.0815012	0.147966	0.350039	0.0766912	0.113318	1.55356	2.39225	1.18245
1250000	-16.21064	0	-16.21064	0.0624449	0.101517	0.166697	0.146789	0.120393	0.0957793	2.94061	1.10284	0.684868
1260000	-18.60459	0	-18.60459	0.223772	0.12323	0.191426	0.6122	0.0652424	0.068812	2.63939	1.28447	1.2781
1270000	-25.79051	0	-25.79051	0.130611	0.0623218	0.177296	0.823415	0.0680098	0.0268993	2.58436	0.450034	0.0803086
1280000	-22.77561	0	-22.77561	0.0848052	0.150075	0.293717	0.216692	0.168991	0.111545	0.51869	2.15281	3.27755
1290000	-21.58679	0	-21.58679	0.0796555	0.12291	0.183582	0.358485	0.281978	0.203479	1.24531	1.42628	1.34636
1300000	-17.16874	0	-17.16874	0.125275	0.0775733	0.101313	0.425784	0.07175	0.121116	1.98727	1.1118	0.641694
1310000	-21.94324	0	-21.94324	0.160071	0.0965461	0.162757	0.338757	0.168937	0.0335057	0.959342	2.84051	1.32261
1320000	-18.14781	0	-18.14781	0.184446	0.0547616	0.106725	0.148083	0.0747874	0.0857594	0.774945	3.19231	0.570663
1330000	-19.7336	0	-19.7336	0.0386087	0.13729	0.115861	0.287739	0.234895	0.0591601	1.26146	0.54023	0.972787
1340000	-26.92324	0	-26.92324	0.0589724	0.135182	0.0988082	0.186626	0.0710508	0.06344	6.83256	0.886206	1.83485
1350000	-16.23251	0	-16.23251	0.0689292	0.238532	0.107856	0.406192	0.0888534	0.0935441	2.2512	0.520636	0.609701
1360000	-20.59524	0	-20.59524	0.0790044	0.195365	0.065924	0.265773	0.231261	0.160401	2.82549	0.727383	0.340308
1370000	-21.4914	0	-21.4914	0.0670618	0.0908224	0.153016	0.139078	0.058595	0.0672934	2.78109	2.09005	2.11571
1380000	-18.50247	0	-18.50247	0.247765	0.0937492	0.215868	0.156343	0.0973691	0.188552	1.4081	0.54071	0.72182
1390000	-21.50861	0	-21.50861	0.0471024	0.0940206	0.413601	0.216989	0.134458	0.124444	2.34384	2.50608	0.275714
1400000	-18.84421	0	-18.84421	0.0795261	0.156426	0.131441	0.276646	0.0613866	0.109403	3.48866	0.830071	0.777342
1410000	-16.32834	0	-16.32834	0.108725	0.0753718	0.210269	0.278517	0.142512	0.0949645	1.63743	0.482703	0.52062
1420000	-20.74185	0	-20.74185	0.239921	0.234537	0.0913577	0.283401	0.123072	0.0838154	0.797448	2.49423	1.40404
1430000	-20.53567	0	-20.53567	0.114565	0.1017	0.241309	0.0735238	0.107441	0.126939	1.85387	0.427814	0.597841
1440000	-23.10215	0	-23.10215	0.290171	0.176337	0.101818	0.404815	0.156066	0.102484	1.40868	0.362049	1.96401
1450000	-19.29499	0	-19.29499	0.137033	0.114473	0.263678	0.294146	0.230439	0.0518778	1.39027	0.881936	0.351125
1460000	-21.74177	0	-21.74177	0.0762187	0.0914856	0.147964	0.751878	0.0923428	0.134782	1.81842	0.587949	3.31795
1470000	-24.56099	0	-24.56099	0.207684	0.109777	0.444149	0.240553	0.141992	0.166207	2.1559	0.250922	1.8725
1480000	-22.78595	0	-22.78595	0.126407	0.205394	0.144683	0.307863	0.193528	0.114002	5.44553	1.58855	1.91532
1490000	-19.33735	0	-19.33735	0.114981	0.124305	0.234214	0.109047	0.0911265	0.0817156	3.15573	2.46811	1.29711
1500000	-17.41853	0	-17.41853	0.121982	0.155002	0.127015	0.148655	0.0673237	0.153834	1.92315	0.682515	0.785717
1510000	-17.04415	0	-17.04415	0.10938	0.0577002	0.283945	0.250913	0.0761854	0.116272	1.35616	1.23284	2.90184
1520000	-22.61722	0	-22.61722	0.194116	0.271245	0.335175	0.46472	0.154748	0.144148	3.47331	2.24079	0.683705
1530000	-19.47189	0	-19.47189	0.14733	0.0814737	0.329345	0.304135	0.107158	0.102597	3.30171	0.875275	1.55038
1540000	-19.48011	0	-19.48011	0.150234	0.133366	0.0861767	0.325623	0.0923059	0.0388721	0.933561	0.693562	0.549341
1550000	-19.23799	0	-19.23799	0.0933853	0.0986666	0.190281	0.127943	0.131596	0.127957	2.21507	0.605412	0.897235
1560000	-20.86678	0	-20.86678	0.09582	0.0808764	0.105932	0.427031	0.133141	0.124832	1.25096	0.642302	2.29989
1570000	-18.40369	0	-18.40369	0.136481	0.148633	0.151327	0.21572	0.077189	0.173583	2.75312	0.254227	0.201088
1580000	-31.8911	0	-31.8911	0.17303	0.188285	0.15007	0.204671	0.262196	0.0666275	0.783932	0.443252	0.0585763
1590000	-20.08505	0	-20.08505	0.078494	0.133451	0.235192	0.115008	0.104164	0.187531	2.10905	3.66496	0.183713
1600000	-30.92925	0	-30.92925	0.241855	0.298656	0.128648	0.366596	0.0310367	0.18341	2.16308	0.27039	1.81059
1610000	-24.09968	0	-24.09968	0.166774	0.24819	0.128526	0.119216	0.141447	0.123304	2.8641	0.250585	0.126606
1620000	-19.82149	0	-19.82149	0.158959	0.0815136	0.140313	0.332233	0.057043	0.104753	1.50019	4.03527	1.32988
1630000	-20.30338	0	-20.30338	0.153026	0.16581	0.490868	0.366753	0.128821	0.0962557	2.10265	0.746612	0.922591
1640000	-22.24559	0	-22.24559	0.0956598	0.29984	0.0730557	0.308578	0.163015	0.0850884	1.19064	0.291997	0.124257
1650000	-21.00203	0	-21.00203	0.108343	0.0926573	0.164879	0.189439	0.0951274	0.140029	0.907398	1.04748	0.270863
1660000	-23.69816	0	-23.69816	0.122502	0.195379	0.119621	0.516304	0.193611	0.0590706	2.9452	0.709644	0.119593
1670000	-21.41884	0	-21.41884	0.0622052	0.119858	0.203889	0.459133	0.160901	0.0686682	1.0156	0.643252	2.35158
1680000	-19.67308	0	-19.67308	0.0593188	0.164133	0.232776	0.45869	0.0793112	0.131876	1.15567	0.402175	0.417592
1690000	-18.12652	0	-18.12652	0.103621	0.133066	0.110397	0.321293	0.0790233	0.166807	3.78724	1.11142	0.126062
1700000	-20.81839	0	-20.81839	0.0793069	0.125892	0.148717	0.424958	0.0840893	0.0735684	1.96803	0.111716	0.995329
1710000	-20.25119	0	-20.25119	0.132117	0.232338	0.43918	0.194852	0.129626	0.113507	2.18055	0.614714	0.346746
1720000	-20.84726	0	-20.84726	0.17941	0.133638	0.212389	0.255473	0.121233	0.195852	1.23536	0.817113	0.325727
1730000	-24.32331	0	-24.32331	0.228661	0.116208	0.176022	0.305907	0.0721958	0.350797	1.2311	3.35239	0.37968
1740000	-17.67774	0	-17.67774	0.159004	0.0599601	0.316064	0.190078	0.113717	0.0574843	1.43723	1.33401	0.220426
1750000	-18.72599	0	-18.72599	0.0762904	0.166207	0.266788	0.142997	0.0679025	0.0637992	2.52449	0.532894	0.29091
1760000	-16.79481	0	-16.79481	0.17768	0.125818	0.0864413	0.189101	0.0786802	0.0729015	1.23301	0.675528	0.837707
1770000	-24.1887	0	-24.1887	0.219697	0.162289	0.121987	0.145199	0.294622	0.129216	0.597539	0.913352	3.4598
1780000	-21.84492	0	-21.84492	0.0677608	0.162437	0.069285	0.389094	0.0358617	0.214712	1.11038	1.02576	0.424707
1790000	-20.54381	0	-20.54381	0.176097	0.0765533	0.240058	0.366288	0.114348	0.105291	2.45849	0.362542	0.176065
1800000	-15.57518	0	-15.57518	0.237686	0.099865	0.210356	0.305162	0.122183	0.128406	0.961541	0.847897	1.37794
1810000	-15.48136	0	-15.48136	0.0892833	0.14905	0.126778	0.28265	0.0770572	0.0876524	3.6512	0.809492	0.696728
1820000	-25.94569	0	-25.94569	0.112639	0.077519	0.631698	0.55945	0.0895426	0.0761686	0.46325	0.574361	1.72375
1830000	-15.34275	0	-15.34275	0.0767625	0.18673	0.10907	0.16079	0.114754	0.0968211	2.42846	0.816189	0.666934
1840000	-22.2162	0	-22.2162	0.350509	0.120695	0.12061	0.250577	0.0858432	0.233838	1.44154	1.77456	2.45798
1850000	-18.93651	0	-18.93651	0.0600716	0.12959	0.162029	0.447617	0.146707	0.0915962	2.11044	2.29805	1.24424
1860000	-21.80107	0	-21.80107	0.0809536	0.0602025	0.154624	0.193005	0.0757016	0.117176	3.04609	1.29911	1.47605
1870000	-17.27241	0	-17.27241	0.0861656	0.107844	0.139457	0.442164	0.086725	0.128778	2.63936	0.255562	1.63384
1880000	-19.34464	0	-19.34464	0.210817	0.102495	0.184031	0.305802	0.0962469	0.0934084	2.05292	2.96395	2.73214
1890000	-27.36152	0	-27.36152	0.307446	0.167352	0.146531	0.504937	0.0620691	0.266417	4.18539	1.01733	0.328671
1900000	-20.49493	0	-20.49493	0.27974	0.156713	0.1355	0.181505	0.0726294	0.153804	3.6417	1.36569	0.182533
1910000	-19.18867	0	-19.18867	0.186105	0.20669	0.235304	0.5984	0.0821781	0.0960206	2.49733	0.821935	1.97545
1920000	-19.85162	0	-19.85162	0.146572	0.19811	0.185842	0.192154	0.158464	0.0718395	2.83278	0.981292	1.45478
1930000	-18.81819	0	-18.81819	0.114975	0.244887	0.161845	0.288867	0.107879	0.0828774	3.34088	2.96912	0.590057
1940000	-16.99882	0	-16.99882	0.0988341	0.0778648	0.243545	0.315792	0.0710637	0.0818177	2.51907	1.37819	0.93403
1950000	-17.67196	0	-17.67196	0.110893	0.0942922	0.311099	0.263174	0.0598975	0.0616275	1.22535	1.61595	0.465842
1960000	-15.49419	0	-15.49419	0.16709	0.105961	0.129797	0.217451	0.111331	0.100932	3.41513	0.454653	0.813717
1970000	-20.69094	0	-20.69094	0.10779	0.0723462	0.217316	0.166321	0.166403	0.14217	0.73212	0.396249	1.31943
1980000	-21.28818	0	-21.28818	0.147102	0.222871	0.0801749	0.107969	0.0503912	0.0522778	2.09934	1.59585	0.675389
1990000	-23.50907	0	-23.50907	0.202264	0.201246	0.190045	0.37092	0.130508	0.119763	0.37805	2.31121	2.73362
2000000	-22.13011	0	-22.13011	0.109663	0.0471349	0.142051	0.606699	0.124759	0.132518	0.891739	1.18415	1.88439
2010000	-20.48521	0	-20.48521	0.09132	0.306751	0.36473	0.291573	0.104134	0.0633846	2.07852	0.675176	1.30074
2020000	-24.87126	0	-24.87126	0.124441	0.20206	0.13927	0.150273	0.296001	0.197695	1.39422	2.31136	2.4879
2030000	-17.47066	0	-17.47066	0.124993	0.0911088	0.151391	0.227799	0.116962	0.138736	1.86967	2.10145	0.244694
2040000	-16.23034	0	-16.23034	0.219483	0.11282	0.165494	0.207545	0.1172	0.0630438	1.64859	0.56865	0.698369
2050000	-18.51785	0	-18.51785	0.216811	0.172195	0.177198	0.120213	0.161081	0.0775301	1.20258	0.918863	1.76306
2060000	-21.84855	0	-21.84855	0.125746	0.122632	0.0888625	0.215566	0.103602	0.118438	1.21759	4.30841	0.707957
2070000	-20.88051	0	-20.88051	0.196816	0.148651	0.18533	0.183886	0.153599	0.0491816	4.36124	0.711365	0.844196
2080000	-22.49349	0	-22.49349	0.302765	0.0807082	0.21512	0.379275	0.0671455	0.110518	4.42363	1.01592	0.279513
2090000	-14.9968	0	-14.9968	0.1308	0.12178	0.260162	0.246967	0.0794264	0.111296	1.03647	0.759044	0.397193
2100000	-20.91192	0	-20.91192	0.108875	0.277851	0.223432	0.413685	0.100922	0.120985	2.0449	0.206986	1.08683
2110000	-24.81332	0	-24.81332	0.208511	0.0517668	0.095076	0.295841	0.180505	0.0799937	1.5161	0.78676	2.83431
2120000	-21.7117	0	-21.7117	0.131233	0.154801	0.166234	0.24027	0.0635868	0.231071	2.09198	0.474441	0.83101
2130000	-22.58706	0	-22.58706	0.132182	0.220082	0.170005	0.563358	0.129007	0.186974	1.19977	0.186511	1.15042
2140000	-16.81045	0	-16.81045	0.0949012	0.0742119	0.272858	0.278082	0.0992771	0.148462	2.59214	2.20399	1.32934
2150000	-20.35839	0	-20.35839	0.0815285	0.256695	0.153405	0.269995	0.22932	0.152205	3.3143	0.382444	0.323631
2160000	-26.90185	0	-26.90185	0.143607	0.282656	0.0995157	0.524114	0.131598	0.0517889	0.665466	0.560594	4.51997
2170000	-14.96516	0	-14.96516	0.127551	0.0770131	0.226293	0.175125	0.0502869	0.108269	1.72144	1.67864	1.25455
2180000	-19.38059	0	-19.38059	0.141446	0.116087	0.30819	0.322399	0.120957	0.0548205	2.37957	0.839351	1.19543
2190000	-22.65754	0	-22.65754	0.113102	0.0855728	0.0499834	0.25179	0.126463	0.0501001	0.633317	1.96074	0.0525297
2200000	-19.74188	0	-19.74188	0.112807	0.0538315	0.0942679	0.24567	0.117971	0.0742617	1.70774	0.763811	3.2226
2210000	-15.06903	0	-15.06903	0.153936	0.0843747	0.205746	0.21373	0.114971	0.0840159	1.88006	0.775038	0.314325
2220000	-20.17383	0	-20.17383	0.241242	0.0758086	0.0857449	0.247327	0.188621	0.144791	0.727451	0.713666	0.288473
2230000	-26.63726	0	-26.63726	0.10214	0.20325	0.460671	0.177732	0.254372	0.286637	4.68241	0.53878	0.306833
2240000	-21.15243	0	-21.15243	0.129577	0.171014	0.330031	0.122985	0.177842	0.103862	3.62508	0.85091	0.579122
2250000	-19.9739	0	-19.9739	0.0731525	0.167129	0.126805	0.388803	0.0570995	0.0672529	2.26192	2.42456	2.23405
2260000	-20.77987	0	-20.77987	0.0947724	0.129805	0.140727	0.289756	0.124604	0.149734	1.5092	0.532766	0.324722
2270000	-21.89238	0	-21.89238	0.179055	0.135854	0.131654	0.193343	0.16095	0.346285	0.53919	0.584583	0.208848
2280000	-19.64971	0	-19.64971	0.142483	0.0924503	0.144202	0.219115	0.174974	0.0376356	3.62433	2.44303	0.744589
2290000	-31.05365	0	-31.05365	0.0974574	0.277943	0.0958127	0.145401	0.306561	0.302216	2.11261	1.9049	1.46211
2300000	-22.06585	0	-22.06585	0.103509	0.147297	0.171578	0.184362	0.0902988	0.193857	5.41643	1.19656	0.138953
2310000	-22.78811	0	-22.78811	0.192646	0.117447	0.306536	0.182127	0.137422	0.159545	3.18378	0.243476	0.623466
2320000	-20.12992	0	-20.12992	0.153802	0.111678	0.168914	0.54295	0.0817972	0.201538	0.91975	1.64151	0.530034
2330000	-22.14573	0	-22.14573	0.0621121	0.138896	0.0556444	0.248385	0.0708894	0.0547717	1.24709	0.61217	0.704379
2340000	-21.49897	0	-21.49897	0.0675605	0.122825	0.158026	0.369092	0.130685	0.0341377	0.60069	0.593266	0.368722
2350000	-17.52097	0	-17.52097	0.110588	0.213372	0.111122	0.421567	0.113194	0.124258	1.51465	0.457904	0.431347
2360000	-20.47843	0	-20.47843	0.339567	0.196918	0.191772	0.304185	0.195824	0.130045	1.00317	1.98835	0.394968
2370000	-19.33243	0	-19.33243	0.112356	0.0789367	0.151806	0.15523	0.107722	0.0515727	4.12804	0.462608	1.85588
2380000	-17.96791	0	-17.96791	0.135337	0.100914	0.157232	0.300299	0.0828911	0.0333452	1.29643	1.48957	0.460618
2390000	-19.32577	0	-19.32577	0.153397	0.0859984	0.170526	0.222817	0.120661	0.108599	2.49539	1.06086	1.9761
2400000	-32.55725	0	-32.55725	0.117107	0.33268	0.105793	0.322865	0.0987429	0.179442	2.91783	0.584987	0.0616353
2410000	-17.25702	0	-17.25702	0.0983994	0.079546	0.276991	0.29411	0.101944	0.157621	0.806143	0.521593	1.34313
2420000	-20.51981	0	-20.51981	0.181681	0.0763434	0.209136	0.15425	0.167083	0.131808	0.640605	1.44031	0.58026
2430000	-18.67012	0	-18.67012	0.113821	0.287824	0.166037	0.281109	0.106947	0.0647227	3.30386	0.516267	0.896464
2440000	-18.62283	0	-18.62283	0.0887688	0.0593015	0.106941	0.252808	0.082363	0.0884547	0.896996	1.25512	0.536442
2450000	-16.60607	0	-16.60607	0.207096	0.143578	0.181294	0.359404	0.107406	0.136949	3.52176	0.90398	1.59477
2460000	-21.81416	0	-21.81416	0.0795721	0.0899001	0.129728	0.319427	0.0890973	0.259748	2.5165	0.517629	5.33957
2470000	-18.72816	0	-18.72816	0.198046	0.134561	0.201668	0.16093	0.101303	0.10028	4.18704	0.498759	0.286572
2480000	-27.64802	0	-27.64802	0.206728	0.281929	0.108497	0.353939	0.12239	0.03111	2.96459	0.849334	0.464026
2490000	-21.9928	0	-21.9928	0.264616	0.110553	0.193123	0.479987	0.123662	0.0903328	2.02949	0.292566	0.235525
2500000	-16.1416	0	-16.1416	0.155965	0.101827	0.151685	0.283341	0.0727271	0.102385	1.87861	2.29252	1.76796
2510000	-23.12108	0	-23.12108	0.167698	0.160096	0.110148	0.51624	0.143521	0.0825437	0.783096	1.18741	0.211567
2520000	-20.22728	0	-20.22728	0.213883	0.184216	0.131011	0.27404	0.149477	0.0797028	0.683515	0.90666	1.44302
2530000	-19.56012	0	-19.56012	0.0877361	0.177301	0.219412	0.211552	0.0881736	0.178885	3.22357	1.62255	0.0642132
2540000	-18.91312	0	-18.91312	0.170756	0.210568	0.116408	0.317355	0.0652824	0.139595	2.4307	3.10651	0.73558
2550000	-21.36682	0	-21.36682	0.285921	0.0813982	0.130863	0.24527	0.155057	0.128362	2.46256	1.04955	1.45147
2560000	-17.8895	0	-17.8895	0.161471	0.187802	0.160958	0.247986	0.131107	0.0769379	0.879003	2.25292	1.53937
2570000	-25.60221	0	-25.60221	0.09674	0.0538927	0.12964	0.367917	0.094119	0.130649	5.67417	0.423373	0.697665
2580000	-18.6532	0	-18.6532	0.0880235	0.0972848	0.288822	0.306118	0.170482	0.124393	1.08001	0.700725	0.195027
2590000	-23.6678	0	-23.6678	0.198373	0.134031	0.169161	0.231897	0.0437169	0.0357897	2.62732	0.248642	1.47514
2600000	-21.56809	0	-21.56809	0.248699	0.206634	0.190555	0.304474	0.108538	0.0902659	0.475862	1.50591	0.266314
2610000	-19.0703	0	-19.0703	0.129879	0.150841	0.168561	0.320653	0.143651	0.172051	1.94769	0.434363	0.631523
2620000	-19.57555	0	-19.57555	0.080467	0.131361	0.0963049	0.491706	0.0565778	0.116512	2.32358	0.53247	0.486379
2630000	-18.21178	0	-18.21178	0.147081	0.0677171	0.106825	0.359106	0.0721163	0.096397	2.21727	0.514164	0.846964
2640000	-24.23422	0	-24.23422	0.164246	0.169699	0.0798524	0.258424	0.109586	0.105603	0.70821	1.22605	2.76096
2650000	-19.84881	0	-19.84881	0.138297	0.166366	0.0981852	0.250643	0.0678035	0.135407	1.11963	0.126769	2.75774
2660000	-21.76672	0	-21.76672	0.330738	0.0898308	0.0878273	0.172693	0.11728	0.0696846	3.71364	1.20076	0.394591
2670000	-23.13311	0	-23.13311	0.143968	0.098751	0.221769	0.32582	0.164219	0.114196	4.498	0.721448	0.440619
2680000	-17.83726	0	-17.83726	0.101842	0.150281	0.229686	0.365489	0.210601	0.139137	0.901234	0.924718	1.78685
2690000	-24.99528	0	-24.99528	0.0782265	0.190984	0.238104	0.287014	0.184106	0.0733749	4.21352	0.196363	0.405731
2700000	-19.31296	0	-19.31296	0.1132	0.168558	0.296286	0.18436	0.0699211	0.0908067	4.54931	1.77129	1.20434
2710000	-26.74278	0	-26.74278	0.0927663	0.117855	0.0409316	0.234655	0.0393398	0.127718	4.7269	1.17269	1.77607
2720000	-23.55291	0	-23.55291	0.249411	0.13975	0.169006	0.429289	0.175592	0.137904	2.71522	0.247571	1.4732
2730000	-24.01656	0	-24.01656	0.11328	0.049532	0.140461	0.611184	0.162934	0.115234	5.11022	0.80811	0.268479
2740000	-18.15559	0	-18.15559	0.146176	0.0808972	0.189676	0.263895	0.0488351	0.137563	0.397285	1.09001	0.187127
2750000	-16.04233	0	-16.04233	0.120346	0.219526	0.18542	0.12804	0.0638502	0.0638826	1.52597	1.23829	0.61943
2760000	-19.70883	0	-19.70883	0.138814	0.171199	0.102098	0.386577	0.0799596	0.0812678	1.51431	0.756047	0.704002
2770000	-17.61851	0	-17.61851	0.138898	0.22969	0.145419	0.201351	0.0531416	0.123299	0.725293	0.328283	0.318662
2780000	-19.29375	0	-19.29375	0.139373	0.119146	0.162712	0.186925	0.0926248	0.14355	0.642636	0.497945	0.059175
2790000	-21.41037	0	-21.41037	0.307077	0.0755405	0.168502	0.194958	0.088229	0.148985	1.55859	0.374473	1.08615
2800000	-21.45607	0	-21.45607	0.149587	0.234215	0.129809	0.275001	0.0563473	0.105848	6.82055	0.706401	0.829391
2810000	-19.98715	0	-19.98715	0.163782	0.376018	0.113456	0.240228	0.108214	0.0987751	0.689107	0.443939	0.174067
2820000	-21.6381	0	-21.6381	0.21955	0.0520411	0.248514	0.649059	0.118885	0.092541	1.03591	0.716633	1.37855
2830000	-22.43707	0	-22.43707	0.0763068	0.100143	0.174766	0.27832	0.0523309	0.0652092	2.99642	1.65719	0.675994
2840000	-18.59828	0	-18.59828	0.108863	0.131182	0.279045	0.206951	0.0602371	0.084589	2.77448	0.774033	3.27391
2850000	-19.44263	0	-19.44263	0.161663	0.104838	0.118769	0.265758	0.117356	0.0741318	5.1179	1.1236	0.155184
2860000	-21.64742	0	-21.64742	0.0812145	0.0988069	0.0560759	0.267007	0.136432	0.0450142	1.41501	1.94418	0.586024
2870000	-24.60822	0	-24.60822	0.148174	0.122218	0.143732	0.380088	0.0942489	0.16047	3.00255	1.03212	3.87659
2880000	-19.26329	0	-19.26329	0.0682765	0.197433	0.118108	0.441523	0.135813	0.0571136	2.87445	0.444051	0.145809
2890000	-15.06175	0	-15.06175	0.078467	0.13049	0.194015	0.278776	0.124341	0.152505	1.10519	0.628843	0.73426
2900000	-19.42284	0	-19.42284	0.199959	0.106058	0.417839	0.257877	0.127154	0.184788	5.03658	0.722285	1.57149
2910000	-22.99628	0	-22.99628	0.0870608	0.304709	0.151147	0.290593	0.116035	0.160862	0.570553	0.436013	3.22806
2920000	-24.26365	0	-24.26365	0.171337	0.0932754	0.245795	0.215665	0.252073	0.0658895	3.0067	2.37545	0.151416
2930000	-18.23888	0	-18.23888	0.0844196	0.0730359	0.263039	0.174706	0.147449	0.089062	0.451769	0.585683	1.31455
2940000	-20.61321	0	-20.61321	0.127364	0.0853977	0.0659256	0.531226	0.156589	0.104307	5.49221	0.657727	0.571473
2950000	-20.59132	0	-20.59132	0.109283	0.0789356	0.167302	0.134962	0.160933	0.0652369	2.53271	1.31298	0.871107
2960000	-22.86065	0	-22.86065	0.161978	0.100124	0.37651	0.222212	0.100595	0.0934765	6.12131	2.01142	2.70019
2970000	-20.07171	0	-20.07171	0.138976	0.0435701	0.227622	0.7799	0.15545	0.14832	4.35225	1.3609	1.06596
2980000	-20.21201	0	-20.21201	0.241734	0.12558	0.179188	0.142974	0.126662	0.107197	3.58141	1.0873	1.42422
2990000	-17.59553	0	-17.59553	0.0894957	0.190854	0.212239	0.201635	0.0680396	0.119467	1.67243	0.855947	0.307748
3000000	-20.92893	0	-20.92893	0.122657	0.309111	0.130837	0.351372	0.102321	0.0391206	0.696906	0.455214	1.02906
3010000	-21.42372	0	-21.42372	0.06578	0.065362	0.102522	0.271865	0.152502	0.0968097	1.19532	1.23482	1.25335
3020000	-21.1441	0	-21.1441	0.208442	0.131724	0.053432	0.341491	0.15885	0.127511	1.27326	1.34848	1.45164
3030000	-15.59184	0	-15.59184	0.110712	0.122975	0.201091	0.191221	0.0748314	0.0975887	1.40363	1.41605	1.61186
3040000	-21.82816	0	-21.82816	0.0901881	0.159109	0.233702	0.318446	0.0721235	0.160528	1.54676	1.23943	0.294483
3050000	-27.00876	0	-27.00876	0.194718	0.0587518	0.258176	0.219511	0.150223	0.0815417	9.31284	0.524763	0.470681
3060000	-21.32636	0	-21.32636	0.170099	0.205906	0.139381	0.140651	0.0726606	0.12929	4.56637	0.317911	2.57726
3070000	-21.26903	0	-21.26903	0.0931756	0.134838	0.158987	0.447646	0.0597708	0.121945	0.948493	2.96944	2.28185
3080000	-27.65526	0	-27.65526	0.338681	0.138704	0.157338	0.459571	0.0553782	0.107024	1.24102	0.268009	5.62965
3090000	-17.14196	0	-17.14196	0.0612982	0.131886	0.270023	0.119623	0.098264	0.141992	1.65824	0.631359	0.941162
3100000	-15.47782	0	-15.47782	0.0802429	0.209138	0.132439	0.408382	0.0950997	0.0855369	1.75812	0.604626	0.747357
3110000	-18.53474	0	-18.53474	0.0683495	0.12132	0.055254	0.214619	0.0390512	0.119261	2.15175	0.605751	0.383914
3120000	-20.84941	0	-20.84941	0.0741349	0.131005	0.113771	0.449653	0.129539	0.0667213	2.05642	0.401819	1.28207
3130000	-16.31441	0	-16.31441	0.106053	0.139789	0.148889	0.161319	0.161588	0.120925	1.86189	0.528305	0.641078
3140000	-18.26296	0	-18.26296	0.102685	0.178443	0.137882	0.151097	0.195202	0.133291	2.80709	1.23716	1.02594
3150000	-18.57877	0	-18.57877	0.0963174	0.111964	0.16734	0.287233	0.0609385	0.109317	2.56785	0.941623	1.12132
3160000	-23.89135	0	-23.89135	0.0698221	0.0830542	0.204749	0.35856	0.139222	0.192205	3.33122	0.867683	0.238541
3170000	-22.36127	0	-22.36127	0.0983467	0.122345	0.255303	0.647306	0.0452598	0.279872	1.76265	1.03021	0.502211
3180000	-26.68192	0	-26.68192	0.175001	0.05158	0.1353	0.550218	0.0778127	0.0713932	2.99862	4.02536	1.29898
3190000	-18.36545	0	-18.36545	0.250805	0.0995121	0.174571	0.261314	0.0781579	0.0310017	1.10266	0.521637	0.707974
3200000	-18.74966	0	-18.74966	0.114915	0.127603	0.184702	0.22838	0.059106	0.227292	3.52661	1.2082	0.568243
3210000	-17.73745	0	-17.73745	0.134226	0.111063	0.0727153	0.189065	0.0681394	0.122792	0.606715	1.2509	0.461075
3220000	-18.25611	0	-18.25611	0.153275	0.0953001	0.200675	0.277632	0.0539282	0.143179	1.553	2.03424	0.361872
3230000	-22.31345	0	-22.31345	0.0908936	0.17456	0.0715189	0.299533	0.214386	0.0685741	3.5219	0.968662	0.0436275
3240000	-16.15638	0	-16.15638	0.137198	0.247793	0.149553	0.148842	0.108609	0.110179	1.67601	0.594006	1.06457
3250000	-21.74661	0	-21.74661	0.156574	0.0622439	0.0614848	0.267103	0.159023	0.0496018	1.79646	2.89355	0.357786
3260000	-19.13632	0	-19.13632	0.169461	0.176317	0.12389	0.365206	0.0733056	0.23809	2.6215	1.0088	1.74412
3270000	-19.32001	0	-19.32001	0.153356	0.131294	0.116812	0.232736	0.0726096	0.0501195	1.70275	2.54025	0.627671
3280000	-24.49801	0	-24.49801	0.17484	0.0747924	0.198998	0.257914	0.110142	0.115405	4.56633	0.345772	3.08461
3290000	-25.65637	0	-25.65637	0.1485	0.0798514	0.230118	0.281672	0.149648	0.136981	4.82463	0.429429	1.80021
3300000	-21.96283	0	-21.96283	0.125716	0.176825	0.0519072	0.479093	0.105764	0.069145	1.31124	0.534452	0.968263
3310000	-16.06692	0	-16.06692	0.137029	0.152323	0.263017	0.295676	0.108862	0.154487	2.29553	0.509504	1.56501
3320000	-18.20541	0	-18.20541	0.174786	0.17905	0.17686	0.22886	0.137373	0.0492144	1.29366	0.635934	0.602528
3330000	-19.49515	0	-19.49515	0.0608274	0.150291	0.184656	0.243434	0.103607	0.108639	1.39294	0.760365	2.46702
3340000	-21.48545	0	-21.48545	0.154989	0.124864	0.153987	0.282375	0.0764133	0.141825	1.29847	1.43699	1.32106
3350000	-21.19376	0	-21.19376	0.171041	0.0554815	0.339692	0.171322	0.0554086	0.0809432	1.46754	1.32906	0.301927
3360000	-18.91579	0	-18.91579	0.290718	0.0800911	0.0979242	0.324688	0.0869484	0.0457769	1.65166	0.808183	0.45841
3370000	-21.26347	0	-21.26347	0.220917	0.154288	0.106908	0.562223	0.0760875	0.0512049	2.27743	0.238823	0.455301
3380000	-16.49829	0	-16.49829	0.107807	0.117514	0.131934	0.298299	0.126456	0.125908	3.16182	0.355613	1.06397
3390000	-18.08645	0	-18.08645	0.10539	0.112829	0.0983203	0.23922	0.259115	0.074196	2.65986	1.25138	0.234396
3400000	-22.16986	0	-22.16986	0.111928	0.0367665	0.188906	0.469478	0.0411179	0.16169	1.39128	3.42011	0.607362
3410000	-19.21726	0	-19.21726	0.0630637	0.103106	0.213845	0.268647	0.0764523	0.190483	2.32619	0.807422	0.458221
3420000	-20.0829	0	-20.0829	0.156463	0.190089	0.0792544	0.361151	0.07259	0.163378	2.57871	2.05816	2.75758
3430000	-17.87986	0	-17.87986	0.117966	0.138637	0.221703	0.155126	0.0511419	0.117527	3.27222	0.247371	1.67326
3440000	-24.91475	0	-24.91475	0.136739	0.0607318	0.111263	0.272029	0.0479669	0.0303218	2.83395	1.19694	0.0565737
3450000	-21.19767	0	-21.19767	0.153258	0.175416	0.276766	0.270146	0.0846641	0.285939	1.72416	1.5627	5.29748
3460000	-17.08146	0	-17.08146	0.0844644	0.191446	0.0977803	0.353654	0.114549	0.0929619	1.55693	0.521164	0.652412
3470000	-23.72629	0	-23.72629	0.114352	0.208408	0.0937026	0.504371	0.211462	0.144192	1.13332	1.28797	0.499798
3480000	-17.86939	0	-17.86939	0.134197	0.194674	0.118558	0.39614	0.12785	0.0949153	2.87522	0.949043	1.28141
3490000	-18.95365	0	-18.95365	0.137719	0.0694962	0.156956	0.219719	0.0736403	0.0414198	0.713355	0.392711	0.204001
3500000	-17.00768	0	-17.00768	0.082913	0.271116	0.156941	0.20729	0.0991883	0.0600056	1.42813	0.737169	0.363052
3510000	-21.42016	0	-21.42016	0.142323	0.106758	0.156805	0.232112	0.0497064	0.113783	1.0309	2.0298	0.018246
3520000	-22.49752	0	-22.49752	0.114832	0.0960359	0.0676993	0.254232	0.244449	0.121234	2.28567	4.13848	0.456513
3530000	-19.48289	0	-19.48289	0.0852351	0.254816	0.204429	0.363159	0.086771	0.0394149	1.6295	0.391951	0.684389
3540000	-21.94171	0	-21.94171	0.097531	0.0840006	0.226115	0.319455	0.0982899	0.209716	4.32425	1.29555	0.689377
3550000	-21.13294	0	-21.13294	0.180362	0.165949	0.103235	0.401942	0.0413318	0.0569584	1.12546	0.438197	4.17746
3560000	-20.00614	0	-20.00614	0.157313	0.0486855	0.318401	0.147209	0.0696427	0.262491	0.643396	0.529949	0.465137
3570000	-17.81265	0	-17.81265	0.123142	0.117009	0.173101	0.175311	0.21646	0.159676	2.05802	0.492731	0.346274
3580000	-16.79326	0	-16.79326	0.0370308	0.153061	0.168626	0.360837	0.0779576	0.163142	2.58092	0.476927	1.38533
3590000	-22.6713	0	-22.6713	0.362622	0.104511	0.0859896	0.418058	0.0704739	0.113136	3.27625	0.745967	1.18113
3600000	-21.09028	0	-21.09028	0.209865	0.283677	0.206263	0.166798	0.0855595	0.129799	6.10058	0.835144	1.64792
3610000	-22.08206	0	-22.08206	0.152627	0.182604	0.328643	0.20778	0.0862029	0.18142	1.60723	0.154066	0.352643
3620000	-19.69314	0	-19.69314	0.172774	0.200256	0.239576	0.389034	0.120273	0.0555777	1.29097	2.94334	0.937564
3630000	-21.62517	0	-21.62517	0.0920629	0.0568485	0.108987	0.278059	0.189386	0.115237	1.90132	0.551113	2.83142
3640000	-21.23044	0	-21.23044	0.295157	0.0600569	0.15922	0.169691	0.14047	0.122754	1.67143	0.986639	3.03218
3650000	-19.53095	0	-19.53095	0.0785425	0.0786695	0.222628	0.374173	0.167367	0.095232	2.86255	0.4934	1.03037
3660000	-21.41282	0	-21.41282	0.222057	0.325497	0.231074	0.385843	0.0716668	0.0739197	0.711366	0.868295	0.566469
3670000	-23.28397	0	-23.28397	0.220398	0.0623843	0.485799	0.478767	0.159587	0.151889	2.0176	2.00037	0.404304
3680000	-21.71968	0	-21.71968	0.162981	0.120997	0.29328	0.267876	0.0666094	0.341994	0.735813	0.367841	0.184124
3690000	-17.35027	0	-17.35027	0.114816	0.133613	0.171457	0.289537	0.146953	0.097028	3.13519	0.506284	0.192555
3700000	-19.47421	0	-19.47421	0.0771624	0.0831494	0.118714	0.298247	0.0643069	0.15016	2.49873	0.482948	0.28572
3710000	-19.87139	0	-19.87139	0.18763	0.195553	0.143078	0.19854	0.257985	0.0976128	2.1021	1.03751	0.59043
3720000	-15.63116	0	-15.63116	0.079458	0.106102	0.113141	0.162016	0.123618	0.0816975	2.3329	0.564318	1.65431
3730000	-24.18426	0	-24.18426	0.162364	0.0481058	0.0983678	0.484451	0.168411	0.0412565	0.959165	1.50625	0.172467
3740000	-19.1634	0	-19.1634	0.245208	0.157187	0.0617729	0.304934	0.111922	0.0961129	1.94559	1.1857	1.09795
3750000	-20.23624	0	-20.23624	0.0608278	0.198904	0.13737	0.337173	0.0841696	0.103282	1.37123	0.108124	2.69366
3760000	-20.9814	0	-20.9814	0.0836558	0.0829471	0.0872381	0.185979	0.0670815	0.128226	1.83432	0.491622	0.350983
3770000	-17.72419	0	-17.72419	0.168989	0.0850722	0.111579	0.290576	0.0366642	0.0976812	1.01691	0.641138	1.47699
3780000	-19.67389	0	-19.67389	0.146438	0.144074	0.104047	0.228806	0.241339	0.147996	1.71843	1.10392	0.407972
3790000	-18.43285	0	-18.43285	0.193881	0.134864	0.280325	0.381393	0.0696649	0.0798142	1.60017	1.28421	0.532079
3800000	-22.52893	0	-22.52893	0.166318	0.308025	0.13491	0.151122	0.0662335	0.0961732	3.12015	0.386073	0.36731
3810000	-23.29785	0	-23.29785	0.0846226	0.362588	0.215415	0.179829	0.0533343	0.122676	3.11285	0.885395	1.75776
3820000	-18.85354	0	-18.85354	0.126293	0.200696	0.239836	0.396586	0.0865165	0.107734	2.77738	2.99847	1.14789
3830000	-18.17415	0	-18.17415	0.0618381	0.132213	0.161136	0.382201	0.146054	0.185993	1.54868	0.211022	0.968288
3840000	-24.46764	0	-24.46764	0.0716303	0.0312686	0.180706	0.304766	0.126924	0.055293	0.455359	0.32462	0.185232
3850000	-16.60592	0	-16.60592	0.0918651	0.112326	0.14266	0.376063	0.0703094	0.171992	2.6494	0.411808	0.848728
3860000	-24.73677	0	-24.73677	0.0877866	0.115748	0.488441	0.662271	0.115973	0.118428	1.27188	2.75266	0.707811
3870000	-24.235	0	-24.235	0.276261	0.105231	0.217243	0.22078	0.0459475	0.0811342	1.94612	0.673462	2.53951
3880000	-28.1273	0	-28.1273	0.132871	0.281828	0.406872	0.58918	0.0848466	0.141024	0.863646	2.32724	1.0435
3890000	-15.41097	0	-15.41097	0.150482	0.131737	0.274721	0.292755	0.069041	0.0896252	2.57467	0.555681	0.594249
3900000	-20.75723	0	-20.75723	0.141794	0.141088	0.126493	0.369576	0.243948	0.0891252	1.69836	1.22661	0.811787
3910000	-22.33575	0	-22.33575	0.0557223	0.117018	0.338454	0.40025	0.146259	0.100078	2.963	0.390377	0.345962
3920000	-19.90448	0	-19.90448	0.0838212	0.115439	0.118181	0.233752	0.0634657	0.0610321	1.3398	0.393728	0.534398
3930000	-18.66383	0	-18.66383	0.107327	0.107536	0.268202	0.208839	0.103013	0.0804872	4.54267	0.511691	0.501992
3940000	-20.39885	0	-20.39885	0.178505	0.0969485	0.257039	0.418383	0.111841	0.0897438	2.80368	5.26596	0.51201
3950000	-23.44948	0	-23.44948	0.0705381	0.144253	0.312567	0.268315	0.153742	0.158381	1.119	3.57849	0.282846
3960000	-18.27744	0	-18.27744	0.215293	0.174918	0.185195	0.19273	0.209044	0.14875	1.81863	0.505814	1.75696
3970000	-19.83548	0	-19.83548	0.158348	0.0801744	0.280207	0.310463	0.102719	0.129396	1.83266	0.710439	0.390519
3980000	-24.74045	0	-24.74045	0.0948552	0.0777588	0.163424	0.388947	0.0518433	0.171812	5.82483	2.65795	1.01292
3990000	-23.34548	0	-23.34548	0.213569	0.0357951	0.22365	0.425363	0.121822	0.15934	2.98085	0.771362	0.81744
4000000	-23.25789	0	-23.25789	0.0593337	0.061215	0.373232	0.0688573	0.0945827	0.0934156	4.58374	1.13396	0.482005
4010000	-19.48885	0	-19.48885	0.0892977	0.11485	0.173303	0.259899	0.09506	0.220508	2.93564	1.35517	0.10768
4020000	-16.51375	0	-16.51375	0.0991643	0.159989	0.263334	0.199625	0.0714602	0.0985095	1.84126	1.49088	1.5981
4030000	-18.08286	0	-18.08286	0.0855055	0.174481	0.170291	0.352802	0.0558809	0.109844	0.584108	0.606098	4.5317
4040000	-21.01561	0	-21.01561	0.0986745	0.140503	0.355348	0.420964	0.118461	0.199601	2.3735	0.698224	3.14388
4050000	-23.94052	0	-23.94052	0.211199	0.185862	0.149892	0.149038	0.243057	0.130095	1.71365	2.18286	0.615672
4060000	-17.80474	0	-17.80474	0.0696383	0.118188	0.108786	0.253438	0.100038	0.122117	1.77646	1.20848	1.67512
4070000	-20.74781	0	-20.74781	0.0875	0.22616	0.127071	0.36909	0.173379	0.0668683	2.15328	0.60246	0.9626
4080000	-15.57962	0	-15.57962	0.100086	0.115329	0.0914411	0.175688	0.0903257	0.146291	3.40544	0.604378	0.602028
4090000	-17.66314	0	-17.66314	0.0819592	0.128028	0.199988	0.356448	0.0650333	0.0568617	2.10299	1.99716	1.19957
4100000	-18.35141	0	-18.35141	0.185374	0.0669463	0.120072	0.3824	0.156968	0.0589952	1.58065	2.04778	0.282878
4110000	-20.26654	0	-20.26654	0.0845332	0.116773	0.297168	0.314548	0.0575411	0.0806353	0.830139	0.230221	0.445434
4120000	-19.08679	0	-19.08679	0.0779508	0.200473	0.257182	0.17941	0.135829	0.120355	3.75031	1.38437	0.902746
4130000	-21.48424	0	-21.48424	0.427526	0.171347	0.22513	0.21436	0.102404	0.068255	1.93883	0.884525	0.402864
4140000	-17.17239	0	-17.17239	0.126276	0.0942103	0.151571	0.175114	0.126576	0.0971723	2.40981	1.77028	1.42391
4150000	-16.96894	0	-16.96894	0.11548	0.169419	0.100609	0.315485	0.107952	0.0525666	0.883475	0.334225	1.16174
4160000	-17.56115	0	-17.56115	0.0848459	0.224942	0.124877	0.305712	0.199576	0.130021	2.20351	2.28324	0.627267
4170000	-18.98277	0	-18.98277	0.127128	0.171105	0.153498	0.220694	0.11219	0.14264	4.07119	1.56955	0.316219
4180000	-14.88416	0	-14.88416	0.0959739	0.0747639	0.168767	0.449156	0.122653	0.122236	2.22938	0.535125	1.08907
4190000	-16.83775	0	-16.83775	0.149422	0.0867217	0.138019	0.26566	0.152647	0.250616	0.837827	1.3935	1.2892
4200000	-20.50592	0	-20.50592	0.0934903	0.2141	0.0611786	0.310006	0.251966	0.0983312	2.30139	0.192223	0.343396
4210000	-20.85224	0	-20.85224	0.152459	0.254501	0.0831618	0.171828	0.0997094	0.0653302	1.00082	0.784551	5.04461
4220000	-21.3769	0	-21.3769	0.174084	0.077402	0.213	0.287208	0.166922	0.122229	3.4935	0.768534	0.755293
4230000	-21.20185	0	-21.20185	0.14214	0.221182	0.126037	0.100262	0.098416	0.0963108	2.83399	0.864603	1.85328
4240000	-22.54003	0	-22.54003	0.0367415	0.332513	0.36165	0.142749	0.110935	0.0907951	1.48368	0.6839	1.51179
4250000	-19.42935	0	-19.42935	0.110062	0.142359	0.0816609	0.405842	0.0962303	0.0710289	0.861904	1.42395	1.68736
4260000	-20.38028	0	-20.38028	0.158405	0.116075	0.177012	0.700867	0.165621	0.105949	2.49589	0.697423	2.84715
4270000	-16.60048	0	-16.60048	0.0403727	0.162708	0.147311	0.203809	0.103167	0.0901482	1.32286	1.65165	0.392418
4280000	-19.13527	0	-19.13527	0.178278	0.0926334	0.183508	0.198188	0.101618	0.0626541	3.16028	1.0772	0.872716
4290000	-18.41169	0	-18.41169	0.0873753	0.194647	0.070119	0.222107	0.0367778	0.138169	0.738156	1.76923	1.02407
4300000	-24.44884	0	-24.44884	0.212682	0.158473	0.0701294	0.426342	0.163914	0.123368	5.57283	0.51715	2.70064
4310000	-20.02983	0	-20.02983	0.107061	0.110531	0.145774	0.129252	0.0828156	0.046442	0.914152	0.536989	2.20417
4320000	-24.35596	0	-24.35596	0.149791	0.285281	0.0821642	0.509959	0.11729	0.109633	1.78328	0.762847	0.878862
4330000	-22.05409	0	-22.05409	0.143162	0.077321	0.178735	0.413914	0.0544124	0.128897	4.32754	0.442276	2.36314
4340000	-16.18057	0	-16.18057	0.065425	0.132233	0.199944	0.363799	0.051546	0.0858632	3.19821	0.43994	0.870839
4350000	-17.92332	0	-17.92332	0.103002	0.185211	0.137807	0.2071	0.0671287	0.100575	0.430261	0.342736	0.924728
4360000	-16.82086	0	-16.82086	0.165462	0.184326	0.100947	0.500728	0.11978	0.0847541	1.07115	0.656859	0.81201
4370000	-19.44219	0	-19.44219	0.053781	0.154585	0.170476	0.337183	0.0624608	0.150558	1.4391	0.74974	3.35503
4380000	-19.67313	0	-19.67313	0.0952422	0.241419	0.26345	0.233841	0.119469	0.140903	1.92277	0.340022	0.560909
4390000	-19.53002	0	-19.53002	0.229098	0.0963971	0.176425	0.256645	0.0656774	0.0581684	0.773351	1.55559	0.0797385
4400000	-18.80623	0	-18.80623	0.138486	0.0960436	0.172627	0.110914	0.0746771	0.117863	1.89858	1.46588	0.491143
4410000	-18.34748	0	-18.34748	0.122553	0.108869	0.21196	0.731704	0.0748637	0.151536	3.18891	0.561758	2.02538
4420000	-15.42469	0	-15.42469	0.0987112	0.125046	0.184648	0.262685	0.0656503	0.127576	1.3364	0.405124	0.513178
4430000	-16.62884	0	-16.62884	0.0766147	0.0789668	0.0860363	0.264814	0.0398261	0.0621187	2.01966	1.07434	0.97032
4440000	-18.60947	0	-18.60947	0.0703102	0.128808	0.108127	0.372679	0.112439	0.0709657	2.73587	0.134124	0.542593
4450000	-16.73555	0	-16.73555	0.105734	0.078228	0.173837	0.326993	0.137079	0.112002	1.12028	0.914331	2.06417
4460000	-16.05234	0	-16.05234	0.229874	0.189057	0.10565	0.239864	0.0816687	0.0867296	2.35016	0.631396	0.470332
4470000	-19.97066	0	-19.97066	0.0683063	0.15641	0.173224	0.331674	0.130527	0.10201	0.76425	0.542998	2.65429
4480000	-18.25495	0	-18.25495	0.122478	0.215856	0.282094	0.338054	0.132268	0.106816	2.57352	0.199329	2.64833
4490000	-15.3644	0	-15.3644	0.165907	0.0726887	0.17617	0.303125	0.096203	0.0607955	2.59095	0.447902	0.240524
4500000	-17.42939	0	-17.42939	0.131135	0.0534073	0.261238	0.28401	0.100658	0.126758	4.04285	1.33086	0.215157
4510000	-19.47534	0	-19.47534	0.202784	0.182775	0.0971456	0.24172	0.0787866	0.0725048	2.06447	1.70591	1.15548
4520000	-24.78629	0	-24.78629	0.145756	0.133462	0.0771807	0.337689	0.168726	0.0978724	2.79819	2.74977	1.89454
4530000	-18.68535	0	-18.68535	0.122985	0.136036	0.0716303	0.33201	0.0638795	0.0580393	1.39856	0.474342	0.683463
4540000	-16.15338	0	-16.15338	0.104572	0.190867	0.276199	0.22283	0.123762	0.128284	1.86429	0.413229	0.711032
4550000	-19.05899	0	-19.05899	0.152889	0.201006	0.153818	0.252161	0.0827064	0.250951	2.43997	2.1848	0.714758
4560000	-27.18451	0	-27.18451	0.128961	0.132864	0.341849	0.358923	0.156269	0.0206125	2.56519	0.116003	4.42733
4570000	-17.75748	0	-17.75748	0.0922951	0.100727	0.145491	0.27318	0.0847525	0.0803255	1.55405	1.5089	1.21501
4580000	-18.15549	0	-18.15549	0.134775	0.135561	0.132316	0.157855	0.0880091	0.110757	2.12291	0.27808	0.292143
4590000	-21.52757	0	-21.52757	0.32813	0.260135	0.0740271	0.32392	0.135621	0.105661	2.69678	2.06971	0.627946
4600000	-20.60652	0	-20.60652	0.0928145	0.0562244	0.15368	0.181018	0.129555	0.0492429	1.1268	2.88337	0.18447
4610000	-18.654	0	-18.654	0.145411	0.128006	0.119075	0.354752	0.0995073	0.209274	2.33268	1.41797	1.59234
4620000	-21.32026	0	-21.32026	0.0853374	0.203965	0.0819517	0.42761	0.0797254	0.139738	1.34182	0.341775	1.42998
4630000	-20.97925	0	-20.97925	0.0779735	0.224612	0.151451	0.211752	0.0509704	0.0832908	1.68059	0.625264	2.90616
4640000	-22.00216	0	-22.00216	0.0895599	0.0612232	0.27109	0.126388	0.201148	0.108947	1.63124	0.195022	2.15154
4650000	-18.82652	0	-18.82652	0.13037	0.113482	0.462319	0.133977	0.125795	0.101121	1.33735	0.684881	0.99955
4660000	-20.62016	0	-20.62016	0.0812388	0.0580967	0.212941	0.248795	0.124463	0.125611	3.08458	2.73617	0.852686
4670000	-20.74134	0	-20.74134	0.24796	0.0710264	0.232658	0.245365	0.0645877	0.190766	2.14181	0.35901	0.223664
4680000	-22.14474	0	-22.14474	0.165556	0.0812733	0.225712	0.177307	0.0923772	0.0635798	1.16444	0.508968	1.70281
4690000	-22.58139	0	-22.58139	0.0877881	0.165221	0.112695	0.437472	0.408277	0.0813037	2.93879	0.610272	0.563154
4700000	-20.03718	0	-20.03718	0.117438	0.116104	0.230832	0.266889	0.0544459	0.111893	0.988267	0.902759	0.589324
4710000	-19.6291	0	-19.6291	0.120852	0.0722861	0.266167	0.519632	0.211179	0.124695	0.771743	1.82048	0.512385
4720000	-20.8982	0	-20.8982	0.166796	0.142536	0.255436	0.308705	0.15555	0.186635	1.65203	0.611906	0.186493
4730000	-22.54497	0	-22.54497	0.100658	0.182308	0.692437	0.275763	0.0903293	0.0570522	4.18828	2.5837	1.70624
4740000	-20.05499	0	-20.05499	0.122121	0.133015	0.0916294	0.400964	0.102783	0.111389	3.75664	0.73622	0.317156
4750000	-19.15266	0	-19.15266	0.0742327	0.0833684	0.173571	0.161292	0.126546	0.136245	2.40476	1.08557	1.03171
4760000	-19.62495	0	-19.62495	0.169248	0.110458	0.0805987	0.273754	0.14896	0.078725	3.50822	0.463837	2.05527
4770000	-21.93129	0	-21.93129	0.0848157	0.106968	0.139647	0.276378	0.093175	0.0567773	3.66839	0.427629	0.120072
4780000	-23.32717	0	-23.32717	0.2186	0.1055	0.224766	0.168797	0.104943	0.137049	2.4218	2.32385	0.212425
4790000	-23.54403	0	-23.54403	0.207925	0.0971047	0.41779	0.182004	0.072037	0.19795	2.82425	0.635306	0.167038
4800000	-19.69923	0	-19.69923	0.150544	0.12117	0.175206	0.413456	0.133302	0.11899	0.507232	1.34474	1.14395
4810000	-19.97607	0	-19.97607	0.124529	0.160086	0.302787	0.357118	0.0452727	0.0740102	1.56136	0.360848	0.166403
4820000	-16.48409	0	-16.48409	0.121649	0.119358	0.147894	0.117168	0.07743	0.0955912	1.90952	1.36641	0.319858
4830000	-17.3724	0	-17.3724	0.150736	0.0389555	0.230795	0.249068	0.0840031	0.092771	1.80095	0.735251	0.611776
4840000	-18.53816	0	-18.53816	0.0788632	0.120071	0.106606	0.463311	0.149426	0.118291	2.33172	0.376128	2.3914
4850000	-23.65937	0	-23.65937	0.102803	0.275932	0.20192	0.107987	0.0482216	0.103708	1.34564	1.30973	1.06536
4860000	-20.08519	0	-20.08519	0.091765	0.0431533	0.234264	0.376392	0.0467794	0.116549	0.890584	1.22189	0.276114
4870000	-26.15654	0	-26.15654	0.113445	0.067515	0.154037	0.148994	0.114257	0.165539	8.62472	1.27032	1.22701
4880000	-18.8721	0	-18.8721	0.271785	0.128453	0.249538	0.478993	0.0843943	0.163566	2.87048	0.956735	2.39473
4890000	-17.85314	0	-17.85314	0.242671	0.125657	0.211902	0.200376	0.166152	0.123441	0.737277	1.76031	0.175728
4900000	-19.65819	0	-19.65819	0.0680638	0.15084	0.188169	0.236056	0.0587162	0.0776744	1.56465	0.762062	0.738697
4910000	-17.07706	0	-17.07706	0.058327	0.201374	0.210424	0.341246	0.111682	0.151599	0.878185	0.713755	0.732364
4920000	-15.5562	0	-15.5562	0.080824	0.141104	0.16958	0.2273	0.103472	0.100521	1.02796	0.561501	0.495715
4930000	-20.39557	0	-20.39557	0.0401979	0.126229	0.216317	0.233137	0.0716911	0.298274	2.48531	0.774065	0.304539
4940000	-14.9938	0	-14.9938	0.11307	0.0972433	0.331897	0.169576	0.057293	0.109264	1.94317	0.57855	0.891065
4950000	-24.71998	0	-24.71998	0.0399816	0.0508828	0.077168	0.33681	0.146486	0.13852	1.31919	0.229616	0.493066
4960000	-28.61507	0	-28.61507	0.0820708	0.149538	0.136117	0.41286	0.069002	0.0681012	3.00713	0.237242	0.833811
4970000	-22.61334	0	-22.61334	0.202278	0.145868	0.139098	0.204476	0.0316091	0.113623	2.49677	1.7112	0.360723
4980000	-18.40676	0	-18.40676	0.0715357	0.0592246	0.172106	0.173913	0.178551	0.0976926	2.28497	1.18773	0.903566
4990000	-23.18504	0	-23.18504	0.191209	0.120923	0.0811329	0.231844	0.0672547	0.0622656	3.14334	1.51073	4.60532
5000000	-16.80764	0	-16.80764	0.0940481	0.153698	0.131823	0.347615	0.0766616	0.0930913	1.5194	0.894675	0.901353
