Iteration	Posterior	Likelihood	Prior	lambda[1]	lambda[2]	lambda[3]	mu[1]	mu[2]	mu[3]	psi[1]	psi[2]	psi[3]
0	-84.44323	0	-84.44323	0.323219	0.176468	0.161947	0.123991	0.116218	0.128941	0.168241	0.706391	2.0622
10000	-45.26284	0	-45.26284	0.092022	0.381712	0.143157	0.306474	0.144333	0.0832859	2.98115	0.252665	0.126655
20000	-36.34981	0	-36.34981	0.195827	0.18994	0.174952	0.284596	0.0963543	0.115808	2.83116	0.413944	0.91501
30000	-37.01689	0	-37.01689	0.126468	0.14977	0.209539	0.299372	0.0777127	0.141062	2.08623	1.28184	0.30838
40000	-38.55664	0	-38.55664	0.0871351	0.301494	0.129627	0.521295	0.156131	0.0627882	2.24032	0.179559	2.12513
50000	-42.01969	0	-42.01969	0.482421	0.301447	0.145181	0.536477	0.110843	0.050958	1.40749	0.758431	1.03226
60000	-37.42111	0	-37.42111	0.329249	0.137016	0.145292	0.324028	0.204873	0.0494588	2.5933	0.884694	0.729036
70000	-42.9522	0	-42.9522	0.197516	0.074131	0.179342	0.480652	0.0698749	0.0491536	0.701324	0.33392	2.42894
80000	-40.05875	0	-40.05875	0.107915	0.193134	0.208938	0.389459	0.125371	0.0729954	6.39107	0.275809	0.322804
90000	-44.34425	0	-44.34425	0.191856	0.122311	0.365156	0.348834	0.113361	0.0604444	1.44069	0.26031	0.0547333
100000	-53.99561	0	-53.99561	0.139439	0.448829	0.144722	0.423689	0.085847	0.0634301	1.70827	0.262181	0.056371
110000	-45.86277	0	-45.86277	0.19269	0.169796	0.0648789	0.248504	0.190082	0.0609365	1.65812	1.43223	0.315408
120000	-36.27465	0	-36.27465	0.201703	0.222822	0.142109	0.355162	0.13655	0.191013	1.55077	1.89447	0.250261
130000	-40.8666	0	-40.8666	0.209211	0.112446	0.176709	0.384001	0.0417817	0.26802	0.893208	2.49652	1.04652
140000	-34.22798	0	-34.22798	0.317692	0.135853	0.1881	0.443904	0.104475	0.0652991	1.94332	0.832484	0.689161
150000	-45.36159	0	-45.36159	0.199055	0.14255	0.182569	0.286042	0.108006	0.0704537	1.50045	0.538404	0.25974
160000	-42.6124	0	-42.6124	0.094365	0.182789	0.122882	0.382978	0.0412948	0.132053	1.75674	0.88255	0.841538
170000	-49.27125	0	-49.27125	0.166492	0.149493	0.248772	0.599363	0.138667	0.097829	1.5402	0.418746	0.0312011
180000	-47.02946	0	-47.02946	0.202255	0.19396	0.0837696	0.569966	0.128309	0.0932306	3.45232	0.35644	0.122137
190000	-37.85702	0	-37.85702	0.219979	0.104586	0.145372	0.508751	0.107588	0.231679	2.52863	2.3222	1.25077
200000	-49.05105	0	-49.05105	0.251271	0.113368	0.445853	0.262533	0.0248198	0.172608	3.6249	0.186685	0.400647
210000	-43.95494	0	-43.95494	0.121845	0.252509	0.116066	0.346385	0.107641	0.0968465	0.560283	0.214086	1.0049
220000	-41.5183	0	-41.5183	0.166978	0.167447	0.212476	0.306781	0.164217	0.136959	1.80732	0.837806	0.265527
230000	-40.40079	0	-40.40079	0.117593	0.178932	0.237629	0.322817	0.0829395	0.0968467	0.637244	0.336545	0.863778
240000	-43.8546	0	-43.8546	0.256979	0.197025	0.324652	0.35945	0.182687	0.0904291	2.43756	0.424587	1.37618
250000	-43.71585	0	-43.71585	0.120164	0.218598	0.0659787	0.124953	0.128345	0.0699361	1.29344	0.453478	0.210271
260000	-44.85638	0	-44.85638	0.124	0.398277	0.232802	0.556308	0.173324	0.141883	3.06923	0.83483	0.547779
270000	-46.72583	0	-46.72583	0.0931033	0.238516	0.1146	0.217636	0.103776	0.0627959	1.28569	0.109919	0.214795
280000	-38.32626	0	-38.32626	0.15341	0.175572	0.0780945	0.623599	0.100038	0.0785617	3.75831	0.471154	1.54777
290000	-43.08371	0	-43.08371	0.278	0.0428733	0.311996	0.388848	0.161346	0.270195	0.549244	0.829845	1.64552
300000	-44.96026	0	-44.96026	0.0839258	0.26587	0.120256	0.429779	0.0912341	0.0844272	1.97928	0.226949	0.0943048
310000	-39.61163	0	-39.61163	0.0664238	0.222459	0.487638	0.666909	0.135861	0.0631187	0.999534	0.286184	1.23326
320000	-36.42659	0	-36.42659	0.23585	0.128004	0.183466	0.301271	0.217902	0.0931737	1.96391	1.09071	0.357396
330000	-39.79423	0	-39.79423	0.276322	0.190258	0.100448	0.564837	0.193186	0.141123	4.02404	2.46061	0.845958
340000	-41.78855	0	-41.78855	0.145626	0.21541	0.322585	0.302004	0.0869375	0.124072	0.904006	1.16181	0.554477
350000	-54.48638	0	-54.48638	0.179357	0.156137	0.0576891	0.306547	0.041028	0.106997	0.624872	0.126667	0.192504
360000	-32.55788	0	-32.55788	0.0795602	0.360857	0.208442	0.32407	0.0530274	0.0810156	1.39486	0.803428	1.12679
370000	-42.75187	0	-42.75187	0.158844	0.245211	0.152163	0.418348	0.245905	0.148852	2.99809	0.417007	1.2002
380000	-49.63482	0	-49.63482	0.135034	0.0755145	0.154343	0.324094	0.177037	0.0720444	2.75051	0.750232	0.0511646
390000	-38.99682	0	-38.99682	0.116753	0.358607	0.213775	0.31601	0.174925	0.0653179	4.90654	0.454381	0.823113
400000	-42.82475	0	-42.82475	0.183893	0.122	0.150091	0.428326	0.180627	0.0812537	1.26467	0.822779	0.976352
410000	-42.67571	0	-42.67571	0.171266	0.187254	0.269562	0.252511	0.110975	0.199907	1.17167	1.81931	4.16371
420000	-42.95961	0	-42.95961	0.0934792	0.201276	0.0909514	0.537282	0.0982066	0.0939708	2.35266	0.1771	0.281636
430000	-40.96738	0	-40.96738	0.0869373	0.112282	0.0821114	0.337795	0.0998394	0.0865225	0.613468	0.773208	0.821254
440000	-42.79922	0	-42.79922	0.0884495	0.167357	0.215101	0.463749	0.120551	0.0687201	1.14976	0.681704	0.414591
450000	-44.55139	0	-44.55139	0.383115	0.144702	0.192934	0.334313	0.203511	0.198939	2.27231	0.594959	0.599092
460000	-43.06855	0	-43.06855	0.196156	0.137065	0.180709	0.548185	0.117705	0.112258	3.39632	0.453945	0.406666
470000	-45.96443	0	-45.96443	0.142256	0.288701	0.418775	0.260621	0.288773	0.0974391	4.65786	0.59462	1.68912
480000	-51.45668	0	-51.45668	0.149369	0.195361	0.191727	0.409037	0.170807	0.0641934	2.56889	0.471942	0.0521776
490000	-41.8706	0	-41.8706	0.0901021	0.443284	0.171159	0.280807	0.188946	0.2467	3.70092	0.644251	1.92031
500000	-41.28872	0	-41.28872	0.108872	0.142139	0.383049	0.288257	0.138493	0.104733	1.87946	0.419439	0.539532
510000	-45.63004	0	-45.63004	0.304473	0.168962	0.105539	0.501413	0.0821926	0.0755202	1.48758	1.33274	0.664752
520000	-45.26867	0	-45.26867	0.111073	0.178783	0.227779	0.243804	0.196408	0.221071	4.45343	0.240694	1.55066
530000	-52.42826	0	-52.42826	0.0726216	0.0909558	0.200647	0.161752	0.152789	0.152539	1.56575	0.0950995	0.0279416
540000	-45.88688	0	-45.88688	0.214098	0.229313	0.0856414	0.404861	0.24203	0.131556	2.67143	0.565117	3.25939
550000	-44.35975	0	-44.35975	0.110065	0.428218	0.100998	0.251175	0.05688	0.0794271	0.500251	0.932305	1.23313
560000	-40.4019	0	-40.4019	0.112716	0.185894	0.237858	0.774475	0.176481	0.208814	2.18627	0.869054	0.67426
570000	-40.65072	0	-40.65072	0.229386	0.0864798	0.106258	0.311858	0.164893	0.122171	0.858058	3.5706	0.251626
580000	-45.09445	0	-45.09445	0.178849	0.0646959	0.241379	0.412429	0.0711149	0.162977	3.39343	1.99835	2.30913
590000	-38.07976	0	-38.07976	0.135752	0.155823	0.251531	0.385087	0.144659	0.203184	1.41059	1.76655	2.30937
600000	-40.65363	0	-40.65363	0.148497	0.213759	0.12108	0.699721	0.080868	0.031957	1.64428	1.01896	0.951726
610000	-50.68056	0	-50.68056	0.0748649	0.154411	0.204214	0.361991	0.158929	0.112896	1.1766	0.353095	0.0620222
620000	-37.86767	0	-37.86767	0.147207	0.233399	0.148701	0.415256	0.091155	0.110242	1.62691	0.463456	0.383185
630000	-39.67126	0	-39.67126	0.111544	0.132937	0.144642	0.338627	0.0496841	0.0847394	1.75785	0.305975	0.30533
640000	-47.98252	0	-47.98252	0.264307	0.135347	0.341405	0.580576	0.0672461	0.137367	1.49872	0.159253	0.510589
650000	-44.0605	0	-44.0605	0.237319	0.236623	0.292127	0.260642	0.202143	0.0316575	3.04341	0.862811	4.40133
660000	-44.71767	0	-44.71767	0.0626621	0.246432	0.534106	0.537066	0.155366	0.0563142	1.57909	0.277495	1.17134
670000	-43.16527	0	-43.16527	0.122223	0.350857	0.139817	0.646564	0.176029	0.127178	3.31889	0.935484	0.266665
680000	-40.62722	0	-40.62722	0.160955	0.147038	0.251522	0.244786	0.0877241	0.133307	1.43389	0.585524	0.458982
690000	-43.98157	0	-43.98157	0.16799	0.170886	0.209361	0.56193	0.159157	0.144602	1.6373	0.843904	0.815934
700000	-37.27458	0	-37.27458	0.126853	0.148524	0.165493	0.439497	0.0887169	0.117552	0.685862	0.504822	0.505308
710000	-39.91928	0	-39.91928	0.189599	0.305294	0.168726	0.314407	0.10327	0.119739	0.920182	0.964524	3.29634
720000	-41.96514	0	-41.96514	0.186847	0.120261	0.184182	0.51702	0.168371	0.0441039	0.841323	0.228126	1.14684
730000	-44.68561	0	-44.68561	0.0919478	0.202806	0.1784	0.418563	0.0540283	0.115708	1.52296	1.00619	1.32059
740000	-49.99087	0	-49.99087	0.158564	0.202792	0.164141	0.18707	0.069105	0.233588	1.04775	0.711065	0.442168
750000	-42.31541	0	-42.31541	0.169539	0.222801	0.218122	0.717021	0.107011	0.130488	1.85725	0.977878	0.813031
760000	-45.212	0	-45.212	0.0625702	0.250069	0.220631	0.396005	0.12929	0.2258	1.2896	0.124326	0.097525
770000	-43.07258	0	-43.07258	0.201142	0.213331	0.133095	0.342463	0.139528	0.112727	1.90145	0.338542	0.305458
780000	-46.4673	0	-46.4673	0.257958	0.155509	0.0736954	0.369549	0.0939364	0.167849	2.24517	0.478782	0.286399
790000	-42.67457	0	-42.67457	0.192813	0.125766	0.265735	0.490291	0.165807	0.141385	2.86192	0.352481	0.528285
800000	-42.68237	0	-42.68237	0.166854	0.287921	0.0900899	0.308415	0.144986	0.114433	1.26509	0.242902	2.69052
810000	-40.17197	0	-40.17197	0.16085	0.259326	0.198585	0.356378	0.207757	0.151142	0.706088	1.1308	0.528035
820000	-35.55306	0	-35.55306	0.103484	0.275257	0.175532	0.287129	0.100676	0.122868	1.35943	0.99202	3.05611
830000	-45.80711	0	-45.80711	0.456507	0.152737	0.109655	0.489093	0.0860032	0.117664	1.30362	2.88104	0.170002
840000	-38.03919	0	-38.03919	0.0810747	0.142189	0.174992	0.215971	0.145419	0.0776852	1.92393	0.448615	0.136459
850000	-41.26646	0	-41.26646	0.109628	0.363216	0.190587	0.395736	0.104415	0.123286	2.05173	0.372482	1.49809
860000	-40.55016	0	-40.55016	0.118245	0.180912	0.0919506	0.386443	0.136299	0.0979011	1.95408	0.433185	0.244129
870000	-40.20888	0	-40.20888	0.194378	0.186856	0.127415	0.592191	0.0503762	0.180395	1.33328	1.54727	0.884327
880000	-42.43405	0	-42.43405	0.436207	0.176425	0.161957	0.194918	0.121417	0.13327	4.83184	0.721002	0.320783
890000	-40.34063	0	-40.34063	0.206841	0.30208	0.146719	0.346291	0.105322	0.0897013	2.71466	0.239636	0.590347
900000	-48.67544	0	-48.67544	0.18758	0.319525	0.0864537	0.491444	0.125038	0.033865	1.50407	0.192331	1.42718
910000	-40.24028	0	-40.24028	0.083656	0.323954	0.211783	0.238877	0.203652	0.109712	2.44194	0.442805	0.945915
920000	-41.35317	0	-41.35317	0.0998024	0.169033	0.277568	0.527221	0.154127	0.0797684	2.03248	0.542059	0.470075
930000	-45.41793	0	-45.41793	0.188921	0.0746094	0.483244	0.313797	0.318198	0.110427	2.69487	0.300807	1.37547
940000	-40.51007	0	-40.51007	0.166802	0.152635	0.387972	0.225539	0.158971	0.123155	5.46085	0.840652	0.628428
950000	-44.91515	0	-44.91515	0.123952	0.253718	0.303193	0.470815	0.105556	0.246209	0.613957	0.411396	0.706747
960000	-39.36703	0	-39.36703	0.123627	0.249368	0.149494	0.342246	0.163917	0.185284	2.84389	0.942536	0.358132
970000	-43.47147	0	-43.47147	0.0964859	0.183542	0.148657	0.720405	0.126746	0.168415	1.44607	0.185034	0.208068
980000	-42.11202	0	-42.11202	0.186309	0.252924	0.236928	0.301511	0.0730499	0.0306387	1.86913	0.76215	0.322603
990000	-39.17111	0	-39.17111	0.25157	0.15896	0.224312	0.252896	0.178969	0.130554	1.17591	1.01482	0.978628
1000000	-52.53297	0	-52.53297	0.0225242	0.138565	0.539536	0.288574	0.272471	0.238205	0.939593	0.259042	0.331643
1010000	-46.01099	0	-46.01099	0.125738	0.176041	0.0879969	0.449546	0.171325	0.148738	1.58025	0.458345	0.351107
1020000	-47.98881	0	-47.98881	0.102018	0.313318	0.262182	0.376587	0.149307	0.115881	2.03051	0.982726	0.257173
1030000	-43.97471	0	-43.97471	0.26035	0.0669637	0.168159	0.480115	0.284981	0.0665865	2.34613	2.72864	0.206488
1040000	-42.10489	0	-42.10489	0.108377	0.419559	0.230243	0.359908	0.175031	0.125089	2.06641	0.806548	0.317944
1050000	-42.73803	0	-42.73803	0.344223	0.200777	0.185592	0.446701	0.10627	0.12584	0.740843	0.43372	0.737159
1060000	-47.51111	0	-47.51111	0.162572	0.174409	0.06507	0.613992	0.0882791	0.0801159	3.73582	0.449095	0.545644
1070000	-47.19526	0	-47.19526	0.130648	0.206164	0.0419031	0.268661	0.217664	0.0353109	4.47138	0.292753	1.5529
1080000	-40.47139	0	-40.47139	0.159029	0.250442	0.20693	0.241527	0.184022	0.0509974	2.75339	0.273634	3.69129
1090000	-44.1643	0	-44.1643	0.157021	0.173315	0.153616	0.341685	0.132527	0.188896	2.23046	1.15483	0.327686
1100000	-45.02625	0	-45.02625	0.0971212	0.148203	0.116156	0.544836	0.102586	0.087665	4.34102	0.183309	0.102171
1110000	-43.29908	0	-43.29908	0.194683	0.12921	0.143781	0.349343	0.100734	0.147651	1.70052	0.465203	0.106737
1120000	-38.96178	0	-38.96178	0.20718	0.290152	0.269433	0.534614	0.14835	0.0483139	1.51642	0.360609	0.451907
1130000	-42.5609	0	-42.5609	0.220278	0.191885	0.150896	0.551744	0.161899	0.0270362	1.82486	1.2486	1.57167
1140000	-38.62478	0	-38.62478	0.145097	0.215138	0.279625	0.352784	0.0843049	0.101619	1.50264	1.09252	0.195828
1150000	-38.6689	0	-38.6689	0.331582	0.16406	0.192925	0.414278	0.129061	0.161854	0.504476	0.557877	2.39825
1160000	-40.57358	0	-40.57358	0.16734	0.201767	0.232482	0.388438	0.0737205	0.120892	0.897248	0.5471	0.155696
1170000	-46.01816	0	-46.01816	0.117639	0.104676	0.150816	0.473788	0.106519	0.0647283	4.08422	0.30955	0.0386225
1180000	-42.66761	0	-42.66761	0.457358	0.175711	0.148314	0.725797	0.0850199	0.0759896	0.718404	0.503853	0.666663
1190000	-49.67615	0	-49.67615	0.152769	0.41961	0.153702	0.506444	0.138296	0.222464	4.7285	2.33963	0.308412
1200000	-38.06683	0	-38.06683	0.192262	0.220009	0.102725	0.221681	0.0852854	0.19499	2.20546	0.450699	1.78013
1210000	-47.1931	0	-47.1931	0.0676969	0.125169	0.0629051	0.317013	0.156069	0.0837905	0.926397	0.247506	0.157689
1220000	-39.80323	0	-39.80323	0.0491035	0.403657	0.104768	0.664781	0.178787	0.0664705	2.22325	0.251213	0.195425
1230000	-42.85672	0	-42.85672	0.143019	0.164851	0.161171	0.281182	0.142048	0.211304	2.55026	0.321091	0.237442
1240000	-38.1569	0	-38.1569	0.236945	0.189889	0.395461	0.696372	0.0774703	0.0903213	1.70869	0.353997	3.18094
1250000	-42.41757	0	-42.41757	0.229882	0.37547	0.224986	0.331623	0.114412	0.219268	3.43156	3.9825	1.19026
1260000	-48.75117	0	-48.75117	0.237784	0.117326	0.353833	0.180055	0.21015	0.229679	2.41458	0.14107	0.107126
1270000	-42.86595	0	-42.86595	0.0810542	0.212878	0.0934292	0.264183	0.14774	0.0900936	1.03537	0.310937	1.19496
1280000	-39.19582	0	-39.19582	0.113829	0.348433	0.155927	0.186084	0.100734	0.235066	0.775382	0.606917	0.222365
1290000	-42.97923	0	-42.97923	0.256696	0.0928891	0.0891527	0.769228	0.0517216	0.0959499	0.864941	0.577639	0.280199
1300000	-38.09897	0	-38.09897	0.14168	0.375429	0.234913	0.245281	0.134874	0.0708444	2.43451	0.411758	1.17304
1310000	-47.26141	0	-47.26141	0.186903	0.093104	0.239775	0.772981	0.21092	0.113008	1.7921	2.26214	0.254308
1320000	-46.86527	0	-46.86527	0.160488	0.173231	0.493203	0.338723	0.0713614	0.159114	1.58916	0.571746	0.269651
1330000	-44.44782	0	-44.44782	0.115879	0.271209	0.177569	0.157997	0.125164	0.065564	1.98591	0.772205	3.13938
1340000	-38.40854	0	-38.40854	0.155093	0.294894	0.265078	0.377787	0.172149	0.130481	1.85165	1.60599	1.08094
1350000	-45.78947	0	-45.78947	0.200015	0.122563	0.242185	0.451874	0.319535	0.0428636	1.76798	0.429923	0.17614
1360000	-41.28273	0	-41.28273	0.0839814	0.157313	0.116722	0.438732	0.0803586	0.114069	2.19376	1.03	0.425326
1370000	-45.62569	0	-45.62569	0.0597313	0.250447	0.23758	0.170735	0.143448	0.157519	3.05941	0.14891	0.513249
1380000	-47.7818	0	-47.7818	0.125973	0.0823192	0.314164	0.317944	0.15298	0.0620208	1.90671	0.208749	0.179152
1390000	-47.94743	0	-47.94743	0.19488	0.356656	0.295982	0.574346	0.227131	0.181473	0.497058	2.10162	0.514751
1400000	-42.26244	0	-42.26244	0.126878	0.178359	0.268743	0.268775	0.0892069	0.101264	1.19642	1.08768	0.800211
1410000	-39.50691	0	-39.50691	0.140829	0.28177	0.142774	0.606608	0.089457	0.149297	2.48139	0.243904	0.480885
1420000	-44.28407	0	-44.28407	0.332673	0.233172	0.0695333	0.584182	0.191001	0.087462	3.19673	0.166655	0.297946
1430000	-40.84777	0	-40.84777	0.143923	0.390514	0.25379	0.477445	0.198564	0.247647	3.15047	0.402597	1.50168
1440000	-47.67579	0	-47.67579	0.156921	0.285702	0.215829	0.573422	0.151946	0.0640363	3.93831	0.697702	0.897333
1450000	-42.10034	0	-42.10034	0.164782	0.207487	0.0868469	0.440598	0.094707	0.111161	0.660376	0.71399	0.118741
1460000	-39.40761	0	-39.40761	0.179677	0.288204	0.110791	0.477084	0.129682	0.085597	1.83233	1.50282	4.52695
1470000	-37.32321	0	-37.32321	0.153326	0.166746	0.119007	0.683237	0.0972357	0.0957429	1.9227	0.621766	0.134296
1480000	-44.76895	0	-44.76895	0.0565946	0.494975	0.281405	0.286836	0.108811	0.102346	0.911119	0.101094	0.389387
1490000	-36.38088	0	-36.38088	0.113308	0.22496	0.144696	0.51945	0.125082	0.0871483	1.20893	1.64719	0.918958
1500000	-50.04513	0	-50.04513	0.229204	0.242181	0.212707	0.603538	0.108482	0.0753292	0.489515	0.296056	0.214372
1510000	-47.62607	0	-47.62607	0.08004	0.170411	0.209583	0.430361	0.097901	0.105255	1.59897	0.278277	0.0345076
1520000	-42.97183	0	-42.97183	0.144233	0.171556	0.168148	0.255904	0.0582061	0.0757345	3.95925	0.389313	1.9616
1530000	-41.23414	0	-41.23414	0.121743	0.377408	0.142803	0.34712	0.0930193	0.0976906	2.04042	1.22932	0.0846366
1540000	-37.33527	0	-37.33527	0.0900779	0.307471	0.126191	0.350445	0.131735	0.152083	1.49834	0.234441	1.05622
1550000	-40.01899	0	-40.01899	0.190113	0.0430108	0.259627	0.459487	0.129318	0.108269	2.0771	1.60478	0.364369
1560000	-44.22127	0	-44.22127	0.105349	0.14549	0.159633	0.316225	0.158704	0.099295	3.35427	0.175652	0.0780196
1570000	-38.98618	0	-38.98618	0.139242	0.13033	0.104222	0.325431	0.0720739	0.189465	2.98055	0.861584	1.80316
1580000	-44.12372	0	-44.12372	0.190833	0.163479	0.253912	0.565253	0.182979	0.315814	1.59984	0.397751	1.10262
1590000	-32.56057	0	-32.56057	0.0619152	0.260533	0.179024	0.342966	0.114202	0.0877224	1.71955	0.786621	0.205049
1600000	-40.3208	0	-40.3208	0.190659	0.140915	0.215926	0.505794	0.180151	0.167429	3.72312	1.22735	2.32477
1610000	-43.88837	0	-43.88837	0.147723	0.258163	0.277612	0.508147	0.139952	0.0873652	1.06111	0.450341	0.567955
1620000	-42.20664	0	-42.20664	0.344089	0.210236	0.190294	0.498864	0.106063	0.099604	2.47318	0.677353	0.363756
1630000	-35.26048	0	-35.26048	0.180908	0.267646	0.144164	0.420265	0.195604	0.17174	1.36863	0.736282	1.63727
1640000	-40.81125	0	-40.81125	0.167769	0.153959	0.11587	0.364719	0.177119	0.0872436	0.830845	0.439052	0.368432
1650000	-40.36417	0	-40.36417	0.197707	0.356757	0.147843	0.337671	0.0737297	0.0409332	3.50113	2.21534	0.69709
1660000	-41.18243	0	-41.18243	0.193617	0.199286	0.305639	0.354403	0.134161	0.080069	1.97352	0.34217	0.313336
1670000	-39.24938	0	-39.24938	0.198164	0.157923	0.19726	0.286255	0.187783	0.075253	1.62937	1.15307	0.672375
1680000	-40.59829	0	-40.59829	0.092596	0.275672	0.388584	0.40966	0.0630838	0.0712185	1.278	1.12511	0.595114
1690000	-44.39016	0	-44.39016	0.136387	0.29139	0.099677	0.479904	0.131038	0.0620873	3.87101	1.27376	4.66419
1700000	-42.20647	0	-42.20647	0.109771	0.291313	0.0419017	0.268578	0.160688	0.188802	0.84479	0.845933	1.82364
1710000	-45.64673	0	-45.64673	0.151729	0.258417	0.161579	0.322874	0.0726403	0.192172	2.55007	0.926997	2.89948
1720000	-42.30879	0	-42.30879	0.256479	0.221579	0.182521	0.400434	0.135534	0.116264	0.807611	0.897688	2.29823
1730000	-41.24683	0	-41.24683	0.213235	0.288538	0.202576	0.413098	0.142323	0.143497	1.64373	0.366036	4.19464
1740000	-37.50837	0	-37.50837	0.149592	0.333037	0.123336	0.271834	0.119805	0.171656	1.07788	0.384533	0.796674
1750000	-46.02779	0	-46.02779	0.135611	0.127029	0.299393	0.219939	0.125823	0.0555359	2.10707	0.460709	0.201771
1760000	-42.01694	0	-42.01694	0.107991	0.328903	0.250902	0.602316	0.12932	0.136092	1.30337	0.320487	1.53308
1770000	-42.9964	0	-42.9964	0.283577	0.203722	0.18171	0.474694	0.223135	0.144509	2.40402	0.16893	0.942915
1780000	-39.94007	0	-39.94007	0.177396	0.160532	0.2128	0.427499	0.139033	0.0590888	1.03195	0.255995	1.02124
1790000	-40.26034	0	-40.26034	0.0886102	0.126576	0.258239	0.350319	0.15555	0.124365	4.10275	0.211408	0.177327
1800000	-50.85339	0	-50.85339	0.0787589	0.240452	0.16539	0.275449	0.0861663	0.0753754	0.907406	0.146782	0.150569
1810000	-41.84802	0	-41.84802	0.0931698	0.146375	0.2322	0.305136	0.138427	0.0604657	0.785078	0.19099	0.670821
1820000	-35.64273	0	-35.64273	0.150469	0.267203	0.189624	0.336116	0.140411	0.130786	1.20909	0.514167	0.743455
1830000	-40.1673	0	-40.1673	0.200804	0.250279	0.23119	0.397198	0.109293	0.105236	0.85906	1.0377	1.4679
1840000	-42.8908	0	-42.8908	0.279378	0.338882	0.211707	0.441335	0.172377	0.10188	1.4368	0.520941	0.359265
1850000	-39.8546	0	-39.8546	0.0851587	0.352133	0.0751375	0.331115	0.201669	0.30988	2.10098	0.377664	0.788782
1860000	-41.37432	0	-41.37432	0.140183	0.227699	0.256549	0.344728	0.169075	0.0734568	3.53388	0.362721	1.36936
1870000	-43.33326	0	-43.33326	0.312299	0.369525	0.0779081	0.397084	0.119518	0.0582695	4.36387	0.354072	0.697151
1880000	-55.04669	0	-55.04669	0.259836	0.0876855	0.155309	0.552796	0.117494	0.0769892	0.858488	0.123584	0.0248862
1890000	-41.11642	0	-41.11642	0.0432657	0.151849	0.636885	0.317691	0.0956424	0.115507	2.0078	0.287518	0.337556
1900000	-42.78675	0	-42.78675	0.428697	0.235949	0.355731	0.466534	0.336433	0.142159	0.715562	1.38381	0.687803
1910000	-38.35956	0	-38.35956	0.183085	0.144511	0.236935	0.533951	0.0731194	0.168809	0.786953	0.177449	0.801955
1920000	-47.1416	0	-47.1416	0.137406	0.151801	0.42252	0.581005	0.211817	0.172079	1.82776	0.159228	0.718486
1930000	-45.41113	0	-45.41113	0.0874311	0.429572	0.0788693	0.27305	0.156379	0.108284	2.49741	0.647975	1.49303
1940000	-42.60889	0	-42.60889	0.404255	0.144616	0.202788	0.555374	0.121681	0.14414	1.80943	1.51898	0.0942374
1950000	-48.46371	0	-48.46371	0.106072	0.234416	0.1485	0.192704	0.106399	0.099175	3.76119	0.345584	0.10765
1960000	-36.56313	0	-36.56313	0.141993	0.199727	0.120022	0.694218	0.179075	0.157381	3.58911	0.260783	0.124172
1970000	-41.64386	0	-41.64386	0.218581	0.151556	0.299358	0.481369	0.154327	0.0724831	0.86741	0.312199	0.340625
1980000	-38.05196	0	-38.05196	0.247643	0.100017	0.143252	0.310741	0.138039	0.102677	0.787006	0.504143	1.19822
1990000	-38.98386	0	-38.98386	0.0920288	0.294736	0.258736	0.456104	0.141143	0.0458675	1.55927	0.447722	1.14153
2000000	-39.43629	0	-39.43629	0.131625	0.26039	0.0603889	0.321804	0.112444	0.106761	0.92871	0.300352	0.396193
2010000	-48.16837	0	-48.16837	0.266699	0.139113	0.408693	0.286791	0.144709	0.0552893	0.809475	0.12873	0.0716763
2020000	-45.85699	0	-45.85699	0.13732	0.263322	0.105727	0.313536	0.119569	0.125669	0.646826	0.278273	0.146729
2030000	-61.56714	0	-61.56714	0.404194	0.143848	0.178507	0.389093	0.0379016	0.267118	1.37624	0.47883	0.140087
2040000	-42.377	0	-42.377	0.181081	0.302925	0.164867	0.229172	0.14179	0.0767063	5.12831	1.82337	0.443082
2050000	-48.03013	0	-48.03013	0.146798	0.106276	0.231067	0.568326	0.131767	0.18308	0.641184	0.189106	1.35484
2060000	-41.40533	0	-41.40533	0.262856	0.162164	0.180187	0.316693	0.109561	0.0503427	1.90351	0.30785	3.4433
2070000	-43.60963	0	-43.60963	0.105444	0.357565	0.233549	0.226584	0.0859481	0.115444	1.4194	0.402725	0.408069
2080000	-43.44949	0	-43.44949	0.161628	0.22714	0.0623157	0.174964	0.081102	0.117223	3.74522	1.08366	1.17858
2090000	-37.01202	0	-37.01202	0.0927614	0.2029	0.18368	0.274338	0.0881587	0.109604	3.14887	0.753952	0.3374
2100000	-39.67698	0	-39.67698	0.198624	0.272415	0.106019	0.336501	0.0566217	0.0724674	1.4586	0.857318	2.95486
2110000	-46.3032	0	-46.3032	0.144224	0.147976	0.202034	0.278265	0.109241	0.0885659	0.990418	0.735089	2.13251
2120000	-46.74669	0	-46.74669	0.111505	0.112474	0.191194	0.347925	0.0870334	0.184382	7.35231	0.530992	2.20303
2130000	-47.21803	0	-47.21803	0.150773	0.0837539	0.242681	0.386573	0.245722	0.0965853	2.68142	0.388753	0.310897
2140000	-37.91675	0	-37.91675	0.211823	0.146235	0.102531	0.361704	0.120826	0.165416	2.7096	0.580711	1.47129
2150000	-41.45757	0	-41.45757	0.307792	0.13032	0.126634	0.54514	0.0335693	0.0386603	0.904088	0.997584	0.581578
2160000	-42.94423	0	-42.94423	0.178757	0.201199	0.0831352	0.225205	0.158065	0.0604763	0.563134	0.142193	0.878393
2170000	-43.99015	0	-43.99015	0.252954	0.113915	0.185255	0.782255	0.124173	0.0526173	1.8506	0.534823	0.42976
2180000	-39.9872	0	-39.9872	0.114588	0.265683	0.165704	0.235871	0.148544	0.0794224	3.56255	0.342862	0.261816
2190000	-46.44198	0	-46.44198	0.149658	0.266984	0.373089	0.502668	0.0949888	0.109276	4.39477	0.273462	0.750305
2200000	-51.57234	0	-51.57234	0.0820784	0.0821094	0.253184	0.205124	0.133975	0.0889589	3.05582	0.10888	0.147518
2210000	-47.45197	0	-47.45197	0.197983	0.155121	0.180636	0.596253	0.189227	0.0794674	1.34236	0.15858	0.0600495
2220000	-51.18621	0	-51.18621	0.356409	0.308709	0.261812	0.56971	0.19507	0.0632074	3.77617	0.71069	2.18253
2230000	-41.98815	0	-41.98815	0.153318	0.30786	0.145405	0.34653	0.239443	0.172284	2.76312	0.609197	4.08172
2240000	-40.08646	0	-40.08646	0.132007	0.174672	0.350283	0.413486	0.107968	0.0961754	2.86122	1.89803	0.726926
2250000	-45.59568	0	-45.59568	0.215709	0.246885	0.191889	0.472494	0.130714	0.135218	0.612503	2.33183	0.55808
2260000	-39.73276	0	-39.73276	0.211571	0.14803	0.171791	0.313357	0.0983466	0.107958	0.426851	2.39176	0.348834
2270000	-49.31529	0	-49.31529	0.135747	0.235188	0.576474	0.424467	0.137856	0.247254	2.0549	0.196704	0.662972
2280000	-41.12596	0	-41.12596	0.275891	0.10976	0.253318	0.394737	0.112071	0.126747	1.33293	0.612401	1.3618
2290000	-48.88322	0	-48.88322	0.104055	0.427766	0.27932	0.390169	0.0277873	0.121438	6.01174	0.636736	5.02057
2300000	-43.44982	0	-43.44982	0.287895	0.207593	0.0879796	0.535542	0.243443	0.080279	2.19711	0.689602	0.366442
2310000	-43.73261	0	-43.73261	0.181059	0.10277	0.115139	0.239366	0.114136	0.10665	1.37886	0.536173	0.611503
2320000	-46.7589	0	-46.7589	0.201723	0.231045	0.120526	0.420829	0.126325	0.0883655	3.65908	0.396632	0.0573561
2330000	-40.84772	0	-40.84772	0.208875	0.323374	0.203065	0.580122	0.0809263	0.0865927	2.04962	0.772461	3.0418
2340000	-44.77202	0	-44.77202	0.194281	0.237368	0.130088	0.342538	0.199423	0.0642095	1.49795	0.225563	0.320936
2350000	-41.43169	0	-41.43169	0.58785	0.200053	0.151895	0.560504	0.129504	0.0455801	0.937181	1.03101	0.98278
2360000	-36.2666	0	-36.2666	0.147918	0.152168	0.184916	0.416389	0.0888234	0.0382219	1.52594	0.323868	0.997684
2370000	-41.51921	0	-41.51921	0.338156	0.0545052	0.147264	0.276419	0.18999	0.15734	1.51068	3.65114	1.73418
2380000	-41.37006	0	-41.37006	0.204866	0.189949	0.111882	0.322294	0.081305	0.114124	3.48634	0.414286	1.23258
2390000	-47.6341	0	-47.6341	0.227705	0.125791	0.0736469	0.270548	0.246148	0.0814511	1.90816	0.256112	0.10844
2400000	-45.0758	0	-45.0758	0.138057	0.318979	0.235812	0.501516	0.137186	0.0914886	1.1492	0.443601	0.232299
2410000	-35.95158	0	-35.95158	0.215926	0.0875662	0.168802	0.594973	0.226802	0.114149	2.63239	0.746158	0.97302
2420000	-36.02117	0	-36.02117	0.181514	0.141584	0.158176	0.245594	0.0976173	0.0858355	2.00903	0.647542	1.76221
2430000	-38.24673	0	-38.24673	0.0814603	0.150961	0.0974715	0.473985	0.0789424	0.129809	1.82514	0.203677	0.841677
2440000	-41.14386	0	-41.14386	0.252856	0.276247	0.173226	0.611144	0.137075	0.0565963	2.57132	1.49988	1.1732
2450000	-44.67483	0	-44.67483	0.0933431	0.199939	0.280384	0.70768	0.159809	0.208848	6.9445	0.411819	0.633513
2460000	-38.92678	0	-38.92678	0.139748	0.214572	0.096008	0.440294	0.165785	0.164984	1.64059	0.2911	0.66392
2470000	-42.177	0	-42.177	0.156216	0.161501	0.352509	0.413985	0.110964	0.14835	4.13522	0.412465	1.37616
2480000	-39.60569	0	-39.60569	0.220962	0.363888	0.207169	0.625016	0.138363	0.128825	2.61504	0.729977	0.593625
2490000	-47.78393	0	-47.78393	0.35222	0.118002	0.351376	0.281836	0.213018	0.0458794	2.27035	2.00723	0.101389
2500000	-40.05549	0	-40.05549	0.268748	0.196592	0.161099	0.652487	0.247655	0.16351	3.06038	0.936225	3.46989
2510000	-53.59192	0	-53.59192	0.0566694	0.155284	0.288687	0.226937	0.297998	0.0930993	0.996987	0.193203	0.0752027
2520000	-42.56099	0	-42.56099	0.0600084	0.404224	0.0759009	0.464802	0.0806527	0.0851456	0.773902	0.530143	0.768751
2530000	-41.81009	0	-41.81009	0.235728	0.16923	0.189845	0.383066	0.126374	0.125471	1.13434	0.861343	0.325965
2540000	-46.10166	0	-46.10166	0.139	0.11044	0.125635	0.349779	0.0962278	0.0810795	1.60493	0.350149	0.0790661
2550000	-41.30464	0	-41.30464	0.221278	0.320731	0.241125	0.342031	0.269147	0.0889965	1.12463	0.389171	1.63725
2560000	-55.13512	0	-55.13512	0.134568	0.110538	0.105253	0.761655	0.0686052	0.0358718	1.86388	0.0983056	0.0827823
2570000	-39.75229	0	-39.75229	0.125082	0.262837	0.408662	0.263545	0.106351	0.170659	1.16273	0.332079	0.635042
2580000	-39.71962	0	-39.71962	0.169859	0.22854	0.245779	0.323226	0.0843079	0.146974	0.669561	0.387018	0.725003
2590000	-42.2137	0	-42.2137	0.283486	0.299843	0.177086	0.267701	0.103833	0.115184	3.53752	0.887148	1.72379
2600000	-47.28752	0	-47.28752	0.107669	0.434741	0.118554	0.463001	0.0634759	0.122613	1.54209	0.687506	0.771931
2610000	-39.67817	0	-39.67817	0.112086	0.238923	0.450915	0.455061	0.158657	0.144203	1.13543	0.296565	2.14401
2620000	-53.39638	0	-53.39638	0.0774706	0.228565	0.117109	0.520509	0.321029	0.0567835	1.51867	0.307371	0.0881364
2630000	-45.14478	0	-45.14478	0.160902	0.308877	0.141345	0.470589	0.151773	0.326857	2.56175	0.503155	0.666014
2640000	-39.95613	0	-39.95613	0.263682	0.183069	0.0877208	0.470432	0.144204	0.0936823	2.37999	0.57296	2.5843
2650000	-38.09897	0	-38.09897	0.150375	0.254721	0.0971383	0.339992	0.123402	0.105355	1.13145	0.37665	0.960033
2660000	-32.72543	0	-32.72543	0.0932098	0.214815	0.175511	0.776024	0.0911482	0.109642	1.86926	0.26044	2.31825
2670000	-37.81949	0	-37.81949	0.0704748	0.21862	0.167912	0.248174	0.11986	0.183043	2.90155	0.315869	0.554494
2680000	-50.47503	0	-50.47503	0.117549	0.144996	0.269511	0.34951	0.220094	0.0478216	0.534422	0.217968	0.202398
2690000	-49.89172	0	-49.89172	0.222197	0.257518	0.262818	0.42152	0.121047	0.0488601	1.82583	0.118187	0.146244
2700000	-48.61348	0	-48.61348	0.169415	0.160108	0.183537	0.6774	0.0767908	0.137324	1.34035	1.03384	0.264358
2710000	-37.95074	0	-37.95074	0.0479186	0.156005	0.17902	0.490046	0.0590424	0.103433	1.19944	0.342521	0.374421
2720000	-38.29856	0	-38.29856	0.125531	0.296163	0.235353	0.245054	0.103503	0.133092	0.871662	0.286407	1.47573
2730000	-38.4983	0	-38.4983	0.111162	0.238592	0.109177	0.31692	0.0827197	0.24463	1.14971	0.250363	1.05648
2740000	-40.62051	0	-40.62051	0.0486555	0.279572	0.20082	0.43276	0.108832	0.0618969	3.54166	0.431836	1.47538
2750000	-41.40207	0	-41.40207	0.259916	0.0840967	0.274358	0.53583	0.095461	0.0922782	0.859904	1.45673	2.462
2760000	-45.85894	0	-45.85894	0.278825	0.121128	0.0647683	0.451973	0.147206	0.0423643	3.52078	1.67566	0.0107976
2770000	-42.67569	0	-42.67569	0.135042	0.261878	0.179097	0.536694	0.208958	0.144111	0.895801	0.374904	1.63779
2780000	-41.94	0	-41.94	0.123825	0.273567	0.120183	0.265678	0.283363	0.0722797	1.30647	0.274807	2.04673
2790000	-44.62567	0	-44.62567	0.177061	0.159796	0.106689	0.355851	0.1097	0.0518924	5.07181	1.59038	1.31281
2800000	-48.3098	0	-48.3098	0.14788	0.321867	0.0442066	0.5182	0.203393	0.167275	0.830921	0.332882	2.57856
2810000	-49.93935	0	-49.93935	0.188894	0.15684	0.260767	0.660439	0.302225	0.145853	2.54454	0.201177	0.573275
2820000	-47.72537	0	-47.72537	0.307353	0.127298	0.15367	0.518285	0.158533	0.0974983	4.48592	0.351731	0.0257583
2830000	-47.87715	0	-47.87715	0.248999	0.368863	0.182181	0.86476	0.252393	0.0689386	1.28089	1.062	0.26771
2840000	-39.71903	0	-39.71903	0.150165	0.23547	0.408093	0.461651	0.0686962	0.125733	2.19501	0.843185	0.343886
2850000	-46.25272	0	-46.25272	0.116414	0.177175	0.350118	0.133271	0.156084	0.163268	1.42912	0.311769	2.09828
2860000	-38.69805	0	-38.69805	0.243506	0.125289	0.161221	0.352967	0.114103	0.113865	2.04971	0.634009	0.290844
2870000	-43.65013	0	-43.65013	0.201388	0.0604522	0.237622	0.427237	0.0733272	0.100753	1.71581	0.280825	0.132904
2880000	-37.75154	0	-37.75154	0.268786	0.219977	0.116306	0.341633	0.169343	0.072224	1.62966	0.929005	1.01567
2890000	-38.89116	0	-38.89116	0.0942142	0.20807	0.362844	0.635653	0.153788	0.0962958	2.13415	0.109882	0.738374
2900000	-43.3723	0	-43.3723	0.156926	0.225409	0.17192	0.297327	0.248798	0.312959	0.922495	0.615314	2.31552
2910000	-42.64648	0	-42.64648	0.117256	0.221536	0.361229	0.468111	0.131522	0.129359	1.50497	0.244694	0.116202
2920000	-40.458	0	-40.458	0.179421	0.186696	0.29707	0.191098	0.104301	0.219037	3.50304	0.416625	0.33928
2930000	-41.43673	0	-41.43673	0.173817	0.137342	0.0895107	0.513338	0.0493266	0.0968111	0.549732	0.231472	0.675478
2940000	-41.85814	0	-41.85814	0.1557	0.486507	0.129595	0.76195	0.1603	0.107159	1.2777	1.49979	0.78576
2950000	-43.32838	0	-43.32838	0.237103	0.206695	0.140669	0.528472	0.0711875	0.164321	1.53834	0.127337	0.140521
2960000	-43.42155	0	-43.42155	0.285839	0.139351	0.316488	0.346112	0.0457703	0.0795535	2.19591	1.26763	1.94742
2970000	-38.41478	0	-38.41478	0.0916834	0.266146	0.242494	0.42529	0.151429	0.0582524	1.88847	0.290843	0.493046
2980000	-42.05038	0	-42.05038	0.337375	0.172502	0.145419	0.377209	0.136685	0.17283	2.0888	0.495536	2.66102
2990000	-41.27958	0	-41.27958	0.170386	0.102603	0.114563	0.407945	0.100576	0.147432	2.5676	0.739186	0.429114
3000000	-38.42633	0	-38.42633	0.161516	0.310922	0.110481	0.22967	0.135612	0.0889182	0.78567	0.346338	1.27402
3010000	-35.10347	0	-35.10347	0.144798	0.27824	0.202844	0.341702	0.0777743	0.115978	1.35713	0.287963	1.02202
3020000	-39.1046	0	-39.1046	0.182343	0.129793	0.263818	0.242711	0.056249	0.0596529	1.5714	2.22561	2.27916
3030000	-44.12609	0	-44.12609	0.0837989	0.333085	0.238099	0.310445	0.22812	0.153372	1.06553	1.47204	1.17674
3040000	-39.58286	0	-39.58286	0.22752	0.114695	0.161883	0.346058	0.0669159	0.0966766	1.35823	0.355518	0.464618
3050000	-36.37992	0	-36.37992	0.108355	0.119099	0.360604	0.611451	0.0897646	0.13159	1.74358	0.323676	0.483415
3060000	-40.79089	0	-40.79089	0.160116	0.211341	0.155299	0.280521	0.17227	0.0724243	3.19046	0.516284	0.688917
3070000	-38.30297	0	-38.30297	0.139785	0.164969	0.0865173	0.519428	0.172879	0.133428	1.59589	2.10101	1.54812
3080000	-39.42672	0	-39.42672	0.134625	0.165486	0.0920974	0.498487	0.0960196	0.0675601	0.976816	1.69957	0.923847
3090000	-45.68987	0	-45.68987	0.115683	0.147065	0.356143	0.537282	0.111202	0.122438	1.69413	0.228716	0.207861
3100000	-42.69828	0	-42.69828	0.0526372	0.271182	0.169333	0.269525	0.078224	0.0551163	1.18298	0.352668	0.332387
3110000	-40.22523	0	-40.22523	0.0927207	0.258542	0.163012	0.354189	0.0893411	0.0635009	1.95006	0.253311	0.62289
3120000	-41.78254	0	-41.78254	0.139442	0.138074	0.176354	0.370438	0.178318	0.162303	3.35902	0.849253	0.372168
3130000	-36.25325	0	-36.25325	0.283013	0.200699	0.0912789	0.548255	0.0659627	0.0914439	2.04048	0.353114	0.646525
3140000	-40.72631	0	-40.72631	0.149377	0.178888	0.139994	0.451938	0.0936092	0.101547	0.580959	0.280522	0.314038
3150000	-51.84022	0	-51.84022	0.0825019	0.27411	0.142157	0.402473	0.130191	0.0996359	0.49022	0.187731	0.638521
3160000	-43.64547	0	-43.64547	0.0515351	0.158376	0.16704	0.291731	0.053099	0.403384	2.4641	0.292073	2.46013
3170000	-44.63581	0	-44.63581	0.206869	0.571837	0.112781	0.45671	0.109889	0.143106	1.68119	0.396268	1.55329
3180000	-42.20521	0	-42.20521	0.151317	0.184385	0.306371	0.428124	0.0442331	0.0616292	2.10496	0.368454	1.22271
3190000	-42.81103	0	-42.81103	0.126284	0.0621415	0.437619	0.275832	0.0704611	0.102344	1.28496	0.420873	0.18126
3200000	-38.82605	0	-38.82605	0.176077	0.215891	0.143222	0.403842	0.0545107	0.0988199	1.52987	0.130565	1.773
3210000	-48.78008	0	-48.78008	0.186209	0.143771	0.139931	0.394374	0.0532587	0.182165	3.29189	0.609602	0.376893
3220000	-37.87724	0	-37.87724	0.188867	0.277122	0.132836	0.436236	0.0800794	0.0563771	3.58246	0.458063	0.625766
3230000	-43.64689	0	-43.64689	0.251245	0.177844	0.394602	0.251642	0.163987	0.0833334	0.499882	0.504015	1.05603
3240000	-37.21235	0	-37.21235	0.32613	0.119737	0.174488	0.378929	0.126605	0.0694717	2.02389	0.877009	1.76749
3250000	-44.4686	0	-44.4686	0.0886344	0.290306	0.203526	0.377592	0.176697	0.0621756	1.64161	0.254645	0.565497
3260000	-39.75007	0	-39.75007	0.184089	0.434279	0.1379	0.283424	0.19578	0.13239	1.96226	0.400724	3.06603
3270000	-41.06839	0	-41.06839	0.101883	0.164963	0.162689	0.339119	0.128592	0.0807221	3.13228	0.959349	1.34222
3280000	-37.26183	0	-37.26183	0.166091	0.124532	0.141958	0.42545	0.113342	0.111985	2.34357	2.70266	0.861895
3290000	-43.67675	0	-43.67675	0.357179	0.0808976	0.185587	0.225423	0.176271	0.124768	1.94013	0.685861	0.0556079
3300000	-39.95595	0	-39.95595	0.269353	0.178055	0.132198	0.569177	0.175909	0.0781661	4.0864	1.02281	2.76509
3310000	-45.19297	0	-45.19297	0.16232	0.108023	0.0713626	0.323681	0.204219	0.0855552	2.77284	0.470812	0.409596
3320000	-45.30186	0	-45.30186	0.278643	0.351527	0.115553	0.409352	0.0848852	0.0872393	1.52659	0.583137	2.04642
3330000	-42.23925	0	-42.23925	0.166616	0.21845	0.140616	0.489614	0.0905069	0.110858	2.54959	0.856668	0.421184
3340000	-39.22071	0	-39.22071	0.152635	0.151768	0.350506	0.365545	0.0945858	0.070272	1.70861	0.804857	0.401736
3350000	-40.1013	0	-40.1013	0.133533	0.193319	0.487096	0.324749	0.0631334	0.0832155	2.6493	0.373114	2.19737
3360000	-51.28636	0	-51.28636	0.194882	0.119634	0.604164	0.137744	0.158985	0.0878483	2.67059	0.522092	2.32732
3370000	-40.35276	0	-40.35276	0.211401	0.222702	0.0855823	0.420379	0.0765749	0.0941777	4.84646	0.478092	2.48768
3380000	-50.37386	0	-50.37386	0.253657	0.19803	0.0946319	0.674599	0.12901	0.115597	5.62718	0.483375	1.69547
3390000	-42.38458	0	-42.38458	0.276565	0.220106	0.193508	0.369216	0.0872961	0.151513	3.61848	2.35161	1.37687
3400000	-49.28433	0	-49.28433	0.294693	0.128767	0.260229	0.348184	0.156168	0.217742	0.678156	0.874086	1.72515
3410000	-33.50035	0	-33.50035	0.0957387	0.241005	0.109825	0.423896	0.0789107	0.101745	1.34374	0.248636	0.823833
3420000	-47.10699	0	-47.10699	0.16915	0.546739	0.228488	0.408706	0.124219	0.17498	2.88174	0.7176	3.12784
3430000	-44.50008	0	-44.50008	0.34884	0.315153	0.189528	0.4648	0.100609	0.186946	2.81883	1.00233	1.98663
3440000	-44.29449	0	-44.29449	0.116463	0.246747	0.200939	0.354301	0.163429	0.0745481	1.90254	0.168878	0.354414
3450000	-40.41779	0	-40.41779	0.147389	0.18587	0.161405	0.341193	0.146191	0.101998	2.13325	0.166346	0.529768
3460000	-38.93478	0	-38.93478	0.264103	0.138124	0.173135	0.500272	0.0824845	0.172175	0.596557	0.615405	3.07515
3470000	-36.30567	0	-36.30567	0.170909	0.272056	0.102821	0.554492	0.0426086	0.123289	2.87046	1.25276	1.32966
3480000	-42.76668	0	-42.76668	0.178744	0.259271	0.165001	0.242826	0.144523	0.105756	3.48271	0.322428	1.71927
3490000	-42.71116	0	-42.71116	0.222434	0.243	0.227286	0.374807	0.152776	0.099996	1.24738	0.704814	3.20206
3500000	-36.94079	0	-36.94079	0.261871	0.26301	0.0963625	0.441278	0.0731594	0.209342	1.11002	1.64241	2.77729
3510000	-38.5737	0	-38.5737	0.0610071	0.287072	0.180356	0.370182	0.14057	0.0798095	2.27077	0.532039	0.343693
3520000	-44.31412	0	-44.31412	0.125026	0.213444	0.228488	0.565674	0.0820945	0.0800428	1.45705	0.287249	0.632184
3530000	-40.70278	0	-40.70278	0.0476108	0.302285	0.160496	0.292115	0.0959359	0.0357013	1.60059	0.153712	1.17554
3540000	-36.96462	0	-36.96462	0.357226	0.20926	0.198138	0.417107	0.210978	0.12002	1.01606	0.604246	0.658983
3550000	-38.98307	0	-38.98307	0.121779	0.216278	0.175408	1.01009	0.0548039	0.0775026	3.36071	1.39089	0.434114
3560000	-44.1133	0	-44.1133	0.0823923	0.279236	0.251471	0.229377	0.101849	0.210595	0.95788	0.512538	0.171962
3570000	-41.28131	0	-41.28131	0.149217	0.259876	0.149578	0.247277	0.154635	0.134548	0.441796	0.535974	1.49686
3580000	-44.55913	0	-44.55913	0.208373	0.16534	0.181754	0.61013	0.0613096	0.0688367	0.913875	0.397752	0.226811
3590000	-44.08412	0	-44.08412	0.0976358	0.13207	0.222364	0.359879	0.103198	0.0843426	1.32124	0.112057	0.176721
3600000	-41.52731	0	-41.52731	0.0992031	0.338198	0.672198	0.479569	0.0923982	0.15092	2.02918	0.778992	1.57441
3610000	-38.28035	0	-38.28035	0.215913	0.228339	0.186263	0.393342	0.165421	0.228621	1.91278	1.03285	2.91901
3620000	-41.41991	0	-41.41991	0.0656495	0.289516	0.180852	0.844859	0.144095	0.122354	2.27503	0.270572	2.98328
3630000	-44.26988	0	-44.26988	0.129936	0.12007	0.265601	0.417642	0.190703	0.0709685	3.84388	1.13597	0.88262
3640000	-46.84936	0	-46.84936	0.290533	0.145248	0.0933591	0.403851	0.221285	0.205589	1.89696	1.65088	3.67885
3650000	-40.41145	0	-40.41145	0.251924	0.18709	0.203369	0.539514	0.085124	0.10123	3.03179	0.223015	0.317274
3660000	-53.34909	0	-53.34909	0.126336	0.0692033	0.408293	0.37158	0.0833906	0.140236	1.99226	0.747371	0.0197228
3670000	-49.54513	0	-49.54513	0.328759	0.388744	0.0617273	0.35504	0.13394	0.0644932	0.481568	1.01323	0.0493677
3680000	-42.49436	0	-42.49436	0.139512	0.308429	0.169542	0.453348	0.130222	0.147756	3.58781	0.441095	2.13896
3690000	-39.63678	0	-39.63678	0.0909891	0.228764	0.188248	0.262398	0.0793484	0.110478	1.33323	0.76159	1.26407
3700000	-45.81884	0	-45.81884	0.164332	0.161567	0.503263	0.308834	0.190611	0.102099	1.48394	2.94269	4.61496
3710000	-42.19405	0	-42.19405	0.0493987	0.326063	0.186059	0.522383	0.0455635	0.0467343	2.06596	0.295705	1.02871
3720000	-38.66016	0	-38.66016	0.134941	0.204156	0.231434	0.375478	0.144863	0.162063	1.14154	0.222522	2.05255
3730000	-44.02293	0	-44.02293	0.164405	0.0998985	0.227278	0.301269	0.109723	0.227398	3.50753	0.317972	0.391343
3740000	-41.00638	0	-41.00638	0.188463	0.104647	0.193444	0.423007	0.242059	0.081106	1.80747	2.34585	1.06141
3750000	-47.83864	0	-47.83864	0.281067	0.193628	0.150143	0.295852	0.0824046	0.187114	1.174	0.124838	0.0231832
3760000	-41.83063	0	-41.83063	0.316196	0.148117	0.220421	0.453911	0.160719	0.0324808	1.20106	0.467596	0.308403
3770000	-41.0264	0	-41.0264	0.0977739	0.379717	0.20151	0.325715	0.130243	0.273853	3.97144	0.42964	1.11662
3780000	-40.92093	0	-40.92093	0.247132	0.158433	0.0775378	0.518559	0.0994587	0.0507223	1.97198	1.41499	2.72808
3790000	-38.84517	0	-38.84517	0.138458	0.137265	0.147393	0.393187	0.179785	0.0648623	1.64788	0.82498	1.75618
3800000	-40.00702	0	-40.00702	0.136769	0.201904	0.136539	0.331588	0.0823117	0.135152	2.0777	0.159762	0.388765
3810000	-48.49739	0	-48.49739	0.179901	0.477687	0.0437357	0.489088	0.126177	0.0923092	0.845761	0.222659	1.02382
3820000	-48.56237	0	-48.56237	0.0916748	0.12804	0.185264	0.432327	0.118737	0.156266	0.415137	0.22441	0.0538596
3830000	-48.87003	0	-48.87003	0.275654	0.180968	0.125102	0.711267	0.0852956	0.127236	1.79662	0.566975	3.4374
3840000	-41.01891	0	-41.01891	0.176286	0.259105	0.206988	0.356322	0.10516	0.170783	1.50021	0.885887	2.6436
3850000	-42.97864	0	-42.97864	0.159174	0.0926066	0.35347	0.282792	0.0798956	0.114351	1.38497	0.214624	1.12303
3860000	-42.2842	0	-42.2842	0.222764	0.183931	0.237621	0.324272	0.319145	0.0852202	2.73145	1.65679	0.128889
3870000	-45.08869	0	-45.08869	0.215311	0.136863	0.293085	0.589416	0.124693	0.156972	1.85598	0.333972	0.0731648
3880000	-42.06178	0	-42.06178	0.170731	0.151567	0.107243	0.611199	0.160631	0.0541535	6.04925	2.04717	1.93332
3890000	-50.38972	0	-50.38972	0.129267	0.165326	0.0879358	0.335989	0.125824	0.0523722	4.28283	0.301849	0.117096
3900000	-38.15797	0	-38.15797	0.108447	0.209795	0.2655	0.382291	0.10894	0.107447	0.802124	0.598911	0.254163
3910000	-50.43669	0	-50.43669	0.0638672	0.277966	0.149883	0.532506	0.101409	0.0850718	1.08113	0.0608985	0.188359
3920000	-49.74226	0	-49.74226	0.0852557	0.161855	0.283258	0.729555	0.0664567	0.0600027	0.974609	0.212228	0.177131
3930000	-46.44081	0	-46.44081	0.132641	0.120367	0.539935	0.434793	0.172992	0.0843871	5.49232	0.515055	0.537708
3940000	-39.79248	0	-39.79248	0.271757	0.217219	0.118561	0.454838	0.103952	0.134282	1.78068	2.44837	0.369726
3950000	-39.33751	0	-39.33751	0.0625516	0.220041	0.12269	0.211814	0.111309	0.119685	1.76561	0.707873	0.604316
3960000	-39.00362	0	-39.00362	0.162709	0.176317	0.110284	0.311666	0.267127	0.0790207	2.53215	0.809307	0.49347
3970000	-41.16617	0	-41.16617	0.201961	0.248043	0.188292	0.397089	0.163425	0.114635	1.77275	0.517553	1.09985
3980000	-38.22944	0	-38.22944	0.164393	0.201401	0.201762	0.29932	0.167312	0.0630116	1.03454	0.755165	0.238998
3990000	-40.01767	0	-40.01767	0.0476385	0.429225	0.197363	0.314811	0.100128	0.151093	1.27418	0.204274	0.900538
4000000	-40.97111	0	-40.97111	0.133136	0.245879	0.17006	0.596257	0.126831	0.0992673	2.31162	0.524023	0.405427
4010000	-50.52583	0	-50.52583	0.325072	0.064101	0.145517	0.378487	0.129636	0.250035	5.0799	0.333482	0.0440518
4020000	-46.04336	0	-46.04336	0.255415	0.658982	0.150691	0.441464	0.160547	0.062463	1.10578	1.50526	0.107749
4030000	-38.94479	0	-38.94479	0.247625	0.0970811	0.122713	0.297264	0.0645416	0.0747225	2.76504	0.627018	0.465813
4040000	-40.44182	0	-40.44182	0.140007	0.285359	0.133418	0.33029	0.185534	0.0400299	2.7962	1.17733	0.314266
4050000	-41.93497	0	-41.93497	0.203007	0.111437	0.219835	0.483343	0.172218	0.121911	2.32377	1.12724	0.270811
4060000	-36.93777	0	-36.93777	0.201204	0.107643	0.288578	0.428595	0.0782073	0.185276	2.21954	0.294364	0.262932
4070000	-44.73966	0	-44.73966	0.219129	0.266866	0.351891	0.37537	0.130496	0.161025	1.14463	0.584124	0.248218
4080000	-44.40091	0	-44.40091	0.19804	0.123913	0.391869	0.572353	0.0883442	0.0947999	0.827912	0.167638	0.146804
4090000	-38.2807	0	-38.2807	0.164562	0.342177	0.0836071	0.323703	0.174836	0.162359	1.03318	1.00803	0.959184
4100000	-34.38686	0	-34.38686	0.159205	0.258649	0.136286	0.388163	0.0564683	0.125166	1.76682	0.225773	0.244267
4110000	-43.89347	0	-43.89347	0.21413	0.391804	0.185408	0.386432	0.165174	0.0943321	0.286103	2.21928	2.38624
4120000	-47.5012	0	-47.5012	0.0441541	0.221181	0.118113	0.274905	0.0445553	0.168765	3.70682	0.930428	0.930167
4130000	-41.81169	0	-41.81169	0.130269	0.278684	0.207236	0.373639	0.128577	0.0609561	3.60965	0.34145	0.40805
4140000	-42.46719	0	-42.46719	0.297294	0.117706	0.113227	0.229559	0.0936315	0.105133	2.80736	1.39045	0.263575
4150000	-42.02919	0	-42.02919	0.402401	0.0988335	0.184531	0.205347	0.137188	0.215433	2.16144	0.910184	0.493029
4160000	-48.36672	0	-48.36672	0.0904639	0.276311	0.347628	0.312247	0.182296	0.176071	2.21566	0.352813	0.143855
4170000	-43.83023	0	-43.83023	0.129483	0.298227	0.175466	0.278435	0.273049	0.0550442	3.79088	0.243256	2.7208
4180000	-39.79784	0	-39.79784	0.14736	0.250839	0.16854	0.413008	0.183888	0.089252	2.71992	0.496712	0.626315
4190000	-32.68219	0	-32.68219	0.142225	0.183358	0.268775	0.493775	0.0654107	0.0945638	1.98439	0.466249	0.887653
4200000	-39.54073	0	-39.54073	0.104492	0.296931	0.15656	0.394284	0.240714	0.0881822	3.81941	1.10298	2.50078
4210000	-42.46258	0	-42.46258	0.167144	0.230353	0.242697	0.523884	0.120996	0.139138	6.70372	0.201978	1.12056
4220000	-41.60411	0	-41.60411	0.289082	0.0936396	0.131896	0.375754	0.116816	0.0684113	3.63281	0.635363	0.216245
4230000	-41.03362	0	-41.03362	0.113191	0.250602	0.213762	0.267615	0.234763	0.165299	2.84315	0.442398	0.183214
4240000	-35.19419	0	-35.19419	0.137342	0.250273	0.200301	0.368124	0.109917	0.0810215	2.83016	0.678625	0.672304
4250000	-39.57649	0	-39.57649	0.0491581	0.302046	0.0834515	0.517408	0.156177	0.0840696	2.86547	0.295817	0.608784
4260000	-36.65613	0	-36.65613	0.318775	0.215597	0.172549	0.55314	0.0644682	0.0880325	1.64287	1.10001	0.809411
4270000	-40.24626	0	-40.24626	0.270635	0.125658	0.279016	0.279848	0.111686	0.140978	0.802002	1.52125	0.338594
4280000	-46.33228	0	-46.33228	0.114039	0.332819	0.22987	0.200136	0.149867	0.0647426	1.65647	0.477678	0.11236
4290000	-45.82503	0	-45.82503	0.379738	0.492204	0.0995114	0.86227	0.18799	0.102128	2.1033	0.448521	0.590883
4300000	-37.73479	0	-37.73479	0.103983	0.157896	0.127683	0.426915	0.10166	0.104905	1.02084	0.342317	0.879073
4310000	-42.99603	0	-42.99603	0.216683	0.14654	0.0781199	0.536125	0.157094	0.113222	1.96004	0.436343	1.58161
4320000	-44.18544	0	-44.18544	0.133312	0.140377	0.181597	0.569201	0.0752685	0.159122	1.31703	0.174032	1.05183
4330000	-41.1284	0	-41.1284	0.111336	0.258429	0.0764291	0.359803	0.0590042	0.0982975	1.08997	0.434652	0.837269
4340000	-45.23836	0	-45.23836	0.141502	0.177653	0.146825	0.292295	0.0745686	0.0504866	0.630556	0.183958	0.260236
4350000	-48.58951	0	-48.58951	0.0831766	0.115225	0.216918	0.2976	0.0506858	0.287174	3.35938	0.172257	0.171312
4360000	-41.0169	0	-41.0169	0.148523	0.361382	0.100501	0.335805	0.145395	0.13043	3.49828	2.10985	1.11753
4370000	-52.4652	0	-52.4652	0.173949	0.351981	0.290694	0.463286	0.109927	0.165989	1.16557	0.410295	1.977
4380000	-42.33415	0	-42.33415	0.193398	0.373422	0.206421	0.335986	0.116916	0.089805	0.587764	0.289155	0.635714
4390000	-46.3785	0	-46.3785	0.0416563	0.246642	0.176607	0.357949	0.128347	0.0892776	1.93704	0.546873	0.266859
4400000	-46.95812	0	-46.95812	0.0879719	0.175827	0.0661939	0.194288	0.199206	0.159075	2.85119	0.223565	1.84382
4410000	-39.5871	0	-39.5871	0.0830894	0.192562	0.150087	0.356738	0.0470866	0.0750067	1.83116	0.584806	2.11673
4420000	-41.30218	0	-41.30218	0.0602318	0.217854	0.0791161	0.457654	0.122114	0.0757377	2.85267	0.376256	1.67467
4430000	-40.58085	0	-40.58085	0.162112	0.258643	0.130384	0.460744	0.140166	0.0647253	1.89707	0.267615	0.496199
4440000	-42.87163	0	-42.87163	0.166571	0.132095	0.278087	0.347495	0.140737	0.0280012	2.89571	0.35041	1.32017
4450000	-40.30276	0	-40.30276	0.142363	0.188464	0.0753221	0.31174	0.167585	0.143209	3.06414	1.94096	1.28946
4460000	-47.18195	0	-47.18195	0.145085	0.167085	0.238758	0.737504	0.230813	0.304426	3.38014	0.224502	0.618014
4470000	-39.41691	0	-39.41691	0.11829	0.313707	0.0850647	0.250199	0.14836	0.0921577	2.35432	0.295937	0.479926
4480000	-36.20786	0	-36.20786	0.234247	0.0720625	0.104319	0.382455	0.158927	0.0908972	2.10305	1.74038	0.721832
4490000	-48.60377	0	-48.60377	0.244499	0.0937296	0.263217	0.196622	0.118926	0.121043	0.826905	1.26412	0.574929
4500000	-42.1102	0	-42.1102	0.321422	0.130998	0.169142	0.409104	0.196859	0.142866	2.98112	3.39532	0.400604
4510000	-63.586	0	-63.586	0.142278	0.119715	0.130528	0.922591	0.147014	0.0442974	0.703145	0.0214923	0.0344778
4520000	-39.69061	0	-39.69061	0.220378	0.227259	0.11657	0.328382	0.256828	0.0772843	2.08069	1.27707	0.53806
4530000	-43.68343	0	-43.68343	0.117116	0.210354	0.181719	0.280683	0.15327	0.122091	1.66005	0.48313	0.790879
4540000	-43.97502	0	-43.97502	0.168651	0.164304	0.180008	0.375379	0.0892106	0.11905	1.11704	0.572929	0.368237
4550000	-44.36363	0	-44.36363	0.263219	0.308953	0.119411	0.233974	0.0450606	0.0838599	1.27224	0.740476	3.50422
4560000	-37.05386	0	-37.05386	0.204582	0.145618	0.197752	0.502945	0.209721	0.139405	1.68655	0.595953	0.690754
4570000	-45.08837	0	-45.08837	0.11661	0.239134	0.110737	0.404025	0.085096	0.0771744	0.789199	0.328482	0.674974
4580000	-37.68218	0	-37.68218	0.232066	0.290877	0.193066	0.488881	0.0967364	0.0729037	2.07421	0.929064	0.45471
4590000	-44.74103	0	-44.74103	0.245038	0.240392	0.0493702	0.272812	0.0984679	0.0575719	2.27998	0.43076	5.83445
4600000	-41.4629	0	-41.4629	0.212784	0.148617	0.189639	0.328334	0.0736828	0.161033	1.45408	0.205227	1.41521
4610000	-37.24122	0	-37.24122	0.182288	0.190432	0.174338	0.415945	0.13716	0.126369	2.33323	0.276346	0.451237
4620000	-42.88068	0	-42.88068	0.148968	0.170118	0.104341	0.329833	0.231226	0.0712073	1.14331	0.393018	0.305193
4630000	-38.95449	0	-38.95449	0.208364	0.206689	0.169844	0.446719	0.256615	0.177752	2.14158	1.75424	0.202921
4640000	-45.60743	0	-45.60743	0.189196	0.139606	0.0766771	0.291836	0.204498	0.0668575	1.84161	0.647655	0.632079
4650000	-42.3588	0	-42.3588	0.148534	0.274557	0.195114	0.432808	0.112397	0.0508776	2.70541	0.360075	1.40811
4660000	-39.95579	0	-39.95579	0.171743	0.142285	0.10603	0.340179	0.0865879	0.0657308	0.78447	0.443074	0.323866
4670000	-46.24642	0	-46.24642	0.0866178	0.114463	0.281072	0.474058	0.0365642	0.263476	1.00095	0.914469	0.28978
4680000	-45.36396	0	-45.36396	0.146902	0.26489	0.0674534	0.397894	0.0769293	0.168032	1.01465	0.265189	1.16753
4690000	-43.54983	0	-43.54983	0.128999	0.226192	0.417256	0.345904	0.100563	0.0893979	1.12064	0.271816	0.266481
4700000	-41.64599	0	-41.64599	0.290037	0.274609	0.19508	0.630649	0.0700938	0.134542	1.7823	0.293551	1.06567
4710000	-42.9594	0	-42.9594	0.21944	0.0619327	0.0743123	0.36247	0.13029	0.105519	0.772534	1.95193	0.184901
4720000	-46.9295	0	-46.9295	0.143702	0.134314	0.0900386	0.447215	0.163036	0.0974669	1.01365	0.20962	0.450968
4730000	-44.38232	0	-44.38232	0.118949	0.329661	0.125087	0.616271	0.141683	0.0518738	1.62056	0.408097	1.62851
4740000	-44.67951	0	-44.67951	0.685982	0.222983	0.202426	0.969032	0.149369	0.198066	4.85579	0.355013	0.188157
4750000	-44.46221	0	-44.46221	0.0446994	0.211158	0.19208	0.370497	0.109369	0.0721936	3.50766	1.30988	0.844434
4760000	-37.92867	0	-37.92867	0.177993	0.341577	0.248144	0.295621	0.107584	0.11242	1.75726	0.824644	1.42261
4770000	-41.53746	0	-41.53746	0.151173	0.265813	0.0931175	0.408288	0.108128	0.146207	1.06861	0.163257	1.81101
4780000	-47.21599	0	-47.21599	0.168319	0.285682	0.328508	0.54696	0.120213	0.235794	8.55351	0.684657	0.231446
4790000	-33.20576	0	-33.20576	0.11867	0.253752	0.144419	0.3384	0.11406	0.111873	4.29896	0.32501	0.412151
4800000	-42.41803	0	-42.41803	0.113474	0.169107	0.0974205	0.299594	0.0784169	0.0598371	2.21526	0.379046	1.27079
4810000	-39.90837	0	-39.90837	0.207663	0.258104	0.26522	0.314692	0.174823	0.128394	1.88593	1.26372	1.02845
4820000	-42.40681	0	-42.40681	0.0429492	0.12848	0.34061	0.452638	0.0820342	0.0858862	2.29369	0.263401	0.253463
4830000	-41.78203	0	-41.78203	0.182828	0.127463	0.134896	0.572184	0.0872468	0.152264	1.94597	1.71494	0.69455
4840000	-42.49133	0	-42.49133	0.184428	0.182858	0.207496	0.31664	0.0544064	0.110605	3.99917	2.21142	0.698388
4850000	-41.73573	0	-41.73573	0.125834	0.333993	0.380064	0.319374	0.1154	0.0410232	0.477831	0.358952	0.679978
4860000	-46.35319	0	-46.35319	0.192497	0.150813	0.112895	0.284225	0.128098	0.0512679	1.0264	0.132016	0.259346
4870000	-40.1989	0	-40.1989	0.227639	0.240939	0.200828	0.208253	0.1914	0.100267	0.57865	2.22376	0.790803
4880000	-54.21066	0	-54.21066	0.329323	0.289578	0.151287	0.3798	0.0539043	0.416932	1.76582	0.9338	2.39595
4890000	-39.24083	0	-39.24083	0.149607	0.19395	0.265002	0.601908	0.122181	0.0699008	1.40289	0.721981	2.09843
4900000	-41.20924	0	-41.20924	0.104888	0.202134	0.223299	0.356867	0.138542	0.102228	2.21038	1.18688	0.550959
4910000	-47.93655	0	-47.93655	0.476833	0.215989	0.0896153	0.424441	0.202307	0.0464996	3.37391	0.187122	1.64908
4920000	-48.27613	0	-48.27613	0.162691	0.255878	0.127278	0.590628	0.156789	0.0837846	6.63365	0.308942	2.06245
4930000	-45.8303	0	-45.8303	0.181605	0.0659301	0.752884	0.296325	0.0699237	0.0538054	1.1666	0.179292	0.205042
4940000	-42.23867	0	-42.23867	0.1297	0.227374	0.112378	0.286467	0.182028	0.116728	2.87424	1.09293	0.476086
4950000	-44.05437	0	-44.05437	0.0688022	0.0693496	0.299396	0.27032	0.159592	0.0824005	4.79731	0.261751	1.38634
4960000	-40.72038	0	-40.72038	0.24474	0.172064	0.115468	0.497982	0.154598	0.0972373	2.08109	1.45092	0.226768
4970000	-45.71791	0	-45.71791	0.0413737	0.379031	0.146542	0.279925	0.172597	0.0649496	0.965939	0.263135	0.358655
4980000	-40.09439	0	-40.09439	0.0928886	0.219428	0.0844195	0.543378	0.0811058	0.109526	1.48189	0.236	2.16748
4990000	-43.43792	0	-43.43792	0.134506	0.157972	0.27094	0.340277	0.238877	0.111017	0.836108	0.38187	0.284249
5000000	-36.79842	0	-36.79842	0.130392	0.217287	0.152083	0.229285	0.104246	0.095592	3.37001	2.1434	0.108897
