Iteration	Posterior	Likelihood	Prior	lambda[1]	lambda[2]	lambda[3]	mu[1]	mu[2]	mu[3]	psi[1]	psi[2]	psi[3]
0	-32.26029	0	-32.26029	0.129709	0.142977	0.15024	0.0631162	0.115285	0.0683728	1.11309	1.53936	0.0166716
10000	-19.85783	0	-19.85783	0.0575223	0.20465	0.111362	0.22418	0.119404	0.110598	1.30319	1.74432	0.412262
20000	-25.69949	0	-25.69949	0.17841	0.127909	0.194468	0.215414	0.07162	0.0827412	2.02681	0.328993	0.616355
30000	-21.59058	0	-21.59058	0.12876	0.119954	0.222445	0.178652	0.0933363	0.083553	1.73616	0.369516	0.651668
40000	-24.24233	0	-24.24233	0.0440777	0.225639	0.254589	0.408971	0.118745	0.114819	0.807053	1.14553	0.291816
50000	-24.69754	0	-24.69754	0.125583	0.130568	0.126315	0.358934	0.221459	0.136134	1.98908	2.29372	0.467546
60000	-31.76456	0	-31.76456	0.105638	0.205006	0.178994	0.226468	0.198297	0.105094	8.01825	0.816446	0.532991
70000	-22.47034	0	-22.47034	0.11612	0.179943	0.197062	0.196313	0.186003	0.0981274	0.745386	2.53659	0.187532
80000	-17.97935	0	-17.97935	0.102182	0.14642	0.0876422	0.311192	0.0875513	0.119	0.98225	1.41483	0.157256
90000	-22.28389	0	-22.28389	0.137791	0.210177	0.150392	0.342289	0.113627	0.044046	2.44467	0.722101	2.56093
100000	-24.04641	0	-24.04641	0.120598	0.102134	0.260546	0.254542	0.115696	0.185639	2.34017	1.39118	0.236326
110000	-25.64225	0	-25.64225	0.129309	0.246469	0.118749	0.270472	0.28707	0.044205	1.24194	0.790418	3.20041
120000	-29.01798	0	-29.01798	0.156602	0.280465	0.0815643	0.195462	0.0517672	0.0836101	3.72459	1.04105	0.852967
130000	-24.35661	0	-24.35661	0.187298	0.200817	0.252116	0.153607	0.189068	0.152661	2.05294	1.15003	0.196008
140000	-21.82147	0	-21.82147	0.143404	0.127819	0.129189	0.15877	0.07446	0.166903	1.0965	1.9332	1.73099
150000	-26.23219	0	-26.23219	0.139382	0.181196	0.294818	0.328248	0.152688	0.107277	2.78857	3.57057	0.083459
160000	-25.30355	0	-25.30355	0.123795	0.0886764	0.15774	0.159204	0.055472	0.121639	0.821729	0.944202	1.0339
170000	-29.09532	0	-29.09532	0.0989004	0.265041	0.135099	0.229318	0.162453	0.0611342	1.00138	0.389519	0.138259
180000	-33.62422	0	-33.62422	0.331928	0.330654	0.0629219	0.33127	0.0983062	0.0855836	2.33164	1.60427	0.128225
190000	-31.05429	0	-31.05429	0.110453	0.211541	0.190109	0.444905	0.35117	0.178047	4.5217	0.737848	0.473711
200000	-22.95108	0	-22.95108	0.134045	0.155982	0.154056	0.175482	0.160958	0.191863	0.783622	4.51746	0.225855
210000	-21.841	0	-21.841	0.145408	0.0766242	0.239647	0.229093	0.09053	0.0411837	2.10466	1.29125	0.268773
220000	-21.77562	0	-21.77562	0.160744	0.101663	0.227865	0.4029	0.0594464	0.088025	1.00748	0.692984	0.401848
230000	-24.19795	0	-24.19795	0.166261	0.0848675	0.110935	0.121877	0.128542	0.185779	0.549129	2.47135	1.25167
240000	-32.33733	0	-32.33733	0.12078	0.215083	0.127029	0.267366	0.361434	0.0501932	5.27642	6.349	1.19759
250000	-24.74536	0	-24.74536	0.154685	0.0415361	0.193878	0.225374	0.110679	0.101659	4.02029	1.01984	2.7014
260000	-22.14415	0	-22.14415	0.209455	0.105382	0.0971351	0.348586	0.146406	0.109124	1.05705	1.03634	0.73215
270000	-33.05931	0	-33.05931	0.0902419	0.213721	0.148913	0.154147	0.360895	0.0750859	1.21238	1.49343	0.28396
280000	-20.81709	0	-20.81709	0.110721	0.136952	0.256006	0.243312	0.102817	0.061438	0.993199	0.687238	0.738862
290000	-21.92118	0	-21.92118	0.0412329	0.172293	0.108395	0.292149	0.0774412	0.0681111	1.37218	2.31706	1.15084
300000	-18.0443	0	-18.0443	0.0948363	0.20837	0.111329	0.340554	0.0862076	0.080124	1.74438	1.4518	1.03087
310000	-19.43381	0	-19.43381	0.0948635	0.172169	0.129481	0.320782	0.119548	0.0962887	2.91588	0.964514	0.570991
320000	-23.39676	0	-23.39676	0.0530669	0.067354	0.275197	0.393296	0.0942984	0.130192	2.2172	1.69743	0.367082
330000	-26.36476	0	-26.36476	0.0717337	0.113585	0.312913	0.237821	0.127836	0.0726576	0.876421	1.97439	0.176833
340000	-27.49246	0	-27.49246	0.0391612	0.166344	0.151272	0.238647	0.111986	0.0650621	4.86185	2.1139	0.257671
350000	-21.88534	0	-21.88534	0.0690995	0.184208	0.155864	0.144844	0.194515	0.0975091	0.749965	3.81683	1.13395
360000	-28.74916	0	-28.74916	0.0495771	0.0380272	0.391972	0.394562	0.0918758	0.0822181	2.90484	1.63346	1.34586
370000	-23.14913	0	-23.14913	0.0891159	0.223789	0.325815	0.496448	0.0776038	0.0431994	1.09718	4.24843	0.286877
380000	-24.60724	0	-24.60724	0.0785441	0.192905	0.275911	0.286972	0.0967536	0.212602	1.29121	1.29791	0.217303
390000	-21.51592	0	-21.51592	0.0707833	0.100108	0.158902	0.362708	0.0612929	0.126715	1.28173	0.586799	0.127985
400000	-20.15159	0	-20.15159	0.141566	0.126582	0.160436	0.288392	0.144325	0.120108	2.91563	1.17752	0.929584
410000	-20.47733	0	-20.47733	0.101687	0.172736	0.24218	0.366837	0.0895421	0.124436	0.893583	1.05269	1.18535
420000	-24.46474	0	-24.46474	0.0557067	0.245377	0.172106	0.104225	0.0870973	0.175025	1.74987	1.63865	0.551431
430000	-26.79963	0	-26.79963	0.248225	0.0523343	0.15094	0.17323	0.068962	0.119245	1.44013	1.31267	0.381744
440000	-26.58055	0	-26.58055	0.100513	0.0942097	0.195114	0.285977	0.183533	0.0639858	1.33608	2.27874	0.0720914
450000	-24.61105	0	-24.61105	0.0460101	0.239445	0.233617	0.279776	0.215667	0.0758748	4.03161	1.26554	0.695782
460000	-21.65997	0	-21.65997	0.0786978	0.175907	0.16968	0.179634	0.111378	0.0477071	1.89178	1.01534	0.442981
470000	-20.6539	0	-20.6539	0.11079	0.216968	0.271529	0.277441	0.124071	0.154515	1.4238	1.51607	1.10026
480000	-21.54105	0	-21.54105	0.111903	0.126756	0.139228	0.468548	0.0567884	0.0596987	2.73037	0.472759	0.348755
490000	-28.06106	0	-28.06106	0.147001	0.120407	0.448441	0.166842	0.508012	0.0618824	0.955705	1.70477	0.417685
500000	-23.74124	0	-23.74124	0.209839	0.0562548	0.352121	0.399412	0.069659	0.0584759	1.68327	1.21625	0.451384
510000	-29.63466	0	-29.63466	0.103278	0.34332	0.488416	0.456811	0.147916	0.29282	2.93012	1.32295	0.161069
520000	-21.12238	0	-21.12238	0.111799	0.222689	0.18026	0.258996	0.171205	0.0827817	2.09774	1.48752	0.245657
530000	-23.47668	0	-23.47668	0.0764718	0.151799	0.330245	0.204699	0.179064	0.177075	3.0441	1.86706	1.21856
540000	-24.22086	0	-24.22086	0.124902	0.197751	0.478352	0.433106	0.0704943	0.0829389	2.53063	1.11444	0.428755
550000	-25.20872	0	-25.20872	0.147354	0.0959668	0.0980587	0.282133	0.0792161	0.0506034	0.503165	0.30415	0.0860165
560000	-18.12867	0	-18.12867	0.0897068	0.0816861	0.324479	0.443798	0.110223	0.113872	0.656547	1.07462	0.512798
570000	-23.33461	0	-23.33461	0.181594	0.0698449	0.244811	0.315097	0.185579	0.173015	1.18886	2.11115	0.426249
580000	-23.16672	0	-23.16672	0.0931541	0.075264	0.172691	0.268566	0.0665529	0.242451	3.12162	3.14665	0.655917
590000	-22.88294	0	-22.88294	0.193106	0.113656	0.346103	0.266304	0.12512	0.0433806	2.80715	0.631164	0.46046
600000	-24.57638	0	-24.57638	0.15155	0.0581876	0.122677	0.529307	0.0882717	0.132031	1.62563	4.08572	0.203538
610000	-17.87753	0	-17.87753	0.0686355	0.137138	0.212389	0.223201	0.0775492	0.106926	2.51731	2.48749	1.00021
620000	-20.92829	0	-20.92829	0.0680115	0.119088	0.309315	0.304506	0.189606	0.17366	1.99999	2.38474	0.770473
630000	-26.13393	0	-26.13393	0.149037	0.0945416	0.153182	0.731046	0.127275	0.0937242	2.01551	0.657909	0.333752
640000	-29.56936	0	-29.56936	0.0794596	0.194734	0.210952	0.45711	0.0900515	0.143061	3.14719	0.820175	0.085601
650000	-24.63006	0	-24.63006	0.168356	0.139612	0.167887	0.184706	0.282222	0.075527	1.21269	1.4289	0.266411
660000	-21.62831	0	-21.62831	0.17112	0.153356	0.396884	0.383854	0.188688	0.0893412	3.13238	0.677407	0.474758
670000	-26.65743	0	-26.65743	0.198337	0.233997	0.217324	0.260649	0.162262	0.0639084	2.40239	5.89239	2.1576
680000	-21.80518	0	-21.80518	0.141991	0.115985	0.18994	0.158794	0.229445	0.102396	1.8161	0.867834	0.393334
690000	-22.27964	0	-22.27964	0.125901	0.124411	0.0901989	0.343009	0.100534	0.115129	1.54407	2.56492	1.04177
700000	-20.64646	0	-20.64646	0.0947086	0.141397	0.289168	0.265428	0.0876735	0.0764354	2.44042	0.651062	3.38142
710000	-22.0358	0	-22.0358	0.0561986	0.139013	0.110044	0.265607	0.0861361	0.137689	0.70959	2.03267	0.129346
720000	-28.81319	0	-28.81319	0.127404	0.129212	0.439666	0.612907	0.298798	0.110068	2.52464	0.26724	0.294021
730000	-28.80886	0	-28.80886	0.107288	0.0552395	0.188051	0.284771	0.0355773	0.0864897	1.83066	2.13637	0.029714
740000	-24.61875	0	-24.61875	0.0348069	0.229254	0.313579	0.156496	0.0734205	0.159677	0.810958	2.08073	1.60755
750000	-24.39607	0	-24.39607	0.181588	0.089552	0.345634	0.354204	0.14592	0.0527302	1.74108	0.918249	0.813736
760000	-22.78458	0	-22.78458	0.0875793	0.284178	0.136889	0.42402	0.143342	0.106523	2.39317	2.79158	0.643819
770000	-22.04374	0	-22.04374	0.195477	0.198003	0.131563	0.320825	0.0751306	0.115406	0.489207	1.27181	0.239974
780000	-22.32473	0	-22.32473	0.111738	0.187054	0.127489	0.725679	0.122265	0.125434	2.15297	1.35115	1.17732
790000	-22.72414	0	-22.72414	0.156874	0.193655	0.126379	0.169413	0.091814	0.0670694	1.20135	1.00201	0.495171
800000	-25.23975	0	-25.23975	0.26023	0.0965368	0.21196	0.318479	0.0933478	0.124313	1.77189	1.31625	0.513339
810000	-21.24041	0	-21.24041	0.13593	0.145872	0.171164	0.215591	0.150277	0.0812973	2.53938	2.16718	0.982509
820000	-21.38706	0	-21.38706	0.13873	0.181833	0.098602	0.617723	0.170327	0.208259	2.90043	0.795628	0.455392
830000	-20.71638	0	-20.71638	0.101443	0.161212	0.140041	0.155475	0.120251	0.109011	0.403367	2.44228	0.57213
840000	-19.87789	0	-19.87789	0.0663593	0.147657	0.21716	0.297127	0.118715	0.153483	1.74456	3.16966	0.264473
850000	-20.14527	0	-20.14527	0.0963859	0.132671	0.10559	0.513184	0.198336	0.0880608	2.02759	0.905274	0.995465
860000	-24.72807	0	-24.72807	0.0726803	0.145987	0.117529	0.203593	0.253128	0.137222	2.11708	4.76523	0.153145
870000	-23.12082	0	-23.12082	0.206585	0.12257	0.599642	0.462598	0.0394094	0.0696236	0.502124	0.874129	1.30281
880000	-19.74569	0	-19.74569	0.134491	0.141279	0.199476	0.225806	0.172563	0.0932813	0.826899	0.690406	0.320372
890000	-20.43824	0	-20.43824	0.114671	0.093935	0.188236	0.190689	0.141679	0.0814171	1.50677	2.25129	0.129775
900000	-29.9973	0	-29.9973	0.0795625	0.326129	0.368475	0.34879	0.0583675	0.116792	3.33475	0.615664	0.324378
910000	-23.22557	0	-23.22557	0.0695708	0.148803	0.124413	0.263225	0.069518	0.132647	0.531544	1.30751	1.89253
920000	-25.02514	0	-25.02514	0.15012	0.140285	0.323078	0.32898	0.0714566	0.230979	3.04085	3.93613	0.890031
930000	-23.76329	0	-23.76329	0.076659	0.169085	0.411413	0.402608	0.0856967	0.155538	6.28268	1.6148	1.25344
940000	-21.71051	0	-21.71051	0.0628042	0.139639	0.207305	0.20494	0.134746	0.167136	0.675249	0.513154	0.852272
950000	-24.10043	0	-24.10043	0.0633021	0.155859	0.22954	0.1495	0.0590132	0.134804	1.98603	1.51253	0.092549
960000	-28.69012	0	-28.69012	0.207729	0.118499	0.144294	0.247506	0.0482419	0.0947876	1.03698	2.33816	0.723131
970000	-23.05424	0	-23.05424	0.0748548	0.150964	0.105569	0.269425	0.166056	0.0820896	1.1422	1.6576	0.466036
980000	-22.81842	0	-22.81842	0.112149	0.141294	0.167803	0.278025	0.0846825	0.0375405	1.04793	1.96033	1.17001
990000	-21.85572	0	-21.85572	0.0561829	0.179429	0.228715	0.423197	0.12904	0.164929	0.959275	1.1153	0.80961
1000000	-22.28017	0	-22.28017	0.0571566	0.0715957	0.123967	0.410967	0.192937	0.12666	0.891823	0.843985	2.36986
1010000	-23.93212	0	-23.93212	0.159768	0.202013	0.105102	0.526932	0.0542682	0.194602	0.654645	0.830542	3.63646
1020000	-34.62188	0	-34.62188	0.275301	0.171972	0.100044	1.00349	0.293816	0.0864372	2.96495	3.34578	0.91394
1030000	-22.75445	0	-22.75445	0.19744	0.098297	0.263679	0.139325	0.164161	0.125032	1.72353	2.4487	0.676595
1040000	-32.3574	0	-32.3574	0.165281	0.166831	0.144204	0.168541	0.172158	0.0810726	3.3548	0.69277	0.247169
1050000	-23.50898	0	-23.50898	0.127961	0.0767962	0.151123	0.364292	0.145947	0.107266	1.78253	0.741688	0.181501
1060000	-24.26245	0	-24.26245	0.112596	0.0946815	0.157794	0.205976	0.190232	0.0684992	1.98329	1.142	0.496841
1070000	-22.56203	0	-22.56203	0.108781	0.141765	0.211474	0.150258	0.0923739	0.161522	3.99512	1.213	0.372415
1080000	-27.67682	0	-27.67682	0.130877	0.078035	0.0963141	0.460613	0.106648	0.187738	4.21029	3.59729	0.861484
1090000	-22.06394	0	-22.06394	0.153096	0.0854503	0.354405	0.171011	0.0519559	0.152535	1.9382	1.00546	2.00385
1100000	-27.05707	0	-27.05707	0.155341	0.0861908	0.104457	0.228273	0.15499	0.125159	1.82909	1.70623	0.303856
1110000	-22.38765	0	-22.38765	0.232362	0.143857	0.0909911	0.295245	0.0700261	0.084315	1.94122	0.394359	0.724913
1120000	-26.82334	0	-26.82334	0.122167	0.108928	0.197315	0.219217	0.150325	0.10067	3.71395	0.816437	0.0494593
1130000	-20.43842	0	-20.43842	0.117838	0.162661	0.244328	0.312019	0.0942827	0.0813757	0.665539	1.86768	0.114504
1140000	-21.25349	0	-21.25349	0.122842	0.115912	0.176935	0.383009	0.160547	0.0675618	1.60274	0.865575	0.540435
1150000	-23.88691	0	-23.88691	0.0987543	0.137833	0.121141	0.424967	0.240051	0.0380298	0.678149	2.48475	1.299
1160000	-28.95729	0	-28.95729	0.09235	0.122741	0.228447	0.466289	0.116016	0.0523868	1.34916	2.34767	0.440137
1170000	-23.98875	0	-23.98875	0.0631146	0.0826846	0.119659	0.113577	0.104789	0.170014	2.44881	0.935855	0.576313
1180000	-22.1475	0	-22.1475	0.15468	0.169231	0.166181	0.366579	0.0944937	0.0623816	3.86237	1.4095	0.213426
1190000	-19.41955	0	-19.41955	0.0938479	0.13527	0.128422	0.206071	0.194254	0.100474	1.35416	1.88886	0.856515
1200000	-35.37043	0	-35.37043	0.067943	0.216828	0.115609	0.308282	0.0655557	0.132087	0.755758	3.18619	1.38279
1210000	-25.46282	0	-25.46282	0.0919406	0.233439	0.134369	0.361374	0.0511778	0.272414	1.85454	2.21883	3.71288
1220000	-22.58548	0	-22.58548	0.124841	0.0753637	0.3166	0.352441	0.0880198	0.0587546	3.11968	0.471339	0.300451
1230000	-21.47592	0	-21.47592	0.0791953	0.207503	0.189035	0.246222	0.108856	0.215204	0.707404	1.66215	1.42888
1240000	-24.91349	0	-24.91349	0.14956	0.272247	0.0841036	0.502176	0.134972	0.107517	3.65168	1.65024	0.246295
1250000	-18.37038	0	-18.37038	0.101532	0.0665409	0.210478	0.253883	0.050634	0.139295	1.39674	0.736626	0.144396
1260000	-26.46738	0	-26.46738	0.0851231	0.0889539	0.255359	0.397174	0.0908762	0.233472	0.87015	3.84179	0.0935268
1270000	-23.8471	0	-23.8471	0.185576	0.259882	0.182687	0.445311	0.0748847	0.0876303	0.568121	2.12496	0.532562
1280000	-22.03014	0	-22.03014	0.0956875	0.0524389	0.247746	0.271191	0.207256	0.177587	1.08764	1.11453	0.393244
1290000	-27.80889	0	-27.80889	0.127599	0.229456	0.260324	0.611391	0.0905376	0.0969481	2.37434	0.933531	0.351128
1300000	-25.20209	0	-25.20209	0.0649786	0.103616	0.170198	0.408088	0.0473423	0.195801	2.06278	0.619894	2.17805
1310000	-22.8054	0	-22.8054	0.0603551	0.26931	0.115975	0.154764	0.155247	0.129595	1.25398	2.34316	0.937457
1320000	-25.64191	0	-25.64191	0.190824	0.184472	0.631135	0.268556	0.145777	0.0592387	3.55271	0.970795	0.434801
1330000	-23.37557	0	-23.37557	0.125334	0.158223	0.135742	0.400378	0.0807794	0.0567508	2.31843	1.87153	0.338623
1340000	-22.90766	0	-22.90766	0.179206	0.284612	0.153	0.274503	0.141175	0.106713	0.964757	0.492162	0.855123
1350000	-25.19033	0	-25.19033	0.180255	0.306777	0.24007	0.885138	0.140921	0.12228	2.59166	1.18204	1.11388
1360000	-24.23265	0	-24.23265	0.0785328	0.176254	0.285373	0.649626	0.0872307	0.151367	0.70364	1.74372	0.926704
1370000	-19.6949	0	-19.6949	0.104384	0.153701	0.13746	0.316426	0.108556	0.0858745	1.33909	0.771455	0.355073
1380000	-24.43774	0	-24.43774	0.0733781	0.057112	0.140169	0.591989	0.0602694	0.117108	2.20731	0.964006	0.061517
1390000	-22.17192	0	-22.17192	0.103429	0.14931	0.164458	0.259843	0.0781364	0.110493	1.76562	1.31634	0.301614
1400000	-28.61256	0	-28.61256	0.0786459	0.228739	0.0849022	0.209145	0.0994271	0.123415	1.03398	0.59834	0.889448
1410000	-20.11076	0	-20.11076	0.108036	0.125637	0.178935	0.524673	0.122323	0.0572874	1.314	1.94926	0.797372
1420000	-24.16346	0	-24.16346	0.094878	0.153465	0.186083	0.317218	0.271971	0.0527738	3.04722	1.3091	0.11218
1430000	-35.79379	0	-35.79379	0.134216	0.140956	0.148448	0.603494	0.12358	0.158942	2.16525	1.94936	0.0148571
1440000	-22.51996	0	-22.51996	0.199172	0.0945827	0.116634	0.218126	0.0753184	0.0683201	1.21987	1.28251	0.55558
1450000	-22.74814	0	-22.74814	0.105931	0.219901	0.271618	0.473807	0.193413	0.0999052	0.900799	1.44815	1.62141
1460000	-22.33353	0	-22.33353	0.138794	0.268899	0.199012	0.293814	0.0424087	0.166702	0.782534	1.85213	1.00428
1470000	-25.00843	0	-25.00843	0.0735862	0.144571	0.329628	0.37188	0.134243	0.0628107	4.52128	5.79187	0.346596
1480000	-21.37172	0	-21.37172	0.170411	0.13117	0.39451	0.257456	0.131909	0.206617	0.900612	1.55705	0.767095
1490000	-20.71647	0	-20.71647	0.115268	0.262473	0.184678	0.322304	0.06596	0.0713384	1.81897	1.84058	0.430824
1500000	-22.81372	0	-22.81372	0.119406	0.153456	0.086079	0.267908	0.103234	0.123028	2.79678	2.33595	0.627992
1510000	-22.42638	0	-22.42638	0.069607	0.0695116	0.247385	0.393101	0.0704839	0.129491	1.53112	0.670366	0.251429
1520000	-24.57809	0	-24.57809	0.218648	0.0630677	0.223154	0.356722	0.115809	0.0991717	3.06793	0.812293	0.952149
1530000	-29.60889	0	-29.60889	0.0921725	0.0783912	0.135193	0.318668	0.0552958	0.0764577	1.01512	1.02345	0.055729
1540000	-19.5417	0	-19.5417	0.085618	0.152707	0.236064	0.182835	0.101258	0.0967283	1.55453	0.63747	0.461944
1550000	-24.31877	0	-24.31877	0.0930771	0.189216	0.236877	0.40942	0.170159	0.120726	3.0626	3.40127	2.32352
1560000	-21.5799	0	-21.5799	0.0916292	0.14992	0.174032	0.331503	0.0765226	0.0751923	0.82549	0.909476	0.297141
1570000	-26.59284	0	-26.59284	0.0904298	0.0403377	0.295753	0.482121	0.15736	0.230852	1.56043	3.14699	1.22191
1580000	-26.29505	0	-26.29505	0.069344	0.147193	0.234943	0.34599	0.145967	0.0736813	3.81432	0.524498	0.956579
1590000	-26.67317	0	-26.67317	0.277399	0.0677166	0.128568	0.31653	0.092468	0.17889	1.43216	1.04473	0.854021
1600000	-21.79069	0	-21.79069	0.104359	0.109412	0.257166	0.213398	0.101907	0.0828867	2.90967	0.402679	2.10954
1610000	-25.02517	0	-25.02517	0.0912188	0.252748	0.110155	0.346237	0.0740442	0.171052	2.36492	2.86368	0.397095
1620000	-20.85794	0	-20.85794	0.0672681	0.0718112	0.208194	0.164287	0.0922004	0.0557666	1.74775	0.858205	0.244672
1630000	-23.55881	0	-23.55881	0.0778985	0.182348	0.225747	0.372018	0.096781	0.16309	3.12035	1.14716	0.132168
1640000	-28.52087	0	-28.52087	0.0620888	0.118742	0.175242	0.806505	0.0807694	0.0886668	1.28931	1.03867	2.56312
1650000	-23.06179	0	-23.06179	0.123897	0.124074	0.176215	0.304708	0.0909532	0.31439	3.83289	1.95623	0.460464
1660000	-23.65738	0	-23.65738	0.0664531	0.0597022	0.170171	0.135583	0.0754577	0.152331	2.42885	0.872648	0.699301
1670000	-24.70155	0	-24.70155	0.175139	0.111846	0.27224	0.456465	0.167889	0.0869529	3.82393	0.752837	0.412976
1680000	-26.54644	0	-26.54644	0.088746	0.155365	0.263205	0.439889	0.182798	0.305585	0.942406	3.45855	5.0805
1690000	-25.8887	0	-25.8887	0.0944242	0.138914	0.204211	0.409889	0.170482	0.168703	2.16961	3.36676	0.665454
1700000	-23.48563	0	-23.48563	0.140392	0.192463	0.139479	0.313333	0.135211	0.0982253	1.63668	3.65588	0.164033
1710000	-18.95032	0	-18.95032	0.114143	0.0731129	0.161791	0.276633	0.108896	0.112593	2.16327	0.903804	0.459176
1720000	-20.72902	0	-20.72902	0.150342	0.147846	0.329271	0.487505	0.0665985	0.108403	2.02005	0.623707	0.259636
1730000	-25.27517	0	-25.27517	0.213961	0.22789	0.0620347	0.481187	0.077648	0.0824989	1.19675	4.16886	0.18402
1740000	-22.03799	0	-22.03799	0.0620274	0.161491	0.337239	0.27555	0.11472	0.0847255	2.35716	0.876502	0.338323
1750000	-24.33815	0	-24.33815	0.0813342	0.292589	0.188779	0.364764	0.0865305	0.0961652	2.12323	1.54644	0.217411
1760000	-30.94904	0	-30.94904	0.095205	0.153086	0.269125	0.887099	0.0449042	0.106394	0.57303	0.3232	2.02118
1770000	-20.01831	0	-20.01831	0.140198	0.0873672	0.210716	0.398303	0.162627	0.109094	1.04707	1.69561	0.38632
1780000	-20.7686	0	-20.7686	0.102858	0.0621051	0.248105	0.320822	0.0725274	0.148086	1.06757	1.13785	0.132521
1790000	-24.66843	0	-24.66843	0.0508692	0.136997	0.275877	0.64254	0.0893165	0.13683	3.92747	2.32027	0.781953
1800000	-23.53211	0	-23.53211	0.0763762	0.280683	0.308974	0.362443	0.0628287	0.19917	1.29	1.9054	0.652457
1810000	-23.39377	0	-23.39377	0.0793172	0.0923623	0.222965	0.302152	0.143246	0.0938997	4.03603	0.805831	0.071419
1820000	-21.11371	0	-21.11371	0.146949	0.102397	0.22758	0.189949	0.112034	0.100547	1.96201	0.275357	0.145513
1830000	-20.91577	0	-20.91577	0.0513601	0.147589	0.134173	0.285018	0.124624	0.105821	1.14861	2.24366	1.17999
1840000	-23.56354	0	-23.56354	0.181451	0.255609	0.155875	0.246579	0.256866	0.0542371	1.58696	1.93887	1.09541
1850000	-27.99471	0	-27.99471	0.183581	0.0855161	0.103515	0.268731	0.225832	0.0421625	1.58063	1.12328	0.600005
1860000	-24.99642	0	-24.99642	0.05088	0.220033	0.391831	0.215566	0.111757	0.12735	0.932191	4.98351	1.40184
1870000	-20.70538	0	-20.70538	0.0510556	0.148547	0.21494	0.171335	0.193126	0.108253	2.8884	1.00006	0.825306
1880000	-23.70648	0	-23.70648	0.107757	0.239013	0.20922	0.180536	0.262909	0.125265	3.32474	2.58739	0.575601
1890000	-21.7744	0	-21.7744	0.175381	0.178337	0.28453	0.309798	0.182357	0.152477	1.19688	0.944573	1.49777
1900000	-26.45581	0	-26.45581	0.12372	0.194182	0.180417	0.220568	0.191658	0.149785	1.7263	1.91852	0.150908
1910000	-20.04154	0	-20.04154	0.0700022	0.196766	0.206779	0.187318	0.10213	0.139535	1.52465	1.83097	0.486169
1920000	-27.72364	0	-27.72364	0.195145	0.148568	0.260554	0.355063	0.04273	0.100083	4.01814	0.83746	1.1678
1930000	-20.90866	0	-20.90866	0.177379	0.0672242	0.519104	0.510914	0.134498	0.0750853	1.42285	1.59595	0.404823
1940000	-25.68476	0	-25.68476	0.176785	0.148804	0.176967	0.213303	0.26685	0.0849765	1.74133	1.96634	0.156845
1950000	-20.3589	0	-20.3589	0.0953203	0.159588	0.272297	0.370859	0.17982	0.0766689	0.956522	3.14304	1.44116
1960000	-22.61708	0	-22.61708	0.122072	0.119412	0.242427	0.163752	0.0847381	0.0855038	4.87547	1.13231	0.394707
1970000	-31.12071	0	-31.12071	0.130622	0.0622399	0.194429	0.575769	0.217495	0.0877164	6.12258	1.10002	0.04702
1980000	-28.43763	0	-28.43763	0.177459	0.0860569	0.179791	0.175582	0.120566	0.214757	0.764929	1.45686	0.358975
1990000	-29.77871	0	-29.77871	0.175486	0.270334	0.124554	0.545135	0.212904	0.113776	3.60325	1.6544	0.67671
2000000	-21.44331	0	-21.44331	0.0795703	0.105652	0.111885	0.389572	0.0363647	0.12645	1.04078	1.53523	0.489077
2010000	-24.14541	0	-24.14541	0.0583219	0.118292	0.232535	0.255321	0.0768661	0.132386	3.0235	5.68451	0.169532
2020000	-25.06963	0	-25.06963	0.0764768	0.105161	0.0883138	0.255017	0.0721146	0.126946	2.67794	3.20075	0.501919
2030000	-19.626	0	-19.626	0.110187	0.0709487	0.215784	0.287804	0.0921576	0.0777305	2.69659	1.98084	0.605038
2040000	-21.40394	0	-21.40394	0.226347	0.169889	0.257303	0.347006	0.0853894	0.0918154	0.885158	0.686906	1.75492
2050000	-23.23969	0	-23.23969	0.223847	0.122155	0.118056	0.190573	0.0769189	0.144227	1.30132	1.58459	1.73826
2060000	-20.42136	0	-20.42136	0.0725791	0.182602	0.0832985	0.213838	0.0732777	0.13126	1.36272	2.34131	1.13164
2070000	-24.10518	0	-24.10518	0.119018	0.143793	0.184713	0.147764	0.32465	0.074202	1.79254	1.65602	0.132044
2080000	-26.51607	0	-26.51607	0.114977	0.179836	0.572952	0.354643	0.123657	0.082389	3.75452	2.91488	2.59741
2090000	-23.50718	0	-23.50718	0.133697	0.209157	0.122109	0.25385	0.0757171	0.129997	4.74496	0.893814	0.668567
2100000	-19.49967	0	-19.49967	0.181373	0.156488	0.235309	0.297195	0.145652	0.0764883	2.265	1.71418	0.786772
2110000	-21.02206	0	-21.02206	0.0752026	0.243605	0.12422	0.437012	0.0399894	0.0778378	2.84605	2.19266	0.575477
2120000	-23.59467	0	-23.59467	0.156618	0.102217	0.226891	0.722999	0.0749627	0.142232	1.19506	1.03935	0.621323
2130000	-25.88628	0	-25.88628	0.214655	0.109035	0.104948	0.401065	0.154548	0.137114	2.93104	1.56566	2.03684
2140000	-23.52189	0	-23.52189	0.0961971	0.0875666	0.123973	0.3369	0.142035	0.0699257	1.80499	3.27505	0.562237
2150000	-27.68039	0	-27.68039	0.237905	0.0806499	0.176097	0.178125	0.195241	0.113313	2.18578	2.3774	0.39438
2160000	-22.06335	0	-22.06335	0.142234	0.141824	0.390501	0.259678	0.192645	0.0964624	0.883959	1.96784	0.928257
2170000	-21.55908	0	-21.55908	0.130744	0.163275	0.119965	0.214326	0.135341	0.189388	0.901151	0.986163	0.0884417
2180000	-24.27993	0	-24.27993	0.167051	0.227489	0.119308	0.395673	0.146784	0.0705492	1.13168	0.565264	0.228415
2190000	-22.83285	0	-22.83285	0.0727507	0.0693194	0.431274	0.301353	0.0785817	0.126361	1.55632	2.34217	2.72526
2200000	-26.72074	0	-26.72074	0.216673	0.237677	0.159402	0.157522	0.0567948	0.0559786	0.491058	1.14332	1.45899
2210000	-22.94089	0	-22.94089	0.0692889	0.179942	0.237285	0.515409	0.192301	0.0901112	2.72384	1.46528	0.195117
2220000	-23.79019	0	-23.79019	0.0907302	0.128777	0.212279	0.311828	0.0935962	0.192498	3.07852	1.24884	1.06212
2230000	-23.23758	0	-23.23758	0.128671	0.132237	0.118216	0.348268	0.141073	0.20912	4.04377	2.80576	0.625334
2240000	-21.98286	0	-21.98286	0.0644671	0.0780903	0.177427	0.26481	0.0947855	0.0647604	1.02566	1.38801	0.305037
2250000	-25.30709	0	-25.30709	0.170486	0.171057	0.256843	0.421945	0.164699	0.234622	2.33195	0.297157	1.01457
2260000	-31.49687	0	-31.49687	0.0927621	0.127086	0.149964	0.505605	0.359135	0.159036	2.52634	0.796861	0.28299
2270000	-19.62075	0	-19.62075	0.248887	0.20161	0.290825	0.369786	0.0932995	0.0670124	1.54729	0.900011	0.759898
2280000	-19.55268	0	-19.55268	0.108262	0.265002	0.137069	0.309593	0.134398	0.212237	1.71934	2.7591	0.689255
2290000	-21.05963	0	-21.05963	0.12229	0.113309	0.128523	0.330889	0.0721634	0.0876314	1.99557	1.48344	0.161104
2300000	-23.28546	0	-23.28546	0.054696	0.186085	0.115601	0.192213	0.0962781	0.0540976	2.28889	2.03026	1.53814
2310000	-29.69916	0	-29.69916	0.277396	0.102464	0.0602964	0.417886	0.114027	0.0565551	0.822092	1.58864	1.55443
2320000	-24.52693	0	-24.52693	0.13779	0.376348	0.125705	0.148972	0.134307	0.14964	2.36919	0.87116	2.35733
2330000	-23.76963	0	-23.76963	0.0412864	0.180606	0.146326	0.248469	0.0906596	0.151792	2.31097	4.95406	1.19001
2340000	-26.70993	0	-26.70993	0.0897707	0.106894	0.160813	0.336062	0.0342132	0.0632949	0.865919	1.03104	1.36126
2350000	-21.47869	0	-21.47869	0.0619762	0.095196	0.124589	0.463671	0.0980961	0.0982141	2.67959	1.1311	0.0638385
2360000	-21.41585	0	-21.41585	0.138534	0.312757	0.159101	0.234265	0.135133	0.149929	2.99795	1.42917	0.389237
2370000	-29.36999	0	-29.36999	0.135948	0.17812	0.162433	0.482913	0.134061	0.0458646	1.83255	1.43182	0.316587
2380000	-22.96711	0	-22.96711	0.0610091	0.244761	0.18552	0.243611	0.0728362	0.0601318	2.14599	0.93247	0.508402
2390000	-19.90756	0	-19.90756	0.193417	0.101825	0.147668	0.244941	0.0636081	0.100744	1.01923	2.05453	1.90978
2400000	-24.1092	0	-24.1092	0.0826935	0.177549	0.213291	0.212731	0.0950809	0.279056	0.967013	4.66575	1.31512
2410000	-23.09464	0	-23.09464	0.187281	0.181379	0.182537	0.463836	0.150413	0.0716525	1.01074	1.77705	1.21411
2420000	-21.49257	0	-21.49257	0.113561	0.103427	0.29127	0.361063	0.0983437	0.120954	2.42646	0.573515	0.091074
2430000	-24.84107	0	-24.84107	0.153563	0.0805107	0.0943641	0.301675	0.14043	0.0837584	1.24611	5.10169	0.195375
2440000	-24.84845	0	-24.84845	0.111235	0.0868665	0.302622	0.290299	0.210625	0.276824	1.57257	1.22469	0.789052
2450000	-20.6628	0	-20.6628	0.185333	0.0715503	0.300764	0.191814	0.114779	0.107652	1.25768	1.78413	0.494785
2460000	-24.15732	0	-24.15732	0.0765841	0.0943755	0.270871	0.59057	0.107748	0.0566719	1.00126	2.25292	0.56226
2470000	-26.14921	0	-26.14921	0.15248	0.179505	0.0584523	0.359289	0.0888503	0.186392	0.821891	2.78745	0.428196
2480000	-23.63313	0	-23.63313	0.141981	0.034275	0.188575	0.617313	0.153514	0.0942627	1.39859	1.2849	0.173508
2490000	-24.15273	0	-24.15273	0.0824582	0.378241	0.180926	0.215271	0.0917308	0.112855	0.944653	1.23626	1.27636
2500000	-24.49647	0	-24.49647	0.108757	0.256622	0.282252	0.205353	0.135361	0.187382	2.13267	1.31459	3.86223
2510000	-21.84995	0	-21.84995	0.0724912	0.1095	0.272434	0.434313	0.142753	0.0978528	3.64397	1.33378	0.166361
2520000	-22.66094	0	-22.66094	0.126045	0.153316	0.323236	0.176869	0.205799	0.0830588	0.736926	2.50204	1.14246
2530000	-29.48049	0	-29.48049	0.065796	0.0691806	0.147681	0.642725	0.0699296	0.0631781	2.4251	0.558569	0.0269908
2540000	-24.83245	0	-24.83245	0.125478	0.210184	0.186579	0.155659	0.0875665	0.0558357	2.37965	1.92433	2.30187
2550000	-21.68559	0	-21.68559	0.158173	0.0735381	0.0948632	0.23377	0.140673	0.107758	0.781558	0.319617	0.520761
2560000	-31.58738	0	-31.58738	0.228228	0.121138	0.376123	0.451281	0.182654	0.0802632	3.63126	1.83589	0.110533
2570000	-21.50476	0	-21.50476	0.122169	0.114353	0.18825	0.370004	0.169995	0.0673581	2.25275	2.2475	0.173398
2580000	-20.41622	0	-20.41622	0.102773	0.115621	0.340328	0.390836	0.207232	0.0716947	1.97434	0.873489	0.790354
2590000	-22.31144	0	-22.31144	0.0636366	0.0782561	0.109401	0.376846	0.19524	0.112072	1.32427	0.72756	0.512741
2600000	-20.52704	0	-20.52704	0.116222	0.192153	0.177213	0.470999	0.104916	0.171156	1.78595	1.52853	0.800741
2610000	-24.53674	0	-24.53674	0.0497723	0.190627	0.0875388	0.597179	0.0884996	0.0633218	3.52307	2.10685	1.28981
2620000	-22.14181	0	-22.14181	0.0934816	0.18845	0.245963	0.465209	0.260946	0.0856244	5.27644	0.91201	1.00015
2630000	-26.62464	0	-26.62464	0.383935	0.120785	0.0989401	0.46897	0.0771	0.0954015	0.609181	1.25242	1.07554
2640000	-25.66	0	-25.66	0.161552	0.0775329	0.310275	0.494418	0.145585	0.0607399	1.42266	2.22971	0.265705
2650000	-26.18593	0	-26.18593	0.125919	0.238421	0.47125	0.193196	0.151411	0.109439	5.0173	0.575991	0.700405
2660000	-19.86242	0	-19.86242	0.0650274	0.161612	0.216474	0.366497	0.168078	0.102619	2.03542	1.01514	2.35651
2670000	-20.44411	0	-20.44411	0.10546	0.121911	0.293124	0.289943	0.118032	0.084547	2.85271	1.14195	1.50085
2680000	-22.77729	0	-22.77729	0.074059	0.0408663	0.226227	0.201041	0.0604964	0.0624222	2.73725	1.89756	0.20907
2690000	-25.34774	0	-25.34774	0.189938	0.20072	0.0982893	0.324919	0.163618	0.0721487	1.12196	0.939079	0.664156
2700000	-22.35149	0	-22.35149	0.15739	0.068292	0.282975	0.197283	0.0872297	0.0763028	2.56085	3.13417	0.271661
2710000	-22.29773	0	-22.29773	0.122799	0.104523	0.0637611	0.323537	0.0906269	0.0871163	1.65522	1.30348	0.847861
2720000	-27.81473	0	-27.81473	0.158675	0.130565	0.138522	0.232604	0.286529	0.127309	1.58243	0.478686	1.16771
2730000	-31.95209	0	-31.95209	0.0565727	0.420006	0.163182	0.438491	0.167695	0.204132	4.98717	1.88242	3.31556
2740000	-21.46916	0	-21.46916	0.188653	0.17495	0.153142	0.262587	0.208046	0.0808292	0.64262	0.66449	2.45174
2750000	-21.70178	0	-21.70178	0.163817	0.190665	0.117291	0.242488	0.10903	0.101231	0.570859	4.20709	1.36591
2760000	-25.28468	0	-25.28468	0.0501824	0.114666	0.128532	0.29175	0.150562	0.068189	2.09489	0.574769	0.114214
2770000	-25.25814	0	-25.25814	0.0645887	0.131017	0.161629	0.4185	0.172207	0.0836565	4.07759	0.900564	1.70372
2780000	-23.05561	0	-23.05561	0.180423	0.120334	0.139657	0.449912	0.117147	0.131449	1.72059	1.31754	0.146487
2790000	-28.04084	0	-28.04084	0.255958	0.0687015	0.148094	0.296861	0.21872	0.148714	0.816806	1.86985	0.657102
2800000	-25.65942	0	-25.65942	0.18578	0.193317	0.351159	0.434086	0.145038	0.0594633	1.5969	1.02659	0.126549
2810000	-21.0794	0	-21.0794	0.127175	0.351452	0.190261	0.424843	0.0778331	0.0693148	2.68378	1.56801	0.872791
2820000	-28.5185	0	-28.5185	0.13113	0.0528105	0.157782	0.157299	0.152515	0.0920933	6.10451	2.8782	0.0888544
2830000	-21.55856	0	-21.55856	0.170991	0.180836	0.212964	0.327052	0.258361	0.193244	1.66625	1.22378	1.94921
2840000	-20.67712	0	-20.67712	0.130292	0.135801	0.335052	0.273282	0.206124	0.0941902	2.6865	1.47962	0.289665
2850000	-29.50947	0	-29.50947	0.156114	0.133811	0.413325	0.362041	0.129223	0.273851	1.53629	0.857388	1.39983
2860000	-18.977	0	-18.977	0.109711	0.106866	0.218277	0.330559	0.216353	0.13554	1.03398	1.53571	0.499263
2870000	-23.87417	0	-23.87417	0.0790011	0.0786448	0.112815	0.3703	0.0738422	0.0946384	0.299771	1.10787	0.341978
2880000	-20.2395	0	-20.2395	0.0869584	0.119858	0.318948	0.44327	0.118202	0.127191	1.27092	1.31238	1.69699
2890000	-24.06347	0	-24.06347	0.185735	0.295958	0.405937	0.342373	0.125954	0.199147	1.64312	0.873119	2.1747
2900000	-24.86782	0	-24.86782	0.181352	0.102204	0.182711	0.587362	0.0771386	0.0675842	1.02734	0.999557	0.607951
2910000	-27.63692	0	-27.63692	0.0784521	0.38143	0.154784	0.72664	0.188468	0.097082	4.61364	2.25521	0.271793
2920000	-29.06043	0	-29.06043	0.0555942	0.143447	0.0751344	0.226075	0.168982	0.183125	5.62056	1.08208	0.234275
2930000	-20.82265	0	-20.82265	0.10777	0.115364	0.0796731	0.264261	0.0898431	0.0627153	1.69084	1.06775	0.512568
2940000	-23.3811	0	-23.3811	0.129215	0.368821	0.329965	0.326253	0.088925	0.0832007	1.82209	0.494724	3.05863
2950000	-23.42512	0	-23.42512	0.210579	0.138714	0.361517	0.467803	0.160679	0.151422	0.697745	0.615669	0.802919
2960000	-21.88259	0	-21.88259	0.203282	0.293959	0.18155	0.253499	0.0972779	0.0612556	1.86498	0.68306	1.37888
2970000	-18.51864	0	-18.51864	0.167114	0.121121	0.212493	0.325656	0.0771437	0.0683239	0.941387	2.14369	1.19366
2980000	-23.16913	0	-23.16913	0.230553	0.150568	0.123025	0.387392	0.0971466	0.152018	0.991083	0.749027	0.532362
2990000	-24.45118	0	-24.45118	0.210428	0.296517	0.136341	0.380086	0.0602118	0.100476	2.87196	1.13118	2.08617
3000000	-25.79768	0	-25.79768	0.117049	0.116843	0.198438	0.453969	0.18061	0.0380752	1.7378	0.788537	0.161959
3010000	-22.38816	0	-22.38816	0.179658	0.175282	0.427894	0.431684	0.0901566	0.194811	1.00335	2.49593	1.44121
3020000	-28.74376	0	-28.74376	0.0763801	0.1433	0.087734	0.521304	0.116185	0.0545735	3.278	0.722656	0.424255
3030000	-30.70793	0	-30.70793	0.0786322	0.1292	0.131472	0.45893	0.127418	0.0855259	1.46047	2.56276	0.0421275
3040000	-28.15763	0	-28.15763	0.1626	0.14931	0.28827	0.487369	0.118663	0.101482	2.12765	3.17569	0.211772
3050000	-22.65184	0	-22.65184	0.149939	0.130618	0.285962	0.25128	0.0517221	0.147605	2.07763	1.21042	0.461337
3060000	-19.86897	0	-19.86897	0.0960591	0.153673	0.26887	0.403604	0.10202	0.18638	3.01493	1.49346	0.162574
3070000	-21.96693	0	-21.96693	0.0709476	0.105673	0.219576	0.354737	0.0749559	0.140885	1.93724	0.58677	2.8031
3080000	-25.48578	0	-25.48578	0.130524	0.162178	0.302126	0.248902	0.247696	0.190456	4.98282	1.07122	0.257573
3090000	-26.32364	0	-26.32364	0.0710727	0.156048	0.381166	0.454338	0.0479804	0.044954	0.979163	1.02915	0.924578
3100000	-20.22143	0	-20.22143	0.0875279	0.0874979	0.180744	0.351616	0.211405	0.140192	1.66825	1.29129	0.602573
3110000	-18.84355	0	-18.84355	0.15289	0.24644	0.128285	0.273382	0.077426	0.0823761	1.36082	0.577541	0.571328
3120000	-23.35632	0	-23.35632	0.136302	0.0721095	0.18062	0.122576	0.139249	0.198646	1.86953	1.84598	0.393507
3130000	-25.53192	0	-25.53192	0.194358	0.137165	0.250154	0.278224	0.0655804	0.101833	2.1628	1.1008	0.223047
3140000	-20.28924	0	-20.28924	0.087133	0.193258	0.0996697	0.37461	0.194515	0.0886706	1.16241	0.968416	0.374624
3150000	-27.87762	0	-27.87762	0.122311	0.160516	0.160091	0.6922	0.0918293	0.173819	1.65066	0.412099	0.0598421
3160000	-21.94164	0	-21.94164	0.170794	0.0849396	0.160395	0.445789	0.0846648	0.133161	3.70684	1.18519	1.87253
3170000	-22.85418	0	-22.85418	0.0639918	0.218179	0.210916	0.223428	0.0865981	0.180348	1.51737	2.93123	0.943606
3180000	-25.76626	0	-25.76626	0.14981	0.0884586	0.135015	0.139935	0.157105	0.0837851	1.59026	2.1997	0.802292
3190000	-20.11086	0	-20.11086	0.142695	0.0955369	0.1043	0.274794	0.144752	0.161657	0.837054	1.24801	0.265301
3200000	-24.40974	0	-24.40974	0.177652	0.179205	0.203802	0.425363	0.109954	0.0392818	1.43532	0.687	0.133808
3210000	-23.17572	0	-23.17572	0.0735497	0.244754	0.145707	0.379272	0.0713389	0.255474	2.36019	1.11736	1.67454
3220000	-20.87602	0	-20.87602	0.141188	0.12821	0.143362	0.281701	0.109233	0.0467979	1.53411	2.87449	0.334558
3230000	-23.03564	0	-23.03564	0.114248	0.0832983	0.14243	0.243031	0.0832347	0.0751506	1.12276	3.06355	0.256094
3240000	-24.51303	0	-24.51303	0.141624	0.131979	0.209211	0.433078	0.0574772	0.0775887	2.15925	0.695746	0.26865
3250000	-22.48296	0	-22.48296	0.111843	0.0712504	0.143159	0.257613	0.134715	0.11835	1.37152	1.64425	0.0803312
3260000	-18.90649	0	-18.90649	0.124444	0.175184	0.206266	0.14294	0.0807219	0.174489	1.617	1.48424	0.650447
3270000	-22.99485	0	-22.99485	0.076811	0.244581	0.349435	0.470842	0.130444	0.136152	1.95453	1.53578	0.324914
3280000	-24.05797	0	-24.05797	0.091576	0.185995	0.604268	0.403661	0.17528	0.100319	1.36119	1.40914	0.194099
3290000	-19.79391	0	-19.79391	0.0936451	0.143826	0.269681	0.452482	0.14193	0.0591803	1.30634	1.91551	0.736091
3300000	-22.42023	0	-22.42023	0.0857842	0.0964411	0.0919153	0.349496	0.102562	0.108303	3.8576	2.09636	0.343939
3310000	-26.39157	0	-26.39157	0.0430974	0.345503	0.254453	0.205035	0.169154	0.301028	1.05046	0.481148	1.33684
3320000	-26.30484	0	-26.30484	0.085998	0.193954	0.124425	0.397261	0.0362145	0.0752575	3.37693	0.60386	0.767069
3330000	-22.31073	0	-22.31073	0.292383	0.0818927	0.428095	0.156918	0.110051	0.0928585	1.6209	1.19727	0.914868
3340000	-24.45456	0	-24.45456	0.0634544	0.185176	0.155034	0.597421	0.0597356	0.0306226	2.12954	0.634254	1.92373
3350000	-25.48565	0	-25.48565	0.153491	0.162562	0.142847	0.169504	0.156792	0.163721	1.56405	1.09686	0.678509
3360000	-25.55924	0	-25.55924	0.0875116	0.154454	0.251033	0.28996	0.111125	0.0862516	4.72189	1.18263	0.351232
3370000	-24.62704	0	-24.62704	0.227335	0.218261	0.203873	0.513224	0.219121	0.101241	1.88582	1.25621	0.67334
3380000	-21.08834	0	-21.08834	0.144946	0.214736	0.0634347	0.270375	0.0608832	0.173516	1.29765	1.68821	0.876449
3390000	-23.18654	0	-23.18654	0.139935	0.101236	0.352796	0.272873	0.0815609	0.185303	3.35083	1.37912	2.79334
3400000	-25.86685	0	-25.86685	0.0637479	0.170059	0.184603	0.416642	0.123801	0.223554	3.05616	2.69707	1.50437
3410000	-30.96639	0	-30.96639	0.122705	0.0735245	0.214809	0.303295	0.0979426	0.102724	4.34313	1.53863	0.131244
3420000	-22.78071	0	-22.78071	0.180159	0.172575	0.344883	0.541405	0.163861	0.0741293	0.909778	2.02384	0.658054
3430000	-21.10653	0	-21.10653	0.105204	0.122971	0.174313	0.645135	0.0349823	0.078753	0.883292	1.34292	0.648969
3440000	-23.06028	0	-23.06028	0.100458	0.0413107	0.264812	0.664959	0.0892499	0.109273	2.60401	2.45564	0.158439
3450000	-22.11847	0	-22.11847	0.107471	0.111252	0.301166	0.454981	0.179345	0.080605	1.55162	1.36682	0.296307
3460000	-22.16744	0	-22.16744	0.118023	0.129412	0.183357	0.201595	0.0787999	0.145552	3.08136	0.582352	0.220256
3470000	-27.84838	0	-27.84838	0.265504	0.0811512	0.247568	0.174497	0.107178	0.063171	1.60938	1.61587	0.0620111
3480000	-24.55741	0	-24.55741	0.12885	0.12426	0.181983	0.794102	0.111012	0.0660742	4.43378	1.803	0.540098
3490000	-24.66907	0	-24.66907	0.316478	0.121369	0.35233	0.104733	0.0791485	0.069777	1.38576	1.50255	0.312866
3500000	-23.14981	0	-23.14981	0.187109	0.199514	0.150286	0.513593	0.0786978	0.0917907	2.24368	0.831246	0.622293
3510000	-24.0829	0	-24.0829	0.144252	0.134256	0.106414	0.15808	0.112476	0.0617508	1.51691	1.98631	0.317919
3520000	-23.2035	0	-23.2035	0.133955	0.236492	0.116618	0.237318	0.132531	0.103398	1.6612	1.59641	1.75534
3530000	-22.85929	0	-22.85929	0.116074	0.127836	0.204133	0.227703	0.0621186	0.159604	2.38915	5.03825	1.09331
3540000	-18.8958	0	-18.8958	0.0975689	0.221487	0.217212	0.762621	0.0833162	0.155104	1.33543	0.934745	0.827348
3550000	-25.44538	0	-25.44538	0.176261	0.132143	0.196159	0.308048	0.207346	0.128561	1.44207	0.618767	0.379493
3560000	-25.26106	0	-25.26106	0.109443	0.166234	0.126803	0.104229	0.210672	0.113964	3.11896	1.03266	0.280881
3570000	-29.24928	0	-29.24928	0.182483	0.17288	0.136997	0.532427	0.0898882	0.0494825	0.492653	0.708512	0.260409
3580000	-20.19973	0	-20.19973	0.090184	0.0932543	0.223632	0.297488	0.0944934	0.104688	0.779545	1.0192	0.312934
3590000	-26.74176	0	-26.74176	0.108677	0.137654	0.239568	0.41187	0.149509	0.0811367	0.440855	0.875051	0.719173
3600000	-26.43876	0	-26.43876	0.303496	0.126101	0.191263	0.184244	0.229318	0.128882	2.72672	0.577206	0.423929
3610000	-19.51812	0	-19.51812	0.0785326	0.147561	0.153942	0.299789	0.192363	0.0860237	1.14614	0.852205	0.171897
3620000	-19.4965	0	-19.4965	0.132464	0.193993	0.120011	0.344465	0.105039	0.0782882	2.23184	1.43666	0.209437
3630000	-25.30902	0	-25.30902	0.214602	0.142173	0.275677	0.248985	0.213633	0.103776	1.80172	4.82359	1.00025
3640000	-27.28449	0	-27.28449	0.198833	0.169808	0.270189	0.157822	0.0817448	0.0929332	2.16063	0.758235	0.372401
3650000	-23.78209	0	-23.78209	0.162419	0.203579	0.10474	0.142909	0.115767	0.122838	1.35539	0.901421	0.170466
3660000	-22.9303	0	-22.9303	0.202187	0.11937	0.172837	0.610217	0.0952518	0.0955632	1.35155	1.44037	0.7176
3670000	-23.47505	0	-23.47505	0.113699	0.0894391	0.308014	0.798454	0.17694	0.117552	1.47172	2.03692	1.31911
3680000	-21.04542	0	-21.04542	0.113192	0.0539942	0.459008	0.38926	0.0888432	0.115959	0.488267	0.980611	0.544039
3690000	-23.40289	0	-23.40289	0.0610481	0.180534	0.117073	0.351581	0.210086	0.130545	2.14444	0.62038	0.567598
3700000	-24.03737	0	-24.03737	0.0936178	0.113453	0.117043	0.319799	0.0751102	0.0619309	2.06989	1.22357	0.197688
3710000	-21.73129	0	-21.73129	0.100246	0.0978559	0.127913	0.251032	0.0562858	0.0526205	0.615347	0.679738	0.155542
3720000	-23.7565	0	-23.7565	0.0796591	0.0867997	0.110645	0.148067	0.125283	0.0508036	1.05497	2.39348	0.223814
3730000	-24.77009	0	-24.77009	0.101208	0.132571	0.184754	0.455359	0.166252	0.0981381	6.45702	0.373363	0.638864
3740000	-23.16352	0	-23.16352	0.117222	0.201298	0.230921	0.404658	0.125028	0.0421783	0.846424	3.12207	0.553895
3750000	-22.75784	0	-22.75784	0.174975	0.0601329	0.139734	0.197534	0.144807	0.0579264	1.52148	1.32496	0.0651036
3760000	-23.72769	0	-23.72769	0.113198	0.0511718	0.180046	0.31343	0.141069	0.0846481	2.01272	2.87474	1.08113
3770000	-24.03404	0	-24.03404	0.0491124	0.15838	0.109475	0.178997	0.196746	0.0584484	2.03842	1.10308	0.265545
3780000	-27.33877	0	-27.33877	0.118286	0.0494296	0.0561631	0.398899	0.0430756	0.267093	2.03295	1.80027	0.530107
3790000	-21.07229	0	-21.07229	0.0859978	0.222418	0.488508	0.275931	0.103517	0.100252	1.07298	1.35629	1.17675
3800000	-22.29698	0	-22.29698	0.079361	0.21716	0.100441	0.482495	0.117566	0.0601449	1.05946	1.4732	2.37846
3810000	-25.11534	0	-25.11534	0.067682	0.135298	0.19503	0.416334	0.132055	0.137076	4.54933	1.07361	0.401562
3820000	-21.42792	0	-21.42792	0.0489717	0.0675677	0.277388	0.394639	0.0777191	0.13304	2.10868	0.84166	0.850283
3830000	-29.27664	0	-29.27664	0.1932	0.241105	0.285112	0.678504	0.155225	0.0526235	4.10095	0.409049	0.317582
3840000	-24.10529	0	-24.10529	0.0935178	0.241069	0.231682	0.188788	0.0773993	0.0923257	1.67266	0.973479	1.43799
3850000	-22.55861	0	-22.55861	0.14316	0.160259	0.35864	0.292997	0.0503324	0.111324	2.92485	0.683191	2.68507
3860000	-22.33794	0	-22.33794	0.108016	0.176242	0.150618	0.378968	0.105762	0.0955019	4.64938	1.05355	0.130449
3870000	-24.26292	0	-24.26292	0.0549763	0.100471	0.133634	0.519261	0.0338034	0.16462	1.75743	0.860015	0.669382
3880000	-25.51456	0	-25.51456	0.11845	0.336123	0.186171	0.341563	0.10665	0.0745134	2.06621	0.817202	0.382733
3890000	-21.00024	0	-21.00024	0.112329	0.181619	0.257852	0.57982	0.105329	0.118475	1.14945	0.331993	0.32247
3900000	-27.14093	0	-27.14093	0.243369	0.134713	0.514246	0.379178	0.17019	0.263738	1.29914	2.0606	0.785054
3910000	-25.6197	0	-25.6197	0.201401	0.160736	0.240803	0.500061	0.12171	0.0915113	3.58433	0.733304	0.146408
3920000	-24.88019	0	-24.88019	0.141653	0.471361	0.26113	0.518203	0.119674	0.0821583	1.84459	0.927739	2.74626
3930000	-23.68692	0	-23.68692	0.0813056	0.363599	0.190267	0.453632	0.105308	0.148558	0.874966	1.99183	0.286544
3940000	-22.96034	0	-22.96034	0.155431	0.164717	0.153058	0.287985	0.100917	0.0448264	3.44323	2.03159	1.07401
3950000	-32.86132	0	-32.86132	0.171063	0.0864077	0.09718	0.480229	0.105564	0.117899	4.11182	3.84514	0.0879117
3960000	-22.27455	0	-22.27455	0.100825	0.054097	0.0992194	0.525041	0.111982	0.14794	2.46765	0.779377	0.419244
3970000	-21.70569	0	-21.70569	0.20041	0.0788669	0.133366	0.200289	0.175283	0.110594	2.46374	2.16728	1.30743
3980000	-25.93578	0	-25.93578	0.0584673	0.252826	0.130465	0.127427	0.123709	0.101411	1.75333	1.3029	0.212069
3990000	-20.60907	0	-20.60907	0.1226	0.221446	0.175022	0.305866	0.121891	0.118782	1.81379	1.23218	3.9326
4000000	-23.6934	0	-23.6934	0.0747631	0.249225	0.177954	0.200438	0.206617	0.113284	0.890283	0.268573	0.165962
4010000	-21.88796	0	-21.88796	0.0763447	0.113688	0.145332	0.364713	0.0966654	0.0549064	1.17846	2.3165	0.0537218
4020000	-24.53761	0	-24.53761	0.0758773	0.334722	0.0839196	0.160263	0.0963417	0.0712705	1.89533	1.63674	2.45153
4030000	-20.82142	0	-20.82142	0.203883	0.0760533	0.16313	0.195234	0.0651783	0.207475	1.04063	0.604041	0.983028
4040000	-22.75838	0	-22.75838	0.178571	0.106753	0.0890044	0.268886	0.0702055	0.0994621	1.65768	4.36092	0.985978
4050000	-22.26078	0	-22.26078	0.175064	0.229491	0.0838035	0.454535	0.057134	0.056918	1.51622	1.76841	2.55495
4060000	-30.87709	0	-30.87709	0.153732	0.103897	0.286163	0.442629	0.165275	0.118897	1.40999	9.65723	0.365893
4070000	-23.85606	0	-23.85606	0.183537	0.12238	0.153003	0.269056	0.138627	0.133501	2.51521	1.30964	1.78343
4080000	-22.08678	0	-22.08678	0.0761064	0.285802	0.22699	0.242872	0.0634451	0.0811168	3.67982	1.35244	0.580623
4090000	-25.46461	0	-25.46461	0.0663701	0.143205	0.172531	0.371013	0.218452	0.0964092	1.47316	0.745382	1.5018
4100000	-22.03117	0	-22.03117	0.0829874	0.349458	0.136025	0.414833	0.18396	0.104782	2.30203	1.72819	1.81395
4110000	-23.74045	0	-23.74045	0.182763	0.162428	0.224844	0.322512	0.142198	0.101716	1.22646	0.469149	3.52066
4120000	-24.95271	0	-24.95271	0.15035	0.259789	0.440459	0.176061	0.0937329	0.0628868	0.692942	0.762985	0.173884
4130000	-23.65814	0	-23.65814	0.149303	0.149092	0.473215	0.188416	0.0999857	0.0438366	2.13271	1.14705	0.580322
4140000	-26.55043	0	-26.55043	0.161537	0.0911092	0.139279	0.459492	0.144217	0.259281	1.71455	2.68487	0.1626
4150000	-22.89804	0	-22.89804	0.0998326	0.34523	0.203051	0.330879	0.0675427	0.14507	1.52755	2.81117	0.588932
4160000	-21.09928	0	-21.09928	0.0913883	0.077686	0.317634	0.326548	0.0729635	0.222368	1.79511	2.34215	0.30381
4170000	-23.55126	0	-23.55126	0.0901441	0.0429863	0.23405	0.358542	0.038037	0.12016	1.02313	1.12621	0.277334
4180000	-27.06533	0	-27.06533	0.141651	0.045562	0.110399	0.375676	0.227331	0.0771587	2.93914	3.65539	0.254317
4190000	-24.16206	0	-24.16206	0.133568	0.131289	0.158188	0.344622	0.134579	0.0981585	1.14634	1.5954	1.09324
4200000	-26.26331	0	-26.26331	0.250732	0.155049	0.148665	0.327418	0.177584	0.0617166	1.64236	1.0462	1.42999
4210000	-22.98936	0	-22.98936	0.0398117	0.194907	0.187816	0.298801	0.0537956	0.0968298	0.505408	0.891436	2.28172
4220000	-24.16564	0	-24.16564	0.159393	0.143186	0.246731	0.294546	0.121811	0.166253	0.660239	1.12433	0.900378
4230000	-26.14777	0	-26.14777	0.0841447	0.0492997	0.218235	0.387536	0.095132	0.155621	2.36119	1.32294	0.303259
4240000	-25.85168	0	-25.85168	0.128445	0.108231	0.12668	0.756258	0.249604	0.0683838	1.30221	1.41276	0.267834
4250000	-21.26383	0	-21.26383	0.107095	0.111915	0.242623	0.351059	0.0510916	0.0873813	0.490063	0.682287	0.519898
4260000	-27.24226	0	-27.24226	0.103761	0.0730984	0.401063	0.117552	0.0768907	0.0489964	3.9963	0.366893	0.138527
4270000	-30.44983	0	-30.44983	0.175665	0.0781377	0.330999	0.501564	0.257971	0.0974821	2.53217	1.18756	0.143578
4280000	-21.21499	0	-21.21499	0.0534413	0.200669	0.421412	0.312257	0.151374	0.102657	1.96622	1.98471	1.38675
4290000	-23.00367	0	-23.00367	0.174654	0.165766	0.237471	0.347828	0.0816066	0.0719247	0.927022	2.24984	0.854377
4300000	-26.29707	0	-26.29707	0.0984704	0.216992	0.552278	0.295857	0.21435	0.198412	1.61748	1.48458	4.29301
4310000	-33.07061	0	-33.07061	0.161594	0.336146	0.423645	0.0855684	0.0847325	0.293303	2.29194	1.56118	0.29847
4320000	-24.31154	0	-24.31154	0.101353	0.138335	0.378681	0.447432	0.142699	0.0400089	2.73426	1.96042	0.339013
4330000	-21.90227	0	-21.90227	0.141454	0.19136	0.12353	0.354252	0.104903	0.0859371	0.990701	1.13616	1.10471
4340000	-23.89915	0	-23.89915	0.196412	0.0948195	0.287565	0.349767	0.0975848	0.17468	0.899807	2.27402	3.33823
4350000	-17.87344	0	-17.87344	0.127871	0.141688	0.0897726	0.399321	0.0761238	0.0910105	1.99062	0.916911	1.50323
4360000	-27.8739	0	-27.8739	0.102842	0.283545	0.221473	0.263467	0.221627	0.1007	1.39064	0.612351	0.0240879
4370000	-23.24864	0	-23.24864	0.0762334	0.11294	0.165735	0.207393	0.209588	0.203339	2.11241	0.766157	0.415738
4380000	-25.02719	0	-25.02719	0.143524	0.171422	0.27839	0.417583	0.226588	0.150488	2.01942	1.50938	0.259277
4390000	-18.62255	0	-18.62255	0.115009	0.205418	0.136609	0.29902	0.113867	0.106478	0.930761	2.53605	2.07234
4400000	-20.41969	0	-20.41969	0.107265	0.0789417	0.354248	0.255054	0.212563	0.0746139	2.24924	0.587325	0.463754
4410000	-24.73745	0	-24.73745	0.0483674	0.153361	0.149507	0.213968	0.0774533	0.0478341	1.11412	0.879558	0.259701
4420000	-23.12812	0	-23.12812	0.0691667	0.163404	0.132831	0.17117	0.134174	0.19088	1.43246	2.17435	1.13406
4430000	-19.65828	0	-19.65828	0.202298	0.0979064	0.259576	0.303937	0.0912676	0.103124	1.95126	1.2029	1.02867
4440000	-27.17558	0	-27.17558	0.110444	0.0644425	0.21444	0.77903	0.0532044	0.0871088	1.4912	3.54625	0.373627
4450000	-27.87886	0	-27.87886	0.0463843	0.0739425	0.269515	0.192178	0.129473	0.16379	0.870834	1.09219	0.341535
4460000	-20.45953	0	-20.45953	0.200937	0.0977485	0.233786	0.20797	0.113027	0.0550347	1.62302	0.813785	0.521204
4470000	-19.14452	0	-19.14452	0.099666	0.127616	0.192871	0.334556	0.0866979	0.153991	0.678816	0.761688	0.109856
4480000	-22.97693	0	-22.97693	0.140863	0.11013	0.140859	0.256662	0.0906408	0.0844151	1.46132	3.70164	2.40782
4490000	-23.93901	0	-23.93901	0.0966365	0.062908	0.13043	0.290942	0.105015	0.0743454	4.30188	0.327861	0.16452
4500000	-29.01738	0	-29.01738	0.305325	0.0895225	0.168638	0.461592	0.111696	0.105461	1.14339	2.08535	0.0668492
4510000	-29.03383	0	-29.03383	0.0992441	0.154779	0.226973	0.390241	0.434281	0.20779	0.742924	2.15365	0.486535
4520000	-24.41652	0	-24.41652	0.250719	0.198914	0.158756	0.356892	0.170341	0.0995411	2.88735	1.06954	0.191946
4530000	-24.92271	0	-24.92271	0.205517	0.103476	0.366509	0.541667	0.171562	0.0359596	1.1982	0.938869	0.233408
4540000	-24.29413	0	-24.29413	0.0675982	0.123656	0.122363	0.194123	0.245537	0.137389	1.59242	1.79006	0.342261
4550000	-21.77516	0	-21.77516	0.0921804	0.0987143	0.163744	0.264646	0.129674	0.198496	2.91899	1.31657	0.590265
4560000	-20.54151	0	-20.54151	0.0779871	0.140927	0.101813	0.269553	0.103347	0.159805	1.68023	1.39924	0.253761
4570000	-24.84171	0	-24.84171	0.116873	0.135242	0.155989	0.270829	0.269444	0.0659263	0.956159	1.02746	0.918941
4580000	-22.70054	0	-22.70054	0.173725	0.112267	0.0841369	0.288662	0.128505	0.0587122	2.39634	0.842547	0.111659
4590000	-21.39494	0	-21.39494	0.0656273	0.168096	0.206222	0.219786	0.0805203	0.0551807	2.19206	2.24316	1.4218
4600000	-21.97304	0	-21.97304	0.0961017	0.178413	0.184462	0.211615	0.130368	0.0730768	1.52934	0.729518	0.346856
4610000	-30.75417	0	-30.75417	0.159715	0.148974	0.161922	0.532386	0.0776468	0.0751049	2.27255	1.54795	0.251887
4620000	-22.89127	0	-22.89127	0.21267	0.229174	0.114631	0.44522	0.207492	0.130022	3.69562	0.545835	1.24117
4630000	-32.24934	0	-32.24934	0.258059	0.202996	0.0903358	0.725201	0.155808	0.197631	2.38021	2.83325	0.362731
4640000	-22.72946	0	-22.72946	0.0545693	0.153864	0.138497	0.377873	0.136843	0.0924362	1.15338	2.46268	0.229132
4650000	-21.77337	0	-21.77337	0.0786771	0.25363	0.134279	0.372512	0.146528	0.0504485	0.736937	1.34042	0.878007
4660000	-23.00741	0	-23.00741	0.234024	0.0862402	0.36251	0.401082	0.108435	0.156586	3.36914	2.66709	0.5354
4670000	-28.56385	0	-28.56385	0.16107	0.147706	0.200823	0.302922	0.150614	0.0793096	0.542382	0.805568	1.11794
4680000	-17.75458	0	-17.75458	0.08893	0.108197	0.21743	0.237569	0.0870274	0.100167	0.940443	1.17622	0.599282
4690000	-21.25612	0	-21.25612	0.0962968	0.24068	0.317005	0.418593	0.0757742	0.115079	0.787177	1.00169	0.567193
4700000	-21.22261	0	-21.22261	0.106107	0.133793	0.264394	0.276896	0.101929	0.28491	0.923539	1.6027	0.619575
4710000	-26.13459	0	-26.13459	0.0893836	0.090497	0.244596	0.294538	0.0358361	0.0965178	2.16427	3.78226	1.54279
4720000	-21.30617	0	-21.30617	0.085317	0.179614	0.171408	0.230198	0.162379	0.0743392	2.6176	1.41476	1.53975
4730000	-20.68386	0	-20.68386	0.160977	0.0666244	0.184865	0.263161	0.0860985	0.0788791	0.969607	0.972112	0.123665
4740000	-23.27405	0	-23.27405	0.171999	0.130941	0.152776	0.532382	0.0540976	0.167194	2.55368	1.30739	0.5171
4750000	-21.3728	0	-21.3728	0.140424	0.199227	0.0818433	0.269315	0.121025	0.147288	2.01045	0.721993	0.91205
4760000	-29.16534	0	-29.16534	0.154149	0.236119	0.127001	0.161386	0.397038	0.200358	2.17556	1.87476	1.94071
4770000	-21.55368	0	-21.55368	0.0477644	0.160204	0.146966	0.254337	0.151551	0.0827099	1.18371	1.1086	0.13285
4780000	-23.1173	0	-23.1173	0.129235	0.127898	0.142024	0.471355	0.129183	0.0647249	1.79521	1.56106	0.186597
4790000	-23.14828	0	-23.14828	0.122363	0.125919	0.11426	0.189503	0.081534	0.194263	3.40976	0.788441	0.387096
4800000	-26.54651	0	-26.54651	0.187269	0.0877576	0.3436	0.45547	0.193088	0.198012	2.01461	2.65787	0.113118
4810000	-23.1038	0	-23.1038	0.264318	0.24032	0.143954	0.380615	0.133339	0.183649	2.16559	2.18493	1.47998
4820000	-26.3665	0	-26.3665	0.0437007	0.215288	0.138114	0.406944	0.314824	0.137309	1.59639	1.77458	0.140194
4830000	-21.59874	0	-21.59874	0.0802986	0.235062	0.140898	0.22435	0.175688	0.102767	1.15507	2.15778	0.240224
4840000	-26.59552	0	-26.59552	0.0550278	0.15816	0.196733	0.300092	0.141896	0.149338	1.26851	4.94238	0.121845
4850000	-21.18588	0	-21.18588	0.105873	0.0791707	0.122545	0.305664	0.0837788	0.0640848	1.60671	1.38347	0.0606672
4860000	-23.841	0	-23.841	0.092024	0.17046	0.161664	0.309039	0.200341	0.140675	2.98181	1.99914	0.80652
4870000	-19.25769	0	-19.25769	0.165421	0.161415	0.128388	0.251311	0.119498	0.0573838	1.66031	2.40621	1.31178
4880000	-28.86104	0	-28.86104	0.0704796	0.0268178	0.223123	0.367974	0.128981	0.124755	5.36907	1.25372	0.243278
4890000	-23.59508	0	-23.59508	0.145016	0.14485	0.17956	0.142391	0.079095	0.118103	3.59221	2.45761	0.915624
4900000	-25.03837	0	-25.03837	0.0439163	0.0937831	0.408181	0.387006	0.106176	0.0747628	1.1324	0.906092	1.51086
4910000	-26.94734	0	-26.94734	0.0452108	0.101867	0.13324	0.222386	0.170126	0.155074	1.31004	4.01927	0.0559484
4920000	-22.74871	0	-22.74871	0.103102	0.041945	0.189483	0.441267	0.0824094	0.136808	0.933614	1.36391	0.617028
4930000	-24.07733	0	-24.07733	0.171404	0.136681	0.164925	0.36886	0.0590649	0.0908542	1.62846	1.02197	3.45216
4940000	-25.84305	0	-25.84305	0.0547677	0.135931	0.146396	0.229039	0.137967	0.0691756	1.13367	2.08971	0.107105
4950000	-32.75353	0	-32.75353	0.176341	0.0399702	0.182279	0.757266	0.0504121	0.06799	1.28484	1.00043	0.0868802
4960000	-28.11019	0	-28.11019	0.0611505	0.126575	0.202893	0.734513	0.292717	0.136607	2.86794	0.312184	0.667341
4970000	-21.36481	0	-21.36481	0.114816	0.106665	0.257249	0.552314	0.142794	0.127232	1.61877	0.953443	0.751025
4980000	-22.08107	0	-22.08107	0.118535	0.182386	0.128208	0.182868	0.0785129	0.124857	2.13365	1.8141	1.74903
4990000	-23.16558	0	-23.16558	0.0988125	0.145845	0.37788	0.29782	0.0954383	0.167987	1.27017	3.17118	1.60901
5000000	-19.31936	0	-19.31936	0.106333	0.196981	0.167508	0.351449	0.16789	0.12293	0.991598	0.895809	0.920005
