Iteration	Posterior	Likelihood	Prior	lambda[1]	lambda[2]	lambda[3]	mu[1]	mu[2]	mu[3]	psi[1]	psi[2]	psi[3]
0	-19.98322	0	-19.98322	0.116952	0.260857	0.162474	0.0920385	0.174394	0.21153	2.02357	0.352328	1.04192
10000	-15.2653	0	-15.2653	0.18893	0.271588	0.0947566	0.225034	0.0800308	0.144535	1.75469	0.501616	0.175746
20000	-25.33673	0	-25.33673	0.058729	0.0851443	0.148985	0.235409	0.180755	0.123689	1.22677	0.849563	0.00789405
30000	-20.19532	0	-20.19532	0.0919468	0.215635	0.112068	0.625233	0.153677	0.235832	0.226138	0.262077	0.476398
40000	-20.36686	0	-20.36686	0.121468	0.345701	0.193367	0.475049	0.182857	0.149839	1.13246	1.88066	0.0240411
50000	-25.60661	0	-25.60661	0.11001	0.290644	0.200109	0.555778	0.180173	0.137356	3.5891	1.39172	0.0630632
60000	-14.5112	0	-14.5112	0.264355	0.172165	0.188176	0.2221	0.0889219	0.100209	0.39787	0.667189	0.0662733
70000	-19.56597	0	-19.56597	0.149675	0.325487	0.183474	0.555036	0.163954	0.098903	0.212374	0.595849	0.278375
80000	-17.3848	0	-17.3848	0.0575185	0.136813	0.127657	0.218906	0.213206	0.0974204	1.0255	2.16197	0.00745901
90000	-19.55581	0	-19.55581	0.202717	0.122406	0.443156	0.191398	0.0767141	0.165569	0.536137	2.70888	0.273381
100000	-14.2141	0	-14.2141	0.079718	0.198456	0.0575	0.216564	0.162323	0.0712023	0.625698	0.414656	0.873277
110000	-20.17892	0	-20.17892	0.130214	0.234558	0.120623	0.454121	0.185247	0.091029	0.468959	2.33677	2.91592
120000	-16.01952	0	-16.01952	0.0757453	0.155195	0.244925	0.207775	0.125744	0.0849413	0.18671	1.08373	0.241789
130000	-19.21131	0	-19.21131	0.0663217	0.089581	0.165471	0.275801	0.253968	0.184048	1.20899	0.548516	0.0141806
140000	-14.99233	0	-14.99233	0.0888889	0.21132	0.117649	0.112963	0.110639	0.105501	0.0954803	0.421718	0.439408
150000	-15.7976	0	-15.7976	0.0741346	0.171837	0.238579	0.159454	0.147535	0.125147	0.391501	0.398492	0.0596319
160000	-24.21251	0	-24.21251	0.106177	0.121019	0.324885	0.356913	0.0664183	0.489478	0.728526	0.363585	0.221337
170000	-16.71872	0	-16.71872	0.0772707	0.281239	0.104453	0.243156	0.217924	0.266117	0.604708	1.10439	0.653937
180000	-21.01426	0	-21.01426	0.151918	0.631847	0.172556	0.103008	0.246099	0.183816	4.35789	1.06478	0.682371
190000	-18.79758	0	-18.79758	0.0757165	0.266252	0.0636768	0.136469	0.0929346	0.276262	0.590579	2.27005	0.561111
200000	-23.28535	0	-23.28535	0.131039	0.28272	0.1798	0.341575	0.191314	0.193541	0.891196	2.87651	0.285602
210000	-17.27099	0	-17.27099	0.179514	0.349806	0.163701	0.141557	0.141276	0.184936	2.77302	0.8626	0.68131
220000	-24.59448	0	-24.59448	0.331725	0.112679	0.100063	0.259147	0.257192	0.0700741	3.53506	0.764201	0.0196472
230000	-21.22195	0	-21.22195	0.286938	0.36219	0.271619	0.156719	0.106246	0.23604	0.781655	0.948659	0.153147
240000	-16.7002	0	-16.7002	0.122862	0.109955	0.138252	0.151989	0.130937	0.124191	0.977858	0.755875	0.020238
250000	-16.89293	0	-16.89293	0.123719	0.146415	0.244266	0.178211	0.145301	0.0855782	1.00235	0.607971	0.0186178
260000	-18.67471	0	-18.67471	0.083037	0.263374	0.235728	0.313737	0.0945521	0.0490919	1.19311	0.998358	0.0356539
270000	-18.03935	0	-18.03935	0.150858	0.331012	0.110353	0.156762	0.24738	0.114705	0.313634	0.855396	2.30006
280000	-13.93262	0	-13.93262	0.114243	0.0518369	0.401824	0.422144	0.114803	0.168795	0.575934	0.850977	0.0791069
290000	-15.23687	0	-15.23687	0.0556274	0.116757	0.17262	0.207568	0.163084	0.128679	0.278281	0.687936	0.351698
300000	-18.34013	0	-18.34013	0.316407	0.199054	0.117522	0.0982294	0.0933191	0.095003	0.0967518	2.69347	0.425562
310000	-23.80208	0	-23.80208	0.176002	0.196121	0.124436	0.312319	0.364195	0.137919	0.558714	1.37491	0.020812
320000	-19.83784	0	-19.83784	0.190593	0.122756	0.164377	0.210656	0.206309	0.150668	1.41282	3.16643	2.06298
330000	-16.5951	0	-16.5951	0.0900505	0.28911	0.175122	0.132204	0.106216	0.212045	0.659764	0.283058	0.530559
340000	-14.72123	0	-14.72123	0.130387	0.256562	0.312929	0.217596	0.209214	0.148936	0.931882	0.967369	0.975168
350000	-16.7722	0	-16.7722	0.0579441	0.0983158	0.176706	0.193421	0.108004	0.130188	0.632639	0.60168	0.0636013
360000	-22.33881	0	-22.33881	0.122579	0.0850387	0.111662	0.284622	0.113206	0.230366	0.302736	3.76421	0.557834
370000	-21.67068	0	-21.67068	0.173904	0.0691975	0.0767785	0.241019	0.164556	0.108806	0.501971	0.203735	0.0311554
380000	-14.8463	0	-14.8463	0.125305	0.0808198	0.416903	0.199733	0.0674462	0.153471	0.425511	0.626288	0.0689107
390000	-13.57082	0	-13.57082	0.172549	0.273147	0.0883858	0.199177	0.293159	0.158115	1.66713	1.42688	0.695202
400000	-22.59987	0	-22.59987	0.0754143	0.484021	0.334165	0.502824	0.118388	0.0929676	0.266345	0.381707	2.96021
410000	-17.03161	0	-17.03161	0.125905	0.0881788	0.12518	0.171855	0.140552	0.182408	2.29758	0.4723	0.796742
420000	-19.47866	0	-19.47866	0.131292	0.144626	0.209555	0.275374	0.121149	0.0958967	0.248803	0.515662	0.721989
430000	-18.99797	0	-18.99797	0.0396887	0.105639	0.26243	0.197429	0.108418	0.158564	0.741486	0.905389	0.245399
440000	-15.15069	0	-15.15069	0.0794599	0.10593	0.181258	0.275131	0.0803602	0.236056	0.234631	1.94553	0.547288
450000	-21.98626	0	-21.98626	0.170294	0.0709426	0.172595	0.0928203	0.436304	0.209031	1.7599	0.833358	0.0341791
460000	-17.51701	0	-17.51701	0.114813	0.333409	0.142362	0.148187	0.188938	0.168758	0.70514	0.869267	0.359436
470000	-17.62327	0	-17.62327	0.0924598	0.12787	0.176982	0.231839	0.162793	0.297084	0.762346	2.21068	0.84296
480000	-16.82498	0	-16.82498	0.0757352	0.236762	0.0471079	0.34582	0.21876	0.079026	1.11374	0.629261	0.0120924
490000	-16.03731	0	-16.03731	0.166775	0.334707	0.162848	0.239988	0.254602	0.108228	0.147683	2.608	1.2596
500000	-17.70089	0	-17.70089	0.078381	0.265064	0.18383	0.167235	0.183676	0.15723	1.57242	0.371454	0.187696
510000	-15.29138	0	-15.29138	0.207156	0.191017	0.0635911	0.191233	0.236833	0.126793	0.256125	1.11261	0.0800968
520000	-16.96601	0	-16.96601	0.228671	0.116996	0.170112	0.39713	0.0785149	0.0957267	0.958856	0.914642	0.0107913
530000	-23.09204	0	-23.09204	0.163198	0.272999	0.212812	0.612044	0.261046	0.134863	0.216898	0.591054	0.905596
540000	-21.01479	0	-21.01479	0.0994975	0.0967992	0.126422	0.0984295	0.170361	0.085384	0.960189	0.728938	0.0154955
550000	-17.74351	0	-17.74351	0.0623917	0.265234	0.216569	0.218612	0.143644	0.156281	2.36856	2.98464	0.122378
560000	-17.73713	0	-17.73713	0.123605	0.189617	0.191889	0.143758	0.24571	0.0606279	3.13196	1.00004	3.23927
570000	-23.26703	0	-23.26703	0.0698333	0.190825	0.26598	0.242907	0.286662	0.108257	1.41892	1.28374	0.00415324
580000	-18.19019	0	-18.19019	0.0815285	0.152651	0.0823363	0.323615	0.122652	0.219437	0.828927	1.35153	1.07123
590000	-16.5303	0	-16.5303	0.275005	0.156018	0.115266	0.299773	0.118091	0.260817	0.852159	1.88451	0.0626916
600000	-22.30626	0	-22.30626	0.0586974	0.289237	0.152939	0.221022	0.445765	0.16459	0.717195	1.61588	2.88116
610000	-21.15658	0	-21.15658	0.256565	0.117556	0.260797	0.529055	0.104495	0.245577	0.0622569	0.263689	0.0427554
620000	-19.77225	0	-19.77225	0.458218	0.177386	0.0519398	0.189586	0.163198	0.0824175	1.1992	1.29147	0.80705
630000	-21.6019	0	-21.6019	0.0721309	0.102441	0.153448	0.35017	0.117331	0.0963003	0.581288	0.60805	0.0176127
640000	-22.35588	0	-22.35588	0.0728243	0.0444689	0.353635	0.147667	0.139636	0.149178	0.24585	1.16466	0.179676
650000	-13.06986	0	-13.06986	0.100347	0.286735	0.169522	0.161445	0.0699009	0.112476	0.331336	0.767197	0.305803
660000	-22.99823	0	-22.99823	0.161337	0.154689	0.268678	0.466377	0.120895	0.0652747	0.700621	2.38054	0.942293
670000	-14.74994	0	-14.74994	0.114913	0.136326	0.161943	0.0869671	0.206698	0.170249	0.447408	0.3601	0.0779709
680000	-16.42142	0	-16.42142	0.210157	0.0653238	0.168577	0.242252	0.0997063	0.123066	0.397068	1.96953	0.0222792
690000	-20.18056	0	-20.18056	0.16142	0.0994219	0.156379	0.413971	0.144562	0.0600707	1.08144	0.272859	0.0116232
700000	-16.11542	0	-16.11542	0.27325	0.163253	0.0988207	0.238229	0.110567	0.121831	1.40556	1.44839	0.0221746
710000	-15.1645	0	-15.1645	0.092079	0.272323	0.179046	0.227063	0.157776	0.113389	1.96774	0.735819	0.378521
720000	-17.0525	0	-17.0525	0.0964475	0.132747	0.142541	0.2289	0.18388	0.143446	1.37073	2.28939	0.00574067
730000	-22.38303	0	-22.38303	0.122226	0.161168	0.0728389	0.190056	0.118644	0.56798	1.89464	3.02243	1.7712
740000	-18.08528	0	-18.08528	0.0802654	0.140031	0.154437	0.247037	0.0519997	0.0875597	0.888355	0.572731	0.714802
750000	-14.69897	0	-14.69897	0.119275	0.216645	0.127496	0.0983019	0.274126	0.155873	0.414402	1.01725	1.0182
760000	-17.08164	0	-17.08164	0.190716	0.161036	0.233468	0.364541	0.066434	0.128488	0.463183	0.517423	0.532659
770000	-16.44454	0	-16.44454	0.148188	0.254916	0.20606	0.137752	0.161065	0.127922	1.10364	1.55809	0.0375448
780000	-17.73084	0	-17.73084	0.0974571	0.146885	0.272135	0.0781294	0.14009	0.12112	1.50332	1.27045	0.0594651
790000	-16.62776	0	-16.62776	0.226417	0.0978197	0.10082	0.202608	0.0641305	0.147846	0.345515	1.76959	0.131929
800000	-24.87425	0	-24.87425	0.0663559	0.0454958	0.224251	0.114183	0.0791221	0.196779	0.870434	0.685093	0.0249091
810000	-21.9725	0	-21.9725	0.119872	0.129771	0.176764	0.402142	0.0653371	0.154979	0.996465	2.86182	0.00116519
820000	-18.84782	0	-18.84782	0.187501	0.133833	0.132444	0.225377	0.118783	0.0580416	0.717766	2.65937	0.00735083
830000	-21.95507	0	-21.95507	0.115725	0.0963977	0.345213	0.207082	0.11698	0.239426	0.715512	0.0760369	0.061333
840000	-17.32073	0	-17.32073	0.08764	0.211618	0.165675	0.0872914	0.171116	0.111397	0.106572	2.09487	1.73009
850000	-15.978	0	-15.978	0.0828087	0.125145	0.112327	0.170513	0.216216	0.0538539	1.51221	1.38211	0.0439458
860000	-18.29869	0	-18.29869	0.152727	0.224165	0.57049	0.374826	0.0405827	0.0994382	0.112015	1.47852	0.090292
870000	-17.24644	0	-17.24644	0.130462	0.167142	0.198582	0.346768	0.077682	0.203953	0.383765	2.61715	2.28949
880000	-20.50483	0	-20.50483	0.112046	0.334437	0.124336	0.118729	0.219829	0.213903	0.212625	2.28815	0.474833
890000	-17.68297	0	-17.68297	0.22549	0.238792	0.137537	0.149304	0.324833	0.143978	1.08567	2.34069	0.0932282
900000	-18.7207	0	-18.7207	0.115677	0.110089	0.112586	0.165773	0.171009	0.0779391	0.637424	1.25351	0.105918
910000	-20.22676	0	-20.22676	0.194233	0.3709	0.231365	0.186059	0.470001	0.124509	0.456066	0.980443	1.57643
920000	-20.16567	0	-20.16567	0.125044	0.252408	0.166384	0.0996428	0.148012	0.248474	0.266713	2.54184	2.69398
930000	-22.92274	0	-22.92274	0.0744513	0.16546	0.35438	0.545559	0.234581	0.123275	1.31742	0.583774	0.0425154
940000	-18.41677	0	-18.41677	0.182637	0.153893	0.17132	0.0662107	0.221271	0.124906	0.507066	0.938247	0.00492668
950000	-19.66123	0	-19.66123	0.098403	0.111728	0.22895	0.158635	0.0855247	0.261192	0.54477	0.551558	0.0885714
960000	-18.66431	0	-18.66431	0.106141	0.158425	0.150538	0.412253	0.200686	0.0751333	2.0241	0.900717	0.10594
970000	-20.00318	0	-20.00318	0.146095	0.0719841	0.254974	0.449715	0.134477	0.216974	0.152246	0.328942	0.0358638
980000	-18.86452	0	-18.86452	0.229138	0.263587	0.209186	0.210348	0.0873757	0.149499	0.374398	0.707775	0.0101884
990000	-16.02081	0	-16.02081	0.0962999	0.122376	0.0968524	0.163625	0.211339	0.0930839	0.941145	1.68088	0.0103303
1000000	-19.74325	0	-19.74325	0.201664	0.0543907	0.166329	0.281256	0.138252	0.107855	0.433531	5.53503	0.0301088
1010000	-20.3702	0	-20.3702	0.173148	0.172458	0.101678	0.243711	0.106955	0.0984567	0.68553	0.284206	0.122348
1020000	-17.49158	0	-17.49158	0.134926	0.314079	0.107425	0.344558	0.129942	0.0983293	0.844198	1.63758	0.140148
1030000	-20.65374	0	-20.65374	0.0830219	0.219301	0.0962459	0.158477	0.192891	0.121713	1.43195	1.53798	0.842553
1040000	-15.05098	0	-15.05098	0.104557	0.151373	0.148573	0.284759	0.266063	0.14632	0.692145	2.23033	0.0162854
1050000	-14.00617	0	-14.00617	0.0831316	0.190351	0.168382	0.163618	0.225897	0.163153	0.532735	2.05406	0.184248
1060000	-14.43902	0	-14.43902	0.0914031	0.421472	0.163465	0.171302	0.121424	0.165791	1.09957	1.16352	0.0867806
1070000	-21.01783	0	-21.01783	0.173582	0.651445	0.0936333	0.370675	0.0424248	0.0979391	0.128799	0.942978	0.0978471
1080000	-19.65987	0	-19.65987	0.139812	0.164526	0.418392	0.156311	0.152477	0.100234	0.293069	1.55389	0.0339696
1090000	-17.35872	0	-17.35872	0.252291	0.485253	0.237103	0.166232	0.287044	0.159507	1.13968	2.80162	0.000397258
1100000	-19.08059	0	-19.08059	0.0828123	0.552345	0.0404935	0.238705	0.117206	0.0815536	0.147896	1.64002	0.170653
1110000	-18.0421	0	-18.0421	0.166362	0.242696	0.206405	0.208524	0.162992	0.117052	0.13345	0.886044	0.251415
1120000	-14.16456	0	-14.16456	0.0809128	0.147343	0.154934	0.24304	0.0872557	0.182538	0.737571	1.72163	0.607352
1130000	-18.13592	0	-18.13592	0.0662021	0.109507	0.224454	0.130283	0.192763	0.0971038	0.234317	2.57702	0.0684105
1140000	-24.09494	0	-24.09494	0.414231	0.317346	0.159066	0.662373	0.113537	0.179126	1.04053	0.554259	0.0420251
1150000	-25.4781	0	-25.4781	0.0826082	0.127203	0.529857	0.149288	0.181954	0.228061	1.3676	3.09182	4.60236
1160000	-19.50548	0	-19.50548	0.103151	0.201374	0.386665	0.233394	0.0867489	0.0783673	0.646056	0.582822	0.847431
1170000	-25.31031	0	-25.31031	0.082083	0.120605	0.273036	0.204319	0.0675149	0.264839	0.639653	0.841183	0.292093
1180000	-23.73028	0	-23.73028	0.0740726	0.251695	0.15948	0.0877807	0.0732512	0.238448	3.15293	0.747138	0.0258246
1190000	-19.72041	0	-19.72041	0.191796	0.177458	0.138337	0.274072	0.293902	0.0786288	0.775279	0.544032	0.134531
1200000	-17.72462	0	-17.72462	0.129978	0.136916	0.0997488	0.10778	0.136804	0.239645	1.16267	0.327931	0.206485
1210000	-18.61305	0	-18.61305	0.0920172	0.157381	0.184508	0.286204	0.0906432	0.108699	0.62838	1.84138	0.0017682
1220000	-19.0183	0	-19.0183	0.141477	0.19473	0.5283	0.228745	0.213057	0.112525	0.669275	1.11455	0.00239541
1230000	-18.97311	0	-18.97311	0.105766	0.260911	0.273294	0.184591	0.130002	0.401955	0.982379	1.63953	0.00658288
1240000	-18.54175	0	-18.54175	0.0566534	0.138582	0.17553	0.354374	0.0811518	0.121384	1.18361	0.34601	0.260767
1250000	-15.12595	0	-15.12595	0.173614	0.235254	0.0986558	0.0901369	0.144552	0.0642004	0.944515	0.640497	2.05162
1260000	-16.80638	0	-16.80638	0.141742	0.0776737	0.196624	0.226985	0.102854	0.0905469	0.37909	2.16477	0.181587
1270000	-18.27141	0	-18.27141	0.0369438	0.308976	0.155935	0.167109	0.211145	0.227879	0.233638	1.1647	0.412969
1280000	-17.74942	0	-17.74942	0.16168	0.226763	0.208488	0.162188	0.0988459	0.0856624	1.59102	0.828011	0.662293
1290000	-20.41305	0	-20.41305	0.220042	0.163211	0.111194	0.343214	0.248601	0.13114	0.4106	0.481587	0.0713995
1300000	-21.31031	0	-21.31031	0.135429	0.368933	0.110377	0.19223	0.257552	0.171976	0.410487	0.799021	0.0184214
1310000	-17.68943	0	-17.68943	0.118477	0.269319	0.324643	0.132443	0.274656	0.122622	1.14263	3.84879	0.156055
1320000	-18.79168	0	-18.79168	0.0845055	0.274676	0.126893	0.133626	0.115158	0.070016	0.909081	4.07371	3.67737
1330000	-18.42447	0	-18.42447	0.255348	0.154939	0.0813618	0.0947563	0.178249	0.268327	1.34432	1.75144	0.0464661
1340000	-16.29519	0	-16.29519	0.0766698	0.295036	0.14318	0.302589	0.258878	0.168806	0.640695	0.945009	1.67579
1350000	-22.95493	0	-22.95493	0.118482	0.0840869	0.265778	0.455989	0.34092	0.115573	2.09368	1.13856	0.000857499
1360000	-19.35029	0	-19.35029	0.206724	0.407851	0.116433	0.207745	0.316536	0.188899	1.79334	1.59857	0.4049
1370000	-13.85034	0	-13.85034	0.0765104	0.128653	0.131765	0.225809	0.181941	0.13517	1.89759	1.49526	0.190164
1380000	-19.96832	0	-19.96832	0.0788579	0.175389	0.135965	0.325951	0.102983	0.0943916	0.130375	0.254753	0.71166
1390000	-20.47678	0	-20.47678	0.114402	0.360279	0.261256	0.148107	0.271567	0.372317	2.38688	0.238743	0.128985
1400000	-14.70603	0	-14.70603	0.0804332	0.111832	0.1171	0.260408	0.175654	0.0599079	0.245993	0.893706	0.643675
1410000	-26.17226	0	-26.17226	0.123727	0.459029	0.700962	0.239766	0.213973	0.203997	0.663448	0.948891	0.238233
1420000	-19.30637	0	-19.30637	0.203956	0.345272	0.214091	0.329191	0.099214	0.211116	0.134923	3.92861	1.45704
1430000	-19.30556	0	-19.30556	0.136882	0.201119	0.147001	0.22868	0.203475	0.0979956	0.704476	0.325266	0.212247
1440000	-17.32925	0	-17.32925	0.0540613	0.212604	0.340853	0.177673	0.123593	0.114801	0.735864	0.5353	0.998559
1450000	-20.98894	0	-20.98894	0.166929	0.15352	0.230586	0.280453	0.072902	0.101218	0.953096	0.792588	0.0266059
1460000	-18.08818	0	-18.08818	0.147019	0.0526022	0.332522	0.24113	0.0714988	0.0671288	0.355989	0.464568	0.042653
1470000	-24.76186	0	-24.76186	0.225407	0.186397	0.212369	0.296149	0.291105	0.107775	4.18389	0.709219	0.0304234
1480000	-15.3901	0	-15.3901	0.130971	0.13812	0.249059	0.283779	0.102167	0.225299	0.268757	1.22166	0.126555
1490000	-17.03498	0	-17.03498	0.110586	0.162903	0.450751	0.173123	0.348337	0.135834	2.31333	0.913611	0.141254
1500000	-20.69944	0	-20.69944	0.156983	0.157347	0.112288	0.188258	0.15557	0.0702062	1.22335	2.48802	0.00280173
1510000	-18.24694	0	-18.24694	0.124025	0.13332	0.0942462	0.118332	0.116292	0.147353	0.59545	1.29652	0.0013133
1520000	-14.95533	0	-14.95533	0.138789	0.23164	0.118177	0.112999	0.272716	0.0940024	2.53809	1.09854	2.1285
1530000	-19.00868	0	-19.00868	0.28641	0.100708	0.169977	0.192319	0.14437	0.161654	0.177527	1.44987	0.327736
1540000	-25.80455	0	-25.80455	0.140053	0.236734	0.130631	0.219904	0.164554	0.0426438	0.358435	1.86642	0.677555
1550000	-26.04461	0	-26.04461	0.233368	0.0688255	0.295558	0.223049	0.0855994	0.636191	0.743536	1.29655	0.691679
1560000	-19.98617	0	-19.98617	0.241109	0.549129	0.210232	0.376768	0.192535	0.10094	2.57137	1.60619	0.181341
1570000	-20.04465	0	-20.04465	0.096617	0.259075	0.120714	0.576913	0.195112	0.212134	2.16506	0.487019	0.414266
1580000	-18.25944	0	-18.25944	0.20948	0.180175	0.287879	0.122367	0.300823	0.110772	1.19954	0.29663	0.104644
1590000	-18.34328	0	-18.34328	0.18072	0.221984	0.275087	0.389149	0.226774	0.179157	0.694428	2.35081	1.22679
1600000	-18.93045	0	-18.93045	0.182041	0.29855	0.140994	0.299471	0.165452	0.111616	0.774997	0.716383	0.028089
1610000	-14.70437	0	-14.70437	0.120338	0.0600283	0.188085	0.179108	0.0929729	0.0926786	0.888396	0.558332	0.196165
1620000	-16.05675	0	-16.05675	0.0769376	0.144356	0.159845	0.274532	0.197619	0.0707073	0.950739	0.439205	0.0331921
1630000	-26.62719	0	-26.62719	0.0842201	0.141159	0.151541	0.0590069	0.317253	0.155328	0.347873	1.76038	0.0290715
1640000	-15.863	0	-15.863	0.166464	0.173281	0.186486	0.232328	0.113945	0.157164	0.435564	0.877635	0.047953
1650000	-20.77	0	-20.77	0.100223	0.426096	0.462839	0.242153	0.138869	0.0621322	0.446868	0.823641	0.148567
1660000	-20.18827	0	-20.18827	0.135385	0.317104	0.0958962	0.173382	0.176817	0.0757641	0.614878	1.97402	2.84346
1670000	-21.41879	0	-21.41879	0.0888998	0.22562	0.329365	0.156671	0.166431	0.0819127	3.02565	1.04175	0.0164079
1680000	-14.89893	0	-14.89893	0.113112	0.346949	0.169988	0.17521	0.140286	0.269248	0.218588	0.608261	0.227983
1690000	-19.34293	0	-19.34293	0.065623	0.292301	0.0776804	0.690353	0.0859139	0.144431	0.829117	0.88537	0.00562799
1700000	-13.7557	0	-13.7557	0.117375	0.179434	0.126434	0.168002	0.224408	0.120794	1.22664	0.545886	0.133217
1710000	-17.96098	0	-17.96098	0.0995793	0.100732	0.229553	0.150611	0.333777	0.155861	0.70888	0.688819	0.00124767
1720000	-20.02714	0	-20.02714	0.188466	0.0789635	0.340163	0.159988	0.290932	0.132163	0.644298	1.42666	0.0888298
1730000	-18.19363	0	-18.19363	0.0654532	0.0896198	0.123363	0.122145	0.221653	0.0832756	0.964506	0.216205	0.0309959
1740000	-24.28063	0	-24.28063	0.181777	0.375295	0.124391	0.274421	0.176849	0.117459	0.111805	0.694887	0.00258658
1750000	-14.51118	0	-14.51118	0.0833907	0.138899	0.139636	0.10063	0.190453	0.108351	0.560092	0.727347	0.0625762
1760000	-17.16837	0	-17.16837	0.12049	0.25802	0.165966	0.26095	0.196056	0.0731309	0.366739	0.548089	0.347092
1770000	-23.16153	0	-23.16153	0.320469	0.0985512	0.148085	0.207088	0.328981	0.0961807	0.406139	0.519729	0.574955
1780000	-24.49162	0	-24.49162	0.165962	0.335508	0.449882	0.180737	0.0514002	0.097598	0.922772	3.10093	0.0392218
1790000	-14.91217	0	-14.91217	0.181504	0.198334	0.115074	0.229258	0.246003	0.249887	1.15427	0.751855	0.225117
1800000	-17.4658	0	-17.4658	0.0849599	0.233404	0.205178	0.200773	0.0714434	0.135789	0.73166	0.935012	0.215055
1810000	-18.34147	0	-18.34147	0.0469743	0.108532	0.0915303	0.14517	0.193005	0.0797745	0.957446	0.346531	0.518207
1820000	-19.26479	0	-19.26479	0.264505	0.108748	0.129185	0.223448	0.0903649	0.218816	0.821298	1.56386	0.0281916
1830000	-17.50476	0	-17.50476	0.138287	0.119187	0.492175	0.199062	0.197682	0.154607	0.51748	0.946064	0.0106233
1840000	-17.93653	0	-17.93653	0.0984122	0.092357	0.162725	0.238616	0.238752	0.109205	1.92294	2.13223	0.00238776
1850000	-16.11601	0	-16.11601	0.0825762	0.135492	0.126076	0.467666	0.144123	0.119957	0.183611	1.23117	0.0135318
1860000	-14.1798	0	-14.1798	0.113762	0.178675	0.15983	0.386619	0.0890724	0.158893	0.177665	0.869544	0.153574
1870000	-15.96476	0	-15.96476	0.0945457	0.246169	0.244227	0.315729	0.144403	0.0794878	0.876144	1.83489	0.0479656
1880000	-15.4964	0	-15.4964	0.08977	0.0860879	0.15963	0.18965	0.0939268	0.212828	1.32384	0.864232	0.25852
1890000	-19.01877	0	-19.01877	0.159906	0.336008	0.312258	0.403419	0.226099	0.0539206	1.55441	1.71165	1.2221
1900000	-20.19393	0	-20.19393	0.150033	0.320372	0.141889	0.235661	0.2285	0.0899995	2.55522	1.55809	0.189353
1910000	-17.59411	0	-17.59411	0.147529	0.169041	0.0621927	0.222339	0.220983	0.164062	2.60188	1.80364	2.86142
1920000	-19.13296	0	-19.13296	0.177229	0.15784	0.17979	0.225697	0.199613	0.404191	0.636476	1.39929	0.90666
1930000	-16.05723	0	-16.05723	0.271658	0.0642654	0.411109	0.130581	0.103142	0.0693698	0.840857	0.446616	0.00184937
1940000	-18.30486	0	-18.30486	0.152378	0.202606	0.1159	0.0803347	0.117508	0.101735	1.4381	1.10276	0.023621
1950000	-22.37526	0	-22.37526	0.100623	0.219194	0.0832935	0.135407	0.221719	0.162661	0.671951	1.51922	0.337645
1960000	-19.83507	0	-19.83507	0.0988203	0.141805	0.0984845	0.0786517	0.298823	0.0763636	0.618832	0.947151	0.00595156
1970000	-16.83971	0	-16.83971	0.0892317	0.104876	0.132082	0.104688	0.0742972	0.112575	0.604077	0.416297	0.0423536
1980000	-22.3793	0	-22.3793	0.219436	0.478406	0.158692	0.114149	0.189354	0.0409448	3.60633	1.32948	2.17753
1990000	-22.22122	0	-22.22122	0.105446	0.148066	0.218463	0.451791	0.192049	0.302821	0.337609	0.678329	0.0358333
2000000	-15.61667	0	-15.61667	0.147952	0.0733758	0.178622	0.247807	0.119135	0.0806378	0.738758	0.823276	0.333465
2010000	-19.13625	0	-19.13625	0.230224	0.190595	0.150225	0.221133	0.0752964	0.203493	0.0974747	2.79813	0.111234
2020000	-22.08017	0	-22.08017	0.121948	0.305451	0.0370256	0.327038	0.103628	0.107538	2.77465	3.28269	1.36099
2030000	-12.89856	0	-12.89856	0.0898241	0.119865	0.085202	0.0946762	0.171601	0.123596	1.02492	0.793604	0.23785
2040000	-18.15957	0	-18.15957	0.0740055	0.0492931	0.222433	0.378937	0.155856	0.0921712	0.383071	1.20437	0.155424
2050000	-17.01708	0	-17.01708	0.154599	0.15537	0.306453	0.0784239	0.252669	0.0977722	0.762573	1.86084	0.373733
2060000	-22.98374	0	-22.98374	0.13401	0.151463	0.400298	0.13119	0.197632	0.093135	3.91655	0.214695	0.0507827
2070000	-18.50829	0	-18.50829	0.0441655	0.122068	0.0669458	0.184256	0.1056	0.134239	1.44942	1.568	1.76045
2080000	-19.09414	0	-19.09414	0.138455	0.07925	0.110372	0.451468	0.210715	0.091271	1.6955	0.4708	5.76001e-05
2090000	-17.67999	0	-17.67999	0.132167	0.0607219	0.172264	0.100829	0.242973	0.159492	0.63821	0.324912	0.0328384
2100000	-22.16967	0	-22.16967	0.159804	0.160584	0.0895143	0.0993504	0.0966985	0.309616	0.285149	1.73424	0.526601
2110000	-19.11615	0	-19.11615	0.098489	0.29077	0.15016	0.356459	0.101959	0.581071	0.817456	0.90699	1.98355
2120000	-19.8232	0	-19.8232	0.119386	0.570376	0.138174	0.113264	0.302541	0.0750387	1.46407	0.390105	0.78656
2130000	-22.47087	0	-22.47087	0.175538	0.128954	0.0843452	0.315666	0.216359	0.106589	1.1386	0.490111	1.78271
2140000	-17.81205	0	-17.81205	0.131504	0.292722	0.13926	0.266961	0.0636215	0.0836417	0.35663	0.917101	4.48099
2150000	-16.0166	0	-16.0166	0.155736	0.257792	0.214602	0.306237	0.0960118	0.0827351	0.328423	1.03992	0.957457
2160000	-19.57946	0	-19.57946	0.119549	0.351573	0.0410909	0.111266	0.0926564	0.0758834	0.259697	1.07819	1.86177
2170000	-20.18583	0	-20.18583	0.161748	0.191599	0.178549	0.228119	0.133818	0.155036	3.40304	2.05589	0.381681
2180000	-16.76417	0	-16.76417	0.236796	0.301613	0.0707938	0.398534	0.229539	0.110529	0.491224	1.73229	0.446006
2190000	-17.8758	0	-17.8758	0.109455	0.106544	0.213129	0.117747	0.174911	0.076566	1.93208	0.211217	0.0194489
2200000	-18.74301	0	-18.74301	0.149889	0.333714	0.257217	0.219867	0.080525	0.191732	0.332748	0.585869	1.80353
2210000	-21.55183	0	-21.55183	0.126893	0.0988963	0.0801682	0.217938	0.0619391	0.102142	0.576583	2.90575	0.0110134
2220000	-20.85907	0	-20.85907	0.228907	0.108926	0.0841105	0.156883	0.0986808	0.0524025	0.900706	1.72152	1.78906
2230000	-20.20706	0	-20.20706	0.0675269	0.184393	0.161048	0.138116	0.135178	0.123393	0.314244	1.17845	0.156533
2240000	-16.20451	0	-16.20451	0.155774	0.249081	0.0691621	0.14559	0.350898	0.127149	0.84436	2.74123	1.04071
2250000	-19.11567	0	-19.11567	0.109099	0.319993	0.0871037	0.438003	0.20765	0.0849929	0.217715	0.586197	0.31134
2260000	-20.64719	0	-20.64719	0.252847	0.187496	0.535193	0.226626	0.286173	0.153367	1.29179	1.31139	0.0759257
2270000	-22.42583	0	-22.42583	0.235695	0.258954	0.101491	0.138941	0.18592	0.105886	0.25102	4.5936	1.16067
2280000	-18.34815	0	-18.34815	0.110536	0.121198	0.298377	0.152604	0.288802	0.0882781	0.630641	1.06675	0.188003
2290000	-14.95338	0	-14.95338	0.176635	0.165075	0.0839977	0.209185	0.081908	0.13823	0.74859	1.85382	0.22478
2300000	-29.0337	0	-29.0337	0.303427	0.0683841	0.219967	0.375965	0.191931	0.127666	0.169786	1.57747	0.0804996
2310000	-20.86774	0	-20.86774	0.11153	0.136053	0.196117	0.143532	0.186534	0.066255	5.19892	1.41339	0.739109
2320000	-19.28378	0	-19.28378	0.136096	0.129058	0.278999	0.182481	0.360309	0.185381	1.7542	1.96522	0.925684
2330000	-16.88497	0	-16.88497	0.0906188	0.200106	0.35015	0.192522	0.294905	0.0801247	0.490505	1.08773	1.01036
2340000	-17.85298	0	-17.85298	0.129931	0.315811	0.214349	0.170312	0.109856	0.0879063	0.225737	1.27182	0.287709
2350000	-19.51135	0	-19.51135	0.132917	0.222938	0.133555	0.192383	0.0717265	0.0931187	0.110218	0.636364	0.857621
2360000	-23.27338	0	-23.27338	0.109052	0.104744	0.150889	0.510844	0.209567	0.0776375	0.075591	1.33754	0.0281915
2370000	-20.14507	0	-20.14507	0.120999	0.178738	0.259333	0.16749	0.0838974	0.13951	4.65618	1.28606	0.544999
2380000	-18.18883	0	-18.18883	0.10655	0.163228	0.26144	0.238432	0.117608	0.0973279	0.346904	2.72633	0.0173924
2390000	-21.67114	0	-21.67114	0.138951	0.0658676	0.172689	0.297759	0.177423	0.304376	0.480516	0.915758	0.335299
2400000	-19.42875	0	-19.42875	0.211517	0.140992	0.0584674	0.549342	0.0751933	0.0887437	0.436264	0.69816	0.322223
2410000	-20.26927	0	-20.26927	0.237224	0.176286	0.16599	0.158452	0.215513	0.208529	2.08427	3.3492	0.0402443
2420000	-17.84361	0	-17.84361	0.201025	0.276187	0.0730814	0.240148	0.173619	0.115193	1.82682	2.32757	1.42805
2430000	-17.18944	0	-17.18944	0.184868	0.0904138	0.105979	0.319997	0.191615	0.145521	0.758355	1.54133	0.0135833
2440000	-14.92095	0	-14.92095	0.111152	0.13885	0.119995	0.152176	0.117714	0.149343	0.102912	1.21246	2.0567
2450000	-15.60196	0	-15.60196	0.147159	0.543033	0.103671	0.291974	0.105869	0.107211	0.26504	1.19098	0.56948
2460000	-20.70212	0	-20.70212	0.0980693	0.114327	0.153259	0.363121	0.137749	0.277363	1.92396	3.65791	0.0596264
2470000	-19.68421	0	-19.68421	0.0931718	0.138626	0.0751585	0.167746	0.280817	0.417689	0.609094	2.10796	0.615662
2480000	-20.05454	0	-20.05454	0.154048	0.19959	0.114278	0.219187	0.221822	0.25215	0.68871	2.83884	0.0145267
2490000	-21.30842	0	-21.30842	0.113849	0.172549	0.360912	0.155641	0.0692372	0.215483	2.00496	0.90696	0.125324
2500000	-17.96456	0	-17.96456	0.0741559	0.193209	0.102259	0.272434	0.0582413	0.18281	0.96441	4.29293	0.790942
2510000	-20.99173	0	-20.99173	0.152797	0.298161	0.0970543	0.861418	0.0909318	0.166671	0.713733	1.36296	0.402951
2520000	-19.00985	0	-19.00985	0.117719	0.187928	0.137439	0.0928493	0.0875913	0.0557932	0.285784	0.805154	0.160017
2530000	-19.58719	0	-19.58719	0.114998	0.13709	0.253644	0.205011	0.177013	0.225384	0.335559	0.998543	0.0591111
2540000	-18.87544	0	-18.87544	0.106522	0.167839	0.0901267	0.581594	0.164015	0.0605403	0.289895	1.76712	1.47587
2550000	-20.65158	0	-20.65158	0.0468117	0.190945	0.132412	0.191298	0.0894022	0.128534	0.685566	1.87198	0.212973
2560000	-20.71733	0	-20.71733	0.165326	0.175422	0.220446	0.148789	0.161965	0.195002	3.55236	0.578011	0.00646605
2570000	-27.21764	0	-27.21764	0.0577715	0.102682	0.207743	0.291607	0.261636	0.259975	1.30858	0.557455	0.00473055
2580000	-16.44647	0	-16.44647	0.0747317	0.0794744	0.264058	0.239194	0.0942309	0.139249	0.0855053	0.50797	0.0471387
2590000	-18.66621	0	-18.66621	0.242202	0.105541	0.152826	0.364513	0.18228	0.250159	0.162071	0.868	0.5418
2600000	-19.22127	0	-19.22127	0.130394	0.13209	0.203026	0.239643	0.131783	0.0829895	1.51392	4.5435	0.0278853
2610000	-21.27694	0	-21.27694	0.134407	0.289802	0.408805	0.180859	0.16691	0.0981642	0.547112	0.993692	0.828892
2620000	-19.96752	0	-19.96752	0.0849011	0.151909	0.346205	0.171928	0.312742	0.0603648	0.362879	1.57141	0.0666975
2630000	-19.12308	0	-19.12308	0.085265	0.180076	0.213954	0.325325	0.144234	0.0447018	2.86059	3.1675	0.201964
2640000	-15.29664	0	-15.29664	0.203602	0.208682	0.0546642	0.203692	0.166914	0.0439245	1.22126	1.12051	0.521373
2650000	-18.10234	0	-18.10234	0.0620473	0.237477	0.0727265	0.173972	0.337806	0.157501	2.32824	2.85224	0.958115
2660000	-16.43996	0	-16.43996	0.15403	0.248117	0.0901667	0.354521	0.047599	0.184747	0.929463	1.80003	0.386844
2670000	-16.02751	0	-16.02751	0.142325	0.425907	0.12221	0.175252	0.144473	0.150108	0.20953	2.13324	0.417797
2680000	-23.27521	0	-23.27521	0.248813	0.143903	0.330843	0.257287	0.157697	0.254353	0.755037	0.343934	0.0138725
2690000	-18.74252	0	-18.74252	0.170901	0.0671635	0.218823	0.270871	0.198165	0.285043	1.08896	0.65355	0.00449494
2700000	-21.03638	0	-21.03638	0.13186	0.173504	0.173447	0.261433	0.109663	0.180837	4.94713	0.390699	0.0309277
2710000	-18.22951	0	-18.22951	0.100694	0.0579138	0.171105	0.206491	0.195521	0.082277	1.38995	0.748447	0.247636
2720000	-17.21256	0	-17.21256	0.10333	0.218027	0.28369	0.183344	0.0612199	0.140901	0.323971	1.49028	0.216526
2730000	-17.54203	0	-17.54203	0.0968878	0.336521	0.173064	0.170598	0.198891	0.165772	0.241053	0.384321	0.1805
2740000	-17.28103	0	-17.28103	0.0941338	0.100407	0.267603	0.227	0.127628	0.233628	2.81276	1.6542	0.101012
2750000	-22.16365	0	-22.16365	0.0905091	0.274591	0.193194	0.463455	0.163794	0.0404177	0.490907	1.7471	3.08078
2760000	-21.84094	0	-21.84094	0.111713	0.260691	0.325972	0.355326	0.153125	0.0803598	0.175301	3.65067	1.02427
2770000	-21.86169	0	-21.86169	0.231329	0.167093	0.298512	0.209098	0.398301	0.0899821	1.27103	0.684472	0.534671
2780000	-19.15279	0	-19.15279	0.0885611	0.1318	0.163534	0.241275	0.224232	0.0905842	4.03183	1.69559	0.0101205
2790000	-24.00625	0	-24.00625	0.220999	0.433565	0.152374	0.230265	0.506222	0.109341	1.60734	0.3787	0.0138624
2800000	-19.0686	0	-19.0686	0.217826	0.216081	0.156022	0.201175	0.196553	0.215057	0.430728	1.54322	0.0576303
2810000	-16.05289	0	-16.05289	0.244469	0.175873	0.135636	0.314534	0.0763642	0.101505	0.297165	0.754076	3.03298
2820000	-16.712	0	-16.712	0.0787981	0.140632	0.12084	0.23727	0.265038	0.151519	0.806937	1.89412	0.0456506
2830000	-20.26771	0	-20.26771	0.269008	0.0915539	0.134891	0.11241	0.230927	0.105156	0.955117	1.26922	0.0986629
2840000	-18.92464	0	-18.92464	0.0794379	0.149837	0.243077	0.474775	0.116564	0.110112	0.814443	0.350729	0.00132019
2850000	-21.05478	0	-21.05478	0.18544	0.147456	0.102227	0.146018	0.159963	0.0459976	3.01341	2.58208	0.404349
2860000	-18.81158	0	-18.81158	0.25056	0.0961139	0.134686	0.259692	0.102648	0.157192	0.279362	0.40984	0.075424
2870000	-20.92062	0	-20.92062	0.135971	0.0618635	0.125509	0.108066	0.218427	0.120618	0.0940567	0.526118	0.125032
2880000	-20.79437	0	-20.79437	0.087572	0.227862	0.0546535	0.1272	0.177135	0.111808	0.456551	2.74414	0.364982
2890000	-15.08817	0	-15.08817	0.198403	0.0533555	0.237615	0.219955	0.173146	0.148897	0.820092	2.60689	0.098691
2900000	-16.29481	0	-16.29481	0.0833969	0.355314	0.252931	0.131394	0.200113	0.0701575	0.471388	1.20675	0.476522
2910000	-20.08588	0	-20.08588	0.199619	0.177023	0.161833	0.284026	0.208734	0.121889	2.57927	0.813442	1.7821
2920000	-20.32624	0	-20.32624	0.0693986	0.0914354	0.307396	0.170582	0.0782574	0.134008	0.770694	1.65154	0.798661
2930000	-20.22175	0	-20.22175	0.100878	0.0902171	0.184991	0.452945	0.25154	0.197479	1.5421	2.23718	0.168246
2940000	-15.93567	0	-15.93567	0.0741509	0.134508	0.140502	0.269781	0.218645	0.107934	1.0976	0.489257	0.0148041
2950000	-17.96966	0	-17.96966	0.251428	0.185088	0.204834	0.124751	0.211991	0.113834	0.955372	1.52439	0.0651188
2960000	-23.77663	0	-23.77663	0.390273	0.212885	0.117326	0.27918	0.192217	0.111105	1.10215	2.30705	1.02838
2970000	-20.69784	0	-20.69784	0.0932328	0.14819	0.124454	0.394641	0.164031	0.145511	6.63245	0.774261	0.17107
2980000	-18.98051	0	-18.98051	0.0681763	0.0881042	0.0963145	0.281983	0.159048	0.0425959	2.3937	2.0933	0.339661
2990000	-18.40537	0	-18.40537	0.154627	0.161804	0.0958586	0.186744	0.194587	0.165008	1.44145	0.498769	0.0416417
3000000	-13.19407	0	-13.19407	0.117285	0.35472	0.0932055	0.17487	0.141533	0.0714286	0.91795	1.96753	0.912392
3010000	-14.86586	0	-14.86586	0.0833684	0.204519	0.195452	0.126443	0.209181	0.0939824	0.930507	1.25954	0.0808434
3020000	-28.84677	0	-28.84677	0.0316523	0.0597584	0.227205	0.425526	0.241055	0.146813	0.309817	0.532495	0.00441092
3030000	-16.81417	0	-16.81417	0.0645986	0.135577	0.0923495	0.250012	0.333333	0.202979	1.5131	1.37583	0.199176
3040000	-15.27787	0	-15.27787	0.0911546	0.362317	0.128197	0.222162	0.118136	0.163613	0.407962	1.56256	0.11409
3050000	-23.93032	0	-23.93032	0.100181	0.291922	0.247319	0.0922278	0.138483	0.0583696	0.868794	7.35698	1.60827
3060000	-14.6767	0	-14.6767	0.110426	0.069521	0.212558	0.183688	0.113784	0.102037	0.60505	0.866824	0.00743316
3070000	-17.423	0	-17.423	0.120247	0.0939791	0.0960009	0.194321	0.0502058	0.162297	0.148713	1.05559	0.413467
3080000	-18.62529	0	-18.62529	0.130996	0.290184	0.0781731	0.29504	0.125922	0.22366	1.51298	0.191947	0.289044
3090000	-25.42827	0	-25.42827	0.109019	0.111308	0.20235	0.184814	0.29672	0.111081	3.61111	0.323912	0.0747645
3100000	-18.9201	0	-18.9201	0.148465	0.153718	0.156656	0.475775	0.0544502	0.139596	0.254872	2.23058	1.03774
3110000	-16.87596	0	-16.87596	0.126334	0.223517	0.188908	0.335576	0.129905	0.0803703	1.22305	4.78275	0.0101751
3120000	-17.53705	0	-17.53705	0.126217	0.341073	0.0751432	0.3752	0.247006	0.251202	0.883167	1.88038	0.0195308
3130000	-23.5783	0	-23.5783	0.0653094	0.420975	0.057884	0.455665	0.0850227	0.177831	1.65871	6.28913	0.14701
3140000	-25.02321	0	-25.02321	0.0516467	0.173812	0.182897	0.76585	0.0813769	0.0791773	2.02819	0.82967	0.0156132
3150000	-22.89784	0	-22.89784	0.178315	0.189824	0.129776	0.150476	0.378513	0.118062	0.428231	7.03369	0.260694
3160000	-17.12032	0	-17.12032	0.119614	0.056355	0.229396	0.160745	0.2014	0.0963409	0.101116	0.880381	0.0069148
3170000	-20.64571	0	-20.64571	0.0561917	0.0851528	0.205509	0.398103	0.0468046	0.0904564	0.336557	0.986592	0.00188047
3180000	-18.21555	0	-18.21555	0.236672	0.099127	0.20509	0.157988	0.136152	0.194016	0.565093	0.326521	0.267723
3190000	-22.841	0	-22.841	0.0791836	0.0591921	0.182663	0.280134	0.0677513	0.0495657	0.828913	0.819099	0.157116
3200000	-17.33831	0	-17.33831	0.106359	0.338714	0.101927	0.124256	0.363764	0.204128	1.61144	4.30469	0.0616475
3210000	-15.09899	0	-15.09899	0.0614407	0.191641	0.103073	0.306013	0.133634	0.191206	0.260992	0.842113	0.0717738
3220000	-15.70814	0	-15.70814	0.0877878	0.222914	0.0964645	0.12875	0.262921	0.192041	0.254589	0.763198	0.47684
3230000	-22.35105	0	-22.35105	0.0364128	0.253514	0.300398	0.187336	0.112949	0.152682	0.295968	2.6481	4.04676
3240000	-17.90899	0	-17.90899	0.100636	0.152878	0.133773	0.136502	0.11831	0.0875911	0.611075	0.246014	0.00385858
3250000	-17.92517	0	-17.92517	0.133757	0.122058	0.1785	0.289002	0.243144	0.211603	0.343598	0.436238	0.0187161
3260000	-16.20109	0	-16.20109	0.0780153	0.0593815	0.203107	0.317273	0.17294	0.0710326	0.414313	2.1584	0.177518
3270000	-18.75409	0	-18.75409	0.0459422	0.0710565	0.125742	0.26676	0.226015	0.0956579	0.508417	0.58725	0.0185348
3280000	-18.89229	0	-18.89229	0.0671957	0.251285	0.1991	0.413281	0.111559	0.254198	1.54968	1.42483	0.0848651
3290000	-23.58378	0	-23.58378	0.109375	0.099754	0.11484	0.297001	0.23321	0.0570243	5.26777	1.08815	0.499358
3300000	-15.54614	0	-15.54614	0.181071	0.124607	0.187979	0.182502	0.123567	0.127527	1.33079	0.423017	0.136437
3310000	-22.33931	0	-22.33931	0.264693	0.0664115	0.155694	0.235057	0.219539	0.144575	0.660847	0.278823	0.0484813
3320000	-17.03466	0	-17.03466	0.181221	0.264433	0.169641	0.0960898	0.208314	0.254763	4.16842	1.04476	0.182591
3330000	-23.36612	0	-23.36612	0.155204	0.0889937	0.151677	0.258765	0.0717	0.0459157	2.32051	1.92824	0.127902
3340000	-19.69138	0	-19.69138	0.134909	0.348419	0.24962	0.126423	0.238228	0.0574141	0.209537	0.437552	0.988734
3350000	-16.02009	0	-16.02009	0.199098	0.474751	0.0932136	0.285406	0.203294	0.136646	0.199925	0.442235	0.386282
3360000	-17.75583	0	-17.75583	0.141811	0.147936	0.0753681	0.165297	0.0871718	0.109047	0.579881	1.40225	0.00312555
3370000	-17.55126	0	-17.55126	0.139069	0.0576627	0.204242	0.211423	0.134102	0.17158	0.650138	1.05378	0.121447
3380000	-22.29317	0	-22.29317	0.0562385	0.209541	0.164928	0.226674	0.229941	0.198594	6.45539	1.60018	0.604193
3390000	-18.36532	0	-18.36532	0.0765324	0.208609	0.142606	0.215036	0.0723829	0.235239	0.673548	1.64644	0.751085
3400000	-23.98684	0	-23.98684	0.252662	0.256135	0.36113	0.2241	0.167744	0.0807526	0.485771	2.56952	0.480751
3410000	-15.81976	0	-15.81976	0.162402	0.131893	0.223242	0.315521	0.118279	0.102317	0.420481	1.6681	0.287305
3420000	-18.74486	0	-18.74486	0.0934988	0.394485	0.23555	0.440067	0.0671537	0.0601164	0.654761	0.754633	0.736304
3430000	-21.68222	0	-21.68222	0.153409	0.0843716	0.18082	0.269989	0.0749157	0.124913	1.90028	4.52296	0.216185
3440000	-16.48494	0	-16.48494	0.068347	0.190589	0.122982	0.570966	0.0914603	0.130585	0.769414	0.905902	1.09132
3450000	-16.20191	0	-16.20191	0.126957	0.149121	0.146208	0.178072	0.222318	0.121816	1.03938	1.20084	0.0378424
3460000	-13.12683	0	-13.12683	0.111194	0.219692	0.29058	0.198354	0.132693	0.103388	0.36096	0.757144	0.116448
3470000	-20.01063	0	-20.01063	0.141486	0.148175	0.206722	0.312593	0.267685	0.277083	0.475681	0.499059	2.47095
3480000	-17.974	0	-17.974	0.103346	0.0655221	0.0774025	0.26792	0.133518	0.0968546	2.48706	0.572895	0.177717
3490000	-16.09697	0	-16.09697	0.115293	0.081434	0.245768	0.385125	0.11119	0.133399	0.315936	0.764821	0.0357693
3500000	-22.48631	0	-22.48631	0.177473	0.217062	0.400528	0.133597	0.111156	0.0836331	0.611483	3.24392	0.668986
3510000	-20.13965	0	-20.13965	0.104035	0.187927	0.373519	0.197539	0.298429	0.077532	1.54702	1.40598	0.8495
3520000	-17.27519	0	-17.27519	0.130305	0.0589964	0.0689454	0.346222	0.12442	0.131315	0.461691	1.6194	0.00913969
3530000	-21.08617	0	-21.08617	0.106026	0.172366	0.332028	0.224769	0.126383	0.0919949	0.645482	3.32683	1.89927
3540000	-17.79922	0	-17.79922	0.14023	0.0748345	0.254728	0.327895	0.121511	0.081976	0.422911	2.94072	0.105703
3550000	-12.00616	0	-12.00616	0.0813461	0.140289	0.12412	0.255199	0.162408	0.0742774	1.05396	1.30883	0.290162
3560000	-18.63567	0	-18.63567	0.158931	0.316151	0.183926	0.22517	0.237494	0.194753	1.23546	0.55144	0.0178206
3570000	-23.32855	0	-23.32855	0.337511	0.391798	0.118746	0.113078	0.300687	0.0794485	2.20215	1.76094	1.06638
3580000	-16.55052	0	-16.55052	0.0741023	0.350003	0.220237	0.302458	0.102818	0.33017	0.722198	1.2121	0.737941
3590000	-17.89915	0	-17.89915	0.20639	0.115088	0.235447	0.124122	0.182468	0.194451	0.655084	0.918225	0.197424
3600000	-23.77993	0	-23.77993	0.071992	0.142643	0.194574	0.0759128	0.163321	0.278781	0.404407	0.437251	0.762485
3610000	-19.85472	0	-19.85472	0.157636	0.364794	0.18181	0.327901	0.118402	0.142084	0.118745	0.331099	2.20025
3620000	-17.57236	0	-17.57236	0.109072	0.361514	0.295396	0.229901	0.118383	0.141993	0.847937	0.968136	0.429409
3630000	-16.11624	0	-16.11624	0.146591	0.213283	0.104924	0.169625	0.26157	0.117226	1.00676	0.945653	0.565275
3640000	-18.80902	0	-18.80902	0.0753075	0.232781	0.332873	0.172253	0.148353	0.082933	0.332555	0.557174	3.82803
3650000	-19.50821	0	-19.50821	0.0833108	0.0968807	0.106557	0.376356	0.0659421	0.139259	2.16812	2.03055	0.326182
3660000	-15.20363	0	-15.20363	0.0765958	0.221494	0.115105	0.231077	0.228536	0.105102	1.03865	1.28251	0.000295199
3670000	-17.09263	0	-17.09263	0.118726	0.18496	0.158582	0.338344	0.118519	0.0653708	0.234801	2.18136	0.34489
3680000	-17.71649	0	-17.71649	0.185208	0.106272	0.18195	0.25959	0.071465	0.228157	0.281755	0.540895	0.306745
3690000	-23.43597	0	-23.43597	0.0890645	0.424067	0.19638	0.495645	0.299968	0.0615868	3.00774	2.21127	3.0337
3700000	-17.25504	0	-17.25504	0.105467	0.0599502	0.154264	0.215073	0.108666	0.0621861	0.158813	3.05417	0.123138
3710000	-16.06866	0	-16.06866	0.174682	0.231699	0.050756	0.308372	0.150374	0.225504	0.635089	1.141	0.569668
3720000	-20.84177	0	-20.84177	0.21655	0.131897	0.29781	0.439303	0.137124	0.198137	0.191323	0.608897	0.0380306
3730000	-21.36324	0	-21.36324	0.321074	0.178546	0.131241	0.258416	0.264049	0.101322	0.977773	0.86492	0.0205403
3740000	-17.69898	0	-17.69898	0.0997317	0.159813	0.211514	0.247903	0.124875	0.143705	1.20385	0.434409	0.174315
3750000	-17.55629	0	-17.55629	0.271509	0.213675	0.238686	0.233819	0.080617	0.119256	1.89393	0.959174	0.0340945
3760000	-17.14998	0	-17.14998	0.166254	0.138068	0.292183	0.121375	0.240152	0.068261	0.559484	0.639233	0.0216208
3770000	-17.04501	0	-17.04501	0.318115	0.129248	0.136126	0.248695	0.0623647	0.164026	0.183947	0.700734	0.311121
3780000	-18.80012	0	-18.80012	0.0758323	0.0884313	0.322013	0.605239	0.0596605	0.124639	0.16552	0.49463	0.106563
3790000	-19.47887	0	-19.47887	0.0517657	0.135287	0.186126	0.169508	0.0770602	0.0750457	0.0542146	0.187283	0.0212197
3800000	-25.51478	0	-25.51478	0.065527	0.144606	0.0652887	0.271845	0.436293	0.0329052	1.49711	0.818519	0.0122181
3810000	-17.37438	0	-17.37438	0.194553	0.120165	0.265231	0.2566	0.283882	0.0879551	1.67058	1.4905	0.213595
3820000	-18.31553	0	-18.31553	0.0754724	0.128086	0.192262	0.347623	0.0597766	0.16109	0.406206	3.50236	0.150561
3830000	-17.01656	0	-17.01656	0.152773	0.202376	0.140867	0.199729	0.183108	0.0938668	1.86255	1.67196	0.0409838
3840000	-30.90901	0	-30.90901	0.785153	0.0839876	0.388373	0.219358	0.0705206	0.228088	0.135608	3.40298	0.967104
3850000	-17.49985	0	-17.49985	0.169006	0.0582506	0.192538	0.397924	0.186531	0.151208	0.190095	0.356275	0.141568
3860000	-19.82396	0	-19.82396	0.0847317	0.202029	0.16998	0.345061	0.0672658	0.246995	0.18902	2.13808	0.0823993
3870000	-19.14844	0	-19.14844	0.187846	0.326136	0.082783	0.121611	0.287661	0.0666926	1.29109	0.622257	0.00916798
3880000	-18.06809	0	-18.06809	0.28134	0.33823	0.101555	0.163174	0.437427	0.150128	1.70267	1.9588	0.983168
3890000	-19.96078	0	-19.96078	0.195191	0.305625	0.109569	0.19429	0.0708355	0.130698	0.843363	2.32972	2.37077
3900000	-24.95402	0	-24.95402	0.161239	0.171404	0.105119	0.301883	0.0778495	0.184392	0.403463	0.897	0.0275912
3910000	-11.6857	0	-11.6857	0.161947	0.155898	0.102852	0.240585	0.0817511	0.111327	0.616388	1.81856	0.478096
3920000	-16.75334	0	-16.75334	0.109641	0.0766388	0.076753	0.152471	0.11567	0.0706749	1.19223	0.577816	0.134526
3930000	-16.52808	0	-16.52808	0.0619479	0.181737	0.198091	0.125494	0.175251	0.0999424	0.680778	0.855355	0.737555
3940000	-13.00779	0	-13.00779	0.0824837	0.243572	0.133556	0.298761	0.113258	0.110718	0.50461	1.84957	0.824851
3950000	-22.80953	0	-22.80953	0.289231	0.0647199	0.12977	0.162185	0.338025	0.138803	0.316598	1.14933	0.00839958
3960000	-16.73781	0	-16.73781	0.127484	0.109465	0.350786	0.0756366	0.19253	0.131023	1.10022	0.401136	0.0517675
3970000	-18.31642	0	-18.31642	0.171356	0.0940202	0.279951	0.586045	0.134121	0.124441	2.64883	1.67171	0.0446628
3980000	-16.12977	0	-16.12977	0.068174	0.171174	0.144159	0.270614	0.210087	0.10073	0.454478	1.67628	0.244021
3990000	-14.8516	0	-14.8516	0.119574	0.243487	0.124308	0.283796	0.201476	0.0906446	0.247742	1.81565	0.477412
4000000	-28.6027	0	-28.6027	0.607973	0.101929	0.0294719	0.294257	0.122386	0.0669466	0.63081	2.73437	0.1617
4010000	-17.67712	0	-17.67712	0.113344	0.147073	0.130749	0.197379	0.157893	0.119915	0.344605	0.585974	0.136067
4020000	-15.98518	0	-15.98518	0.116274	0.318723	0.0905831	0.232679	0.295906	0.0915502	0.30353	0.57194	0.60497
4030000	-19.00559	0	-19.00559	0.103644	0.372159	0.0560556	0.364603	0.117784	0.192334	0.261245	0.90612	0.0235294
4040000	-19.8408	0	-19.8408	0.0926302	0.183472	0.142952	0.29249	0.177387	0.153097	0.240903	0.498412	0.168356
4050000	-21.84403	0	-21.84403	0.106469	0.164246	0.115249	0.194222	0.173512	0.165105	1.35596	1.33387	0.358641
4060000	-18.4713	0	-18.4713	0.101541	0.173519	0.278473	0.4888	0.0883915	0.1681	0.273912	2.57302	0.509017
4070000	-14.55917	0	-14.55917	0.167969	0.154513	0.200081	0.197725	0.128211	0.0956591	0.676553	1.38989	1.06477
4080000	-18.70076	0	-18.70076	0.161011	0.167384	0.29537	0.216357	0.158256	0.137712	0.951421	0.759775	0.0127061
4090000	-16.04658	0	-16.04658	0.217314	0.0985536	0.273622	0.123723	0.139007	0.0854592	1.18668	0.899929	0.0959272
4100000	-15.28952	0	-15.28952	0.102337	0.282112	0.0613767	0.144089	0.0949985	0.127133	0.800309	2.89173	0.356638
4110000	-17.39764	0	-17.39764	0.102445	0.494887	0.187314	0.222968	0.10578	0.0920852	1.40466	0.543064	0.528706
4120000	-17.90084	0	-17.90084	0.0813808	0.12776	0.0906331	0.135754	0.206593	0.0736394	0.582221	2.29219	0.184219
4130000	-22.20661	0	-22.20661	0.102038	0.279549	0.28207	0.18144	0.238027	0.146169	0.360199	0.48545	0.028127
4140000	-19.70113	0	-19.70113	0.186637	0.146696	0.282637	0.125417	0.168642	0.15471	2.25899	2.68356	1.06392
4150000	-20.31537	0	-20.31537	0.108516	0.214129	0.688105	0.147121	0.282317	0.102024	1.29519	2.30562	0.0145631
4160000	-16.22786	0	-16.22786	0.174334	0.294778	0.160351	0.155799	0.291494	0.125554	0.8398	1.70574	0.37812
4170000	-15.73218	0	-15.73218	0.205887	0.203615	0.280963	0.138597	0.23476	0.151734	1.21696	0.955924	0.0895282
4180000	-15.30375	0	-15.30375	0.124827	0.19872	0.353774	0.162041	0.174267	0.143266	2.30551	0.705851	0.0361515
4190000	-19.94614	0	-19.94614	0.119402	0.140263	0.513457	0.13226	0.105467	0.175202	0.659368	0.85827	0.258393
4200000	-22.93884	0	-22.93884	0.125128	0.182791	0.0920687	0.137043	0.161225	0.0427884	1.01083	0.926664	0.15884
4210000	-21.27442	0	-21.27442	0.2448	0.228727	0.204247	0.505366	0.077596	0.111236	0.399922	1.9875	0.318247
4220000	-17.47283	0	-17.47283	0.221986	0.0699425	0.187973	0.214759	0.095932	0.0535523	0.359527	0.773958	0.0228301
4230000	-18.81382	0	-18.81382	0.0888172	0.0861424	0.190896	0.249631	0.0913523	0.0931211	2.31315	2.94163	0.00215986
4240000	-20.23368	0	-20.23368	0.112199	0.148421	0.177989	0.472158	0.125813	0.156267	0.446659	0.806137	2.08157
4250000	-19.85355	0	-19.85355	0.123986	0.276599	0.0966208	0.205171	0.364702	0.153848	3.57453	1.58868	0.600509
4260000	-17.40371	0	-17.40371	0.103612	0.347265	0.195038	0.13333	0.262359	0.209618	2.04808	1.35559	0.478132
4270000	-20.04818	0	-20.04818	0.176264	0.165831	0.414957	0.433571	0.165244	0.157255	0.512864	0.450441	0.025157
4280000	-16.07739	0	-16.07739	0.15488	0.203226	0.0854199	0.236627	0.150057	0.0961424	2.12331	2.94205	0.154701
4290000	-24.82663	0	-24.82663	0.402555	0.275114	0.217898	0.343355	0.211195	0.193051	2.66278	2.94415	0.331804
4300000	-16.31959	0	-16.31959	0.0866438	0.400351	0.196947	0.201857	0.179126	0.109707	1.66023	2.58306	0.139619
4310000	-18.46926	0	-18.46926	0.189565	0.0892265	0.187014	0.200124	0.178965	0.120173	0.524009	3.77188	0.594997
4320000	-19.78969	0	-19.78969	0.170692	0.608991	0.233622	0.244313	0.30709	0.0971017	0.131201	1.75865	0.990575
4330000	-27.85281	0	-27.85281	0.155193	0.0592352	0.128639	0.2635	0.543463	0.213715	2.60283	2.92189	0.0485845
4340000	-20.1053	0	-20.1053	0.138779	0.204495	0.267563	0.331039	0.164084	0.163701	1.19654	1.45161	0.464066
4350000	-16.11487	0	-16.11487	0.0927379	0.171656	0.104932	0.172683	0.247283	0.222691	2.48709	1.55759	1.03029
4360000	-16.32398	0	-16.32398	0.128353	0.134871	0.112955	0.113775	0.139245	0.132487	2.42787	0.768566	0.157354
4370000	-18.08848	0	-18.08848	0.172402	0.327568	0.114905	0.268356	0.397211	0.172606	0.75758	1.68515	0.194868
4380000	-15.57498	0	-15.57498	0.1039	0.188834	0.271058	0.202153	0.1167	0.143601	1.04584	1.38221	0.0233302
4390000	-21.7411	0	-21.7411	0.142344	0.0604297	0.18802	0.0932112	0.128295	0.130919	1.51592	1.07095	0.00779497
4400000	-17.41246	0	-17.41246	0.113788	0.351429	0.119024	0.174816	0.0513012	0.0736177	0.400649	0.594897	0.0717467
4410000	-28.45184	0	-28.45184	0.416671	0.149802	0.0993177	0.194643	0.117348	0.0466158	1.15155	2.99064	0.121169
4420000	-16.86965	0	-16.86965	0.10186	0.191548	0.183573	0.20341	0.181743	0.0946919	0.651739	1.30763	0.873727
4430000	-17.99272	0	-17.99272	0.0489804	0.21316	0.258696	0.46623	0.10022	0.155084	0.59758	3.22562	0.950205
4440000	-21.33685	0	-21.33685	0.0976399	0.0835546	0.14129	0.297979	0.0945733	0.123367	1.21154	3.74192	0.00273219
4450000	-22.59912	0	-22.59912	0.0561833	0.0975882	0.211487	0.302758	0.269574	0.0635696	1.05985	0.459197	0.0767159
4460000	-18.09859	0	-18.09859	0.0456966	0.169337	0.282172	0.102544	0.317301	0.164737	1.19694	2.23596	0.140931
4470000	-17.47043	0	-17.47043	0.0401336	0.142945	0.183322	0.102295	0.213876	0.0881603	0.317966	1.92635	0.0817361
4480000	-21.15818	0	-21.15818	0.141185	0.587132	0.209829	0.275233	0.069983	0.214185	0.448068	0.574032	1.99158
4490000	-21.46592	0	-21.46592	0.176545	0.273683	0.308447	0.522949	0.123305	0.274441	1.00659	1.08844	0.939863
4500000	-17.78192	0	-17.78192	0.156479	0.215825	0.0898099	0.382179	0.180743	0.281945	0.494247	0.539239	0.684891
4510000	-17.13806	0	-17.13806	0.0831665	0.275847	0.186314	0.106864	0.355578	0.080119	3.08824	0.622543	0.169612
4520000	-18.34391	0	-18.34391	0.147843	0.289907	0.226512	0.179466	0.165808	0.0317415	0.157289	0.35861	0.976818
4530000	-17.77258	0	-17.77258	0.128114	0.0653233	0.175153	0.367254	0.104355	0.150414	0.378873	1.18399	0.10679
4540000	-16.42737	0	-16.42737	0.120294	0.278176	0.0793638	0.215691	0.103422	0.169057	2.35335	2.57663	0.66067
4550000	-22.64449	0	-22.64449	0.0982002	0.0939199	0.237273	0.292945	0.19367	0.132648	0.208956	0.0812934	0.00708025
4560000	-20.24765	0	-20.24765	0.0529255	0.235296	0.157306	0.210851	0.332041	0.196944	1.57107	0.440178	0.0142868
4570000	-25.82043	0	-25.82043	0.0724834	0.0823215	0.087	0.303703	0.0394527	0.341404	0.740055	3.53793	1.38661
4580000	-17.09879	0	-17.09879	0.16954	0.316754	0.148663	0.254848	0.101966	0.26872	0.241115	0.562746	1.77609
4590000	-24.8443	0	-24.8443	0.0987946	0.175125	0.270165	0.39787	0.208735	0.138948	1.05531	1.09389	0.0120662
4600000	-16.99287	0	-16.99287	0.234353	0.240884	0.125507	0.131301	0.082481	0.105522	0.175595	2.98927	0.490173
4610000	-18.61399	0	-18.61399	0.0817565	0.210213	0.145752	0.209166	0.0835472	0.0832325	0.0852633	0.285152	0.00507372
4620000	-16.87624	0	-16.87624	0.0693926	0.102434	0.0922366	0.313343	0.176653	0.0671836	1.53149	1.32424	0.076804
4630000	-17.33669	0	-17.33669	0.113702	0.162902	0.0913964	0.254567	0.0724326	0.14818	1.12369	0.217464	3.21677
4640000	-25.52795	0	-25.52795	0.105891	0.174012	0.403128	0.0755788	0.303727	0.17102	0.251006	0.236603	0.0716383
4650000	-23.96345	0	-23.96345	0.104267	0.174532	0.220371	0.0955409	0.299233	0.178186	6.88782	2.93954	0.0427818
4660000	-20.33748	0	-20.33748	0.0647523	0.193758	0.255836	0.202248	0.182398	0.0516253	0.433074	1.44868	0.0516205
4670000	-16.1309	0	-16.1309	0.207665	0.126828	0.183495	0.292751	0.107328	0.100249	0.288955	1.45979	0.476088
4680000	-21.54576	0	-21.54576	0.0815733	0.0808843	0.539239	0.134896	0.298716	0.160541	4.93693	1.63777	0.156315
4690000	-17.93565	0	-17.93565	0.148859	0.163409	0.15134	0.196063	0.12497	0.0529312	0.126537	2.01816	0.0373121
4700000	-22.18469	0	-22.18469	0.105057	0.332121	0.145942	0.14913	0.0798567	0.124719	0.308653	0.533271	3.86044
4710000	-19.61948	0	-19.61948	0.111175	0.0898098	0.178349	0.141587	0.109956	0.101532	1.46122	1.51646	0.00828143
4720000	-16.17949	0	-16.17949	0.0899403	0.251609	0.209441	0.238503	0.140881	0.245491	0.199729	0.62538	0.149524
4730000	-16.03436	0	-16.03436	0.0985055	0.151858	0.275402	0.11341	0.161881	0.0697389	2.63386	0.78828	0.0170977
4740000	-16.27378	0	-16.27378	0.0648478	0.0657065	0.138783	0.362694	0.170316	0.0820091	0.486228	0.937421	0.00421159
4750000	-16.7486	0	-16.7486	0.143956	0.091878	0.159217	0.274564	0.097396	0.142915	0.274528	2.68107	0.00982503
4760000	-16.46478	0	-16.46478	0.0521633	0.111293	0.18345	0.123107	0.269383	0.0722522	1.97601	0.721485	0.0466733
4770000	-19.22394	0	-19.22394	0.157611	0.131828	0.264143	0.110837	0.194928	0.117436	0.987604	4.73857	0.288963
4780000	-21.48314	0	-21.48314	0.268362	0.177884	0.315953	0.19531	0.324855	0.120929	0.478096	3.53575	0.222272
4790000	-18.8045	0	-18.8045	0.119021	0.0991437	0.116743	0.108146	0.194351	0.116359	0.445919	0.283528	0.0457496
4800000	-17.91175	0	-17.91175	0.140408	0.111804	0.0854334	0.169549	0.134897	0.0793607	0.51836	0.907927	0.0292867
4810000	-25.68636	0	-25.68636	0.0830003	0.0767424	0.109519	0.0697911	0.144611	0.111785	0.27086	3.20082	2.73104e-05
4820000	-18.92503	0	-18.92503	0.0892089	0.37193	0.213044	0.223666	0.249446	0.151596	1.42049	0.541777	0.349155
4830000	-17.0436	0	-17.0436	0.176735	0.0995182	0.205748	0.191498	0.209834	0.066631	0.247217	1.04522	0.000452229
4840000	-13.75938	0	-13.75938	0.0866458	0.309222	0.10052	0.454269	0.0852151	0.119306	0.460308	1.92343	0.151902
4850000	-15.79173	0	-15.79173	0.112449	0.111088	0.111503	0.144637	0.212192	0.118282	1.1329	1.18447	0.313557
4860000	-16.84031	0	-16.84031	0.207108	0.0760046	0.117636	0.171215	0.18464	0.0852521	0.544362	0.721951	0.0363095
4870000	-19.52255	0	-19.52255	0.0978494	0.112573	0.332553	0.136719	0.105074	0.103684	0.195933	1.06096	0.00147839
4880000	-24.1768	0	-24.1768	0.117997	0.192591	0.282154	0.380542	0.199573	0.192492	0.880363	0.324616	0.0361748
4890000	-15.65303	0	-15.65303	0.0592383	0.176476	0.1449	0.107441	0.151298	0.0806655	3.24511	0.805447	0.00518837
4900000	-14.72218	0	-14.72218	0.0933535	0.113134	0.165908	0.234747	0.125638	0.208598	0.41707	0.729986	0.850102
4910000	-24.87564	0	-24.87564	0.177954	0.182542	0.0806927	0.617564	0.213423	0.269937	2.26842	0.562715	0.207866
4920000	-18.82364	0	-18.82364	0.0715268	0.182467	0.576226	0.158034	0.220075	0.149555	0.358869	0.478161	0.634867
4930000	-18.96331	0	-18.96331	0.0912925	0.150079	0.334265	0.243814	0.106473	0.144503	0.788124	3.20885	0.253783
4940000	-19.80178	0	-19.80178	0.122976	0.459367	0.199262	0.234806	0.178374	0.153827	3.83785	2.76234	0.0447017
4950000	-15.31708	0	-15.31708	0.1883	0.252402	0.155489	0.167808	0.156778	0.117157	2.72467	0.439829	0.265431
4960000	-23.14188	0	-23.14188	0.291969	0.257079	0.506089	0.626627	0.0691538	0.102135	0.348771	0.747692	1.99391
4970000	-21.40176	0	-21.40176	0.0535456	0.285889	0.113071	0.150854	0.107729	0.0648541	1.19656	1.26534	5.16393
4980000	-17.43591	0	-17.43591	0.151925	0.262185	0.240902	0.140154	0.134549	0.0937618	0.169392	2.52047	0.360675
4990000	-22.49986	0	-22.49986	0.18537	0.0601564	0.426339	0.442884	0.292052	0.0768414	0.456384	0.524074	0.375994
5000000	-21.32665	0	-21.32665	0.176551	0.19786	0.160332	0.162323	0.238869	0.194601	1.71537	1.82704	0.0781479
