Iteration	Posterior	Likelihood	Prior	lambda[1]	lambda[2]	lambda[3]	mu[1]	mu[2]	mu[3]	psi[1]	psi[2]	psi[3]
0	-26.4922	0	-26.4922	0.196798	0.0774345	0.158001	0.145495	0.15293	0.102029	0.675643	0.98673	1.58285
10000	-24.56407	0	-24.56407	0.063694	0.162307	0.115751	0.24534	0.152772	0.0760912	1.58462	2.17686	1.40116
20000	-23.1187	0	-23.1187	0.158946	0.176928	0.196475	0.276018	0.100121	0.0719363	0.610386	0.390118	1.94285
30000	-27.03679	0	-27.03679	0.176336	0.149448	0.379105	0.189654	0.143024	0.103395	1.25322	3.3127	0.729623
40000	-28.7267	0	-28.7267	0.262904	0.180011	0.135396	0.172632	0.317973	0.110979	2.65994	1.55753	0.404657
50000	-22.75942	0	-22.75942	0.135741	0.0545541	0.164953	0.114598	0.100826	0.115426	1.59132	2.54327	0.522816
60000	-28.18044	0	-28.18044	0.223609	0.115849	0.151412	0.126668	0.520953	0.214826	0.349709	1.74005	0.663237
70000	-23.87342	0	-23.87342	0.0970089	0.113667	0.190248	0.455141	0.10705	0.0613776	3.41789	2.1788	0.434389
80000	-24.18336	0	-24.18336	0.0896513	0.134233	0.149558	0.308321	0.212377	0.0435641	0.769624	2.04128	1.3732
90000	-23.23817	0	-23.23817	0.200704	0.239285	0.219101	0.262034	0.165502	0.0909243	0.627505	0.707638	1.60346
100000	-42.01134	0	-42.01134	0.256709	0.191836	0.275123	0.382645	0.227283	0.0573539	0.925274	4.1918	0.620869
110000	-25.48288	0	-25.48288	0.17519	0.0757866	0.226479	0.197654	0.185321	0.131396	1.0341	0.963259	1.51206
120000	-34.24501	0	-34.24501	0.115822	0.0915654	0.156624	0.404113	0.152205	0.0674841	7.58056	0.446331	2.79395
130000	-27.30288	0	-27.30288	0.172732	0.10534	0.13292	0.315006	0.148504	0.0807835	0.997365	3.19552	1.06207
140000	-26.21465	0	-26.21465	0.13084	0.137995	0.120588	0.153098	0.104422	0.213663	1.56159	3.79656	2.06381
150000	-24.46292	0	-24.46292	0.140767	0.133902	0.35487	0.171398	0.116998	0.0459337	0.699806	3.5098	2.19894
160000	-27.73486	0	-27.73486	0.425805	0.169155	0.500139	0.199882	0.167645	0.106344	0.918619	0.825744	0.746412
170000	-23.9356	0	-23.9356	0.0908548	0.110327	0.252224	0.113621	0.231621	0.13246	3.0336	0.517131	0.193192
180000	-22.10056	0	-22.10056	0.188527	0.180687	0.256924	0.235016	0.183978	0.248025	2.09354	1.02669	0.767061
190000	-29.27192	0	-29.27192	0.159239	0.111888	0.206871	0.337642	0.140729	0.161112	8.52706	2.03287	0.94469
200000	-33.1138	0	-33.1138	0.077702	0.105531	0.235855	0.499502	0.103448	0.253985	0.835939	6.57942	1.96615
210000	-23.16379	0	-23.16379	0.224718	0.164151	0.135155	0.268322	0.105457	0.110145	0.389821	0.346018	1.2152
220000	-27.66783	0	-27.66783	0.181276	0.115621	0.296702	0.114835	0.123188	0.196678	1.57392	0.660372	1.03323
230000	-27.17113	0	-27.17113	0.284293	0.18154	0.316217	0.0770493	0.169582	0.09861	1.10365	3.34663	0.760148
240000	-21.94285	0	-21.94285	0.0826314	0.131053	0.266696	0.230565	0.100324	0.117563	0.449738	0.301108	0.419514
250000	-24.4666	0	-24.4666	0.137839	0.057186	0.252346	0.389855	0.128749	0.137816	0.2875	0.695404	2.41235
260000	-24.6095	0	-24.6095	0.188837	0.195236	0.1551	0.200264	0.0608769	0.0955139	1.03636	0.727041	3.02043
270000	-28.97245	0	-28.97245	0.312906	0.108178	0.109928	0.38387	0.0745043	0.131493	0.912461	0.646713	0.546485
280000	-29.65727	0	-29.65727	0.120393	0.152751	0.0999245	0.322468	0.214967	0.170341	1.60612	2.11432	2.78076
290000	-32.48852	0	-32.48852	0.0780654	0.403075	0.12563	0.591092	0.234161	0.133108	0.75999	1.33942	0.954951
300000	-26.3754	0	-26.3754	0.0723778	0.145226	0.637994	0.302627	0.186637	0.222383	3.29199	0.813533	1.29832
310000	-29.83107	0	-29.83107	0.17198	0.0776292	0.141142	0.230192	0.136224	0.144204	0.840524	0.298467	1.27848
320000	-23.91406	0	-23.91406	0.0865713	0.0864009	0.355779	0.194974	0.217393	0.0771555	1.70848	1.00825	1.15964
330000	-27.00501	0	-27.00501	0.109265	0.231141	0.155945	0.179029	0.0869868	0.0954339	3.28945	1.98759	0.456068
340000	-27.91068	0	-27.91068	0.159245	0.157603	0.52311	0.290377	0.278296	0.106099	0.640818	0.812322	1.42819
350000	-24.54023	0	-24.54023	0.0791356	0.105267	0.316825	0.178548	0.111345	0.17014	0.647292	3.72514	2.68725
360000	-28.73633	0	-28.73633	0.168116	0.112046	0.142981	0.471127	0.133845	0.14723	2.29881	0.781921	0.139562
370000	-25.03399	0	-25.03399	0.167196	0.085324	0.136153	0.28645	0.184951	0.275427	0.654983	2.05259	1.95951
380000	-29.73286	0	-29.73286	0.140377	0.113312	0.181047	0.0818232	0.437685	0.0665214	6.0758	0.844798	0.9821
390000	-24.38052	0	-24.38052	0.132629	0.143317	0.165971	0.175729	0.145174	0.0962349	1.23444	0.398351	1.0044
400000	-32.23345	0	-32.23345	0.198325	0.0817813	0.12233	0.290263	0.172025	0.069794	4.59917	6.68789	1.40853
410000	-24.35881	0	-24.35881	0.183091	0.116044	0.224077	0.121915	0.16932	0.150771	1.7254	0.874601	0.713398
420000	-28.77419	0	-28.77419	0.0381407	0.195074	0.273309	0.36639	0.119193	0.0833297	0.421216	1.61879	2.84096
430000	-24.13915	0	-24.13915	0.146347	0.144313	0.194761	0.25311	0.155456	0.205298	3.04077	1.02363	1.45016
440000	-28.42671	0	-28.42671	0.148572	0.0934219	0.152792	0.314775	0.16832	0.237456	3.15413	1.88533	2.28342
450000	-26.35847	0	-26.35847	0.117521	0.165399	0.0888874	0.243632	0.16752	0.0554343	1.28945	2.46415	1.43611
460000	-25.66091	0	-25.66091	0.108612	0.232715	0.168546	0.306023	0.171861	0.0576057	2.06809	0.871467	0.817316
470000	-22.91538	0	-22.91538	0.221458	0.190019	0.0918477	0.220544	0.150372	0.0602849	1.15781	1.28187	0.487247
480000	-28.78642	0	-28.78642	0.265383	0.12957	0.232738	0.29263	0.113524	0.108243	0.720346	2.60975	0.454472
490000	-26.43025	0	-26.43025	0.0891216	0.0929958	0.262001	0.581986	0.109617	0.0691281	1.38452	1.28248	0.447791
500000	-26.9749	0	-26.9749	0.110775	0.100158	0.125575	0.167329	0.12776	0.0924226	2.24479	1.43734	3.74274
510000	-23.74065	0	-23.74065	0.093555	0.1038	0.400659	0.456371	0.0856405	0.0787384	0.657358	0.332227	0.898455
520000	-23.27068	0	-23.27068	0.146771	0.154882	0.273606	0.182708	0.0725272	0.109401	1.21985	1.88756	0.830963
530000	-30.39142	0	-30.39142	0.117551	0.219632	0.422183	0.189286	0.0929336	0.12919	4.62409	1.47427	0.431106
540000	-25.90317	0	-25.90317	0.178467	0.14772	0.171158	0.302245	0.174968	0.13506	0.320441	1.03145	0.346201
550000	-26.56741	0	-26.56741	0.0591999	0.211981	0.162974	0.181536	0.094308	0.0851707	0.591801	0.561696	0.685847
560000	-26.52371	0	-26.52371	0.074242	0.180464	0.150347	0.142344	0.233761	0.140581	2.41422	0.532575	1.87593
570000	-27.12178	0	-27.12178	0.0742148	0.174059	0.139102	0.345435	0.0634485	0.13081	0.605139	0.407813	0.194253
580000	-24.54364	0	-24.54364	0.0889099	0.132134	0.284508	0.179069	0.111092	0.133474	0.737909	0.420499	1.94512
590000	-23.51406	0	-23.51406	0.167905	0.0599689	0.326763	0.36739	0.112682	0.115731	0.801838	0.418647	1.85875
600000	-24.15944	0	-24.15944	0.126456	0.0770257	0.301299	0.415371	0.0837086	0.218195	1.20937	1.27083	1.36253
610000	-24.61669	0	-24.61669	0.127922	0.158627	0.0914195	0.262991	0.114079	0.0845727	2.9699	2.88866	0.758779
620000	-26.13115	0	-26.13115	0.142316	0.15337	0.143348	0.210526	0.236933	0.12621	1.86878	1.23445	0.336915
630000	-24.87069	0	-24.87069	0.187232	0.206261	0.204096	0.428156	0.240137	0.0542414	0.991132	2.10306	1.19036
640000	-26.49539	0	-26.49539	0.108014	0.245396	0.259664	0.21309	0.0666391	0.146535	3.25654	1.17647	1.4882
650000	-27.87541	0	-27.87541	0.194099	0.122863	0.12185	0.219939	0.0713398	0.0492381	2.30361	4.01282	2.02785
660000	-24.57854	0	-24.57854	0.177742	0.0748185	0.362395	0.542881	0.0476147	0.10508	1.98334	0.687597	1.53518
670000	-25.57176	0	-25.57176	0.112655	0.054709	0.140602	0.178764	0.16266	0.051565	1.05817	1.08822	0.24659
680000	-36.85782	0	-36.85782	0.387812	0.029771	0.121727	0.211708	0.0559139	0.109826	0.392862	2.53405	0.595147
690000	-29.92388	0	-29.92388	0.245923	0.199784	0.222259	0.529431	0.516999	0.131569	1.79077	0.426767	0.828039
700000	-26.74458	0	-26.74458	0.120046	0.233371	0.183215	0.312062	0.271992	0.226635	0.430403	2.46632	1.18546
710000	-24.13802	0	-24.13802	0.0806297	0.205144	0.258711	0.239135	0.0911244	0.16258	0.749024	3.57353	1.36511
720000	-20.7005	0	-20.7005	0.148679	0.10705	0.158501	0.413147	0.112629	0.102497	0.397379	0.933082	0.68811
730000	-26.49138	0	-26.49138	0.130132	0.117684	0.194334	0.34128	0.159755	0.0710684	0.519076	0.322404	1.49873
740000	-23.68912	0	-23.68912	0.0560134	0.0705706	0.265045	0.141795	0.129793	0.232988	0.965894	2.14458	0.394853
750000	-26.2178	0	-26.2178	0.125973	0.189957	0.326324	0.304254	0.129448	0.17301	0.950383	3.39794	0.575294
760000	-30.3457	0	-30.3457	0.110265	0.116096	0.220086	0.245727	0.115832	0.181669	4.6975	0.428379	0.103736
770000	-22.4793	0	-22.4793	0.0760455	0.0765132	0.295407	0.28794	0.122252	0.171684	1.3438	0.720158	0.523759
780000	-25.37136	0	-25.37136	0.115074	0.125877	0.37442	0.253315	0.175984	0.0829911	1.10336	3.53874	1.33543
790000	-25.63597	0	-25.63597	0.161847	0.112497	0.306602	0.243122	0.0832655	0.119691	1.88269	0.326759	0.336589
800000	-23.18408	0	-23.18408	0.121457	0.10779	0.332705	0.183682	0.0636298	0.0603403	3.40006	1.51133	1.15095
810000	-27.46225	0	-27.46225	0.107545	0.0553186	0.0872602	0.120649	0.124292	0.0980846	3.00873	2.18696	0.460988
820000	-24.00632	0	-24.00632	0.161823	0.141262	0.19809	0.138221	0.169964	0.0887255	0.46233	0.43987	0.5738
830000	-25.20448	0	-25.20448	0.117681	0.0872137	0.136216	0.125988	0.0710539	0.0479227	0.962188	1.6183	0.403667
840000	-25.56893	0	-25.56893	0.101579	0.208461	0.319355	0.180882	0.126689	0.155608	1.10612	0.74149	0.58275
850000	-22.99564	0	-22.99564	0.0925008	0.0806684	0.181091	0.250929	0.143034	0.0924628	1.94833	0.620173	0.308183
860000	-25.32687	0	-25.32687	0.237681	0.195374	0.161168	0.208217	0.129741	0.204639	1.90109	1.41058	0.642368
870000	-23.44099	0	-23.44099	0.0991849	0.158457	0.234755	0.324727	0.106907	0.293747	1.79607	1.36791	0.744054
880000	-22.74138	0	-22.74138	0.0807279	0.194452	0.187209	0.240998	0.253525	0.0900218	1.27657	1.407	0.870871
890000	-33.12956	0	-33.12956	0.442065	0.116251	0.225109	0.359818	0.302086	0.307848	0.929523	0.846745	1.66374
900000	-24.62024	0	-24.62024	0.110663	0.165842	0.23745	0.207328	0.0880469	0.0517372	0.800716	2.07051	0.78829
910000	-23.44003	0	-23.44003	0.103517	0.0371045	0.231606	0.329352	0.219717	0.0810606	2.78141	1.15129	0.5278
920000	-34.64276	0	-34.64276	0.120118	0.10916	0.186363	0.358267	0.167416	0.130171	0.914125	0.612994	0.914563
930000	-21.96387	0	-21.96387	0.30265	0.121689	0.240416	0.388497	0.12105	0.146856	0.897409	1.32091	0.930859
940000	-24.28933	0	-24.28933	0.105535	0.0613678	0.204351	0.230094	0.10796	0.0857411	1.0647	1.80576	1.16633
950000	-28.00529	0	-28.00529	0.367033	0.180589	0.376782	0.265532	0.128724	0.11441	3.4225	0.423431	1.0778
960000	-27.81959	0	-27.81959	0.209117	0.232727	0.177414	0.160892	0.214435	0.144042	3.88259	1.93897	1.7926
970000	-28.33295	0	-28.33295	0.0297819	0.216236	0.324887	0.217422	0.175291	0.117353	0.839994	0.899691	1.89635
980000	-26.21839	0	-26.21839	0.120274	0.174465	0.144984	0.514879	0.236225	0.0659568	0.410545	1.3525	1.28047
990000	-26.94372	0	-26.94372	0.187909	0.0937844	0.0911451	0.280373	0.199424	0.0329471	0.557755	1.31756	0.890182
1000000	-24.83514	0	-24.83514	0.196935	0.133293	0.254589	0.314777	0.144748	0.0759359	1.64929	2.44181	1.84116
1010000	-27.69804	0	-27.69804	0.0533154	0.114012	0.197743	0.520848	0.105168	0.337912	1.02278	1.61713	1.19337
1020000	-33.77437	0	-33.77437	0.0966876	0.0950505	0.122758	0.13218	0.0627489	0.0666353	2.43518	4.58864	0.237884
1030000	-20.4376	0	-20.4376	0.128913	0.0838802	0.273267	0.178904	0.077279	0.1504	1.25847	1.35598	0.652545
1040000	-25.32459	0	-25.32459	0.229643	0.111917	0.1347	0.147613	0.198875	0.106763	1.01329	1.9023	0.334452
1050000	-27.48289	0	-27.48289	0.136796	0.108132	0.304141	0.177321	0.126745	0.111944	7.10083	1.757	0.695472
1060000	-24.4788	0	-24.4788	0.212755	0.0994718	0.143431	0.242792	0.113986	0.17081	1.51079	0.920521	0.701017
1070000	-26.29596	0	-26.29596	0.178219	0.122746	0.173741	0.301071	0.135088	0.0757401	0.270513	2.08616	0.479477
1080000	-23.24627	0	-23.24627	0.0966577	0.213358	0.170978	0.340811	0.137736	0.14258	1.4581	3.35137	0.657596
1090000	-24.17571	0	-24.17571	0.0480221	0.10678	0.380645	0.216849	0.154962	0.100613	0.948463	1.23372	0.353972
1100000	-28.28201	0	-28.28201	0.198479	0.129665	0.122324	0.209383	0.154969	0.0474681	1.6652	2.86822	0.601573
1110000	-27.05067	0	-27.05067	0.17735	0.172018	0.193235	0.256092	0.348401	0.284177	0.856398	1.48432	1.2341
1120000	-28.31253	0	-28.31253	0.0524835	0.165653	0.149875	0.541509	0.0735633	0.157842	0.808641	1.35102	1.03053
1130000	-25.70803	0	-25.70803	0.134022	0.107792	0.154813	0.363848	0.259922	0.100974	0.395647	1.45563	0.474188
1140000	-27.65731	0	-27.65731	0.120083	0.235946	0.141779	0.243332	0.0887433	0.165717	1.5509	0.85521	0.203746
1150000	-28.83132	0	-28.83132	0.104963	0.136775	0.398554	0.136147	0.12341	0.107607	1.20639	1.30977	1.05714
1160000	-30.50254	0	-30.50254	0.175985	0.101729	0.153782	0.241474	0.0822117	0.0852405	0.783978	0.281645	0.736789
1170000	-27.89117	0	-27.89117	0.14716	0.0971466	0.172092	0.299662	0.375677	0.111349	1.49858	1.72747	0.250919
1180000	-33.27283	0	-33.27283	0.285917	0.14125	0.156782	0.373641	0.226131	0.113202	1.34537	0.329276	0.970689
1190000	-29.56007	0	-29.56007	0.087136	0.0700139	0.158893	0.838763	0.0764219	0.160167	1.63683	4.79145	0.633106
1200000	-27.1117	0	-27.1117	0.0960248	0.0540652	0.156536	0.623706	0.111238	0.167085	0.246449	2.11921	0.865686
1210000	-26.08596	0	-26.08596	0.248511	0.0934829	0.316853	0.218577	0.130452	0.176075	3.19502	1.34264	0.509045
1220000	-25.91979	0	-25.91979	0.106506	0.130379	0.203732	0.485459	0.112759	0.0715829	1.19263	3.82355	1.03269
1230000	-27.7755	0	-27.7755	0.043181	0.16514	0.208849	0.163144	0.0781413	0.170887	0.873592	2.62706	0.620914
1240000	-26.10312	0	-26.10312	0.0798841	0.0935769	0.190083	0.167215	0.418245	0.0879443	4.35434	1.21412	1.42671
1250000	-23.46672	0	-23.46672	0.0842755	0.140483	0.527044	0.279221	0.0655077	0.19876	1.86289	0.874263	0.919791
1260000	-24.9268	0	-24.9268	0.124452	0.199049	0.211988	0.158394	0.0615831	0.182855	0.700831	2.26584	1.06392
1270000	-31.43501	0	-31.43501	0.104207	0.0810428	0.309178	0.187167	0.178572	0.0565358	4.11766	1.20873	1.03418
1280000	-27.23553	0	-27.23553	0.0854719	0.146509	0.112384	0.158474	0.0919938	0.0671335	1.98722	0.789508	0.961883
1290000	-23.5816	0	-23.5816	0.0702394	0.154211	0.194052	0.307861	0.137001	0.076989	0.945434	2.51843	0.630688
1300000	-24.92218	0	-24.92218	0.186161	0.083165	0.194513	0.385641	0.106728	0.161588	0.651096	2.18639	1.0759
1310000	-30.69781	0	-30.69781	0.104861	0.128748	0.131552	0.865623	0.0733989	0.0913241	3.61372	1.31273	0.448822
1320000	-26.10286	0	-26.10286	0.194038	0.16906	0.293082	0.109817	0.210302	0.139361	0.236715	1.73366	1.21801
1330000	-35.21049	0	-35.21049	0.0938637	0.202328	0.452831	0.494627	0.0980669	0.120626	1.21028	1.7199	0.0899959
1340000	-24.19054	0	-24.19054	0.139566	0.1053	0.113731	0.187447	0.248991	0.0918091	1.95162	0.788305	1.03924
1350000	-26.79131	0	-26.79131	0.183189	0.18209	0.393628	0.286046	0.160548	0.301548	0.56563	0.533482	0.697285
1360000	-31.94092	0	-31.94092	0.157139	0.388998	0.230708	0.320134	0.0564459	0.0813315	0.586977	0.468516	0.88448
1370000	-22.98929	0	-22.98929	0.150303	0.0940597	0.385226	0.150518	0.200434	0.0610947	1.22061	0.923768	0.640229
1380000	-25.29863	0	-25.29863	0.0602252	0.100292	0.183268	0.459891	0.173294	0.116341	0.906422	0.596137	0.805686
1390000	-21.79361	0	-21.79361	0.105935	0.0975666	0.132711	0.139853	0.0673843	0.154451	1.28907	1.86642	1.24281
1400000	-22.23129	0	-22.23129	0.0827034	0.166491	0.228087	0.231187	0.0909505	0.0865477	0.657041	2.72451	0.539022
1410000	-24.65716	0	-24.65716	0.211214	0.0590025	0.114167	0.418707	0.117394	0.105295	0.579351	0.711936	1.04574
1420000	-29.80957	0	-29.80957	0.210593	0.155325	0.0935024	0.280194	0.165811	0.0657385	0.516019	1.03385	1.25539
1430000	-25.93104	0	-25.93104	0.175375	0.134223	0.216348	0.188542	0.257671	0.0621021	2.24568	1.19238	0.77283
1440000	-33.31839	0	-33.31839	0.254635	0.310512	0.170991	0.441445	0.176014	0.119541	0.207072	0.188908	0.329337
1450000	-27.98304	0	-27.98304	0.151816	0.158918	0.252403	0.160088	0.232669	0.186913	2.2696	0.31823	0.953638
1460000	-28.10781	0	-28.10781	0.0683168	0.105125	0.236635	0.289166	0.0914737	0.0425445	1.93173	0.293514	0.665453
1470000	-28.40859	0	-28.40859	0.108221	0.106392	0.136888	0.348972	0.111691	0.068504	0.967835	0.850922	0.463283
1480000	-23.44226	0	-23.44226	0.184271	0.11864	0.103027	0.139435	0.083562	0.0739888	1.02659	1.24155	0.714064
1490000	-23.65878	0	-23.65878	0.0826771	0.122154	0.13246	0.252081	0.176598	0.111655	2.33498	3.07941	0.800993
1500000	-27.42922	0	-27.42922	0.0677678	0.124688	0.267431	0.116122	0.0598969	0.115791	1.47712	2.71844	1.10525
1510000	-30.08082	0	-30.08082	0.0940913	0.166774	0.257672	0.0834255	0.143351	0.0640555	0.47374	4.22192	1.26027
1520000	-35.03739	0	-35.03739	0.105905	0.0655348	0.216145	0.133953	0.107864	0.0863961	2.30627	1.01517	0.552533
1530000	-21.67194	0	-21.67194	0.13602	0.180018	0.273312	0.301173	0.0937261	0.0554073	0.483126	1.3054	0.38548
1540000	-26.57655	0	-26.57655	0.200135	0.16313	0.303781	0.272525	0.12687	0.178518	2.50902	3.35155	0.391738
1550000	-31.78125	0	-31.78125	0.121196	0.267945	0.300171	0.311632	0.228602	0.0511423	1.21	1.15838	0.268717
1560000	-27.58172	0	-27.58172	0.16099	0.138894	0.11164	0.22522	0.135503	0.116683	1.46929	1.2471	0.210951
1570000	-28.30039	0	-28.30039	0.157418	0.125911	0.121889	0.237695	0.0845282	0.0851145	0.791774	2.63235	1.14229
1580000	-23.33253	0	-23.33253	0.07849	0.0659498	0.231042	0.568654	0.206654	0.119067	0.479137	2.37048	0.857099
1590000	-25.03153	0	-25.03153	0.0929355	0.154574	0.114176	0.241643	0.269077	0.106692	1.53663	0.59345	0.188263
1600000	-27.64384	0	-27.64384	0.0859552	0.0940983	0.21437	0.452746	0.181513	0.0591043	0.408035	2.44918	0.501291
1610000	-29.94673	0	-29.94673	0.0445284	0.190363	0.208798	0.262087	0.0591482	0.136494	0.842589	0.732473	0.322153
1620000	-30.12361	0	-30.12361	0.15307	0.164427	0.236228	0.14574	0.15419	0.185444	1.73363	4.99648	0.235938
1630000	-23.5331	0	-23.5331	0.10414	0.0854268	0.20979	0.281446	0.0666384	0.118981	1.06126	1.10885	0.544787
1640000	-24.26839	0	-24.26839	0.111355	0.141892	0.165359	0.158539	0.119679	0.126716	0.862897	2.40798	0.779843
1650000	-25.44839	0	-25.44839	0.205207	0.181859	0.216417	0.357423	0.13927	0.0976288	2.50695	1.67925	1.03305
1660000	-27.91461	0	-27.91461	0.0887753	0.12217	0.177777	0.192174	0.109704	0.143189	2.66485	1.44684	0.473711
1670000	-28.73991	0	-28.73991	0.187077	0.415126	0.181586	0.23742	0.268009	0.121021	0.383898	1.24158	0.586642
1680000	-25.0198	0	-25.0198	0.161637	0.10585	0.184495	0.182842	0.118265	0.0587029	2.03789	1.43592	0.192144
1690000	-22.94107	0	-22.94107	0.205705	0.0842838	0.262418	0.45147	0.0807926	0.108816	1.22209	1.47137	1.2174
1700000	-25.58498	0	-25.58498	0.0617708	0.210891	0.204543	0.344095	0.152675	0.177814	0.609577	1.43135	0.320906
1710000	-26.9296	0	-26.9296	0.267426	0.120486	0.348211	0.19995	0.345861	0.147864	3.60998	0.62758	0.356081
1720000	-24.57466	0	-24.57466	0.0948135	0.201443	0.479262	0.328477	0.08775	0.0998102	2.36243	2.60089	0.855407
1730000	-23.07519	0	-23.07519	0.125415	0.18636	0.179149	0.260084	0.156615	0.155066	1.67774	0.377683	2.03012
1740000	-25.5022	0	-25.5022	0.0827257	0.0781399	0.132475	0.424046	0.0811954	0.150668	1.36831	1.22985	0.667886
1750000	-20.09194	0	-20.09194	0.12787	0.215118	0.230601	0.211165	0.102947	0.108773	1.25206	0.475334	1.58667
1760000	-22.97302	0	-22.97302	0.14397	0.0937303	0.341347	0.289384	0.132365	0.152829	2.53627	1.70172	3.38085
1770000	-30.5698	0	-30.5698	0.0751124	0.0839414	0.301157	0.366098	0.14923	0.216877	1.94401	0.748363	2.75487
1780000	-28.33176	0	-28.33176	0.12751	0.04883	0.0686368	0.209194	0.0933902	0.077538	2.90666	1.17043	0.251678
1790000	-26.68279	0	-26.68279	0.308144	0.0849528	0.232062	0.409917	0.196969	0.0577384	1.44333	1.39209	0.541073
1800000	-27.61884	0	-27.61884	0.141371	0.109296	0.139012	0.408981	0.22626	0.0635052	1.84137	1.61692	0.782006
1810000	-22.66587	0	-22.66587	0.121	0.0838481	0.112416	0.204366	0.15163	0.0683204	2.07894	1.30104	1.43851
1820000	-20.71264	0	-20.71264	0.117559	0.102359	0.454632	0.184933	0.165082	0.172251	0.929229	1.48127	0.663374
1830000	-28.92701	0	-28.92701	0.0958615	0.142499	0.200965	0.352887	0.142681	0.114687	0.864865	0.25644	2.32857
1840000	-25.35213	0	-25.35213	0.118289	0.060466	0.128249	0.180685	0.0896201	0.100046	0.513243	0.489252	1.87113
1850000	-33.60845	0	-33.60845	0.153092	0.104365	0.0922777	0.167859	0.317498	0.282285	0.952316	3.98071	1.00353
1860000	-26.64969	0	-26.64969	0.0669038	0.154727	0.179189	0.3623	0.130139	0.16009	0.643719	1.41361	2.20942
1870000	-29.0777	0	-29.0777	0.108714	0.108304	0.143356	0.0587461	0.134989	0.0364825	1.23849	0.481248	0.847858
1880000	-25.08218	0	-25.08218	0.0852839	0.23588	0.245809	0.229499	0.160948	0.133318	2.07198	2.31243	1.8545
1890000	-27.39853	0	-27.39853	0.0565248	0.0735726	0.239331	0.280488	0.352901	0.121376	1.52897	0.800958	0.762487
1900000	-28.72201	0	-28.72201	0.0767016	0.133789	0.17309	0.47955	0.072854	0.0987635	1.60455	1.10928	2.6196
1910000	-28.57451	0	-28.57451	0.20231	0.210161	0.096047	0.392923	0.0970586	0.0943669	1.40519	3.40245	0.535867
1920000	-29.69096	0	-29.69096	0.331276	0.121739	0.206833	0.292596	0.211405	0.0775858	3.7289	3.36933	0.95427
1930000	-33.10885	0	-33.10885	0.191538	0.239586	0.0539984	0.236337	0.253901	0.115367	1.31894	1.7037	0.547373
1940000	-23.70103	0	-23.70103	0.159768	0.0482299	0.264924	0.333908	0.186294	0.144447	0.515571	1.67452	0.821181
1950000	-29.29154	0	-29.29154	0.0801426	0.168254	0.132847	0.239326	0.138812	0.0686698	1.24425	0.810365	0.947997
1960000	-25.12019	0	-25.12019	0.246873	0.153726	0.144107	0.297575	0.129964	0.11192	0.969223	3.5591	0.985517
1970000	-23.09066	0	-23.09066	0.0615234	0.106442	0.147655	0.280931	0.143311	0.215078	2.26566	1.21873	1.71721
1980000	-24.51327	0	-24.51327	0.237022	0.080061	0.253313	0.164621	0.128787	0.162229	0.992525	1.80126	1.10016
1990000	-25.37331	0	-25.37331	0.0960101	0.0568162	0.192969	0.126373	0.129136	0.133748	3.33905	3.05485	1.4857
2000000	-28.72662	0	-28.72662	0.128065	0.165165	0.179516	0.189036	0.154408	0.0913426	1.22376	1.7874	0.288619
2010000	-25.45666	0	-25.45666	0.104348	0.0708723	0.0699403	0.151192	0.239708	0.11949	0.619217	0.931499	0.805111
2020000	-29.47291	0	-29.47291	0.054455	0.223576	0.246538	0.387892	0.100813	0.0904768	3.72747	1.13945	1.40912
2030000	-28.64245	0	-28.64245	0.173994	0.121903	0.290534	0.399587	0.192905	0.211592	1.73028	3.03429	0.387045
2040000	-26.82489	0	-26.82489	0.133266	0.199541	0.189975	0.457193	0.066728	0.249263	2.6823	0.348756	1.22216
2050000	-27.49852	0	-27.49852	0.155826	0.0984093	0.201745	0.0987321	0.0820569	0.0911672	1.80868	1.04599	0.404883
2060000	-26.59035	0	-26.59035	0.175559	0.171458	0.186481	0.134178	0.140992	0.14338	0.552723	2.40727	0.249449
2070000	-25.23767	0	-25.23767	0.110225	0.210249	0.190449	0.496936	0.059765	0.142784	0.635403	0.548916	0.402722
2080000	-24.31852	0	-24.31852	0.117491	0.0672749	0.089146	0.422701	0.111348	0.15802	0.463264	0.927243	0.888425
2090000	-24.0091	0	-24.0091	0.103502	0.210779	0.175504	0.203898	0.158543	0.0687533	1.24928	1.66174	0.568403
2100000	-25.14148	0	-25.14148	0.113235	0.195809	0.16688	0.455192	0.10516	0.115963	2.89219	0.813771	1.17723
2110000	-21.57923	0	-21.57923	0.0939118	0.118335	0.25434	0.304855	0.160616	0.0802827	1.13189	0.853559	1.08631
2120000	-21.90743	0	-21.90743	0.0560152	0.0850332	0.252481	0.144139	0.212764	0.0628432	1.87042	1.48991	0.892436
2130000	-24.33514	0	-24.33514	0.0573114	0.127164	0.197812	0.245306	0.193498	0.134844	2.17408	2.14138	0.346325
2140000	-29.93375	0	-29.93375	0.06939	0.117427	0.196538	0.159591	0.117395	0.0843347	1.63938	0.456809	0.222318
2150000	-30.03836	0	-30.03836	0.1068	0.122862	0.153787	0.156867	0.191422	0.133548	2.6242	0.176229	1.1322
2160000	-32.82495	0	-32.82495	0.179079	0.150867	0.144691	0.166935	0.101071	0.104148	2.17252	9.24814	0.92813
2170000	-25.74565	0	-25.74565	0.215018	0.186587	0.160072	0.440049	0.0823214	0.112753	2.26132	2.54518	1.03016
2180000	-26.74318	0	-26.74318	0.0422539	0.288119	0.396183	0.445715	0.0601526	0.227794	0.503181	1.06977	0.706383
2190000	-37.29307	0	-37.29307	0.0541527	0.0599043	0.108973	0.108487	0.26083	0.0721414	0.363043	1.24997	0.2264
2200000	-22.70534	0	-22.70534	0.133106	0.14307	0.201664	0.24459	0.116414	0.101156	3.67405	1.2061	0.712392
2210000	-26.3154	0	-26.3154	0.205696	0.101924	0.273587	0.362473	0.189423	0.108335	0.859981	0.742522	0.761929
2220000	-28.31746	0	-28.31746	0.0753197	0.135449	0.126768	0.359559	0.0886273	0.0564784	1.1974	4.09966	0.179841
2230000	-23.88927	0	-23.88927	0.0985437	0.0831594	0.24246	0.637287	0.0969376	0.231495	1.05395	2.39946	1.01695
2240000	-29.94347	0	-29.94347	0.161558	0.104183	0.0804264	0.318135	0.254475	0.109536	1.29386	2.88121	2.04448
2250000	-23.60673	0	-23.60673	0.0905687	0.0897442	0.195	0.187826	0.115065	0.0739272	1.92337	0.785471	1.70969
2260000	-25.18179	0	-25.18179	0.179509	0.095642	0.220852	0.336889	0.11772	0.0793506	0.575098	1.07765	0.989549
2270000	-24.43237	0	-24.43237	0.191532	0.155168	0.151936	0.112281	0.195984	0.107575	2.30966	1.38416	0.412769
2280000	-24.44895	0	-24.44895	0.0652103	0.121107	0.256453	0.231376	0.0995095	0.0405305	0.541805	1.96898	0.502056
2290000	-27.22527	0	-27.22527	0.157617	0.0791955	0.136042	0.34871	0.213432	0.0581102	2.3246	1.91336	0.395752
2300000	-29.07287	0	-29.07287	0.267052	0.131463	0.0866104	0.170377	0.119934	0.0767271	1.44668	0.951304	0.547263
2310000	-24.54402	0	-24.54402	0.21614	0.287594	0.280744	0.234164	0.12478	0.225275	0.465085	0.839823	1.80389
2320000	-25.65005	0	-25.65005	0.120405	0.191866	0.150453	0.228845	0.100171	0.0712583	0.698263	0.927907	0.190031
2330000	-25.79794	0	-25.79794	0.0414148	0.0593733	0.138129	0.595766	0.131278	0.0908607	3.27207	0.696829	0.736824
2340000	-30.41506	0	-30.41506	0.0847906	0.0560868	0.133063	0.218604	0.158204	0.143462	1.11438	0.837321	0.491555
2350000	-28.60936	0	-28.60936	0.114978	0.0867549	0.441163	0.0929292	0.144896	0.202086	3.77534	1.16125	1.18446
2360000	-26.49781	0	-26.49781	0.052514	0.252904	0.204926	0.129178	0.160838	0.075811	1.1644	1.88189	0.838043
2370000	-26.30027	0	-26.30027	0.0556784	0.264399	0.150922	0.161119	0.155171	0.0711575	3.46238	0.679549	2.00141
2380000	-21.646	0	-21.646	0.132259	0.103193	0.19414	0.126091	0.184475	0.121227	0.468947	0.81247	0.635751
2390000	-27.43481	0	-27.43481	0.0934696	0.119029	0.121489	0.421879	0.138511	0.117571	0.859248	3.86851	0.564111
2400000	-24.11067	0	-24.11067	0.257025	0.127388	0.131712	0.176254	0.182995	0.0947248	1.39411	3.07236	0.822333
2410000	-25.69994	0	-25.69994	0.185926	0.107074	0.17874	0.357967	0.0866356	0.175087	0.48862	1.56803	1.09064
2420000	-26.54814	0	-26.54814	0.0604177	0.173853	0.137541	0.281398	0.216424	0.189897	1.61631	0.407933	0.859307
2430000	-22.61696	0	-22.61696	0.215713	0.0760903	0.199243	0.317076	0.105875	0.0825937	1.34219	1.9872	0.644555
2440000	-26.53586	0	-26.53586	0.0781047	0.0712538	0.0999229	0.29074	0.160304	0.18292	1.87116	1.62042	0.524304
2450000	-25.92429	0	-25.92429	0.0713999	0.0273698	0.147515	0.268013	0.0549564	0.0612756	1.12769	1.32451	0.778907
2460000	-26.67942	0	-26.67942	0.157106	0.203532	0.172454	0.603196	0.207132	0.053827	1.505	0.755431	1.13105
2470000	-23.15084	0	-23.15084	0.107074	0.105225	0.177125	0.11615	0.0880749	0.0779461	1.1909	1.51392	0.437856
2480000	-24.71446	0	-24.71446	0.119195	0.137372	0.209797	0.198257	0.105587	0.0576622	1.86991	1.49537	0.60849
2490000	-29.76292	0	-29.76292	0.0735528	0.388435	0.313496	0.139906	0.381509	0.0465907	0.975152	1.36906	0.574311
2500000	-25.73483	0	-25.73483	0.134126	0.0832889	0.124288	0.562782	0.0817942	0.0816898	0.717286	1.62539	0.869413
2510000	-29.25473	0	-29.25473	0.231727	0.0278922	0.0944596	0.242049	0.118803	0.095241	0.97833	0.389019	1.07751
2520000	-27.33014	0	-27.33014	0.0716417	0.0508652	0.213569	0.225708	0.251708	0.17402	1.38474	2.18803	0.738661
2530000	-25.0323	0	-25.0323	0.0570706	0.0864452	0.200666	0.392281	0.180178	0.113429	0.771361	1.68797	0.639239
2540000	-28.4858	0	-28.4858	0.119324	0.244689	0.301926	0.097987	0.0435899	0.167792	0.142671	2.52399	0.78549
2550000	-28.10532	0	-28.10532	0.102871	0.0982361	0.313686	0.331314	0.221382	0.138293	2.09559	1.0354	0.734575
2560000	-31.87003	0	-31.87003	0.132628	0.0599549	0.109624	0.527922	0.28808	0.181382	2.4724	2.06789	0.495692
2570000	-25.02095	0	-25.02095	0.145391	0.142998	0.118334	0.570706	0.170421	0.164514	1.52556	1.6177	0.610806
2580000	-24.15844	0	-24.15844	0.114238	0.1572	0.118751	0.135596	0.159194	0.128437	1.98792	1.01692	0.436663
2590000	-27.42527	0	-27.42527	0.0960792	0.151432	0.298639	0.289518	0.250909	0.135068	2.08805	0.452905	0.580862
2600000	-33.50882	0	-33.50882	0.0654659	0.328105	0.0946549	0.262601	0.137711	0.0903089	2.32525	2.87554	0.339248
2610000	-26.01051	0	-26.01051	0.182691	0.0775229	0.124611	0.224257	0.179149	0.0567583	1.34393	1.51948	0.690266
2620000	-26.63472	0	-26.63472	0.0574772	0.146471	0.0832324	0.37569	0.214713	0.150343	1.74543	1.70137	0.565516
2630000	-24.23506	0	-24.23506	0.0692425	0.0659258	0.332374	0.106814	0.125476	0.0605618	1.10563	2.87659	0.30284
2640000	-26.78451	0	-26.78451	0.0687866	0.128767	0.210441	0.400673	0.125856	0.196026	0.890705	1.37127	0.991515
2650000	-31.65662	0	-31.65662	0.0925029	0.127459	0.0661415	0.359565	0.0968095	0.0836199	1.75005	0.364029	0.0658849
2660000	-30.10896	0	-30.10896	0.151886	0.0992662	0.20767	0.300203	0.154375	0.115606	0.681961	0.768683	0.500469
2670000	-25.58042	0	-25.58042	0.0965097	0.132044	0.123714	0.236936	0.199335	0.163538	0.584142	1.86672	0.534977
2680000	-34.87471	0	-34.87471	0.0443488	0.0639605	0.212366	0.240518	0.179358	0.0663929	3.12741	2.60029	0.268238
2690000	-26.89855	0	-26.89855	0.135276	0.223496	0.413672	0.183131	0.302255	0.264654	1.62781	2.10431	0.354227
2700000	-22.47135	0	-22.47135	0.144699	0.115149	0.112061	0.206098	0.0784795	0.0901575	1.70438	2.18533	0.539021
2710000	-24.86051	0	-24.86051	0.0615866	0.083549	0.373196	0.242358	0.182428	0.127269	0.60858	1.74017	0.851822
2720000	-25.52306	0	-25.52306	0.19561	0.0685059	0.152852	0.204362	0.194066	0.0886397	0.9042	1.05629	0.540418
2730000	-23.48306	0	-23.48306	0.138691	0.0765471	0.117011	0.42884	0.0995799	0.0875963	1.53341	1.37149	0.641395
2740000	-28.88708	0	-28.88708	0.165345	0.195196	0.165222	0.475414	0.0939632	0.119191	0.752347	0.46871	0.639342
2750000	-23.08426	0	-23.08426	0.0748448	0.109843	0.393361	0.203539	0.18729	0.164964	1.96917	0.81456	0.504037
2760000	-24.92515	0	-24.92515	0.153913	0.115723	0.234118	0.137116	0.076991	0.230075	0.443956	0.813792	0.630596
2770000	-25.61522	0	-25.61522	0.100267	0.173489	0.200959	0.579428	0.117401	0.117875	2.36887	0.792427	0.321115
2780000	-28.53793	0	-28.53793	0.100161	0.152133	0.19162	0.183894	0.168833	0.0693739	2.01129	2.57041	0.16878
2790000	-23.20937	0	-23.20937	0.0661914	0.0929348	0.179087	0.344358	0.108473	0.0800503	1.33292	1.04086	0.558615
2800000	-27.99477	0	-27.99477	0.202731	0.0732955	0.221172	0.213258	0.323903	0.122898	0.675519	1.13291	0.13471
2810000	-30.97695	0	-30.97695	0.204545	0.107213	0.108137	0.820471	0.0511572	0.0938866	0.63985	2.36007	0.403371
2820000	-21.69676	0	-21.69676	0.137586	0.109062	0.344346	0.217276	0.230476	0.15321	0.772342	0.969827	0.927872
2830000	-28.5135	0	-28.5135	0.12219	0.0870988	0.136059	0.279189	0.200403	0.0841136	6.677	0.940247	0.428095
2840000	-24.93107	0	-24.93107	0.0424929	0.0527159	0.154838	0.327814	0.0895699	0.180217	1.11765	0.744797	1.18678
2850000	-27.41314	0	-27.41314	0.0664026	0.227155	0.149989	0.603732	0.0594144	0.104072	0.43507	0.62761	0.520106
2860000	-26.82785	0	-26.82785	0.0498037	0.185099	0.384274	0.320266	0.31673	0.116676	2.15505	2.10302	1.32377
2870000	-28.7987	0	-28.7987	0.0976805	0.0760327	0.228293	0.216816	0.243529	0.0548513	3.24478	2.89176	0.679327
2880000	-25.74338	0	-25.74338	0.266219	0.155361	0.170026	0.302078	0.249768	0.151832	2.76688	1.04826	0.832306
2890000	-28.71102	0	-28.71102	0.132786	0.230886	0.154791	0.349519	0.203447	0.21518	2.14584	2.23188	0.723618
2900000	-26.50294	0	-26.50294	0.0916519	0.182891	0.26314	0.17174	0.151975	0.242087	2.05403	1.43658	0.285864
2910000	-30.15276	0	-30.15276	0.295512	0.0669409	0.283582	0.179968	0.343729	0.0711873	0.8801	3.10571	0.343126
2920000	-24.27374	0	-24.27374	0.129971	0.126675	0.316168	0.309956	0.128097	0.124247	1.91148	1.12695	0.602257
2930000	-26.41885	0	-26.41885	0.0586376	0.18105	0.378833	0.303356	0.0844812	0.224444	5.15255	1.58343	1.06704
2940000	-28.09466	0	-28.09466	0.259017	0.0814717	0.329974	0.301508	0.254475	0.125024	0.240713	0.704373	1.18029
2950000	-26.50605	0	-26.50605	0.137891	0.0557031	0.167715	0.207306	0.113221	0.221801	0.817467	1.85753	0.771216
2960000	-23.88402	0	-23.88402	0.138708	0.0701951	0.177075	0.302409	0.15019	0.181506	0.756499	0.988459	0.617533
2970000	-25.38878	0	-25.38878	0.0938602	0.0564868	0.179151	0.601304	0.0736827	0.0646584	1.76686	1.41265	0.784274
2980000	-33.35051	0	-33.35051	0.187772	0.0850872	0.0651244	0.144198	0.188123	0.0646125	0.534711	0.936754	0.622666
2990000	-26.90586	0	-26.90586	0.149178	0.0695098	0.276252	0.318215	0.272238	0.115004	2.14376	0.873057	0.459263
3000000	-31.31856	0	-31.31856	0.132305	0.14126	0.233526	0.549335	0.0779138	0.143276	3.16047	0.675723	0.137901
3010000	-23.7113	0	-23.7113	0.167806	0.211159	0.191838	0.105532	0.13118	0.169511	0.758863	1.07806	0.209384
3020000	-26.65337	0	-26.65337	0.12811	0.288404	0.135389	0.186382	0.162349	0.175716	2.78766	0.509198	0.930252
3030000	-26.71358	0	-26.71358	0.0830093	0.111703	0.32184	0.415284	0.22224	0.126317	2.2656	4.72504	0.405657
3040000	-29.35051	0	-29.35051	0.147511	0.072709	0.139914	0.384338	0.0938019	0.0837197	0.626572	1.71868	0.948857
3050000	-30.6424	0	-30.6424	0.152785	0.0816709	0.310582	0.361066	0.177183	0.107601	1.60205	3.31861	0.848476
3060000	-30.34732	0	-30.34732	0.0647336	0.099894	0.236777	0.916547	0.0817894	0.146366	4.10086	1.46293	0.328718
3070000	-35.13922	0	-35.13922	0.120432	0.299323	0.17711	1.16545	0.0804168	0.126775	1.56465	2.10199	0.289766
3080000	-26.35352	0	-26.35352	0.103316	0.139188	0.195005	0.263987	0.290145	0.0398398	1.33592	4.20584	0.840251
3090000	-29.14504	0	-29.14504	0.1215	0.139385	0.146195	0.277908	0.255798	0.158404	1.04928	1.3602	0.405036
3100000	-30.30861	0	-30.30861	0.0818574	0.255949	0.132005	0.16914	0.125897	0.141625	3.12771	0.604508	0.318575
3110000	-26.42594	0	-26.42594	0.125288	0.148022	0.142242	0.335313	0.0607413	0.156038	0.977487	2.39548	0.569334
3120000	-25.06604	0	-25.06604	0.223406	0.203101	0.0887824	0.301972	0.105079	0.109956	1.50595	2.28609	0.789989
3130000	-28.8442	0	-28.8442	0.187586	0.135471	0.169476	0.256118	0.146724	0.2118	0.375029	0.589996	0.35634
3140000	-23.76672	0	-23.76672	0.128679	0.0654611	0.201007	0.277368	0.240097	0.149319	1.92688	0.916074	0.669562
3150000	-27.67009	0	-27.67009	0.136346	0.0927782	0.307278	0.762979	0.0531972	0.173783	0.65611	0.519157	0.342464
3160000	-30.77017	0	-30.77017	0.247368	0.0752654	0.197726	0.342879	0.140111	0.203571	1.24285	0.420793	0.166109
3170000	-22.32948	0	-22.32948	0.074588	0.0832656	0.176978	0.19379	0.123787	0.108386	0.715416	0.649457	0.575752
3180000	-24.54941	0	-24.54941	0.098994	0.156348	0.213039	0.195058	0.189169	0.200166	1.51955	0.348783	0.541142
3190000	-27.52107	0	-27.52107	0.108974	0.0620233	0.129743	0.175338	0.265636	0.115883	0.664393	0.929019	0.146
3200000	-31.60411	0	-31.60411	0.0685197	0.112765	0.105606	0.681145	0.208677	0.0570232	2.59083	0.564632	0.761361
3210000	-23.73104	0	-23.73104	0.0727154	0.109568	0.286227	0.464146	0.209316	0.109741	2.58593	3.28763	0.888699
3220000	-22.66704	0	-22.66704	0.184237	0.122804	0.197445	0.268227	0.260383	0.166743	0.897769	1.15589	0.84456
3230000	-30.8243	0	-30.8243	0.265426	0.0631775	0.290585	0.227564	0.290877	0.049076	1.35125	0.533226	0.948711
3240000	-22.47706	0	-22.47706	0.0564186	0.111107	0.219413	0.221092	0.101043	0.12343	1.90084	0.729953	1.01349
3250000	-28.09131	0	-28.09131	0.0576336	0.179471	0.314973	0.174422	0.169428	0.151941	1.01651	0.457555	0.687237
3260000	-25.20071	0	-25.20071	0.148482	0.118874	0.12984	0.356955	0.13877	0.166661	0.823392	2.18998	0.926466
3270000	-28.52712	0	-28.52712	0.032644	0.0583503	0.488923	0.360597	0.219874	0.170618	2.04653	1.12581	0.775997
3280000	-26.37001	0	-26.37001	0.123123	0.153496	0.194929	0.421002	0.108154	0.20056	5.59455	0.622722	0.808678
3290000	-30.4251	0	-30.4251	0.243368	0.155817	0.180369	0.320517	0.0466909	0.12796	4.24199	2.44533	0.249084
3300000	-25.20626	0	-25.20626	0.14593	0.155055	0.239107	0.411217	0.261998	0.163611	1.30727	0.847507	0.640832
3310000	-25.92159	0	-25.92159	0.151905	0.18096	0.0920064	0.249834	0.0827293	0.125305	1.73125	2.46782	0.282085
3320000	-27.7729	0	-27.7729	0.327175	0.170828	0.132041	0.32885	0.152868	0.131239	1.85973	0.919934	0.410924
3330000	-25.57167	0	-25.57167	0.204356	0.119034	0.186253	0.204458	0.137289	0.21774	0.772111	2.14909	0.713405
3340000	-25.90445	0	-25.90445	0.109275	0.144915	0.108804	0.131738	0.20023	0.157075	1.77502	0.785504	0.20831
3350000	-22.20476	0	-22.20476	0.133231	0.0877821	0.318104	0.372276	0.132212	0.107641	1.55731	0.526816	0.644315
3360000	-32.07241	0	-32.07241	0.125717	0.0481411	0.0734026	0.230143	0.178118	0.0739541	2.34679	2.2735	0.815629
3370000	-27.48098	0	-27.48098	0.100072	0.0706396	0.229408	0.238295	0.205484	0.138299	1.94308	1.50318	0.808057
3380000	-28.3729	0	-28.3729	0.070648	0.165095	0.153036	0.100123	0.478706	0.154707	0.81204	3.03041	0.84737
3390000	-25.68476	0	-25.68476	0.0806901	0.155583	0.439689	0.13784	0.151835	0.174244	2.44275	1.14054	0.344222
3400000	-22.94656	0	-22.94656	0.211128	0.0627016	0.318907	0.240837	0.0608377	0.129728	0.791525	1.26506	0.842519
3410000	-22.85816	0	-22.85816	0.157887	0.11461	0.133806	0.501208	0.229801	0.0798607	0.9875	1.36479	0.983586
3420000	-31.65655	0	-31.65655	0.134055	0.0685292	0.0724908	0.195503	0.0960228	0.0774788	2.62624	3.29783	1.24788
3430000	-27.11365	0	-27.11365	0.0992405	0.0812082	0.165659	0.496145	0.0973776	0.101502	1.12149	0.513658	0.223585
3440000	-25.44622	0	-25.44622	0.21576	0.140922	0.311	0.399936	0.0875507	0.0901631	0.769386	1.4947	0.292596
3450000	-28.61549	0	-28.61549	0.0770884	0.218194	0.125913	0.146958	0.0691657	0.0349566	2.24179	1.15563	0.509666
3460000	-25.72912	0	-25.72912	0.179545	0.0535732	0.378544	0.21645	0.241463	0.0916988	4.30468	1.11149	0.75272
3470000	-23.11979	0	-23.11979	0.251242	0.132652	0.144611	0.252778	0.180456	0.124253	1.68059	2.66147	1.30519
3480000	-23.26554	0	-23.26554	0.110559	0.0822494	0.155272	0.305336	0.159591	0.0791763	1.09077	2.1497	0.192523
3490000	-29.54357	0	-29.54357	0.251102	0.288004	0.150711	0.255648	0.157665	0.187849	0.913394	4.75912	1.33716
3500000	-26.12851	0	-26.12851	0.0822742	0.106331	0.123362	0.352535	0.0734409	0.143969	0.976141	0.806421	0.76296
3510000	-32.24573	0	-32.24573	0.103709	0.360464	0.129085	0.210164	0.101019	0.0973791	1.04927	0.665941	0.503937
3520000	-24.4275	0	-24.4275	0.0809268	0.122058	0.178917	0.358656	0.0969196	0.123738	1.39647	1.64666	1.56975
3530000	-29.14482	0	-29.14482	0.158227	0.317048	0.358188	0.152445	0.204406	0.1552	1.74018	0.316147	0.665253
3540000	-29.90654	0	-29.90654	0.0721137	0.137866	0.362724	0.302825	0.177574	0.0934977	1.56723	4.75576	0.501967
3550000	-24.4031	0	-24.4031	0.215941	0.146467	0.310038	0.22292	0.11604	0.169027	0.210162	1.51768	1.36391
3560000	-32.4504	0	-32.4504	0.140574	0.180604	0.131708	0.278654	0.113795	0.135021	2.26606	0.7898	0.193736
3570000	-26.41968	0	-26.41968	0.193643	0.22219	0.251581	0.115431	0.0985582	0.108318	0.977674	1.08323	1.46605
3580000	-25.22562	0	-25.22562	0.150694	0.189395	0.224438	0.285466	0.154653	0.0523187	0.971898	2.99862	0.521122
3590000	-25.67239	0	-25.67239	0.109224	0.089887	0.127066	0.37865	0.0572166	0.123968	1.62198	2.11314	0.289785
3600000	-26.55099	0	-26.55099	0.070568	0.126835	0.0895674	0.173942	0.220614	0.0640464	2.21337	0.886509	1.24055
3610000	-23.6504	0	-23.6504	0.132022	0.12493	0.13562	0.340061	0.187882	0.0483242	2.35047	0.989129	2.10071
3620000	-25.98812	0	-25.98812	0.135029	0.100954	0.305327	0.19109	0.179396	0.11301	2.31124	4.84267	0.419745
3630000	-25.71025	0	-25.71025	0.127585	0.197575	0.146359	0.18422	0.133547	0.146999	2.64458	0.857289	1.28068
3640000	-27.13775	0	-27.13775	0.136939	0.11418	0.177177	0.365909	0.190957	0.0568033	1.83806	0.93451	0.712492
3650000	-27.2675	0	-27.2675	0.425867	0.111387	0.0942113	0.177054	0.1546	0.100667	0.992822	0.378589	0.582415
3660000	-24.43278	0	-24.43278	0.201699	0.124616	0.176661	0.64852	0.0570915	0.0362618	0.956327	0.8227	1.05322
3670000	-24.9861	0	-24.9861	0.220191	0.122063	0.195684	0.267029	0.133837	0.164232	0.793881	2.12566	1.32211
3680000	-24.79401	0	-24.79401	0.0847116	0.161905	0.198325	0.202529	0.303582	0.145156	1.38069	1.74842	0.675745
3690000	-25.22733	0	-25.22733	0.0992439	0.0915098	0.206255	0.6203	0.10071	0.153242	0.205906	1.11376	0.820866
3700000	-22.02582	0	-22.02582	0.082898	0.0783902	0.166998	0.231215	0.0761948	0.0934921	1.27846	0.441888	0.490757
3710000	-31.75673	0	-31.75673	0.296982	0.305284	0.236885	1.0211	0.103644	0.159269	1.5615	1.27432	1.57031
3720000	-31.6304	0	-31.6304	0.178199	0.165491	0.190166	0.215917	0.136165	0.349934	1.9219	5.98799	1.44048
3730000	-28.67476	0	-28.67476	0.049731	0.183264	0.299367	0.317181	0.0539607	0.120969	1.5697	0.84275	0.258385
3740000	-27.51864	0	-27.51864	0.101371	0.091722	0.380567	0.132594	0.239115	0.304781	0.355553	0.81207	0.518576
3750000	-28.6378	0	-28.6378	0.0858747	0.208546	0.119115	0.323463	0.163505	0.0556465	1.17346	0.777438	1.05014
3760000	-27.08838	0	-27.08838	0.0514415	0.271036	0.0757512	0.186843	0.128273	0.110362	1.46057	0.413476	1.27701
3770000	-28.04071	0	-28.04071	0.138189	0.24116	0.164009	0.326123	0.0775462	0.0999727	0.857909	2.24157	1.05423
3780000	-25.17946	0	-25.17946	0.114613	0.229046	0.207069	0.113657	0.0481657	0.127971	2.10613	0.893427	1.35497
3790000	-20.02994	0	-20.02994	0.0945551	0.106065	0.200385	0.315965	0.102922	0.206214	0.396652	0.715341	1.92413
3800000	-24.59182	0	-24.59182	0.108686	0.0552476	0.290336	0.222	0.144464	0.114001	2.6823	0.556279	2.44224
3810000	-20.79413	0	-20.79413	0.120572	0.108218	0.162017	0.178013	0.19403	0.101588	1.71775	1.06074	0.566173
3820000	-25.41182	0	-25.41182	0.139122	0.102518	0.128713	0.307816	0.0929377	0.078801	0.799328	1.07399	0.752971
3830000	-30.65122	0	-30.65122	0.127045	0.14879	0.100039	0.723788	0.161875	0.07063	0.912123	1.89852	2.52092
3840000	-27.69913	0	-27.69913	0.196032	0.259907	0.141933	0.314339	0.169635	0.113829	1.03058	1.11451	1.1454
3850000	-30.57304	0	-30.57304	0.124558	0.0451292	0.0718496	0.1589	0.267742	0.0607942	0.858436	2.50715	1.32964
3860000	-25.11562	0	-25.11562	0.0899242	0.0773049	0.27693	0.112675	0.193288	0.0680624	0.835294	0.863269	2.88428
3870000	-26.5766	0	-26.5766	0.292773	0.130133	0.435446	0.501107	0.187173	0.0907062	2.62029	1.13462	1.53854
3880000	-22.45334	0	-22.45334	0.13207	0.107278	0.123917	0.248358	0.134954	0.0782548	1.95023	1.47523	0.350508
3890000	-26.49365	0	-26.49365	0.185914	0.128667	0.211992	0.160573	0.276833	0.0673077	0.797956	1.5902	1.89468
3900000	-25.82541	0	-25.82541	0.116446	0.164226	0.158879	0.155844	0.154966	0.0915368	4.67542	2.59708	1.27882
3910000	-23.50996	0	-23.50996	0.0921336	0.0753174	0.198105	0.417103	0.109899	0.133627	0.52902	1.74678	1.0191
3920000	-26.41223	0	-26.41223	0.0944504	0.10046	0.0738564	0.323681	0.190335	0.0611818	1.66674	2.42505	0.424615
3930000	-25.00441	0	-25.00441	0.120506	0.142444	0.338076	0.219726	0.0865201	0.0744683	2.11655	1.0787	3.47041
3940000	-29.24209	0	-29.24209	0.0900123	0.0936211	0.165643	0.540676	0.146221	0.0766347	1.92056	0.411368	0.521432
3950000	-28.68578	0	-28.68578	0.170508	0.067107	0.118853	0.295003	0.0896235	0.0529151	0.851381	0.800421	0.750525
3960000	-26.22337	0	-26.22337	0.251393	0.094311	0.343524	0.109648	0.146597	0.194026	2.52521	1.17966	0.729687
3970000	-26.88751	0	-26.88751	0.208612	0.219158	0.307682	0.302735	0.194115	0.131932	1.50664	1.00929	1.07481
3980000	-22.24559	0	-22.24559	0.110522	0.0491674	0.190001	0.17506	0.132055	0.158015	0.989062	0.96346	1.04903
3990000	-26.17246	0	-26.17246	0.231319	0.0664448	0.295086	0.0973129	0.106523	0.0910421	1.60574	3.20247	0.807341
4000000	-23.05207	0	-23.05207	0.0764391	0.16929	0.154391	0.286216	0.210564	0.0884735	1.32954	0.94813	0.61847
4010000	-26.66051	0	-26.66051	0.191056	0.122069	0.0932689	0.283474	0.118001	0.0969239	1.07144	1.88141	2.36024
4020000	-36.09303	0	-36.09303	0.0347632	0.124923	0.198857	0.585733	0.301814	0.0766524	0.81194	3.16254	0.236539
4030000	-23.74434	0	-23.74434	0.125831	0.149065	0.153633	0.163029	0.137026	0.0599532	1.55826	1.31985	0.864738
4040000	-27.04123	0	-27.04123	0.109615	0.14703	0.191767	0.222295	0.155995	0.206894	2.9094	0.833685	0.399195
4050000	-25.45509	0	-25.45509	0.206429	0.224316	0.197577	0.192949	0.19696	0.0941244	3.21374	0.851986	0.507333
4060000	-24.80853	0	-24.80853	0.139139	0.160845	0.154691	0.359511	0.102143	0.121745	0.953155	1.17335	0.273445
4070000	-22.81995	0	-22.81995	0.223593	0.133406	0.233016	0.159242	0.138981	0.107026	2.19908	0.604794	2.40127
4080000	-25.31068	0	-25.31068	0.149181	0.228758	0.181288	0.253527	0.160016	0.118379	1.45429	1.3888	3.15004
4090000	-25.56792	0	-25.56792	0.124811	0.0941973	0.270054	0.20103	0.124735	0.120138	0.285682	1.37377	0.923876
4100000	-34.10991	0	-34.10991	0.193071	0.263183	0.23793	0.465367	0.117468	0.0662076	2.03273	2.91723	0.715483
4110000	-29.8523	0	-29.8523	0.162642	0.0883649	0.288529	0.16953	0.0540039	0.049956	1.78567	1.24433	1.93985
4120000	-25.1836	0	-25.1836	0.10133	0.118912	0.5489	0.466347	0.153967	0.0689895	1.48562	1.63559	3.12009
4130000	-23.51949	0	-23.51949	0.12946	0.119661	0.270091	0.312717	0.124757	0.202094	3.23519	1.37202	1.48717
4140000	-28.72266	0	-28.72266	0.278094	0.0733587	0.275697	0.619678	0.137287	0.204417	0.92523	0.758855	0.560996
4150000	-26.54277	0	-26.54277	0.160212	0.258593	0.182918	0.137827	0.193534	0.185883	1.73442	1.62909	0.955155
4160000	-24.29528	0	-24.29528	0.133462	0.111353	0.132061	0.340483	0.12665	0.183608	0.902494	3.04591	2.23322
4170000	-23.46345	0	-23.46345	0.141926	0.0547707	0.291207	0.24031	0.229787	0.12414	1.00595	1.67937	3.44904
4180000	-30.45655	0	-30.45655	0.0921949	0.113386	0.132382	0.413788	0.303439	0.207721	1.22766	4.39366	0.799507
4190000	-24.55386	0	-24.55386	0.0453426	0.0632335	0.110765	0.248825	0.190903	0.137152	1.39498	2.33195	1.41753
4200000	-24.79438	0	-24.79438	0.114343	0.116774	0.189534	0.318273	0.179865	0.105282	2.35249	1.11375	2.00302
4210000	-25.9969	0	-25.9969	0.146973	0.0805624	0.124775	0.130774	0.189041	0.0724312	1.90521	1.0052	0.816482
4220000	-23.78089	0	-23.78089	0.103742	0.104888	0.123951	0.458257	0.139835	0.0826252	1.97026	1.23722	1.2816
4230000	-22.97988	0	-22.97988	0.125674	0.0916518	0.239697	0.447145	0.10687	0.12538	0.713892	1.02015	1.51308
4240000	-22.00455	0	-22.00455	0.152139	0.19458	0.12273	0.397958	0.0945358	0.0931105	0.751738	1.55647	1.91243
4250000	-26.34199	0	-26.34199	0.295458	0.160815	0.131231	0.588121	0.157866	0.103119	1.37005	2.05144	0.979928
4260000	-22.91191	0	-22.91191	0.071138	0.165694	0.318531	0.253784	0.289863	0.119927	3.05968	0.729406	1.82781
4270000	-28.95332	0	-28.95332	0.148036	0.146055	0.354549	0.233914	0.0623307	0.136042	3.23581	0.743248	0.912988
4280000	-26.35855	0	-26.35855	0.117837	0.141042	0.114629	0.488566	0.142392	0.10112	0.710173	1.09877	0.98287
4290000	-27.11303	0	-27.11303	0.158266	0.0549307	0.243259	0.351606	0.194147	0.131403	0.188393	0.581987	0.490393
4300000	-27.86989	0	-27.86989	0.0883849	0.149554	0.593453	0.189736	0.238249	0.186158	2.18753	2.85524	1.68388
4310000	-24.27995	0	-24.27995	0.12254	0.0972603	0.190187	0.466789	0.166156	0.0838983	2.14345	1.49624	1.8121
4320000	-29.48522	0	-29.48522	0.255469	0.06373	0.190877	0.305187	0.0736387	0.125512	1.98575	3.20209	3.27975
4330000	-22.93776	0	-22.93776	0.138857	0.0758134	0.147995	0.112998	0.106056	0.126379	0.583441	1.14532	0.573131
4340000	-24.3446	0	-24.3446	0.148169	0.145702	0.321157	0.174098	0.246076	0.142397	2.46852	4.35525	0.961179
4350000	-29.59703	0	-29.59703	0.117466	0.0701575	0.217652	0.529972	0.0980925	0.12931	2.70448	0.887309	0.252813
4360000	-27.4038	0	-27.4038	0.101744	0.166714	0.188554	0.487795	0.256727	0.0767799	1.11215	1.04722	1.63979
4370000	-35.50326	0	-35.50326	0.204459	0.0686146	0.0968016	0.148689	0.0502573	0.0963949	2.30342	1.2543	1.07802
4380000	-23.0475	0	-23.0475	0.175712	0.10302	0.287711	0.19155	0.129595	0.139184	1.78238	1.26518	2.39897
4390000	-26.94503	0	-26.94503	0.174057	0.259395	0.232873	0.570314	0.0747872	0.1138	0.66277	0.469426	0.98032
4400000	-25.09251	0	-25.09251	0.164278	0.103799	0.202427	0.541409	0.107178	0.0958781	1.52117	1.30689	1.06179
4410000	-28.49737	0	-28.49737	0.258067	0.120955	0.163605	0.293186	0.231438	0.0605718	0.375687	4.31718	0.440008
4420000	-34.2667	0	-34.2667	0.194822	0.230241	0.108569	0.274498	0.233378	0.0588728	0.919409	1.26583	0.28357
4430000	-30.16188	0	-30.16188	0.0696834	0.203347	0.135198	0.23287	0.235838	0.186959	0.914095	0.511467	0.850617
4440000	-26.76485	0	-26.76485	0.0960648	0.201585	0.215487	0.379125	0.134216	0.102497	0.34005	1.09536	0.610723
4450000	-21.46955	0	-21.46955	0.1357	0.0614346	0.224007	0.263954	0.20282	0.145924	0.45172	1.92466	0.89092
4460000	-25.03202	0	-25.03202	0.0590084	0.122736	0.24781	0.581794	0.0966549	0.166658	0.742529	1.69528	0.786973
4470000	-26.5375	0	-26.5375	0.152981	0.237786	0.170602	0.312295	0.114693	0.0507937	0.747087	0.979591	0.825234
4480000	-26.88533	0	-26.88533	0.105419	0.057399	0.108291	0.433201	0.179461	0.0830326	2.90545	0.850139	1.31034
4490000	-23.0014	0	-23.0014	0.131824	0.136307	0.135916	0.160859	0.161392	0.09008	1.24325	0.667455	0.611282
4500000	-24.00045	0	-24.00045	0.0672798	0.132889	0.164759	0.324289	0.0736427	0.158442	4.72117	0.922024	1.20506
4510000	-24.64963	0	-24.64963	0.135487	0.152273	0.134451	0.357759	0.1251	0.121357	0.696444	2.07805	0.327775
4520000	-27.10438	0	-27.10438	0.0739731	0.0905254	0.17612	0.144057	0.137041	0.0801287	7.02769	3.70938	0.813382
4530000	-36.18632	0	-36.18632	0.355796	0.0460106	0.114271	0.128084	0.166881	0.0564371	1.34285	2.04064	0.456303
4540000	-25.63358	0	-25.63358	0.179696	0.135989	0.216081	0.198769	0.274776	0.123181	0.71626	4.20007	0.818369
4550000	-26.61772	0	-26.61772	0.153346	0.12765	0.199485	0.261148	0.148586	0.0898565	0.394212	0.429845	0.645398
4560000	-29.42949	0	-29.42949	0.314599	0.0603571	0.180405	0.520293	0.111577	0.091195	0.639517	0.672337	0.97163
4570000	-25.8358	0	-25.8358	0.0787057	0.037747	0.242362	0.317349	0.106453	0.0775423	0.388287	0.787754	0.312776
4580000	-31.62676	0	-31.62676	0.0716736	0.253027	0.0856892	0.23279	0.185137	0.0746071	2.51919	3.05897	0.528148
4590000	-24.06726	0	-24.06726	0.109274	0.126998	0.216296	0.274639	0.0441193	0.1667	0.41504	1.01402	0.650868
4600000	-25.69925	0	-25.69925	0.161015	0.205131	0.131878	0.187394	0.116536	0.239939	2.18109	0.260807	1.0846
4610000	-23.72652	0	-23.72652	0.12095	0.092536	0.312147	0.153491	0.0353122	0.0627633	0.436212	2.37531	0.748298
4620000	-23.32663	0	-23.32663	0.165723	0.135188	0.131997	0.169541	0.0852375	0.152887	1.05849	0.719145	0.534374
4630000	-24.69019	0	-24.69019	0.170593	0.163716	0.184468	0.379297	0.168169	0.107779	1.36498	3.86352	0.862653
4640000	-34.97815	0	-34.97815	0.108522	0.0646114	0.661037	0.366904	0.0801243	0.166725	2.7728	0.306561	0.370061
4650000	-24.46891	0	-24.46891	0.114174	0.120554	0.211148	0.470717	0.111208	0.105267	0.3299	2.55647	0.569788
4660000	-25.26231	0	-25.26231	0.102832	0.230876	0.272056	0.199924	0.101107	0.247406	2.14293	1.54229	0.61863
4670000	-26.59267	0	-26.59267	0.147402	0.200303	0.749662	0.135107	0.119722	0.168694	0.691018	1.76892	1.01197
4680000	-34.37283	0	-34.37283	0.247976	0.116406	0.125636	0.201214	0.11081	0.0473292	2.15329	4.9962	0.0523668
4690000	-23.31637	0	-23.31637	0.129833	0.0910512	0.128776	0.235963	0.0888062	0.0797469	1.56275	0.612571	0.551257
4700000	-28.44866	0	-28.44866	0.210771	0.223898	0.141577	0.237794	0.141635	0.15297	0.70902	1.47658	0.743064
4710000	-32.53828	0	-32.53828	0.0622313	0.248825	0.114977	0.0806547	0.0847024	0.0681456	2.40233	0.81378	0.332035
4720000	-22.87564	0	-22.87564	0.181049	0.0656756	0.337773	0.202408	0.128289	0.186541	0.833449	0.454886	0.899347
4730000	-26.90246	0	-26.90246	0.0584574	0.144836	0.183002	0.212724	0.0676539	0.204781	2.77412	1.58381	0.281807
4740000	-22.08321	0	-22.08321	0.116931	0.178265	0.216086	0.313424	0.0716721	0.0785819	0.820469	2.58437	0.928184
4750000	-23.3006	0	-23.3006	0.0912252	0.136525	0.176628	0.175366	0.179386	0.194292	1.95629	1.25309	0.334548
4760000	-23.28727	0	-23.28727	0.109026	0.105956	0.376083	0.243187	0.0993831	0.0780615	1.25789	1.1051	0.420486
4770000	-29.92513	0	-29.92513	0.135416	0.103249	0.173968	0.249654	0.338298	0.173824	0.65146	1.64484	0.513791
4780000	-30.40194	0	-30.40194	0.117533	0.0413668	0.193759	0.257651	0.113093	0.0870952	1.42188	0.99467	0.268252
4790000	-27.57699	0	-27.57699	0.086107	0.244917	0.0724451	0.330862	0.158157	0.100548	1.95911	1.16384	0.315441
4800000	-27.5974	0	-27.5974	0.182318	0.091718	0.372458	0.189903	0.113441	0.214744	1.0444	2.30532	1.08322
4810000	-31.83522	0	-31.83522	0.24973	0.126908	0.0689934	0.217732	0.131671	0.155301	0.871964	3.98853	0.763407
4820000	-28.02358	0	-28.02358	0.162431	0.214707	0.1289	0.0932844	0.240859	0.108837	2.2035	0.956665	0.432109
4830000	-27.10908	0	-27.10908	0.0892113	0.147458	0.366754	0.185292	0.194102	0.12522	1.31935	1.46021	0.380655
4840000	-25.92571	0	-25.92571	0.069424	0.13965	0.132587	0.16795	0.108425	0.185603	1.07336	1.06647	0.761537
4850000	-26.33815	0	-26.33815	0.137029	0.168318	0.151342	0.202898	0.218892	0.0808794	0.94286	0.407998	1.03868
4860000	-25.50287	0	-25.50287	0.0615834	0.155604	0.281405	0.15463	0.051234	0.100454	0.229154	1.77972	0.383114
4870000	-24.0572	0	-24.0572	0.166518	0.145715	0.217119	0.233266	0.156468	0.0760975	0.417688	1.41571	0.366407
4880000	-27.66638	0	-27.66638	0.166776	0.0586891	0.264303	0.251249	0.190629	0.19565	0.602942	0.841596	0.327215
4890000	-33.26115	0	-33.26115	0.290563	0.0637716	0.0999869	0.455426	0.198343	0.0389079	1.03669	0.836053	0.297521
4900000	-18.88044	0	-18.88044	0.102069	0.153755	0.32333	0.222003	0.057253	0.108522	0.771386	1.3694	1.12284
4910000	-25.20143	0	-25.20143	0.120324	0.110046	0.237217	0.303181	0.190876	0.0743848	0.313834	2.71103	0.849974
4920000	-31.02136	0	-31.02136	0.0721762	0.283161	0.11477	0.25994	0.1923	0.0707048	0.948057	1.94131	0.292319
4930000	-27.64167	0	-27.64167	0.217418	0.246534	0.102407	0.194532	0.161518	0.0499477	0.839974	2.4159	1.00281
4940000	-29.45186	0	-29.45186	0.19042	0.156812	0.384955	0.637605	0.157301	0.104645	1.83898	0.651458	0.312526
4950000	-24.28871	0	-24.28871	0.178948	0.130563	0.132434	0.347168	0.111744	0.100928	0.645817	1.02036	0.583889
4960000	-27.97775	0	-27.97775	0.193781	0.147806	0.321377	0.129145	0.0997651	0.0707256	2.3857	2.78806	0.832748
4970000	-27.80274	0	-27.80274	0.0525886	0.203095	0.169396	0.240189	0.252389	0.0831862	1.2452	3.56252	0.47438
4980000	-24.61134	0	-24.61134	0.064495	0.152312	0.283032	0.408578	0.132607	0.0867593	2.33586	1.99486	1.01779
4990000	-26.92809	0	-26.92809	0.109763	0.07284	0.498905	0.353951	0.105083	0.100099	5.81163	0.295202	1.15424
5000000	-18.88444	0	-18.88444	0.0918117	0.12369	0.150913	0.191739	0.0749375	0.0939026	1.35935	0.895775	1.03103
