Iteration	Posterior	Likelihood	Prior	lambda[1]	lambda[2]	lambda[3]	mu[1]	mu[2]	mu[3]	psi[1]	psi[2]	psi[3]
0	-34.74	0	-34.74	0.0504205	0.161312	0.104599	0.137554	0.413192	0.301298	1.05569	0.326897	1.55451
10000	-25.70357	0	-25.70357	0.168927	0.126186	0.180312	0.559576	0.0797498	0.0956373	0.786334	0.707662	0.263066
20000	-24.66158	0	-24.66158	0.238334	0.201755	0.142566	0.616229	0.139421	0.0711633	1.15449	2.41269	0.304734
30000	-25.77995	0	-25.77995	0.143701	0.0998307	0.186355	0.248746	0.165346	0.139405	2.95179	1.00466	0.841557
40000	-24.17888	0	-24.17888	0.0878305	0.231907	0.294902	0.486161	0.0943862	0.0619484	0.682665	1.43786	1.70119
50000	-29.40052	0	-29.40052	0.0675131	0.153777	0.338679	0.537405	0.189119	0.218895	0.437975	3.67927	1.5112
60000	-32.31793	0	-32.31793	0.0940699	0.115197	0.181631	0.389895	0.119903	0.0541036	1.80139	0.907528	0.0416094
70000	-30.88821	0	-30.88821	0.126075	0.0900179	0.169316	0.440449	0.107866	0.0866719	2.57873	1.39882	0.619444
80000	-29.72091	0	-29.72091	0.0364407	0.240932	0.103217	0.252632	0.107559	0.0684985	1.37493	0.217163	0.0839561
90000	-25.87735	0	-25.87735	0.150718	0.135906	0.149412	0.735377	0.115685	0.0994383	1.33948	0.484322	0.194368
100000	-26.93699	0	-26.93699	0.100953	0.31393	0.0948745	0.414452	0.119993	0.0630646	2.61019	1.05619	0.827425
110000	-30.59605	0	-30.59605	0.14637	0.251225	0.0516016	0.219664	0.113104	0.0590528	4.09511	0.690086	0.772911
120000	-24.28428	0	-24.28428	0.155114	0.138011	0.456413	0.493963	0.174164	0.0711524	1.41922	1.03801	2.26982
130000	-23.38628	0	-23.38628	0.0770398	0.128442	0.135724	0.327193	0.172866	0.0736581	1.01604	1.28615	0.449924
140000	-34.40259	0	-34.40259	0.120831	0.224697	0.191955	0.343903	0.148202	0.0620897	2.75933	4.23969	0.355298
150000	-26.17258	0	-26.17258	0.173477	0.122041	0.126701	0.461332	0.119034	0.155487	0.790996	0.959867	0.113784
160000	-25.10995	0	-25.10995	0.0949976	0.0935173	0.288068	0.529455	0.158372	0.0892908	0.997552	0.856713	1.1585
170000	-27.79099	0	-27.79099	0.0781393	0.244907	0.107845	0.171107	0.080669	0.154088	1.99378	1.7273	0.714846
180000	-32.41784	0	-32.41784	0.130379	0.30119	0.23449	0.154964	0.314548	0.140864	4.75762	1.02913	0.973766
190000	-22.78285	0	-22.78285	0.0753109	0.117162	0.241049	0.265071	0.10448	0.143691	0.456962	1.05057	0.875596
200000	-31.57505	0	-31.57505	0.047245	0.0868762	0.310569	0.588731	0.0684544	0.235327	1.53804	0.525582	0.0693477
210000	-25.33616	0	-25.33616	0.0674259	0.100508	0.140344	0.163271	0.286858	0.12162	2.3337	2.75076	0.98324
220000	-24.77489	0	-24.77489	0.185992	0.247339	0.0938974	0.490359	0.20349	0.14453	1.80614	0.355647	0.915048
230000	-27.77836	0	-27.77836	0.114123	0.160132	0.19769	0.556944	0.0455859	0.109054	1.9452	1.78037	0.767671
240000	-31.23016	0	-31.23016	0.231058	0.115301	0.166918	0.294257	0.15275	0.160079	0.866646	0.634988	0.188649
250000	-22.76367	0	-22.76367	0.118849	0.130689	0.236659	0.2967	0.0901579	0.114829	1.48475	1.52111	1.82295
260000	-27.37732	0	-27.37732	0.158904	0.0821215	0.254493	0.536114	0.206758	0.0998501	3.79691	1.44915	3.86898
270000	-23.46127	0	-23.46127	0.0612694	0.113204	0.107854	0.557075	0.0650052	0.088888	2.58905	1.81247	1.05565
280000	-28.33034	0	-28.33034	0.0580522	0.0836551	0.144436	0.506431	0.202788	0.109351	1.62048	0.531359	0.571062
290000	-26.69623	0	-26.69623	0.207975	0.0883976	0.165145	0.266983	0.144188	0.100958	5.89746	2.77242	0.782956
300000	-31.05863	0	-31.05863	0.0471134	0.233366	0.196055	0.428187	0.172127	0.0409161	3.22911	2.84617	0.797951
310000	-24.85473	0	-24.85473	0.0688065	0.161427	0.29951	0.495023	0.165143	0.0832982	0.976105	1.12696	1.64076
320000	-28.6715	0	-28.6715	0.0809821	0.136567	0.152741	0.247953	0.100496	0.0685346	2.59775	0.884154	0.412082
330000	-26.86813	0	-26.86813	0.055841	0.0976313	0.458412	0.347366	0.159976	0.107672	1.4049	1.12002	0.256397
340000	-39.00017	0	-39.00017	0.116693	0.0736297	0.105736	0.572294	0.0831353	0.193468	2.77924	1.49332	0.0158889
350000	-28.36615	0	-28.36615	0.130543	0.108832	0.179838	0.352046	0.12896	0.0602468	1.39535	4.90958	0.277396
360000	-23.51415	0	-23.51415	0.0649219	0.0606966	0.1644	0.231896	0.116843	0.077855	2.41105	1.54017	1.01083
370000	-26.21706	0	-26.21706	0.0919339	0.0726615	0.338158	0.362402	0.0658276	0.0572527	1.6803	0.32618	0.329741
380000	-29.31604	0	-29.31604	0.120476	0.280795	0.0936079	0.219551	0.11192	0.0778541	2.0824	1.30758	0.522679
390000	-24.73731	0	-24.73731	0.224156	0.123149	0.215331	0.322183	0.191852	0.155202	1.63831	1.4841	1.81593
400000	-33.10737	0	-33.10737	0.367325	0.0879183	0.206066	0.203493	0.0796813	0.0925234	0.751811	0.867951	0.10348
410000	-28.75399	0	-28.75399	0.0869561	0.460956	0.0877039	0.326403	0.0912903	0.0552569	0.86773	1.98997	0.914914
420000	-22.35691	0	-22.35691	0.155559	0.16299	0.142075	0.236964	0.262703	0.0569228	1.72689	2.84322	0.562404
430000	-26.73816	0	-26.73816	0.114819	0.116019	0.338105	0.124138	0.291757	0.0804129	2.23065	2.55084	0.335027
440000	-27.07188	0	-27.07188	0.153087	0.160737	0.405732	0.376238	0.114369	0.0992847	0.887178	2.53956	0.236816
450000	-27.90783	0	-27.90783	0.172036	0.0542841	0.172597	0.261066	0.0617469	0.0746214	3.26257	1.19757	0.511549
460000	-29.22143	0	-29.22143	0.284164	0.151272	0.2543	0.398028	0.268648	0.0863771	3.48782	1.69786	0.510445
470000	-31.65578	0	-31.65578	0.131769	0.0771761	0.0787274	0.197856	0.107082	0.149764	4.40499	1.11261	2.83959
480000	-24.49707	0	-24.49707	0.0952127	0.103717	0.195029	0.323902	0.0932974	0.112362	2.46431	0.682128	1.18922
490000	-34.55934	0	-34.55934	0.109944	0.132931	0.150369	0.554561	0.206051	0.0945309	2.17414	0.447057	0.0712654
500000	-27.21328	0	-27.21328	0.224994	0.120198	0.136507	0.244879	0.128129	0.120617	1.34901	2.11893	0.239712
510000	-26.37323	0	-26.37323	0.0820206	0.203268	0.127779	0.265773	0.148166	0.0769279	5.3986	1.92718	0.611245
520000	-25.26819	0	-25.26819	0.167621	0.114565	0.361622	0.483603	0.148172	0.123076	1.58908	0.812583	0.17978
530000	-28.72435	0	-28.72435	0.0751628	0.0594628	0.239344	0.297808	0.142619	0.0606735	1.85109	0.685723	0.0836203
540000	-26.66734	0	-26.66734	0.155881	0.166874	0.401578	0.800805	0.074909	0.0532859	2.60138	1.05285	0.620241
550000	-30.01505	0	-30.01505	0.135375	0.108422	0.202323	0.125024	0.0995102	0.310063	5.03919	0.566444	0.446477
560000	-26.18319	0	-26.18319	0.0836249	0.0387728	0.141302	0.258295	0.159531	0.120355	0.802358	1.7065	0.453285
570000	-27.94668	0	-27.94668	0.169882	0.346577	0.175433	0.312138	0.165428	0.184756	1.52357	1.29926	0.34773
580000	-29.7391	0	-29.7391	0.182161	0.0863543	0.0884862	0.456526	0.124764	0.114027	4.94861	0.866189	0.15951
590000	-28.4889	0	-28.4889	0.110316	0.12428	0.0837334	0.193095	0.0644305	0.0963042	2.94173	1.43995	0.284305
600000	-24.34684	0	-24.34684	0.0940337	0.234326	0.281406	0.427639	0.0710468	0.168535	2.59419	1.24854	1.70026
610000	-27.55092	0	-27.55092	0.164867	0.200743	0.302302	0.384844	0.13473	0.0708434	0.602083	4.86028	1.08027
620000	-22.1874	0	-22.1874	0.0508418	0.343513	0.168901	0.248767	0.10254	0.0766956	0.780767	1.94541	1.52949
630000	-29.79654	0	-29.79654	0.19604	0.327337	0.207134	0.314957	0.0890652	0.0827202	1.00223	0.606302	3.2839
640000	-36.09165	0	-36.09165	0.236144	0.148446	0.143061	0.598484	0.0492833	0.10436	0.525082	0.712421	0.0158475
650000	-38.58971	0	-38.58971	0.208321	0.189972	0.269143	0.429993	0.0339798	0.102786	2.77348	2.13413	0.89969
660000	-23.22564	0	-23.22564	0.0896127	0.114329	0.200959	0.503984	0.0782484	0.0905046	0.554144	1.23444	0.365814
670000	-37.53718	0	-37.53718	0.0601495	0.0942715	0.384329	0.676006	0.0854059	0.373428	1.76034	0.47246	0.513112
680000	-26.0733	0	-26.0733	0.0677041	0.251324	0.349968	0.214024	0.157831	0.105049	0.684577	0.286629	1.31088
690000	-26.70574	0	-26.70574	0.170643	0.107231	0.0707533	0.178149	0.143615	0.0736079	1.97002	0.950613	0.426543
700000	-26.72901	0	-26.72901	0.089434	0.229825	0.125341	0.198726	0.107385	0.0687083	2.45317	2.99792	0.466758
710000	-28.71519	0	-28.71519	0.0628751	0.104334	0.0909623	0.400752	0.306149	0.0694013	1.12658	0.386987	0.552599
720000	-22.27622	0	-22.27622	0.12399	0.205862	0.159027	0.442416	0.138376	0.121307	1.05813	0.983979	0.297516
730000	-27.10085	0	-27.10085	0.265063	0.208965	0.224054	0.266205	0.154364	0.065226	0.747698	1.14273	1.08619
740000	-27.9997	0	-27.9997	0.229415	0.067672	0.227329	0.140459	0.107547	0.206915	2.74852	0.907258	0.562614
750000	-35.85914	0	-35.85914	0.111426	0.144891	0.149368	0.504366	0.101462	0.0735967	0.543341	0.946455	0.15978
760000	-24.38205	0	-24.38205	0.119733	0.190426	0.26707	0.450943	0.150941	0.184383	1.38168	1.2762	0.748287
770000	-25.67746	0	-25.67746	0.101982	0.196949	0.173495	0.313562	0.181285	0.0683705	3.44382	2.49602	0.259259
780000	-41.12009	0	-41.12009	0.0905469	0.381848	0.112331	0.607844	0.173942	0.10945	0.887328	0.473216	2.99756
790000	-33.56745	0	-33.56745	0.257639	0.213593	0.220973	0.448793	0.147368	0.14676	1.66584	1.28181	0.0974159
800000	-29.40875	0	-29.40875	0.152264	0.0874174	0.205877	0.172264	0.148718	0.14575	1.41562	1.71575	0.321008
810000	-27.28138	0	-27.28138	0.0476296	0.310083	0.133853	0.33083	0.0632471	0.082094	3.18849	1.77149	0.25242
820000	-29.57742	0	-29.57742	0.0432776	0.106168	0.16664	0.395509	0.09207	0.0714972	0.62878	0.270142	0.697833
830000	-27.56372	0	-27.56372	0.17321	0.248623	0.109702	0.243635	0.147934	0.223282	2.93203	1.7735	1.60326
840000	-22.93964	0	-22.93964	0.0913606	0.109497	0.0970698	0.397158	0.140715	0.224653	1.33364	1.25452	0.581619
850000	-29.12101	0	-29.12101	0.209448	0.0836001	0.15665	0.164313	0.189634	0.0771724	5.16601	2.51041	0.422414
860000	-28.70506	0	-28.70506	0.170388	0.102339	0.165816	0.266022	0.166081	0.0674944	1.46957	3.72645	2.41196
870000	-29.91724	0	-29.91724	0.0750309	0.241662	0.423542	0.41574	0.181538	0.0882702	1.08906	6.11162	2.73735
880000	-28.50174	0	-28.50174	0.205265	0.151847	0.220462	0.301488	0.22672	0.0835989	1.30506	2.75796	0.380817
890000	-28.19415	0	-28.19415	0.162384	0.197727	0.307614	0.525049	0.0918739	0.0674106	1.60585	0.426707	0.254328
900000	-31.52891	0	-31.52891	0.124881	0.167555	0.158782	0.765022	0.189276	0.0691439	1.29295	0.345974	0.19237
910000	-33.32806	0	-33.32806	0.0481473	0.476746	0.120722	0.221548	0.242265	0.143655	2.23673	2.68868	0.311013
920000	-29.52119	0	-29.52119	0.1575	0.117465	0.166299	0.223187	0.198439	0.119021	2.86543	2.46774	0.0831777
930000	-26.58275	0	-26.58275	0.150331	0.194249	0.078248	0.280328	0.128624	0.141059	0.309348	2.42448	0.632179
940000	-29.80557	0	-29.80557	0.192468	0.160158	0.0928006	0.341773	0.146953	0.0761932	4.47271	0.334034	0.920668
950000	-34.51525	0	-34.51525	0.209776	0.0498073	0.161433	0.303553	0.107042	0.0907227	0.961729	0.965838	0.0570946
960000	-32.94771	0	-32.94771	0.296449	0.296989	0.350679	0.277507	0.183125	0.0673668	0.69968	2.16357	0.184031
970000	-27.54333	0	-27.54333	0.199502	0.106292	0.102917	0.186225	0.10324	0.133782	1.53382	2.00684	1.03842
980000	-31.07176	0	-31.07176	0.141841	0.139019	0.225195	0.230934	0.26475	0.109812	1.26754	0.382563	0.156035
990000	-36.05434	0	-36.05434	0.0598746	0.0798798	0.169001	0.359013	0.106213	0.125388	2.6785	0.815017	0.0797082
1000000	-25.9911	0	-25.9911	0.13096	0.113903	0.267078	0.263463	0.138555	0.118883	1.49189	0.908979	0.664981
1010000	-25.96455	0	-25.96455	0.0725533	0.101259	0.118726	0.419767	0.133666	0.0533574	2.39864	1.41096	0.104946
1020000	-25.00257	0	-25.00257	0.0816104	0.15492	0.248226	0.20537	0.0654235	0.176388	1.42648	1.1307	1.05446
1030000	-27.05203	0	-27.05203	0.0966797	0.117464	0.217397	0.427529	0.0971091	0.121316	1.1975	1.04783	0.339706
1040000	-28.49396	0	-28.49396	0.141744	0.186814	0.0790923	0.572576	0.2323	0.0874569	1.47926	0.83552	0.247317
1050000	-25.48773	0	-25.48773	0.103344	0.0853798	0.232859	0.244743	0.121693	0.0669796	0.725211	1.2859	0.297023
1060000	-23.46114	0	-23.46114	0.0530656	0.231672	0.0973521	0.18673	0.0919834	0.0593932	1.14022	0.756843	1.79663
1070000	-29.41043	0	-29.41043	0.0414204	0.135418	0.264349	0.303956	0.102374	0.0936207	1.67274	1.71053	0.212934
1080000	-26.89089	0	-26.89089	0.122713	0.291678	0.0954038	0.284556	0.0903516	0.0774909	2.90814	1.67644	0.940097
1090000	-28.93928	0	-28.93928	0.175534	0.387691	0.237341	0.43693	0.211912	0.0931431	0.676866	0.695088	0.509043
1100000	-31.44701	0	-31.44701	0.0859033	0.133533	0.0378201	0.246553	0.181755	0.0874559	1.65533	0.346246	0.193179
1110000	-28.24243	0	-28.24243	0.0722328	0.386331	0.0964045	0.243974	0.190251	0.108407	0.273298	1.00354	0.906939
1120000	-27.47129	0	-27.47129	0.102706	0.131025	0.233734	0.440116	0.0863925	0.16204	1.33551	1.49751	0.625333
1130000	-23.84076	0	-23.84076	0.0979815	0.129817	0.229004	0.226946	0.189355	0.0920448	1.89478	1.95311	0.850812
1140000	-22.62799	0	-22.62799	0.175897	0.210079	0.0867448	0.323111	0.0560288	0.0993251	1.19641	1.56445	0.818255
1150000	-27.64742	0	-27.64742	0.169074	0.143995	0.140471	0.32189	0.149948	0.0510611	2.95965	0.975773	0.0356862
1160000	-27.60123	0	-27.60123	0.0951088	0.102364	0.10925	0.312745	0.087939	0.347192	1.15287	0.637105	0.584546
1170000	-28.47394	0	-28.47394	0.0846464	0.111688	0.247445	0.524388	0.142434	0.13293	1.70469	0.512233	0.132183
1180000	-24.48073	0	-24.48073	0.16872	0.250431	0.0995119	0.318219	0.129324	0.05222	3.01287	0.792744	0.834452
1190000	-25.0603	0	-25.0603	0.0662229	0.147963	0.129604	0.171676	0.0703029	0.11453	0.962318	0.745397	0.175709
1200000	-31.51882	0	-31.51882	0.0811263	0.255949	0.303831	0.534641	0.133932	0.0943934	1.3853	1.33908	0.289103
1210000	-27.85857	0	-27.85857	0.107141	0.147002	0.256983	0.354577	0.108664	0.0530564	1.64611	0.631557	0.0428104
1220000	-27.35658	0	-27.35658	0.107906	0.0957485	0.154263	0.410943	0.190611	0.102354	0.870732	0.392473	1.46611
1230000	-23.98055	0	-23.98055	0.198796	0.0708306	0.107329	0.247914	0.10133	0.0600054	2.04107	2.35087	1.04072
1240000	-37.04139	0	-37.04139	0.123984	0.0849513	0.227359	0.565135	0.353548	0.0619819	1.79367	0.274158	0.0395184
1250000	-27.14801	0	-27.14801	0.0671694	0.259633	0.426044	0.324431	0.196872	0.0956038	3.56377	0.536999	1.08209
1260000	-33.14254	0	-33.14254	0.0927769	0.155324	0.352296	0.249656	0.0602263	0.0977447	1.98985	1.11204	0.0890251
1270000	-25.20589	0	-25.20589	0.136725	0.0948125	0.114226	0.305906	0.106174	0.173514	0.803759	1.80388	0.587955
1280000	-29.0923	0	-29.0923	0.113045	0.183975	0.0597342	0.292462	0.125499	0.169941	2.94557	2.85494	0.196007
1290000	-22.84301	0	-22.84301	0.143385	0.153855	0.160475	0.509647	0.133563	0.0658671	1.84549	1.07219	0.564528
1300000	-30.83683	0	-30.83683	0.168243	0.151489	0.198888	0.312326	0.119322	0.0954288	0.583577	1.86447	0.327918
1310000	-33.86706	0	-33.86706	0.139195	0.191937	0.15562	0.252826	0.121245	0.160351	1.67997	0.988602	0.0149037
1320000	-27.07643	0	-27.07643	0.145949	0.171805	0.110733	0.245671	0.0544129	0.113965	3.16307	1.49734	0.323279
1330000	-27.35652	0	-27.35652	0.152413	0.439612	0.102095	0.24832	0.13246	0.0466554	0.587716	3.16117	0.52773
1340000	-24.98752	0	-24.98752	0.117669	0.12088	0.358893	0.356529	0.148947	0.137585	2.58789	1.17673	0.779582
1350000	-30.84107	0	-30.84107	0.242328	0.132222	0.17402	0.199675	0.211247	0.0746143	0.548608	1.2007	0.185502
1360000	-24.93638	0	-24.93638	0.14609	0.135416	0.150087	0.171518	0.258342	0.0825397	1.65788	0.978729	3.21357
1370000	-25.59614	0	-25.59614	0.067427	0.182973	0.156319	0.438365	0.17732	0.161994	1.03868	0.616047	0.591352
1380000	-37.3654	0	-37.3654	0.0937836	0.17993	0.249928	0.173066	0.0708617	0.0986499	1.83109	1.01416	0.0436285
1390000	-27.9699	0	-27.9699	0.0508134	0.127893	0.149239	0.263031	0.165848	0.112855	5.71934	0.815686	0.132664
1400000	-23.54247	0	-23.54247	0.159306	0.0594291	0.437066	0.265416	0.0744865	0.165301	1.93792	1.324	0.826226
1410000	-27.53851	0	-27.53851	0.0599712	0.22583	0.0809632	0.272955	0.0783374	0.127218	1.41622	0.677267	0.169182
1420000	-24.89035	0	-24.89035	0.121574	0.299661	0.131158	0.236421	0.0967916	0.0969166	3.36391	1.07399	0.985748
1430000	-29.65501	0	-29.65501	0.208367	0.0577237	0.198683	0.469166	0.116424	0.128096	0.669188	2.85645	0.168247
1440000	-22.86051	0	-22.86051	0.199482	0.080015	0.371628	0.465474	0.0774632	0.227205	2.09651	2.5836	0.488504
1450000	-26.12276	0	-26.12276	0.095868	0.0601974	0.239417	0.340213	0.0574109	0.0977628	2.05612	3.12421	0.145868
1460000	-28.10283	0	-28.10283	0.114765	0.0775059	0.191599	0.494393	0.0926674	0.0681458	3.12987	3.16295	2.6597
1470000	-27.44738	0	-27.44738	0.134123	0.127402	0.240183	0.263334	0.0642756	0.0742989	0.686098	0.394359	0.0531404
1480000	-30.63485	0	-30.63485	0.209859	0.21024	0.139643	0.299781	0.0930022	0.0880119	3.32863	1.7936	1.41851
1490000	-29.06879	0	-29.06879	0.174078	0.100322	0.353557	0.257086	0.0334114	0.0773755	0.75218	0.514449	1.39499
1500000	-27.43625	0	-27.43625	0.205574	0.310186	0.1454	0.372631	0.0676511	0.0511316	0.436331	0.545738	1.76488
1510000	-33.55073	0	-33.55073	0.055682	0.268794	0.16146	0.516539	0.053017	0.0864912	1.30187	0.64518	0.0147613
1520000	-30.66222	0	-30.66222	0.143491	0.260927	0.111416	0.317774	0.127006	0.0959666	1.16384	2.14993	0.513666
1530000	-24.47411	0	-24.47411	0.0504659	0.10388	0.541883	0.312892	0.150577	0.128493	1.85058	3.40881	0.461885
1540000	-26.15131	0	-26.15131	0.156918	0.160895	0.183973	0.155606	0.174399	0.190249	1.2305	1.55377	0.416037
1550000	-27.45272	0	-27.45272	0.160781	0.115917	0.280721	0.205929	0.0952677	0.185604	0.678191	2.55343	0.152815
1560000	-28.43004	0	-28.43004	0.0575674	0.100806	0.179555	0.261078	0.123713	0.140688	1.25234	1.60931	0.514994
1570000	-22.10707	0	-22.10707	0.154117	0.228903	0.105558	0.307709	0.135004	0.110474	2.44905	1.45823	1.04749
1580000	-29.33296	0	-29.33296	0.154723	0.144185	0.231069	0.465459	0.107988	0.0487825	0.785615	0.388744	0.0821803
1590000	-28.62888	0	-28.62888	0.405598	0.110788	0.131967	0.332101	0.0913843	0.158598	1.71948	3.01312	1.43631
1600000	-20.87674	0	-20.87674	0.0932791	0.149808	0.167539	0.530354	0.126283	0.0955661	1.29077	1.80494	0.488757
1610000	-24.51275	0	-24.51275	0.0991504	0.177371	0.295741	0.312487	0.0753138	0.229787	2.02423	0.639663	0.380313
1620000	-25.90323	0	-25.90323	0.142207	0.128943	0.211017	0.229643	0.161871	0.15655	1.11172	0.769387	0.536053
1630000	-22.72974	0	-22.72974	0.105087	0.078498	0.389276	0.294493	0.080316	0.126579	0.800026	0.67766	1.17277
1640000	-26.01917	0	-26.01917	0.0744032	0.140852	0.167003	0.579946	0.0781214	0.0434823	3.21781	0.803335	0.313841
1650000	-29.12352	0	-29.12352	0.310475	0.163588	0.265965	0.381682	0.201878	0.0343077	0.849742	2.7565	1.15357
1660000	-25.09992	0	-25.09992	0.113292	0.267795	0.203966	0.510276	0.153442	0.125324	0.947943	0.944957	0.581257
1670000	-24.77043	0	-24.77043	0.135854	0.132229	0.244819	0.217485	0.049387	0.0693055	1.50855	1.66578	0.75709
1680000	-28.27382	0	-28.27382	0.134612	0.0979349	0.221379	0.185327	0.189508	0.176636	0.707517	0.414823	0.642079
1690000	-27.77739	0	-27.77739	0.112774	0.160306	0.122945	0.458678	0.207258	0.278197	4.15498	0.659303	1.37426
1700000	-27.37058	0	-27.37058	0.240032	0.112732	0.128073	0.202439	0.202321	0.195116	1.26923	3.88328	1.24144
1710000	-23.47116	0	-23.47116	0.0880621	0.165767	0.144016	0.326679	0.0630593	0.114224	0.454965	1.48167	0.922624
1720000	-24.93049	0	-24.93049	0.118371	0.12477	0.145949	0.185766	0.133173	0.127142	1.29667	2.46702	0.172122
1730000	-22.81124	0	-22.81124	0.134477	0.168365	0.499255	0.374708	0.140396	0.0692909	0.968627	1.83869	0.455944
1740000	-30.43569	0	-30.43569	0.139789	0.271835	0.149165	0.629252	0.096552	0.122054	1.10812	0.499096	2.31159
1750000	-32.39234	0	-32.39234	0.160058	0.137295	0.132544	0.265545	0.438832	0.0938979	2.02847	1.28767	0.0253923
1760000	-27.65563	0	-27.65563	0.11827	0.179998	0.148797	0.406527	0.136591	0.0705118	3.46649	0.512835	0.0947775
1770000	-28.53346	0	-28.53346	0.200623	0.111078	0.128185	0.114803	0.210579	0.115604	5.02406	1.005	0.667968
1780000	-26.3767	0	-26.3767	0.19707	0.0692798	0.251906	0.236858	0.210475	0.135468	4.61545	1.74662	0.319608
1790000	-32.12586	0	-32.12586	0.163942	0.0791713	0.164946	0.374216	0.142425	0.211445	1.84067	1.85409	0.0748497
1800000	-28.61997	0	-28.61997	0.0686636	0.256344	0.201509	0.1456	0.167124	0.0965065	1.05918	1.26755	0.088071
1810000	-25.82402	0	-25.82402	0.0805786	0.113976	0.256097	0.250729	0.205328	0.2227	1.13825	1.03785	0.197295
1820000	-26.35987	0	-26.35987	0.0687329	0.205597	0.486492	0.266979	0.192171	0.147814	1.45154	2.5177	2.88022
1830000	-31.77078	0	-31.77078	0.176836	0.444382	0.311808	0.728646	0.0756462	0.0637291	1.04485	0.769073	0.176583
1840000	-26.59647	0	-26.59647	0.12466	0.279056	0.455314	0.40759	0.0902602	0.129607	2.83323	0.681548	0.628462
1850000	-25.3302	0	-25.3302	0.132655	0.1773	0.293455	0.469802	0.262906	0.0959736	3.41793	0.503786	1.6363
1860000	-29.33993	0	-29.33993	0.137139	0.0804414	0.133302	0.427632	0.0734019	0.0703313	0.822832	1.56335	0.168983
1870000	-27.94854	0	-27.94854	0.112236	0.0634265	0.113018	0.487128	0.0753956	0.0749955	1.0388	1.47914	0.24269
1880000	-30.15078	0	-30.15078	0.146836	0.118401	0.248921	0.338397	0.110761	0.177531	3.95298	1.33133	0.146889
1890000	-28.11901	0	-28.11901	0.124561	0.277641	0.500342	0.243545	0.0762801	0.273717	0.772706	1.2135	1.27615
1900000	-27.86143	0	-27.86143	0.100408	0.060621	0.161796	0.280959	0.176115	0.102815	0.894471	1.62837	1.23558
1910000	-24.25133	0	-24.25133	0.0970885	0.142586	0.108962	0.478037	0.0699496	0.105415	0.760074	1.14177	0.262359
1920000	-30.56083	0	-30.56083	0.0677778	0.159243	0.148057	0.748258	0.154565	0.112578	1.00811	0.877322	0.138914
1930000	-29.9044	0	-29.9044	0.0625627	0.190217	0.202754	0.753819	0.0968362	0.0660229	1.76107	0.92985	0.394859
1940000	-27.30493	0	-27.30493	0.103434	0.172928	0.35999	0.52552	0.0868854	0.0956362	0.724336	2.02653	0.457581
1950000	-21.90752	0	-21.90752	0.0975023	0.0735675	0.240836	0.518876	0.121534	0.11685	2.76966	0.803273	0.244915
1960000	-24.18944	0	-24.18944	0.258993	0.0941948	0.374242	0.413055	0.12805	0.0990789	1.70366	1.34441	0.833097
1970000	-28.79228	0	-28.79228	0.136233	0.0731611	0.256296	0.520164	0.161539	0.0631765	1.18566	0.670183	0.346601
1980000	-29.1724	0	-29.1724	0.137499	0.102567	0.378542	0.258543	0.148793	0.190607	2.75044	1.07436	0.115704
1990000	-30.80956	0	-30.80956	0.205741	0.152066	0.139337	0.485189	0.118087	0.249746	2.25561	0.32288	0.658512
2000000	-25.73093	0	-25.73093	0.19607	0.251531	0.191835	0.610301	0.211629	0.103672	2.38609	1.71316	1.25862
2010000	-25.47897	0	-25.47897	0.076564	0.0945308	0.247604	0.289047	0.112011	0.0970643	2.14872	0.987778	0.796357
2020000	-37.65111	0	-37.65111	0.160982	0.449336	0.233462	0.366838	0.10079	0.193375	3.5766	2.43799	0.987414
2030000	-26.94902	0	-26.94902	0.0478777	0.262543	0.0647504	0.301126	0.280159	0.106565	2.31765	0.919016	0.810726
2040000	-26.54444	0	-26.54444	0.159365	0.159853	0.162833	0.492751	0.118908	0.0627783	2.15618	3.9367	0.661262
2050000	-27.01619	0	-27.01619	0.101894	0.186855	0.0975269	0.545231	0.071969	0.1405	1.88706	0.960747	0.870236
2060000	-27.37754	0	-27.37754	0.185635	0.10945	0.191234	0.551101	0.186563	0.20944	3.26426	1.59933	0.195284
2070000	-31.66563	0	-31.66563	0.190317	0.156749	0.122017	0.591346	0.182795	0.116386	1.26217	0.992075	0.604284
2080000	-39.47642	0	-39.47642	0.170941	0.760705	0.0859487	0.493229	0.183378	0.162574	0.83083	5.58453	0.715657
2090000	-25.55183	0	-25.55183	0.0475967	0.135512	0.249846	0.410048	0.0611063	0.0983808	1.65232	1.17675	0.141537
2100000	-31.51936	0	-31.51936	0.224389	0.248324	0.149277	0.0882042	0.0813192	0.272514	1.69089	1.66473	1.8756
2110000	-23.32818	0	-23.32818	0.154696	0.1276	0.0938235	0.37189	0.130619	0.114323	1.84969	1.65722	2.12777
2120000	-33.00254	0	-33.00254	0.0857553	0.158186	0.326239	0.500685	0.301011	0.134076	0.444915	2.20766	0.611884
2130000	-24.78108	0	-24.78108	0.212828	0.114073	0.189307	0.426736	0.082387	0.0894601	0.36517	1.38657	1.24018
2140000	-24.85055	0	-24.85055	0.185658	0.244457	0.0969109	0.594997	0.159972	0.0943737	0.690412	0.898325	0.770816
2150000	-26.13303	0	-26.13303	0.0695218	0.162369	0.388373	0.28213	0.0785656	0.0661343	2.42449	0.463152	0.508203
2160000	-28.62685	0	-28.62685	0.0993636	0.151664	0.163525	0.5849	0.107663	0.171077	1.78334	0.759854	0.117037
2170000	-29.12898	0	-29.12898	0.128944	0.140303	0.358366	0.14182	0.134372	0.0791691	4.98097	1.09055	0.803077
2180000	-28.18034	0	-28.18034	0.185289	0.151138	0.0929834	0.239897	0.242575	0.0605744	3.81154	1.7935	0.255841
2190000	-31.33786	0	-31.33786	0.123996	0.173557	0.393373	0.155364	0.217458	0.286284	0.890876	1.20972	0.229964
2200000	-29.26013	0	-29.26013	0.156518	0.0938584	0.305397	0.449898	0.0865912	0.148534	0.846807	1.99035	0.0704534
2210000	-28.76114	0	-28.76114	0.0783025	0.336395	0.239319	0.368528	0.295608	0.268082	0.804227	1.85684	1.41537
2220000	-26.67992	0	-26.67992	0.152364	0.151666	0.189209	0.219623	0.171162	0.148231	1.35226	0.865864	0.10316
2230000	-26.37414	0	-26.37414	0.273407	0.18111	0.224768	0.25542	0.198981	0.193028	1.38811	0.723448	0.467153
2240000	-31.74637	0	-31.74637	0.208355	0.157184	0.0898361	0.828409	0.0761822	0.0677551	1.07536	0.622824	0.570114
2250000	-30.61605	0	-30.61605	0.119485	0.140584	0.277144	0.925686	0.0880537	0.110323	3.05369	0.462553	0.3807
2260000	-25.48566	0	-25.48566	0.0774399	0.343067	0.203872	0.362804	0.155701	0.116819	2.81366	1.01239	2.57868
2270000	-28.52337	0	-28.52337	0.154859	0.133255	0.170778	0.279558	0.149494	0.0695108	4.83567	0.474455	0.0733441
2280000	-26.07533	0	-26.07533	0.20871	0.163344	0.11441	0.152547	0.084693	0.0327257	1.37296	0.510001	0.412126
2290000	-32.28022	0	-32.28022	0.165528	0.62778	0.275577	0.150159	0.141304	0.113012	0.417566	0.554081	1.45724
2300000	-23.24282	0	-23.24282	0.190085	0.125024	0.145019	0.296602	0.166227	0.0875632	1.47869	1.2717	1.07718
2310000	-30.01901	0	-30.01901	0.275017	0.0776467	0.176272	0.444357	0.145214	0.0468056	1.41055	0.711541	0.133906
2320000	-25.8222	0	-25.8222	0.149248	0.127005	0.191596	0.38294	0.100869	0.129873	1.79792	2.7467	4.3134
2330000	-33.5793	0	-33.5793	0.129212	0.337014	0.119451	0.422764	0.24809	0.0665141	2.41305	0.508311	0.0513798
2340000	-30.38634	0	-30.38634	0.117027	0.122297	0.185192	0.566725	0.168299	0.263325	1.40849	0.390638	0.49742
2350000	-24.41709	0	-24.41709	0.0973957	0.148601	0.168576	0.276952	0.174397	0.153919	0.813306	0.548149	2.87942
2360000	-23.31267	0	-23.31267	0.146183	0.182989	0.149349	0.270746	0.173676	0.169578	2.3413	1.14656	0.807325
2370000	-36.21894	0	-36.21894	0.292806	0.140524	0.15613	0.689975	0.250177	0.244314	2.03811	3.28913	0.815037
2380000	-26.1721	0	-26.1721	0.149675	0.1688	0.35818	0.312249	0.274963	0.159804	1.22583	1.54163	0.683562
2390000	-24.18709	0	-24.18709	0.155177	0.315085	0.157063	0.13219	0.17672	0.094798	3.27157	1.80952	0.722315
2400000	-29.99315	0	-29.99315	0.0771081	0.135366	0.241868	0.415308	0.219438	0.0557743	2.78798	0.367046	0.231804
2410000	-26.10228	0	-26.10228	0.240707	0.284828	0.132497	0.871783	0.135609	0.0766021	1.21408	1.06753	0.592379
2420000	-30.67689	0	-30.67689	0.207514	0.12703	0.174746	0.275809	0.106743	0.0931804	0.624112	0.304528	0.276832
2430000	-29.09613	0	-29.09613	0.126993	0.370401	0.0561803	0.329845	0.140549	0.117968	0.262915	1.05293	1.92695
2440000	-23.4082	0	-23.4082	0.129637	0.138152	0.364557	0.219212	0.0802491	0.0964172	1.64774	1.58507	1.38208
2450000	-30.51148	0	-30.51148	0.24761	0.101756	0.126223	0.58542	0.104358	0.170512	0.909603	0.913422	0.0898755
2460000	-28.79672	0	-28.79672	0.186757	0.106219	0.106428	0.242197	0.2125	0.0906173	1.99731	0.533953	0.0252294
2470000	-22.30846	0	-22.30846	0.0965926	0.139705	0.157469	0.273191	0.0951881	0.114769	1.38449	0.801275	0.425162
2480000	-32.25016	0	-32.25016	0.243617	0.13925	0.314192	0.448207	0.104024	0.0843572	2.27303	2.08192	0.204187
2490000	-26.1524	0	-26.1524	0.0974883	0.10441	0.249534	0.134397	0.0880254	0.184174	0.559954	1.85578	0.45122
2500000	-27.1008	0	-27.1008	0.211333	0.118569	0.202687	0.203244	0.150185	0.139753	1.22619	2.01499	0.598958
2510000	-26.28962	0	-26.28962	0.074953	0.133384	0.331105	0.392333	0.103375	0.101967	0.434298	1.63217	0.277571
2520000	-27.36286	0	-27.36286	0.111532	0.404666	0.118971	0.346206	0.142892	0.141591	1.42101	1.89463	0.911174
2530000	-28.71739	0	-28.71739	0.0914657	0.29921	0.157336	0.494732	0.0930909	0.109476	1.63541	0.318956	0.210314
2540000	-30.73424	0	-30.73424	0.0729564	0.159374	0.32783	0.681143	0.0789953	0.230729	1.17034	1.40788	0.114318
2550000	-23.68497	0	-23.68497	0.0769803	0.174714	0.181158	0.305761	0.165608	0.135027	2.52813	1.09663	0.458117
2560000	-25.26193	0	-25.26193	0.0786919	0.213484	0.0992874	0.344832	0.0950167	0.0792049	0.691164	2.0005	5.03916
2570000	-22.4234	0	-22.4234	0.107894	0.0918827	0.20778	0.339416	0.232018	0.119929	1.71221	2.02546	0.860467
2580000	-25.01027	0	-25.01027	0.238024	0.0904345	0.118486	0.230639	0.232693	0.10107	1.25749	0.844786	0.178085
2590000	-26.55609	0	-26.55609	0.266029	0.273341	0.21481	0.241286	0.209121	0.123888	0.889934	0.996239	1.36419
2600000	-26.06796	0	-26.06796	0.0871382	0.0781953	0.16204	0.232899	0.0714123	0.0538865	2.00876	0.390981	0.207434
2610000	-27.07317	0	-27.07317	0.0624118	0.0843739	0.155482	0.237988	0.119857	0.102949	2.44678	1.01208	0.0602853
2620000	-25.13175	0	-25.13175	0.115633	0.136252	0.138836	0.647067	0.050948	0.074751	1.58248	4.46666	1.21903
2630000	-28.47294	0	-28.47294	0.125214	0.151562	0.252625	0.142353	0.0553489	0.169681	1.41687	2.36596	0.126133
2640000	-31.0766	0	-31.0766	0.166275	0.131857	0.160434	0.74917	0.178912	0.0773981	2.20355	1.02479	0.886384
2650000	-27.10444	0	-27.10444	0.122239	0.117666	0.318264	0.226858	0.119644	0.0902648	2.20975	0.524752	0.630927
2660000	-34.4354	0	-34.4354	0.0894612	0.104112	0.113364	0.251857	0.142484	0.0733883	1.17512	0.442625	0.075863
2670000	-35.19008	0	-35.19008	0.135615	0.149507	0.087311	0.440242	0.115086	0.10448	3.02001	1.31867	0.0121967
2680000	-31.22762	0	-31.22762	0.360431	0.151443	0.245548	0.359946	0.244321	0.167826	0.442254	0.491305	0.486821
2690000	-24.73398	0	-24.73398	0.068255	0.108465	0.209261	0.305871	0.135414	0.0612312	1.01706	0.921545	0.137603
2700000	-22.98189	0	-22.98189	0.15292	0.188535	0.352735	0.297808	0.113121	0.0498267	0.562307	2.56069	0.61308
2710000	-26.09578	0	-26.09578	0.0883074	0.223455	0.156937	0.47003	0.179599	0.242333	3.34602	1.59315	0.475947
2720000	-26.5475	0	-26.5475	0.145933	0.151567	0.194824	0.331837	0.19921	0.26834	1.0334	0.68195	0.693113
2730000	-20.74554	0	-20.74554	0.106207	0.137705	0.173578	0.450854	0.122144	0.0884399	0.785773	1.87898	0.297539
2740000	-29.57598	0	-29.57598	0.059825	0.162647	0.563109	0.384955	0.132085	0.281454	1.36008	1.22335	0.64137
2750000	-25.86764	0	-25.86764	0.0759454	0.25714	0.0997073	0.376831	0.0989037	0.0714567	1.0064	2.07805	2.53019
2760000	-28.71309	0	-28.71309	0.0728303	0.286641	0.111481	0.634139	0.162595	0.148984	5.39458	0.48435	0.725655
2770000	-33.09305	0	-33.09305	0.153657	0.245951	0.078616	0.285429	0.161741	0.0584978	1.66209	0.568774	1.06444
2780000	-24.85542	0	-24.85542	0.16641	0.112136	0.235435	0.448949	0.0816707	0.134644	0.575232	1.36867	0.390559
2790000	-33.89363	0	-33.89363	0.0660296	0.133257	0.360557	0.385005	0.0305836	0.133091	3.20677	0.603663	0.194893
2800000	-25.83375	0	-25.83375	0.163343	0.32993	0.113089	0.491838	0.156497	0.129453	3.00109	1.05562	2.35147
2810000	-33.26183	0	-33.26183	0.128539	0.160767	0.529136	0.180303	0.13332	0.0379734	5.28927	2.26646	0.277431
2820000	-24.27189	0	-24.27189	0.0710868	0.136093	0.257939	0.416382	0.202299	0.125367	3.24582	3.72171	1.26419
2830000	-26.46301	0	-26.46301	0.118092	0.223957	0.144023	0.472645	0.135849	0.0637809	1.38201	1.45264	0.34487
2840000	-25.25402	0	-25.25402	0.079831	0.104621	0.170438	0.297631	0.160759	0.0650626	0.27139	0.636459	0.289263
2850000	-26.19473	0	-26.19473	0.147104	0.0554298	0.182973	0.204778	0.12045	0.17148	0.719503	0.725634	0.840352
2860000	-34.66739	0	-34.66739	0.22773	0.399128	0.152156	0.317955	0.194996	0.0626175	1.4815	1.41164	0.0186685
2870000	-26.45808	0	-26.45808	0.069308	0.140341	0.366105	0.350615	0.145051	0.0696085	1.81649	0.622847	0.133797
2880000	-24.08014	0	-24.08014	0.0894905	0.124745	0.465466	0.668231	0.146243	0.128219	1.78452	1.90391	1.4344
2890000	-25.84026	0	-25.84026	0.117538	0.175127	0.230242	0.315888	0.130681	0.115995	3.57716	0.865283	0.396987
2900000	-25.92595	0	-25.92595	0.0566115	0.120309	0.287614	0.480609	0.0601619	0.0943407	1.24639	0.880025	0.354942
2910000	-25.95751	0	-25.95751	0.265624	0.114709	0.326925	0.251187	0.107381	0.131328	1.41255	0.70399	0.618353
2920000	-32.97153	0	-32.97153	0.0878975	0.176725	0.253944	0.326389	0.250021	0.16245	4.21753	5.89613	0.133736
2930000	-27.64779	0	-27.64779	0.129922	0.145372	0.402482	0.220609	0.111475	0.137342	1.63626	2.15189	1.29672
2940000	-28.76793	0	-28.76793	0.101958	0.0864764	0.126128	0.799541	0.0788486	0.120507	1.63774	1.90284	0.504078
2950000	-26.3039	0	-26.3039	0.194729	0.275104	0.214449	0.405564	0.161717	0.150566	1.04543	3.33591	0.111683
2960000	-25.80698	0	-25.80698	0.251469	0.110903	0.238657	0.262759	0.131658	0.107223	0.85773	1.3276	0.552772
2970000	-29.92439	0	-29.92439	0.241567	0.131992	0.161666	0.617728	0.0638143	0.207874	1.55043	2.23907	0.255875
2980000	-30.54368	0	-30.54368	0.248034	0.240157	0.176941	0.271582	0.151665	0.0924959	5.20027	1.77693	0.223501
2990000	-23.599	0	-23.599	0.136107	0.161106	0.172169	0.301356	0.163785	0.0920753	1.98133	0.980908	0.28187
3000000	-24.12795	0	-24.12795	0.165374	0.24078	0.302932	0.291112	0.101067	0.0966904	2.30356	4.13839	1.06342
3010000	-30.65605	0	-30.65605	0.156661	0.122244	0.152158	0.223416	0.0888036	0.147934	3.80771	0.72481	0.309875
3020000	-25.7583	0	-25.7583	0.208492	0.120753	0.174941	0.711652	0.108084	0.193242	3.11937	0.635502	0.884795
3030000	-33.18978	0	-33.18978	0.0927112	0.0569326	0.128143	0.343249	0.128964	0.109568	1.73935	1.48669	0.270624
3040000	-29.64795	0	-29.64795	0.172653	0.118339	0.209594	0.386878	0.198983	0.0930245	1.53927	1.2532	0.126837
3050000	-36.80827	0	-36.80827	0.0422558	0.197525	0.0915219	0.347623	0.092983	0.184854	0.776848	1.6013	0.0899075
3060000	-28.48443	0	-28.48443	0.135073	0.114298	0.350521	0.429144	0.197249	0.136743	1.57145	1.71312	0.0264431
3070000	-25.18872	0	-25.18872	0.100872	0.196428	0.172535	0.33661	0.0657685	0.110206	0.937918	0.602821	1.1899
3080000	-28.5608	0	-28.5608	0.118886	0.18478	0.261205	0.380448	0.16278	0.0574906	1.83974	1.0143	0.745774
3090000	-24.84702	0	-24.84702	0.10537	0.138847	0.123427	0.279577	0.128148	0.113869	4.25858	1.57356	1.97034
3100000	-26.34127	0	-26.34127	0.417689	0.0948834	0.188867	0.294391	0.122947	0.0752195	5.07296	1.02733	0.197662
3110000	-21.81085	0	-21.81085	0.0913629	0.203697	0.115117	0.221629	0.153422	0.149741	1.57557	0.710985	0.331321
3120000	-27.03255	0	-27.03255	0.063568	0.342153	0.155708	0.383818	0.0856629	0.099705	1.056	0.946582	0.360792
3130000	-26.06799	0	-26.06799	0.0929062	0.185393	0.106787	0.536231	0.133028	0.0853274	2.51287	1.18195	1.05624
3140000	-29.38858	0	-29.38858	0.260594	0.169777	0.290952	0.501076	0.107866	0.0877242	2.11016	2.56105	0.685699
3150000	-37.81399	0	-37.81399	0.136248	0.255307	0.143866	0.558794	0.279819	0.115062	1.21123	0.854639	0.0186801
3160000	-28.2228	0	-28.2228	0.118253	0.0841	0.170495	0.256306	0.140263	0.100066	1.36592	0.580319	0.155743
3170000	-24.38946	0	-24.38946	0.144376	0.328129	0.15011	0.369799	0.0788104	0.213119	1.22543	3.15211	1.56413
3180000	-33.36135	0	-33.36135	0.166516	0.150989	0.118188	0.298152	0.182553	0.13456	1.56662	1.33932	0.0617057
3190000	-25.45318	0	-25.45318	0.108629	0.567863	0.113115	0.39797	0.118705	0.1179	2.61845	0.526106	0.891954
3200000	-28.37266	0	-28.37266	0.0524616	0.0783765	0.245772	0.461901	0.264248	0.0724496	2.22384	1.10885	0.740404
3210000	-25.22477	0	-25.22477	0.106865	0.368935	0.261529	0.362344	0.134093	0.238474	0.709623	1.66302	0.556559
3220000	-25.15482	0	-25.15482	0.105296	0.0465205	0.175685	0.199591	0.135947	0.0628049	2.30324	1.50697	0.23404
3230000	-24.14888	0	-24.14888	0.179693	0.217059	0.156923	0.326499	0.12619	0.107539	2.28268	2.39181	0.262192
3240000	-26.04169	0	-26.04169	0.241248	0.0735451	0.285329	0.381904	0.145645	0.144983	1.04403	1.57945	0.804836
3250000	-27.74785	0	-27.74785	0.109466	0.0694529	0.209269	0.637558	0.117217	0.149402	1.11456	1.39853	0.315261
3260000	-23.8874	0	-23.8874	0.0876329	0.255546	0.155332	0.328035	0.173579	0.127826	2.35731	1.20231	3.34606
3270000	-26.69555	0	-26.69555	0.243202	0.10692	0.22386	0.323987	0.130664	0.0733177	0.754853	0.582964	0.208613
3280000	-27.02241	0	-27.02241	0.0943236	0.161051	0.214289	0.222902	0.201215	0.0937635	3.50075	2.58793	0.440144
3290000	-30.36704	0	-30.36704	0.270802	0.118557	0.278865	0.509598	0.107952	0.281778	2.54977	0.907825	0.787527
3300000	-25.51579	0	-25.51579	0.0767857	0.263374	0.204935	0.671865	0.206527	0.121008	1.54851	2.34817	0.650546
3310000	-29.32854	0	-29.32854	0.374571	0.219435	0.265284	0.329942	0.245554	0.0747153	0.384811	1.17372	0.443541
3320000	-24.3014	0	-24.3014	0.0858496	0.310031	0.297742	0.264524	0.117055	0.116867	1.7924	0.705543	0.779952
3330000	-23.99685	0	-23.99685	0.157073	0.0846125	0.157885	0.312466	0.0732918	0.089996	2.43349	1.69322	0.714469
3340000	-26.47622	0	-26.47622	0.209249	0.18321	0.24379	0.384324	0.0841398	0.0900977	0.867122	1.29179	0.273905
3350000	-32.11697	0	-32.11697	0.134289	0.195154	0.186842	0.497628	0.0617363	0.12846	2.4977	0.660051	0.238251
3360000	-30.19812	0	-30.19812	0.197351	0.0718839	0.257557	0.304961	0.124178	0.116988	0.323316	1.5856	1.73602
3370000	-30.64356	0	-30.64356	0.31203	0.111163	0.304584	0.130126	0.163364	0.265978	5.96121	1.7615	1.61114
3380000	-24.66323	0	-24.66323	0.128184	0.0897073	0.305809	0.513834	0.145225	0.143163	2.24537	1.01281	0.314059
3390000	-28.77615	0	-28.77615	0.487816	0.232561	0.179477	0.604236	0.114317	0.0773797	1.21737	2.30035	0.523403
3400000	-27.16736	0	-27.16736	0.170463	0.114046	0.197042	0.548377	0.10342	0.0645861	2.18252	2.05789	0.333432
3410000	-23.03402	0	-23.03402	0.106211	0.134769	0.164972	0.272282	0.121565	0.162828	1.8273	0.938985	0.290879
3420000	-25.68607	0	-25.68607	0.290617	0.104668	0.12961	0.45433	0.148569	0.0766023	1.91794	0.965585	0.522098
3430000	-32.65561	0	-32.65561	0.0597765	0.320672	0.223196	0.626287	0.0767979	0.114823	1.0936	0.437793	5.91985
3440000	-24.45464	0	-24.45464	0.10584	0.152943	0.150989	0.281843	0.140783	0.157111	2.17122	1.0907	0.250955
3450000	-29.4289	0	-29.4289	0.0642308	0.206375	0.183197	0.237026	0.0970635	0.0857354	2.22671	0.960287	3.09897
3460000	-30.13496	0	-30.13496	0.0795917	0.0918932	0.553214	0.300756	0.21072	0.179349	1.36456	1.92256	1.25582
3470000	-28.78254	0	-28.78254	0.109628	0.144995	0.204355	0.347926	0.137007	0.086581	1.92219	0.50702	0.254775
3480000	-29.02969	0	-29.02969	0.270493	0.233709	0.227568	0.277979	0.0795186	0.196386	3.49927	1.36373	0.408897
3490000	-26.46294	0	-26.46294	0.112581	0.129812	0.177639	0.636019	0.226001	0.119123	1.30977	2.01322	0.369911
3500000	-29.21987	0	-29.21987	0.118277	0.173717	0.303933	0.373139	0.0984719	0.113358	2.884	1.35339	1.92414
3510000	-23.4326	0	-23.4326	0.202502	0.106326	0.265875	0.483106	0.155624	0.115916	1.30874	1.04368	0.445478
3520000	-21.84571	0	-21.84571	0.129678	0.163465	0.239095	0.593216	0.07364	0.0769143	1.85814	1.24261	0.371186
3530000	-24.81225	0	-24.81225	0.188417	0.0910156	0.155317	0.227633	0.153769	0.0678207	0.953571	0.365885	0.512924
3540000	-29.09972	0	-29.09972	0.167904	0.141012	0.129896	0.454093	0.124236	0.0656995	2.09558	1.28747	0.0964437
3550000	-22.10585	0	-22.10585	0.0923011	0.254475	0.0872094	0.354144	0.109483	0.22189	1.3616	1.56462	1.99511
3560000	-30.68768	0	-30.68768	0.159622	0.21263	0.0600101	0.529559	0.0746701	0.102971	3.54332	1.03547	0.422029
3570000	-37.60555	0	-37.60555	0.317671	0.181941	0.372682	0.338951	0.114269	0.0691947	0.38621	0.800156	0.240458
3580000	-26.23457	0	-26.23457	0.150338	0.163299	0.367085	0.434646	0.135027	0.136139	2.23419	0.96472	0.764469
3590000	-22.87099	0	-22.87099	0.0985477	0.187447	0.0710345	0.223854	0.112734	0.107951	0.854402	1.77124	1.74532
3600000	-27.01479	0	-27.01479	0.199666	0.0530421	0.30558	0.267414	0.332885	0.0745566	1.28643	1.14901	0.555625
3610000	-21.99145	0	-21.99145	0.0757429	0.17727	0.17614	0.333951	0.101148	0.0984854	1.86806	1.07628	1.65086
3620000	-26.6814	0	-26.6814	0.233089	0.117592	0.211944	0.305976	0.112398	0.187113	2.44939	0.78447	0.897141
3630000	-26.04462	0	-26.04462	0.0768222	0.126525	0.128506	0.30567	0.142553	0.0715549	6.5179	1.28588	0.380803
3640000	-24.70114	0	-24.70114	0.0906045	0.341349	0.108928	0.348115	0.0916936	0.0560564	1.41778	1.70341	1.63705
3650000	-22.3127	0	-22.3127	0.102829	0.129486	0.181031	0.441404	0.091941	0.0754907	2.25828	1.1182	0.383714
3660000	-27.71952	0	-27.71952	0.107159	0.23641	0.169137	0.258102	0.0930563	0.0466487	2.04924	0.95192	0.329333
3670000	-26.54542	0	-26.54542	0.171999	0.266766	0.213418	0.372534	0.0786406	0.280412	1.37185	0.48656	1.80439
3680000	-26.90985	0	-26.90985	0.141156	0.282728	0.13144	0.284564	0.0519816	0.177909	1.20037	0.652825	4.17082
3690000	-25.94434	0	-25.94434	0.205822	0.161513	0.15595	0.247239	0.16319	0.0751779	2.83904	0.468982	0.686757
3700000	-26.76573	0	-26.76573	0.0746887	0.179573	0.182644	0.24578	0.252342	0.0649407	1.76818	1.23084	0.523256
3710000	-27.42271	0	-27.42271	0.127433	0.0936189	0.171614	0.464373	0.0651647	0.171377	2.6234	0.43946	0.229261
3720000	-25.72811	0	-25.72811	0.0605075	0.224294	0.114484	0.267612	0.168199	0.0807018	1.21245	2.60967	0.794257
3730000	-24.76031	0	-24.76031	0.120168	0.110229	0.216714	0.407004	0.130569	0.0911243	1.65059	0.754998	0.0674262
3740000	-29.12418	0	-29.12418	0.0979097	0.405244	0.22894	0.323704	0.085347	0.141509	1.25859	1.33177	1.06154
3750000	-26.5395	0	-26.5395	0.0593236	0.0806179	0.13538	0.31063	0.0913442	0.0666812	1.48013	1.04012	0.0631682
3760000	-24.54021	0	-24.54021	0.224752	0.0729328	0.295003	0.390345	0.0791177	0.0452504	2.18594	1.24784	0.75419
3770000	-23.90625	0	-23.90625	0.110754	0.266388	0.188301	0.249004	0.111731	0.064743	1.32494	2.49218	0.386255
3780000	-31.85958	0	-31.85958	0.112341	0.147762	0.166634	0.459591	0.0839903	0.0585821	2.70304	7.10675	0.20978
3790000	-25.71718	0	-25.71718	0.116645	0.204772	0.305708	0.325344	0.0732097	0.103682	0.725675	3.3798	1.40025
3800000	-22.2327	0	-22.2327	0.061007	0.21681	0.0961245	0.249607	0.145176	0.131639	1.36962	1.51838	0.584059
3810000	-26.13237	0	-26.13237	0.0948466	0.355524	0.219841	0.553916	0.118593	0.123515	3.57443	0.991144	0.769956
3820000	-30.6245	0	-30.6245	0.0485977	0.179517	0.145298	0.185986	0.147616	0.24255	1.42403	1.68452	0.420915
3830000	-26.50464	0	-26.50464	0.111138	0.174592	0.16984	0.314503	0.145416	0.133307	0.48569	0.357463	0.278856
3840000	-29.15251	0	-29.15251	0.0734064	0.198374	0.212169	0.602597	0.127031	0.112633	0.962396	1.28794	3.3372
3850000	-25.75733	0	-25.75733	0.0846261	0.128436	0.111255	0.211356	0.130683	0.109499	3.71721	1.22136	0.391982
3860000	-25.14165	0	-25.14165	0.0804126	0.196974	0.09696	0.374769	0.0634626	0.134359	0.794021	2.08647	2.85606
3870000	-27.51017	0	-27.51017	0.16063	0.116045	0.152373	0.151441	0.136133	0.106132	1.04257	1.03691	0.221994
3880000	-33.77646	0	-33.77646	0.0614947	0.12829	0.176888	0.465949	0.407593	0.080777	1.59845	1.16229	0.241785
3890000	-25.20397	0	-25.20397	0.137736	0.122444	0.221112	0.188896	0.138784	0.114973	1.4835	0.847367	0.070209
3900000	-25.78375	0	-25.78375	0.158197	0.0663145	0.095478	0.31278	0.102792	0.140296	1.11905	3.07403	0.272076
3910000	-26.52821	0	-26.52821	0.143549	0.284553	0.204599	0.208309	0.183271	0.0467536	1.03024	1.7331	1.41249
3920000	-30.62657	0	-30.62657	0.159144	0.236394	0.131978	0.257383	0.0893283	0.0834801	1.74024	1.61533	0.37821
3930000	-21.35713	0	-21.35713	0.166326	0.13063	0.145137	0.472748	0.0765753	0.0751707	1.15901	0.957901	0.481047
3940000	-38.16613	0	-38.16613	0.0588249	0.156366	0.184639	0.765482	0.188054	0.0338367	6.45054	0.891877	0.0715338
3950000	-26.42564	0	-26.42564	0.0467304	0.128061	0.139374	0.42227	0.188015	0.115904	1.20065	3.74593	0.958253
3960000	-23.47647	0	-23.47647	0.0562792	0.233912	0.306893	0.282463	0.110811	0.0966144	2.2258	0.453871	0.558393
3970000	-27.53034	0	-27.53034	0.0887629	0.173679	0.266169	0.262207	0.225551	0.132884	3.7699	0.902374	0.969933
3980000	-27.56115	0	-27.56115	0.118217	0.239708	0.214858	0.421374	0.0944651	0.0862196	1.74386	1.19245	3.45619
3990000	-30.21323	0	-30.21323	0.110183	0.206739	0.177673	0.620394	0.258958	0.0878811	4.47851	1.19765	0.549023
4000000	-29.46894	0	-29.46894	0.199241	0.305531	0.230469	0.235629	0.0918939	0.104498	1.187	1.13085	3.64128
4010000	-30.07463	0	-30.07463	0.140684	0.100111	0.371932	0.416294	0.182965	0.18989	1.32431	0.944907	0.724646
4020000	-21.24708	0	-21.24708	0.0897101	0.19724	0.14486	0.399262	0.0449457	0.0712038	0.502436	1.62134	0.458537
4030000	-26.61541	0	-26.61541	0.108465	0.263976	0.147897	0.360009	0.0790072	0.155782	1.65146	1.55816	0.654721
4040000	-27.27812	0	-27.27812	0.114641	0.14541	0.163057	0.191851	0.117718	0.111319	1.55498	0.662313	0.122376
4050000	-22.93302	0	-22.93302	0.12263	0.438578	0.201019	0.497938	0.11623	0.0652332	1.45601	1.91393	0.443336
4060000	-30.15123	0	-30.15123	0.0988798	0.159329	0.0862194	0.10962	0.140538	0.0998574	1.85725	0.327825	0.204429
4070000	-26.34698	0	-26.34698	0.189822	0.177173	0.263087	0.452203	0.0827368	0.121288	1.78213	2.06898	0.447231
4080000	-29.1571	0	-29.1571	0.261451	0.33392	0.196802	0.175609	0.241268	0.102495	4.15132	0.965282	1.2128
4090000	-35.53858	0	-35.53858	0.125591	0.193578	0.126183	0.699786	0.127114	0.0497576	1.1849	0.780522	0.0427998
4100000	-27.39084	0	-27.39084	0.0761351	0.207221	0.320198	0.204093	0.18639	0.107958	1.4891	1.80498	0.0826141
4110000	-23.22991	0	-23.22991	0.173629	0.103663	0.133828	0.291734	0.129039	0.0615648	1.43131	1.50901	0.06655
4120000	-31.02084	0	-31.02084	0.131121	0.0879672	0.229614	0.315222	0.114397	0.0501801	3.25637	0.330836	0.778339
4130000	-28.54509	0	-28.54509	0.267337	0.202079	0.226755	0.29579	0.127664	0.107787	0.456524	0.940073	0.0947467
4140000	-24.68086	0	-24.68086	0.0701052	0.0751453	0.165743	0.178301	0.113834	0.0655312	1.00705	0.474715	0.354035
4150000	-27.03406	0	-27.03406	0.112196	0.0652312	0.664652	0.269926	0.137732	0.132023	2.23896	0.822025	0.480777
4160000	-24.19842	0	-24.19842	0.101609	0.073605	0.240147	0.183752	0.194396	0.1179	2.20415	1.0737	0.18751
4170000	-25.19547	0	-25.19547	0.182385	0.186285	0.288311	0.472969	0.161772	0.131779	1.99455	0.532656	2.19879
4180000	-25.77153	0	-25.77153	0.137058	0.158637	0.0954775	0.146392	0.162709	0.0857043	1.81082	2.15082	1.53335
4190000	-24.08937	0	-24.08937	0.178603	0.12879	0.151802	0.411223	0.0876386	0.0551392	0.850043	0.76803	0.0827407
4200000	-28.85709	0	-28.85709	0.103103	0.098022	0.386917	0.145176	0.23215	0.116536	3.11169	1.08569	0.262235
4210000	-23.47572	0	-23.47572	0.109201	0.188533	0.206154	0.277784	0.203957	0.114537	1.06329	2.82555	0.340836
4220000	-26.18794	0	-26.18794	0.166123	0.0826671	0.312625	0.305974	0.211321	0.107885	1.42203	2.60693	2.08629
4230000	-31.08888	0	-31.08888	0.23935	0.237707	0.141316	0.237663	0.205122	0.0579866	0.98472	2.02194	0.117453
4240000	-29.18582	0	-29.18582	0.209672	0.132128	0.326525	0.26185	0.175237	0.102415	2.10428	1.17889	0.29895
4250000	-25.21824	0	-25.21824	0.217119	0.195408	0.205065	0.382773	0.160627	0.0897464	2.14696	2.07741	2.11548
4260000	-23.19277	0	-23.19277	0.129167	0.109725	0.408413	0.368449	0.116267	0.105371	0.591952	1.61557	0.400192
4270000	-26.0094	0	-26.0094	0.141429	0.168698	0.314282	0.415583	0.120944	0.209027	1.71054	1.45766	0.362219
4280000	-29.22438	0	-29.22438	0.156834	0.117666	0.476063	0.333247	0.0932034	0.118508	0.439088	0.422552	0.0902483
4290000	-24.19539	0	-24.19539	0.191271	0.195084	0.181823	0.53574	0.0827697	0.0809294	0.955203	2.75077	1.58142
4300000	-27.61417	0	-27.61417	0.273757	0.0966949	0.0841084	0.331583	0.0641236	0.0750409	1.52911	0.793603	0.466005
4310000	-29.88005	0	-29.88005	0.113644	0.0940945	0.319293	0.304698	0.134586	0.102205	2.03255	0.96315	0.179531
4320000	-29.82974	0	-29.82974	0.0554169	0.157774	0.094738	0.553222	0.0899684	0.0825954	1.36361	2.70127	1.0432
4330000	-25.04794	0	-25.04794	0.089541	0.105336	0.220833	0.427763	0.117982	0.0558063	0.870521	0.558132	0.686899
4340000	-23.80553	0	-23.80553	0.132868	0.092686	0.299141	0.246211	0.0443594	0.0918708	1.84802	0.254481	1.0566
4350000	-33.07497	0	-33.07497	0.0793135	0.26509	0.155729	0.475616	0.181292	0.0717372	2.30478	1.37485	0.116184
4360000	-37.14033	0	-37.14033	0.145913	0.122392	0.908818	0.55829	0.262097	0.0522798	2.00535	0.822077	0.554938
4370000	-25.72443	0	-25.72443	0.0797926	0.170404	0.118119	0.278144	0.0942081	0.0831386	1.40911	2.99187	0.124111
4380000	-25.10407	0	-25.10407	0.0937224	0.217718	0.337694	0.24775	0.189945	0.166058	0.918748	1.13015	0.114086
4390000	-25.45627	0	-25.45627	0.237212	0.261695	0.273081	0.427719	0.1151	0.133435	1.65734	0.727669	0.508151
4400000	-24.76593	0	-24.76593	0.11041	0.173519	0.120482	0.22981	0.120857	0.165827	1.40359	0.963957	1.1603
4410000	-32.7638	0	-32.7638	0.111678	0.176872	0.234733	0.151651	0.0529205	0.0349355	0.490789	1.04174	0.0635408
4420000	-25.1748	0	-25.1748	0.230053	0.111259	0.272801	0.518767	0.0963144	0.120888	2.20599	0.731556	0.561374
4430000	-28.17742	0	-28.17742	0.159463	0.102675	0.394364	0.12062	0.125803	0.0563875	1.41948	0.759149	0.194491
4440000	-27.62835	0	-27.62835	0.150351	0.0845119	0.301105	0.457422	0.165327	0.0912087	0.738151	1.80805	2.88171
4450000	-27.80452	0	-27.80452	0.0854869	0.162164	0.0631364	0.455939	0.204493	0.0477043	1.94887	0.90017	1.05188
4460000	-24.85764	0	-24.85764	0.252444	0.104482	0.33301	0.749191	0.095412	0.217647	0.559284	1.8137	0.77713
4470000	-30.12681	0	-30.12681	0.0861816	0.230892	0.119539	0.393816	0.358805	0.0731445	1.27272	2.13637	0.262859
4480000	-21.5419	0	-21.5419	0.115599	0.129129	0.23909	0.344677	0.0957325	0.0895987	1.38425	0.751432	0.81846
4490000	-28.82341	0	-28.82341	0.208731	0.115505	0.288593	0.218651	0.139715	0.0481316	3.77803	0.952908	0.150163
4500000	-31.1332	0	-31.1332	0.240406	0.194815	0.36237	0.186675	0.186448	0.0690634	0.781207	0.153502	0.117031
4510000	-24.8143	0	-24.8143	0.153503	0.167642	0.291068	0.394463	0.0887858	0.133432	0.696729	0.556503	0.109336
4520000	-35.09299	0	-35.09299	0.0435178	0.0598061	0.283631	0.287432	0.210595	0.0773406	5.59919	0.333084	0.197938
4530000	-29.37518	0	-29.37518	0.100808	0.168727	0.261135	0.462703	0.123501	0.176593	3.40391	1.89039	0.391423
4540000	-28.18112	0	-28.18112	0.272415	0.242058	0.100329	0.235838	0.150719	0.056134	1.5808	0.649395	2.91545
4550000	-26.00665	0	-26.00665	0.110661	0.199745	0.122114	0.308402	0.0864363	0.093871	2.61562	2.48316	0.229731
4560000	-26.58319	0	-26.58319	0.166003	0.201012	0.0680568	0.435051	0.206514	0.0702526	3.72157	2.16563	0.0736545
4570000	-27.38292	0	-27.38292	0.068927	0.239369	0.144855	0.334448	0.0990739	0.1531	1.99174	4.50322	2.75382
4580000	-31.97239	0	-31.97239	0.189135	0.304525	0.494329	0.60192	0.0956522	0.321407	1.63136	0.448961	0.563508
4590000	-29.07901	0	-29.07901	0.171181	0.17908	0.126009	0.273683	0.0957751	0.0944546	2.88501	1.45147	0.704266
4600000	-24.52145	0	-24.52145	0.183826	0.130566	0.121617	0.296175	0.091918	0.206193	1.23649	2.01861	0.309467
4610000	-25.19169	0	-25.19169	0.0786827	0.252978	0.255315	0.205679	0.0720606	0.0459904	0.885147	2.39443	1.4137
4620000	-34.38312	0	-34.38312	0.538575	0.159063	0.303321	0.395474	0.289627	0.129872	1.73731	1.06618	0.330719
4630000	-32.44954	0	-32.44954	0.221594	0.101882	0.184747	0.617927	0.0802155	0.253384	3.83679	1.2689	0.828616
4640000	-26.88222	0	-26.88222	0.24379	0.159375	0.2514	0.38403	0.144653	0.121576	0.762447	0.829529	0.574401
4650000	-27.06393	0	-27.06393	0.107726	0.245494	0.151437	0.17961	0.0878409	0.194302	2.17303	1.45239	2.3812
4660000	-31.35278	0	-31.35278	0.196229	0.539283	0.215976	0.996359	0.103163	0.0963844	0.399995	0.342511	0.847316
4670000	-32.18229	0	-32.18229	0.162469	0.148244	0.158965	0.485062	0.0669561	0.159444	2.11396	0.66382	0.576314
4680000	-33.86388	0	-33.86388	0.135192	0.255628	0.144206	0.179557	0.292784	0.129087	3.7441	1.00754	0.0772897
4690000	-31.50413	0	-31.50413	0.264764	0.245939	0.384822	0.397316	0.193457	0.0499958	0.690263	0.396551	0.320937
4700000	-27.09369	0	-27.09369	0.233323	0.292776	0.136574	0.242432	0.106291	0.130569	2.01532	2.27833	0.720222
4710000	-30.68929	0	-30.68929	0.129778	0.050386	0.0694444	0.177103	0.0796347	0.0600678	1.96459	1.5301	0.173661
4720000	-28.53921	0	-28.53921	0.246158	0.181537	0.234015	0.271654	0.15343	0.190494	1.63967	1.36668	3.19711
4730000	-24.6876	0	-24.6876	0.140127	0.110405	0.227666	0.502462	0.0939091	0.0570012	1.23865	1.1375	0.601226
4740000	-27.71977	0	-27.71977	0.21162	0.188518	0.385968	0.204975	0.129456	0.134608	0.84811	0.906899	1.12671
4750000	-23.16544	0	-23.16544	0.204284	0.0940356	0.328748	0.705791	0.079096	0.0653198	1.54325	0.583004	1.31536
4760000	-30.68094	0	-30.68094	0.425995	0.478795	0.121221	0.586198	0.114074	0.0946984	1.63391	1.43761	1.68419
4770000	-23.86647	0	-23.86647	0.0851466	0.272442	0.157588	0.42981	0.199347	0.22653	1.9869	0.841061	1.43116
4780000	-33.19209	0	-33.19209	0.0471331	0.263793	0.250658	0.324501	0.10026	0.0874836	2.22625	0.473538	0.141835
4790000	-30.27058	0	-30.27058	0.093858	0.246606	0.464721	0.246231	0.137597	0.0646357	2.03449	0.340788	0.348335
4800000	-24.83656	0	-24.83656	0.0953622	0.118196	0.351645	0.711852	0.0829088	0.114181	2.17948	1.01329	1.02017
4810000	-33.89757	0	-33.89757	0.157268	0.0674527	0.207019	0.145181	0.227664	0.123692	3.00869	1.61866	0.953468
4820000	-28.18346	0	-28.18346	0.0788347	0.174436	0.349842	0.574883	0.223503	0.264389	1.12935	2.01415	1.82787
4830000	-27.88146	0	-27.88146	0.102338	0.214271	0.115836	0.0675069	0.186345	0.0623599	2.17874	0.517713	0.535265
4840000	-24.69508	0	-24.69508	0.21307	0.223271	0.145706	0.277094	0.165988	0.112303	1.84006	1.38667	1.32943
4850000	-30.04126	0	-30.04126	0.144433	0.112601	0.218789	0.606275	0.123979	0.121043	4.05646	0.201021	0.818695
4860000	-26.52269	0	-26.52269	0.171878	0.218393	0.165002	0.313405	0.22271	0.365448	1.56352	1.56661	0.756393
4870000	-31.18218	0	-31.18218	0.089256	0.226285	0.153466	0.243796	0.0828889	0.0593205	0.483212	0.986622	0.0657838
4880000	-23.8943	0	-23.8943	0.124167	0.0892701	0.333773	0.310459	0.0729591	0.0977258	2.06329	0.713283	0.625162
4890000	-25.29811	0	-25.29811	0.229888	0.119545	0.379446	0.290795	0.20301	0.167174	1.4897	0.618695	0.524925
4900000	-25.58599	0	-25.58599	0.146733	0.191937	0.158992	0.482639	0.190589	0.0739801	4.03919	1.55834	0.488049
4910000	-27.33195	0	-27.33195	0.0792061	0.134815	0.315958	0.432568	0.0719411	0.236796	1.22387	1.76135	0.927357
4920000	-30.24031	0	-30.24031	0.0654429	0.201536	0.205708	0.443156	0.185822	0.0545133	1.14185	0.468947	0.164748
4930000	-31.66504	0	-31.66504	0.316763	0.236086	0.112506	0.24175	0.220726	0.133359	1.47091	0.636929	0.0232307
4940000	-34.31906	0	-34.31906	0.105706	0.181038	0.3054	0.491964	0.148559	0.0561799	0.911265	1.94087	1.54833
4950000	-26.0104	0	-26.0104	0.273096	0.243428	0.0955109	0.271123	0.180342	0.141032	3.02464	3.75681	1.05473
4960000	-25.09109	0	-25.09109	0.101895	0.194433	0.121502	0.266874	0.177309	0.116812	1.47634	1.68602	0.27925
4970000	-28.03533	0	-28.03533	0.151154	0.114045	0.257051	0.481664	0.177274	0.0670459	1.45453	0.622462	0.598931
4980000	-27.04532	0	-27.04532	0.1725	0.094763	0.157425	0.761348	0.155464	0.0419665	0.804302	1.55776	0.534893
4990000	-30.39656	0	-30.39656	0.103168	0.126582	0.33428	0.227693	0.14043	0.223762	2.35212	0.337819	0.281084
5000000	-31.29862	0	-31.29862	0.0590743	0.185996	0.221559	0.400738	0.188741	0.0827132	1.81909	0.781417	0.24301
