Iteration	Posterior	Likelihood	Prior	lambda[1]	lambda[2]	lambda[3]	mu[1]	mu[2]	mu[3]	psi[1]	psi[2]	psi[3]
0	-32.33491	0	-32.33491	0.103847	0.22847	0.230142	0.153342	0.101384	0.135748	0.722213	0.912414	0.48279
10000	-26.79818	0	-26.79818	0.132628	0.100057	0.129673	0.459395	0.263176	0.0635215	1.63116	0.552439	2.5862
20000	-23.34125	0	-23.34125	0.209148	0.13683	0.15632	0.230179	0.199537	0.115594	4.39214	2.05742	3.09595
30000	-21.76087	0	-21.76087	0.0939298	0.318745	0.0815238	0.296745	0.167801	0.251538	2.07919	0.601124	0.779577
40000	-22.92951	0	-22.92951	0.0851403	0.226253	0.140154	0.60155	0.276944	0.167466	2.39459	0.510092	0.53016
50000	-29.70461	0	-29.70461	0.0693667	0.121854	0.214773	0.241183	0.111132	0.0722596	3.25665	0.168306	0.0248065
60000	-28.98675	0	-28.98675	0.160724	0.151112	0.134222	0.223465	0.260163	0.289047	2.18083	0.287321	2.78127
70000	-24.11795	0	-24.11795	0.298971	0.213589	0.212351	0.434823	0.113753	0.0935163	1.45948	0.356599	0.380543
80000	-22.78832	0	-22.78832	0.153357	0.146012	0.302164	0.604197	0.0435052	0.132584	1.19497	3.02259	0.456073
90000	-25.18853	0	-25.18853	0.238695	0.110866	0.173662	0.349443	0.0548026	0.0729554	1.1055	0.128976	0.069787
100000	-23.91027	0	-23.91027	0.134337	0.223586	0.125904	0.370307	0.108228	0.221267	1.38961	0.376799	1.91095
110000	-19.66648	0	-19.66648	0.218477	0.259456	0.106174	0.309654	0.0897916	0.161257	3.58575	0.516647	0.818558
120000	-22.72153	0	-22.72153	0.243804	0.31442	0.119765	0.30569	0.119482	0.12204	0.967491	1.55647	0.254112
130000	-20.51937	0	-20.51937	0.0731396	0.107244	0.106691	0.329542	0.0595842	0.0419981	0.948366	0.429154	0.31053
140000	-17.8014	0	-17.8014	0.120397	0.247918	0.154486	0.335226	0.120081	0.131265	1.35094	1.45267	0.236926
150000	-29.39088	0	-29.39088	0.247976	0.347756	0.0849971	0.210305	0.0616733	0.0672599	1.21371	0.361066	1.20365
160000	-22.47827	0	-22.47827	0.195079	0.122873	0.210047	0.238814	0.0399696	0.284747	3.69221	0.473411	0.540006
170000	-24.37034	0	-24.37034	0.271948	0.269768	0.117549	0.339139	0.0822675	0.14264	1.30483	1.5722	0.563466
180000	-23.40913	0	-23.40913	0.16985	0.324204	0.356127	0.675581	0.106714	0.174116	1.59546	0.305291	1.11143
190000	-25.57536	0	-25.57536	0.241188	0.161241	0.219045	0.325635	0.1208	0.162748	3.06972	0.809302	2.58955
200000	-21.42385	0	-21.42385	0.105236	0.249211	0.150921	0.280198	0.0804527	0.082093	1.35558	0.98268	1.79439
210000	-32.8898	0	-32.8898	0.185138	0.161685	0.35035	0.397979	0.101425	0.122685	3.66276	0.856348	3.35235
220000	-20.08921	0	-20.08921	0.141199	0.0967552	0.116069	0.397773	0.184083	0.199967	0.626416	0.456481	0.409043
230000	-22.99853	0	-22.99853	0.145097	0.287031	0.0883885	0.159803	0.123038	0.169794	1.95039	0.429247	1.33246
240000	-18.14907	0	-18.14907	0.130662	0.138236	0.0585978	0.215608	0.0958102	0.221207	1.45391	0.600242	0.186099
250000	-17.40479	0	-17.40479	0.113331	0.159431	0.106593	0.284535	0.114314	0.164593	2.05752	0.705265	0.856277
260000	-20.99006	0	-20.99006	0.190232	0.267114	0.0798754	0.282697	0.112067	0.103683	2.2288	0.637848	0.702666
270000	-30.07863	0	-30.07863	0.0754173	0.110436	0.274798	0.631498	0.0673814	0.167949	0.600047	0.856293	0.535767
280000	-21.29083	0	-21.29083	0.0665019	0.178786	0.179072	0.193424	0.129355	0.136094	1.2338	0.522469	0.338201
290000	-21.50114	0	-21.50114	0.286612	0.104647	0.229147	0.213429	0.157851	0.0732925	1.30024	1.94471	0.604473
300000	-23.95765	0	-23.95765	0.176696	0.206183	0.0759966	0.414792	0.0573373	0.288495	4.25877	2.12094	1.29814
310000	-20.87978	0	-20.87978	0.0911902	0.17926	0.0835459	0.162033	0.0896174	0.145086	3.63382	0.696942	0.642228
320000	-24.09859	0	-24.09859	0.103415	0.202569	0.290354	0.193538	0.193311	0.0756621	1.01739	0.340523	0.107819
330000	-21.01387	0	-21.01387	0.126549	0.179027	0.0752026	0.185992	0.119644	0.0651903	1.73645	0.488663	2.09994
340000	-24.84709	0	-24.84709	0.406974	0.110277	0.124254	0.187333	0.168639	0.109731	3.05156	1.53027	4.15555
350000	-23.11576	0	-23.11576	0.090864	0.136907	0.0965514	0.368847	0.0891164	0.143712	4.25946	0.334616	1.10703
360000	-21.88249	0	-21.88249	0.0889967	0.156788	0.216506	0.438482	0.191323	0.104056	1.09975	0.267642	0.0776038
370000	-21.28188	0	-21.28188	0.0718541	0.206207	0.143201	0.413371	0.0527634	0.100851	1.55662	2.32045	0.513804
380000	-22.91184	0	-22.91184	0.234439	0.0820401	0.15515	0.167889	0.0820557	0.0707487	1.08466	0.636989	1.04097
390000	-22.97134	0	-22.97134	0.0681472	0.168247	0.277565	0.396371	0.125764	0.144444	1.9024	0.13271	0.0148695
400000	-22.42114	0	-22.42114	0.292508	0.196352	0.126899	0.28185	0.0311501	0.123436	1.3537	2.62409	0.708475
410000	-19.97972	0	-19.97972	0.138114	0.216109	0.173884	0.256911	0.220089	0.0838061	1.03249	2.87973	0.871842
420000	-24.40871	0	-24.40871	0.144358	0.143982	0.290433	0.482443	0.136969	0.17014	2.55974	2.82926	1.10179
430000	-21.97799	0	-21.97799	0.0647911	0.0882112	0.121108	0.220603	0.118588	0.16698	2.06912	1.02665	0.108382
440000	-22.36307	0	-22.36307	0.254546	0.189734	0.139192	0.478799	0.105625	0.108814	1.77185	0.217488	0.407417
450000	-21.91822	0	-21.91822	0.239658	0.181099	0.198722	0.228649	0.0798084	0.100291	2.95755	1.34218	1.22829
460000	-22.95838	0	-22.95838	0.141254	0.0800759	0.167982	0.454737	0.13774	0.144957	0.939888	0.231114	0.0395804
470000	-20.73324	0	-20.73324	0.117691	0.202029	0.205732	0.158851	0.0662014	0.166832	2.60564	0.981502	1.14632
480000	-27.42076	0	-27.42076	0.179551	0.25146	0.245088	0.388175	0.139915	0.227457	2.43409	0.0562463	0.180551
490000	-21.4516	0	-21.4516	0.158346	0.0882477	0.0923195	0.271186	0.0582355	0.167195	2.2156	1.32299	0.136437
500000	-21.62016	0	-21.62016	0.182563	0.109746	0.0546022	0.265265	0.21995	0.0882503	1.54155	3.83322	0.320223
510000	-20.29441	0	-20.29441	0.163474	0.0976641	0.260568	0.267695	0.0419701	0.090187	0.895403	2.39454	2.45877
520000	-28.23386	0	-28.23386	0.172347	0.0907651	0.789751	0.263797	0.112969	0.115077	2.00078	0.59651	2.67208
530000	-21.69381	0	-21.69381	0.0857854	0.33933	0.12318	0.459082	0.137914	0.150095	2.61202	0.587082	0.909099
540000	-21.2775	0	-21.2775	0.122999	0.11101	0.0983103	0.263371	0.163992	0.0782665	2.02441	2.72939	0.0227509
550000	-22.88246	0	-22.88246	0.229498	0.146084	0.16779	0.388482	0.062814	0.0494299	4.97591	0.915536	0.5544
560000	-25.02672	0	-25.02672	0.137739	0.215563	0.296316	0.266769	0.0425076	0.165804	2.78479	2.00683	1.94381
570000	-26.19744	0	-26.19744	0.160184	0.0873504	0.202224	0.313753	0.173973	0.0987703	3.84044	0.852678	1.31787
580000	-29.93186	0	-29.93186	0.233627	0.468032	0.195617	0.188501	0.13784	0.106665	1.9569	0.429212	2.97936
590000	-21.03012	0	-21.03012	0.114735	0.221994	0.221449	0.232339	0.113202	0.165384	2.01864	0.817001	3.71518
600000	-30.58303	0	-30.58303	0.0979872	0.31787	0.029163	0.681148	0.113216	0.0718509	5.42837	0.683597	2.29733
610000	-22.56633	0	-22.56633	0.123989	0.0851262	0.126639	0.361218	0.110567	0.219312	0.640821	0.172948	1.41535
620000	-28.06777	0	-28.06777	0.197071	0.365907	0.0786134	0.192525	0.0281465	0.209786	0.786309	3.70736	1.98221
630000	-22.96587	0	-22.96587	0.305029	0.109993	0.0997752	0.468357	0.123255	0.0724258	2.42328	0.107977	0.420097
640000	-18.99753	0	-18.99753	0.151476	0.106665	0.0976527	0.350206	0.0965127	0.0617895	1.2581	0.511379	0.337915
650000	-21.70272	0	-21.70272	0.0522795	0.214022	0.381003	0.325138	0.0955887	0.193877	1.39974	0.562836	0.180163
660000	-19.56156	0	-19.56156	0.185505	0.206893	0.185932	0.296798	0.0841049	0.0828942	0.639508	1.06367	1.97543
670000	-21.13057	0	-21.13057	0.250999	0.183427	0.199056	0.292524	0.128702	0.149052	0.625521	0.466815	1.29898
680000	-26.86769	0	-26.86769	0.0765944	0.474962	0.0983727	0.293721	0.225253	0.207991	1.81643	0.809146	0.154459
690000	-27.69174	0	-27.69174	0.2658	0.0768539	0.128138	0.259767	0.165725	0.0722612	1.05993	0.0650287	0.179039
700000	-21.79197	0	-21.79197	0.170981	0.275444	0.166509	0.343208	0.101655	0.111013	3.25577	0.816668	1.73756
710000	-22.14545	0	-22.14545	0.0477932	0.155645	0.221064	0.500555	0.0764597	0.12331	3.37319	0.236512	0.506491
720000	-23.83418	0	-23.83418	0.0781561	0.262677	0.0933907	0.48923	0.0537361	0.154802	1.06599	0.494122	0.037383
730000	-19.72899	0	-19.72899	0.110407	0.109689	0.309218	0.324123	0.113378	0.0787791	0.891393	1.11437	0.270962
740000	-24.48294	0	-24.48294	0.208422	0.0860084	0.339932	0.159649	0.111998	0.208092	0.552214	0.367327	0.118425
750000	-22.90914	0	-22.90914	0.0688636	0.183152	0.124996	0.159839	0.0978262	0.0544382	1.19759	1.14815	0.593782
760000	-20.34493	0	-20.34493	0.0941732	0.153941	0.163381	0.561164	0.0703163	0.177383	1.82594	0.907398	0.212112
770000	-23.0079	0	-23.0079	0.130694	0.0919634	0.289904	0.257881	0.139381	0.079892	3.46621	2.04921	0.882078
780000	-25.29862	0	-25.29862	0.0972136	0.195082	0.102911	0.510797	0.245532	0.0809768	2.23401	1.5993	0.781063
790000	-23.34199	0	-23.34199	0.214271	0.23673	0.134912	0.305535	0.13994	0.0718404	2.28239	1.10164	1.01455
800000	-22.12706	0	-22.12706	0.167077	0.0982305	0.280036	0.216149	0.0997844	0.201003	1.8761	1.90733	0.570547
810000	-23.85089	0	-23.85089	0.113855	0.15524	0.462342	0.334663	0.0433458	0.108023	1.22789	1.69463	0.355516
820000	-20.29743	0	-20.29743	0.150539	0.13603	0.0994811	0.152363	0.100718	0.0619894	2.23048	0.932739	0.0762555
830000	-21.2874	0	-21.2874	0.310218	0.144404	0.130108	0.484172	0.0993534	0.119459	3.6948	1.75721	0.585473
840000	-16.95659	0	-16.95659	0.146407	0.271479	0.190344	0.275269	0.0869535	0.0858868	1.91073	0.281217	0.738969
850000	-26.20059	0	-26.20059	0.200835	0.223268	0.238777	0.256112	0.0630515	0.188613	1.73746	0.445927	0.114531
860000	-20.81291	0	-20.81291	0.0532028	0.122265	0.113699	0.225241	0.120126	0.0909619	3.38788	0.334064	0.373218
870000	-23.98588	0	-23.98588	0.182156	0.146847	0.0686239	0.580763	0.0786794	0.0930652	2.5773	1.20593	3.15659
880000	-17.58336	0	-17.58336	0.0864956	0.308128	0.122491	0.392754	0.0767354	0.110527	1.9849	0.632096	0.912602
890000	-22.91454	0	-22.91454	0.168736	0.203478	0.194191	0.290768	0.134216	0.0438815	0.919616	1.07829	1.44648
900000	-26.8439	0	-26.8439	0.173109	0.209637	0.0644144	0.15121	0.103885	0.130738	1.54682	0.207474	0.191621
910000	-30.99419	0	-30.99419	0.58138	0.138764	0.172307	0.305005	0.186632	0.240864	1.04095	1.40025	0.571363
920000	-23.21282	0	-23.21282	0.230214	0.143419	0.09182	0.344557	0.102872	0.0719272	1.25979	1.89171	0.578958
930000	-22.04126	0	-22.04126	0.205682	0.0642686	0.29269	0.23755	0.0907984	0.0745798	2.53416	1.31546	0.208298
940000	-21.09557	0	-21.09557	0.0905109	0.144427	0.144983	0.133052	0.100505	0.0766357	2.23712	2.23581	1.23402
950000	-20.89428	0	-20.89428	0.200321	0.143553	0.199814	0.438177	0.0983254	0.123167	3.45027	1.909	0.100003
960000	-27.16262	0	-27.16262	0.139405	0.248744	0.29593	0.163236	0.0564104	0.177045	2.43036	0.665072	3.91341
970000	-20.05395	0	-20.05395	0.153865	0.0889152	0.128346	0.259549	0.12034	0.136255	0.727489	0.345034	0.11702
980000	-25.55243	0	-25.55243	0.100374	0.200021	0.156341	0.217476	0.0485641	0.0340228	0.795103	0.278197	1.26381
990000	-22.88816	0	-22.88816	0.295071	0.144457	0.179278	0.168963	0.0796704	0.0876511	1.38878	2.18	1.82819
1000000	-19.14246	0	-19.14246	0.111889	0.115933	0.0754307	0.227211	0.142665	0.192384	2.87023	0.837536	1.56461
1010000	-25.10032	0	-25.10032	0.195059	0.272763	0.290809	0.310053	0.10535	0.149542	6.01399	1.07927	0.45411
1020000	-21.82272	0	-21.82272	0.259749	0.129425	0.107784	0.32868	0.155345	0.100759	0.921317	2.34276	0.563829
1030000	-23.92871	0	-23.92871	0.114135	0.0672944	0.196357	0.383706	0.0451715	0.127132	1.40982	1.07897	2.95294
1040000	-19.9175	0	-19.9175	0.126216	0.294781	0.112984	0.365846	0.0541938	0.0860094	2.14968	0.323871	0.161634
1050000	-21.33107	0	-21.33107	0.254505	0.159717	0.121755	0.215568	0.188475	0.139377	2.65103	2.54573	0.17538
1060000	-24.58156	0	-24.58156	0.0975142	0.166107	0.310106	0.696201	0.154738	0.0937968	0.932561	0.642171	0.852271
1070000	-20.25053	0	-20.25053	0.0983248	0.207039	0.186648	0.29742	0.108283	0.123451	2.76401	0.368403	0.674162
1080000	-21.29806	0	-21.29806	0.0596851	0.14252	0.177536	0.252212	0.176089	0.151992	2.85579	0.357145	1.21865
1090000	-18.79785	0	-18.79785	0.128812	0.119287	0.100473	0.217755	0.0761694	0.0858604	0.971787	1.0965	0.204312
1100000	-21.02045	0	-21.02045	0.10862	0.220163	0.143415	0.29636	0.078637	0.0376789	2.72264	1.59641	0.468692
1110000	-21.22891	0	-21.22891	0.182662	0.108657	0.0907511	0.214763	0.188048	0.0831888	1.79905	0.477046	1.27501
1120000	-19.0011	0	-19.0011	0.172997	0.104421	0.180816	0.310778	0.103495	0.0647123	0.817692	0.226629	0.215056
1130000	-20.07627	0	-20.07627	0.0879084	0.217082	0.160759	0.372472	0.220577	0.14863	2.15885	1.04145	0.135912
1140000	-18.9177	0	-18.9177	0.101674	0.216722	0.232672	0.15588	0.0557826	0.142425	1.14758	1.05473	0.596093
1150000	-20.15272	0	-20.15272	0.168505	0.108213	0.108027	0.271646	0.155096	0.134395	0.807889	0.55227	0.163535
1160000	-19.36363	0	-19.36363	0.0784417	0.267001	0.116995	0.190199	0.209587	0.129482	2.14013	0.847747	0.317409
1170000	-23.35553	0	-23.35553	0.460339	0.187251	0.126276	0.406649	0.145673	0.128029	4.0516	0.475777	1.00791
1180000	-19.46832	0	-19.46832	0.122295	0.204037	0.109998	0.277042	0.0897866	0.147947	0.834346	0.608039	1.01548
1190000	-26.27477	0	-26.27477	0.162264	0.148316	0.277379	0.253194	0.175458	0.0630482	2.71586	0.873118	1.33179
1200000	-22.0879	0	-22.0879	0.0683164	0.0868037	0.113535	0.356237	0.135032	0.169487	2.5629	2.25985	1.287
1210000	-26.62821	0	-26.62821	0.172179	0.392893	0.357901	0.171651	0.230304	0.241291	1.46483	1.3247	1.38648
1220000	-21.15082	0	-21.15082	0.0877209	0.239428	0.244931	0.34781	0.176409	0.113862	0.833458	0.258124	0.0605912
1230000	-21.85832	0	-21.85832	0.128132	0.237991	0.131244	0.10371	0.0897328	0.168034	0.981559	0.326103	1.46627
1240000	-25.38753	0	-25.38753	0.113622	0.136186	0.410518	0.235455	0.0624189	0.269447	0.347106	0.629392	0.155498
1250000	-19.57384	0	-19.57384	0.179168	0.135192	0.257817	0.222764	0.148199	0.0932163	1.99647	0.386738	0.388614
1260000	-20.61463	0	-20.61463	0.184388	0.29693	0.145254	0.219531	0.193751	0.183359	1.71793	0.722777	1.21459
1270000	-32.20204	0	-32.20204	0.247517	0.214019	0.155988	0.296699	0.158945	0.160969	4.13579	0.157711	2.20635
1280000	-26.57997	0	-26.57997	0.103793	0.135589	0.172032	0.528447	0.183718	0.131997	0.905422	0.840921	0.755127
1290000	-22.27755	0	-22.27755	0.290243	0.0816203	0.232715	0.203686	0.0403492	0.145959	1.72701	0.864208	0.0810269
1300000	-29.75777	0	-29.75777	0.16251	0.103903	0.28192	0.396007	0.177207	0.162623	5.38656	0.561837	0.112045
1310000	-25.2907	0	-25.2907	0.285248	0.0735315	0.293738	0.359092	0.103807	0.0422994	5.30723	0.621785	1.05748
1320000	-28.10433	0	-28.10433	0.135324	0.0574011	0.326457	0.275644	0.104244	0.21121	0.790802	0.362846	1.13618
1330000	-26.90025	0	-26.90025	0.0744267	0.175132	0.128267	0.179573	0.132438	0.0478516	0.885437	0.356672	0.0474328
1340000	-17.6403	0	-17.6403	0.141996	0.227191	0.0994148	0.177964	0.0939406	0.0743116	1.94515	0.757659	0.679277
1350000	-19.43253	0	-19.43253	0.211991	0.132319	0.100583	0.327078	0.0881755	0.0902269	0.245193	1.57518	0.595242
1360000	-24.03277	0	-24.03277	0.143082	0.0619504	0.138415	0.172266	0.126772	0.171907	1.15793	1.34299	0.0969927
1370000	-20.8201	0	-20.8201	0.0512591	0.285669	0.100313	0.22727	0.100014	0.119644	2.03996	1.48905	2.12848
1380000	-23.45433	0	-23.45433	0.0907516	0.22549	0.161946	0.163505	0.0806121	0.10186	4.07269	0.926176	0.751312
1390000	-22.00622	0	-22.00622	0.114392	0.256861	0.325242	0.371927	0.1317	0.0945641	3.79511	0.581139	1.2978
1400000	-19.53041	0	-19.53041	0.130064	0.123336	0.121855	0.423237	0.149847	0.105311	1.24953	1.80607	1.62974
1410000	-20.63643	0	-20.63643	0.105767	0.0833399	0.0927082	0.385033	0.0628055	0.0740697	1.62947	0.375051	0.160695
1420000	-21.98417	0	-21.98417	0.100578	0.146431	0.162109	0.460404	0.0608475	0.24813	2.26059	0.975554	1.19813
1430000	-21.28438	0	-21.28438	0.110755	0.395024	0.254263	0.237196	0.0535959	0.100782	3.12258	1.36161	1.31108
1440000	-23.48732	0	-23.48732	0.194363	0.0815609	0.307712	0.370991	0.136495	0.0588403	2.78179	0.664339	1.53515
1450000	-22.53613	0	-22.53613	0.0646954	0.122895	0.15354	0.268488	0.197322	0.0805798	2.74888	1.84777	0.0701244
1460000	-22.64582	0	-22.64582	0.124654	0.0610993	0.0809146	0.273066	0.120299	0.0837665	1.57957	2.91038	0.569726
1470000	-23.03385	0	-23.03385	0.0982193	0.228479	0.0604249	0.381879	0.102535	0.0924926	1.43761	4.64974	2.30593
1480000	-25.14106	0	-25.14106	0.0619192	0.20859	0.287111	0.424668	0.19556	0.0592984	1.49833	1.05298	0.1555
1490000	-21.16113	0	-21.16113	0.148628	0.146746	0.234856	0.384163	0.111291	0.165159	2.8497	0.198311	0.155058
1500000	-19.20782	0	-19.20782	0.103669	0.14948	0.13839	0.231874	0.126625	0.0814872	3.36987	0.561891	0.320622
1510000	-18.95386	0	-18.95386	0.163377	0.159824	0.175276	0.300441	0.0919704	0.0832208	0.863041	2.05645	0.256154
1520000	-23.61294	0	-23.61294	0.257672	0.200633	0.102104	0.184271	0.108505	0.173147	0.672504	1.41899	2.35123
1530000	-22.91002	0	-22.91002	0.229315	0.287324	0.287769	0.343949	0.0520882	0.226801	2.49387	0.714971	0.0982277
1540000	-28.24269	0	-28.24269	0.209427	0.303654	0.16089	0.311418	0.380801	0.111894	1.23112	0.401944	3.09324
1550000	-19.5249	0	-19.5249	0.108407	0.127796	0.159908	0.497125	0.100915	0.105907	3.61453	1.94746	0.581294
1560000	-27.41352	0	-27.41352	0.131023	0.194672	0.1411	0.129625	0.227309	0.101873	6.46243	2.73832	1.7939
1570000	-19.38428	0	-19.38428	0.114057	0.18075	0.167522	0.29012	0.130697	0.270725	2.64743	3.2425	1.44645
1580000	-19.57746	0	-19.57746	0.193976	0.129057	0.169788	0.311585	0.056134	0.1587	1.87754	0.635414	0.623915
1590000	-24.61498	0	-24.61498	0.144025	0.263228	0.269998	0.460478	0.229734	0.105417	3.49827	0.904921	0.318489
1600000	-25.20623	0	-25.20623	0.0672603	0.143595	0.253777	0.305557	0.0604616	0.362825	0.996013	2.66339	2.23639
1610000	-20.56392	0	-20.56392	0.167864	0.183625	0.0864053	0.384519	0.152721	0.110367	1.82593	0.326764	0.121592
1620000	-20.7943	0	-20.7943	0.0575503	0.147885	0.0691275	0.296299	0.0614793	0.156495	1.18522	1.52304	0.214866
1630000	-25.19753	0	-25.19753	0.145095	0.080837	0.115246	0.186023	0.0646584	0.068321	1.61045	3.21032	0.0919235
1640000	-24.82452	0	-24.82452	0.278358	0.220741	0.40432	0.197299	0.114437	0.0947236	2.98422	0.508687	1.00416
1650000	-24.49834	0	-24.49834	0.162554	0.14637	0.204833	0.39498	0.0887775	0.160256	4.83012	1.22641	0.770163
1660000	-29.08538	0	-29.08538	0.218678	0.186895	0.120004	0.577248	0.143345	0.200292	2.17851	3.68091	1.67725
1670000	-23.38802	0	-23.38802	0.0601619	0.35725	0.0652065	0.217908	0.0925281	0.123648	1.20012	0.797842	2.40643
1680000	-25.18008	0	-25.18008	0.148129	0.100255	0.275688	0.532048	0.0369302	0.196182	1.94955	0.584086	0.617491
1690000	-23.33564	0	-23.33564	0.0986687	0.0841459	0.119437	0.12582	0.157581	0.0612204	3.57877	0.956045	1.25574
1700000	-21.66265	0	-21.66265	0.0864031	0.177244	0.117749	0.230523	0.200625	0.246443	0.989591	1.85075	1.21958
1710000	-24.76749	0	-24.76749	0.136601	0.247609	0.0564121	0.473552	0.15454	0.0656391	2.40203	0.166449	0.219991
1720000	-22.29208	0	-22.29208	0.116656	0.195245	0.157636	0.210149	0.0575054	0.208716	1.74425	1.06864	0.317913
1730000	-22.04033	0	-22.04033	0.0971005	0.284941	0.148827	0.284026	0.0446624	0.121174	3.98303	0.247155	0.26129
1740000	-17.77775	0	-17.77775	0.166683	0.122661	0.101205	0.221904	0.0917128	0.0841835	1.35539	1.85807	0.98719
1750000	-26.06791	0	-26.06791	0.129536	0.171811	0.424498	0.448272	0.181085	0.309511	1.51949	0.133037	0.322002
1760000	-21.89865	0	-21.89865	0.0794036	0.190186	0.128914	0.45042	0.0541059	0.0543432	1.3466	1.48592	0.807398
1770000	-22.65212	0	-22.65212	0.250481	0.127258	0.124843	0.51578	0.135655	0.162207	1.67796	1.95273	0.0619004
1780000	-17.00781	0	-17.00781	0.172672	0.125603	0.162114	0.318492	0.119381	0.0889105	2.03511	0.952095	0.393029
1790000	-22.6619	0	-22.6619	0.196091	0.125999	0.117835	0.382573	0.101183	0.225938	1.76866	0.956826	1.58488
1800000	-19.02971	0	-19.02971	0.132784	0.177514	0.16389	0.311791	0.185493	0.121808	0.993775	0.320788	0.414013
1810000	-19.14969	0	-19.14969	0.115926	0.130544	0.362636	0.240345	0.0681736	0.0955224	0.924191	1.2294	0.598109
1820000	-21.38649	0	-21.38649	0.112852	0.304882	0.0999651	0.270612	0.0550255	0.0790027	3.09711	1.13412	2.39746
1830000	-18.6623	0	-18.6623	0.142906	0.116938	0.13905	0.290867	0.103892	0.0825611	0.905199	1.08191	0.83681
1840000	-25.48482	0	-25.48482	0.237805	0.0802921	0.13675	0.592011	0.069321	0.0600678	6.33464	1.19431	1.72155
1850000	-23.99815	0	-23.99815	0.302946	0.173781	0.255716	0.262682	0.140026	0.146679	1.09855	0.326952	1.42061
1860000	-19.72259	0	-19.72259	0.142953	0.214644	0.15124	0.436398	0.169759	0.0851429	2.30795	0.77442	0.565904
1870000	-21.43199	0	-21.43199	0.198176	0.173216	0.254631	0.277419	0.0829112	0.142634	2.6605	0.298066	1.41402
1880000	-20.57338	0	-20.57338	0.125472	0.12623	0.127841	0.261054	0.0586469	0.156625	1.33155	0.286349	0.967846
1890000	-24.60762	0	-24.60762	0.101576	0.338859	0.118974	0.29269	0.223634	0.0872232	2.51996	0.414148	0.271279
1900000	-22.49711	0	-22.49711	0.116134	0.26966	0.17666	0.164287	0.110967	0.122112	1.45344	0.531879	2.58622
1910000	-25.70961	0	-25.70961	0.177106	0.27641	0.475466	0.174717	0.116744	0.0743215	3.33071	0.914429	1.69234
1920000	-22.49154	0	-22.49154	0.154078	0.439404	0.10071	0.25868	0.189155	0.134933	3.639	0.467805	0.414997
1930000	-31.35868	0	-31.35868	0.0830805	0.181944	0.342395	0.450306	0.0703073	0.120326	4.9792	0.934749	0.167815
1940000	-22.3113	0	-22.3113	0.0935729	0.202979	0.129954	0.230795	0.0795316	0.073518	3.23378	1.57247	0.935685
1950000	-20.63355	0	-20.63355	0.251738	0.108823	0.148409	0.322629	0.0892048	0.133048	3.27386	1.11426	1.69466
1960000	-22.03552	0	-22.03552	0.24098	0.205757	0.0837756	0.484542	0.171737	0.103935	2.96644	0.532727	1.14037
1970000	-23.18927	0	-23.18927	0.226165	0.0960836	0.122504	0.209782	0.0571922	0.0383364	2.01655	0.633132	0.129604
1980000	-24.31307	0	-24.31307	0.232463	0.142376	0.130462	0.267463	0.0723721	0.132687	6.00659	1.39482	0.169327
1990000	-19.91291	0	-19.91291	0.133298	0.134668	0.169182	0.405409	0.13856	0.0796129	2.07969	0.792442	0.665937
2000000	-24.56448	0	-24.56448	0.116872	0.222422	0.30724	0.406249	0.0353794	0.0859727	4.94572	0.838947	0.70805
2010000	-26.39698	0	-26.39698	0.0932289	0.0774778	0.213947	0.341303	0.20234	0.137211	0.874276	0.52295	0.00198239
2020000	-22.60289	0	-22.60289	0.154561	0.147413	0.335787	0.42724	0.157515	0.111086	1.23294	1.15889	1.98365
2030000	-25.81259	0	-25.81259	0.164014	0.17529	0.126303	0.364292	0.0722455	0.327802	1.41982	0.148513	2.73566
2040000	-23.31529	0	-23.31529	0.400745	0.205577	0.134672	0.500966	0.152472	0.144118	0.713847	1.64916	0.349316
2050000	-22.05275	0	-22.05275	0.120692	0.113062	0.222175	0.226159	0.076622	0.249294	1.99403	0.446614	0.330741
2060000	-23.45736	0	-23.45736	0.232105	0.223563	0.152451	0.442155	0.119194	0.19447	0.962872	0.223399	1.73714
2070000	-25.71656	0	-25.71656	0.170617	0.229471	0.204077	0.167712	0.095254	0.132187	6.04543	0.402933	0.796996
2080000	-18.19344	0	-18.19344	0.0610727	0.204879	0.0984948	0.308774	0.146564	0.163623	1.25933	0.565883	0.845425
2090000	-22.71343	0	-22.71343	0.196434	0.155937	0.362348	0.265561	0.0858812	0.132289	1.06477	1.51749	0.20737
2100000	-22.3528	0	-22.3528	0.12636	0.245567	0.167099	0.269725	0.0933023	0.130421	1.35674	0.231926	0.380232
2110000	-23.5416	0	-23.5416	0.0859081	0.079562	0.0596914	0.207841	0.171703	0.0754942	1.61862	0.52634	0.819535
2120000	-19.04874	0	-19.04874	0.210188	0.261973	0.0676457	0.268492	0.0851879	0.0650068	1.61985	0.418284	0.520581
2130000	-19.30056	0	-19.30056	0.125824	0.164969	0.168332	0.2254	0.138883	0.139141	2.24821	0.66858	1.43691
2140000	-22.26756	0	-22.26756	0.0618718	0.0820723	0.0772329	0.393553	0.079481	0.0781144	1.50933	3.00601	0.903522
2150000	-26.00266	0	-26.00266	0.154294	0.0951335	0.492436	0.556606	0.0628144	0.0657861	0.786876	0.160021	1.84834
2160000	-20.72384	0	-20.72384	0.106984	0.427196	0.101387	0.286386	0.100405	0.135667	0.991493	0.40819	2.17481
2170000	-29.5867	0	-29.5867	0.0695975	0.478439	0.360561	0.455223	0.0737612	0.213715	0.83712	0.427637	1.32802
2180000	-23.69519	0	-23.69519	0.207941	0.184164	0.142567	0.286346	0.117064	0.0786995	3.05207	0.831484	0.981723
2190000	-20.30196	0	-20.30196	0.0787251	0.0977075	0.151838	0.434832	0.12264	0.128415	1.60987	0.700426	0.536121
2200000	-20.15715	0	-20.15715	0.0968426	0.0874958	0.147212	0.285924	0.163633	0.0597353	1.0704	0.496039	1.69903
2210000	-20.27229	0	-20.27229	0.127261	0.198986	0.0888382	0.27308	0.127047	0.079284	1.55237	1.69795	1.24677
2220000	-23.8513	0	-23.8513	0.130986	0.132562	0.210717	0.266093	0.122185	0.0700028	3.29199	0.473021	0.16951
2230000	-21.18579	0	-21.18579	0.0591308	0.178278	0.128635	0.235727	0.0585806	0.265565	1.30572	0.626073	1.00227
2240000	-18.16532	0	-18.16532	0.218801	0.110797	0.0543053	0.316747	0.072465	0.08502	1.435	1.079	0.30792
2250000	-18.45254	0	-18.45254	0.13067	0.108561	0.167502	0.12769	0.0496573	0.0830979	1.10944	0.857822	0.444549
2260000	-20.7512	0	-20.7512	0.103026	0.143573	0.18588	0.438616	0.0756394	0.12056	1.04524	0.712857	1.50918
2270000	-22.06528	0	-22.06528	0.0871534	0.120959	0.148284	0.170415	0.180573	0.200288	2.70539	0.552067	0.316885
2280000	-24.67839	0	-24.67839	0.164306	0.0757891	0.202406	0.134414	0.269791	0.134955	1.39733	1.92635	0.967732
2290000	-21.76415	0	-21.76415	0.148122	0.214974	0.186434	0.202695	0.297515	0.146891	2.21396	2.24491	0.275293
2300000	-28.04131	0	-28.04131	0.109178	0.216218	0.185332	0.302226	0.229989	0.0690663	2.54606	0.84143	0.0817581
2310000	-20.09332	0	-20.09332	0.0867062	0.165307	0.171627	0.191419	0.193289	0.0681271	0.904791	2.1127	0.308292
2320000	-31.73478	0	-31.73478	0.156518	0.0817913	0.142653	0.453138	0.0234069	0.156996	1.74807	0.0743323	0.0639397
2330000	-20.17404	0	-20.17404	0.208581	0.216513	0.128548	0.403351	0.146074	0.118095	0.832632	2.65514	0.864802
2340000	-24.79133	0	-24.79133	0.110691	0.127279	0.22304	0.493518	0.109536	0.157767	1.88779	0.265896	0.115125
2350000	-21.07226	0	-21.07226	0.0721406	0.13108	0.273186	0.328782	0.0878881	0.0968951	3.99137	2.37113	0.299131
2360000	-26.28702	0	-26.28702	0.0957675	0.374811	0.169305	0.415961	0.162166	0.186318	2.43345	2.04874	1.49948
2370000	-18.99892	0	-18.99892	0.085291	0.161364	0.197381	0.340654	0.0829959	0.19803	1.66181	0.391106	0.359003
2380000	-23.97687	0	-23.97687	0.24052	0.237126	0.103342	0.325486	0.169617	0.214827	1.68498	0.37121	1.2522
2390000	-23.32564	0	-23.32564	0.143909	0.0890248	0.0766222	0.221818	0.165713	0.114266	1.98075	0.157411	0.630822
2400000	-18.48636	0	-18.48636	0.090033	0.149806	0.167532	0.341075	0.160717	0.182048	0.717078	0.35681	0.389725
2410000	-19.47808	0	-19.47808	0.0784555	0.249821	0.1293	0.31322	0.0430859	0.137606	3.60376	1.76117	0.315076
2420000	-20.43834	0	-20.43834	0.182495	0.179562	0.102276	0.374361	0.195414	0.0545464	1.12625	0.77729	2.25412
2430000	-21.47151	0	-21.47151	0.125801	0.27826	0.189696	0.188063	0.0916263	0.190344	3.50812	1.07321	0.0729727
2440000	-26.78493	0	-26.78493	0.510136	0.201829	0.148113	0.29834	0.145767	0.0375439	3.22151	0.564994	0.262786
2450000	-16.78053	0	-16.78053	0.148119	0.166566	0.182975	0.358755	0.0666419	0.128164	1.65828	0.643761	1.6034
2460000	-23.56661	0	-23.56661	0.142282	0.239791	0.173056	0.61482	0.145343	0.110112	1.98224	2.05191	1.75725
2470000	-19.47169	0	-19.47169	0.0567838	0.257622	0.0880918	0.276709	0.185568	0.113667	1.73773	0.82865	0.56909
2480000	-18.8494	0	-18.8494	0.160173	0.358417	0.147206	0.321984	0.13883	0.0937686	0.945281	0.837215	1.33704
2490000	-22.856	0	-22.856	0.214717	0.175368	0.132282	0.741517	0.10102	0.167171	0.87213	1.13104	0.264708
2500000	-25.35655	0	-25.35655	0.097209	0.112177	0.211069	0.142524	0.147365	0.0353011	1.22872	0.222495	2.21813
2510000	-23.85767	0	-23.85767	0.172434	0.202436	0.118932	0.342076	0.18549	0.159039	1.6728	1.73652	1.91928
2520000	-20.76329	0	-20.76329	0.10433	0.235747	0.110008	0.308799	0.0665455	0.105943	0.622657	1.29944	0.196652
2530000	-22.09081	0	-22.09081	0.173741	0.0878226	0.0930777	0.352766	0.150219	0.0721667	0.74184	0.334433	1.2139
2540000	-17.95679	0	-17.95679	0.193487	0.136304	0.14218	0.263165	0.0423575	0.123762	1.15408	0.475768	0.30141
2550000	-25.58797	0	-25.58797	0.223736	0.0406671	0.205052	0.199715	0.0694794	0.305127	2.19274	0.719855	2.30903
2560000	-23.55928	0	-23.55928	0.0484385	0.0707854	0.299645	0.439353	0.0517108	0.131161	3.76841	1.01192	0.107418
2570000	-22.36958	0	-22.36958	0.282931	0.205801	0.102658	0.187702	0.150147	0.177367	2.1831	0.411011	0.935872
2580000	-21.97658	0	-21.97658	0.201382	0.26113	0.352534	0.330113	0.0802277	0.108134	1.95979	0.445085	0.48518
2590000	-24.43217	0	-24.43217	0.101437	0.169873	0.278091	0.46471	0.0566904	0.0692555	2.11918	0.285763	3.83424
2600000	-22.85924	0	-22.85924	0.131773	0.16415	0.114183	0.308134	0.0956038	0.0647572	2.88288	0.367391	0.0699753
2610000	-22.91728	0	-22.91728	0.182048	0.105986	0.506363	0.308648	0.10623	0.121107	2.75065	0.183021	0.341025
2620000	-22.82069	0	-22.82069	0.0985594	0.0874326	0.338031	0.358752	0.135182	0.0843923	3.71724	0.201971	0.726816
2630000	-19.48729	0	-19.48729	0.145733	0.15341	0.161267	0.327801	0.122183	0.23663	1.63234	1.01779	1.18924
2640000	-24.51042	0	-24.51042	0.0864229	0.232696	0.0453644	0.257038	0.0786496	0.0975758	2.80636	0.62852	1.78456
2650000	-24.6886	0	-24.6886	0.103316	0.148979	0.273915	0.244641	0.0206213	0.0681779	2.75129	1.99916	1.01073
2660000	-25.20239	0	-25.20239	0.287577	0.123934	0.0430572	0.0935244	0.0733749	0.0991872	1.01248	1.20771	0.755686
2670000	-21.87144	0	-21.87144	0.106365	0.340687	0.223246	0.404042	0.099938	0.14298	1.18746	2.80313	0.0515535
2680000	-23.12884	0	-23.12884	0.059742	0.144788	0.225147	0.277564	0.0832567	0.141378	2.01455	0.0484437	0.69597
2690000	-18.29179	0	-18.29179	0.0554675	0.218616	0.151415	0.246914	0.0823708	0.13043	2.07484	1.18571	0.851853
2700000	-29.49721	0	-29.49721	0.0836368	0.30696	0.443462	0.412388	0.121648	0.0798419	4.34899	1.8307	0.918391
2710000	-20.84876	0	-20.84876	0.0656094	0.261684	0.11075	0.364594	0.0670945	0.127549	2.56093	1.10115	1.70423
2720000	-24.03894	0	-24.03894	0.115055	0.0747059	0.103643	0.154219	0.232637	0.0975635	1.78329	0.490901	0.105012
2730000	-22.80718	0	-22.80718	0.136624	0.35222	0.152627	0.703913	0.123893	0.0513594	1.94534	0.26631	0.625109
2740000	-19.87021	0	-19.87021	0.154582	0.119963	0.109618	0.151374	0.164239	0.230373	1.42282	1.65764	0.636614
2750000	-19.92904	0	-19.92904	0.167748	0.0923384	0.113608	0.170981	0.105452	0.0825832	3.20662	1.42332	0.723038
2760000	-18.42864	0	-18.42864	0.152958	0.131037	0.195573	0.30438	0.103159	0.0843859	0.964474	1.95584	0.741758
2770000	-22.99591	0	-22.99591	0.116875	0.215899	0.13765	0.497551	0.105997	0.149607	1.81223	0.952029	2.20293
2780000	-21.11349	0	-21.11349	0.0869541	0.0829721	0.153933	0.341804	0.0984897	0.0504339	2.30969	0.249486	0.963618
2790000	-19.81067	0	-19.81067	0.139058	0.184702	0.172517	0.268874	0.0805676	0.14648	2.27297	0.898242	0.878231
2800000	-25.80926	0	-25.80926	0.0689114	0.178913	0.156511	0.70496	0.137235	0.120479	2.53735	0.864811	0.0824688
2810000	-21.26678	0	-21.26678	0.0766788	0.280065	0.136814	0.279409	0.0895361	0.121388	2.89905	0.76398	1.67427
2820000	-22.02735	0	-22.02735	0.0410024	0.220905	0.176548	0.418782	0.154136	0.104413	2.21976	0.380075	0.131465
2830000	-25.46729	0	-25.46729	0.0907946	0.269593	0.179679	0.361268	0.0809307	0.126596	1.67325	0.197115	0.427661
2840000	-25.74325	0	-25.74325	0.159364	0.201218	0.137018	0.307523	0.13205	0.134297	1.31351	0.820094	2.77192
2850000	-24.04187	0	-24.04187	0.237586	0.139581	0.102054	0.308659	0.176779	0.0424499	1.47103	0.900136	1.79757
2860000	-23.51121	0	-23.51121	0.104427	0.149159	0.143235	0.611299	0.0827377	0.140115	1.09495	0.918103	3.2994
2870000	-21.3375	0	-21.3375	0.0801462	0.322632	0.262333	0.217823	0.173617	0.0764727	3.44679	2.01941	0.760959
2880000	-28.42644	0	-28.42644	0.104572	0.113676	0.376058	0.0685728	0.156746	0.0637295	1.83823	0.23626	0.384506
2890000	-21.59412	0	-21.59412	0.138086	0.209805	0.19804	0.242106	0.199708	0.127201	1.37985	1.20991	2.00008
2900000	-18.85228	0	-18.85228	0.151475	0.113852	0.0970944	0.452472	0.182595	0.0594436	1.16908	0.402102	0.402135
2910000	-25.6363	0	-25.6363	0.109516	0.265556	0.125778	0.396594	0.095746	0.149117	1.33482	0.204525	0.295344
2920000	-24.73748	0	-24.73748	0.150446	0.123027	0.34019	0.653181	0.136054	0.120002	1.81754	0.968945	0.109201
2930000	-19.6267	0	-19.6267	0.238729	0.055802	0.180858	0.248862	0.155493	0.0916981	1.02116	0.677747	0.185726
2940000	-21.96383	0	-21.96383	0.194588	0.225095	0.0823366	0.326508	0.102838	0.198354	1.55456	1.23832	1.81945
2950000	-20.28057	0	-20.28057	0.182002	0.160306	0.194984	0.233915	0.052772	0.0656742	2.10854	1.53967	1.57068
2960000	-21.24135	0	-21.24135	0.102685	0.123848	0.153715	0.221083	0.150037	0.211414	4.46125	0.139921	1.08963
2970000	-18.34845	0	-18.34845	0.132346	0.114281	0.229655	0.332654	0.101751	0.0689271	0.947652	0.813485	0.741294
2980000	-25.24902	0	-25.24902	0.0778982	0.222752	0.208331	0.193145	0.209398	0.14249	3.67708	3.58365	0.573788
2990000	-27.9011	0	-27.9011	0.0594682	0.109137	0.271978	0.301653	0.200326	0.377207	1.44201	0.164959	0.665187
3000000	-23.85325	0	-23.85325	0.113117	0.135173	0.366613	0.193645	0.143763	0.15873	3.04721	0.226803	0.647726
3010000	-21.76847	0	-21.76847	0.151977	0.129706	0.15862	0.420806	0.187728	0.103354	1.98004	0.904681	0.0531919
3020000	-26.96499	0	-26.96499	0.128704	0.110439	0.208535	0.278579	0.219311	0.160232	1.28593	1.76542	0.282399
3030000	-22.42385	0	-22.42385	0.150549	0.160607	0.128975	0.205448	0.126036	0.0905387	0.586372	0.789162	2.21604
3040000	-21.30638	0	-21.30638	0.0580773	0.11826	0.120099	0.282761	0.132538	0.094017	0.632748	1.18389	0.0511488
3050000	-23.251	0	-23.251	0.0742216	0.11835	0.0698273	0.466462	0.14699	0.0772015	5.03873	0.320499	0.14823
3060000	-25.33873	0	-25.33873	0.200007	0.126226	0.18784	0.320909	0.0830411	0.238745	3.06244	0.719045	0.488542
3070000	-27.38648	0	-27.38648	0.104313	0.300779	0.0486091	0.147047	0.223112	0.0585195	1.51177	0.39703	0.110589
3080000	-28.954	0	-28.954	0.0887184	0.308737	0.188964	0.420479	0.188633	0.338953	4.07872	0.496439	1.78165
3090000	-21.99838	0	-21.99838	0.103096	0.0744737	0.268371	0.174319	0.149874	0.143096	0.858438	1.36275	1.20289
3100000	-26.67721	0	-26.67721	0.241668	0.0318388	0.280227	0.371977	0.067671	0.102657	4.93268	0.574497	0.0712647
3110000	-25.93902	0	-25.93902	0.07655	0.240531	0.399742	0.341449	0.121185	0.271635	1.59359	1.30802	3.09249
3120000	-24.94427	0	-24.94427	0.107297	0.107364	0.109358	0.715412	0.148458	0.104618	1.51146	0.120029	0.507199
3130000	-20.97721	0	-20.97721	0.0575252	0.162575	0.239303	0.163578	0.0569324	0.080735	2.39788	0.198384	0.285941
3140000	-20.05711	0	-20.05711	0.113322	0.151637	0.127256	0.133585	0.0548643	0.064428	1.24653	2.93301	0.430617
3150000	-18.57999	0	-18.57999	0.17741	0.189329	0.108004	0.171438	0.133347	0.0806479	1.63086	1.10187	0.81682
3160000	-22.60486	0	-22.60486	0.0848848	0.213108	0.183494	0.491035	0.0807867	0.189976	2.58673	0.275354	3.84987
3170000	-27.70973	0	-27.70973	0.198475	0.170078	0.0829139	0.256829	0.106319	0.0585501	4.33113	2.23843	0.140694
3180000	-22.47739	0	-22.47739	0.187745	0.150112	0.133594	0.316342	0.0612524	0.185609	4.08022	0.813589	1.23339
3190000	-17.79529	0	-17.79529	0.0935348	0.262141	0.132193	0.319884	0.0542341	0.123305	2.19158	1.67195	0.122547
3200000	-19.46591	0	-19.46591	0.0683963	0.219929	0.178823	0.163215	0.0628591	0.120479	2.03828	1.43009	0.386442
3210000	-17.4519	0	-17.4519	0.12013	0.161453	0.161459	0.232304	0.217118	0.126565	2.06951	1.78396	0.19266
3220000	-22.82878	0	-22.82878	0.29451	0.0907713	0.109656	0.199309	0.155379	0.0578489	1.97825	1.1039	0.66149
3230000	-19.52449	0	-19.52449	0.137107	0.127237	0.104861	0.236722	0.0720591	0.139559	1.92134	1.78073	1.24612
3240000	-21.38507	0	-21.38507	0.0809807	0.18469	0.165158	0.184958	0.106048	0.104867	4.54727	1.84296	0.681633
3250000	-19.28333	0	-19.28333	0.0791748	0.161723	0.197736	0.377058	0.0723959	0.190728	1.69856	1.01885	0.372296
3260000	-20.24474	0	-20.24474	0.125571	0.368201	0.0806272	0.222256	0.138108	0.122784	0.723078	0.616692	1.30721
3270000	-29.32068	0	-29.32068	0.149125	0.232468	0.317091	0.480458	0.0838234	0.148549	3.32279	0.120791	0.109113
3280000	-25.42406	0	-25.42406	0.327536	0.149782	0.178188	0.503063	0.0736404	0.184418	0.814645	0.555189	4.10231
3290000	-22.85278	0	-22.85278	0.208609	0.335208	0.052785	0.337044	0.0713705	0.176125	3.33917	0.487617	0.531592
3300000	-21.06858	0	-21.06858	0.0885561	0.173395	0.189218	0.497276	0.156625	0.111357	1.39622	0.809768	0.970453
3310000	-20.38212	0	-20.38212	0.120222	0.174827	0.156952	0.138193	0.057886	0.0865535	2.05406	2.20163	2.68932
3320000	-19.5067	0	-19.5067	0.268488	0.148529	0.0918813	0.330204	0.0864839	0.202467	0.62715	0.98927	0.213951
3330000	-28.9246	0	-28.9246	0.082049	0.144644	0.142334	0.19457	0.0788006	0.258616	5.37304	4.68746	0.120215
3340000	-26.21162	0	-26.21162	0.138102	0.35582	0.094	0.145896	0.0703108	0.197833	1.10747	1.06553	1.11067
3350000	-18.80118	0	-18.80118	0.0802499	0.12671	0.191983	0.232855	0.112025	0.127943	2.82757	0.753967	0.0910686
3360000	-18.73565	0	-18.73565	0.0783615	0.171775	0.136989	0.348445	0.0805391	0.0946931	2.10363	0.873767	0.200601
3370000	-21.75733	0	-21.75733	0.0875053	0.477445	0.0773955	0.447648	0.160855	0.0670762	0.68778	1.29218	0.211171
3380000	-26.51995	0	-26.51995	0.0568087	0.520307	0.30226	0.257524	0.106494	0.0460383	1.73117	1.68364	1.44993
3390000	-19.0323	0	-19.0323	0.172559	0.186336	0.0958302	0.349812	0.071807	0.152526	0.927325	0.257381	0.609687
3400000	-28.17205	0	-28.17205	0.081252	0.372958	0.0844394	0.160414	0.323566	0.114621	3.28685	1.38084	1.47654
3410000	-19.22587	0	-19.22587	0.0942835	0.14606	0.203542	0.13709	0.169693	0.110982	1.15923	0.258608	0.37638
3420000	-24.89901	0	-24.89901	0.120044	0.235975	0.156547	0.316039	0.103527	0.103809	7.3442	0.190356	0.716558
3430000	-25.1501	0	-25.1501	0.145231	0.151496	0.451468	0.631168	0.117586	0.0895001	2.38895	0.688744	0.220601
3440000	-31.3713	0	-31.3713	0.340614	0.289606	0.154544	0.192469	0.0275307	0.289125	2.44482	4.08085	2.50011
3450000	-23.06559	0	-23.06559	0.0942999	0.163406	0.106051	0.146147	0.146292	0.0593374	2.96485	0.530843	3.80154
3460000	-23.8288	0	-23.8288	0.17493	0.211933	0.0556825	0.261593	0.144631	0.0679466	1.40838	0.596491	1.50871
3470000	-23.84615	0	-23.84615	0.150986	0.0697216	0.14956	0.183449	0.0567295	0.323061	2.93803	1.70885	0.121082
3480000	-24.11447	0	-24.11447	0.110772	0.0808425	0.0839729	0.488278	0.11343	0.0725119	1.00377	0.550942	0.150808
3490000	-21.89908	0	-21.89908	0.130004	0.212962	0.112116	0.431347	0.0727727	0.0722321	0.697091	0.159001	0.434823
3500000	-26.09113	0	-26.09113	0.150742	0.149223	0.26791	0.31166	0.149131	0.0928404	0.565316	0.351491	0.0396358
3510000	-20.43568	0	-20.43568	0.0688877	0.227761	0.22236	0.377895	0.0722807	0.0690689	1.42104	0.365896	1.49385
3520000	-25.94648	0	-25.94648	0.253598	0.058585	0.187258	0.188887	0.115856	0.0694168	2.21504	0.84394	0.144768
3530000	-19.34579	0	-19.34579	0.094149	0.277621	0.107008	0.231024	0.0467557	0.140914	1.31139	0.92692	0.373155
3540000	-25.93151	0	-25.93151	0.0934191	0.0920714	0.440473	0.288552	0.103921	0.0996002	2.04207	0.142845	0.988831
3550000	-26.64327	0	-26.64327	0.0889475	0.17748	0.225648	0.238417	0.124694	0.23423	0.329356	0.287836	0.076969
3560000	-19.48544	0	-19.48544	0.0889456	0.220879	0.199455	0.231234	0.0925748	0.138126	1.71217	0.312717	0.486362
3570000	-24.11753	0	-24.11753	0.133467	0.0842848	0.333047	0.408148	0.127262	0.101828	1.32801	0.240258	0.451952
3580000	-22.38261	0	-22.38261	0.106654	0.145425	0.105049	0.200017	0.261909	0.0616935	1.78848	0.705538	0.370286
3590000	-26.17582	0	-26.17582	0.0834313	0.235047	0.300215	0.42674	0.0926325	0.0388295	5.65756	1.73631	0.588484
3600000	-24.26007	0	-24.26007	0.160677	0.151518	0.114853	0.18438	0.113239	0.0795168	3.16376	0.616034	2.28368
3610000	-21.38087	0	-21.38087	0.281578	0.204325	0.094836	0.265974	0.069608	0.171848	3.07344	1.44773	0.68277
3620000	-26.27612	0	-26.27612	0.142287	0.212371	0.116417	0.115832	0.172505	0.0910004	1.23918	0.492912	0.107761
3630000	-22.61961	0	-22.61961	0.164583	0.176916	0.208494	0.32822	0.122125	0.0446368	0.342654	0.7098	1.21519
3640000	-22.20877	0	-22.20877	0.0528398	0.142002	0.178326	0.225891	0.127595	0.199189	2.91839	0.785685	0.218022
3650000	-22.27834	0	-22.27834	0.111364	0.0802582	0.192525	0.448939	0.116445	0.114282	2.14808	1.62913	0.280137
3660000	-21.31255	0	-21.31255	0.167243	0.348302	0.117393	0.466214	0.0715693	0.142377	1.05024	2.24095	1.03219
3670000	-20.29147	0	-20.29147	0.111995	0.098662	0.143633	0.422315	0.153102	0.0753237	2.86045	1.12367	1.11489
3680000	-22.84681	0	-22.84681	0.200183	0.260921	0.162314	0.452328	0.10066	0.126784	1.48373	0.753567	0.552988
3690000	-18.4041	0	-18.4041	0.107152	0.175082	0.208326	0.230035	0.115622	0.119766	0.645931	1.4013	0.192879
3700000	-20.68758	0	-20.68758	0.18255	0.150736	0.135036	0.191954	0.157865	0.119814	2.19865	2.96267	1.54303
3710000	-18.31147	0	-18.31147	0.0919922	0.129403	0.11129	0.21805	0.165477	0.146546	3.37429	0.649819	1.10778
3720000	-20.62819	0	-20.62819	0.0721934	0.130033	0.178859	0.358591	0.193904	0.136113	2.88959	0.845274	0.83478
3730000	-21.41664	0	-21.41664	0.079405	0.227405	0.221359	0.281212	0.138474	0.22136	3.39187	0.52111	1.08349
3740000	-22.78704	0	-22.78704	0.126817	0.261114	0.170722	0.244827	0.157343	0.0976724	5.23029	0.906812	1.47066
3750000	-22.81958	0	-22.81958	0.0899956	0.130573	0.244461	0.1877	0.149484	0.0640637	4.485	0.297825	0.642264
3760000	-30.18399	0	-30.18399	0.0790501	0.226994	0.442773	0.848951	0.0471868	0.372175	1.37856	2.15066	0.350349
3770000	-23.00666	0	-23.00666	0.0987284	0.224925	0.159822	0.285608	0.229997	0.100127	2.8146	1.02689	3.64677
3780000	-21.22775	0	-21.22775	0.300256	0.109372	0.236317	0.243405	0.114257	0.124453	2.18753	0.789825	0.32134
3790000	-18.60582	0	-18.60582	0.0721129	0.106924	0.192808	0.179074	0.0896296	0.0833242	2.41093	0.442546	1.45637
3800000	-21.31902	0	-21.31902	0.0640603	0.0874759	0.0814006	0.558224	0.134022	0.0945797	1.87434	0.617808	0.259377
3810000	-22.19591	0	-22.19591	0.159067	0.221964	0.142234	0.387346	0.155025	0.121438	2.87625	0.324678	0.487113
3820000	-23.09733	0	-23.09733	0.154441	0.154816	0.192119	0.431616	0.16131	0.119612	2.5285	0.321683	0.281833
3830000	-23.53963	0	-23.53963	0.181985	0.334239	0.117337	0.147831	0.0643604	0.230108	2.64483	0.295123	1.33539
3840000	-21.13005	0	-21.13005	0.157647	0.114864	0.106307	0.242809	0.0455881	0.0780319	3.46716	1.34184	1.84039
3850000	-22.78565	0	-22.78565	0.100599	0.202688	0.327016	0.364684	0.146732	0.110275	1.15928	0.626158	0.0156619
3860000	-20.13377	0	-20.13377	0.0900455	0.108098	0.185653	0.200449	0.0657929	0.0779011	4.13588	0.661045	0.375268
3870000	-21.51937	0	-21.51937	0.0856985	0.179418	0.131097	0.323299	0.125862	0.121571	2.04123	0.601472	0.129387
3880000	-19.69818	0	-19.69818	0.104251	0.206709	0.0809778	0.286105	0.140375	0.0985558	1.97841	0.307956	0.35644
3890000	-23.11176	0	-23.11176	0.121131	0.113081	0.202626	0.313098	0.227523	0.0926557	2.62174	0.618268	1.65814
3900000	-32.3417	0	-32.3417	0.130172	0.247707	0.15861	0.331046	0.261338	0.597416	0.831863	1.57803	4.29697
3910000	-23.88858	0	-23.88858	0.103954	0.183052	0.393199	0.205479	0.0929894	0.209412	1.89575	0.630573	1.21968
3920000	-19.1191	0	-19.1191	0.18596	0.239587	0.208218	0.230344	0.0564797	0.149855	1.12557	1.18002	0.127268
3930000	-19.78983	0	-19.78983	0.0944725	0.21838	0.321486	0.38009	0.101899	0.103422	2.15892	1.28047	2.21657
3940000	-21.35437	0	-21.35437	0.138251	0.284213	0.221631	0.244357	0.135672	0.111969	2.87053	0.411725	1.62932
3950000	-29.29964	0	-29.29964	0.192208	0.139902	0.173095	0.14256	0.0590308	0.174179	4.06682	0.483814	0.400311
3960000	-21.54912	0	-21.54912	0.275568	0.183739	0.169682	0.363994	0.088886	0.109164	2.15214	0.545657	1.48454
3970000	-27.64512	0	-27.64512	0.124489	0.109366	0.153991	0.437978	0.268529	0.0665487	1.02286	0.362516	0.182499
3980000	-23.09021	0	-23.09021	0.176534	0.276859	0.0601901	0.289321	0.122784	0.0721958	0.300957	0.202959	0.54361
3990000	-21.6158	0	-21.6158	0.261434	0.20394	0.194672	0.37473	0.116979	0.15552	0.622397	1.23376	0.469429
4000000	-21.9668	0	-21.9668	0.180673	0.0490148	0.180535	0.250122	0.171415	0.182174	0.929864	0.278969	0.768653
4010000	-25.82682	0	-25.82682	0.11981	0.211641	0.203142	0.171643	0.192699	0.252275	3.75617	0.601724	2.67219
4020000	-18.49132	0	-18.49132	0.169075	0.101656	0.176188	0.312958	0.169903	0.0627596	1.54443	0.509088	0.165713
4030000	-23.04284	0	-23.04284	0.103383	0.140485	0.324616	0.508516	0.151282	0.208246	3.43518	1.62815	0.520654
4040000	-27.50975	0	-27.50975	0.0895449	0.152281	0.142397	0.154742	0.123313	0.101737	2.04335	0.142581	0.091214
4050000	-29.0948	0	-29.0948	0.203566	0.191418	0.358593	0.177813	0.107179	0.403869	2.14607	0.778465	3.07261
4060000	-20.10074	0	-20.10074	0.144091	0.0570455	0.106756	0.380605	0.0876483	0.0991983	2.74103	0.764787	0.45319
4070000	-25.74676	0	-25.74676	0.252557	0.0546364	0.2298	0.331572	0.096323	0.140103	4.12367	0.48215	0.427628
4080000	-19.78369	0	-19.78369	0.119369	0.0678549	0.188377	0.184246	0.0702569	0.113898	2.53386	0.263421	1.01168
4090000	-23.69982	0	-23.69982	0.217517	0.13734	0.0943439	0.429561	0.0631977	0.0752029	1.59638	0.521889	0.170134
4100000	-21.88887	0	-21.88887	0.240247	0.239549	0.197558	0.300943	0.11021	0.120453	3.38885	0.366009	0.563338
4110000	-21.13685	0	-21.13685	0.200876	0.164637	0.186265	0.415116	0.0994341	0.0941516	2.46913	1.14977	0.68478
4120000	-35.83983	0	-35.83983	0.0472012	0.538457	0.0448473	0.249129	0.0768325	0.0726866	7.57245	1.79602	0.138757
4130000	-28.00976	0	-28.00976	0.222989	0.106174	0.37116	0.642148	0.102586	0.191247	2.08122	0.246743	2.26837
4140000	-22.18436	0	-22.18436	0.295351	0.143879	0.1635	0.316439	0.180526	0.118701	1.2282	1.62099	0.223852
4150000	-21.15096	0	-21.15096	0.0966817	0.127453	0.134112	0.165758	0.166765	0.164355	1.56174	1.14484	1.46907
4160000	-22.97642	0	-22.97642	0.152193	0.157231	0.100758	0.260098	0.228552	0.14731	5.23535	0.316947	0.777158
4170000	-21.542	0	-21.542	0.160574	0.131214	0.21801	0.177475	0.211712	0.101466	1.38565	1.46942	0.560693
4180000	-24.38803	0	-24.38803	0.269802	0.0792698	0.223473	0.488565	0.0651677	0.202695	2.87824	0.929422	0.0380909
4190000	-25.93171	0	-25.93171	0.206677	0.0569871	0.107024	0.519743	0.0782182	0.20658	1.68672	0.814207	2.00057
4200000	-18.78794	0	-18.78794	0.195198	0.192236	0.159086	0.293162	0.0933789	0.103989	1.88526	0.317725	1.63211
4210000	-19.70372	0	-19.70372	0.116863	0.1386	0.22806	0.365465	0.114746	0.176631	2.82727	1.26859	0.957268
4220000	-19.08719	0	-19.08719	0.165836	0.234245	0.155588	0.423867	0.0899237	0.0967567	2.9061	0.692171	0.730359
4230000	-20.30419	0	-20.30419	0.0740464	0.36769	0.203471	0.188494	0.103286	0.132669	2.81176	0.791367	0.556931
4240000	-23.77836	0	-23.77836	0.0946453	0.155341	0.157356	0.216491	0.0418086	0.103312	2.04055	0.359501	0.154178
4250000	-27.15303	0	-27.15303	0.0845733	0.184016	0.0883771	0.175345	0.113097	0.123273	0.709804	1.19796	3.95402
4260000	-21.30148	0	-21.30148	0.149285	0.140369	0.140563	0.353275	0.0786973	0.14573	1.76291	1.41348	0.148731
4270000	-18.71152	0	-18.71152	0.0762249	0.16608	0.105405	0.466786	0.192036	0.104362	1.93952	1.99489	0.523197
4280000	-24.25454	0	-24.25454	0.168288	0.209122	0.155067	0.136965	0.148024	0.108801	1.86307	2.00685	0.858941
4290000	-22.2044	0	-22.2044	0.178991	0.0631606	0.217867	0.334382	0.0417646	0.121136	1.0215	1.14459	0.347964
4300000	-21.34387	0	-21.34387	0.0909396	0.131	0.0751732	0.154941	0.0720209	0.0901286	0.879599	0.353778	0.774672
4310000	-20.49821	0	-20.49821	0.0627629	0.153575	0.189572	0.258557	0.122923	0.158596	4.56047	0.188245	1.16345
4320000	-23.07855	0	-23.07855	0.148733	0.327573	0.269301	0.353641	0.168546	0.142043	1.1834	0.370042	1.35331
4330000	-20.50779	0	-20.50779	0.200631	0.104994	0.114021	0.352923	0.0612457	0.0959871	2.90767	0.563538	1.15314
4340000	-23.24974	0	-23.24974	0.333363	0.124001	0.297987	0.593702	0.0469564	0.13546	3.51442	1.31478	0.567781
4350000	-21.71096	0	-21.71096	0.140198	0.273241	0.239814	0.456045	0.0621713	0.156202	3.62154	1.32211	1.19495
4360000	-25.52568	0	-25.52568	0.141747	0.0618884	0.104911	0.336168	0.0473047	0.120377	2.958	0.457036	0.163123
4370000	-22.47301	0	-22.47301	0.0785818	0.247768	0.0998046	0.129984	0.0739372	0.0622528	2.95444	0.437526	2.05834
4380000	-23.43532	0	-23.43532	0.179993	0.112928	0.388335	0.219848	0.126323	0.2015	2.12522	1.62114	1.42854
4390000	-26.53624	0	-26.53624	0.309581	0.179535	0.176466	0.434135	0.0864482	0.195176	1.39746	0.995131	0.0782869
4400000	-19.24626	0	-19.24626	0.129592	0.212669	0.137259	0.151289	0.172478	0.093137	2.02252	1.09572	0.945198
4410000	-25.55643	0	-25.55643	0.17449	0.0976155	0.131994	0.375317	0.10254	0.036609	1.0209	0.424751	1.21108
4420000	-18.44214	0	-18.44214	0.115298	0.0822085	0.158612	0.186176	0.0897915	0.179642	0.68061	1.11042	0.166778
4430000	-20.22615	0	-20.22615	0.172791	0.109537	0.185256	0.474556	0.061122	0.0631539	1.50252	2.32075	1.48972
4440000	-25.14825	0	-25.14825	0.164403	0.294778	0.14335	0.251057	0.105769	0.232681	2.433	1.32879	0.187442
4450000	-21.16982	0	-21.16982	0.257516	0.103372	0.104139	0.389805	0.089003	0.117365	1.31344	3.44731	0.308344
4460000	-21.7077	0	-21.7077	0.149568	0.102248	0.108612	0.594208	0.0741826	0.117193	0.661266	0.398446	0.121861
4470000	-22.00177	0	-22.00177	0.0824967	0.134544	0.213469	0.191395	0.145684	0.358486	0.86371	1.52083	0.638945
4480000	-24.8234	0	-24.8234	0.197763	0.0707274	0.242049	0.497578	0.0754944	0.0680972	2.789	0.1415	0.399743
4490000	-22.79471	0	-22.79471	0.0886187	0.0807437	0.231616	0.426552	0.0793669	0.300235	0.723754	0.276829	0.311998
4500000	-22.49218	0	-22.49218	0.0740595	0.220153	0.311557	0.190547	0.11193	0.0666007	2.74528	0.676221	0.838317
4510000	-21.47493	0	-21.47493	0.0696691	0.0649339	0.392432	0.271339	0.0766926	0.0680908	1.86965	1.63519	0.869819
4520000	-22.07918	0	-22.07918	0.152456	0.319008	0.104487	0.231018	0.104157	0.0973876	2.59399	0.597203	1.1226
4530000	-24.99585	0	-24.99585	0.149878	0.210225	0.120355	0.382787	0.312385	0.12041	1.41924	0.865835	0.148269
4540000	-17.88522	0	-17.88522	0.10197	0.100661	0.163666	0.198305	0.140056	0.103351	1.85678	0.350002	0.211053
4550000	-17.05662	0	-17.05662	0.152271	0.109125	0.142433	0.33224	0.0933082	0.178497	1.40267	0.875325	0.325876
4560000	-24.00148	0	-24.00148	0.139294	0.151628	0.265263	0.425814	0.238322	0.132184	1.1035	0.40922	1.97185
4570000	-20.56767	0	-20.56767	0.142739	0.167623	0.217477	0.264494	0.192351	0.0442117	1.74311	0.239956	0.302532
4580000	-21.68805	0	-21.68805	0.120272	0.265794	0.0483489	0.24286	0.0790434	0.169034	2.25062	0.719666	0.578844
4590000	-20.51695	0	-20.51695	0.126032	0.118107	0.118095	0.337484	0.0811051	0.0796372	3.38784	0.635225	1.52955
4600000	-22.70416	0	-22.70416	0.290005	0.399357	0.0843552	0.324133	0.0568893	0.113073	0.72294	0.702073	1.01733
4610000	-24.51886	0	-24.51886	0.0621566	0.102912	0.21978	0.413816	0.0598344	0.32824	0.892055	0.43709	0.525351
4620000	-27.61177	0	-27.61177	0.17401	0.157539	0.16124	0.614686	0.0634251	0.0408679	2.35551	3.18543	0.731639
4630000	-20.1268	0	-20.1268	0.127487	0.135944	0.415569	0.234563	0.119872	0.117436	1.24955	1.1885	0.679715
4640000	-28.60858	0	-28.60858	0.103471	0.136135	0.0957892	0.213107	0.106871	0.087834	3.69201	0.759946	0.0257719
4650000	-19.83206	0	-19.83206	0.127919	0.193029	0.370765	0.171393	0.0690806	0.146495	0.995813	0.402259	0.304611
4660000	-22.80013	0	-22.80013	0.0918493	0.127013	0.184257	0.213359	0.22782	0.115176	2.25764	0.168392	0.782371
4670000	-27.97241	0	-27.97241	0.141879	0.171627	0.539627	0.275583	0.0692075	0.0783414	5.52197	1.68466	2.32131
4680000	-26.40129	0	-26.40129	0.208133	0.258747	0.175701	0.582625	0.097682	0.225672	2.73308	0.657315	0.240539
4690000	-30.43468	0	-30.43468	0.266129	0.21114	0.300567	0.118647	0.163702	0.223201	5.01873	3.05841	0.486208
4700000	-17.79027	0	-17.79027	0.180565	0.204601	0.0941143	0.17447	0.102321	0.0750744	1.25522	0.483978	0.512984
4710000	-21.64913	0	-21.64913	0.113116	0.200928	0.0873974	0.44956	0.129006	0.147408	0.638629	0.642095	1.50373
4720000	-19.88015	0	-19.88015	0.160048	0.113699	0.204503	0.257714	0.103806	0.140324	1.99241	0.314655	0.234285
4730000	-27.21037	0	-27.21037	0.198928	0.573558	0.103641	0.125976	0.134753	0.115781	3.45143	2.35598	1.55147
4740000	-24.52957	0	-24.52957	0.0463329	0.138072	0.0708575	0.435697	0.142774	0.0936873	2.67626	0.20493	0.153981
4750000	-26.52118	0	-26.52118	0.048087	0.131912	0.193879	0.353344	0.17907	0.272688	2.53225	0.421251	1.79595
4760000	-21.2474	0	-21.2474	0.154639	0.395279	0.127986	0.224479	0.105579	0.0656413	1.822	1.20084	1.55044
4770000	-22.73491	0	-22.73491	0.130477	0.128656	0.20221	0.138377	0.0962102	0.110178	0.413419	0.50879	0.39493
4780000	-17.97258	0	-17.97258	0.154137	0.106489	0.230065	0.290793	0.0911387	0.170333	1.24805	1.19396	1.6237
4790000	-22.1451	0	-22.1451	0.227851	0.215015	0.0550846	0.272741	0.123773	0.099384	1.88023	2.72452	1.49489
4800000	-18.89564	0	-18.89564	0.111404	0.128011	0.0845172	0.441302	0.0821236	0.151756	1.28912	0.629968	1.15507
4810000	-21.25859	0	-21.25859	0.0837215	0.181482	0.127091	0.257066	0.0452307	0.212667	2.01583	0.621001	1.00877
4820000	-21.61703	0	-21.61703	0.146979	0.183724	0.323055	0.363952	0.0612829	0.127072	2.80018	1.50047	0.255941
4830000	-19.38883	0	-19.38883	0.125323	0.209931	0.0732387	0.321726	0.0737794	0.129065	3.27137	0.80999	0.641712
4840000	-24.24767	0	-24.24767	0.0702468	0.168742	0.0913891	0.238258	0.171876	0.246329	4.63982	1.86121	0.356537
4850000	-19.23465	0	-19.23465	0.143024	0.101351	0.274991	0.208424	0.073235	0.211866	2.24133	1.17669	0.0982386
4860000	-22.76452	0	-22.76452	0.0652091	0.16377	0.283647	0.251674	0.0463851	0.0639042	1.77519	2.10124	0.384506
4870000	-23.05471	0	-23.05471	0.248549	0.171456	0.181305	0.367158	0.0952606	0.162514	3.04601	0.897262	0.430527
4880000	-23.02753	0	-23.02753	0.195742	0.210101	0.0998731	0.212	0.236168	0.196442	1.41769	0.867054	1.32737
4890000	-22.593	0	-22.593	0.110705	0.20114	0.170335	0.369142	0.20144	0.204884	2.32877	0.172715	0.977029
4900000	-23.68265	0	-23.68265	0.145698	0.287685	0.378236	0.309864	0.135481	0.0871948	1.41505	1.19842	2.45023
4910000	-27.41854	0	-27.41854	0.267372	0.099519	0.0556992	0.386702	0.278512	0.157094	3.75646	2.9981	0.86459
4920000	-23.48532	0	-23.48532	0.159949	0.112253	0.244327	0.586547	0.12832	0.0901035	2.40587	3.49054	0.0549648
4930000	-24.53474	0	-24.53474	0.224255	0.357745	0.0704575	0.299026	0.0873387	0.142466	1.50908	0.422369	3.46497
4940000	-22.28252	0	-22.28252	0.258535	0.160373	0.456736	0.229658	0.168145	0.178298	1.103	0.900197	1.25839
4950000	-23.39177	0	-23.39177	0.254986	0.189802	0.135576	0.320642	0.108914	0.0723498	1.92518	0.33759	0.0115783
4960000	-23.46836	0	-23.46836	0.114035	0.0911464	0.334396	0.344586	0.097928	0.0569249	2.61193	2.76424	2.46139
4970000	-16.98474	0	-16.98474	0.133238	0.145513	0.170212	0.249309	0.115981	0.146636	1.6568	0.656033	0.52005
4980000	-19.13497	0	-19.13497	0.0745676	0.25807	0.18267	0.20492	0.119703	0.152731	0.942228	0.83002	2.25382
4990000	-26.00724	0	-26.00724	0.386078	0.130056	0.370735	0.228769	0.258037	0.117873	1.18836	1.42743	1.05342
5000000	-21.55187	0	-21.55187	0.0744508	0.108274	0.208056	0.262525	0.0900763	0.120137	0.750771	0.184931	0.267622
