Iteration	Posterior	Likelihood	Prior	lambda[1]	lambda[2]	lambda[3]	mu[1]	mu[2]	mu[3]	psi[1]	psi[2]	psi[3]
0	-37.32925	0	-37.32925	0.0774625	0.0840688	0.12324	0.0740593	0.102163	0.163988	0.0336956	0.507577	0.554735
10000	-23.94147	0	-23.94147	0.183848	0.124291	0.15972	0.323333	0.0691896	0.108685	2.93799	1.8642	0.811781
20000	-26.69563	0	-26.69563	0.181424	0.0959372	0.219728	0.227637	0.0784567	0.0512549	1.98745	1.35174	0.635793
30000	-25.43863	0	-25.43863	0.0833829	0.090632	0.117978	0.685355	0.110207	0.117272	1.40451	1.17107	1.23461
40000	-30.98301	0	-30.98301	0.119637	0.108329	0.217695	0.324208	0.259492	0.333222	2.90488	0.600207	0.184762
50000	-23.40976	0	-23.40976	0.0602628	0.0916404	0.0841338	0.474488	0.152956	0.0913739	0.677587	0.325431	0.0729303
60000	-22.66493	0	-22.66493	0.0801464	0.123509	0.349266	0.261722	0.108879	0.0696859	0.63517	0.472983	0.407069
70000	-18.07404	0	-18.07404	0.134273	0.276931	0.256449	0.432118	0.100728	0.0805335	0.66811	1.19353	0.55948
80000	-28.54317	0	-28.54317	0.103688	0.167808	0.194378	0.169193	0.159729	0.121093	1.09831	0.6906	0.0015912
90000	-22.19558	0	-22.19558	0.127056	0.259375	0.358829	0.268929	0.193315	0.12443	1.34033	1.25904	1.34297
100000	-23.27358	0	-23.27358	0.11251	0.108804	0.0857566	0.524955	0.11124	0.145843	2.53203	1.95471	0.124243
110000	-18.64858	0	-18.64858	0.104966	0.171399	0.298375	0.236466	0.178388	0.121874	1.29432	0.554842	0.620151
120000	-23.00282	0	-23.00282	0.0559361	0.156138	0.179737	0.222743	0.0604421	0.0651674	0.408338	1.13021	1.52807
130000	-28.60102	0	-28.60102	0.0338152	0.237445	0.236705	0.448385	0.246369	0.0836201	0.639427	0.662789	0.372437
140000	-21.76861	0	-21.76861	0.177758	0.356454	0.290401	0.191489	0.094952	0.127604	0.28587	1.41129	0.787357
150000	-33.4582	0	-33.4582	0.156119	0.358068	0.282997	0.143211	0.153244	0.104275	2.6724	0.955462	0.512063
160000	-19.07439	0	-19.07439	0.21003	0.13506	0.244448	0.435723	0.0855175	0.114748	1.06285	0.784579	1.00205
170000	-27.06458	0	-27.06458	0.0456408	0.213546	0.280157	0.289878	0.329454	0.0982721	3.55898	1.29576	1.07032
180000	-22.77502	0	-22.77502	0.145678	0.247783	0.119833	0.473483	0.146323	0.16043	0.869916	1.07948	1.00386
190000	-21.851	0	-21.851	0.114689	0.31442	0.297952	0.496327	0.153767	0.103987	1.45966	0.730627	0.059703
200000	-22.10023	0	-22.10023	0.171424	0.183575	0.134035	0.276144	0.140769	0.126331	1.29476	1.40299	0.229996
210000	-23.83899	0	-23.83899	0.178356	0.108829	0.249932	0.142785	0.332149	0.156285	1.14405	1.76323	0.24816
220000	-18.38448	0	-18.38448	0.0765159	0.159659	0.174513	0.534646	0.0695121	0.117244	0.611136	0.486842	0.504301
230000	-22.02979	0	-22.02979	0.120115	0.0894341	0.0868899	0.323789	0.0633713	0.133703	1.06502	2.09256	0.41696
240000	-26.45567	0	-26.45567	0.128356	0.112276	0.0795376	0.150356	0.111819	0.169675	3.07551	0.475163	1.66087
250000	-26.86258	0	-26.86258	0.216444	0.119662	0.240987	0.355411	0.173113	0.0777731	1.75226	0.606002	0.045552
260000	-30.29237	0	-30.29237	0.18355	0.258837	0.049196	0.25918	0.285121	0.0633504	2.88244	2.21295	2.74025
270000	-21.28286	0	-21.28286	0.135877	0.110631	0.187443	0.146411	0.118251	0.142746	1.43979	0.483293	1.28942
280000	-25.49043	0	-25.49043	0.113075	0.136266	0.116649	0.166228	0.178985	0.252992	2.75611	4.5294	0.563117
290000	-24.39438	0	-24.39438	0.227412	0.196085	0.455357	0.23609	0.219625	0.0986904	2.90075	1.1495	0.199389
300000	-22.10316	0	-22.10316	0.189744	0.194259	0.20147	0.0973005	0.119386	0.128771	1.53492	0.523257	0.123984
310000	-22.37206	0	-22.37206	0.09106	0.230555	0.110549	0.243703	0.0490268	0.090506	0.665336	0.287052	0.430585
320000	-25.18851	0	-25.18851	0.174617	0.296528	0.156068	0.25022	0.172585	0.113352	3.86656	1.00961	0.162094
330000	-23.28947	0	-23.28947	0.0396142	0.116732	0.0846311	0.261327	0.0988038	0.0831213	0.627557	0.993908	0.193137
340000	-23.23147	0	-23.23147	0.0864656	0.238046	0.14058	0.384651	0.169575	0.10872	1.10796	0.449289	0.824391
350000	-40.22746	0	-40.22746	0.243535	0.112165	0.131853	0.596908	0.352091	0.0776704	1.5559	0.0521834	0.00157735
360000	-24.77233	0	-24.77233	0.0303341	0.158096	0.153301	0.303293	0.06779	0.169496	0.734277	0.516962	0.370202
370000	-32.34644	0	-32.34644	0.0598492	0.492913	0.373545	0.605067	0.102421	0.298619	0.0862039	0.709327	0.617489
380000	-22.78273	0	-22.78273	0.156877	0.140602	0.239613	0.214761	0.153337	0.106463	0.412135	0.502478	1.67217
390000	-22.6372	0	-22.6372	0.167474	0.205402	0.120017	0.212549	0.0611745	0.0971453	0.74163	0.684258	0.153191
400000	-23.94743	0	-23.94743	0.141078	0.0683915	0.160222	0.361959	0.207997	0.175942	0.724427	0.250298	0.330146
410000	-21.1507	0	-21.1507	0.079784	0.148383	0.17208	0.555424	0.164998	0.12583	1.80106	1.97994	0.567341
420000	-20.4998	0	-20.4998	0.0704739	0.322366	0.138152	0.345677	0.131398	0.0861545	1.57002	0.218261	0.455511
430000	-21.65338	0	-21.65338	0.0980501	0.0915293	0.157716	0.3156	0.17217	0.161961	3.34892	1.9239	0.0949114
440000	-19.72048	0	-19.72048	0.110883	0.0719755	0.236982	0.218346	0.0429502	0.125084	0.664356	1.19165	0.374075
450000	-22.50473	0	-22.50473	0.274411	0.117051	0.167126	0.234708	0.0860857	0.120969	2.35225	1.39627	0.943577
460000	-25.12673	0	-25.12673	0.200194	0.209144	0.143971	0.197633	0.251538	0.091438	4.5706	1.76197	1.42339
470000	-25.09815	0	-25.09815	0.246058	0.11844	0.339823	0.669504	0.148884	0.0494698	0.810959	0.678085	0.076193
480000	-22.16186	0	-22.16186	0.143424	0.170973	0.114767	0.491221	0.301925	0.0926027	1.87007	0.895916	0.507358
490000	-23.19228	0	-23.19228	0.147143	0.158251	0.147805	0.203936	0.088178	0.0421393	1.15859	1.57896	2.89647
500000	-22.3207	0	-22.3207	0.0689269	0.1397	0.136601	0.223804	0.118307	0.234124	2.18428	1.53544	0.330964
510000	-21.8621	0	-21.8621	0.0497321	0.126439	0.157942	0.140677	0.185369	0.101143	2.03849	2.91175	0.0995335
520000	-22.13135	0	-22.13135	0.192459	0.318767	0.0796189	0.107722	0.106712	0.180827	0.71299	2.40978	0.328972
530000	-21.15828	0	-21.15828	0.135328	0.120219	0.131508	0.293885	0.070613	0.116632	2.35082	0.282735	0.0620953
540000	-26.5572	0	-26.5572	0.20032	0.104964	0.169275	0.326366	0.1502	0.0828359	2.41867	1.63355	0.151394
550000	-28.2267	0	-28.2267	0.129141	0.242958	0.0499744	0.436867	0.0947995	0.348378	2.0859	0.919755	2.71036
560000	-22.5647	0	-22.5647	0.0472806	0.244321	0.106814	0.244201	0.19645	0.163027	1.48392	0.509928	1.30104
570000	-24.29041	0	-24.29041	0.107828	0.145942	0.059866	0.246722	0.167852	0.213845	2.44783	3.65728	0.150633
580000	-24.92338	0	-24.92338	0.232072	0.0803426	0.526841	0.262825	0.0835446	0.167278	2.90515	0.717703	0.250947
590000	-18.21607	0	-18.21607	0.128766	0.174065	0.177517	0.570589	0.11265	0.203254	0.52922	0.622471	0.735264
600000	-22.1155	0	-22.1155	0.140706	0.201443	0.316318	0.502927	0.176429	0.186405	2.62894	0.656385	0.0369205
610000	-25.41339	0	-25.41339	0.177313	0.11214	0.143227	0.348484	0.179804	0.153863	2.71045	0.964485	1.00387
620000	-21.53314	0	-21.53314	0.111454	0.126313	0.0777154	0.158121	0.0661042	0.101145	0.953489	2.0522	0.559547
630000	-25.45564	0	-25.45564	0.196945	0.285741	0.284194	0.190245	0.0854191	0.261846	0.414501	0.731098	0.263378
640000	-27.30459	0	-27.30459	0.0752668	0.109072	0.363888	0.535894	0.362777	0.0830354	0.9889	1.92309	0.12782
650000	-22.83615	0	-22.83615	0.185654	0.172856	0.150418	0.186979	0.171703	0.12375	0.446367	0.520632	0.127198
660000	-20.2196	0	-20.2196	0.189682	0.195532	0.064756	0.156267	0.0962731	0.114517	2.73813	0.372458	0.326991
670000	-27.19701	0	-27.19701	0.10475	0.226153	0.19831	0.13694	0.195963	0.184393	0.493154	0.0838136	0.197468
680000	-22.13708	0	-22.13708	0.147298	0.18676	0.152254	0.398238	0.114128	0.164914	0.997771	1.03731	1.16661
690000	-20.60257	0	-20.60257	0.130471	0.196451	0.161761	0.233075	0.166652	0.145896	1.742	1.30218	0.123824
700000	-21.87694	0	-21.87694	0.118388	0.247127	0.179058	0.335589	0.115806	0.0816809	0.457419	0.318873	0.393627
710000	-19.8303	0	-19.8303	0.262095	0.184634	0.128394	0.409007	0.1063	0.0983238	0.557849	1.96307	0.28825
720000	-25.00133	0	-25.00133	0.072901	0.0834346	0.100567	0.382339	0.0859824	0.199361	0.712406	1.9952	0.497855
730000	-25.62065	0	-25.62065	0.100215	0.072557	0.202923	0.258393	0.279097	0.145088	1.99603	2.99255	0.0715727
740000	-28.4682	0	-28.4682	0.171037	0.141003	0.0707096	0.256824	0.0997559	0.0672139	3.01112	1.35686	0.090442
750000	-21.54743	0	-21.54743	0.196946	0.127323	0.393473	0.404742	0.13188	0.10847	0.548585	0.639061	0.0866339
760000	-23.44735	0	-23.44735	0.0852816	0.0840616	0.225743	0.328602	0.159328	0.0791562	1.36102	0.610954	0.735615
770000	-22.76553	0	-22.76553	0.177044	0.0966361	0.316915	0.220359	0.146676	0.161226	0.533259	1.99536	1.48368
780000	-28.46343	0	-28.46343	0.111887	0.206574	0.297023	0.429556	0.115931	0.10826	0.264928	0.122626	0.0829372
790000	-25.87967	0	-25.87967	0.194892	0.220363	0.244573	0.338768	0.224084	0.233593	0.898274	1.21177	1.17684
800000	-22.50677	0	-22.50677	0.130941	0.0804858	0.191248	0.258071	0.0964609	0.110896	2.89137	0.571619	2.32596
810000	-18.23239	0	-18.23239	0.0792283	0.103325	0.19673	0.225339	0.0967249	0.206487	1.39719	1.40041	1.66766
820000	-24.52017	0	-24.52017	0.0679978	0.148887	0.138592	0.36141	0.0693753	0.157509	0.841697	0.580776	0.0765274
830000	-28.68685	0	-28.68685	0.052946	0.129532	0.206426	0.155269	0.22002	0.138078	2.03829	0.499547	0.0109364
840000	-18.36889	0	-18.36889	0.0806633	0.26934	0.158025	0.361382	0.0870056	0.145283	0.943998	0.61735	1.76567
850000	-20.15075	0	-20.15075	0.129107	0.26193	0.217362	0.376424	0.138256	0.116773	1.59775	1.07757	0.682691
860000	-19.55917	0	-19.55917	0.0884509	0.0844962	0.321551	0.253035	0.0730648	0.0986876	1.40318	0.833177	0.621761
870000	-20.68408	0	-20.68408	0.0944873	0.180204	0.108901	0.180877	0.0865287	0.0802301	0.538975	0.816578	0.236314
880000	-22.25343	0	-22.25343	0.186753	0.276185	0.121372	0.153557	0.0904304	0.0595649	1.44704	0.530542	0.427645
890000	-20.68658	0	-20.68658	0.110422	0.119508	0.162545	0.454474	0.109566	0.0563968	1.25486	2.35362	0.177407
900000	-18.42638	0	-18.42638	0.149594	0.0918723	0.199372	0.217045	0.129373	0.160006	0.954093	1.34581	0.0977644
910000	-25.23401	0	-25.23401	0.0840428	0.267712	0.368207	0.293045	0.0793347	0.1346	2.04028	0.172652	0.567274
920000	-26.06831	0	-26.06831	0.0777525	0.0763661	0.244065	0.557122	0.195668	0.219366	0.700387	0.606003	0.0256994
930000	-28.00192	0	-28.00192	0.049677	0.150636	0.284064	0.415092	0.192063	0.0811291	1.08746	0.497176	0.156772
940000	-27.22936	0	-27.22936	0.0594567	0.0989787	0.170014	0.297057	0.134888	0.119236	0.629397	0.864044	0.197317
950000	-22.93521	0	-22.93521	0.143552	0.115797	0.213657	0.170188	0.0711371	0.101901	0.30368	1.78596	0.0380126
960000	-22.11607	0	-22.11607	0.0557532	0.0528359	0.509732	0.35551	0.0598747	0.0513543	1.47793	0.865974	0.477119
970000	-23.06648	0	-23.06648	0.13926	0.207182	0.178268	0.369673	0.0959837	0.35835	1.13448	1.20637	0.208225
980000	-26.08374	0	-26.08374	0.143302	0.250099	0.276264	0.375144	0.269724	0.126436	1.64674	2.56235	0.0998926
990000	-26.05335	0	-26.05335	0.166172	0.126385	0.206303	0.264394	0.279286	0.101291	1.03807	1.70157	0.165155
1000000	-23.24827	0	-23.24827	0.184393	0.234562	0.0672676	0.503075	0.160317	0.133523	1.08143	2.58595	2.44455
1010000	-21.34093	0	-21.34093	0.112897	0.230827	0.099048	0.261952	0.17182	0.153822	0.285724	2.49238	0.549356
1020000	-27.76816	0	-27.76816	0.278664	0.202373	0.167097	0.21404	0.349548	0.0914905	0.449516	3.60262	0.0684567
1030000	-22.73464	0	-22.73464	0.180506	0.175241	0.227373	0.479657	0.22901	0.120665	1.19895	0.528507	2.21734
1040000	-25.7959	0	-25.7959	0.092213	0.103419	0.311698	0.186423	0.217001	0.141497	1.25984	1.03326	0.161728
1050000	-19.39045	0	-19.39045	0.190874	0.158342	0.185827	0.274184	0.117622	0.114225	1.20385	1.87993	0.445405
1060000	-23.48927	0	-23.48927	0.254037	0.221882	0.160659	0.200283	0.155676	0.0432796	1.22293	1.35928	0.502726
1070000	-21.71487	0	-21.71487	0.0827904	0.0730085	0.177336	0.268079	0.103742	0.0545455	1.89714	0.527874	0.228845
1080000	-23.58103	0	-23.58103	0.352646	0.245445	0.124379	0.132827	0.160056	0.0978718	0.828931	0.526452	0.222178
1090000	-17.16914	0	-17.16914	0.119989	0.116509	0.175268	0.252736	0.0653889	0.0845852	1.7774	1.56366	0.166096
1100000	-23.77757	0	-23.77757	0.212737	0.237328	0.145239	0.29307	0.242893	0.107474	2.33469	0.398926	0.0309306
1110000	-24.69041	0	-24.69041	0.263567	0.137072	0.338597	0.0671011	0.173759	0.171306	1.33096	0.793941	0.254612
1120000	-24.68587	0	-24.68587	0.14893	0.0900172	0.164916	0.562511	0.172702	0.0763465	1.04639	0.497607	0.62525
1130000	-23.55347	0	-23.55347	0.0946232	0.212732	0.0865664	0.317274	0.074088	0.195813	0.321136	0.747012	0.885896
1140000	-22.96378	0	-22.96378	0.273651	0.188545	0.332425	0.489877	0.143391	0.125805	0.827004	0.649924	0.21979
1150000	-21.61364	0	-21.61364	0.195083	0.173345	0.161989	0.326993	0.0767303	0.0965822	2.07645	1.58235	0.309335
1160000	-20.2612	0	-20.2612	0.110539	0.103081	0.189775	0.374539	0.180548	0.118614	1.37209	0.833688	0.273438
1170000	-24.27813	0	-24.27813	0.114672	0.0955421	0.183013	0.192814	0.163456	0.0444224	1.16709	0.371626	0.170028
1180000	-27.50301	0	-27.50301	0.0463635	0.245879	0.12915	0.173536	0.329516	0.111519	3.26776	3.40756	0.288156
1190000	-26.359	0	-26.359	0.0452199	0.178346	0.236402	0.718147	0.0722428	0.131423	3.97998	0.764129	0.59521
1200000	-24.273	0	-24.273	0.145724	0.258731	0.233719	0.178093	0.169151	0.0686167	1.83761	0.718947	0.228557
1210000	-22.41197	0	-22.41197	0.0822338	0.15117	0.11128	0.24094	0.177818	0.0899358	3.90715	0.421379	0.174379
1220000	-26.95414	0	-26.95414	0.0958484	0.0574695	0.317745	0.179169	0.287847	0.188998	2.8303	1.96448	0.587048
1230000	-24.45945	0	-24.45945	0.184015	0.456787	0.123666	0.397142	0.119773	0.0895659	2.24977	1.70239	1.70959
1240000	-18.75541	0	-18.75541	0.11325	0.170349	0.112098	0.241795	0.18476	0.0716271	0.480634	0.812553	0.378454
1250000	-20.97487	0	-20.97487	0.216268	0.110497	0.23692	0.135054	0.148884	0.0903373	2.2959	3.04844	0.418875
1260000	-21.34832	0	-21.34832	0.276009	0.150796	0.194817	0.198216	0.21123	0.0900182	1.58281	1.09571	0.514168
1270000	-17.75627	0	-17.75627	0.140482	0.206225	0.0858694	0.358608	0.0838332	0.105131	0.843923	0.653029	0.79299
1280000	-28.59029	0	-28.59029	0.211414	0.327538	0.192334	0.589818	0.129694	0.234927	1.04465	1.1187	0.205417
1290000	-27.40231	0	-27.40231	0.116144	0.17651	0.234822	0.363511	0.19839	0.0394571	0.882102	6.51536	0.376908
1300000	-24.40477	0	-24.40477	0.068276	0.366801	0.110487	0.168834	0.0869179	0.107381	0.314896	0.550865	0.356235
1310000	-21.64738	0	-21.64738	0.204622	0.175362	0.181332	0.390501	0.0968036	0.13072	0.412473	0.790068	1.48706
1320000	-24.06128	0	-24.06128	0.134428	0.172067	0.183784	0.225694	0.106855	0.0412267	0.850826	0.778014	0.0614463
1330000	-24.42833	0	-24.42833	0.0738038	0.101999	0.406202	0.270804	0.0875558	0.0920831	1.01937	2.99675	0.398059
1340000	-22.68901	0	-22.68901	0.173317	0.261584	0.22262	0.129628	0.128639	0.203725	2.34275	0.651914	1.91773
1350000	-26.61347	0	-26.61347	0.114184	0.186297	0.122248	0.241394	0.0888866	0.176969	2.34217	1.6294	0.112326
1360000	-27.10733	0	-27.10733	0.145662	0.167037	0.209154	0.720418	0.141269	0.21455	1.33239	2.75958	0.165289
1370000	-30.72541	0	-30.72541	0.237535	0.0738311	0.0799406	0.0791496	0.20648	0.0697027	2.10973	1.35937	1.95843
1380000	-19.72512	0	-19.72512	0.0677114	0.150963	0.0964008	0.255185	0.121686	0.120034	0.971188	0.729523	1.61782
1390000	-19.73052	0	-19.73052	0.0537131	0.22692	0.0730178	0.259867	0.0567792	0.12589	0.441905	0.956725	0.773552
1400000	-38.91591	0	-38.91591	0.0953218	0.185202	0.0850151	0.349573	0.14468	0.0543498	1.31894	0.0889429	0.00725457
1410000	-22.71585	0	-22.71585	0.0920429	0.250576	0.169353	0.225757	0.148614	0.120514	0.769799	1.26341	0.024697
1420000	-26.66697	0	-26.66697	0.267939	0.337888	0.124986	0.185545	0.0895094	0.180749	0.404208	0.390994	1.52048
1430000	-19.72176	0	-19.72176	0.155658	0.193434	0.174596	0.322705	0.189314	0.225176	0.76555	1.27514	0.0725674
1440000	-29.90865	0	-29.90865	0.0789496	0.136287	0.404518	0.195751	0.0934502	0.211371	2.61968	1.10457	0.479506
1450000	-23.28955	0	-23.28955	0.120738	0.361604	0.135278	0.240279	0.0714003	0.113098	1.52176	2.9409	0.457479
1460000	-24.67445	0	-24.67445	0.0803378	0.23501	0.172948	0.323042	0.118483	0.16107	1.10802	0.688681	0.170158
1470000	-20.24121	0	-20.24121	0.0497494	0.141426	0.174428	0.271225	0.103159	0.115972	1.50269	1.13216	0.611636
1480000	-21.18946	0	-21.18946	0.111367	0.271142	0.110524	0.159094	0.112921	0.155731	2.31085	1.0226	1.66009
1490000	-20.04475	0	-20.04475	0.0983038	0.158406	0.113596	0.421128	0.128308	0.178643	0.434115	0.667427	1.25697
1500000	-23.25731	0	-23.25731	0.125279	0.148736	0.161677	0.399532	0.116136	0.113656	2.26571	0.577605	0.387252
1510000	-23.4083	0	-23.4083	0.267356	0.126904	0.168051	0.341342	0.0522886	0.201678	1.23806	1.90347	1.04089
1520000	-22.34049	0	-22.34049	0.0504919	0.286479	0.166261	0.130064	0.191476	0.0643391	1.13125	1.1866	0.337693
1530000	-24.75883	0	-24.75883	0.11261	0.0830797	0.0975501	0.135113	0.102768	0.0656827	3.15158	0.507435	0.934319
1540000	-25.64084	0	-25.64084	0.178807	0.239798	0.190874	0.282765	0.138306	0.126194	1.94653	2.69074	0.493927
1550000	-29.29718	0	-29.29718	0.0915489	0.281204	0.192101	0.174467	0.0645531	0.20119	0.164875	0.932069	0.537981
1560000	-21.36143	0	-21.36143	0.145061	0.175415	0.283988	0.227051	0.0481581	0.149006	1.75474	0.618003	0.566207
1570000	-23.75939	0	-23.75939	0.0590237	0.0875929	0.243241	0.303967	0.16834	0.0867206	2.01357	0.472634	0.482671
1580000	-27.74029	0	-27.74029	0.153976	0.0530116	0.169095	0.343365	0.216375	0.222748	2.44436	1.20087	0.143822
1590000	-20.77075	0	-20.77075	0.110277	0.165568	0.149254	0.206245	0.324795	0.112996	2.61474	1.80015	1.9577
1600000	-23.57366	0	-23.57366	0.0789455	0.63236	0.136659	0.251025	0.0980189	0.116285	1.18582	0.907054	0.92094
1610000	-19.71563	0	-19.71563	0.0867903	0.155237	0.14474	0.195056	0.0809928	0.234984	1.64511	1.06648	0.324781
1620000	-25.80326	0	-25.80326	0.0528186	0.282987	0.399523	0.202338	0.0440921	0.129497	1.02162	1.49301	0.701291
1630000	-22.03603	0	-22.03603	0.202843	0.113553	0.11517	0.472418	0.116502	0.193047	0.601313	1.50438	0.43621
1640000	-30.94419	0	-30.94419	0.26539	0.278042	0.101593	0.376193	0.224887	0.137283	3.11348	2.50679	1.99325
1650000	-21.18049	0	-21.18049	0.196321	0.154734	0.198701	0.164829	0.0811885	0.102316	1.00415	0.721874	0.91912
1660000	-27.26006	0	-27.26006	0.0534788	0.160122	0.232849	0.147144	0.13856	0.0708604	6.58885	1.02018	0.259068
1670000	-22.55511	0	-22.55511	0.153498	0.152381	0.333052	0.311465	0.180075	0.217841	2.00055	1.35814	0.372389
1680000	-21.97496	0	-21.97496	0.0612553	0.129225	0.0854938	0.339024	0.152295	0.178049	1.94561	2.33758	1.21888
1690000	-26.01398	0	-26.01398	0.121125	0.120994	0.240144	0.0717629	0.230078	0.192127	1.07535	2.76086	0.0285017
1700000	-20.92024	0	-20.92024	0.0719037	0.132568	0.166098	0.265738	0.132529	0.0931395	1.48376	1.44663	0.854542
1710000	-19.6135	0	-19.6135	0.124425	0.171608	0.173695	0.383732	0.0997909	0.0704757	2.29565	0.276247	1.13299
1720000	-28.50549	0	-28.50549	0.133789	0.150461	0.16476	0.152276	0.0698315	0.0814575	3.79638	0.273531	0.570732
1730000	-29.02049	0	-29.02049	0.412006	0.108097	0.112702	0.201622	0.336197	0.0967815	0.679605	3.07855	0.100459
1740000	-22.13995	0	-22.13995	0.179138	0.293145	0.147467	0.185954	0.112486	0.138958	1.55439	1.03208	0.685289
1750000	-25.96368	0	-25.96368	0.16194	0.336074	0.077423	0.24362	0.202808	0.0436507	3.86984	2.74512	1.7841
1760000	-24.32744	0	-24.32744	0.0964719	0.173084	0.103079	0.326747	0.0713381	0.0369168	1.02348	1.25932	0.58295
1770000	-24.8088	0	-24.8088	0.129757	0.289734	0.165998	0.234249	0.0929867	0.0970987	2.49667	5.17646	1.55546
1780000	-19.43429	0	-19.43429	0.108852	0.310883	0.173346	0.194867	0.127568	0.0942548	1.93029	1.96834	1.26519
1790000	-25.9527	0	-25.9527	0.288315	0.117403	0.162226	0.218796	0.267317	0.0287972	0.220408	2.07448	0.925363
1800000	-24.77887	0	-24.77887	0.151323	0.0895913	0.258309	0.249742	0.0832625	0.10472	0.840628	0.31384	0.164375
1810000	-22.70766	0	-22.70766	0.0518698	0.159865	0.136188	0.168097	0.182046	0.121197	0.450929	0.877021	0.788751
1820000	-20.82475	0	-20.82475	0.102321	0.407985	0.105283	0.151567	0.134539	0.1145	0.790692	0.461301	0.695336
1830000	-18.07071	0	-18.07071	0.0587819	0.224124	0.163352	0.274557	0.135699	0.109695	0.434185	1.14604	0.543552
1840000	-25.86177	0	-25.86177	0.0519107	0.117631	0.068594	0.282822	0.124839	0.231626	1.83681	0.618924	2.77154
1850000	-24.31297	0	-24.31297	0.240548	0.0900459	0.0984123	0.451703	0.12898	0.150747	2.11989	3.46179	0.309196
1860000	-27.17832	0	-27.17832	0.118257	0.134709	0.129394	0.222678	0.162084	0.0614977	0.156686	0.603714	0.0390804
1870000	-24.93522	0	-24.93522	0.0983702	0.052296	0.192519	0.26316	0.0447525	0.143125	1.40842	0.569248	0.566799
1880000	-24.32034	0	-24.32034	0.192774	0.106923	0.138692	0.408912	0.24751	0.0701854	0.876118	0.680564	0.078342
1890000	-21.53309	0	-21.53309	0.265098	0.202924	0.132794	0.120143	0.171079	0.163539	0.773115	1.5142	1.50216
1900000	-24.20364	0	-24.20364	0.0894804	0.158998	0.138018	0.250421	0.116569	0.149313	2.16482	0.902273	0.136367
1910000	-20.62363	0	-20.62363	0.0982381	0.0974263	0.202408	0.175988	0.137131	0.0892095	0.162525	0.398949	0.334994
1920000	-27.4048	0	-27.4048	0.248356	0.113826	0.430799	0.325282	0.0598072	0.269403	0.305099	1.76773	0.241199
1930000	-23.61906	0	-23.61906	0.0854676	0.199964	0.141811	0.242942	0.133363	0.116875	3.64024	1.29903	0.158976
1940000	-19.73909	0	-19.73909	0.2374	0.112954	0.107701	0.259845	0.0923559	0.0899739	1.24485	0.934889	0.118627
1950000	-22.67202	0	-22.67202	0.227532	0.183046	0.0641858	0.255449	0.112735	0.183921	0.591021	0.617189	0.511373
1960000	-22.02442	0	-22.02442	0.0888942	0.139949	0.502632	0.178977	0.121566	0.17542	1.95872	0.960723	0.397487
1970000	-24.39554	0	-24.39554	0.0841156	0.104971	0.130324	0.240101	0.126636	0.115549	1.52145	1.06219	0.0270269
1980000	-20.83848	0	-20.83848	0.0707136	0.279509	0.23411	0.184935	0.15754	0.114287	0.767833	0.908368	1.1011
1990000	-25.03279	0	-25.03279	0.157469	0.122712	0.22314	0.236979	0.116896	0.0651693	0.661433	0.214048	0.683839
2000000	-22.54767	0	-22.54767	0.11891	0.273458	0.236159	0.215544	0.108175	0.105669	0.503459	1.54744	0.511269
2010000	-28.31647	0	-28.31647	0.219997	0.388622	0.211964	0.185341	0.108277	0.0972004	0.0622725	0.386322	0.280943
2020000	-18.42448	0	-18.42448	0.124066	0.133866	0.275993	0.196281	0.14697	0.130512	0.972925	0.625319	1.02168
2030000	-25.32274	0	-25.32274	0.312087	0.120239	0.245198	0.242715	0.116652	0.169959	0.752163	0.533541	0.323744
2040000	-24.93055	0	-24.93055	0.037142	0.156175	0.0905906	0.263475	0.0445993	0.149783	0.66092	0.666182	0.47581
2050000	-17.39596	0	-17.39596	0.128487	0.152636	0.177793	0.309678	0.116367	0.0459497	1.47997	1.19727	1.03209
2060000	-28.04551	0	-28.04551	0.176026	0.120301	0.0570986	0.3108	0.13923	0.281138	3.49489	0.807495	2.84383
2070000	-25.05	0	-25.05	0.0744816	0.0412882	0.25778	0.293519	0.146581	0.111792	1.40328	0.760727	0.051485
2080000	-21.2753	0	-21.2753	0.148944	0.134768	0.183401	0.140318	0.195867	0.100519	1.28181	1.17421	0.0937994
2090000	-30.09708	0	-30.09708	0.157053	0.0829999	0.519022	0.347845	0.186599	0.146151	1.10036	0.597363	3.24795
2100000	-30.95654	0	-30.95654	0.209318	0.0448821	0.314026	0.262394	0.124113	0.0663001	1.39207	0.462852	0.200664
2110000	-24.94283	0	-24.94283	0.110825	0.221523	0.0906074	0.509937	0.0534991	0.0412067	1.84769	1.41478	0.0498501
2120000	-20.67135	0	-20.67135	0.126719	0.10312	0.127794	0.193898	0.0618285	0.115432	0.898845	0.84247	0.287441
2130000	-27.28318	0	-27.28318	0.149981	0.496245	0.124027	0.509889	0.0899174	0.223998	0.515987	0.910585	2.44513
2140000	-21.03282	0	-21.03282	0.0921423	0.186633	0.115386	0.22917	0.107652	0.0804867	1.89871	0.780811	0.698994
2150000	-23.26057	0	-23.26057	0.0877241	0.257429	0.15085	0.240424	0.217986	0.163927	0.790375	1.61864	1.29441
2160000	-20.42859	0	-20.42859	0.072555	0.166005	0.145107	0.346538	0.0676972	0.156257	0.633726	2.0733	0.42613
2170000	-21.36285	0	-21.36285	0.168833	0.100986	0.159241	0.316949	0.103414	0.21814	2.81902	0.658086	0.0927799
2180000	-23.50017	0	-23.50017	0.105755	0.356542	0.120816	0.318852	0.106186	0.270624	0.691948	1.36736	0.439721
2190000	-23.62073	0	-23.62073	0.194558	0.111409	0.184712	0.320183	0.166016	0.116029	4.25785	0.682352	0.214949
2200000	-20.78767	0	-20.78767	0.128077	0.302891	0.131914	0.181227	0.144596	0.10886	1.98859	1.2642	3.24597
2210000	-26.3214	0	-26.3214	0.143536	0.0759422	0.105912	0.146589	0.0798376	0.0618205	2.03888	2.27306	0.532306
2220000	-25.59003	0	-25.59003	0.0984668	0.0989771	0.111075	0.175346	0.0920296	0.0764829	0.594849	2.75479	0.0846754
2230000	-25.23024	0	-25.23024	0.152338	0.462174	0.311412	0.199272	0.0985772	0.155742	1.02851	1.40462	1.0694
2240000	-24.65178	0	-24.65178	0.117327	0.0664779	0.209554	0.227188	0.277681	0.103063	1.57622	0.23894	0.0464287
2250000	-20.91977	0	-20.91977	0.110482	0.114474	0.273261	0.269307	0.0499383	0.105339	0.689396	1.91356	1.61386
2260000	-23.18025	0	-23.18025	0.221312	0.222633	0.2024	0.238772	0.0757904	0.139558	0.775168	0.704732	1.72892
2270000	-31.09931	0	-31.09931	0.152925	0.0941136	0.218545	0.369664	0.0683016	0.148379	1.73331	0.155959	0.231138
2280000	-20.74787	0	-20.74787	0.273026	0.2197	0.102713	0.28464	0.110629	0.146879	1.58518	0.685393	1.05246
2290000	-24.97984	0	-24.97984	0.16969	0.23686	0.0812279	0.367588	0.20241	0.108904	0.495181	0.303232	1.74983
2300000	-24.49821	0	-24.49821	0.216585	0.256321	0.208106	0.173106	0.152587	0.107446	3.00415	0.434027	0.711202
2310000	-20.36587	0	-20.36587	0.136022	0.0899205	0.174065	0.325339	0.114467	0.0952428	0.978241	0.41212	0.240598
2320000	-35.14627	0	-35.14627	0.338293	0.105069	0.171946	0.35022	0.289181	0.0868268	4.02638	0.22956	0.0319185
2330000	-24.15175	0	-24.15175	0.0924078	0.112193	0.176527	0.60584	0.0922822	0.097877	3.7015	2.43153	0.265272
2340000	-25.10343	0	-25.10343	0.157229	0.400281	0.115379	0.209156	0.199607	0.240168	3.33942	1.45792	2.28551
2350000	-22.57896	0	-22.57896	0.104308	0.141914	0.134911	0.156596	0.0768812	0.175229	0.545364	1.20419	0.247675
2360000	-27.17165	0	-27.17165	0.135249	0.169756	0.388952	0.31882	0.213257	0.120299	2.47839	2.92292	0.159525
2370000	-25.68565	0	-25.68565	0.1224	0.151312	0.121848	0.12854	0.240652	0.0718033	2.13112	0.911867	0.0262467
2380000	-25.02359	0	-25.02359	0.116714	0.134677	0.157067	0.295338	0.154824	0.13462	1.43131	0.791596	2.66619
2390000	-26.33304	0	-26.33304	0.240995	0.221564	0.0698184	0.273171	0.0896644	0.177711	1.0616	1.67996	3.98293
2400000	-21.84003	0	-21.84003	0.116451	0.0748659	0.289162	0.173303	0.0648459	0.202038	0.299943	0.353086	0.137586
2410000	-31.3488	0	-31.3488	0.0616395	0.304669	0.104433	0.20595	0.154164	0.0347874	0.683068	0.912224	0.03514
2420000	-25.6786	0	-25.6786	0.24103	0.0632381	0.281774	0.726985	0.137623	0.0992345	0.244162	0.262764	0.101308
2430000	-28.53994	0	-28.53994	0.171314	0.0934856	0.190917	0.348219	0.149715	0.0904543	1.68726	0.132721	0.00847418
2440000	-24.63907	0	-24.63907	0.121007	0.362777	0.215499	0.450315	0.0888352	0.0477615	1.689	0.527936	0.168634
2450000	-18.46893	0	-18.46893	0.115532	0.160187	0.109095	0.341871	0.124797	0.0714267	1.62265	1.93639	0.244636
2460000	-22.97744	0	-22.97744	0.224759	0.193201	0.0932439	0.153551	0.138089	0.108314	4.23209	0.76501	0.889883
2470000	-21.04509	0	-21.04509	0.0960517	0.226866	0.137544	0.263728	0.0846839	0.228245	1.77828	1.70497	0.385065
2480000	-30.60135	0	-30.60135	0.106904	0.0559299	0.114856	0.146237	0.168823	0.138702	1.01218	2.2906	0.27992
2490000	-22.77919	0	-22.77919	0.113492	0.104887	0.194593	0.183079	0.162428	0.0765685	2.95691	1.48427	2.53451
2500000	-25.74034	0	-25.74034	0.223019	0.122247	0.549874	0.283772	0.16225	0.0804672	0.551981	0.850006	2.37021
2510000	-25.36916	0	-25.36916	0.140923	0.0716682	0.169938	0.152404	0.2044	0.125718	1.07817	2.25678	0.141985
2520000	-20.88438	0	-20.88438	0.150635	0.249309	0.213759	0.0986062	0.255642	0.17913	1.56671	0.690648	0.741427
2530000	-22.67427	0	-22.67427	0.0706056	0.110551	0.127319	0.175751	0.0659205	0.174421	1.01635	0.531894	0.390359
2540000	-26.09009	0	-26.09009	0.100844	0.161836	0.235887	0.204337	0.198202	0.161347	0.589102	1.20999	0.477423
2550000	-22.05612	0	-22.05612	0.0775074	0.0916842	0.154665	0.27676	0.251939	0.0585907	2.10176	2.76039	0.2092
2560000	-28.24128	0	-28.24128	0.0573123	0.196864	0.502235	0.361387	0.105117	0.269873	1.26359	0.85091	1.13743
2570000	-24.2134	0	-24.2134	0.0941114	0.325779	0.203965	0.201176	0.188073	0.146266	1.32807	2.27072	0.827151
2580000	-26.68059	0	-26.68059	0.217709	0.266034	0.111376	0.461333	0.185117	0.140915	0.368448	1.2978	1.71362
2590000	-22.31921	0	-22.31921	0.164629	0.229593	0.074682	0.19782	0.165746	0.072967	1.65419	2.3483	0.63117
2600000	-22.9345	0	-22.9345	0.115172	0.146425	0.247386	0.269752	0.302289	0.099246	0.937543	0.469292	0.0538631
2610000	-22.62087	0	-22.62087	0.0694428	0.236827	0.151492	0.214501	0.159808	0.0935866	1.42128	0.50804	3.26349
2620000	-25.27485	0	-25.27485	0.171057	0.214421	0.0974096	0.130178	0.090158	0.133972	2.28522	1.63552	0.178651
2630000	-22.89125	0	-22.89125	0.181392	0.226605	0.157543	0.157412	0.161197	0.0506847	0.578976	0.384815	0.420287
2640000	-24.9453	0	-24.9453	0.216448	0.169664	0.139213	0.150196	0.413385	0.0499487	1.11142	2.29527	0.480744
2650000	-27.45111	0	-27.45111	0.201818	0.270239	0.252333	0.228327	0.174379	0.179798	0.236274	1.37809	0.0292594
2660000	-27.55728	0	-27.55728	0.0883685	0.121767	0.154794	0.498594	0.175408	0.084226	1.6458	3.3302	0.0190722
2670000	-22.52121	0	-22.52121	0.131608	0.171381	0.0972326	0.30352	0.20018	0.100637	0.66636	0.913104	1.10269
2680000	-26.24279	0	-26.24279	0.125734	0.103637	0.2025	0.33848	0.173311	0.109181	2.19985	0.408113	0.0469184
2690000	-21.6736	0	-21.6736	0.144194	0.192105	0.350227	0.250017	0.0771133	0.188427	0.719476	2.34504	2.2615
2700000	-25.58558	0	-25.58558	0.27595	0.137691	0.0904409	0.158077	0.104924	0.0943626	2.04285	0.454952	0.847903
2710000	-22.28191	0	-22.28191	0.0962745	0.132585	0.149069	0.485581	0.100859	0.0775822	1.119	0.745001	0.479121
2720000	-21.13799	0	-21.13799	0.0559502	0.121875	0.0508542	0.153478	0.10286	0.127925	1.32263	2.3164	0.562441
2730000	-22.74823	0	-22.74823	0.0860501	0.137099	0.315179	0.223549	0.212691	0.123296	0.337939	1.59263	0.745024
2740000	-21.85196	0	-21.85196	0.152689	0.143724	0.373152	0.25341	0.18645	0.218305	0.820336	1.14833	0.0430775
2750000	-26.03635	0	-26.03635	0.16621	0.117725	0.0566282	0.246213	0.184739	0.0516688	1.92484	0.467184	0.54033
2760000	-22.3032	0	-22.3032	0.067672	0.152244	0.118846	0.353045	0.161998	0.189393	1.50352	0.680171	0.282116
2770000	-27.17393	0	-27.17393	0.0928529	0.285552	0.386008	0.159221	0.327871	0.131714	5.06139	0.214336	0.181182
2780000	-24.25224	0	-24.25224	0.0887564	0.0942004	0.0723307	0.260138	0.0880581	0.0584164	0.322317	0.442444	0.0652269
2790000	-29.78905	0	-29.78905	0.217598	0.264737	0.208096	0.280365	0.0941799	0.135536	2.44767	0.563956	2.31814
2800000	-21.67768	0	-21.67768	0.118365	0.192073	0.285985	0.228465	0.19275	0.132256	3.68245	1.70739	0.321105
2810000	-18.44013	0	-18.44013	0.0827835	0.201241	0.220185	0.250613	0.0756902	0.185621	0.316124	0.96466	1.71768
2820000	-23.49768	0	-23.49768	0.250333	0.134734	0.203801	0.581718	0.123125	0.0929283	0.724639	0.93675	2.79702
2830000	-22.22055	0	-22.22055	0.100798	0.176133	0.23239	0.125197	0.275282	0.114709	1.79304	2.15357	1.14219
2840000	-22.73865	0	-22.73865	0.064642	0.114796	0.214344	0.268767	0.0923872	0.0513243	1.45114	1.65806	0.101527
2850000	-28.38256	0	-28.38256	0.102553	0.333998	0.0667452	0.488281	0.2775	0.147502	0.413138	0.580381	0.203161
2860000	-22.88547	0	-22.88547	0.291326	0.221862	0.133211	0.184294	0.0865225	0.224732	1.41253	0.835237	0.559366
2870000	-21.68465	0	-21.68465	0.179947	0.0696285	0.126768	0.407897	0.111874	0.0889503	1.41972	0.507979	0.126986
2880000	-21.2813	0	-21.2813	0.155951	0.15872	0.0776567	0.351439	0.115513	0.120592	1.63289	1.89225	0.50949
2890000	-21.78791	0	-21.78791	0.110636	0.18077	0.195544	0.438079	0.188151	0.206113	0.523178	0.966193	0.511264
2900000	-19.68417	0	-19.68417	0.136792	0.17017	0.266289	0.123496	0.220097	0.0891727	1.05966	2.44033	0.551596
2910000	-26.79845	0	-26.79845	0.0983109	0.0948661	0.194228	0.371816	0.104229	0.051171	1.64758	0.583913	0.0278626
2920000	-21.68835	0	-21.68835	0.0916158	0.246658	0.101499	0.406091	0.162701	0.0447068	0.831346	0.819223	0.0346666
2930000	-23.74134	0	-23.74134	0.125392	0.287548	0.169965	0.307891	0.131811	0.107539	0.377628	1.97355	1.95995
2940000	-24.05324	0	-24.05324	0.129844	0.124827	0.113589	0.711133	0.131568	0.13061	0.626361	0.756642	1.06832
2950000	-22.25532	0	-22.25532	0.149063	0.137979	0.14954	0.392328	0.0763658	0.0887457	0.950304	0.856237	1.3669
2960000	-20.09652	0	-20.09652	0.168953	0.160847	0.0846544	0.46312	0.082009	0.0483212	0.908702	0.68363	0.0999516
2970000	-22.11685	0	-22.11685	0.298365	0.134489	0.093319	0.188943	0.083725	0.0621414	0.791941	2.88556	0.708602
2980000	-25.38421	0	-25.38421	0.0686961	0.243521	0.123945	0.550625	0.279196	0.0882735	1.26658	1.83165	0.235543
2990000	-25.6192	0	-25.6192	0.160945	0.262687	0.225675	0.548316	0.0981274	0.140656	1.97739	1.39205	0.893294
3000000	-30.78875	0	-30.78875	0.0775646	0.0826306	0.161767	0.384893	0.0387285	0.0579947	1.27742	0.746862	0.381709
3010000	-26.5974	0	-26.5974	0.200489	0.282064	0.448563	0.336815	0.10502	0.0578289	2.41387	1.25529	0.456902
3020000	-27.57534	0	-27.57534	0.194759	0.271081	0.201028	0.28494	0.158949	0.182947	0.386342	2.81273	0.181544
3030000	-24.1208	0	-24.1208	0.147766	0.136476	0.147821	0.281816	0.243247	0.125122	1.09484	0.613339	0.052852
3040000	-25.00577	0	-25.00577	0.150018	0.0928044	0.161532	0.176933	0.117056	0.0989794	1.41294	1.11164	0.0464101
3050000	-22.58955	0	-22.58955	0.0971227	0.174266	0.154481	0.305709	0.0722827	0.232059	1.78085	0.331434	0.510714
3060000	-20.04144	0	-20.04144	0.16557	0.139535	0.226024	0.407664	0.104048	0.13138	0.773625	0.548948	0.166168
3070000	-23.6884	0	-23.6884	0.084739	0.107541	0.202785	0.400036	0.0489822	0.124836	0.95379	0.520295	0.0422484
3080000	-26.18555	0	-26.18555	0.280162	0.165389	0.501879	0.416218	0.239475	0.125914	0.658761	0.737822	0.772762
3090000	-26.84074	0	-26.84074	0.0381758	0.141475	0.0617167	0.693978	0.0961306	0.295355	2.22862	2.87858	0.952146
3100000	-19.65991	0	-19.65991	0.160728	0.0851105	0.145546	0.33484	0.0607049	0.0868385	0.894786	0.888816	0.233312
3110000	-25.47143	0	-25.47143	0.165242	0.0921582	0.231421	0.268527	0.114453	0.15571	2.17553	0.620114	0.55257
3120000	-24.17338	0	-24.17338	0.126053	0.120834	0.18574	0.183074	0.118528	0.156076	0.714126	5.76034	1.3856
3130000	-23.012	0	-23.012	0.125516	0.322587	0.140212	0.490923	0.19052	0.244338	2.42483	1.54107	0.245351
3140000	-20.92525	0	-20.92525	0.154669	0.124284	0.216089	0.248837	0.126769	0.0805868	2.35997	1.97068	0.592564
3150000	-22.67514	0	-22.67514	0.150748	0.0860681	0.132028	0.279514	0.204683	0.0329173	0.623397	0.897815	0.22618
3160000	-24.95552	0	-24.95552	0.183817	0.236844	0.2833	0.453379	0.227379	0.140876	0.702111	1.39751	0.217523
3170000	-21.23045	0	-21.23045	0.207822	0.320237	0.130077	0.380082	0.063693	0.137853	1.1782	1.88048	0.350491
3180000	-22.86639	0	-22.86639	0.062836	0.184019	0.195222	0.410032	0.196965	0.0833703	3.08015	1.38972	1.4061
3190000	-25.45168	0	-25.45168	0.0847933	0.174508	0.156862	0.0990559	0.118869	0.111948	3.79421	1.58384	0.286391
3200000	-28.27004	0	-28.27004	0.0468149	0.161039	0.128832	0.27903	0.129366	0.104958	1.08302	0.495116	0.0476838
3210000	-23.99833	0	-23.99833	0.247113	0.154327	0.136911	0.230431	0.345555	0.155598	0.587225	1.55264	1.7155
3220000	-22.23627	0	-22.23627	0.215724	0.109109	0.208546	0.256867	0.0637292	0.0442458	0.240922	1.35692	2.40356
3230000	-25.92576	0	-25.92576	0.0502915	0.0993716	0.14495	0.345907	0.115509	0.18762	3.07176	0.608315	0.389204
3240000	-21.5042	0	-21.5042	0.124456	0.15768	0.320295	0.261635	0.146986	0.192443	1.95839	1.81988	0.97032
3250000	-18.84718	0	-18.84718	0.123011	0.134992	0.177105	0.233696	0.182176	0.108032	2.34957	0.706738	0.159655
3260000	-23.91987	0	-23.91987	0.0934161	0.227462	0.194118	0.332514	0.151425	0.323337	2.31272	0.669038	0.223177
3270000	-28.47003	0	-28.47003	0.132359	0.171185	0.0952849	0.19936	0.17513	0.0419272	1.41553	0.654305	0.683317
3280000	-24.73556	0	-24.73556	0.169549	0.315755	0.124469	0.276364	0.360059	0.308353	0.342568	1.33902	0.2923
3290000	-25.81417	0	-25.81417	0.147339	0.0900903	0.172296	0.151926	0.2229	0.310439	1.08816	2.80192	0.757418
3300000	-18.58264	0	-18.58264	0.111142	0.209523	0.200464	0.151075	0.160148	0.0936401	0.653132	0.591829	0.260411
3310000	-25.67559	0	-25.67559	0.112623	0.26876	0.170838	0.473352	0.0849979	0.0377389	1.78685	0.269652	1.51261
3320000	-27.20624	0	-27.20624	0.268658	0.207006	0.118817	0.329533	0.0882832	0.101194	5.728	0.31452	2.29173
3330000	-28.84131	0	-28.84131	0.250052	0.108337	0.287188	0.2668	0.203282	0.396532	0.318821	0.351232	0.0553035
3340000	-24.19238	0	-24.19238	0.106967	0.253185	0.196874	0.239569	0.261585	0.117797	2.37892	0.790404	3.24077
3350000	-23.99907	0	-23.99907	0.0915798	0.114708	0.230372	0.239811	0.153487	0.247526	0.577135	1.05041	1.39505
3360000	-20.87959	0	-20.87959	0.166058	0.220861	0.102186	0.234872	0.0776025	0.0793704	2.015	1.25283	0.801506
3370000	-23.60058	0	-23.60058	0.240344	0.15165	0.112223	0.34033	0.0896166	0.247552	0.485508	1.1223	0.614621
3380000	-24.52441	0	-24.52441	0.0811052	0.220873	0.224837	0.560386	0.117958	0.141528	1.42651	0.997036	2.08311
3390000	-25.52878	0	-25.52878	0.287105	0.108205	0.38135	0.616212	0.162075	0.134272	0.709233	0.916045	1.19774
3400000	-22.77999	0	-22.77999	0.133111	0.120441	0.211512	0.383161	0.107153	0.23086	2.0563	0.233803	0.268782
3410000	-25.1857	0	-25.1857	0.0623743	0.289259	0.25083	0.191399	0.109018	0.224552	4.44295	0.826837	3.06446
3420000	-16.34115	0	-16.34115	0.180931	0.19805	0.0961178	0.300919	0.109217	0.126571	0.781453	0.737543	0.970126
3430000	-21.55161	0	-21.55161	0.130401	0.080116	0.421754	0.30416	0.098643	0.129976	2.34228	0.570186	1.00872
3440000	-27.70779	0	-27.70779	0.173014	0.23308	0.171164	0.415613	0.279572	0.0385616	1.63712	3.03674	0.0928497
3450000	-23.28712	0	-23.28712	0.111252	0.185871	0.171092	0.323243	0.165434	0.0713864	2.8707	1.55831	0.33809
3460000	-23.94613	0	-23.94613	0.211486	0.126411	0.186673	0.148547	0.13313	0.0480642	0.840477	0.363592	0.0715093
3470000	-19.71667	0	-19.71667	0.0717818	0.161563	0.100349	0.235213	0.343908	0.156105	1.32978	1.15212	0.63389
3480000	-23.51707	0	-23.51707	0.103167	0.321465	0.0733953	0.306761	0.150324	0.115057	1.70732	3.75414	1.80357
3490000	-22.38397	0	-22.38397	0.113768	0.0956896	0.110236	0.221957	0.168884	0.156064	3.15782	1.24706	0.0792542
3500000	-26.48403	0	-26.48403	0.0533707	0.0937597	0.304809	0.280353	0.170023	0.0778061	0.996665	1.13472	0.0426428
3510000	-20.51739	0	-20.51739	0.101632	0.174483	0.222041	0.377547	0.0990583	0.0492286	2.73395	0.564944	0.848537
3520000	-26.91136	0	-26.91136	0.0884454	0.124053	0.210305	0.18039	0.149992	0.166025	2.57217	0.465559	0.0422209
3530000	-24.37788	0	-24.37788	0.0735352	0.107282	0.290744	0.240648	0.109105	0.0578572	0.213545	1.49607	0.0279411
3540000	-24.53446	0	-24.53446	0.121259	0.173282	0.0472192	0.286965	0.197713	0.298311	1.4992	3.01225	1.24486
3550000	-20.09103	0	-20.09103	0.0909404	0.118654	0.109375	0.222784	0.0816588	0.143085	2.30214	0.992558	1.33974
3560000	-22.08176	0	-22.08176	0.051313	0.125805	0.104921	0.249163	0.149803	0.0991902	1.33932	2.35067	3.14728
3570000	-22.93254	0	-22.93254	0.155696	0.149978	0.0906529	0.129627	0.0432658	0.064559	1.2414	1.90093	0.428363
3580000	-23.10128	0	-23.10128	0.0736514	0.118413	0.469479	0.192333	0.0845278	0.211332	1.92597	0.668012	0.272468
3590000	-23.5659	0	-23.5659	0.298167	0.143707	0.0763442	0.296171	0.112333	0.0630505	0.992203	0.339379	0.462504
3600000	-24.92473	0	-24.92473	0.0812415	0.25451	0.248263	0.369369	0.222089	0.256751	2.17627	1.09026	0.259716
3610000	-25.04701	0	-25.04701	0.22625	0.0649034	0.192107	0.176209	0.0955642	0.113888	0.182116	0.152092	0.118845
3620000	-22.48284	0	-22.48284	0.104189	0.374668	0.18831	0.348883	0.218262	0.104525	0.683282	0.607484	0.198858
3630000	-21.00128	0	-21.00128	0.0601437	0.0929717	0.134903	0.264945	0.127711	0.0779534	0.471979	1.02895	0.175869
3640000	-23.73524	0	-23.73524	0.169681	0.299226	0.130191	0.385345	0.411113	0.112349	1.19713	0.437129	0.521904
3650000	-24.06591	0	-24.06591	0.174123	0.124217	0.189211	0.174393	0.299721	0.0553548	3.4881	0.75865	0.836064
3660000	-20.69242	0	-20.69242	0.108967	0.221654	0.272492	0.296323	0.194899	0.232947	1.11543	1.29281	1.15208
3670000	-21.07233	0	-21.07233	0.120977	0.0895236	0.205576	0.100503	0.0842164	0.109823	1.86166	0.892658	0.0804209
3680000	-20.28143	0	-20.28143	0.112678	0.257964	0.218661	0.355606	0.118522	0.204523	0.402345	1.38818	1.30033
3690000	-22.94199	0	-22.94199	0.122295	0.285596	0.134258	0.187528	0.125356	0.146971	1.76453	0.56231	0.397431
3700000	-26.42159	0	-26.42159	0.0577128	0.163928	0.662158	0.263299	0.129954	0.119924	1.6168	1.61702	2.30752
3710000	-19.63083	0	-19.63083	0.0766985	0.14649	0.212968	0.36614	0.104577	0.111809	0.365776	0.73068	1.54973
3720000	-25.97351	0	-25.97351	0.0989566	0.0572241	0.141123	0.167738	0.166403	0.127826	1.53319	2.28386	0.177644
3730000	-29.29264	0	-29.29264	0.0631518	0.196452	0.0684049	0.210619	0.107713	0.0788485	2.72588	1.37029	0.117132
3740000	-31.22104	0	-31.22104	0.177792	0.0747469	0.211009	0.680545	0.259887	0.0794325	1.47044	0.245671	0.0178064
3750000	-24.69008	0	-24.69008	0.189237	0.367634	0.169325	0.338323	0.0495621	0.0933671	0.798597	1.89221	0.632589
3760000	-30.83329	0	-30.83329	0.119198	0.408784	0.198872	0.195637	0.272628	0.132854	2.14535	1.61551	0.0318104
3770000	-22.0431	0	-22.0431	0.106592	0.187071	0.081615	0.305409	0.0639238	0.119759	1.07406	0.626281	0.924305
3780000	-24.51028	0	-24.51028	0.0999539	0.1981	0.16519	0.401186	0.119466	0.0753049	1.46078	2.46254	0.119373
3790000	-21.89089	0	-21.89089	0.240282	0.20831	0.131615	0.315047	0.16096	0.145061	1.43745	0.546867	2.27076
3800000	-20.25687	0	-20.25687	0.0528491	0.302728	0.273034	0.280124	0.0772699	0.0907169	1.01675	0.602172	0.538171
3810000	-28.17559	0	-28.17559	0.0629114	0.200639	0.103863	0.1631	0.245848	0.0799366	0.49983	1.74026	0.340974
3820000	-27.19527	0	-27.19527	0.123633	0.149588	0.246297	0.800977	0.0809604	0.10075	5.54749	0.871545	0.960391
3830000	-18.78468	0	-18.78468	0.139483	0.168759	0.276534	0.34345	0.10738	0.18808	0.608473	0.732479	0.364349
3840000	-30.7849	0	-30.7849	0.226779	0.408461	0.144765	0.115797	0.377504	0.165258	0.434356	2.1193	2.09955
3850000	-23.34664	0	-23.34664	0.136592	0.196137	0.191669	0.484496	0.213666	0.109461	2.42643	2.88593	0.202939
3860000	-21.46723	0	-21.46723	0.127608	0.141068	0.0824384	0.381736	0.101096	0.166011	0.686133	1.09146	1.71322
3870000	-27.68273	0	-27.68273	0.0940124	0.213998	0.10462	0.751553	0.188538	0.170187	2.95962	2.29696	3.9357
3880000	-20.38547	0	-20.38547	0.113444	0.183045	0.126687	0.195366	0.158609	0.270638	0.921559	1.25686	0.679649
3890000	-31.62513	0	-31.62513	0.0975034	0.169954	0.238148	0.370232	0.114239	0.0888459	2.94715	0.339579	0.443873
3900000	-23.06669	0	-23.06669	0.0728874	0.11514	0.127645	0.263646	0.170314	0.175762	1.79743	1.57269	0.615986
3910000	-24.88541	0	-24.88541	0.128662	0.0916343	0.36672	0.431935	0.128898	0.0710018	0.64455	1.67405	0.136202
3920000	-22.31202	0	-22.31202	0.0607112	0.118031	0.100756	0.323712	0.114369	0.0456429	1.05565	0.808245	0.731129
3930000	-23.90704	0	-23.90704	0.244371	0.0984472	0.101928	0.394159	0.0974468	0.026719	0.45594	1.2556	0.927701
3940000	-21.85367	0	-21.85367	0.0971088	0.314976	0.133674	0.117532	0.172982	0.189251	0.295955	0.221159	0.768564
3950000	-20.96446	0	-20.96446	0.183487	0.0803029	0.251285	0.244751	0.199238	0.0891304	1.13081	0.722821	1.61464
3960000	-19.8737	0	-19.8737	0.10202	0.128431	0.155278	0.294491	0.0815933	0.207101	0.974345	0.239341	0.326519
3970000	-27.25966	0	-27.25966	0.0783624	0.24975	0.0806064	0.262768	0.0916411	0.0284228	1.13424	4.25379	0.472023
3980000	-25.23577	0	-25.23577	0.062524	0.105667	0.302344	0.205894	0.0878951	0.283773	0.569662	0.753839	0.211724
3990000	-20.60581	0	-20.60581	0.166722	0.111116	0.191157	0.190356	0.182164	0.163262	1.76605	1.84659	0.58045
4000000	-27.90298	0	-27.90298	0.117572	0.363747	0.274133	0.350102	0.0807859	0.124038	0.571489	0.10844	0.587188
4010000	-22.57151	0	-22.57151	0.0930277	0.122532	0.114328	0.110611	0.13617	0.164809	1.31078	0.464823	0.474026
4020000	-25.92151	0	-25.92151	0.074802	0.0646475	0.142543	0.371445	0.0770554	0.0575885	0.981113	0.361938	0.225545
4030000	-21.5545	0	-21.5545	0.129799	0.311115	0.163939	0.412596	0.272767	0.132364	0.649297	1.70439	0.182546
4040000	-27.94711	0	-27.94711	0.143532	0.189857	0.0797677	0.168991	0.11086	0.0942268	0.293115	0.940552	4.47313
4050000	-21.94845	0	-21.94845	0.131601	0.116766	0.128135	0.190142	0.327844	0.0512507	2.23373	0.750015	0.150909
4060000	-21.19	0	-21.19	0.0925664	0.11391	0.3573	0.177821	0.113639	0.102025	1.22157	1.07654	2.075
4070000	-27.25096	0	-27.25096	0.0624524	0.191847	0.387044	0.166724	0.116619	0.233915	0.744522	0.54603	0.116102
4080000	-23.23455	0	-23.23455	0.247321	0.139175	0.320392	0.23788	0.102109	0.0976039	1.28507	0.339986	0.27369
4090000	-25.08753	0	-25.08753	0.083363	0.679292	0.104108	0.325093	0.149326	0.0739013	0.341409	1.57985	1.02593
4100000	-24.09001	0	-24.09001	0.13962	0.205247	0.192188	0.328392	0.172497	0.199852	1.29504	1.06839	0.367717
4110000	-25.94575	0	-25.94575	0.0996756	0.120066	0.423883	0.280295	0.230385	0.186004	2.32481	0.472394	0.140605
4120000	-30.64374	0	-30.64374	0.268172	0.286234	0.371692	0.141779	0.068326	0.342147	0.717451	2.17057	0.322295
4130000	-32.19927	0	-32.19927	0.199828	0.0766194	0.0708905	0.237424	0.097509	0.0706726	2.59185	2.1341	0.0596234
4140000	-19.4509	0	-19.4509	0.118902	0.246318	0.104154	0.176895	0.113193	0.0801682	0.450089	1.1778	0.910846
4150000	-30.84679	0	-30.84679	0.120878	0.257208	0.253657	0.413305	0.245912	0.153244	2.41165	3.0118	0.731941
4160000	-23.2121	0	-23.2121	0.0900912	0.210786	0.121497	0.0915018	0.246621	0.141033	1.68583	0.99126	0.775267
4170000	-22.78723	0	-22.78723	0.0584826	0.103057	0.272111	0.26429	0.274525	0.0590058	0.433043	1.38815	1.67564
4180000	-34.87361	0	-34.87361	0.0740236	0.213752	0.0325103	0.488589	0.246766	0.131753	1.79329	0.742444	0.491246
4190000	-31.96643	0	-31.96643	0.192209	0.191676	0.0562973	0.810192	0.206111	0.0500219	0.516484	4.74066	0.217072
4200000	-22.84422	0	-22.84422	0.0764454	0.174482	0.0896325	0.568133	0.155122	0.0613064	1.98374	0.704456	0.797729
4210000	-23.20353	0	-23.20353	0.107786	0.129421	0.190639	0.126202	0.0800775	0.135033	4.01468	1.96374	1.85758
4220000	-23.62096	0	-23.62096	0.147549	0.0960307	0.234264	0.22591	0.140548	0.198529	1.87508	0.476946	0.133547
4230000	-28.71181	0	-28.71181	0.0554326	0.184224	0.171143	0.352145	0.135895	0.193512	1.26929	0.928041	0.190708
4240000	-23.10407	0	-23.10407	0.0304828	0.0799861	0.144609	0.165017	0.166704	0.203766	0.523425	0.668835	0.0913585
4250000	-23.61171	0	-23.61171	0.12113	0.177251	0.138139	0.218675	0.145323	0.165319	3.19863	4.78014	0.109633
4260000	-19.49937	0	-19.49937	0.142758	0.295954	0.0962209	0.491935	0.0895037	0.148737	0.90338	0.787074	0.596916
4270000	-21.15295	0	-21.15295	0.111586	0.124671	0.237011	0.311073	0.123068	0.16185	2.00466	2.5944	0.0892541
4280000	-25.67953	0	-25.67953	0.0608434	0.376353	0.156789	0.492301	0.395399	0.262375	1.06737	1.74605	0.640228
4290000	-26.92028	0	-26.92028	0.0978952	0.165211	0.260521	0.65191	0.159992	0.0568926	0.907982	0.224493	0.133663
4300000	-22.67358	0	-22.67358	0.190402	0.194153	0.116874	0.292263	0.173324	0.157366	1.37327	4.03689	0.557785
4310000	-24.77003	0	-24.77003	0.0910264	0.0587863	0.102573	0.125301	0.139738	0.110773	2.2547	1.63112	0.0255517
4320000	-26.20758	0	-26.20758	0.0804334	0.240519	0.298345	0.255887	0.264143	0.0804049	1.14332	1.17986	0.367935
4330000	-19.16997	0	-19.16997	0.128827	0.123952	0.246827	0.19813	0.183423	0.104366	0.753609	1.33358	0.397384
4340000	-25.26534	0	-25.26534	0.0720675	0.222594	0.130507	0.150368	0.165243	0.310761	1.32665	2.31657	1.9928
4350000	-23.14564	0	-23.14564	0.136765	0.146286	0.167809	0.303524	0.216428	0.102849	1.219	0.360019	0.764107
4360000	-20.6955	0	-20.6955	0.0597003	0.298051	0.227428	0.351808	0.04121	0.215061	0.662693	0.826458	1.62308
4370000	-24.82103	0	-24.82103	0.0771485	0.158027	0.0577032	0.261107	0.164661	0.0473747	0.795087	0.36036	0.874206
4380000	-19.1599	0	-19.1599	0.174461	0.167416	0.154413	0.232597	0.063672	0.205282	0.982614	1.42755	0.380526
4390000	-21.90248	0	-21.90248	0.177464	0.416264	0.0910133	0.230162	0.112606	0.137944	0.396244	0.656821	0.885221
4400000	-24.05349	0	-24.05349	0.0473134	0.179386	0.149751	0.104509	0.215605	0.318792	1.08082	0.724424	1.22505
4410000	-19.08123	0	-19.08123	0.151762	0.153629	0.124559	0.244068	0.110291	0.0571662	0.929122	2.06977	0.348603
4420000	-25.73148	0	-25.73148	0.0972374	0.171381	0.175829	0.21113	0.232586	0.301194	3.17976	1.25748	5.10719
4430000	-20.49219	0	-20.49219	0.116364	0.167946	0.125295	0.27876	0.0887116	0.132565	1.87624	1.05488	0.065794
4440000	-30.73802	0	-30.73802	0.253779	0.0560283	0.0696902	0.530432	0.165201	0.0804332	0.418082	0.866485	2.09699
4450000	-27.10007	0	-27.10007	0.19964	0.129895	0.206219	0.304535	0.303192	0.0428223	0.567555	2.54789	1.32965
4460000	-21.69066	0	-21.69066	0.164286	0.152803	0.205424	0.43437	0.1242	0.118474	4.74693	1.53463	0.51798
4470000	-29.06633	0	-29.06633	0.193334	0.131892	0.0768201	0.372466	0.0724898	0.12934	1.80921	0.371658	0.0151313
4480000	-25.66431	0	-25.66431	0.144598	0.146113	0.0446966	0.170553	0.052356	0.103377	0.650838	0.412883	1.0941
4490000	-21.60743	0	-21.60743	0.104203	0.124675	0.426388	0.329654	0.158873	0.114721	3.20306	0.549869	0.112861
4500000	-20.79194	0	-20.79194	0.141673	0.120784	0.122173	0.169783	0.190331	0.0795565	1.33063	0.900547	0.0129527
4510000	-19.30408	0	-19.30408	0.102197	0.12431	0.0949334	0.190693	0.173631	0.075624	0.78467	0.345989	0.586042
4520000	-20.85519	0	-20.85519	0.116294	0.100837	0.120966	0.305304	0.136048	0.073325	1.22506	0.272379	0.219709
4530000	-30.19421	0	-30.19421	0.208684	0.250905	0.180013	0.396412	0.0508557	0.162853	1.68954	2.61324	0.570387
4540000	-23.83822	0	-23.83822	0.139363	0.100428	0.17333	0.308464	0.286559	0.071329	2.70844	1.03297	0.0659548
4550000	-21.74052	0	-21.74052	0.155887	0.177261	0.169534	0.310201	0.039997	0.0885429	0.829589	1.82889	0.148376
4560000	-24.26022	0	-24.26022	0.21161	0.11386	0.1974	0.338116	0.108199	0.179637	0.914845	0.554515	0.0818962
4570000	-22.53112	0	-22.53112	0.0779295	0.110929	0.237951	0.165385	0.238506	0.146508	2.75062	1.23473	2.686
4580000	-22.07768	0	-22.07768	0.244082	0.0922707	0.280045	0.326924	0.225572	0.0856681	2.47735	1.27274	0.778132
4590000	-23.68855	0	-23.68855	0.105443	0.231003	0.142897	0.443703	0.0846169	0.145371	0.624016	0.615978	0.593275
4600000	-22.68933	0	-22.68933	0.0857214	0.224596	0.110272	0.206583	0.229048	0.0845948	2.66047	0.360616	2.84182
4610000	-22.48466	0	-22.48466	0.0792321	0.166378	0.1369	0.251757	0.317852	0.139839	2.14237	0.734883	0.406016
4620000	-29.03615	0	-29.03615	0.173405	0.070303	0.11306	0.689679	0.0741846	0.0960997	0.709403	3.00317	0.204565
4630000	-26.45232	0	-26.45232	0.175236	0.0359057	0.165244	0.341491	0.122522	0.106309	1.12883	1.54269	0.0610208
4640000	-24.63071	0	-24.63071	0.229397	0.244499	0.265433	0.121293	0.108944	0.162103	0.206061	0.900459	1.16234
4650000	-30.67256	0	-30.67256	0.104546	0.0597957	0.213034	0.335041	0.0961604	0.0624726	0.279055	0.592511	0.122064
4660000	-24.05915	0	-24.05915	0.093739	0.351096	0.283175	0.250941	0.217197	0.0679823	1.30142	1.47919	1.2517
4670000	-20.21474	0	-20.21474	0.12067	0.150989	0.126625	0.192638	0.163526	0.110129	2.28638	0.611167	1.62559
4680000	-25.33925	0	-25.33925	0.0735744	0.157183	0.146821	0.0935453	0.0777761	0.0771765	0.646342	1.39298	6.44304
4690000	-24.43826	0	-24.43826	0.0825964	0.209146	0.248488	0.2241	0.0502369	0.180852	2.21125	0.927228	0.226869
4700000	-21.30714	0	-21.30714	0.118229	0.189418	0.349989	0.344928	0.267185	0.0776319	1.6773	0.692459	0.155331
4710000	-22.86955	0	-22.86955	0.270891	0.143606	0.0950997	0.203874	0.106593	0.0798676	1.51914	2.96728	0.478746
4720000	-24.38938	0	-24.38938	0.126635	0.121652	0.309359	0.127596	0.0851318	0.199286	3.175	0.699186	0.237552
4730000	-28.07424	0	-28.07424	0.144478	0.241877	0.169503	0.222601	0.0617106	0.0674393	1.62321	5.2398	5.32661
4740000	-23.16964	0	-23.16964	0.210755	0.178452	0.167976	0.116081	0.118038	0.123363	1.58931	2.16067	0.537943
4750000	-22.68361	0	-22.68361	0.130939	0.395287	0.189348	0.220667	0.157562	0.0468746	0.317681	0.496233	0.857648
4760000	-21.55795	0	-21.55795	0.13765	0.138802	0.145319	0.205232	0.0287897	0.150125	1.33213	1.20188	0.589297
4770000	-24.1889	0	-24.1889	0.0759042	0.27796	0.182732	0.340484	0.064382	0.0908065	1.35828	1.80959	0.0291698
4780000	-23.26736	0	-23.26736	0.115504	0.240587	0.385271	0.238343	0.0728659	0.171223	4.48614	0.702095	1.42262
4790000	-21.62618	0	-21.62618	0.102692	0.370998	0.0703045	0.448384	0.0822955	0.0607829	0.904727	0.842574	1.05576
4800000	-37.59037	0	-37.59037	0.315515	0.0573705	0.0869893	0.466776	0.0550255	0.1732	1.55211	2.2228	0.13338
4810000	-22.23157	0	-22.23157	0.20338	0.143518	0.20916	0.346074	0.142071	0.0697609	2.75438	1.02547	0.310966
4820000	-25.75103	0	-25.75103	0.118239	0.100312	0.132439	0.217312	0.338426	0.0536632	1.22427	0.369781	0.0223886
4830000	-24.36145	0	-24.36145	0.0948837	0.344731	0.195465	0.35823	0.19458	0.110471	2.20968	0.689301	1.11928
4840000	-20.2494	0	-20.2494	0.170838	0.162614	0.120273	0.447222	0.0640217	0.134007	0.712244	0.813002	1.32167
4850000	-25.02048	0	-25.02048	0.0770074	0.346023	0.0692496	0.480916	0.138782	0.15102	0.704908	0.481361	0.282837
4860000	-24.07047	0	-24.07047	0.15319	0.14419	0.180738	0.241499	0.0661786	0.166998	0.725874	0.571141	0.0891893
4870000	-22.11886	0	-22.11886	0.0845163	0.230869	0.17244	0.184398	0.132128	0.111064	2.12426	0.772837	0.100263
4880000	-24.83235	0	-24.83235	0.0695991	0.514865	0.114331	0.308046	0.137941	0.221686	0.719294	0.763488	1.7267
4890000	-25.44802	0	-25.44802	0.14473	0.239451	0.188859	0.343973	0.0765679	0.23788	0.252742	0.592245	0.273726
4900000	-27.03111	0	-27.03111	0.125466	0.142961	0.253974	0.155398	0.127764	0.0639637	0.082661	0.279522	0.171035
4910000	-26.9235	0	-26.9235	0.320556	0.281316	0.0983177	0.22318	0.0575418	0.0992423	1.66483	2.83397	2.32217
4920000	-32.84441	0	-32.84441	0.138809	0.169038	0.21567	0.442833	0.262675	0.132367	0.820312	0.350966	0.00571674
4930000	-23.76879	0	-23.76879	0.173774	0.146272	0.0344469	0.167598	0.210824	0.0510835	1.26423	0.791685	0.198438
4940000	-24.56897	0	-24.56897	0.101053	0.239625	0.0952474	0.28157	0.268017	0.226258	3.24174	0.881528	1.23396
4950000	-22.55381	0	-22.55381	0.250771	0.132015	0.120625	0.377408	0.131071	0.119617	0.798546	0.824855	0.27882
4960000	-19.5997	0	-19.5997	0.134785	0.103347	0.144933	0.209767	0.0972068	0.111755	3.09355	0.694963	0.760851
4970000	-24.20584	0	-24.20584	0.0781726	0.230444	0.103359	0.255568	0.0696657	0.153953	3.91526	1.24533	1.34218
4980000	-23.53448	0	-23.53448	0.108775	0.131682	0.100932	0.44363	0.168844	0.120164	2.34335	0.633295	0.0761096
4990000	-21.26596	0	-21.26596	0.0698941	0.256054	0.23924	0.295891	0.151809	0.0981772	0.889258	1.02885	1.45765
5000000	-22.60204	0	-22.60204	0.0580581	0.19559	0.248291	0.250774	0.150272	0.107767	0.925306	1.26285	0.101098
