Iteration	Posterior	Likelihood	Prior	lambda[1]	lambda[2]	lambda[3]	mu[1]	mu[2]	mu[3]	psi[1]	psi[2]	psi[3]
0	-27.24357	0	-27.24357	0.0716331	0.101566	0.146931	0.0769579	0.12796	0.0970471	0.520087	0.945166	0.0682187
10000	-31.82765	0	-31.82765	0.0975836	0.20049	0.125591	0.219471	0.0818674	0.107689	1.14186	1.03719	0.0201857
20000	-24.67956	0	-24.67956	0.232844	0.316013	0.099705	0.40914	0.192985	0.124348	1.14926	0.966863	1.13242
30000	-27.1235	0	-27.1235	0.189676	0.0995659	0.25687	0.112185	0.0506578	0.240477	4.73254	1.19486	0.635234
40000	-21.04682	0	-21.04682	0.105427	0.194862	0.305743	0.375697	0.0676592	0.137269	2.61903	1.6171	0.371295
50000	-31.27234	0	-31.27234	0.0947411	0.0960436	0.115089	0.621792	0.0377776	0.0564237	1.371	0.985315	0.0339974
60000	-23.36911	0	-23.36911	0.111917	0.303803	0.207465	0.267261	0.257897	0.178838	2.52698	2.19956	0.276519
70000	-22.98533	0	-22.98533	0.445508	0.325654	0.198572	0.456179	0.163118	0.150763	1.2466	1.56441	1.0771
80000	-23.48244	0	-23.48244	0.122711	0.113407	0.136853	0.197298	0.061738	0.246859	1.85893	0.720677	1.40597
90000	-29.32991	0	-29.32991	0.304612	0.182341	0.164657	0.343139	0.230707	0.251032	1.49854	0.51239	0.185762
100000	-19.70678	0	-19.70678	0.162415	0.26804	0.298237	0.339232	0.137718	0.12877	1.76205	1.39808	0.815005
110000	-23.11415	0	-23.11415	0.244253	0.269798	0.162684	0.376413	0.113794	0.122031	1.52754	1.67278	1.24598
120000	-20.55057	0	-20.55057	0.123996	0.183423	0.211602	0.325841	0.107295	0.183856	2.03722	0.325647	0.0529705
130000	-28.90363	0	-28.90363	0.0944508	0.378918	0.312066	0.622054	0.106111	0.144172	2.04911	1.68602	0.0557115
140000	-34.98425	0	-34.98425	0.0593339	0.118684	0.766306	1.17593	0.106664	0.116527	0.473289	1.6992	0.0425916
150000	-20.94608	0	-20.94608	0.124681	0.162037	0.228126	0.40227	0.0838689	0.340654	2.28095	0.802946	1.43573
160000	-20.74454	0	-20.74454	0.108465	0.145327	0.234783	0.146232	0.14776	0.103657	1.31131	2.483	0.0607986
170000	-22.47347	0	-22.47347	0.171297	0.119928	0.363338	0.173148	0.114828	0.227057	3.35242	0.587634	0.249533
180000	-21.0319	0	-21.0319	0.134684	0.183581	0.245981	0.384187	0.0951272	0.159351	2.66671	2.0963	0.115501
190000	-24.02711	0	-24.02711	0.233622	0.336024	0.27387	0.488369	0.175003	0.288023	2.36751	0.465117	0.396693
200000	-26.05635	0	-26.05635	0.238148	0.0892058	0.125734	0.518493	0.141676	0.125055	3.42222	5.61547	0.115007
210000	-21.56675	0	-21.56675	0.0932359	0.243031	0.200494	0.30439	0.109878	0.13926	2.60066	2.9508	0.0487624
220000	-27.55932	0	-27.55932	0.17975	0.0990184	0.34539	0.353079	0.133979	0.120567	2.8547	6.22345	0.36709
230000	-24.92619	0	-24.92619	0.124012	0.134733	0.202245	0.158917	0.137368	0.119485	0.624173	1.57543	0.00467665
240000	-26.34345	0	-26.34345	0.127157	0.523524	0.315527	0.492096	0.0508776	0.226032	3.14566	0.995223	0.438637
250000	-22.82597	0	-22.82597	0.126114	0.454333	0.146457	0.344977	0.162384	0.156362	1.37025	1.49026	0.307534
260000	-23.39071	0	-23.39071	0.140267	0.25821	0.0979916	0.255646	0.144069	0.105414	1.3724	1.07923	0.0962251
270000	-21.52746	0	-21.52746	0.141367	0.241508	0.154401	0.518496	0.156135	0.0703783	1.73753	0.823373	0.125805
280000	-24.33405	0	-24.33405	0.0945242	0.229291	0.0603799	0.554354	0.116166	0.129229	2.21507	0.403668	0.100002
290000	-20.31955	0	-20.31955	0.157392	0.0668525	0.467891	0.249905	0.0615643	0.106321	1.95861	0.369637	0.282755
300000	-23.11371	0	-23.11371	0.0941884	0.257716	0.0771828	0.237706	0.205209	0.191027	1.4359	2.53926	0.167145
310000	-25.6049	0	-25.6049	0.265567	0.181236	0.284161	0.447369	0.134676	0.185497	0.885099	0.802843	0.151698
320000	-21.04175	0	-21.04175	0.113397	0.394273	0.282646	0.329185	0.105207	0.182687	1.53209	0.917	0.572761
330000	-23.36261	0	-23.36261	0.0992707	0.375978	0.0984325	0.598137	0.105433	0.189727	1.72727	0.404615	0.124132
340000	-26.49845	0	-26.49845	0.0727651	0.346976	0.235217	0.181447	0.218661	0.226264	0.878148	2.16408	0.0047953
350000	-22.31602	0	-22.31602	0.135497	0.206036	0.141637	0.172078	0.123043	0.0579258	1.57032	3.73404	0.141033
360000	-18.56882	0	-18.56882	0.121761	0.158474	0.139841	0.271775	0.150399	0.22973	3.81116	1.04579	0.393721
370000	-20.52501	0	-20.52501	0.155534	0.200596	0.085974	0.168745	0.12335	0.072763	3.28284	1.2658	0.0674138
380000	-23.76885	0	-23.76885	0.266533	0.0613171	0.32995	0.232074	0.12736	0.243798	1.41772	0.989426	1.00227
390000	-21.3785	0	-21.3785	0.131626	0.19568	0.0941597	0.30405	0.103164	0.176751	3.08975	1.24353	0.18844
400000	-27.75499	0	-27.75499	0.0647942	0.11455	0.122946	0.132442	0.328575	0.307383	2.72186	1.0038	1.24097
410000	-24.52993	0	-24.52993	0.0442224	0.0564638	0.137364	0.282394	0.129175	0.045708	1.56287	1.34374	0.234497
420000	-17.79816	0	-17.79816	0.136064	0.117708	0.174269	0.336846	0.0576746	0.0947016	2.05419	1.40091	0.24308
430000	-22.36671	0	-22.36671	0.321256	0.140688	0.189722	0.266141	0.150004	0.1443	1.78374	2.36873	0.331915
440000	-21.41321	0	-21.41321	0.10641	0.0708987	0.158186	0.261567	0.104659	0.0886479	2.10181	0.665755	0.2072
450000	-21.97048	0	-21.97048	0.137457	0.133834	0.153397	0.303864	0.12859	0.145796	4.30607	1.30372	0.361195
460000	-21.27544	0	-21.27544	0.138999	0.106176	0.10458	0.262367	0.0928673	0.134652	4.70653	1.64389	0.87386
470000	-18.45762	0	-18.45762	0.169888	0.368557	0.0974993	0.389108	0.0882718	0.120349	1.15432	1.06622	0.549031
480000	-26.758	0	-26.758	0.309398	0.241322	0.0685242	0.446318	0.211763	0.14657	2.27723	2.74718	1.083
490000	-30.54474	0	-30.54474	0.181794	0.234539	0.213245	0.686275	0.0482296	0.36673	2.30605	1.35467	0.139525
500000	-28.87018	0	-28.87018	0.248013	0.107143	0.269746	0.66545	0.136248	0.19033	1.63388	1.06271	1.51459
510000	-22.98952	0	-22.98952	0.0848625	0.0911732	0.205446	0.448132	0.241867	0.0838445	3.32582	0.56596	0.109223
520000	-22.03944	0	-22.03944	0.277028	0.142435	0.194781	0.452754	0.133998	0.0730253	2.92013	0.883172	0.0969101
530000	-20.07652	0	-20.07652	0.144838	0.20385	0.286965	0.297001	0.0641516	0.155307	0.757967	0.679956	0.08207
540000	-20.45853	0	-20.45853	0.117671	0.165518	0.267194	0.322084	0.104632	0.14514	2.84662	0.19343	0.490615
550000	-27.78962	0	-27.78962	0.170835	0.0742454	0.135756	0.319535	0.151403	0.144543	3.50637	0.894914	0.326676
560000	-27.3135	0	-27.3135	0.224587	0.118013	0.113796	0.244859	0.137188	0.2883	1.37742	0.847726	1.21471
570000	-24.34774	0	-24.34774	0.0439544	0.107545	0.164344	0.220633	0.193926	0.126887	2.24948	0.8667	0.0546784
580000	-24.05111	0	-24.05111	0.14857	0.153582	0.213678	0.251404	0.0495258	0.0985224	5.25893	0.283498	0.138263
590000	-27.51926	0	-27.51926	0.281241	0.27301	0.29243	0.258141	0.155825	0.447624	1.50147	1.61206	0.132323
600000	-24.38386	0	-24.38386	0.128561	0.142165	0.0846847	0.315682	0.108274	0.259364	0.500034	0.671244	0.731449
610000	-27.38204	0	-27.38204	0.105778	0.333632	0.31324	0.175951	0.22233	0.148745	4.13449	0.951813	0.0774073
620000	-25.37213	0	-25.37213	0.0708036	0.133839	0.187615	0.346922	0.199042	0.426675	0.738471	0.419821	0.207361
630000	-24.20264	0	-24.20264	0.134133	0.278429	0.533703	0.587091	0.136216	0.11683	5.7494	2.27427	0.356838
640000	-24.02472	0	-24.02472	0.325867	0.168369	0.21687	0.288109	0.121527	0.115222	2.75594	0.992662	0.380097
650000	-25.04855	0	-25.04855	0.178856	0.279875	0.578943	0.41967	0.198582	0.109788	1.65378	0.544454	0.522258
660000	-23.84174	0	-23.84174	0.10881	0.178219	0.164799	0.826443	0.118389	0.137815	3.27436	0.800658	0.192689
670000	-19.3299	0	-19.3299	0.107591	0.137883	0.169729	0.382386	0.135479	0.0684466	1.47836	3.23288	0.104322
680000	-24.40501	0	-24.40501	0.0805389	0.0498843	0.203516	0.363118	0.117832	0.0829742	4.10135	0.205757	0.132736
690000	-28.72093	0	-28.72093	0.169081	0.128955	0.149905	0.346626	0.406104	0.0955772	0.749535	1.84693	0.367528
700000	-21.98793	0	-21.98793	0.187725	0.09421	0.174103	0.420355	0.0754777	0.243129	2.65036	1.63985	0.432614
710000	-28.27445	0	-28.27445	0.147856	0.125365	0.146155	0.12756	0.0554977	0.104891	2.67485	0.150296	0.0120642
720000	-22.15723	0	-22.15723	0.15447	0.107758	0.516767	0.253444	0.0856962	0.187633	3.18596	1.15343	0.717645
730000	-25.82423	0	-25.82423	0.0467092	0.174121	0.35729	0.39895	0.258808	0.20876	3.06164	1.04265	0.284617
740000	-24.44877	0	-24.44877	0.038817	0.275191	0.216283	0.33893	0.121598	0.116726	1.90611	0.154954	0.144601
750000	-20.62811	0	-20.62811	0.143494	0.0706432	0.278152	0.338788	0.169939	0.140434	1.80697	1.18794	0.138936
760000	-21.91026	0	-21.91026	0.150289	0.0634636	0.217411	0.166243	0.101403	0.0763378	0.807462	0.930367	0.0530856
770000	-26.09261	0	-26.09261	0.232373	0.198939	0.0713773	0.149495	0.0678379	0.0674939	2.52991	0.659162	0.0988407
780000	-22.36929	0	-22.36929	0.107382	0.30603	0.18796	0.371913	0.0786394	0.0935104	2.85344	2.6893	0.583417
790000	-19.34795	0	-19.34795	0.149824	0.176616	0.156297	0.329564	0.117	0.0619132	4.27441	1.24686	0.220175
800000	-27.72347	0	-27.72347	0.0383356	0.134894	0.250049	0.366163	0.0956488	0.185433	1.05571	0.381173	0.191457
810000	-29.77318	0	-29.77318	0.219954	0.176703	0.164206	0.393001	0.154802	0.110229	1.28512	0.434245	0.0151765
820000	-23.4291	0	-23.4291	0.176773	0.0788257	0.103784	0.377377	0.116299	0.271358	3.65654	0.480297	0.325037
830000	-25.07816	0	-25.07816	0.18239	0.151526	0.0966911	0.110363	0.111666	0.0794568	0.694148	0.670491	0.504127
840000	-27.33501	0	-27.33501	0.177652	0.0480382	0.20657	0.279516	0.0803863	0.181918	3.51607	4.90275	0.383951
850000	-20.99926	0	-20.99926	0.139725	0.180808	0.24205	0.277619	0.171471	0.0664725	1.47325	1.79039	0.26529
860000	-22.01036	0	-22.01036	0.0993517	0.409463	0.167663	0.237447	0.0779586	0.201727	4.02186	1.17106	0.404069
870000	-20.50197	0	-20.50197	0.136064	0.214608	0.169653	0.366077	0.145578	0.232406	3.77865	1.68093	0.312515
880000	-31.52833	0	-31.52833	0.0912712	0.370762	0.136186	0.265543	0.0994417	0.143427	1.1496	0.312504	0.0675964
890000	-32.49778	0	-32.49778	0.0952347	0.16167	0.191327	0.123958	0.088761	0.197309	1.39021	0.119504	0.00197093
900000	-27.13579	0	-27.13579	0.0975707	0.264997	0.125001	0.801502	0.18052	0.0967591	1.26314	1.16769	0.678838
910000	-32.01299	0	-32.01299	0.159207	0.121625	0.0844976	0.46294	0.110765	0.084677	3.41869	0.354654	0.0014545
920000	-20.26653	0	-20.26653	0.0846662	0.133896	0.343855	0.392328	0.129035	0.19629	2.50594	0.733067	0.0950559
930000	-21.69395	0	-21.69395	0.177961	0.187496	0.112512	0.574323	0.142065	0.17367	3.23095	0.905064	0.254417
940000	-19.07586	0	-19.07586	0.0625392	0.28886	0.215868	0.456655	0.116095	0.105114	2.31171	0.840155	0.480903
950000	-21.77386	0	-21.77386	0.0807485	0.0877109	0.178158	0.43458	0.135935	0.0774602	4.49042	0.833927	0.047626
960000	-21.58713	0	-21.58713	0.147239	0.124651	0.129143	0.29943	0.0865234	0.17566	2.44238	1.05996	0.481395
970000	-24.00106	0	-24.00106	0.282161	0.224454	0.174906	0.291295	0.0433646	0.138828	1.2364	0.77186	0.571023
980000	-24.41918	0	-24.41918	0.105943	0.12798	0.280523	0.451446	0.0713281	0.233314	1.5352	1.1648	0.391233
990000	-26.44825	0	-26.44825	0.0745574	0.226907	0.164537	0.3161	0.321903	0.112153	3.04747	1.46403	0.0298209
1000000	-22.23945	0	-22.23945	0.173777	0.243728	0.143342	0.377235	0.107422	0.128704	2.10392	0.480641	0.0799113
1010000	-30.29205	0	-30.29205	0.138117	0.351518	0.130476	0.265661	0.131038	0.0673259	3.14544	0.683026	0.237577
1020000	-31.95187	0	-31.95187	0.1625	0.0841154	0.125189	0.296908	0.128135	0.0854479	1.99675	0.480151	0.0378046
1030000	-29.4287	0	-29.4287	0.246323	0.153374	0.114864	0.49568	0.0604647	0.0830226	5.15218	0.298874	0.148698
1040000	-19.05573	0	-19.05573	0.182408	0.350072	0.17601	0.41318	0.0754203	0.194874	2.51046	1.16586	0.206898
1050000	-23.36693	0	-23.36693	0.0749504	0.120569	0.126095	0.629268	0.0810098	0.208913	2.02982	1.53149	0.498419
1060000	-21.27837	0	-21.27837	0.164242	0.143631	0.170397	0.432902	0.051913	0.189555	3.68045	1.12671	0.139786
1070000	-21.11074	0	-21.11074	0.150905	0.315204	0.154788	0.253052	0.109114	0.110027	4.90178	0.836464	0.0967467
1080000	-22.58806	0	-22.58806	0.0467516	0.216045	0.350459	0.155857	0.0982322	0.190268	2.84145	0.431568	0.122241
1090000	-22.84768	0	-22.84768	0.101989	0.216792	0.128592	0.117281	0.108863	0.0902889	1.96012	0.491105	0.113508
1100000	-26.9236	0	-26.9236	0.133318	0.127239	0.17482	0.292703	0.224539	0.0838471	0.992085	0.493317	0.13662
1110000	-19.98675	0	-19.98675	0.300471	0.185758	0.132612	0.20845	0.0876008	0.139898	1.21523	2.57944	0.0858385
1120000	-21.99733	0	-21.99733	0.123828	0.140256	0.259598	0.245483	0.158748	0.136859	3.0092	0.392618	0.0398832
1130000	-31.27789	0	-31.27789	0.0823351	0.0651464	0.207562	0.130515	0.232517	0.239512	2.54231	0.475464	0.0371481
1140000	-23.24536	0	-23.24536	0.141983	0.177952	0.0892559	0.717019	0.099173	0.0763349	3.94424	1.89458	0.0565926
1150000	-23.28533	0	-23.28533	0.263703	0.170983	0.205747	0.556046	0.128572	0.180576	1.82008	1.78827	0.306562
1160000	-18.38351	0	-18.38351	0.124864	0.165034	0.264625	0.312651	0.0756397	0.133521	1.76991	1.09429	0.15586
1170000	-23.17718	0	-23.17718	0.157557	0.285311	0.323106	0.632074	0.128647	0.133929	5.21974	0.721061	0.26179
1180000	-22.6949	0	-22.6949	0.0996942	0.118079	0.220291	0.272942	0.119972	0.0924361	2.00275	0.594016	0.078542
1190000	-25.22733	0	-25.22733	0.0797777	0.169217	0.135762	0.298994	0.118262	0.158395	3.41844	0.386735	0.053706
1200000	-21.75706	0	-21.75706	0.107539	0.145122	0.369674	0.298482	0.143656	0.169851	0.989001	0.491945	0.345545
1210000	-24.46551	0	-24.46551	0.143214	0.151254	0.137937	0.118063	0.0631999	0.0653281	1.23277	1.49731	0.115419
1220000	-25.54575	0	-25.54575	0.175361	0.258704	0.400684	0.341374	0.160463	0.0753841	2.09761	2.08236	0.325955
1230000	-22.39459	0	-22.39459	0.259679	0.177507	0.160253	0.231379	0.132161	0.11107	1.461	3.34533	0.154861
1240000	-31.50011	0	-31.50011	0.0770887	0.0964989	0.851045	0.297386	0.227774	0.0651789	3.96191	1.12103	0.0470753
1250000	-26.43286	0	-26.43286	0.0641469	0.233202	0.288329	0.422845	0.177645	0.218381	1.59097	1.29549	0.390965
1260000	-22.42637	0	-22.42637	0.052231	0.215275	0.34738	0.245329	0.136078	0.203747	1.24259	0.90529	0.311761
1270000	-20.95416	0	-20.95416	0.074615	0.260898	0.17182	0.275399	0.0732102	0.150545	5.91203	0.569754	0.34601
1280000	-23.4169	0	-23.4169	0.106674	0.105008	0.435567	0.281678	0.0954011	0.0680466	2.93305	0.357008	0.087282
1290000	-20.21944	0	-20.21944	0.106648	0.266599	0.177795	0.252846	0.165628	0.0748938	3.07151	0.625365	0.234587
1300000	-21.17186	0	-21.17186	0.116024	0.109307	0.102505	0.374481	0.189666	0.223007	1.65132	0.387807	0.264559
1310000	-21.42571	0	-21.42571	0.0970218	0.167485	0.238571	0.341775	0.113728	0.0834882	0.850618	0.96117	0.0459437
1320000	-30.07141	0	-30.07141	0.108118	0.276051	0.161089	0.382647	0.134456	0.0498119	3.88487	1.04422	0.0106887
1330000	-23.88351	0	-23.88351	0.339146	0.254333	0.0616549	0.544222	0.0648638	0.162339	0.869759	3.47436	0.206996
1340000	-23.64136	0	-23.64136	0.0766378	0.0875919	0.169035	0.102607	0.160517	0.189356	0.883496	0.383172	0.199997
1350000	-18.86606	0	-18.86606	0.0849386	0.242438	0.135291	0.438773	0.0879045	0.246006	3.60256	0.819588	0.0671498
1360000	-23.44012	0	-23.44012	0.0846601	0.0802509	0.0507996	0.410321	0.0802969	0.119207	1.65855	0.985614	0.199679
1370000	-22.85971	0	-22.85971	0.240311	0.0400121	0.254822	0.169267	0.123452	0.114127	2.4271	0.345535	0.225059
1380000	-25.44019	0	-25.44019	0.109598	0.10294	0.522439	0.275299	0.194355	0.329218	1.40798	0.365698	0.0816068
1390000	-25.58099	0	-25.58099	0.236118	0.198889	0.230659	0.470991	0.0783858	0.271247	0.85944	0.392165	0.139152
1400000	-19.76175	0	-19.76175	0.156271	0.154765	0.1122	0.233209	0.0572553	0.116898	1.05394	1.03842	0.0774554
1410000	-17.39558	0	-17.39558	0.0597308	0.143536	0.205263	0.347485	0.0692883	0.124271	2.16639	0.961764	0.228171
1420000	-24.2863	0	-24.2863	0.16953	0.212588	0.151766	0.162714	0.140233	0.0759245	2.37169	0.917859	0.296581
1430000	-25.19102	0	-25.19102	0.0915472	0.174829	0.240556	0.60968	0.280591	0.114371	3.60187	1.43988	0.129904
1440000	-23.83439	0	-23.83439	0.0861641	0.111593	0.230644	0.0935577	0.0604504	0.13633	2.2345	0.876703	0.0836705
1450000	-32.09103	0	-32.09103	0.117555	0.242196	0.150956	0.400703	0.133822	0.148649	7.74871	1.35108	0.0207025
1460000	-30.42276	0	-30.42276	0.0972655	0.241574	0.112342	0.198108	0.0660776	0.0657523	5.64996	5.30846	0.0228012
1470000	-22.85213	0	-22.85213	0.132733	0.158166	0.266051	0.443867	0.0910958	0.354465	1.6379	2.35094	0.308716
1480000	-26.41067	0	-26.41067	0.226417	0.217684	0.128479	0.322038	0.156224	0.0806929	0.547603	0.993336	0.18718
1490000	-28.2159	0	-28.2159	0.160129	0.19645	0.114226	0.286581	0.118143	0.251169	0.999331	0.588517	0.248313
1500000	-25.07979	0	-25.07979	0.442265	0.0826767	0.401161	0.133891	0.0815487	0.143164	1.74706	0.649171	0.265963
1510000	-19.68677	0	-19.68677	0.0647284	0.119954	0.189361	0.375235	0.0924013	0.183093	1.72951	0.802329	0.336716
1520000	-21.77316	0	-21.77316	0.141129	0.252474	0.251382	0.436411	0.115979	0.197167	2.85173	0.787291	0.293663
1530000	-27.19193	0	-27.19193	0.281335	0.0910732	0.248314	0.165289	0.196664	0.19244	0.885745	0.426	0.317639
1540000	-21.27301	0	-21.27301	0.156909	0.124581	0.143135	0.333541	0.0933573	0.117353	0.671128	1.55009	0.0353934
1550000	-20.39095	0	-20.39095	0.0960868	0.184539	0.168	0.199253	0.155443	0.090191	3.54751	2.52728	0.243118
1560000	-19.77077	0	-19.77077	0.137498	0.301671	0.138906	0.267421	0.0675646	0.0911732	1.33481	2.65426	0.0582908
1570000	-19.64031	0	-19.64031	0.0924301	0.210812	0.201991	0.349256	0.0634078	0.150429	1.89394	0.666183	0.354701
1580000	-22.43509	0	-22.43509	0.127513	0.1822	0.288164	0.231331	0.0911185	0.098047	0.900493	0.372365	0.32309
1590000	-23.79149	0	-23.79149	0.200334	0.165021	0.50108	0.152463	0.143875	0.158536	2.40424	1.16009	0.161397
1600000	-22.38044	0	-22.38044	0.113252	0.361142	0.313618	0.307561	0.0779438	0.152162	0.63049	0.700454	0.375836
1610000	-21.64404	0	-21.64404	0.144769	0.443397	0.143258	0.484488	0.165216	0.173198	1.62044	2.13856	0.265255
1620000	-24.14808	0	-24.14808	0.076216	0.353672	0.193909	0.679692	0.0647468	0.219833	3.30429	0.429942	0.315301
1630000	-24.69396	0	-24.69396	0.203806	0.073331	0.363934	0.137494	0.158673	0.124832	1.21847	2.1939	0.0265799
1640000	-20.34655	0	-20.34655	0.0499321	0.226974	0.0789849	0.302228	0.0813995	0.115508	1.70433	1.19647	0.123157
1650000	-19.98413	0	-19.98413	0.095527	0.181998	0.138084	0.444255	0.0988672	0.0616578	1.35117	0.467729	0.081341
1660000	-31.3569	0	-31.3569	0.0969588	0.0615339	0.0677999	0.165772	0.405186	0.120502	4.46046	0.709542	0.0876516
1670000	-23.56936	0	-23.56936	0.12739	0.223148	0.314097	0.286969	0.0815776	0.310815	1.17755	0.655146	0.0849401
1680000	-24.77424	0	-24.77424	0.0946493	0.0793221	0.186072	0.334178	0.0625087	0.10448	1.27749	0.398161	0.0749126
1690000	-23.29071	0	-23.29071	0.119628	0.215016	0.273923	0.372907	0.0646302	0.280996	4.56263	1.27944	0.228197
1700000	-23.29079	0	-23.29079	0.106739	0.133571	0.188125	0.276631	0.0765854	0.109544	3.69856	0.415692	0.2915
1710000	-22.89003	0	-22.89003	0.146245	0.281992	0.176012	0.319468	0.0653769	0.218381	2.42788	2.0721	0.110241
1720000	-31.42478	0	-31.42478	0.0415192	0.186874	0.249709	0.404738	0.338015	0.346758	7.19765	2.36604	0.27913
1730000	-29.61596	0	-29.61596	0.153771	0.19168	0.226972	0.500259	0.310563	0.224944	1.29595	0.487772	0.0602583
1740000	-21.81013	0	-21.81013	0.0668691	0.19078	0.211076	0.549594	0.0952782	0.109679	1.85775	0.646325	0.157011
1750000	-20.16103	0	-20.16103	0.127966	0.127015	0.158466	0.181377	0.0497586	0.133884	0.956874	1.22215	0.266235
1760000	-28.53595	0	-28.53595	0.148993	0.0828892	0.222749	1.09051	0.153684	0.0811469	4.94341	1.36935	0.216987
1770000	-24.56337	0	-24.56337	0.110063	0.233643	0.11499	0.593031	0.177217	0.17514	4.0774	0.645925	0.163465
1780000	-27.60287	0	-27.60287	0.169949	0.531284	0.134032	0.680181	0.142254	0.203973	0.638534	1.20232	0.277905
1790000	-18.04898	0	-18.04898	0.198951	0.147705	0.215945	0.191485	0.0996933	0.116833	2.22774	1.54622	0.282103
1800000	-26.24881	0	-26.24881	0.23462	0.244239	0.293441	0.261589	0.104474	0.077211	3.35376	0.116375	0.0754788
1810000	-21.90609	0	-21.90609	0.185098	0.280162	0.235262	0.142951	0.11546	0.360913	2.20862	0.901232	0.288653
1820000	-23.49224	0	-23.49224	0.232621	0.0955207	0.0538341	0.447565	0.130793	0.132269	3.56435	1.03393	0.143306
1830000	-21.88832	0	-21.88832	0.113613	0.267905	0.114365	0.211866	0.0467144	0.139843	1.46849	1.17388	0.0570241
1840000	-17.41254	0	-17.41254	0.0916189	0.249112	0.0649794	0.262744	0.0867643	0.10487	1.40158	2.34377	0.125942
1850000	-21.62093	0	-21.62093	0.088558	0.172735	0.256565	0.336167	0.100303	0.0650141	3.03184	0.490824	0.135378
1860000	-26.70535	0	-26.70535	0.0891809	0.140751	0.186018	0.13015	0.180099	0.144005	1.34288	0.122802	0.152616
1870000	-23.42101	0	-23.42101	0.0778275	0.130606	0.233315	0.267054	0.264128	0.217772	0.507155	1.72607	0.258707
1880000	-23.13535	0	-23.13535	0.154699	0.343209	0.212858	0.329191	0.191544	0.124941	2.13911	0.97048	0.124783
1890000	-20.8472	0	-20.8472	0.0456752	0.133516	0.24643	0.257349	0.0973268	0.133112	4.1444	1.17677	0.0466753
1900000	-20.47986	0	-20.47986	0.0753161	0.108347	0.106845	0.265827	0.0743197	0.11462	2.18611	0.326548	0.203176
1910000	-20.23813	0	-20.23813	0.245141	0.109912	0.263713	0.241324	0.0859808	0.137795	3.63606	2.15758	0.245383
1920000	-25.22595	0	-25.22595	0.184419	0.256595	0.0774526	0.569584	0.170309	0.131643	2.58168	0.730429	0.0641832
1930000	-25.43231	0	-25.43231	0.147513	0.100117	0.200765	0.130625	0.067336	0.174568	6.70031	0.326757	0.0510858
1940000	-22.61948	0	-22.61948	0.0731513	0.242451	0.218971	0.287797	0.186061	0.197539	2.77823	1.04321	0.0721164
1950000	-23.42157	0	-23.42157	0.13433	0.260306	0.173209	0.501215	0.156651	0.149541	4.70727	0.659063	0.192732
1960000	-27.32439	0	-27.32439	0.138397	0.188199	0.0762865	0.843508	0.0404532	0.124095	3.5311	0.680841	0.0934304
1970000	-24.92209	0	-24.92209	0.131429	0.147179	0.170714	0.299322	0.0758743	0.184445	2.83413	0.789772	0.0782227
1980000	-22.5105	0	-22.5105	0.139434	0.100338	0.159132	0.251403	0.0932639	0.281903	1.6823	1.11566	0.121967
1990000	-23.55995	0	-23.55995	0.138427	0.287629	0.219824	0.437251	0.269257	0.179096	1.8365	2.32456	0.300835
2000000	-21.53937	0	-21.53937	0.06779	0.10563	0.213049	0.156033	0.130029	0.12198	0.942556	0.690278	0.091239
2010000	-25.79155	0	-25.79155	0.0866922	0.230672	0.150707	0.273979	0.0880933	0.136716	1.27554	0.317646	0.075149
2020000	-21.83928	0	-21.83928	0.135963	0.209985	0.25171	0.430253	0.154083	0.132197	2.85771	0.860609	0.0814973
2030000	-21.62913	0	-21.62913	0.0798336	0.263379	0.120894	0.21089	0.104026	0.0836855	1.41889	0.161111	0.254843
2040000	-23.34858	0	-23.34858	0.0666668	0.180616	0.229451	0.261229	0.109822	0.272725	1.11887	0.933047	0.0723294
2050000	-24.92626	0	-24.92626	0.0899017	0.0647758	0.18319	0.731006	0.104421	0.194055	2.00047	1.03854	0.0461162
2060000	-23.2138	0	-23.2138	0.161923	0.179872	0.199049	0.260112	0.214209	0.0907657	3.09041	0.255406	0.228005
2070000	-21.31325	0	-21.31325	0.0686448	0.115897	0.154076	0.359121	0.138895	0.0810249	3.48679	2.40661	0.112081
2080000	-26.3432	0	-26.3432	0.158567	0.0770231	0.15907	0.271834	0.0249747	0.0679177	3.67638	1.13818	0.261358
2090000	-22.38955	0	-22.38955	0.118789	0.251203	0.130229	0.351811	0.157304	0.222647	3.65019	1.37021	0.23997
2100000	-27.81955	0	-27.81955	0.225229	0.288815	0.23461	0.448955	0.14209	0.0759216	0.617261	0.122113	0.114808
2110000	-21.66816	0	-21.66816	0.0852063	0.280496	0.215874	0.244569	0.110394	0.184987	1.88932	1.36089	0.0591962
2120000	-20.53892	0	-20.53892	0.0769178	0.459627	0.0990755	0.201393	0.0718703	0.172811	1.49748	1.51247	0.139803
2130000	-23.59755	0	-23.59755	0.0918574	0.200985	0.178432	0.215429	0.0647513	0.188809	2.82974	0.125469	0.282576
2140000	-19.32473	0	-19.32473	0.0786129	0.187332	0.165656	0.223768	0.137443	0.259054	0.736693	0.776313	0.132426
2150000	-27.91479	0	-27.91479	0.0838925	0.153244	0.199861	0.317109	0.0892673	0.0384102	1.02598	0.373358	0.205179
2160000	-26.26677	0	-26.26677	0.289964	0.0664116	0.213828	0.362822	0.0916807	0.0731196	4.50458	0.857522	0.00766432
2170000	-20.326	0	-20.326	0.21046	0.239126	0.13694	0.15078	0.105364	0.0907244	1.63887	1.50208	0.176101
2180000	-21.50969	0	-21.50969	0.170215	0.104421	0.219741	0.199605	0.0604675	0.0615298	2.03193	0.876193	0.168135
2190000	-25.25052	0	-25.25052	0.0878151	0.175417	0.198122	0.169782	0.157549	0.123158	0.707554	0.612325	0.138349
2200000	-28.29296	0	-28.29296	0.13392	0.232287	0.176648	0.610099	0.233988	0.0624519	3.42513	0.820511	0.0279378
2210000	-20.60086	0	-20.60086	0.10073	0.100413	0.208778	0.38822	0.0698907	0.203748	1.87839	0.446719	0.0277836
2220000	-21.47075	0	-21.47075	0.113294	0.0997187	0.151307	0.220349	0.12812	0.135046	2.71902	0.90777	0.212839
2230000	-25.08615	0	-25.08615	0.18667	0.156029	0.419531	0.290823	0.116872	0.225147	2.70656	0.514001	0.197187
2240000	-30.53386	0	-30.53386	0.165592	0.533661	0.155714	0.433732	0.114517	0.107949	2.19693	0.693118	0.0991062
2250000	-25.33695	0	-25.33695	0.199295	0.189202	0.513955	0.287094	0.075738	0.174914	1.01805	0.750957	0.156179
2260000	-26.33053	0	-26.33053	0.228508	0.390019	0.16786	0.333736	0.158567	0.284805	1.94137	0.737401	0.289756
2270000	-25.58824	0	-25.58824	0.087271	0.117432	0.328676	0.697885	0.233743	0.132814	1.5567	1.6712	0.0971119
2280000	-30.19502	0	-30.19502	0.159549	0.144874	0.318656	0.16981	0.189054	0.213072	3.46224	1.19135	0.0308481
2290000	-24.73956	0	-24.73956	0.184904	0.226777	0.180012	0.306532	0.0724143	0.115919	1.97007	0.514028	0.0672664
2300000	-31.56429	0	-31.56429	0.106539	0.102537	0.146371	0.334671	0.202782	0.08943	4.1937	0.254485	0.00481392
2310000	-22.46769	0	-22.46769	0.122976	0.152961	0.1892	0.398564	0.128726	0.113463	2.49158	0.859783	0.0384181
2320000	-18.89653	0	-18.89653	0.245754	0.0914877	0.263369	0.340459	0.0733816	0.104234	0.815661	1.63564	0.238513
2330000	-27.11761	0	-27.11761	0.135525	0.134526	0.0856588	0.484968	0.0451726	0.13339	0.566389	0.858943	0.147254
2340000	-26.45102	0	-26.45102	0.223778	0.117814	0.181123	0.340535	0.0672423	0.135278	0.619223	0.513633	0.107374
2350000	-22.46507	0	-22.46507	0.105833	0.128013	0.229799	0.65508	0.063807	0.119126	1.29664	0.673948	0.165392
2360000	-21.02542	0	-21.02542	0.127443	0.415042	0.104397	0.34277	0.0553277	0.126496	1.08142	0.411382	0.111304
2370000	-25.77877	0	-25.77877	0.142978	0.111516	0.199962	0.576338	0.037584	0.20667	0.905491	0.38993	0.100017
2380000	-24.43905	0	-24.43905	0.228218	0.348356	0.307701	0.331403	0.162077	0.378977	1.0307	1.79094	0.0490259
2390000	-22.88438	0	-22.88438	0.26481	0.103579	0.139195	0.337494	0.0973865	0.106045	2.47787	1.04807	0.0271788
2400000	-28.99357	0	-28.99357	0.134489	0.399066	0.283705	0.33637	0.128046	0.100302	0.353375	0.265243	0.25735
2410000	-21.25541	0	-21.25541	0.0641455	0.111677	0.260083	0.249114	0.172268	0.129894	2.97325	0.342761	0.0646123
2420000	-23.20795	0	-23.20795	0.2377	0.0928258	0.137474	0.230413	0.0541538	0.0712323	2.49898	0.372014	0.0873392
2430000	-29.72389	0	-29.72389	0.0943808	0.12578	0.25914	0.324673	0.0979142	0.143123	2.27823	0.388092	0.0166084
2440000	-25.4806	0	-25.4806	0.0816656	0.189882	0.0795399	0.327798	0.112832	0.119566	0.972579	0.840777	0.0941622
2450000	-22.37836	0	-22.37836	0.15843	0.163591	0.271375	0.280245	0.0711559	0.159708	3.42625	0.277105	0.160782
2460000	-22.29856	0	-22.29856	0.21579	0.129051	0.19254	0.3823	0.143036	0.156461	0.807695	1.13257	0.0329986
2470000	-21.93983	0	-21.93983	0.165404	0.214257	0.149512	0.387215	0.136324	0.197815	2.19112	1.12266	0.127036
2480000	-19.62283	0	-19.62283	0.205629	0.215306	0.168011	0.197171	0.0843677	0.230358	2.19217	1.00123	0.0930301
2490000	-20.75634	0	-20.75634	0.0595297	0.134273	0.238761	0.361432	0.109431	0.298831	1.78163	0.412138	0.324187
2500000	-28.92347	0	-28.92347	0.0784785	0.123763	0.27283	0.440489	0.0741344	0.131262	3.45755	1.37475	0.112334
2510000	-23.77444	0	-23.77444	0.166526	0.141036	0.223218	0.429694	0.169208	0.103632	2.52465	0.492055	0.158683
2520000	-24.06073	0	-24.06073	0.110486	0.115995	0.274398	0.241792	0.0906087	0.376131	0.980659	1.09072	0.31753
2530000	-24.4347	0	-24.4347	0.113689	0.305345	0.193651	0.327736	0.168807	0.286388	0.950363	0.7495	0.107519
2540000	-27.13099	0	-27.13099	0.0638214	0.387819	0.303421	0.428425	0.0839166	0.102902	2.55123	2.60461	0.0704658
2550000	-25.43906	0	-25.43906	0.352517	0.198572	0.242628	0.223632	0.206762	0.112309	2.79166	0.978763	0.0261344
2560000	-24.77823	0	-24.77823	0.111785	0.240882	0.16923	0.188121	0.150527	0.231686	2.85886	0.492371	0.242125
2570000	-20.58218	0	-20.58218	0.109958	0.122824	0.238954	0.173063	0.0644569	0.173253	1.14411	1.12965	0.0952871
2580000	-29.57346	0	-29.57346	0.299457	0.146	0.188452	0.132168	0.0638045	0.239366	1.6101	0.489881	0.224238
2590000	-26.32699	0	-26.32699	0.0523958	0.153397	0.225706	0.380364	0.0800555	0.287012	2.63106	0.339871	0.226756
2600000	-19.24844	0	-19.24844	0.175971	0.169302	0.0702777	0.301072	0.0596076	0.10859	1.89078	0.663831	0.150901
2610000	-22.60815	0	-22.60815	0.3209	0.0718317	0.24228	0.219554	0.116716	0.104294	1.89138	1.68827	0.0639867
2620000	-24.2702	0	-24.2702	0.102582	0.142916	0.238407	0.273214	0.211558	0.0778789	4.45659	1.17614	0.0190481
2630000	-22.65788	0	-22.65788	0.112232	0.275915	0.169416	0.192884	0.150065	0.226409	1.82347	1.18401	0.148161
2640000	-24.04216	0	-24.04216	0.119358	0.125698	0.16674	0.487711	0.253295	0.13313	2.94171	2.02271	0.037612
2650000	-24.71746	0	-24.71746	0.0675865	0.0971155	0.22766	0.243735	0.112688	0.158885	1.32708	0.147815	0.160413
2660000	-23.13411	0	-23.13411	0.377806	0.267915	0.124194	0.395085	0.0985548	0.163778	2.64258	0.601237	0.0398875
2670000	-21.03494	0	-21.03494	0.119734	0.106379	0.136411	0.168554	0.0600644	0.0865139	1.18445	0.694668	0.120857
2680000	-17.41612	0	-17.41612	0.0977011	0.158557	0.236211	0.384136	0.0956311	0.124004	2.05763	0.591759	0.158606
2690000	-27.5322	0	-27.5322	0.172525	0.0936497	0.0963989	0.279473	0.060617	0.0652642	2.38736	0.797957	0.261211
2700000	-25.79685	0	-25.79685	0.192843	0.14224	0.55444	0.689785	0.187417	0.153054	1.86308	1.03706	0.31686
2710000	-19.30717	0	-19.30717	0.13226	0.206041	0.184153	0.287647	0.149602	0.109609	2.59598	0.730501	0.0725207
2720000	-24.64871	0	-24.64871	0.146432	0.140672	0.14028	0.323738	0.0447856	0.384878	0.774318	0.813607	0.0958319
2730000	-33.48385	0	-33.48385	0.0698262	0.0942556	0.12181	0.290695	0.0960545	0.0972837	6.01686	0.360982	0.0224829
2740000	-24.00774	0	-24.00774	0.086502	0.343567	0.159448	0.477895	0.219261	0.0893262	2.92063	1.1421	0.0703589
2750000	-23.26548	0	-23.26548	0.144459	0.273467	0.152724	0.165029	0.125054	0.118996	0.985308	0.31309	0.0799464
2760000	-26.7888	0	-26.7888	0.131395	0.224265	0.239379	0.235951	0.22958	0.533919	1.49503	1.25783	0.242809
2770000	-23.70145	0	-23.70145	0.172557	0.234394	0.20226	0.30541	0.126117	0.0467776	1.96203	1.58328	0.0420657
2780000	-24.29094	0	-24.29094	0.111673	0.113238	0.241753	0.176493	0.0843383	0.132028	2.46856	0.792235	0.0726725
2790000	-26.17964	0	-26.17964	0.151336	0.0519303	0.257231	0.46265	0.126105	0.0927195	0.426284	0.523603	0.0165015
2800000	-30.22672	0	-30.22672	0.150608	0.0624275	0.207042	0.343591	0.184973	0.107953	6.61019	0.506502	0.246541
2810000	-24.1108	0	-24.1108	0.0603205	0.208828	0.144844	0.201179	0.226831	0.228095	3.05076	0.55986	0.150962
2820000	-21.54334	0	-21.54334	0.209007	0.137773	0.244758	0.230653	0.0723695	0.0990842	5.15505	0.9927	0.0922307
2830000	-28.24207	0	-28.24207	0.133575	0.163979	0.178222	0.521367	0.167268	0.128463	4.98619	0.956143	0.116315
2840000	-27.82433	0	-27.82433	0.16658	0.335508	0.204025	0.0713044	0.183922	0.3271	0.841296	1.47331	0.148224
2850000	-23.48144	0	-23.48144	0.149539	0.150642	0.245873	0.304657	0.0948536	0.193411	2.21315	0.606702	0.11028
2860000	-28.91811	0	-28.91811	0.242526	0.158126	0.231049	0.383637	0.15414	0.0936682	1.20163	1.11202	0.0554986
2870000	-26.70654	0	-26.70654	0.300696	0.330498	0.0696953	0.486928	0.0576744	0.101298	1.90188	0.760698	0.0557788
2880000	-24.07197	0	-24.07197	0.0967927	0.193918	0.239491	0.259583	0.2627	0.170037	3.49883	0.835045	0.0667354
2890000	-24.12875	0	-24.12875	0.155657	0.234686	0.116264	0.784019	0.148788	0.201328	1.60407	2.60357	0.145469
2900000	-25.03339	0	-25.03339	0.195574	0.0815272	0.116755	0.593147	0.224148	0.135828	2.63845	1.93486	0.213954
2910000	-20.16361	0	-20.16361	0.148534	0.0855914	0.185772	0.292366	0.104516	0.110236	2.50889	1.08803	0.0756901
2920000	-20.66748	0	-20.66748	0.0799923	0.135137	0.131037	0.128131	0.17821	0.196673	1.74565	1.23548	0.184711
2930000	-27.27184	0	-27.27184	0.204231	0.103063	0.0915366	0.339505	0.272452	0.125264	0.467991	2.3812	0.05692
2940000	-24.48063	0	-24.48063	0.186304	0.18193	0.152712	0.161358	0.20414	0.0959981	5.16119	0.543699	0.0562927
2950000	-23.23764	0	-23.23764	0.0825897	0.14769	0.185268	0.48911	0.0623512	0.105724	4.68815	0.845232	0.296223
2960000	-19.97243	0	-19.97243	0.0662492	0.168451	0.211805	0.304329	0.0853135	0.0665833	0.763988	0.633802	0.132353
2970000	-23.03372	0	-23.03372	0.163425	0.04079	0.165159	0.317685	0.0569999	0.111708	2.69928	1.77901	0.0463462
2980000	-24.10386	0	-24.10386	0.329759	0.0797951	0.105945	0.312114	0.205394	0.146474	1.478	1.79234	0.153323
2990000	-19.35992	0	-19.35992	0.159222	0.280947	0.100536	0.353486	0.0572523	0.145105	1.04388	0.594318	0.328376
3000000	-26.77666	0	-26.77666	0.121542	0.0572781	0.150338	0.405964	0.319832	0.112851	1.31047	0.94245	0.267813
3010000	-24.92081	0	-24.92081	0.277983	0.272834	0.20049	0.299452	0.085194	0.250159	4.74491	0.805316	0.12401
3020000	-25.08321	0	-25.08321	0.142756	0.173088	0.156785	0.582385	0.182033	0.161554	1.71207	1.45402	0.20258
3030000	-21.62963	0	-21.62963	0.1781	0.375788	0.217756	0.328509	0.20646	0.144135	2.24951	1.90255	0.229302
3040000	-32.06825	0	-32.06825	0.0985107	0.111747	0.465272	0.207146	0.324548	0.565545	3.55773	2.95969	0.102279
3050000	-23.92277	0	-23.92277	0.269468	0.195088	0.119153	0.367542	0.147952	0.177975	0.863385	0.884879	0.17584
3060000	-24.6395	0	-24.6395	0.0625676	0.159598	0.193903	0.190056	0.173482	0.152256	0.98964	0.622902	0.279443
3070000	-22.09502	0	-22.09502	0.123098	0.265479	0.271085	0.431442	0.162768	0.32363	2.88645	1.0736	0.385413
3080000	-32.78663	0	-32.78663	0.188648	0.160473	0.192239	0.645364	0.0847769	0.102132	1.56522	0.920122	0.249791
3090000	-20.23385	0	-20.23385	0.1203	0.192016	0.15531	0.140552	0.125252	0.102888	2.36104	1.97005	0.340232
3100000	-29.01862	0	-29.01862	0.269332	0.402955	0.178626	0.196326	0.284472	0.190233	2.1063	0.51438	0.0864653
3110000	-22.12999	0	-22.12999	0.0831954	0.196882	0.186736	0.19702	0.18479	0.143555	1.54252	2.72954	0.00687545
3120000	-26.69124	0	-26.69124	0.151545	0.272393	0.103252	0.197913	0.140308	0.0899292	1.17379	1.39696	0.285819
3130000	-19.96511	0	-19.96511	0.118833	0.197765	0.0922637	0.185667	0.0963135	0.0975833	0.872422	0.47892	0.270023
3140000	-22.6317	0	-22.6317	0.197927	0.191927	0.306836	0.331208	0.147005	0.140719	1.39259	1.27306	0.240267
3150000	-22.68853	0	-22.68853	0.154321	0.144636	0.120973	0.421677	0.094958	0.103428	2.86488	0.956047	0.0265815
3160000	-25.00534	0	-25.00534	0.147729	0.0816898	0.306417	0.286373	0.145556	0.0734947	3.18573	0.402932	0.048238
3170000	-28.17317	0	-28.17317	0.081866	0.105272	0.182217	0.170738	0.148234	0.179175	1.75468	1.18191	0.00536018
3180000	-25.92734	0	-25.92734	0.231444	0.217192	0.156166	0.2547	0.0966103	0.114766	1.00472	0.65271	0.0396762
3190000	-29.10639	0	-29.10639	0.109832	0.152896	0.163194	0.261568	0.0763761	0.140962	1.33573	0.256862	0.0109413
3200000	-25.16329	0	-25.16329	0.0979668	0.289439	0.161157	0.267806	0.0672861	0.074992	2.13523	0.944389	0.0417974
3210000	-25.58711	0	-25.58711	0.118736	0.0453544	0.30742	0.312585	0.0407245	0.188868	3.28344	2.60232	0.0173408
3220000	-23.31954	0	-23.31954	0.115705	0.0999906	0.079324	0.270431	0.197527	0.32091	1.39708	2.16392	0.162842
3230000	-20.96526	0	-20.96526	0.144931	0.362953	0.250435	0.221741	0.0984716	0.127657	0.727082	1.85019	0.434861
3240000	-25.06697	0	-25.06697	0.104267	0.080933	0.142045	0.225115	0.164857	0.116681	1.85238	0.407576	0.0160052
3250000	-24.73208	0	-24.73208	0.113719	0.223183	0.15922	0.255007	0.20975	0.0909386	3.17374	0.640874	0.0788184
3260000	-22.66132	0	-22.66132	0.263434	0.144283	0.128383	0.491955	0.0870734	0.207574	1.59279	1.6079	0.0952578
3270000	-28.93172	0	-28.93172	0.0713604	0.31114	0.296729	0.318945	0.12717	0.11283	2.44909	0.691489	0.188817
3280000	-25.02872	0	-25.02872	0.0834363	0.251579	0.303196	0.316935	0.185122	0.196986	2.00062	1.53246	0.143601
3290000	-22.24466	0	-22.24466	0.137263	0.15861	0.116375	0.252547	0.137525	0.155016	2.33156	3.34856	0.219701
3300000	-33.5694	0	-33.5694	0.0818823	0.356572	0.0567479	0.833342	0.547345	0.119419	1.69489	1.31268	0.097523
3310000	-23.92625	0	-23.92625	0.095395	0.135501	0.201307	0.212623	0.143577	0.246656	1.30528	0.33212	0.0707231
3320000	-22.88534	0	-22.88534	0.114195	0.164546	0.249928	0.155751	0.073629	0.0994691	1.4097	3.2503	0.301804
3330000	-20.14626	0	-20.14626	0.0748396	0.194372	0.238623	0.261222	0.127564	0.132938	1.0318	2.90309	0.0775092
3340000	-23.06988	0	-23.06988	0.135975	0.109153	0.105939	0.15744	0.16791	0.0727415	1.13786	0.51564	0.0661647
3350000	-25.08429	0	-25.08429	0.110578	0.0858591	0.230871	0.20494	0.0437594	0.116747	1.21553	0.223457	0.108883
3360000	-22.36216	0	-22.36216	0.123058	0.0671161	0.291185	0.229411	0.147801	0.156621	3.31722	0.524572	0.0561448
3370000	-20.72678	0	-20.72678	0.0889814	0.36175	0.17953	0.233463	0.20239	0.164783	1.01782	0.315735	0.259248
3380000	-25.10843	0	-25.10843	0.0548225	0.166238	0.143202	0.477438	0.106523	0.074563	2.82297	0.524226	0.0426413
3390000	-21.66723	0	-21.66723	0.241968	0.217936	0.327743	0.30293	0.0802338	0.18674	0.620839	0.710802	0.235577
3400000	-23.32997	0	-23.32997	0.167551	0.315399	0.130662	0.445131	0.0850306	0.0855434	3.05379	0.510472	0.07446
3410000	-20.87582	0	-20.87582	0.0498614	0.266552	0.172339	0.435602	0.191702	0.122058	1.27137	3.21418	0.168548
3420000	-29.10952	0	-29.10952	0.0693549	0.440824	0.29708	0.265062	0.0615936	0.0331067	2.82132	0.468878	0.0177218
3430000	-26.07227	0	-26.07227	0.0626956	0.233641	0.266292	0.193712	0.0840957	0.148589	1.17607	0.877295	0.133129
3440000	-26.50098	0	-26.50098	0.0571729	0.176449	0.184483	0.422205	0.0383793	0.173664	3.26462	0.855231	0.21771
3450000	-25.25653	0	-25.25653	0.281715	0.157573	0.152907	0.305216	0.0780752	0.170553	0.970492	0.636148	0.0153913
3460000	-30.69835	0	-30.69835	0.138395	0.0616773	0.341495	0.328547	0.273408	0.142545	5.83755	0.395013	0.0625296
3470000	-24.58007	0	-24.58007	0.0789952	0.0635205	0.08416	0.293474	0.054266	0.0820675	2.91825	2.5775	0.090801
3480000	-18.77918	0	-18.77918	0.14246	0.203762	0.141471	0.455595	0.104426	0.196738	1.28297	2.94856	0.408261
3490000	-19.92463	0	-19.92463	0.153181	0.1305	0.12787	0.285514	0.0636583	0.172158	3.52654	1.89182	0.250719
3500000	-22.18184	0	-22.18184	0.158753	0.258596	0.247452	0.567651	0.0636808	0.100428	1.9286	1.28456	0.148539
3510000	-25.121	0	-25.121	0.22182	0.209525	0.309636	0.313076	0.0897372	0.16339	1.08292	4.62842	0.234172
3520000	-31.16532	0	-31.16532	0.364989	0.265424	0.219495	0.103938	0.123933	0.116632	2.8897	4.56329	0.0658334
3530000	-23.04265	0	-23.04265	0.190873	0.125032	0.231469	0.175844	0.155024	0.0865989	1.66571	0.615961	0.208605
3540000	-25.28743	0	-25.28743	0.0922422	0.0726542	0.179636	0.307967	0.0329679	0.131679	1.76959	5.23263	0.13611
3550000	-27.66218	0	-27.66218	0.123173	0.0862095	0.085943	0.232518	0.122229	0.156345	1.09297	1.11301	0.0136174
3560000	-25.12072	0	-25.12072	0.11909	0.249109	0.233316	0.474233	0.112212	0.185702	1.88331	0.288518	0.116188
3570000	-23.554	0	-23.554	0.222619	0.0892088	0.194001	0.210917	0.0953698	0.2018	3.49188	1.84973	0.315393
3580000	-20.87032	0	-20.87032	0.142003	0.125515	0.193876	0.420102	0.0771594	0.0644914	0.772718	2.05766	0.286226
3590000	-22.3491	0	-22.3491	0.0754428	0.141106	0.39566	0.356341	0.082077	0.108576	2.17222	0.337025	0.0482712
3600000	-26.15417	0	-26.15417	0.103513	0.204617	0.143033	0.151516	0.180245	0.189357	3.71945	2.94716	0.0204474
3610000	-25.90157	0	-25.90157	0.0575246	0.159204	0.0573289	0.570372	0.0792919	0.0804546	5.38423	0.900313	0.183342
3620000	-25.34622	0	-25.34622	0.117855	0.161915	0.164815	0.288781	0.13798	0.241358	1.0632	0.669492	0.0841811
3630000	-28.96904	0	-28.96904	0.143853	0.165556	0.422617	0.527491	0.0841428	0.29207	2.48023	1.04714	0.151397
3640000	-25.87916	0	-25.87916	0.0839737	0.211201	0.138452	0.243851	0.143026	0.121178	1.02575	0.319567	0.111493
3650000	-23.74651	0	-23.74651	0.269234	0.141123	0.130145	0.410812	0.116446	0.073625	0.703812	1.57823	0.120678
3660000	-25.41937	0	-25.41937	0.0636208	0.0801139	0.232745	0.325696	0.188062	0.0649663	0.529221	0.450551	0.101612
3670000	-22.05109	0	-22.05109	0.173425	0.119745	0.216555	0.289981	0.118254	0.0990038	1.34393	0.916956	0.0919577
3680000	-23.67808	0	-23.67808	0.0951103	0.131309	0.131084	0.287734	0.0686866	0.270106	1.47093	3.55811	0.381428
3690000	-20.58491	0	-20.58491	0.14417	0.133121	0.178453	0.358426	0.12445	0.259431	2.38283	0.284143	0.120456
3700000	-24.76264	0	-24.76264	0.167589	0.0685964	0.130397	0.462459	0.168952	0.142071	3.72721	1.90785	0.088723
3710000	-19.423	0	-19.423	0.13143	0.128613	0.265892	0.589483	0.0930494	0.176018	1.67751	1.02806	0.198485
3720000	-23.44551	0	-23.44551	0.160898	0.105573	0.194188	0.261263	0.11263	0.148072	1.4733	3.16129	0.158153
3730000	-23.50319	0	-23.50319	0.141099	0.180656	0.154438	0.318017	0.049992	0.16158	1.99515	0.491041	0.0149662
3740000	-26.87567	0	-26.87567	0.151355	0.0726232	0.357004	0.32484	0.20246	0.35116	3.51026	0.542598	0.0409768
3750000	-18.98922	0	-18.98922	0.153912	0.0903563	0.339103	0.190955	0.118879	0.26522	1.4839	0.718088	0.239118
3760000	-23.24657	0	-23.24657	0.0496938	0.214021	0.0681089	0.539315	0.0785757	0.187433	0.785314	0.676423	0.0904421
3770000	-21.41176	0	-21.41176	0.082693	0.18151	0.254099	0.241031	0.107702	0.220998	3.6566	2.13554	0.205018
3780000	-22.34973	0	-22.34973	0.157171	0.158522	0.253775	0.330447	0.201674	0.106951	3.98893	0.757772	0.208569
3790000	-16.85413	0	-16.85413	0.139528	0.414443	0.189809	0.329118	0.0855569	0.115324	1.96366	1.69007	0.200779
3800000	-21.21094	0	-21.21094	0.0658319	0.210015	0.197279	0.312273	0.151898	0.251041	1.42538	0.383135	0.187441
3810000	-32.32385	0	-32.32385	0.0670063	0.112665	0.197873	0.386176	0.213464	0.0709051	6.86531	0.188091	0.166511
3820000	-27.34385	0	-27.34385	0.327041	0.265828	0.0620193	0.435601	0.0896119	0.104878	2.79525	3.24715	0.0591664
3830000	-26.56956	0	-26.56956	0.0977764	0.196464	0.158711	0.232778	0.0823111	0.353906	3.89444	0.540953	0.0136101
3840000	-26.2339	0	-26.2339	0.192488	0.158757	0.437959	0.289218	0.180418	0.174469	5.75439	1.52546	0.136108
3850000	-22.82769	0	-22.82769	0.179775	0.131032	0.127855	0.304882	0.0590527	0.147386	2.90147	0.899961	0.268755
3860000	-21.01532	0	-21.01532	0.0623485	0.128886	0.202778	0.180688	0.13873	0.147654	1.16569	1.75063	0.182882
3870000	-22.51335	0	-22.51335	0.044838	0.190109	0.300893	0.284896	0.14465	0.103573	2.57284	3.26842	0.292985
3880000	-22.82484	0	-22.82484	0.114718	0.165951	0.367632	0.225545	0.0934488	0.164131	2.85447	1.21341	0.172105
3890000	-23.53735	0	-23.53735	0.110379	0.215323	0.204623	0.352295	0.0635876	0.0688452	4.06174	0.902065	0.191333
3900000	-19.13533	0	-19.13533	0.118144	0.27269	0.0981707	0.210766	0.0477733	0.207893	2.17339	3.33396	0.163112
3910000	-26.86482	0	-26.86482	0.212973	0.224929	0.141596	0.368941	0.261206	0.0641146	2.67097	0.824767	0.240661
3920000	-23.18689	0	-23.18689	0.173095	0.216373	0.181084	0.610917	0.0916602	0.15231	2.98002	0.221557	0.140375
3930000	-22.93463	0	-22.93463	0.308661	0.201827	0.13721	0.318028	0.0732665	0.0959662	3.31124	0.752643	0.178776
3940000	-23.48307	0	-23.48307	0.172139	0.390542	0.100312	0.618294	0.0979223	0.426291	1.94232	1.93416	0.313692
3950000	-23.61099	0	-23.61099	0.277641	0.142909	0.280209	0.59476	0.183983	0.161341	1.74985	0.492541	0.286137
3960000	-27.08383	0	-27.08383	0.0517942	0.0946945	0.106306	0.236121	0.0482002	0.0910902	2.14421	0.664781	0.0131164
3970000	-19.83207	0	-19.83207	0.249825	0.150712	0.158333	0.332819	0.138267	0.128224	1.61925	1.44319	0.192186
3980000	-22.75062	0	-22.75062	0.177535	0.104838	0.200425	0.224302	0.151682	0.096815	0.729884	2.37407	0.0513789
3990000	-25.40537	0	-25.40537	0.109158	0.165875	0.396587	0.479606	0.0282324	0.172034	2.04512	2.84602	0.12888
4000000	-26.78802	0	-26.78802	0.150112	0.307138	0.2212	0.229888	0.0752133	0.201617	3.68779	0.400452	0.204925
4010000	-24.826	0	-24.826	0.10774	0.0860931	0.226588	0.405493	0.11381	0.0796342	0.928327	1.42919	0.0526906
4020000	-21.31706	0	-21.31706	0.150472	0.128543	0.115696	0.375494	0.111655	0.110002	1.971	1.20992	0.221759
4030000	-29.24999	0	-29.24999	0.0924037	0.132075	0.214812	0.224465	0.0641506	0.104267	2.75232	1.04275	0.318205
4040000	-23.44695	0	-23.44695	0.221302	0.609077	0.0866309	0.363628	0.0914479	0.132079	3.17	1.57683	0.297909
4050000	-21.38321	0	-21.38321	0.0881179	0.0808245	0.216208	0.348248	0.144546	0.301183	0.735745	0.99978	0.346003
4060000	-25.3424	0	-25.3424	0.185355	0.0870294	0.219079	0.585136	0.175103	0.149761	1.60768	0.239923	0.207824
4070000	-24.47311	0	-24.47311	0.205587	0.221318	0.130695	0.287197	0.105181	0.282416	1.99244	1.73885	0.198963
4080000	-22.58949	0	-22.58949	0.143582	0.185204	0.275712	0.298823	0.056218	0.216236	4.77568	2.15817	0.139159
4090000	-21.66904	0	-21.66904	0.114278	0.379439	0.0822882	0.255032	0.0575895	0.127876	2.49512	1.79866	0.054583
4100000	-21.76799	0	-21.76799	0.0812658	0.0716852	0.255411	0.195259	0.101433	0.188126	2.80958	0.438292	0.0913122
4110000	-20.69197	0	-20.69197	0.121509	0.185087	0.224459	0.296769	0.0965644	0.231994	2.72191	1.41406	0.197705
4120000	-27.11551	0	-27.11551	0.215407	0.0910993	0.335714	0.261444	0.252024	0.0787373	0.98449	1.35643	0.1228
4130000	-22.71889	0	-22.71889	0.207459	0.0829265	0.195168	0.417219	0.126564	0.0853084	1.6473	0.808759	0.0453203
4140000	-30.50704	0	-30.50704	0.410895	0.190766	0.120875	0.228396	0.0848453	0.0971384	2.84859	0.571719	0.00442113
4150000	-22.49335	0	-22.49335	0.097992	0.109143	0.303567	0.68485	0.137444	0.199513	1.96632	0.716283	0.167455
4160000	-24.00134	0	-24.00134	0.149858	0.278643	0.114214	0.32926	0.217579	0.122	1.0469	2.65928	0.155377
4170000	-26.83714	0	-26.83714	0.199281	0.132331	0.35173	0.220921	0.198715	0.0902453	1.99967	0.233652	0.0445387
4180000	-19.50629	0	-19.50629	0.106462	0.171876	0.160006	0.269152	0.0842179	0.120827	1.04623	1.03628	0.162743
4190000	-25.864	0	-25.864	0.069137	0.218326	0.155446	0.604507	0.134864	0.0564298	2.63021	0.29387	0.0242914
4200000	-20.95159	0	-20.95159	0.11903	0.101361	0.279786	0.243523	0.115786	0.149578	1.76725	0.746964	0.264058
4210000	-26.11786	0	-26.11786	0.140522	0.14971	0.207345	0.304618	0.100344	0.0785008	1.32052	0.426804	0.14466
4220000	-20.99767	0	-20.99767	0.108829	0.109553	0.217728	0.165029	0.0661655	0.157931	1.53363	1.09848	0.258401
4230000	-20.94242	0	-20.94242	0.172018	0.511729	0.135933	0.348878	0.0848366	0.221648	2.4446	2.49017	0.235947
4240000	-24.27511	0	-24.27511	0.123052	0.126744	0.326653	0.304235	0.209258	0.100757	1.94874	0.484118	0.139156
4250000	-27.13357	0	-27.13357	0.106965	0.35309	0.149272	0.0955236	0.138508	0.0704004	2.29253	2.35204	0.223383
4260000	-22.61285	0	-22.61285	0.0603635	0.22544	0.236113	0.692157	0.124682	0.0637335	3.8038	1.26485	0.241301
4270000	-28.29992	0	-28.29992	0.187749	0.20432	0.208634	0.404541	0.109854	0.0763616	2.01205	1.64889	0.086877
4280000	-19.4348	0	-19.4348	0.118944	0.0913704	0.194617	0.19677	0.133269	0.132782	2.49528	0.525088	0.251856
4290000	-27.10152	0	-27.10152	0.150666	0.193172	0.150015	0.341558	0.0897304	0.119016	1.71713	0.267525	0.106821
4300000	-21.2595	0	-21.2595	0.0916462	0.135898	0.348779	0.359576	0.119298	0.272014	2.52897	1.44098	0.297175
4310000	-33.68271	0	-33.68271	0.113781	0.259059	0.215305	0.737523	0.164581	0.0373933	0.544743	0.471988	0.0619431
4320000	-24.3674	0	-24.3674	0.0869878	0.260475	0.0952581	0.376791	0.22213	0.13708	2.53808	1.91679	0.0982116
4330000	-24.53929	0	-24.53929	0.0498472	0.168647	0.181967	0.473061	0.104575	0.128134	1.16164	0.199857	0.0627594
4340000	-21.66787	0	-21.66787	0.051424	0.0954151	0.173156	0.201956	0.161987	0.213592	1.96477	1.46759	0.0294112
4350000	-34.41905	0	-34.41905	0.0638557	0.11861	0.0673565	0.207109	0.0820799	0.118378	4.45087	1.26329	0.122028
4360000	-25.34344	0	-25.34344	0.128115	0.057263	0.128387	0.413807	0.0846944	0.195112	1.78389	0.308025	0.24586
4370000	-22.70012	0	-22.70012	0.175056	0.165699	0.11874	0.531637	0.0934916	0.15575	1.06883	0.302469	0.142376
4380000	-22.12199	0	-22.12199	0.0554486	0.0764947	0.338873	0.191982	0.0880969	0.0865553	2.51078	0.429197	0.199385
4390000	-29.45016	0	-29.45016	0.217238	0.136266	0.0797029	0.44578	0.17041	0.0804514	3.85439	1.21557	0.0899413
4400000	-21.07485	0	-21.07485	0.119197	0.300978	0.246201	0.541202	0.0837892	0.2344	1.2935	1.16861	0.209601
4410000	-28.87545	0	-28.87545	0.121177	0.0458987	0.278433	0.48989	0.0601751	0.186876	1.97093	0.828787	0.0331173
4420000	-20.6126	0	-20.6126	0.203834	0.144552	0.118662	0.262147	0.0561991	0.0907781	0.962641	1.68349	0.124486
4430000	-23.1475	0	-23.1475	0.0775228	0.359407	0.172897	0.269953	0.150712	0.189492	1.96821	2.42844	0.158217
4440000	-32.06015	0	-32.06015	0.143683	0.0355719	0.331461	0.23524	0.147416	0.196088	9.48347	2.37089	0.166422
4450000	-23.59196	0	-23.59196	0.307753	0.287951	0.158284	0.56916	0.20112	0.211341	2.15908	1.24962	0.0116292
4460000	-29.13449	0	-29.13449	0.226318	0.098167	0.123744	0.277138	0.12202	0.0951846	2.95238	0.280193	0.0364128
4470000	-19.52051	0	-19.52051	0.0566711	0.336334	0.146644	0.331018	0.117807	0.126478	1.47815	0.60445	0.130289
4480000	-22.41205	0	-22.41205	0.064605	0.252235	0.128356	0.135913	0.100917	0.0845648	2.18101	0.356716	0.0833271
4490000	-26.74542	0	-26.74542	0.0921862	0.218891	0.297669	0.174919	0.246854	0.30067	1.24978	0.357831	0.187011
4500000	-22.96736	0	-22.96736	0.0873957	0.140515	0.110512	0.145719	0.0814152	0.106735	2.19306	1.06607	0.0165898
4510000	-19.37175	0	-19.37175	0.159007	0.231546	0.138645	0.408781	0.212179	0.0928238	1.7405	2.23251	0.223806
4520000	-26.67703	0	-26.67703	0.16344	0.245041	0.117273	0.362913	0.103585	0.115545	1.31587	0.288585	0.0281289
4530000	-27.67456	0	-27.67456	0.202365	0.629071	0.238802	0.337643	0.170229	0.102036	1.22937	0.923283	0.105485
4540000	-28.99803	0	-28.99803	0.176217	0.150991	0.235078	0.521707	0.158498	0.0966759	1.05129	0.363977	0.0436141
4550000	-25.24026	0	-25.24026	0.0869783	0.0933843	0.11414	0.161517	0.0859677	0.123075	1.30096	1.01966	0.126721
4560000	-24.90024	0	-24.90024	0.107353	0.104321	0.288921	0.276794	0.0657039	0.0748865	4.86383	0.829028	0.139502
4570000	-26.18909	0	-26.18909	0.144056	0.18057	0.0753955	0.157457	0.0667015	0.256071	2.03022	1.23782	0.0512324
4580000	-24.40473	0	-24.40473	0.099109	0.108534	0.147766	0.372407	0.0984705	0.074109	0.486016	0.52055	0.0845257
4590000	-26.19811	0	-26.19811	0.135164	0.209736	0.248519	0.166148	0.0312768	0.101218	2.63809	2.36444	0.158786
4600000	-23.56078	0	-23.56078	0.184762	0.140148	0.12771	0.170436	0.0742756	0.114222	5.3633	1.69636	0.0927063
4610000	-25.7489	0	-25.7489	0.171216	0.165507	0.13991	0.501461	0.130076	0.0562171	2.43214	1.38354	0.170339
4620000	-22.1485	0	-22.1485	0.136758	0.121808	0.138269	0.3953	0.113927	0.242756	1.63768	0.155435	0.0487411
4630000	-26.67496	0	-26.67496	0.204522	0.571964	0.111943	0.198998	0.252934	0.103491	3.26587	2.01653	0.195822
4640000	-23.73008	0	-23.73008	0.318379	0.248039	0.106034	0.19332	0.0833856	0.164134	3.54839	4.87342	0.235367
4650000	-22.30908	0	-22.30908	0.158072	0.213256	0.259205	0.307548	0.11175	0.264835	2.10516	1.45904	0.0984832
4660000	-20.89304	0	-20.89304	0.0854469	0.14449	0.137876	0.324988	0.278225	0.183693	2.1936	2.92324	0.219412
4670000	-28.1872	0	-28.1872	0.208096	0.152931	0.174598	0.198826	0.187701	0.109606	3.13228	0.531975	0.0305445
4680000	-29.26458	0	-29.26458	0.0613785	0.129802	0.23567	0.430873	0.184656	0.104321	0.361435	0.449062	0.0524497
4690000	-32.55669	0	-32.55669	0.211679	0.127852	0.153191	0.266897	0.124073	0.208685	2.23153	1.45065	0.0152007
4700000	-18.2505	0	-18.2505	0.174387	0.0934225	0.177533	0.171911	0.15086	0.100215	0.96288	1.7249	0.255608
4710000	-27.01645	0	-27.01645	0.261028	0.329633	0.130064	0.32298	0.154282	0.158035	0.737359	1.51183	0.00757722
4720000	-25.78837	0	-25.78837	0.0785212	0.155028	0.26174	0.174636	0.124629	0.210535	5.96953	3.15703	0.245219
4730000	-24.95292	0	-24.95292	0.240505	0.136413	0.169029	0.340755	0.0424017	0.0937915	2.16385	1.82004	0.0724247
4740000	-25.54415	0	-25.54415	0.113635	0.193174	0.17086	0.112884	0.24376	0.154389	2.94958	0.841028	0.144621
4750000	-29.27726	0	-29.27726	0.252457	0.104045	0.118606	0.200139	0.102982	0.0980143	1.44683	0.341145	0.00688498
4760000	-18.8521	0	-18.8521	0.109787	0.172611	0.323782	0.209763	0.104126	0.0853108	1.80533	1.59292	0.226738
4770000	-20.07429	0	-20.07429	0.136039	0.0882812	0.160703	0.225643	0.101096	0.222807	0.854737	0.402459	0.0727812
4780000	-24.19866	0	-24.19866	0.17943	0.303012	0.141851	0.434876	0.196821	0.132301	4.29774	3.14271	0.315866
4790000	-23.06441	0	-23.06441	0.139975	0.0723009	0.191342	0.202553	0.0473162	0.0630856	2.09704	3.46129	0.11567
4800000	-22.83705	0	-22.83705	0.178375	0.349474	0.126625	0.370597	0.0950581	0.13299	1.55342	0.707491	0.00649089
4810000	-22.94552	0	-22.94552	0.144466	0.307739	0.168556	0.497944	0.220036	0.0777827	1.48055	1.33854	0.131257
4820000	-21.56012	0	-21.56012	0.111199	0.165138	0.142026	0.34639	0.126544	0.170811	3.32825	0.490434	0.0443875
4830000	-29.4375	0	-29.4375	0.127341	0.197663	0.124686	0.319462	0.0563654	0.110857	4.21309	2.34782	0.0195856
4840000	-22.43457	0	-22.43457	0.144082	0.177931	0.107456	0.329553	0.143959	0.132524	2.42224	0.633169	0.0771384
4850000	-21.14643	0	-21.14643	0.10473	0.0926979	0.204393	0.198992	0.0817059	0.231866	4.49763	0.822361	0.0616266
4860000	-21.24178	0	-21.24178	0.186894	0.151481	0.127193	0.478809	0.0770347	0.0609539	2.45801	1.08688	0.0879163
4870000	-33.67585	0	-33.67585	0.380443	0.212021	0.161303	0.543229	0.183357	0.0719569	1.81153	1.33395	0.0609115
4880000	-21.67653	0	-21.67653	0.0718196	0.173344	0.302132	0.333234	0.190518	0.0943041	2.26228	1.27357	0.189973
4890000	-26.29661	0	-26.29661	0.0986572	0.278775	0.267776	0.433405	0.155047	0.152046	2.83617	0.608021	0.149544
4900000	-35.25721	0	-35.25721	0.0582777	0.206348	0.184138	0.391215	0.0882897	0.129715	2.27195	0.356266	0.0241581
4910000	-23.61714	0	-23.61714	0.0922361	0.214496	0.137704	0.461105	0.153633	0.141986	5.64016	1.17945	0.049066
4920000	-23.21156	0	-23.21156	0.121906	0.333843	0.34968	0.363427	0.0724566	0.21164	1.35707	1.25082	0.403636
4930000	-25.55028	0	-25.55028	0.099015	0.373933	0.183271	0.312917	0.0868058	0.149048	2.87528	1.65852	0.148685
4940000	-26.47988	0	-26.47988	0.101769	0.169791	0.334757	0.352031	0.127424	0.202349	5.24114	0.370572	0.114088
4950000	-28.88597	0	-28.88597	0.0641087	0.145555	0.24848	0.181422	0.0466804	0.150184	3.14348	0.251481	0.0939325
4960000	-19.22496	0	-19.22496	0.11773	0.399951	0.131321	0.348518	0.0837309	0.0876011	1.47341	2.55451	0.120848
4970000	-25.22961	0	-25.22961	0.0891498	0.306679	0.0801865	0.170974	0.12251	0.140344	1.76301	2.42876	0.0852826
4980000	-22.37682	0	-22.37682	0.147144	0.0646559	0.383483	0.118616	0.0554485	0.188396	1.23078	0.435989	0.120557
4990000	-19.50203	0	-19.50203	0.126128	0.212039	0.215311	0.272067	0.134058	0.164209	1.94316	2.52215	0.271609
5000000	-26.88585	0	-26.88585	0.0626562	0.107979	0.236652	0.250258	0.350841	0.16817	1.64978	0.714246	0.0514772
