Iteration	Posterior	Likelihood	Prior	lambda[1]	lambda[2]	lambda[3]	mu[1]	mu[2]	mu[3]	psi[1]	psi[2]	psi[3]
0	-104.1512	0	-104.1512	0.0770102	0.195195	0.0478427	0.102598	0.134619	0.189266	0.199039	0.379081	0.371799
10000	-52.17972	0	-52.17972	0.135765	0.137474	0.11469	0.375821	0.0816366	0.104408	7.73532	0.425772	0.157619
20000	-51.06858	0	-51.06858	0.0992419	0.23611	0.118068	0.583858	0.0815655	0.0699769	2.8306	0.930538	0.790218
30000	-47.42223	0	-47.42223	0.110501	0.139406	0.148065	0.293375	0.0566596	0.0740355	3.78819	0.627179	0.508913
40000	-58.46033	0	-58.46033	0.280191	0.15169	0.145188	0.459148	0.120454	0.0978751	5.55741	1.68278	0.383593
50000	-43.79412	0	-43.79412	0.207215	0.215378	0.14021	0.704798	0.11852	0.134532	1.98606	1.00403	3.03978
60000	-51.66339	0	-51.66339	0.0852575	0.343462	0.23125	0.292225	0.131704	0.116497	3.15205	0.703911	0.318075
70000	-50.52007	0	-50.52007	0.103471	0.317411	0.11333	0.389292	0.107516	0.0557944	2.10067	0.250192	1.28763
80000	-43.17017	0	-43.17017	0.21607	0.349977	0.24086	0.411161	0.119108	0.0793326	3.53635	5.08159	0.69388
90000	-42.41624	0	-42.41624	0.111902	0.379842	0.280339	0.705097	0.0877529	0.194124	3.3222	0.324268	1.22874
100000	-49.13082	0	-49.13082	0.176117	0.310533	0.472959	0.538693	0.100208	0.118869	1.97822	0.757368	1.35144
110000	-44.2819	0	-44.2819	0.194433	0.230104	0.3155	0.517989	0.125716	0.157159	2.40461	0.999769	0.884527
120000	-53.09585	0	-53.09585	0.101552	0.177352	0.107557	0.576285	0.0858319	0.199852	2.14631	0.356178	1.08601
130000	-55.85818	0	-55.85818	0.128765	0.0778117	0.327751	0.260892	0.0580218	0.0440928	1.19353	0.346152	0.127778
140000	-44.88288	0	-44.88288	0.30008	0.156536	0.111695	0.653474	0.0778211	0.056324	2.44641	0.80643	2.01772
150000	-49.9805	0	-49.9805	0.119888	0.178795	0.125657	0.419817	0.0839632	0.0711164	2.45572	0.740752	0.146298
160000	-51.96303	0	-51.96303	0.22466	0.219607	0.0634784	0.637479	0.0637394	0.258255	1.42891	0.555289	0.216034
170000	-48.71164	0	-48.71164	0.306233	0.280828	0.287165	0.53362	0.112612	0.0769583	2.1779	4.36169	0.665258
180000	-43.5762	0	-43.5762	0.0970663	0.211009	0.168457	0.540751	0.0736269	0.161187	2.982	0.4407	1.28895
190000	-48.42717	0	-48.42717	0.101873	0.106483	0.26942	0.542346	0.0655679	0.126631	2.81965	1.55977	0.508192
200000	-42.32589	0	-42.32589	0.300686	0.123974	0.528961	0.666113	0.0956413	0.182886	4.34638	0.645509	0.110381
210000	-47.45293	0	-47.45293	0.262604	0.332417	0.198369	0.233186	0.0682574	0.0647573	1.95451	0.631205	0.537987
220000	-48.02557	0	-48.02557	0.173713	0.260425	0.121938	0.431861	0.147801	0.10334	2.74368	1.58306	0.476193
230000	-48.04811	0	-48.04811	0.221128	0.0814732	0.222603	0.253923	0.131934	0.151712	1.25014	0.703756	0.406112
240000	-53.9636	0	-53.9636	0.332711	0.0854201	0.430796	0.454709	0.0482548	0.0578319	5.60263	1.7781	0.899285
250000	-41.01205	0	-41.01205	0.23551	0.108138	0.112968	0.61341	0.0968415	0.0557323	1.9485	1.9083	1.47477
260000	-44.19453	0	-44.19453	0.236782	0.196816	0.125887	0.440513	0.139073	0.0409642	1.29243	1.64108	1.22772
270000	-45.38032	0	-45.38032	0.128131	0.143415	0.16739	0.333599	0.139327	0.0607849	2.58103	0.553489	0.29042
280000	-48.23101	0	-48.23101	0.231764	0.258929	0.19318	0.336042	0.13202	0.096478	2.20776	0.363722	0.778069
290000	-44.3263	0	-44.3263	0.161646	0.251451	0.0940711	0.378654	0.098462	0.0880463	0.986267	1.12052	0.657949
300000	-48.31479	0	-48.31479	0.282425	0.148372	0.151244	0.435292	0.125928	0.0690762	1.06099	0.315777	0.140375
310000	-48.32125	0	-48.32125	0.156821	0.291349	0.413234	0.378503	0.0889548	0.105312	2.86105	0.65899	0.693562
320000	-48.6951	0	-48.6951	0.165969	0.224301	0.116149	0.371207	0.0899952	0.0528788	2.51916	0.566625	0.252776
330000	-48.95086	0	-48.95086	0.171377	0.120635	0.145443	0.347099	0.0758818	0.101319	0.903282	1.38847	0.474767
340000	-52.70218	0	-52.70218	0.0915924	0.241985	0.188147	0.307457	0.0807448	0.0404761	1.60497	1.76268	0.436657
350000	-54.45976	0	-54.45976	0.218627	0.154319	0.13536	0.735098	0.11354	0.101037	3.92524	0.24324	0.0420912
360000	-46.19382	0	-46.19382	0.137276	0.160402	0.230782	0.430164	0.0833086	0.12949	3.29934	1.08972	1.29895
370000	-52.91219	0	-52.91219	0.0521468	0.209015	0.13191	0.495296	0.182939	0.198859	2.12488	0.414317	0.746972
380000	-47.8752	0	-47.8752	0.232452	0.300171	0.188911	0.262437	0.133733	0.206177	1.5555	1.14007	0.442692
390000	-47.0794	0	-47.0794	0.120468	0.25392	0.116765	0.286018	0.0859255	0.119291	2.92282	3.05343	1.71794
400000	-50.68993	0	-50.68993	0.153686	0.0932695	0.34089	0.355021	0.108054	0.0637469	2.24426	0.122774	0.66358
410000	-47.46259	0	-47.46259	0.130442	0.291992	0.112437	0.75858	0.0481886	0.0885516	1.62411	0.94951	3.34799
420000	-46.26764	0	-46.26764	0.177689	0.288591	0.340043	0.5605	0.113167	0.0982711	3.992	1.06218	1.05319
430000	-55.61107	0	-55.61107	0.230826	0.189231	0.130846	0.444104	0.137569	0.120189	1.18341	0.305756	0.137743
440000	-46.91008	0	-46.91008	0.143305	0.165032	0.0956551	0.336055	0.0671835	0.0997876	2.49319	2.60443	1.61859
450000	-50.57065	0	-50.57065	0.222575	0.341716	0.125892	0.349717	0.116197	0.0500985	2.40675	0.959089	0.584339
460000	-46.87684	0	-46.87684	0.0981757	0.177678	0.379643	0.40934	0.0473399	0.0847204	2.4948	0.784032	0.320208
470000	-47.07983	0	-47.07983	0.202852	0.154827	0.178929	0.338059	0.106537	0.0627161	2.74601	0.528714	0.336279
480000	-47.24573	0	-47.24573	0.243082	0.15088	0.302113	0.70389	0.0729714	0.0441849	2.29561	0.630817	0.675786
490000	-41.67746	0	-41.67746	0.0841109	0.426401	0.187461	0.597451	0.13148	0.0972811	1.27356	0.548382	0.696183
500000	-43.74809	0	-43.74809	0.278797	0.134125	0.147291	0.489882	0.118869	0.125858	1.7633	1.52572	0.15041
510000	-49.90744	0	-49.90744	0.249131	0.145466	0.173976	0.557657	0.088063	0.113468	3.13863	2.43068	0.0295816
520000	-47.50232	0	-47.50232	0.268844	0.138364	0.342197	0.377765	0.0896948	0.096278	3.01237	0.54093	0.199808
530000	-64.06335	0	-64.06335	0.09633	0.337823	0.268586	0.387204	0.0803695	0.0848896	1.62011	0.25942	0.0845033
540000	-46.33258	0	-46.33258	0.134242	0.193099	0.10874	0.63891	0.114681	0.0978683	3.01909	1.76132	0.239938
550000	-48.83771	0	-48.83771	0.161221	0.22955	0.227213	0.247461	0.0596183	0.114937	1.43578	0.947923	0.321813
560000	-44.51138	0	-44.51138	0.209874	0.128277	0.241809	0.574658	0.0762588	0.071421	1.4307	0.494244	0.318404
570000	-54.85467	0	-54.85467	0.23482	0.251081	0.0478383	0.360092	0.272355	0.115602	2.27659	0.56452	2.09085
580000	-53.36742	0	-53.36742	0.51342	0.124358	0.204106	0.701721	0.114332	0.156569	3.62053	0.460409	0.611012
590000	-42.39486	0	-42.39486	0.0721238	0.368744	0.247636	0.513793	0.0675606	0.211254	1.9483	0.629242	0.506186
600000	-49.9223	0	-49.9223	0.146528	0.167728	0.1257	0.409197	0.0454796	0.104374	3.71464	1.79222	1.31745
610000	-50.51457	0	-50.51457	0.462813	0.176951	0.129593	0.634541	0.0927773	0.126002	1.4181	0.275379	0.535897
620000	-52.15788	0	-52.15788	0.219301	0.311843	0.234202	0.40426	0.0739247	0.112689	2.73763	0.209716	0.937399
630000	-46.22348	0	-46.22348	0.112593	0.130978	0.417458	0.472149	0.0814909	0.0799525	2.81832	0.783913	1.80678
640000	-49.01605	0	-49.01605	0.303929	0.232946	0.116223	0.605861	0.0963382	0.228026	2.66983	1.34738	0.255698
650000	-52.33016	0	-52.33016	0.125129	0.15414	0.0979791	0.352873	0.127553	0.0610557	3.21427	0.600702	0.15898
660000	-44.52024	0	-44.52024	0.18071	0.222701	0.0633185	0.483156	0.097747	0.0686581	1.93939	0.538652	0.441583
670000	-46.78824	0	-46.78824	0.188854	0.195308	0.437954	0.499844	0.136131	0.208503	2.65458	0.686858	0.180024
680000	-44.0262	0	-44.0262	0.177869	0.158144	0.170146	0.373783	0.089365	0.0850855	2.0246	0.343967	0.959915
690000	-57.53265	0	-57.53265	0.244665	0.148809	0.184417	0.481107	0.181655	0.341952	3.3719	0.553955	0.0764344
700000	-52.94073	0	-52.94073	0.104964	0.215656	0.252356	0.391174	0.0704218	0.0867017	4.21084	0.414622	0.468151
710000	-47.57402	0	-47.57402	0.305941	0.121941	0.249138	0.602632	0.141347	0.161447	1.1831	1.53871	0.351763
720000	-51.04356	0	-51.04356	0.0870898	0.189817	0.0566145	0.295197	0.0452915	0.0599297	2.01425	1.02649	1.81256
730000	-56.60872	0	-56.60872	0.106134	0.149634	0.152299	0.403205	0.0441154	0.0898441	0.660206	0.251188	0.179284
740000	-48.80689	0	-48.80689	0.278187	0.193349	0.249063	0.602152	0.0482717	0.12188	1.95672	1.4784	0.220471
750000	-45.13733	0	-45.13733	0.101539	0.379827	0.135151	0.507136	0.0824963	0.184239	2.44625	0.3731	0.383925
760000	-51.85468	0	-51.85468	0.201499	0.245012	0.132985	0.859697	0.0869941	0.080872	1.12555	0.940522	1.77238
770000	-45.20108	0	-45.20108	0.151339	0.357781	0.0900504	0.499203	0.0469445	0.0790884	2.13369	0.673174	1.38347
780000	-42.86326	0	-42.86326	0.2047	0.211737	0.0837075	0.570276	0.0577107	0.0447317	2.225	0.662546	0.79111
790000	-57.44267	0	-57.44267	0.105258	0.311724	0.443472	0.299186	0.126139	0.164529	2.00528	0.340338	1.96326
800000	-45.10464	0	-45.10464	0.251844	0.14749	0.157298	0.442622	0.0733307	0.123729	2.07249	0.720078	0.227971
810000	-47.05328	0	-47.05328	0.263292	0.122278	0.314214	0.235889	0.128055	0.125337	1.76742	1.13654	0.766279
820000	-48.28477	0	-48.28477	0.138744	0.19911	0.337421	0.969787	0.0723545	0.102769	2.38061	0.302345	0.443158
830000	-50.08859	0	-50.08859	0.136206	0.311378	0.325232	0.419828	0.227122	0.0861851	1.92962	0.832603	0.198593
840000	-47.19341	0	-47.19341	0.288888	0.39122	0.108586	0.487273	0.0556057	0.112224	2.7986	2.46434	0.297027
850000	-45.17035	0	-45.17035	0.134899	0.155794	0.108285	0.538659	0.103483	0.13368	2.86895	1.87525	0.667708
860000	-59.05703	0	-59.05703	0.141735	0.0858446	0.372079	0.281941	0.0548944	0.0739647	2.02656	0.158002	0.0248005
870000	-48.77114	0	-48.77114	0.103396	0.179878	0.213615	0.462427	0.0695487	0.157247	1.94093	0.942339	1.25423
880000	-63.54176	0	-63.54176	0.101702	0.275338	0.233852	0.712901	0.14642	0.124523	1.80009	0.21878	0.0461611
890000	-51.00883	0	-51.00883	0.289348	0.296001	0.201094	0.488062	0.033518	0.0799894	9.44379	1.31222	0.947983
900000	-58.26765	0	-58.26765	0.190546	0.351722	0.210355	0.364593	0.123786	0.0734248	3.40419	1.17942	0.396775
910000	-45.90388	0	-45.90388	0.0552451	0.205018	0.0867768	0.35165	0.0565443	0.103649	2.75674	0.521707	0.651092
920000	-54.30403	0	-54.30403	0.0708743	0.292704	0.197542	0.418355	0.131329	0.0999219	1.74359	0.334425	0.262205
930000	-48.706	0	-48.706	0.230797	0.0998427	0.10563	0.526472	0.0568237	0.0500172	1.04224	0.915223	0.0933639
940000	-45.76762	0	-45.76762	0.0927285	0.331056	0.158709	0.43384	0.105824	0.0892898	1.78874	0.189276	0.426896
950000	-49.3329	0	-49.3329	0.23406	0.187683	0.148726	0.485455	0.11805	0.168733	1.6302	1.01382	0.977725
960000	-48.90016	0	-48.90016	0.124017	0.207668	0.138657	0.462121	0.090355	0.11821	2.74892	0.213298	1.08235
970000	-56.62946	0	-56.62946	0.110065	0.16914	0.197064	0.56685	0.156778	0.0807781	5.26309	0.52821	0.425708
980000	-52.21966	0	-52.21966	0.359147	0.210571	0.136049	0.81713	0.176316	0.075409	1.30645	0.762005	1.20907
990000	-47.77053	0	-47.77053	0.328435	0.139008	0.372122	0.365625	0.138242	0.103169	2.80508	0.435319	0.588519
1000000	-52.22079	0	-52.22079	0.132616	0.337138	0.170585	0.496114	0.138383	0.111266	4.76349	0.539003	0.446732
1010000	-49.88852	0	-49.88852	0.17894	0.35872	0.512566	0.576377	0.0613704	0.11748	1.44742	0.366848	1.339
1020000	-51.60447	0	-51.60447	0.122207	0.226617	0.246521	0.382722	0.115762	0.112494	1.05651	0.579104	0.189147
1030000	-49.93399	0	-49.93399	0.152894	0.147366	0.493206	0.388017	0.105365	0.159798	2.06771	0.780309	3.28585
1040000	-49.0166	0	-49.0166	0.114581	0.288473	0.313964	0.426428	0.0654595	0.110982	1.23966	1.22288	0.510947
1050000	-48.77852	0	-48.77852	0.12542	0.269646	0.16984	0.34881	0.0509682	0.202132	3.97057	0.6238	0.838607
1060000	-56.29396	0	-56.29396	0.231328	0.222411	0.379863	0.591659	0.114714	0.0978723	2.12968	0.525901	2.71372
1070000	-54.08611	0	-54.08611	0.175932	0.334167	0.184595	0.389346	0.0713795	0.0513235	0.867202	0.530269	0.463694
1080000	-52.40303	0	-52.40303	0.282004	0.277107	0.19558	0.427689	0.166002	0.0683711	0.640068	3.83739	3.064
1090000	-51.18146	0	-51.18146	0.143408	0.185779	0.264409	0.278977	0.0971319	0.0785955	1.4194	1.59955	0.858501
1100000	-44.75473	0	-44.75473	0.120579	0.386202	0.142883	0.462283	0.141457	0.0420478	1.47786	0.651234	0.386974
1110000	-47.82001	0	-47.82001	0.160762	0.26911	0.124706	0.608418	0.131634	0.132434	1.63985	0.347841	3.30045
1120000	-48.23858	0	-48.23858	0.129375	0.082648	0.41537	0.249028	0.0897538	0.13289	2.78489	1.28007	0.836646
1130000	-47.98786	0	-47.98786	0.0692242	0.206705	0.245845	0.505345	0.142495	0.0615614	2.50869	0.40178	2.48487
1140000	-49.10889	0	-49.10889	0.10608	0.329369	0.552271	0.47839	0.143278	0.100879	1.44924	0.316343	2.03799
1150000	-55.89424	0	-55.89424	0.302961	0.152997	0.130323	0.426932	0.0978861	0.13278	5.42461	0.371622	0.176743
1160000	-45.6098	0	-45.6098	0.343904	0.144013	0.117981	0.65598	0.0891264	0.0852152	2.30709	0.729714	0.0583945
1170000	-42.49842	0	-42.49842	0.135147	0.31628	0.108394	0.526792	0.0549365	0.095084	1.55307	0.522538	0.635651
1180000	-49.54663	0	-49.54663	0.0911794	0.113973	0.214834	0.631026	0.0933586	0.130833	3.97884	0.718157	0.503829
1190000	-54.41624	0	-54.41624	0.174545	0.218968	0.165841	0.451613	0.171074	0.153497	2.34665	0.794805	0.246144
1200000	-51.81975	0	-51.81975	0.0684713	0.211176	0.130781	0.38948	0.0791788	0.107984	0.851633	0.215025	0.577422
1210000	-52.06991	0	-52.06991	0.135002	0.0744078	0.200695	0.478861	0.112651	0.092484	2.41735	0.512951	0.270493
1220000	-58.43763	0	-58.43763	0.159411	0.221009	0.108057	0.494098	0.0972182	0.236744	1.36788	0.930936	3.33844
1230000	-44.47797	0	-44.47797	0.199966	0.114904	0.131135	0.40126	0.0434745	0.0486266	4.20557	0.655501	0.0965898
1240000	-48.40363	0	-48.40363	0.274894	0.103438	0.154881	0.464058	0.040004	0.0966449	1.04348	0.256264	0.359373
1250000	-57.0695	0	-57.0695	0.128033	0.295168	0.228647	0.384311	0.0539035	0.220601	2.98557	0.360766	0.11615
1260000	-43.05569	0	-43.05569	0.149839	0.402547	0.1416	0.64374	0.108055	0.0797293	2.56552	0.787426	0.677734
1270000	-48.4398	0	-48.4398	0.163041	0.653436	0.108328	0.416684	0.107589	0.0864084	1.58112	1.12391	1.14134
1280000	-55.14897	0	-55.14897	0.236326	0.125256	0.0794884	0.323285	0.127877	0.0708829	2.08092	1.00575	0.0312932
1290000	-46.43558	0	-46.43558	0.0772694	0.420526	0.220854	0.577057	0.0775674	0.0890152	3.85628	0.455912	0.613201
1300000	-52.22456	0	-52.22456	0.136433	0.267702	0.33788	0.325291	0.147515	0.0816761	4.02351	0.74117	2.59151
1310000	-57.39622	0	-57.39622	0.171805	0.167449	0.523464	0.430589	0.0428345	0.200578	2.93894	0.180683	0.785295
1320000	-50.08391	0	-50.08391	0.39612	0.0994547	0.136286	0.236235	0.0361788	0.227965	1.54576	1.34909	0.477164
1330000	-45.98675	0	-45.98675	0.214167	0.166485	0.316134	0.660247	0.0781813	0.0973239	2.0558	0.434219	1.25968
1340000	-44.23876	0	-44.23876	0.145848	0.300441	0.226203	0.463791	0.0938083	0.0665334	2.15406	0.905948	2.16975
1350000	-46.37349	0	-46.37349	0.20611	0.125356	0.260547	0.633341	0.0596534	0.218489	1.96202	0.283297	0.0765216
1360000	-48.92696	0	-48.92696	0.436756	0.105131	0.230224	0.584459	0.0286787	0.0999975	2.25285	1.60163	0.164561
1370000	-49.26171	0	-49.26171	0.255809	0.130256	0.16303	0.46195	0.166227	0.0633632	1.70612	2.22387	0.586767
1380000	-45.35683	0	-45.35683	0.156625	0.105608	0.231114	0.353199	0.0598579	0.201899	1.90983	0.625696	0.292739
1390000	-47.90087	0	-47.90087	0.144465	0.281097	0.176038	0.525243	0.0435183	0.0610988	1.66989	1.56677	1.40604
1400000	-44.91008	0	-44.91008	0.140929	0.279426	0.21124	0.620207	0.055696	0.293473	3.4339	0.284584	0.965525
1410000	-55.26628	0	-55.26628	0.315275	0.0933707	0.175512	0.675112	0.0457257	0.0955533	1.0201	0.75997	0.258429
1420000	-51.37148	0	-51.37148	0.354419	0.140934	0.177233	0.686531	0.163898	0.110546	1.87956	0.472608	0.674201
1430000	-57.16514	0	-57.16514	0.34412	0.328239	0.16951	0.685717	0.0999358	0.0589089	1.16206	0.638932	0.24907
1440000	-41.65735	0	-41.65735	0.15405	0.289483	0.108281	0.344048	0.105854	0.109793	2.34283	0.519457	1.39806
1450000	-47.88622	0	-47.88622	0.134493	0.301375	0.123297	0.460789	0.146502	0.120942	3.47748	0.710174	1.70437
1460000	-52.30396	0	-52.30396	0.257736	0.121569	0.170264	0.536202	0.0761567	0.112293	2.18372	0.844204	0.285526
1470000	-48.8178	0	-48.8178	0.278303	0.416525	0.073226	0.447788	0.0597038	0.113233	2.37	0.93575	1.35507
1480000	-41.16092	0	-41.16092	0.062761	0.391462	0.196917	0.493632	0.08436	0.116794	1.63107	0.558714	0.349591
1490000	-49.63582	0	-49.63582	0.30499	0.297233	0.170744	0.773809	0.0556266	0.0782036	7.94936	0.225457	0.116402
1500000	-48.65608	0	-48.65608	0.162412	0.226476	0.106501	0.351066	0.118115	0.0616769	2.06415	0.80657	0.687429
1510000	-46.35755	0	-46.35755	0.392503	0.198608	0.150333	0.471802	0.127424	0.0967386	1.37489	1.90022	1.63435
1520000	-51.16921	0	-51.16921	0.270019	0.187069	0.351949	0.838744	0.110231	0.18357	1.86024	1.8749	2.52245
1530000	-44.18244	0	-44.18244	0.0985591	0.460432	0.172001	0.418664	0.132684	0.114368	1.66236	0.361134	0.116351
1540000	-48.6235	0	-48.6235	0.171566	0.218527	0.0592186	0.508099	0.0569314	0.218777	2.86239	1.03228	0.481881
1550000	-49.49388	0	-49.49388	0.19355	0.167388	0.252108	0.524743	0.177295	0.0733995	3.16812	0.68492	0.289988
1560000	-60.54372	0	-60.54372	0.212269	0.418095	0.159302	0.613705	0.163733	0.0643018	0.816152	0.798244	0.0561693
1570000	-50.46441	0	-50.46441	0.104052	0.246728	0.159478	0.413056	0.109498	0.0951915	2.66915	0.36923	0.618917
1580000	-53.93397	0	-53.93397	0.286441	0.0845685	0.108176	0.327556	0.0704584	0.071465	3.24307	1.78147	0.0290524
1590000	-44.78517	0	-44.78517	0.249753	0.241999	0.209201	0.424165	0.118481	0.144836	2.15727	0.884949	0.547759
1600000	-54.45748	0	-54.45748	0.367557	0.097372	0.225417	0.739353	0.117417	0.144928	2.54886	1.22453	0.83797
1610000	-44.47771	0	-44.47771	0.166463	0.184774	0.349869	0.414021	0.0545671	0.134766	2.82019	1.46366	1.85806
1620000	-48.92087	0	-48.92087	0.194715	0.359318	0.287575	0.443284	0.142666	0.107209	2.97718	1.3945	1.54552
1630000	-47.18596	0	-47.18596	0.226908	0.155441	0.0772609	0.493373	0.0757921	0.0620908	3.92476	0.660224	0.707865
1640000	-51.19099	0	-51.19099	0.0638995	0.149295	0.246591	0.303616	0.0514376	0.147943	2.60627	0.501794	0.140078
1650000	-47.67384	0	-47.67384	0.179041	0.246622	0.205511	0.659377	0.0900993	0.0841002	2.36015	0.304252	0.52982
1660000	-47.20851	0	-47.20851	0.163731	0.371632	0.140395	0.357495	0.111639	0.0972979	0.741847	0.540889	0.920567
1670000	-47.43028	0	-47.43028	0.129739	0.308012	0.142882	0.714124	0.143662	0.131803	1.94873	0.351177	0.161696
1680000	-44.90123	0	-44.90123	0.144906	0.109981	0.229209	0.833106	0.0514476	0.132384	3.64565	3.76126	0.416895
1690000	-52.58814	0	-52.58814	0.201906	0.116767	0.14977	0.371938	0.0830538	0.0754504	3.16239	1.00449	1.85968
1700000	-43.77554	0	-43.77554	0.145703	0.11695	0.170219	0.344278	0.0575686	0.0923239	3.09821	0.773062	0.533909
1710000	-43.5532	0	-43.5532	0.118593	0.32438	0.151152	0.641145	0.0497813	0.114924	1.85745	0.816392	0.740041
1720000	-57.89876	0	-57.89876	0.191669	0.179228	0.355884	0.26137	0.114128	0.157109	1.66362	0.389402	0.338392
1730000	-53.51394	0	-53.51394	0.0865986	0.422539	0.190699	0.347957	0.190929	0.283737	2.08286	0.893046	0.317339
1740000	-43.71899	0	-43.71899	0.195962	0.199698	0.0949794	0.377164	0.0960687	0.0560041	3.72875	2.3677	1.63559
1750000	-51.23269	0	-51.23269	0.24446	0.198223	0.204798	0.391036	0.0897942	0.16797	1.25962	0.322119	1.17638
1760000	-44.783	0	-44.783	0.124968	0.36182	0.175988	0.290962	0.0647583	0.108553	1.90094	0.916388	3.24698
1770000	-50.77361	0	-50.77361	0.276295	0.236984	0.158419	0.549333	0.144906	0.0744632	0.496453	0.590847	2.61063
1780000	-51.92963	0	-51.92963	0.225191	0.205028	0.0633389	0.301149	0.107177	0.0795698	1.63548	0.393071	0.711113
1790000	-54.5952	0	-54.5952	0.235627	0.311039	0.0628108	0.517191	0.0853188	0.133767	1.48647	0.630898	0.2879
1800000	-60.85	0	-60.85	0.136356	0.191739	0.231664	0.280054	0.0882729	0.0971087	4.5037	0.192501	0.0590313
1810000	-53.59808	0	-53.59808	0.240575	0.142476	0.186605	0.318853	0.11965	0.0683207	2.11919	0.415632	0.0741021
1820000	-44.47383	0	-44.47383	0.198682	0.260395	0.143311	0.390402	0.0890534	0.139669	1.87092	1.00311	0.283134
1830000	-50.10375	0	-50.10375	0.448857	0.105097	0.145998	0.468476	0.112485	0.125424	5.92831	2.6735	0.167805
1840000	-58.00746	0	-58.00746	0.225069	0.272697	0.243199	0.587025	0.0935496	0.258198	4.10474	0.324281	0.621498
1850000	-51.00709	0	-51.00709	0.107623	0.114187	0.355507	0.27827	0.0590836	0.0617376	1.39824	0.937202	0.292085
1860000	-49.90919	0	-49.90919	0.161724	0.209437	0.220385	0.496547	0.164143	0.216938	2.32295	1.39632	0.456646
1870000	-58.62762	0	-58.62762	0.153868	0.0568814	0.247419	0.392277	0.0708005	0.0849528	2.21106	0.300165	0.146541
1880000	-49.65112	0	-49.65112	0.334411	0.358355	0.204993	0.497109	0.110897	0.104134	1.52307	0.92748	0.142412
1890000	-48.32679	0	-48.32679	0.266745	0.147357	0.211653	0.525513	0.167592	0.140784	1.65572	1.34042	3.03011
1900000	-49.47929	0	-49.47929	0.273438	0.208524	0.146918	0.362531	0.110019	0.280255	1.07634	2.32121	0.207274
1910000	-54.87763	0	-54.87763	0.342363	0.203916	0.157298	0.245338	0.181077	0.125597	1.43323	1.46326	0.0915971
1920000	-50.73715	0	-50.73715	0.185632	0.116806	0.29205	0.48799	0.0819884	0.108517	1.91167	1.20866	0.381702
1930000	-46.54191	0	-46.54191	0.0673528	0.166262	0.123383	0.636517	0.118672	0.0813555	3.75527	0.80408	0.224822
1940000	-43.17252	0	-43.17252	0.200021	0.177926	0.227007	0.472274	0.111898	0.104074	1.17958	0.627341	1.62681
1950000	-44.21664	0	-44.21664	0.122661	0.242364	0.207455	0.303105	0.102603	0.156568	2.40503	0.6531	0.887312
1960000	-53.53959	0	-53.53959	0.340457	0.181941	0.218907	0.418164	0.0629147	0.333013	1.70441	0.842688	0.459264
1970000	-69.91484	0	-69.91484	0.0972789	0.0999544	0.116956	0.340414	0.0700254	0.110782	2.42264	0.239512	0.0228649
1980000	-48.56113	0	-48.56113	0.0862485	0.364579	0.587865	0.244674	0.104223	0.137035	3.38973	0.367891	1.50774
1990000	-47.92883	0	-47.92883	0.231395	0.193612	0.24531	0.305425	0.0613722	0.058061	2.50451	0.825524	0.648484
2000000	-48.86811	0	-48.86811	0.113057	0.185218	0.214038	0.404717	0.0584928	0.0705265	5.93925	0.367819	0.405268
2010000	-49.43157	0	-49.43157	0.182032	0.127584	0.330374	0.31001	0.0675763	0.0941367	3.16108	0.736496	1.94201
2020000	-51.90902	0	-51.90902	0.214358	0.232829	0.340366	0.515774	0.0651549	0.175429	2.10294	0.601803	0.221904
2030000	-37.01688	0	-37.01688	0.205897	0.149749	0.156365	0.614375	0.0993572	0.0956602	3.08497	1.88174	0.228725
2040000	-48.43607	0	-48.43607	0.117063	0.206047	0.12649	0.434545	0.137051	0.156452	2.72318	0.925702	2.20112
2050000	-51.38651	0	-51.38651	0.123217	0.152494	0.141354	0.419644	0.136708	0.0346277	3.32061	0.567292	0.202664
2060000	-47.33542	0	-47.33542	0.107598	0.349746	0.286611	0.250737	0.105211	0.0548018	2.77489	1.29278	2.49804
2070000	-51.29116	0	-51.29116	0.122394	0.207136	0.359295	0.77978	0.0940996	0.0459531	4.56254	0.149255	0.405202
2080000	-52.41379	0	-52.41379	0.201815	0.154403	0.243157	0.810921	0.189488	0.162499	1.93396	1.20174	0.891963
2090000	-47.43564	0	-47.43564	0.103671	0.291319	0.178137	0.480203	0.0855552	0.184132	2.39745	0.348207	0.531081
2100000	-48.17585	0	-48.17585	0.153597	0.12021	0.109711	0.312763	0.0474769	0.136824	1.96488	0.865156	0.704365
2110000	-52.76555	0	-52.76555	0.168271	0.184241	0.30975	0.45885	0.0433414	0.142024	2.08178	0.307658	0.0960921
2120000	-42.38175	0	-42.38175	0.129775	0.397586	0.223264	0.537442	0.0862873	0.130543	2.28626	1.25767	0.211854
2130000	-46.23067	0	-46.23067	0.0499921	0.449422	0.107514	0.338698	0.0746007	0.119424	0.635387	0.354136	0.71621
2140000	-51.90067	0	-51.90067	0.282783	0.148246	0.168196	0.399605	0.0576203	0.0718229	1.6399	0.666822	0.0203687
2150000	-56.09249	0	-56.09249	0.0592835	0.281712	0.326396	0.55566	0.110832	0.102835	2.3607	0.501584	0.977148
2160000	-57.24524	0	-57.24524	0.133782	0.215106	0.522889	0.731881	0.0647765	0.194596	1.26597	0.243835	0.115664
2170000	-55.35314	0	-55.35314	0.228751	0.196826	0.29854	0.474638	0.0813047	0.0574614	2.01127	0.474015	0.0445505
2180000	-51.20822	0	-51.20822	0.086313	0.0945854	0.115751	0.436431	0.0669384	0.0746967	0.89924	0.506307	2.16075
2190000	-56.64835	0	-56.64835	0.0974947	0.2075	0.160452	0.498196	0.0892595	0.104159	4.29411	2.07131	1.71087
2200000	-43.70437	0	-43.70437	0.438831	0.080618	0.411486	0.493345	0.0593244	0.125414	2.09347	0.358626	0.70207
2210000	-49.99947	0	-49.99947	0.0981518	0.30811	0.300639	0.401389	0.065739	0.392773	2.2282	0.336908	4.25468
2220000	-45.91804	0	-45.91804	0.158382	0.111329	0.187663	0.660088	0.0887785	0.05979	2.8255	0.752528	0.913729
2230000	-54.48859	0	-54.48859	0.23963	0.0697983	0.267805	0.465742	0.111581	0.170968	1.6675	0.339312	0.112368
2240000	-49.31302	0	-49.31302	0.109592	0.324055	0.0811901	0.44092	0.0926584	0.160527	3.33433	1.89922	2.26086
2250000	-48.84212	0	-48.84212	0.274676	0.128637	0.139437	0.399232	0.0832451	0.115385	1.70988	3.40635	0.143759
2260000	-57.00381	0	-57.00381	0.182539	0.267082	0.0823189	0.450667	0.0963629	0.085316	1.56972	0.8623	0.0564948
2270000	-50.05156	0	-50.05156	0.189348	0.423207	0.0719193	0.233715	0.106315	0.061775	1.5188	0.724289	0.26781
2280000	-45.8184	0	-45.8184	0.152941	0.254953	0.307775	0.548526	0.0744999	0.156744	1.11132	0.670941	2.6826
2290000	-51.5686	0	-51.5686	0.067433	0.257426	0.181884	0.396287	0.100731	0.0569968	1.37706	0.618832	0.046399
2300000	-46.67786	0	-46.67786	0.245117	0.30811	0.174058	0.501991	0.0903807	0.10292	1.28626	0.516627	0.209791
2310000	-48.86476	0	-48.86476	0.275527	0.189537	0.153618	0.482992	0.0893362	0.0847388	5.82639	0.335793	0.336408
2320000	-49.66449	0	-49.66449	0.172319	0.147122	0.328774	0.588296	0.131701	0.0656679	2.17833	0.46245	0.0404607
2330000	-47.86151	0	-47.86151	0.113845	0.181409	0.100224	0.337767	0.0580111	0.146248	1.73922	0.463108	0.185815
2340000	-40.49105	0	-40.49105	0.351891	0.277829	0.196243	0.617717	0.129026	0.061193	1.94175	1.75158	0.836126
2350000	-52.37116	0	-52.37116	0.100762	0.195321	0.167055	0.204496	0.0991271	0.0943523	3.39362	0.604281	0.142381
2360000	-58.42058	0	-58.42058	0.254123	0.125734	0.136557	0.341199	0.0695633	0.090833	4.16333	0.210276	0.218647
2370000	-47.60888	0	-47.60888	0.224421	0.253549	0.170169	0.296851	0.124172	0.106506	2.46969	0.531537	0.621677
2380000	-41.52535	0	-41.52535	0.0930967	0.26607	0.170576	0.549267	0.0919972	0.083636	3.92022	0.524649	0.201868
2390000	-54.61298	0	-54.61298	0.14636	0.068402	0.110578	0.577838	0.105566	0.0603293	1.27767	0.57402	0.071349
2400000	-60.71288	0	-60.71288	0.138241	0.0641968	0.181957	0.481903	0.109014	0.116185	1.41071	0.256661	0.0137654
2410000	-42.94523	0	-42.94523	0.23822	0.295501	0.0864004	0.62061	0.100653	0.0893976	2.32952	1.47507	0.237424
2420000	-55.53724	0	-55.53724	0.14164	0.116564	0.230067	0.44661	0.17963	0.0218805	2.1545	2.60917	0.751289
2430000	-55.31204	0	-55.31204	0.20192	0.184394	0.141892	0.584683	0.147329	0.117181	5.21814	0.721184	0.236386
2440000	-50.49734	0	-50.49734	0.179483	0.24707	0.251695	0.403645	0.0839174	0.0424861	1.08377	0.48464	3.08835
2450000	-48.10429	0	-48.10429	0.138465	0.312803	0.339827	0.382543	0.0889856	0.0519591	1.30788	0.438068	0.664325
2460000	-48.01597	0	-48.01597	0.207297	0.357887	0.139605	0.203236	0.0820419	0.146178	1.49895	0.852444	0.580652
2470000	-44.20276	0	-44.20276	0.192173	0.137968	0.0990248	0.611487	0.126197	0.0648302	1.37454	1.8815	0.702378
2480000	-44.22634	0	-44.22634	0.233962	0.215449	0.19908	0.424118	0.064652	0.0472914	4.00525	0.70879	0.314882
2490000	-50.36831	0	-50.36831	0.189762	0.195634	0.212731	0.519798	0.0782488	0.246487	2.39433	2.08001	1.09304
2500000	-44.72326	0	-44.72326	0.0699679	0.431704	0.145524	0.568346	0.0903753	0.0719918	2.32564	0.397649	0.105398
2510000	-51.607	0	-51.607	0.146941	0.16134	0.387797	0.234191	0.11602	0.278127	4.95657	0.949492	2.36582
2520000	-41.91783	0	-41.91783	0.17652	0.222842	0.224535	0.729291	0.0612863	0.137202	3.02184	0.347929	0.347996
2530000	-49.64725	0	-49.64725	0.330019	0.320641	0.0830094	0.939552	0.0566103	0.158394	3.36705	1.29207	0.887274
2540000	-54.66898	0	-54.66898	0.0965091	0.132725	0.169106	0.349329	0.0569976	0.182701	2.22826	0.491962	0.158224
2550000	-45.81932	0	-45.81932	0.286979	0.136247	0.214773	0.439216	0.0602894	0.0576893	1.13228	1.17219	0.144634
2560000	-49.25736	0	-49.25736	0.150515	0.0896703	0.40571	0.207797	0.116313	0.0933545	1.54059	0.635805	0.432121
2570000	-47.60071	0	-47.60071	0.0633343	0.291284	0.27467	0.321209	0.0843076	0.106944	2.8155	0.545158	0.527141
2580000	-46.54308	0	-46.54308	0.39699	0.0901334	0.136222	0.417476	0.0764754	0.30219	1.40019	1.97596	0.0926888
2590000	-46.15586	0	-46.15586	0.120961	0.225376	0.0846745	0.31565	0.0455107	0.115056	1.57254	0.938402	0.360194
2600000	-44.02623	0	-44.02623	0.184422	0.0754599	0.273563	0.310599	0.102903	0.0973481	1.2832	1.58315	0.411486
2610000	-48.94807	0	-48.94807	0.0993841	0.214721	0.22057	0.55403	0.0961246	0.118602	1.96312	0.543038	1.37377
2620000	-51.27303	0	-51.27303	0.132984	0.187979	0.132971	0.404644	0.0471463	0.088388	2.24536	1.35915	0.0274726
2630000	-39.35801	0	-39.35801	0.211722	0.349922	0.0688795	0.634103	0.0943595	0.0869062	1.19181	1.39312	1.03472
2640000	-49.54822	0	-49.54822	0.191577	0.195964	0.160676	0.444693	0.0960765	0.135766	5.88798	0.609605	0.129324
2650000	-50.56568	0	-50.56568	0.192364	0.272416	0.15353	0.501381	0.030103	0.137104	3.40762	1.00403	0.694042
2660000	-44.23996	0	-44.23996	0.127862	0.272992	0.32885	0.409584	0.0773644	0.0903563	2.54735	2.42276	1.09725
2670000	-55.36107	0	-55.36107	0.11339	0.258127	0.191552	0.961044	0.147021	0.0578659	1.70906	0.228126	1.44129
2680000	-52.59011	0	-52.59011	0.221499	0.452343	0.281774	0.442606	0.118627	0.110621	3.4587	0.355158	0.788689
2690000	-51.95057	0	-51.95057	0.162247	0.136775	0.115499	0.345372	0.0950119	0.0736848	1.58159	0.401498	1.23199
2700000	-61.09454	0	-61.09454	0.272682	0.146342	0.372877	0.345701	0.176883	0.15628	5.01455	0.97838	1.48624
2710000	-48.83556	0	-48.83556	0.0916155	0.212992	0.274218	0.611412	0.0825615	0.0691025	1.85212	0.274766	0.368493
2720000	-52.51687	0	-52.51687	0.298559	0.295113	0.173491	0.284792	0.0870896	0.0368095	3.75913	0.32943	0.241313
2730000	-44.26578	0	-44.26578	0.620771	0.131104	0.23484	0.843237	0.0699576	0.282084	3.71585	1.28066	0.223456
2740000	-51.40056	0	-51.40056	0.227329	0.0865751	0.228784	0.561458	0.0703042	0.177225	1.90698	0.292781	0.153984
2750000	-49.54417	0	-49.54417	0.420601	0.198015	0.096624	0.602623	0.0903501	0.0726171	2.41541	2.45007	0.479345
2760000	-50.35546	0	-50.35546	0.192158	0.323829	0.193114	0.543501	0.116037	0.167942	1.40822	1.75257	1.48399
2770000	-52.09212	0	-52.09212	0.0804406	0.236002	0.190566	0.31831	0.143235	0.0669099	2.4097	1.36261	0.0366006
2780000	-43.13676	0	-43.13676	0.187436	0.317615	0.0684769	0.297502	0.0546851	0.112056	1.69704	1.68988	0.560442
2790000	-45.56674	0	-45.56674	0.0968593	0.324183	0.256707	0.370611	0.18079	0.142434	2.13923	0.384942	0.234876
2800000	-53.89488	0	-53.89488	0.143877	0.092571	0.118741	0.72827	0.0929721	0.0821357	1.69789	0.273225	0.0284429
2810000	-45.72353	0	-45.72353	0.178351	0.164277	0.251974	0.523416	0.0892786	0.105439	1.82493	3.67721	1.53477
2820000	-48.77888	0	-48.77888	0.0716085	0.273271	0.0668775	0.273409	0.08873	0.0625293	4.46959	1.96879	0.779486
2830000	-46.5955	0	-46.5955	0.187628	0.188339	0.26574	0.4031	0.110375	0.0961113	7.27928	1.15032	0.839133
2840000	-61.83498	0	-61.83498	0.0625518	0.249356	0.178281	0.567367	0.0581695	0.10517	2.14666	0.329173	0.0486334
2850000	-49.81669	0	-49.81669	0.189573	0.256592	0.118501	0.403218	0.130647	0.169027	2.7149	0.382743	3.94252
2860000	-45.55719	0	-45.55719	0.152621	0.153076	0.328082	0.569743	0.0897533	0.0976292	4.39589	1.44446	0.55481
2870000	-45.40285	0	-45.40285	0.0597239	0.291912	0.131492	0.569364	0.0889925	0.0594848	3.03127	0.413304	0.0865017
2880000	-51.8169	0	-51.8169	0.103633	0.204084	0.0756139	0.390042	0.0664461	0.114696	2.32454	0.449838	0.167201
2890000	-50.85905	0	-50.85905	0.251015	0.189673	0.229606	0.48183	0.0749465	0.119931	4.19237	0.950133	0.145379
2900000	-47.6885	0	-47.6885	0.126246	0.236337	0.0954792	0.308108	0.17312	0.0985444	3.5325	1.5061	0.557897
2910000	-44.08548	0	-44.08548	0.150276	0.180098	0.216168	0.480895	0.0860937	0.104467	1.61658	0.431136	0.341012
2920000	-52.18846	0	-52.18846	0.174726	0.186534	0.206194	0.62352	0.120796	0.0794671	1.26876	0.207791	0.142948
2930000	-43.00337	0	-43.00337	0.179136	0.39373	0.142774	0.581327	0.107213	0.0478685	2.20911	0.652184	1.57497
2940000	-42.43416	0	-42.43416	0.214711	0.139375	0.127476	0.369787	0.153293	0.159924	1.88278	1.49	4.15599
2950000	-44.35708	0	-44.35708	0.173208	0.30928	0.286098	0.411386	0.12684	0.110223	2.04985	0.957573	0.953565
2960000	-49.4936	0	-49.4936	0.15039	0.198536	0.247483	0.448046	0.152569	0.0550648	2.36299	0.234664	0.311191
2970000	-55.09869	0	-55.09869	0.23307	0.142032	0.197006	0.261127	0.136171	0.0797117	0.691372	0.565246	0.285416
2980000	-50.05701	0	-50.05701	0.200149	0.318352	0.0684852	0.314346	0.0948245	0.177369	1.40747	0.678528	0.23929
2990000	-51.17633	0	-51.17633	0.18206	0.134625	0.137562	0.606685	0.276172	0.103781	3.07218	1.21785	0.954467
3000000	-43.61061	0	-43.61061	0.16757	0.187942	0.146618	0.369113	0.0753979	0.0710568	2.72801	1.01364	0.513581
3010000	-48.41682	0	-48.41682	0.157205	0.270242	0.43032	0.428769	0.14612	0.0908613	0.94447	0.498351	0.778579
3020000	-49.02725	0	-49.02725	0.207408	0.186527	0.137776	0.444963	0.0665469	0.116358	1.2484	1.56781	0.120791
3030000	-51.20886	0	-51.20886	0.189794	0.398849	0.103427	0.715623	0.0759225	0.103935	7.56863	0.724435	3.05095
3040000	-47.03166	0	-47.03166	0.104935	0.171173	0.153777	0.369279	0.0606495	0.111207	1.15559	0.568347	1.4935
3050000	-51.69448	0	-51.69448	0.152898	0.186024	0.191123	0.56598	0.0586977	0.198358	2.61564	1.23454	2.48075
3060000	-50.06151	0	-50.06151	0.20112	0.330206	0.28223	0.557378	0.0837052	0.0902644	1.89199	0.452322	0.376154
3070000	-47.72494	0	-47.72494	0.0983199	0.461069	0.212256	0.599992	0.0573806	0.201792	1.20116	0.393428	0.227603
3080000	-53.34727	0	-53.34727	0.111606	0.301995	0.148119	0.447664	0.0626996	0.14086	2.02118	0.394654	0.350924
3090000	-51.08829	0	-51.08829	0.0887673	0.215985	0.240969	0.421428	0.0512783	0.105493	2.13783	0.396982	0.22976
3100000	-48.86141	0	-48.86141	0.276544	0.0904549	0.10498	0.19766	0.157379	0.0576484	1.42033	1.72873	0.231991
3110000	-50.97449	0	-50.97449	0.122007	0.40943	0.148501	0.52073	0.0886598	0.157235	4.8163	0.568637	3.00769
3120000	-48.08811	0	-48.08811	0.215465	0.409726	0.105057	0.382389	0.08621	0.111869	2.49897	1.34438	0.756087
3130000	-46.1833	0	-46.1833	0.139307	0.150954	0.15356	0.775952	0.0460186	0.149656	2.92844	0.298418	2.03466
3140000	-50.09657	0	-50.09657	0.163306	0.268771	0.145275	0.36306	0.1008	0.0512572	2.29198	0.504901	0.924305
3150000	-47.39892	0	-47.39892	0.256741	0.188844	0.344193	0.442812	0.083702	0.159517	2.65138	1.8022	3.13965
3160000	-49.05494	0	-49.05494	0.0917247	0.381264	0.148552	0.537052	0.173649	0.115087	2.08135	0.538387	1.18058
3170000	-47.78225	0	-47.78225	0.130201	0.32079	0.0952374	0.302586	0.142598	0.0518549	2.33435	0.533874	0.412499
3180000	-54.77051	0	-54.77051	0.0851711	0.146387	0.137211	0.41739	0.107283	0.0983245	1.13638	0.380234	0.147934
3190000	-60.66402	0	-60.66402	0.0749497	0.164926	0.263842	0.357461	0.150007	0.0473434	1.62347	0.316923	0.0795505
3200000	-51.53001	0	-51.53001	0.174814	0.202408	0.12665	0.801729	0.0540906	0.0487111	1.86813	0.397365	0.308467
3210000	-47.99719	0	-47.99719	0.139704	0.406734	0.0974032	0.493227	0.14964	0.0524837	2.43408	0.958953	0.290206
3220000	-52.4894	0	-52.4894	0.0714019	0.179668	0.161891	0.829103	0.0538655	0.08877	6.32095	0.687839	0.0435276
3230000	-48.39061	0	-48.39061	0.126799	0.293101	0.310741	0.631068	0.069219	0.133943	2.61925	0.524215	0.18783
3240000	-48.44727	0	-48.44727	0.183896	0.113871	0.368892	0.444727	0.0647668	0.126688	4.48452	1.99669	0.560433
3250000	-65.57302	0	-65.57302	0.176574	0.201367	0.250867	0.430279	0.160341	0.0919537	1.14259	0.435637	0.0994369
3260000	-46.66457	0	-46.66457	0.23877	0.211566	0.117042	0.338691	0.0653337	0.101582	1.66179	1.85809	0.509132
3270000	-64.90108	0	-64.90108	0.0896206	0.0713019	0.177214	0.317147	0.0898985	0.0554489	1.5629	0.273176	0.0993377
3280000	-44.82342	0	-44.82342	0.153693	0.280372	0.165328	0.302948	0.112799	0.0956058	4.37805	2.08833	1.24793
3290000	-61.49841	0	-61.49841	0.106196	0.259929	0.166651	0.37346	0.0980101	0.0431244	1.07511	0.336824	0.0373032
3300000	-43.73143	0	-43.73143	0.158766	0.232319	0.203989	0.459332	0.0953427	0.119057	1.39571	0.753247	1.05034
3310000	-56.43709	0	-56.43709	0.0915066	0.229197	0.216912	0.297243	0.166562	0.0865045	3.6937	0.49499	0.163287
3320000	-44.1302	0	-44.1302	0.10273	0.193719	0.139948	0.499237	0.120379	0.0836342	4.81386	0.947907	3.39826
3330000	-44.78868	0	-44.78868	0.302289	0.449089	0.189442	0.429801	0.135014	0.0704243	3.87015	6.215	0.167301
3340000	-51.67064	0	-51.67064	0.0508245	0.302689	0.0586334	0.280399	0.0607249	0.0947	1.80976	0.256729	0.780968
3350000	-50.5782	0	-50.5782	0.0714221	0.175254	0.109806	0.302627	0.100493	0.102033	1.78302	1.46154	0.754284
3360000	-49.98141	0	-49.98141	0.103403	0.27259	0.470038	0.295503	0.118543	0.0775632	1.84455	0.412445	2.21577
3370000	-44.83399	0	-44.83399	0.316682	0.272453	0.0838755	0.484194	0.10458	0.0683693	3.74547	0.826293	0.754759
3380000	-46.09573	0	-46.09573	0.267813	0.359551	0.111634	0.41535	0.08254	0.125511	2.34447	0.890501	0.279081
3390000	-49.73398	0	-49.73398	0.0551031	0.18888	0.119161	0.438601	0.078781	0.102809	3.07948	0.548798	0.241516
3400000	-67.38885	0	-67.38885	0.118028	0.207972	0.194376	0.356419	0.0854033	0.122746	2.94519	0.28447	0.0235944
3410000	-57.8082	0	-57.8082	0.129802	0.0932283	0.353173	0.486555	0.130015	0.067254	1.21584	0.17662	0.0210107
3420000	-59.13114	0	-59.13114	0.142523	0.329842	0.16146	0.41899	0.0961294	0.0942942	1.73779	0.489812	5.27064
3430000	-53.73948	0	-53.73948	0.194379	0.132365	0.19011	0.454223	0.0569922	0.102269	1.15385	0.154262	0.141002
3440000	-38.26334	0	-38.26334	0.164373	0.0917495	0.240103	0.537331	0.082114	0.093001	3.73885	1.4431	1.7108
3450000	-54.07627	0	-54.07627	0.285766	0.178301	0.160481	0.451842	0.232321	0.133469	1.75271	0.322796	1.13163
3460000	-48.11714	0	-48.11714	0.497432	0.140599	0.172302	0.528808	0.040189	0.134895	1.63212	0.777092	0.242876
3470000	-51.6839	0	-51.6839	0.407934	0.216771	0.285927	0.450083	0.0816549	0.154877	2.70051	0.911179	0.900996
3480000	-50.47321	0	-50.47321	0.181618	0.4068	0.277764	0.596434	0.187966	0.123683	1.41049	1.37876	0.304078
3490000	-46.92857	0	-46.92857	0.0780248	0.168202	0.278457	0.488371	0.0638268	0.203706	2.21379	2.19399	0.991457
3500000	-45.5761	0	-45.5761	0.0836032	0.267975	0.199522	0.665978	0.0770614	0.128132	4.52203	0.812898	1.33074
3510000	-47.92208	0	-47.92208	0.163568	0.143078	0.659873	0.395705	0.0353658	0.0860637	0.959725	1.66581	0.656441
3520000	-54.5834	0	-54.5834	0.0890333	0.209675	0.162795	0.453072	0.143526	0.0907082	2.48343	0.308495	0.193181
3530000	-50.76562	0	-50.76562	0.132942	0.245874	0.179122	0.44748	0.0966174	0.177672	2.94272	0.332842	0.19177
3540000	-50.81306	0	-50.81306	0.153682	0.150142	0.235627	0.406356	0.0883858	0.14709	5.37112	0.62698	0.0805544
3550000	-53.11531	0	-53.11531	0.294555	0.271591	0.135332	0.450127	0.083209	0.14525	5.68031	0.903119	0.0951111
3560000	-50.11553	0	-50.11553	0.216275	0.232769	0.184412	0.510208	0.131684	0.0712334	4.75462	0.280022	0.813746
3570000	-43.88898	0	-43.88898	0.160162	0.420501	0.0992126	0.368197	0.0608533	0.0799034	3.1822	0.804476	0.612865
3580000	-53.13812	0	-53.13812	0.159371	0.157455	0.38743	0.521338	0.0483518	0.167974	4.72843	0.648105	0.963978
3590000	-47.26105	0	-47.26105	0.13264	0.232938	0.18521	0.491381	0.0563642	0.166525	2.81198	0.360667	2.67135
3600000	-61.22897	0	-61.22897	0.154775	0.329472	0.099668	0.38044	0.0746786	0.180093	3.37551	0.433728	0.637969
3610000	-47.40466	0	-47.40466	0.16049	0.246632	0.155235	0.433231	0.116711	0.0885269	2.47618	0.738398	0.499473
3620000	-56.19107	0	-56.19107	0.143428	0.112201	0.233534	0.339431	0.115009	0.0434652	2.13142	0.399415	0.0777609
3630000	-53.33052	0	-53.33052	0.273798	0.0676685	0.127247	0.519458	0.0655671	0.13123	1.31732	0.46619	0.137919
3640000	-49.87649	0	-49.87649	0.173207	0.365869	0.283957	0.295832	0.152396	0.0648009	3.38334	0.445638	0.749499
3650000	-50.10687	0	-50.10687	0.0622712	0.150281	0.185014	0.251538	0.0774375	0.120704	3.93305	0.505743	0.0574292
3660000	-53.15429	0	-53.15429	0.0919513	0.252746	0.187859	0.274462	0.0891036	0.111035	3.54014	0.905004	1.16132
3670000	-52.81103	0	-52.81103	0.123776	0.195355	0.155557	0.498286	0.0802106	0.168976	2.93228	0.300849	0.257212
3680000	-56.55385	0	-56.55385	0.149629	0.245465	0.0959726	0.402281	0.200608	0.0729681	3.27634	0.842527	0.14943
3690000	-49.17822	0	-49.17822	0.291489	0.122006	0.124319	0.659701	0.19023	0.0855694	2.86713	1.99338	0.257633
3700000	-47.0971	0	-47.0971	0.329444	0.153385	0.237006	0.444428	0.0586264	0.132813	3.52867	1.01532	0.188945
3710000	-52.85858	0	-52.85858	0.152675	0.256589	0.49411	0.399086	0.121398	0.115958	2.02675	0.871877	0.265836
3720000	-46.31007	0	-46.31007	0.23371	0.334498	0.140883	0.344832	0.101427	0.077027	2.34825	1.92664	2.25217
3730000	-46.99252	0	-46.99252	0.188326	0.163031	0.169421	0.366396	0.123503	0.101239	3.79619	1.1452	0.970845
3740000	-48.78995	0	-48.78995	0.0798381	0.215575	0.237339	0.40811	0.0731251	0.142473	2.49238	0.31413	2.87208
3750000	-47.63871	0	-47.63871	0.258677	0.277386	0.26598	0.398103	0.151999	0.0925174	1.31924	2.46808	1.08278
3760000	-57.17931	0	-57.17931	0.0836351	0.195343	0.242797	0.316889	0.0656634	0.0624667	2.75078	0.151904	0.0993364
3770000	-51.88274	0	-51.88274	0.105642	0.427375	0.170512	0.920003	0.0451536	0.152297	2.82442	0.327428	0.439385
3780000	-50.30744	0	-50.30744	0.269897	0.20808	0.170891	0.502081	0.0675632	0.103822	1.94707	2.3274	0.158618
3790000	-50.33851	0	-50.33851	0.112962	0.1787	0.101883	0.292528	0.250193	0.118328	2.51537	1.01902	1.90498
3800000	-44.08227	0	-44.08227	0.1885	0.321699	0.0911872	0.512098	0.124852	0.091734	1.89046	0.654339	0.088817
3810000	-53.60363	0	-53.60363	0.131579	0.318215	0.121418	0.406458	0.109714	0.0504146	3.84662	0.483757	0.473496
3820000	-52.00419	0	-52.00419	0.134314	0.332643	0.0933771	0.455318	0.0750216	0.0852744	3.90596	0.154055	1.21843
3830000	-48.9491	0	-48.9491	0.126732	0.179724	0.185167	0.340639	0.0683933	0.105891	2.82805	0.551059	0.168114
3840000	-44.4967	0	-44.4967	0.0838996	0.248063	0.15833	0.509265	0.140948	0.114936	2.6422	3.42688	1.75212
3850000	-52.39459	0	-52.39459	0.163362	0.367683	0.185928	0.896068	0.120601	0.092851	2.0751	0.254895	0.873264
3860000	-55.68387	0	-55.68387	0.0888136	0.0884675	0.363328	0.457478	0.104489	0.101077	2.8817	0.608629	0.130596
3870000	-49.02836	0	-49.02836	0.270684	0.131672	0.306308	0.307296	0.154574	0.322061	1.73168	1.42034	0.589658
3880000	-42.69179	0	-42.69179	0.220631	0.239897	0.131244	0.448576	0.0697723	0.0764331	2.59491	1.7702	3.18593
3890000	-48.40715	0	-48.40715	0.118935	0.169198	0.139945	0.584517	0.0855256	0.143011	2.07718	0.591477	0.270665
3900000	-58.79787	0	-58.79787	0.15777	0.105214	0.212531	0.460437	0.0783498	0.0668238	5.99957	0.3757	0.0482421
3910000	-45.95344	0	-45.95344	0.069937	0.226152	0.160378	0.438092	0.11079	0.0772995	3.3389	0.621202	0.59642
3920000	-44.65804	0	-44.65804	0.266481	0.123253	0.134322	0.719798	0.123987	0.0923634	2.35476	0.356418	0.484164
3930000	-45.95731	0	-45.95731	0.399101	0.150662	0.416999	0.489373	0.127787	0.113052	3.34342	4.14617	1.3748
3940000	-51.97415	0	-51.97415	0.307766	0.155406	0.134259	0.492763	0.159835	0.2972	1.25065	1.24185	2.64031
3950000	-47.92634	0	-47.92634	0.116693	0.150829	0.208814	0.309389	0.0641498	0.122112	1.84868	0.513674	1.76293
3960000	-45.76275	0	-45.76275	0.0782716	0.271577	0.192461	0.540655	0.12604	0.108173	1.37716	0.372197	0.578816
3970000	-52.73893	0	-52.73893	0.0935115	0.143401	0.0764179	0.835645	0.138484	0.161267	1.38756	0.50146	0.256293
3980000	-50.42775	0	-50.42775	0.255453	0.267491	0.138307	0.610101	0.0893834	0.0860539	1.41588	0.717175	1.17588
3990000	-53.08961	0	-53.08961	0.108409	0.275488	0.309286	0.669265	0.0410161	0.100762	2.8262	0.501303	0.882558
4000000	-41.07843	0	-41.07843	0.276744	0.276648	0.16882	0.504676	0.053374	0.064314	2.62904	1.57097	0.832419
4010000	-53.26664	0	-53.26664	0.23047	0.205424	0.147114	0.735387	0.0941646	0.107664	2.23261	0.545654	0.681067
4020000	-51.75014	0	-51.75014	0.189225	0.229246	0.15541	0.402821	0.131463	0.0711331	2.49278	0.346875	0.343277
4030000	-45.61468	0	-45.61468	0.137574	0.228349	0.433591	0.734688	0.145628	0.094031	5.62312	1.00348	1.56385
4040000	-56.12262	0	-56.12262	0.0939551	0.152601	0.103808	0.462774	0.137716	0.0553985	1.84029	0.761359	0.0597611
4050000	-55.2859	0	-55.2859	0.0772546	0.233034	0.427375	0.478991	0.142801	0.187091	1.54679	0.77608	0.857153
4060000	-52.2373	0	-52.2373	0.339623	0.17366	0.579882	0.478777	0.134876	0.103952	2.43449	0.213387	0.992765
4070000	-62.47316	0	-62.47316	0.149596	0.111972	0.15889	0.555309	0.0903568	0.0622138	0.787598	0.118876	0.14928
4080000	-54.57634	0	-54.57634	0.215588	0.173253	0.185248	0.554953	0.114791	0.0600893	4.52542	1.15039	0.134888
4090000	-43.9939	0	-43.9939	0.108481	0.332112	0.222941	0.525021	0.0760772	0.100614	2.31922	0.517647	1.23036
4100000	-45.55098	0	-45.55098	0.3219	0.0845547	0.207306	0.609871	0.119483	0.109359	2.94776	2.37462	0.388398
4110000	-49.06166	0	-49.06166	0.176714	0.200843	0.197402	0.231842	0.113773	0.0833541	2.68968	0.675831	2.2078
4120000	-53.05768	0	-53.05768	0.291416	0.222578	0.0917689	0.438963	0.127219	0.12291	1.89066	0.70538	0.140579
4130000	-58.29364	0	-58.29364	0.0812473	0.266602	0.248247	0.382223	0.217699	0.0798194	2.95821	0.215251	0.419332
4140000	-52.90164	0	-52.90164	0.128576	0.293022	0.40343	0.825558	0.0615621	0.1341	1.45069	0.629415	0.89697
4150000	-53.19459	0	-53.19459	0.22947	0.263503	0.317777	0.512779	0.0927605	0.122246	5.75802	2.3295	0.333583
4160000	-43.36033	0	-43.36033	0.170869	0.157876	0.140269	0.419376	0.0771354	0.0792566	1.40214	1.55524	0.453205
4170000	-46.48972	0	-46.48972	0.0531856	0.336079	0.0865809	0.369146	0.0733803	0.144727	1.30342	0.508527	0.772108
4180000	-50.7456	0	-50.7456	0.058545	0.541698	0.232682	0.412601	0.0828482	0.167392	2.60015	0.30743	3.32509
4190000	-52.44721	0	-52.44721	0.121157	0.155096	0.182269	0.494231	0.192629	0.0935994	2.60724	0.495369	0.618507
4200000	-49.74478	0	-49.74478	0.145306	0.121083	0.306251	0.443731	0.176045	0.11012	3.07537	0.47162	0.560516
4210000	-44.57494	0	-44.57494	0.197454	0.276121	0.115466	0.571081	0.110528	0.0408605	2.05592	1.0116	0.331602
4220000	-44.74624	0	-44.74624	0.228057	0.171569	0.215582	0.574042	0.0727041	0.107388	2.8927	0.848376	0.0792567
4230000	-49.82242	0	-49.82242	0.193667	0.140406	0.376235	0.436783	0.0830631	0.127256	1.42912	0.308985	0.182397
4240000	-47.80898	0	-47.80898	0.403713	0.216328	0.128607	0.648853	0.127312	0.117184	2.41951	1.24178	1.0258
4250000	-52.01611	0	-52.01611	0.057056	0.156536	0.0887887	0.40953	0.112022	0.101425	2.19978	0.434231	0.51909
4260000	-47.18135	0	-47.18135	0.157766	0.195579	0.268431	0.472248	0.0392044	0.0788053	2.95559	0.518467	0.493508
4270000	-44.9459	0	-44.9459	0.101201	0.195871	0.133017	0.658834	0.130611	0.0809688	2.86066	0.458105	0.762211
4280000	-47.61807	0	-47.61807	0.242571	0.196471	0.157181	0.416177	0.144281	0.0665863	4.94872	1.11156	0.54841
4290000	-49.50024	0	-49.50024	0.148761	0.241371	0.22919	0.35664	0.195137	0.0759212	1.81169	1.33667	0.0912071
4300000	-44.13727	0	-44.13727	0.130081	0.403366	0.222505	0.529527	0.0906424	0.0710789	1.03817	0.445849	3.12081
4310000	-63.22267	0	-63.22267	0.0713526	0.157523	0.360434	0.40481	0.0851947	0.154024	1.65873	0.291917	0.125367
4320000	-52.20867	0	-52.20867	0.116211	0.208286	0.276476	0.313623	0.132503	0.0519667	1.00462	0.519119	1.51882
4330000	-51.31004	0	-51.31004	0.0807131	0.283029	0.101027	0.360965	0.0540363	0.0841421	3.10407	0.42275	0.376549
4340000	-53.60519	0	-53.60519	0.0911067	0.140451	0.218836	0.500135	0.0969611	0.0901598	6.61611	0.329041	0.294376
4350000	-49.03792	0	-49.03792	0.222838	0.248405	0.497898	0.463101	0.0663545	0.0961364	3.29846	0.844472	0.668469
4360000	-51.51601	0	-51.51601	0.334772	0.214092	0.115658	0.544865	0.2275	0.140842	1.1564	5.17113	0.342887
4370000	-44.84949	0	-44.84949	0.0542621	0.49783	0.246243	0.466803	0.171356	0.113834	2.10858	0.377648	0.588603
4380000	-43.51155	0	-43.51155	0.120365	0.394559	0.17901	0.540238	0.112724	0.0891685	1.03868	0.414995	1.40167
4390000	-57.47864	0	-57.47864	0.230235	0.138943	0.165389	0.538954	0.10879	0.123264	1.69045	3.83406	0.040518
4400000	-54.8632	0	-54.8632	0.147023	0.487348	0.137264	0.414877	0.216874	0.0806641	1.78256	0.556018	0.0523478
4410000	-50.51199	0	-50.51199	0.273096	0.24344	0.154317	0.459999	0.0699043	0.113756	2.33331	0.540454	5.60545
4420000	-49.61105	0	-49.61105	0.191123	0.197936	0.0953839	0.373556	0.115407	0.174428	3.57345	0.654081	0.561952
4430000	-50.97103	0	-50.97103	0.320566	0.148697	0.302199	0.342895	0.0548254	0.102443	1.97248	1.61275	0.918814
4440000	-53.18014	0	-53.18014	0.169133	0.16882	0.17593	0.533251	0.0620914	0.236512	2.4386	0.509704	0.904862
4450000	-45.21046	0	-45.21046	0.219907	0.188384	0.127369	0.54729	0.122804	0.0465035	4.69434	0.57099	0.782045
4460000	-51.19801	0	-51.19801	0.128797	0.194359	0.150977	0.300694	0.0890044	0.125932	3.35591	0.741268	0.314113
