Iteration	Posterior	Likelihood	Prior	lambda[1]	lambda[2]	lambda[3]	mu[1]	mu[2]	mu[3]	psi[1]	psi[2]	psi[3]
0	-29.81413	0	-29.81413	0.147648	0.285849	0.17793	0.0814283	0.118986	0.287335	0.0241156	0.267637	0.344258
10000	-21.60483	0	-21.60483	0.265382	0.144192	0.187578	0.351515	0.0756333	0.0868695	0.838799	3.03667	0.0401222
20000	-21.07709	0	-21.07709	0.156075	0.169336	0.0863658	0.0954455	0.198231	0.104865	1.19975	0.598445	0.811341
30000	-17.7764	0	-17.7764	0.146698	0.0851054	0.211488	0.276605	0.0820886	0.0759822	2.09183	0.444096	0.126425
40000	-19.11267	0	-19.11267	0.0726935	0.311953	0.295252	0.273203	0.13057	0.0959516	2.41148	0.781304	0.382766
50000	-28.31432	0	-28.31432	0.064261	0.281137	0.270728	0.791276	0.125735	0.162214	0.636577	1.04773	0.147386
60000	-22.19806	0	-22.19806	0.0806538	0.291135	0.142628	0.785229	0.140923	0.128818	2.33249	2.49272	0.439723
70000	-18.59359	0	-18.59359	0.17559	0.179416	0.165031	0.225024	0.0776941	0.159648	0.576379	2.17854	0.07623
80000	-17.03998	0	-17.03998	0.0470532	0.140844	0.128563	0.298077	0.114346	0.0974965	1.05262	0.381311	2.45569
90000	-22.00619	0	-22.00619	0.118208	0.141328	0.377793	0.178903	0.190588	0.317092	0.596628	0.773179	0.1419
100000	-19.60056	0	-19.60056	0.1094	0.156316	0.108069	0.344156	0.0552491	0.178222	1.39799	0.51186	0.377176
110000	-20.2269	0	-20.2269	0.0872514	0.187118	0.156518	0.189511	0.150145	0.0593737	1.86637	0.576301	0.484806
120000	-24.23297	0	-24.23297	0.149037	0.112031	0.161075	0.416573	0.204095	0.0604732	5.10784	0.743612	1.89915
130000	-16.63728	0	-16.63728	0.148103	0.0870883	0.386366	0.391025	0.0852609	0.0949492	1.1291	0.872042	0.705988
140000	-20.96707	0	-20.96707	0.135298	0.345575	0.0524971	0.206072	0.0722318	0.151588	0.665584	0.557764	0.120337
150000	-21.19713	0	-21.19713	0.0364573	0.160025	0.0711734	0.201819	0.122288	0.0479311	3.04534	0.390909	0.154157
160000	-22.33665	0	-22.33665	0.259863	0.413992	0.340974	0.355253	0.0593227	0.173128	3.62254	0.829233	0.628286
170000	-23.25546	0	-23.25546	0.182887	0.258427	0.0588839	0.450589	0.14413	0.104831	1.45563	0.683104	0.661441
180000	-16.56018	0	-16.56018	0.21582	0.174413	0.215475	0.229562	0.109432	0.108391	3.9756	0.3944	0.649833
190000	-20.1245	0	-20.1245	0.114219	0.149217	0.132075	0.150089	0.147979	0.0844709	1.45904	0.649261	0.246813
200000	-14.39724	0	-14.39724	0.16771	0.130305	0.130227	0.258273	0.0687475	0.180586	1.37525	0.590204	0.132151
210000	-17.51606	0	-17.51606	0.269764	0.200752	0.158738	0.450363	0.0867816	0.0712397	0.458098	0.649357	0.313143
220000	-19.651	0	-19.651	0.39945	0.15281	0.133439	0.299534	0.191905	0.073095	1.39528	0.814197	0.611713
230000	-22.76094	0	-22.76094	0.1568	0.10063	0.450422	0.136184	0.0818609	0.115483	1.41122	0.878402	0.804097
240000	-22.8793	0	-22.8793	0.232206	0.175187	0.137545	0.299847	0.285659	0.195213	1.55345	1.75159	0.790016
250000	-14.80223	0	-14.80223	0.086872	0.140955	0.374066	0.216339	0.0883178	0.096557	0.836995	0.319802	0.361238
260000	-17.8624	0	-17.8624	0.260011	0.082974	0.161968	0.163752	0.047583	0.135224	0.993794	1.11488	0.313681
270000	-28.02971	0	-28.02971	0.115248	0.101957	0.119344	0.282456	0.149447	0.0932429	4.26879	0.747514	0.0610269
280000	-21.3904	0	-21.3904	0.0938313	0.12247	0.0785545	0.455563	0.116323	0.127398	2.78415	0.844538	0.297496
290000	-13.68011	0	-13.68011	0.158066	0.179905	0.181929	0.246583	0.112061	0.172242	1.1544	0.394596	0.316459
300000	-22.95882	0	-22.95882	0.190173	0.144257	0.284373	0.462885	0.156105	0.12951	1.55292	2.52262	0.956181
310000	-20.77069	0	-20.77069	0.183853	0.12492	0.0986965	0.236964	0.2852	0.129158	0.48629	1.82091	0.0969946
320000	-16.90355	0	-16.90355	0.209068	0.0958434	0.0849075	0.651603	0.107104	0.113231	1.28646	0.699864	0.357428
330000	-19.28203	0	-19.28203	0.200999	0.0475762	0.0815139	0.163477	0.127499	0.239829	2.10411	0.824459	0.397345
340000	-22.39079	0	-22.39079	0.0955353	0.123013	0.159939	0.364241	0.0715073	0.0982187	0.389856	0.733656	0.0280745
350000	-21.3568	0	-21.3568	0.2237	0.17835	0.384942	0.28537	0.200678	0.226959	0.395898	0.690386	0.182659
360000	-18.33087	0	-18.33087	0.0792702	0.0566799	0.140743	0.285342	0.214521	0.0468421	1.8963	0.5016	0.0857032
370000	-20.2648	0	-20.2648	0.145163	0.095384	0.228871	0.263945	0.0825701	0.126059	0.428099	0.174606	0.0376595
380000	-21.07175	0	-21.07175	0.0651525	0.0933776	0.163947	0.159297	0.0874188	0.0534934	0.594909	0.594866	0.446737
390000	-20.72811	0	-20.72811	0.183578	0.178522	0.141666	0.200734	0.406193	0.264824	0.645732	0.77371	0.107814
400000	-19.20212	0	-19.20212	0.118324	0.207215	0.112564	0.555561	0.133877	0.0933744	2.18162	0.597187	0.497277
410000	-15.8103	0	-15.8103	0.148547	0.147601	0.110125	0.267959	0.126545	0.241453	1.30022	1.04519	0.328011
420000	-18.74214	0	-18.74214	0.102737	0.126173	0.26845	0.638637	0.0912175	0.0790328	2.15892	0.961012	0.413895
430000	-19.11599	0	-19.11599	0.121078	0.129731	0.280538	0.320063	0.0700945	0.0660455	0.671243	1.02147	0.622141
440000	-20.72383	0	-20.72383	0.147943	0.164277	0.104662	0.494092	0.168647	0.0487867	0.933423	1.31339	0.821724
450000	-20.18206	0	-20.18206	0.188598	0.0841724	0.133751	0.186039	0.118844	0.0749889	4.26384	2.60656	1.99344
460000	-16.6251	0	-16.6251	0.121715	0.125383	0.341112	0.169028	0.119292	0.239824	3.48302	1.05157	0.759851
470000	-21.00939	0	-21.00939	0.0512816	0.0828183	0.34627	0.285897	0.144626	0.0674221	1.16011	0.738489	0.151889
480000	-15.9348	0	-15.9348	0.10863	0.1677	0.0720903	0.304667	0.0681758	0.187762	1.38179	1.26035	0.15735
490000	-18.60834	0	-18.60834	0.141131	0.111855	0.223142	0.49561	0.1068	0.0602291	1.51394	0.267351	0.345266
500000	-17.68102	0	-17.68102	0.0838382	0.162086	0.26186	0.424329	0.0510479	0.0936491	2.02162	1.3467	1.67446
510000	-21.23506	0	-21.23506	0.134379	0.404396	0.0906847	0.233197	0.0765056	0.113492	3.62881	1.56496	0.332858
520000	-18.61661	0	-18.61661	0.0752079	0.139976	0.244831	0.141135	0.136236	0.0960595	1.15258	0.228461	0.167018
530000	-18.38023	0	-18.38023	0.11753	0.256207	0.0894813	0.295182	0.225312	0.0925068	2.25252	1.60947	0.87727
540000	-14.09532	0	-14.09532	0.105413	0.15243	0.202409	0.232295	0.0521474	0.117877	0.56031	0.748486	0.426953
550000	-20.32115	0	-20.32115	0.108082	0.0721583	0.107819	0.282298	0.198114	0.0509217	1.68425	0.392173	0.087957
560000	-17.34752	0	-17.34752	0.0981603	0.145994	0.217452	0.232069	0.0891278	0.0990846	0.560728	0.92329	1.34889
570000	-15.87681	0	-15.87681	0.112142	0.289978	0.0893363	0.494616	0.112466	0.130229	1.11309	1.93172	0.119845
580000	-20.43813	0	-20.43813	0.0396283	0.258811	0.0810192	0.537052	0.12594	0.154792	1.66474	0.309033	1.15201
590000	-15.27925	0	-15.27925	0.232765	0.135824	0.138142	0.345512	0.190226	0.107372	1.4772	0.995136	0.483528
600000	-21.03157	0	-21.03157	0.0499865	0.310958	0.136157	0.271655	0.146311	0.102573	1.64907	0.552555	0.627026
610000	-20.81444	0	-20.81444	0.0957459	0.25701	0.0589464	0.495268	0.134526	0.245689	1.7359	2.32047	1.83579
620000	-21.59072	0	-21.59072	0.138402	0.12811	0.10444	0.358772	0.277508	0.0424735	2.47585	0.703344	1.96223
630000	-23.70204	0	-23.70204	0.178298	0.431204	0.0295073	0.194649	0.132389	0.160855	0.248164	0.891258	1.07552
640000	-18.06503	0	-18.06503	0.0989831	0.177667	0.15316	0.573544	0.167741	0.16228	2.83923	0.81446	0.567143
650000	-22.11452	0	-22.11452	0.176245	0.0663518	0.386066	0.398905	0.161448	0.142277	3.41255	0.251515	0.147446
660000	-21.83278	0	-21.83278	0.168695	0.0731657	0.0628984	0.211209	0.0666789	0.041581	1.81531	0.928643	1.74488
670000	-17.43594	0	-17.43594	0.107423	0.106194	0.0983067	0.323975	0.0759694	0.0413856	2.21798	0.951714	0.279111
680000	-21.7234	0	-21.7234	0.215726	0.107447	0.290581	0.176465	0.190735	0.202486	4.26793	0.985999	0.223139
690000	-24.99197	0	-24.99197	0.160779	0.0972645	0.0814987	0.531639	0.106189	0.0771023	2.38458	0.153485	0.261709
700000	-23.61972	0	-23.61972	0.164759	0.285663	0.0958085	0.42471	0.0766505	0.247309	2.59127	0.295729	0.296833
710000	-19.0086	0	-19.0086	0.188679	0.222866	0.261379	0.21959	0.107996	0.148798	1.33693	0.471862	0.0576582
720000	-16.73843	0	-16.73843	0.0858834	0.3546	0.0797436	0.169524	0.109339	0.062709	0.967193	1.32454	1.94284
730000	-18.60799	0	-18.60799	0.14377	0.109962	0.210094	0.526718	0.209878	0.0620026	1.31015	0.294164	0.13383
740000	-18.91183	0	-18.91183	0.0933832	0.149434	0.396621	0.39672	0.117061	0.084508	0.593566	0.546955	0.188432
750000	-21.30715	0	-21.30715	0.209202	0.101406	0.186511	0.21267	0.114834	0.16483	3.06236	1.6264	2.00888
760000	-19.67328	0	-19.67328	0.101261	0.12767	0.0773549	0.448472	0.147678	0.145	1.0338	2.97726	1.1584
770000	-16.74928	0	-16.74928	0.131881	0.174387	0.128147	0.362718	0.183776	0.236884	1.33271	0.840366	1.21003
780000	-21.49627	0	-21.49627	0.395274	0.193472	0.0670885	0.347241	0.176017	0.132079	1.53149	1.38964	0.441059
790000	-24.889	0	-24.889	0.193642	0.384846	0.173548	0.449458	0.326574	0.0802638	0.760827	0.302603	0.117424
800000	-17.65979	0	-17.65979	0.306672	0.0808416	0.172816	0.274862	0.157283	0.113086	2.10559	0.802241	0.0915428
810000	-18.16073	0	-18.16073	0.23372	0.147703	0.174808	0.143021	0.189249	0.101199	0.974631	1.88213	0.0955838
820000	-17.92054	0	-17.92054	0.10641	0.0950491	0.404349	0.270964	0.075305	0.101394	1.54509	0.136949	0.02892
830000	-19.80367	0	-19.80367	0.14151	0.164059	0.161249	0.444059	0.117574	0.0588958	2.82492	1.19896	0.0459983
840000	-16.53287	0	-16.53287	0.0827521	0.194745	0.301411	0.261224	0.130364	0.0813126	2.15357	0.480441	0.289733
850000	-23.68293	0	-23.68293	0.118802	0.493829	0.263825	0.720986	0.102379	0.052809	2.24174	1.27814	2.37666
860000	-17.49788	0	-17.49788	0.11498	0.257076	0.0716674	0.210763	0.188524	0.0978838	1.02103	2.22777	0.383272
870000	-19.46035	0	-19.46035	0.229795	0.136164	0.0942484	0.539973	0.0995295	0.0603754	1.2504	0.583093	0.585534
880000	-16.39375	0	-16.39375	0.106913	0.134505	0.0909733	0.448023	0.187203	0.18578	0.954871	0.662221	0.448329
890000	-21.01431	0	-21.01431	0.130625	0.147783	0.204326	0.329433	0.474656	0.073993	1.83269	0.810628	0.337263
900000	-15.84587	0	-15.84587	0.138804	0.119493	0.103602	0.262651	0.124446	0.183124	0.90807	1.04675	0.285923
910000	-20.51303	0	-20.51303	0.162917	0.196745	0.124138	0.37981	0.100082	0.108798	0.703121	0.566059	0.0110452
920000	-23.77571	0	-23.77571	0.112286	0.181363	0.176518	0.209026	0.617526	0.108732	3.79391	1.19463	1.78784
930000	-16.04287	0	-16.04287	0.0613516	0.125816	0.112187	0.194205	0.0870946	0.059376	0.527335	0.546044	2.36979
940000	-23.37346	0	-23.37346	0.0886705	0.102474	0.221833	0.24596	0.154964	0.0731625	2.33624	1.82627	0.0242509
950000	-16.95123	0	-16.95123	0.159506	0.187392	0.0893866	0.427352	0.12772	0.136002	2.61471	1.02641	0.253777
960000	-24.51958	0	-24.51958	0.253691	0.161724	0.207209	0.277637	0.0474169	0.117241	1.20434	2.00404	2.02627
970000	-22.81298	0	-22.81298	0.0870619	0.225342	0.21931	0.285153	0.362397	0.0942107	5.64191	0.66311	2.30346
980000	-21.62067	0	-21.62067	0.134944	0.122789	0.73834	0.47858	0.0733848	0.0626797	1.53803	1.27156	0.0846457
990000	-19.39136	0	-19.39136	0.222045	0.146385	0.120181	0.183264	0.126411	0.0859171	1.36642	0.180497	0.561679
1000000	-19.05921	0	-19.05921	0.0477556	0.182058	0.274423	0.307187	0.13794	0.106491	0.921816	0.354526	0.841417
1010000	-14.8815	0	-14.8815	0.110197	0.121475	0.143789	0.261329	0.185995	0.0682579	1.08287	1.59516	0.611145
1020000	-14.19306	0	-14.19306	0.176521	0.132725	0.101816	0.36333	0.0511097	0.0615583	1.44256	1.05105	0.144985
1030000	-29.32751	0	-29.32751	0.193213	0.0960035	0.228055	0.223816	0.117386	0.213033	5.70753	0.340154	0.222283
1040000	-15.40892	0	-15.40892	0.0958555	0.200043	0.0788628	0.368894	0.151219	0.108017	0.694315	1.34433	0.866689
1050000	-24.01942	0	-24.01942	0.0948183	0.189113	0.262735	0.23466	0.221702	0.161648	1.34728	0.216592	0.00494478
1060000	-19.88643	0	-19.88643	0.0526756	0.320726	0.135718	0.171958	0.215181	0.104572	3.0965	1.31814	0.761512
1070000	-15.27311	0	-15.27311	0.0722859	0.196048	0.17046	0.185924	0.146147	0.0925327	1.69388	0.545111	0.293704
1080000	-22.94496	0	-22.94496	0.124858	0.0461899	0.240367	0.615909	0.213193	0.117299	2.353	1.27772	0.611138
1090000	-21.97589	0	-21.97589	0.215611	0.202603	0.105259	0.426693	0.156196	0.108161	4.1079	0.474427	0.181111
1100000	-16.29203	0	-16.29203	0.0709589	0.176389	0.142005	0.285812	0.141494	0.093512	1.57644	1.84005	3.86961
1110000	-22.34981	0	-22.34981	0.0774642	0.195801	0.149402	0.820748	0.191572	0.0762903	3.39433	0.168656	0.310279
1120000	-24.30807	0	-24.30807	0.152623	0.185225	0.0990976	0.771676	0.20568	0.0357905	4.46401	1.29244	0.272356
1130000	-22.91974	0	-22.91974	0.0915068	0.161439	0.0902033	0.601578	0.176826	0.125072	1.41236	0.560172	0.0356737
1140000	-23.35448	0	-23.35448	0.348761	0.111988	0.234003	0.0983196	0.11098	0.0872801	1.25125	1.39913	0.0735561
1150000	-19.07602	0	-19.07602	0.107549	0.12533	0.182498	0.251067	0.113307	0.106953	0.987072	0.846251	0.39721
1160000	-16.51984	0	-16.51984	0.0758644	0.128128	0.14824	0.431824	0.22806	0.0581014	1.6195	1.0334	1.12604
1170000	-17.76161	0	-17.76161	0.0780213	0.190998	0.0946825	0.487876	0.106104	0.0680878	1.51108	0.394036	0.0638322
1180000	-20.61814	0	-20.61814	0.226863	0.3294	0.0813334	0.269869	0.182116	0.0981013	0.876555	0.72763	0.688224
1190000	-16.17816	0	-16.17816	0.150412	0.166832	0.150808	0.406024	0.165296	0.115133	0.756055	0.736064	0.299853
1200000	-15.19953	0	-15.19953	0.149375	0.151921	0.0948929	0.442715	0.155615	0.100408	1.88511	0.824057	0.246864
1210000	-17.93025	0	-17.93025	0.108789	0.239869	0.233621	0.614725	0.083436	0.0869757	2.14577	0.53736	0.0473768
1220000	-14.68808	0	-14.68808	0.0867746	0.168737	0.245828	0.235479	0.155123	0.0788842	2.04437	0.783301	0.615842
1230000	-20.07202	0	-20.07202	0.0583841	0.102121	0.119061	0.521614	0.164736	0.101082	2.48814	0.456125	0.332708
1240000	-23.98609	0	-23.98609	0.134126	0.421742	0.322022	0.115817	0.228524	0.0663036	2.4153	0.535613	3.08685
1250000	-17.78978	0	-17.78978	0.169683	0.28681	0.108025	0.252577	0.165	0.0605247	3.83272	0.970085	1.69821
1260000	-17.05441	0	-17.05441	0.21876	0.127432	0.137003	0.122944	0.0861755	0.165201	0.885613	0.847564	0.200839
1270000	-22.78777	0	-22.78777	0.252075	0.136885	0.33185	0.318903	0.17917	0.0385231	1.92002	0.666476	0.788779
1280000	-17.56313	0	-17.56313	0.121039	0.055535	0.0979264	0.351873	0.078514	0.075112	2.6234	1.18146	1.07889
1290000	-23.5322	0	-23.5322	0.145508	0.0897468	0.186202	0.309927	0.085402	0.236144	4.31882	0.623127	0.0782305
1300000	-17.80003	0	-17.80003	0.0656497	0.138659	0.15307	0.109204	0.19216	0.169074	1.1725	1.02188	1.34945
1310000	-16.73723	0	-16.73723	0.0932596	0.13513	0.211893	0.222395	0.0915231	0.220582	0.685987	1.26321	0.239981
1320000	-18.73554	0	-18.73554	0.0680264	0.108605	0.111522	0.24988	0.148094	0.299833	2.92375	1.53214	0.153489
1330000	-18.64613	0	-18.64613	0.0987667	0.35364	0.170955	0.451698	0.154759	0.134004	3.74605	0.633043	1.09033
1340000	-23.84064	0	-23.84064	0.136417	0.341007	0.345942	0.24546	0.356454	0.102826	0.937551	3.1958	3.01018
1350000	-18.00648	0	-18.00648	0.140475	0.151216	0.143016	0.254454	0.150967	0.118335	1.16127	0.512079	1.34979
1360000	-26.29475	0	-26.29475	0.145525	0.118316	0.134468	0.400619	0.265848	0.117786	5.93551	2.29018	0.00904465
1370000	-20.43601	0	-20.43601	0.174311	0.290878	0.135948	0.230995	0.292682	0.136622	1.31036	0.423549	0.591759
1380000	-18.34926	0	-18.34926	0.0509451	0.115016	0.215238	0.275297	0.047655	0.136313	2.72444	1.39429	0.805988
1390000	-19.14746	0	-19.14746	0.162722	0.112243	0.220186	0.306333	0.181338	0.0438223	2.40891	1.34364	2.10672
1400000	-23.50594	0	-23.50594	0.084431	0.215091	0.103232	0.312599	0.289566	0.0932675	1.68179	0.760906	0.0621773
1410000	-18.93238	0	-18.93238	0.253106	0.151263	0.198364	0.153428	0.0481962	0.14689	0.465449	1.00798	0.122824
1420000	-21.15716	0	-21.15716	0.280281	0.190382	0.125342	0.414129	0.162135	0.0921658	2.18293	0.42767	1.04388
1430000	-24.97281	0	-24.97281	0.094371	0.321174	0.101195	0.219101	0.140039	0.0932099	2.12014	0.79554	0.0436218
1440000	-16.73264	0	-16.73264	0.128749	0.428031	0.0580856	0.267896	0.0432042	0.0904279	0.726926	1.49912	0.209495
1450000	-18.02981	0	-18.02981	0.0991963	0.123967	0.214053	0.230219	0.337881	0.0799481	2.02596	1.33793	1.96685
1460000	-17.53764	0	-17.53764	0.0810359	0.24801	0.329162	0.164138	0.144979	0.195098	1.29928	0.706775	0.188018
1470000	-18.71667	0	-18.71667	0.0723226	0.10721	0.187384	0.340243	0.313858	0.151279	2.08853	2.50321	0.612791
1480000	-18.20572	0	-18.20572	0.115894	0.305569	0.102646	0.245344	0.162591	0.154084	1.51929	0.772228	0.241086
1490000	-17.76153	0	-17.76153	0.0880788	0.0895419	0.384619	0.17261	0.097325	0.159413	1.19441	0.79732	0.161732
1500000	-17.77773	0	-17.77773	0.135161	0.250984	0.15555	0.235544	0.128189	0.100126	2.41045	1.51316	1.93977
1510000	-16.81012	0	-16.81012	0.184921	0.135758	0.259547	0.212058	0.0871319	0.18724	1.74957	0.953911	2.18572
1520000	-24.4864	0	-24.4864	0.0781539	0.365018	0.35916	0.424628	0.116528	0.130602	1.14041	0.807501	0.86316
1530000	-16.998	0	-16.998	0.299464	0.273113	0.13295	0.333027	0.10837	0.0885471	1.32465	0.644501	1.53873
1540000	-17.16711	0	-17.16711	0.16124	0.150965	0.0655487	0.133295	0.162199	0.173812	0.398994	1.24656	1.40598
1550000	-17.73131	0	-17.73131	0.242784	0.0956297	0.207263	0.177898	0.101768	0.0839618	1.91934	0.677451	0.501477
1560000	-18.22283	0	-18.22283	0.145929	0.169807	0.135777	0.24477	0.108481	0.095965	1.95993	2.97276	0.0838765
1570000	-20.63632	0	-20.63632	0.220549	0.196468	0.183046	0.11918	0.170973	0.107241	1.8174	1.0379	0.0408156
1580000	-18.52576	0	-18.52576	0.292456	0.152195	0.200399	0.2878	0.131811	0.162377	2.41681	0.89105	0.701448
1590000	-15.12257	0	-15.12257	0.205124	0.14392	0.158421	0.259896	0.0822334	0.116952	1.29665	1.44005	0.508716
1600000	-15.2897	0	-15.2897	0.10849	0.171959	0.136566	0.238842	0.0906125	0.087303	3.52272	1.17373	1.86423
1610000	-16.16789	0	-16.16789	0.134979	0.22215	0.123939	0.321181	0.0999187	0.0899506	1.55608	1.03252	1.92632
1620000	-23.33423	0	-23.33423	0.0821517	0.25832	0.0506112	0.119558	0.162264	0.142509	2.04852	0.201311	0.0581016
1630000	-22.21956	0	-22.21956	0.14269	0.0963077	0.254645	0.267482	0.130698	0.063274	2.11888	1.00665	0.0447157
1640000	-17.04871	0	-17.04871	0.181511	0.107708	0.123626	0.328643	0.111489	0.120481	0.815014	1.43155	0.222884
1650000	-17.61807	0	-17.61807	0.129648	0.134029	0.117422	0.316011	0.163166	0.112669	1.61655	0.656204	1.52962
1660000	-20.21881	0	-20.21881	0.19924	0.153816	0.134923	0.136354	0.0700284	0.0908201	2.38633	0.750446	0.228576
1670000	-17.44133	0	-17.44133	0.0745043	0.079027	0.0795607	0.289504	0.0968821	0.0922075	4.21708	1.78671	0.256983
1680000	-31.82782	0	-31.82782	0.35742	0.119322	0.237533	0.247855	0.191276	0.0551313	0.5958	0.397191	0.201622
1690000	-20.39547	0	-20.39547	0.357392	0.138237	0.135374	0.280466	0.0888585	0.132849	0.31383	0.65518	1.7185
1700000	-17.92497	0	-17.92497	0.074157	0.106975	0.414617	0.323079	0.110579	0.101079	1.40467	0.319914	0.623964
1710000	-16.3587	0	-16.3587	0.120746	0.125519	0.154676	0.278867	0.0950892	0.0875714	0.742212	3.26127	2.24637
1720000	-22.13015	0	-22.13015	0.258464	0.186888	0.211097	0.22368	0.0570764	0.0587723	2.79998	1.38408	0.362146
1730000	-19.84159	0	-19.84159	0.261436	0.275029	0.223221	0.181818	0.151169	0.249147	2.5741	1.00083	1.50331
1740000	-16.55561	0	-16.55561	0.190156	0.184672	0.0932976	0.303084	0.178909	0.0988139	2.40938	3.67211	0.933925
1750000	-16.90494	0	-16.90494	0.0800557	0.187498	0.0718422	0.39043	0.159347	0.0672721	1.82455	1.35311	0.87498
1760000	-20.1709	0	-20.1709	0.134651	0.140093	0.13508	0.20727	0.170061	0.0644424	0.899695	0.531926	0.558657
1770000	-21.29502	0	-21.29502	0.267431	0.205302	0.250975	0.161854	0.174452	0.13323	0.676613	1.11059	0.518564
1780000	-16.45369	0	-16.45369	0.0555283	0.451778	0.170568	0.206134	0.137225	0.141506	1.21542	1.12393	1.10789
1790000	-19.87262	0	-19.87262	0.234015	0.172743	0.0798557	0.217302	0.314217	0.142953	1.14498	0.66497	1.80548
1800000	-17.35476	0	-17.35476	0.127796	0.0917834	0.0573213	0.386923	0.0890047	0.136539	2.14719	3.27111	0.953868
1810000	-19.38322	0	-19.38322	0.141186	0.129568	0.111768	0.248144	0.220139	0.0479107	1.69995	0.646658	0.231925
1820000	-21.28153	0	-21.28153	0.0881926	0.505422	0.196901	0.371385	0.285274	0.0981517	4.19475	1.6649	0.695458
1830000	-16.51484	0	-16.51484	0.114255	0.137827	0.115281	0.489214	0.189179	0.0857156	0.938006	0.827495	2.48131
1840000	-18.34855	0	-18.34855	0.0909338	0.121	0.197873	0.13814	0.168493	0.166546	0.541689	1.41383	0.307612
1850000	-25.41381	0	-25.41381	0.383485	0.0788961	0.241506	0.508744	0.0771277	0.298389	2.12453	4.31756	2.59625
1860000	-17.44808	0	-17.44808	0.0968291	0.176534	0.114382	0.534528	0.170533	0.115911	3.46017	0.552394	0.640583
1870000	-21.20599	0	-21.20599	0.109477	0.27315	0.193866	0.483797	0.0790761	0.0673187	1.5039	0.244562	0.0512766
1880000	-18.17527	0	-18.17527	0.133294	0.202165	0.184168	0.382169	0.165538	0.0770145	1.91209	0.71124	0.320848
1890000	-16.33433	0	-16.33433	0.206178	0.092591	0.311146	0.450889	0.124375	0.11821	0.786638	0.775163	0.189562
1900000	-22.66964	0	-22.66964	0.151878	0.15353	0.203321	0.539047	0.127617	0.188858	1.45106	0.347161	0.851078
1910000	-17.12418	0	-17.12418	0.185002	0.185566	0.186911	0.336103	0.133693	0.0734714	0.267142	0.457852	0.895962
1920000	-18.80309	0	-18.80309	0.0850089	0.11547	0.13199	0.18896	0.132755	0.24687	1.55703	0.508237	0.0755752
1930000	-18.40724	0	-18.40724	0.141036	0.317657	0.111311	0.144152	0.182446	0.120301	1.67173	2.18937	0.282649
1940000	-13.97401	0	-13.97401	0.162517	0.117459	0.149501	0.297748	0.134813	0.0974455	1.39934	0.966195	0.164044
1950000	-19.7377	0	-19.7377	0.129886	0.305629	0.0786784	0.225427	0.168196	0.0930136	2.42137	2.14968	1.26019
1960000	-21.09413	0	-21.09413	0.11003	0.135895	0.231324	0.563163	0.109956	0.0638761	1.9576	1.19198	0.303083
1970000	-22.20912	0	-22.20912	0.246743	0.203973	0.192056	0.378981	0.170331	0.0570996	1.86342	0.246115	0.962556
1980000	-21.16455	0	-21.16455	0.147011	0.173958	0.0941157	0.332165	0.383046	0.0414795	0.517798	2.03853	0.992737
1990000	-16.87918	0	-16.87918	0.130918	0.155004	0.240613	0.322703	0.108982	0.0786642	5.25597	0.839981	0.982231
2000000	-21.43832	0	-21.43832	0.196808	0.241191	0.197221	0.290205	0.0678377	0.0980192	1.15675	1.29284	0.76376
2010000	-20.15501	0	-20.15501	0.173222	0.201426	0.229023	0.269665	0.177678	0.0943397	0.932118	0.511356	0.419288
2020000	-16.44066	0	-16.44066	0.1578	0.0923867	0.142043	0.200808	0.168892	0.174622	2.19793	1.01463	1.75443
2030000	-20.21726	0	-20.21726	0.10379	0.194039	0.149405	0.176839	0.211658	0.11819	1.46003	0.333907	0.268888
2040000	-21.20877	0	-21.20877	0.13351	0.347275	0.0703108	0.431309	0.131203	0.186389	1.8261	2.81668	1.55594
2050000	-22.03038	0	-22.03038	0.0526765	0.0711451	0.15488	0.142736	0.162057	0.137087	3.11158	0.546472	0.124247
2060000	-19.28296	0	-19.28296	0.161656	0.0905497	0.0847235	0.585405	0.143299	0.139609	3.34266	1.71035	2.64447
2070000	-16.71405	0	-16.71405	0.224374	0.154958	0.0960258	0.215654	0.0808225	0.0429137	1.24256	1.63629	1.01262
2080000	-26.736	0	-26.736	0.0823332	0.201398	0.217549	0.288027	0.576646	0.0652778	2.86558	1.63034	3.79157
2090000	-19.87839	0	-19.87839	0.120347	0.160725	0.232235	0.205275	0.223042	0.0902561	1.47498	0.441035	0.32933
2100000	-17.48492	0	-17.48492	0.114837	0.0669744	0.109461	0.203775	0.079238	0.109666	0.950029	0.316637	0.172015
2110000	-20.46071	0	-20.46071	0.0947803	0.229744	0.0601902	0.173407	0.142014	0.0851001	0.789236	3.53191	1.21289
2120000	-24.50967	0	-24.50967	0.179117	0.116984	0.440112	0.359693	0.148082	0.135961	0.729533	0.987681	0.366076
2130000	-16.47713	0	-16.47713	0.0823856	0.160987	0.0606046	0.368345	0.0849142	0.0916846	1.23436	1.4491	0.36235
2140000	-27.37136	0	-27.37136	0.0649406	0.0978116	0.0533992	0.351754	0.113307	0.185258	0.516321	1.40217	1.834
2150000	-15.61273	0	-15.61273	0.134314	0.155145	0.180087	0.196257	0.119697	0.174806	0.954307	2.97335	1.05823
2160000	-18.81612	0	-18.81612	0.186723	0.194617	0.150912	0.200132	0.0617165	0.0969781	3.12219	0.433246	0.130328
2170000	-19.77806	0	-19.77806	0.149234	0.134851	0.21899	0.451837	0.0816983	0.227393	0.308746	0.571553	1.2566
2180000	-17.74983	0	-17.74983	0.22215	0.14981	0.0666472	0.466431	0.0938956	0.0929347	1.61644	0.62832	0.0601584
2190000	-22.04133	0	-22.04133	0.223439	0.157765	0.120636	0.153434	0.213556	0.0689726	1.3158	1.29716	3.85055
2200000	-25.05001	0	-25.05001	0.306634	0.145117	0.124119	0.22091	0.109844	0.0963581	1.60219	1.19525	0.0312145
2210000	-18.63682	0	-18.63682	0.110759	0.144522	0.151575	0.303461	0.169263	0.0914713	1.75879	0.379669	1.82007
2220000	-18.26842	0	-18.26842	0.132133	0.0978216	0.152546	0.278316	0.166109	0.251757	1.01205	1.0622	0.0371807
2230000	-19.29306	0	-19.29306	0.392727	0.100892	0.117438	0.241003	0.100842	0.217403	2.30596	1.66426	0.816942
2240000	-15.63077	0	-15.63077	0.0784289	0.204118	0.276928	0.263092	0.103518	0.154315	1.0505	0.487235	1.19696
2250000	-18.83657	0	-18.83657	0.20839	0.190515	0.167655	0.295181	0.21987	0.111442	3.69148	1.62799	0.320124
2260000	-20.43226	0	-20.43226	0.279799	0.0750264	0.114884	0.2606	0.136795	0.170907	3.85039	2.09908	0.0796331
2270000	-21.46584	0	-21.46584	0.0346581	0.092336	0.169352	0.806519	0.0873121	0.0534974	4.02546	0.506303	0.542883
2280000	-18.13129	0	-18.13129	0.248332	0.0990969	0.382954	0.276431	0.166425	0.138454	0.553893	0.871726	0.200687
2290000	-17.83933	0	-17.83933	0.193468	0.0668415	0.0948132	0.34444	0.126203	0.111766	0.884274	1.34947	0.154016
2300000	-15.90945	0	-15.90945	0.133038	0.102822	0.294009	0.180505	0.0970194	0.0865641	2.29098	2.11533	0.771476
2310000	-16.94039	0	-16.94039	0.149348	0.360015	0.141261	0.238094	0.107596	0.0668185	1.61146	0.265531	0.562139
2320000	-15.63381	0	-15.63381	0.106592	0.198814	0.13785	0.291701	0.108187	0.122116	1.20824	1.17084	0.150116
2330000	-13.97451	0	-13.97451	0.124028	0.121092	0.227183	0.280657	0.20152	0.0829274	1.86493	1.07822	0.14342
2340000	-16.52246	0	-16.52246	0.0696618	0.0933371	0.211078	0.257919	0.106323	0.0733406	1.00108	0.400205	0.132969
2350000	-20.86734	0	-20.86734	0.0622623	0.283977	0.108164	0.472605	0.141064	0.117089	1.99492	1.49577	0.281461
2360000	-15.49769	0	-15.49769	0.105069	0.15863	0.151408	0.151728	0.104898	0.120847	1.51952	1.19704	0.676667
2370000	-22.18165	0	-22.18165	0.0638835	0.267584	0.243247	0.238373	0.0823485	0.209069	4.19974	0.621946	0.295118
2380000	-19.84524	0	-19.84524	0.289692	0.154813	0.173858	0.333131	0.129402	0.116059	0.868705	0.56537	0.0883564
2390000	-16.47322	0	-16.47322	0.128683	0.118437	0.128112	0.222739	0.0982524	0.110049	1.10123	1.22992	0.358217
2400000	-18.49162	0	-18.49162	0.120597	0.0812736	0.105438	0.316083	0.109213	0.10601	0.971938	3.27743	0.69988
2410000	-14.06271	0	-14.06271	0.109334	0.0974836	0.130733	0.182784	0.140951	0.167629	0.699765	0.8351	0.336532
2420000	-21.23781	0	-21.23781	0.114495	0.164817	0.13746	0.236917	0.197443	0.239693	1.72002	0.769168	0.131081
2430000	-20.12903	0	-20.12903	0.130621	0.351438	0.227825	0.140921	0.1849	0.0897514	2.42382	2.53323	3.05741
2440000	-16.97938	0	-16.97938	0.0977586	0.191358	0.0456267	0.252966	0.133957	0.0979116	2.25867	1.3916	1.21291
2450000	-15.47061	0	-15.47061	0.0647926	0.235618	0.271509	0.246259	0.107631	0.18029	0.758713	0.545166	0.193293
2460000	-25.7532	0	-25.7532	0.109524	0.0852233	0.106743	0.182689	0.160682	0.111726	1.30681	0.590847	0.0516513
2470000	-20.97154	0	-20.97154	0.230848	0.239914	0.240741	0.173338	0.174375	0.134871	2.28893	1.51477	0.753889
2480000	-17.67009	0	-17.67009	0.154639	0.183394	0.123506	0.248755	0.0509332	0.0712876	0.903194	1.65993	0.125562
2490000	-21.94724	0	-21.94724	0.123452	0.236065	0.0620072	0.455594	0.262692	0.19654	1.18524	1.02949	0.0127155
2500000	-19.62412	0	-19.62412	0.0873654	0.0683494	0.171942	0.476375	0.077242	0.157911	3.52117	2.51154	0.33278
2510000	-21.72288	0	-21.72288	0.267757	0.0959457	0.225143	0.463431	0.156379	0.0569876	3.3254	4.52965	0.356925
2520000	-20.56565	0	-20.56565	0.218238	0.141574	0.189436	0.246566	0.130268	0.0850374	0.307384	0.406745	0.0231607
2530000	-20.50675	0	-20.50675	0.12673	0.0877174	0.119298	0.286107	0.103361	0.0305821	1.00035	0.943296	0.0905017
2540000	-20.63989	0	-20.63989	0.171238	0.0843897	0.27218	0.423677	0.144078	0.225602	1.61865	0.603887	2.66269
2550000	-20.48653	0	-20.48653	0.103177	0.0887864	0.11284	0.18296	0.138143	0.140324	4.4023	0.36188	0.193893
2560000	-20.09485	0	-20.09485	0.251393	0.156593	0.143797	0.421466	0.107338	0.15228	0.530587	0.829364	0.225961
2570000	-13.44972	0	-13.44972	0.0839976	0.210623	0.136715	0.184375	0.0959758	0.122271	1.64667	0.454756	0.99735
2580000	-13.79503	0	-13.79503	0.110981	0.114649	0.17997	0.507208	0.107957	0.121251	1.59714	1.43337	0.316837
2590000	-17.16863	0	-17.16863	0.175397	0.161237	0.15717	0.262111	0.289964	0.0542575	1.67804	2.0635	0.268879
2600000	-21.07245	0	-21.07245	0.153886	0.0533669	0.228992	0.407992	0.121876	0.140344	1.07491	0.260147	0.112886
2610000	-20.50496	0	-20.50496	0.282593	0.192355	0.235478	0.19506	0.124677	0.110174	3.08998	3.47577	1.31572
2620000	-21.59355	0	-21.59355	0.106741	0.140371	0.260735	0.451537	0.228304	0.0593461	0.780705	0.153374	0.0627325
2630000	-17.85987	0	-17.85987	0.186632	0.0603485	0.271463	0.222516	0.150639	0.196234	1.56416	2.37126	0.111357
2640000	-24.71328	0	-24.71328	0.110687	0.0899301	0.0817016	0.324379	0.0552828	0.0952475	1.58508	0.713276	0.0354208
2650000	-17.0692	0	-17.0692	0.150251	0.0886987	0.083405	0.159278	0.194351	0.231406	2.55135	0.879671	0.407679
2660000	-18.99435	0	-18.99435	0.087448	0.101938	0.215742	0.230512	0.368196	0.132041	2.37904	0.899238	1.7152
2670000	-15.77541	0	-15.77541	0.141087	0.17533	0.117349	0.286884	0.2409	0.117838	1.2205	0.653112	0.898495
2680000	-13.1974	0	-13.1974	0.120939	0.180271	0.113706	0.367709	0.075275	0.0802535	0.975005	0.935611	0.550095
2690000	-16.94361	0	-16.94361	0.105504	0.120926	0.122329	0.152919	0.0930858	0.132851	2.95006	2.54474	1.09716
2700000	-20.17899	0	-20.17899	0.109213	0.144081	0.056733	0.556219	0.0826395	0.190244	4.01276	1.40938	0.310361
2710000	-26.71363	0	-26.71363	0.141666	0.0347389	0.152356	0.150603	0.102872	0.271353	2.30823	1.22592	0.0465418
2720000	-13.21912	0	-13.21912	0.110466	0.161029	0.183637	0.295826	0.0926493	0.126317	1.54188	2.18795	0.346571
2730000	-18.56824	0	-18.56824	0.114289	0.20042	0.164881	0.538862	0.0940977	0.110946	4.48551	0.857426	0.79172
2740000	-17.31004	0	-17.31004	0.168469	0.225798	0.187232	0.310479	0.079259	0.155424	2.73457	0.373358	0.404674
2750000	-15.50047	0	-15.50047	0.243551	0.227521	0.138584	0.336269	0.174154	0.104749	1.34239	2.45858	0.570021
2760000	-16.75487	0	-16.75487	0.0964164	0.0942809	0.156223	0.223068	0.278346	0.120758	1.85257	0.743426	0.215002
2770000	-25.75212	0	-25.75212	0.220993	0.26704	0.172705	0.146062	0.159022	0.168453	7.63351	3.566	0.20573
2780000	-23.71059	0	-23.71059	0.100127	0.116938	0.180127	0.131371	0.165175	0.0677969	4.12193	1.31969	0.147565
2790000	-17.49198	0	-17.49198	0.248133	0.145152	0.105146	0.173036	0.0829069	0.141474	0.799624	2.14499	0.691129
2800000	-16.94724	0	-16.94724	0.196018	0.165538	0.384376	0.149149	0.24104	0.0795655	1.21821	1.95823	0.269672
2810000	-20.38324	0	-20.38324	0.124469	0.161301	0.354309	0.304161	0.195186	0.218863	0.746968	1.35957	0.515303
2820000	-17.21765	0	-17.21765	0.154605	0.167141	0.0648603	0.333927	0.14014	0.0664369	1.24964	0.695848	1.36864
2830000	-18.25416	0	-18.25416	0.232124	0.313905	0.0924256	0.252473	0.201559	0.0928601	1.146	0.52615	0.575513
2840000	-18.58988	0	-18.58988	0.162684	0.131082	0.173196	0.466119	0.111454	0.0887103	3.24919	2.73907	1.60563
2850000	-17.99162	0	-17.99162	0.133256	0.269246	0.324539	0.18433	0.188283	0.17792	1.70127	0.356918	0.39454
2860000	-16.95622	0	-16.95622	0.207047	0.192995	0.316258	0.270058	0.146996	0.129483	1.55589	0.544138	0.471885
2870000	-17.84718	0	-17.84718	0.0657361	0.198376	0.0589209	0.316196	0.13193	0.172145	1.33426	1.67564	0.559933
2880000	-18.91749	0	-18.91749	0.0835018	0.103217	0.289648	0.434961	0.125828	0.162785	0.382551	0.635289	0.141611
2890000	-17.33947	0	-17.33947	0.272961	0.253896	0.184929	0.367722	0.0574787	0.22931	1.14018	1.90338	0.786556
2900000	-19.62588	0	-19.62588	0.16916	0.123021	0.522703	0.232576	0.183578	0.263179	2.60877	0.767566	1.43958
2910000	-18.24212	0	-18.24212	0.076194	0.176399	0.105236	0.236863	0.221123	0.0962483	1.04578	0.324289	2.2186
2920000	-18.3417	0	-18.3417	0.137984	0.287606	0.181443	0.253444	0.201003	0.17663	1.20275	1.62768	0.347088
2930000	-20.034	0	-20.034	0.0934395	0.305922	0.204614	0.21481	0.0606796	0.154206	1.01302	0.41012	0.598514
2940000	-17.60816	0	-17.60816	0.222666	0.157583	0.12503	0.553005	0.0907764	0.079962	2.08737	0.747587	0.211732
2950000	-20.14341	0	-20.14341	0.0525781	0.132491	0.211625	0.492997	0.125807	0.111314	2.60614	1.54919	0.690433
2960000	-15.67655	0	-15.67655	0.153378	0.149189	0.184903	0.287627	0.0866484	0.0866496	3.60019	2.33655	0.108484
2970000	-15.85052	0	-15.85052	0.119603	0.162621	0.259027	0.210661	0.0986731	0.162043	1.97203	0.962983	0.307374
2980000	-16.57052	0	-16.57052	0.131024	0.412782	0.211997	0.297816	0.128953	0.107176	1.37236	0.844081	0.152709
2990000	-19.34774	0	-19.34774	0.221418	0.219648	0.135798	0.277476	0.346599	0.122125	0.465505	2.942	1.75906
3000000	-21.54948	0	-21.54948	0.050202	0.249357	0.42953	0.234352	0.16799	0.148596	1.37627	1.13507	1.93591
3010000	-19.52596	0	-19.52596	0.148771	0.142722	0.104965	0.550436	0.0808966	0.0689516	1.25583	0.941993	0.0905975
3020000	-17.70005	0	-17.70005	0.118655	0.260812	0.0863005	0.188106	0.134202	0.155868	2.21127	1.85687	0.849098
3030000	-13.60221	0	-13.60221	0.140342	0.164628	0.145705	0.39434	0.154465	0.133049	0.802517	1.4431	0.141343
3040000	-23.81581	0	-23.81581	0.163184	0.154893	0.12974	0.251678	0.298263	0.212562	0.791936	5.55304	1.09838
3050000	-17.87743	0	-17.87743	0.0995598	0.156233	0.203622	0.139195	0.0639952	0.126696	0.755605	1.90584	0.464911
3060000	-26.95023	0	-26.95023	0.0663026	0.0472908	0.201513	0.0915737	0.132302	0.145918	3.18768	4.27878	0.0396295
3070000	-16.35604	0	-16.35604	0.214379	0.154981	0.158581	0.2474	0.120641	0.112952	1.78287	1.25012	0.0773401
3080000	-25.06593	0	-25.06593	0.0662919	0.194331	0.191493	0.114838	0.120122	0.202532	0.248408	0.233164	0.0266082
3090000	-20.9601	0	-20.9601	0.0902446	0.400019	0.120802	0.278862	0.235863	0.14963	1.03661	0.987398	0.0671969
3100000	-19.2283	0	-19.2283	0.107269	0.134367	0.188671	0.206318	0.0817757	0.0866241	1.31822	2.44524	0.126857
3110000	-15.28646	0	-15.28646	0.132465	0.162229	0.203912	0.179169	0.0895463	0.0765393	1.39981	0.323645	0.73252
3120000	-13.85889	0	-13.85889	0.143145	0.202972	0.158954	0.280216	0.069552	0.10786	1.47915	0.681397	0.271405
3130000	-21.55656	0	-21.55656	0.13467	0.112079	0.27955	0.260522	0.0288429	0.172804	1.009	0.903626	0.0118836
3140000	-17.08966	0	-17.08966	0.102267	0.223499	0.219324	0.322727	0.159715	0.0933289	2.81227	1.46698	0.294929
3150000	-15.90641	0	-15.90641	0.141415	0.123716	0.159937	0.326962	0.0769137	0.0365042	1.55309	0.533703	0.701727
3160000	-23.85257	0	-23.85257	0.141253	0.0916706	0.0437793	0.486394	0.210017	0.0947936	2.30802	4.67736	0.805288
3170000	-20.93939	0	-20.93939	0.215913	0.160788	0.290333	0.384998	0.170101	0.134026	1.36692	2.74319	1.37168
3180000	-15.24021	0	-15.24021	0.0977186	0.0957906	0.153602	0.265176	0.130229	0.1469	1.41046	2.55387	0.217775
3190000	-22.57553	0	-22.57553	0.110719	0.0866344	0.378228	0.328797	0.228714	0.188492	1.74755	2.9663	0.405123
3200000	-14.75948	0	-14.75948	0.0963279	0.139742	0.157247	0.350518	0.127378	0.175231	1.52699	0.688516	0.441823
3210000	-17.13911	0	-17.13911	0.115364	0.159754	0.272853	0.320981	0.118747	0.11002	2.27086	0.486023	1.2037
3220000	-18.01678	0	-18.01678	0.172472	0.09267	0.212249	0.301996	0.193663	0.175358	1.43415	0.591966	0.815148
3230000	-24.63473	0	-24.63473	0.0844346	0.151225	0.284224	0.265827	0.0940947	0.11554	1.17577	0.695588	0.126912
3240000	-23.62038	0	-23.62038	0.543151	0.17044	0.257692	0.265532	0.0755642	0.14427	1.98355	1.35008	1.20273
3250000	-21.6007	0	-21.6007	0.230341	0.289639	0.0782884	0.555753	0.107668	0.0807175	2.54661	1.43817	0.188555
3260000	-15.18029	0	-15.18029	0.14958	0.151386	0.0847996	0.201057	0.086849	0.0892202	1.47819	0.374454	0.223653
3270000	-18.77425	0	-18.77425	0.307243	0.121653	0.111208	0.12291	0.0975283	0.0753126	1.23636	0.33615	0.252291
3280000	-21.12532	0	-21.12532	0.177557	0.213503	0.0589899	0.51212	0.0933053	0.123535	2.15197	2.97237	2.82069
3290000	-20.2273	0	-20.2273	0.144055	0.103491	0.135981	0.357304	0.48851	0.142065	1.49953	1.20512	1.28548
3300000	-20.29532	0	-20.29532	0.0661977	0.161816	0.0992844	0.137934	0.138511	0.0945063	1.55303	0.973354	0.254747
3310000	-15.37911	0	-15.37911	0.223967	0.0716109	0.106881	0.224051	0.149423	0.0995687	1.37798	0.944496	0.511113
3320000	-20.73941	0	-20.73941	0.145202	0.0752743	0.348275	0.182207	0.161532	0.288257	1.33308	0.691315	0.856775
3330000	-20.10704	0	-20.10704	0.179243	0.0447012	0.0547337	0.178059	0.0492119	0.100738	0.514673	0.512015	0.247118
3340000	-20.48387	0	-20.48387	0.135308	0.122393	0.267789	0.369188	0.161137	0.0562416	1.60909	0.345956	0.105354
3350000	-15.46451	0	-15.46451	0.186851	0.128726	0.271098	0.152851	0.137471	0.145448	1.37559	1.08538	0.493182
3360000	-23.52875	0	-23.52875	0.172249	0.151726	0.192016	0.119414	0.188309	0.0653236	5.65085	0.33523	0.181487
3370000	-17.58334	0	-17.58334	0.117373	0.123191	0.0871779	0.495028	0.0915611	0.138059	3.0123	0.543699	0.51901
3380000	-16.41393	0	-16.41393	0.0705164	0.26818	0.114995	0.490514	0.0998299	0.177507	1.1907	0.692304	1.80907
3390000	-24.09057	0	-24.09057	0.0885769	0.122411	0.125741	0.317604	0.219708	0.213813	1.38655	2.84675	0.224367
3400000	-17.84523	0	-17.84523	0.137301	0.101789	0.217593	0.245861	0.167368	0.0650863	1.02156	0.216476	0.166435
3410000	-15.45275	0	-15.45275	0.0678817	0.13204	0.129925	0.236987	0.125668	0.0677397	2.5614	0.617978	1.84367
3420000	-12.56375	0	-12.56375	0.082272	0.208701	0.126048	0.378661	0.133847	0.134028	1.17404	1.26116	0.239502
3430000	-14.33771	0	-14.33771	0.141468	0.145379	0.173413	0.313344	0.151793	0.11768	1.57769	1.1628	0.843492
3440000	-17.33112	0	-17.33112	0.163877	0.135085	0.145649	0.238979	0.0815144	0.153668	0.292297	0.436879	0.327757
3450000	-19.55952	0	-19.55952	0.222021	0.199806	0.217216	0.39149	0.142508	0.163891	1.03504	0.559952	0.49748
3460000	-18.33864	0	-18.33864	0.277178	0.155584	0.135451	0.355346	0.116687	0.198281	1.55601	2.80183	2.59557
3470000	-13.70849	0	-13.70849	0.0521771	0.142113	0.17026	0.173583	0.0632206	0.137955	2.10313	1.56506	0.246167
3480000	-17.21779	0	-17.21779	0.195332	0.110801	0.120674	0.638968	0.22996	0.0879171	1.22913	1.69938	0.11276
3490000	-21.18496	0	-21.18496	0.0990994	0.0677203	0.0971817	0.542807	0.119083	0.212033	1.88391	0.595841	1.15947
3500000	-15.14375	0	-15.14375	0.137764	0.0618319	0.17675	0.622469	0.073208	0.055711	1.5831	0.632625	0.525955
3510000	-16.98503	0	-16.98503	0.0912052	0.120801	0.0694236	0.4098	0.118916	0.134731	1.54222	0.579201	1.87451
3520000	-19.37763	0	-19.37763	0.0799749	0.331435	0.213066	0.532967	0.259552	0.107975	1.38184	0.822597	1.31395
3530000	-23.03443	0	-23.03443	0.173288	0.223715	0.0577405	0.308275	0.063024	0.132486	4.16125	0.449124	0.116758
3540000	-18.78937	0	-18.78937	0.0930243	0.104813	0.285718	0.26584	0.11226	0.0854944	0.181742	0.283279	0.169894
3550000	-35.14728	0	-35.14728	0.0688286	0.242162	0.490905	0.13268	0.285982	0.118267	1.32808	0.788956	0.0452173
3560000	-17.03222	0	-17.03222	0.177169	0.222152	0.0879445	0.137557	0.0906188	0.14285	0.911925	0.927643	0.435857
3570000	-20.88745	0	-20.88745	0.0790433	0.234207	0.10979	0.268507	0.296591	0.0919086	0.846912	2.00713	1.40435
3580000	-20.47815	0	-20.47815	0.0621553	0.350031	0.309857	0.287925	0.159206	0.157523	0.629127	0.611637	0.370797
3590000	-19.63525	0	-19.63525	0.168278	0.182493	0.395798	0.200045	0.0819027	0.125713	1.8465	0.264026	0.295416
3600000	-28.20802	0	-28.20802	0.038762	0.189082	0.13123	0.188811	0.267606	0.061507	1.31859	0.293044	0.0192566
3610000	-20.06325	0	-20.06325	0.0856736	0.205074	0.0639283	0.37673	0.244603	0.0666993	2.68059	0.722732	0.247655
3620000	-19.7364	0	-19.7364	0.174922	0.0911518	0.229639	0.20721	0.185777	0.094218	5.60132	1.0035	1.51987
3630000	-17.76341	0	-17.76341	0.275841	0.202899	0.15428	0.268879	0.099431	0.212545	1.83231	3.60953	0.968406
3640000	-19.91785	0	-19.91785	0.134034	0.18722	0.164406	0.48616	0.277365	0.0644687	0.927406	3.21023	0.121121
3650000	-20.31929	0	-20.31929	0.357849	0.365651	0.129774	0.312178	0.183821	0.0944859	2.00345	1.65483	1.86722
3660000	-23.26704	0	-23.26704	0.242646	0.0940579	0.212703	0.591052	0.291306	0.0926556	2.22609	0.816269	0.567504
3670000	-19.67323	0	-19.67323	0.098498	0.588889	0.08309	0.297733	0.135686	0.111934	1.33423	1.3383	0.789358
3680000	-18.54681	0	-18.54681	0.0903054	0.188959	0.159022	0.182033	0.0864162	0.0901571	3.61275	0.170217	0.0740114
3690000	-16.67811	0	-16.67811	0.0922238	0.234615	0.138079	0.228834	0.0828459	0.0818412	2.66188	1.06538	1.88262
3700000	-21.08817	0	-21.08817	0.0509757	0.14947	0.221242	0.232374	0.186728	0.112322	0.501975	0.657788	0.187096
3710000	-22.96384	0	-22.96384	0.310216	0.101767	0.0739158	0.373649	0.0994986	0.0918763	6.25729	0.351395	0.0486952
3720000	-20.08631	0	-20.08631	0.122051	0.0787727	0.214331	0.244722	0.0770659	0.325551	0.229791	1.19605	2.1908
3730000	-15.44978	0	-15.44978	0.0996141	0.123394	0.235735	0.173453	0.0920673	0.141786	2.48857	1.66204	1.08771
3740000	-18.20562	0	-18.20562	0.0968273	0.117006	0.186353	0.30092	0.152757	0.0605516	0.544951	1.00032	0.152853
3750000	-24.43077	0	-24.43077	0.154549	0.285207	0.108128	0.380159	0.163375	0.110967	7.24065	3.38118	0.533025
3760000	-18.59945	0	-18.59945	0.117752	0.215117	0.131131	0.372454	0.265773	0.124783	1.58304	1.23422	4.8892
3770000	-26.58028	0	-26.58028	0.304672	0.122771	0.167189	0.32162	0.100636	0.154617	3.25508	3.41315	1.71215
3780000	-18.7785	0	-18.7785	0.0699962	0.0323246	0.361262	0.320339	0.131734	0.0483914	1.5518	1.25101	0.323283
3790000	-19.32174	0	-19.32174	0.163227	0.174869	0.206606	0.0804125	0.129103	0.0540703	2.39603	2.42089	0.810804
3800000	-21.55487	0	-21.55487	0.172718	0.14506	0.262465	0.212326	0.0276057	0.103839	1.58735	0.252441	1.48362
3810000	-21.2515	0	-21.2515	0.0396324	0.223175	0.198969	0.391641	0.179909	0.0910174	1.147	1.59622	1.61172
3820000	-17.74217	0	-17.74217	0.153067	0.14778	0.0626317	0.147048	0.0614945	0.0582893	0.356418	0.710087	1.2033
3830000	-21.78097	0	-21.78097	0.126577	0.169719	0.0720306	0.586859	0.0903236	0.046703	3.34936	0.965447	0.385378
3840000	-17.62233	0	-17.62233	0.0419773	0.0961673	0.126048	0.400318	0.107908	0.095657	1.14323	1.54339	0.0939227
3850000	-23.33796	0	-23.33796	0.130418	0.138385	0.254846	0.226509	0.103169	0.0789859	0.469197	0.410248	0.0580783
3860000	-17.37694	0	-17.37694	0.0660061	0.0705006	0.150582	0.276731	0.138242	0.0653442	1.22905	0.26801	0.260113
3870000	-19.27554	0	-19.27554	0.250892	0.231834	0.239364	0.237486	0.116639	0.125464	1.10166	1.6492	0.122623
3880000	-20.24565	0	-20.24565	0.0876573	0.165913	0.127918	0.423239	0.138345	0.167707	1.37399	1.11667	0.0480934
3890000	-19.12631	0	-19.12631	0.20845	0.161709	0.0620039	0.403241	0.0769927	0.0415643	1.83266	0.190039	1.50125
3900000	-15.92708	0	-15.92708	0.173627	0.166653	0.245662	0.299102	0.0764374	0.160386	3.10918	1.21005	0.597978
3910000	-21.76047	0	-21.76047	0.15134	0.0827233	0.436541	0.271059	0.256375	0.161165	1.38455	0.356121	0.970675
3920000	-15.89979	0	-15.89979	0.157299	0.374019	0.0681002	0.174838	0.0620377	0.0934602	1.06842	0.363295	0.993854
3930000	-28.20826	0	-28.20826	0.26248	0.206923	0.0884911	0.594164	0.0967837	0.243158	7.54403	2.34388	0.836308
3940000	-20.20665	0	-20.20665	0.055265	0.155429	0.212821	0.123742	0.225758	0.19429	0.577548	0.836994	0.285037
3950000	-14.36122	0	-14.36122	0.190862	0.140582	0.188057	0.233837	0.066983	0.0947826	0.870633	0.753455	0.78839
3960000	-20.84206	0	-20.84206	0.104116	0.166223	0.498386	0.423862	0.0821554	0.163855	1.14767	0.663412	2.01566
3970000	-18.74853	0	-18.74853	0.152393	0.250913	0.210999	0.529207	0.141345	0.0595421	1.72025	2.65657	0.944393
3980000	-16.56534	0	-16.56534	0.0923995	0.105764	0.10114	0.344601	0.15956	0.0522943	1.17774	0.297468	0.912509
3990000	-16.7965	0	-16.7965	0.118692	0.187042	0.095892	0.188007	0.105658	0.0999499	1.7855	1.35051	0.584958
4000000	-19.5143	0	-19.5143	0.451439	0.24908	0.223777	0.288332	0.103518	0.178049	1.90801	1.01983	0.617032
4010000	-17.4555	0	-17.4555	0.13786	0.144794	0.216864	0.123312	0.0801428	0.189491	0.983248	1.50397	0.872395
4020000	-16.86451	0	-16.86451	0.0831421	0.247505	0.25088	0.364712	0.112211	0.106755	1.41702	0.938213	0.72693
4030000	-15.058	0	-15.058	0.0990799	0.167303	0.343341	0.152112	0.127744	0.065377	1.3087	0.616524	0.670426
4040000	-17.29421	0	-17.29421	0.068932	0.170796	0.216563	0.479313	0.0905111	0.110337	0.807089	0.868587	0.243003
4050000	-16.17469	0	-16.17469	0.211028	0.0913106	0.153841	0.35843	0.090899	0.0830844	0.841724	0.842767	0.208859
4060000	-25.32632	0	-25.32632	0.212068	0.308606	0.151075	0.272346	0.054258	0.0803592	2.19402	1.11025	0.0868112
4070000	-17.1354	0	-17.1354	0.115691	0.249842	0.14864	0.217628	0.117326	0.0823308	3.43096	1.38256	2.41127
4080000	-20.94276	0	-20.94276	0.127241	0.124279	0.168356	0.273592	0.0912787	0.0608227	1.2547	0.554102	0.118657
4090000	-20.92657	0	-20.92657	0.108005	0.0865503	0.0765305	0.576599	0.193824	0.304742	1.85353	2.35544	0.350123
4100000	-21.88396	0	-21.88396	0.100368	0.21531	0.341187	0.268749	0.160789	0.116065	5.25811	0.275203	0.376528
4110000	-18.29549	0	-18.29549	0.0844111	0.11257	0.212418	0.165024	0.11074	0.107538	1.98836	2.39804	0.119221
4120000	-29.48019	0	-29.48019	0.14404	0.161028	0.111189	0.462739	0.14785	0.0874767	0.794775	0.64847	0.0235139
4130000	-19.50527	0	-19.50527	0.153904	0.111799	0.3002	0.275945	0.166566	0.234806	1.87509	1.29824	0.461811
4140000	-15.07617	0	-15.07617	0.235454	0.1564	0.102842	0.397434	0.0609489	0.13037	1.30851	0.849947	1.43624
4150000	-19.06183	0	-19.06183	0.134801	0.202257	0.171522	0.272004	0.0762278	0.131774	1.21407	1.11679	4.07896
4160000	-22.13259	0	-22.13259	0.066694	0.163644	0.205131	0.426941	0.0983133	0.192195	3.50946	0.997547	0.046466
4170000	-18.48346	0	-18.48346	0.0625555	0.0998503	0.0858475	0.304631	0.135608	0.0824641	0.771388	0.348247	1.44191
4180000	-17.00859	0	-17.00859	0.252231	0.177672	0.128567	0.242945	0.118646	0.0440019	1.10405	0.703216	0.112867
4190000	-21.27393	0	-21.27393	0.487884	0.381342	0.0802479	0.190333	0.20785	0.154134	2.32683	0.673178	0.260404
4200000	-18.51687	0	-18.51687	0.0887666	0.107067	0.415881	0.217401	0.163521	0.15715	1.24687	3.20383	0.0775282
4210000	-18.95311	0	-18.95311	0.0759611	0.19359	0.131645	0.210154	0.193208	0.0525168	2.65496	1.08401	0.35014
4220000	-16.4743	0	-16.4743	0.0627809	0.0753295	0.310885	0.225818	0.0760082	0.0609363	2.23008	1.20161	0.0624076
4230000	-21.63811	0	-21.63811	0.0713933	0.0884968	0.54724	0.168924	0.178688	0.087958	0.73754	2.01205	0.573649
4240000	-15.68969	0	-15.68969	0.117314	0.141923	0.0828405	0.336031	0.101301	0.0560563	0.875556	0.63049	2.40393
4250000	-17.14381	0	-17.14381	0.066867	0.155644	0.205193	0.474753	0.132574	0.07505	1.34532	0.756166	0.198753
4260000	-26.0644	0	-26.0644	0.0770947	0.0990301	0.230313	0.146582	0.10733	0.0617473	0.415821	0.307393	0.0384699
4270000	-17.68033	0	-17.68033	0.0813702	0.403799	0.19941	0.245771	0.0887176	0.129531	2.40745	1.86243	3.16459
4280000	-18.55746	0	-18.55746	0.0898031	0.269228	0.221533	0.381149	0.109584	0.0588358	2.3931	2.29009	1.05926
4290000	-18.09904	0	-18.09904	0.0948293	0.0907579	0.338788	0.267012	0.100681	0.0592821	1.789	0.505157	1.07606
4300000	-21.67275	0	-21.67275	0.0882825	0.230297	0.0715534	0.125583	0.506219	0.130134	2.91802	0.562404	0.124436
4310000	-19.11166	0	-19.11166	0.191733	0.346969	0.0473172	0.38118	0.0800873	0.149762	2.38106	0.494367	0.288676
4320000	-23.64685	0	-23.64685	0.10201	0.369167	0.26414	0.11812	0.123479	0.133264	6.16196	0.390815	0.93253
4330000	-15.20733	0	-15.20733	0.0959622	0.0975308	0.167274	0.244212	0.175699	0.132342	1.40963	1.70546	1.34011
4340000	-15.54449	0	-15.54449	0.197161	0.11994	0.109412	0.440709	0.169754	0.172499	0.751292	0.772255	0.611214
4350000	-20.03503	0	-20.03503	0.135803	0.0859008	0.0894566	0.455799	0.181148	0.111779	2.39967	0.929082	1.15004
4360000	-25.49633	0	-25.49633	0.0786942	0.559478	0.365469	0.262523	0.129425	0.266877	1.93206	0.959245	0.229014
4370000	-17.70048	0	-17.70048	0.255827	0.135966	0.143155	0.303173	0.0934404	0.141584	0.480595	0.56602	2.57612
4380000	-18.71822	0	-18.71822	0.143503	0.0810134	0.156519	0.588219	0.204366	0.0793911	1.71719	0.84237	0.135614
4390000	-22.73185	0	-22.73185	0.344802	0.106179	0.0847334	0.298107	0.206036	0.130049	1.59314	0.966973	0.540377
4400000	-17.21551	0	-17.21551	0.0447183	0.159479	0.100966	0.15193	0.210281	0.138996	1.44496	0.909909	0.544821
4410000	-18.15505	0	-18.15505	0.100257	0.297869	0.0744855	0.449329	0.0909535	0.0607616	0.819532	1.59418	1.18334
4420000	-14.48108	0	-14.48108	0.16726	0.178643	0.10646	0.195009	0.176152	0.129702	2.86528	1.59817	0.278318
4430000	-16.91591	0	-16.91591	0.134726	0.137808	0.147761	0.361928	0.102704	0.176389	1.15601	0.45602	0.368908
4440000	-27.10705	0	-27.10705	0.0826577	0.119415	0.350851	0.186506	0.38461	0.20197	1.30047	0.392104	0.124965
4450000	-20.40115	0	-20.40115	0.216737	0.241836	0.159909	0.380509	0.0903255	0.291938	1.26898	1.61576	1.25892
4460000	-26.31614	0	-26.31614	0.179406	0.187095	0.128406	0.292757	0.0849629	0.301376	0.72709	0.571962	0.0754207
4470000	-20.09647	0	-20.09647	0.120518	0.307918	0.177121	0.358692	0.292771	0.21008	2.96287	0.39053	1.38896
4480000	-18.8237	0	-18.8237	0.19993	0.195244	0.165095	0.177867	0.0745121	0.109037	2.5004	1.31061	0.0911765
4490000	-15.29386	0	-15.29386	0.0957833	0.096821	0.183998	0.361862	0.0922341	0.0948578	1.41982	1.26517	0.8281
4500000	-15.71322	0	-15.71322	0.102566	0.121366	0.273379	0.204617	0.0647193	0.0921061	0.481528	0.549739	1.97214
4510000	-22.46519	0	-22.46519	0.0867874	0.188224	0.0724313	0.555386	0.172708	0.0683801	0.913911	2.54941	0.195585
4520000	-17.18533	0	-17.18533	0.197584	0.103902	0.141526	0.395956	0.118986	0.0911858	2.13663	1.19005	0.0605182
4530000	-20.18175	0	-20.18175	0.168972	0.273598	0.157092	0.172865	0.0945512	0.281453	0.900694	0.692049	0.167505
4540000	-20.199	0	-20.199	0.127349	0.174066	0.228733	0.5608	0.141943	0.126642	1.2177	1.73445	1.26694
4550000	-22.61242	0	-22.61242	0.106284	0.174435	0.135465	0.152194	0.19495	0.0264713	2.96175	1.20493	0.0524469
4560000	-16.81635	0	-16.81635	0.0904149	0.158026	0.211472	0.189679	0.0616492	0.111686	1.80232	1.28726	0.207603
4570000	-20.83354	0	-20.83354	0.315817	0.189081	0.120121	0.342436	0.0912336	0.152813	1.80434	2.92599	0.037167
4580000	-22.69783	0	-22.69783	0.0862234	0.197448	0.127081	0.404727	0.250323	0.206103	0.676687	0.479078	1.01978
4590000	-19.57636	0	-19.57636	0.177923	0.228683	0.0643039	0.172756	0.0699811	0.153944	2.60787	1.3795	0.463333
4600000	-22.49117	0	-22.49117	0.131612	0.282017	0.145941	0.413554	0.0301027	0.18443	0.483234	0.752651	2.79975
4610000	-22.73671	0	-22.73671	0.345372	0.212742	0.130116	0.63072	0.260003	0.0715658	1.2111	2.59147	0.36392
4620000	-15.32178	0	-15.32178	0.0972427	0.171661	0.117388	0.205579	0.0846644	0.0912955	2.51309	1.11837	0.22903
4630000	-17.75582	0	-17.75582	0.121541	0.170075	0.0930856	0.535495	0.132088	0.120682	2.49635	2.12393	0.394397
4640000	-18.1051	0	-18.1051	0.122931	0.220964	0.234418	0.405499	0.134893	0.107286	2.25638	0.9698	0.223397
4650000	-22.16625	0	-22.16625	0.279134	0.112928	0.145414	0.210298	0.105818	0.115297	0.366438	0.952131	1.32745
4660000	-16.49604	0	-16.49604	0.0978634	0.266427	0.301421	0.31089	0.0965632	0.188441	1.30743	0.977472	1.12
4670000	-20.80904	0	-20.80904	0.139732	0.100882	0.0656679	0.570657	0.112781	0.107357	3.18356	2.45416	3.70565
4680000	-23.27429	0	-23.27429	0.29267	0.24246	0.135933	0.138468	0.183581	0.142771	6.35412	0.701392	0.98932
4690000	-18.01462	0	-18.01462	0.220149	0.134522	0.326075	0.299028	0.113372	0.076975	1.43527	3.50685	0.240632
4700000	-23.7934	0	-23.7934	0.263267	0.118332	0.269054	0.339693	0.191458	0.151205	2.17123	0.672055	0.0428183
4710000	-15.57977	0	-15.57977	0.0843643	0.173347	0.119598	0.260006	0.176067	0.0471309	0.595734	1.02996	0.491364
4720000	-18.08915	0	-18.08915	0.164196	0.257108	0.0851191	0.164064	0.120577	0.121648	3.61254	0.516814	1.38169
4730000	-18.99	0	-18.99	0.152925	0.238382	0.220213	0.44329	0.138122	0.0490026	1.58989	1.3829	2.09037
4740000	-21.01547	0	-21.01547	0.112557	0.15831	0.260354	0.158195	0.160956	0.0584619	1.41173	1.12958	0.717749
4750000	-16.26045	0	-16.26045	0.090939	0.150354	0.227528	0.192764	0.210615	0.103907	3.16829	1.46433	0.645045
4760000	-18.8316	0	-18.8316	0.128305	0.143465	0.199638	0.336514	0.200374	0.0536957	3.26731	1.85118	1.58118
4770000	-20.29582	0	-20.29582	0.158906	0.0874258	0.211292	0.415222	0.0524211	0.164335	3.39765	0.586579	0.104331
4780000	-16.60168	0	-16.60168	0.149521	0.152844	0.0890475	0.186663	0.126016	0.0968887	1.13189	4.20111	2.09412
4790000	-19.23942	0	-19.23942	0.0718215	0.114239	0.121892	0.40933	0.263743	0.217886	2.1088	0.950445	0.342473
4800000	-17.17628	0	-17.17628	0.0875509	0.135923	0.121884	0.505846	0.0914389	0.0867074	2.2458	0.328904	0.0362331
4810000	-15.14396	0	-15.14396	0.0426506	0.321828	0.125058	0.318563	0.152114	0.0723572	1.75391	0.591511	0.212392
4820000	-19.27942	0	-19.27942	0.119676	0.193583	0.265382	0.131273	0.106202	0.150099	1.44763	1.01539	0.446228
4830000	-24.24753	0	-24.24753	0.0656966	0.156272	0.175252	0.232127	0.3371	0.131828	1.50766	1.55472	0.305852
4840000	-21.2153	0	-21.2153	0.390226	0.081889	0.280354	0.272078	0.128923	0.167389	1.553	1.27388	0.196327
4850000	-14.98741	0	-14.98741	0.133556	0.171983	0.089634	0.334628	0.121635	0.153738	1.95747	0.873924	0.0864122
4860000	-19.18603	0	-19.18603	0.154675	0.391489	0.13343	0.121138	0.106683	0.18355	1.67994	1.67498	1.91062
4870000	-26.74866	0	-26.74866	0.0368958	0.413058	0.242645	0.169068	0.0469948	0.138892	2.68051	1.71822	1.80204
4880000	-22.05193	0	-22.05193	0.0884904	0.164432	0.202875	0.189132	0.174602	0.144699	5.74114	1.2954	0.349726
4890000	-15.32613	0	-15.32613	0.151064	0.28044	0.213319	0.346314	0.111314	0.193308	1.01493	0.941577	1.04222
4900000	-18.43661	0	-18.43661	0.135971	0.0834529	0.155949	0.241315	0.0943192	0.165073	1.18246	1.3058	1.41004
4910000	-17.66169	0	-17.66169	0.242139	0.214598	0.170273	0.391309	0.128734	0.0898547	2.13565	0.506351	0.311644
4920000	-20.32078	0	-20.32078	0.168529	0.108483	0.203435	0.345639	0.125963	0.225032	1.80053	0.709764	1.70114
4930000	-21.32657	0	-21.32657	0.140127	0.178237	0.248214	0.439994	0.239779	0.0657716	2.3774	0.774571	2.00387
4940000	-25.55788	0	-25.55788	0.486439	0.156513	0.352526	0.525811	0.116909	0.0757552	1.22996	1.1009	0.403582
4950000	-19.97635	0	-19.97635	0.157687	0.0876402	0.136657	0.237694	0.0748564	0.099411	4.46595	1.34543	2.48926
4960000	-21.68353	0	-21.68353	0.122579	0.192158	0.660594	0.290851	0.119851	0.140645	2.15409	0.929853	0.737748
4970000	-16.46454	0	-16.46454	0.16393	0.279564	0.0718661	0.365966	0.0736744	0.131062	1.11376	1.98339	1.32086
4980000	-16.18086	0	-16.18086	0.141518	0.152201	0.107983	0.331773	0.0877255	0.140383	1.37771	0.778059	1.03877
4990000	-22.21689	0	-22.21689	0.0674103	0.0633256	0.212968	0.186415	0.122575	0.0665719	6.13556	0.256416	0.148851
5000000	-18.21133	0	-18.21133	0.154264	0.157303	0.172206	0.323606	0.108861	0.0898275	1.21743	0.361695	0.513429
