Iteration	Posterior	Likelihood	Prior	lambda[1]	lambda[2]	lambda[3]	mu[1]	mu[2]	mu[3]	psi[1]	psi[2]	psi[3]
0	-45.28362	0	-45.28362	0.0664863	0.118309	0.0573729	0.145257	0.194107	0.359352	0.370992	1.72723	0.891978
10000	-25.08005	0	-25.08005	0.131099	0.153466	0.396635	0.11052	0.0935734	0.19292	1.6572	0.926632	0.307842
20000	-22.89157	0	-22.89157	0.104386	0.108535	0.232723	0.241965	0.141966	0.207312	1.69498	2.52507	1.39192
30000	-20.22832	0	-20.22832	0.0736615	0.172412	0.139206	0.185714	0.138519	0.0886407	1.33376	2.46002	1.44501
40000	-23.56172	0	-23.56172	0.0849208	0.0727446	0.243429	0.278748	0.124042	0.191478	0.33471	3.22852	2.51781
50000	-22.82048	0	-22.82048	0.105113	0.166745	0.317056	0.169347	0.10094	0.26121	0.357937	1.26779	0.267975
60000	-20.76907	0	-20.76907	0.0551654	0.0969799	0.176038	0.172696	0.084288	0.210508	0.304469	2.11034	2.2639
70000	-20.24523	0	-20.24523	0.169512	0.0930414	0.221011	0.116282	0.180241	0.121257	0.922082	0.594436	0.685008
80000	-22.23599	0	-22.23599	0.059729	0.0681478	0.142185	0.264727	0.0837417	0.224673	3.21789	2.02874	0.4711
90000	-21.82774	0	-21.82774	0.170358	0.112563	0.154644	0.075519	0.0766186	0.0682015	1.44583	0.167151	0.984226
100000	-24.99291	0	-24.99291	0.105949	0.0420479	0.177434	0.132817	0.170991	0.0942608	4.42661	2.12874	1.07988
110000	-21.98819	0	-21.98819	0.10878	0.12433	0.23039	0.221515	0.251894	0.13152	0.502693	1.55206	0.576991
120000	-23.13016	0	-23.13016	0.147868	0.0567093	0.193989	0.202552	0.0653538	0.166244	2.19082	1.8824	0.609696
130000	-20.85588	0	-20.85588	0.133309	0.113559	0.118983	0.104909	0.127146	0.0740381	1.44166	1.12613	1.59583
140000	-26.48681	0	-26.48681	0.202135	0.194264	0.269151	0.180077	0.0525805	0.0862966	2.98256	3.37824	2.2432
150000	-22.05859	0	-22.05859	0.042568	0.189913	0.152559	0.117558	0.177196	0.0852985	1.14668	2.14833	2.43601
160000	-27.77563	0	-27.77563	0.0983615	0.234851	0.241962	0.122992	0.1056	0.0468521	0.214642	0.177532	1.69769
170000	-23.79833	0	-23.79833	0.0335715	0.119722	0.336629	0.186737	0.0594778	0.125952	0.887539	1.61014	1.06143
180000	-25.25679	0	-25.25679	0.163845	0.213298	0.314201	0.188353	0.20939	0.0790359	1.51952	2.70673	1.33369
190000	-20.17907	0	-20.17907	0.134271	0.117207	0.149979	0.275762	0.119783	0.0805028	2.45768	1.51276	0.799387
200000	-20.82906	0	-20.82906	0.0709731	0.0779819	0.09119	0.217078	0.114882	0.148373	2.52277	1.08579	1.15467
210000	-33.66353	0	-33.66353	0.212917	0.0883799	0.0667381	0.468934	0.153109	0.0781611	0.49393	1.63958	0.139327
220000	-24.70587	0	-24.70587	0.280337	0.103326	0.138157	0.181254	0.28384	0.0729535	1.90259	1.99354	1.46204
230000	-21.28304	0	-21.28304	0.138859	0.262932	0.132445	0.177523	0.177854	0.147134	1.03363	1.1726	0.609535
240000	-17.69501	0	-17.69501	0.0649024	0.122778	0.123926	0.190542	0.0939388	0.157597	0.793989	0.695565	1.35321
250000	-19.9597	0	-19.9597	0.0598892	0.0853022	0.227312	0.156309	0.0991309	0.148381	2.69094	0.485698	0.332141
260000	-16.80849	0	-16.80849	0.145296	0.103836	0.231508	0.274002	0.113829	0.150144	0.774543	1.01085	1.28701
270000	-19.78395	0	-19.78395	0.0720869	0.110298	0.139595	0.156412	0.0723618	0.283354	1.79806	0.493855	0.52644
280000	-26.91314	0	-26.91314	0.187109	0.164948	0.170418	0.0733632	0.115585	0.0648393	0.846513	1.42259	1.34334
290000	-27.36233	0	-27.36233	0.226909	0.170852	0.175017	0.146828	0.126901	0.142602	1.46131	1.8872	2.33141
300000	-21.75006	0	-21.75006	0.285077	0.0751959	0.155889	0.220979	0.072534	0.108654	2.37244	0.676424	1.19045
310000	-21.08846	0	-21.08846	0.127565	0.150709	0.150944	0.246526	0.0980534	0.153707	3.56787	1.9493	0.354133
320000	-23.26843	0	-23.26843	0.0830263	0.211433	0.0696461	0.251001	0.145794	0.121697	0.72516	1.6627	1.99197
330000	-21.84013	0	-21.84013	0.0609599	0.145141	0.160971	0.117256	0.229897	0.136256	0.257677	0.278072	1.06713
340000	-29.39385	0	-29.39385	0.136193	0.195573	0.238405	0.215088	0.0596453	0.0591464	0.963279	4.92322	3.60798
350000	-28.03829	0	-28.03829	0.102365	0.204375	0.054184	0.281516	0.143383	0.0483968	0.958018	4.62419	0.622029
360000	-21.17788	0	-21.17788	0.0782599	0.131489	0.215545	0.114979	0.0651044	0.116971	0.641012	1.09781	0.28123
370000	-22.21704	0	-22.21704	0.0695843	0.125567	0.111995	0.257728	0.110346	0.155741	0.303415	1.0026	0.293707
380000	-18.39129	0	-18.39129	0.0569357	0.0954884	0.166939	0.214969	0.103769	0.133552	2.50081	0.680067	0.748771
390000	-20.40183	0	-20.40183	0.0910238	0.159426	0.248934	0.161324	0.0909435	0.147134	1.47265	0.727467	0.6958
400000	-20.90772	0	-20.90772	0.0714007	0.109932	0.0770947	0.137639	0.142617	0.103134	1.63174	1.35375	0.873267
410000	-26.32366	0	-26.32366	0.385166	0.0653357	0.341858	0.238128	0.15891	0.208409	3.49026	2.04082	1.33763
420000	-20.93734	0	-20.93734	0.0974541	0.0671543	0.307647	0.125655	0.0762529	0.172343	1.26247	0.449849	1.1497
430000	-18.30581	0	-18.30581	0.0797337	0.075376	0.147226	0.32235	0.0419309	0.0986609	0.480554	0.979971	1.73176
440000	-18.80029	0	-18.80029	0.15104	0.121049	0.130516	0.168466	0.0741736	0.14809	0.58332	0.890068	0.832685
450000	-25.00279	0	-25.00279	0.045762	0.17379	0.220016	0.25768	0.118175	0.188521	2.85904	0.411292	0.107455
460000	-21.32181	0	-21.32181	0.162333	0.120331	0.258322	0.174599	0.0687251	0.192643	3.49349	1.54632	2.81795
470000	-21.8762	0	-21.8762	0.155872	0.0992228	0.193431	0.126065	0.222407	0.151235	1.15122	0.228279	2.27689
480000	-20.95606	0	-20.95606	0.146994	0.0868929	0.337975	0.394757	0.122847	0.166729	2.33726	0.838146	1.65529
490000	-22.80739	0	-22.80739	0.136635	0.0796811	0.121228	0.21524	0.188845	0.137406	2.37878	0.645708	1.70129
500000	-20.31067	0	-20.31067	0.13184	0.155589	0.15179	0.245731	0.0418478	0.265737	2.81379	0.949273	1.88214
510000	-19.02034	0	-19.02034	0.0869784	0.11225	0.173452	0.156435	0.165159	0.104459	0.693391	1.83452	0.403235
520000	-27.15976	0	-27.15976	0.177566	0.185137	0.242198	0.0947722	0.139315	0.0725716	4.09791	3.05708	2.7069
530000	-19.16826	0	-19.16826	0.166487	0.0939052	0.108434	0.225923	0.103183	0.127828	1.42323	0.598452	1.58728
540000	-20.96634	0	-20.96634	0.143947	0.105367	0.286941	0.302063	0.179939	0.142715	0.654888	2.54058	1.34142
550000	-26.86967	0	-26.86967	0.0848309	0.0475226	0.0667222	0.342848	0.0830685	0.0936411	1.25919	2.71769	0.220069
560000	-26.71945	0	-26.71945	0.251975	0.0537583	0.126484	0.105993	0.115974	0.121918	5.11032	2.68578	1.78697
570000	-25.03821	0	-25.03821	0.237054	0.150876	0.0819665	0.139355	0.0961269	0.195151	1.82664	0.262617	0.762715
580000	-21.97311	0	-21.97311	0.0889128	0.102404	0.574794	0.152673	0.200311	0.163822	1.49217	1.35125	0.934619
590000	-20.46564	0	-20.46564	0.0823682	0.0956601	0.176004	0.18146	0.0876093	0.186708	0.733489	1.72257	1.04133
600000	-22.05685	0	-22.05685	0.143216	0.0894276	0.115571	0.135372	0.130766	0.379802	0.912681	1.14076	1.47364
610000	-26.48816	0	-26.48816	0.276361	0.171796	0.21031	0.345602	0.199794	0.099778	0.151976	0.883719	0.706986
620000	-26.52244	0	-26.52244	0.14765	0.164211	0.467285	0.167774	0.145084	0.124661	0.592577	1.44489	1.34567
630000	-23.1613	0	-23.1613	0.174325	0.112584	0.113811	0.152008	0.179836	0.0748029	2.10118	1.50255	0.696046
640000	-24.21993	0	-24.21993	0.0700862	0.187174	0.255368	0.233055	0.146988	0.0894198	4.65786	2.3597	0.472304
650000	-21.42671	0	-21.42671	0.0850122	0.199229	0.262268	0.0986987	0.19167	0.182422	0.363867	1.17718	1.70284
660000	-19.86269	0	-19.86269	0.075461	0.048976	0.124243	0.300845	0.0906976	0.118501	1.15358	0.942598	0.222208
670000	-21.95976	0	-21.95976	0.0954656	0.112103	0.268589	0.151938	0.169181	0.145378	0.226172	0.502681	0.553321
680000	-20.3845	0	-20.3845	0.0688098	0.131913	0.193173	0.219137	0.145976	0.0772061	3.47595	0.691214	1.55357
690000	-24.13723	0	-24.13723	0.0776328	0.0794084	0.0799892	0.094209	0.176069	0.0663722	0.430484	2.63612	0.117162
700000	-27.98895	0	-27.98895	0.156312	0.223225	0.351397	0.197458	0.104839	0.0917738	1.89598	1.09167	2.45128
710000	-20.91539	0	-20.91539	0.132268	0.141936	0.173584	0.127304	0.0747001	0.0864392	0.411237	2.09286	0.390574
720000	-21.2002	0	-21.2002	0.0775065	0.0341582	0.433401	0.184335	0.09388	0.205799	0.627443	0.362678	0.592849
730000	-18.36458	0	-18.36458	0.113605	0.148762	0.0991931	0.158874	0.107093	0.170904	0.91005	1.45448	1.79209
740000	-34.39393	0	-34.39393	0.135108	0.0531559	0.202507	0.192077	0.246014	0.0600393	2.3337	1.27655	0.137449
750000	-20.64084	0	-20.64084	0.0838277	0.152092	0.111991	0.378504	0.122358	0.0676707	1.57025	0.948796	0.251289
760000	-25.04951	0	-25.04951	0.162252	0.0595652	0.223405	0.337099	0.0602692	0.202509	1.67105	2.21047	0.419879
770000	-20.23772	0	-20.23772	0.0944452	0.0683793	0.280488	0.170222	0.0551229	0.189201	0.589338	0.658446	1.41225
780000	-26.45339	0	-26.45339	0.41527	0.120427	0.223412	0.184649	0.0703558	0.0585891	0.328797	1.1993	2.06259
790000	-28.25791	0	-28.25791	0.15008	0.0839309	0.0540284	0.529192	0.170869	0.260019	0.773372	1.38728	1.16597
800000	-24.95722	0	-24.95722	0.106165	0.0992502	0.0998883	0.267038	0.250039	0.118082	0.589162	0.587534	1.235
810000	-20.55032	0	-20.55032	0.0875743	0.0768853	0.206806	0.0888827	0.1143	0.122244	0.683538	0.316287	0.344124
820000	-23.05431	0	-23.05431	0.0536785	0.120212	0.272418	0.142122	0.0845464	0.0730554	3.12728	2.64657	0.896388
830000	-21.58073	0	-21.58073	0.0951539	0.0555144	0.0839623	0.182009	0.12341	0.105547	0.761735	0.719954	1.03233
840000	-20.85168	0	-20.85168	0.106287	0.149923	0.389277	0.127894	0.121808	0.23092	2.54696	0.550048	1.4654
850000	-23.61727	0	-23.61727	0.133784	0.204741	0.178241	0.170654	0.0755473	0.0458617	3.05694	0.590372	0.578578
860000	-27.88128	0	-27.88128	0.162423	0.230516	0.192906	0.703966	0.284579	0.135824	1.13674	2.44623	0.235364
870000	-18.21585	0	-18.21585	0.0995769	0.130217	0.167237	0.194917	0.086462	0.0910975	0.787766	1.18468	1.58036
880000	-23.16719	0	-23.16719	0.121446	0.105042	0.0714184	0.158085	0.114252	0.0954051	0.549271	0.665275	0.150016
890000	-22.0343	0	-22.0343	0.120544	0.210216	0.127823	0.479512	0.0846648	0.0759508	0.245364	1.53734	1.08423
900000	-23.19119	0	-23.19119	0.221964	0.0856566	0.132484	0.152697	0.0495529	0.0961734	1.37883	0.538372	0.527257
910000	-23.16255	0	-23.16255	0.0906075	0.104427	0.109777	0.182602	0.152748	0.126565	3.30522	1.15471	0.281694
920000	-20.97975	0	-20.97975	0.103433	0.211929	0.168733	0.181235	0.199168	0.107267	3.44462	0.817909	0.892262
930000	-19.90936	0	-19.90936	0.227625	0.0515412	0.401677	0.264439	0.105133	0.163508	2.68916	0.852715	1.34692
940000	-25.29482	0	-25.29482	0.099644	0.0454273	0.342699	0.102035	0.102512	0.140359	1.63759	0.465975	0.532938
950000	-24.51638	0	-24.51638	0.140288	0.122037	0.116308	0.0931058	0.0921051	0.084086	3.79562	1.45372	1.89255
960000	-31.14207	0	-31.14207	0.264119	0.202174	0.121412	0.173606	0.232258	0.175508	1.95695	0.187271	0.686317
970000	-19.8266	0	-19.8266	0.202549	0.0771632	0.112534	0.120945	0.142845	0.172022	0.753627	0.595987	2.01344
980000	-19.6856	0	-19.6856	0.0987051	0.0774596	0.107285	0.183447	0.0812649	0.109565	1.53871	0.922149	0.770793
990000	-23.89308	0	-23.89308	0.164557	0.114306	0.265917	0.212276	0.0778076	0.103853	2.2278	1.36692	0.944348
1000000	-23.37499	0	-23.37499	0.119212	0.116913	0.196515	0.108525	0.222654	0.114461	1.64863	1.40553	0.0778885
1010000	-21.59386	0	-21.59386	0.114313	0.195348	0.146741	0.159954	0.182303	0.196216	0.954868	1.67655	1.04015
1020000	-25.64229	0	-25.64229	0.162053	0.267853	0.159682	0.181806	0.111252	0.167532	2.59173	1.04706	2.0158
1030000	-21.2579	0	-21.2579	0.239961	0.105028	0.188208	0.19326	0.130894	0.11934	1.71149	2.31897	0.594114
1040000	-19.10329	0	-19.10329	0.135456	0.0465753	0.185723	0.203323	0.141593	0.117521	0.557082	1.02833	1.32412
1050000	-20.75915	0	-20.75915	0.15738	0.0706197	0.304591	0.214801	0.119244	0.274915	0.237362	1.06848	2.08345
1060000	-25.71255	0	-25.71255	0.0684565	0.131123	0.132028	0.120217	0.166185	0.10467	2.17104	2.79887	0.302375
1070000	-19.96079	0	-19.96079	0.0880906	0.0745491	0.217662	0.120747	0.110437	0.179272	0.796745	1.03014	1.29715
1080000	-26.1824	0	-26.1824	0.186487	0.198075	0.332754	0.174801	0.110584	0.111042	0.649938	0.899545	0.908118
1090000	-26.14933	0	-26.14933	0.166743	0.167537	0.138747	0.159553	0.11548	0.0382657	1.7879	0.584736	0.806739
1100000	-24.41886	0	-24.41886	0.257458	0.0934514	0.104926	0.306992	0.133772	0.19758	0.485858	2.1212	1.18673
1110000	-25.11615	0	-25.11615	0.105807	0.151803	0.179992	0.133963	0.040421	0.24465	0.998397	0.367616	1.52122
1120000	-21.1803	0	-21.1803	0.102287	0.135094	0.397796	0.120219	0.141174	0.115218	0.576353	1.578	0.895255
1130000	-22.63354	0	-22.63354	0.11832	0.0596801	0.134066	0.372253	0.0709393	0.124632	0.901804	0.556801	1.60557
1140000	-25.2978	0	-25.2978	0.128259	0.0876108	0.172434	0.362863	0.121239	0.0743824	1.79952	1.46199	1.59626
1150000	-26.28327	0	-26.28327	0.0802304	0.257764	0.0598338	0.194051	0.0950274	0.0581182	1.55642	1.4753	0.61064
1160000	-19.21404	0	-19.21404	0.0831245	0.0757723	0.22799	0.130698	0.133502	0.104286	0.422988	0.494558	1.23097
1170000	-30.43497	0	-30.43497	0.0567331	0.0652036	0.226979	0.0973371	0.133723	0.133764	0.199264	0.483798	0.51152
1180000	-26.79021	0	-26.79021	0.290284	0.060435	0.262841	0.325229	0.0605651	0.106646	1.984	0.851654	0.341995
1190000	-25.70928	0	-25.70928	0.114922	0.162396	0.302629	0.113504	0.100086	0.0871104	1.49586	1.04533	0.60303
1200000	-20.88359	0	-20.88359	0.109873	0.139474	0.169187	0.242488	0.0773896	0.200179	2.93014	2.25288	1.77538
1210000	-23.92196	0	-23.92196	0.0986208	0.0893592	0.0848846	0.13845	0.200587	0.14746	1.35063	2.26302	0.546025
1220000	-20.89701	0	-20.89701	0.175249	0.0493447	0.187236	0.192446	0.190773	0.063217	1.48631	1.43394	0.486784
1230000	-23.32128	0	-23.32128	0.12623	0.140617	0.145836	0.311046	0.144642	0.104158	0.919554	3.28493	1.02003
1240000	-21.469	0	-21.469	0.204807	0.107675	0.284516	0.224643	0.0869661	0.22284	0.727261	1.54235	1.30378
1250000	-24.07279	0	-24.07279	0.173686	0.0980001	0.115784	0.145142	0.0673988	0.152936	2.4283	2.91856	0.924574
1260000	-24.82467	0	-24.82467	0.199682	0.0718621	0.145092	0.320031	0.139851	0.148788	1.30901	3.3086	0.409796
1270000	-19.94958	0	-19.94958	0.269243	0.122948	0.209236	0.207454	0.0985216	0.0831881	0.330756	0.644667	1.86702
1280000	-20.05898	0	-20.05898	0.100862	0.135071	0.139442	0.160275	0.100045	0.0820514	0.221755	1.75195	0.283145
1290000	-22.66812	0	-22.66812	0.149729	0.182998	0.257504	0.208504	0.167917	0.140713	1.5006	0.112865	0.574912
1300000	-22.55059	0	-22.55059	0.154018	0.153286	0.124683	0.282147	0.0721221	0.0777812	2.37075	4.44645	1.48513
1310000	-27.05766	0	-27.05766	0.0562648	0.162092	0.157721	0.245616	0.0480918	0.0433137	3.94753	2.01218	0.868413
1320000	-21.30917	0	-21.30917	0.0619485	0.0770493	0.248105	0.339858	0.0832707	0.174868	1.74595	0.284617	0.56122
1330000	-25.88436	0	-25.88436	0.113864	0.0976681	0.368888	0.238128	0.385103	0.0999854	3.25774	0.545495	0.264416
1340000	-22.49137	0	-22.49137	0.127194	0.0995323	0.124882	0.263039	0.129861	0.147792	1.19461	1.93028	1.53009
1350000	-21.69232	0	-21.69232	0.0859181	0.197011	0.150185	0.148154	0.191283	0.123063	0.411518	0.769521	0.775281
1360000	-29.00424	0	-29.00424	0.142362	0.0953879	0.0501124	0.310755	0.0903904	0.172147	0.762579	0.310178	2.35152
1370000	-22.06602	0	-22.06602	0.102119	0.0565011	0.120264	0.236174	0.162629	0.112762	2.09381	1.37781	0.268472
1380000	-27.21845	0	-27.21845	0.149091	0.133585	0.113635	0.261917	0.129401	0.0924323	4.86766	2.53134	0.11722
1390000	-30.6191	0	-30.6191	0.0489802	0.0525975	0.0804357	0.215857	0.091892	0.0389834	1.31162	1.99356	0.116712
1400000	-20.92429	0	-20.92429	0.0737324	0.136082	0.143051	0.163143	0.0518691	0.0562864	1.57545	2.25684	1.9789
1410000	-22.06536	0	-22.06536	0.084475	0.187327	0.307842	0.205793	0.143472	0.148656	0.20843	1.2246	0.901172
1420000	-24.47645	0	-24.47645	0.0706299	0.125924	0.0799762	0.250263	0.122788	0.0769197	3.71395	0.438622	0.120569
1430000	-19.02298	0	-19.02298	0.044166	0.0867484	0.237391	0.197975	0.106681	0.176068	0.649702	0.532318	1.51697
1440000	-22.85454	0	-22.85454	0.0824477	0.0804474	0.258669	0.247538	0.0512824	0.174308	0.572089	1.12007	0.113575
1450000	-26.09305	0	-26.09305	0.139168	0.133208	0.204928	0.358458	0.0468114	0.130436	1.91766	2.43049	0.929066
1460000	-19.10288	0	-19.10288	0.14606	0.116533	0.236916	0.302291	0.101788	0.261256	1.53142	0.372189	1.14603
1470000	-27.31092	0	-27.31092	0.198474	0.181196	0.197403	0.360521	0.0704992	0.228057	1.60944	1.27648	3.09424
1480000	-23.48051	0	-23.48051	0.0988608	0.0719163	0.198448	0.355148	0.127927	0.108297	0.196825	3.62188	2.26882
1490000	-23.45176	0	-23.45176	0.345492	0.109716	0.19211	0.191543	0.129068	0.066772	0.672612	0.748475	0.486594
1500000	-22.94094	0	-22.94094	0.186411	0.0742548	0.145503	0.142179	0.143171	0.071421	0.530833	0.840696	0.23452
1510000	-24.67443	0	-24.67443	0.0824695	0.16022	0.140013	0.256493	0.0934829	0.182994	1.20409	1.79889	0.877208
1520000	-22.09704	0	-22.09704	0.171602	0.0576309	0.334589	0.280873	0.0995589	0.103406	0.796438	0.707249	0.937929
1530000	-24.32568	0	-24.32568	0.103027	0.0807675	0.232297	0.142134	0.0874911	0.0969297	2.24849	0.476812	0.324875
1540000	-27.00854	0	-27.00854	0.145043	0.0883803	0.0856986	0.331518	0.0988626	0.046441	1.66844	2.03028	0.170254
1550000	-24.01396	0	-24.01396	0.176174	0.164063	0.288806	0.172594	0.0596163	0.151374	0.60895	0.561847	2.38963
1560000	-20.85006	0	-20.85006	0.0563246	0.0988975	0.260543	0.276639	0.0631672	0.112079	0.72357	3.63101	2.11664
1570000	-20.0599	0	-20.0599	0.0855104	0.0493203	0.420453	0.246731	0.121919	0.234606	1.52246	1.33514	0.456007
1580000	-20.76946	0	-20.76946	0.203287	0.111112	0.461867	0.280577	0.0653992	0.120276	0.530681	0.465133	0.635394
1590000	-26.83928	0	-26.83928	0.121438	0.110584	0.122511	0.453846	0.310331	0.162303	0.417997	1.39323	0.246598
1600000	-22.19096	0	-22.19096	0.2386	0.167636	0.188177	0.282368	0.0741199	0.16712	2.49035	2.30151	2.26729
1610000	-23.10387	0	-23.10387	0.123508	0.210455	0.0966203	0.137241	0.0527377	0.125637	1.36452	1.52947	2.14767
1620000	-25.94793	0	-25.94793	0.119961	0.186509	0.140353	0.215987	0.146432	0.0976742	6.38561	1.60208	0.952468
1630000	-24.59748	0	-24.59748	0.180095	0.0880483	0.310908	0.478346	0.0626778	0.136306	4.93645	2.56108	0.975162
1640000	-27.30301	0	-27.30301	0.0465709	0.0961377	0.0666826	0.287172	0.116721	0.144012	0.450546	2.61864	0.180479
1650000	-19.50892	0	-19.50892	0.172903	0.064718	0.151022	0.204806	0.0862394	0.21131	0.594863	0.988758	0.799746
1660000	-18.3104	0	-18.3104	0.147028	0.100451	0.192151	0.14067	0.13089	0.197935	1.85231	1.422	1.66333
1670000	-26.83562	0	-26.83562	0.0682875	0.172803	0.150064	0.40574	0.167628	0.148588	2.66552	0.956263	1.39827
1680000	-23.56406	0	-23.56406	0.111761	0.197509	0.237012	0.454168	0.120679	0.229359	2.29826	2.21063	1.44167
1690000	-19.237	0	-19.237	0.0816296	0.103273	0.154593	0.162673	0.0986363	0.087307	1.12293	1.93945	0.269676
1700000	-23.61664	0	-23.61664	0.132797	0.108793	0.18728	0.131026	0.0835523	0.179527	0.167167	3.92046	2.55373
1710000	-20.37942	0	-20.37942	0.0861325	0.0944186	0.113725	0.153896	0.107742	0.102967	2.14734	1.63068	4.02942
1720000	-22.25449	0	-22.25449	0.138907	0.141496	0.114319	0.177639	0.168106	0.144075	0.986924	2.66941	0.196587
1730000	-22.33546	0	-22.33546	0.0886949	0.135529	0.401818	0.20495	0.0757569	0.148621	2.08039	0.496698	0.361974
1740000	-21.56725	0	-21.56725	0.183534	0.0957162	0.294001	0.207204	0.167595	0.0591882	1.15039	1.4275	1.15862
1750000	-21.36423	0	-21.36423	0.135884	0.177994	0.174789	0.197083	0.134202	0.118984	1.27668	0.335028	0.478453
1760000	-22.09943	0	-22.09943	0.0909048	0.080478	0.236036	0.274781	0.0963415	0.0806002	1.49022	0.8396	2.20749
1770000	-17.85407	0	-17.85407	0.120539	0.16128	0.308828	0.134333	0.0776632	0.139011	1.23208	0.790085	0.870285
1780000	-19.55174	0	-19.55174	0.147878	0.125537	0.148811	0.164796	0.0667446	0.192018	1.49037	0.701697	0.448584
1790000	-20.48419	0	-20.48419	0.051153	0.16163	0.287472	0.203204	0.136938	0.152927	0.488619	0.908409	2.54305
1800000	-24.59852	0	-24.59852	0.142397	0.167603	0.138796	0.282018	0.196855	0.131867	3.27708	1.37774	0.778453
1810000	-22.47443	0	-22.47443	0.072228	0.0653515	0.158765	0.409108	0.10851	0.0775992	1.13628	0.288066	2.80974
1820000	-25.62419	0	-25.62419	0.117199	0.10596	0.436408	0.295615	0.0456315	0.208435	1.64146	2.27298	0.696224
1830000	-24.2054	0	-24.2054	0.206882	0.0862038	0.289822	0.259501	0.205445	0.189447	0.806811	0.490464	1.197
1840000	-26.62355	0	-26.62355	0.0674234	0.133717	0.2049	0.552051	0.12671	0.110939	1.17398	1.1876	4.95362
1850000	-22.8753	0	-22.8753	0.0843032	0.108574	0.133911	0.215819	0.0546491	0.0941579	1.14064	1.21416	3.69296
1860000	-23.58186	0	-23.58186	0.139136	0.191954	0.0659428	0.232912	0.0845716	0.116126	1.10019	1.39487	0.287696
1870000	-20.92812	0	-20.92812	0.124547	0.11165	0.235017	0.256689	0.160329	0.0952902	0.794609	0.530927	0.452801
1880000	-18.42716	0	-18.42716	0.10079	0.0838244	0.147417	0.188286	0.172722	0.0840985	1.45852	0.474802	2.80216
1890000	-40.82485	0	-40.82485	0.113375	0.0192545	0.139117	0.336859	0.069823	0.0958277	5.80755	1.9495	0.495724
1900000	-24.63254	0	-24.63254	0.0521175	0.0958702	0.21614	0.212681	0.154868	0.278064	1.44678	2.11425	0.745726
1910000	-21.75113	0	-21.75113	0.124595	0.152099	0.161421	0.272291	0.305206	0.0756047	0.804561	0.549921	0.621654
1920000	-25.96771	0	-25.96771	0.11792	0.115879	0.139124	0.322038	0.085669	0.080132	0.808227	5.3384	0.171905
1930000	-18.83845	0	-18.83845	0.0855194	0.133578	0.146228	0.209703	0.0671141	0.0877046	1.18004	2.30313	0.379206
1940000	-22.08889	0	-22.08889	0.0960502	0.0836999	0.110109	0.285258	0.0729593	0.121088	3.26081	0.80683	1.62612
1950000	-22.23559	0	-22.23559	0.112193	0.15095	0.16143	0.197366	0.101229	0.144826	4.36102	2.07965	0.908576
1960000	-20.18978	0	-20.18978	0.104631	0.157801	0.293347	0.072601	0.0871687	0.0869745	0.434722	0.328523	1.02923
1970000	-18.62098	0	-18.62098	0.104837	0.165061	0.102501	0.204049	0.14827	0.1813	1.4896	1.79848	1.51595
1980000	-28.75086	0	-28.75086	0.0755859	0.397255	0.214249	0.188153	0.0815578	0.0788989	0.928451	2.68382	1.12935
1990000	-20.89176	0	-20.89176	0.0528595	0.141154	0.340077	0.293631	0.0760257	0.185862	1.23338	0.41298	2.24798
2000000	-22.25295	0	-22.25295	0.26817	0.0864344	0.188504	0.0994214	0.0890134	0.203403	1.42466	1.62963	0.478913
2010000	-22.10022	0	-22.10022	0.0757269	0.0533055	0.0948189	0.276245	0.099147	0.0885076	2.90686	1.80065	1.53551
2020000	-23.90689	0	-23.90689	0.301215	0.0652068	0.14729	0.353006	0.0850103	0.2049	0.565356	0.802017	1.14716
2030000	-23.79511	0	-23.79511	0.2832	0.0889649	0.238993	0.197332	0.0495595	0.115847	0.539107	0.733935	0.847644
2040000	-21.42751	0	-21.42751	0.0732053	0.180835	0.223491	0.122353	0.133303	0.103104	1.03133	1.98893	0.440174
2050000	-21.10753	0	-21.10753	0.195192	0.126621	0.174707	0.18998	0.0626083	0.178494	0.234959	3.20179	0.931185
2060000	-21.30478	0	-21.30478	0.0471278	0.0800422	0.380112	0.190168	0.107882	0.121007	1.19305	0.669041	2.67615
2070000	-24.95385	0	-24.95385	0.0797624	0.0792601	0.227018	0.130563	0.0679567	0.195215	2.88565	1.99284	0.129225
2080000	-20.90676	0	-20.90676	0.0755103	0.142426	0.130066	0.406811	0.174139	0.117497	1.4054	0.924088	0.391624
2090000	-22.80907	0	-22.80907	0.0700641	0.0435539	0.240116	0.161721	0.0907819	0.0656912	2.71072	1.11042	0.737272
2100000	-24.64969	0	-24.64969	0.159972	0.263869	0.281057	0.244929	0.139064	0.0815292	4.73947	1.49014	1.07449
2110000	-25.63187	0	-25.63187	0.132322	0.113618	0.123864	0.305657	0.0277423	0.0956689	3.50901	1.5138	0.463088
2120000	-24.23123	0	-24.23123	0.120482	0.120058	0.116203	0.322528	0.161023	0.129455	0.355738	0.23332	0.268353
2130000	-23.60164	0	-23.60164	0.165078	0.0343559	0.293189	0.227683	0.140294	0.100442	0.187334	1.70555	1.78118
2140000	-22.3683	0	-22.3683	0.131305	0.0764676	0.206687	0.305938	0.0527084	0.111866	0.254368	0.39248	0.902694
2150000	-20.58373	0	-20.58373	0.166683	0.104972	0.277988	0.116826	0.111852	0.153163	1.06957	0.633957	2.27568
2160000	-25.16156	0	-25.16156	0.142583	0.179562	0.178487	0.146406	0.142093	0.0936331	2.33124	0.461611	0.0683777
2170000	-27.27455	0	-27.27455	0.0701429	0.107009	0.0932812	0.449662	0.180667	0.202454	3.12347	1.05006	1.19944
2180000	-24.60412	0	-24.60412	0.0921629	0.0809238	0.0793039	0.159276	0.124256	0.0711014	1.1699	4.08382	1.31551
2190000	-27.46196	0	-27.46196	0.171391	0.136257	0.151172	0.159783	0.359424	0.157886	1.31185	0.600271	3.6543
2200000	-17.68335	0	-17.68335	0.101533	0.0931447	0.189326	0.143943	0.134795	0.170419	0.495057	1.28878	1.02482
2210000	-23.1249	0	-23.1249	0.123989	0.0547943	0.141401	0.295169	0.119935	0.0345526	1.15635	1.79578	2.06864
2220000	-24.22733	0	-24.22733	0.166924	0.0829126	0.0943298	0.0780205	0.162397	0.0685085	1.7314	0.496541	0.612432
2230000	-19.28821	0	-19.28821	0.0660373	0.0711749	0.174692	0.299958	0.152002	0.13129	1.34008	0.41104	0.580722
2240000	-18.74462	0	-18.74462	0.129542	0.0902508	0.202911	0.358101	0.131546	0.20116	0.963475	1.46737	0.954373
2250000	-25.54699	0	-25.54699	0.0642148	0.179043	0.30025	0.140645	0.0665033	0.163187	4.28668	1.67917	0.551047
2260000	-23.24513	0	-23.24513	0.0521447	0.067897	0.260544	0.231329	0.164234	0.117718	1.18784	1.37821	0.234847
2270000	-23.17507	0	-23.17507	0.142658	0.0811786	0.0850467	0.300921	0.16744	0.157338	0.300136	0.410578	0.527323
2280000	-26.20767	0	-26.20767	0.183662	0.206342	0.081414	0.248749	0.131935	0.0894216	1.06346	0.679048	1.33682
2290000	-23.18146	0	-23.18146	0.089801	0.100569	0.440012	0.185334	0.146457	0.176007	0.459145	2.47365	1.03344
2300000	-21.48756	0	-21.48756	0.141085	0.0783564	0.204091	0.227067	0.0954327	0.0892348	2.41723	1.26887	0.429716
2310000	-22.5817	0	-22.5817	0.0433166	0.183257	0.195512	0.191223	0.0750832	0.115272	0.943737	0.911579	0.918528
2320000	-25.15156	0	-25.15156	0.177466	0.140667	0.28728	0.279305	0.281354	0.0823734	1.34488	0.140282	2.48091
2330000	-18.36277	0	-18.36277	0.111097	0.117965	0.524347	0.190343	0.081251	0.152302	1.63699	1.484	0.704053
2340000	-24.93828	0	-24.93828	0.177558	0.0549011	0.167995	0.13605	0.127155	0.0656383	4.06477	0.856857	0.606076
2350000	-25.60735	0	-25.60735	0.135646	0.132816	0.100579	0.211795	0.307756	0.124942	1.02407	0.630664	0.0506451
2360000	-19.6071	0	-19.6071	0.126326	0.123768	0.214775	0.286345	0.0794503	0.139027	1.4275	0.83891	2.31305
2370000	-22.63635	0	-22.63635	0.0955016	0.0816267	0.15156	0.0621275	0.0982849	0.102766	0.689643	0.255767	0.178643
2380000	-27.76803	0	-27.76803	0.21395	0.13096	0.11682	0.293256	0.123507	0.197713	1.50759	1.93061	0.608304
2390000	-23.05929	0	-23.05929	0.197856	0.100792	0.125234	0.0833411	0.136859	0.107034	1.29742	1.36858	2.95979
2400000	-20.94314	0	-20.94314	0.0950171	0.135192	0.0942665	0.108277	0.115614	0.0920973	0.311061	0.371689	0.897825
2410000	-26.30821	0	-26.30821	0.172285	0.0890733	0.143533	0.073519	0.117076	0.0960842	2.06055	3.26096	4.40086
2420000	-24.8518	0	-24.8518	0.155807	0.0445889	0.103673	0.0810163	0.0969949	0.0581097	4.01268	1.15924	0.641069
2430000	-19.50199	0	-19.50199	0.110488	0.0855351	0.214992	0.141267	0.0860336	0.365682	0.677335	0.544153	1.40192
2440000	-24.05005	0	-24.05005	0.065602	0.0761549	0.168496	0.224253	0.0660411	0.14689	4.12747	2.0716	1.80359
2450000	-22.75121	0	-22.75121	0.149311	0.0638712	0.233543	0.22691	0.10387	0.116888	0.354818	2.4089	1.40596
2460000	-26.70183	0	-26.70183	0.061991	0.116936	0.206379	0.18083	0.0701779	0.169463	4.45047	2.20769	0.709175
2470000	-22.57457	0	-22.57457	0.131007	0.102752	0.189432	0.232789	0.178233	0.338428	1.18282	1.41822	1.59429
2480000	-26.04204	0	-26.04204	0.0682433	0.154311	0.151342	0.245798	0.222081	0.126541	2.52097	3.67325	1.22376
2490000	-22.89708	0	-22.89708	0.168412	0.0811875	0.145896	0.258395	0.0652411	0.253521	1.95215	0.846555	0.530834
2500000	-20.33744	0	-20.33744	0.0786801	0.154621	0.283045	0.26289	0.0620582	0.151744	0.621314	1.82812	0.574096
2510000	-19.08839	0	-19.08839	0.172404	0.14591	0.197467	0.146148	0.109475	0.0682229	0.799487	1.33624	1.72447
2520000	-23.59977	0	-23.59977	0.171884	0.102153	0.314851	0.392994	0.139461	0.166488	0.708552	2.2919	0.815282
2530000	-24.44668	0	-24.44668	0.185328	0.0969274	0.114132	0.226204	0.0522752	0.0367234	0.693536	2.44487	2.25047
2540000	-24.16082	0	-24.16082	0.204584	0.129725	0.0848379	0.374774	0.11784	0.101008	3.09013	0.837634	0.747958
2550000	-18.8972	0	-18.8972	0.163744	0.0591228	0.266369	0.268181	0.117766	0.201298	2.35289	0.253995	0.99183
2560000	-19.24451	0	-19.24451	0.0581287	0.0878158	0.211501	0.169361	0.124008	0.12614	1.53491	1.26628	2.33351
2570000	-25.72786	0	-25.72786	0.218	0.0658791	0.0954056	0.307228	0.0372594	0.0739044	2.43826	1.8576	1.54316
2580000	-26.66318	0	-26.66318	0.213278	0.200059	0.124812	0.288148	0.0677382	0.241989	2.00553	2.1878	1.10398
2590000	-26.97139	0	-26.97139	0.112693	0.122056	0.330815	0.163797	0.270151	0.0575801	3.02866	1.20332	0.411144
2600000	-23.47284	0	-23.47284	0.0537616	0.141826	0.0841461	0.125658	0.141873	0.0659687	0.553372	1.08658	2.73821
2610000	-24.26752	0	-24.26752	0.0866574	0.0871109	0.119863	0.224034	0.199106	0.080603	4.10986	1.29316	1.50148
2620000	-27.00849	0	-27.00849	0.124381	0.149654	0.215397	0.27356	0.114221	0.111824	2.80218	1.4814	2.1933
2630000	-22.02459	0	-22.02459	0.120998	0.13903	0.124001	0.176638	0.100052	0.0603093	0.594874	0.790737	0.1655
2640000	-23.77494	0	-23.77494	0.077917	0.24219	0.105541	0.312256	0.0631392	0.162633	0.534876	1.4388	3.8624
2650000	-21.92058	0	-21.92058	0.074304	0.087266	0.12769	0.215968	0.165075	0.113252	0.805082	1.61068	1.07819
2660000	-27.57562	0	-27.57562	0.160175	0.0929791	0.111761	0.536459	0.101081	0.183353	1.96311	2.79544	0.422491
2670000	-27.71057	0	-27.71057	0.0729626	0.0832493	0.409063	0.14558	0.259575	0.393117	0.939383	1.69491	1.01902
2680000	-20.78158	0	-20.78158	0.088387	0.146736	0.199868	0.130337	0.124646	0.156231	1.16132	2.67462	1.76134
2690000	-25.14485	0	-25.14485	0.128953	0.0941748	0.115795	0.137457	0.189059	0.199348	2.20303	2.17257	0.630179
2700000	-26.15553	0	-26.15553	0.0719813	0.125622	0.233636	0.329127	0.158471	0.0921451	2.8795	1.97944	1.45613
2710000	-21.56638	0	-21.56638	0.0476434	0.12243	0.110945	0.0859956	0.153021	0.13626	2.11411	1.39133	1.05307
2720000	-21.56989	0	-21.56989	0.122655	0.0944363	0.189592	0.192683	0.0734694	0.0711696	3.17049	1.25505	0.158001
2730000	-24.96915	0	-24.96915	0.10993	0.0884621	0.147648	0.420673	0.326299	0.217801	2.55206	1.03667	0.398388
2740000	-28.8218	0	-28.8218	0.14944	0.165772	0.149181	0.115424	0.28388	0.0997316	2.09161	2.83674	0.878708
2750000	-21.18288	0	-21.18288	0.107145	0.114047	0.131799	0.174207	0.0747251	0.18043	0.824665	1.55939	0.357237
2760000	-19.71098	0	-19.71098	0.125295	0.0710238	0.155506	0.164774	0.126328	0.106253	1.20775	1.19262	0.978485
2770000	-26.50178	0	-26.50178	0.315316	0.113879	0.238471	0.127966	0.0825634	0.149476	0.553203	1.45844	0.351488
2780000	-21.96895	0	-21.96895	0.208391	0.144603	0.172086	0.328434	0.0899548	0.143103	1.68557	1.31488	1.75338
2790000	-22.15919	0	-22.15919	0.0614484	0.140343	0.1101	0.190458	0.0444743	0.117972	1.34985	1.65186	0.688741
2800000	-23.4473	0	-23.4473	0.313273	0.156686	0.239004	0.309051	0.1136	0.105871	0.741	0.998695	2.32394
2810000	-20.88316	0	-20.88316	0.0788651	0.124225	0.194293	0.232307	0.061801	0.0563522	0.909059	0.837107	3.14802
2820000	-23.17185	0	-23.17185	0.131751	0.0411028	0.288755	0.224122	0.171921	0.210934	1.31584	4.61507	1.35742
2830000	-27.29288	0	-27.29288	0.0454417	0.1442	0.208486	0.191494	0.146235	0.133783	2.25593	0.926706	9.64836
2840000	-22.6563	0	-22.6563	0.100203	0.0683021	0.145114	0.214692	0.0939182	0.288082	2.64426	3.10479	0.462817
2850000	-20.72064	0	-20.72064	0.179305	0.0478084	0.215739	0.170522	0.0791664	0.148539	0.603289	1.91473	3.70898
2860000	-24.6304	0	-24.6304	0.248805	0.0601846	0.168542	0.0844586	0.0915859	0.0664086	0.145526	0.766756	0.609333
2870000	-22.45617	0	-22.45617	0.11868	0.0474239	0.259597	0.174117	0.186422	0.0537968	1.07117	1.52748	1.29817
2880000	-21.349	0	-21.349	0.0557207	0.188722	0.167491	0.236266	0.228439	0.197648	0.881102	1.98831	1.11307
2890000	-19.33794	0	-19.33794	0.0614816	0.120025	0.213018	0.183651	0.135991	0.174284	1.2232	0.912217	2.15148
2900000	-19.76756	0	-19.76756	0.114321	0.130537	0.189445	0.199787	0.12311	0.117329	3.17325	0.672171	0.268037
2910000	-21.76131	0	-21.76131	0.0964667	0.15122	0.216087	0.341309	0.222037	0.0685061	0.775147	1.56973	0.987071
2920000	-26.6907	0	-26.6907	0.12203	0.16587	0.104991	0.243623	0.186485	0.14518	6.24294	2.30105	2.44001
2930000	-22.14767	0	-22.14767	0.131133	0.0724162	0.086132	0.0918465	0.131762	0.106701	1.62358	0.846249	1.05529
2940000	-26.19002	0	-26.19002	0.0466762	0.121748	0.294313	0.118417	0.269053	0.127705	1.19142	1.20082	0.102055
2950000	-24.50366	0	-24.50366	0.13694	0.108551	0.194909	0.505997	0.0401768	0.292506	2.45234	0.726882	1.41876
2960000	-24.39489	0	-24.39489	0.0805188	0.101917	0.132273	0.244808	0.146085	0.0932496	0.848943	0.938878	2.37155
2970000	-21.47248	0	-21.47248	0.141758	0.100704	0.149064	0.243541	0.0851958	0.0558141	0.572904	0.529551	0.904081
2980000	-21.39821	0	-21.39821	0.139275	0.0960477	0.183228	0.257505	0.0500839	0.0458551	1.03372	3.4906	0.787776
2990000	-20.7989	0	-20.7989	0.10601	0.116541	0.177859	0.32277	0.0790043	0.0743265	0.38038	1.37547	1.03591
3000000	-24.34859	0	-24.34859	0.135903	0.132541	0.10866	0.263062	0.0603401	0.113131	3.2633	4.9168	1.49843
3010000	-25.584	0	-25.584	0.173048	0.0719757	0.199799	0.326124	0.192619	0.136282	0.935067	0.195292	0.1284
3020000	-30.20126	0	-30.20126	0.216549	0.275581	0.15605	0.0869466	0.162181	0.214193	2.23026	0.988963	2.06576
3030000	-18.45838	0	-18.45838	0.071288	0.0826994	0.120597	0.180663	0.127371	0.133216	0.783542	0.782303	0.834734
3040000	-21.26517	0	-21.26517	0.117784	0.122821	0.0893495	0.1378	0.202033	0.105543	1.60199	0.940185	0.46011
3050000	-24.604	0	-24.604	0.115576	0.0870751	0.137628	0.152735	0.0842458	0.226028	1.89797	3.42313	1.16723
3060000	-17.92399	0	-17.92399	0.05879	0.113881	0.315132	0.17914	0.0725025	0.095185	1.04899	1.97963	1.30523
3070000	-28.57143	0	-28.57143	0.131405	0.132674	0.152253	0.28507	0.0696582	0.18481	1.07459	2.0496	0.840406
3080000	-24.68389	0	-24.68389	0.0350367	0.0522175	0.175658	0.398325	0.0742425	0.235935	0.936122	0.926758	0.211668
3090000	-29.59784	0	-29.59784	0.0659341	0.234297	0.262558	0.233837	0.204988	0.120284	3.62556	1.37405	0.529353
3100000	-30.17044	0	-30.17044	0.327344	0.105173	0.145546	0.0993565	0.0486885	0.0823233	0.56911	6.95182	0.899168
3110000	-24.69478	0	-24.69478	0.0546187	0.0615669	0.173218	0.134975	0.0881338	0.39039	0.0952398	0.524204	0.654508
3120000	-25.43367	0	-25.43367	0.325424	0.146213	0.224732	0.284648	0.036663	0.0921079	1.3015	1.46527	0.417297
3130000	-24.60615	0	-24.60615	0.216597	0.0800021	0.167392	0.503618	0.130922	0.192835	2.04328	4.08611	0.998887
3140000	-21.92709	0	-21.92709	0.0687286	0.226884	0.100489	0.149272	0.140047	0.204584	1.10456	3.19241	0.768314
3150000	-22.85834	0	-22.85834	0.17376	0.0941443	0.230016	0.150146	0.0984374	0.0454868	0.426478	0.285657	0.915983
3160000	-25.71185	0	-25.71185	0.0489995	0.153066	0.305902	0.332009	0.139304	0.127355	3.28336	1.39161	0.537379
3170000	-23.70389	0	-23.70389	0.0978773	0.0770499	0.181009	0.294199	0.147488	0.0866991	4.50935	0.998354	0.417161
3180000	-18.22835	0	-18.22835	0.153156	0.0793167	0.1684	0.294642	0.0613962	0.0649795	1.62401	1.03778	0.726257
3190000	-20.58806	0	-20.58806	0.14291	0.0881025	0.174147	0.114273	0.167112	0.120085	2.74357	0.614782	0.427896
3200000	-19.82193	0	-19.82193	0.227023	0.0903298	0.163629	0.16394	0.116548	0.110184	0.546837	0.626779	0.285372
3210000	-25.46918	0	-25.46918	0.228668	0.0634099	0.123395	0.141056	0.169211	0.151544	0.39137	0.601034	0.156128
3220000	-22.46484	0	-22.46484	0.0632787	0.222077	0.129472	0.369298	0.0879451	0.115721	1.05699	0.596073	0.803943
3230000	-22.16056	0	-22.16056	0.0629488	0.0912667	0.145475	0.186774	0.151263	0.123715	1.61931	1.43438	0.296058
3240000	-19.839	0	-19.839	0.0974282	0.102036	0.286009	0.21069	0.107697	0.107118	1.94007	2.19663	0.628077
3250000	-20.28065	0	-20.28065	0.118327	0.0781279	0.21006	0.204502	0.0384926	0.148721	0.769081	3.12999	0.474662
3260000	-18.79048	0	-18.79048	0.068453	0.141939	0.135785	0.159733	0.123716	0.163115	1.59066	0.753599	0.482571
3270000	-21.30038	0	-21.30038	0.132652	0.173723	0.158385	0.349303	0.0910669	0.211655	1.1104	1.41284	0.885746
3280000	-20.52428	0	-20.52428	0.0812075	0.0813061	0.211542	0.356021	0.101235	0.0753787	1.48833	0.869968	0.316836
3290000	-20.64645	0	-20.64645	0.101166	0.168217	0.214181	0.141903	0.115779	0.192162	0.358525	0.841013	0.883603
3300000	-17.99305	0	-17.99305	0.106574	0.0641965	0.344879	0.216114	0.095084	0.189177	0.694396	1.41531	0.510223
3310000	-24.46313	0	-24.46313	0.0720833	0.096411	0.223369	0.650219	0.0561236	0.162285	2.65782	1.4646	0.418099
3320000	-33.25392	0	-33.25392	0.101438	0.17102	0.444112	0.166833	0.0912783	0.205693	3.33874	9.3153	0.59091
3330000	-20.08225	0	-20.08225	0.0838529	0.0741471	0.153662	0.174354	0.0911807	0.0763568	0.559197	2.41459	0.276923
3340000	-25.06527	0	-25.06527	0.136315	0.102403	0.0796104	0.0669112	0.150204	0.143809	1.33013	3.01423	0.73265
3350000	-23.5138	0	-23.5138	0.0672832	0.165467	0.199032	0.183739	0.131343	0.094706	0.659294	3.64427	0.749354
3360000	-19.728	0	-19.728	0.0888896	0.0930498	0.221664	0.196641	0.160833	0.0807415	1.34326	2.11858	0.47074
3370000	-25.2274	0	-25.2274	0.0512767	0.127248	0.21264	0.101897	0.135395	0.186017	3.00995	0.781924	0.696672
3380000	-22.5081	0	-22.5081	0.0319063	0.0311911	0.188249	0.23709	0.102375	0.0854431	1.28251	0.74688	1.0917
3390000	-22.37368	0	-22.37368	0.19185	0.17943	0.19287	0.27845	0.0970165	0.190648	0.517492	2.04275	0.661241
3400000	-16.55745	0	-16.55745	0.0781265	0.0842258	0.164366	0.211369	0.0780816	0.191172	1.11113	1.2284	1.02807
3410000	-21.72834	0	-21.72834	0.185806	0.258518	0.126249	0.218101	0.135189	0.173148	2.29358	0.737583	0.84766
3420000	-20.3672	0	-20.3672	0.115319	0.10847	0.171455	0.240031	0.101357	0.0977571	1.33683	3.45357	1.08715
3430000	-26.81093	0	-26.81093	0.0791947	0.0404877	0.202719	0.31715	0.195615	0.0648887	1.234	3.81664	0.804796
3440000	-24.58148	0	-24.58148	0.0538211	0.127371	0.31837	0.208222	0.108829	0.398852	2.98246	0.672198	0.831348
3450000	-20.97751	0	-20.97751	0.114887	0.149691	0.225165	0.248415	0.106405	0.0818044	1.90598	1.36871	0.602676
3460000	-21.54128	0	-21.54128	0.231422	0.0729099	0.166631	0.0891324	0.0861805	0.0496927	0.720846	0.992317	1.00391
3470000	-22.58966	0	-22.58966	0.114265	0.121174	0.106144	0.182917	0.049417	0.0951113	3.28344	1.59624	0.201549
3480000	-26.25416	0	-26.25416	0.132648	0.345857	0.210412	0.247162	0.0395586	0.0926855	0.872053	1.24422	0.475156
3490000	-21.01409	0	-21.01409	0.145676	0.107037	0.158432	0.191393	0.101092	0.06796	0.484402	2.087	0.423688
3500000	-29.28906	0	-29.28906	0.33778	0.266155	0.250188	0.35883	0.124633	0.288961	0.798678	0.825303	0.574824
3510000	-22.03603	0	-22.03603	0.17841	0.150514	0.176686	0.139504	0.127645	0.227121	1.03307	0.786248	1.00885
3520000	-23.03544	0	-23.03544	0.129044	0.130712	0.165211	0.362805	0.261705	0.177883	2.35985	0.84249	0.996917
3530000	-25.82034	0	-25.82034	0.0862522	0.118387	0.101425	0.234626	0.100592	0.0670638	3.15038	1.28932	0.166958
3540000	-24.09795	0	-24.09795	0.389263	0.120398	0.158644	0.338044	0.0920107	0.0733464	0.883697	2.27985	1.5003
3550000	-18.45794	0	-18.45794	0.0680469	0.0710657	0.210455	0.175311	0.174024	0.109407	0.933377	0.66851	1.80501
3560000	-19.44533	0	-19.44533	0.154286	0.141641	0.228326	0.10202	0.169005	0.216767	0.499652	1.02586	1.30889
3570000	-25.6013	0	-25.6013	0.14235	0.11638	0.232268	0.308083	0.26849	0.225136	0.410115	2.71057	1.04868
3580000	-19.93244	0	-19.93244	0.161036	0.148249	0.398892	0.170509	0.10133	0.140743	0.671419	1.22095	1.43991
3590000	-20.49752	0	-20.49752	0.124308	0.0715171	0.142967	0.240416	0.177944	0.103971	1.59746	0.748036	1.13072
3600000	-21.7119	0	-21.7119	0.146962	0.113431	0.195974	0.115292	0.147384	0.172785	0.715222	1.84773	1.55453
3610000	-22.00178	0	-22.00178	0.0673895	0.0992848	0.218047	0.0892148	0.104321	0.104036	1.20299	3.59306	1.24669
3620000	-23.28976	0	-23.28976	0.115723	0.152422	0.132322	0.0887348	0.187712	0.120806	1.99295	2.23763	0.217065
3630000	-21.03036	0	-21.03036	0.131431	0.177749	0.234763	0.253099	0.0687278	0.135863	1.93651	3.15112	0.581402
3640000	-23.86718	0	-23.86718	0.146137	0.305002	0.236172	0.360449	0.0584694	0.191778	1.97222	0.847939	1.32275
3650000	-20.76031	0	-20.76031	0.0753441	0.0670428	0.102145	0.164614	0.226307	0.170329	2.24348	0.915679	0.305092
3660000	-22.67059	0	-22.67059	0.0803318	0.147324	0.126378	0.163092	0.110892	0.158902	2.49466	1.46726	0.797168
3670000	-24.99942	0	-24.99942	0.0510043	0.112709	0.103075	0.153149	0.124917	0.0708262	2.90692	0.721533	0.0774097
3680000	-21.03341	0	-21.03341	0.0871503	0.16992	0.147224	0.441335	0.12554	0.147149	1.0115	1.10135	0.423134
3690000	-27.64336	0	-27.64336	0.0305085	0.106274	0.19002	0.40398	0.0917367	0.0779454	1.39706	3.28673	0.838535
3700000	-21.07082	0	-21.07082	0.0979476	0.123529	0.215947	0.192108	0.0564352	0.0838701	0.979099	3.50017	0.391658
3710000	-19.89985	0	-19.89985	0.129984	0.145744	0.244585	0.0723849	0.110179	0.142644	1.62194	0.551389	1.21478
3720000	-20.61911	0	-20.61911	0.100856	0.0953775	0.219736	0.358411	0.0788735	0.0860345	1.51877	0.761065	0.474281
3730000	-19.42379	0	-19.42379	0.147341	0.110653	0.223982	0.311442	0.097657	0.105963	0.787869	0.95248	0.149759
3740000	-25.03388	0	-25.03388	0.0784375	0.1727	0.490784	0.109723	0.0289679	0.100489	0.832778	2.29803	1.29373
3750000	-19.3028	0	-19.3028	0.0770696	0.099736	0.280614	0.149917	0.0770895	0.0891863	0.567505	2.06441	0.283198
3760000	-21.16526	0	-21.16526	0.0704316	0.0881193	0.238642	0.230496	0.171287	0.0576369	0.46546	2.10104	0.809238
3770000	-22.36895	0	-22.36895	0.136794	0.128956	0.114696	0.281174	0.0411595	0.0911477	2.15996	0.648411	0.411852
3780000	-22.13603	0	-22.13603	0.080528	0.125282	0.408467	0.192644	0.198077	0.131556	1.4379	0.279696	0.806691
3790000	-24.02025	0	-24.02025	0.223074	0.0778638	0.110548	0.308347	0.127204	0.211349	0.407854	4.47643	1.24609
3800000	-22.7018	0	-22.7018	0.0998519	0.0610372	0.139915	0.194321	0.0822469	0.0820399	0.924472	2.14299	0.320972
3810000	-20.91383	0	-20.91383	0.0903044	0.0833729	0.134358	0.184811	0.107441	0.148255	4.2553	0.90939	0.6214
3820000	-19.22933	0	-19.22933	0.0697025	0.0693182	0.147232	0.227584	0.109679	0.105752	0.420061	1.59475	0.439508
3830000	-24.33815	0	-24.33815	0.115632	0.155885	0.173472	0.328078	0.0703743	0.154811	1.27822	1.9316	0.565985
3840000	-22.65056	0	-22.65056	0.080458	0.179417	0.268786	0.308416	0.159775	0.163279	0.518423	3.6234	0.936093
3850000	-20.4063	0	-20.4063	0.0938098	0.0721807	0.106861	0.384855	0.0844666	0.0923135	0.376529	2.21695	0.790091
3860000	-22.16575	0	-22.16575	0.0835806	0.0794579	0.252494	0.104263	0.238251	0.0978701	0.45603	2.06418	0.647461
3870000	-20.52909	0	-20.52909	0.0971243	0.0623668	0.148147	0.0956495	0.0813339	0.0654977	2.26591	0.842868	0.630178
3880000	-25.39265	0	-25.39265	0.120788	0.180721	0.202393	0.253645	0.0631306	0.275302	1.41312	1.33593	0.276197
3890000	-22.42607	0	-22.42607	0.148453	0.0871825	0.155306	0.206692	0.117543	0.115265	5.37303	0.350995	0.190335
3900000	-31.77583	0	-31.77583	0.375752	0.0537927	0.198949	0.17506	0.0948477	0.128612	1.03583	2.04777	0.269282
3910000	-28.77534	0	-28.77534	0.0862695	0.207771	0.102259	0.173012	0.234254	0.106292	2.90728	0.287453	0.122927
3920000	-20.88419	0	-20.88419	0.11027	0.0979331	0.189154	0.20676	0.0439445	0.0890444	1.02895	2.49972	0.304434
3930000	-27.50645	0	-27.50645	0.0706137	0.0630697	0.0904387	0.213891	0.164104	0.170988	1.26214	1.19232	0.69364
3940000	-22.67394	0	-22.67394	0.0930672	0.0760158	0.164994	0.279255	0.091363	0.0800972	1.23795	0.617417	0.315072
3950000	-24.06187	0	-24.06187	0.203474	0.0927422	0.0842323	0.354509	0.143052	0.154245	0.669276	1.87105	1.07512
3960000	-22.80541	0	-22.80541	0.13312	0.134068	0.173555	0.312781	0.116279	0.098329	2.39694	1.56621	0.765082
3970000	-28.69886	0	-28.69886	0.219784	0.0568707	0.110956	0.0958127	0.0575527	0.161132	0.458693	2.61969	0.845284
3980000	-23.64639	0	-23.64639	0.0493194	0.117054	0.372953	0.209994	0.0843614	0.0834365	3.45177	2.01395	0.881374
3990000	-25.78829	0	-25.78829	0.0686954	0.215408	0.179917	0.262669	0.227042	0.126671	2.05278	1.09647	1.36768
4000000	-22.82229	0	-22.82229	0.0755814	0.114489	0.115839	0.298839	0.0631055	0.215172	0.689799	1.44598	0.212245
4010000	-27.12623	0	-27.12623	0.0443115	0.134875	0.188844	0.333913	0.0972465	0.031362	1.35776	1.23328	0.138165
4020000	-26.68933	0	-26.68933	0.3968	0.118681	0.107432	0.194053	0.114185	0.0676391	0.56878	1.15088	0.1742
4030000	-21.37707	0	-21.37707	0.076642	0.0865677	0.128234	0.18187	0.126612	0.147905	1.40035	0.546342	0.150336
4040000	-23.35398	0	-23.35398	0.0556105	0.216032	0.0889453	0.182961	0.236734	0.0872502	1.21436	0.640607	0.837135
4050000	-23.32831	0	-23.32831	0.117811	0.15856	0.182324	0.144689	0.150171	0.0745373	2.64668	0.512409	0.175752
4060000	-23.39615	0	-23.39615	0.154916	0.0456215	0.254679	0.154603	0.0872373	0.145724	2.27388	1.96358	0.605478
4070000	-22.40959	0	-22.40959	0.249929	0.172516	0.241935	0.124672	0.133792	0.139653	1.81455	0.427686	0.584109
4080000	-23.21931	0	-23.21931	0.0981457	0.0719057	0.101488	0.372458	0.112278	0.271153	0.687851	1.76094	0.545386
4090000	-22.3716	0	-22.3716	0.146664	0.178431	0.0601067	0.19979	0.0616745	0.140193	0.192685	0.277157	0.68374
4100000	-22.11243	0	-22.11243	0.0636363	0.0703738	0.167224	0.264764	0.0958896	0.0821452	3.087	1.23114	0.839805
4110000	-23.93368	0	-23.93368	0.131141	0.0830041	0.171439	0.442735	0.115523	0.125468	2.54557	0.544	0.462074
4120000	-19.47611	0	-19.47611	0.110098	0.111561	0.0807455	0.312066	0.0797909	0.119133	2.44596	0.666716	0.822095
4130000	-26.12209	0	-26.12209	0.313115	0.0867246	0.34992	0.104827	0.167233	0.0967236	0.517336	2.2863	0.815385
4140000	-25.79416	0	-25.79416	0.134591	0.201269	0.237928	0.31053	0.064216	0.0993512	0.697875	3.16148	0.227026
4150000	-18.8424	0	-18.8424	0.0961695	0.199181	0.230502	0.260794	0.0578416	0.124808	1.69588	1.70718	0.593321
4160000	-20.94589	0	-20.94589	0.0923735	0.104259	0.11458	0.360992	0.0491856	0.0912459	2.42231	1.44121	0.351287
4170000	-23.93778	0	-23.93778	0.131908	0.199305	0.14865	0.139495	0.164004	0.0865725	2.19862	2.15874	0.844315
4180000	-26.10029	0	-26.10029	0.125572	0.284907	0.138068	0.232054	0.15151	0.100968	2.24077	2.96558	0.469448
4190000	-23.34586	0	-23.34586	0.0678313	0.0659775	0.153931	0.207734	0.10673	0.0584403	1.98611	2.37952	0.552188
4200000	-22.77249	0	-22.77249	0.184829	0.121275	0.158711	0.124607	0.106527	0.11134	0.883921	2.02429	0.278466
4210000	-29.46181	0	-29.46181	0.0740098	0.231563	0.0898927	0.259831	0.152373	0.0822494	0.844023	0.291744	0.740677
4220000	-20.37225	0	-20.37225	0.0721418	0.0923529	0.238791	0.281114	0.0869744	0.110434	2.1981	1.26044	0.187719
4230000	-23.91627	0	-23.91627	0.12463	0.0622805	0.199245	0.195685	0.151151	0.0913999	0.384627	0.681963	0.107476
4240000	-19.49316	0	-19.49316	0.0602208	0.124895	0.0946083	0.299474	0.0765194	0.140567	0.56757	0.629938	0.685577
4250000	-23.73623	0	-23.73623	0.222362	0.0758415	0.103848	0.264369	0.123236	0.108786	2.94945	2.10469	0.178561
4260000	-21.9163	0	-21.9163	0.198953	0.131364	0.208786	0.199331	0.106126	0.151677	0.335568	2.09243	1.12173
4270000	-22.41011	0	-22.41011	0.124055	0.254738	0.102235	0.261789	0.146692	0.123393	1.91425	2.90391	0.68223
4280000	-23.82332	0	-23.82332	0.083651	0.0993383	0.0827744	0.142135	0.0889854	0.0615472	0.237641	0.765753	0.618768
4290000	-20.44082	0	-20.44082	0.072568	0.136913	0.162514	0.146959	0.125494	0.105685	1.91287	1.5501	0.220486
4300000	-27.49121	0	-27.49121	0.0890389	0.154124	0.20213	0.209089	0.0707295	0.135895	1.26656	1.19844	0.253963
4310000	-21.49819	0	-21.49819	0.0977128	0.233237	0.187991	0.261464	0.0978007	0.264674	0.702372	2.0775	1.15991
4320000	-18.52789	0	-18.52789	0.157362	0.115123	0.160154	0.304967	0.1151	0.0924233	0.589183	0.753409	0.381314
4330000	-20.73772	0	-20.73772	0.134124	0.0571803	0.173781	0.169439	0.273674	0.0757479	0.509906	0.828283	1.02742
4340000	-20.40922	0	-20.40922	0.0833005	0.0935557	0.142887	0.208459	0.0527882	0.0672303	1.96798	1.9084	1.12434
4350000	-22.1866	0	-22.1866	0.0657475	0.0331729	0.158601	0.150829	0.121112	0.0935589	1.51194	1.31313	0.989837
4360000	-27.25293	0	-27.25293	0.0726051	0.0785356	0.196466	0.477473	0.0742725	0.0505519	3.66043	0.267751	0.375251
4370000	-25.77292	0	-25.77292	0.157378	0.12902	0.300977	0.390597	0.0687723	0.0973531	3.66298	1.4842	1.22719
4380000	-19.93601	0	-19.93601	0.0892184	0.0344807	0.238545	0.12504	0.0616454	0.0672765	2.07153	0.854689	0.641394
4390000	-18.48691	0	-18.48691	0.104601	0.120926	0.302161	0.190094	0.0663837	0.125323	1.49522	4.14505	1.49771
4400000	-23.56728	0	-23.56728	0.097827	0.141516	0.0864774	0.238866	0.0836056	0.128509	1.27971	6.31432	0.80314
4410000	-21.02728	0	-21.02728	0.0504661	0.134761	0.189698	0.20825	0.100532	0.224393	1.03137	0.628038	0.981159
4420000	-28.78906	0	-28.78906	0.320115	0.0567523	0.149649	0.430229	0.0693974	0.139709	1.36952	2.51935	0.583936
4430000	-23.59312	0	-23.59312	0.0651652	0.24595	0.173523	0.20738	0.160053	0.0670199	1.21153	0.284209	1.06293
4440000	-24.94492	0	-24.94492	0.258072	0.134998	0.147259	0.295505	0.14871	0.119299	1.78267	1.2997	0.194278
4450000	-24.26743	0	-24.26743	0.0889644	0.260356	0.239359	0.269404	0.22954	0.179849	0.486001	3.08251	1.1703
4460000	-24.62329	0	-24.62329	0.14825	0.099117	0.140998	0.20783	0.0914009	0.103996	2.5536	4.21296	0.7661
4470000	-22.84891	0	-22.84891	0.195504	0.146019	0.250564	0.136363	0.0948989	0.194366	1.23699	1.60746	0.163813
4480000	-23.31184	0	-23.31184	0.109907	0.0557581	0.121828	0.213737	0.277097	0.0978336	0.759458	1.06324	0.44865
4490000	-28.1078	0	-28.1078	0.289229	0.0631596	0.443247	0.104259	0.152044	0.206523	0.626452	0.447925	0.744384
4500000	-18.5633	0	-18.5633	0.159523	0.0840405	0.180059	0.225451	0.0989789	0.0776772	2.62062	0.919317	0.885994
4510000	-22.90973	0	-22.90973	0.0993698	0.0621303	0.197641	0.237085	0.142625	0.0435076	0.38137	1.96988	0.721541
4520000	-19.73204	0	-19.73204	0.069932	0.169835	0.305716	0.24241	0.131024	0.130644	1.75558	0.715779	1.09084
4530000	-25.40133	0	-25.40133	0.164577	0.0611629	0.216498	0.473696	0.0613729	0.129227	0.590547	0.303259	1.19025
4540000	-22.92865	0	-22.92865	0.0819966	0.177561	0.3002	0.201595	0.0736937	0.0663326	1.01393	1.63753	0.206788
4550000	-19.02456	0	-19.02456	0.0589206	0.0537936	0.260164	0.195989	0.0755391	0.124401	1.77795	1.00866	2.51326
4560000	-22.05086	0	-22.05086	0.0722848	0.193608	0.167713	0.308418	0.173869	0.158507	0.862922	1.6291	2.28096
4570000	-28.52321	0	-28.52321	0.140796	0.172163	0.0871675	0.186217	0.0820137	0.0590225	1.33537	1.3642	0.0873829
4580000	-23.75267	0	-23.75267	0.128276	0.109932	0.0952073	0.163448	0.114472	0.0447075	2.51206	2.30296	0.571577
4590000	-20.1663	0	-20.1663	0.112044	0.226243	0.119065	0.204546	0.147717	0.0741198	0.572631	1.09995	1.6204
4600000	-21.71801	0	-21.71801	0.0996695	0.122479	0.165426	0.180407	0.191489	0.17461	0.645294	0.436444	1.29322
4610000	-22.61358	0	-22.61358	0.0725715	0.10955	0.275046	0.256795	0.129989	0.164389	4.29153	0.430138	1.74256
4620000	-20.94249	0	-20.94249	0.16456	0.075909	0.218182	0.233537	0.142817	0.0658179	0.77637	0.888377	0.645485
4630000	-24.72249	0	-24.72249	0.0666742	0.206084	0.133768	0.195668	0.0989605	0.0857516	1.41598	1.67629	0.647222
4640000	-24.56165	0	-24.56165	0.105527	0.15649	0.14417	0.255882	0.13608	0.194586	4.38777	1.32975	2.87482
4650000	-24.18063	0	-24.18063	0.197873	0.0792856	0.181222	0.205114	0.116585	0.0819797	4.25709	0.977524	0.280341
4660000	-26.06299	0	-26.06299	0.0905374	0.0670394	0.202048	0.111536	0.140559	0.109147	1.33378	0.310364	1.6592
4670000	-24.44596	0	-24.44596	0.137476	0.0809095	0.152643	0.25596	0.252844	0.165786	0.476935	3.0922	0.309764
4680000	-26.55383	0	-26.55383	0.0606814	0.137841	0.213274	0.258349	0.108272	0.134119	0.703588	0.564842	0.316775
4690000	-22.61847	0	-22.61847	0.172926	0.0952593	0.606668	0.36655	0.121443	0.0779956	1.28396	2.10433	1.1363
4700000	-23.99403	0	-23.99403	0.168406	0.0555009	0.15007	0.150873	0.11445	0.119732	0.730783	2.6621	0.179888
4710000	-22.76959	0	-22.76959	0.213875	0.0597821	0.124759	0.179606	0.0750769	0.158702	0.89054	1.22695	0.0613643
4720000	-19.0316	0	-19.0316	0.130392	0.166864	0.238064	0.175654	0.122958	0.121656	0.282366	1.51311	1.0895
4730000	-17.9954	0	-17.9954	0.136061	0.124638	0.218256	0.13036	0.123033	0.103414	0.629769	0.367841	0.716826
4740000	-22.63354	0	-22.63354	0.136308	0.118262	0.0803542	0.392714	0.148234	0.092709	2.16692	1.99832	1.64544
4750000	-25.01461	0	-25.01461	0.103258	0.15823	0.166857	0.769558	0.0950193	0.122963	0.832939	0.265826	1.22472
4760000	-21.73426	0	-21.73426	0.0768216	0.08953	0.357881	0.187055	0.130548	0.1893	4.27233	0.984573	0.478343
4770000	-22.51699	0	-22.51699	0.15529	0.119713	0.114276	0.100128	0.168694	0.0872312	3.20719	1.13674	0.965235
4780000	-23.6781	0	-23.6781	0.191183	0.139432	0.166557	0.358953	0.119809	0.162843	3.04231	2.52768	0.275821
4790000	-22.14665	0	-22.14665	0.200264	0.0863011	0.153711	0.249095	0.055595	0.192499	3.022	0.872847	0.817231
4800000	-20.98669	0	-20.98669	0.0567259	0.0638099	0.221355	0.277271	0.236583	0.0852567	1.01458	2.00354	2.08719
4810000	-23.59275	0	-23.59275	0.0560316	0.15066	0.142048	0.094746	0.0926787	0.147194	1.59832	1.58937	0.378052
4820000	-18.37587	0	-18.37587	0.120697	0.0962027	0.123719	0.256198	0.136299	0.114339	1.64402	1.45433	1.02554
4830000	-19.32448	0	-19.32448	0.13129	0.0719515	0.196222	0.168999	0.131805	0.143264	1.55401	0.847873	0.30767
4840000	-25.77575	0	-25.77575	0.139934	0.0277977	0.167219	0.178662	0.0894737	0.151257	2.50734	2.37819	0.369347
4850000	-18.70398	0	-18.70398	0.199802	0.142975	0.175524	0.154096	0.133161	0.114098	0.589542	1.17055	1.54466
4860000	-32.08878	0	-32.08878	0.178693	0.126076	0.558849	0.344432	0.0659016	0.0873599	1.99656	2.42459	4.06252
4870000	-19.83243	0	-19.83243	0.11245	0.111992	0.126926	0.131967	0.115537	0.140076	1.36686	1.9152	2.87035
4880000	-23.20993	0	-23.20993	0.125716	0.150363	0.173246	0.553505	0.0712295	0.150046	0.548067	1.022	0.958154
4890000	-20.63568	0	-20.63568	0.0964335	0.183885	0.105782	0.129853	0.0771935	0.0581175	1.09464	0.688288	1.03206
4900000	-24.10911	0	-24.10911	0.108769	0.154942	0.254814	0.199626	0.198704	0.150118	2.81272	2.85652	1.28266
4910000	-23.2805	0	-23.2805	0.0930178	0.156478	0.164177	0.245834	0.130992	0.0966875	3.65395	0.716951	0.250496
4920000	-21.1981	0	-21.1981	0.187441	0.106657	0.215445	0.198105	0.170848	0.210219	1.90901	0.655921	1.81623
4930000	-22.23984	0	-22.23984	0.130763	0.312601	0.23129	0.392164	0.136183	0.111468	0.451892	1.31938	0.702768
4940000	-23.15602	0	-23.15602	0.0969418	0.296765	0.238836	0.24313	0.127051	0.151826	4.27507	1.48137	2.64277
4950000	-22.09848	0	-22.09848	0.101701	0.0806313	0.253771	0.28035	0.138081	0.14977	2.37598	1.19915	0.364707
4960000	-22.75173	0	-22.75173	0.146461	0.0464377	0.208326	0.260168	0.112077	0.201284	1.1656	1.21555	1.4418
4970000	-22.08717	0	-22.08717	0.144744	0.120819	0.120911	0.507127	0.109818	0.237715	1.18758	1.03518	0.334211
4980000	-21.93204	0	-21.93204	0.101762	0.0985376	0.178884	0.263492	0.0643492	0.217195	0.324182	1.47593	1.22034
4990000	-23.89985	0	-23.89985	0.169967	0.0923936	0.140154	0.345386	0.250772	0.10516	1.1456	1.2136	2.02349
5000000	-21.60616	0	-21.60616	0.111532	0.149128	0.134322	0.121633	0.189746	0.0794293	0.392363	0.80461	1.2387
