Iteration	Posterior	Likelihood	Prior	lambda[1]	lambda[2]	lambda[3]	mu[1]	mu[2]	mu[3]	psi[1]	psi[2]	psi[3]
0	-74.41838	0	-74.41838	0.112184	0.16483	0.0784495	0.166896	0.124464	0.0678576	0.174927	0.0651067	1.73006
10000	-36.17698	0	-36.17698	0.174289	0.234341	0.364834	0.413578	0.12426	0.15169	0.872668	1.13967	0.485646
20000	-42.13145	0	-42.13145	0.167449	0.127672	0.110407	0.248059	0.0607383	0.0648717	1.98085	1.37964	0.120008
30000	-40.68012	0	-40.68012	0.130434	0.189766	0.430506	0.511557	0.0939559	0.14507	2.73385	7.42921	0.332804
40000	-33.66489	0	-33.66489	0.261446	0.168563	0.129142	0.388175	0.0876882	0.0923702	2.20434	2.76788	0.186215
50000	-37.36513	0	-37.36513	0.144946	0.0758691	0.184662	0.301506	0.176057	0.12267	2.60476	0.891782	0.235071
60000	-32.84459	0	-32.84459	0.156351	0.0935592	0.295407	0.711083	0.108397	0.111004	2.23763	2.31052	0.141142
70000	-38.98712	0	-38.98712	0.0881216	0.117081	0.152162	0.588459	0.0873278	0.100913	2.90294	1.1458	0.345558
80000	-32.54838	0	-32.54838	0.0944629	0.203317	0.168421	0.233962	0.276603	0.0663371	2.07263	0.651956	0.538085
90000	-34.63981	0	-34.63981	0.104402	0.139334	0.260259	0.276715	0.0773677	0.0718427	1.63158	1.09248	0.130492
100000	-39.33486	0	-39.33486	0.163605	0.236682	0.3111	0.664715	0.0369471	0.187118	2.45483	5.67473	0.117241
110000	-40.76802	0	-40.76802	0.0770164	0.0866554	0.136622	0.211451	0.130865	0.0999311	3.40443	0.729521	0.0828366
120000	-51.27016	0	-51.27016	0.103057	0.0661791	0.10874	0.499057	0.077596	0.0479983	2.06971	2.71236	0.237205
130000	-31.6343	0	-31.6343	0.171074	0.164328	0.136121	0.755719	0.168318	0.111767	1.87683	1.06606	0.587513
140000	-40.082	0	-40.082	0.303309	0.246713	0.0677112	0.41392	0.118812	0.138927	1.37468	0.804401	2.33286
150000	-34.71343	0	-34.71343	0.0835315	0.0913732	0.260866	0.595513	0.0962663	0.060043	1.72512	4.26101	0.112912
160000	-32.05429	0	-32.05429	0.092207	0.147216	0.319274	0.461454	0.118684	0.106616	2.36946	1.8876	0.526696
170000	-33.60912	0	-33.60912	0.0856483	0.142835	0.117905	0.665228	0.123784	0.0606591	1.38903	1.23376	0.100777
180000	-32.40758	0	-32.40758	0.0445263	0.283326	0.279648	0.286595	0.0702885	0.104309	1.31126	3.47289	2.63629
190000	-32.62782	0	-32.62782	0.137075	0.301486	0.137366	0.341901	0.137643	0.0954687	1.71646	2.84476	0.120472
200000	-35.99984	0	-35.99984	0.106207	0.415135	0.315308	0.239061	0.125536	0.0906066	2.50383	2.60258	0.355839
210000	-38.82453	0	-38.82453	0.0707286	0.0986567	0.174217	0.337211	0.105127	0.0809708	1.98406	0.608039	0.150835
220000	-38.103	0	-38.103	0.179221	0.161205	0.237503	0.302974	0.0683918	0.105594	0.979707	1.1412	0.0500533
230000	-36.13523	0	-36.13523	0.173885	0.246436	0.229429	0.567143	0.095523	0.145702	1.47074	1.71161	0.638854
240000	-40.38321	0	-40.38321	0.095534	0.112127	0.172177	0.661535	0.21428	0.142969	0.809327	1.65762	0.111564
250000	-31.51789	0	-31.51789	0.187857	0.372108	0.2412	0.430303	0.0747157	0.261895	1.26117	1.52816	0.196001
260000	-36.51606	0	-36.51606	0.135168	0.0706094	0.324019	0.401373	0.0842878	0.0820596	3.48912	0.887307	0.266075
270000	-32.01554	0	-32.01554	0.0643369	0.117031	0.181491	0.323222	0.0639968	0.147625	1.30509	1.27507	1.26029
280000	-41.28751	0	-41.28751	0.286831	0.196566	0.170044	0.36387	0.127525	0.0795402	2.87158	1.97126	0.0834176
290000	-31.49348	0	-31.49348	0.113499	0.189241	0.4004	0.180355	0.136765	0.113742	2.04613	0.9517	0.787235
300000	-35.35179	0	-35.35179	0.287291	0.0920614	0.25534	0.611175	0.114984	0.079595	1.61184	0.596426	0.788066
310000	-29.32329	0	-29.32329	0.092045	0.530558	0.166617	0.395681	0.177809	0.1254	2.39852	0.965216	0.804516
320000	-42.75589	0	-42.75589	0.0488166	0.0957964	0.201501	0.549322	0.206516	0.0551323	2.88784	0.744878	0.0224864
330000	-39.9823	0	-39.9823	0.118889	0.0585051	0.151942	0.298726	0.0531144	0.0804226	4.68828	0.616899	0.150295
340000	-31.64093	0	-31.64093	0.0726861	0.186931	0.152291	0.226507	0.104803	0.123015	1.00814	1.01554	0.35162
350000	-31.25074	0	-31.25074	0.106836	0.0952249	0.241137	0.355941	0.0864255	0.0648793	2.30893	0.737491	0.146158
360000	-37.61138	0	-37.61138	0.0877539	0.278732	0.128864	0.551734	0.150987	0.0554734	3.33694	1.2666	0.0542821
370000	-41.63149	0	-41.63149	0.131652	0.213815	0.0989741	0.360446	0.0994458	0.0779808	1.62346	1.1904	0.069929
380000	-39.98561	0	-39.98561	0.139999	0.119487	0.247475	0.120325	0.218863	0.068111	2.45942	0.970293	0.134564
390000	-36.77936	0	-36.77936	0.140797	0.10453	0.138169	0.372045	0.272974	0.115321	2.4161	2.24897	0.33834
400000	-38.00056	0	-38.00056	0.0826362	0.120747	0.134662	0.541324	0.123101	0.0941623	4.38104	0.62492	0.154069
410000	-35.25928	0	-35.25928	0.248136	0.196337	0.123117	0.478505	0.277198	0.0549994	1.1838	1.51778	1.06201
420000	-38.1889	0	-38.1889	0.0348326	0.242094	0.168757	0.456853	0.0565703	0.0572153	2.81539	1.13391	1.04223
430000	-31.1534	0	-31.1534	0.0696403	0.129118	0.131273	0.533285	0.0896516	0.117173	1.82668	2.7787	0.757679
440000	-39.28707	0	-39.28707	0.131629	0.11404	0.12116	0.280413	0.16357	0.0992631	1.62636	1.00826	0.0675401
450000	-40.17003	0	-40.17003	0.145366	0.3125	0.33217	0.373397	0.136653	0.0865524	3.42254	0.890383	0.175679
460000	-33.46189	0	-33.46189	0.0813419	0.261306	0.300068	0.662616	0.123409	0.220126	1.61744	0.663723	0.176769
470000	-34.47779	0	-34.47779	0.0557141	0.100107	0.135608	0.214437	0.0778876	0.118259	3.17037	0.494013	0.785585
480000	-47.38407	0	-47.38407	0.314154	0.0838115	0.277894	0.433129	0.120796	0.100733	1.10086	0.613085	0.246204
490000	-40.04274	0	-40.04274	0.0426387	0.21292	0.270539	0.717249	0.13064	0.104042	1.25744	3.43941	0.701742
500000	-45.78097	0	-45.78097	0.153058	0.06153	0.194493	0.252618	0.173221	0.100398	2.92605	0.800537	0.0630267
510000	-40.32775	0	-40.32775	0.135218	0.084867	0.104772	0.591974	0.0992194	0.063925	0.980343	1.60163	1.02237
520000	-45.29545	0	-45.29545	0.214514	0.085024	0.175116	0.438539	0.0812221	0.0342585	1.86742	1.35601	0.280928
530000	-51.25829	0	-51.25829	0.128948	0.106335	0.142869	0.822743	0.0633904	0.0936672	1.06569	1.04832	0.0169738
540000	-35.93918	0	-35.93918	0.187812	0.238956	0.236731	0.254509	0.0550147	0.118715	4.39344	1.85528	0.427956
550000	-47.13167	0	-47.13167	0.231254	0.048097	0.118248	0.409283	0.242667	0.0537274	2.3619	2.20101	0.49922
560000	-37.15436	0	-37.15436	0.144274	0.19893	0.385706	0.324337	0.153601	0.077717	1.38234	0.912154	0.696723
570000	-45.44402	0	-45.44402	0.333397	0.178107	0.22127	0.490503	0.146533	0.0777927	0.930093	5.54341	0.219261
580000	-32.43556	0	-32.43556	0.0987	0.144189	0.171157	0.254952	0.0703573	0.10408	2.61869	0.880765	1.40275
590000	-34.25956	0	-34.25956	0.102767	0.0858448	0.208898	0.335606	0.0685324	0.103293	3.36881	2.66418	0.219164
600000	-42.79596	0	-42.79596	0.0708596	0.199368	0.218633	0.403275	0.085845	0.308493	2.15669	0.531761	0.394388
610000	-31.71797	0	-31.71797	0.181102	0.38053	0.0928097	0.937472	0.0985854	0.067072	1.94624	1.76911	0.977108
620000	-37.71768	0	-37.71768	0.327935	0.170752	0.195689	0.312129	0.0912221	0.137794	1.00206	2.24976	0.287813
630000	-39.29848	0	-39.29848	0.0768081	0.1899	0.106963	0.402404	0.048042	0.0503047	1.00543	2.63311	0.0366622
640000	-34.9623	0	-34.9623	0.104799	0.0784379	0.253465	0.415418	0.110981	0.107446	1.61711	0.935904	0.20342
650000	-35.12262	0	-35.12262	0.141921	0.149064	0.164622	0.572998	0.145251	0.252186	1.71088	0.880247	0.484167
660000	-34.82976	0	-34.82976	0.0305633	0.372777	0.256998	0.516501	0.13678	0.143458	1.21941	0.793415	0.761209
670000	-34.13916	0	-34.13916	0.0776384	0.161371	0.262507	0.407481	0.0628346	0.152369	2.47254	1.76708	0.30806
680000	-34.75171	0	-34.75171	0.21649	0.0797292	0.0831819	0.402035	0.133996	0.102638	1.1754	1.21392	0.602389
690000	-31.39563	0	-31.39563	0.141076	0.155517	0.179897	0.449183	0.159058	0.158597	0.876118	1.75433	0.234959
700000	-37.67842	0	-37.67842	0.101805	0.106271	0.214725	0.461333	0.124066	0.111596	2.43777	2.11474	0.489112
710000	-32.37471	0	-32.37471	0.154719	0.296705	0.124325	0.413018	0.0612508	0.0831914	3.2013	5.42601	2.43429
720000	-31.89542	0	-31.89542	0.206868	0.206021	0.102723	0.351266	0.186552	0.0837363	2.20745	4.35917	0.552906
730000	-32.18663	0	-32.18663	0.0990956	0.169446	0.304052	0.342859	0.115971	0.085077	2.83976	2.0351	0.199428
740000	-39.50613	0	-39.50613	0.16468	0.0776512	0.0935468	0.391645	0.0802505	0.0745351	2.04544	1.85914	0.162019
750000	-42.87086	0	-42.87086	0.201106	0.0744584	0.146134	0.402433	0.12853	0.0700736	5.75808	1.45991	0.147162
760000	-48.51057	0	-48.51057	0.273355	0.209009	0.119185	0.697936	0.105581	0.0627739	2.37042	0.461952	0.0359611
770000	-34.27721	0	-34.27721	0.167868	0.24487	0.533875	0.50446	0.0970958	0.0665717	2.15908	0.616195	0.160108
780000	-31.46395	0	-31.46395	0.206213	0.345505	0.105324	0.45823	0.117197	0.122662	1.74753	2.0633	2.29671
790000	-32.5183	0	-32.5183	0.110249	0.474328	0.254963	0.45626	0.0801673	0.11982	2.33912	1.1292	0.754155
800000	-33.69095	0	-33.69095	0.182389	0.110724	0.392101	0.569789	0.0891156	0.0955827	3.38092	3.35669	0.105342
810000	-37.45944	0	-37.45944	0.135889	0.0552386	0.218837	0.314298	0.100389	0.106422	1.81897	1.54387	0.0502916
820000	-38.37477	0	-38.37477	0.048022	0.286613	0.154963	0.466254	0.21214	0.0843284	4.28348	0.435796	0.0569409
830000	-34.69644	0	-34.69644	0.210464	0.175625	0.0870491	0.244578	0.0791787	0.145867	2.84739	3.00299	1.68696
840000	-39.46125	0	-39.46125	0.29424	0.187334	0.289497	0.853927	0.145782	0.0949678	1.95398	1.73235	0.259488
850000	-32.47307	0	-32.47307	0.0654315	0.130061	0.201311	0.32139	0.127389	0.187103	2.98977	1.0165	0.273496
860000	-38.23816	0	-38.23816	0.0726671	0.200521	0.117017	0.483304	0.0955436	0.134811	1.30527	1.60376	0.0225012
870000	-33.13634	0	-33.13634	0.0899939	0.120095	0.377199	0.644701	0.0960803	0.138425	1.69855	0.639421	0.607248
880000	-40.77032	0	-40.77032	0.187478	0.251483	0.245784	0.610054	0.117646	0.0569074	0.668933	0.662551	0.0610487
890000	-34.24343	0	-34.24343	0.0512579	0.268656	0.215848	0.360396	0.074501	0.187146	1.06388	1.1696	0.219115
900000	-30.92948	0	-30.92948	0.166304	0.223295	0.183391	0.896936	0.125373	0.069969	1.68653	1.52639	0.698584
910000	-35.95253	0	-35.95253	0.0958116	0.236833	0.265207	0.794064	0.0426422	0.0615372	1.01895	0.692988	0.0658514
920000	-33.8814	0	-33.8814	0.146134	0.126528	0.313717	0.691278	0.144606	0.117655	2.04468	0.680499	0.153905
930000	-31.87487	0	-31.87487	0.056693	0.215466	0.367074	0.395247	0.124605	0.0479005	1.94364	1.07044	0.270287
940000	-36.68865	0	-36.68865	0.113723	0.171979	0.136203	0.455522	0.0793681	0.056448	1.3337	1.95507	1.37937
950000	-31.51312	0	-31.51312	0.321522	0.0830322	0.326935	0.373151	0.159278	0.141951	1.30154	2.42928	0.451421
960000	-41.87213	0	-41.87213	0.0786147	0.133298	0.133953	0.209368	0.133698	0.0389698	2.49859	0.360172	0.152593
970000	-39.80832	0	-39.80832	0.0914985	0.116149	0.137374	0.578693	0.110432	0.0338858	0.956943	1.40614	0.138956
980000	-44.35006	0	-44.35006	0.0778453	0.201273	0.101872	0.793869	0.125982	0.0815539	2.48627	2.62602	0.0284695
990000	-35.7488	0	-35.7488	0.0582602	0.188024	0.685132	0.233377	0.07971	0.0937373	1.33965	2.54973	0.43845
1000000	-43.66566	0	-43.66566	0.166953	0.129569	0.214546	0.409325	0.125951	0.0959563	1.26054	1.94197	0.0562281
1010000	-35.21245	0	-35.21245	0.0881312	0.122261	0.221659	0.259565	0.122316	0.0605786	1.57021	0.796563	0.163398
1020000	-39.13346	0	-39.13346	0.0809592	0.1926	0.407103	0.1595	0.264632	0.136085	4.02556	1.51963	0.264625
1030000	-27.08854	0	-27.08854	0.0840689	0.228974	0.0990895	0.350378	0.172539	0.119405	1.86869	1.57323	0.991711
1040000	-38.18232	0	-38.18232	0.23879	0.097915	0.424219	0.579109	0.1053	0.142854	2.27965	0.638765	0.048381
1050000	-33.56643	0	-33.56643	0.0955215	0.0784716	0.158728	0.351294	0.111578	0.12792	1.7107	0.849676	0.220083
1060000	-43.79287	0	-43.79287	0.0998389	0.168854	0.150178	0.753247	0.0780885	0.0495652	2.05523	0.527821	0.0426966
1070000	-40.61078	0	-40.61078	0.166117	0.22926	0.0734474	0.879136	0.112032	0.109124	0.755984	0.945397	0.13592
1080000	-35.6597	0	-35.6597	0.0630295	0.233892	0.225154	0.377643	0.0958324	0.0984553	3.81288	2.47717	0.325873
1090000	-34.90625	0	-34.90625	0.0819959	0.285667	0.334449	0.262108	0.134885	0.0262757	2.80247	1.55981	1.65416
1100000	-34.279	0	-34.279	0.205601	0.184766	0.166407	0.361994	0.107179	0.101355	1.64674	2.12687	0.132096
1110000	-37.29444	0	-37.29444	0.126662	0.213096	0.194133	0.350409	0.182359	0.0549731	2.67967	0.898893	0.109667
1120000	-34.86884	0	-34.86884	0.119766	0.247038	0.214055	0.322745	0.22139	0.073359	4.76069	2.22277	0.643462
1130000	-30.29823	0	-30.29823	0.111975	0.176447	0.0795378	0.342475	0.139509	0.138059	3.60198	1.55886	0.775177
1140000	-37.43913	0	-37.43913	0.12044	0.0587854	0.175926	0.287277	0.0975125	0.0774173	4.96819	1.72955	0.0316727
1150000	-43.39214	0	-43.39214	0.12926	0.0924023	0.1135	0.534351	0.0879763	0.0634289	2.22596	4.5045	0.0228219
1160000	-30.15208	0	-30.15208	0.249013	0.157004	0.321307	0.447522	0.0927476	0.0823605	3.84913	1.40598	0.408377
1170000	-29.41804	0	-29.41804	0.0973861	0.117643	0.43189	0.47696	0.115578	0.0738529	2.54879	1.63478	0.274825
1180000	-32.85828	0	-32.85828	0.143703	0.131982	0.117104	0.349579	0.155229	0.105748	1.14909	2.91492	2.6597
1190000	-39.0766	0	-39.0766	0.232593	0.0947889	0.151687	0.481608	0.0665007	0.0463211	2.51562	1.74329	0.027013
1200000	-31.53708	0	-31.53708	0.0669487	0.204994	0.270622	0.588815	0.122613	0.137795	2.04833	1.40105	0.975377
1210000	-34.93708	0	-34.93708	0.0898903	0.164214	0.152015	0.852818	0.14782	0.0669788	2.58872	3.40242	0.251004
1220000	-42.7037	0	-42.7037	0.20017	0.152107	0.190695	0.569688	0.228806	0.111683	2.298	1.90108	0.0318846
1230000	-37.6458	0	-37.6458	0.122103	0.120684	0.277868	0.195933	0.0600829	0.116836	2.4472	3.52587	0.0680476
1240000	-30.5538	0	-30.5538	0.0987541	0.175721	0.0900987	0.500371	0.0995373	0.128393	1.15935	2.43085	0.370559
1250000	-31.03674	0	-31.03674	0.149343	0.255285	0.207012	0.218829	0.0879112	0.0765345	1.59908	1.7756	0.101545
1260000	-41.27935	0	-41.27935	0.126948	0.0858375	0.27159	0.295432	0.330593	0.181221	7.57926	2.4504	0.0831362
1270000	-37.68026	0	-37.68026	0.235159	0.197096	0.0721133	0.519063	0.105293	0.102003	3.91632	1.14731	0.479388
1280000	-31.6393	0	-31.6393	0.211528	0.253807	0.205373	0.412152	0.147142	0.147864	1.19417	0.823552	0.61854
1290000	-31.39187	0	-31.39187	0.19443	0.225743	0.152006	0.788747	0.0450016	0.0697149	2.89878	0.896165	0.163663
1300000	-36.65926	0	-36.65926	0.121839	0.279163	0.137004	0.217429	0.168743	0.124082	1.10831	0.994645	0.187527
1310000	-34.35816	0	-34.35816	0.196004	0.155152	0.501655	0.616085	0.122984	0.0320319	0.824765	1.12873	0.324079
1320000	-39.52618	0	-39.52618	0.0998632	0.0668481	0.195604	0.592793	0.287049	0.118011	0.864041	1.16404	0.358901
1330000	-35.78412	0	-35.78412	0.139531	0.318857	0.106114	0.541855	0.188882	0.0744991	1.35998	1.07961	0.259939
1340000	-34.9779	0	-34.9779	0.204558	0.239139	0.163871	0.195687	0.0649714	0.0673477	2.12118	1.8208	1.34013
1350000	-42.09077	0	-42.09077	0.0707668	0.0926191	0.157882	0.198305	0.137691	0.0998814	2.02819	0.76006	0.0396381
1360000	-35.42276	0	-35.42276	0.146941	0.134714	0.195715	0.282735	0.231834	0.0917009	2.3436	1.25251	0.0359749
1370000	-43.60413	0	-43.60413	0.113654	0.129152	0.148508	0.306388	0.119714	0.0535882	1.50004	0.598091	0.103914
1380000	-38.98389	0	-38.98389	0.0670469	0.269335	0.326798	0.512482	0.178227	0.188567	0.759606	2.87999	0.389228
1390000	-32.92903	0	-32.92903	0.0754971	0.127982	0.141507	0.479638	0.0575366	0.144965	0.751555	2.89978	0.52961
1400000	-37.71883	0	-37.71883	0.162141	0.205589	0.208419	0.2593	0.0906443	0.128982	2.38946	1.8439	0.141198
1410000	-32.08631	0	-32.08631	0.179809	0.32169	0.255686	0.285175	0.137201	0.0942394	2.75399	2.40937	0.660752
1420000	-52.6744	0	-52.6744	0.233062	0.0691272	0.13541	0.348686	0.212058	0.0730003	1.23216	0.695545	0.0221437
1430000	-35.31249	0	-35.31249	0.124152	0.333523	0.264625	0.347405	0.0937179	0.118568	5.98599	2.24601	0.120452
1440000	-40.69496	0	-40.69496	0.279031	0.136701	0.267044	0.55393	0.138904	0.154025	2.25936	1.34304	0.00780512
1450000	-36.13624	0	-36.13624	0.152397	0.0741988	0.215673	0.347274	0.123944	0.0602582	2.47143	1.40439	0.0525225
1460000	-36.31527	0	-36.31527	0.0937694	0.0913281	0.169004	0.442181	0.160311	0.0554951	2.72818	3.45036	0.936235
1470000	-32.84515	0	-32.84515	0.0554112	0.15895	0.177013	0.244099	0.163091	0.0842431	2.30759	1.87229	1.19996
1480000	-36.61661	0	-36.61661	0.229936	0.220029	0.275794	0.221414	0.22811	0.0874472	3.19183	1.31982	0.13758
1490000	-35.69284	0	-35.69284	0.214965	0.134093	0.217872	0.404004	0.210175	0.128462	3.36715	1.82629	0.247889
1500000	-35.62316	0	-35.62316	0.178468	0.145443	0.136384	0.536806	0.128224	0.0819333	2.24135	2.69671	0.269173
1510000	-38.52992	0	-38.52992	0.115305	0.114093	0.159088	0.36277	0.0591464	0.13291	2.68735	2.85635	0.0896891
1520000	-31.2924	0	-31.2924	0.113514	0.121858	0.307405	0.481114	0.0825147	0.117476	1.95685	0.519551	0.226607
1530000	-33.7659	0	-33.7659	0.1413	0.214215	0.101597	0.491488	0.304993	0.197969	1.88606	1.88514	0.861902
1540000	-34.60447	0	-34.60447	0.0552117	0.283437	0.15356	0.370176	0.0888384	0.19094	6.45823	1.11615	0.955562
1550000	-40.92254	0	-40.92254	0.145006	0.271786	0.184703	0.370507	0.187435	0.217045	2.38961	1.16538	0.059887
1560000	-34.22043	0	-34.22043	0.205584	0.411402	0.120143	0.268741	0.132312	0.109696	2.98281	2.24838	1.41063
1570000	-33.16695	0	-33.16695	0.115667	0.169312	0.309914	0.486973	0.0940235	0.109367	2.82097	0.703847	0.538566
1580000	-36.26043	0	-36.26043	0.108147	0.241125	0.155213	0.457179	0.095009	0.0787988	3.81671	1.09025	0.277508
1590000	-34.49674	0	-34.49674	0.139401	0.151894	0.182836	0.429265	0.248475	0.0974719	2.21021	2.70014	0.135462
1600000	-41.3595	0	-41.3595	0.070412	0.132239	0.443408	0.942312	0.0587906	0.145963	9.06171	1.40968	0.276024
1610000	-39.56868	0	-39.56868	0.0691318	0.210858	0.311136	0.735834	0.119918	0.235685	2.09589	3.58584	0.514753
1620000	-36.2664	0	-36.2664	0.0607193	0.157831	0.163373	0.42564	0.109017	0.183505	1.0914	2.06208	0.659359
1630000	-33.28914	0	-33.28914	0.200538	0.133974	0.240277	0.276198	0.101981	0.142861	1.14487	1.74197	0.870681
1640000	-34.81867	0	-34.81867	0.23174	0.225137	0.208378	0.676264	0.074535	0.120236	0.797281	2.58011	0.084501
1650000	-33.22814	0	-33.22814	0.0813279	0.135516	0.276792	0.76297	0.058297	0.0764229	1.26303	2.12376	0.282982
1660000	-34.10522	0	-34.10522	0.11115	0.206401	0.264259	0.369511	0.155911	0.0981971	2.604	2.69034	0.0818128
1670000	-37.0702	0	-37.0702	0.232379	0.0959547	0.185538	0.344154	0.0735779	0.0739126	1.02463	1.00686	0.0265175
1680000	-35.83439	0	-35.83439	0.111653	0.115567	0.1481	0.483085	0.0675292	0.0467685	2.7684	1.62342	0.0225159
1690000	-35.09573	0	-35.09573	0.146416	0.321021	0.211438	0.397759	0.0495798	0.0585838	1.13477	1.30873	3.51557
1700000	-33.47296	0	-33.47296	0.138156	0.112411	0.210996	0.34394	0.121649	0.12893	2.13132	2.36566	0.213298
1710000	-38.33639	0	-38.33639	0.14228	0.298632	0.120378	0.577313	0.0526412	0.060056	3.17479	0.446862	0.344385
1720000	-37.98346	0	-37.98346	0.191367	0.0686857	0.155895	0.455969	0.0846071	0.0646437	2.28295	1.14406	0.0852164
1730000	-32.66137	0	-32.66137	0.118426	0.216962	0.170002	0.347085	0.0729022	0.101746	3.32486	4.8409	1.60704
1740000	-32.99233	0	-32.99233	0.118114	0.320767	0.210204	0.433608	0.155828	0.0581362	1.21143	3.12701	0.48323
1750000	-36.63816	0	-36.63816	0.273587	0.0872665	0.179351	0.228375	0.226426	0.103969	2.64729	0.716072	0.153864
1760000	-40.15041	0	-40.15041	0.132474	0.150511	0.130666	0.686783	0.149631	0.0752682	4.71369	0.902656	0.135344
1770000	-35.4345	0	-35.4345	0.0932517	0.251388	0.0797806	0.785583	0.108822	0.0537635	3.33328	2.11311	0.176959
1780000	-38.45324	0	-38.45324	0.0920484	0.259441	0.166812	0.619685	0.0881761	0.17859	1.04851	1.83671	0.599768
1790000	-31.92055	0	-31.92055	0.08327	0.140294	0.240119	0.419078	0.159403	0.164805	1.716	1.98414	0.254425
1800000	-30.85951	0	-30.85951	0.115718	0.194502	0.192292	0.407852	0.0327669	0.0652167	1.34395	1.68593	0.396157
1810000	-35.03477	0	-35.03477	0.200473	0.20374	0.125015	0.501036	0.0634081	0.0982483	1.77756	2.3153	0.0619266
1820000	-32.94748	0	-32.94748	0.147379	0.158449	0.209234	0.370269	0.105745	0.172931	1.71059	1.09491	0.132337
1830000	-31.89801	0	-31.89801	0.13513	0.219055	0.197619	0.523511	0.0475489	0.182634	2.64396	2.9513	0.166359
1840000	-34.68855	0	-34.68855	0.191917	0.129671	0.222008	0.638749	0.159223	0.0501977	2.75825	0.529105	0.24978
1850000	-40.68423	0	-40.68423	0.10668	0.0843729	0.213859	0.39019	0.10045	0.0981739	0.964076	2.32438	0.104577
1860000	-49.42869	0	-49.42869	0.134907	0.247135	0.106204	0.268427	0.102191	0.0481624	1.66255	1.20555	0.110359
1870000	-39.65603	0	-39.65603	0.138139	0.135463	0.158255	0.287286	0.139821	0.0564839	2.24623	1.17326	0.0497786
1880000	-41.78639	0	-41.78639	0.0790392	0.0917172	0.227442	0.275587	0.22874	0.103173	3.23435	0.795649	0.716969
1890000	-31.82663	0	-31.82663	0.119674	0.21211	0.26082	0.290016	0.12448	0.17556	1.71064	1.05344	0.0788197
1900000	-29.35516	0	-29.35516	0.056675	0.182147	0.114693	0.605342	0.0982595	0.0538567	1.73571	2.44753	0.855583
1910000	-34.04326	0	-34.04326	0.164125	0.102393	0.208049	0.628805	0.0571329	0.166033	2.83655	3.73693	0.255631
1920000	-32.48607	0	-32.48607	0.129529	0.398273	0.216055	0.502294	0.111603	0.126318	2.98373	1.43961	0.208201
1930000	-38.15532	0	-38.15532	0.289712	0.189887	0.28674	0.340016	0.182035	0.148944	1.63418	3.30747	0.290899
1940000	-34.76844	0	-34.76844	0.107626	0.30653	0.189013	0.661927	0.113464	0.208912	4.13418	2.54219	0.455221
1950000	-43.71401	0	-43.71401	0.0717887	0.0785443	0.14346	0.650282	0.0479429	0.0986642	4.22296	0.580232	0.0150533
1960000	-43.04395	0	-43.04395	0.287876	0.279802	0.132489	0.203705	0.0882263	0.0578622	3.45157	0.830999	0.122839
1970000	-32.88475	0	-32.88475	0.163775	0.312407	0.200031	0.361962	0.134072	0.147115	4.86661	3.58233	0.768126
1980000	-27.74988	0	-27.74988	0.140884	0.139626	0.321172	0.453497	0.0928847	0.0690328	1.53265	1.08513	0.315153
1990000	-44.39292	0	-44.39292	0.0641577	0.197907	0.0529566	0.294598	0.179998	0.039451	1.76374	1.6911	0.0771614
2000000	-42.25939	0	-42.25939	0.0896068	0.174471	0.238188	0.160976	0.210095	0.114494	5.72957	2.47276	0.113913
2010000	-31.7967	0	-31.7967	0.126284	0.111616	0.108298	0.391777	0.166162	0.13638	1.44765	1.64358	1.25052
2020000	-38.67557	0	-38.67557	0.261993	0.242026	0.344582	0.21491	0.175982	0.0900095	2.46464	1.07707	0.545637
2030000	-39.93253	0	-39.93253	0.189019	0.234047	0.106255	0.318242	0.0841375	0.0981442	0.86981	3.07338	0.0577224
2040000	-49.59086	0	-49.59086	0.0490718	0.16153	0.182287	0.52782	0.0270649	0.0564118	4.00171	1.24592	0.0284295
2050000	-35.58768	0	-35.58768	0.130171	0.234262	0.276997	0.353029	0.134354	0.148483	0.8789	2.47567	0.309968
2060000	-33.51252	0	-33.51252	0.0888481	0.220092	0.279413	0.194206	0.232376	0.0659619	1.50333	1.74181	0.922574
2070000	-39.06867	0	-39.06867	0.112278	0.0794479	0.289482	0.412357	0.143292	0.174987	4.48394	0.526721	0.343002
2080000	-38.96999	0	-38.96999	0.0733767	0.105339	0.155634	0.365939	0.15168	0.08235	2.13293	0.697364	0.0971471
2090000	-37.89478	0	-37.89478	0.0557292	0.199776	0.132957	0.289832	0.0744306	0.12573	2.92505	1.36026	0.11437
2100000	-36.34988	0	-36.34988	0.068925	0.250918	0.0997501	0.543991	0.127708	0.1267	1.64629	0.992098	2.39641
2110000	-38.80431	0	-38.80431	0.0666394	0.148203	0.17762	0.739316	0.164396	0.113633	1.91586	1.38883	0.12011
2120000	-40.28609	0	-40.28609	0.224071	0.498331	0.131038	0.483027	0.105934	0.154079	2.00357	0.909673	0.109761
2130000	-32.38957	0	-32.38957	0.158724	0.108981	0.194898	0.352065	0.154107	0.143781	1.96103	0.786366	0.0573599
2140000	-40.89836	0	-40.89836	0.092428	0.163234	0.224016	0.278759	0.190528	0.16276	5.36503	2.1493	0.27556
2150000	-32.07603	0	-32.07603	0.134076	0.153466	0.270026	0.413246	0.206669	0.118301	2.48754	1.11177	0.885729
2160000	-30.25616	0	-30.25616	0.129908	0.260084	0.180105	0.485352	0.111124	0.124846	2.04926	2.39865	2.35445
2170000	-31.40818	0	-31.40818	0.0801527	0.305075	0.144866	0.358504	0.171038	0.105904	3.47521	0.890283	0.619928
2180000	-34.27894	0	-34.27894	0.0667826	0.229302	0.357021	0.431286	0.0719593	0.0598233	0.844655	4.11797	0.344726
2190000	-38.73152	0	-38.73152	0.12118	0.078692	0.172944	0.437744	0.146004	0.0593643	3.23911	1.48247	0.16219
2200000	-44.36983	0	-44.36983	0.119627	0.138079	0.237133	0.518664	0.139473	0.170499	1.53501	0.654876	0.063508
2210000	-38.50175	0	-38.50175	0.128901	0.184237	0.137929	0.592687	0.128014	0.136776	2.18263	3.66219	0.196486
2220000	-34.1042	0	-34.1042	0.182934	0.177926	0.178873	0.365275	0.109243	0.0766169	2.61693	2.3453	0.0985795
2230000	-33.78346	0	-33.78346	0.101806	0.178773	0.174399	0.401012	0.141809	0.164221	2.97531	0.663353	0.502524
2240000	-40.1264	0	-40.1264	0.0994405	0.0700988	0.0975376	0.460654	0.131983	0.0370424	3.1544	0.769244	0.110927
2250000	-40.04053	0	-40.04053	0.20773	0.12016	0.238983	0.670323	0.176827	0.0964881	1.06711	0.677346	0.111714
2260000	-38.59207	0	-38.59207	0.147019	0.177408	0.112104	0.317443	0.19145	0.126528	2.44291	2.49696	0.767727
2270000	-35.62997	0	-35.62997	0.0873593	0.238052	0.175846	0.611445	0.126062	0.0681766	1.60466	1.23857	0.358903
2280000	-36.53833	0	-36.53833	0.193671	0.379118	0.127216	0.758751	0.0457119	0.137902	1.00853	1.51706	0.213207
2290000	-34.91848	0	-34.91848	0.0983091	0.130187	0.148875	0.38972	0.100006	0.103625	2.70637	1.76213	0.133518
2300000	-42.23111	0	-42.23111	0.0881627	0.146855	0.259335	0.337525	0.138522	0.116041	1.06471	1.24712	0.0697477
2310000	-35.01326	0	-35.01326	0.108505	0.152755	0.10788	0.289949	0.122975	0.0709611	1.23694	0.811255	0.195843
2320000	-40.24017	0	-40.24017	0.222059	0.105564	0.316224	0.568992	0.15154	0.294149	2.29414	3.45616	0.0609561
2330000	-32.78488	0	-32.78488	0.0655074	0.229151	0.176727	0.199575	0.13097	0.139587	1.5366	2.15663	0.169734
2340000	-46.03566	0	-46.03566	0.085979	0.0818137	0.332107	0.690217	0.0668958	0.153523	2.86915	0.591198	0.777152
2350000	-36.97913	0	-36.97913	0.170902	0.119521	0.245421	0.390787	0.0790336	0.0838815	1.61614	1.81374	0.442481
2360000	-34.66496	0	-34.66496	0.0675656	0.395951	0.157863	0.753898	0.0556917	0.114692	2.89207	1.49238	0.309899
2370000	-47.98348	0	-47.98348	0.283683	0.148929	0.148709	0.818359	0.139265	0.110383	5.4309	1.34992	0.0343577
2380000	-27.70368	0	-27.70368	0.126585	0.0980105	0.252337	0.485386	0.113565	0.133522	2.37059	1.20575	0.68021
2390000	-37.76717	0	-37.76717	0.283396	0.372528	0.171312	0.459041	0.071378	0.0548258	0.992381	1.07018	0.0924808
2400000	-34.8594	0	-34.8594	0.141272	0.249275	0.218144	0.322029	0.157069	0.115115	1.42515	0.561586	0.0650378
2410000	-33.98675	0	-33.98675	0.113216	0.158172	0.222881	0.215331	0.0509567	0.112601	1.16114	1.02106	0.241372
2420000	-34.27094	0	-34.27094	0.181	0.146375	0.207791	0.46804	0.131781	0.137731	0.689725	0.758259	0.057398
2430000	-30.39959	0	-30.39959	0.0986014	0.0650381	0.187946	0.792197	0.0864167	0.0858683	2.30144	1.44593	0.140524
2440000	-34.82827	0	-34.82827	0.060419	0.38161	0.252689	0.542099	0.12479	0.107968	3.56986	0.724262	0.663705
2450000	-40.57674	0	-40.57674	0.157719	0.0887025	0.148961	0.422601	0.219248	0.0915582	3.53466	1.12066	0.0525569
2460000	-32.16994	0	-32.16994	0.096627	0.157666	0.224418	0.321241	0.193022	0.179461	2.14579	1.54601	0.190196
2470000	-42.27511	0	-42.27511	0.157056	0.134519	0.112122	0.347539	0.196756	0.0560906	8.70971	1.4167	0.176149
2480000	-31.64769	0	-31.64769	0.152586	0.193123	0.243472	0.653993	0.0831933	0.106118	2.21339	1.77669	0.444984
2490000	-32.36872	0	-32.36872	0.0792272	0.124344	0.152805	0.458827	0.098414	0.0609647	3.256	2.76425	1.4988
2500000	-33.96423	0	-33.96423	0.110212	0.0838201	0.2473	0.272201	0.162834	0.0808	2.3865	1.72126	0.387936
2510000	-36.02863	0	-36.02863	0.193121	0.183611	0.155646	0.416807	0.0668904	0.103164	1.76472	0.528564	0.256762
2520000	-34.07063	0	-34.07063	0.127154	0.148675	0.230032	0.283764	0.091012	0.138271	3.5675	2.47157	0.187661
2530000	-42.482	0	-42.482	0.0695727	0.146053	0.186075	0.511732	0.223712	0.156352	1.29017	0.348673	0.024131
2540000	-42.6233	0	-42.6233	0.31476	0.112174	0.493336	0.504888	0.171438	0.259312	1.22648	1.7281	0.0977145
2550000	-29.70064	0	-29.70064	0.139216	0.122777	0.0910013	0.338674	0.0654011	0.0568928	2.29822	1.68451	0.968227
2560000	-34.41147	0	-34.41147	0.0522967	0.357178	0.0718389	0.39863	0.122492	0.0889204	1.83938	1.66098	0.550886
2570000	-35.50746	0	-35.50746	0.149377	0.119919	0.263968	0.287801	0.220066	0.166404	1.90173	2.29861	0.282859
2580000	-38.09571	0	-38.09571	0.152919	0.311158	0.536145	0.426629	0.16571	0.0561209	3.47016	1.09828	0.133598
2590000	-38.10529	0	-38.10529	0.0696351	0.378697	0.1303	0.42675	0.240335	0.170483	0.994764	0.726639	2.36352
2600000	-42.61065	0	-42.61065	0.129782	0.104129	0.108679	0.490354	0.167957	0.0624123	2.01729	4.65227	0.0615783
2610000	-37.97643	0	-37.97643	0.165608	0.108292	0.261594	0.144193	0.139934	0.185119	1.07314	1.07264	0.22209
2620000	-33.34316	0	-33.34316	0.222215	0.183651	0.149656	0.402506	0.0785468	0.102538	3.01566	5.65748	0.283783
2630000	-40.52573	0	-40.52573	0.0761276	0.110984	0.192024	0.239407	0.0752574	0.0783031	1.64671	1.62277	0.0154979
2640000	-26.79238	0	-26.79238	0.117212	0.222718	0.18755	0.285727	0.140469	0.0683516	1.99441	2.2086	0.236896
2650000	-36.57868	0	-36.57868	0.143591	0.230231	0.323711	0.218122	0.088969	0.174372	0.424463	0.728335	0.518007
2660000	-37.3567	0	-37.3567	0.158029	0.189512	0.14019	0.361415	0.205608	0.087285	1.27947	1.98743	0.0437198
2670000	-34.66254	0	-34.66254	0.0978906	0.165094	0.521031	0.170026	0.131313	0.137732	4.70857	1.63046	0.760614
2680000	-34.82242	0	-34.82242	0.213667	0.177062	0.0714543	0.567369	0.153893	0.222822	4.28696	0.883739	0.767611
2690000	-42.19089	0	-42.19089	0.139395	0.245611	0.208817	0.704553	0.133546	0.0658087	1.77558	0.641161	0.0461423
2700000	-42.86786	0	-42.86786	0.102128	0.293269	0.248237	0.762113	0.196801	0.17518	1.07012	1.72017	0.385199
2710000	-34.73107	0	-34.73107	0.202106	0.162353	0.219746	0.652297	0.0981311	0.153863	4.88908	1.35437	0.763941
2720000	-30.41678	0	-30.41678	0.14327	0.117814	0.174911	0.419169	0.102299	0.0553716	1.20951	2.22174	0.9088
2730000	-39.37358	0	-39.37358	0.161093	0.447332	0.221612	0.255296	0.12126	0.0516766	1.62826	0.586451	0.229898
2740000	-39.29852	0	-39.29852	0.14699	0.105407	0.125134	0.742637	0.140793	0.0635093	2.00216	0.740347	0.0280785
2750000	-35.19042	0	-35.19042	0.16858	0.0420342	0.195002	0.44497	0.151667	0.0753903	4.67487	0.619061	0.144536
2760000	-36.32416	0	-36.32416	0.269875	0.18963	0.285205	0.225555	0.0561631	0.145209	1.64736	2.03652	0.941649
2770000	-33.84529	0	-33.84529	0.18118	0.151764	0.125251	0.60373	0.0835677	0.147966	2.63884	0.887449	0.392591
2780000	-35.89992	0	-35.89992	0.186285	0.160461	0.275069	0.346322	0.0880464	0.0561281	1.81538	0.925822	0.118843
2790000	-33.34387	0	-33.34387	0.227825	0.176853	0.179991	0.306382	0.0839752	0.132082	1.01302	0.79384	0.31785
2800000	-30.22545	0	-30.22545	0.0985968	0.276383	0.25599	0.465652	0.121272	0.136221	1.24922	1.56131	0.46017
2810000	-37.15209	0	-37.15209	0.289188	0.22409	0.517934	0.416625	0.146668	0.194566	3.10339	0.85741	0.255507
2820000	-35.92657	0	-35.92657	0.144292	0.252646	0.386528	0.317529	0.120387	0.126886	1.53454	2.81376	0.570882
2830000	-41.48122	0	-41.48122	0.219554	0.203467	0.200065	0.395647	0.179471	0.0878097	2.11201	0.784426	0.0332382
2840000	-35.30154	0	-35.30154	0.0667052	0.146758	0.326258	0.445136	0.140731	0.145047	3.51578	0.440846	0.0692291
2850000	-38.31794	0	-38.31794	0.110739	0.166298	0.128383	0.287863	0.172274	0.0637975	1.99641	1.53284	0.205043
2860000	-41.62772	0	-41.62772	0.123108	0.146239	0.126421	0.190512	0.114622	0.120315	3.30333	1.29476	0.0719754
2870000	-38.02037	0	-38.02037	0.154173	0.282822	0.12343	0.240487	0.0737679	0.100346	1.34839	2.27658	0.0963755
2880000	-32.83614	0	-32.83614	0.0960543	0.13171	0.180504	0.353987	0.197416	0.112513	3.35952	0.890009	0.820501
2890000	-29.9104	0	-29.9104	0.0897837	0.187954	0.19985	0.486885	0.141201	0.109957	1.72343	1.42658	0.204497
2900000	-32.7145	0	-32.7145	0.14296	0.386538	0.197306	0.427692	0.0571854	0.104889	1.19479	4.52299	0.966873
2910000	-33.13863	0	-33.13863	0.102569	0.0730031	0.161078	0.408735	0.0909442	0.0882961	2.91101	0.956358	0.166254
2920000	-28.91819	0	-28.91819	0.141708	0.164951	0.109464	0.486386	0.097137	0.0583917	2.45202	0.722398	0.485668
2930000	-36.61391	0	-36.61391	0.0778061	0.093605	0.155131	0.257289	0.0843794	0.14727	2.44713	3.60766	0.118478
2940000	-34.23707	0	-34.23707	0.124084	0.172465	0.193634	1.01919	0.0488062	0.154981	1.14232	1.24572	4.4118
2950000	-34.3613	0	-34.3613	0.202943	0.372182	0.0973014	0.617193	0.0894693	0.108513	1.82413	2.85116	0.273981
2960000	-37.68116	0	-37.68116	0.104502	0.136585	0.132468	0.488762	0.230063	0.0735203	2.74695	0.643476	0.0801001
2970000	-36.24886	0	-36.24886	0.142745	0.104261	0.286412	0.565307	0.0906475	0.163279	3.5128	0.574772	0.323389
2980000	-36.55209	0	-36.55209	0.347638	0.364371	0.117882	0.512359	0.172435	0.0744348	0.920063	1.69035	1.07579
2990000	-37.67551	0	-37.67551	0.0975925	0.220761	0.122738	0.388203	0.075229	0.174072	1.01743	2.24009	0.0619264
3000000	-34.66287	0	-34.66287	0.265144	0.344449	0.144633	0.220038	0.09584	0.13875	2.85363	1.36229	1.36144
3010000	-34.5108	0	-34.5108	0.122131	0.103475	0.270763	0.557223	0.0949581	0.0770807	1.31896	0.498609	0.0171183
3020000	-36.18834	0	-36.18834	0.151739	0.0331219	0.207507	0.280958	0.158974	0.172681	1.01932	2.6442	0.18879
3030000	-38.92789	0	-38.92789	0.141634	0.177066	0.168944	0.657764	0.135825	0.111506	2.02289	2.52104	0.141265
3040000	-36.74447	0	-36.74447	0.150211	0.219155	0.27324	0.300382	0.0546701	0.0762443	1.56182	0.833387	1.01191
3050000	-34.62134	0	-34.62134	0.141707	0.141875	0.12135	0.744977	0.0857545	0.0608511	0.854094	3.74094	0.2981
3060000	-37.04739	0	-37.04739	0.097209	0.160873	0.130347	0.519022	0.0678482	0.0588609	3.44897	3.48524	0.0503777
3070000	-28.76689	0	-28.76689	0.0546891	0.169379	0.30529	0.563199	0.0957772	0.103202	1.86564	0.882927	1.03939
3080000	-31.75934	0	-31.75934	0.0971038	0.255694	0.290561	0.71748	0.0503569	0.0981858	2.62207	1.34951	1.75867
3090000	-32.71362	0	-32.71362	0.10683	0.447579	0.129696	0.577564	0.155984	0.121174	2.74907	1.08643	1.38962
3100000	-26.61397	0	-26.61397	0.118369	0.181988	0.179449	0.530429	0.0993918	0.0582696	3.94806	1.73061	0.522054
3110000	-45.64347	0	-45.64347	0.232245	0.308428	0.122212	0.378205	0.0954806	0.183447	1.96539	0.693027	0.251528
3120000	-37.42994	0	-37.42994	0.0682072	0.102272	0.21342	0.408311	0.28328	0.0427949	2.33575	1.28916	0.967225
3130000	-34.11737	0	-34.11737	0.204515	0.179405	0.226788	0.481085	0.16668	0.187773	0.927269	3.90591	1.03833
3140000	-42.52396	0	-42.52396	0.0959988	0.0958156	0.184335	0.549532	0.108725	0.167698	2.11301	0.607208	0.0537769
3150000	-29.03522	0	-29.03522	0.134782	0.302045	0.20523	0.442986	0.0640789	0.197968	1.36686	2.45537	0.465049
3160000	-33.23052	0	-33.23052	0.301914	0.287	0.159099	0.422217	0.109469	0.0972335	1.48634	2.2217	0.492989
3170000	-29.90882	0	-29.90882	0.0641001	0.225771	0.185926	0.581247	0.0894786	0.157807	2.93133	1.45028	0.449274
3180000	-41.99831	0	-41.99831	0.150029	0.133058	0.0966114	1.17261	0.100032	0.0931061	2.6006	2.22318	0.0396381
3190000	-39.24518	0	-39.24518	0.125154	0.171112	0.21345	0.427101	0.12434	0.111594	1.83129	2.30881	0.220142
3200000	-34.29949	0	-34.29949	0.127712	0.248146	0.17578	0.460492	0.158945	0.0831565	1.39043	1.66453	0.431991
3210000	-37.78245	0	-37.78245	0.161248	0.163752	0.251947	0.617752	0.100607	0.115881	0.71945	1.38141	0.227845
3220000	-40.18391	0	-40.18391	0.205448	0.118737	0.290921	0.174191	0.110239	0.0522112	2.52931	2.99752	0.139766
3230000	-32.58535	0	-32.58535	0.0877262	0.218889	0.197501	0.285717	0.107285	0.0457811	2.33081	1.20768	0.19226
3240000	-34.76331	0	-34.76331	0.126449	0.18262	0.185905	0.35702	0.0665949	0.182609	1.77048	3.39651	0.296805
3250000	-39.30295	0	-39.30295	0.0714842	0.131846	0.129731	0.937083	0.0903259	0.063431	2.11226	2.50812	0.253355
3260000	-39.66286	0	-39.66286	0.139176	0.105598	0.162051	0.531103	0.107048	0.133516	2.82061	1.79263	0.219486
3270000	-37.39182	0	-37.39182	0.103642	0.161072	0.237433	0.355389	0.165372	0.125815	1.05222	1.55899	0.102435
3280000	-37.43529	0	-37.43529	0.0801138	0.259824	0.236764	0.887522	0.108315	0.124074	1.46799	0.434034	0.382463
3290000	-36.64866	0	-36.64866	0.210203	0.194656	0.328249	0.624902	0.190324	0.123429	1.07247	2.46352	0.0347654
3300000	-34.90675	0	-34.90675	0.138162	0.231242	0.218644	0.26334	0.161132	0.0874718	1.03927	0.625996	0.174537
3310000	-28.63	0	-28.63	0.132229	0.114033	0.224364	0.372386	0.0639881	0.0785573	1.78289	1.83059	0.729459
3320000	-37.15178	0	-37.15178	0.100151	0.170997	0.527581	0.251942	0.169129	0.11269	7.0747	1.99431	2.55862
3330000	-36.86623	0	-36.86623	0.175623	0.127265	0.316646	0.378175	0.0693174	0.182178	3.57237	1.65558	0.130079
3340000	-36.40952	0	-36.40952	0.119771	0.163692	0.11864	0.590659	0.0704555	0.0778202	4.32333	0.980839	0.297557
3350000	-43.59399	0	-43.59399	0.18777	0.18743	0.183157	0.822696	0.083021	0.0868929	1.69479	0.84265	0.0114059
3360000	-42.46037	0	-42.46037	0.0878762	0.126312	0.177939	0.785888	0.139027	0.171969	3.59215	0.631178	0.0847264
3370000	-31.28159	0	-31.28159	0.0984587	0.19514	0.391912	0.29048	0.288976	0.154667	2.01183	1.72955	0.7452
3380000	-34.25576	0	-34.25576	0.187584	0.0997205	0.202553	0.340312	0.0661625	0.0725191	1.86777	2.85465	0.292607
3390000	-41.80046	0	-41.80046	0.169368	0.359919	0.15049	0.536012	0.0593837	0.0656196	1.45638	1.79198	0.0196636
3400000	-35.58155	0	-35.58155	0.134827	0.223851	0.0643872	0.527126	0.152039	0.130198	2.97617	1.28351	0.185077
3410000	-39.29038	0	-39.29038	0.175701	0.148398	0.170276	0.485389	0.172019	0.058672	4.13116	1.90519	0.0515051
3420000	-33.69528	0	-33.69528	0.193647	0.311922	0.221756	0.387843	0.072451	0.041746	3.53639	1.87538	0.516027
3430000	-40.03175	0	-40.03175	0.0716388	0.125986	0.151797	0.604915	0.177577	0.154591	3.07762	0.864169	0.101272
3440000	-39.00267	0	-39.00267	0.0825065	0.217997	0.120494	0.667943	0.129723	0.0440061	2.38177	0.987665	0.0835341
3450000	-35.06465	0	-35.06465	0.117498	0.124188	0.198652	0.590081	0.0700137	0.0892641	1.22746	1.42546	0.0182481
3460000	-30.81036	0	-30.81036	0.187038	0.380037	0.175865	0.390314	0.113695	0.136533	1.08588	1.47074	0.845958
3470000	-49.15936	0	-49.15936	0.133611	0.221295	0.129794	0.433035	0.34735	0.0969425	1.25576	0.317824	0.0866885
3480000	-37.9405	0	-37.9405	0.0994711	0.203005	0.106186	0.21572	0.10372	0.0823379	1.53919	1.56047	0.114644
3490000	-37.32583	0	-37.32583	0.215012	0.364971	0.0913106	0.443697	0.264791	0.0629807	1.24301	1.74258	1.24054
3500000	-38.54138	0	-38.54138	0.280185	0.19091	0.208974	0.404159	0.242348	0.0733843	3.39394	4.40086	0.211337
3510000	-33.86437	0	-33.86437	0.186791	0.121569	0.105446	0.37068	0.223676	0.116472	1.47502	1.76271	0.454512
3520000	-30.44012	0	-30.44012	0.183424	0.134728	0.263264	0.463468	0.0712267	0.0866087	2.75515	3.54182	0.178667
3530000	-33.4883	0	-33.4883	0.232129	0.20838	0.168974	0.509513	0.232384	0.169547	0.664552	1.73812	0.709591
3540000	-38.77296	0	-38.77296	0.317784	0.194725	0.482518	0.519266	0.137967	0.0997127	3.01696	1.14255	0.146061
3550000	-44.18925	0	-44.18925	0.130525	0.0738503	0.209995	0.627838	0.144687	0.110557	1.70409	0.634954	0.0820033
3560000	-35.01208	0	-35.01208	0.108355	0.191323	0.414764	0.464042	0.151508	0.0857197	3.28252	1.12583	0.384907
3570000	-40.46828	0	-40.46828	0.0932279	0.121924	0.133847	0.495613	0.061474	0.223946	1.07606	1.11367	0.169481
3580000	-33.49713	0	-33.49713	0.0681837	0.286045	0.303733	0.737065	0.262704	0.205564	3.83767	1.34773	1.51438
3590000	-39.84588	0	-39.84588	0.0682365	0.138143	0.498117	0.24475	0.102086	0.12083	4.4945	0.72932	0.0967782
3600000	-37.75163	0	-37.75163	0.134816	0.144515	0.280951	1.11534	0.133403	0.0565939	2.72366	1.14572	0.244013
3610000	-32.06726	0	-32.06726	0.0976281	0.207085	0.219212	0.382039	0.196833	0.0439348	1.4341	2.11932	0.827104
3620000	-35.02818	0	-35.02818	0.0702924	0.203672	0.139367	0.454542	0.112037	0.102731	1.20108	3.0631	0.639911
3630000	-42.31767	0	-42.31767	0.0419416	0.101834	0.418907	0.631605	0.073132	0.213197	0.965934	0.613373	0.148977
3640000	-30.68166	0	-30.68166	0.0692163	0.335663	0.146538	0.354929	0.0916298	0.0993781	1.50738	2.34655	0.483257
3650000	-36.08863	0	-36.08863	0.10692	0.207017	0.151538	0.580616	0.349403	0.0908392	4.39735	2.53982	0.287292
3660000	-40.65928	0	-40.65928	0.054184	0.0970089	0.342103	0.45474	0.148056	0.107732	1.73056	0.987921	0.273188
3670000	-27.2815	0	-27.2815	0.12252	0.254207	0.262485	0.447588	0.0484824	0.144216	2.23726	2.3906	1.04694
3680000	-28.69823	0	-28.69823	0.122784	0.172429	0.0872339	0.321015	0.0805332	0.159715	0.719794	1.5884	0.581721
3690000	-30.00611	0	-30.00611	0.0803887	0.298468	0.146854	0.359923	0.129325	0.0589708	1.03921	1.20981	0.422237
3700000	-41.31178	0	-41.31178	0.307074	0.130846	0.17759	0.269085	0.125168	0.313664	0.773901	4.07762	0.283933
3710000	-36.34226	0	-36.34226	0.15701	0.152664	0.23891	0.303444	0.0775463	0.0685041	0.680407	0.51138	0.149369
3720000	-36.91653	0	-36.91653	0.189946	0.123812	0.184183	0.365711	0.0982034	0.0765319	1.29942	2.63908	0.0321557
3730000	-31.20763	0	-31.20763	0.11477	0.225096	0.321741	0.488793	0.133892	0.0671861	1.72047	1.45629	0.160626
3740000	-30.57363	0	-30.57363	0.0489126	0.278858	0.144331	0.737237	0.0752867	0.048842	2.48302	0.931066	0.992271
3750000	-32.36474	0	-32.36474	0.326634	0.108632	0.312874	0.342626	0.115375	0.163082	4.50366	2.49171	0.409908
3760000	-34.54252	0	-34.54252	0.153963	0.302497	0.0978105	0.18604	0.102076	0.0923432	1.94657	0.937833	0.303755
3770000	-35.49267	0	-35.49267	0.120447	0.184318	0.225216	0.260235	0.110801	0.104427	1.44219	1.39926	0.0486549
3780000	-36.34849	0	-36.34849	0.13877	0.172144	0.149941	0.415651	0.159912	0.0373874	3.50304	0.810168	0.0974669
3790000	-35.68535	0	-35.68535	0.231344	0.193258	0.125203	1.15946	0.16062	0.102312	2.56923	1.27386	0.370445
3800000	-38.87416	0	-38.87416	0.0762388	0.160061	0.125322	0.669542	0.0864219	0.0971957	1.20138	1.14639	0.221226
3810000	-33.96341	0	-33.96341	0.122585	0.146865	0.114605	0.271965	0.136912	0.0592444	2.90075	1.08658	0.0893711
3820000	-33.9169	0	-33.9169	0.179263	0.0716331	0.370067	0.516852	0.097499	0.0761708	2.14447	2.67577	0.376052
3830000	-42.13784	0	-42.13784	0.103036	0.123341	0.16271	0.263457	0.110809	0.13321	1.89521	3.14455	0.0337969
3840000	-32.53054	0	-32.53054	0.0830583	0.0977087	0.233126	0.223314	0.0914206	0.196292	2.89104	1.08734	0.341384
3850000	-43.27642	0	-43.27642	0.0382608	0.0963664	0.355363	0.639592	0.170527	0.110266	2.85529	0.792952	0.152962
3860000	-32.55806	0	-32.55806	0.166229	0.249806	0.0959479	0.447931	0.104164	0.0731767	3.18339	2.2711	0.455665
3870000	-32.36723	0	-32.36723	0.229016	0.237942	0.209518	0.421412	0.0790375	0.128103	0.558687	2.62733	2.44908
3880000	-35.27532	0	-35.27532	0.169904	0.129137	0.240058	0.496067	0.142502	0.0799267	1.32677	1.05398	0.0311208
3890000	-36.32432	0	-36.32432	0.209445	0.101973	0.340025	0.399971	0.127481	0.0731835	1.17947	1.54878	0.068659
3900000	-46.04584	0	-46.04584	0.117472	0.215624	0.129871	0.269956	0.392344	0.074441	2.65589	1.1664	0.109235
3910000	-34.84613	0	-34.84613	0.146539	0.0968796	0.22285	0.509579	0.0493996	0.114335	3.11144	0.615275	0.122722
3920000	-40.28249	0	-40.28249	0.203981	0.129691	0.194114	0.342487	0.0806458	0.132004	2.52657	0.867752	0.0840011
3930000	-34.76014	0	-34.76014	0.0870274	0.406642	0.0703292	0.236031	0.138778	0.043378	2.6936	1.2371	0.739613
3940000	-36.99921	0	-36.99921	0.158051	0.142775	0.185811	0.386721	0.114011	0.209277	1.93841	4.08885	0.180014
3950000	-35.22662	0	-35.22662	0.106147	0.0823574	0.321337	0.465524	0.165715	0.096401	5.01633	2.75726	0.304271
3960000	-32.2206	0	-32.2206	0.165454	0.168888	0.110289	0.532351	0.0652465	0.199824	1.72424	0.677159	0.12762
3970000	-38.45244	0	-38.45244	0.135101	0.170603	0.0972994	0.377286	0.0650893	0.0391501	1.50193	3.54868	0.212367
3980000	-31.39003	0	-31.39003	0.10129	0.153307	0.297461	0.327011	0.104733	0.109876	2.58751	2.97001	0.642501
3990000	-36.12805	0	-36.12805	0.167839	0.220198	0.0854436	0.332892	0.148037	0.0685742	1.89253	2.08727	0.307059
4000000	-39.22224	0	-39.22224	0.194324	0.12958	0.310119	0.788241	0.144091	0.130769	1.46451	1.29589	0.00778984
4010000	-37.65447	0	-37.65447	0.126007	0.0455679	0.145698	0.322729	0.0941768	0.103975	1.81106	3.33328	0.104569
4020000	-36.88398	0	-36.88398	0.0766911	0.293322	0.167858	0.523118	0.11468	0.163406	0.903779	0.864139	0.7666
4030000	-37.89835	0	-37.89835	0.120141	0.129157	0.149609	0.597615	0.198892	0.0266662	0.746941	1.15473	0.584464
4040000	-35.51336	0	-35.51336	0.134472	0.163512	0.201977	0.668136	0.0583478	0.0992735	2.44384	3.12074	0.465022
4050000	-40.71773	0	-40.71773	0.338442	0.18183	0.258258	0.559057	0.124569	0.0972196	1.76812	1.62813	0.113112
4060000	-35.47791	0	-35.47791	0.0997055	0.101832	0.221015	0.492761	0.107185	0.074391	1.78108	0.89413	0.173949
4070000	-41.12901	0	-41.12901	0.139416	0.39722	0.298902	0.47785	0.156129	0.102568	2.5036	0.560714	0.20308
4080000	-39.98173	0	-39.98173	0.111162	0.141719	0.206545	0.276122	0.182733	0.15082	1.6107	0.5456	0.21237
4090000	-34.72032	0	-34.72032	0.193123	0.140452	0.155238	0.68746	0.0522986	0.122264	0.669118	1.59563	0.146054
4100000	-36.94851	0	-36.94851	0.21998	0.186056	0.18256	0.583458	0.0824697	0.0672683	4.01961	2.10267	0.061456
4110000	-34.75975	0	-34.75975	0.0810436	0.121411	0.0892428	0.662426	0.0637557	0.125902	2.20448	1.02854	1.99497
4120000	-46.00899	0	-46.00899	0.0980865	0.216598	0.5239	0.434485	0.100105	0.144993	7.25703	1.82326	0.531128
4130000	-31.85264	0	-31.85264	0.243534	0.19061	0.21153	0.68175	0.0805365	0.104769	1.55742	1.51937	1.02559
4140000	-33.82888	0	-33.82888	0.2821	0.154908	0.141797	0.491536	0.185276	0.0774306	3.82544	1.23098	0.582789
4150000	-39.36651	0	-39.36651	0.0838092	0.0889111	0.131127	0.382508	0.109446	0.0577737	1.69776	2.06514	0.0310983
4160000	-40.19333	0	-40.19333	0.150804	0.0986911	0.299222	0.633687	0.0319069	0.178719	0.934527	0.649572	0.103852
4170000	-34.9976	0	-34.9976	0.161205	0.251767	0.206627	0.601861	0.140558	0.0596401	2.91774	1.02801	0.0777789
4180000	-29.42391	0	-29.42391	0.0792	0.444805	0.241933	0.463291	0.111784	0.192449	3.8701	1.66552	1.41119
4190000	-38.09058	0	-38.09058	0.104104	0.114967	0.147749	0.354004	0.0808303	0.0633936	1.83142	1.99946	0.0303093
4200000	-36.38378	0	-36.38378	0.0716542	0.21018	0.194141	0.631319	0.143426	0.14087	5.87987	1.09557	0.126569
4210000	-37.22329	0	-37.22329	0.186259	0.19535	0.0630858	0.128647	0.118709	0.100169	2.28616	3.18465	2.00551
4220000	-31.68199	0	-31.68199	0.0997072	0.278034	0.218758	0.383185	0.169361	0.106078	4.16124	2.24608	0.643738
4230000	-42.5339	0	-42.5339	0.0915511	0.233496	0.121738	0.659268	0.145982	0.0607818	2.51486	2.73411	0.034931
4240000	-35.58172	0	-35.58172	0.0677693	0.0875883	0.258363	0.222966	0.0464051	0.0891435	3.01736	0.666939	0.0617072
4250000	-44.68261	0	-44.68261	0.112026	0.160938	0.2136	0.32768	0.135076	0.262445	4.59834	0.340808	0.139642
4260000	-40.52948	0	-40.52948	0.181175	0.0666894	0.0792459	0.649733	0.14778	0.0496369	1.20001	1.70434	0.112026
4270000	-38.951	0	-38.951	0.0971888	0.227987	0.172898	0.446507	0.16694	0.131908	1.88656	6.58063	0.389554
4280000	-35.95031	0	-35.95031	0.331251	0.136043	0.154542	0.449912	0.203203	0.0778221	1.39735	1.55097	0.819885
4290000	-31.37012	0	-31.37012	0.135937	0.283387	0.233549	0.33738	0.135672	0.0976794	3.15471	1.40338	0.371786
4300000	-28.51224	0	-28.51224	0.106674	0.367594	0.112655	0.540685	0.0937271	0.0785455	2.16608	1.54362	1.09289
4310000	-32.7557	0	-32.7557	0.11635	0.283793	0.110202	0.454812	0.114819	0.121504	0.895718	0.882069	0.135504
4320000	-40.10905	0	-40.10905	0.109723	0.0631394	0.133835	0.571435	0.201182	0.0978962	1.663	1.31978	0.0284359
4330000	-37.6908	0	-37.6908	0.151435	0.554061	0.427699	1.06809	0.108691	0.167858	6.90732	1.7192	0.780318
4340000	-31.38858	0	-31.38858	0.13053	0.127013	0.169843	0.704303	0.12202	0.159383	1.02064	1.33835	0.438832
4350000	-38.12062	0	-38.12062	0.114371	0.139194	0.34539	0.215781	0.108506	0.181205	1.72075	1.85452	0.0294344
4360000	-36.67133	0	-36.67133	0.259879	0.277253	0.238184	0.418588	0.130979	0.0647378	0.471047	1.15763	0.640335
4370000	-35.27146	0	-35.27146	0.101382	0.0499522	0.187277	0.498259	0.0956947	0.11087	2.86284	1.54748	0.0423306
4380000	-34.50546	0	-34.50546	0.0603953	0.150864	0.116025	0.379953	0.0747094	0.0521074	2.58145	0.950915	0.130883
4390000	-47.05078	0	-47.05078	0.0979734	0.165424	0.116128	0.229953	0.10614	0.080195	2.35133	0.599158	0.0755151
4400000	-39.53996	0	-39.53996	0.167196	0.208908	0.32851	0.602818	0.0959309	0.0527088	6.06288	1.32007	0.0726567
4410000	-36.14856	0	-36.14856	0.25513	0.137269	0.26171	0.778526	0.163745	0.092181	2.11198	0.571732	0.184437
4420000	-38.94047	0	-38.94047	0.126506	0.14576	0.309963	0.399773	0.119356	0.0675211	2.28082	1.09133	0.698036
4430000	-35.18487	0	-35.18487	0.251195	0.181569	0.192144	0.362345	0.0822783	0.0876075	1.98826	2.55437	0.190676
4440000	-38.64045	0	-38.64045	0.17396	0.136871	0.113915	0.293399	0.080338	0.0881813	1.34805	1.85888	0.147569
4450000	-35.78986	0	-35.78986	0.108384	0.169491	0.128973	0.436429	0.151528	0.197718	0.817593	1.03542	0.264004
4460000	-33.2504	0	-33.2504	0.0970485	0.267332	0.169428	0.397543	0.14795	0.0850367	3.25119	0.838225	1.7451
4470000	-31.76364	0	-31.76364	0.0788342	0.220259	0.44074	0.294661	0.0458601	0.180302	2.59362	1.66642	0.807404
4480000	-32.62308	0	-32.62308	0.11297	0.224133	0.106121	0.587271	0.114662	0.0572512	0.670963	1.633	0.457177
4490000	-34.05758	0	-34.05758	0.144988	0.172169	0.279694	0.611146	0.20356	0.0568834	2.72364	0.997814	1.45349
4500000	-30.7056	0	-30.7056	0.222278	0.102071	0.145115	0.71768	0.0889741	0.076241	1.3842	1.66026	2.57703
4510000	-30.12581	0	-30.12581	0.182744	0.206768	0.261742	0.919611	0.117599	0.143557	2.7707	2.69918	0.713698
4520000	-35.3886	0	-35.3886	0.062692	0.0840197	0.228632	0.652018	0.127919	0.173088	2.45212	1.95943	0.986572
4530000	-36.90408	0	-36.90408	0.0809827	0.119105	0.18884	0.335925	0.154827	0.0717508	3.82762	1.50107	0.162142
4540000	-35.70157	0	-35.70157	0.114279	0.12184	0.373794	0.243847	0.0676063	0.167478	5.11647	0.895989	0.0770573
4550000	-37.27222	0	-37.27222	0.100845	0.143091	0.23946	0.567877	0.158751	0.114727	1.61413	0.747189	0.679348
4560000	-37.89581	0	-37.89581	0.033561	0.21589	0.156345	0.376394	0.108751	0.148251	1.50487	1.06671	0.162348
4570000	-30.20877	0	-30.20877	0.0933745	0.119209	0.4444	0.398143	0.0979867	0.153776	1.66642	1.03742	0.208283
4580000	-40.75721	0	-40.75721	0.468173	0.250294	0.133936	0.616326	0.170351	0.0502311	3.70066	1.56388	0.130801
4590000	-41.71436	0	-41.71436	0.113901	0.131011	0.219241	0.356551	0.170833	0.0473822	0.680798	0.22351	0.0915665
4600000	-32.51146	0	-32.51146	0.191895	0.112924	0.184506	0.347135	0.140569	0.110179	1.24779	1.43124	0.298599
4610000	-45.27569	0	-45.27569	0.12984	0.124083	0.218808	0.658345	0.112036	0.04822	0.478608	0.64541	0.104698
4620000	-39.85232	0	-39.85232	0.0792821	0.516093	0.137839	0.214164	0.199528	0.0692976	1.21609	3.28572	0.0312941
4630000	-45.08498	0	-45.08498	0.161789	0.267856	0.122181	0.447123	0.124438	0.0691882	7.70198	1.80725	0.140043
4640000	-36.91447	0	-36.91447	0.127864	0.262393	0.241916	0.299508	0.0938608	0.054274	1.10705	0.596926	0.114022
4650000	-32.32806	0	-32.32806	0.171334	0.093795	0.366552	0.267979	0.102955	0.0613597	0.862147	0.763698	0.151478
4660000	-35.42662	0	-35.42662	0.217335	0.130969	0.160116	0.275167	0.172124	0.179413	0.806976	3.19614	0.245096
4670000	-34.77134	0	-34.77134	0.0890019	0.237041	0.30008	0.399592	0.0727598	0.151055	2.02126	0.566211	0.41235
4680000	-35.56406	0	-35.56406	0.175334	0.19164	0.0726049	0.36229	0.0999192	0.137113	3.65318	1.55034	1.57755
4690000	-39.50442	0	-39.50442	0.266272	0.233993	0.304338	0.734304	0.0993941	0.0660856	2.18505	2.02058	0.305477
4700000	-37.02568	0	-37.02568	0.107016	0.139569	0.33343	0.26545	0.0552752	0.122196	2.98589	3.94243	0.766124
4710000	-44.29975	0	-44.29975	0.0701002	0.135949	0.0741049	0.528859	0.0893234	0.0766464	3.37395	1.59472	0.034847
4720000	-38.01274	0	-38.01274	0.0968536	0.178426	0.239558	0.202503	0.0992924	0.218547	3.05213	3.4798	1.34897
4730000	-39.34473	0	-39.34473	0.148997	0.14534	0.281315	0.65333	0.217769	0.111338	1.55493	2.69708	0.775611
4740000	-27.52813	0	-27.52813	0.106337	0.166104	0.173526	0.335997	0.0934024	0.141433	0.831766	1.77038	1.02271
4750000	-32.41126	0	-32.41126	0.190028	0.379517	0.309781	0.607961	0.0946946	0.0673906	1.99027	2.23461	0.530578
4760000	-38.83534	0	-38.83534	0.0950866	0.167754	0.301497	0.794227	0.0971555	0.329005	2.18686	2.59311	0.293317
4770000	-38.1437	0	-38.1437	0.23233	0.0926764	0.0787234	0.455896	0.103435	0.0646026	1.76478	1.01722	0.0814524
4780000	-34.31028	0	-34.31028	0.166393	0.183997	0.382111	0.350323	0.179363	0.0687448	2.53665	0.96791	0.481034
4790000	-39.33845	0	-39.33845	0.257391	0.0739626	0.0848216	0.239883	0.150845	0.0585922	1.52771	1.1852	0.104704
4800000	-43.76931	0	-43.76931	0.157427	0.351949	0.142346	0.282406	0.459378	0.117724	4.73426	5.26157	0.168841
4810000	-40.6954	0	-40.6954	0.283582	0.205541	0.232196	0.467211	0.141763	0.126391	2.26805	1.49195	0.124283
4820000	-34.20781	0	-34.20781	0.234151	0.244519	0.308809	0.939112	0.14394	0.100456	3.56132	1.39168	0.212521
4830000	-30.72065	0	-30.72065	0.163647	0.066051	0.200996	0.527421	0.167584	0.0849503	1.69202	1.1388	0.158717
4840000	-31.14696	0	-31.14696	0.0714711	0.295346	0.0895554	0.450299	0.220566	0.0762258	1.46285	1.08139	0.354237
4850000	-33.52728	0	-33.52728	0.160492	0.167109	0.199229	0.37928	0.11336	0.0800161	2.70649	2.22482	0.444081
4860000	-36.17271	0	-36.17271	0.118004	0.276904	0.20598	0.623701	0.148662	0.063464	0.636697	1.46366	0.10235
4870000	-30.44154	0	-30.44154	0.0759912	0.203757	0.278197	0.440379	0.121538	0.148086	2.52657	2.356	2.99818
4880000	-33.72558	0	-33.72558	0.0994816	0.164245	0.178322	0.608253	0.0995041	0.0897264	1.02318	1.76702	0.409444
4890000	-42.17894	0	-42.17894	0.119124	0.146694	0.169508	0.654712	0.188255	0.0549148	2.1129	0.459819	0.0253691
4900000	-41.15532	0	-41.15532	0.226837	0.174364	0.273803	0.279103	0.208727	0.163297	5.3456	2.66317	0.0474709
4910000	-35.49134	0	-35.49134	0.110886	0.227381	0.108648	0.333518	0.0582822	0.172946	0.76516	1.74935	1.31805
4920000	-32.47318	0	-32.47318	0.115166	0.26299	0.213201	0.729557	0.0550816	0.0792955	3.38525	1.66268	0.463566
4930000	-38.5877	0	-38.5877	0.170598	0.144616	0.128112	0.335083	0.139436	0.114621	3.8486	0.508939	0.018397
4940000	-40.65879	0	-40.65879	0.135993	0.309977	0.0862234	0.347837	0.196011	0.0906112	0.62788	2.81961	0.0250801
4950000	-37.60292	0	-37.60292	0.184116	0.312955	0.25212	0.131491	0.0860328	0.053454	2.22871	3.57217	0.354047
4960000	-31.70986	0	-31.70986	0.144903	0.267939	0.116754	0.428719	0.158817	0.12245	1.20073	1.56246	1.52753
4970000	-34.94849	0	-34.94849	0.273228	0.169202	0.0604569	0.25151	0.0693924	0.181004	1.07204	1.59105	1.00702
4980000	-35.53571	0	-35.53571	0.0810373	0.173382	0.667176	0.300839	0.147685	0.146173	1.75655	0.461757	1.00805
4990000	-30.15728	0	-30.15728	0.085376	0.132521	0.269962	0.278699	0.0815791	0.0742584	2.65238	2.35952	0.25432
5000000	-27.68478	0	-27.68478	0.123369	0.342904	0.173456	0.296051	0.113346	0.0760268	1.81226	1.36786	0.175407
