Iteration	Posterior	Likelihood	Prior	lambda[1]	lambda[2]	lambda[3]	mu[1]	mu[2]	mu[3]	psi[1]	psi[2]	psi[3]
0	-81.23921	0	-81.23921	0.143642	0.188415	0.160504	0.17747	0.14034	0.208239	0.523829	3.9194	0.935322
10000	-21.32634	0	-21.32634	0.147914	0.131543	0.17387	0.12044	0.180873	0.0807212	0.345589	0.122274	0.122436
20000	-16.48528	0	-16.48528	0.311273	0.0676779	0.223393	0.179682	0.140105	0.231431	1.05803	2.29317	0.508129
30000	-17.99439	0	-17.99439	0.153888	0.092269	0.159301	0.362851	0.1853	0.0696207	0.980096	0.370995	2.17522
40000	-15.21085	0	-15.21085	0.138747	0.128396	0.114705	0.296993	0.076812	0.201081	1.62208	0.0889123	0.323715
50000	-17.0082	0	-17.0082	0.147455	0.201211	0.22355	0.19877	0.137346	0.0703904	1.35717	0.19226	0.225943
60000	-24.95602	0	-24.95602	0.209818	0.355619	0.339513	0.351371	0.134242	0.167094	0.467925	0.452044	1.33624
70000	-22.67258	0	-22.67258	0.107866	0.0880936	0.212762	0.142733	0.361348	0.311125	0.66837	0.224076	1.1438
80000	-19.29449	0	-19.29449	0.113207	0.175154	0.0989229	0.222501	0.210681	0.0593555	1.57392	1.30746	0.55034
90000	-18.2687	0	-18.2687	0.382884	0.1351	0.136819	0.326749	0.126768	0.049049	1.13373	1.47619	0.733453
100000	-20.12712	0	-20.12712	0.121385	0.183992	0.182925	0.426847	0.108431	0.271004	0.661026	0.244578	1.51455
110000	-20.56009	0	-20.56009	0.40468	0.0914248	0.298142	0.239354	0.133513	0.0856	1.05518	0.292876	0.567889
120000	-16.8756	0	-16.8756	0.232909	0.072291	0.158275	0.318687	0.186806	0.142237	1.74213	0.346988	0.295638
130000	-20.43956	0	-20.43956	0.184553	0.27785	0.31097	0.491262	0.133388	0.100574	0.624375	0.144979	0.438699
140000	-15.00386	0	-15.00386	0.129236	0.207244	0.333829	0.255823	0.1603	0.120332	0.829894	0.316213	0.17488
150000	-17.33638	0	-17.33638	0.239057	0.16293	0.218268	0.267039	0.12127	0.0856743	2.09069	0.289348	1.01668
160000	-17.58367	0	-17.58367	0.257071	0.172948	0.217175	0.381715	0.155049	0.143869	1.37039	1.0008	2.72777
170000	-15.30078	0	-15.30078	0.189396	0.135198	0.119792	0.312699	0.0503794	0.0903013	0.528523	0.149027	0.539775
180000	-20.69354	0	-20.69354	0.11004	0.370192	0.337232	0.193114	0.305092	0.0961617	2.01578	0.0774278	1.07787
190000	-16.05875	0	-16.05875	0.108006	0.182656	0.140262	0.263654	0.218116	0.145662	1.01416	0.247028	0.235319
200000	-14.69783	0	-14.69783	0.0619441	0.116254	0.176883	0.224383	0.0631187	0.118875	1.46945	0.216105	0.865253
210000	-20.63576	0	-20.63576	0.104249	0.170952	0.163493	0.288587	0.133486	0.188274	4.30554	1.40704	0.30754
220000	-20.40206	0	-20.40206	0.355013	0.143822	0.140703	0.405585	0.250517	0.148298	3.08509	1.2711	2.65197
230000	-18.84331	0	-18.84331	0.0778775	0.0927216	0.134921	0.193404	0.223185	0.14386	2.9589	0.139168	0.0685353
240000	-20.84512	0	-20.84512	0.0685983	0.283874	0.247017	0.183723	0.124196	0.107981	0.943023	0.0709629	0.859646
250000	-19.29691	0	-19.29691	0.0824782	0.105188	0.126092	0.337339	0.103417	0.194793	2.07248	0.0398676	0.993814
260000	-19.66093	0	-19.66093	0.0810471	0.364108	0.134293	0.401158	0.188158	0.118814	2.42502	0.0990886	3.75708
270000	-15.48562	0	-15.48562	0.190635	0.208941	0.208121	0.172036	0.179759	0.141677	0.911318	0.358267	0.404893
280000	-16.64826	0	-16.64826	0.237315	0.275729	0.187791	0.292415	0.134292	0.0677356	1.26017	0.515543	1.08406
290000	-17.64665	0	-17.64665	0.117176	0.134206	0.280383	0.324338	0.130356	0.0845272	1.73409	0.031657	0.413441
300000	-16.92894	0	-16.92894	0.211024	0.359835	0.172929	0.166429	0.147083	0.0643585	0.42707	0.552527	0.610926
310000	-19.85112	0	-19.85112	0.169752	0.373158	0.0620987	0.268197	0.0921656	0.224435	2.7153	0.0409293	2.00079
320000	-22.15434	0	-22.15434	0.155887	0.146795	0.0768945	0.528385	0.0889192	0.176078	0.755253	1.00109	0.554892
330000	-19.35067	0	-19.35067	0.256834	0.216505	0.152979	0.206409	0.124757	0.251188	1.30845	0.747268	0.261422
340000	-17.11708	0	-17.11708	0.148568	0.168305	0.14583	0.281404	0.195363	0.185002	1.99706	0.596613	1.13691
350000	-23.02444	0	-23.02444	0.059403	0.29274	0.109014	0.425195	0.220518	0.0893827	0.800541	0.150164	0.632161
360000	-15.65929	0	-15.65929	0.331755	0.0831317	0.0712199	0.199256	0.144963	0.155042	1.45142	1.55107	2.56192
370000	-14.60623	0	-14.60623	0.272126	0.18842	0.15309	0.228812	0.134909	0.158667	1.42449	0.556146	0.489118
380000	-24.34429	0	-24.34429	0.168929	0.230338	0.0634074	0.281158	0.178435	0.16856	2.12033	0.304145	0.088083
390000	-16.8471	0	-16.8471	0.255617	0.0760875	0.144097	0.110646	0.228677	0.159411	1.50468	2.04713	1.79971
400000	-20.35009	0	-20.35009	0.0888524	0.0750188	0.150054	0.274982	0.0980583	0.0770364	1.69932	0.352804	0.0586649
410000	-23.26205	0	-23.26205	0.580147	0.180374	0.141225	0.219307	0.0915112	0.155938	1.85905	1.31756	2.37395
420000	-19.03703	0	-19.03703	0.235347	0.243156	0.168212	0.332673	0.0752942	0.0648281	1.44365	0.176477	2.50977
430000	-21.30126	0	-21.30126	0.0970621	0.38757	0.138749	0.180498	0.098012	0.139636	6.20634	0.153819	0.991451
440000	-24.49174	0	-24.49174	0.292063	0.252472	0.151596	0.658967	0.0845234	0.0812535	4.0653	0.15865	2.33382
450000	-17.06284	0	-17.06284	0.341516	0.199646	0.101548	0.380009	0.198057	0.115397	3.89155	1.56552	0.6435
460000	-19.22885	0	-19.22885	0.058958	0.138836	0.114097	0.523421	0.0673378	0.147672	0.846811	0.239337	3.04425
470000	-18.58504	0	-18.58504	0.177809	0.0654508	0.0802437	0.577187	0.0823211	0.133853	1.67752	0.682571	1.17108
480000	-17.59247	0	-17.59247	0.147121	0.226262	0.173683	0.535564	0.182407	0.143618	3.15744	0.396645	1.07816
490000	-17.13292	0	-17.13292	0.184851	0.2885	0.217329	0.271832	0.183526	0.0987757	0.548766	0.139879	1.27547
500000	-19.84307	0	-19.84307	0.195624	0.33298	0.12065	0.513392	0.103992	0.0426299	1.12818	0.292478	0.69978
510000	-14.06391	0	-14.06391	0.125392	0.170589	0.177941	0.107722	0.0986454	0.145192	0.820321	0.359939	0.503171
520000	-25.07383	0	-25.07383	0.208247	0.123257	0.329065	0.756697	0.31301	0.236242	2.94111	0.214989	0.815292
530000	-17.95431	0	-17.95431	0.221861	0.111679	0.146545	0.379009	0.181353	0.062607	0.451657	1.87483	1.46656
540000	-23.30649	0	-23.30649	0.112478	0.143964	0.123134	0.170046	0.140901	0.16389	0.562737	6.90475	3.84253
550000	-17.42023	0	-17.42023	0.181725	0.265244	0.159734	0.494158	0.0650171	0.208153	0.497121	0.245736	0.261604
560000	-20.87884	0	-20.87884	0.147587	0.351876	0.194449	0.4147	0.0805779	0.111211	1.03489	1.88279	2.14879
570000	-19.69574	0	-19.69574	0.136696	0.4471	0.149715	0.35124	0.133141	0.147726	0.894116	0.278197	1.24373
580000	-20.4408	0	-20.4408	0.0889795	0.215539	0.0612867	0.181876	0.261585	0.105654	1.19602	0.193357	3.4858
590000	-18.15918	0	-18.15918	0.155182	0.254707	0.193005	0.202764	0.23307	0.134596	0.817076	0.347234	0.458084
600000	-20.23904	0	-20.23904	0.133882	0.189068	0.151014	0.892111	0.190545	0.0658836	2.15019	0.0451161	0.0799452
610000	-19.99367	0	-19.99367	0.226629	0.273393	0.07812	0.281486	0.126091	0.0898372	2.31744	0.541638	2.17395
620000	-17.78354	0	-17.78354	0.138091	0.0868407	0.116564	0.125113	0.137142	0.211945	1.46038	0.0435422	1.51859
630000	-17.24162	0	-17.24162	0.166461	0.0989749	0.0859634	0.338435	0.40057	0.123711	2.86272	0.826512	0.657273
640000	-14.96467	0	-14.96467	0.42388	0.119133	0.164695	0.237641	0.0851417	0.143438	1.98939	0.516948	0.869083
650000	-16.54008	0	-16.54008	0.0540854	0.354246	0.201436	0.173086	0.151386	0.0923403	3.04649	0.141291	1.56681
660000	-23.88897	0	-23.88897	0.222531	0.50095	0.0815975	0.269778	0.142863	0.147509	5.03372	0.258648	0.148662
670000	-17.29172	0	-17.29172	0.337594	0.0922348	0.109602	0.309781	0.23269	0.207701	0.836142	0.368054	1.19669
680000	-17.63745	0	-17.63745	0.10737	0.0833444	0.485901	0.230327	0.0801647	0.142539	0.88616	0.0559245	0.203389
690000	-18.06674	0	-18.06674	0.167132	0.299919	0.123505	0.366878	0.207909	0.0472858	1.62376	0.148938	2.55952
700000	-15.99718	0	-15.99718	0.161319	0.113018	0.273771	0.391985	0.0958463	0.0889901	3.67549	1.5975	0.757833
710000	-21.35498	0	-21.35498	0.134987	0.0757757	0.284547	0.517987	0.29695	0.168162	0.780357	0.0572388	2.81623
720000	-19.8835	0	-19.8835	0.23148	0.0965033	0.164701	0.27515	0.317463	0.244747	1.14882	0.777195	2.44655
730000	-21.03929	0	-21.03929	0.0989881	0.226649	0.11538	0.177574	0.261908	0.251283	0.962176	0.142547	0.503664
740000	-22.18074	0	-22.18074	0.0999842	0.149151	0.290631	0.315097	0.346926	0.0650955	1.40346	0.184274	0.0614858
750000	-18.60473	0	-18.60473	0.334752	0.0899749	0.104009	0.333473	0.0347286	0.211614	0.691396	0.540167	0.477397
760000	-17.54153	0	-17.54153	0.226426	0.374027	0.140433	0.24165	0.0925334	0.124819	1.50408	0.548229	0.548233
770000	-18.09876	0	-18.09876	0.117655	0.165062	0.271227	0.260586	0.0974359	0.0432387	0.958251	0.185678	0.485617
780000	-18.51846	0	-18.51846	0.314145	0.0670813	0.170456	0.208207	0.215974	0.0739124	4.44156	1.00706	0.443706
790000	-18.04399	0	-18.04399	0.123498	0.215394	0.143898	0.330556	0.195608	0.0704461	3.72016	0.936997	1.51854
800000	-15.25459	0	-15.25459	0.142988	0.235095	0.1905	0.155502	0.121451	0.114332	0.528722	1.09352	0.673149
810000	-14.53315	0	-14.53315	0.243239	0.144584	0.240685	0.288032	0.198125	0.160277	0.892237	0.238338	0.66631
820000	-16.36668	0	-16.36668	0.131424	0.195339	0.1098	0.18998	0.142238	0.109959	1.90507	0.917006	0.155977
830000	-17.95453	0	-17.95453	0.0689174	0.202899	0.113085	0.174627	0.0652757	0.151126	2.63653	0.0394691	2.75728
840000	-16.59621	0	-16.59621	0.0786003	0.126453	0.192767	0.2738	0.139857	0.0562065	1.69204	0.412257	2.30823
850000	-16.05966	0	-16.05966	0.185317	0.237083	0.153999	0.221692	0.255267	0.101848	1.86903	0.831931	0.508126
860000	-23.40703	0	-23.40703	0.132746	0.0613848	0.34028	0.138916	0.149488	0.14794	0.911874	0.37606	0.0827572
870000	-21.0677	0	-21.0677	0.0678335	0.180531	0.264713	0.255211	0.129791	0.326796	2.68266	0.496744	0.349367
880000	-20.80136	0	-20.80136	0.284082	0.155846	0.101086	0.394025	0.0508225	0.0673437	3.77285	1.53845	0.0561245
890000	-17.41262	0	-17.41262	0.122095	0.210677	0.118416	0.165288	0.137988	0.304916	1.89692	0.552103	3.25312
900000	-20.67942	0	-20.67942	0.0726989	0.141275	0.0460352	0.298797	0.0869255	0.0586111	2.12738	0.387611	1.25472
910000	-15.30303	0	-15.30303	0.161182	0.111546	0.0998996	0.323638	0.0530775	0.0605189	0.481389	0.22648	0.76664
920000	-24.01525	0	-24.01525	0.188247	0.383152	0.0770066	0.628492	0.127622	0.216257	0.744152	0.140931	2.72016
930000	-16.6127	0	-16.6127	0.238211	0.0871591	0.27386	0.261004	0.171316	0.126537	0.35621	0.1931	1.93935
940000	-19.24927	0	-19.24927	0.289737	0.247566	0.174267	0.441136	0.11128	0.219041	2.00724	0.312882	0.906536
950000	-23.44037	0	-23.44037	0.305687	0.0564981	0.189123	0.309086	0.12351	0.152613	1.47151	0.287301	0.182728
960000	-17.15451	0	-17.15451	0.197425	0.199212	0.208674	0.210951	0.0964457	0.135018	1.76363	1.86583	3.0756
970000	-17.74677	0	-17.74677	0.0746969	0.122083	0.0910725	0.242332	0.101807	0.0742189	1.45137	0.505297	0.864425
980000	-13.83982	0	-13.83982	0.308813	0.0520175	0.264991	0.2278	0.0994815	0.0915643	1.66705	1.45778	0.347751
990000	-15.99086	0	-15.99086	0.144176	0.153388	0.265235	0.309247	0.0858827	0.0629477	0.703046	0.52231	1.06912
1000000	-23.47252	0	-23.47252	0.0880409	0.175137	0.294817	0.157253	0.173131	0.280064	1.49945	0.665053	3.69703
1010000	-18.77765	0	-18.77765	0.154885	0.0448108	0.125098	0.291398	0.121782	0.132871	2.94949	0.25686	0.307373
1020000	-19.97603	0	-19.97603	0.10689	0.210997	0.187932	0.172132	0.288829	0.118308	1.85671	0.595797	0.684771
1030000	-26.25856	0	-26.25856	0.063839	0.273798	0.138462	0.250673	0.14676	0.140675	0.284533	0.0145423	0.00666788
1040000	-18.81603	0	-18.81603	0.177841	0.177685	0.185682	0.21997	0.399039	0.103261	1.19984	0.413803	0.936764
1050000	-17.12718	0	-17.12718	0.198507	0.193824	0.14633	0.319365	0.239573	0.273835	0.956472	1.42439	0.798874
1060000	-19.11097	0	-19.11097	0.262582	0.196712	0.128896	0.28678	0.287333	0.109093	0.533212	0.414175	0.338352
1070000	-16.7925	0	-16.7925	0.103151	0.150217	0.214728	0.192879	0.0650277	0.076607	0.465615	0.264886	0.185863
1080000	-16.00131	0	-16.00131	0.110658	0.076424	0.121572	0.481161	0.132217	0.064176	0.562377	0.0793907	0.53524
1090000	-16.86077	0	-16.86077	0.206064	0.0753652	0.110247	0.258966	0.102947	0.203905	1.70462	0.558344	0.429865
1100000	-19.97658	0	-19.97658	0.208464	0.195223	0.0918989	0.311358	0.178359	0.0845631	0.450141	0.086416	3.39938
1110000	-18.05019	0	-18.05019	0.0748584	0.152117	0.1492	0.314164	0.182131	0.0699085	1.06021	1.02982	0.686788
1120000	-20.27942	0	-20.27942	0.204841	0.0618395	0.193774	0.233481	0.170206	0.0372832	2.83873	1.43985	0.188826
1130000	-20.35296	0	-20.35296	0.0702792	0.347283	0.106375	0.25172	0.055246	0.197451	1.70279	0.0575147	2.59537
1140000	-21.59731	0	-21.59731	0.103504	0.232746	0.125898	0.363813	0.0884354	0.223075	3.80864	0.138428	1.87055
1150000	-16.2291	0	-16.2291	0.229421	0.249949	0.192268	0.258741	0.239413	0.0619283	1.94426	1.05258	0.172485
1160000	-19.18831	0	-19.18831	0.150671	0.420094	0.235588	0.302398	0.170192	0.116363	0.714578	0.44707	1.49979
1170000	-15.85085	0	-15.85085	0.0998291	0.279055	0.104559	0.243382	0.154882	0.103027	0.965337	0.14844	0.768262
1180000	-15.88372	0	-15.88372	0.1256	0.110666	0.077204	0.215951	0.123709	0.143712	2.73429	0.229418	1.2278
1190000	-24.42128	0	-24.42128	0.111312	0.0473082	0.27928	0.13676	0.250534	0.150004	3.74523	0.0753596	0.0301717
1200000	-20.37327	0	-20.37327	0.252093	0.40368	0.0937849	0.235029	0.0610507	0.124092	0.441305	0.369268	1.16387
1210000	-17.00852	0	-17.00852	0.4228	0.140658	0.128145	0.403882	0.180884	0.12778	0.902559	1.52236	0.217131
1220000	-14.31725	0	-14.31725	0.206321	0.13713	0.131136	0.203545	0.109427	0.13407	2.0449	1.31009	0.0639017
1230000	-17.59676	0	-17.59676	0.185051	0.107805	0.300601	0.280965	0.0547746	0.131748	1.7069	0.153239	0.42347
1240000	-16.51127	0	-16.51127	0.357802	0.181168	0.12282	0.207156	0.0668431	0.118474	0.277766	0.160621	1.07377
1250000	-12.55479	0	-12.55479	0.265455	0.154226	0.0982693	0.356841	0.171697	0.115721	1.04778	0.671709	0.174915
1260000	-22.13815	0	-22.13815	0.365563	0.0701028	0.102322	0.458856	0.238414	0.11655	1.67968	0.159802	0.412687
1270000	-18.66474	0	-18.66474	0.174128	0.253222	0.160988	0.268096	0.21095	0.0490108	1.92024	0.201832	0.389102
1280000	-16.58069	0	-16.58069	0.274209	0.145078	0.198862	0.304085	0.161092	0.09758	0.617375	0.116086	0.971521
1290000	-16.10143	0	-16.10143	0.259467	0.218521	0.145591	0.426045	0.193496	0.140548	0.541433	0.0734047	0.5759
1300000	-19.37549	0	-19.37549	0.102144	0.343963	0.0838336	0.173103	0.146583	0.0615686	0.226505	0.238523	3.71415
1310000	-21.41553	0	-21.41553	0.338737	0.195929	0.1901	0.168	0.0845191	0.0800541	0.270215	0.560532	3.45482
1320000	-15.90683	0	-15.90683	0.310186	0.0984226	0.067496	0.178527	0.0646037	0.0730752	0.996871	0.177204	0.765193
1330000	-20.40513	0	-20.40513	0.0655608	0.0586333	0.14593	0.131802	0.0628292	0.0954132	1.6407	0.176733	0.271306
1340000	-18.97141	0	-18.97141	0.265623	0.112393	0.0878175	0.29163	0.14937	0.115401	2.10556	0.67427	0.0253592
1350000	-16.56811	0	-16.56811	0.199547	0.201305	0.107884	0.25193	0.110142	0.0954863	0.257253	0.0173854	0.0763534
1360000	-13.60836	0	-13.60836	0.117229	0.0818287	0.108795	0.212733	0.151288	0.100323	1.24585	1.76951	1.15283
1370000	-21.80678	0	-21.80678	0.246265	0.0830062	0.166869	0.467942	0.14064	0.133587	0.153588	0.323939	0.183609
1380000	-24.26429	0	-24.26429	0.186782	0.428453	0.204192	0.10552	0.0719743	0.238277	2.17007	0.179483	2.66449
1390000	-19.13069	0	-19.13069	0.199602	0.50243	0.109038	0.0780511	0.116937	0.133083	1.26124	0.247048	1.07913
1400000	-16.79151	0	-16.79151	0.211197	0.195254	0.214876	0.218927	0.0995198	0.0446989	0.414381	0.166446	1.11599
1410000	-17.64777	0	-17.64777	0.262753	0.240613	0.0920419	0.380597	0.161825	0.147779	1.32907	0.392587	0.0889931
1420000	-15.93522	0	-15.93522	0.177764	0.145581	0.107451	0.464372	0.164284	0.155923	0.548291	0.854086	0.546725
1430000	-21.97638	0	-21.97638	0.322744	0.119614	0.315584	0.40631	0.326939	0.103744	2.33612	2.66056	0.802854
1440000	-16.8458	0	-16.8458	0.118043	0.154879	0.155708	0.479819	0.12932	0.231984	2.66112	0.157224	0.0626424
1450000	-16.96536	0	-16.96536	0.180394	0.343446	0.181704	0.214639	0.0776875	0.0463936	2.73121	0.388211	0.277488
1460000	-17.60886	0	-17.60886	0.201117	0.272184	0.151146	0.208838	0.198511	0.196316	3.47134	0.630936	0.666137
1470000	-19.77839	0	-19.77839	0.124548	0.14258	0.383726	0.257773	0.0994235	0.346761	0.560155	0.177229	1.62679
1480000	-18.76429	0	-18.76429	0.11348	0.0879985	0.278834	0.307841	0.212862	0.103819	1.80904	0.942816	0.809872
1490000	-17.266	0	-17.266	0.0737112	0.112326	0.198888	0.297907	0.0717107	0.129557	2.05739	0.862341	0.406109
1500000	-23.26233	0	-23.26233	0.0977106	0.186442	0.120266	0.0728711	0.299619	0.0963504	2.4195	0.728986	0.93739
1510000	-22.63783	0	-22.63783	0.0769692	0.137302	0.152689	0.186434	0.243786	0.188789	1.1683	1.34457	0.0585036
1520000	-17.00376	0	-17.00376	0.0957092	0.263933	0.198444	0.208413	0.144225	0.132805	2.47764	1.32167	1.13337
1530000	-19.71555	0	-19.71555	0.147528	0.204289	0.226457	0.115808	0.0883184	0.0644801	1.20362	0.11268	3.17224
1540000	-14.64296	0	-14.64296	0.0802191	0.209303	0.135695	0.184585	0.188203	0.180647	1.32881	0.574632	0.691393
1550000	-15.53567	0	-15.53567	0.223989	0.132137	0.115424	0.259088	0.121532	0.0946571	1.20092	0.40653	1.03357
1560000	-20.02718	0	-20.02718	0.155212	0.0954872	0.183581	0.496772	0.140049	0.0956852	2.4139	0.777609	0.648899
1570000	-16.4248	0	-16.4248	0.180109	0.115489	0.162814	0.475747	0.0530683	0.0765052	2.01634	0.198836	0.154045
1580000	-18.14231	0	-18.14231	0.270716	0.0620381	0.159119	0.230366	0.194215	0.065416	4.45879	0.41029	1.62184
1590000	-20.67019	0	-20.67019	0.184818	0.147259	0.218483	0.439984	0.110907	0.18263	3.02315	0.013788	1.9095
1600000	-17.29862	0	-17.29862	0.221091	0.276644	0.242002	0.367193	0.112595	0.104361	0.787173	0.0533452	3.15731
1610000	-23.32438	0	-23.32438	0.049559	0.11615	0.176947	0.117339	0.221167	0.0850507	0.584766	0.0991856	0.0502703
1620000	-21.33851	0	-21.33851	0.203408	0.16178	0.336254	0.420499	0.115459	0.0801901	1.73514	0.208272	0.014943
1630000	-17.1609	0	-17.1609	0.203247	0.111289	0.133617	0.175948	0.209474	0.107358	2.70362	0.361884	0.207308
1640000	-16.48611	0	-16.48611	0.153824	0.206054	0.0969156	0.338691	0.0829197	0.284672	2.33881	0.199043	0.243992
1650000	-15.18135	0	-15.18135	0.167003	0.151075	0.204543	0.26782	0.0734741	0.0672909	1.95935	0.362476	0.863425
1660000	-15.547	0	-15.547	0.287844	0.161874	0.156487	0.493333	0.205046	0.0884218	1.64125	0.340966	0.712232
1670000	-19.0587	0	-19.0587	0.119886	0.0516619	0.284815	0.207891	0.13522	0.0728297	2.53224	0.101931	0.172351
1680000	-19.24366	0	-19.24366	0.0929632	0.164815	0.267925	0.18273	0.0442365	0.0581936	0.157565	0.514347	1.72834
1690000	-22.36963	0	-22.36963	0.20661	0.148399	0.103594	0.16306	0.157652	0.430598	1.53931	0.939141	0.467958
1700000	-15.19013	0	-15.19013	0.141902	0.0533239	0.204584	0.170207	0.153755	0.100817	1.93871	1.59394	0.357038
1710000	-14.94723	0	-14.94723	0.112032	0.10983	0.0728453	0.328156	0.120277	0.0718295	2.24696	0.0789458	1.20786
1720000	-16.70871	0	-16.70871	0.123157	0.15296	0.201125	0.439485	0.0769917	0.0914114	0.547383	0.0619731	1.6898
1730000	-15.24368	0	-15.24368	0.168047	0.191413	0.115681	0.259053	0.127821	0.105804	1.63919	0.219391	0.0725397
1740000	-26.79784	0	-26.79784	0.133104	0.164885	0.0693034	0.157184	0.260944	0.0581461	0.298816	0.512779	9.79428
1750000	-22.61693	0	-22.61693	0.296296	0.134514	0.181561	0.321856	0.10372	0.0671542	4.08213	0.0732746	0.149052
1760000	-23.62523	0	-23.62523	0.131846	0.125599	0.0782753	0.39051	0.181305	0.392016	1.74066	0.447435	0.234084
1770000	-21.0908	0	-21.0908	0.433111	0.0370267	0.196819	0.520513	0.104581	0.131254	1.07025	4.13027	0.14779
1780000	-15.07794	0	-15.07794	0.108276	0.19044	0.141707	0.179324	0.0647561	0.103297	1.40126	0.116126	0.114926
1790000	-16.73181	0	-16.73181	0.34291	0.182409	0.251286	0.284023	0.235371	0.183359	1.19632	0.706877	0.891233
1800000	-20.103	0	-20.103	0.176287	0.0971668	0.119429	0.129132	0.183228	0.153142	4.22132	1.17797	0.614942
1810000	-22.5585	0	-22.5585	0.118034	0.231372	0.148352	0.282005	0.164612	0.0380002	0.571114	0.0579224	0.212242
1820000	-16.79307	0	-16.79307	0.19388	0.243712	0.191904	0.24792	0.148812	0.15406	0.726714	0.282108	1.23104
1830000	-14.48434	0	-14.48434	0.212935	0.0597163	0.246866	0.28871	0.210735	0.162306	1.34411	0.506469	0.347096
1840000	-21.82171	0	-21.82171	0.0768473	0.133581	0.0483759	0.388186	0.113411	0.0861791	0.73279	0.101954	2.55615
1850000	-20.20379	0	-20.20379	0.124343	0.26143	0.147375	0.273974	0.136633	0.295048	1.84497	0.0249058	0.894464
1860000	-17.53728	0	-17.53728	0.116652	0.116888	0.169273	0.243366	0.167848	0.158004	2.29477	0.120633	1.22899
1870000	-19.98398	0	-19.98398	0.138163	0.161258	0.119791	0.245851	0.40389	0.155715	2.68458	0.201966	2.5868
1880000	-19.13512	0	-19.13512	0.100174	0.0795143	0.342813	0.230126	0.251734	0.11781	1.87349	1.05105	0.758756
1890000	-22.00374	0	-22.00374	0.181387	0.163889	0.303345	0.511654	0.125818	0.151074	2.16432	0.138695	0.84207
1900000	-18.20138	0	-18.20138	0.307393	0.204255	0.148256	0.160318	0.0856443	0.125942	1.54461	0.373403	0.837216
1910000	-24.27034	0	-24.27034	0.318606	0.0731447	0.384688	0.189934	0.190832	0.158395	1.58559	0.360184	0.564993
1920000	-17.61936	0	-17.61936	0.201375	0.0671841	0.204204	0.396846	0.162634	0.168352	1.23587	1.74907	1.50638
1930000	-17.59047	0	-17.59047	0.198577	0.0840931	0.0991805	0.172026	0.098599	0.248658	1.36346	0.582825	1.56209
1940000	-16.08302	0	-16.08302	0.176489	0.25065	0.119558	0.217027	0.0388891	0.130185	0.67708	0.59398	0.890947
1950000	-19.73492	0	-19.73492	0.191962	0.285904	0.145024	0.133324	0.293693	0.0833979	0.387578	0.84325	1.65299
1960000	-18.12842	0	-18.12842	0.106026	0.282183	0.0914861	0.41604	0.277993	0.0621588	1.5437	0.488292	0.251869
1970000	-19.29023	0	-19.29023	0.164456	0.0946816	0.289135	0.0899802	0.0683652	0.117283	1.30612	1.53555	0.10164
1980000	-17.29135	0	-17.29135	0.216825	0.0710831	0.158291	0.196549	0.0468948	0.0577263	1.45273	0.291169	1.51679
1990000	-16.06988	0	-16.06988	0.15123	0.237287	0.185303	0.256885	0.0739872	0.25006	0.725837	0.174937	0.745458
2000000	-17.655	0	-17.655	0.229924	0.270445	0.101667	0.317302	0.0747271	0.0602883	2.09919	0.211194	1.33515
2010000	-17.59399	0	-17.59399	0.158142	0.180671	0.217319	0.171351	0.206671	0.251091	0.291648	0.0735054	0.281883
2020000	-27.27198	0	-27.27198	0.370666	0.10069	0.211475	0.493797	0.121812	0.406342	1.68756	0.217005	0.17626
2030000	-16.85744	0	-16.85744	0.181126	0.100615	0.143992	0.429728	0.130602	0.170883	1.68697	1.23757	0.255973
2040000	-13.75101	0	-13.75101	0.117979	0.117733	0.102512	0.221541	0.192836	0.0959156	0.941842	0.849256	0.345745
2050000	-20.88724	0	-20.88724	0.083004	0.465127	0.10159	0.174341	0.0987808	0.278123	2.01719	0.421864	0.268386
2060000	-18.27005	0	-18.27005	0.102157	0.368693	0.138177	0.201235	0.101069	0.158578	2.0391	0.52981	0.103904
2070000	-16.13526	0	-16.13526	0.0722381	0.101149	0.189023	0.421627	0.0627353	0.119924	1.56296	0.464708	0.379849
2080000	-17.33673	0	-17.33673	0.304293	0.0487785	0.180025	0.233914	0.131993	0.14671	1.60886	1.37577	0.343611
2090000	-19.56632	0	-19.56632	0.11454	0.322305	0.0796039	0.19242	0.14116	0.143074	0.45874	0.0540369	2.59361
2100000	-16.10057	0	-16.10057	0.126331	0.188508	0.234939	0.183531	0.0625547	0.0946651	2.08472	0.437479	1.52948
2110000	-15.30688	0	-15.30688	0.118102	0.133857	0.297334	0.322138	0.0493517	0.128398	1.49237	0.591701	1.56289
2120000	-20.55722	0	-20.55722	0.121982	0.122255	0.16004	0.323057	0.110125	0.054438	0.237046	0.00629895	0.0843797
2130000	-17.60494	0	-17.60494	0.0918415	0.147896	0.137074	0.297195	0.133513	0.141955	1.23127	0.24503	0.479535
2140000	-15.83042	0	-15.83042	0.284083	0.0835086	0.127274	0.210185	0.376125	0.0797076	0.987034	1.34969	0.752621
2150000	-17.80892	0	-17.80892	0.195566	0.182402	0.47273	0.152444	0.123832	0.127095	1.35009	0.325275	1.05656
2160000	-15.5728	0	-15.5728	0.143818	0.155126	0.213185	0.418773	0.0726378	0.120194	1.55948	0.269428	0.67646
2170000	-18.02947	0	-18.02947	0.112028	0.331388	0.163697	0.265351	0.123435	0.287376	2.63743	0.274072	0.836962
2180000	-15.15212	0	-15.15212	0.215209	0.0888183	0.173637	0.336075	0.0605632	0.148078	0.467183	0.19231	0.258903
2190000	-17.80724	0	-17.80724	0.130708	0.135946	0.0978322	0.312521	0.152287	0.0489639	1.22325	0.289682	2.94847
2200000	-24.14652	0	-24.14652	0.407217	0.346689	0.168744	0.273371	0.382187	0.144924	1.34654	1.07436	2.02542
2210000	-21.3523	0	-21.3523	0.0709292	0.214545	0.0874358	0.286143	0.156278	0.196367	3.0952	0.212999	0.0561914
2220000	-18.47478	0	-18.47478	0.247569	0.185781	0.168956	0.26478	0.185819	0.100366	0.361176	0.242402	0.477815
2230000	-14.25191	0	-14.25191	0.271361	0.170083	0.113592	0.348608	0.0905952	0.116087	0.292489	0.31365	1.06697
2240000	-23.15342	0	-23.15342	0.266407	0.319233	0.137743	0.438619	0.138031	0.157457	0.898222	0.244323	4.11151
2250000	-23.43595	0	-23.43595	0.149484	0.560706	0.364959	0.197185	0.0857426	0.361392	1.09809	2.04922	1.48913
2260000	-20.98912	0	-20.98912	0.232569	0.320729	0.0631178	0.326155	0.0664183	0.0822814	0.821322	0.28421	0.456546
2270000	-18.32848	0	-18.32848	0.119804	0.076672	0.131122	0.169734	0.149057	0.124071	0.627268	0.328377	3.67163
2280000	-19.5619	0	-19.5619	0.136384	0.126685	0.233095	0.145501	0.125857	0.404906	3.80844	0.351409	0.395077
2290000	-18.56578	0	-18.56578	0.0712627	0.167317	0.152193	0.121143	0.120517	0.0943804	2.71856	2.91363	1.32036
2300000	-19.9431	0	-19.9431	0.0987722	0.183487	0.230833	0.259695	0.0760367	0.122927	0.646199	0.179544	0.629512
2310000	-19.39592	0	-19.39592	0.205617	0.120424	0.127079	0.260388	0.351925	0.154067	2.04347	1.43928	3.10314
2320000	-18.19422	0	-18.19422	0.195523	0.111692	0.0982393	0.353788	0.112269	0.205354	1.88502	0.491156	0.182264
2330000	-20.46044	0	-20.46044	0.170497	0.116614	0.235795	0.0930505	0.13121	0.358359	1.86326	0.096918	1.08875
2340000	-19.8339	0	-19.8339	0.0687098	0.205004	0.231424	0.347466	0.266301	0.0794661	0.55026	1.6313	0.66866
2350000	-18.60103	0	-18.60103	0.0623625	0.175412	0.170963	0.101814	0.0960893	0.0558123	2.0588	0.0192847	0.156913
2360000	-19.88616	0	-19.88616	0.0354434	0.0941443	0.0780607	0.303545	0.146255	0.0675425	2.99784	0.135305	0.0673885
2370000	-23.61828	0	-23.61828	0.0598843	0.350044	0.199424	0.473162	0.155047	0.0435886	0.884273	0.213384	0.0769195
2380000	-19.75581	0	-19.75581	0.303533	0.206581	0.0981561	0.331041	0.193082	0.0601772	0.464812	0.750169	0.594258
2390000	-18.56926	0	-18.56926	0.0715679	0.0867181	0.160547	0.136284	0.108156	0.131841	0.931988	0.825339	1.17412
2400000	-19.90183	0	-19.90183	0.127463	0.137027	0.133605	0.213256	0.107567	0.0652065	4.10689	0.0502478	0.313841
2410000	-17.63903	0	-17.63903	0.242048	0.169777	0.140573	0.459965	0.162484	0.172517	4.37471	2.29073	0.292953
2420000	-15.38616	0	-15.38616	0.377825	0.137489	0.151282	0.379969	0.111051	0.112746	1.99306	0.036493	0.628446
2430000	-18.95046	0	-18.95046	0.1602	0.275776	0.0950108	0.297076	0.291729	0.0767766	2.39247	0.36548	0.516829
2440000	-21.12782	0	-21.12782	0.180129	0.0907097	0.111773	0.253059	0.0674979	0.222982	3.00874	0.0502224	1.89268
2450000	-23.37253	0	-23.37253	0.25083	0.155083	0.234895	0.19013	0.210125	0.479363	1.73261	0.33062	0.0814367
2460000	-22.49742	0	-22.49742	0.100132	0.0903256	0.153078	0.371716	0.280462	0.106337	1.83533	0.0587206	3.06611
2470000	-20.14704	0	-20.14704	0.105594	0.158307	0.331331	0.12836	0.216219	0.0682464	2.92764	0.113295	1.57189
2480000	-18.68653	0	-18.68653	0.159079	0.338511	0.0705727	0.260258	0.15844	0.0929827	1.49613	0.748814	0.591177
2490000	-16.33301	0	-16.33301	0.0678812	0.250891	0.0638815	0.216738	0.240987	0.0824089	1.4784	0.178876	0.34988
2500000	-16.30641	0	-16.30641	0.349819	0.15433	0.10098	0.199944	0.190545	0.079768	0.714131	0.951978	2.45768
2510000	-21.19827	0	-21.19827	0.0584051	0.187575	0.341324	0.314154	0.293161	0.158556	1.74571	0.19118	0.091775
2520000	-21.85395	0	-21.85395	0.230928	0.127444	0.0389638	0.319415	0.158286	0.227036	3.25129	0.096488	0.286035
2530000	-18.93099	0	-18.93099	0.0764948	0.163299	0.270116	0.217777	0.188788	0.200011	3.21001	0.414598	0.67462
2540000	-13.65737	0	-13.65737	0.20223	0.187438	0.140252	0.244181	0.10292	0.063786	1.79482	0.678586	0.510495
2550000	-16.28579	0	-16.28579	0.147485	0.0789962	0.096436	0.24876	0.105657	0.0572548	1.16933	0.477653	0.252884
2560000	-21.19376	0	-21.19376	0.128106	0.125089	0.170615	0.317237	0.120294	0.0940557	0.798103	0.119646	1.06754
2570000	-18.38089	0	-18.38089	0.150562	0.234833	0.187436	0.302989	0.14139	0.0514783	0.220959	0.206723	0.165042
2580000	-17.96125	0	-17.96125	0.103761	0.105114	0.417792	0.284535	0.190109	0.0837033	0.915434	0.0974882	0.391809
2590000	-19.93016	0	-19.93016	0.0781285	0.292172	0.215358	0.618924	0.113252	0.075224	0.434677	0.375567	0.390582
2600000	-16.41411	0	-16.41411	0.13998	0.128257	0.102136	0.273977	0.166542	0.273135	1.86097	0.104979	0.651713
2610000	-18.62731	0	-18.62731	0.0559749	0.0949639	0.153714	0.221256	0.0539857	0.0848156	0.435805	0.0841706	0.365321
2620000	-18.02703	0	-18.02703	0.352914	0.0691363	0.228098	0.268547	0.254493	0.0491869	0.59814	0.183225	0.725659
2630000	-18.75331	0	-18.75331	0.0896651	0.137283	0.337801	0.218474	0.210798	0.223695	0.853042	0.264722	0.274799
2640000	-14.62763	0	-14.62763	0.225307	0.184315	0.105727	0.357543	0.142853	0.124931	0.672263	1.61712	0.487492
2650000	-20.04538	0	-20.04538	0.0396863	0.344026	0.137163	0.116827	0.240702	0.114056	0.238077	0.871208	0.0864763
2660000	-22.17072	0	-22.17072	0.124997	0.164249	0.228793	0.280754	0.206924	0.578159	1.45359	0.16559	3.16516
2670000	-20.7008	0	-20.7008	0.144535	0.276564	0.206738	0.533979	0.253211	0.245119	1.74586	0.23902	1.40612
2680000	-21.08835	0	-21.08835	0.123046	0.184451	0.161593	0.132237	0.182214	0.311224	4.0323	0.0428685	1.30394
2690000	-16.8318	0	-16.8318	0.176356	0.17252	0.174175	0.261904	0.138185	0.0528536	2.60251	0.0976727	0.508324
2700000	-14.3568	0	-14.3568	0.0487086	0.212236	0.162724	0.389952	0.0605673	0.065226	1.16053	0.225063	0.827724
2710000	-22.69376	0	-22.69376	0.280871	0.471628	0.150943	0.321436	0.138821	0.113072	1.80112	0.727179	0.156835
2720000	-19.34943	0	-19.34943	0.0623537	0.18087	0.168507	0.260636	0.235737	0.118823	2.23821	0.991051	1.68124
2730000	-20.2444	0	-20.2444	0.132393	0.0764402	0.190827	0.183603	0.156297	0.275525	3.03209	1.98976	0.0383637
2740000	-19.17971	0	-19.17971	0.189357	0.2232	0.100628	0.0734468	0.138203	0.146989	0.46578	0.502554	1.53363
2750000	-21.05699	0	-21.05699	0.297022	0.222532	0.17693	0.256917	0.089899	0.130651	4.17743	0.287502	1.38256
2760000	-19.48618	0	-19.48618	0.359129	0.158796	0.0803822	0.171118	0.124662	0.201335	1.8465	0.283181	4.18508
2770000	-16.25995	0	-16.25995	0.0787999	0.120943	0.11784	0.349227	0.12333	0.166327	1.66016	1.79047	0.947136
2780000	-20.30746	0	-20.30746	0.0610821	0.140304	0.126658	0.409287	0.185068	0.0472009	1.24038	1.87603	0.108171
2790000	-19.34052	0	-19.34052	0.0422442	0.298891	0.175671	0.295657	0.0969664	0.0967964	1.61705	0.496173	1.41798
2800000	-18.57013	0	-18.57013	0.130293	0.150055	0.104741	0.211769	0.148703	0.141981	2.22717	0.184337	4.24045
2810000	-15.88553	0	-15.88553	0.081991	0.162786	0.10688	0.413434	0.0681634	0.0647577	0.500617	0.359311	0.0675022
2820000	-18.81804	0	-18.81804	0.325452	0.117842	0.157824	0.182125	0.0811401	0.0936619	1.37086	0.140036	0.35552
2830000	-16.77482	0	-16.77482	0.106456	0.0758913	0.0835298	0.343603	0.0662626	0.0962216	0.73222	0.192403	1.50995
2840000	-19.07513	0	-19.07513	0.273036	0.225406	0.185457	0.206705	0.15707	0.174929	2.24467	0.60135	1.74634
2850000	-19.77745	0	-19.77745	0.621524	0.126524	0.124256	0.184302	0.25582	0.0914415	1.27868	1.08579	0.122899
2860000	-21.25554	0	-21.25554	0.129792	0.109992	0.288087	0.233961	0.136516	0.0647934	4.51663	0.221691	0.869968
2870000	-17.9075	0	-17.9075	0.125736	0.0590123	0.169278	0.256423	0.0647734	0.0957434	2.72354	1.28829	0.931448
2880000	-18.85669	0	-18.85669	0.254368	0.133792	0.179128	0.186648	0.301845	0.128067	2.09841	0.12418	0.0603271
2890000	-18.22289	0	-18.22289	0.0962077	0.05639	0.112443	0.172875	0.196696	0.143522	1.41006	0.583715	0.35304
2900000	-19.53196	0	-19.53196	0.223091	0.191714	0.299817	0.194784	0.13183	0.171243	0.353211	0.271875	0.332271
2910000	-19.3918	0	-19.3918	0.133201	0.208664	0.133504	0.481266	0.105573	0.163697	3.96488	0.815749	2.46138
2920000	-12.78392	0	-12.78392	0.163508	0.166492	0.157172	0.401367	0.117492	0.142598	0.539045	0.227074	0.304236
2930000	-24.95448	0	-24.95448	0.383655	0.275225	0.437449	0.212401	0.139993	0.110385	0.789915	0.852193	2.33037
2940000	-17.93904	0	-17.93904	0.171017	0.186919	0.398702	0.312026	0.136209	0.246877	1.529	1.54697	1.61391
2950000	-17.96242	0	-17.96242	0.13647	0.117497	0.0965721	0.43068	0.125305	0.0996243	2.24744	1.74668	0.736091
2960000	-21.29223	0	-21.29223	0.221024	0.130492	0.0700211	0.12362	0.145035	0.121953	1.00573	0.327058	0.87199
2970000	-16.77989	0	-16.77989	0.155751	0.14394	0.099929	0.297341	0.166525	0.0549418	1.39296	0.0967694	0.430557
2980000	-17.40722	0	-17.40722	0.062113	0.145225	0.0740545	0.29123	0.0836275	0.112691	1.06296	0.173824	1.92969
2990000	-17.94952	0	-17.94952	0.208662	0.192781	0.138775	0.560517	0.0995272	0.181496	0.997115	0.183061	0.73939
3000000	-16.87835	0	-16.87835	0.216607	0.0943578	0.376842	0.206774	0.146093	0.136783	1.35282	0.835648	0.792891
3010000	-18.86174	0	-18.86174	0.139405	0.221826	0.352123	0.413737	0.148855	0.12613	0.656217	1.16554	0.811977
3020000	-19.11364	0	-19.11364	0.0739289	0.113108	0.076359	0.50059	0.0592198	0.131998	1.19746	0.251047	0.277057
3030000	-19.06196	0	-19.06196	0.160404	0.135317	0.244734	0.188024	0.0439768	0.0891319	3.92094	0.181878	0.92915
3040000	-15.45646	0	-15.45646	0.147151	0.147833	0.162193	0.248287	0.175661	0.0871298	1.30976	0.419456	0.358745
3050000	-19.27984	0	-19.27984	0.115875	0.214833	0.135988	0.194888	0.321735	0.105704	0.950325	0.502965	0.825095
3060000	-18.7668	0	-18.7668	0.106199	0.0878117	0.146173	0.249175	0.118669	0.186074	1.82628	0.903899	1.69935
3070000	-20.03234	0	-20.03234	0.147646	0.101189	0.195456	0.303878	0.184361	0.0909461	2.02861	1.69261	1.18186
3080000	-13.66081	0	-13.66081	0.142752	0.131509	0.170436	0.222303	0.113584	0.0753018	2.36474	0.446538	0.479583
3090000	-17.3548	0	-17.3548	0.0661308	0.148094	0.0608672	0.232973	0.149281	0.038218	1.5016	0.192945	0.0491738
3100000	-20.17108	0	-20.17108	0.258649	0.0476141	0.148153	0.240011	0.0566713	0.0580953	0.854267	1.00166	0.779886
3110000	-17.08691	0	-17.08691	0.151105	0.290668	0.183933	0.406891	0.123352	0.088349	1.4847	0.608886	0.192208
3120000	-16.8797	0	-16.8797	0.129994	0.116214	0.186827	0.401423	0.0750105	0.0915693	0.999544	0.046162	0.0414155
3130000	-17.47099	0	-17.47099	0.0819199	0.159102	0.140839	0.159826	0.240679	0.106276	1.8278	0.369014	0.101913
3140000	-16.43437	0	-16.43437	0.157865	0.168139	0.17372	0.104923	0.0973503	0.116735	1.45679	2.02282	0.256723
3150000	-22.95406	0	-22.95406	0.205228	0.223031	0.0842369	0.554851	0.0768739	0.118841	0.545499	0.487629	0.376214
3160000	-17.64251	0	-17.64251	0.202167	0.126844	0.127471	0.277554	0.212393	0.091541	1.74825	0.159946	3.8143
3170000	-19.87125	0	-19.87125	0.0647092	0.10783	0.131694	0.143495	0.0910887	0.0359406	1.32281	0.0896921	0.164479
3180000	-17.44441	0	-17.44441	0.241622	0.336345	0.084949	0.132023	0.07789	0.0940716	0.399248	0.400414	0.864623
3190000	-19.2168	0	-19.2168	0.0613232	0.430017	0.232229	0.238687	0.134412	0.0827034	0.821172	0.355334	0.182751
3200000	-18.46297	0	-18.46297	0.379748	0.096052	0.291427	0.566045	0.181263	0.0700125	3.40182	0.2397	1.44676
3210000	-18.54217	0	-18.54217	0.126394	0.152423	0.13985	0.295242	0.107582	0.139676	1.17653	0.75392	0.0991445
3220000	-21.12265	0	-21.12265	0.295213	0.148134	0.13158	0.38473	0.139675	0.150195	0.840941	0.334383	0.0354964
3230000	-17.24804	0	-17.24804	0.0644592	0.14467	0.103794	0.465168	0.127509	0.135435	2.31149	0.119474	0.180971
3240000	-16.75564	0	-16.75564	0.381154	0.199914	0.134055	0.26473	0.197461	0.042319	1.78636	0.673725	0.531932
3250000	-23.20491	0	-23.20491	0.153174	0.130284	0.115282	0.290694	0.0938801	0.0209768	0.483966	0.0870807	0.282095
3260000	-21.33405	0	-21.33405	0.142987	0.126949	0.263337	0.0925049	0.150636	0.0871398	1.23626	0.395183	0.832315
3270000	-15.72561	0	-15.72561	0.197543	0.201588	0.215305	0.283847	0.175221	0.117985	1.03467	0.815747	0.193604
3280000	-21.22475	0	-21.22475	0.131434	0.0714255	0.208563	0.487625	0.149502	0.187891	1.03276	0.187535	0.132219
3290000	-20.48243	0	-20.48243	0.300095	0.148687	0.0746376	0.231697	0.0594297	0.0846073	5.93674	0.777193	1.07226
3300000	-18.08295	0	-18.08295	0.322306	0.227961	0.150584	0.288014	0.0949836	0.0755241	0.414718	0.201522	2.35698
3310000	-17.16218	0	-17.16218	0.203732	0.138469	0.214439	0.374061	0.120798	0.118131	1.07812	0.892212	0.0661918
3320000	-23.82126	0	-23.82126	0.185166	0.142472	0.142784	0.069832	0.141849	0.0474494	2.42558	0.06496	1.95987
3330000	-23.0856	0	-23.0856	0.267617	0.199714	0.062895	0.472339	0.0786076	0.0499992	2.6512	0.899523	0.296796
3340000	-15.75697	0	-15.75697	0.199146	0.0839909	0.103699	0.361575	0.320846	0.149532	2.05099	2.19671	1.14364
3350000	-17.05419	0	-17.05419	0.227445	0.115873	0.185821	0.395857	0.103227	0.0786162	0.67245	0.117807	0.2616
3360000	-14.93905	0	-14.93905	0.153318	0.13178	0.0727945	0.218098	0.0885022	0.139047	1.53096	1.08123	1.0998
3370000	-17.47739	0	-17.47739	0.130995	0.183903	0.174222	0.28969	0.268494	0.133904	2.77877	0.792468	1.27949
3380000	-16.10096	0	-16.10096	0.121144	0.194253	0.234812	0.235954	0.134354	0.141504	4.15554	0.244287	0.413067
3390000	-16.50743	0	-16.50743	0.40784	0.155415	0.118678	0.2278	0.138077	0.105443	1.89707	0.661002	1.28215
3400000	-17.62737	0	-17.62737	0.187228	0.145578	0.114843	0.375347	0.131392	0.182049	1.49533	3.54757	0.159285
3410000	-20.58333	0	-20.58333	0.14299	0.154104	0.158705	0.165106	0.142568	0.133785	0.27434	0.0374587	0.0408524
3420000	-21.40313	0	-21.40313	0.0592106	0.094262	0.280059	0.333747	0.195937	0.0446504	1.13227	0.39011	0.236157
3430000	-18.6653	0	-18.6653	0.0592846	0.278976	0.14212	0.55655	0.17399	0.170074	0.521055	0.225933	0.748369
3440000	-17.09897	0	-17.09897	0.129775	0.114287	0.19096	0.640714	0.175139	0.131523	0.753768	0.446394	0.394003
3450000	-26.93763	0	-26.93763	0.408468	0.120599	0.390585	0.589834	0.204927	0.338108	1.26507	0.320105	1.98922
3460000	-18.29918	0	-18.29918	0.241556	0.185901	0.101457	0.134968	0.094694	0.176593	0.579651	0.727658	3.61468
3470000	-17.78891	0	-17.78891	0.225699	0.0568834	0.0747638	0.405072	0.120742	0.18089	1.85033	0.194391	0.0592074
3480000	-16.13231	0	-16.13231	0.134943	0.104564	0.0638351	0.186562	0.240864	0.107068	1.03723	0.322344	1.47268
3490000	-15.5147	0	-15.5147	0.192226	0.197965	0.0824777	0.322061	0.0818177	0.220525	0.722484	0.161105	0.524282
3500000	-19.90491	0	-19.90491	0.38906	0.176218	0.205789	0.127874	0.150865	0.167248	0.91524	0.243848	0.602417
3510000	-17.47174	0	-17.47174	0.208628	0.151238	0.151141	0.209021	0.0964122	0.140079	1.67972	0.217708	1.12284
3520000	-18.50077	0	-18.50077	0.134813	0.139483	0.133636	0.280907	0.162365	0.104929	1.40174	1.26716	0.751994
3530000	-18.84667	0	-18.84667	0.103073	0.246786	0.366427	0.157248	0.134806	0.200146	1.49671	0.219213	3.73555
3540000	-19.30901	0	-19.30901	0.138314	0.306394	0.150309	0.267877	0.14738	0.067639	1.90303	0.174507	0.0784661
3550000	-19.26196	0	-19.26196	0.249996	0.104581	0.400094	0.175206	0.129263	0.0653065	1.89326	0.0638744	0.432535
3560000	-17.8694	0	-17.8694	0.122114	0.135738	0.24673	0.203775	0.0768464	0.250497	2.06389	0.866777	0.532355
3570000	-14.74577	0	-14.74577	0.154765	0.140532	0.138553	0.292744	0.138851	0.0755832	1.77417	0.293357	0.795016
3580000	-20.0119	0	-20.0119	0.152319	0.0669654	0.0787313	0.259019	0.216434	0.139773	1.39662	0.320711	0.182685
3590000	-25.21637	0	-25.21637	0.367269	0.0642905	0.173036	0.68495	0.225649	0.0570813	6.39738	0.408563	0.124186
3600000	-20.20998	0	-20.20998	0.0986569	0.117162	0.225615	0.335806	0.173013	0.0615344	2.24512	0.122745	1.31653
3610000	-23.52734	0	-23.52734	0.0377641	0.365009	0.086749	0.304094	0.227865	0.322077	1.50703	0.282154	2.40857
3620000	-15.37579	0	-15.37579	0.174574	0.0882586	0.134479	0.297047	0.255351	0.0971964	1.75359	0.834017	1.52556
3630000	-17.65886	0	-17.65886	0.153522	0.287818	0.144879	0.303134	0.0824685	0.147261	0.716057	0.191474	0.51202
3640000	-20.56358	0	-20.56358	0.119029	0.115928	0.185848	0.266866	0.0672326	0.0803666	0.64787	0.322081	0.0187191
3650000	-20.20724	0	-20.20724	0.0860973	0.0818946	0.238619	0.286799	0.351538	0.142912	1.61391	0.482409	4.811
3660000	-19.55391	0	-19.55391	0.0891473	0.177846	0.177839	0.291848	0.152721	0.265353	3.27198	0.650427	0.717245
3670000	-21.3187	0	-21.3187	0.152594	0.397312	0.127624	0.343909	0.0894434	0.131839	0.702918	0.43085	2.3894
3680000	-15.49425	0	-15.49425	0.168822	0.171799	0.153476	0.244181	0.211627	0.0713025	0.515238	1.80167	0.473012
3690000	-18.17345	0	-18.17345	0.312794	0.201006	0.240294	0.558104	0.181819	0.117142	0.733614	0.23705	1.07326
3700000	-17.44569	0	-17.44569	0.0707897	0.0966039	0.162467	0.440201	0.122055	0.0805118	1.05055	0.305099	3.1286
3710000	-24.78559	0	-24.78559	0.166254	0.32332	0.348421	0.230398	0.294714	0.22275	0.688179	0.082816	0.308398
3720000	-19.71157	0	-19.71157	0.291298	0.153542	0.0983219	0.266373	0.108941	0.148049	3.88709	0.028071	1.90756
3730000	-18.38107	0	-18.38107	0.166969	0.108128	0.086117	0.340763	0.180736	0.0486756	2.93387	0.361473	0.734804
3740000	-15.15837	0	-15.15837	0.103186	0.222191	0.276488	0.186882	0.115039	0.178331	2.16427	0.654405	0.542746
3750000	-15.80265	0	-15.80265	0.161094	0.191605	0.112176	0.132794	0.060282	0.131751	3.36342	0.456188	0.636598
3760000	-19.71057	0	-19.71057	0.0923511	0.182214	0.136754	0.429052	0.105915	0.208871	0.945394	0.729303	0.153356
3770000	-16.50094	0	-16.50094	0.0679321	0.136264	0.161175	0.262801	0.0779967	0.180114	0.496216	0.525791	0.330064
3780000	-19.43153	0	-19.43153	0.222856	0.286348	0.379317	0.31132	0.117836	0.143865	0.835833	0.207009	0.154215
3790000	-17.5028	0	-17.5028	0.215987	0.0939765	0.193043	0.314167	0.16376	0.103447	1.0768	0.384929	1.33986
3800000	-19.38695	0	-19.38695	0.587967	0.118144	0.198751	0.538982	0.138033	0.135522	2.37057	1.30627	0.875015
3810000	-25.2164	0	-25.2164	0.0741547	0.194658	0.2059	0.226734	0.125429	0.0818212	1.87126	0.432841	0.0158386
3820000	-20.2657	0	-20.2657	0.278984	0.288306	0.129307	0.195854	0.054043	0.0606379	2.88124	0.213601	0.986215
3830000	-14.33918	0	-14.33918	0.0847709	0.0982286	0.0753754	0.235272	0.175619	0.0609419	0.952199	0.827594	0.0673444
3840000	-22.37204	0	-22.37204	0.117529	0.12899	0.0601308	0.527786	0.0982486	0.092326	1.92586	0.311594	6.40778
3850000	-17.99899	0	-17.99899	0.050488	0.162312	0.132035	0.389612	0.200412	0.114215	0.743575	0.277014	0.0524192
3860000	-18.93563	0	-18.93563	0.127447	0.1071	0.0709705	0.335439	0.293123	0.169402	2.16954	0.260453	0.876543
3870000	-13.84103	0	-13.84103	0.181524	0.158868	0.0949001	0.389981	0.0573467	0.0892489	0.881892	0.178531	1.23632
3880000	-20.89203	0	-20.89203	0.399031	0.125131	0.205187	0.243386	0.0933982	0.10083	2.06957	0.509446	0.228533
3890000	-16.12157	0	-16.12157	0.180288	0.152026	0.214004	0.217833	0.0924201	0.117717	4.36242	1.0275	0.0558219
3900000	-22.64648	0	-22.64648	0.195686	0.199753	0.0441792	0.256098	0.107151	0.0884747	0.766414	0.0391047	1.61112
3910000	-21.84221	0	-21.84221	0.262949	0.229567	0.0512196	0.298178	0.199305	0.141245	5.25303	0.298586	1.08015
3920000	-15.13438	0	-15.13438	0.345965	0.178841	0.21301	0.238813	0.0779879	0.155661	2.02848	0.777475	0.441674
3930000	-18.99726	0	-18.99726	0.167537	0.316877	0.182294	0.419977	0.121029	0.235796	1.52955	0.166305	0.4621
3940000	-14.75317	0	-14.75317	0.161154	0.144783	0.188635	0.215517	0.241735	0.0786775	0.641965	0.79539	1.59376
3950000	-17.10963	0	-17.10963	0.231344	0.21174	0.192454	0.144641	0.182862	0.0991939	2.34668	0.181149	0.60111
3960000	-18.89236	0	-18.89236	0.134362	0.0948205	0.146109	0.576095	0.112411	0.0486611	0.64247	0.242031	1.16839
3970000	-17.88424	0	-17.88424	0.320362	0.157061	0.0868418	0.210983	0.24106	0.067121	1.54709	0.0729426	0.377524
3980000	-19.7975	0	-19.7975	0.118758	0.280691	0.184174	0.185571	0.10163	0.16963	1.13422	0.133537	0.119879
3990000	-18.55404	0	-18.55404	0.0769214	0.257843	0.159078	0.278631	0.111543	0.0397057	0.208663	0.255463	0.681038
4000000	-19.14265	0	-19.14265	0.292333	0.108611	0.292118	0.412307	0.0975916	0.14147	0.521693	0.110736	0.251124
4010000	-14.28592	0	-14.28592	0.0563877	0.216352	0.0877396	0.213539	0.16362	0.155955	1.32496	0.192975	0.385686
4020000	-15.41512	0	-15.41512	0.175763	0.124994	0.0753436	0.404517	0.0980382	0.0614532	3.57215	0.561541	0.305259
4030000	-18.6669	0	-18.6669	0.306334	0.080894	0.0754426	0.205339	0.0542527	0.139471	1.17828	0.163915	1.46625
4040000	-13.42783	0	-13.42783	0.174542	0.119157	0.128969	0.206564	0.174033	0.075287	1.10836	0.168805	0.291975
4050000	-18.84411	0	-18.84411	0.314032	0.165177	0.10135	0.19917	0.134886	0.137882	1.30455	0.670579	0.00598923
4060000	-15.91131	0	-15.91131	0.102583	0.248698	0.21133	0.27123	0.0595444	0.137594	0.935814	0.0802863	0.123506
4070000	-15.71526	0	-15.71526	0.196646	0.09651	0.182904	0.535327	0.140856	0.150689	1.17762	0.588832	1.49934
4080000	-19.38218	0	-19.38218	0.143745	0.19322	0.207954	0.363871	0.384653	0.226389	0.916732	0.33876	0.536797
4090000	-19.29245	0	-19.29245	0.0718082	0.188747	0.283637	0.280252	0.160466	0.109916	2.8709	0.51891	0.581804
4100000	-14.07465	0	-14.07465	0.142211	0.144435	0.218716	0.255872	0.0740021	0.0814947	0.641591	0.0490386	0.560261
4110000	-24.65738	0	-24.65738	0.107634	0.280949	0.0651264	0.303238	0.14738	0.159164	2.97078	0.308502	3.96849
4120000	-18.41015	0	-18.41015	0.113029	0.262032	0.215312	0.286372	0.0510341	0.124627	0.818303	0.172658	0.913326
4130000	-20.00823	0	-20.00823	0.195197	0.299389	0.0899841	0.363535	0.165559	0.0514721	0.727741	0.273627	0.427196
4140000	-17.37526	0	-17.37526	0.192748	0.124668	0.364664	0.232699	0.0831756	0.11934	0.293143	0.073247	0.355914
4150000	-17.6614	0	-17.6614	0.134018	0.0571986	0.0809194	0.190427	0.172286	0.117103	4.39213	0.158554	0.17693
4160000	-17.42585	0	-17.42585	0.113605	0.0728659	0.120546	0.211789	0.0820388	0.120166	1.82864	0.0427062	1.17137
4170000	-18.81438	0	-18.81438	0.175703	0.322228	0.103748	0.412647	0.177851	0.216932	0.719801	0.173233	0.969363
4180000	-18.61553	0	-18.61553	0.0807168	0.119196	0.132757	0.214104	0.155158	0.27257	1.32919	0.724591	0.397765
4190000	-13.92603	0	-13.92603	0.274123	0.0963754	0.135781	0.207333	0.125297	0.0952975	1.12384	0.796223	0.530209
4200000	-19.07381	0	-19.07381	0.249754	0.425671	0.220308	0.170892	0.161346	0.169237	1.69984	1.22911	0.256759
4210000	-18.88449	0	-18.88449	0.087314	0.0905359	0.153398	0.626578	0.14483	0.170031	2.08209	0.155339	0.223088
4220000	-20.14992	0	-20.14992	0.13341	0.0767115	0.246032	0.231526	0.246272	0.0464572	2.23364	0.140041	2.44716
4230000	-18.25623	0	-18.25623	0.130406	0.194067	0.170629	0.416784	0.307416	0.119017	0.889219	1.97961	0.595532
4240000	-20.43684	0	-20.43684	0.397752	0.197327	0.114144	0.148631	0.253016	0.117715	3.07535	0.366968	0.578539
4250000	-15.54438	0	-15.54438	0.091333	0.246551	0.119282	0.177142	0.140794	0.100921	0.750238	1.09232	0.749671
4260000	-19.01458	0	-19.01458	0.351139	0.0583274	0.167035	0.220425	0.138237	0.0657687	1.19933	0.263376	0.0872704
4270000	-21.5178	0	-21.5178	0.122918	0.391684	0.313058	0.278561	0.260128	0.186193	4.6428	0.391262	1.04579
4280000	-16.51859	0	-16.51859	0.102643	0.077935	0.206766	0.255977	0.0650741	0.0616892	2.29724	0.46886	0.440255
4290000	-19.50924	0	-19.50924	0.0753473	0.229391	0.160137	0.524217	0.172225	0.0850834	0.870843	0.0730849	0.0939267
4300000	-24.79413	0	-24.79413	0.0754044	0.146457	0.311217	0.210033	0.337898	0.172566	4.45945	1.66993	0.484632
4310000	-18.11478	0	-18.11478	0.245654	0.0669685	0.240407	0.174834	0.057324	0.126012	1.287	0.3339	1.11337
4320000	-20.06932	0	-20.06932	0.193133	0.253817	0.288488	0.24239	0.140654	0.151398	1.84265	0.47445	0.941746
4330000	-19.49945	0	-19.49945	0.246784	0.237166	0.225576	0.509445	0.144493	0.0773754	1.08021	0.445355	0.517292
4340000	-20.90728	0	-20.90728	0.278124	0.195665	0.120106	0.246637	0.0609321	0.0527856	2.15508	0.0625888	0.470358
4350000	-12.75142	0	-12.75142	0.101868	0.234047	0.183254	0.189297	0.134056	0.0741684	1.29803	0.0737442	0.652984
4360000	-22.33105	0	-22.33105	0.292289	0.178634	0.0958963	0.209307	0.0649963	0.0883541	1.21584	0.396945	0.107558
4370000	-15.98391	0	-15.98391	0.10058	0.122996	0.241102	0.22986	0.108102	0.162356	0.150798	0.13537	0.277168
4380000	-21.85594	0	-21.85594	0.17627	0.155773	0.496163	0.126802	0.245799	0.145184	2.54078	0.169355	2.27875
4390000	-22.82929	0	-22.82929	0.0367695	0.123483	0.216131	0.360275	0.110843	0.183439	2.05862	0.0408565	0.294674
4400000	-19.63803	0	-19.63803	0.208759	0.112353	0.213511	0.544112	0.28857	0.114739	2.829	1.14192	1.11649
4410000	-16.89308	0	-16.89308	0.122749	0.210737	0.189181	0.276062	0.189162	0.167046	1.63042	0.59955	2.27821
4420000	-18.95911	0	-18.95911	0.139995	0.125661	0.126699	0.459243	0.177267	0.093192	1.26795	0.0830891	0.0325045
4430000	-16.55729	0	-16.55729	0.167708	0.246634	0.173356	0.375795	0.169065	0.157631	2.12923	0.0938197	0.98108
4440000	-20.09134	0	-20.09134	0.142854	0.118061	0.232376	0.507332	0.19944	0.0850513	0.447686	0.194403	2.30579
4450000	-17.11499	0	-17.11499	0.0770234	0.11259	0.0981029	0.391212	0.118865	0.132761	0.701351	0.0370009	0.038906
4460000	-17.9326	0	-17.9326	0.226439	0.0963156	0.273004	0.274037	0.262037	0.165669	2.23232	1.48208	0.283611
4470000	-21.10584	0	-21.10584	0.153791	0.247114	0.120816	0.393945	0.128246	0.0564662	4.78836	0.0720501	0.0824722
4480000	-16.25242	0	-16.25242	0.157833	0.135822	0.24909	0.266291	0.176761	0.120998	3.26924	0.561815	0.447179
4490000	-12.59757	0	-12.59757	0.08773	0.193961	0.173289	0.159421	0.0819876	0.146955	1.39525	0.24971	0.918441
4500000	-18.39592	0	-18.39592	0.179003	0.153741	0.177873	0.27776	0.171121	0.12615	4.01092	1.79815	0.255773
4510000	-14.81217	0	-14.81217	0.299169	0.0571661	0.0955716	0.247249	0.109236	0.0828782	1.33582	1.04081	1.37351
4520000	-23.44876	0	-23.44876	0.0846643	0.0786974	0.221456	0.218014	0.276676	0.0954325	3.02638	1.56653	1.21707
4530000	-24.62041	0	-24.62041	0.15517	0.287113	0.375356	0.209667	0.307728	0.0886187	1.80008	0.153996	2.81458
4540000	-11.86904	0	-11.86904	0.157281	0.073596	0.130716	0.303286	0.0798997	0.123833	0.45368	0.717078	0.625196
4550000	-20.53278	0	-20.53278	0.155266	0.13369	0.255168	0.381489	0.114807	0.0818777	2.0686	1.7396	3.12411
4560000	-20.58394	0	-20.58394	0.310885	0.0625317	0.0816018	1.02496	0.162474	0.166113	1.92241	1.02586	2.22544
4570000	-23.14166	0	-23.14166	0.104409	0.0542845	0.16166	0.19198	0.0850021	0.0265515	2.5044	0.213404	0.131257
4580000	-16.79598	0	-16.79598	0.0804726	0.184889	0.177575	0.14881	0.211509	0.106589	1.74909	0.343121	0.870398
4590000	-15.82548	0	-15.82548	0.137043	0.132716	0.129229	0.179787	0.184387	0.148944	2.38083	0.748344	0.657489
4600000	-22.26463	0	-22.26463	0.202366	0.153614	0.392935	0.177267	0.173509	0.187717	1.35875	0.750364	0.287851
4610000	-19.53418	0	-19.53418	0.0943134	0.151672	0.43884	0.314387	0.113903	0.109683	1.02372	0.121121	0.441307
4620000	-14.83432	0	-14.83432	0.093452	0.145307	0.0969154	0.312339	0.142364	0.224906	0.585498	0.407892	1.23385
4630000	-14.77377	0	-14.77377	0.150417	0.144171	0.309029	0.303617	0.0823258	0.199076	0.441574	0.491146	0.446338
4640000	-21.08793	0	-21.08793	0.1884	0.409081	0.194263	0.403833	0.144297	0.205114	1.73533	1.80963	2.64356
4650000	-23.93381	0	-23.93381	0.0388609	0.111048	0.09352	0.303893	0.127105	0.218813	7.36077	0.132485	0.963061
4660000	-24.60411	0	-24.60411	0.297675	0.316181	0.144546	0.453828	0.14324	0.0725677	0.22671	0.0662707	0.108365
4670000	-19.9076	0	-19.9076	0.212285	0.262072	0.0794912	0.555678	0.131476	0.0532171	3.16416	0.0250976	1.18234
4680000	-16.18102	0	-16.18102	0.157224	0.174839	0.167079	0.306485	0.149843	0.155712	0.991826	0.279521	0.37338
4690000	-23.80515	0	-23.80515	0.0902183	0.160581	0.170729	0.500379	0.300892	0.095546	1.02433	0.638493	0.219871
4700000	-14.67204	0	-14.67204	0.108042	0.197636	0.0733256	0.394836	0.133533	0.120565	2.44373	0.245654	0.76069
4710000	-14.18873	0	-14.18873	0.177368	0.228179	0.0942306	0.540811	0.122769	0.104619	1.78407	0.339635	0.52238
4720000	-22.10481	0	-22.10481	0.135251	0.179163	0.0502569	0.112339	0.181574	0.10889	6.32434	0.569351	1.12981
4730000	-23.94951	0	-23.94951	0.0640038	0.133525	0.0945538	0.467397	0.274625	0.384844	3.71652	1.94072	0.108024
4740000	-16.4471	0	-16.4471	0.161856	0.124382	0.179679	0.262321	0.119639	0.0701314	1.24048	0.265111	0.244775
4750000	-23.42739	0	-23.42739	0.15642	0.0846976	0.136526	0.47859	0.150496	0.133883	3.8459	0.0413942	0.0556681
4760000	-16.31298	0	-16.31298	0.238594	0.198587	0.063959	0.368231	0.102392	0.0888732	2.4835	0.606324	0.391731
4770000	-15.18821	0	-15.18821	0.200527	0.113081	0.24422	0.338511	0.149052	0.0838077	1.98146	1.16881	0.483157
4780000	-19.85511	0	-19.85511	0.145467	0.272945	0.204602	0.226146	0.231864	0.213967	0.681226	0.125362	1.38931
4790000	-19.33452	0	-19.33452	0.158921	0.120303	0.115956	0.1244	0.369001	0.288708	1.29763	0.784955	0.452976
4800000	-17.60424	0	-17.60424	0.211756	0.0662655	0.220263	0.442667	0.187153	0.0581192	1.85481	0.811741	3.06059
4810000	-17.1166	0	-17.1166	0.153139	0.128963	0.079349	0.258664	0.170661	0.137408	3.73219	0.454687	1.40688
4820000	-16.85536	0	-16.85536	0.210163	0.142591	0.209853	0.20475	0.0633968	0.0366459	1.36786	0.363951	2.50555
4830000	-17.74999	0	-17.74999	0.329313	0.0868401	0.0880573	0.253521	0.135002	0.0482737	1.22394	3.22965	2.06801
4840000	-19.03915	0	-19.03915	0.11029	0.349283	0.227061	0.219099	0.144912	0.168721	1.0307	0.540392	2.4114
4850000	-20.40856	0	-20.40856	0.304352	0.256481	0.285701	0.29508	0.148705	0.120166	0.923567	0.0915831	2.2187
4860000	-15.28166	0	-15.28166	0.10247	0.0902377	0.264918	0.274001	0.0531983	0.101945	2.02154	0.170467	2.20826
4870000	-15.15966	0	-15.15966	0.11967	0.170362	0.159532	0.384753	0.168384	0.110359	1.81201	0.314888	1.67519
4880000	-16.35239	0	-16.35239	0.2536	0.085783	0.103814	0.14336	0.0950975	0.3488	0.729659	0.351748	0.214045
4890000	-17.05297	0	-17.05297	0.102824	0.162663	0.175968	0.220928	0.19555	0.141344	0.505753	0.188012	0.69919
4900000	-21.51473	0	-21.51473	0.0705938	0.109488	0.0732347	0.321066	0.0488587	0.0432228	2.28999	0.818914	0.0650961
4910000	-16.47015	0	-16.47015	0.139569	0.155662	0.121747	0.317588	0.124435	0.0952652	1.36972	0.181727	2.56255
4920000	-24.52363	0	-24.52363	0.0695002	0.149389	0.210279	0.682475	0.156117	0.171329	2.14825	0.387578	2.52167
4930000	-27.86537	0	-27.86537	0.130588	0.175416	0.442435	0.560717	0.200363	0.281276	5.49589	0.77455	0.183024
4940000	-16.0325	0	-16.0325	0.0693229	0.181307	0.0804821	0.248804	0.0599393	0.0814763	0.558123	0.180797	2.77065
4950000	-19.63473	0	-19.63473	0.242794	0.126295	0.124712	0.160833	0.114438	0.113805	2.01998	0.215661	1.28474
4960000	-19.54698	0	-19.54698	0.368555	0.172657	0.0709867	0.336469	0.334832	0.233995	1.22021	1.99288	1.23071
4970000	-15.8845	0	-15.8845	0.141075	0.198636	0.163469	0.416443	0.201014	0.0642727	0.811678	0.41676	0.347304
4980000	-14.92856	0	-14.92856	0.114349	0.173921	0.143466	0.361127	0.0861241	0.222185	0.335616	0.0726204	1.29246
4990000	-23.30822	0	-23.30822	0.267266	0.119671	0.304662	0.453828	0.187321	0.11805	1.51709	0.055324	1.60929
5000000	-14.584	0	-14.584	0.166848	0.16518	0.214781	0.201384	0.1145	0.139544	0.520108	0.527552	0.786077
