Iteration	Posterior	Likelihood	Prior	lambda[1]	lambda[2]	lambda[3]	mu[1]	mu[2]	mu[3]	psi[1]	psi[2]	psi[3]
0	-45.4875	0	-45.4875	0.185848	0.205463	0.307197	0.113997	0.176946	0.131372	1.67692	1.22211	1.28043
10000	-31.71747	0	-31.71747	0.140535	0.0943991	0.08412	0.216128	0.0482228	0.0886002	0.114564	0.622257	0.180049
20000	-30.34089	0	-30.34089	0.161991	0.0953582	0.199863	0.132529	0.0862019	0.110542	3.25149	0.52958	0.723061
30000	-25.08	0	-25.08	0.113958	0.238625	0.12487	0.43292	0.084326	0.204166	1.44042	0.700519	0.540952
40000	-35.77225	0	-35.77225	0.148531	0.088738	0.0899707	0.29635	0.0845825	0.111201	1.70265	0.467572	0.330685
50000	-26.42626	0	-26.42626	0.101249	0.248258	0.197946	0.402405	0.216153	0.0442717	1.62826	1.80767	1.64033
60000	-25.49097	0	-25.49097	0.0385832	0.17322	0.154957	0.444299	0.13122	0.0758828	0.839858	1.21538	0.450885
70000	-32.51496	0	-32.51496	0.116577	0.17992	0.253415	0.550053	0.110167	0.106307	3.87122	0.953509	0.127094
80000	-29.90454	0	-29.90454	0.171158	0.0971512	0.139873	0.245782	0.300803	0.135557	1.04816	1.32093	0.693249
90000	-29.0823	0	-29.0823	0.0838873	0.479631	0.101923	0.555881	0.110085	0.0989782	1.39454	2.54173	0.775793
100000	-30.73833	0	-30.73833	0.122951	0.202181	0.22057	0.406696	0.0658063	0.096664	0.770763	1.37466	0.467376
110000	-26.64756	0	-26.64756	0.070132	0.225674	0.201465	0.30814	0.138236	0.083693	1.46724	0.428895	0.474089
120000	-33.40674	0	-33.40674	0.118399	0.176725	0.194919	0.563601	0.143145	0.0321316	2.33675	1.85214	0.16707
130000	-34.51832	0	-34.51832	0.0567292	0.109225	0.394807	0.328581	0.286718	0.0985331	2.43278	0.672839	0.151764
140000	-27.41869	0	-27.41869	0.0707568	0.369618	0.129894	0.299396	0.0784519	0.0705135	0.527823	0.73944	1.34456
150000	-31.21523	0	-31.21523	0.0558331	0.0952736	0.192484	0.327852	0.235506	0.078433	3.4595	1.79524	0.199394
160000	-35.6284	0	-35.6284	0.170053	0.35004	0.125843	0.365608	0.129603	0.0517911	0.877607	0.675756	0.0440009
170000	-29.89519	0	-29.89519	0.141674	0.146228	0.103404	0.314687	0.190478	0.125266	1.76481	0.727391	0.473067
180000	-31.57268	0	-31.57268	0.17241	0.0566015	0.365504	0.558004	0.166695	0.084633	1.43661	0.419651	0.16769
190000	-32.99383	0	-32.99383	0.0901155	0.193631	0.159634	0.184421	0.104456	0.0957064	2.59171	4.70914	1.31598
200000	-27.41837	0	-27.41837	0.0753168	0.186508	0.144446	0.169392	0.148725	0.153414	0.526101	0.89938	0.181217
210000	-31.16578	0	-31.16578	0.170872	0.1603	0.226284	0.275955	0.137254	0.142708	0.482663	3.55673	0.525324
220000	-38.31151	0	-38.31151	0.146144	0.195885	0.162681	0.261458	0.0486307	0.0672558	0.618978	3.55289	0.0676422
230000	-29.89214	0	-29.89214	0.258704	0.259821	0.145897	0.175749	0.133182	0.0666236	1.60805	1.576	1.23294
240000	-34.5408	0	-34.5408	0.162617	0.438536	0.146785	0.181063	0.184681	0.0795211	0.537079	1.19046	0.45489
250000	-28.30211	0	-28.30211	0.196268	0.195383	0.229613	0.291763	0.0671238	0.0454383	1.36732	1.72978	2.20717
260000	-28.46081	0	-28.46081	0.102627	0.176024	0.448145	0.224711	0.0905906	0.175609	1.85201	1.27806	0.479855
270000	-31.24036	0	-31.24036	0.141788	0.271798	0.230198	0.46473	0.184139	0.2203	1.33902	0.609372	1.00956
280000	-35.49628	0	-35.49628	0.184266	0.158703	0.169719	0.61235	0.11159	0.0858143	1.06782	1.72108	0.320952
290000	-29.6981	0	-29.6981	0.0929424	0.0832846	0.204392	0.354583	0.232877	0.103522	1.44928	1.45017	0.3967
300000	-31.94115	0	-31.94115	0.0553129	0.0936571	0.203323	0.480998	0.090359	0.173225	0.757159	2.50435	0.0593691
310000	-25.29926	0	-25.29926	0.143099	0.165099	0.34679	0.458687	0.088144	0.0694298	0.609407	1.36385	0.703273
320000	-27.98219	0	-27.98219	0.12759	0.118814	0.0981085	0.365359	0.15482	0.102685	1.50618	1.09001	0.328628
330000	-38.34033	0	-38.34033	0.124789	0.133902	0.140347	0.245808	0.0674549	0.0580296	0.675916	0.678681	0.0878255
340000	-37.71266	0	-37.71266	0.201195	0.0911562	0.0711676	0.318119	0.125632	0.0895074	0.309338	1.20691	0.0569745
350000	-35.29193	0	-35.29193	0.170064	0.613726	0.269616	0.354112	0.084612	0.12274	0.538069	1.28999	0.678559
360000	-41.31384	0	-41.31384	0.109115	0.113005	0.10732	0.485018	0.204259	0.124093	0.91664	0.32602	0.398779
370000	-33.35279	0	-33.35279	0.212779	0.415115	0.189435	0.190117	0.114217	0.0692865	0.387561	0.742636	0.187605
380000	-26.21097	0	-26.21097	0.125253	0.25665	0.157747	0.260615	0.0520692	0.0769117	0.926822	3.51806	1.25021
390000	-29.4891	0	-29.4891	0.134622	0.251484	0.180709	0.535983	0.104504	0.193306	0.699051	1.24863	2.9648
400000	-30.0978	0	-30.0978	0.128684	0.135771	0.257122	0.489185	0.0668899	0.0773192	1.34834	1.10908	4.27234
410000	-28.8967	0	-28.8967	0.102302	0.413021	0.216675	0.305716	0.165852	0.12895	1.69646	1.28885	0.255165
420000	-46.31809	0	-46.31809	0.318474	0.205771	0.134725	0.282526	0.0398471	0.0905706	0.113414	0.537571	0.0145188
430000	-26.39323	0	-26.39323	0.103644	0.0889916	0.262687	0.73218	0.1114	0.074326	0.490911	0.531414	0.217634
440000	-37.88012	0	-37.88012	0.139723	0.056089	0.240312	0.541248	0.216952	0.0499608	0.856987	0.774068	0.300877
450000	-27.69636	0	-27.69636	0.151017	0.315934	0.201788	0.220276	0.0829368	0.154689	0.428298	0.60353	1.62964
460000	-29.74021	0	-29.74021	0.0630461	0.223877	0.190055	0.507358	0.171608	0.172675	1.87721	2.35095	1.8317
470000	-27.94227	0	-27.94227	0.126779	0.230539	0.141455	0.354284	0.110232	0.071264	2.02954	1.0656	1.3139
480000	-29.89638	0	-29.89638	0.119257	0.109752	0.222582	0.345646	0.257107	0.114017	2.23912	0.547707	0.188418
490000	-27.26843	0	-27.26843	0.0424877	0.104049	0.231121	0.580569	0.0756438	0.131335	0.596407	1.48871	0.962453
500000	-34.0009	0	-34.0009	0.135444	0.102901	0.210579	0.286766	0.323374	0.0735702	5.46217	2.20152	0.274147
510000	-29.24996	0	-29.24996	0.14367	0.23814	0.153357	0.477473	0.18455	0.0786261	2.12752	0.623146	1.7716
520000	-32.37408	0	-32.37408	0.101386	0.0683798	0.145932	0.241481	0.119577	0.0307844	1.87353	0.79456	0.356464
530000	-31.96885	0	-31.96885	0.210411	0.244167	0.135436	0.281474	0.0875258	0.124265	0.961256	0.983799	1.52585
540000	-32.15848	0	-32.15848	0.132844	0.183092	0.0942296	0.28448	0.172221	0.186877	0.428721	0.724973	0.430151
550000	-33.21946	0	-33.21946	0.0967248	0.193916	0.175362	0.36246	0.126966	0.127351	1.70541	0.413065	0.0735764
560000	-35.93183	0	-35.93183	0.246169	0.137695	0.238085	0.503979	0.144447	0.164071	0.214855	1.08694	0.193479
570000	-32.59977	0	-32.59977	0.198488	0.287504	0.169294	0.474278	0.107178	0.0969478	2.70267	3.16333	1.01291
580000	-27.99163	0	-27.99163	0.142654	0.173679	0.176141	0.253331	0.104094	0.0981099	2.43827	1.02347	1.33021
590000	-41.05813	0	-41.05813	0.110661	0.0657617	0.170776	0.290879	0.349059	0.0854362	2.26494	1.94643	0.0140447
600000	-32.84384	0	-32.84384	0.0707589	0.185426	0.333009	0.462699	0.0446902	0.0922927	0.495761	1.0701	0.7105
610000	-30.61045	0	-30.61045	0.056976	0.234823	0.179233	0.582034	0.166872	0.145718	0.306273	0.356755	0.106268
620000	-31.09186	0	-31.09186	0.104829	0.0626661	0.282625	0.474683	0.0933798	0.250619	1.12454	1.20807	1.42005
630000	-26.92849	0	-26.92849	0.128571	0.109061	0.108702	0.368484	0.0857074	0.101419	1.1101	2.70182	1.72176
640000	-28.68503	0	-28.68503	0.108286	0.295473	0.122322	0.259428	0.146925	0.136281	0.316484	1.03092	0.625052
650000	-35.16414	0	-35.16414	0.235572	0.22221	0.464096	0.365825	0.119607	0.0341365	3.75602	0.869493	0.187681
660000	-35.58288	0	-35.58288	0.134232	0.180131	0.15723	0.233559	0.108875	0.102892	0.97776	0.402684	2.2037
670000	-29.0916	0	-29.0916	0.260398	0.207545	0.165165	0.397465	0.075403	0.190945	1.97986	2.61957	0.41
680000	-41.48783	0	-41.48783	0.376071	0.250982	0.0846209	0.454805	0.171373	0.0438226	0.606185	3.47872	1.36587
690000	-41.68431	0	-41.68431	0.348732	0.0946132	0.212817	0.164084	0.280293	0.117306	0.608305	0.516951	0.0734659
700000	-30.67888	0	-30.67888	0.0537354	0.287693	0.0839972	0.238996	0.10406	0.221696	0.533176	3.27635	0.862883
710000	-35.81052	0	-35.81052	0.120114	0.119468	0.0700603	0.30154	0.108505	0.0786015	0.540259	0.327064	0.0188279
720000	-35.07995	0	-35.07995	0.116215	0.141863	0.279641	0.418359	0.0907343	0.110376	1.02305	0.911943	0.543911
730000	-26.99282	0	-26.99282	0.23038	0.0837509	0.231942	0.259908	0.154676	0.098499	1.34696	2.01596	0.297522
740000	-30.30749	0	-30.30749	0.184936	0.353359	0.2678	0.248441	0.138286	0.186014	0.851624	0.830748	0.863599
750000	-32.73094	0	-32.73094	0.104595	0.183665	0.196686	0.138117	0.362904	0.0726134	2.73922	3.28937	0.46901
760000	-35.03768	0	-35.03768	0.103812	0.135817	0.187153	0.880757	0.130798	0.0842258	2.647	3.85604	0.260035
770000	-30.91104	0	-30.91104	0.0852357	0.127731	0.114051	0.227826	0.142367	0.0905964	0.878927	0.622308	0.0400578
780000	-36.72922	0	-36.72922	0.200598	0.144666	0.113221	0.363174	0.327553	0.0803964	0.820674	1.65919	0.307759
790000	-31.17498	0	-31.17498	0.159561	0.147798	0.366183	0.359778	0.254506	0.0850854	3.6511	2.54425	0.932626
800000	-42.56548	0	-42.56548	0.105216	0.118982	0.171794	0.336763	0.335018	0.0326799	1.56671	1.03696	0.149586
810000	-32.47209	0	-32.47209	0.133282	0.124354	0.169191	0.508889	0.094943	0.201222	2.39417	1.17196	1.12153
820000	-31.98773	0	-31.98773	0.151204	0.153851	0.0786698	0.166904	0.130072	0.0670765	0.57592	1.3337	2.78043
830000	-27.81187	0	-27.81187	0.152089	0.257524	0.346608	0.341419	0.142355	0.0851082	0.640962	2.27906	0.315178
840000	-36.60494	0	-36.60494	0.126881	0.158775	0.167375	0.210162	0.0856787	0.133823	0.932487	2.54149	0.189658
850000	-29.99681	0	-29.99681	0.151779	0.0674502	0.369172	0.635677	0.187653	0.198356	1.3368	0.646295	0.601606
860000	-31.41646	0	-31.41646	0.134671	0.134824	0.231764	0.191703	0.0847407	0.130748	1.548	2.48938	0.878041
870000	-38.3777	0	-38.3777	0.125619	0.0477711	0.156599	0.22853	0.343385	0.0443144	3.48652	1.31547	0.0711823
880000	-28.93703	0	-28.93703	0.0585741	0.234174	0.264747	0.217446	0.170965	0.11985	2.02384	0.980118	1.01092
890000	-36.04561	0	-36.04561	0.295897	0.213931	0.15353	0.403692	0.352175	0.191813	2.54719	3.44349	0.316764
900000	-32.2525	0	-32.2525	0.163658	0.230572	0.140382	0.242668	0.196754	0.0801881	0.635375	3.50575	0.238746
910000	-33.66744	0	-33.66744	0.234575	0.14843	0.117631	0.251924	0.113315	0.0425215	2.64709	1.9197	2.04613
920000	-28.84532	0	-28.84532	0.101246	0.217316	0.218742	0.139997	0.121879	0.111118	0.966315	1.7485	0.189533
930000	-31.72585	0	-31.72585	0.190802	0.106724	0.205139	0.300225	0.126682	0.197541	0.529662	0.858664	0.0425766
940000	-33.21348	0	-33.21348	0.250592	0.220108	0.131203	0.255973	0.144303	0.149426	4.05764	1.82338	0.131606
950000	-29.77164	0	-29.77164	0.114819	0.0865096	0.405772	0.50538	0.188772	0.073052	0.359473	1.62348	0.213313
960000	-32.76754	0	-32.76754	0.178222	0.109308	0.1155	0.508745	0.193663	0.0601206	0.734349	0.613607	0.415817
970000	-33.00555	0	-33.00555	0.104351	0.130913	0.101287	0.714305	0.178182	0.0452283	2.02801	3.15243	0.514381
980000	-29.64323	0	-29.64323	0.104891	0.214608	0.124357	0.556103	0.075394	0.0757594	2.48706	0.317403	0.32639
990000	-34.6679	0	-34.6679	0.168827	0.113145	0.248396	0.632027	0.138228	0.0931304	2.15768	2.07653	0.334799
1000000	-29.74124	0	-29.74124	0.151483	0.168159	0.0815202	0.378586	0.163859	0.0970754	2.20988	1.22656	0.292351
1010000	-33.4979	0	-33.4979	0.0774264	0.204566	0.248468	0.289452	0.19315	0.0800836	1.73941	7.35377	0.775379
1020000	-29.84509	0	-29.84509	0.121468	0.311171	0.442328	0.28825	0.237399	0.130092	2.42815	1.37062	1.25491
1030000	-38.75585	0	-38.75585	0.110989	0.0732524	0.34824	0.60465	0.236912	0.169129	1.36495	0.588067	0.381048
1040000	-33.22906	0	-33.22906	0.123169	0.234226	0.151604	0.179151	0.0554584	0.131295	1.24013	2.22697	1.42679
1050000	-29.78584	0	-29.78584	0.203313	0.161768	0.2895	0.510316	0.279209	0.0855693	0.994929	1.51764	1.04568
1060000	-25.90677	0	-25.90677	0.103467	0.208315	0.403299	0.211815	0.0813043	0.10707	1.25534	1.13947	2.71953
1070000	-30.54278	0	-30.54278	0.0553944	0.188579	0.199628	0.513238	0.0338452	0.138932	0.819359	0.961306	0.175972
1080000	-36.92396	0	-36.92396	0.176529	0.119505	0.102646	0.532854	0.0965295	0.0834375	0.284016	0.502691	0.414044
1090000	-30.53146	0	-30.53146	0.0538679	0.164979	0.195276	0.459464	0.0506818	0.152494	1.83528	0.712838	0.142735
1100000	-27.43888	0	-27.43888	0.255082	0.227872	0.121803	0.447675	0.226046	0.13716	1.19486	2.54956	0.70686
1110000	-31.19263	0	-31.19263	0.169602	0.122475	0.277508	0.123814	0.18698	0.124177	2.03595	1.43408	2.82025
1120000	-30.19054	0	-30.19054	0.0917046	0.316577	0.199993	0.353251	0.117612	0.109812	0.483193	2.13715	0.790441
1130000	-33.64552	0	-33.64552	0.104231	0.267792	0.185668	0.522765	0.125489	0.0661447	1.43011	0.748546	0.130247
1140000	-26.39555	0	-26.39555	0.0426435	0.173015	0.224768	0.715735	0.156872	0.194317	0.783796	1.83253	0.701807
1150000	-24.57031	0	-24.57031	0.0798231	0.0971618	0.230829	0.352071	0.11899	0.0786781	1.37978	1.2937	0.875786
1160000	-29.27874	0	-29.27874	0.118532	0.132366	0.34176	0.150742	0.125638	0.115272	2.50962	1.37055	0.321622
1170000	-28.91535	0	-28.91535	0.262396	0.173722	0.111799	0.394128	0.109595	0.168913	1.02518	1.32925	0.540901
1180000	-32.27474	0	-32.27474	0.221905	0.170017	0.250475	0.328498	0.144135	0.138181	0.744191	0.601198	0.123589
1190000	-34.6745	0	-34.6745	0.107636	0.158465	0.099777	0.286167	0.256589	0.288995	0.839846	1.08239	0.570105
1200000	-31.29216	0	-31.29216	0.0806171	0.131299	0.0665399	0.328768	0.101467	0.125425	0.499068	0.584462	0.603957
1210000	-27.10123	0	-27.10123	0.0598106	0.208381	0.226887	0.42209	0.167548	0.126025	2.29266	0.843871	0.819526
1220000	-29.95095	0	-29.95095	0.0615026	0.163708	0.367524	0.245382	0.0642081	0.049296	0.942602	0.910446	0.361887
1230000	-28.52744	0	-28.52744	0.154142	0.218139	0.436968	0.330059	0.101976	0.120401	2.85463	1.57312	1.95342
1240000	-34.25729	0	-34.25729	0.071583	0.280233	0.0756507	0.418337	0.284609	0.0819584	0.708154	0.943313	0.294824
1250000	-32.67449	0	-32.67449	0.129126	0.258983	0.103278	0.299034	0.120121	0.124037	2.37082	0.777087	0.21349
1260000	-30.75746	0	-30.75746	0.0808638	0.121573	0.219533	0.332991	0.0913898	0.137718	3.04527	3.71763	0.164607
1270000	-35.61293	0	-35.61293	0.0907822	0.147598	0.0884643	0.282264	0.156614	0.106108	0.74717	1.33492	0.0399746
1280000	-32.51109	0	-32.51109	0.148609	0.113113	0.309729	0.366752	0.261458	0.207695	2.76104	1.32565	2.35399
1290000	-29.97741	0	-29.97741	0.0742745	0.430182	0.153246	0.29386	0.188445	0.0826719	1.34048	1.13082	0.296724
1300000	-30.15689	0	-30.15689	0.23067	0.142572	0.173832	0.184872	0.150592	0.0511444	1.28566	0.903174	0.690732
1310000	-27.46607	0	-27.46607	0.108409	0.232769	0.189681	0.198934	0.16	0.0851312	0.571474	1.11987	3.56717
1320000	-33.57759	0	-33.57759	0.169666	0.07278	0.186348	0.265358	0.309921	0.0907862	0.716687	0.304663	0.847348
1330000	-35.32907	0	-35.32907	0.061262	0.203294	0.151249	0.676862	0.181109	0.140485	2.02201	0.732311	3.39791
1340000	-34.45174	0	-34.45174	0.147177	0.322555	0.192898	0.240458	0.339961	0.124995	0.962414	1.28843	0.602829
1350000	-28.99522	0	-28.99522	0.150347	0.188682	0.125451	0.190298	0.3637	0.0587511	1.66163	0.954722	0.535524
1360000	-28.37188	0	-28.37188	0.165599	0.114048	0.278758	0.258319	0.169806	0.152754	2.22571	1.76391	0.315998
1370000	-33.42414	0	-33.42414	0.158616	0.213082	0.0448507	0.551655	0.150118	0.0695848	1.81484	2.15104	2.06691
1380000	-28.37324	0	-28.37324	0.111991	0.150953	0.256646	0.127047	0.183763	0.170841	2.86636	1.13853	1.993
1390000	-39.34721	0	-39.34721	0.127846	0.162281	0.34563	0.211179	0.439973	0.118408	3.22288	1.29177	0.122275
1400000	-30.08483	0	-30.08483	0.25998	0.110728	0.144486	0.26885	0.0772134	0.0431848	1.11463	1.40712	0.998236
1410000	-31.66287	0	-31.66287	0.132302	0.0636738	0.212466	0.300073	0.0846279	0.113836	0.592716	0.897941	0.0531562
1420000	-32.67647	0	-32.67647	0.0711903	0.129237	0.18218	0.135369	0.229369	0.110836	1.04155	1.11562	0.115307
1430000	-32.6038	0	-32.6038	0.180255	0.138335	0.166109	0.641956	0.102039	0.0639006	1.33719	0.718418	0.095821
1440000	-27.25301	0	-27.25301	0.0637603	0.195238	0.106545	0.219476	0.064404	0.0999858	2.21421	2.11723	0.3258
1450000	-36.0156	0	-36.0156	0.0866771	0.109853	0.142121	0.295738	0.245697	0.0481228	2.75507	0.36655	0.0936762
1460000	-29.05069	0	-29.05069	0.0652513	0.14399	0.157456	0.399507	0.127302	0.0707238	1.34748	0.798767	0.950536
1470000	-31.30559	0	-31.30559	0.115887	0.104492	0.218059	0.236315	0.190082	0.126946	1.28498	3.03352	0.4336
1480000	-32.25867	0	-32.25867	0.100016	0.166107	0.26684	0.379345	0.0894062	0.152202	0.520656	0.969017	0.114914
1490000	-29.40004	0	-29.40004	0.126861	0.145506	0.312452	0.252071	0.190428	0.196826	1.80936	0.638294	0.763967
1500000	-32.16031	0	-32.16031	0.154942	0.111418	0.182697	0.414059	0.227809	0.107348	1.29557	0.956992	1.06897
1510000	-33.89655	0	-33.89655	0.048234	0.0995006	0.270754	0.319059	0.171074	0.0807428	1.37474	0.470896	0.143047
1520000	-28.94329	0	-28.94329	0.179783	0.124605	0.127756	0.17269	0.165337	0.0843097	1.36914	1.17198	0.179487
1530000	-26.61185	0	-26.61185	0.0920424	0.129728	0.111171	0.554858	0.0782769	0.0848493	1.12196	0.581277	0.227371
1540000	-34.54614	0	-34.54614	0.220923	0.167796	0.242701	0.276446	0.240534	0.099641	3.50124	0.970661	0.0522162
1550000	-28.44548	0	-28.44548	0.144276	0.194148	0.166622	0.10101	0.122736	0.188318	2.88761	1.86151	0.992263
1560000	-29.92694	0	-29.92694	0.107797	0.215638	0.155415	0.30508	0.0565058	0.083859	0.655604	1.41307	1.56923
1570000	-31.20017	0	-31.20017	0.198367	0.0923309	0.224778	0.488783	0.165197	0.0445901	3.09552	1.4549	1.00063
1580000	-33.27201	0	-33.27201	0.246984	0.312857	0.0800755	0.300616	0.0796141	0.102069	0.968122	1.55633	0.704283
1590000	-30.56683	0	-30.56683	0.0632216	0.249857	0.178034	0.561873	0.178659	0.104548	3.2346	2.56422	2.86594
1600000	-29.66731	0	-29.66731	0.126252	0.143171	0.261615	0.212455	0.127904	0.045474	2.12325	2.12057	0.141385
1610000	-33.52027	0	-33.52027	0.15102	0.1756	0.454991	0.218906	0.229514	0.121412	3.70608	0.691025	0.181452
1620000	-34.77903	0	-34.77903	0.225468	0.287562	0.150064	0.28087	0.205651	0.0912238	0.650424	1.46939	0.215403
1630000	-26.44997	0	-26.44997	0.268812	0.196107	0.159606	0.333364	0.100794	0.0767966	0.460699	1.28273	0.588689
1640000	-37.21156	0	-37.21156	0.0665336	0.0572754	0.172284	0.295898	0.158183	0.111571	5.28367	0.636434	0.0380806
1650000	-27.69391	0	-27.69391	0.0723827	0.263731	0.141668	0.331214	0.215092	0.0933983	2.04266	1.09656	2.12631
1660000	-26.53497	0	-26.53497	0.123052	0.23625	0.0926492	0.305828	0.220272	0.123615	0.703773	1.66772	1.72482
1670000	-34.34937	0	-34.34937	0.255627	0.157133	0.202088	0.304658	0.114932	0.078158	1.08762	2.61191	0.292331
1680000	-28.56924	0	-28.56924	0.139625	0.119411	0.481976	0.240595	0.27711	0.0986911	1.40834	1.76228	1.27398
1690000	-35.17148	0	-35.17148	0.0920688	0.149697	0.308656	0.289714	0.0769925	0.0678828	2.30906	1.07485	0.122703
1700000	-30.93569	0	-30.93569	0.199124	0.247558	0.368464	0.294358	0.10049	0.118149	1.11037	2.41401	1.04569
1710000	-26.84564	0	-26.84564	0.0693428	0.190545	0.161486	0.271167	0.150621	0.101785	1.64707	0.488057	0.901542
1720000	-26.68175	0	-26.68175	0.102257	0.219151	0.149937	0.273988	0.0943288	0.0973078	1.16773	1.83278	0.337701
1730000	-34.80691	0	-34.80691	0.32568	0.161078	0.0997166	0.385866	0.227307	0.0872974	1.40879	2.33343	0.373574
1740000	-28.4167	0	-28.4167	0.093516	0.129546	0.199462	0.384176	0.0793139	0.139177	1.2074	2.50915	0.628545
1750000	-35.97964	0	-35.97964	0.148849	0.180745	0.308495	0.139721	0.172519	0.0878965	2.22803	1.56833	0.179059
1760000	-32.63427	0	-32.63427	0.0807939	0.425176	0.266115	0.401286	0.394224	0.0784286	1.3289	1.47737	0.483674
1770000	-31.09344	0	-31.09344	0.0798527	0.136103	0.252262	0.289104	0.162383	0.0976184	2.56815	3.07349	1.26685
1780000	-26.62741	0	-26.62741	0.14857	0.171859	0.240838	0.249667	0.128561	0.154127	0.314297	0.788827	2.7474
1790000	-30.53432	0	-30.53432	0.0720508	0.268943	0.380802	0.412308	0.208117	0.143996	2.09386	2.61039	0.159405
1800000	-29.69314	0	-29.69314	0.103236	0.133938	0.103498	0.137765	0.0988766	0.0873034	1.36854	1.10662	0.0879204
1810000	-27.35288	0	-27.35288	0.251766	0.158549	0.174773	0.245013	0.187247	0.130196	1.12061	2.08873	0.310577
1820000	-33.82877	0	-33.82877	0.137661	0.197448	0.109766	0.447089	0.156463	0.045566	1.11752	0.37403	0.713792
1830000	-28.76153	0	-28.76153	0.156561	0.11612	0.190342	0.49208	0.121006	0.087848	0.312858	1.29407	2.15089
1840000	-35.12253	0	-35.12253	0.113331	0.0794715	0.126633	0.402855	0.222974	0.117471	0.650463	0.496459	0.200322
1850000	-30.60097	0	-30.60097	0.0597799	0.165652	0.223986	0.332121	0.145997	0.120388	1.23062	0.777389	0.902061
1860000	-31.50759	0	-31.50759	0.0886638	0.179407	0.319079	0.440148	0.22063	0.080005	1.74189	4.78185	0.158669
1870000	-32.98906	0	-32.98906	0.200607	0.132198	0.101782	0.448036	0.246668	0.0674746	0.993815	1.89452	0.0949638
1880000	-30.12487	0	-30.12487	0.193707	0.0969152	0.429925	0.503395	0.0751354	0.136426	0.623031	0.570771	0.540832
1890000	-28.81031	0	-28.81031	0.0948051	0.176295	0.345553	0.239308	0.0530999	0.0568567	1.29827	1.05468	1.44157
1900000	-27.44179	0	-27.44179	0.0506446	0.188943	0.146543	0.43988	0.0707796	0.109727	0.87682	0.733211	0.359235
1910000	-33.73119	0	-33.73119	0.337601	0.251997	0.241315	0.284871	0.134301	0.0903283	0.868955	0.736689	0.135472
1920000	-31.58792	0	-31.58792	0.0629286	0.166496	0.0991969	0.560083	0.10807	0.0482506	1.49483	2.81302	0.403063
1930000	-30.95905	0	-30.95905	0.0852807	0.095228	0.245863	0.450738	0.13565	0.143679	2.04051	1.20679	0.500536
1940000	-34.69838	0	-34.69838	0.170941	0.201843	0.210092	0.518862	0.129398	0.222362	1.4105	1.62312	0.165126
1950000	-33.52086	0	-33.52086	0.196642	0.126324	0.215596	0.310365	0.203989	0.181561	2.48951	1.05283	0.368171
1960000	-29.40104	0	-29.40104	0.148562	0.451818	0.177276	0.208162	0.114041	0.0964716	1.61769	3.14529	0.20028
1970000	-28.72175	0	-28.72175	0.0600603	0.168178	0.141935	0.3262	0.0874523	0.102289	0.40509	1.52325	0.225868
1980000	-25.41725	0	-25.41725	0.188555	0.155667	0.138115	0.290654	0.171409	0.100539	2.01336	1.21409	2.2837
1990000	-28.88672	0	-28.88672	0.117836	0.253814	0.188219	0.398243	0.0687967	0.170678	2.42748	1.55786	1.37915
2000000	-30.48261	0	-30.48261	0.077578	0.265987	0.172972	0.318399	0.0574737	0.0881623	1.69013	2.8143	0.372968
2010000	-31.56204	0	-31.56204	0.173971	0.224942	0.156019	0.301782	0.213524	0.132955	1.81961	3.35661	0.548812
2020000	-27.18575	0	-27.18575	0.175666	0.188171	0.170125	0.245336	0.17178	0.104	1.60704	1.12172	0.233728
2030000	-30.50851	0	-30.50851	0.222213	0.135972	0.373976	0.334343	0.112529	0.132209	0.894677	1.41311	0.230747
2040000	-26.60881	0	-26.60881	0.0866056	0.200503	0.206064	0.247744	0.0700744	0.0406987	0.697786	1.36647	3.00142
2050000	-31.84319	0	-31.84319	0.269557	0.290402	0.235546	0.516519	0.0667625	0.0709627	2.33532	2.02892	0.303393
2060000	-32.19635	0	-32.19635	0.179166	0.141178	0.234447	0.570127	0.213662	0.11234	4.41089	2.83491	0.105248
2070000	-34.35706	0	-34.35706	0.275167	0.269937	0.182381	0.470545	0.152273	0.102995	1.36356	1.04474	0.174919
2080000	-34.94987	0	-34.94987	0.270199	0.212585	0.634787	0.391801	0.131073	0.146925	1.72013	4.11065	1.19234
2090000	-25.58178	0	-25.58178	0.0918872	0.135915	0.178057	0.426498	0.083647	0.120712	0.68879	0.754453	0.323386
2100000	-28.10409	0	-28.10409	0.191823	0.11923	0.102608	0.351586	0.0450801	0.0672893	1.12445	1.05465	0.569466
2110000	-33.03918	0	-33.03918	0.0792629	0.0637661	0.144516	0.301813	0.119674	0.109827	1.67186	0.616093	0.101802
2120000	-29.95741	0	-29.95741	0.13548	0.143661	0.522096	0.353077	0.0722558	0.170122	1.94273	1.34434	0.57994
2130000	-32.22137	0	-32.22137	0.140184	0.157402	0.294772	0.168034	0.188871	0.13042	4.127	2.49726	0.215339
2140000	-32.99071	0	-32.99071	0.10373	0.0790279	0.292549	0.314528	0.173789	0.20079	5.63538	2.25238	0.307371
2150000	-36.1316	0	-36.1316	0.177445	0.163173	0.099172	0.254301	0.0770406	0.0333657	1.37248	0.351031	0.0806728
2160000	-34.78112	0	-34.78112	0.159491	0.101595	0.259649	0.143238	0.140971	0.0686752	1.85708	0.703188	0.461417
2170000	-32.86696	0	-32.86696	0.195149	0.150364	0.158086	0.307217	0.12926	0.0442459	0.774804	1.27782	0.969912
2180000	-27.46691	0	-27.46691	0.207344	0.256148	0.159485	0.398074	0.142742	0.0638659	1.03143	4.37968	0.658028
2190000	-32.37244	0	-32.37244	0.078259	0.155526	0.142104	0.339132	0.171117	0.052117	1.85682	1.32614	0.598794
2200000	-30.6547	0	-30.6547	0.0876936	0.131893	0.105882	0.283948	0.139353	0.11903	0.413118	0.548578	0.411783
2210000	-38.00865	0	-38.00865	0.135842	0.0842419	0.265394	0.386132	0.216444	0.0493793	1.53663	0.521585	0.0749686
2220000	-32.47894	0	-32.47894	0.067627	0.164187	0.262224	0.158075	0.210419	0.0981599	0.956124	1.01622	0.0447693
2230000	-32.82474	0	-32.82474	0.0918033	0.152475	0.170749	0.265572	0.142881	0.108525	3.62144	0.935074	0.0972639
2240000	-30.8095	0	-30.8095	0.084764	0.155701	0.39637	0.233407	0.204927	0.162288	1.3448	1.15565	0.0294783
2250000	-32.00244	0	-32.00244	0.0894278	0.207012	0.172675	0.326958	0.11976	0.138638	3.67485	1.23785	2.2762
2260000	-29.6574	0	-29.6574	0.110206	0.105039	0.13849	0.306799	0.0829838	0.142053	1.38961	0.830452	0.537393
2270000	-30.81572	0	-30.81572	0.0610301	0.124052	0.527666	0.394909	0.082872	0.228095	1.06218	0.930392	0.301163
2280000	-29.84007	0	-29.84007	0.107312	0.244125	0.112073	0.434101	0.183011	0.0754326	0.781082	5.73506	0.467332
2290000	-37.06768	0	-37.06768	0.0536802	0.28037	0.250717	0.541905	0.0987296	0.209405	3.65754	2.42965	0.65001
2300000	-36.42644	0	-36.42644	0.134598	0.281974	0.255153	0.245713	0.0691598	0.147458	2.96162	1.329	0.451844
2310000	-27.42438	0	-27.42438	0.148161	0.138011	0.162369	0.45874	0.144097	0.151556	0.657295	0.886027	0.821099
2320000	-28.12726	0	-28.12726	0.150795	0.207666	0.126099	0.202822	0.0588879	0.0483414	1.44333	2.27507	0.35755
2330000	-27.98076	0	-27.98076	0.149542	0.0954608	0.186172	0.488966	0.0795412	0.0795996	2.72788	3.26962	0.834659
2340000	-25.58004	0	-25.58004	0.0962631	0.222069	0.129352	0.341236	0.11038	0.124669	1.6585	1.6053	0.638883
2350000	-35.94163	0	-35.94163	0.259981	0.173115	0.286845	0.848247	0.0298248	0.254143	2.93657	1.82992	0.623895
2360000	-30.83177	0	-30.83177	0.155093	0.237774	0.191105	0.402572	0.133065	0.0801472	1.96637	0.739222	2.48015
2370000	-33.90395	0	-33.90395	0.155875	0.0712978	0.386169	0.451035	0.0896558	0.0809058	3.04624	2.07688	0.123591
2380000	-36.30624	0	-36.30624	0.204688	0.470854	0.183757	0.224633	0.098296	0.189715	0.342126	1.4255	1.24804
2390000	-28.00327	0	-28.00327	0.242042	0.252394	0.09452	0.465744	0.162618	0.17458	0.632531	1.02586	0.850487
2400000	-40.31208	0	-40.31208	0.259707	0.0765936	0.0835684	0.346069	0.154223	0.0618574	1.13233	0.883835	0.0119481
2410000	-32.7553	0	-32.7553	0.154505	0.105983	0.172532	0.296176	0.160288	0.16461	0.572791	0.466025	0.125433
2420000	-25.32339	0	-25.32339	0.0730871	0.272176	0.188234	0.373701	0.198414	0.11239	1.0423	1.04796	0.594579
2430000	-34.75913	0	-34.75913	0.13453	0.224918	0.141479	0.371125	0.128663	0.0749901	1.53404	0.97774	0.121012
2440000	-26.73975	0	-26.73975	0.0748907	0.155165	0.160778	0.421915	0.130824	0.0652636	1.74136	0.796022	0.12678
2450000	-30.23452	0	-30.23452	0.0836726	0.181861	0.130321	0.0990663	0.101092	0.0497596	0.55803	2.41817	1.15445
2460000	-30.78466	0	-30.78466	0.065472	0.0808271	0.115821	0.313733	0.0986925	0.0742579	1.87474	1.36239	0.346994
2470000	-31.46685	0	-31.46685	0.0860351	0.143981	0.196327	0.423289	0.0780055	0.0381196	2.30319	2.2984	0.61564
2480000	-31.85129	0	-31.85129	0.185327	0.326021	0.433129	0.174677	0.127761	0.0668651	1.44761	0.730351	2.22815
2490000	-33.73349	0	-33.73349	0.169449	0.0877873	0.257459	0.498151	0.157116	0.228516	1.12497	4.26662	0.998451
2500000	-28.15306	0	-28.15306	0.105253	0.224404	0.313109	0.284832	0.104514	0.158512	2.46713	3.86567	1.96311
2510000	-36.20983	0	-36.20983	0.152578	0.140723	0.198616	0.37014	0.128177	0.163131	1.09959	0.80611	0.0587672
2520000	-38.46863	0	-38.46863	0.0947571	0.444226	0.103148	0.389063	0.125019	0.0863816	1.00241	1.15609	0.0260816
2530000	-34.09241	0	-34.09241	0.24482	0.112524	0.129259	0.446355	0.178692	0.183398	0.502718	0.490328	0.184569
2540000	-35.401	0	-35.401	0.0619923	0.163322	0.081622	0.541282	0.07215	0.0517602	2.5335	1.23897	0.150796
2550000	-32.1038	0	-32.1038	0.0499094	0.203243	0.141598	0.578365	0.14234	0.0593169	1.24967	0.534258	0.743819
2560000	-32.75157	0	-32.75157	0.183894	0.154994	0.247977	0.464858	0.0846264	0.137845	1.44847	2.02528	0.297632
2570000	-31.46408	0	-31.46408	0.0463162	0.143006	0.284533	0.420744	0.167267	0.0640355	2.27068	2.66539	0.603479
2580000	-27.5234	0	-27.5234	0.148552	0.114481	0.0966616	0.41888	0.0892235	0.0676631	0.464074	3.89441	0.244973
2590000	-24.74681	0	-24.74681	0.0869483	0.349642	0.133375	0.130191	0.146315	0.0794194	1.16208	1.39577	0.730479
2600000	-33.47369	0	-33.47369	0.156939	0.213927	0.103542	0.313193	0.174013	0.0930708	0.676564	0.584208	0.0611454
2610000	-28.95012	0	-28.95012	0.113373	0.21291	0.186444	0.294085	0.164374	0.118547	2.41518	2.19899	2.67119
2620000	-30.40882	0	-30.40882	0.0903204	0.494476	0.249357	0.180828	0.134604	0.183561	1.99203	0.939152	0.217373
2630000	-29.82993	0	-29.82993	0.320757	0.140278	0.29774	0.382507	0.163671	0.208238	0.500277	2.09239	1.37447
2640000	-31.35832	0	-31.35832	0.0656157	0.167279	0.232851	0.669664	0.103554	0.174097	4.08591	0.4696	0.891636
2650000	-37.82206	0	-37.82206	0.068497	0.310382	0.400424	0.154542	0.183762	0.104866	5.84386	2.77135	0.679497
2660000	-28.30003	0	-28.30003	0.117368	0.165134	0.143342	0.391666	0.177376	0.0717136	1.08961	2.37353	2.87534
2670000	-34.25251	0	-34.25251	0.133089	0.200261	0.189905	0.321801	0.101527	0.216615	2.2945	1.24577	0.0616707
2680000	-33.57773	0	-33.57773	0.156923	0.137423	0.162159	0.742688	0.176507	0.0642412	2.05153	1.09426	0.628076
2690000	-39.4361	0	-39.4361	0.130342	0.0960048	0.0765932	0.351237	0.137043	0.0734139	1.02559	0.782201	0.0640395
2700000	-32.1628	0	-32.1628	0.230022	0.144485	0.0737355	0.317687	0.164567	0.0954712	0.397547	2.93208	1.34213
2710000	-25.91205	0	-25.91205	0.161917	0.200147	0.350995	0.456004	0.0845132	0.0720282	1.4438	0.663113	0.357296
2720000	-35.02844	0	-35.02844	0.100971	0.142227	0.146786	0.297081	0.0797357	0.118876	0.882631	5.82424	0.0800103
2730000	-29.10863	0	-29.10863	0.188656	0.142581	0.218494	0.579848	0.109686	0.0511454	1.16957	2.83829	1.98529
2740000	-31.34586	0	-31.34586	0.0570834	0.221361	0.286357	0.27577	0.118869	0.261842	5.0878	2.05038	0.344352
2750000	-29.28685	0	-29.28685	0.143575	0.111594	0.209921	0.188861	0.123868	0.132063	1.21175	0.549652	0.389016
2760000	-29.93197	0	-29.93197	0.183699	0.196033	0.165541	0.326605	0.062118	0.0843423	2.73548	0.568393	0.472478
2770000	-32.96229	0	-32.96229	0.150588	0.159641	0.135463	0.274292	0.0930051	0.147521	1.71992	0.97656	0.537785
2780000	-28.64237	0	-28.64237	0.268829	0.116767	0.380049	0.343461	0.152757	0.0949302	1.70057	1.25448	1.02644
2790000	-35.60765	0	-35.60765	0.107912	0.0943763	0.0770618	0.657393	0.19518	0.079921	0.920793	1.30019	0.211641
2800000	-32.67714	0	-32.67714	0.132361	0.0419159	0.219391	0.345093	0.223566	0.158055	1.69523	2.26458	0.228583
2810000	-36.40243	0	-36.40243	0.0570711	0.326382	0.16368	0.0976468	0.310078	0.109884	1.97298	2.82517	0.412261
2820000	-26.40477	0	-26.40477	0.109291	0.246429	0.248411	0.345574	0.0652257	0.11277	1.05261	1.16995	0.845834
2830000	-35.79875	0	-35.79875	0.116765	0.0855282	0.24664	0.284869	0.118185	0.0316585	2.85085	0.969776	0.397713
2840000	-35.45977	0	-35.45977	0.133687	0.0820256	0.161233	0.356169	0.215423	0.0539882	3.84488	1.92602	3.79876
2850000	-31.00767	0	-31.00767	0.0651908	0.120417	0.224743	0.270649	0.0728845	0.332918	0.803891	1.31266	1.25979
2860000	-27.017	0	-27.017	0.154023	0.0505824	0.235643	0.227131	0.075125	0.0820065	0.870185	1.4204	0.283447
2870000	-33.91639	0	-33.91639	0.113385	0.299975	0.245277	0.268967	0.382285	0.0826822	2.20749	0.858877	1.25701
2880000	-26.4796	0	-26.4796	0.17893	0.159634	0.132643	0.344949	0.133259	0.0603527	1.79535	1.69931	0.337465
2890000	-34.25144	0	-34.25144	0.103919	0.194589	0.467949	0.377118	0.0852395	0.0912899	1.83093	3.38136	0.0713456
2900000	-33.063	0	-33.063	0.365578	0.0937294	0.120949	0.311838	0.101789	0.073458	0.857578	0.971484	0.113411
2910000	-33.66266	0	-33.66266	0.13689	0.117445	0.351356	0.21537	0.226671	0.132103	2.64932	0.705615	0.0369499
2920000	-30.10499	0	-30.10499	0.0381184	0.183773	0.112721	0.178057	0.0871252	0.105369	3.17036	0.375266	0.750384
2930000	-31.68805	0	-31.68805	0.0905344	0.187528	0.207213	0.576693	0.212082	0.0921194	1.11555	1.21462	0.135086
2940000	-31.05837	0	-31.05837	0.0831499	0.0725835	0.234609	0.316442	0.0475773	0.119159	0.525183	1.20109	0.385035
2950000	-26.93525	0	-26.93525	0.110334	0.120164	0.26641	0.328551	0.0808488	0.144536	1.98155	0.794075	0.768771
2960000	-34.84189	0	-34.84189	0.236824	0.155014	0.134105	0.245069	0.100599	0.206807	1.4037	3.11327	0.226282
2970000	-27.99526	0	-27.99526	0.0642763	0.25356	0.154107	0.302785	0.113966	0.053985	3.33406	2.78254	0.687643
2980000	-29.26463	0	-29.26463	0.0705468	0.171369	0.222261	0.159159	0.172707	0.1022	3.1095	1.25978	0.949499
2990000	-31.87766	0	-31.87766	0.224962	0.21611	0.19406	0.504911	0.105326	0.0485461	0.436976	2.96346	0.355417
3000000	-26.93483	0	-26.93483	0.0854209	0.149738	0.178087	0.359366	0.223997	0.101323	3.32846	0.95674	0.786844
3010000	-37.6131	0	-37.6131	0.260056	0.0841895	0.223999	0.476477	0.0685044	0.197763	1.45033	1.39844	0.562503
3020000	-33.92794	0	-33.92794	0.242959	0.0941996	0.174627	0.287054	0.133773	0.115015	4.97756	3.15093	1.17612
3030000	-33.19278	0	-33.19278	0.0682434	0.130806	0.229768	0.26664	0.280891	0.102428	0.796312	2.53104	0.197004
3040000	-33.48064	0	-33.48064	0.101618	0.197443	0.128469	0.52422	0.171884	0.124557	4.15673	3.58095	2.19746
3050000	-46.94577	0	-46.94577	0.345834	0.116911	0.0380746	0.6549	0.177724	0.0547837	2.47501	1.24011	0.555755
3060000	-32.29663	0	-32.29663	0.110583	0.154364	0.201351	0.742778	0.116351	0.102608	1.03874	1.10728	0.236809
3070000	-27.69417	0	-27.69417	0.270054	0.197078	0.126863	0.499216	0.0974523	0.130197	0.32338	1.75665	0.456894
3080000	-27.84481	0	-27.84481	0.104147	0.155449	0.305177	0.249228	0.121815	0.106217	0.524043	1.49754	0.431214
3090000	-34.94148	0	-34.94148	0.127475	0.224685	0.215022	0.321998	0.202991	0.151063	1.17469	0.803515	0.192723
3100000	-31.14378	0	-31.14378	0.114296	0.0985341	0.198029	0.403635	0.0631321	0.126307	2.87973	2.14845	0.576696
3110000	-36.81291	0	-36.81291	0.0540396	0.176046	0.158808	0.253892	0.316274	0.137015	2.14686	0.421215	1.53616
3120000	-32.38786	0	-32.38786	0.22307	0.218437	0.404207	0.34829	0.159978	0.092265	2.02848	0.690917	0.421123
3130000	-29.825	0	-29.825	0.173166	0.121126	0.132431	0.282827	0.175851	0.121585	2.22526	0.412387	0.268798
3140000	-30.51496	0	-30.51496	0.17958	0.0993239	0.25558	0.469968	0.148305	0.0704493	1.00068	0.504664	0.30174
3150000	-33.60759	0	-33.60759	0.157278	0.0679298	0.196411	0.402327	0.133701	0.0846151	1.39859	0.55627	0.0251728
3160000	-29.71517	0	-29.71517	0.156125	0.238991	0.353695	0.338845	0.14668	0.0648303	1.05425	0.734588	1.75332
3170000	-31.56693	0	-31.56693	0.211001	0.168292	0.219771	0.957877	0.103073	0.081763	0.50256	1.48293	0.170865
3180000	-36.96582	0	-36.96582	0.159655	0.287185	0.224705	0.337866	0.104917	0.0957444	0.443235	0.989516	3.04247
3190000	-38.55178	0	-38.55178	0.0718589	0.054055	0.111891	0.1342	0.073435	0.112019	2.42853	2.34127	0.0130537
3200000	-33.38991	0	-33.38991	0.175478	0.189971	0.0594652	0.387574	0.14352	0.0800812	2.30468	1.76556	1.86321
3210000	-31.86672	0	-31.86672	0.116052	0.142583	0.21131	0.291274	0.210568	0.0983992	1.55384	0.388945	0.450905
3220000	-35.76075	0	-35.76075	0.100891	0.129498	0.103232	0.367457	0.112922	0.0447387	1.52335	1.82343	0.0538249
3230000	-32.54065	0	-32.54065	0.10285	0.150194	0.0764263	0.36396	0.262379	0.142086	1.3261	0.797473	5.66186
3240000	-32.5643	0	-32.5643	0.13643	0.113821	0.11805	0.285531	0.0912841	0.142588	1.61592	1.72116	0.151534
3250000	-32.77401	0	-32.77401	0.141186	0.189963	0.187115	0.25031	0.165873	0.0993846	1.37823	0.349096	0.0793014
3260000	-32.21624	0	-32.21624	0.113229	0.165794	0.184358	0.616292	0.0660732	0.0574182	0.51583	1.00668	0.129717
3270000	-45.77986	0	-45.77986	0.235774	0.0540632	0.496468	0.276039	0.324272	0.258453	3.77452	0.609275	0.446896
3280000	-29.87723	0	-29.87723	0.136357	0.206955	0.292325	0.41763	0.11617	0.0952487	1.14178	2.47856	0.69915
3290000	-33.98112	0	-33.98112	0.0464283	0.0889453	0.311073	0.406726	0.160936	0.0927064	1.07939	2.37175	0.589166
3300000	-29.42562	0	-29.42562	0.0738514	0.19219	0.175777	0.411113	0.116364	0.146284	1.5887	1.47244	1.12304
3310000	-27.65568	0	-27.65568	0.103433	0.241324	0.127743	0.331603	0.210849	0.0433544	0.993465	2.66743	2.84394
3320000	-25.60795	0	-25.60795	0.137208	0.214022	0.202789	0.396402	0.108503	0.0979725	0.889137	1.63125	0.860087
3330000	-29.17873	0	-29.17873	0.202373	0.262347	0.20672	0.352646	0.0773097	0.0368365	0.849763	0.646002	0.331648
3340000	-32.59625	0	-32.59625	0.191658	0.127165	0.0987727	0.355333	0.0634239	0.101156	0.952954	0.788748	0.490613
3350000	-24.61775	0	-24.61775	0.116713	0.113426	0.250712	0.374504	0.106863	0.179449	1.11109	1.11178	0.908346
3360000	-30.84594	0	-30.84594	0.101001	0.168499	0.11491	0.244881	0.165242	0.0868395	3.52459	2.00967	3.43979
3370000	-27.73455	0	-27.73455	0.189905	0.41548	0.123834	0.506174	0.095522	0.0993303	1.14669	1.31686	2.05152
3380000	-29.96227	0	-29.96227	0.0406161	0.126119	0.211623	0.498791	0.117194	0.0678527	0.834175	0.952636	0.348814
3390000	-38.71021	0	-38.71021	0.110871	0.0294874	0.132523	0.162186	0.373794	0.193371	1.47687	2.25843	0.216436
3400000	-27.94132	0	-27.94132	0.140242	0.112078	0.324216	0.265647	0.23378	0.115759	5.08413	0.873136	0.171257
3410000	-40.68542	0	-40.68542	0.273699	0.131276	0.2481	0.414202	0.11968	0.383301	1.29798	1.62555	0.8334
3420000	-30.23595	0	-30.23595	0.147713	0.292228	0.260875	0.583634	0.0562233	0.0916765	1.31458	3.06436	1.031
3430000	-29.94181	0	-29.94181	0.205958	0.212349	0.397134	0.454537	0.0820888	0.0782614	1.68844	1.84105	0.423648
3440000	-34.41685	0	-34.41685	0.282998	0.185002	0.16206	0.254237	0.107028	0.0965502	1.15249	0.873519	0.460092
3450000	-34.08285	0	-34.08285	0.236434	0.176832	0.156299	0.238292	0.184681	0.0708364	6.0167	0.449567	0.389924
3460000	-29.3715	0	-29.3715	0.207774	0.104685	0.159207	0.26738	0.114719	0.153732	2.82712	0.510578	1.09739
3470000	-33.81838	0	-33.81838	0.108612	0.252927	0.0803153	0.294849	0.152812	0.1088	3.68153	1.15523	0.569769
3480000	-31.43202	0	-31.43202	0.0708715	0.129566	0.256177	0.714698	0.0980899	0.0991542	1.40423	0.5978	0.335303
3490000	-37.47142	0	-37.47142	0.0453602	0.213074	0.166747	0.657911	0.110734	0.281045	1.33271	2.49215	1.59974
3500000	-29.5228	0	-29.5228	0.154018	0.165592	0.284441	0.317059	0.230068	0.0819231	1.24717	2.8234	0.142472
3510000	-36.35029	0	-36.35029	0.14396	0.164605	0.18512	0.423524	0.148985	0.0979182	1.10084	1.40761	0.0221422
3520000	-34.87449	0	-34.87449	0.297237	0.0519264	0.325056	0.262317	0.0945977	0.09637	1.17126	2.65861	0.80924
3530000	-25.7339	0	-25.7339	0.0585037	0.204767	0.16214	0.68076	0.113922	0.156184	1.15316	0.380247	0.420093
3540000	-38.50044	0	-38.50044	0.249528	0.12144	0.264218	0.410224	0.220103	0.0547894	2.21566	1.44095	0.133997
3550000	-32.61003	0	-32.61003	0.0568715	0.1435	0.281002	0.319985	0.0803708	0.146796	0.960313	0.6444	0.274577
3560000	-33.4101	0	-33.4101	0.0966085	0.298596	0.178884	0.436697	0.192612	0.0727111	0.643464	0.35445	0.417567
3570000	-36.3921	0	-36.3921	0.117412	0.179621	0.16919	0.475053	0.098907	0.0901334	0.258375	0.512804	0.844307
3580000	-36.5683	0	-36.5683	0.129699	0.156658	0.808759	0.613982	0.284161	0.162436	0.55227	0.367612	0.200206
3590000	-28.83904	0	-28.83904	0.218617	0.402808	0.261766	0.380002	0.126048	0.116555	0.969658	0.558937	0.668187
3600000	-34.71954	0	-34.71954	0.234267	0.0986823	0.468199	0.247455	0.315377	0.17422	0.616452	0.550233	0.140331
3610000	-40.95492	0	-40.95492	0.0487416	0.0662116	0.261841	0.344281	0.206937	0.158083	4.10329	0.725073	0.0381944
3620000	-32.43278	0	-32.43278	0.139365	0.165837	0.215282	0.396741	0.138686	0.0833433	3.49065	0.851806	0.233386
3630000	-29.5863	0	-29.5863	0.181663	0.103744	0.193458	0.397654	0.142479	0.126549	2.32043	1.74478	0.141419
3640000	-32.23928	0	-32.23928	0.217327	0.108563	0.152563	0.617903	0.0963869	0.0963871	2.02309	1.96255	0.166002
3650000	-24.80754	0	-24.80754	0.117155	0.132454	0.142317	0.425359	0.181154	0.111783	0.736483	1.6506	1.8548
3660000	-30.90207	0	-30.90207	0.120591	0.37467	0.163131	0.189482	0.272518	0.0463406	1.3277	0.831849	0.218086
3670000	-32.07103	0	-32.07103	0.183404	0.137074	0.191649	0.286639	0.0683906	0.115675	4.18374	1.90836	1.71827
3680000	-30.874	0	-30.874	0.0772993	0.134967	0.290717	0.38928	0.0817281	0.0873506	1.424	1.34979	0.11389
3690000	-28.03294	0	-28.03294	0.119985	0.241419	0.21663	0.254407	0.106539	0.0375571	2.4757	1.28891	0.259095
3700000	-31.68127	0	-31.68127	0.132407	0.168543	0.381846	0.453943	0.157913	0.0308646	1.69454	1.7829	0.177474
3710000	-34.6933	0	-34.6933	0.240843	0.0502108	0.128042	0.164046	0.330362	0.127346	0.531736	0.932601	0.188953
3720000	-32.4275	0	-32.4275	0.0827245	0.548244	0.133552	0.342298	0.139751	0.0575643	1.11095	1.40712	0.439877
3730000	-38.78518	0	-38.78518	0.341065	0.458237	0.372092	0.365465	0.12592	0.100517	0.177426	2.09789	0.742576
3740000	-27.16969	0	-27.16969	0.268585	0.191953	0.10597	0.327023	0.16518	0.0997993	1.15067	0.842415	1.87913
3750000	-34.21846	0	-34.21846	0.23436	0.168693	0.462794	0.31849	0.120875	0.139704	0.380635	1.15522	1.34357
3760000	-34.54386	0	-34.54386	0.222494	0.141024	0.14151	0.175688	0.210746	0.0735284	0.531318	2.88056	0.427811
3770000	-26.09677	0	-26.09677	0.196687	0.198821	0.111714	0.478543	0.145413	0.0867383	1.10121	1.14074	2.85105
3780000	-34.90283	0	-34.90283	0.0837995	0.453268	0.206492	0.1757	0.102636	0.199414	1.10814	0.886422	2.32974
3790000	-27.84921	0	-27.84921	0.0789502	0.13988	0.188987	0.449247	0.145474	0.0771351	1.16918	2.38678	0.157541
3800000	-27.41763	0	-27.41763	0.0737219	0.088062	0.220605	0.301266	0.177369	0.121484	1.45516	1.30872	0.460039
3810000	-31.63526	0	-31.63526	0.127094	0.183346	0.0851768	0.194216	0.0712904	0.0400255	0.587755	1.06486	2.06713
3820000	-28.17504	0	-28.17504	0.0565642	0.101441	0.157559	0.215257	0.251366	0.113485	2.12699	1.66409	1.02518
3830000	-29.71253	0	-29.71253	0.205325	0.120334	0.249629	0.823337	0.104021	0.089669	1.43395	1.11805	1.43127
3840000	-30.95521	0	-30.95521	0.130567	0.165186	0.143724	0.424564	0.0774271	0.174888	0.75005	0.78311	1.73991
3850000	-27.84766	0	-27.84766	0.0723879	0.107266	0.356393	0.2073	0.15732	0.14363	2.71176	0.67922	1.43821
3860000	-29.69942	0	-29.69942	0.0837777	0.168336	0.138669	0.236372	0.181046	0.245262	0.816954	4.78489	0.917475
3870000	-33.86157	0	-33.86157	0.17471	0.157234	0.132261	0.387431	0.2314	0.0812946	2.33624	0.577913	0.107305
3880000	-28.68262	0	-28.68262	0.105305	0.0545039	0.266674	0.511784	0.116627	0.0791938	0.57502	1.29581	0.211072
3890000	-29.67514	0	-29.67514	0.0801011	0.147807	0.314361	0.335908	0.114123	0.152591	2.31023	0.568966	1.13906
3900000	-30.51757	0	-30.51757	0.0910675	0.267889	0.146172	0.475481	0.14697	0.0990585	1.15335	0.804026	1.15449
3910000	-30.86903	0	-30.86903	0.159198	0.156515	0.300918	0.454135	0.122532	0.0943585	0.836015	0.867336	0.0724831
3920000	-31.21259	0	-31.21259	0.174414	0.270965	0.471782	0.485371	0.074905	0.234875	0.949569	0.304885	0.462689
3930000	-35.09693	0	-35.09693	0.158494	0.0673362	0.177172	0.110898	0.0998076	0.0520125	0.902009	0.201214	0.366201
3940000	-39.76248	0	-39.76248	0.111054	0.163986	0.236609	0.076616	0.20726	0.0582374	2.91492	2.0066	0.0590997
3950000	-29.17037	0	-29.17037	0.14814	0.248875	0.16432	0.241174	0.076997	0.119738	0.990339	0.963223	1.2361
3960000	-30.55764	0	-30.55764	0.086383	0.114805	0.358142	0.397218	0.0871985	0.139119	1.54226	1.35177	0.23594
3970000	-36.79245	0	-36.79245	0.26165	0.249999	0.56955	0.460943	0.0738833	0.0829017	0.877611	2.24286	0.728997
3980000	-28.87221	0	-28.87221	0.222201	0.0366265	0.162129	0.501562	0.0892951	0.144472	0.879269	0.823075	0.143835
3990000	-31.18295	0	-31.18295	0.0772948	0.195564	0.411295	0.36893	0.160038	0.0865527	2.93233	1.65456	1.63634
4000000	-24.84979	0	-24.84979	0.138235	0.156163	0.178348	0.506692	0.132777	0.0730026	0.5979	0.487235	1.01406
4010000	-30.31601	0	-30.31601	0.148179	0.212981	0.233692	0.560328	0.133356	0.0494833	0.824048	0.418578	0.620937
4020000	-30.01898	0	-30.01898	0.0877801	0.155705	0.243288	0.233828	0.0925364	0.0859468	2.41328	1.46144	0.0970909
4030000	-32.24509	0	-32.24509	0.127283	0.321317	0.284467	0.189034	0.0755274	0.107727	3.3987	1.49278	0.278555
4040000	-31.26227	0	-31.26227	0.208798	0.0966396	0.143335	0.412294	0.285179	0.0877605	2.48666	1.39498	0.7451
4050000	-29.4581	0	-29.4581	0.108289	0.130326	0.130228	0.152138	0.0703157	0.157795	1.12223	2.90347	0.955001
4060000	-33.86327	0	-33.86327	0.092725	0.262553	0.255423	0.377346	0.228623	0.0974994	1.13965	1.27176	0.114965
4070000	-29.45616	0	-29.45616	0.11546	0.135085	0.172142	0.447027	0.106804	0.106408	1.20981	0.801116	0.170444
4080000	-30.27095	0	-30.27095	0.34653	0.206619	0.0774527	0.249868	0.157188	0.0496234	0.492273	1.59086	0.333364
4090000	-39.05409	0	-39.05409	0.302365	0.128552	0.158374	0.443447	0.147195	0.0919531	2.48065	2.32992	0.069813
4100000	-32.42672	0	-32.42672	0.114914	0.178743	0.172891	0.563524	0.105321	0.118345	0.559719	0.591177	0.136036
4110000	-30.85721	0	-30.85721	0.234853	0.133325	0.18984	0.471228	0.194642	0.141403	1.38728	2.81942	0.137021
4120000	-25.70595	0	-25.70595	0.185101	0.214134	0.107796	0.361717	0.0992996	0.191365	1.31604	1.71195	0.640638
4130000	-35.11774	0	-35.11774	0.137324	0.274018	0.122191	0.378902	0.371756	0.060183	0.888558	1.29981	0.0513135
4140000	-29.50603	0	-29.50603	0.161396	0.143357	0.3082	0.133305	0.14026	0.138766	1.25013	1.05569	0.183674
4150000	-26.10869	0	-26.10869	0.102342	0.222958	0.164659	0.166299	0.144044	0.0800614	0.829731	0.978281	1.93567
4160000	-33.07122	0	-33.07122	0.0456075	0.119529	0.0895276	0.363719	0.175128	0.112667	1.5055	1.3259	0.277492
4170000	-32.24688	0	-32.24688	0.10699	0.122493	0.207308	0.307367	0.296351	0.126121	0.978163	2.04402	0.687013
4180000	-31.23206	0	-31.23206	0.199323	0.0688094	0.222577	0.313172	0.259383	0.043541	1.92375	1.38198	0.35076
4190000	-34.43495	0	-34.43495	0.135679	0.178396	0.153341	0.371922	0.104435	0.206017	0.954033	0.416845	0.511265
4200000	-30.03555	0	-30.03555	0.0848676	0.108506	0.189423	0.342801	0.270498	0.0766015	2.36055	1.60142	0.383607
4210000	-29.96054	0	-29.96054	0.0769043	0.22943	0.271969	0.380334	0.122956	0.118933	4.02174	3.06787	0.997632
4220000	-28.87627	0	-28.87627	0.0581437	0.22126	0.224123	0.215989	0.234925	0.0559328	1.90714	2.245	2.74256
4230000	-37.7897	0	-37.7897	0.138513	0.0412808	0.102401	0.568158	0.0927602	0.0538655	3.07658	0.780021	0.084514
4240000	-32.27567	0	-32.27567	0.133582	0.288619	0.334556	0.133632	0.189771	0.31589	1.99689	1.30285	1.00952
4250000	-33.75685	0	-33.75685	0.0541337	0.292406	0.373822	0.29779	0.0432919	0.0729873	0.176957	0.61364	1.15922
4260000	-30.02496	0	-30.02496	0.107565	0.167939	0.0920758	0.539576	0.291693	0.0802553	1.08349	1.84033	1.18784
4270000	-39.60928	0	-39.60928	0.314145	0.24106	0.348917	0.156384	0.198667	0.163699	2.25536	0.167213	0.187636
4280000	-31.1601	0	-31.1601	0.125702	0.20793	0.218157	0.563534	0.142775	0.0454438	1.92909	1.627	0.339755
4290000	-33.79289	0	-33.79289	0.109881	0.0634602	0.121112	0.363364	0.102098	0.178942	1.18761	1.76037	0.182693
4300000	-29.0831	0	-29.0831	0.0984445	0.170845	0.240321	0.359603	0.179392	0.114062	0.836843	1.75879	0.277789
4310000	-33.99302	0	-33.99302	0.208269	0.0393562	0.147746	0.240283	0.0507497	0.0798777	2.35431	1.19888	0.0404302
4320000	-28.89938	0	-28.89938	0.139841	0.0990538	0.209262	0.258597	0.119949	0.167774	1.28198	1.90913	0.0603567
4330000	-30.62625	0	-30.62625	0.145893	0.151732	0.23918	0.45243	0.0617942	0.067418	0.703904	0.79429	0.252918
4340000	-29.28452	0	-29.28452	0.0693246	0.283888	0.189982	0.519459	0.150001	0.0831995	1.09865	0.285493	0.952642
4350000	-31.52923	0	-31.52923	0.276176	0.0750974	0.495733	0.253201	0.182027	0.159387	1.35073	0.833279	0.114629
4360000	-35.65042	0	-35.65042	0.0889897	0.0471224	0.280122	0.299993	0.0929226	0.132612	0.511389	0.333907	0.0504099
4370000	-33.81292	0	-33.81292	0.126599	0.0922872	0.228145	0.280617	0.1413	0.0665138	1.87469	1.67583	0.0558036
4380000	-33.83597	0	-33.83597	0.158592	0.326916	0.140905	0.366912	0.0724492	0.126965	0.945034	1.34387	1.00101
4390000	-30.37836	0	-30.37836	0.142793	0.185182	0.293592	0.311722	0.160926	0.133652	3.72245	0.703677	0.297858
4400000	-31.39308	0	-31.39308	0.129005	0.218204	0.0866898	0.622662	0.107376	0.0813553	0.540134	1.32817	0.346231
4410000	-30.42621	0	-30.42621	0.105714	0.196291	0.22226	0.537773	0.111993	0.387426	1.0168	1.3994	0.23898
4420000	-29.38803	0	-29.38803	0.0640061	0.0698877	0.151285	0.175329	0.18017	0.092232	1.14016	0.947175	0.13722
4430000	-27.85758	0	-27.85758	0.0744079	0.220348	0.112351	0.455786	0.135725	0.0764399	1.42009	0.477922	2.00088
4440000	-27.03762	0	-27.03762	0.122269	0.171336	0.157709	0.34919	0.213796	0.117388	1.2202	2.14295	0.58409
4450000	-36.84455	0	-36.84455	0.103791	0.129277	0.261483	0.290993	0.110799	0.140187	5.76717	2.46182	0.241247
4460000	-37.71913	0	-37.71913	0.145032	0.148539	0.0591027	0.299977	0.306471	0.0607782	0.264485	0.632544	0.32701
4470000	-43.55471	0	-43.55471	0.154442	0.233647	0.297533	0.479612	0.0736912	0.0388967	1.8325	0.464841	0.268214
4480000	-34.29073	0	-34.29073	0.141934	0.080178	0.17405	0.241446	0.156161	0.188824	4.34859	0.854099	0.368869
4490000	-31.11183	0	-31.11183	0.18695	0.327742	0.330396	0.356134	0.178422	0.0754601	0.814411	1.2618	0.786398
4500000	-40.72232	0	-40.72232	0.0489069	0.0473653	0.194045	0.533553	0.210597	0.0416446	1.01498	0.323358	0.0107054
4510000	-32.01664	0	-32.01664	0.0572313	0.265285	0.317666	0.410428	0.141243	0.0799269	1.0574	3.26138	1.49813
4520000	-30.13247	0	-30.13247	0.2187	0.395264	0.498609	0.498211	0.102318	0.094076	2.38845	0.6539	2.1807
4530000	-30.33059	0	-30.33059	0.123014	0.171322	0.216206	0.335961	0.144906	0.13553	0.419807	1.76436	1.74982
4540000	-31.99254	0	-31.99254	0.144055	0.174745	0.226575	0.307318	0.139543	0.209491	0.8186	3.4071	1.40832
4550000	-28.59452	0	-28.59452	0.180509	0.132128	0.25436	0.207727	0.151901	0.0342485	0.825132	3.05134	0.798294
4560000	-31.40174	0	-31.40174	0.245982	0.0777971	0.146912	0.285632	0.131612	0.12409	0.758612	3.09784	0.423357
4570000	-36.2856	0	-36.2856	0.0385387	0.142749	0.314671	0.415502	0.123463	0.108996	0.684017	0.582644	0.334298
4580000	-25.83869	0	-25.83869	0.0839576	0.137984	0.614913	0.304606	0.119316	0.126681	1.42265	1.42496	1.07425
4590000	-33.07763	0	-33.07763	0.250491	0.117671	0.117869	0.583572	0.129201	0.136266	1.25867	0.503376	0.0480567
4600000	-28.57133	0	-28.57133	0.0628581	0.185609	0.130681	0.452249	0.128017	0.15858	1.51372	1.14553	1.74867
4610000	-29.63096	0	-29.63096	0.0830432	0.197726	0.0821942	0.318887	0.0827517	0.349906	1.94278	2.07737	0.606537
4620000	-30.45554	0	-30.45554	0.127884	0.197875	0.311027	0.466831	0.0988492	0.197765	0.613688	0.582988	0.814425
4630000	-34.02033	0	-34.02033	0.150461	0.202789	0.147588	0.353453	0.0590422	0.144418	4.58769	1.85762	6.21501
4640000	-26.19298	0	-26.19298	0.0601337	0.122781	0.32742	0.278141	0.123217	0.0767955	0.452623	1.90632	0.400699
4650000	-28.06646	0	-28.06646	0.0829993	0.13965	0.411613	0.373952	0.0875801	0.111618	1.08569	0.446266	0.928768
4660000	-28.57266	0	-28.57266	0.261232	0.151434	0.189553	0.278505	0.0949065	0.139102	1.39732	1.66034	0.792332
4670000	-31.35523	0	-31.35523	0.0635963	0.198274	0.33653	0.36714	0.190139	0.106449	2.13596	0.633424	0.115657
4680000	-32.22727	0	-32.22727	0.0938847	0.318709	0.230396	0.198054	0.0528838	0.0908569	1.36433	0.720899	1.34705
4690000	-33.22184	0	-33.22184	0.254318	0.194563	0.130861	0.590077	0.154012	0.170109	1.98511	2.0667	0.89582
4700000	-33.6672	0	-33.6672	0.292741	0.119543	0.143282	0.431461	0.0569554	0.0960349	1.87808	2.03686	1.86229
4710000	-30.9826	0	-30.9826	0.0710985	0.18253	0.236239	0.122141	0.139195	0.120628	4.21389	1.5868	0.0801223
4720000	-24.76628	0	-24.76628	0.210709	0.125739	0.0963554	0.39243	0.0796035	0.116428	1.2712	1.05882	0.203757
4730000	-32.82726	0	-32.82726	0.114075	0.241846	0.232532	0.209588	0.325228	0.182301	2.09682	0.626255	0.789518
4740000	-28.18113	0	-28.18113	0.183082	0.111145	0.205387	0.398671	0.128865	0.081318	0.669751	0.940192	1.15662
4750000	-38.17116	0	-38.17116	0.323821	0.131736	0.0715062	0.312886	0.204619	0.0551664	2.72335	1.74602	0.316118
4760000	-30.01673	0	-30.01673	0.0824187	0.196471	0.308837	0.377984	0.194588	0.153173	1.3018	1.31398	0.905211
4770000	-29.16186	0	-29.16186	0.168086	0.361087	0.101651	0.353922	0.0786648	0.0745904	0.621079	3.45872	0.501766
4780000	-35.94585	0	-35.94585	0.218845	0.0746038	0.381428	0.726895	0.240575	0.110978	0.523994	0.613715	0.423384
4790000	-27.94585	0	-27.94585	0.0869205	0.358931	0.255606	0.225783	0.238072	0.048829	1.40188	0.469895	0.6793
4800000	-33.69854	0	-33.69854	0.104905	0.211031	0.277949	0.335078	0.122692	0.252482	2.43995	1.67847	0.919869
4810000	-29.47254	0	-29.47254	0.0664542	0.115542	0.0987517	0.397071	0.145836	0.0843933	1.93588	1.0023	0.936114
4820000	-32.55164	0	-32.55164	0.116066	0.19383	0.0905744	0.47074	0.0499	0.111774	0.876124	9.6751	0.455859
4830000	-30.75179	0	-30.75179	0.109447	0.157038	0.468499	0.388464	0.17589	0.117484	0.944124	1.8524	3.12259
4840000	-28.56302	0	-28.56302	0.0829113	0.144349	0.112436	0.421086	0.146035	0.1045	0.872613	0.330077	1.8957
4850000	-32.41583	0	-32.41583	0.064817	0.128821	0.17993	0.204514	0.195697	0.0961401	0.470018	0.512995	0.122188
4860000	-31.0295	0	-31.0295	0.0708855	0.0842533	0.310873	0.167234	0.108668	0.115269	3.31539	1.09806	0.531071
4870000	-31.97779	0	-31.97779	0.109668	0.32977	0.167588	0.38439	0.210832	0.224865	0.495182	2.41078	2.54182
4880000	-32.00658	0	-32.00658	0.0849119	0.128931	0.209973	0.251343	0.0710114	0.15964	1.61982	1.26561	4.45823
4890000	-30.12888	0	-30.12888	0.164754	0.22399	0.176789	0.286272	0.151037	0.111278	0.323519	1.57807	1.3752
4900000	-29.28611	0	-29.28611	0.132859	0.122548	0.18221	0.434424	0.225222	0.0726148	1.70102	1.49936	0.714236
4910000	-42.24891	0	-42.24891	0.381983	0.133566	0.288752	0.285713	0.365451	0.259358	0.496839	1.57168	0.151419
4920000	-32.11654	0	-32.11654	0.245018	0.139324	0.169403	0.228072	0.0920511	0.131347	2.25351	2.37959	0.341071
4930000	-27.60857	0	-27.60857	0.0550716	0.172543	0.285119	0.317153	0.0967893	0.164359	0.917673	1.91071	0.268641
4940000	-28.89666	0	-28.89666	0.0877469	0.105936	0.115891	0.156185	0.17702	0.0668916	4.07429	1.75187	0.257735
4950000	-28.81427	0	-28.81427	0.126054	0.237141	0.20423	0.328559	0.127261	0.0980326	1.08182	0.651818	0.475525
4960000	-29.64094	0	-29.64094	0.164634	0.194859	0.131905	0.273041	0.0813995	0.0654496	1.33873	3.55635	0.920592
4970000	-26.55817	0	-26.55817	0.135945	0.122109	0.242871	0.326995	0.188929	0.174	1.1464	1.40736	0.679463
4980000	-30.82179	0	-30.82179	0.0668124	0.174187	0.253931	0.350065	0.19309	0.062174	0.472902	1.74472	0.0830344
4990000	-32.9312	0	-32.9312	0.0858322	0.128193	0.087026	0.374744	0.211267	0.0926528	0.632835	2.04144	1.66184
5000000	-26.8815	0	-26.8815	0.125329	0.14521	0.368531	0.371197	0.166025	0.164132	1.09292	1.00751	0.339878
