Iteration	Posterior	Likelihood	Prior	lambda[1]	lambda[2]	lambda[3]	mu[1]	mu[2]	mu[3]	psi[1]	psi[2]	psi[3]
0	-40.67519	0	-40.67519	0.078515	0.127432	0.24579	0.105122	0.164465	0.160337	0.427351	2.01935	0.786236
10000	-21.39275	0	-21.39275	0.241661	0.321788	0.227763	0.207554	0.0858181	0.254669	2.03425	0.448318	0.685085
20000	-17.16125	0	-17.16125	0.10826	0.154032	0.25226	0.139685	0.129464	0.189072	1.14871	0.691572	0.789554
30000	-22.72711	0	-22.72711	0.0518923	0.0783521	0.0849246	0.249928	0.123607	0.109868	3.15833	2.87651	0.289518
40000	-20.14001	0	-20.14001	0.098965	0.184997	0.210707	0.177884	0.241286	0.1763	1.11089	0.286252	0.179129
50000	-19.60459	0	-19.60459	0.221271	0.177851	0.139808	0.1759	0.255779	0.130681	0.932515	0.512835	0.395763
60000	-23.75313	0	-23.75313	0.157421	0.0790325	0.214281	0.142233	0.270542	0.0936315	2.89806	0.286855	0.13118
70000	-20.11747	0	-20.11747	0.183958	0.198971	0.0756035	0.27371	0.156595	0.123699	1.80934	0.796223	0.785804
80000	-18.20396	0	-18.20396	0.112534	0.122081	0.207246	0.322931	0.0672547	0.0712716	1.35835	0.672835	0.935261
90000	-20.21931	0	-20.21931	0.117433	0.152752	0.3372	0.225669	0.224345	0.432583	1.70749	0.665573	1.60633
100000	-16.87456	0	-16.87456	0.0753901	0.149221	0.190197	0.269395	0.154823	0.131053	0.700463	0.974076	0.520899
110000	-18.26841	0	-18.26841	0.161704	0.262471	0.213836	0.272324	0.16832	0.0632423	1.48466	0.250519	0.766631
120000	-22.78937	0	-22.78937	0.114955	0.237457	0.278644	0.310864	0.0580165	0.0740084	0.600918	1.1847	0.336506
130000	-18.06507	0	-18.06507	0.156381	0.218711	0.180872	0.205924	0.14608	0.164643	1.53208	1.16351	0.908805
140000	-19.47067	0	-19.47067	0.164015	0.134493	0.26025	0.0932727	0.114203	0.139945	0.977049	0.545879	0.721444
150000	-20.87971	0	-20.87971	0.083868	0.154066	0.267572	0.152758	0.186021	0.359925	0.491478	1.0395	0.722553
160000	-20.08086	0	-20.08086	0.0780846	0.098297	0.0924039	0.109062	0.053395	0.135126	0.254246	0.614003	0.932711
170000	-19.00584	0	-19.00584	0.188578	0.0960944	0.201001	0.262286	0.171732	0.11316	0.884675	1.49191	1.90972
180000	-17.30342	0	-17.30342	0.165385	0.115184	0.130242	0.208458	0.112213	0.104816	1.66985	1.65543	2.30819
190000	-19.30461	0	-19.30461	0.094126	0.108148	0.105074	0.221302	0.151623	0.250714	1.67668	0.343762	2.37522
200000	-18.70828	0	-18.70828	0.0825287	0.137803	0.116829	0.170817	0.0869226	0.0829509	1.15225	0.646578	1.76584
210000	-17.45116	0	-17.45116	0.118818	0.20123	0.169661	0.263889	0.18625	0.0755943	1.17577	0.555858	1.46955
220000	-18.61479	0	-18.61479	0.165945	0.163802	0.148367	0.199141	0.199474	0.156975	0.781881	0.502608	0.635512
230000	-22.48091	0	-22.48091	0.103507	0.303888	0.0733989	0.18266	0.151354	0.172169	2.89618	3.70439	1.31887
240000	-21.69721	0	-21.69721	0.0781031	0.195483	0.114886	0.0866911	0.178494	0.143162	1.40737	0.272325	2.56558
250000	-23.10341	0	-23.10341	0.142774	0.0388159	0.116259	0.17263	0.285956	0.164648	3.38144	1.30145	1.33783
260000	-18.35207	0	-18.35207	0.106171	0.252097	0.230064	0.152826	0.178032	0.106464	0.522165	0.219655	0.577944
270000	-21.30172	0	-21.30172	0.0958528	0.288529	0.132132	0.0779581	0.199195	0.0877269	0.514435	0.99726	3.84474
280000	-16.67685	0	-16.67685	0.0769686	0.11324	0.179221	0.206964	0.147507	0.123332	1.13139	1.87957	1.05387
290000	-20.006	0	-20.006	0.13333	0.0968706	0.151854	0.141035	0.262751	0.166387	3.13756	0.652799	1.24435
300000	-23.27579	0	-23.27579	0.148384	0.123384	0.0941682	0.234732	0.0755283	0.085369	2.77728	0.287523	1.29146
310000	-19.15804	0	-19.15804	0.0757003	0.114556	0.193475	0.176996	0.156695	0.295591	0.759595	0.315093	1.05907
320000	-18.97905	0	-18.97905	0.0719998	0.158625	0.172887	0.350437	0.141014	0.122562	0.841071	1.40191	1.97352
330000	-18.51097	0	-18.51097	0.0774869	0.117625	0.179925	0.27042	0.205119	0.10289	0.705706	0.79697	0.788892
340000	-24.11614	0	-24.11614	0.0969681	0.216331	0.213548	0.484435	0.0587222	0.339458	0.67842	0.165001	2.50081
350000	-27.2422	0	-27.2422	0.298311	0.334496	0.0495562	0.173155	0.0602089	0.126483	3.04916	0.971234	1.23825
360000	-23.5163	0	-23.5163	0.171548	0.089328	0.1192	0.225774	0.0720543	0.0892196	1.88479	1.08947	0.195405
370000	-22.62013	0	-22.62013	0.227289	0.0720236	0.217166	0.239351	0.0409253	0.114945	1.35024	1.78175	0.239784
380000	-18.27992	0	-18.27992	0.180296	0.102456	0.14005	0.222893	0.0547169	0.15264	0.522754	1.03198	2.51434
390000	-17.74883	0	-17.74883	0.20542	0.195778	0.179978	0.208875	0.0623554	0.173272	1.13721	1.27672	0.865295
400000	-20.60117	0	-20.60117	0.148224	0.272519	0.0931912	0.288418	0.157961	0.134554	1.29269	1.07824	0.509805
410000	-20.75108	0	-20.75108	0.131798	0.0889785	0.245121	0.346137	0.06281	0.078603	0.567286	3.90451	1.58249
420000	-19.51899	0	-19.51899	0.127702	0.0505141	0.185402	0.29355	0.065381	0.0578681	0.998071	0.762516	0.634285
430000	-18.59667	0	-18.59667	0.172244	0.188737	0.181038	0.147961	0.0798064	0.215425	0.559042	1.29988	0.199585
440000	-16.97706	0	-16.97706	0.116463	0.26564	0.133056	0.193776	0.160426	0.135352	1.27391	0.389688	0.940144
450000	-20.38979	0	-20.38979	0.085654	0.211979	0.17751	0.362239	0.186535	0.130009	0.554215	2.96023	0.537147
460000	-21.12855	0	-21.12855	0.19086	0.215379	0.249337	0.117781	0.270526	0.208505	0.899725	0.777012	0.179943
470000	-20.61601	0	-20.61601	0.131022	0.114723	0.238848	0.18142	0.0818406	0.145958	1.09454	1.49811	1.17383
480000	-24.03937	0	-24.03937	0.243118	0.0559395	0.490293	0.146208	0.0740279	0.105086	0.957453	3.1947	0.222362
490000	-21.59257	0	-21.59257	0.13555	0.289806	0.348648	0.204222	0.137565	0.12955	4.65587	1.13999	1.06361
500000	-25.91963	0	-25.91963	0.182733	0.168582	0.374342	0.366923	0.0725292	0.249685	0.600558	6.21459	0.952875
510000	-18.37664	0	-18.37664	0.0896839	0.150024	0.198795	0.171643	0.0934968	0.0965961	0.406446	0.998296	0.533418
520000	-20.09406	0	-20.09406	0.176175	0.117715	0.317149	0.243668	0.345833	0.116687	1.73388	0.684868	1.06353
530000	-21.17904	0	-21.17904	0.0975349	0.323624	0.257787	0.201859	0.137298	0.117524	0.798053	1.34493	2.22569
540000	-18.97817	0	-18.97817	0.122928	0.0745006	0.323581	0.242146	0.131146	0.0659519	2.04433	0.218746	0.75772
550000	-21.99769	0	-21.99769	0.180791	0.13947	0.250606	0.128524	0.100673	0.100791	4.39459	0.447747	2.16541
560000	-20.54547	0	-20.54547	0.161725	0.0783465	0.108277	0.398485	0.0858621	0.070461	0.827631	0.251947	0.0690212
570000	-20.68975	0	-20.68975	0.119224	0.165182	0.0730311	0.164979	0.173313	0.112549	1.59781	2.55056	0.924188
580000	-21.79206	0	-21.79206	0.169357	0.260954	0.226972	0.205865	0.109915	0.108184	3.63175	2.21784	1.33497
590000	-18.42691	0	-18.42691	0.239159	0.139015	0.156821	0.268088	0.168681	0.221434	2.58803	1.33705	1.07872
600000	-25.677	0	-25.677	0.0285559	0.452816	0.156632	0.140169	0.156056	0.133932	1.23147	1.83012	1.21242
610000	-19.14224	0	-19.14224	0.137361	0.0752028	0.208489	0.367732	0.103819	0.110085	1.75421	1.05855	0.366041
620000	-27.26175	0	-27.26175	0.0486149	0.187609	0.205375	0.364544	0.0599485	0.0540182	2.57702	0.844872	0.0711856
630000	-17.12274	0	-17.12274	0.101454	0.179189	0.22875	0.193321	0.159071	0.141576	0.611039	1.28869	0.674302
640000	-27.40899	0	-27.40899	0.0721924	0.0925694	0.0582252	0.114821	0.114753	0.0726665	1.67275	0.686733	1.26513
650000	-19.97888	0	-19.97888	0.116373	0.302419	0.142224	0.100442	0.135266	0.137289	0.768515	0.0903345	0.591175
660000	-15.76802	0	-15.76802	0.232433	0.0775684	0.136209	0.197487	0.139943	0.127864	0.457272	0.361149	0.64244
670000	-20.72256	0	-20.72256	0.180169	0.137489	0.269863	0.228399	0.247656	0.198172	1.57598	1.12441	0.505062
680000	-20.21791	0	-20.21791	0.0724857	0.161401	0.124362	0.165498	0.233168	0.381458	1.28486	1.70619	0.569826
690000	-20.51873	0	-20.51873	0.082293	0.130216	0.248206	0.244767	0.15915	0.140149	1.86339	1.35547	0.60848
700000	-18.45691	0	-18.45691	0.0906911	0.158581	0.194307	0.157026	0.241333	0.136304	0.295185	0.68861	1.0373
710000	-20.04612	0	-20.04612	0.179696	0.136126	0.320733	0.248889	0.219816	0.208141	0.857918	1.03885	0.503418
720000	-24.21166	0	-24.21166	0.196987	0.116873	0.169518	0.301965	0.137881	0.280077	5.62491	1.41363	1.07568
730000	-21.67397	0	-21.67397	0.31402	0.173146	0.103807	0.188009	0.106938	0.107471	1.4647	0.156004	0.568192
740000	-17.57376	0	-17.57376	0.0812017	0.117264	0.093306	0.319257	0.202671	0.225478	1.17288	0.419588	0.828373
750000	-23.09713	0	-23.09713	0.0572653	0.354548	0.119976	0.344574	0.100369	0.127772	4.59085	0.375167	1.00402
760000	-22.84725	0	-22.84725	0.0388342	0.18358	0.263712	0.517234	0.119872	0.122083	1.38228	0.5989	0.752752
770000	-22.6366	0	-22.6366	0.0509234	0.199252	0.146765	0.500666	0.108655	0.11796	0.863065	0.464104	0.0943489
780000	-23.76963	0	-23.76963	0.0818991	0.190661	0.212531	0.416887	0.155562	0.207618	3.99138	0.31023	0.228977
790000	-20.82728	0	-20.82728	0.105086	0.0708272	0.189044	0.303016	0.0794382	0.303898	0.878674	0.305955	0.20451
800000	-19.04699	0	-19.04699	0.185216	0.25229	0.142138	0.216277	0.0669946	0.0910394	0.478065	1.16265	0.304139
810000	-28.11201	0	-28.11201	0.37038	0.0684388	0.487829	0.0801156	0.122617	0.247599	3.8366	4.1816	0.272565
820000	-26.75152	0	-26.75152	0.197692	0.115645	0.229141	0.548077	0.129223	0.104844	1.99627	0.499209	0.359313
830000	-18.34546	0	-18.34546	0.249226	0.183274	0.232392	0.264829	0.153462	0.121379	1.66667	1.07222	0.453045
840000	-19.48074	0	-19.48074	0.125385	0.179354	0.102625	0.205836	0.263034	0.192202	1.22302	0.631459	0.147199
850000	-19.3606	0	-19.3606	0.115463	0.114285	0.228042	0.317433	0.0984655	0.0572381	1.70466	0.170818	0.547093
860000	-24.81761	0	-24.81761	0.160164	0.163841	0.31825	0.142219	0.0974994	0.149175	1.29838	1.40199	1.2289
870000	-20.55964	0	-20.55964	0.0783291	0.355991	0.165939	0.401328	0.163416	0.0967014	1.39141	0.263526	0.429364
880000	-20.79399	0	-20.79399	0.113776	0.120383	0.333609	0.235497	0.15133	0.242933	0.829137	0.814742	0.252073
890000	-19.5634	0	-19.5634	0.133717	0.33122	0.117053	0.274755	0.0850191	0.188484	0.637147	0.612568	0.671761
900000	-19.93535	0	-19.93535	0.12993	0.221908	0.123885	0.23637	0.163369	0.123325	1.27332	3.45195	0.408498
910000	-19.38305	0	-19.38305	0.16488	0.152483	0.313896	0.181691	0.104255	0.0614404	1.80758	0.382058	1.04345
920000	-25.16099	0	-25.16099	0.0929537	0.0804692	0.0752262	0.180287	0.122335	0.090637	0.745924	0.994331	0.0800316
930000	-19.32384	0	-19.32384	0.0931459	0.108727	0.0710191	0.242869	0.0756	0.0917775	1.1374	1.75552	1.0324
940000	-20.19135	0	-20.19135	0.0935056	0.134241	0.117254	0.184356	0.347976	0.109953	1.5684	2.67302	0.82966
950000	-18.05709	0	-18.05709	0.0998856	0.0884574	0.0727009	0.202839	0.157046	0.179607	1.39299	0.890503	0.899393
960000	-22.69563	0	-22.69563	0.352336	0.144317	0.194993	0.134747	0.0634094	0.0884166	0.761985	0.312518	0.486639
970000	-30.85768	0	-30.85768	0.232583	0.179678	0.261736	0.707319	0.0436604	0.241324	0.530296	1.64108	0.796439
980000	-19.5247	0	-19.5247	0.173328	0.224211	0.20172	0.163839	0.141142	0.187064	1.95161	2.87034	0.506964
990000	-18.33383	0	-18.33383	0.198879	0.121335	0.196572	0.233558	0.0654821	0.113096	0.257174	3.75405	0.679298
1000000	-19.53024	0	-19.53024	0.0661441	0.12254	0.165338	0.317369	0.060243	0.109532	1.31302	0.161844	0.129479
1010000	-25.56401	0	-25.56401	0.145809	0.271473	0.257095	0.33695	0.107809	0.175708	1.65562	2.00674	0.211634
1020000	-20.97039	0	-20.97039	0.212019	0.12071	0.345121	0.16211	0.148095	0.0721114	2.12202	1.63991	0.471427
1030000	-23.11916	0	-23.11916	0.207735	0.165518	0.0715533	0.203341	0.327341	0.120885	0.598356	1.27621	0.86929
1040000	-19.80347	0	-19.80347	0.0642903	0.0596677	0.154197	0.189726	0.166271	0.131485	1.52139	0.536739	0.751575
1050000	-20.14439	0	-20.14439	0.101119	0.152827	0.0825469	0.232505	0.0887224	0.109601	0.822287	0.547394	0.638339
1060000	-19.18868	0	-19.18868	0.130487	0.247683	0.120909	0.2838	0.0762506	0.0876671	0.555711	1.88915	1.84069
1070000	-18.72904	0	-18.72904	0.133312	0.171566	0.154381	0.119167	0.120827	0.185942	1.4149	0.710289	0.245269
1080000	-25.77062	0	-25.77062	0.0972313	0.0467768	0.105986	0.346134	0.126557	0.179174	1.01769	0.920023	0.804833
1090000	-18.91927	0	-18.91927	0.136583	0.144774	0.2547	0.11382	0.115107	0.274274	1.26971	1.46795	0.373424
1100000	-23.76896	0	-23.76896	0.101972	0.24847	0.313708	0.0901151	0.047467	0.062205	2.54049	0.237818	0.466059
1110000	-19.88817	0	-19.88817	0.0504222	0.239065	0.240899	0.281236	0.104854	0.355749	0.314981	0.543717	0.45108
1120000	-22.19339	0	-22.19339	0.115595	0.23952	0.0927001	0.45252	0.214911	0.345571	2.84218	0.895606	1.10221
1130000	-20.85173	0	-20.85173	0.15761	0.12521	0.30157	0.118633	0.287617	0.156996	2.7054	2.40675	0.795749
1140000	-23.38906	0	-23.38906	0.234397	0.0976602	0.241705	0.198548	0.0957143	0.210806	0.133859	0.194696	0.138465
1150000	-26.26591	0	-26.26591	0.0242439	0.0715279	0.108663	0.0976739	0.188513	0.1209	5.81387	0.999622	0.664351
1160000	-21.03749	0	-21.03749	0.248843	0.147126	0.346465	0.262922	0.155893	0.110137	3.54023	0.488151	0.308928
1170000	-20.96521	0	-20.96521	0.17692	0.192333	0.205474	0.578593	0.0798697	0.122908	2.5347	0.592899	1.29351
1180000	-21.23216	0	-21.23216	0.116408	0.190415	0.198854	0.210002	0.100483	0.246143	2.34115	1.15817	0.857271
1190000	-21.13937	0	-21.13937	0.181341	0.0929347	0.18403	0.205505	0.0358874	0.100776	0.671462	0.577552	0.165828
1200000	-21.13578	0	-21.13578	0.0871847	0.117114	0.159033	0.218995	0.195196	0.086204	0.314095	0.106498	0.251202
1210000	-21.48605	0	-21.48605	0.0831034	0.112529	0.104927	0.274075	0.196935	0.270394	2.78039	1.5	1.20889
1220000	-17.31482	0	-17.31482	0.131118	0.139071	0.158021	0.230916	0.0868309	0.164776	3.11673	0.39099	0.686625
1230000	-19.51049	0	-19.51049	0.134514	0.157346	0.170994	0.331142	0.117756	0.483918	0.887757	0.324549	0.440192
1240000	-20.78896	0	-20.78896	0.215297	0.224422	0.211153	0.219828	0.0878705	0.30977	0.77419	1.3712	0.163309
1250000	-23.39333	0	-23.39333	0.202314	0.102229	0.169287	0.123514	0.101345	0.112573	2.41391	1.02072	1.25929
1260000	-20.0405	0	-20.0405	0.0938373	0.201989	0.286798	0.196525	0.125933	0.109042	2.08599	0.256073	0.864587
1270000	-25.93028	0	-25.93028	0.096112	0.220138	0.070241	0.227921	0.397816	0.0594265	0.714125	1.07382	0.550034
1280000	-19.92248	0	-19.92248	0.271448	0.0903142	0.18611	0.141071	0.238812	0.0663386	1.69668	0.635259	0.722333
1290000	-16.82789	0	-16.82789	0.113058	0.129963	0.194857	0.203094	0.113094	0.0869092	0.448792	1.65905	0.769315
1300000	-20.6899	0	-20.6899	0.104742	0.238144	0.168158	0.393464	0.0396069	0.100963	0.597903	0.175319	0.70112
1310000	-21.22563	0	-21.22563	0.10944	0.126661	0.243902	0.310006	0.133212	0.0728257	1.36142	0.428525	0.374811
1320000	-23.33994	0	-23.33994	0.235412	0.279567	0.136159	0.336371	0.193972	0.101626	2.09537	0.221585	0.311151
1330000	-17.95574	0	-17.95574	0.0744854	0.0789908	0.166647	0.205145	0.174551	0.13376	2.39505	0.691244	0.194604
1340000	-20.1809	0	-20.1809	0.1053	0.0752703	0.0950391	0.149928	0.227322	0.0789545	2.94262	3.57197	0.390103
1350000	-16.56437	0	-16.56437	0.143411	0.110847	0.160512	0.332303	0.122811	0.0992501	1.75094	0.942274	0.379657
1360000	-19.80208	0	-19.80208	0.0884361	0.100405	0.214486	0.184267	0.179505	0.209851	0.898476	0.893586	0.231344
1370000	-18.7136	0	-18.7136	0.124026	0.16867	0.211068	0.213128	0.111486	0.0818184	0.138254	1.49289	1.03813
1380000	-19.27879	0	-19.27879	0.152377	0.156513	0.0614779	0.335384	0.108996	0.106542	0.465021	0.399289	0.413651
1390000	-21.40516	0	-21.40516	0.0739305	0.0931223	0.104884	0.315115	0.238022	0.101551	0.901454	0.874774	0.429871
1400000	-21.76865	0	-21.76865	0.150878	0.140693	0.263989	0.162497	0.186602	0.107499	2.03039	0.2774	0.806763
1410000	-24.45167	0	-24.45167	0.0994326	0.0671364	0.147074	0.218485	0.0908093	0.127232	3.03121	0.381907	0.149908
1420000	-21.72315	0	-21.72315	0.113701	0.256207	0.191747	0.333878	0.215435	0.0963482	0.237449	1.74473	0.908734
1430000	-30.23082	0	-30.23082	0.0522106	0.179945	0.0684749	0.339952	0.0955084	0.0554791	0.262696	0.252597	0.245801
1440000	-20.27956	0	-20.27956	0.0893719	0.192147	0.112887	0.221683	0.0540909	0.0512861	2.60167	0.674366	0.0714013
1450000	-25.73482	0	-25.73482	0.239752	0.119623	0.0841807	0.567708	0.0986323	0.0769553	0.816664	1.43907	0.255005
1460000	-15.77462	0	-15.77462	0.0998978	0.10535	0.177636	0.196783	0.103407	0.105339	0.602646	0.346708	0.590497
1470000	-19.01244	0	-19.01244	0.175754	0.124943	0.106932	0.332685	0.177618	0.1783	1.10936	0.272644	0.295951
1480000	-17.95072	0	-17.95072	0.12399	0.0955974	0.165937	0.133545	0.185799	0.131836	1.12358	1.64021	0.550408
1490000	-22.58861	0	-22.58861	0.173155	0.36298	0.171471	0.202492	0.227848	0.122261	1.00653	2.03556	0.371982
1500000	-27.2195	0	-27.2195	0.228099	0.178551	0.109417	0.085787	0.587587	0.289542	3.70511	1.81096	0.614101
1510000	-21.24911	0	-21.24911	0.223183	0.26851	0.166889	0.28373	0.162261	0.158489	0.715334	0.0598966	0.203635
1520000	-19.67417	0	-19.67417	0.172293	0.298328	0.249241	0.234438	0.18554	0.16524	1.45373	0.471687	0.327108
1530000	-25.42577	0	-25.42577	0.186492	0.234538	0.161497	0.365795	0.112792	0.0907106	2.33981	0.413001	0.134668
1540000	-21.80739	0	-21.80739	0.177907	0.0942627	0.0905417	0.231741	0.169523	0.0695724	2.9772	0.134733	0.511433
1550000	-20.18575	0	-20.18575	0.189753	0.180203	0.134038	0.427439	0.208509	0.159632	1.02899	0.784148	0.439656
1560000	-35.07453	0	-35.07453	0.119947	0.0836931	0.312528	0.744441	0.272898	0.0965392	1.19949	2.10746	0.161787
1570000	-18.45749	0	-18.45749	0.200767	0.186052	0.160282	0.190856	0.0979882	0.0965463	3.24153	1.1635	0.814171
1580000	-18.91147	0	-18.91147	0.169408	0.109904	0.0834944	0.331003	0.230615	0.0939995	2.38097	1.41046	0.908914
1590000	-27.05146	0	-27.05146	0.522356	0.12081	0.155716	0.369675	0.0924551	0.122731	3.43303	1.23222	0.757122
1600000	-19.14145	0	-19.14145	0.0722299	0.109691	0.0908834	0.129481	0.189627	0.104928	3.12134	1.41359	0.269159
1610000	-22.70954	0	-22.70954	0.153434	0.373141	0.212787	0.200753	0.12956	0.310335	1.42129	0.366146	0.497804
1620000	-25.12534	0	-25.12534	0.080211	0.131431	0.125963	0.244352	0.0500985	0.205171	1.9237	1.11699	0.423425
1630000	-22.68345	0	-22.68345	0.115335	0.0659477	0.138847	0.106129	0.115893	0.0998395	1.46465	1.17113	0.276961
1640000	-16.82381	0	-16.82381	0.0650072	0.158054	0.140198	0.360863	0.11393	0.127389	0.709612	1.84686	0.981003
1650000	-24.04368	0	-24.04368	0.127867	0.222802	0.0615164	0.370511	0.156977	0.210096	2.33175	0.225461	0.743049
1660000	-20.23442	0	-20.23442	0.125219	0.149447	0.212149	0.215781	0.0775642	0.105305	0.558175	1.55476	0.206226
1670000	-20.72276	0	-20.72276	0.0991167	0.135205	0.0983798	0.205786	0.206176	0.11362	0.876114	4.17928	0.331732
1680000	-21.80622	0	-21.80622	0.167986	0.0473217	0.266281	0.238318	0.0907937	0.143629	1.63018	1.36441	0.563642
1690000	-22.3841	0	-22.3841	0.317897	0.100065	0.0857329	0.326377	0.111794	0.080134	0.89646	0.782705	1.35104
1700000	-20.98347	0	-20.98347	0.0674529	0.0685993	0.322846	0.342843	0.121568	0.176777	1.93854	2.55713	0.992346
1710000	-19.0392	0	-19.0392	0.139825	0.254291	0.0982955	0.283996	0.0912376	0.0999473	0.557808	0.414499	0.297681
1720000	-25.05278	0	-25.05278	0.232773	0.0767007	0.068537	0.772618	0.165949	0.104344	1.55161	1.08954	1.04704
1730000	-22.61089	0	-22.61089	0.176896	0.10752	0.297808	0.0688477	0.166162	0.190337	1.60279	0.634503	1.1882
1740000	-22.94829	0	-22.94829	0.0698081	0.184816	0.0505428	0.203375	0.146371	0.0904499	2.61127	1.01924	0.957806
1750000	-19.94671	0	-19.94671	0.184058	0.134489	0.152334	0.207073	0.205707	0.162086	0.845101	1.71226	1.46072
1760000	-17.9585	0	-17.9585	0.114379	0.125398	0.0807035	0.368409	0.164688	0.156024	1.0095	2.06046	1.83569
1770000	-18.30652	0	-18.30652	0.128892	0.146477	0.115251	0.190405	0.128957	0.131774	0.844659	0.506196	0.833586
1780000	-19.93931	0	-19.93931	0.152134	0.0935424	0.244073	0.384283	0.0992565	0.137916	2.54431	0.665594	1.60181
1790000	-19.61534	0	-19.61534	0.134724	0.0882756	0.0949896	0.0641935	0.076256	0.0781465	1.73655	1.14094	0.813315
1800000	-21.13228	0	-21.13228	0.178172	0.0926083	0.152897	0.156991	0.147502	0.254941	1.7821	1.65351	0.322501
1810000	-20.426	0	-20.426	0.120338	0.15791	0.21874	0.229051	0.134378	0.0819251	0.754872	0.0782316	0.392614
1820000	-26.7023	0	-26.7023	0.106646	0.189861	0.282527	0.242904	0.219908	0.212611	4.06711	2.26974	0.337682
1830000	-19.63066	0	-19.63066	0.183072	0.267438	0.190733	0.183383	0.167637	0.112739	1.64059	0.628432	0.650876
1840000	-22.63965	0	-22.63965	0.234011	0.0915541	0.235284	0.166	0.122469	0.146928	1.34821	3.21819	0.621031
1850000	-22.50652	0	-22.50652	0.0695127	0.0977954	0.142947	0.286699	0.240183	0.101924	1.98874	1.52795	0.131825
1860000	-20.09448	0	-20.09448	0.0997483	0.15909	0.129776	0.226586	0.198706	0.345628	0.177681	0.771057	1.17773
1870000	-25.59027	0	-25.59027	0.130067	0.0933984	0.282463	0.31589	0.067597	0.0904057	1.15124	0.230378	0.433062
1880000	-22.95188	0	-22.95188	0.0835949	0.203027	0.0959974	0.302091	0.0950065	0.213824	0.938232	1.21264	0.917803
1890000	-26.54607	0	-26.54607	0.0632921	0.294296	0.0744224	0.161871	0.223355	0.082042	5.63643	1.3654	0.342855
1900000	-21.63913	0	-21.63913	0.196487	0.152488	0.0556717	0.121084	0.12255	0.140376	1.77164	0.912871	0.435704
1910000	-22.52093	0	-22.52093	0.173868	0.17208	0.226114	0.360464	0.32708	0.214238	0.384305	1.03295	1.04092
1920000	-19.43773	0	-19.43773	0.0904462	0.143309	0.220572	0.14103	0.368436	0.121307	0.675726	2.05103	1.20569
1930000	-19.2389	0	-19.2389	0.105882	0.074848	0.214604	0.135738	0.127614	0.108531	1.92886	0.21212	0.80991
1940000	-18.4273	0	-18.4273	0.156314	0.244662	0.140209	0.238769	0.147953	0.119578	0.3012	0.700444	0.213053
1950000	-17.62033	0	-17.62033	0.0860165	0.15569	0.119692	0.184457	0.122142	0.082815	1.37743	0.736811	0.720248
1960000	-23.90903	0	-23.90903	0.0983323	0.288701	0.147072	0.0889766	0.246751	0.227027	0.560283	1.30339	0.779953
1970000	-25.24818	0	-25.24818	0.0981081	0.340347	0.157588	0.289662	0.161618	0.0305887	1.6365	0.29671	0.65336
1980000	-21.05652	0	-21.05652	0.129958	0.184007	0.300905	0.129948	0.328098	0.0824705	1.06591	0.267723	0.281895
1990000	-24.26394	0	-24.26394	0.190744	0.260342	0.0743929	0.313911	0.12236	0.0538729	2.68164	0.721728	0.0813499
2000000	-19.53002	0	-19.53002	0.153566	0.0906915	0.10283	0.142147	0.210946	0.0765716	2.47792	1.74305	0.158993
2010000	-16.91149	0	-16.91149	0.142964	0.213286	0.136733	0.221381	0.181042	0.103562	2.03799	1.55791	0.471417
2020000	-18.26341	0	-18.26341	0.152903	0.306252	0.121352	0.173953	0.310629	0.104589	0.932605	0.923951	1.15511
2030000	-22.00056	0	-22.00056	0.165143	0.0706862	0.190738	0.189883	0.127511	0.128954	5.85321	1.46586	0.269063
2040000	-24.07961	0	-24.07961	0.197075	0.141798	0.225696	0.175493	0.112565	0.298794	1.62645	0.200429	0.130217
2050000	-17.24541	0	-17.24541	0.0852565	0.161456	0.185721	0.216428	0.163387	0.0750457	1.96478	0.959999	0.992971
2060000	-23.71006	0	-23.71006	0.314176	0.468044	0.124603	0.161072	0.240924	0.182625	0.467376	0.569895	0.704502
2070000	-19.99265	0	-19.99265	0.173136	0.14878	0.370873	0.185027	0.196122	0.157244	2.82254	1.04134	1.36977
2080000	-19.81974	0	-19.81974	0.199906	0.140475	0.184343	0.180902	0.0862358	0.188195	0.658769	0.381891	1.23725
2090000	-19.28454	0	-19.28454	0.0975899	0.10494	0.296258	0.154608	0.0744161	0.157102	2.58436	0.322584	0.986771
2100000	-24.72761	0	-24.72761	0.148136	0.331131	0.0970064	0.584662	0.167986	0.120115	0.255662	0.297092	1.22563
2110000	-18.11673	0	-18.11673	0.149022	0.102462	0.235083	0.155635	0.152721	0.169397	0.774302	0.995984	0.962996
2120000	-18.34945	0	-18.34945	0.0869958	0.0934736	0.230439	0.283815	0.0754917	0.0891478	0.175437	0.896089	0.949746
2130000	-19.13489	0	-19.13489	0.23013	0.144896	0.237488	0.276939	0.157275	0.132457	0.990773	2.4713	0.264185
2140000	-21.36878	0	-21.36878	0.137779	0.283971	0.150769	0.182193	0.118254	0.0757784	2.13395	0.0986019	0.474431
2150000	-22.57837	0	-22.57837	0.18769	0.146922	0.140936	0.212334	0.147907	0.247645	0.220037	0.731136	0.444869
2160000	-18.60673	0	-18.60673	0.122231	0.155213	0.0891293	0.141076	0.102444	0.215905	2.5175	0.449706	0.382003
2170000	-16.27949	0	-16.27949	0.12056	0.174762	0.255141	0.230403	0.146879	0.192466	1.01609	1.1887	0.690719
2180000	-17.25858	0	-17.25858	0.119527	0.0628932	0.16221	0.185391	0.133593	0.231367	1.55551	1.98629	0.452067
2190000	-19.40861	0	-19.40861	0.0827327	0.188648	0.10145	0.272092	0.0608999	0.124651	0.499404	0.190796	0.420497
2200000	-24.49343	0	-24.49343	0.259342	0.0970573	0.199234	0.275603	0.145072	0.143321	3.86466	4.79688	0.667631
2210000	-22.24569	0	-22.24569	0.10802	0.174406	0.149814	0.472012	0.0463035	0.13259	1.35268	0.52201	0.326621
2220000	-21.48333	0	-21.48333	0.173125	0.165653	0.263729	0.272996	0.145495	0.246954	1.77171	0.364055	0.575446
2230000	-21.35399	0	-21.35399	0.142103	0.223727	0.141699	0.307539	0.215644	0.0642474	0.649428	1.19454	0.704331
2240000	-17.83112	0	-17.83112	0.136751	0.0589643	0.36826	0.179487	0.123221	0.216091	1.24123	0.960257	0.563754
2250000	-29.17375	0	-29.17375	0.0733173	0.104003	0.227503	0.351072	0.263238	0.479378	0.220935	2.24577	0.423037
2260000	-23.02079	0	-23.02079	0.347498	0.155416	0.280453	0.1072	0.226766	0.13604	0.785513	0.326593	0.877793
2270000	-24.54281	0	-24.54281	0.333964	0.0948468	0.246641	0.304389	0.244714	0.145719	3.16349	2.47586	0.527021
2280000	-19.93897	0	-19.93897	0.14641	0.160648	0.105546	0.338301	0.327905	0.109353	0.77269	1.40421	0.18457
2290000	-18.7779	0	-18.7779	0.0636561	0.142964	0.19282	0.159467	0.17215	0.076609	1.02112	0.406588	0.579691
2300000	-17.96093	0	-17.96093	0.121261	0.170339	0.202996	0.0725922	0.111219	0.13426	1.58712	0.370632	0.571966
2310000	-19.56949	0	-19.56949	0.0956299	0.124598	0.253348	0.0717561	0.161428	0.183748	0.547412	0.219782	0.79246
2320000	-19.21912	0	-19.21912	0.122951	0.0973506	0.166707	0.173942	0.299097	0.0817196	0.636828	0.216683	0.135618
2330000	-21.51524	0	-21.51524	0.0717947	0.195889	0.0729577	0.173222	0.3355	0.118539	2.15385	0.504796	0.768266
2340000	-25.81288	0	-25.81288	0.0664094	0.0947134	0.18949	0.180115	0.146046	0.147952	2.06176	0.115311	0.0432844
2350000	-22.90724	0	-22.90724	0.15634	0.0618547	0.0838523	0.219516	0.12379	0.136097	3.04254	0.148741	0.120285
2360000	-24.34495	0	-24.34495	0.227389	0.208403	0.127825	0.317389	0.373293	0.280199	0.64208	1.56825	0.517907
2370000	-21.85617	0	-21.85617	0.126845	0.19031	0.0550349	0.285975	0.155964	0.110963	0.700706	0.285941	0.0415672
2380000	-25.90268	0	-25.90268	0.1742	0.28596	0.175762	0.278462	0.0824779	0.196367	0.0910983	0.372822	0.2774
2390000	-21.10575	0	-21.10575	0.199365	0.204437	0.146068	0.206936	0.297507	0.0902962	1.45322	0.493846	0.882521
2400000	-20.6232	0	-20.6232	0.119591	0.0894169	0.271216	0.170509	0.207016	0.158085	3.39523	0.283919	0.557901
2410000	-22.29045	0	-22.29045	0.119027	0.213009	0.0724159	0.271679	0.0769647	0.140923	1.89714	0.349976	0.116092
2420000	-20.78359	0	-20.78359	0.352221	0.15863	0.0888163	0.313952	0.0925296	0.141674	2.51009	2.16687	0.857605
2430000	-27.28455	0	-27.28455	0.0851827	0.222762	0.333019	0.111249	0.174877	0.100274	5.45492	0.045659	0.380473
2440000	-17.22731	0	-17.22731	0.0854379	0.113454	0.216262	0.209717	0.254474	0.074094	1.39277	2.18943	0.431947
2450000	-17.34315	0	-17.34315	0.156193	0.0769533	0.13271	0.149759	0.152241	0.174756	0.925961	0.924742	0.635764
2460000	-18.3089	0	-18.3089	0.12203	0.129832	0.104876	0.25245	0.0994636	0.0543331	0.53303	0.56074	0.59312
2470000	-19.81863	0	-19.81863	0.17833	0.121363	0.189834	0.247491	0.0763445	0.121966	1.57137	2.09709	0.148398
2480000	-18.02085	0	-18.02085	0.0690875	0.180805	0.242622	0.322603	0.078419	0.0850455	1.36764	0.135449	1.01771
2490000	-20.45801	0	-20.45801	0.211289	0.329927	0.193594	0.227129	0.231864	0.163539	0.78141	0.275419	0.632902
2500000	-19.70658	0	-19.70658	0.106208	0.139152	0.201206	0.200947	0.174843	0.100811	1.24856	0.585766	1.79996
2510000	-23.36147	0	-23.36147	0.15419	0.0490715	0.244022	0.552441	0.238271	0.105307	0.340449	1.50812	0.221068
2520000	-19.10799	0	-19.10799	0.107243	0.163633	0.0837032	0.25632	0.0657997	0.132489	3.12559	0.922909	0.911276
2530000	-25.84214	0	-25.84214	0.444073	0.268468	0.169222	0.290577	0.173886	0.198004	1.40769	1.02017	0.546668
2540000	-18.09335	0	-18.09335	0.151259	0.14609	0.101416	0.110798	0.184507	0.0641219	0.648701	1.00359	1.08113
2550000	-23.13433	0	-23.13433	0.388886	0.0941893	0.105064	0.213377	0.0820621	0.0559889	0.138022	0.183533	0.705561
2560000	-16.49424	0	-16.49424	0.212173	0.106369	0.14586	0.267372	0.152073	0.133768	1.02645	1.99001	0.54245
2570000	-21.63878	0	-21.63878	0.119578	0.180638	0.205788	0.225375	0.278057	0.107589	2.60813	0.898387	1.11764
2580000	-22.61664	0	-22.61664	0.173201	0.279066	0.112838	0.158395	0.348723	0.103553	0.74459	0.829688	0.646268
2590000	-22.31055	0	-22.31055	0.166042	0.362495	0.117968	0.293771	0.154438	0.0595983	2.65966	0.321749	0.284706
2600000	-20.53926	0	-20.53926	0.0942652	0.354261	0.177005	0.242432	0.282793	0.110948	1.55396	1.4232	0.773595
2610000	-18.55879	0	-18.55879	0.108151	0.160403	0.164324	0.256625	0.115576	0.223508	1.81518	1.20894	0.17685
2620000	-24.40528	0	-24.40528	0.0651332	0.0859488	0.460564	0.259417	0.111335	0.14763	0.399232	0.111086	0.185482
2630000	-18.41503	0	-18.41503	0.143855	0.0784843	0.124073	0.273042	0.0476001	0.110007	1.3839	0.150631	0.910971
2640000	-27.34841	0	-27.34841	0.3177	0.084007	0.147925	0.382199	0.45754	0.1048	1.68699	3.61443	0.385396
2650000	-20.37184	0	-20.37184	0.143341	0.0945416	0.29509	0.184538	0.106924	0.273109	2.07299	2.00019	0.940304
2660000	-18.82258	0	-18.82258	0.0790941	0.271461	0.39511	0.138486	0.127168	0.157845	0.281286	0.292078	0.773153
2670000	-22.18023	0	-22.18023	0.140885	0.156347	0.269935	0.287035	0.288292	0.0996972	1.23608	3.46209	0.282666
2680000	-21.84193	0	-21.84193	0.0768608	0.156273	0.29492	0.552991	0.123237	0.261008	2.38313	0.279386	0.787516
2690000	-19.41087	0	-19.41087	0.197659	0.223987	0.0937376	0.186497	0.0905745	0.1834	0.410213	1.69521	0.310799
2700000	-15.8708	0	-15.8708	0.118356	0.0720071	0.328426	0.18538	0.107863	0.186876	0.970729	0.786817	0.988177
2710000	-19.63072	0	-19.63072	0.167029	0.084749	0.18707	0.232616	0.0907723	0.155091	3.01232	0.333415	0.685083
2720000	-25.34984	0	-25.34984	0.27191	0.379167	0.337426	0.20922	0.323608	0.143749	2.56166	0.882889	0.669919
2730000	-19.39718	0	-19.39718	0.0962732	0.0999099	0.165746	0.268977	0.133841	0.181798	0.359309	2.60371	0.166487
2740000	-18.18853	0	-18.18853	0.115682	0.130434	0.229207	0.315096	0.105531	0.266163	1.68295	0.36033	0.838814
2750000	-19.12351	0	-19.12351	0.178992	0.164219	0.103452	0.21715	0.0638624	0.0836153	0.355892	1.00908	0.515182
2760000	-21.51494	0	-21.51494	0.119719	0.16112	0.172046	0.334717	0.200347	0.0690332	0.768034	1.04445	0.655938
2770000	-25.65445	0	-25.65445	0.492688	0.0829094	0.174774	0.308997	0.075419	0.193435	4.3159	0.577035	0.343919
2780000	-16.81631	0	-16.81631	0.162637	0.141936	0.144974	0.110132	0.0888254	0.113414	1.70043	1.36949	0.506638
2790000	-21.4617	0	-21.4617	0.116804	0.182618	0.112346	0.229443	0.0477241	0.107605	2.44071	0.644997	0.782561
2800000	-21.44304	0	-21.44304	0.116618	0.278463	0.238748	0.292626	0.10881	0.105403	2.3379	1.60002	0.548478
2810000	-20.91759	0	-20.91759	0.239363	0.194285	0.116475	0.138728	0.125782	0.134707	0.535461	1.14321	1.19891
2820000	-26.13958	0	-26.13958	0.214479	0.408037	0.0774827	0.509986	0.0643007	0.0860324	1.13363	0.253098	0.833509
2830000	-22.16307	0	-22.16307	0.229888	0.0940771	0.209949	0.206604	0.11851	0.229909	1.73344	0.323111	0.768386
2840000	-20.34616	0	-20.34616	0.0998918	0.166682	0.11367	0.346232	0.096135	0.229164	0.392814	0.719967	0.292509
2850000	-24.92421	0	-24.92421	0.174432	0.0491538	0.220691	0.368634	0.140479	0.196151	0.66463	0.312672	0.608892
2860000	-21.7911	0	-21.7911	0.270812	0.171021	0.0945709	0.126183	0.178585	0.0802488	2.84955	0.579428	1.11177
2870000	-22.39956	0	-22.39956	0.158972	0.176762	0.17812	0.239795	0.26145	0.0772467	1.26247	0.612267	0.809156
2880000	-20.13607	0	-20.13607	0.162271	0.0976435	0.16079	0.467859	0.155226	0.18337	1.12273	3.126	1.15312
2890000	-19.29199	0	-19.29199	0.247902	0.208496	0.236057	0.147711	0.0977263	0.122385	0.806243	1.8314	0.665251
2900000	-19.75545	0	-19.75545	0.120734	0.186791	0.103276	0.333372	0.15813	0.0773007	2.92497	0.778293	0.684958
2910000	-18.70793	0	-18.70793	0.099609	0.0705332	0.0467355	0.205519	0.13899	0.100891	0.932716	1.80855	0.416063
2920000	-19.38039	0	-19.38039	0.0883273	0.115954	0.121286	0.129368	0.11339	0.106506	2.861	3.05186	0.540162
2930000	-20.96975	0	-20.96975	0.155832	0.12502	0.132187	0.259247	0.14563	0.151403	0.417996	0.169583	0.507162
2940000	-18.79812	0	-18.79812	0.12105	0.138072	0.161178	0.396833	0.104518	0.219271	1.52234	1.59618	1.12021
2950000	-19.18664	0	-19.18664	0.153576	0.229382	0.11919	0.17933	0.199432	0.160608	0.591075	1.32138	1.07054
2960000	-22.8311	0	-22.8311	0.125358	0.141151	0.0948007	0.215439	0.105646	0.317557	0.961303	0.776291	0.205731
2970000	-19.14327	0	-19.14327	0.102908	0.177285	0.260662	0.29318	0.0973083	0.0920376	2.98002	1.34105	0.739241
2980000	-20.066	0	-20.066	0.126281	0.215436	0.225361	0.555507	0.178758	0.133517	0.475125	0.278243	0.417593
2990000	-17.56536	0	-17.56536	0.0851013	0.124189	0.139923	0.248917	0.149857	0.213456	0.460739	0.433518	0.47117
3000000	-21.03443	0	-21.03443	0.19904	0.30997	0.199523	0.254719	0.12413	0.170721	1.67462	0.227462	0.159624
3010000	-24.14027	0	-24.14027	0.338431	0.206148	0.291807	0.133304	0.135565	0.307257	1.57154	1.01521	0.61512
3020000	-20.54014	0	-20.54014	0.0811444	0.218832	0.140775	0.351871	0.100669	0.0813689	0.749487	0.544183	0.602619
3030000	-37.31656	0	-37.31656	0.16383	0.413297	0.236363	1.45513	0.187243	0.0513771	1.85794	1.45728	0.77042
3040000	-21.20954	0	-21.20954	0.121675	0.177346	0.112626	0.231635	0.103656	0.142284	2.24265	2.15846	0.30073
3050000	-20.78844	0	-20.78844	0.303561	0.137024	0.125859	0.570939	0.195481	0.194626	0.598675	1.20376	1.32032
3060000	-21.42165	0	-21.42165	0.112982	0.15426	0.224098	0.853494	0.0467553	0.269722	2.1322	1.16097	0.867021
3070000	-22.62743	0	-22.62743	0.101256	0.217562	0.200899	0.192397	0.139227	0.0941841	1.76287	1.55593	0.114472
3080000	-20.67625	0	-20.67625	0.0652989	0.0817348	0.289666	0.183785	0.106009	0.186341	0.581428	0.380935	0.0688739
3090000	-18.29868	0	-18.29868	0.119856	0.0894749	0.218108	0.287017	0.149649	0.160093	0.896315	0.641448	0.281372
3100000	-19.73084	0	-19.73084	0.14122	0.203511	0.0994891	0.235614	0.266146	0.0694091	0.667098	0.712229	0.233434
3110000	-20.16428	0	-20.16428	0.110504	0.181586	0.0882779	0.220329	0.123823	0.0531128	1.51846	0.62392	0.19693
3120000	-19.68348	0	-19.68348	0.166145	0.098849	0.152176	0.290472	0.132195	0.0891537	1.33613	0.329335	0.363383
3130000	-23.94295	0	-23.94295	0.0977276	0.163909	0.295113	0.501005	0.214662	0.101273	1.91948	1.87476	0.104943
3140000	-21.75888	0	-21.75888	0.229643	0.0814792	0.327222	0.338455	0.0599347	0.20879	1.36103	1.31105	0.755802
3150000	-20.56936	0	-20.56936	0.123333	0.0944258	0.187327	0.202214	0.183155	0.151995	3.74954	1.98709	0.265571
3160000	-18.80542	0	-18.80542	0.0849523	0.16667	0.211249	0.336625	0.0903187	0.216622	1.21268	2.23593	0.995651
3170000	-23.0187	0	-23.0187	0.179123	0.135123	0.117639	0.118	0.0568911	0.0764471	3.96794	1.93043	0.65171
3180000	-20.11685	0	-20.11685	0.132062	0.0950559	0.273027	0.253305	0.0810082	0.0763242	2.03374	0.238419	0.545209
3190000	-22.9886	0	-22.9886	0.0955402	0.190945	0.13487	0.154684	0.0849964	0.187242	0.618043	2.17395	0.102887
3200000	-20.15636	0	-20.15636	0.106588	0.179685	0.373938	0.106709	0.111396	0.0746354	2.44531	0.871015	0.690316
3210000	-18.87794	0	-18.87794	0.118363	0.0647608	0.088754	0.323888	0.124664	0.11037	0.578143	1.02679	0.885136
3220000	-20.02418	0	-20.02418	0.0912276	0.172362	0.123307	0.230388	0.13437	0.0460435	0.488685	1.39166	0.436136
3230000	-17.31214	0	-17.31214	0.226389	0.196727	0.155212	0.196373	0.162314	0.13232	0.414604	0.641844	0.235505
3240000	-22.64579	0	-22.64579	0.0585206	0.176632	0.225877	0.0656287	0.0639582	0.194284	1.22553	1.5582	0.4274
3250000	-21.89262	0	-21.89262	0.137251	0.0572486	0.0824323	0.388161	0.139132	0.182163	2.64331	0.252628	0.920198
3260000	-17.27869	0	-17.27869	0.0983655	0.0929471	0.261481	0.161913	0.0945736	0.160558	1.39079	1.10181	0.796363
3270000	-21.0457	0	-21.0457	0.141937	0.150784	0.246687	0.236105	0.106966	0.148266	1.28822	0.227541	1.17218
3280000	-22.76103	0	-22.76103	0.198963	0.138186	0.479328	0.120975	0.163114	0.142582	0.48505	0.581251	0.460456
3290000	-18.8582	0	-18.8582	0.0949108	0.161565	0.168012	0.229272	0.139992	0.0379907	1.18253	1.2281	0.999774
3300000	-23.08042	0	-23.08042	0.0855677	0.0783218	0.34449	0.231388	0.105829	0.0732169	4.21179	0.168499	0.185629
3310000	-17.30123	0	-17.30123	0.114523	0.198952	0.139604	0.270851	0.132096	0.0961322	1.68138	0.361894	0.581878
3320000	-24.65886	0	-24.65886	0.327807	0.0735813	0.151553	0.196502	0.126786	0.232485	0.482516	3.36317	0.866363
3330000	-20.75355	0	-20.75355	0.179657	0.168002	0.219057	0.262167	0.129277	0.211365	2.67084	0.625203	0.229069
3340000	-22.94142	0	-22.94142	0.0642408	0.125451	0.0738049	0.171495	0.0879263	0.0960078	0.623928	1.05678	0.689998
3350000	-29.99774	0	-29.99774	0.0837291	0.158729	0.136039	0.325566	0.313747	0.0909815	0.889904	0.292897	0.00950161
3360000	-20.44259	0	-20.44259	0.187441	0.133002	0.0920446	0.0866644	0.180065	0.109184	3.30497	1.47057	0.559287
3370000	-22.04286	0	-22.04286	0.0542631	0.131056	0.155011	0.11112	0.182136	0.105233	1.47494	1.45447	0.258869
3380000	-19.43027	0	-19.43027	0.181913	0.103192	0.213938	0.286817	0.133308	0.110269	0.905149	0.180249	0.427583
3390000	-20.25081	0	-20.25081	0.0673765	0.0831129	0.100111	0.259026	0.155952	0.114706	0.868687	0.413682	0.747754
3400000	-23.09312	0	-23.09312	0.380368	0.231006	0.0785487	0.265248	0.225797	0.0969176	0.132628	0.178888	0.270874
3410000	-22.18675	0	-22.18675	0.138912	0.270276	0.29336	0.299916	0.115459	0.30284	1.34867	0.555564	0.993369
3420000	-23.73356	0	-23.73356	0.302732	0.290159	0.116825	0.144688	0.16465	0.0898245	1.23861	2.27999	0.393808
3430000	-22.33588	0	-22.33588	0.132352	0.284371	0.0843285	0.190352	0.0461835	0.0941876	3.54402	1.24887	0.52337
3440000	-21.56928	0	-21.56928	0.118207	0.0480698	0.250312	0.126111	0.110171	0.094056	1.0286	0.330871	0.0606477
3450000	-20.08426	0	-20.08426	0.138128	0.146441	0.230662	0.269864	0.141093	0.124033	1.5878	0.894442	0.184816
3460000	-23.07857	0	-23.07857	0.106025	0.143917	0.153505	0.418124	0.102045	0.0954834	0.173481	0.0761105	0.799072
3470000	-18.97319	0	-18.97319	0.119456	0.148583	0.124805	0.094375	0.17827	0.128681	1.74252	0.418532	0.209549
3480000	-23.78796	0	-23.78796	0.0464921	0.318269	0.121676	0.418925	0.069497	0.169292	1.83417	1.791	0.392852
3490000	-17.05436	0	-17.05436	0.0861262	0.1665	0.197303	0.292832	0.128573	0.0654588	0.90626	0.496658	1.07161
3500000	-22.1997	0	-22.1997	0.12537	0.123953	0.161797	0.318959	0.142243	0.133875	1.58595	2.63295	0.264836
3510000	-17.99786	0	-17.99786	0.150998	0.116311	0.111799	0.30361	0.0957831	0.194814	0.456387	0.0971798	1.47839
3520000	-19.41151	0	-19.41151	0.204203	0.133683	0.128511	0.271652	0.17584	0.0605114	0.991806	1.80235	0.655151
3530000	-25.32295	0	-25.32295	0.123412	0.138582	0.141797	0.369171	0.346109	0.229735	2.78916	0.17604	1.0862
3540000	-21.87058	0	-21.87058	0.102053	0.076873	0.126684	0.300582	0.158252	0.0874442	3.68	2.41632	1.44267
3550000	-22.72562	0	-22.72562	0.140354	0.0551657	0.17875	0.185671	0.339266	0.343205	0.624178	1.80783	0.671802
3560000	-18.64745	0	-18.64745	0.0768265	0.140545	0.144522	0.2407	0.140918	0.0959227	1.30062	2.84079	0.638988
3570000	-19.02752	0	-19.02752	0.107864	0.329593	0.0920674	0.22778	0.146081	0.0546857	0.626287	1.11067	0.878691
3580000	-19.10917	0	-19.10917	0.183721	0.203494	0.190618	0.308009	0.180216	0.174789	3.1557	2.25684	0.9857
3590000	-21.83803	0	-21.83803	0.121666	0.134486	0.294424	0.59059	0.138913	0.160043	2.95117	1.38121	0.443442
3600000	-19.0528	0	-19.0528	0.195812	0.296584	0.376894	0.251811	0.0831136	0.184691	0.596578	0.618563	0.537939
3610000	-20.37479	0	-20.37479	0.199973	0.205385	0.387403	0.109504	0.176148	0.199885	1.14467	0.940943	0.9594
3620000	-19.53029	0	-19.53029	0.210135	0.182643	0.248014	0.202883	0.162515	0.184236	2.00615	0.460274	0.320584
3630000	-21.60991	0	-21.60991	0.141727	0.0866373	0.110163	0.0972849	0.104061	0.198403	0.527257	1.26498	0.087185
3640000	-20.48216	0	-20.48216	0.147889	0.0573452	0.164566	0.151432	0.132714	0.192804	0.946221	0.940309	0.546031
3650000	-24.72214	0	-24.72214	0.0311483	0.251512	0.211008	0.414053	0.095004	0.0488549	2.3872	0.378815	0.544129
3660000	-19.77611	0	-19.77611	0.0824938	0.128033	0.219265	0.189093	0.145474	0.110251	1.81323	1.77799	0.135309
3670000	-25.57647	0	-25.57647	0.13752	0.153414	0.251674	0.714025	0.137661	0.131366	1.30603	0.0728053	0.109616
3680000	-21.06472	0	-21.06472	0.0927965	0.112954	0.118207	0.247512	0.130144	0.149923	2.74233	1.63827	0.334216
3690000	-19.09599	0	-19.09599	0.108257	0.204068	0.10324	0.132904	0.167559	0.198307	2.20889	0.779699	1.17655
3700000	-21.94295	0	-21.94295	0.0497275	0.225954	0.424477	0.212668	0.215121	0.108208	0.768844	0.456241	0.343593
3710000	-19.40943	0	-19.40943	0.127042	0.352871	0.299663	0.200435	0.126188	0.140192	0.299695	0.32786	0.562612
3720000	-28.13643	0	-28.13643	0.0929429	0.130402	0.294536	0.25442	0.149214	0.104294	2.45643	0.420765	0.059495
3730000	-19.07449	0	-19.07449	0.257117	0.0828335	0.167821	0.166536	0.146919	0.174513	1.71506	0.612227	1.61636
3740000	-22.23244	0	-22.23244	0.245596	0.060702	0.202894	0.334584	0.0916074	0.260811	2.1885	2.34513	0.811165
3750000	-17.05999	0	-17.05999	0.131389	0.0989085	0.102961	0.17275	0.160107	0.0754944	0.994119	0.760675	0.439489
3760000	-25.91956	0	-25.91956	0.203012	0.0877075	0.0886732	0.221779	0.140233	0.0660694	0.528239	0.111244	0.515055
3770000	-27.88465	0	-27.88465	0.259836	0.155518	0.0548014	0.249338	0.118046	0.110826	1.8333	1.07946	1.27916
3780000	-19.74802	0	-19.74802	0.162107	0.219218	0.180124	0.249243	0.231936	0.0604626	0.426521	1.03429	0.682134
3790000	-25.14669	0	-25.14669	0.199785	0.16392	0.253816	0.196434	0.0884737	0.0989319	8.99405	0.320676	1.05124
3800000	-21.1789	0	-21.1789	0.160459	0.277121	0.133048	0.333655	0.134338	0.0446161	2.44323	0.297463	0.410476
3810000	-21.6586	0	-21.6586	0.16303	0.348973	0.107169	0.30451	0.20374	0.0697293	0.713905	0.483499	0.254466
3820000	-21.01614	0	-21.01614	0.30532	0.158118	0.0887677	0.17941	0.152316	0.303591	1.05127	0.766756	0.85062
3830000	-27.24208	0	-27.24208	0.212113	0.22388	0.146828	0.140599	0.133562	0.0971825	4.35186	0.45813	0.103385
3840000	-20.96307	0	-20.96307	0.176279	0.0790246	0.255543	0.238568	0.102584	0.145411	4.65116	1.33512	1.13492
3850000	-21.32816	0	-21.32816	0.159151	0.230516	0.10861	0.473601	0.108212	0.0826166	1.76672	1.72475	0.546031
3860000	-18.3886	0	-18.3886	0.0878136	0.108827	0.116943	0.227306	0.0822657	0.101582	2.65332	1.51857	0.571453
3870000	-21.63371	0	-21.63371	0.0964548	0.275468	0.164238	0.0939426	0.128899	0.298152	3.85821	0.44865	0.46356
3880000	-24.98889	0	-24.98889	0.143575	0.215829	0.301515	0.151352	0.268574	0.199105	1.10861	3.9446	0.814848
3890000	-17.83464	0	-17.83464	0.170917	0.13204	0.155275	0.179894	0.119683	0.107613	1.17065	1.11825	0.74785
3900000	-21.19214	0	-21.19214	0.0773218	0.181202	0.310385	0.170482	0.185238	0.271242	1.47349	0.607515	0.304551
3910000	-20.05446	0	-20.05446	0.259955	0.140432	0.168023	0.140845	0.0970339	0.299447	2.37573	1.26091	0.316794
3920000	-16.13834	0	-16.13834	0.0678359	0.122451	0.152652	0.277344	0.163953	0.0898023	1.3081	1.01784	0.197023
3930000	-24.28537	0	-24.28537	0.0487665	0.262882	0.261741	0.354691	0.124337	0.185113	0.731289	0.0662494	1.1466
3940000	-20.73673	0	-20.73673	0.312816	0.0857481	0.170066	0.224441	0.174595	0.206788	3.35086	0.551006	0.473692
3950000	-27.71618	0	-27.71618	0.112996	0.0989892	0.248591	0.39869	0.188816	0.200705	0.996773	0.539195	0.526234
3960000	-22.56908	0	-22.56908	0.136311	0.0665694	0.145067	0.185435	0.190986	0.158982	3.03068	1.21068	0.761716
3970000	-21.15981	0	-21.15981	0.0748429	0.0983139	0.119157	0.100773	0.0893565	0.130186	0.384784	0.811295	0.351032
3980000	-19.53256	0	-19.53256	0.205011	0.183779	0.151186	0.23656	0.182501	0.126055	1.29543	0.552236	2.12508
3990000	-22.26791	0	-22.26791	0.108965	0.102493	0.517016	0.111783	0.118028	0.205181	0.559625	2.51192	1.86186
4000000	-19.3889	0	-19.3889	0.105255	0.261119	0.105782	0.129551	0.121903	0.0585472	0.994716	0.736115	0.466856
4010000	-20.36353	0	-20.36353	0.115471	0.175609	0.233084	0.318738	0.181188	0.283424	2.61797	0.503183	2.42287
4020000	-19.07039	0	-19.07039	0.1439	0.103503	0.207753	0.34808	0.114654	0.226407	3.371	1.57248	1.34218
4030000	-20.05463	0	-20.05463	0.113388	0.31543	0.213579	0.222064	0.125964	0.126595	0.281434	0.837513	1.78415
4040000	-17.73699	0	-17.73699	0.0845828	0.111205	0.117099	0.0994363	0.11355	0.0821439	0.367902	0.942991	0.796124
4050000	-21.8289	0	-21.8289	0.0874583	0.209394	0.14602	0.414458	0.17376	0.155998	0.770085	1.21142	0.584016
4060000	-17.37253	0	-17.37253	0.0909183	0.15157	0.27016	0.328119	0.218904	0.104401	1.47719	0.747229	0.67864
4070000	-22.85173	0	-22.85173	0.0968594	0.0617333	0.444316	0.201566	0.0993719	0.339151	0.750078	0.776382	0.540835
4080000	-17.98712	0	-17.98712	0.146152	0.195545	0.111772	0.21866	0.0555798	0.113143	1.59445	0.535352	0.142617
4090000	-20.47281	0	-20.47281	0.0823021	0.188252	0.306722	0.144582	0.130658	0.262551	1.87389	0.904077	0.121251
4100000	-19.75266	0	-19.75266	0.163518	0.157457	0.148958	0.1319	0.112694	0.129397	0.334992	1.7899	1.07423
4110000	-20.39789	0	-20.39789	0.121615	0.0590916	0.129715	0.305135	0.191296	0.0825611	3.29697	1.47387	1.04253
4120000	-22.23211	0	-22.23211	0.184126	0.0855557	0.121891	0.209506	0.0326289	0.10376	3.19589	2.09758	0.386352
4130000	-22.15223	0	-22.15223	0.137961	0.129542	0.0984702	0.36204	0.11015	0.313774	2.07656	0.458334	1.39947
4140000	-22.9525	0	-22.9525	0.172939	0.0914405	0.23824	0.336855	0.125275	0.188708	0.684966	0.11354	0.695052
4150000	-21.21822	0	-21.21822	0.124382	0.188315	0.160982	0.217891	0.078685	0.184437	4.11361	0.774432	0.402193
4160000	-16.61077	0	-16.61077	0.164048	0.153318	0.130455	0.19632	0.225502	0.228422	1.20997	2.08935	0.943948
4170000	-17.51239	0	-17.51239	0.0790644	0.114088	0.0788944	0.199042	0.055389	0.13559	0.706222	0.431392	0.094243
4180000	-18.14456	0	-18.14456	0.0697129	0.118935	0.183322	0.209893	0.207431	0.126092	0.93823	0.220673	0.148473
4190000	-15.78235	0	-15.78235	0.14077	0.11022	0.125985	0.216405	0.153537	0.0915414	0.922371	0.528046	1.95476
4200000	-25.41856	0	-25.41856	0.0488035	0.180734	0.225414	0.22166	0.0949048	0.242761	5.70871	0.908743	1.33872
4210000	-20.08324	0	-20.08324	0.208267	0.119594	0.188867	0.13496	0.0946079	0.193105	1.36139	0.254003	0.537699
4220000	-22.93098	0	-22.93098	0.251508	0.0690032	0.177021	0.422997	0.0405449	0.167369	2.33255	0.688702	0.473441
4230000	-19.93339	0	-19.93339	0.0894091	0.125413	0.179756	0.445231	0.113211	0.0714588	0.313098	0.182546	1.23608
4240000	-20.27157	0	-20.27157	0.073241	0.245576	0.193231	0.381166	0.139919	0.0765056	1.91595	0.21122	0.537803
4250000	-21.23179	0	-21.23179	0.0709692	0.0970307	0.0647742	0.230482	0.157289	0.101415	0.637144	0.251475	2.4636
4260000	-22.0194	0	-22.0194	0.282498	0.0641189	0.113523	0.24255	0.109294	0.107443	0.418447	0.599782	0.822051
4270000	-19.44652	0	-19.44652	0.113916	0.206975	0.219893	0.120332	0.201857	0.149043	3.85504	0.578181	0.586795
4280000	-18.57346	0	-18.57346	0.136213	0.125187	0.175887	0.166509	0.140488	0.0623542	2.02923	0.862557	1.1331
4290000	-18.05168	0	-18.05168	0.15558	0.217068	0.23528	0.273545	0.219115	0.146116	0.556005	2.58921	0.703949
4300000	-19.87779	0	-19.87779	0.226479	0.10526	0.139043	0.21444	0.104716	0.189285	2.57221	2.95363	0.588875
4310000	-25.0868	0	-25.0868	0.296509	0.175727	0.145882	0.355975	0.233969	0.0659659	2.9075	0.426973	0.448782
4320000	-23.21968	0	-23.21968	0.118804	0.349987	0.222697	0.227617	0.130015	0.0911734	4.0561	1.34161	1.34853
4330000	-19.3457	0	-19.3457	0.146055	0.134795	0.236149	0.365837	0.0935578	0.15161	1.87984	1.0205	1.99005
4340000	-23.80911	0	-23.80911	0.139465	0.263149	0.148939	0.357016	0.135954	0.166133	1.66395	0.363548	0.807765
4350000	-20.77496	0	-20.77496	0.0556549	0.173531	0.231721	0.217914	0.158607	0.121704	4.41002	0.633667	0.730595
4360000	-20.29714	0	-20.29714	0.111135	0.208789	0.294052	0.241102	0.184675	0.165014	1.61515	0.795764	1.61399
4370000	-18.95387	0	-18.95387	0.0747803	0.205926	0.137299	0.396178	0.195705	0.181715	0.82472	1.03831	0.329696
4380000	-18.12431	0	-18.12431	0.0959	0.0614892	0.133484	0.323641	0.0787946	0.153433	2.04898	0.905509	0.539121
4390000	-24.41477	0	-24.41477	0.591013	0.124101	0.19814	0.272566	0.194945	0.0882624	1.16413	0.480898	1.10089
4400000	-18.1605	0	-18.1605	0.0646193	0.123458	0.107948	0.1346	0.198023	0.0973263	0.83493	0.884437	0.200434
4410000	-24.68115	0	-24.68115	0.224435	0.0620876	0.0894815	0.284675	0.12301	0.1039	0.385387	1.61982	0.125309
4420000	-22.06035	0	-22.06035	0.154424	0.0961598	0.265424	0.194207	0.0897118	0.0900972	2.97794	0.445919	0.0883073
4430000	-19.29527	0	-19.29527	0.0877102	0.132071	0.187605	0.344316	0.17589	0.154955	1.62558	0.2697	1.11652
4440000	-20.07269	0	-20.07269	0.0912332	0.0915406	0.41955	0.284253	0.148992	0.125045	2.57566	0.735595	1.75112
4450000	-29.95846	0	-29.95846	0.0747356	0.0980141	0.193321	1.53739	0.13368	0.156978	1.15083	1.06283	1.11305
4460000	-18.11685	0	-18.11685	0.183986	0.281947	0.210456	0.173611	0.0879691	0.13066	2.31933	1.22839	0.428306
4470000	-19.45863	0	-19.45863	0.0887151	0.224259	0.10581	0.241825	0.250298	0.0820057	0.965688	0.571298	1.14647
4480000	-27.7943	0	-27.7943	0.112958	0.142425	0.10821	0.0948636	0.160849	0.243756	1.57967	6.08766	1.31331
4490000	-25.87179	0	-25.87179	0.143098	0.148401	0.224692	0.292013	0.0655697	0.0769786	3.17836	0.134799	0.432437
4500000	-27.40983	0	-27.40983	0.0440177	0.223015	0.148682	0.292811	0.0864886	0.163034	1.64533	0.410893	0.0414308
4510000	-24.13174	0	-24.13174	0.374963	0.0562108	0.133885	0.346057	0.10384	0.0923606	1.33236	0.854022	1.29746
4520000	-19.22464	0	-19.22464	0.246278	0.179344	0.153887	0.333384	0.141059	0.115517	1.39047	0.693499	0.51532
4530000	-20.31054	0	-20.31054	0.289952	0.179646	0.170256	0.194413	0.0817711	0.0505511	0.783	0.588166	0.383764
4540000	-19.7866	0	-19.7866	0.151791	0.16816	0.202243	0.312976	0.079729	0.0511846	0.356329	0.223329	0.68883
4550000	-22.87405	0	-22.87405	0.0799202	0.204603	0.316828	0.255867	0.225072	0.365622	1.1045	1.43672	0.121918
4560000	-16.54684	0	-16.54684	0.0910619	0.129282	0.138708	0.183242	0.181658	0.219512	0.922867	0.625317	1.65014
4570000	-23.42025	0	-23.42025	0.223902	0.134187	0.254895	0.181161	0.260708	0.0469012	1.47234	0.395811	0.924796
4580000	-24.62414	0	-24.62414	0.241565	0.129567	0.0792033	0.42574	0.0790577	0.324409	1.55222	2.63489	0.287884
4590000	-19.25386	0	-19.25386	0.218494	0.0711257	0.205871	0.225523	0.115415	0.160426	0.581666	2.09555	0.88094
4600000	-20.2417	0	-20.2417	0.0831541	0.157816	0.147318	0.392534	0.151615	0.156165	2.36651	0.457605	0.379246
4610000	-19.22861	0	-19.22861	0.103398	0.182991	0.396772	0.31126	0.0470916	0.156436	1.32607	0.482766	0.343554
4620000	-22.73758	0	-22.73758	0.0987742	0.0900288	0.065973	0.133527	0.0819764	0.0948005	0.790903	0.481759	1.9488
4630000	-23.21315	0	-23.21315	0.0719741	0.0622165	0.229126	0.301548	0.136309	0.213214	1.43294	0.280034	1.34973
4640000	-19.50151	0	-19.50151	0.0444403	0.246572	0.131691	0.28107	0.140235	0.0740041	2.56536	0.763468	0.419554
4650000	-17.9044	0	-17.9044	0.161387	0.104192	0.274948	0.305233	0.0603186	0.0515831	0.708848	0.148231	0.289266
4660000	-20.61624	0	-20.61624	0.168384	0.360071	0.119935	0.154468	0.241851	0.144445	0.587145	1.95382	0.765144
4670000	-18.49928	0	-18.49928	0.101804	0.123462	0.146498	0.109645	0.106939	0.0789502	0.754491	0.423524	0.371845
4680000	-22.74626	0	-22.74626	0.221877	0.115402	0.101654	0.176619	0.156915	0.190438	1.20458	4.98408	1.11433
4690000	-23.27454	0	-23.27454	0.203138	0.387773	0.162229	0.276351	0.208349	0.116221	2.05389	2.08797	0.384599
4700000	-17.95958	0	-17.95958	0.161378	0.178429	0.105794	0.315291	0.115443	0.093276	1.68586	0.49748	1.33287
4710000	-23.55619	0	-23.55619	0.178661	0.116326	0.12509	0.385079	0.211937	0.143347	2.85779	0.412746	1.98792
4720000	-18.95693	0	-18.95693	0.0579254	0.189892	0.185807	0.117964	0.164072	0.214872	2.29529	1.29538	1.03964
4730000	-18.11533	0	-18.11533	0.123751	0.105628	0.120811	0.188972	0.376277	0.156463	1.45619	0.364563	0.820263
4740000	-20.02276	0	-20.02276	0.120085	0.494529	0.280454	0.276754	0.109117	0.215648	0.849615	0.834395	2.0217
4750000	-19.21244	0	-19.21244	0.130505	0.156006	0.255177	0.0962302	0.131269	0.143102	1.89147	0.423142	1.03697
4760000	-23.81903	0	-23.81903	0.113299	0.471409	0.0855153	0.184727	0.158877	0.33767	1.77226	1.61074	0.608981
4770000	-20.02235	0	-20.02235	0.242232	0.220256	0.138789	0.170278	0.0895926	0.116231	0.606058	0.305852	1.4886
4780000	-17.61295	0	-17.61295	0.191601	0.118238	0.210154	0.215729	0.0983455	0.160534	2.50989	0.43415	2.02974
4790000	-28.74866	0	-28.74866	0.259958	0.143699	0.126397	0.290791	0.127615	0.162365	5.37426	2.78178	0.166374
4800000	-19.77413	0	-19.77413	0.132654	0.10145	0.182994	0.272944	0.144489	0.0955219	2.25609	0.219189	0.783508
4810000	-18.68513	0	-18.68513	0.117644	0.0796223	0.0612722	0.248998	0.106782	0.130279	1.17403	0.832338	1.23708
4820000	-20.77986	0	-20.77986	0.0783567	0.248137	0.114972	0.22869	0.12122	0.224015	0.994748	0.235991	0.36619
4830000	-24.32346	0	-24.32346	0.125672	0.203775	0.516736	0.549439	0.205462	0.120732	0.728357	2.33364	0.640498
4840000	-20.2288	0	-20.2288	0.0671655	0.0829733	0.189428	0.203717	0.387454	0.104816	0.839988	0.867259	2.30832
4850000	-19.82477	0	-19.82477	0.0799228	0.0784397	0.35397	0.155519	0.160129	0.260262	0.976289	1.42724	1.93567
4860000	-20.26387	0	-20.26387	0.0787006	0.100157	0.158907	0.169455	0.165797	0.0822371	1.12807	0.996988	4.16447
4870000	-21.84354	0	-21.84354	0.122068	0.0656197	0.0799931	0.324388	0.121547	0.0286976	0.559496	0.707962	0.084281
4880000	-18.25414	0	-18.25414	0.159613	0.080552	0.204833	0.322017	0.0473019	0.20461	1.26645	0.204616	2.47929
4890000	-22.78079	0	-22.78079	0.182201	0.0810643	0.150185	0.126518	0.10184	0.114017	0.520958	1.21829	0.0633545
4900000	-22.21976	0	-22.21976	0.171809	0.132227	0.721448	0.44031	0.13316	0.0822683	1.03203	0.312326	0.469228
4910000	-18.68792	0	-18.68792	0.203936	0.075935	0.165818	0.236115	0.0744184	0.113763	1.39523	0.274871	0.952123
4920000	-20.73347	0	-20.73347	0.10294	0.15013	0.228238	0.319439	0.116561	0.185947	2.09944	0.436897	0.179582
4930000	-22.23392	0	-22.23392	0.0557879	0.163084	0.108738	0.264392	0.180459	0.0892517	1.19288	0.5947	0.767908
4940000	-20.18287	0	-20.18287	0.0844002	0.0866073	0.166335	0.362452	0.162859	0.099729	0.635574	1.18149	0.350747
4950000	-29.23014	0	-29.23014	0.0843513	0.15555	0.175913	0.499481	0.112826	0.247613	4.0114	0.328341	0.0641143
4960000	-23.56262	0	-23.56262	0.218583	0.0931294	0.128987	0.111694	0.168615	0.118662	1.39073	0.452081	0.990312
4970000	-18.05916	0	-18.05916	0.116838	0.193849	0.165361	0.267562	0.164814	0.158503	0.74975	0.0828484	0.758936
4980000	-16.88537	0	-16.88537	0.124958	0.145439	0.268455	0.235339	0.129689	0.173019	2.30766	2.09265	0.970013
4990000	-21.87036	0	-21.87036	0.153146	0.264648	0.0913193	0.158488	0.166256	0.281385	0.872594	0.277457	1.13555
5000000	-20.62093	0	-20.62093	0.0972969	0.121309	0.188005	0.340058	0.246909	0.182034	1.57364	0.879424	0.885225
