Iteration	Posterior	Likelihood	Prior	lambda[1]	lambda[2]	lambda[3]	mu[1]	mu[2]	mu[3]	psi[1]	psi[2]	psi[3]
0	-28.68944	0	-28.68944	0.24273	0.0445014	0.185302	0.0882702	0.0746535	0.133451	1.27021	0.700014	0.634346
10000	-18.65846	0	-18.65846	0.0949111	0.147898	0.0824143	0.257251	0.100713	0.133133	1.1198	0.696653	4.02128
20000	-23.75447	0	-23.75447	0.0471252	0.22343	0.121375	0.111714	0.244363	0.173912	1.54758	3.94903	0.320096
30000	-25.37602	0	-25.37602	0.0940459	0.0747129	0.12471	0.639178	0.0964731	0.23425	0.733308	1.45396	0.480274
40000	-22.12555	0	-22.12555	0.268141	0.110135	0.0772929	0.14145	0.123479	0.127064	2.88203	1.88895	0.324972
50000	-20.0299	0	-20.0299	0.144151	0.130553	0.121107	0.14978	0.217609	0.0980071	1.71245	3.70781	0.393503
60000	-24.55732	0	-24.55732	0.456517	0.18784	0.167915	0.176208	0.236249	0.117325	1.12186	1.1133	0.962104
70000	-24.30827	0	-24.30827	0.236815	0.0871334	0.120402	0.289913	0.102534	0.0722227	0.105688	0.431897	0.13183
80000	-25.94327	0	-25.94327	0.0631337	0.588109	0.385632	0.281721	0.200358	0.169022	1.20083	1.41773	0.327808
90000	-17.97593	0	-17.97593	0.199042	0.150214	0.114782	0.125628	0.246783	0.127888	0.648324	0.871808	0.763311
100000	-17.48202	0	-17.48202	0.197707	0.173588	0.121576	0.121162	0.17995	0.120664	0.539277	0.813351	0.191287
110000	-16.41549	0	-16.41549	0.0581791	0.088306	0.274828	0.202781	0.0584916	0.083941	0.55111	1.20939	1.29286
120000	-23.07936	0	-23.07936	0.0644076	0.125753	0.134029	0.207546	0.275322	0.118968	0.557437	0.501997	0.535759
130000	-25.47039	0	-25.47039	0.0641161	0.329662	0.15318	0.274978	0.0876605	0.172138	0.803894	0.327604	5.07225
140000	-26.21555	0	-26.21555	0.157991	0.213363	0.30226	0.45745	0.304102	0.32899	2.91941	0.247656	0.595006
150000	-23.98548	0	-23.98548	0.293019	0.0871352	0.112413	0.156931	0.0722965	0.0644837	0.468603	1.49369	0.255992
160000	-19.38994	0	-19.38994	0.140502	0.13325	0.47752	0.14042	0.256752	0.108528	1.11455	1.9093	0.483548
170000	-18.92916	0	-18.92916	0.143562	0.104548	0.0975307	0.302659	0.185697	0.0467499	0.352341	0.38144	0.332562
180000	-18.13747	0	-18.13747	0.0884683	0.152341	0.416945	0.489212	0.135221	0.110081	0.64492	2.63429	1.42425
190000	-20.34062	0	-20.34062	0.172353	0.120627	0.221822	0.108646	0.293213	0.083201	0.716278	0.403463	0.786711
200000	-18.62776	0	-18.62776	0.0901589	0.120207	0.145311	0.170801	0.204123	0.0568924	2.00043	1.69995	1.54468
210000	-16.2617	0	-16.2617	0.133892	0.0860105	0.123284	0.29366	0.11018	0.156224	0.40246	0.530906	0.231611
220000	-20.76433	0	-20.76433	0.201634	0.188048	0.127313	0.245391	0.130961	0.0526161	0.431931	0.771561	0.0561396
230000	-20.21776	0	-20.21776	0.0918656	0.0540518	0.304322	0.255753	0.177691	0.0995099	0.614447	0.779352	0.620409
240000	-19.9633	0	-19.9633	0.177864	0.191335	0.277546	0.247764	0.1703	0.071029	0.348884	0.380199	0.438748
250000	-20.59005	0	-20.59005	0.0722051	0.0983518	0.0662891	0.332931	0.13749	0.319101	0.272984	1.39595	1.05283
260000	-22.43091	0	-22.43091	0.117834	0.162495	0.140038	0.271902	0.275914	0.0691839	1.5094	1.1159	0.89552
270000	-19.7057	0	-19.7057	0.121813	0.130801	0.280186	0.258403	0.206918	0.0863875	0.313656	0.729597	0.23267
280000	-24.92012	0	-24.92012	0.171481	0.14403	0.126151	0.200888	0.171879	0.0930652	6.01436	2.0959	1.1265
290000	-20.13881	0	-20.13881	0.0912725	0.101497	0.112273	0.334692	0.222251	0.0881901	1.25675	2.07498	1.09867
300000	-16.51531	0	-16.51531	0.0651681	0.189767	0.123359	0.33251	0.16259	0.0681647	0.638451	0.85827	1.78346
310000	-19.71208	0	-19.71208	0.0889227	0.222529	0.423802	0.153201	0.255001	0.105804	1.33686	1.35395	0.505486
320000	-18.04363	0	-18.04363	0.17569	0.100458	0.159995	0.559658	0.146641	0.135471	1.12727	1.04053	0.365651
330000	-18.4184	0	-18.4184	0.104376	0.124262	0.179094	0.36527	0.128628	0.0906118	0.606185	0.710797	0.514909
340000	-22.00623	0	-22.00623	0.137294	0.111222	0.100274	0.240184	0.106026	0.103189	1.87488	3.65404	1.83387
350000	-17.5833	0	-17.5833	0.0449454	0.110147	0.135798	0.326022	0.0973918	0.0741303	0.776963	1.00801	0.471049
360000	-17.57786	0	-17.57786	0.096166	0.125798	0.125143	0.393893	0.132233	0.0579082	0.531443	0.970933	1.25042
370000	-19.4102	0	-19.4102	0.08458	0.267685	0.186704	0.556574	0.106359	0.16749	1.32016	0.565066	1.27742
380000	-19.67561	0	-19.67561	0.225789	0.203846	0.139864	0.14961	0.187903	0.108887	2.8145	1.06171	0.952209
390000	-24.46047	0	-24.46047	0.120376	0.196068	0.110875	0.367271	0.106424	0.0233181	0.253933	1.75219	0.102491
400000	-25.10287	0	-25.10287	0.228139	0.0466691	0.113636	0.131245	0.13606	0.174374	0.0781213	1.20433	1.64502
410000	-19.24926	0	-19.24926	0.134704	0.185699	0.0990846	0.317057	0.103908	0.0895981	0.170583	1.40975	0.872037
420000	-21.40302	0	-21.40302	0.360194	0.203489	0.16521	0.282775	0.129873	0.144169	0.205884	0.562886	1.09009
430000	-18.02751	0	-18.02751	0.0742257	0.111019	0.0926549	0.428967	0.124466	0.0989268	1.14318	0.584373	1.13838
440000	-25.44581	0	-25.44581	0.0836906	0.228655	0.19494	0.319743	0.0799792	0.0211885	2.18048	1.26826	1.32893
450000	-20.2797	0	-20.2797	0.103733	0.0892883	0.129781	0.187756	0.30044	0.0680589	0.9516	0.668973	1.14157
460000	-20.75334	0	-20.75334	0.126612	0.192206	0.0809187	0.279257	0.162887	0.0873907	0.38307	1.52899	0.776035
470000	-16.4051	0	-16.4051	0.0686482	0.116056	0.126385	0.189016	0.237961	0.0730096	0.49273	1.44007	0.160558
480000	-20.91237	0	-20.91237	0.136922	0.174297	0.0630564	0.387501	0.140086	0.0787007	0.945108	1.14382	0.220545
490000	-30.63008	0	-30.63008	0.176149	0.078691	0.119597	0.398792	0.242948	0.142473	7.11276	0.728937	0.147562
500000	-22.01019	0	-22.01019	0.0668035	0.184731	0.0854983	0.281163	0.0722804	0.0499279	0.421805	1.01659	7.42487
510000	-24.49725	0	-24.49725	0.150416	0.0510973	0.160887	0.405553	0.0529967	0.280128	0.324117	1.52665	1.42502
520000	-22.06397	0	-22.06397	0.259458	0.301185	0.247057	0.224615	0.180797	0.130406	0.748635	1.64198	0.80936
530000	-20.10569	0	-20.10569	0.119441	0.0698777	0.0773117	0.309656	0.200162	0.111895	0.63297	2.22758	0.249609
540000	-20.15664	0	-20.15664	0.108243	0.0988498	0.163544	0.207677	0.14224	0.152575	0.543257	2.69062	0.237439
550000	-22.4954	0	-22.4954	0.0852225	0.082986	0.475087	0.0770986	0.153958	0.213414	1.2477	1.7183	0.223227
560000	-19.15292	0	-19.15292	0.215117	0.108505	0.143443	0.412929	0.122568	0.13677	1.39449	1.47611	0.144925
570000	-27.09235	0	-27.09235	0.388902	0.174105	0.220303	0.242696	0.191182	0.19566	1.35138	0.889438	1.06224
580000	-19.53592	0	-19.53592	0.10771	0.0939471	0.150813	0.494368	0.0887645	0.0896009	1.68799	1.589	0.691931
590000	-27.93451	0	-27.93451	0.142605	0.0789267	0.0908329	0.222054	0.177039	0.0927804	0.797177	2.37178	0.0359483
600000	-20.68531	0	-20.68531	0.109472	0.131277	0.158986	0.166011	0.0839771	0.127905	0.445458	2.29262	0.0627614
610000	-21.78613	0	-21.78613	0.184547	0.143024	0.203685	0.38126	0.0935044	0.164937	0.204847	0.194956	0.175398
620000	-19.79863	0	-19.79863	0.109643	0.0959795	0.184506	0.227079	0.37448	0.209288	2.0442	1.29528	0.848417
630000	-19.75508	0	-19.75508	0.0569522	0.133534	0.147291	0.520699	0.171498	0.142305	0.558052	0.536269	0.915862
640000	-18.09799	0	-18.09799	0.132309	0.115725	0.174901	0.154958	0.167073	0.0865355	3.17372	3.15298	0.991742
650000	-21.90226	0	-21.90226	0.142285	0.11361	0.235439	0.335957	0.162138	0.158004	0.521601	1.01948	0.176754
660000	-19.65605	0	-19.65605	0.126245	0.0856924	0.202248	0.274596	0.0640911	0.151151	0.464306	1.81314	0.484059
670000	-27.69456	0	-27.69456	0.111404	0.175488	0.086644	0.663243	0.14475	0.160443	1.169	4.33607	0.421271
680000	-20.20834	0	-20.20834	0.171211	0.0637883	0.131039	0.306053	0.0833687	0.132394	1.01508	0.985701	1.22506
690000	-19.12849	0	-19.12849	0.088262	0.186317	0.426031	0.215665	0.129075	0.162224	0.64454	0.890348	0.202666
700000	-24.68525	0	-24.68525	0.120903	0.0934807	0.236301	0.251208	0.239336	0.101554	0.936932	0.600093	1.95552
710000	-18.1221	0	-18.1221	0.134806	0.166699	0.152431	0.122844	0.131265	0.123425	0.945424	1.24202	1.88185
720000	-25.04814	0	-25.04814	0.0974851	0.0847219	0.439695	0.373747	0.118403	0.30362	4.24487	1.47141	0.205339
730000	-20.74439	0	-20.74439	0.0731535	0.193693	0.0784824	0.202961	0.171276	0.178655	2.27113	1.61077	0.86943
740000	-17.84079	0	-17.84079	0.0466198	0.108035	0.214861	0.102392	0.174339	0.108169	1.32925	0.898764	2.22458
750000	-24.81645	0	-24.81645	0.110439	0.115761	0.101944	0.0609173	0.134089	0.064486	3.90836	1.70196	0.0532907
760000	-24.98367	0	-24.98367	0.0963105	0.0699946	0.160023	0.191386	0.193187	0.0738292	7.68887	1.17603	0.797805
770000	-22.56823	0	-22.56823	0.174924	0.186658	0.198177	0.274548	0.149866	0.0785901	0.429806	0.216123	0.0775713
780000	-18.55386	0	-18.55386	0.125692	0.093287	0.226805	0.550457	0.153655	0.130795	2.36532	0.893616	0.500953
790000	-20.05741	0	-20.05741	0.0554401	0.205917	0.211962	0.443727	0.145883	0.114632	0.31589	2.00836	0.999388
800000	-21.81521	0	-21.81521	0.0637573	0.145142	0.136464	0.182418	0.175835	0.0463659	1.00195	3.10174	0.404423
810000	-19.2462	0	-19.2462	0.190218	0.122032	0.430758	0.213476	0.100214	0.0924345	0.686835	1.56291	2.26965
820000	-19.67636	0	-19.67636	0.220239	0.182883	0.183331	0.380048	0.147083	0.137728	0.120728	1.21204	0.878225
830000	-21.04493	0	-21.04493	0.0700266	0.081369	0.125086	0.198335	0.27129	0.197058	0.0691903	2.28168	1.17994
840000	-16.21887	0	-16.21887	0.119458	0.16773	0.115185	0.178898	0.103607	0.102228	1.05939	1.19765	1.86385
850000	-17.43965	0	-17.43965	0.183807	0.103521	0.11361	0.31205	0.185877	0.106163	0.858698	1.13325	0.992348
860000	-19.16348	0	-19.16348	0.15639	0.231319	0.12155	0.0912506	0.292674	0.120197	0.647573	1.47278	0.299833
870000	-21.29343	0	-21.29343	0.0849905	0.14195	0.0859299	0.541682	0.139935	0.0741427	1.89611	0.966134	0.17386
880000	-20.53129	0	-20.53129	0.119654	0.116885	0.196622	0.127258	0.0568025	0.122648	1.6439	2.24952	2.34877
890000	-23.96912	0	-23.96912	0.197491	0.0396673	0.37474	0.223988	0.16456	0.176963	0.168203	0.338303	0.263529
900000	-21.59944	0	-21.59944	0.0765911	0.153388	0.11431	0.578615	0.114825	0.0836122	0.603938	0.585298	0.342261
910000	-18.29402	0	-18.29402	0.108397	0.0855055	0.152947	0.262181	0.11101	0.0654287	0.520622	2.01442	2.45522
920000	-23.09256	0	-23.09256	0.0968839	0.0540091	0.134285	0.1327	0.096856	0.0785837	2.45942	2.40428	0.0847701
930000	-19.81859	0	-19.81859	0.102201	0.0318254	0.327789	0.311755	0.12316	0.273759	1.13525	1.10498	0.492728
940000	-29.38663	0	-29.38663	0.223044	0.0740701	0.127103	0.23464	0.2315	0.0726191	1.30165	1.64318	0.135695
950000	-18.41631	0	-18.41631	0.0663771	0.252344	0.174053	0.146999	0.11004	0.0711357	0.677591	1.35791	1.90573
960000	-18.8127	0	-18.8127	0.127443	0.0886593	0.32658	0.308968	0.328161	0.0576659	0.676753	1.76095	0.313784
970000	-20.13139	0	-20.13139	0.191876	0.172188	0.211666	0.352371	0.131361	0.0732641	0.257887	0.566313	0.47858
980000	-21.28213	0	-21.28213	0.0560241	0.0618595	0.13598	0.214722	0.266478	0.0919996	0.356265	0.566174	0.935245
990000	-27.01641	0	-27.01641	0.0920601	0.135606	0.288878	0.087219	0.143924	0.0638944	2.07089	1.0293	0.309428
1000000	-26.78234	0	-26.78234	0.450664	0.137742	0.181078	0.216042	0.271426	0.0811451	0.781946	1.12305	0.283572
1010000	-21.661	0	-21.661	0.121336	0.145468	0.136116	0.235986	0.0764303	0.131627	1.61044	0.915317	0.474743
1020000	-19.91373	0	-19.91373	0.212879	0.0745737	0.163604	0.431894	0.200896	0.10875	1.48739	0.862401	1.09716
1030000	-20.79143	0	-20.79143	0.1309	0.200447	0.0725306	0.507057	0.1168	0.137333	0.199082	0.376689	0.252625
1040000	-23.10669	0	-23.10669	0.0883038	0.0754542	0.274925	0.161099	0.101211	0.134987	1.11312	0.477554	0.0207709
1050000	-15.66084	0	-15.66084	0.130416	0.130243	0.197241	0.273606	0.181373	0.0844843	1.11686	1.98245	0.718009
1060000	-24.00065	0	-24.00065	0.101761	0.124219	0.241642	0.139842	0.204327	0.0784904	4.13819	1.71686	1.27619
1070000	-17.64154	0	-17.64154	0.237948	0.228245	0.1939	0.502162	0.182998	0.13594	0.474312	0.917947	0.594861
1080000	-20.72898	0	-20.72898	0.238106	0.223833	0.24946	0.38633	0.166855	0.110251	0.838514	1.03283	0.646459
1090000	-18.5581	0	-18.5581	0.183955	0.0985204	0.167661	0.181243	0.124279	0.22055	0.312619	1.08684	0.643505
1100000	-24.95197	0	-24.95197	0.0937957	0.091702	0.114918	0.226274	0.258771	0.0545334	1.66606	1.82787	0.151085
1110000	-17.2664	0	-17.2664	0.0940908	0.185948	0.295573	0.189454	0.129295	0.119384	2.30734	0.8672	2.20829
1120000	-18.88395	0	-18.88395	0.0804254	0.1896	0.117583	0.295803	0.269373	0.055655	0.450294	1.08779	0.991738
1130000	-19.45481	0	-19.45481	0.16888	0.160449	0.332483	0.162741	0.122534	0.141809	0.152892	2.95137	0.91725
1140000	-21.58529	0	-21.58529	0.0595776	0.115686	0.122018	0.522339	0.106168	0.0667447	0.229241	4.14312	0.869114
1150000	-17.68006	0	-17.68006	0.111879	0.0970415	0.16604	0.324402	0.195023	0.0608225	0.736581	0.560329	0.250688
1160000	-20.90878	0	-20.90878	0.076361	0.15014	0.177624	0.151581	0.201787	0.131227	0.620184	0.797129	2.61038
1170000	-21.13367	0	-21.13367	0.0708732	0.123767	0.142555	0.289954	0.127154	0.0822457	0.574569	3.94823	1.44771
1180000	-18.52211	0	-18.52211	0.13262	0.115745	0.198688	0.171187	0.166662	0.127554	0.469223	0.656453	0.165686
1190000	-17.8996	0	-17.8996	0.249175	0.169182	0.149696	0.197181	0.309269	0.101587	0.999891	1.62594	2.07751
1200000	-23.69542	0	-23.69542	0.254098	0.0891355	0.183691	0.310141	0.112009	0.0943121	0.274506	1.35572	0.0559649
1210000	-22.07622	0	-22.07622	0.0745871	0.307289	0.159018	0.31303	0.187892	0.145166	0.236235	3.38587	1.53861
1220000	-18.57482	0	-18.57482	0.10419	0.111926	0.277051	0.439578	0.126613	0.107837	1.07604	0.518269	0.113852
1230000	-21.06085	0	-21.06085	0.256841	0.180551	0.158128	0.12137	0.28202	0.0839462	3.43612	3.41755	1.33652
1240000	-22.02431	0	-22.02431	0.137241	0.138507	0.204737	0.420548	0.395078	0.0810367	1.55581	2.2678	0.21508
1250000	-15.82499	0	-15.82499	0.141005	0.0791562	0.236753	0.196516	0.125681	0.103384	0.453276	1.33614	2.7603
1260000	-28.71968	0	-28.71968	0.079679	0.273623	0.0581379	0.180062	0.167351	0.126408	2.05709	3.10404	3.08169
1270000	-16.87937	0	-16.87937	0.237581	0.165247	0.210953	0.252414	0.134091	0.125414	0.666967	0.70714	1.83445
1280000	-17.45941	0	-17.45941	0.270908	0.152798	0.139395	0.265584	0.107204	0.123574	0.980331	2.35254	2.95552
1290000	-22.45776	0	-22.45776	0.0750642	0.093745	0.0984472	0.295279	0.321597	0.0695892	1.43638	0.798435	0.0958547
1300000	-21.36834	0	-21.36834	0.034848	0.186423	0.125426	0.227584	0.180912	0.0945961	0.399767	0.320694	1.59153
1310000	-20.56666	0	-20.56666	0.0791703	0.160329	0.206616	0.323038	0.208902	0.0812786	0.797856	0.524774	1.03829
1320000	-24.43605	0	-24.43605	0.114353	0.219152	0.0938982	0.29996	0.0753643	0.0865576	0.602536	0.542484	7.68478
1330000	-22.12288	0	-22.12288	0.104724	0.0994181	0.205987	0.73289	0.0920258	0.0701262	0.663545	2.3417	0.570971
1340000	-23.26754	0	-23.26754	0.215866	0.326419	0.374671	0.353064	0.167856	0.0988473	0.457469	0.431133	0.489793
1350000	-26.02039	0	-26.02039	0.389798	0.0703002	0.180711	0.164085	0.0821431	0.0344162	0.306544	2.07917	0.373813
1360000	-18.70398	0	-18.70398	0.225467	0.0806273	0.133865	0.201393	0.138015	0.117422	0.32804	1.38187	1.60527
1370000	-19.80546	0	-19.80546	0.226437	0.115984	0.22552	0.279815	0.135451	0.131221	3.66504	1.56932	0.763536
1380000	-17.74399	0	-17.74399	0.11966	0.127443	0.0908542	0.189304	0.14028	0.0856609	0.40343	1.27429	0.226641
1390000	-22.02317	0	-22.02317	0.0990686	0.119582	0.410219	0.177691	0.0664031	0.155432	1.85661	3.54598	0.966734
1400000	-21.65133	0	-21.65133	0.167488	0.051319	0.270825	0.343103	0.105265	0.208601	0.989208	0.479827	0.378993
1410000	-20.51107	0	-20.51107	0.136058	0.170752	0.117739	0.154031	0.240335	0.0590329	2.13441	3.75361	0.759742
1420000	-18.46962	0	-18.46962	0.10126	0.150502	0.273321	0.21358	0.140956	0.122417	0.959609	1.17597	0.125722
1430000	-28.40579	0	-28.40579	0.0745143	0.170633	0.415542	0.20006	0.0716383	0.250079	0.466412	5.40248	0.268713
1440000	-19.03295	0	-19.03295	0.0514959	0.0679856	0.206764	0.404156	0.114895	0.0969335	0.664747	1.9547	0.209765
1450000	-19.9927	0	-19.9927	0.0876953	0.11885	0.147668	0.503105	0.103571	0.134831	0.495281	0.473661	0.601539
1460000	-17.18628	0	-17.18628	0.116523	0.239783	0.20314	0.251097	0.166118	0.102059	0.740667	1.6114	0.140287
1470000	-18.29748	0	-18.29748	0.0887057	0.21236	0.156941	0.392012	0.151755	0.116267	0.349007	2.00828	0.396893
1480000	-16.28978	0	-16.28978	0.0679463	0.164246	0.164275	0.471231	0.087561	0.0709509	1.40731	1.58202	2.37703
1490000	-19.0114	0	-19.0114	0.140849	0.207468	0.199794	0.162528	0.096085	0.0544784	0.665454	0.960538	0.906361
1500000	-24.23652	0	-24.23652	0.19719	0.26748	0.433564	0.492338	0.0966493	0.26558	0.307131	1.31036	0.634194
1510000	-17.54428	0	-17.54428	0.102317	0.0652428	0.145334	0.283775	0.167343	0.0489629	0.285686	0.620205	0.288989
1520000	-22.08841	0	-22.08841	0.0711844	0.215697	0.143253	0.258642	0.0658467	0.143867	0.305199	3.26183	2.1031
1530000	-22.28911	0	-22.28911	0.0727901	0.187332	0.143372	0.203365	0.241748	0.0514656	0.0775064	1.30025	0.526851
1540000	-25.72852	0	-25.72852	0.262471	0.0789429	0.539303	0.278634	0.263666	0.115324	3.21094	2.40926	0.40592
1550000	-21.6992	0	-21.6992	0.0767904	0.0781071	0.180079	0.31607	0.176989	0.111648	0.438818	3.03688	0.932261
1560000	-19.3029	0	-19.3029	0.0862961	0.16582	0.317171	0.13563	0.242599	0.11738	1.19234	0.949323	1.64891
1570000	-18.94598	0	-18.94598	0.10904	0.176238	0.188696	0.195876	0.144783	0.143169	3.03461	3.2117	0.376783
1580000	-20.21183	0	-20.21183	0.146232	0.11622	0.138233	0.196528	0.249831	0.107311	0.721053	1.72157	3.22352
1590000	-20.33616	0	-20.33616	0.326007	0.128481	0.256201	0.295634	0.0506154	0.180499	0.136732	0.744542	0.490218
1600000	-19.6397	0	-19.6397	0.0962588	0.211011	0.105339	0.32784	0.17453	0.121876	0.346869	0.947302	0.507422
1610000	-16.93242	0	-16.93242	0.0956479	0.113725	0.159202	0.42453	0.162569	0.092248	0.7607	0.802253	2.5988
1620000	-20.6419	0	-20.6419	0.0661758	0.155973	0.203852	0.129892	0.118611	0.0534442	1.26305	1.7808	2.93372
1630000	-25.62439	0	-25.62439	0.139043	0.149317	0.236714	0.405281	0.222356	0.242554	1.71926	2.56366	3.06759
1640000	-17.0049	0	-17.0049	0.158575	0.0767456	0.251246	0.129842	0.11694	0.081224	0.273348	1.89702	1.3259
1650000	-24.44957	0	-24.44957	0.0826543	0.0837211	0.20489	0.17366	0.0641402	0.12523	0.743048	6.49496	0.628386
1660000	-22.57412	0	-22.57412	0.0953746	0.183476	0.161601	0.351051	0.134678	0.0759042	0.217377	1.61886	5.03645
1670000	-19.48932	0	-19.48932	0.232731	0.0830393	0.136194	0.222324	0.227486	0.223544	0.333312	0.422335	0.644444
1680000	-27.34663	0	-27.34663	0.19589	0.217237	0.276178	0.0719474	0.218566	0.200685	0.0917761	1.78052	3.51803
1690000	-19.38401	0	-19.38401	0.115077	0.13383	0.0997294	0.231125	0.082498	0.133523	0.278292	1.52641	1.36572
1700000	-27.34992	0	-27.34992	0.0287637	0.290246	0.123901	0.0984674	0.149342	0.147626	0.895171	2.5253	0.124349
1710000	-18.16225	0	-18.16225	0.0911608	0.0705924	0.569081	0.167778	0.0710311	0.0955993	0.354606	0.200046	0.634344
1720000	-21.27838	0	-21.27838	0.184997	0.0933003	0.178495	0.234998	0.207613	0.0671643	1.17749	1.14464	0.693914
1730000	-20.65683	0	-20.65683	0.0633778	0.252176	0.117444	0.265513	0.0588573	0.090831	1.30418	1.47656	0.0750511
1740000	-18.68592	0	-18.68592	0.136109	0.175978	0.135705	0.419885	0.134208	0.101345	1.65412	0.642742	0.373186
1750000	-21.1629	0	-21.1629	0.0567492	0.0730237	0.106609	0.183409	0.331716	0.13526	4.50015	0.695541	1.00678
1760000	-16.44133	0	-16.44133	0.243554	0.0881993	0.217527	0.253025	0.0836375	0.0808611	0.108463	1.22454	0.670142
1770000	-22.88934	0	-22.88934	0.206252	0.127939	0.166904	0.184192	0.28975	0.139495	0.17378	1.92676	1.08096
1780000	-22.08278	0	-22.08278	0.135055	0.255235	0.197398	0.208046	0.123748	0.156971	1.05002	1.96164	0.695585
1790000	-22.14817	0	-22.14817	0.194258	0.249563	0.226816	0.418194	0.181758	0.108464	0.771375	1.16846	1.88873
1800000	-23.78216	0	-23.78216	0.122901	0.153205	0.131979	0.21243	0.0927823	0.084413	2.32773	2.83188	1.12979
1810000	-18.76461	0	-18.76461	0.126229	0.118746	0.294304	0.324261	0.264988	0.144031	1.49532	0.453704	0.473061
1820000	-18.68573	0	-18.68573	0.111651	0.142675	0.171914	0.2035	0.194213	0.09791	1.375	0.641895	0.181387
1830000	-24.15855	0	-24.15855	0.120039	0.128162	0.206802	0.285811	0.059921	0.254493	0.357076	0.0644976	1.69024
1840000	-24.16314	0	-24.16314	0.330195	0.282829	0.10876	0.309812	0.249481	0.134139	1.10281	1.11366	0.21692
1850000	-20.93373	0	-20.93373	0.0593648	0.105651	0.120242	0.0829448	0.207824	0.0633676	1.13278	0.930455	0.570502
1860000	-19.0577	0	-19.0577	0.106608	0.10339	0.240899	0.273375	0.167997	0.21824	1.07159	1.29425	0.438285
1870000	-18.92362	0	-18.92362	0.172037	0.155698	0.202777	0.155173	0.116388	0.101866	1.18279	2.59992	0.144909
1880000	-17.79562	0	-17.79562	0.0866743	0.0865408	0.238585	0.257497	0.168713	0.087567	2.26673	0.87624	0.305291
1890000	-23.55524	0	-23.55524	0.0791731	0.107268	0.0914196	0.246641	0.239486	0.164081	1.57078	0.390308	3.80834
1900000	-18.77492	0	-18.77492	0.182077	0.154693	0.16703	0.616885	0.102069	0.105827	0.603668	1.15012	0.478702
1910000	-21.60528	0	-21.60528	0.112432	0.196138	0.13325	0.167957	0.336241	0.132125	0.563807	2.04671	0.0774109
1920000	-14.56011	0	-14.56011	0.130984	0.210273	0.154445	0.278071	0.142997	0.102332	0.863772	1.0523	0.807365
1930000	-18.96545	0	-18.96545	0.113892	0.229714	0.148168	0.361551	0.167344	0.211397	0.143549	1.309	1.25404
1940000	-21.40493	0	-21.40493	0.102978	0.242931	0.133248	0.228578	0.228193	0.116357	0.481388	0.82589	0.411063
1950000	-21.82275	0	-21.82275	0.113433	0.0355349	0.164647	0.225956	0.182072	0.0834804	0.867449	1.62639	1.48554
1960000	-16.91137	0	-16.91137	0.0867205	0.0697971	0.139926	0.239023	0.132359	0.100434	2.27212	1.05503	0.980736
1970000	-21.46684	0	-21.46684	0.212086	0.231523	0.261654	0.261924	0.0896531	0.154717	1.44682	0.607169	0.514278
1980000	-21.81891	0	-21.81891	0.0792288	0.148701	0.363449	0.286451	0.264202	0.0713414	3.24729	1.43028	0.383039
1990000	-20.36182	0	-20.36182	0.112975	0.125765	0.127539	0.0750561	0.109362	0.117099	1.77161	1.90238	1.21255
2000000	-25.71971	0	-25.71971	0.150192	0.10685	0.240365	0.399157	0.0398803	0.101365	0.507704	2.07698	1.05577
2010000	-21.39066	0	-21.39066	0.13624	0.0882995	0.145711	0.200326	0.332442	0.13936	2.27855	1.20111	0.0688528
2020000	-19.55586	0	-19.55586	0.128001	0.211491	0.189349	0.172652	0.296987	0.15868	1.20934	0.97905	0.72375
2030000	-18.59886	0	-18.59886	0.128315	0.241391	0.0897585	0.315111	0.0957885	0.0618715	1.41534	0.580817	1.16029
2040000	-17.67142	0	-17.67142	0.0672392	0.153663	0.165121	0.235635	0.116678	0.132913	1.38173	0.886134	1.14435
2050000	-22.41826	0	-22.41826	0.0884749	0.10011	0.17891	0.217174	0.151615	0.209369	0.315674	3.24847	0.277228
2060000	-20.07906	0	-20.07906	0.0751781	0.0985339	0.0774932	0.183758	0.315603	0.082559	2.53067	0.945473	0.413985
2070000	-21.00556	0	-21.00556	0.0728251	0.177483	0.0483622	0.105885	0.26538	0.127615	1.83169	0.71224	1.24554
2080000	-20.07085	0	-20.07085	0.191613	0.253154	0.157419	0.282056	0.0970911	0.130255	1.90932	1.34517	0.460067
2090000	-26.00489	0	-26.00489	0.20358	0.265853	0.108362	0.427145	0.0994618	0.164755	0.22239	0.686642	0.166751
2100000	-20.7483	0	-20.7483	0.179869	0.0757995	0.168971	0.438596	0.104471	0.181846	1.43989	0.405304	0.678538
2110000	-22.16519	0	-22.16519	0.117562	0.0972947	0.115099	0.474593	0.154755	0.109885	1.09841	1.20504	0.309562
2120000	-24.69261	0	-24.69261	0.283145	0.0844826	0.076586	0.151992	0.247541	0.163068	3.20693	1.3645	0.681805
2130000	-20.09945	0	-20.09945	0.15993	0.0864833	0.211896	0.154579	0.156739	0.121168	0.373362	3.29584	0.29059
2140000	-25.66816	0	-25.66816	0.215375	0.175585	0.154707	0.523202	0.200194	0.149798	0.835104	2.06072	0.22794
2150000	-16.03067	0	-16.03067	0.12047	0.151336	0.207005	0.192025	0.121542	0.124743	0.279574	0.688096	0.78676
2160000	-28.48883	0	-28.48883	0.110777	0.0538017	0.213953	0.620279	0.133764	0.142308	1.81691	2.7322	0.114702
2170000	-17.31841	0	-17.31841	0.0967778	0.153549	0.133487	0.209527	0.0904097	0.103001	0.608684	1.32208	0.151115
2180000	-18.2656	0	-18.2656	0.0758253	0.156183	0.2605	0.419055	0.0733679	0.0632052	0.386041	0.688096	0.416596
2190000	-18.52125	0	-18.52125	0.208875	0.0936502	0.157555	0.305433	0.0561495	0.0377226	1.1085	1.45093	1.26029
2200000	-24.97985	0	-24.97985	0.0970992	0.0997212	0.204436	0.35079	0.301358	0.0881138	0.869598	0.97263	0.175504
2210000	-16.49143	0	-16.49143	0.12232	0.197301	0.118213	0.372311	0.151712	0.104829	1.28079	0.776467	1.21083
2220000	-27.80215	0	-27.80215	0.288642	0.279254	0.0552597	0.177613	0.21827	0.0285237	0.617839	0.909525	1.9633
2230000	-17.28199	0	-17.28199	0.0821485	0.132002	0.192515	0.201615	0.144386	0.0985744	0.992347	1.51248	0.575849
2240000	-19.90404	0	-19.90404	0.190914	0.0915683	0.13437	0.160754	0.168748	0.239249	1.34024	0.665112	3.79078
2250000	-21.49344	0	-21.49344	0.159087	0.165187	0.128544	0.22833	0.098185	0.212085	0.474499	1.698	0.33452
2260000	-24.47207	0	-24.47207	0.257499	0.0828253	0.0514824	0.478357	0.186355	0.0679271	3.47164	1.1785	0.164494
2270000	-20.4306	0	-20.4306	0.0886469	0.236878	0.210783	0.243707	0.209837	0.0768816	4.5219	2.28995	0.564788
2280000	-20.63108	0	-20.63108	0.216149	0.0794123	0.100705	0.380606	0.0605985	0.0915433	0.692027	2.99258	0.0542537
2290000	-29.68395	0	-29.68395	0.11619	0.142185	0.0825001	0.0652687	0.078477	0.21917	1.99222	1.80377	0.0627269
2300000	-19.74387	0	-19.74387	0.107085	0.281996	0.108537	0.172237	0.0714483	0.112365	0.206385	1.03347	0.348374
2310000	-22.85154	0	-22.85154	0.0751432	0.0806839	0.212974	0.0606463	0.112066	0.119329	0.416811	0.662386	0.100769
2320000	-20.86853	0	-20.86853	0.07889	0.187991	0.146424	0.123405	0.155918	0.114538	1.65189	1.1436	1.56611
2330000	-26.20539	0	-26.20539	0.115991	0.146901	0.038668	0.308531	0.225994	0.086361	1.18331	2.27501	0.35337
2340000	-17.0808	0	-17.0808	0.107655	0.0954435	0.407096	0.0999727	0.121955	0.123276	1.53822	0.946987	0.427258
2350000	-21.59361	0	-21.59361	0.229766	0.246787	0.480425	0.228844	0.192997	0.191777	1.48841	0.352323	0.758659
2360000	-18.62388	0	-18.62388	0.0574694	0.0810541	0.371278	0.236639	0.136952	0.251472	0.13194	0.430561	0.274434
2370000	-20.66114	0	-20.66114	0.191773	0.134965	0.355697	0.252402	0.375962	0.114556	2.66691	1.10578	0.605984
2380000	-17.56768	0	-17.56768	0.175158	0.171796	0.255782	0.123363	0.21704	0.181442	0.843688	1.02412	0.439591
2390000	-19.12374	0	-19.12374	0.0849803	0.257624	0.349181	0.272755	0.040539	0.117447	0.199239	1.68557	1.68128
2400000	-19.57182	0	-19.57182	0.100533	0.190812	0.250473	0.201656	0.100683	0.130879	1.82585	4.89217	0.788981
2410000	-24.64958	0	-24.64958	0.16161	0.250163	0.100473	0.232843	0.331111	0.0689544	2.00058	2.26503	0.23442
2420000	-24.20947	0	-24.20947	0.0693901	0.224104	0.215924	0.141479	0.172744	0.108608	3.09034	1.36636	0.440675
2430000	-25.03774	0	-25.03774	0.188107	0.0954105	0.0936862	0.318327	0.146976	0.152987	1.37815	2.1305	0.154256
2440000	-17.74602	0	-17.74602	0.126496	0.249492	0.165097	0.198473	0.306077	0.0791844	1.29782	0.67876	0.562833
2450000	-19.36704	0	-19.36704	0.0769311	0.0594179	0.154142	0.256782	0.0966333	0.0639164	0.163611	0.753972	0.0414457
2460000	-18.86235	0	-18.86235	0.0989296	0.106904	0.120222	0.248391	0.0708136	0.0937936	1.13589	1.50548	0.573323
2470000	-20.2635	0	-20.2635	0.132649	0.11507	0.217105	0.42007	0.129663	0.147049	0.445769	3.02075	0.836436
2480000	-18.47619	0	-18.47619	0.0914259	0.15646	0.126157	0.335066	0.056443	0.155665	0.52415	1.90167	0.575312
2490000	-25.18234	0	-25.18234	0.110391	0.0841918	0.121009	0.223265	0.195541	0.067266	0.310113	3.29599	0.144867
2500000	-23.18263	0	-23.18263	0.149339	0.151639	0.105665	0.516881	0.135691	0.195561	0.582307	0.751316	1.25388
2510000	-14.58599	0	-14.58599	0.147276	0.149849	0.221059	0.150508	0.0770977	0.0967067	1.09153	0.953701	0.758458
2520000	-17.39998	0	-17.39998	0.124322	0.164577	0.161541	0.357268	0.204382	0.0889311	1.40158	1.00334	0.672282
2530000	-25.33826	0	-25.33826	0.11308	0.229847	0.122771	0.115386	0.131422	0.159467	6.66659	3.05079	0.341294
2540000	-19.38634	0	-19.38634	0.146895	0.0930754	0.135835	0.399737	0.075997	0.0653869	1.14623	1.46745	0.413213
2550000	-20.02703	0	-20.02703	0.0919658	0.165915	0.138633	0.183402	0.117892	0.0790355	0.48142	2.3774	2.543
2560000	-20.47501	0	-20.47501	0.0917032	0.212918	0.22921	0.215563	0.235932	0.106281	0.160401	0.888493	1.06026
2570000	-17.68285	0	-17.68285	0.172909	0.102613	0.176325	0.2416	0.289764	0.0547548	0.686438	0.373709	0.208423
2580000	-24.93024	0	-24.93024	0.131308	0.496578	0.233986	0.18369	0.176797	0.112476	1.91787	1.17587	4.02133
2590000	-19.65754	0	-19.65754	0.19289	0.135242	0.205164	0.288946	0.183028	0.227356	0.384824	0.84658	0.954298
2600000	-22.64662	0	-22.64662	0.140559	0.12873	0.16937	0.431624	0.316638	0.053309	1.64332	0.965255	1.89469
2610000	-19.87235	0	-19.87235	0.0819068	0.0988914	0.181727	0.135596	0.217962	0.0910226	1.02232	0.781848	0.192148
2620000	-24.69158	0	-24.69158	0.205135	0.119704	0.227376	0.148309	0.23214	0.158724	0.0731156	1.00538	0.314729
2630000	-21.15877	0	-21.15877	0.107161	0.303158	0.383339	0.0985559	0.087303	0.0765069	0.941304	1.19477	0.548998
2640000	-20.65545	0	-20.65545	0.181926	0.101958	0.131474	0.125804	0.304177	0.0776838	1.66518	1.2592	0.483838
2650000	-20.6676	0	-20.6676	0.145206	0.164238	0.20289	0.372117	0.256261	0.0412568	1.58191	2.44667	0.715389
2660000	-24.01318	0	-24.01318	0.177524	0.315533	0.178302	0.109905	0.192757	0.0389568	1.55394	3.62333	0.93015
2670000	-19.2948	0	-19.2948	0.155613	0.134347	0.265295	0.245905	0.235832	0.10793	0.918227	0.968805	0.157473
2680000	-17.63797	0	-17.63797	0.146326	0.191285	0.282666	0.228666	0.249353	0.111445	1.2499	1.18957	1.26265
2690000	-17.63451	0	-17.63451	0.0798182	0.211785	0.358848	0.249093	0.126297	0.178266	1.57215	1.54443	1.03067
2700000	-18.47755	0	-18.47755	0.111569	0.153872	0.282012	0.378237	0.0836909	0.0970301	0.0479792	0.306355	1.17613
2710000	-28.5958	0	-28.5958	0.146908	0.183392	0.124937	0.491896	0.0922432	0.0641679	0.738245	2.60784	2.46712
2720000	-18.26948	0	-18.26948	0.130066	0.121721	0.162036	0.286278	0.202204	0.0507122	1.4111	2.25053	0.226866
2730000	-18.82334	0	-18.82334	0.0604162	0.157561	0.100385	0.150227	0.0976473	0.115347	2.43292	1.28485	1.27033
2740000	-17.58413	0	-17.58413	0.266622	0.112106	0.117002	0.345919	0.162132	0.0923438	0.83586	0.71593	1.42713
2750000	-29.52237	0	-29.52237	0.166109	0.165843	0.0474924	0.670261	0.443959	0.0801378	0.543003	0.473507	1.82679
2760000	-19.91289	0	-19.91289	0.0676528	0.0591512	0.183914	0.193162	0.318337	0.130897	1.09557	2.37155	1.38776
2770000	-21.10821	0	-21.10821	0.113883	0.146165	0.358179	0.344341	0.322799	0.0755585	1.06148	1.43532	0.372394
2780000	-24.07699	0	-24.07699	0.22439	0.426821	0.186674	0.222502	0.0801627	0.110672	1.86774	1.27011	1.54179
2790000	-23.13822	0	-23.13822	0.13176	0.0880389	0.28614	0.245495	0.278973	0.135118	4.90939	2.12979	0.136348
2800000	-23.78995	0	-23.78995	0.168124	0.158426	0.0783419	0.196852	0.20441	0.0603318	1.43823	1.54333	0.101047
2810000	-22.26385	0	-22.26385	0.156707	0.117564	0.0923377	0.189894	0.145912	0.107846	1.13395	1.87842	0.502062
2820000	-23.4831	0	-23.4831	0.19257	0.369825	0.253531	0.265337	0.193206	0.0364227	0.880098	2.65134	1.74149
2830000	-18.83771	0	-18.83771	0.0869955	0.153232	0.427487	0.171936	0.0686066	0.0725578	1.18168	0.682779	0.49881
2840000	-18.91206	0	-18.91206	0.203145	0.134069	0.146844	0.241636	0.230589	0.115695	2.76924	1.25446	0.251386
2850000	-20.34464	0	-20.34464	0.120495	0.118276	0.262266	0.245216	0.213017	0.150925	2.39545	1.1428	1.13115
2860000	-24.50215	0	-24.50215	0.327637	0.139869	0.154452	0.295497	0.120744	0.121358	0.411664	1.34043	0.228971
2870000	-21.07616	0	-21.07616	0.125416	0.0911581	0.145991	0.310674	0.107665	0.108302	4.03647	0.302752	0.585257
2880000	-21.00465	0	-21.00465	0.0938889	0.0577956	0.253305	0.117179	0.122188	0.111187	0.452358	0.892399	3.07376
2890000	-18.9187	0	-18.9187	0.0605306	0.119952	0.20686	0.336623	0.189388	0.0981482	1.28757	2.14044	0.291006
2900000	-21.17544	0	-21.17544	0.11417	0.150894	0.110174	0.272195	0.160845	0.0873652	0.597152	0.473691	0.233551
2910000	-15.32702	0	-15.32702	0.120943	0.141066	0.10896	0.419591	0.0651581	0.0867876	0.414761	0.831198	0.44714
2920000	-21.67655	0	-21.67655	0.154641	0.128719	0.0729533	0.34426	0.146885	0.0762758	0.350991	0.353089	0.116756
2930000	-22.5554	0	-22.5554	0.0920297	0.204791	0.234163	0.651275	0.0844867	0.0586717	0.56793	1.09066	0.0840688
2940000	-22.76024	0	-22.76024	0.139901	0.208712	0.111431	0.553866	0.131408	0.123481	0.19419	0.705113	0.214439
2950000	-20.77999	0	-20.77999	0.101784	0.187765	0.100771	0.15926	0.170374	0.0648666	0.723199	1.8896	0.138097
2960000	-21.17696	0	-21.17696	0.14002	0.076288	0.185383	0.181402	0.0620597	0.281967	1.40377	0.728748	0.440313
2970000	-18.82052	0	-18.82052	0.0915616	0.21065	0.206689	0.126561	0.315955	0.234119	0.402269	0.931826	1.24561
2980000	-15.92648	0	-15.92648	0.141629	0.129549	0.125624	0.154397	0.118731	0.0679922	1.14225	0.773594	0.884479
2990000	-17.79494	0	-17.79494	0.112367	0.194634	0.261092	0.216607	0.10207	0.111996	0.94695	0.985673	0.168754
3000000	-18.73982	0	-18.73982	0.0945303	0.127665	0.103932	0.21306	0.112634	0.0788891	1.14449	2.62977	1.64125
3010000	-21.38481	0	-21.38481	0.0821966	0.106319	0.082925	0.815213	0.160958	0.149986	0.472265	1.30543	0.485853
3020000	-21.47787	0	-21.47787	0.135367	0.17905	0.246105	0.169781	0.365885	0.123079	1.43837	2.15874	2.54066
3030000	-25.43613	0	-25.43613	0.151885	0.278812	0.198554	0.258653	0.249139	0.0269227	0.929475	4.56049	1.3204
3040000	-26.06551	0	-26.06551	0.265787	0.348629	0.12096	0.472772	0.153683	0.124857	0.133333	4.52621	1.96518
3050000	-15.87856	0	-15.87856	0.166969	0.118468	0.354774	0.141173	0.132713	0.104773	0.857857	1.7055	0.727689
3060000	-27.76045	0	-27.76045	0.24023	0.218065	0.0947522	0.351754	0.0976987	0.138978	0.166495	0.887131	1.14195
3070000	-22.81323	0	-22.81323	0.214617	0.037419	0.167619	0.138961	0.10034	0.128122	2.29718	0.865724	0.188918
3080000	-23.94485	0	-23.94485	0.144606	0.336756	0.265653	0.272729	0.407104	0.124271	0.655192	1.13651	0.225134
3090000	-24.88136	0	-24.88136	0.0896762	0.328033	0.165397	0.289168	0.107808	0.134527	3.43377	4.09609	0.674444
3100000	-26.58767	0	-26.58767	0.270615	0.362124	0.0694546	0.327403	0.135488	0.0428805	0.829723	2.82944	0.266033
3110000	-16.20598	0	-16.20598	0.0702087	0.135813	0.22447	0.217185	0.0967968	0.0760272	0.95274	0.392606	0.646302
3120000	-20.727	0	-20.727	0.170167	0.0867103	0.181256	0.159575	0.150354	0.10503	0.360826	5.35762	0.927493
3130000	-18.85442	0	-18.85442	0.0681739	0.0675622	0.124174	0.142785	0.224928	0.118193	0.635275	0.672863	0.636046
3140000	-21.67589	0	-21.67589	0.0575171	0.183618	0.184185	0.200792	0.0461758	0.14263	2.03052	0.899948	4.18881
3150000	-24.39286	0	-24.39286	0.0306134	0.0420768	0.245901	0.278042	0.0947425	0.139234	1.27802	0.756679	1.31683
3160000	-24.64395	0	-24.64395	0.196904	0.318866	0.0856525	0.782381	0.117376	0.0453906	0.305596	0.901273	2.89914
3170000	-24.58072	0	-24.58072	0.0871209	0.0515611	0.205558	0.0672806	0.264608	0.0766619	0.918695	0.521561	0.116114
3180000	-29.855	0	-29.855	0.374512	0.0636534	0.0558495	0.0812767	0.0967162	0.0424105	0.822079	1.59808	0.091403
3190000	-17.42424	0	-17.42424	0.145729	0.157109	0.112137	0.314418	0.243014	0.0821498	0.280384	0.61478	1.38368
3200000	-19.39105	0	-19.39105	0.0982534	0.0981714	0.24255	0.285182	0.167744	0.0688234	2.78683	0.709692	0.406274
3210000	-22.7839	0	-22.7839	0.110035	0.0895149	0.123558	0.24404	0.136767	0.183296	3.11534	0.969826	1.06889
3220000	-24.56384	0	-24.56384	0.0714569	0.0469045	0.122307	0.39984	0.0533416	0.0480487	0.612984	3.03354	0.630056
3230000	-23.27341	0	-23.27341	0.129251	0.0954098	0.220104	0.234816	0.176884	0.12369	0.191527	1.24408	0.0522652
3240000	-20.14986	0	-20.14986	0.127922	0.255099	0.151465	0.332111	0.136306	0.0932166	1.13548	0.992606	0.499361
3250000	-19.70632	0	-19.70632	0.055821	0.0619335	0.320462	0.392629	0.218368	0.143555	0.765159	2.00337	0.895196
3260000	-21.64444	0	-21.64444	0.124167	0.178446	0.125497	0.811999	0.112601	0.0474135	0.730253	0.800278	0.770053
3270000	-23.80607	0	-23.80607	0.123823	0.168064	0.262242	0.292928	0.152682	0.053568	1.4436	2.26761	1.72456
3280000	-16.91716	0	-16.91716	0.15821	0.150714	0.197879	0.406739	0.0746891	0.0976386	0.16088	0.598031	2.20638
3290000	-22.59044	0	-22.59044	0.153013	0.115455	0.0506883	0.170341	0.101134	0.0823222	1.10292	1.40784	1.33257
3300000	-25.10188	0	-25.10188	0.107225	0.195438	0.184097	0.224064	0.499801	0.0978162	0.594423	5.49307	0.129671
3310000	-19.9741	0	-19.9741	0.192566	0.112802	0.119056	0.171309	0.0980711	0.0452086	0.570716	0.357877	0.808825
3320000	-18.69495	0	-18.69495	0.129751	0.0796648	0.269989	0.139551	0.232754	0.141369	1.20257	2.72099	1.19902
3330000	-25.0543	0	-25.0543	0.250021	0.0737984	0.188383	0.153629	0.0420318	0.137781	2.11969	1.85881	0.0906185
3340000	-17.81859	0	-17.81859	0.123184	0.170539	0.081608	0.224899	0.103576	0.113797	1.70648	0.423535	1.2005
3350000	-18.19345	0	-18.19345	0.09408	0.170084	0.150367	0.116418	0.213027	0.0640252	2.67432	2.23862	0.342405
3360000	-28.08382	0	-28.08382	0.0871766	0.312208	0.100076	0.377106	0.083803	0.0727952	0.47221	4.87584	0.887808
3370000	-25.31933	0	-25.31933	0.163091	0.273493	0.112769	0.365281	0.111418	0.0286836	1.22312	1.89046	0.490258
3380000	-27.67693	0	-27.67693	0.0630445	0.108208	0.103552	0.152078	0.126781	0.0448753	0.828245	0.751438	0.0893281
3390000	-17.83681	0	-17.83681	0.106869	0.113379	0.215884	0.480287	0.205146	0.14341	0.844838	1.7804	0.702512
3400000	-19.40298	0	-19.40298	0.044459	0.149245	0.167063	0.255466	0.153623	0.0899662	0.732195	0.485289	1.31951
3410000	-21.23787	0	-21.23787	0.0964374	0.256391	0.100454	0.135349	0.332478	0.184759	3.72387	0.816266	0.480106
3420000	-18.21753	0	-18.21753	0.108438	0.13609	0.296457	0.402508	0.0836547	0.0609334	0.655946	1.38774	0.0586211
3430000	-24.98626	0	-24.98626	0.024261	0.181575	0.134129	0.515745	0.24799	0.105086	0.751305	0.730431	1.34168
3440000	-18.21862	0	-18.21862	0.177801	0.0715028	0.164456	0.496947	0.138952	0.0768947	1.28304	0.806503	0.305062
3450000	-19.75316	0	-19.75316	0.0944852	0.0857168	0.163125	0.132162	0.141036	0.153199	1.32517	1.68481	0.111931
3460000	-23.12886	0	-23.12886	0.0297419	0.207764	0.235703	0.223263	0.18644	0.231961	0.775749	1.42157	3.45898
3470000	-21.3829	0	-21.3829	0.164571	0.146452	0.169175	0.34275	0.145289	0.194368	0.739769	1.82427	1.29852
3480000	-19.27657	0	-19.27657	0.0542953	0.134462	0.14439	0.0910719	0.181691	0.0805158	0.075242	0.869519	0.284303
3490000	-19.82544	0	-19.82544	0.311986	0.192097	0.184144	0.233654	0.128827	0.0774118	2.19473	2.38067	0.253132
3500000	-20.80778	0	-20.80778	0.146054	0.125281	0.139078	0.131301	0.427288	0.0925069	0.93076	3.08107	0.136597
3510000	-27.33426	0	-27.33426	0.103092	0.104819	0.116365	0.152173	0.345491	0.0639447	1.80665	0.481139	0.144199
3520000	-22.96929	0	-22.96929	0.166724	0.16852	0.0823077	0.1911	0.191051	0.231266	0.348814	2.32605	4.54693
3530000	-22.09715	0	-22.09715	0.113676	0.205643	0.183295	0.114452	0.182759	0.164684	0.30094	0.680303	0.124877
3540000	-17.77414	0	-17.77414	0.15766	0.0631305	0.194176	0.182615	0.25969	0.0842784	1.922	1.36767	1.08425
3550000	-23.68624	0	-23.68624	0.171664	0.081844	0.110788	0.303855	0.0590676	0.243325	0.5966	1.68126	0.887011
3560000	-22.73597	0	-22.73597	0.153293	0.27556	0.188689	0.210549	0.259108	0.0962543	2.57748	3.28363	1.27807
3570000	-26.11972	0	-26.11972	0.123015	0.260028	0.143091	0.799074	0.132673	0.208762	0.228724	1.05604	1.32962
3580000	-20.7529	0	-20.7529	0.0365817	0.217792	0.141667	0.11454	0.185544	0.0584994	0.368226	1.63787	0.931547
3590000	-24.15748	0	-24.15748	0.0524957	0.109548	0.143807	0.18332	0.334327	0.0468033	0.686953	1.64854	0.341703
3600000	-16.21288	0	-16.21288	0.108365	0.143366	0.187637	0.279804	0.226839	0.0904206	0.821113	1.25456	1.53136
3610000	-20.46949	0	-20.46949	0.0779414	0.138865	0.270619	0.193462	0.197191	0.0889048	0.334374	3.10119	1.73698
3620000	-16.23294	0	-16.23294	0.0897766	0.153221	0.153073	0.177984	0.112924	0.0597273	0.393615	1.44383	0.262621
3630000	-21.66319	0	-21.66319	0.24197	0.0895824	0.224613	0.139995	0.123478	0.0750727	1.61741	0.453344	0.798282
3640000	-26.26694	0	-26.26694	0.176942	0.418543	0.0904187	0.272134	0.196357	0.0223993	1.43702	1.42951	0.628695
3650000	-26.2781	0	-26.2781	0.113134	0.3869	0.262495	0.120623	0.318392	0.241961	0.294594	0.968019	0.149931
3660000	-20.968	0	-20.968	0.174342	0.0627961	0.132025	0.475624	0.352264	0.12219	1.02593	1.69664	1.03574
3670000	-25.20255	0	-25.20255	0.0613146	0.131115	0.0358002	0.227504	0.105903	0.0782547	0.119221	1.82684	1.35981
3680000	-18.32806	0	-18.32806	0.184449	0.0892023	0.202637	0.159065	0.0752687	0.145126	0.82393	1.90144	3.19253
3690000	-18.82271	0	-18.82271	0.0824486	0.174634	0.116698	0.380645	0.0650788	0.0890095	0.250579	1.6983	1.55789
3700000	-19.3082	0	-19.3082	0.17996	0.184664	0.112614	0.211398	0.10771	0.0917889	0.178335	1.33331	0.187141
3710000	-19.88533	0	-19.88533	0.0802293	0.162873	0.187275	0.200111	0.167371	0.19752	1.05176	1.66106	0.115913
3720000	-25.03887	0	-25.03887	0.136053	0.346706	0.117302	0.114386	0.309718	0.0988964	0.538797	1.06275	0.00912027
3730000	-17.42306	0	-17.42306	0.136814	0.121068	0.128686	0.0986617	0.0756326	0.105213	0.530742	1.44478	1.44098
3740000	-22.31685	0	-22.31685	0.0620252	0.174064	0.0537341	0.197702	0.108993	0.0637115	0.320968	2.49368	0.470033
3750000	-19.34154	0	-19.34154	0.0966229	0.146344	0.0678442	0.238764	0.078315	0.0884484	1.41258	1.12156	0.284468
3760000	-27.15284	0	-27.15284	0.140495	0.189269	0.103004	0.107589	0.137127	0.0599213	1.01958	0.874479	0.15726
3770000	-17.23422	0	-17.23422	0.0608056	0.115307	0.143694	0.18962	0.0873116	0.0669224	0.954438	0.860603	1.34149
3780000	-29.35013	0	-29.35013	0.251177	0.226546	0.0961692	0.0724452	0.483066	0.106687	0.388606	1.76773	4.08727
3790000	-27.17717	0	-27.17717	0.249804	0.15704	0.108135	0.29804	0.338294	0.0497478	2.68939	1.2011	0.288459
3800000	-21.22268	0	-21.22268	0.0549954	0.15351	0.257503	0.302053	0.107759	0.108018	1.19665	5.18587	0.234189
3810000	-19.07774	0	-19.07774	0.152139	0.12504	0.21952	0.191034	0.252433	0.0739853	0.261671	0.342031	0.321819
3820000	-20.57598	0	-20.57598	0.152639	0.230668	0.215872	0.20288	0.164507	0.1373	0.182086	0.620246	0.625783
3830000	-19.17317	0	-19.17317	0.075962	0.0589795	0.213245	0.197876	0.201074	0.117448	0.865036	2.74907	0.158212
3840000	-23.34259	0	-23.34259	0.103511	0.238757	0.375326	0.169906	0.0858643	0.0958656	0.617153	1.83944	1.23675
3850000	-28.76128	0	-28.76128	0.34998	0.303861	0.130767	0.145665	0.124603	0.141133	1.96899	2.17936	2.94446
3860000	-19.8278	0	-19.8278	0.0656316	0.104069	0.234507	0.170284	0.153938	0.201225	2.05915	1.83969	0.389711
3870000	-29.90757	0	-29.90757	0.270592	0.16951	0.535857	0.641975	0.169332	0.166906	0.557916	3.90928	3.29122
3880000	-19.17657	0	-19.17657	0.134234	0.134251	0.241967	0.146256	0.183754	0.0492223	0.206942	2.33733	0.130049
3890000	-22.84824	0	-22.84824	0.153488	0.134077	0.160237	0.434636	0.189018	0.132329	1.90767	1.98774	0.214913
3900000	-18.08218	0	-18.08218	0.0903389	0.306747	0.0852757	0.195917	0.253152	0.0821211	0.530161	0.88194	1.17842
3910000	-16.59067	0	-16.59067	0.192517	0.191143	0.0837815	0.225111	0.0908775	0.0809423	0.633655	2.23828	1.07871
3920000	-19.23932	0	-19.23932	0.107228	0.0706273	0.0924574	0.537092	0.152979	0.149044	1.07264	1.58117	1.15618
3930000	-22.69579	0	-22.69579	0.172305	0.226032	0.184648	0.254674	0.262001	0.170839	0.802001	0.350275	0.344051
3940000	-21.55383	0	-21.55383	0.0830128	0.139041	0.265254	0.104697	0.113716	0.107815	1.25663	2.55266	0.706728
3950000	-16.19557	0	-16.19557	0.165382	0.127868	0.125526	0.181059	0.0813173	0.109566	0.757725	0.823426	0.178706
3960000	-17.74946	0	-17.74946	0.103639	0.15462	0.157636	0.261	0.100374	0.114181	2.36147	0.364199	0.482086
3970000	-23.82554	0	-23.82554	0.0796566	0.114459	0.219658	0.235456	0.0664032	0.100552	1.05617	0.780096	0.917458
3980000	-19.43421	0	-19.43421	0.169794	0.303235	0.119029	0.29795	0.0611994	0.131687	0.0748665	1.08273	1.29825
3990000	-22.56624	0	-22.56624	0.108778	0.118668	0.170564	0.51325	0.143408	0.0557169	0.480633	0.962988	1.34262
4000000	-23.67867	0	-23.67867	0.0499983	0.114167	0.150558	0.381846	0.144373	0.0807861	0.732469	0.542673	1.95317
4010000	-17.85028	0	-17.85028	0.0926534	0.0577371	0.18014	0.173039	0.121768	0.0701105	2.11607	0.623967	3.20898
4020000	-20.64684	0	-20.64684	0.0830664	0.0829832	0.24306	0.190098	0.0638197	0.156119	1.62363	0.521861	2.15662
4030000	-22.7059	0	-22.7059	0.134117	0.0836047	0.0932725	0.220146	0.188766	0.121656	1.99373	3.19271	0.253356
4040000	-20.71937	0	-20.71937	0.178536	0.0666267	0.172028	0.21191	0.0933172	0.0717883	0.797751	2.1917	0.402152
4050000	-21.67188	0	-21.67188	0.114666	0.191307	0.198818	0.131201	0.280141	0.168412	0.247865	2.99351	0.493466
4060000	-20.82427	0	-20.82427	0.0891294	0.115264	0.584147	0.220193	0.172229	0.223462	2.3101	1.27654	0.988272
4070000	-20.9411	0	-20.9411	0.112791	0.236871	0.247041	0.269626	0.0820106	0.0737045	1.42533	2.20434	0.70824
4080000	-32.07717	0	-32.07717	0.578212	0.247535	0.114204	0.067852	0.088208	0.0504188	4.41441	2.39389	0.528817
4090000	-21.6036	0	-21.6036	0.0771851	0.397038	0.131037	0.402995	0.14056	0.0980719	0.728841	3.35743	0.856227
4100000	-20.56082	0	-20.56082	0.0665183	0.169947	0.455635	0.237078	0.178114	0.141711	2.81563	1.2808	0.32363
4110000	-15.76209	0	-15.76209	0.103355	0.160296	0.13975	0.318575	0.145166	0.0595294	0.372719	2.3859	0.712216
4120000	-19.57746	0	-19.57746	0.139604	0.0715213	0.151953	0.584144	0.144017	0.0880994	0.476439	0.837745	0.491422
4130000	-28.62495	0	-28.62495	0.158345	0.235746	0.226224	0.147026	0.296522	0.126904	2.99847	0.517045	0.0158462
4140000	-21.73311	0	-21.73311	0.177676	0.252361	0.114336	0.209923	0.184964	0.0915302	0.389021	0.495883	1.32021
4150000	-19.74674	0	-19.74674	0.133682	0.191692	0.13585	0.158347	0.114935	0.132118	0.246814	0.882293	0.420112
4160000	-23.06319	0	-23.06319	0.0569289	0.0619109	0.249596	0.1862	0.0516419	0.0697012	0.0294794	1.29705	0.460839
4170000	-19.68869	0	-19.68869	0.077448	0.157601	0.16299	0.20032	0.106439	0.122251	2.26294	1.02168	0.337226
4180000	-19.64385	0	-19.64385	0.218242	0.0546385	0.125974	0.0880193	0.116776	0.053046	2.30554	0.949001	1.02532
4190000	-24.93996	0	-24.93996	0.178047	0.339156	0.0798663	0.624478	0.0671982	0.0679154	0.402189	0.640117	1.06529
4200000	-26.75183	0	-26.75183	0.317871	0.21847	0.162381	0.437876	0.0519444	0.0730046	0.545781	4.22213	1.00125
4210000	-23.41504	0	-23.41504	0.0924533	0.12405	0.507883	0.216228	0.220006	0.0641359	2.78528	3.64335	2.58376
4220000	-20.35673	0	-20.35673	0.121772	0.0591392	0.211901	0.244933	0.142987	0.0940531	1.6365	3.61043	0.413028
4230000	-19.96445	0	-19.96445	0.209878	0.1932	0.487124	0.316959	0.107331	0.0964607	2.00978	0.526567	0.180969
4240000	-24.56006	0	-24.56006	0.0534164	0.154831	0.225188	0.237586	0.460534	0.112119	0.997928	0.359264	0.172604
4250000	-18.7487	0	-18.7487	0.0459589	0.225387	0.141336	0.259144	0.196648	0.0565485	0.682621	0.494089	0.738146
4260000	-18.61777	0	-18.61777	0.125716	0.0810275	0.18128	0.180808	0.112299	0.123207	1.76934	1.53622	0.152849
4270000	-17.43538	0	-17.43538	0.148671	0.0962693	0.180255	0.360436	0.15669	0.10444	0.423016	2.17475	0.23327
4280000	-36.58041	0	-36.58041	0.378619	0.227836	0.380628	0.266989	0.0617666	0.199335	1.51658	3.46952	3.8534
4290000	-20.75733	0	-20.75733	0.209474	0.177993	0.0840955	0.248508	0.149708	0.0421584	0.610333	1.72784	0.933383
4300000	-19.00989	0	-19.00989	0.16758	0.141453	0.130886	0.197847	0.15648	0.0574454	1.52049	1.97385	0.545478
4310000	-16.75019	0	-16.75019	0.121995	0.119053	0.103802	0.180384	0.123427	0.107347	0.480324	0.491922	0.173198
4320000	-23.41682	0	-23.41682	0.0858271	0.18807	0.122789	0.257947	0.218416	0.164923	1.88124	2.32734	0.284154
4330000	-18.82551	0	-18.82551	0.307166	0.136163	0.128418	0.36472	0.155494	0.170029	0.52653	0.556755	1.18171
4340000	-21.56051	0	-21.56051	0.0929039	0.195192	0.186912	0.191082	0.0823354	0.131015	0.216394	3.70854	0.102182
4350000	-18.07189	0	-18.07189	0.206674	0.23634	0.277164	0.264866	0.127208	0.119894	0.29454	1.28699	0.561584
4360000	-16.73956	0	-16.73956	0.127874	0.0949673	0.115029	0.139121	0.228633	0.116719	1.46412	1.4959	0.432227
4370000	-17.20209	0	-17.20209	0.0550592	0.103274	0.0874646	0.0954221	0.219179	0.114411	1.68499	0.77821	0.236192
4380000	-19.69719	0	-19.69719	0.153337	0.18068	0.087387	0.370338	0.161781	0.106859	1.43199	2.73973	0.435475
4390000	-18.23617	0	-18.23617	0.10061	0.105792	0.265426	0.163395	0.0317455	0.157553	0.159579	0.650522	0.745265
4400000	-20.63369	0	-20.63369	0.100662	0.0760787	0.153849	0.145586	0.153475	0.0928055	1.08085	2.21706	0.594162
4410000	-17.18513	0	-17.18513	0.061307	0.13167	0.132742	0.109137	0.237896	0.111955	0.535581	0.957393	0.469884
4420000	-18.40311	0	-18.40311	0.0506359	0.21937	0.11346	0.289494	0.201885	0.08257	1.01036	0.415301	1.45345
4430000	-18.2036	0	-18.2036	0.153857	0.0892704	0.164109	0.292286	0.181789	0.130485	0.376619	0.738812	0.196194
4440000	-24.14599	0	-24.14599	0.0875546	0.126377	0.140255	0.535273	0.183349	0.185972	2.91369	1.41293	0.077221
4450000	-22.29638	0	-22.29638	0.140883	0.108242	0.138964	0.206225	0.153415	0.12588	1.3524	3.27773	0.0295528
4460000	-23.77267	0	-23.77267	0.2261	0.0686041	0.290372	0.19837	0.342261	0.0746527	0.800288	0.404327	0.383722
4470000	-18.04729	0	-18.04729	0.0993081	0.148957	0.0927914	0.269583	0.202494	0.215813	3.47831	1.16872	0.885884
4480000	-16.5657	0	-16.5657	0.0717732	0.105594	0.137406	0.339778	0.18477	0.0893985	1.45211	0.304236	0.507019
4490000	-34.57308	0	-34.57308	0.0811832	0.13457	0.100594	0.472765	0.141822	0.123146	4.86181	1.19671	0.639711
4500000	-19.68894	0	-19.68894	0.0597101	0.156185	0.167828	0.371605	0.200901	0.10354	1.16615	2.18149	0.211362
4510000	-21.31693	0	-21.31693	0.126106	0.166428	0.241049	0.164583	0.142846	0.110071	1.89291	1.01039	1.45946
4520000	-23.37363	0	-23.37363	0.114562	0.0510633	0.0741424	0.157822	0.153003	0.200703	0.54019	3.61767	0.364354
4530000	-22.08812	0	-22.08812	0.165503	0.0987719	0.154988	0.127051	0.172317	0.0865484	0.255635	1.71666	0.156474
4540000	-22.88933	0	-22.88933	0.0432711	0.0950249	0.223814	0.512611	0.182338	0.043877	0.925462	0.872022	0.32239
4550000	-23.90753	0	-23.90753	0.0548563	0.170884	0.458411	0.157147	0.144558	0.195637	2.52988	4.04665	1.34215
4560000	-19.49357	0	-19.49357	0.149958	0.0953039	0.195546	0.195173	0.0729954	0.0433156	0.393751	0.615476	0.0939357
4570000	-15.22288	0	-15.22288	0.0594945	0.099695	0.184704	0.29043	0.058091	0.0768346	0.831533	2.23615	1.79497
4580000	-16.87481	0	-16.87481	0.155071	0.137459	0.14705	0.219326	0.176163	0.0536219	0.332787	0.978115	0.292422
4590000	-20.51742	0	-20.51742	0.17275	0.0912096	0.099697	0.19787	0.205128	0.207203	1.29113	0.200853	0.308259
4600000	-28.275	0	-28.275	0.187837	0.189604	0.199964	0.158802	0.413672	0.211349	3.18629	0.12686	0.0399661
4610000	-26.0707	0	-26.0707	0.255025	0.136737	0.133722	0.109438	0.114202	0.0664522	0.646707	0.509661	0.127975
4620000	-20.93795	0	-20.93795	0.217181	0.0708881	0.217056	0.268722	0.0785052	0.0986606	0.789987	0.917771	0.161854
4630000	-18.6913	0	-18.6913	0.117592	0.113517	0.171216	0.142114	0.140501	0.041734	2.97547	0.71697	1.25154
4640000	-19.43808	0	-19.43808	0.105973	0.0354421	0.10037	0.309023	0.113723	0.228374	0.532786	0.974667	0.721638
4650000	-28.86059	0	-28.86059	0.107556	0.062992	0.0983651	0.0935404	0.175708	0.0658183	0.254517	0.29685	0.041802
4660000	-18.22021	0	-18.22021	0.136302	0.0821035	0.228966	0.13463	0.179829	0.215868	0.182739	1.11276	0.148971
4670000	-17.79061	0	-17.79061	0.0499259	0.138393	0.159471	0.13529	0.165233	0.0869667	0.828482	0.809746	0.104935
4680000	-15.09283	0	-15.09283	0.134866	0.0740733	0.267565	0.200822	0.0982292	0.105011	0.321665	1.58297	0.379224
4690000	-18.0298	0	-18.0298	0.0765403	0.115867	0.166573	0.410411	0.0983329	0.0991691	1.15616	1.96822	0.855177
4700000	-19.9248	0	-19.9248	0.177342	0.12325	0.457859	0.159252	0.0713703	0.0556806	0.788644	0.434861	0.790432
4710000	-22.19929	0	-22.19929	0.2115	0.0565567	0.221266	0.304481	0.280091	0.0543701	4.35192	0.533364	0.835964
4720000	-22.25011	0	-22.25011	0.358703	0.0909606	0.104408	0.326537	0.310123	0.0859	0.737631	1.23341	0.539104
4730000	-18.60431	0	-18.60431	0.0459925	0.155833	0.202172	0.233659	0.0653878	0.102117	0.365723	0.956725	1.82582
4740000	-20.15423	0	-20.15423	0.128687	0.216873	0.185945	0.18883	0.229276	0.122009	0.714307	1.62241	0.362359
4750000	-17.41099	0	-17.41099	0.0898532	0.210834	0.208756	0.36608	0.0832584	0.0949303	0.148009	1.37739	1.56094
4760000	-18.83144	0	-18.83144	0.102341	0.103324	0.208813	0.373412	0.0892663	0.0848704	0.298905	0.691046	3.82682
4770000	-19.89779	0	-19.89779	0.133804	0.120052	0.217444	0.0980708	0.0712737	0.120066	1.27356	1.3852	1.67753
4780000	-23.42036	0	-23.42036	0.114313	0.0681964	0.0991127	0.304272	0.251034	0.120639	3.29182	3.94868	1.09846
4790000	-18.43816	0	-18.43816	0.161155	0.158418	0.118545	0.257054	0.113463	0.0426149	0.117162	0.731062	1.43967
4800000	-17.88953	0	-17.88953	0.0738811	0.193404	0.122944	0.172486	0.0792693	0.138247	1.7285	1.29295	1.34681
4810000	-18.56821	0	-18.56821	0.14682	0.122568	0.271281	0.348981	0.191723	0.0921134	0.764969	1.76229	0.401667
4820000	-25.35086	0	-25.35086	0.0921797	0.167328	0.161012	0.325851	0.151356	0.136184	0.128166	4.61785	0.51397
4830000	-18.95504	0	-18.95504	0.12906	0.118098	0.0969311	0.094925	0.156066	0.0497638	0.346942	1.03078	0.219653
4840000	-19.60592	0	-19.60592	0.0801873	0.104377	0.166603	0.341886	0.222016	0.0588417	0.275533	0.675663	0.150134
4850000	-24.9497	0	-24.9497	0.0663797	0.0670165	0.262587	0.0784997	0.159461	0.110723	0.163669	5.08724	0.826639
4860000	-23.3321	0	-23.3321	0.140589	0.251273	0.0972863	0.253454	0.152028	0.11778	0.6853	1.50826	2.17231
4870000	-19.65715	0	-19.65715	0.219827	0.206168	0.120621	0.486289	0.134042	0.0481611	0.394837	1.52666	1.56183
4880000	-28.37563	0	-28.37563	0.0483435	0.167717	0.473807	0.201972	0.12923	0.0529845	0.820917	2.16168	2.13615
4890000	-23.94668	0	-23.94668	0.0985785	0.11501	0.0759963	0.244487	0.223597	0.104119	2.05971	0.351002	0.107584
4900000	-20.74863	0	-20.74863	0.0862043	0.185307	0.299356	0.312671	0.0640046	0.205569	1.35672	2.08286	2.29869
4910000	-30.00848	0	-30.00848	0.162872	0.157059	0.0654052	0.142857	0.294581	0.0487136	2.50515	4.49973	1.232
4920000	-19.99396	0	-19.99396	0.122548	0.174972	0.12882	0.238935	0.0865417	0.11654	1.17368	1.20828	4.07746
4930000	-21.04609	0	-21.04609	0.165053	0.0987563	0.370782	0.361113	0.136348	0.313275	1.73508	0.887487	1.32737
4940000	-20.35233	0	-20.35233	0.107983	0.184177	0.0972018	0.757327	0.104912	0.164162	0.117014	1.35438	2.90271
4950000	-18.13872	0	-18.13872	0.0610905	0.129172	0.14158	0.118662	0.238166	0.173966	1.40707	1.83964	1.61362
4960000	-19.50475	0	-19.50475	0.0677684	0.105455	0.329591	0.281745	0.0572179	0.0471427	1.74417	0.979982	0.531725
4970000	-21.11859	0	-21.11859	0.0638354	0.137306	0.115937	0.229164	0.245402	0.154868	0.836584	3.6538	0.345545
4980000	-18.95786	0	-18.95786	0.0925782	0.221893	0.143475	0.157418	0.303281	0.120829	0.967609	3.36307	1.12584
4990000	-16.19491	0	-16.19491	0.0907479	0.212262	0.0954823	0.366576	0.0719002	0.0891709	0.362586	0.799343	0.548088
5000000	-22.07849	0	-22.07849	0.0862544	0.142144	0.161433	0.278857	0.149998	0.0624907	0.0830818	2.844	2.29892
