Iteration	Posterior	Likelihood	Prior	lambda[1]	lambda[2]	lambda[3]	mu[1]	mu[2]	mu[3]	psi[1]	psi[2]	psi[3]
0	-30.79146	0	-30.79146	0.184181	0.157268	0.131568	0.144833	0.147606	0.189711	2.06062	1.16225	6.93465
10000	-18.3288	0	-18.3288	0.170927	0.309563	0.140932	0.678439	0.0696592	0.0667249	0.893105	2.36958	0.419978
20000	-17.1337	0	-17.1337	0.0856081	0.148326	0.156627	0.245012	0.183381	0.125981	1.00218	0.606848	0.178645
30000	-16.25812	0	-16.25812	0.234734	0.207952	0.0993415	0.306291	0.122334	0.174818	1.14775	1.38152	0.10855
40000	-17.58306	0	-17.58306	0.165324	0.429239	0.168252	0.375335	0.125893	0.299166	0.705972	1.65808	1.53354
50000	-18.9128	0	-18.9128	0.0553762	0.137023	0.502858	0.121947	0.127492	0.061958	2.75208	1.33469	0.0579148
60000	-16.80001	0	-16.80001	0.245929	0.189043	0.152871	0.202473	0.152116	0.154803	1.34658	2.5865	0.537219
70000	-16.88544	0	-16.88544	0.0449306	0.255425	0.149944	0.327826	0.0582691	0.281051	1.72872	0.438076	0.295284
80000	-20.00029	0	-20.00029	0.193163	0.212858	0.127603	0.0571921	0.164571	0.239286	3.09657	1.17133	0.970289
90000	-20.4514	0	-20.4514	0.180742	0.415544	0.276005	0.305315	0.229996	0.0861879	1.14901	0.340539	1.26566
100000	-17.79824	0	-17.79824	0.365076	0.119013	0.261145	0.35187	0.0838118	0.207189	0.784225	0.781364	0.417927
110000	-22.16343	0	-22.16343	0.0975717	0.132459	0.104534	0.367194	0.169192	0.181965	5.74347	0.135716	0.241291
120000	-16.79371	0	-16.79371	0.227825	0.0818304	0.259959	0.346772	0.165774	0.145143	1.84606	1.47262	0.0931453
130000	-15.74075	0	-15.74075	0.0917655	0.168445	0.0857799	0.390904	0.0487606	0.0989233	1.07352	0.624009	1.45675
140000	-21.17684	0	-21.17684	0.0839384	0.15713	0.268588	0.188098	0.238802	0.395602	0.479093	0.200242	0.1942
150000	-17.98495	0	-17.98495	0.0519411	0.351113	0.257182	0.172688	0.107445	0.136436	1.72483	1.79201	2.17997
160000	-21.31501	0	-21.31501	0.0893305	0.14327	0.165564	0.205778	0.0811875	0.321295	0.36035	0.233686	0.0316384
170000	-18.50593	0	-18.50593	0.152522	0.284236	0.216185	0.102924	0.147629	0.170277	1.24321	1.29636	0.0998756
180000	-19.50525	0	-19.50525	0.208408	0.177555	0.0968383	0.188474	0.0939984	0.233738	1.0536	0.418629	2.37579
190000	-18.89901	0	-18.89901	0.118201	0.173487	0.151513	0.231737	0.116101	0.125673	2.36238	0.322894	0.275453
200000	-19.18086	0	-19.18086	0.143426	0.111866	0.159237	0.30105	0.0824236	0.04416	3.10817	0.920824	0.432234
210000	-23.97777	0	-23.97777	0.170144	0.0673305	0.643227	0.463087	0.276737	0.0754296	2.58228	2.20436	0.0336998
220000	-16.74278	0	-16.74278	0.143882	0.438558	0.0819848	0.372081	0.111065	0.115936	3.35588	2.54899	0.830773
230000	-19.46484	0	-19.46484	0.102554	0.131613	0.307014	0.185448	0.17965	0.155947	4.17559	0.247012	0.450979
240000	-14.78649	0	-14.78649	0.0992673	0.291551	0.163024	0.338217	0.0980299	0.17569	1.20356	1.39592	0.765726
250000	-23.86077	0	-23.86077	0.0535261	0.0974691	0.37698	0.214511	0.088505	0.418756	2.88294	0.222701	0.11528
260000	-19.15933	0	-19.15933	0.150983	0.268644	0.251895	0.245003	0.272361	0.042619	0.808955	0.346616	0.429035
270000	-19.64034	0	-19.64034	0.12812	0.0721837	0.1878	0.282188	0.133468	0.11352	1.80185	0.40262	0.0448449
280000	-17.42761	0	-17.42761	0.244366	0.225841	0.0595919	0.224397	0.178454	0.115844	3.08745	1.18951	2.1439
290000	-16.79703	0	-16.79703	0.112852	0.135496	0.126116	0.454971	0.132167	0.0519872	1.18567	2.78755	0.628064
300000	-18.70757	0	-18.70757	0.247051	0.149662	0.412247	0.290678	0.177786	0.095812	1.11015	1.60496	0.215495
310000	-20.04838	0	-20.04838	0.194841	0.276531	0.202598	0.284865	0.0598069	0.166796	3.90073	0.841529	0.0494132
320000	-18.04429	0	-18.04429	0.128775	0.0991603	0.185533	0.299656	0.0905341	0.0766061	2.15856	1.57086	2.7542
330000	-14.95881	0	-14.95881	0.116673	0.064013	0.212661	0.334625	0.0865366	0.0955295	1.8925	0.322498	0.091554
340000	-20.72191	0	-20.72191	0.132952	0.307252	0.0695398	0.474781	0.0849574	0.327229	1.38254	0.931298	0.811856
350000	-16.09101	0	-16.09101	0.0965844	0.271473	0.0937043	0.144165	0.164161	0.134095	2.51446	0.796353	0.579138
360000	-17.66874	0	-17.66874	0.158732	0.184691	0.155416	0.379824	0.186977	0.149532	1.08923	1.90738	1.87494
370000	-18.3607	0	-18.3607	0.128508	0.160602	0.15291	0.331188	0.253262	0.21534	1.39454	1.90466	0.599558
380000	-17.92612	0	-17.92612	0.356004	0.156366	0.214356	0.359864	0.108416	0.225333	2.6209	1.45781	0.163497
390000	-19.03486	0	-19.03486	0.169617	0.11351	0.344876	0.303498	0.14307	0.141105	2.35287	2.07927	0.0654557
400000	-17.40141	0	-17.40141	0.0551389	0.210121	0.123106	0.221462	0.195693	0.170285	0.44886	1.18393	0.0682728
410000	-16.85145	0	-16.85145	0.13528	0.123459	0.206107	0.253731	0.0538247	0.127314	0.752886	0.408921	0.039409
420000	-17.2914	0	-17.2914	0.0663783	0.163742	0.239056	0.164288	0.100752	0.177546	0.621702	0.415145	0.12264
430000	-16.55571	0	-16.55571	0.126576	0.183401	0.14885	0.160579	0.141984	0.0538118	0.912632	0.247467	0.0188684
440000	-17.35382	0	-17.35382	0.0431671	0.259069	0.181321	0.263293	0.138326	0.140713	1.95668	2.69752	1.06179
450000	-17.08107	0	-17.08107	0.280398	0.244728	0.115817	0.183038	0.156309	0.212175	0.582675	2.56697	0.0242415
460000	-21.82464	0	-21.82464	0.330618	0.17168	0.207241	0.0901801	0.0955672	0.18482	1.28913	0.711117	0.745723
470000	-23.96734	0	-23.96734	0.0439884	0.120709	0.270839	0.393697	0.0655757	0.274668	0.713517	5.94274	0.0241788
480000	-18.93554	0	-18.93554	0.231117	0.14672	0.0841149	0.618107	0.0632343	0.166178	1.1347	0.705563	0.107137
490000	-18.87563	0	-18.87563	0.146162	0.220877	0.165436	0.20386	0.198623	0.0646489	4.71341	1.11325	0.354454
500000	-20.31426	0	-20.31426	0.239549	0.189875	0.149485	0.367318	0.0562515	0.318039	4.35446	0.902735	0.0937212
510000	-20.82393	0	-20.82393	0.2549	0.20665	0.262186	0.271068	0.0912075	0.0843619	1.90218	1.24821	0.528456
520000	-19.738	0	-19.738	0.124065	0.0722471	0.173199	0.159431	0.195395	0.0684537	0.378858	1.19899	0.474273
530000	-19.41143	0	-19.41143	0.150413	0.261438	0.275769	0.147494	0.157231	0.100814	1.94093	5.64194	0.318
540000	-19.33223	0	-19.33223	0.230062	0.206304	0.0770915	0.163769	0.267206	0.135248	1.07227	1.41147	0.137175
550000	-28.47869	0	-28.47869	0.214782	0.114963	0.104497	0.185088	0.179972	0.0686251	4.6554	0.510594	0.514634
560000	-21.59368	0	-21.59368	0.209128	0.13929	0.0628523	0.140728	0.166479	0.095612	2.92156	0.783941	0.36005
570000	-17.22294	0	-17.22294	0.13545	0.275806	0.210828	0.300493	0.139718	0.0893536	3.43894	1.02926	1.06294
580000	-20.47989	0	-20.47989	0.115567	0.0941042	0.234828	0.350291	0.0990664	0.15756	1.20301	0.650252	0.0130598
590000	-13.5088	0	-13.5088	0.10169	0.580779	0.127941	0.342201	0.104312	0.219791	1.13761	1.23443	0.238251
600000	-16.54204	0	-16.54204	0.11476	0.0726934	0.218443	0.234353	0.151095	0.0965229	3.13362	0.126928	0.509226
610000	-14.76518	0	-14.76518	0.109327	0.204594	0.216637	0.235772	0.0856844	0.221136	1.00622	0.60919	0.0888224
620000	-17.01056	0	-17.01056	0.152333	0.230401	0.0611307	0.171299	0.262757	0.0996282	1.31574	0.917215	0.0352278
630000	-24.64051	0	-24.64051	0.263119	0.171205	0.135899	0.723649	0.121	0.0451361	2.49223	1.17833	0.00498477
640000	-16.35976	0	-16.35976	0.0708528	0.169692	0.161845	0.224478	0.132651	0.221292	3.97213	1.08128	0.202465
650000	-18.99242	0	-18.99242	0.0911342	0.0840039	0.226833	0.366625	0.139297	0.135529	3.29851	0.478933	0.135574
660000	-25.05067	0	-25.05067	0.125834	0.0915818	0.139255	0.656095	0.190451	0.0840717	5.95349	0.3821	0.0371928
670000	-22.49249	0	-22.49249	0.148512	0.17325	0.376342	0.414892	0.0589752	0.212811	1.44017	0.977964	0.663238
680000	-19.86881	0	-19.86881	0.358405	0.13568	0.217945	0.211654	0.111989	0.101976	1.58944	3.99921	0.627127
690000	-21.02392	0	-21.02392	0.0732398	0.247075	0.275915	0.079343	0.0714098	0.116953	3.32096	1.32515	1.96729
700000	-19.3251	0	-19.3251	0.060465	0.306001	0.258985	0.20672	0.139436	0.0735485	4.45632	2.29937	0.568641
710000	-18.19803	0	-18.19803	0.09306	0.145633	0.165624	0.151241	0.107777	0.0674348	1.34477	0.484059	0.17067
720000	-16.04199	0	-16.04199	0.0779412	0.29253	0.116442	0.214133	0.135041	0.118568	0.592889	1.06133	0.962737
730000	-22.53824	0	-22.53824	0.105727	0.138023	0.061981	0.221902	0.129628	0.184322	1.62165	1.27363	0.072735
740000	-19.43713	0	-19.43713	0.111975	0.180665	0.186198	0.483962	0.0879676	0.156349	2.77185	0.903095	5.78888
750000	-19.8192	0	-19.8192	0.163824	0.123399	0.0721799	0.214795	0.111301	0.100538	3.53913	0.885825	0.0104239
760000	-20.0467	0	-20.0467	0.104882	0.10318	0.132602	0.135673	0.0711532	0.0911067	0.789423	1.15516	0.014235
770000	-20.468	0	-20.468	0.0972977	0.289496	0.267368	0.134127	0.0644491	0.16894	1.29532	0.711136	2.18342
780000	-16.05077	0	-16.05077	0.0993898	0.133018	0.253907	0.287368	0.177852	0.149772	0.838981	0.338562	0.0118029
790000	-18.11861	0	-18.11861	0.15995	0.307144	0.198467	0.108692	0.139966	0.236786	0.363414	0.214883	0.0339226
800000	-18.91111	0	-18.91111	0.0813759	0.201052	0.242776	0.345516	0.111356	0.0655144	2.80416	0.364785	0.0375091
810000	-24.14888	0	-24.14888	0.455975	0.0736523	0.257139	0.368735	0.124309	0.0586356	1.77251	0.137812	0.114734
820000	-26.23729	0	-26.23729	0.207927	0.133593	0.226087	0.115955	0.143631	0.366639	1.05314	3.93849	0.0687808
830000	-18.12698	0	-18.12698	0.246071	0.0783759	0.152154	0.308676	0.158994	0.0555738	0.375247	0.698655	0.0991531
840000	-16.88923	0	-16.88923	0.13102	0.124842	0.119602	0.388087	0.0937393	0.0573578	1.95552	5.11277	0.62142
850000	-17.79162	0	-17.79162	0.140621	0.301339	0.34992	0.181438	0.112142	0.0753623	2.53144	4.34803	0.382353
860000	-14.70041	0	-14.70041	0.193161	0.420044	0.240514	0.164191	0.107896	0.161757	0.935785	1.9588	0.295483
870000	-14.60564	0	-14.60564	0.0620107	0.182227	0.105786	0.226923	0.160929	0.0754782	1.08329	2.32128	1.38873
880000	-17.82847	0	-17.82847	0.101682	0.0527026	0.120459	0.259421	0.165106	0.087368	3.00775	0.545303	0.0241426
890000	-18.2394	0	-18.2394	0.125449	0.186295	0.167648	0.475161	0.0793213	0.242611	0.750414	0.817352	0.141071
900000	-14.99726	0	-14.99726	0.117556	0.209652	0.165863	0.240485	0.0990603	0.140754	0.401598	0.240303	0.989519
910000	-20.49633	0	-20.49633	0.282488	0.239884	0.20231	0.35207	0.231254	0.148551	2.11735	0.546198	0.00110835
920000	-22.3414	0	-22.3414	0.10996	0.48714	0.121259	0.0854766	0.105518	0.0648342	0.685722	2.82169	0.215215
930000	-20.70835	0	-20.70835	0.146937	0.172446	0.161718	0.296808	0.166992	0.103885	3.11358	1.19561	0.0552561
940000	-17.22868	0	-17.22868	0.0789529	0.132423	0.0909962	0.232762	0.0847094	0.177917	2.0092	2.58083	2.81607
950000	-19.09677	0	-19.09677	0.108121	0.0785883	0.134192	0.290059	0.245056	0.0872454	3.78989	0.481209	0.346423
960000	-19.54609	0	-19.54609	0.125586	0.734163	0.0616331	0.557772	0.0743031	0.111022	1.87539	1.48325	0.531598
970000	-18.19054	0	-18.19054	0.203021	0.182864	0.123538	0.23449	0.106257	0.155541	1.14741	1.3693	0.311505
980000	-16.80819	0	-16.80819	0.184633	0.212782	0.164371	0.153737	0.128991	0.0476208	1.16486	0.865965	0.159242
990000	-17.12257	0	-17.12257	0.166757	0.445754	0.171321	0.160824	0.198961	0.123157	1.47669	2.60818	2.18943
1000000	-20.66094	0	-20.66094	0.332015	0.163895	0.0864276	0.295651	0.107431	0.111973	2.41418	0.768368	0.0260608
1010000	-15.03664	0	-15.03664	0.164588	0.0724735	0.17824	0.18878	0.136559	0.0715315	0.870614	1.14748	0.362398
1020000	-25.08501	0	-25.08501	0.378169	0.154994	0.130768	0.288598	0.198258	0.137059	0.209025	1.00642	0.0394638
1030000	-18.32783	0	-18.32783	0.0521835	0.491925	0.121776	0.175504	0.15109	0.338488	1.65935	0.579737	0.848063
1040000	-20.37508	0	-20.37508	0.219678	0.274157	0.13352	0.486936	0.0617237	0.306503	1.58562	3.23086	1.82901
1050000	-19.34619	0	-19.34619	0.162925	0.157475	0.162129	0.449939	0.125836	0.104091	2.31155	3.86861	0.213174
1060000	-14.28352	0	-14.28352	0.094682	0.274521	0.114361	0.240176	0.110738	0.19968	1.34189	0.274577	0.00656191
1070000	-18.69847	0	-18.69847	0.057715	0.0990786	0.158753	0.288993	0.169165	0.129648	2.66728	0.855931	0.0651462
1080000	-24.49608	0	-24.49608	0.165646	0.146185	0.182571	0.180194	0.100657	0.0971421	2.98823	0.695846	0.0900877
1090000	-16.35405	0	-16.35405	0.0986379	0.213688	0.20143	0.137392	0.10938	0.205783	1.19443	0.467332	0.182227
1100000	-16.92448	0	-16.92448	0.132457	0.149274	0.205539	0.203196	0.141087	0.129295	1.69588	0.799582	0.0436415
1110000	-15.69518	0	-15.69518	0.106756	0.0604119	0.227935	0.282849	0.166891	0.194151	1.48361	1.40689	0.0388453
1120000	-17.37063	0	-17.37063	0.0753801	0.0836695	0.160549	0.11201	0.0967766	0.135536	1.68269	0.350327	0.0480842
1130000	-20.57513	0	-20.57513	0.119153	0.0732506	0.0977149	0.171881	0.108172	0.0715987	2.00913	1.39462	0.10442
1140000	-18.34053	0	-18.34053	0.118084	0.172377	0.104545	0.413676	0.251968	0.111401	1.70692	0.8894	0.226308
1150000	-21.38553	0	-21.38553	0.252339	0.269397	0.200783	0.52811	0.179349	0.104805	0.969711	2.43752	0.982994
1160000	-16.03937	0	-16.03937	0.213805	0.127302	0.158582	0.35081	0.104811	0.0849335	0.789192	0.467632	0.464332
1170000	-17.6228	0	-17.6228	0.169786	0.0809572	0.133933	0.194595	0.0751593	0.212459	1.72263	1.87299	0.750727
1180000	-17.14819	0	-17.14819	0.23138	0.172586	0.0816067	0.286717	0.0932755	0.199773	1.52538	0.767861	0.788656
1190000	-16.4981	0	-16.4981	0.0608956	0.227325	0.115847	0.269522	0.107258	0.12522	0.701573	0.175555	0.0705095
1200000	-17.49715	0	-17.49715	0.252667	0.106902	0.17775	0.568539	0.135908	0.169992	2.57988	1.68502	0.118522
1210000	-16.41856	0	-16.41856	0.136535	0.22326	0.0520758	0.275155	0.26001	0.158758	1.25262	0.435832	0.443599
1220000	-20.53075	0	-20.53075	0.209115	0.11808	0.229929	0.278438	0.105254	0.11213	1.83411	0.342472	0.442095
1230000	-18.72918	0	-18.72918	0.0590174	0.503313	0.179684	0.262312	0.0768273	0.266349	0.983332	0.416472	0.908777
1240000	-14.30744	0	-14.30744	0.126684	0.144843	0.129851	0.309696	0.115523	0.128906	0.92288	4.35978	0.14368
1250000	-13.60257	0	-13.60257	0.0475079	0.192695	0.195148	0.423416	0.123751	0.0823445	1.12625	0.707667	0.0117667
1260000	-16.087	0	-16.087	0.0980103	0.100344	0.291566	0.322022	0.174629	0.123605	0.518834	1.32485	0.253995
1270000	-17.14009	0	-17.14009	0.136721	0.211324	0.213167	0.158547	0.214552	0.110923	0.959529	3.49458	0.608221
1280000	-20.76224	0	-20.76224	0.151681	0.17748	0.188915	0.178156	0.152231	0.329751	0.9602	1.69277	2.29225
1290000	-21.22063	0	-21.22063	0.211733	0.173323	0.424932	0.203143	0.149113	0.172842	0.951468	0.81163	1.02828
1300000	-23.73297	0	-23.73297	0.149392	0.0858601	0.242555	0.661908	0.157549	0.137499	1.12778	0.403886	0.0463009
1310000	-16.71764	0	-16.71764	0.0532062	0.117252	0.17369	0.102678	0.104168	0.130004	3.35347	2.04722	0.11863
1320000	-19.52255	0	-19.52255	0.291372	0.0744632	0.109767	0.283972	0.0810413	0.0899908	2.20733	1.84834	0.42754
1330000	-19.83195	0	-19.83195	0.195932	0.445128	0.0809771	0.206415	0.246016	0.0925123	0.901722	1.32856	1.67336
1340000	-20.33391	0	-20.33391	0.114012	0.125721	0.245043	0.526043	0.158581	0.0559128	0.434506	3.99309	0.0412305
1350000	-16.91448	0	-16.91448	0.140518	0.127537	0.08276	0.214661	0.220371	0.14643	1.58323	1.12574	0.750413
1360000	-14.62115	0	-14.62115	0.125785	0.198031	0.0766758	0.204583	0.20845	0.181363	1.07354	0.699924	0.317877
1370000	-18.23488	0	-18.23488	0.144819	0.263292	0.0666695	0.273261	0.106572	0.109027	1.32858	2.63154	0.00479535
1380000	-19.9649	0	-19.9649	0.0602811	0.0862572	0.0969375	0.475586	0.158569	0.0827318	1.14114	0.407928	0.00805346
1390000	-16.38772	0	-16.38772	0.190603	0.244972	0.0396257	0.142249	0.136977	0.131619	3.63174	1.37463	0.502716
1400000	-13.47319	0	-13.47319	0.19823	0.24888	0.152684	0.195257	0.0875971	0.165584	0.627803	0.278948	0.161631
1410000	-18.76826	0	-18.76826	0.10682	0.152799	0.154425	0.211715	0.179908	0.158753	1.58817	0.411212	0.0207927
1420000	-15.56695	0	-15.56695	0.0825761	0.359884	0.0859057	0.310297	0.205858	0.0634814	0.468525	1.831	1.72651
1430000	-17.12807	0	-17.12807	0.10735	0.189864	0.189683	0.272817	0.176579	0.238363	3.28156	2.22621	0.087541
1440000	-14.35872	0	-14.35872	0.162203	0.0472694	0.132087	0.258141	0.109818	0.0570975	1.40028	1.48769	0.0581229
1450000	-15.97795	0	-15.97795	0.12837	0.30906	0.261545	0.22507	0.152617	0.108032	0.642871	0.305272	0.127097
1460000	-16.7503	0	-16.7503	0.100927	0.0821323	0.18657	0.0869255	0.118119	0.0873948	0.711618	0.255268	0.0291998
1470000	-18.42817	0	-18.42817	0.0645213	0.209491	0.232717	0.222994	0.160942	0.0471037	0.712219	3.96921	0.0895041
1480000	-22.13903	0	-22.13903	0.14614	0.159503	0.185476	0.178476	0.104787	0.109525	1.07058	0.371847	0.0466154
1490000	-15.60614	0	-15.60614	0.214819	0.0908518	0.225591	0.342049	0.0845001	0.161151	2.36438	0.445873	0.0328045
1500000	-18.2225	0	-18.2225	0.113185	0.221038	0.367253	0.382659	0.125391	0.226367	3.24052	0.963887	0.0411532
1510000	-21.64187	0	-21.64187	0.0646111	0.0871896	0.451595	0.157712	0.218916	0.0570276	1.19801	4.67028	0.00387088
1520000	-17.67904	0	-17.67904	0.0852792	0.22945	0.223816	0.266873	0.112481	0.116593	2.30217	0.864217	0.109715
1530000	-14.87855	0	-14.87855	0.116471	0.132153	0.152479	0.241339	0.138343	0.168325	2.22602	0.871955	0.480615
1540000	-19.50237	0	-19.50237	0.0786593	0.336793	0.326792	0.304413	0.142138	0.081707	0.966296	0.432791	0.323935
1550000	-23.58134	0	-23.58134	0.126709	0.207523	0.110166	0.177977	0.0573164	0.223713	1.7406	2.03187	8.3008
1560000	-28.22659	0	-28.22659	0.130431	0.140763	0.163517	0.291926	0.162861	0.116496	6.21387	0.228866	0.00628483
1570000	-20.49533	0	-20.49533	0.199809	0.427204	0.141589	0.379366	0.110914	0.128105	0.40759	0.850844	2.14085
1580000	-21.78762	0	-21.78762	0.147152	0.387146	0.137685	0.245811	0.235273	0.202284	4.65852	0.279082	0.299264
1590000	-15.63059	0	-15.63059	0.388048	0.159078	0.110079	0.261106	0.112461	0.0656541	0.688728	1.42524	0.0980199
1600000	-13.52609	0	-13.52609	0.153687	0.309864	0.135436	0.259547	0.129469	0.138251	0.627163	0.671537	1.07773
1610000	-20.87376	0	-20.87376	0.282943	0.0678506	0.168467	0.157872	0.0768885	0.134981	0.157127	0.590925	0.0398678
1620000	-15.64508	0	-15.64508	0.111414	0.201162	0.127238	0.17227	0.252535	0.0640654	1.21682	0.977834	0.0283269
1630000	-25.30339	0	-25.30339	0.164167	0.158984	0.0943403	0.201598	0.146415	0.0756249	8.87728	1.03932	5.0979
1640000	-20.26854	0	-20.26854	0.19685	0.173904	0.174945	0.460454	0.160348	0.11274	2.86178	0.735435	0.171882
1650000	-15.74914	0	-15.74914	0.153306	0.0975788	0.0688997	0.221846	0.145162	0.0626005	1.9064	1.40703	0.0170926
1660000	-20.02591	0	-20.02591	0.157604	0.12553	0.0584101	0.432057	0.098336	0.151254	1.33105	0.0683052	0.0164351
1670000	-17.763	0	-17.763	0.159364	0.079826	0.174303	0.425571	0.158921	0.0919813	1.7062	0.196481	0.00454101
1680000	-20.53625	0	-20.53625	0.131885	0.248475	0.343642	0.196637	0.190708	0.216507	0.781985	0.662369	0.00665603
1690000	-33.31374	0	-33.31374	0.166016	0.18706	1.21143	0.236824	0.269524	0.377382	2.04635	0.389629	0.987127
1700000	-15.75008	0	-15.75008	0.132054	0.111227	0.278886	0.287324	0.140083	0.0659634	0.878701	1.14784	0.0780823
1710000	-19.5388	0	-19.5388	0.208813	0.222019	0.375895	0.321438	0.209307	0.115506	1.28514	1.98811	0.523968
1720000	-18.25234	0	-18.25234	0.163908	0.222099	0.222002	0.259261	0.0832758	0.118333	1.07144	1.77768	0.00418299
1730000	-17.49649	0	-17.49649	0.129915	0.179644	0.111758	0.375628	0.290919	0.0833375	1.95249	2.13559	0.966169
1740000	-20.94279	0	-20.94279	0.131809	0.1829	0.246629	0.481147	0.220207	0.151021	0.606699	0.158653	0.0546854
1750000	-13.88437	0	-13.88437	0.108052	0.107502	0.187425	0.274076	0.0937154	0.158396	1.69423	0.802487	0.0454938
1760000	-14.93116	0	-14.93116	0.123121	0.120746	0.171977	0.33049	0.0873783	0.0984836	2.46332	0.253131	0.139354
1770000	-22.8208	0	-22.8208	0.128848	0.162914	0.334778	0.322429	0.320233	0.270868	1.04625	0.474174	0.0131408
1780000	-16.38313	0	-16.38313	0.0534318	0.135892	0.158503	0.425586	0.13838	0.0587817	1.97681	0.404794	0.0297795
1790000	-13.12069	0	-13.12069	0.0818827	0.192573	0.131383	0.40726	0.115804	0.149072	1.32702	0.31641	1.28429
1800000	-25.73188	0	-25.73188	0.100875	0.165091	0.288833	0.576097	0.268286	0.203334	4.13937	0.314708	0.389849
1810000	-18.72903	0	-18.72903	0.243003	0.0981231	0.182584	0.533975	0.0977606	0.119652	0.705924	0.577102	0.111053
1820000	-19.63329	0	-19.63329	0.0591073	0.292406	0.232006	0.205952	0.196613	0.124636	0.392061	1.28504	0.212835
1830000	-20.58472	0	-20.58472	0.28546	0.198999	0.248685	0.357576	0.0451083	0.0473292	0.870219	3.02096	0.370345
1840000	-15.56724	0	-15.56724	0.107589	0.198264	0.14282	0.144168	0.120402	0.158994	1.2711	0.259633	2.60254
1850000	-17.43223	0	-17.43223	0.117746	0.170684	0.132457	0.229959	0.135813	0.212427	0.959762	3.96875	2.14153
1860000	-19.21335	0	-19.21335	0.267505	0.148159	0.235555	0.271512	0.115544	0.0726613	0.943117	1.1783	0.0282531
1870000	-19.73906	0	-19.73906	0.11969	0.207655	0.0859491	0.255576	0.0878206	0.120824	2.26791	5.52136	0.104125
1880000	-16.64869	0	-16.64869	0.130769	0.262387	0.168392	0.202766	0.076676	0.143355	1.08103	1.72446	0.0607846
1890000	-18.92007	0	-18.92007	0.0755395	0.156406	0.199551	0.395795	0.246956	0.143827	1.25692	1.25879	0.0662421
1900000	-17.44021	0	-17.44021	0.0663441	0.244044	0.143801	0.518783	0.12083	0.18856	3.88683	2.64056	1.02823
1910000	-21.1986	0	-21.1986	0.107317	0.403844	0.471609	0.479183	0.106805	0.0836956	3.38266	0.661573	1.30108
1920000	-21.3356	0	-21.3356	0.181231	0.141726	0.235995	0.435042	0.16645	0.269655	1.32826	0.306397	1.75863
1930000	-24.84779	0	-24.84779	0.456583	0.165174	0.259361	0.245476	0.087457	0.143238	0.670722	1.23746	0.00507892
1940000	-17.05564	0	-17.05564	0.123343	0.230886	0.270616	0.271191	0.115034	0.140282	0.805745	4.44013	0.0188631
1950000	-16.72791	0	-16.72791	0.0791305	0.165215	0.155766	0.215395	0.122016	0.212536	0.405763	1.6408	0.0422779
1960000	-19.68376	0	-19.68376	0.07384	0.0592289	0.268159	0.256779	0.0815161	0.121725	1.78719	1.85979	0.040284
1970000	-12.96054	0	-12.96054	0.138319	0.222055	0.0964321	0.276444	0.125833	0.0697677	0.899881	0.790272	2.02711
1980000	-16.20302	0	-16.20302	0.0792686	0.11998	0.184166	0.201975	0.196514	0.181837	2.83997	0.576974	0.161847
1990000	-17.41911	0	-17.41911	0.132047	0.14311	0.313485	0.24858	0.101913	0.119727	1.65917	0.195662	0.411404
2000000	-18.34307	0	-18.34307	0.106049	0.17506	0.134146	0.299155	0.0434335	0.124122	2.14306	0.898841	0.0859642
2010000	-19.32818	0	-19.32818	0.21252	0.139114	0.114255	0.255647	0.0534691	0.164234	3.01322	0.530954	0.579448
2020000	-17.07647	0	-17.07647	0.118925	0.324523	0.108736	0.278948	0.168005	0.398155	1.21423	0.273578	0.508785
2030000	-14.11284	0	-14.11284	0.106148	0.317741	0.223932	0.396408	0.075201	0.172339	2.34481	1.66378	0.223169
2040000	-17.25419	0	-17.25419	0.0663205	0.0726148	0.252208	0.101592	0.124325	0.0667891	1.82267	2.3422	0.0156557
2050000	-15.44781	0	-15.44781	0.231239	0.200682	0.190863	0.298037	0.142833	0.195323	0.315847	0.725482	0.0695376
2060000	-15.76192	0	-15.76192	0.182885	0.334096	0.105044	0.435327	0.250557	0.0998877	0.839031	3.196	0.132057
2070000	-20.29444	0	-20.29444	0.164284	0.352787	0.423935	0.230654	0.156512	0.168885	2.80668	0.93665	0.59386
2080000	-20.8546	0	-20.8546	0.060301	0.132525	0.0783178	0.270352	0.206001	0.13334	2.48502	0.131425	0.0764037
2090000	-14.58101	0	-14.58101	0.0801589	0.187719	0.156097	0.262041	0.0815736	0.090886	2.01572	0.626916	0.672353
2100000	-14.50065	0	-14.50065	0.0966767	0.144175	0.160678	0.210203	0.128759	0.0912312	3.49002	0.221704	0.0542537
2110000	-17.76906	0	-17.76906	0.0561821	0.269017	0.272095	0.45728	0.0928508	0.104048	1.93355	0.817055	0.139808
2120000	-14.46688	0	-14.46688	0.117836	0.133155	0.183802	0.269933	0.113329	0.0536762	3.8096	0.440143	0.0628188
2130000	-17.83684	0	-17.83684	0.168309	0.226688	0.0339949	0.182799	0.13047	0.0981154	0.60036	1.48954	0.815126
2140000	-14.82279	0	-14.82279	0.102857	0.121281	0.290713	0.21201	0.127448	0.0988758	1.44627	1.24748	0.100008
2150000	-20.25201	0	-20.25201	0.257941	0.177782	0.0950659	0.208716	0.109955	0.0730959	3.24303	1.06594	0.949248
2160000	-17.29158	0	-17.29158	0.0772041	0.205422	0.248559	0.254933	0.0442282	0.124639	2.46729	2.28322	1.55397
2170000	-18.16741	0	-18.16741	0.134837	0.13753	0.250329	0.206356	0.117393	0.335241	2.65237	1.43191	0.484056
2180000	-19.32962	0	-19.32962	0.154772	0.557687	0.123103	0.294412	0.113584	0.134867	3.14671	0.674535	0.750222
2190000	-17.99385	0	-17.99385	0.177401	0.224032	0.265694	0.366818	0.0963701	0.101499	1.41227	0.753322	0.0700246
2200000	-23.03619	0	-23.03619	0.113697	0.131753	0.123853	0.562263	0.163338	0.0624753	1.26805	1.03111	0.364083
2210000	-18.0727	0	-18.0727	0.148552	0.0764318	0.0918276	0.273478	0.31208	0.114655	1.1792	0.948999	0.107403
2220000	-16.4311	0	-16.4311	0.180146	0.343293	0.110428	0.157818	0.135792	0.246455	0.344588	2.14647	0.0950807
2230000	-17.71525	0	-17.71525	0.128304	0.108488	0.277286	0.284947	0.0905284	0.0654442	1.61506	2.35242	0.0200585
2240000	-20.31217	0	-20.31217	0.20805	0.277705	0.167559	0.368311	0.0956643	0.23865	4.39695	0.782965	0.40051
2250000	-18.58633	0	-18.58633	0.12451	0.180568	0.0573379	0.581277	0.144447	0.159365	4.76345	0.657573	1.5435
2260000	-16.62532	0	-16.62532	0.177845	0.361524	0.16755	0.254691	0.101762	0.161575	1.02267	0.276244	0.128997
2270000	-18.39051	0	-18.39051	0.118013	0.234071	0.112737	0.218082	0.287762	0.208251	1.46573	0.658334	3.24886
2280000	-14.88729	0	-14.88729	0.128959	0.316652	0.19466	0.228604	0.156253	0.134263	0.543752	1.06837	0.0280756
2290000	-21.43697	0	-21.43697	0.330767	0.112626	0.236229	0.399324	0.236515	0.185585	1.69135	1.00232	0.0397593
2300000	-19.61162	0	-19.61162	0.0758412	0.188645	0.137746	0.290745	0.119025	0.119564	0.283759	0.687091	0.0299129
2310000	-15.49552	0	-15.49552	0.0663659	0.359559	0.0832018	0.34643	0.155536	0.159132	2.10078	0.497159	0.422893
2320000	-29.38663	0	-29.38663	0.125	0.134063	0.24059	0.43314	0.0861331	0.098495	6.18056	0.796517	0.0416576
2330000	-19.47244	0	-19.47244	0.0757293	0.18362	0.340262	0.203064	0.0769058	0.14764	3.74466	2.10373	0.894959
2340000	-18.3952	0	-18.3952	0.0999677	0.115452	0.260441	0.263721	0.0890043	0.132404	1.6782	0.730959	0.450623
2350000	-17.4301	0	-17.4301	0.197607	0.0909593	0.0925438	0.520198	0.10815	0.128464	2.35437	0.372762	1.7546
2360000	-21.0125	0	-21.0125	0.256596	0.129202	0.35582	0.126657	0.0788773	0.221116	1.41832	1.48813	0.114966
2370000	-18.03926	0	-18.03926	0.104732	0.134167	0.200183	0.182187	0.113521	0.133541	1.77581	1.55618	0.18023
2380000	-16.83982	0	-16.83982	0.0484648	0.152479	0.147907	0.269331	0.118713	0.182428	0.734169	1.36999	0.00822218
2390000	-16.37801	0	-16.37801	0.143611	0.0939721	0.0702881	0.459426	0.133204	0.18118	0.749483	0.469502	0.371719
2400000	-13.17687	0	-13.17687	0.234778	0.277442	0.0879131	0.277698	0.0586681	0.126043	0.544238	1.39247	0.137854
2410000	-15.29964	0	-15.29964	0.090174	0.295383	0.136402	0.448137	0.0976364	0.133232	1.09696	0.871264	0.049726
2420000	-15.43397	0	-15.43397	0.076407	0.393375	0.0817372	0.272731	0.164478	0.0821988	0.87087	2.67441	1.34543
2430000	-15.90018	0	-15.90018	0.187804	0.184214	0.140056	0.199546	0.292755	0.140893	0.950178	0.750659	0.0258106
2440000	-18.86102	0	-18.86102	0.211332	0.180084	0.123824	0.277234	0.0593249	0.237136	3.29206	0.743231	0.222119
2450000	-17.32015	0	-17.32015	0.142248	0.484306	0.0974425	0.356969	0.206953	0.0792555	2.16136	1.58144	1.05433
2460000	-20.73932	0	-20.73932	0.163574	0.225736	0.255703	0.411775	0.278834	0.0677261	1.37129	0.403813	0.0248541
2470000	-21.66329	0	-21.66329	0.0727895	0.229065	0.180188	0.231672	0.171438	0.107042	1.67174	0.670094	0.0362638
2480000	-19.13706	0	-19.13706	0.317206	0.345473	0.0951399	0.351979	0.214995	0.164236	0.701751	0.604054	0.554727
2490000	-19.25256	0	-19.25256	0.075693	0.0696847	0.440323	0.28052	0.151214	0.0613572	3.60264	1.73584	0.0239161
2500000	-19.57562	0	-19.57562	0.115707	0.0972343	0.20801	0.247342	0.13586	0.266413	0.864969	0.145272	0.0187837
2510000	-21.84429	0	-21.84429	0.128847	0.146058	0.183575	0.339202	0.108222	0.197553	0.483135	0.623074	0.00992957
2520000	-20.20664	0	-20.20664	0.185469	0.360193	0.165884	0.358079	0.121045	0.300126	2.28633	0.589888	0.0730723
2530000	-15.72395	0	-15.72395	0.135998	0.25358	0.192965	0.410663	0.0509511	0.0887268	1.33203	0.51739	0.372592
2540000	-22.78488	0	-22.78488	0.182787	0.388807	0.179656	0.120019	0.14243	0.294937	0.586502	2.0127	0.415411
2550000	-17.21832	0	-17.21832	0.0970676	0.214765	0.0873937	0.146326	0.120054	0.327984	0.652538	1.06624	0.149513
2560000	-19.76207	0	-19.76207	0.0833067	0.223446	0.170301	0.47909	0.264749	0.107067	1.6743	2.37856	0.0254587
2570000	-23.82316	0	-23.82316	0.0465875	0.261086	0.108443	0.129448	0.113744	0.12052	1.47613	0.0861974	0.0015282
2580000	-22.52291	0	-22.52291	0.171478	0.0715639	0.223971	0.457317	0.195266	0.118772	2.04757	0.798983	0.221982
2590000	-19.38361	0	-19.38361	0.10194	0.340075	0.218077	0.519831	0.0832516	0.221704	2.72748	0.385858	1.10606
2600000	-18.76089	0	-18.76089	0.21981	0.112579	0.348015	0.242437	0.10846	0.124454	3.70371	2.47259	0.0296889
2610000	-15.95692	0	-15.95692	0.116677	0.102551	0.260782	0.371874	0.0628843	0.0596795	0.440117	0.680336	0.0263865
2620000	-28.06834	0	-28.06834	0.21611	0.109644	0.0741297	0.271015	0.10927	0.0535443	0.252862	0.606247	0.00525629
2630000	-27.34803	0	-27.34803	0.157994	0.051677	0.415279	0.223257	0.335758	0.315056	1.02024	0.834664	0.0415418
2640000	-13.79944	0	-13.79944	0.113414	0.208094	0.178935	0.267134	0.160518	0.0924086	2.37022	0.620822	0.110114
2650000	-26.73675	0	-26.73675	0.263208	0.138606	0.0816803	0.256116	0.22344	0.24781	3.50194	0.159566	0.137733
2660000	-19.67835	0	-19.67835	0.138533	0.0650014	0.175174	0.11591	0.161375	0.114252	1.25356	1.32032	0.00577607
2670000	-18.9313	0	-18.9313	0.214017	0.432012	0.19535	0.314972	0.231053	0.123055	2.03476	1.30318	1.81432
2680000	-18.34557	0	-18.34557	0.0688551	0.24077	0.165151	0.375276	0.174229	0.104724	0.689695	4.19177	0.561406
2690000	-21.21291	0	-21.21291	0.180818	0.242685	0.208065	0.321874	0.248614	0.0743479	0.567095	3.96891	1.97794
2700000	-13.19939	0	-13.19939	0.142697	0.109171	0.130521	0.249826	0.122956	0.0665036	1.68506	0.788733	0.0449651
2710000	-19.4918	0	-19.4918	0.0774775	0.18101	0.231246	0.331538	0.137897	0.214892	2.31964	0.537611	0.0199072
2720000	-19.07799	0	-19.07799	0.158578	0.321179	0.191331	0.549103	0.0954741	0.136264	1.67068	0.593651	1.05917
2730000	-15.93021	0	-15.93021	0.0992486	0.312187	0.196358	0.20795	0.112477	0.071639	0.299512	0.552089	0.0166832
2740000	-21.13533	0	-21.13533	0.110538	0.108384	0.318328	0.117106	0.116189	0.173234	0.45383	0.0691512	0.0976045
2750000	-22.9231	0	-22.9231	0.224304	0.141936	0.224535	0.0756426	0.111755	0.0509198	2.15419	0.680074	0.00211666
2760000	-22.69577	0	-22.69577	0.168555	0.36029	0.0701153	0.148762	0.0630116	0.0775587	1.87302	0.315492	0.435479
2770000	-19.63001	0	-19.63001	0.27643	0.146921	0.126251	0.221889	0.0911786	0.0888092	1.1371	0.997069	0.147816
2780000	-18.69613	0	-18.69613	0.127338	0.0921675	0.139437	0.307548	0.121268	0.0561486	1.82803	0.657853	0.000267498
2790000	-17.83307	0	-17.83307	0.175183	0.16931	0.109018	0.313262	0.0514918	0.275272	0.374864	0.564001	0.0282314
2800000	-17.76565	0	-17.76565	0.159206	0.245245	0.145245	0.291905	0.152567	0.277336	1.78753	2.2262	1.4488
2810000	-17.49961	0	-17.49961	0.166715	0.210143	0.0640549	0.195985	0.253648	0.0459081	2.23554	2.59053	1.32356
2820000	-16.70707	0	-16.70707	0.169952	0.0960373	0.14695	0.244689	0.1379	0.120322	0.898102	1.36196	0.00653486
2830000	-15.91947	0	-15.91947	0.0949179	0.216396	0.171998	0.600015	0.104799	0.0719187	0.682711	0.637412	0.36481
2840000	-21.94903	0	-21.94903	0.356827	0.0648302	0.162717	0.175048	0.101821	0.154291	0.849839	0.248859	0.980021
2850000	-17.93503	0	-17.93503	0.23167	0.258524	0.110495	0.53267	0.172331	0.189256	1.41969	2.77665	1.11921
2860000	-18.18328	0	-18.18328	0.0998692	0.243248	0.169399	0.116795	0.119372	0.131537	2.10653	0.229709	0.355699
2870000	-21.19606	0	-21.19606	0.0904817	0.378849	0.196707	0.279033	0.131693	0.11349	1.18016	0.201215	0.0121392
2880000	-20.07629	0	-20.07629	0.0904494	0.0468657	0.116757	0.179417	0.0743811	0.0888067	1.80097	0.202077	0.000577553
2890000	-14.35578	0	-14.35578	0.0858913	0.220032	0.16773	0.250231	0.0655346	0.0943435	1.03488	0.506847	0.0901025
2900000	-18.02275	0	-18.02275	0.0812756	0.145023	0.17305	0.125537	0.286532	0.140725	3.49533	0.610373	0.455373
2910000	-18.95298	0	-18.95298	0.311721	0.125303	0.381091	0.236418	0.0951494	0.0809876	1.08763	4.12795	0.0284113
2920000	-23.55683	0	-23.55683	0.162078	0.0917936	0.13791	0.238714	0.353467	0.159562	0.665161	0.218763	0.0961015
2930000	-16.52109	0	-16.52109	0.13746	0.258977	0.115662	0.361828	0.107313	0.0520546	0.792699	0.44496	0.0419589
2940000	-17.86499	0	-17.86499	0.156557	0.136929	0.244047	0.285231	0.06265	0.164098	1.63084	1.14559	1.01507
2950000	-17.12928	0	-17.12928	0.106066	0.110457	0.0766506	0.285655	0.226256	0.20992	0.918929	0.623109	0.198933
2960000	-22.24149	0	-22.24149	0.243736	0.125549	0.32513	0.219301	0.1406	0.0753308	2.25545	1.13998	2.70293
2970000	-14.30239	0	-14.30239	0.125906	0.37861	0.215166	0.211222	0.0920602	0.200436	0.428573	0.986739	0.317636
2980000	-16.91489	0	-16.91489	0.116177	0.219847	0.124106	0.190294	0.117313	0.0644626	1.24771	0.41629	1.70156
2990000	-17.32186	0	-17.32186	0.106648	0.141311	0.300525	0.189175	0.0678502	0.118397	1.09936	0.758825	0.460646
3000000	-20.05187	0	-20.05187	0.131115	0.117479	0.180402	0.305721	0.104546	0.1297	2.21939	0.225197	0.0377811
3010000	-20.00114	0	-20.00114	0.172919	0.0795403	0.356907	0.579425	0.224703	0.23311	1.03568	0.324816	0.0395011
3020000	-14.09539	0	-14.09539	0.111312	0.143501	0.09592	0.157796	0.190873	0.123796	1.4712	0.495782	0.00936076
3030000	-20.6954	0	-20.6954	0.244894	0.268163	0.131296	0.477878	0.20186	0.242873	1.38676	0.605255	0.658669
3040000	-16.51239	0	-16.51239	0.0625578	0.118331	0.288331	0.387485	0.113224	0.108131	0.477071	0.118757	0.00849969
3050000	-19.17352	0	-19.17352	0.0740398	0.53043	0.104704	0.324273	0.268085	0.143773	1.6646	3.37729	0.210807
3060000	-14.14828	0	-14.14828	0.080491	0.318672	0.0846147	0.15258	0.115295	0.123951	0.959058	0.754118	1.06323
3070000	-20.53525	0	-20.53525	0.12747	0.319157	0.165409	0.226169	0.129756	0.350711	1.09343	0.329936	0.182181
3080000	-24.42547	0	-24.42547	0.20871	0.190316	0.0731004	0.333641	0.0610472	0.0624081	2.497	0.792358	0.0944256
3090000	-13.52341	0	-13.52341	0.131539	0.270918	0.100044	0.331549	0.185204	0.0601294	0.752643	1.70958	0.526611
3100000	-17.55638	0	-17.55638	0.145727	0.333137	0.196243	0.244787	0.133845	0.22983	3.17761	1.23877	1.37842
3110000	-17.17476	0	-17.17476	0.143944	0.0962348	0.195763	0.239198	0.174316	0.0415929	0.834813	0.860309	0.104451
3120000	-15.35482	0	-15.35482	0.0720476	0.100654	0.0759697	0.13899	0.130265	0.243457	1.10983	1.11083	0.0771287
3130000	-16.53388	0	-16.53388	0.122754	0.163678	0.142502	0.23799	0.15008	0.206953	0.929046	1.47507	1.13948
3140000	-19.00301	0	-19.00301	0.141175	0.225451	0.154193	0.526017	0.0960887	0.0923492	0.829479	2.11656	0.266146
3150000	-14.90776	0	-14.90776	0.0960415	0.195536	0.0947672	0.257442	0.109258	0.10047	0.541846	0.453863	0.0108212
3160000	-20.25362	0	-20.25362	0.0988617	0.232054	0.271279	0.469138	0.154383	0.132034	3.43066	2.06331	0.855077
3170000	-15.24222	0	-15.24222	0.0871065	0.159391	0.181031	0.176167	0.0765241	0.0980225	1.81304	1.02056	0.938505
3180000	-17.89415	0	-17.89415	0.122008	0.127981	0.51681	0.194352	0.0902429	0.126246	0.837891	2.60322	0.151817
3190000	-23.11111	0	-23.11111	0.0951542	0.337111	0.487297	0.565346	0.0976881	0.175907	2.00393	0.549354	1.72876
3200000	-17.36052	0	-17.36052	0.275362	0.153032	0.147643	0.12555	0.118623	0.0792585	0.982544	1.56126	0.0588621
3210000	-20.56125	0	-20.56125	0.0589268	0.242099	0.0776901	0.175587	0.173803	0.118326	2.62475	0.669945	0.00162389
3220000	-23.3112	0	-23.3112	0.202928	0.320955	0.653512	0.414025	0.206709	0.140894	0.448709	0.428634	0.874801
3230000	-21.25993	0	-21.25993	0.101081	0.174056	0.188555	0.608225	0.244702	0.11186	2.72199	1.18757	0.38634
3240000	-24.24917	0	-24.24917	0.149362	0.274834	0.354986	0.501118	0.377067	0.102267	0.356708	0.271381	0.295724
3250000	-17.13903	0	-17.13903	0.109962	0.073802	0.167231	0.211196	0.113953	0.07195	1.56035	1.32393	0.0319568
3260000	-19.63105	0	-19.63105	0.130572	0.250107	0.487681	0.0793991	0.129523	0.0821439	1.02624	2.9365	0.241105
3270000	-23.2148	0	-23.2148	0.31855	0.0686083	0.284785	0.157312	0.135759	0.0658534	3.45581	0.47441	0.386414
3280000	-25.82534	0	-25.82534	0.267695	0.335427	0.341983	0.197145	0.068572	0.0573082	4.35664	0.873033	0.453732
3290000	-22.8283	0	-22.8283	0.115833	0.110438	0.1011	0.25246	0.173717	0.0898595	1.13834	0.156051	0.00555046
3300000	-21.52207	0	-21.52207	0.101578	0.277008	0.395331	0.381191	0.137545	0.119173	0.70246	0.0981906	0.00466688
3310000	-13.86535	0	-13.86535	0.119268	0.122241	0.239553	0.261303	0.164617	0.0996882	2.13887	0.249006	0.0142438
3320000	-15.68162	0	-15.68162	0.259969	0.162965	0.182226	0.264537	0.152448	0.101628	1.9266	0.688329	0.225763
3330000	-21.30815	0	-21.30815	0.187598	0.186932	0.0297584	0.301541	0.138159	0.187689	4.54947	2.3639	0.222551
3340000	-20.05939	0	-20.05939	0.275007	0.190823	0.125655	0.516084	0.168887	0.219156	0.304681	0.392792	0.568918
3350000	-19.84545	0	-19.84545	0.244001	0.157023	0.214357	0.239054	0.125125	0.157622	1.69776	1.01623	3.26335
3360000	-17.53058	0	-17.53058	0.143801	0.539623	0.111776	0.221778	0.0873834	0.201926	1.82211	0.60246	0.675331
3370000	-23.35484	0	-23.35484	0.0721813	0.256455	0.110986	0.197234	0.304793	0.107846	2.08689	0.70915	0.0162018
3380000	-19.06203	0	-19.06203	0.37431	0.130316	0.149073	0.405745	0.219082	0.0852709	1.34107	1.55953	0.49913
3390000	-16.55743	0	-16.55743	0.0812962	0.306857	0.230266	0.160382	0.152171	0.149658	3.26238	0.908926	0.175626
3400000	-23.13439	0	-23.13439	0.0590368	0.495405	0.270773	0.192375	0.395561	0.275416	2.97907	1.53797	1.48496
3410000	-18.66399	0	-18.66399	0.199164	0.14217	0.0906565	0.175086	0.0851687	0.145915	1.85103	0.192881	0.349462
3420000	-18.67618	0	-18.67618	0.0737356	0.134974	0.280324	0.249223	0.0883673	0.126284	3.02972	0.414551	0.372524
3430000	-17.03553	0	-17.03553	0.0664585	0.242175	0.23322	0.335615	0.112227	0.0886864	0.715305	0.758392	0.110471
3440000	-14.7226	0	-14.7226	0.0431415	0.43649	0.117193	0.381119	0.0808671	0.158326	1.76231	0.765311	0.0120099
3450000	-17.4388	0	-17.4388	0.111647	0.127501	0.29116	0.265854	0.115619	0.349244	1.91633	0.510419	1.16963
3460000	-16.18238	0	-16.18238	0.1577	0.188589	0.0757267	0.353192	0.101692	0.198947	1.11672	2.28288	1.97623
3470000	-18.58511	0	-18.58511	0.0828624	0.368821	0.193765	0.199425	0.196233	0.160629	1.52091	3.84724	2.49913
3480000	-17.56274	0	-17.56274	0.248397	0.410052	0.120044	0.301204	0.100045	0.151783	1.17617	0.952023	0.0523207
3490000	-18.94096	0	-18.94096	0.0891313	0.113182	0.490514	0.182411	0.128712	0.164385	1.65787	0.411931	0.220456
3500000	-18.67291	0	-18.67291	0.0853238	0.158661	0.163214	0.347516	0.111674	0.138303	1.02719	1.21257	0.0708433
3510000	-23.91882	0	-23.91882	0.097865	0.0875595	0.322936	0.345375	0.241652	0.196384	3.29256	1.20617	0.0378171
3520000	-15.52543	0	-15.52543	0.143036	0.140099	0.0861077	0.301413	0.111445	0.143357	2.53266	0.841906	0.0778731
3530000	-19.41005	0	-19.41005	0.271073	0.304937	0.156425	0.170892	0.162059	0.114668	3.20148	0.857044	0.00812844
3540000	-18.87036	0	-18.87036	0.262953	0.132059	0.190342	0.398848	0.138187	0.141037	0.950189	0.516603	0.051304
3550000	-18.66864	0	-18.66864	0.194556	0.255241	0.166267	0.357202	0.233884	0.271664	1.29927	0.949784	0.48947
3560000	-21.34963	0	-21.34963	0.101858	0.284563	0.123495	0.374645	0.166874	0.056989	1.43478	0.484517	0.383722
3570000	-16.88066	0	-16.88066	0.114061	0.164697	0.227169	0.199982	0.164161	0.222501	1.54653	0.789536	0.0337761
3580000	-18.36789	0	-18.36789	0.138946	0.110843	0.187637	0.322757	0.0686125	0.108614	0.945199	0.947743	0.0721631
3590000	-14.7072	0	-14.7072	0.221052	0.213655	0.15501	0.197589	0.0911125	0.0682029	0.802707	0.880163	0.0172619
3600000	-18.73655	0	-18.73655	0.102969	0.163597	0.219788	0.208586	0.200037	0.168641	0.176085	1.88475	0.345588
3610000	-14.982	0	-14.982	0.0902528	0.219998	0.107799	0.163579	0.113818	0.297377	2.20514	0.905993	0.810511
3620000	-18.07901	0	-18.07901	0.21028	0.354183	0.0653035	0.200362	0.07319	0.179681	0.700985	2.83888	0.674088
3630000	-19.6242	0	-19.6242	0.0633971	0.141479	0.121362	0.309714	0.239931	0.139128	2.5421	0.180053	0.0222672
3640000	-17.48107	0	-17.48107	0.184259	0.129098	0.152082	0.0992163	0.134532	0.138178	1.99594	2.77343	2.2744
3650000	-20.5667	0	-20.5667	0.0727576	0.210771	0.162165	0.569252	0.0702603	0.0823522	3.27583	3.85223	0.475506
3660000	-19.52129	0	-19.52129	0.150564	0.297584	0.22234	0.295423	0.14405	0.118854	1.56905	1.33705	0.120215
3670000	-19.60991	0	-19.60991	0.0801078	0.199669	0.0988987	0.199212	0.322073	0.110898	2.13125	0.92775	0.236039
3680000	-19.03227	0	-19.03227	0.162668	0.230888	0.0940086	0.204146	0.0664778	0.148993	0.305388	0.18122	0.0338116
3690000	-18.32332	0	-18.32332	0.106061	0.188761	0.230255	0.297913	0.127723	0.182404	0.946623	0.60315	0.0346245
3700000	-14.67575	0	-14.67575	0.123301	0.135081	0.109926	0.275965	0.155974	0.101579	1.13385	0.988697	0.846159
3710000	-14.55439	0	-14.55439	0.106454	0.183345	0.122173	0.1492	0.0501255	0.118015	0.673244	0.457338	0.770678
3720000	-20.73882	0	-20.73882	0.137935	0.174796	0.102798	0.394662	0.223351	0.112851	2.82267	0.241704	0.0625093
3730000	-14.60514	0	-14.60514	0.111905	0.199897	0.104415	0.236998	0.183727	0.129772	0.892121	0.307014	0.0601584
3740000	-13.17224	0	-13.17224	0.122104	0.148554	0.140793	0.237834	0.121845	0.0942022	1.31128	1.21744	0.0905093
3750000	-20.3988	0	-20.3988	0.117279	0.168682	0.187125	0.137536	0.163167	0.367884	1.10739	0.544631	0.431363
3760000	-14.53468	0	-14.53468	0.0976141	0.130593	0.177784	0.176971	0.0914362	0.157308	0.848671	0.795379	0.0995142
3770000	-19.16467	0	-19.16467	0.176607	0.255388	0.363936	0.237859	0.202286	0.108028	0.51699	0.481886	0.698466
3780000	-15.364	0	-15.364	0.0747066	0.207228	0.116461	0.139068	0.112752	0.0464346	1.3114	1.18936	0.0429738
3790000	-21.10025	0	-21.10025	0.0771954	0.228328	0.224409	0.538357	0.221352	0.16316	0.800957	0.784959	0.0749245
3800000	-24.26956	0	-24.26956	0.112024	0.228964	0.0945482	0.278346	0.0561216	0.0909624	1.7102	0.543004	0.114809
3810000	-19.15894	0	-19.15894	0.188952	0.302927	0.141004	0.258704	0.234053	0.132209	1.56296	0.677094	0.473592
3820000	-15.95222	0	-15.95222	0.14317	0.254182	0.0971342	0.13783	0.122591	0.145838	1.4409	2.56949	0.393425
3830000	-15.30266	0	-15.30266	0.156393	0.201198	0.137592	0.120764	0.13166	0.0856297	0.897254	1.13703	0.798371
3840000	-19.1326	0	-19.1326	0.33495	0.317126	0.36251	0.199032	0.179235	0.0807542	1.2264	1.49602	0.388899
3850000	-16.40376	0	-16.40376	0.138489	0.311906	0.0916714	0.3619	0.101478	0.112731	2.26593	1.06212	0.407628
3860000	-18.17723	0	-18.17723	0.0788811	0.323458	0.0580433	0.297958	0.200531	0.158891	3.34936	0.93952	0.335094
3870000	-18.08564	0	-18.08564	0.163728	0.154066	0.113046	0.541141	0.116986	0.210159	0.556233	0.127513	0.114522
3880000	-17.64406	0	-17.64406	0.078976	0.195789	0.162387	0.262972	0.152036	0.401944	3.09191	2.46692	0.336386
3890000	-18.28617	0	-18.28617	0.0748194	0.14592	0.0730769	0.381102	0.065923	0.101049	0.340879	0.541496	3.67893
3900000	-19.63922	0	-19.63922	0.202248	0.234814	0.279975	0.316466	0.114595	0.144175	1.15856	0.144945	0.0572146
3910000	-20.75574	0	-20.75574	0.0975241	0.121192	0.0994918	0.533933	0.158721	0.189578	1.56432	2.42916	0.0798163
3920000	-17.18272	0	-17.18272	0.158009	0.246679	0.0984482	0.167018	0.122964	0.178451	0.636359	1.00509	0.0285076
3930000	-18.72249	0	-18.72249	0.0698884	0.0944961	0.101492	0.206954	0.0695726	0.0778729	1.70746	0.441532	0.108075
3940000	-19.17847	0	-19.17847	0.239454	0.158139	0.125993	0.463743	0.148531	0.0659813	0.665956	1.81597	0.29853
3950000	-14.7543	0	-14.7543	0.0929951	0.271218	0.0930367	0.212002	0.0888883	0.128048	1.59453	2.49719	0.875394
3960000	-13.73923	0	-13.73923	0.0763762	0.285757	0.141105	0.208684	0.153581	0.13401	2.90813	0.963284	0.4794
3970000	-25.51501	0	-25.51501	0.0729442	0.113329	0.0736136	0.19828	0.0775525	0.0578037	1.02964	0.365146	0.0252155
3980000	-24.66998	0	-24.66998	0.0850127	0.123274	0.111479	0.429898	0.210395	0.0843389	0.634224	0.194002	0.0638187
3990000	-25.91175	0	-25.91175	0.115723	0.0924488	0.1369	0.247521	0.219827	0.103948	2.07318	0.217939	0.0136876
4000000	-22.07163	0	-22.07163	0.0843227	0.0921244	0.133501	0.438945	0.139102	0.0733683	0.802909	3.81222	0.0517897
4010000	-16.66102	0	-16.66102	0.111345	0.115566	0.136265	0.399071	0.0958202	0.101145	0.692501	0.484556	0.0811969
4020000	-17.46526	0	-17.46526	0.103076	0.245524	0.0921996	0.161235	0.171115	0.11947	2.88948	0.480697	2.77621
4030000	-19.86848	0	-19.86848	0.0872035	0.0566148	0.188149	0.276456	0.100659	0.332746	1.85021	0.54213	0.0330417
4040000	-15.02542	0	-15.02542	0.147724	0.136879	0.395844	0.302495	0.0918449	0.112096	0.324832	1.14475	0.0630478
4050000	-23.07504	0	-23.07504	0.0277828	0.09358	0.130542	0.416834	0.303389	0.174665	1.78944	1.39202	0.0435522
4060000	-18.06888	0	-18.06888	0.0992853	0.310446	0.211617	0.317579	0.12301	0.187486	0.373826	1.67819	0.0500762
4070000	-17.06906	0	-17.06906	0.11297	0.0581058	0.210644	0.291482	0.0763302	0.0734436	1.86264	0.247407	0.0318985
4080000	-15.07115	0	-15.07115	0.116353	0.241955	0.032524	0.144893	0.10448	0.0865713	2.00809	1.01945	0.243727
4090000	-20.17982	0	-20.17982	0.33957	0.0546918	0.229801	0.171564	0.0776622	0.277603	0.528459	1.93235	0.0296653
4100000	-19.60024	0	-19.60024	0.11472	0.288221	0.105473	0.464873	0.229573	0.0613907	0.8108	0.654749	0.0392267
4110000	-17.30869	0	-17.30869	0.145861	0.103932	0.178957	0.357225	0.323319	0.0903879	0.680833	0.553208	0.0438098
4120000	-20.99774	0	-20.99774	0.0985769	0.302883	0.158863	0.0940169	0.308956	0.0305083	1.71809	1.96516	1.16029
4130000	-18.21819	0	-18.21819	0.0968349	0.102766	0.0709867	0.25712	0.265055	0.323485	1.48019	0.886758	0.28785
4140000	-29.06421	0	-29.06421	0.21672	0.531835	0.16944	0.157881	0.0660015	0.178983	4.32366	6.69513	0.0465291
4150000	-14.6772	0	-14.6772	0.179625	0.292414	0.185606	0.267609	0.0928996	0.108603	0.840491	0.491267	1.21109
4160000	-18.06127	0	-18.06127	0.173372	0.0745757	0.0916896	0.271931	0.199721	0.152574	1.38346	3.86559	0.528516
4170000	-13.48286	0	-13.48286	0.12439	0.244194	0.126362	0.1343	0.0900563	0.125391	1.5905	1.05234	1.55278
4180000	-19.73408	0	-19.73408	0.168301	0.206774	0.103168	0.450526	0.185126	0.218293	2.38576	0.500962	0.0612582
4190000	-15.93795	0	-15.93795	0.0691195	0.211329	0.152897	0.536256	0.180896	0.0815686	0.810309	0.76372	1.14728
4200000	-20.80233	0	-20.80233	0.133474	0.402363	0.148596	0.566526	0.16222	0.113488	1.7995	0.458774	0.0286825
4210000	-22.74816	0	-22.74816	0.180074	0.241334	0.165897	0.27561	0.14793	0.0632257	2.27496	0.999607	0.0342898
4220000	-15.1304	0	-15.1304	0.0615245	0.181566	0.135657	0.618651	0.0971364	0.186038	1.26203	0.857239	0.88546
4230000	-21.66562	0	-21.66562	0.0820815	0.278143	0.17116	0.464836	0.0503584	0.183482	0.968065	0.558142	0.754826
4240000	-19.43793	0	-19.43793	0.0746839	0.172543	0.145756	0.426679	0.153845	0.0581423	1.53768	0.336867	0.259488
4250000	-18.50629	0	-18.50629	0.120693	0.301866	0.141147	0.20179	0.219128	0.274977	1.84895	0.244626	1.6092
4260000	-16.37367	0	-16.37367	0.13943	0.21726	0.218579	0.2445	0.138247	0.253041	0.518046	1.80159	0.48108
4270000	-17.20168	0	-17.20168	0.141322	0.288877	0.107576	0.26971	0.220971	0.101486	5.03339	2.93113	0.850677
4280000	-18.57988	0	-18.57988	0.128372	0.114258	0.146747	0.559616	0.131912	0.099499	0.907828	0.411639	0.794492
4290000	-25.29658	0	-25.29658	0.0995965	0.151104	0.295686	0.207766	0.293486	0.15478	2.80824	0.696333	0.0442422
4300000	-18.15819	0	-18.15819	0.185899	0.118708	0.120568	0.240301	0.0976062	0.0892584	1.58346	0.190915	0.0050183
4310000	-20.11382	0	-20.11382	0.165177	0.0951231	0.156112	0.595794	0.0747822	0.0550664	1.05025	1.49157	0.0283346
4320000	-13.74407	0	-13.74407	0.146461	0.232726	0.07798	0.23534	0.18218	0.149429	1.82329	1.05793	0.306805
4330000	-18.2986	0	-18.2986	0.290434	0.0761024	0.205083	0.197731	0.145414	0.0922548	1.84935	0.404441	0.0803514
4340000	-21.36951	0	-21.36951	0.160177	0.201632	0.181615	0.359731	0.089469	0.0716411	0.949063	0.582996	0.00401868
4350000	-16.79885	0	-16.79885	0.199574	0.172522	0.116191	0.218819	0.136736	0.12972	2.58608	0.990705	1.03781
4360000	-14.50128	0	-14.50128	0.0736985	0.161587	0.0909023	0.32204	0.167362	0.230003	0.823614	1.80466	0.0641226
4370000	-17.35122	0	-17.35122	0.0945949	0.053946	0.110546	0.191898	0.123475	0.123235	0.950112	0.87907	0.337954
4380000	-16.28831	0	-16.28831	0.13779	0.114913	0.11041	0.238169	0.196251	0.297014	1.60451	0.643472	1.39364
4390000	-18.93529	0	-18.93529	0.180115	0.135852	0.290025	0.220184	0.260606	0.268087	0.341483	0.630388	0.348873
4400000	-17.63139	0	-17.63139	0.169142	0.190962	0.332914	0.29935	0.187598	0.1753	1.54119	0.733	0.473958
4410000	-15.15275	0	-15.15275	0.1231	0.175714	0.101274	0.247457	0.132579	0.101751	1.04486	0.233867	0.0942081
4420000	-17.87142	0	-17.87142	0.112242	0.279381	0.156978	0.371919	0.187821	0.0484355	0.597978	0.724192	3.10192
4430000	-17.5801	0	-17.5801	0.322378	0.241171	0.199583	0.387851	0.0613559	0.046305	0.924795	0.934715	0.231098
4440000	-21.7352	0	-21.7352	0.219697	0.19441	0.317686	0.1718	0.160597	0.129987	5.19141	0.291111	0.291136
4450000	-13.56763	0	-13.56763	0.0739418	0.382334	0.120382	0.225612	0.10211	0.0456716	1.5536	0.270032	0.0789418
4460000	-13.46371	0	-13.46371	0.130562	0.211234	0.135414	0.383884	0.115752	0.238507	2.28938	0.5492	0.423348
4470000	-25.33729	0	-25.33729	0.425665	0.0609661	0.156301	0.0968821	0.0861688	0.154323	2.28594	0.988858	0.234701
4480000	-22.25725	0	-22.25725	0.089798	0.296823	0.0872053	0.253402	0.143921	0.0554861	5.86995	1.54794	0.772138
4490000	-17.65376	0	-17.65376	0.266707	0.101239	0.19729	0.360679	0.112214	0.0690795	0.971118	0.302804	0.3375
4500000	-18.99314	0	-18.99314	0.192143	0.31198	0.123417	0.456867	0.0995113	0.23772	1.194	1.13567	0.240285
4510000	-23.2859	0	-23.2859	0.244374	0.177915	0.146243	0.191564	0.11232	0.17945	5.31221	2.00155	0.78025
4520000	-15.74646	0	-15.74646	0.0631626	0.180167	0.150617	0.442768	0.0950435	0.0929585	1.25398	4.48056	0.160526
4530000	-17.48359	0	-17.48359	0.149315	0.34429	0.204638	0.25826	0.155974	0.22251	1.02611	2.40974	1.26356
4540000	-17.80759	0	-17.80759	0.160657	0.0641402	0.111152	0.218296	0.0468701	0.186997	1.99489	0.130535	0.173296
4550000	-17.15674	0	-17.15674	0.241447	0.111848	0.126042	0.204898	0.137388	0.237016	0.605199	2.47885	0.0926832
4560000	-17.95948	0	-17.95948	0.199928	0.211241	0.117571	0.319698	0.206038	0.0490307	1.49843	0.821488	0.130571
4570000	-18.90131	0	-18.90131	0.152342	0.100907	0.0743978	0.332164	0.202184	0.167591	2.21041	1.83788	0.295403
4580000	-18.04913	0	-18.04913	0.0413255	0.180588	0.296051	0.209206	0.271765	0.0803942	1.60625	0.511018	0.0695542
4590000	-16.69636	0	-16.69636	0.0927477	0.146225	0.147913	0.384106	0.118902	0.154447	1.30306	0.842277	0.0105907
4600000	-15.15459	0	-15.15459	0.163637	0.345316	0.132399	0.473689	0.0870275	0.0944771	0.44101	2.12815	0.231069
4610000	-16.21605	0	-16.21605	0.0945533	0.0800104	0.397993	0.200304	0.114556	0.161863	1.24971	2.01134	0.384939
4620000	-18.29135	0	-18.29135	0.110476	0.166649	0.240073	0.184416	0.125831	0.199342	2.78292	2.59811	2.36289
4630000	-18.2938	0	-18.2938	0.258271	0.21968	0.258497	0.314403	0.0486559	0.111043	3.77732	2.01566	0.0464244
4640000	-18.42539	0	-18.42539	0.214861	0.161342	0.247231	0.274004	0.0575443	0.0840387	4.31918	1.74612	0.0872913
4650000	-20.56267	0	-20.56267	0.18862	0.160051	0.154881	0.268443	0.17251	0.0953545	3.45382	0.818121	0.00526911
4660000	-14.93153	0	-14.93153	0.30632	0.212597	0.096495	0.209371	0.114461	0.114573	0.233955	1.69683	0.303484
4670000	-15.85676	0	-15.85676	0.111878	0.195351	0.115429	0.229537	0.104852	0.139474	6.28359	0.738501	0.652642
4680000	-20.73199	0	-20.73199	0.0853231	0.151224	0.7519	0.260154	0.110541	0.106621	0.393837	0.39015	0.672216
4690000	-21.17477	0	-21.17477	0.140648	0.155322	0.137213	0.188597	0.147522	0.121197	7.94865	0.78836	0.295727
4700000	-21.71612	0	-21.71612	0.0275991	0.225988	0.211942	0.182932	0.0731342	0.15358	4.64285	1.39	0.07061
4710000	-15.54717	0	-15.54717	0.17061	0.161659	0.138806	0.44591	0.0567094	0.0768152	1.05116	0.359547	0.0154239
4720000	-15.76154	0	-15.76154	0.0901238	0.140871	0.0849429	0.338521	0.125811	0.132636	1.59198	1.67711	0.0491351
4730000	-18.54819	0	-18.54819	0.207601	0.216757	0.0974551	0.196607	0.308766	0.140667	0.427151	2.19028	0.147594
4740000	-19.58305	0	-19.58305	0.11834	0.206118	0.131167	0.189717	0.171798	0.0494964	1.18966	0.819714	0.166782
4750000	-17.93548	0	-17.93548	0.0516209	0.270057	0.15409	0.157855	0.166927	0.0854709	0.90243	2.56116	0.248829
4760000	-15.47398	0	-15.47398	0.0879019	0.249562	0.111162	0.293425	0.232981	0.126541	2.42651	1.03079	0.377472
4770000	-22.65927	0	-22.65927	0.112821	0.104523	0.15439	0.273243	0.128308	0.393185	1.91953	1.55168	0.109073
4780000	-18.29116	0	-18.29116	0.274809	0.219709	0.0941937	0.238085	0.149529	0.0943659	0.754418	1.07079	0.00245812
4790000	-14.91328	0	-14.91328	0.0555382	0.240333	0.18306	0.219744	0.344857	0.136526	0.614162	1.63796	0.126486
4800000	-14.5634	0	-14.5634	0.0951237	0.0787105	0.21534	0.208933	0.0583597	0.0964052	2.10654	1.06395	0.115647
4810000	-17.20037	0	-17.20037	0.254097	0.131675	0.244231	0.418818	0.0929332	0.161939	1.19413	1.50125	0.499907
4820000	-16.44108	0	-16.44108	0.116114	0.24471	0.0976472	0.146458	0.10474	0.184857	1.03051	0.713223	0.717669
4830000	-20.83736	0	-20.83736	0.113717	0.14128	0.0746737	0.431017	0.253228	0.0971078	2.86823	0.51496	0.0162972
4840000	-16.43769	0	-16.43769	0.133239	0.194412	0.358801	0.339011	0.101579	0.0868855	2.45656	0.854823	0.0912203
4850000	-18.89066	0	-18.89066	0.0899119	0.162408	0.176224	0.447906	0.112685	0.0854932	0.827864	1.46909	0.697275
4860000	-12.99749	0	-12.99749	0.0774731	0.160502	0.219816	0.307518	0.0828969	0.120747	1.73577	0.53227	0.685699
4870000	-17.46768	0	-17.46768	0.05853	0.125596	0.434913	0.204559	0.0905115	0.10164	0.439028	0.404936	0.00409312
4880000	-17.16296	0	-17.16296	0.101543	0.301774	0.280275	0.147074	0.0964452	0.130086	1.07188	1.36729	0.845657
4890000	-14.49437	0	-14.49437	0.124401	0.150616	0.310791	0.156929	0.181124	0.183413	1.4909	0.735875	0.312862
4900000	-19.12532	0	-19.12532	0.103755	0.0620288	0.181136	0.1492	0.16974	0.197053	2.7405	0.639361	0.0806075
4910000	-15.96556	0	-15.96556	0.190977	0.106113	0.149376	0.357102	0.155501	0.142285	1.84976	1.97436	1.22917
4920000	-16.27165	0	-16.27165	0.121868	0.252839	0.098384	0.461888	0.173337	0.123562	0.504547	0.787768	0.367864
4930000	-20.55237	0	-20.55237	0.155055	0.0646558	0.0902327	0.257785	0.108839	0.0709929	0.651001	0.648777	0.0367912
4940000	-16.65982	0	-16.65982	0.110364	0.118162	0.173408	0.456095	0.169091	0.0693397	1.84606	1.12632	0.0686705
4950000	-17.4143	0	-17.4143	0.245812	0.192736	0.0816138	0.115029	0.11381	0.0981966	0.851058	0.733227	1.21011
4960000	-23.20349	0	-23.20349	0.0942119	0.16494	0.40458	0.559408	0.100833	0.174931	0.505787	0.578069	1.23623
4970000	-13.87855	0	-13.87855	0.186598	0.195514	0.0644765	0.445382	0.112355	0.325187	1.1803	0.790179	0.0289103
4980000	-15.72617	0	-15.72617	0.0631958	0.209042	0.188587	0.301634	0.0922869	0.0997548	0.492774	0.412634	0.000708262
4990000	-18.76	0	-18.76	0.155854	0.262131	0.0792751	0.155852	0.201639	0.0776622	1.68216	0.384031	0.408996
5000000	-20.82243	0	-20.82243	0.197668	0.194764	0.174427	0.406871	0.104825	0.159727	0.807112	0.327129	0.0162228
