Iteration	Posterior	Likelihood	Prior	lambda[1]	lambda[2]	lambda[3]	mu[1]	mu[2]	mu[3]	psi[1]	psi[2]	psi[3]
0	-46.04067	0	-46.04067	0.134917	0.050954	0.102392	0.226649	0.205728	0.14575	1.756	1.30133	0.502565
10000	-22.34548	0	-22.34548	0.115645	0.117469	0.4259	0.258945	0.233221	0.0736976	0.933034	0.556562	1.7985
20000	-23.81355	0	-23.81355	0.0682648	0.0805791	0.569227	0.411738	0.0662003	0.0989911	0.369915	1.28234	1.38332
30000	-24.94079	0	-24.94079	0.126579	0.0910125	0.174091	0.269898	0.13969	0.0852822	1.73511	0.91259	1.70243
40000	-28.45967	0	-28.45967	0.100947	0.109215	0.153991	0.158822	0.0993614	0.0573083	1.0359	1.00269	0.0890255
50000	-21.90987	0	-21.90987	0.154766	0.0726915	0.202847	0.234474	0.255285	0.0762399	0.7371	1.76775	1.12091
60000	-26.06363	0	-26.06363	0.175489	0.0951735	0.211546	0.0931916	0.245077	0.16386	0.754214	2.50154	1.0602
70000	-28.31294	0	-28.31294	0.109202	0.15965	0.276658	0.334777	0.14112	0.135618	0.0674213	4.27582	3.91854
80000	-26.77456	0	-26.77456	0.0896116	0.0976002	0.143716	0.22307	0.276149	0.0400252	3.009	1.05933	0.431543
90000	-27.65613	0	-27.65613	0.180418	0.134313	0.0978754	0.083251	0.143614	0.0453439	3.45923	3.59171	0.693313
100000	-21.77979	0	-21.77979	0.164574	0.0853141	0.170969	0.147261	0.14423	0.133294	2.22511	0.984129	1.85491
110000	-26.15557	0	-26.15557	0.197626	0.058832	0.211747	0.299183	0.178253	0.0577404	0.60072	0.683957	0.155522
120000	-25.28872	0	-25.28872	0.161035	0.116107	0.231783	0.113414	0.07649	0.166222	0.330886	1.24341	1.94065
130000	-28.17197	0	-28.17197	0.0787836	0.117461	0.110078	0.20685	0.195196	0.0535053	3.3767	1.09773	1.00565
140000	-20.70761	0	-20.70761	0.0999883	0.0841767	0.338979	0.218808	0.113801	0.137145	2.34039	1.25369	2.21978
150000	-27.34809	0	-27.34809	0.0508641	0.0665059	0.16935	0.132789	0.201296	0.103286	1.46911	1.94857	1.9547
160000	-22.3681	0	-22.3681	0.15257	0.124316	0.352423	0.445091	0.107026	0.0940884	0.259751	1.86423	2.18876
170000	-33.97934	0	-33.97934	0.1837	0.120106	0.190604	0.157914	0.114649	0.157845	0.185307	2.19049	1.20293
180000	-32.13896	0	-32.13896	0.202866	0.0689504	0.215085	0.392803	0.228447	0.15344	0.372047	2.85724	0.600261
190000	-24.6098	0	-24.6098	0.139219	0.149916	0.262823	0.412396	0.13218	0.0777855	0.883522	1.49308	1.19373
200000	-27.99852	0	-27.99852	0.359129	0.120007	0.143577	0.243398	0.145576	0.130164	0.065511	1.18413	1.41398
210000	-27.18454	0	-27.18454	0.193777	0.0890174	0.167782	0.27178	0.320838	0.0865948	1.13095	4.21466	1.45247
220000	-26.64399	0	-26.64399	0.134009	0.0785313	0.16416	0.204817	0.111538	0.0487524	0.492073	0.515666	0.222788
230000	-31.10973	0	-31.10973	0.344682	0.165227	0.357563	0.118861	0.256062	0.0978278	3.12474	4.97584	1.02052
240000	-27.57292	0	-27.57292	0.0556898	0.101452	0.233822	0.24377	0.161488	0.096008	0.442103	2.14842	0.988851
250000	-27.47771	0	-27.47771	0.203762	0.0928652	0.238945	0.307864	0.0974782	0.0620844	0.541919	2.17989	3.35375
260000	-22.73964	0	-22.73964	0.15499	0.097175	0.210153	0.219915	0.163824	0.095627	2.30353	2.08214	3.21592
270000	-24.64104	0	-24.64104	0.10935	0.110636	0.266822	0.135145	0.140182	0.190595	3.19034	1.52018	1.68369
280000	-28.11135	0	-28.11135	0.0886093	0.185266	0.172586	0.227379	0.0860608	0.198148	0.686074	0.801634	1.79731
290000	-23.68302	0	-23.68302	0.203551	0.107724	0.310198	0.22953	0.331524	0.137251	1.00621	1.26283	1.05083
300000	-25.63297	0	-25.63297	0.22163	0.123591	0.159033	0.143481	0.151178	0.0729639	0.702176	1.18688	0.230197
310000	-28.41748	0	-28.41748	0.165733	0.0652758	0.16087	0.110844	0.0889818	0.0632308	1.00164	1.74221	0.150105
320000	-31.84864	0	-31.84864	0.208058	0.0847575	0.0771237	0.128806	0.185828	0.0432427	1.84974	0.942305	1.96601
330000	-31.43772	0	-31.43772	0.205491	0.0966774	0.167424	0.161452	0.22627	0.0848922	5.56691	2.23254	4.1678
340000	-23.87502	0	-23.87502	0.0626406	0.121818	0.116261	0.183982	0.17553	0.0768737	1.84785	0.518769	1.9579
350000	-26.66476	0	-26.66476	0.0875048	0.0413177	0.376078	0.181379	0.0689167	0.0697228	1.10893	3.87642	1.27077
360000	-25.90838	0	-25.90838	0.0766132	0.0780926	0.26943	0.139321	0.156958	0.086769	0.50634	2.90434	2.03264
370000	-28.72269	0	-28.72269	0.131741	0.0702872	0.222592	0.248785	0.198194	0.114745	0.99767	3.9369	0.211309
380000	-32.34275	0	-32.34275	0.0324298	0.180845	0.132368	0.273442	0.190531	0.0773878	0.723199	1.91621	3.12962
390000	-28.85532	0	-28.85532	0.096565	0.0455683	0.0832955	0.315054	0.199476	0.0922305	0.204132	3.4547	1.3134
400000	-30.0127	0	-30.0127	0.0621142	0.254564	0.198387	0.475587	0.134527	0.0458887	0.891324	1.20527	0.651846
410000	-26.41984	0	-26.41984	0.130111	0.186152	0.134177	0.327893	0.0987373	0.0647029	1.01318	3.16265	1.11974
420000	-25.17164	0	-25.17164	0.139217	0.0690779	0.106008	0.262117	0.188329	0.0881116	0.375967	1.56216	2.34809
430000	-20.40473	0	-20.40473	0.101911	0.131789	0.191672	0.133264	0.168176	0.0878415	3.15749	1.98794	1.42499
440000	-24.60861	0	-24.60861	0.163218	0.130909	0.207992	0.217758	0.0722172	0.118653	0.744024	2.626	3.15366
450000	-20.28641	0	-20.28641	0.183324	0.191727	0.224379	0.151116	0.131948	0.0829694	0.934356	0.754292	0.978928
460000	-23.53107	0	-23.53107	0.112597	0.108613	0.363074	0.0987903	0.109612	0.0939302	0.631954	1.28693	1.89734
470000	-30.10886	0	-30.10886	0.105676	0.0858307	0.16739	0.252036	0.237606	0.0829852	3.5305	0.770438	0.450478
480000	-28.48072	0	-28.48072	0.107825	0.188983	0.115416	0.192973	0.236292	0.152139	3.68404	3.15972	3.71369
490000	-27.11612	0	-27.11612	0.151354	0.219374	0.147523	0.186736	0.0496497	0.0767559	1.75572	0.427935	1.2932
500000	-24.91036	0	-24.91036	0.125316	0.0822683	0.292358	0.147062	0.138014	0.0390055	1.14624	1.19186	1.27261
510000	-29.17264	0	-29.17264	0.0859665	0.188279	0.152701	0.276258	0.134371	0.0711005	0.418836	0.992642	0.103369
520000	-26.39647	0	-26.39647	0.240683	0.157139	0.190099	0.368259	0.252804	0.0756037	0.475438	0.913972	2.39521
530000	-25.16439	0	-25.16439	0.0819277	0.138833	0.121507	0.288649	0.160253	0.0790988	0.337355	2.285	0.599965
540000	-22.1992	0	-22.1992	0.100356	0.087367	0.222436	0.206569	0.158436	0.0825312	0.576316	0.875054	0.911318
550000	-25.8262	0	-25.8262	0.239401	0.0795574	0.275604	0.143786	0.105921	0.111612	1.83355	4.45906	1.17939
560000	-25.6923	0	-25.6923	0.151624	0.0591154	0.10741	0.215288	0.155341	0.123718	0.926967	0.671615	0.544854
570000	-27.22378	0	-27.22378	0.0788335	0.103012	0.0614266	0.154077	0.104574	0.0605123	0.706264	0.595033	0.945103
580000	-25.04203	0	-25.04203	0.0678216	0.159027	0.121699	0.180822	0.266409	0.085416	1.16136	3.79404	0.866545
590000	-31.56597	0	-31.56597	0.130606	0.0480315	0.272514	0.136441	0.334749	0.0825233	0.331061	0.250007	1.90049
600000	-30.5346	0	-30.5346	0.0771776	0.0908063	0.512064	0.102961	0.0527377	0.117515	0.413648	5.1094	1.63342
610000	-25.8405	0	-25.8405	0.151006	0.123014	0.138477	0.219875	0.12752	0.022591	0.466337	0.876329	0.672967
620000	-33.9931	0	-33.9931	0.0686965	0.185125	0.217136	0.129765	0.2849	0.222795	0.109525	2.06377	3.21624
630000	-24.29743	0	-24.29743	0.177287	0.124564	0.206398	0.248558	0.147876	0.063887	0.188398	1.43057	0.385651
640000	-21.86851	0	-21.86851	0.132044	0.0494717	0.175479	0.156334	0.141681	0.083532	0.352176	2.36331	0.81759
650000	-24.33913	0	-24.33913	0.0569151	0.0572247	0.123826	0.293537	0.166735	0.0608906	0.352461	1.25626	0.980786
660000	-25.11707	0	-25.11707	0.114532	0.103553	0.3387	0.409481	0.239924	0.0925306	0.972563	0.447326	0.907605
670000	-24.64336	0	-24.64336	0.132756	0.121556	0.141466	0.20245	0.182184	0.0722836	1.16514	2.4085	0.347391
680000	-28.72951	0	-28.72951	0.130505	0.0660728	0.0882321	0.177475	0.130258	0.0606282	0.591249	0.716363	0.240582
690000	-23.68556	0	-23.68556	0.0870487	0.0745788	0.0897628	0.18589	0.138105	0.0843557	0.080353	1.32251	1.83365
700000	-21.07141	0	-21.07141	0.0807632	0.0654296	0.210082	0.174919	0.180661	0.0477823	2.59268	0.939895	1.05664
710000	-25.37949	0	-25.37949	0.14706	0.137991	0.236982	0.251435	0.156422	0.162285	0.333284	1.34173	2.47495
720000	-19.00076	0	-19.00076	0.0959416	0.0949031	0.199785	0.170436	0.210637	0.0929754	0.56389	2.603	1.1743
730000	-24.84453	0	-24.84453	0.0475095	0.231674	0.252073	0.166384	0.101302	0.064886	0.615574	1.40692	2.1061
740000	-23.95682	0	-23.95682	0.102849	0.183184	0.184119	0.260971	0.123025	0.0817324	2.28572	1.27342	1.93564
750000	-26.43089	0	-26.43089	0.160802	0.146808	0.126725	0.188737	0.13583	0.143843	0.117741	2.20207	0.206097
760000	-26.80679	0	-26.80679	0.179044	0.120244	0.212732	0.122389	0.101921	0.172178	1.08484	2.12763	2.68486
770000	-26.18488	0	-26.18488	0.309493	0.124214	0.171806	0.611358	0.161951	0.0778533	0.667893	1.13938	1.19763
780000	-29.03444	0	-29.03444	0.125191	0.14594	0.171931	0.211368	0.0925522	0.147192	0.383722	3.11748	0.941452
790000	-24.17666	0	-24.17666	0.187959	0.119026	0.15669	0.327673	0.111787	0.0670071	0.249926	1.16049	0.432814
800000	-30.82437	0	-30.82437	0.0883068	0.121415	0.162472	0.280642	0.123543	0.0551774	1.52479	1.55793	1.30828
810000	-36.52429	0	-36.52429	0.0809634	0.138344	0.073486	0.155542	0.35571	0.0866878	0.789863	1.46577	0.132222
820000	-36.13936	0	-36.13936	0.100011	0.0733044	0.0715105	0.36251	0.184933	0.0566446	0.527108	0.398276	7.5633
830000	-26.82828	0	-26.82828	0.139674	0.09218	0.160655	0.21033	0.165934	0.0432682	0.326724	2.4196	0.680135
840000	-31.29803	0	-31.29803	0.100422	0.0704446	0.118094	0.175946	0.134304	0.106902	1.78847	1.64734	2.0501
850000	-26.73136	0	-26.73136	0.0783405	0.0881954	0.160487	0.331825	0.111491	0.175395	0.348107	2.89369	0.54106
860000	-20.05406	0	-20.05406	0.237155	0.088897	0.196794	0.144872	0.143195	0.0655712	0.629184	1.28977	0.918915
870000	-25.82741	0	-25.82741	0.0848965	0.0903469	0.192416	0.369268	0.200504	0.053038	0.330903	0.306786	1.23698
880000	-22.09994	0	-22.09994	0.133289	0.13095	0.157139	0.234219	0.0895125	0.130546	0.204741	0.903654	0.473135
890000	-22.57325	0	-22.57325	0.151202	0.162765	0.123556	0.13495	0.0929845	0.178733	0.554598	1.64669	1.0111
900000	-28.14834	0	-28.14834	0.113013	0.122047	0.172618	0.296982	0.200583	0.0721284	6.98632	1.13797	0.883515
910000	-27.42252	0	-27.42252	0.115915	0.149706	0.256539	0.102756	0.230106	0.195989	0.669114	4.50208	1.7339
920000	-23.71234	0	-23.71234	0.191662	0.190646	0.230674	0.255006	0.109542	0.0915137	1.72146	1.26595	1.42526
930000	-31.418	0	-31.418	0.164481	0.295057	0.0735639	0.139674	0.0907748	0.0472495	0.832051	0.657694	0.380659
940000	-27.4606	0	-27.4606	0.18373	0.136692	0.152913	0.371858	0.128426	0.0630626	0.893472	2.24354	1.67047
950000	-25.14099	0	-25.14099	0.0650787	0.159621	0.403335	0.302265	0.159536	0.115865	1.99505	0.795745	1.68802
960000	-23.90897	0	-23.90897	0.145284	0.207543	0.248397	0.0543319	0.113108	0.0634982	0.343978	0.927567	0.729581
970000	-25.55716	0	-25.55716	0.0650395	0.100774	0.135682	0.241299	0.210136	0.0593546	0.329337	1.21027	0.187867
980000	-28.17594	0	-28.17594	0.0900777	0.126607	0.147241	0.195125	0.411225	0.0788029	1.81393	1.79415	0.9057
990000	-25.10993	0	-25.10993	0.0885673	0.0817499	0.306742	0.156834	0.255033	0.090225	0.50482	1.20687	1.6344
1000000	-23.83807	0	-23.83807	0.170199	0.14559	0.101531	0.0694406	0.150255	0.0837667	0.941752	0.733586	1.85053
1010000	-36.81508	0	-36.81508	0.100487	0.0924658	0.14783	0.220954	0.27669	0.110334	2.48243	3.87447	0.190566
1020000	-25.53286	0	-25.53286	0.131849	0.0874414	0.0934136	0.0659481	0.135343	0.103066	0.50993	1.98469	4.35253
1030000	-26.34189	0	-26.34189	0.107783	0.0856219	0.372345	0.313022	0.114275	0.270676	2.35736	0.798194	0.554377
1040000	-34.14056	0	-34.14056	0.0644073	0.0619516	0.244102	0.398552	0.104029	0.0708358	1.32003	2.59207	1.73569
1050000	-25.16688	0	-25.16688	0.0868693	0.104096	0.262768	0.237497	0.184904	0.111521	1.17868	1.21534	3.04898
1060000	-22.24117	0	-22.24117	0.113816	0.0752745	0.117583	0.104004	0.0806166	0.0655417	1.48094	1.09862	1.09174
1070000	-22.41353	0	-22.41353	0.080735	0.0819327	0.279033	0.123078	0.158186	0.0671666	0.696574	2.56791	0.840854
1080000	-22.8347	0	-22.8347	0.121377	0.10499	0.112143	0.235104	0.241564	0.0837509	1.02189	0.491511	0.350657
1090000	-21.06353	0	-21.06353	0.20747	0.16469	0.180645	0.379998	0.0954875	0.0717772	0.234971	0.897979	0.847496
1100000	-26.78178	0	-26.78178	0.0897762	0.128042	0.159716	0.101754	0.157867	0.0871391	0.866948	3.20858	2.16417
1110000	-27.89179	0	-27.89179	0.163423	0.123985	0.144816	0.380554	0.142625	0.0763835	0.389779	1.1862	2.41972
1120000	-29.33612	0	-29.33612	0.156004	0.16051	0.0717014	0.274563	0.0738724	0.0512529	0.573118	0.537643	0.36693
1130000	-25.76703	0	-25.76703	0.152739	0.0905012	0.174656	0.325676	0.127484	0.0764027	0.309747	2.37865	1.65921
1140000	-30.70129	0	-30.70129	0.230827	0.0834018	0.136504	0.23999	0.20228	0.0873776	1.58327	0.258688	0.416006
1150000	-23.93844	0	-23.93844	0.114617	0.0870838	0.241206	0.0904654	0.244777	0.0630631	2.90466	3.52438	0.582807
1160000	-24.66693	0	-24.66693	0.217217	0.198027	0.10376	0.224625	0.112312	0.0853042	0.308604	1.75571	0.514885
1170000	-23.41466	0	-23.41466	0.170258	0.150463	0.153893	0.0670062	0.115692	0.082184	0.709573	1.15282	0.55067
1180000	-23.65762	0	-23.65762	0.165246	0.073433	0.291183	0.153209	0.25923	0.200416	2.38015	3.20127	1.88085
1190000	-29.58183	0	-29.58183	0.164274	0.203993	0.161236	0.514947	0.102016	0.124734	2.13078	2.60046	1.30174
1200000	-26.53548	0	-26.53548	0.188449	0.087161	0.179422	0.345712	0.16162	0.149588	5.11617	1.99595	1.24058
1210000	-24.64963	0	-24.64963	0.0873493	0.126706	0.213462	0.059013	0.172516	0.105038	2.30981	2.44845	1.18384
1220000	-23.12816	0	-23.12816	0.102372	0.121996	0.155101	0.427232	0.122935	0.0865222	0.493482	1.6033	2.53328
1230000	-24.94909	0	-24.94909	0.13663	0.113757	0.262626	0.0884055	0.201153	0.116171	3.51951	1.41022	3.57271
1240000	-24.85306	0	-24.85306	0.117648	0.249236	0.365652	0.180334	0.232328	0.111618	1.51909	2.69954	1.85872
1250000	-27.93203	0	-27.93203	0.207888	0.0396726	0.271475	0.118512	0.127163	0.125452	0.534792	0.816201	5.71507
1260000	-32.0677	0	-32.0677	0.227097	0.0342328	0.116331	0.0628411	0.0914406	0.0539619	0.629792	2.15091	0.242067
1270000	-30.05092	0	-30.05092	0.181983	0.0845667	0.157318	0.32938	0.187099	0.0384284	2.29002	4.52108	1.96482
1280000	-23.36816	0	-23.36816	0.12659	0.110581	0.3464	0.104284	0.185194	0.196079	0.570072	1.55973	2.64547
1290000	-23.45262	0	-23.45262	0.131474	0.152884	0.206319	0.251301	0.130909	0.19137	0.749175	1.42501	3.2282
1300000	-28.19747	0	-28.19747	0.0813396	0.114915	0.177674	0.385925	0.113196	0.0990962	1.08736	0.5224	0.249189
1310000	-25.2925	0	-25.2925	0.121633	0.136015	0.11901	0.173018	0.238601	0.0541448	3.49764	4.73997	1.50609
1320000	-29.58269	0	-29.58269	0.0853108	0.261684	0.255753	0.184746	0.16098	0.181922	0.27081	2.23501	3.02008
1330000	-24.00671	0	-24.00671	0.108392	0.102596	0.325536	0.37	0.196576	0.079268	0.970216	1.19561	1.84331
1340000	-23.55483	0	-23.55483	0.154793	0.169484	0.208323	0.10898	0.212655	0.0498331	0.687207	1.53796	1.08776
1350000	-26.34967	0	-26.34967	0.104584	0.10724	0.23538	0.212813	0.122565	0.100423	0.191597	2.91281	0.365267
1360000	-24.4605	0	-24.4605	0.0833146	0.107962	0.580087	0.0968731	0.193756	0.0672305	3.24424	0.571753	1.39662
1370000	-26.24006	0	-26.24006	0.166763	0.161628	0.331786	0.238502	0.140488	0.131324	0.811171	3.14532	1.55931
1380000	-23.40622	0	-23.40622	0.168093	0.118868	0.198813	0.238019	0.152742	0.0576066	1.19286	0.762907	0.904328
1390000	-20.07809	0	-20.07809	0.12672	0.100118	0.196675	0.124145	0.168083	0.167938	0.900135	1.33823	0.937034
1400000	-30.94951	0	-30.94951	0.314889	0.0515385	0.0689304	0.200855	0.172573	0.0696471	0.19182	0.950478	5.45199
1410000	-21.99799	0	-21.99799	0.077995	0.139837	0.156745	0.390632	0.130439	0.073496	0.947507	2.25217	1.78744
1420000	-22.635	0	-22.635	0.113071	0.130918	0.156621	0.149337	0.129111	0.123999	1.1408	1.46645	1.04657
1430000	-25.14078	0	-25.14078	0.0633044	0.0846685	0.155847	0.20902	0.339362	0.0919517	0.549309	1.33187	1.38241
1440000	-32.66767	0	-32.66767	0.193783	0.191553	0.112964	0.322158	0.142231	0.0930357	0.577522	6.32681	1.31632
1450000	-28.72205	0	-28.72205	0.116789	0.0484756	0.242647	0.164683	0.15834	0.0845423	0.787167	8.18715	2.55844
1460000	-27.31767	0	-27.31767	0.123142	0.0667565	0.225045	0.0908014	0.15676	0.0794391	1.09886	2.90606	1.95157
1470000	-22.29166	0	-22.29166	0.147254	0.155693	0.191628	0.290406	0.136272	0.0769686	0.704384	1.56317	0.982866
1480000	-27.12378	0	-27.12378	0.120825	0.0547366	0.231732	0.488627	0.0683918	0.0722753	0.254427	1.49001	0.434947
1490000	-28.78095	0	-28.78095	0.1567	0.054957	0.291803	0.241279	0.183822	0.13279	2.23451	3.91439	0.243999
1500000	-24.04936	0	-24.04936	0.244886	0.201128	0.140596	0.130375	0.152943	0.0383646	0.482768	0.934234	0.617894
1510000	-38.08335	0	-38.08335	0.0364271	0.0826235	0.123027	0.169869	0.0508555	0.0946481	0.639553	3.90523	0.688685
1520000	-24.53499	0	-24.53499	0.104435	0.098216	0.114931	0.182991	0.336634	0.0918155	2.238	1.23729	3.84028
1530000	-32.93523	0	-32.93523	0.0639051	0.122765	0.175478	0.17074	0.0968107	0.0505987	0.222993	2.19387	1.78424
1540000	-25.07102	0	-25.07102	0.141912	0.133773	0.188717	0.153669	0.153559	0.0992701	3.39387	2.23407	3.27444
1550000	-22.92249	0	-22.92249	0.180463	0.0814846	0.197258	0.25151	0.234031	0.0799321	2.29658	0.565884	0.308215
1560000	-21.58498	0	-21.58498	0.0901709	0.0798477	0.168206	0.125919	0.0604693	0.0681499	0.432097	0.635378	0.656741
1570000	-31.72903	0	-31.72903	0.0459053	0.0832111	0.305509	0.323718	0.195896	0.18347	2.68369	5.37872	0.53118
1580000	-25.55367	0	-25.55367	0.203984	0.0880125	0.15452	0.34064	0.130083	0.0873079	2.91438	2.33301	0.450535
1590000	-23.2289	0	-23.2289	0.107893	0.0778813	0.148546	0.325258	0.123005	0.0705362	1.21836	1.05631	0.805993
1600000	-25.85987	0	-25.85987	0.0820689	0.14497	0.0908805	0.286689	0.103055	0.0308804	0.22848	0.664364	0.483244
1610000	-22.30338	0	-22.30338	0.10879	0.078628	0.170598	0.202407	0.179467	0.0635831	1.03472	1.95998	0.487879
1620000	-23.15591	0	-23.15591	0.0909064	0.113161	0.0903681	0.242751	0.113515	0.0722286	0.18979	1.24154	0.771889
1630000	-29.39104	0	-29.39104	0.264246	0.0791843	0.189181	0.199584	0.187807	0.148228	1.05352	0.962789	2.51106
1640000	-24.34105	0	-24.34105	0.210068	0.116288	0.322671	0.410142	0.263607	0.134682	1.31641	2.33025	0.842678
1650000	-22.32446	0	-22.32446	0.124448	0.105583	0.309552	0.178643	0.195273	0.0517861	2.0159	1.13825	0.630753
1660000	-23.92595	0	-23.92595	0.141768	0.186603	0.157843	0.161799	0.215029	0.0944831	0.321089	0.534004	1.05382
1670000	-25.54661	0	-25.54661	0.0920643	0.105817	0.407599	0.139701	0.0629008	0.0660259	0.594588	1.16665	0.290004
1680000	-27.70002	0	-27.70002	0.0931926	0.0796727	0.0896967	0.10506	0.0998967	0.152538	5.68716	1.70519	0.756329
1690000	-35.2893	0	-35.2893	0.253345	0.0868676	0.364736	0.470746	0.054379	0.173712	0.30632	1.22107	2.61451
1700000	-26.88586	0	-26.88586	0.0709953	0.168521	0.151043	0.609998	0.113421	0.126531	2.00583	1.48721	1.23096
1710000	-21.94227	0	-21.94227	0.0506777	0.141218	0.434659	0.126323	0.113097	0.203118	1.02682	1.0582	1.80519
1720000	-27.2338	0	-27.2338	0.0994512	0.119974	0.137521	0.206982	0.0455087	0.0320587	0.328292	3.21329	0.509745
1730000	-28.71498	0	-28.71498	0.200832	0.104616	0.334785	0.341273	0.285672	0.166618	0.652669	1.12528	1.63785
1740000	-23.10153	0	-23.10153	0.128104	0.164508	0.158578	0.202918	0.106601	0.0510846	1.15094	1.66305	1.82536
1750000	-28.13765	0	-28.13765	0.256997	0.0760231	0.0958311	0.211677	0.265391	0.0752625	3.94628	2.76246	0.75325
1760000	-23.90822	0	-23.90822	0.147287	0.0853734	0.151807	0.331554	0.202247	0.120319	0.805759	1.99855	1.27711
1770000	-31.4047	0	-31.4047	0.104141	0.109392	0.0488309	0.353166	0.181728	0.0295332	0.164584	2.50483	1.404
1780000	-24.40638	0	-24.40638	0.0730687	0.188478	0.160818	0.172127	0.210715	0.149824	0.19944	2.06427	0.698588
1790000	-26.76953	0	-26.76953	0.130413	0.0675599	0.0713752	0.097668	0.22984	0.0994405	1.49285	1.81376	0.790823
1800000	-27.74498	0	-27.74498	0.213939	0.127156	0.437779	0.244522	0.131074	0.0261112	1.05847	3.66403	0.555523
1810000	-26.92999	0	-26.92999	0.139817	0.0904701	0.277287	0.198578	0.117864	0.0681655	0.861462	1.69542	0.628846
1820000	-26.42499	0	-26.42499	0.157646	0.115603	0.0893751	0.231855	0.375123	0.10709	1.34077	0.809681	0.700534
1830000	-25.69447	0	-25.69447	0.192221	0.0841673	0.115232	0.28836	0.100498	0.0634045	0.618988	1.5042	1.88195
1840000	-22.64503	0	-22.64503	0.0903584	0.132854	0.223057	0.120819	0.21731	0.0569039	1.75264	2.52076	1.40939
1850000	-21.64979	0	-21.64979	0.106675	0.119176	0.336261	0.394684	0.0547467	0.0780674	0.412167	0.963543	1.3441
1860000	-30.0964	0	-30.0964	0.177114	0.149933	0.122756	0.369772	0.208871	0.0322854	1.47541	0.561302	2.61606
1870000	-27.25992	0	-27.25992	0.110152	0.0345891	0.0838122	0.106152	0.231873	0.250531	0.286487	1.23759	1.12607
1880000	-28.39737	0	-28.39737	0.165411	0.220789	0.158175	0.235274	0.308824	0.0619321	1.19262	0.996281	2.51123
1890000	-26.29738	0	-26.29738	0.0804017	0.15234	0.154471	0.338752	0.0451489	0.0407638	0.544721	1.13659	0.411784
1900000	-25.78876	0	-25.78876	0.137376	0.175461	0.126652	0.267122	0.124412	0.0946203	1.72365	2.17008	2.41688
1910000	-22.57409	0	-22.57409	0.142283	0.162959	0.125828	0.13439	0.135752	0.121687	1.39695	0.707869	0.524788
1920000	-24.74914	0	-24.74914	0.114103	0.131982	0.212384	0.226927	0.267431	0.0999514	1.12644	4.45527	0.692755
1930000	-22.7927	0	-22.7927	0.0901641	0.107745	0.10554	0.09652	0.17067	0.124686	1.63226	1.28377	2.19873
1940000	-30.82463	0	-30.82463	0.185594	0.0695744	0.161529	0.271512	0.195077	0.0372648	1.71303	2.16869	4.32346
1950000	-21.14938	0	-21.14938	0.128816	0.12439	0.2036	0.190188	0.117939	0.0441455	0.887737	2.09594	1.65375
1960000	-32.85975	0	-32.85975	0.0941756	0.0709995	0.223353	0.224572	0.317118	0.132724	1.59138	2.33482	0.30436
1970000	-26.65961	0	-26.65961	0.0972827	0.11433	0.242115	0.271694	0.195968	0.0614212	3.53227	0.505751	0.308474
1980000	-28.48127	0	-28.48127	0.247063	0.0416088	0.227344	0.23269	0.254177	0.190715	3.6921	1.97228	0.420019
1990000	-26.71183	0	-26.71183	0.0864725	0.116716	0.0940213	0.171997	0.135195	0.0875038	0.579385	1.72725	0.115927
2000000	-30.04798	0	-30.04798	0.0316537	0.175805	0.172467	0.564927	0.048444	0.0872357	1.15491	2.59634	0.481174
2010000	-27.88979	0	-27.88979	0.222637	0.102829	0.0989288	0.171262	0.131057	0.0980518	0.293953	3.74131	1.6477
2020000	-23.78809	0	-23.78809	0.137627	0.200203	0.162763	0.131854	0.111604	0.0928728	2.18999	3.97917	1.15471
2030000	-33.002	0	-33.002	0.182112	0.0494671	0.146673	0.567149	0.0793201	0.0961073	0.83571	1.69899	0.157601
2040000	-26.51099	0	-26.51099	0.110995	0.0561934	0.353974	0.257288	0.43101	0.0862643	0.3634	3.45068	0.766692
2050000	-32.14163	0	-32.14163	0.119305	0.091788	0.119598	0.377569	0.233324	0.11211	1.78736	3.01955	1.15255
2060000	-24.34483	0	-24.34483	0.129133	0.096515	0.312033	0.216437	0.187675	0.113504	4.8981	0.711545	2.11742
2070000	-26.19914	0	-26.19914	0.0775997	0.193997	0.101505	0.264289	0.107569	0.0693174	1.63982	0.469316	1.71995
2080000	-22.78018	0	-22.78018	0.0940283	0.0805033	0.342433	0.185505	0.107676	0.121869	0.906657	2.66795	0.689489
2090000	-24.78192	0	-24.78192	0.049038	0.098514	0.170463	0.339092	0.133584	0.0913199	0.290119	1.06332	0.759204
2100000	-21.55084	0	-21.55084	0.129941	0.0522496	0.156119	0.253354	0.0984733	0.13908	1.32884	2.26885	2.6518
2110000	-24.01837	0	-24.01837	0.187815	0.0678224	0.196189	0.141733	0.166803	0.137532	0.353546	1.39974	0.271772
2120000	-25.35699	0	-25.35699	0.141714	0.197695	0.0936995	0.153827	0.120091	0.0510784	0.725966	2.97406	1.2732
2130000	-24.99743	0	-24.99743	0.134396	0.145209	0.248002	0.33154	0.117423	0.18756	0.683072	1.41509	3.20319
2140000	-30.25458	0	-30.25458	0.0531612	0.113071	0.0772506	0.343343	0.13694	0.121869	2.41562	1.56072	1.98846
2150000	-22.95842	0	-22.95842	0.0620142	0.0913529	0.144655	0.242261	0.0956556	0.0681945	0.603714	1.06706	0.695704
2160000	-24.78207	0	-24.78207	0.141592	0.128834	0.167323	0.125925	0.123055	0.0964455	0.105529	2.5065	0.773446
2170000	-29.69827	0	-29.69827	0.152352	0.117881	0.0718596	0.200899	0.267018	0.0464216	0.935995	6.33403	0.805234
2180000	-21.53249	0	-21.53249	0.0856092	0.141505	0.167368	0.150503	0.199641	0.0579565	0.796555	0.977042	0.619764
2190000	-23.81857	0	-23.81857	0.133781	0.0730681	0.111782	0.187282	0.172386	0.0866352	1.17822	4.533	1.55481
2200000	-24.321	0	-24.321	0.118347	0.0760404	0.133736	0.199428	0.10775	0.0974023	2.36859	3.63465	1.48155
2210000	-35.07338	0	-35.07338	0.124518	0.0810009	0.259336	0.155469	0.193613	0.0954157	0.265116	5.7575	0.56918
2220000	-25.64379	0	-25.64379	0.0988764	0.0691191	0.0732737	0.376972	0.11264	0.0727722	0.402271	1.16482	2.41971
2230000	-24.96789	0	-24.96789	0.104616	0.0907798	0.324338	0.285796	0.0770559	0.129591	0.266456	0.905164	1.53742
2240000	-25.6121	0	-25.6121	0.258842	0.0832536	0.149461	0.223383	0.193904	0.077823	0.64547	1.27353	0.362412
2250000	-27.87683	0	-27.87683	0.0882177	0.165908	0.148506	0.189312	0.210938	0.178171	1.34953	2.13021	2.32732
2260000	-21.37119	0	-21.37119	0.094887	0.132761	0.15353	0.203054	0.103813	0.0739875	1.87294	1.82614	2.01576
2270000	-23.87242	0	-23.87242	0.120164	0.0731624	0.276806	0.244802	0.191148	0.120645	1.2311	1.25878	4.65378
2280000	-30.81199	0	-30.81199	0.172354	0.194914	0.121209	0.211636	0.195298	0.092553	4.12947	3.20498	3.09891
2290000	-28.1331	0	-28.1331	0.153606	0.132467	0.126562	0.114284	0.100861	0.11587	0.499121	1.66138	1.02805
2300000	-29.74539	0	-29.74539	0.0696011	0.0891234	0.194571	0.274375	0.133749	0.0602171	0.467969	5.40238	1.42378
2310000	-23.4635	0	-23.4635	0.0711206	0.1184	0.425409	0.142187	0.296847	0.165614	0.418417	1.97921	0.768903
2320000	-28.42953	0	-28.42953	0.0659386	0.110728	0.132933	0.206209	0.152905	0.12808	1.3447	4.09438	0.790934
2330000	-20.56332	0	-20.56332	0.091599	0.0630926	0.137523	0.209525	0.19042	0.081246	0.260028	1.27798	1.47789
2340000	-26.12074	0	-26.12074	0.0613816	0.0410534	0.144325	0.277648	0.0787435	0.0427469	0.443357	2.43812	1.16863
2350000	-23.09724	0	-23.09724	0.1158	0.130957	0.199573	0.222732	0.284983	0.0663271	1.11002	1.01803	3.06031
2360000	-24.97454	0	-24.97454	0.146407	0.0718062	0.124421	0.116854	0.160016	0.0402374	1.2413	1.52675	2.50345
2370000	-20.14123	0	-20.14123	0.15238	0.0777579	0.240708	0.139345	0.156012	0.118285	0.326332	0.704892	1.16603
2380000	-26.05609	0	-26.05609	0.057165	0.0623049	0.154998	0.195336	0.326904	0.0662419	0.309317	2.51013	0.421488
2390000	-21.59616	0	-21.59616	0.102365	0.133026	0.174287	0.331915	0.286337	0.0914302	2.22308	1.18982	1.14435
2400000	-26.81414	0	-26.81414	0.207213	0.0768604	0.157865	0.464485	0.10661	0.0955249	0.454522	1.52418	1.95785
2410000	-27.42585	0	-27.42585	0.0808003	0.0543954	0.107556	0.266358	0.0629037	0.0592034	0.154218	2.43859	1.7372
2420000	-26.29872	0	-26.29872	0.0778504	0.0542351	0.815505	0.118058	0.182509	0.0984453	0.366123	1.8389	2.04583
2430000	-28.17687	0	-28.17687	0.063628	0.107607	0.143119	0.101996	0.171929	0.0827438	0.471353	1.75876	2.06444
2440000	-31.24225	0	-31.24225	0.252565	0.152722	0.123056	0.288943	0.133397	0.0697573	0.274975	1.80555	3.68579
2450000	-27.77916	0	-27.77916	0.113321	0.0814877	0.158969	0.363951	0.0876483	0.0806499	0.251939	1.0991	4.42767
2460000	-26.56309	0	-26.56309	0.203251	0.158598	0.168192	0.314553	0.188325	0.0981658	0.375059	1.90811	1.45547
2470000	-35.69787	0	-35.69787	0.137404	0.127061	0.0753239	0.379247	0.292408	0.0644866	0.407829	3.39702	0.11806
2480000	-28.17349	0	-28.17349	0.104426	0.23041	0.183601	0.142989	0.0995443	0.0678557	0.793788	1.41361	1.03613
2490000	-23.92102	0	-23.92102	0.132203	0.0989174	0.147827	0.217016	0.0897242	0.101457	1.44093	1.49682	1.66213
2500000	-27.19922	0	-27.19922	0.0659055	0.0948704	0.294946	0.418156	0.238206	0.0867633	0.504588	0.57621	1.19471
2510000	-29.12424	0	-29.12424	0.506391	0.205995	0.108461	0.146649	0.187285	0.112539	0.787581	1.09951	0.334751
2520000	-31.08943	0	-31.08943	0.060493	0.0572622	0.0797297	0.0907155	0.144668	0.0693243	2.89414	2.90129	0.307616
2530000	-29.15327	0	-29.15327	0.0949098	0.0748801	0.368824	0.362853	0.112558	0.0716075	1.68126	1.7928	0.659217
2540000	-27.5572	0	-27.5572	0.0717375	0.209888	0.171757	0.307876	0.149527	0.127817	0.616233	3.76075	0.33773
2550000	-27.71747	0	-27.71747	0.169451	0.0603065	0.437297	0.380123	0.0687945	0.118768	1.907	4.6259	2.84441
2560000	-24.02792	0	-24.02792	0.0635048	0.18494	0.244941	0.218694	0.165473	0.0944706	0.40672	2.7153	2.23181
2570000	-25.91571	0	-25.91571	0.124728	0.118193	0.280709	0.398569	0.067362	0.130234	0.128277	2.00484	1.4959
2580000	-28.32087	0	-28.32087	0.151962	0.0764999	0.192605	0.13302	0.0827723	0.0276688	1.74177	2.1326	1.71901
2590000	-22.10105	0	-22.10105	0.148674	0.159805	0.294167	0.332715	0.0675375	0.13094	0.670219	2.58655	1.10799
2600000	-28.54609	0	-28.54609	0.0580607	0.0517411	0.22365	0.316067	0.0781689	0.129442	0.972306	2.84517	3.31361
2610000	-18.84816	0	-18.84816	0.138849	0.102372	0.197333	0.223288	0.145693	0.0601883	0.317639	0.880361	0.90986
2620000	-27.62329	0	-27.62329	0.146274	0.14229	0.124319	0.365132	0.283423	0.0690782	0.684589	1.59768	0.851853
2630000	-28.57518	0	-28.57518	0.0727221	0.109293	0.238398	0.241704	0.174881	0.0676559	1.09448	3.67781	0.30582
2640000	-22.70205	0	-22.70205	0.053077	0.117775	0.123314	0.243313	0.136775	0.0914092	0.795757	1.89723	1.83145
2650000	-26.61872	0	-26.61872	0.199463	0.0582531	0.167333	0.213026	0.203116	0.0665014	3.00117	0.415277	1.04966
2660000	-27.79388	0	-27.79388	0.522599	0.142788	0.162066	0.272721	0.133649	0.102777	0.47391	1.10866	2.67698
2670000	-24.14422	0	-24.14422	0.268094	0.0969076	0.317809	0.135633	0.0914355	0.0649503	0.607851	1.42857	3.10642
2680000	-26.94434	0	-26.94434	0.156719	0.107202	0.142728	0.160998	0.080943	0.0756052	0.753483	1.30545	1.13361
2690000	-28.73613	0	-28.73613	0.14266	0.0577614	0.366742	0.136816	0.156336	0.119381	1.53738	2.00993	4.51576
2700000	-23.20627	0	-23.20627	0.188713	0.0645665	0.196934	0.116762	0.180817	0.128616	0.444044	1.58787	1.56517
2710000	-26.5174	0	-26.5174	0.0852853	0.094511	0.137258	0.299702	0.0597722	0.0491855	1.38062	2.95956	1.39078
2720000	-26.3727	0	-26.3727	0.218248	0.110504	0.181001	0.203802	0.112849	0.154835	0.0296934	1.10634	1.89771
2730000	-33.24309	0	-33.24309	0.186539	0.0884705	0.0620089	0.231557	0.103706	0.061148	0.763769	3.96882	0.0496859
2740000	-28.02925	0	-28.02925	0.267416	0.0817902	0.242063	0.257359	0.256364	0.148439	0.0700278	0.898961	1.20608
2750000	-30.58005	0	-30.58005	0.203917	0.173192	0.214832	0.0738053	0.147685	0.0746128	4.39998	0.807829	0.248886
2760000	-23.62959	0	-23.62959	0.0671386	0.192117	0.223011	0.180072	0.24469	0.0500232	0.8469	1.10909	0.426006
2770000	-25.40944	0	-25.40944	0.0906678	0.1843	0.162282	0.263224	0.123581	0.0384813	0.253728	2.13701	1.1193
2780000	-27.44633	0	-27.44633	0.0357912	0.111033	0.218589	0.118467	0.137099	0.12932	2.21107	2.54261	1.85577
2790000	-20.42599	0	-20.42599	0.0711262	0.136424	0.259288	0.108371	0.151283	0.0910788	0.517525	1.76256	1.43221
2800000	-26.964	0	-26.964	0.0740213	0.176594	0.189582	0.186291	0.0899202	0.104724	0.275522	2.42229	4.03797
2810000	-25.71178	0	-25.71178	0.239714	0.110574	0.310018	0.20525	0.0883256	0.263809	1.53972	0.866222	1.7599
2820000	-28.15888	0	-28.15888	0.160221	0.17458	0.262695	0.112129	0.146301	0.0894409	2.03943	2.86114	1.33478
2830000	-28.31971	0	-28.31971	0.310537	0.0395295	0.290948	0.101226	0.146266	0.0887841	2.57629	4.05832	0.415055
2840000	-29.1373	0	-29.1373	0.0862998	0.175539	0.0927435	0.332562	0.169639	0.140025	0.842851	0.765324	2.66293
2850000	-26.09619	0	-26.09619	0.126264	0.0367927	0.310758	0.188551	0.0703278	0.160416	0.648918	0.450734	0.746881
2860000	-29.07508	0	-29.07508	0.209405	0.0952573	0.19017	0.270877	0.0677381	0.101721	0.285993	1.36778	0.374742
2870000	-28.99195	0	-28.99195	0.044149	0.0675492	0.0951735	0.207361	0.0568768	0.0510828	0.453744	2.6389	1.5967
2880000	-24.22205	0	-24.22205	0.129012	0.0473443	0.107618	0.155377	0.0872678	0.0527701	0.288068	2.46855	0.376197
2890000	-23.16296	0	-23.16296	0.0747019	0.150431	0.160979	0.258892	0.0817493	0.0405186	0.476443	1.27569	1.0638
2900000	-22.63694	0	-22.63694	0.0968108	0.0740071	0.214191	0.171934	0.157509	0.0760663	3.40518	1.2075	1.05945
2910000	-24.61205	0	-24.61205	0.0789548	0.158558	0.24382	0.217807	0.222293	0.229932	0.706205	1.29828	1.41278
2920000	-24.96071	0	-24.96071	0.112939	0.117238	0.212356	0.203181	0.182475	0.0999724	0.364373	1.03539	0.858626
2930000	-32.13086	0	-32.13086	0.083132	0.0538239	0.283977	0.237094	0.170424	0.126575	1.03757	1.3282	0.311897
2940000	-27.26103	0	-27.26103	0.228401	0.149582	0.208968	0.0757797	0.0914086	0.156402	0.197582	1.04856	1.71837
2950000	-21.19972	0	-21.19972	0.103071	0.141807	0.223793	0.177995	0.158488	0.14165	3.31443	0.887757	1.48095
2960000	-23.83345	0	-23.83345	0.142705	0.038224	0.138117	0.36419	0.191636	0.095867	0.345711	2.04369	1.11985
2970000	-27.32642	0	-27.32642	0.092931	0.0714774	0.284448	0.395863	0.132703	0.131358	1.83374	0.736388	1.7594
2980000	-26.0137	0	-26.0137	0.276676	0.112851	0.26937	0.269557	0.227067	0.0502238	1.88782	1.55307	0.402644
2990000	-27.14347	0	-27.14347	0.189619	0.0809428	0.141398	0.22697	0.16453	0.09756	0.298087	1.23511	0.250484
3000000	-26.9679	0	-26.9679	0.0673567	0.117157	0.201263	0.395067	0.141859	0.189987	0.210815	1.20911	1.24794
3010000	-25.98774	0	-25.98774	0.144702	0.0847304	0.112247	0.201232	0.291515	0.0668373	0.970601	1.31447	2.58803
3020000	-26.88148	0	-26.88148	0.132747	0.0790516	0.0996233	0.241607	0.0953949	0.100843	0.420767	0.846909	0.767716
3030000	-27.62078	0	-27.62078	0.241401	0.0611433	0.135965	0.245187	0.0854829	0.0641243	1.23716	0.773739	1.1541
3040000	-25.4076	0	-25.4076	0.161172	0.0735933	0.21031	0.234097	0.0592548	0.0391637	0.731568	1.8269	0.575763
3050000	-24.32127	0	-24.32127	0.0679443	0.0844231	0.148512	0.224673	0.188158	0.0902489	0.737143	2.17644	0.27415
3060000	-23.97368	0	-23.97368	0.227215	0.12299	0.191349	0.245836	0.167536	0.256838	0.850001	1.07295	1.86317
3070000	-29.08675	0	-29.08675	0.175349	0.114496	0.141925	0.121054	0.160694	0.106274	1.46281	0.7722	0.268879
3080000	-34.27439	0	-34.27439	0.101535	0.151829	0.167695	0.413723	0.0820355	0.124423	0.118801	5.3066	0.268726
3090000	-24.33458	0	-24.33458	0.0848268	0.121779	0.114852	0.154349	0.18111	0.0560986	1.6206	1.90834	0.231738
3100000	-25.51051	0	-25.51051	0.260706	0.111076	0.190721	0.256643	0.23498	0.129214	0.975253	3.77172	0.91853
3110000	-29.47536	0	-29.47536	0.114533	0.0725649	0.139014	0.325387	0.138585	0.0334282	1.73616	2.37832	0.526517
3120000	-24.63989	0	-24.63989	0.0884689	0.0753429	0.164035	0.264049	0.134603	0.0860882	0.256622	3.58179	0.680701
3130000	-27.59896	0	-27.59896	0.121274	0.165914	0.256867	0.28471	0.165237	0.0565376	0.940206	2.03588	0.912476
3140000	-27.55547	0	-27.55547	0.0948388	0.138697	0.113992	0.311685	0.359889	0.0536893	0.739449	2.27035	0.289239
3150000	-22.53559	0	-22.53559	0.0592713	0.0987489	0.359212	0.118489	0.229331	0.0957857	0.310405	1.61503	1.28849
3160000	-27.77068	0	-27.77068	0.138995	0.133131	0.266015	0.483774	0.16045	0.163986	0.769416	1.56819	1.29171
3170000	-26.33806	0	-26.33806	0.0699498	0.167056	0.161597	0.113819	0.0939414	0.04658	2.1737	4.97565	1.56518
3180000	-28.46906	0	-28.46906	0.216862	0.123491	0.102716	0.322772	0.394737	0.109978	0.635643	2.75864	3.71277
3190000	-27.53931	0	-27.53931	0.107263	0.186715	0.160211	0.316097	0.100951	0.0771669	2.37822	0.967528	3.17465
3200000	-25.18829	0	-25.18829	0.0724226	0.152956	0.121364	0.121783	0.34492	0.154024	1.4881	3.54879	1.86767
3210000	-24.1663	0	-24.1663	0.199214	0.118606	0.157091	0.105765	0.272876	0.145599	0.212702	2.01879	0.626322
3220000	-29.81422	0	-29.81422	0.0907656	0.0805098	0.114284	0.255592	0.172237	0.0617468	0.258885	0.646498	2.18969
3230000	-28.45016	0	-28.45016	0.13542	0.106035	0.111983	0.239443	0.0997223	0.0984988	0.294412	0.353991	0.356324
3240000	-21.80703	0	-21.80703	0.136432	0.0846956	0.148334	0.408833	0.206173	0.123523	1.06762	0.733201	0.565277
3250000	-25.1876	0	-25.1876	0.195347	0.0745136	0.143152	0.117758	0.143955	0.176165	1.00494	3.04623	0.745023
3260000	-23.95071	0	-23.95071	0.186252	0.0866281	0.126532	0.141715	0.290999	0.142283	1.49182	0.955569	0.774989
3270000	-20.65481	0	-20.65481	0.144321	0.0750829	0.193593	0.229639	0.117103	0.07165	1.68557	2.54819	1.25427
3280000	-28.54443	0	-28.54443	0.230709	0.14083	0.175069	0.241659	0.202899	0.212239	2.7416	2.99168	0.500595
3290000	-28.57056	0	-28.57056	0.0596487	0.0949387	0.0955482	0.125639	0.120423	0.0560124	2.70879	2.06949	0.476174
3300000	-32.35203	0	-32.35203	0.0865302	0.0458689	0.0629197	0.374489	0.108692	0.0416099	0.2153	0.23795	0.181836
3310000	-30.56246	0	-30.56246	0.228108	0.096168	0.121843	0.184115	0.0630003	0.0744099	4.24652	1.17823	0.344102
3320000	-26.87302	0	-26.87302	0.0815174	0.147985	0.104656	0.137174	0.0492632	0.0602282	0.456864	0.82584	0.559138
3330000	-22.48866	0	-22.48866	0.113532	0.0752474	0.247239	0.246292	0.187585	0.115704	0.313663	1.91702	0.684313
3340000	-20.9608	0	-20.9608	0.114108	0.0691181	0.163781	0.27628	0.0925106	0.154828	1.41346	0.636671	0.828577
3350000	-25.42974	0	-25.42974	0.0858	0.166023	0.113217	0.441073	0.102856	0.0638215	0.491243	1.15686	0.360687
3360000	-25.40566	0	-25.40566	0.15177	0.0823817	0.112759	0.173978	0.114141	0.162438	0.311463	2.42181	4.56836
3370000	-25.70583	0	-25.70583	0.0850275	0.0801184	0.173206	0.122851	0.114471	0.100973	0.29926	0.795044	0.600431
3380000	-27.63978	0	-27.63978	0.148067	0.0788917	0.0835327	0.287897	0.073134	0.0681925	1.98746	2.58876	1.29578
3390000	-30.20933	0	-30.20933	0.12836	0.122879	0.139555	0.0601006	0.107999	0.0515401	0.273794	1.19766	0.436951
3400000	-32.82022	0	-32.82022	0.198004	0.0547872	0.290894	0.391266	0.172583	0.0903739	0.744773	1.5452	0.447444
3410000	-26.91123	0	-26.91123	0.0904149	0.0693269	0.458148	0.205361	0.254109	0.177391	1.09713	0.895087	4.84927
3420000	-19.85336	0	-19.85336	0.0702651	0.124555	0.141373	0.163834	0.193637	0.0702969	0.454349	1.42597	0.657677
3430000	-27.60176	0	-27.60176	0.179679	0.0391371	0.466522	0.248544	0.301395	0.0715971	0.914083	2.83396	1.09755
3440000	-29.05352	0	-29.05352	0.0843741	0.0587923	0.11863	0.339242	0.068952	0.0904346	0.533298	3.60519	1.20102
3450000	-22.01874	0	-22.01874	0.0586293	0.111435	0.309901	0.093012	0.219222	0.128359	1.04911	2.14974	0.79787
3460000	-25.88915	0	-25.88915	0.154919	0.0464881	0.0958365	0.10201	0.217563	0.0513645	2.66825	1.82137	1.52401
3470000	-26.14087	0	-26.14087	0.127672	0.157695	0.171074	0.203605	0.234173	0.156159	0.812227	0.809039	0.193908
3480000	-29.3962	0	-29.3962	0.0955305	0.126756	0.128956	0.158195	0.195514	0.126218	2.26169	2.67855	1.75303
3490000	-25.1525	0	-25.1525	0.126168	0.0991919	0.182423	0.145991	0.127552	0.0881132	2.56712	1.67196	1.44116
3500000	-20.80474	0	-20.80474	0.121186	0.0779945	0.157499	0.175737	0.122874	0.118068	0.220512	0.383978	1.5132
3510000	-23.11369	0	-23.11369	0.133385	0.0756808	0.151403	0.27897	0.182157	0.178382	0.517145	2.3663	2.22873
3520000	-22.80967	0	-22.80967	0.0818242	0.0830735	0.333131	0.0609755	0.17125	0.170207	2.03901	0.996705	1.37222
3530000	-21.43923	0	-21.43923	0.103763	0.104914	0.413218	0.299665	0.109825	0.123769	0.866869	1.65352	1.13734
3540000	-24.03727	0	-24.03727	0.113848	0.110992	0.604698	0.245031	0.21228	0.196245	1.51702	0.715412	0.771277
3550000	-25.05706	0	-25.05706	0.285032	0.0852205	0.268069	0.121318	0.196167	0.116748	0.52224	1.15399	0.475297
3560000	-24.03152	0	-24.03152	0.162011	0.0664325	0.158374	0.230337	0.119363	0.038377	2.16675	2.55087	0.686616
3570000	-24.87834	0	-24.87834	0.113371	0.0923964	0.167213	0.156509	0.18647	0.246972	0.519727	1.1077	1.49795
3580000	-28.32386	0	-28.32386	0.0817712	0.155378	0.212385	0.224756	0.20259	0.0434899	0.627627	1.80061	3.02975
3590000	-26.98712	0	-26.98712	0.237434	0.129609	0.197629	0.449711	0.127542	0.0756282	0.108678	0.960448	2.1377
3600000	-26.57796	0	-26.57796	0.0639684	0.0971716	0.140389	0.13057	0.127765	0.15689	1.43766	3.94362	0.489305
3610000	-21.16486	0	-21.16486	0.0895008	0.181456	0.170753	0.157001	0.115879	0.0902706	0.860685	1.94379	1.08974
3620000	-23.65249	0	-23.65249	0.0728481	0.136913	0.234608	0.134367	0.1699	0.0766312	3.22284	2.49909	0.892626
3630000	-23.36902	0	-23.36902	0.148555	0.059802	0.222746	0.159141	0.166783	0.0567668	1.33675	0.727351	0.152651
3640000	-28.45506	0	-28.45506	0.257098	0.302007	0.183353	0.204313	0.14453	0.0751308	0.164724	0.321632	0.38667
3650000	-19.18132	0	-19.18132	0.105057	0.109591	0.158692	0.236248	0.111075	0.0956044	1.09215	1.21784	1.91026
3660000	-28.72005	0	-28.72005	0.0966086	0.246567	0.189214	0.125733	0.247744	0.0514361	1.58938	2.12671	1.21562
3670000	-23.04185	0	-23.04185	0.0543496	0.153137	0.227609	0.234358	0.101075	0.0593886	0.928246	0.509154	1.00261
3680000	-23.9556	0	-23.9556	0.152934	0.200185	0.215771	0.339938	0.140058	0.104325	0.580219	2.55974	1.39547
3690000	-28.13166	0	-28.13166	0.168579	0.153222	0.111388	0.0870666	0.0579215	0.0795459	0.075117	0.900477	2.79527
3700000	-30.73363	0	-30.73363	0.0752048	0.156483	0.145379	0.270975	0.179685	0.130301	0.302532	2.05646	0.597021
3710000	-27.94271	0	-27.94271	0.192886	0.159459	0.143242	0.506686	0.166483	0.052791	1.74573	2.41306	1.30184
3720000	-22.82192	0	-22.82192	0.176094	0.0814641	0.256369	0.456591	0.114031	0.0362182	0.504192	0.94609	3.67462
3730000	-20.65635	0	-20.65635	0.108665	0.0811392	0.144814	0.239846	0.101661	0.0645013	0.660111	1.47778	0.476453
3740000	-23.33276	0	-23.33276	0.195615	0.0909843	0.27073	0.226885	0.179163	0.195809	1.34458	0.860613	0.726484
3750000	-21.26658	0	-21.26658	0.0501818	0.168761	0.26679	0.156436	0.108897	0.0921046	0.396936	1.02656	0.929422
3760000	-31.85359	0	-31.85359	0.121895	0.0629776	0.19803	0.256054	0.579163	0.167578	2.53315	2.1776	0.650268
3770000	-20.08964	0	-20.08964	0.176661	0.105108	0.267998	0.208772	0.139307	0.0596573	0.600976	1.81463	0.775265
3780000	-24.47365	0	-24.47365	0.0879557	0.0985652	0.231593	0.300732	0.299079	0.0782127	0.461555	1.08322	0.982242
3790000	-24.65013	0	-24.65013	0.126863	0.139675	0.212466	0.0965967	0.100112	0.0824781	0.690886	1.88573	0.235277
3800000	-21.53673	0	-21.53673	0.165664	0.115484	0.175562	0.190553	0.191128	0.0802909	1.49343	0.642521	0.417077
3810000	-27.33453	0	-27.33453	0.152983	0.147946	0.247581	0.231113	0.103701	0.0755696	3.60303	1.21221	0.841182
3820000	-25.66597	0	-25.66597	0.119605	0.0803709	0.129847	0.109654	0.114674	0.118944	0.419071	0.477924	0.502221
3830000	-26.05034	0	-26.05034	0.0642398	0.0878826	0.209375	0.172105	0.247067	0.0828527	0.986358	0.735648	1.93677
3840000	-28.69736	0	-28.69736	0.275526	0.108379	0.0690117	0.155935	0.116651	0.186435	0.286354	0.460833	1.00956
3850000	-29.58165	0	-29.58165	0.124406	0.240893	0.163643	0.277838	0.125966	0.104494	1.63776	2.55606	0.202851
3860000	-25.88642	0	-25.88642	0.277915	0.146875	0.206265	0.130318	0.227519	0.0705712	3.53713	1.05543	0.797991
3870000	-28.98821	0	-28.98821	0.100522	0.0427256	0.311964	0.362769	0.125116	0.123795	0.743498	2.45648	1.14501
3880000	-26.07957	0	-26.07957	0.13931	0.151813	0.12217	0.171452	0.173327	0.0380218	0.103309	0.476129	0.426369
3890000	-25.03125	0	-25.03125	0.12292	0.0624008	0.514749	0.378368	0.134407	0.0588419	0.142245	0.995091	1.08295
3900000	-32.3416	0	-32.3416	0.123754	0.218958	0.107935	0.560016	0.210182	0.0690612	0.734305	2.03116	1.60929
3910000	-24.40073	0	-24.40073	0.0793193	0.119129	0.186216	0.463216	0.204021	0.117263	0.540604	1.22229	0.393295
3920000	-28.33667	0	-28.33667	0.151039	0.113226	0.1331	0.257724	0.186676	0.0691549	0.351877	2.39245	0.779409
3930000	-32.38537	0	-32.38537	0.233766	0.07925	0.208306	0.294686	0.203654	0.075818	0.526568	1.15273	0.605513
3940000	-30.01727	0	-30.01727	0.151866	0.0551828	0.144808	0.214808	0.0895131	0.0688416	0.432921	1.63756	0.942058
3950000	-25.53543	0	-25.53543	0.0763106	0.178624	0.113784	0.211244	0.194373	0.0931832	0.208153	1.47555	0.506878
3960000	-28.197	0	-28.197	0.0745483	0.140301	0.0756095	0.19144	0.291753	0.0674471	3.05124	1.19541	0.408139
3970000	-25.53992	0	-25.53992	0.0890791	0.0730555	0.156275	0.157157	0.193179	0.325894	4.76034	1.02711	1.33828
3980000	-24.65156	0	-24.65156	0.178716	0.108298	0.201159	0.482177	0.0862463	0.121734	0.244472	2.13407	1.72849
3990000	-28.4458	0	-28.4458	0.166922	0.103524	0.108916	0.130692	0.110154	0.026331	0.484857	1.8018	0.435508
4000000	-36.6046	0	-36.6046	0.160959	0.0810762	0.0769675	0.286591	0.0656476	0.0928611	0.757066	3.32337	0.350033
4010000	-28.01241	0	-28.01241	0.102277	0.116878	0.157178	0.312517	0.398949	0.0980597	0.720773	4.379	2.63862
4020000	-31.40817	0	-31.40817	0.335044	0.0498635	0.143172	0.106014	0.189061	0.09249	1.06464	0.735979	0.815994
4030000	-25.71998	0	-25.71998	0.172273	0.0740509	0.298518	0.340939	0.145775	0.0580003	0.579778	1.8703	0.981975
4040000	-24.83903	0	-24.83903	0.07595	0.0728609	0.157774	0.0631417	0.169158	0.0563644	0.247796	2.93276	0.555566
4050000	-27.7046	0	-27.7046	0.0890802	0.104297	0.0807238	0.198427	0.110376	0.0907549	0.597987	2.93219	1.64741
4060000	-24.29281	0	-24.29281	0.0571331	0.0631981	0.415311	0.263671	0.188376	0.146079	0.804116	1.04805	0.987686
4070000	-28.97207	0	-28.97207	0.251634	0.144561	0.0955784	0.206998	0.116984	0.0879914	0.0756529	2.42689	0.277515
4080000	-22.58391	0	-22.58391	0.0504678	0.116768	0.259019	0.185719	0.155466	0.178059	0.751361	1.27956	1.59738
4090000	-23.28636	0	-23.28636	0.094328	0.129556	0.410328	0.17049	0.196669	0.106993	1.21962	3.78041	2.04302
4100000	-27.80776	0	-27.80776	0.217542	0.106287	0.116609	0.278414	0.173472	0.152003	0.244436	2.71138	1.96931
4110000	-27.26155	0	-27.26155	0.206103	0.121978	0.298856	0.200455	0.0813759	0.0740173	0.683161	1.84816	0.0983658
4120000	-26.72563	0	-26.72563	0.0918664	0.159351	0.308089	0.237835	0.139447	0.174339	0.0225917	1.1359	0.439197
4130000	-26.34299	0	-26.34299	0.116867	0.185933	0.163358	0.323754	0.19878	0.133577	1.52636	1.75305	2.69064
4140000	-34.0516	0	-34.0516	0.0732853	0.10623	0.205439	0.541615	0.365737	0.121535	3.32038	1.54688	1.95912
4150000	-25.8907	0	-25.8907	0.090192	0.0732593	0.114996	0.359855	0.0551739	0.0648141	0.140016	1.64663	0.588291
4160000	-30.40985	0	-30.40985	0.266174	0.104753	0.0854132	0.482971	0.156213	0.108321	0.229425	0.345909	0.317464
4170000	-25.2417	0	-25.2417	0.154856	0.0870374	0.418552	0.213156	0.175006	0.0790447	0.430182	1.63716	1.61903
4180000	-28.30292	0	-28.30292	0.152218	0.18998	0.108323	0.196477	0.223191	0.0917571	0.209919	1.65899	1.00921
4190000	-25.64188	0	-25.64188	0.150587	0.119202	0.121501	0.053221	0.334931	0.0741912	1.00679	3.06747	1.4681
4200000	-24.43278	0	-24.43278	0.124197	0.152623	0.315827	0.128312	0.183162	0.250886	3.00374	0.702611	1.25405
4210000	-27.15706	0	-27.15706	0.163417	0.118286	0.10303	0.167496	0.097281	0.103635	0.639538	4.25245	0.266165
4220000	-26.37707	0	-26.37707	0.131816	0.0679329	0.108052	0.0762036	0.112998	0.104617	0.536582	1.05581	2.44194
4230000	-27.02995	0	-27.02995	0.119899	0.117289	0.0836136	0.142174	0.228802	0.0643862	4.6807	1.21818	0.444572
4240000	-21.79077	0	-21.79077	0.10827	0.0605385	0.218447	0.281785	0.125723	0.0784633	1.48494	1.10876	0.620103
4250000	-21.67833	0	-21.67833	0.1241	0.0818299	0.156779	0.384655	0.0930521	0.0958294	0.657401	0.71792	1.44882
4260000	-24.35175	0	-24.35175	0.206512	0.135588	0.136535	0.178101	0.130919	0.087367	1.59378	2.53507	1.43974
4270000	-25.89529	0	-25.89529	0.200946	0.113863	0.190234	0.23892	0.153462	0.0576573	1.30877	3.3142	1.71553
4280000	-26.17092	0	-26.17092	0.112752	0.0832679	0.116541	0.184689	0.12579	0.163502	0.0418193	1.63842	0.950995
4290000	-25.2111	0	-25.2111	0.0861573	0.142665	0.258867	0.26291	0.170889	0.0386403	1.10665	1.9213	0.565129
4300000	-21.68925	0	-21.68925	0.0789601	0.119041	0.382888	0.271305	0.134584	0.0734881	1.30034	0.717936	0.764728
4310000	-23.54919	0	-23.54919	0.102453	0.104571	0.474368	0.212177	0.286629	0.109562	1.47949	0.293194	0.835531
4320000	-27.37305	0	-27.37305	0.0716147	0.112635	0.108861	0.0891454	0.145985	0.1713	0.416486	0.921925	1.05119
4330000	-23.69852	0	-23.69852	0.231214	0.180866	0.265336	0.0793345	0.20125	0.11602	0.614751	2.49252	0.929377
4340000	-25.85571	0	-25.85571	0.0998916	0.0710979	0.17339	0.374087	0.318288	0.0526854	0.908587	3.19858	0.824717
4350000	-26.44967	0	-26.44967	0.169272	0.0723019	0.406181	0.298295	0.100077	0.0616011	2.16751	1.08812	1.4843
4360000	-21.38264	0	-21.38264	0.106489	0.0918568	0.214405	0.376689	0.137611	0.126603	0.246358	1.33918	0.594991
4370000	-29.32845	0	-29.32845	0.0850513	0.0653124	0.193484	0.320866	0.122165	0.104337	1.11978	0.682523	0.831965
4380000	-26.40268	0	-26.40268	0.187059	0.100593	0.592712	0.480414	0.215327	0.10385	1.80739	1.04138	2.23259
4390000	-24.71549	0	-24.71549	0.0895399	0.119468	0.164788	0.136539	0.080303	0.130312	0.131437	1.41436	0.720985
4400000	-23.21706	0	-23.21706	0.0662231	0.0938991	0.165044	0.158717	0.158612	0.0521714	2.18495	1.61642	0.664849
4410000	-32.25572	0	-32.25572	0.090763	0.0885748	0.452456	0.202752	0.137366	0.368387	3.33899	3.93552	2.58531
4420000	-25.0855	0	-25.0855	0.113261	0.104123	0.200878	0.178835	0.150152	0.106519	0.566369	2.1151	0.968979
4430000	-29.48599	0	-29.48599	0.133239	0.0885642	0.362081	0.100064	0.212551	0.114491	0.387368	2.03546	0.969157
4440000	-26.8631	0	-26.8631	0.0572438	0.0806143	0.130534	0.177306	0.147147	0.127593	0.154649	0.862971	1.72812
4450000	-25.93797	0	-25.93797	0.132097	0.108416	0.248111	0.313951	0.208042	0.130584	0.70885	4.65003	0.458113
4460000	-29.24419	0	-29.24419	0.0664557	0.0527626	0.424682	0.338887	0.0781224	0.0685159	1.59625	0.663791	2.80478
4470000	-30.20884	0	-30.20884	0.0504478	0.156877	0.105593	0.302918	0.165645	0.0689025	5.00298	1.58479	2.10181
4480000	-27.89407	0	-27.89407	0.149251	0.0482385	0.190069	0.231361	0.0673308	0.105064	1.84444	2.93353	0.266211
4490000	-23.35404	0	-23.35404	0.184344	0.121113	0.24012	0.351897	0.292105	0.169819	0.964135	0.875433	0.518383
4500000	-22.64565	0	-22.64565	0.104589	0.114059	0.159398	0.193679	0.146219	0.139239	0.489391	0.772502	0.367652
4510000	-25.92859	0	-25.92859	0.277298	0.0858084	0.21955	0.201314	0.0936269	0.0507958	0.541835	0.975867	0.42374
4520000	-27.1819	0	-27.1819	0.0523583	0.196262	0.18844	0.571347	0.130206	0.113536	0.523292	0.827431	2.9648
4530000	-31.02864	0	-31.02864	0.228375	0.0885246	0.399656	0.147637	0.160206	0.142696	1.10072	2.86598	0.345062
4540000	-23.77812	0	-23.77812	0.0541579	0.170593	0.150456	0.222951	0.193702	0.0551168	0.183344	0.647318	0.936363
4550000	-20.70754	0	-20.70754	0.145787	0.063328	0.257362	0.157616	0.233069	0.0865719	1.17839	1.50577	1.79259
4560000	-23.95757	0	-23.95757	0.123836	0.109337	0.359788	0.124082	0.195044	0.288612	0.77212	1.94579	1.21754
4570000	-25.11485	0	-25.11485	0.128999	0.160346	0.0898854	0.0810631	0.17757	0.102627	0.329468	2.8827	0.605556
4580000	-23.68804	0	-23.68804	0.0622046	0.0443566	0.25881	0.223239	0.219008	0.112379	0.887848	0.571061	1.43087
4590000	-22.39239	0	-22.39239	0.040946	0.120147	0.265191	0.222429	0.277834	0.10441	1.47319	0.55158	0.865082
4600000	-21.99095	0	-21.99095	0.118669	0.0642028	0.446765	0.195482	0.179888	0.13875	0.163769	1.04976	1.19605
4610000	-28.80722	0	-28.80722	0.149915	0.133516	0.14386	0.352162	0.132713	0.103923	0.153669	1.39106	4.52571
4620000	-24.66791	0	-24.66791	0.189829	0.102837	0.217711	0.122587	0.124517	0.118758	0.216132	1.35368	0.270831
4630000	-27.62282	0	-27.62282	0.152796	0.0708891	0.140592	0.274049	0.102174	0.0487693	0.594967	1.57833	0.229275
4640000	-24.17403	0	-24.17403	0.135132	0.142827	0.176089	0.290846	0.156976	0.0990957	0.535058	1.28457	1.35582
4650000	-29.52142	0	-29.52142	0.190552	0.138667	0.160305	0.3321	0.144239	0.033387	1.96726	4.96774	0.913429
4660000	-27.73398	0	-27.73398	0.0801101	0.0839219	0.13669	0.359823	0.123256	0.038148	2.57808	2.96576	0.696499
4670000	-28.06019	0	-28.06019	0.173766	0.130266	0.116904	0.330647	0.187306	0.101311	0.478661	1.83592	0.164509
4680000	-20.52991	0	-20.52991	0.129304	0.0749608	0.171996	0.196527	0.152724	0.109653	1.24782	0.897275	0.599688
4690000	-34.24385	0	-34.24385	0.0779766	0.153022	0.0876562	0.300858	0.141817	0.0316715	1.73497	0.746911	2.09908
4700000	-24.10565	0	-24.10565	0.118366	0.104925	0.118625	0.142884	0.230105	0.083646	0.574997	0.597691	0.420742
4710000	-21.19292	0	-21.19292	0.1258	0.184403	0.142537	0.199593	0.140109	0.0935647	1.17407	1.91291	0.552321
4720000	-26.60096	0	-26.60096	0.122469	0.115228	0.176478	0.138054	0.103983	0.0878285	1.1507	1.49523	1.62894
4730000	-25.77826	0	-25.77826	0.334882	0.1239	0.203171	0.484127	0.135271	0.117761	1.06441	1.38215	1.91505
4740000	-23.50515	0	-23.50515	0.142972	0.113009	0.173475	0.451763	0.180628	0.0675016	1.38445	0.969695	1.85842
4750000	-28.13833	0	-28.13833	0.249993	0.140239	0.13372	0.239755	0.248973	0.110908	1.7547	0.231258	0.378478
4760000	-29.4471	0	-29.4471	0.0836759	0.208324	0.514705	0.29427	0.12183	0.196826	0.423426	4.24759	5.55429
4770000	-23.49914	0	-23.49914	0.111677	0.157642	0.140468	0.17922	0.152295	0.0545193	0.515121	1.82334	1.09066
4780000	-24.30723	0	-24.30723	0.0838394	0.110283	0.110457	0.162859	0.203069	0.0525225	0.487095	2.05597	3.65114
4790000	-26.61703	0	-26.61703	0.100201	0.111701	0.275016	0.227419	0.195877	0.183642	2.16281	1.11096	0.934946
4800000	-26.9825	0	-26.9825	0.0938942	0.147601	0.107802	0.162977	0.0625324	0.111682	0.757207	0.618864	0.533274
4810000	-29.24381	0	-29.24381	0.14135	0.215521	0.247557	0.112882	0.158814	0.0530691	3.92579	1.5284	0.383244
4820000	-27.23519	0	-27.23519	0.112434	0.0910768	0.335207	0.100047	0.111269	0.107647	0.55348	2.45394	1.13871
4830000	-21.51819	0	-21.51819	0.169968	0.0805721	0.21658	0.124732	0.218131	0.093695	2.5157	0.482489	2.19325
4840000	-21.34682	0	-21.34682	0.102554	0.177734	0.130047	0.212088	0.208788	0.0975541	1.24619	1.63121	1.54414
4850000	-32.98501	0	-32.98501	0.0750054	0.0889278	0.0795167	0.324789	0.0715937	0.0668789	0.487455	1.57343	0.314198
4860000	-25.92331	0	-25.92331	0.266044	0.0640793	0.172869	0.179754	0.176033	0.0796219	0.560364	1.19429	0.76866
4870000	-26.52505	0	-26.52505	0.196597	0.0685095	0.275368	0.380841	0.073052	0.0584239	1.62896	2.30913	0.981426
4880000	-27.34131	0	-27.34131	0.138783	0.0848438	0.128437	0.09987	0.0985139	0.133492	0.700946	0.270319	1.35436
4890000	-24.34349	0	-24.34349	0.189765	0.0776133	0.290774	0.449321	0.0832111	0.0779599	2.24778	2.03624	0.591579
4900000	-24.57952	0	-24.57952	0.0548238	0.093825	0.147147	0.160916	0.0784521	0.135727	0.852473	2.48037	0.61861
4910000	-33.49248	0	-33.49248	0.15973	0.133111	0.260167	0.410919	0.2201	0.0589206	2.8135	3.39742	0.558909
4920000	-25.32042	0	-25.32042	0.170674	0.107614	0.181071	0.233455	0.185184	0.265741	0.699365	2.57901	1.20155
4930000	-25.41211	0	-25.41211	0.1666	0.0716582	0.122701	0.169491	0.138374	0.132697	0.968124	1.79829	2.04094
4940000	-31.66319	0	-31.66319	0.101395	0.114606	0.138957	0.121642	0.293539	0.0724754	3.55946	0.69344	0.0978901
4950000	-21.60525	0	-21.60525	0.15292	0.172262	0.163987	0.222687	0.208089	0.173835	1.25608	1.93813	2.28841
4960000	-26.87088	0	-26.87088	0.142906	0.118638	0.14266	0.308847	0.11531	0.165485	1.38988	2.9882	3.80806
4970000	-25.05859	0	-25.05859	0.121783	0.115443	0.30999	0.197245	0.117011	0.0942648	0.625663	2.52606	5.19532
4980000	-28.80466	0	-28.80466	0.202422	0.14117	0.215921	0.341718	0.353263	0.0571261	5.14667	0.940238	2.67889
4990000	-30.49277	0	-30.49277	0.199662	0.0970148	0.412832	0.461081	0.188857	0.195494	0.836751	0.987692	0.767817
5000000	-28.31029	0	-28.31029	0.0627229	0.129885	0.151774	0.505973	0.135884	0.170289	1.50569	2.03559	3.95111
