Iteration	Posterior	Likelihood	Prior	lambda[1]	lambda[2]	lambda[3]	mu[1]	mu[2]	mu[3]	psi[1]	psi[2]	psi[3]
0	-21.32291	0	-21.32291	0.238413	0.234034	0.0862106	0.102291	0.122851	0.180319	0.903533	0.202055	1.4663
10000	-23.47588	0	-23.47588	0.153205	0.230863	0.181111	0.365713	0.311402	0.138628	3.72847	0.783052	0.0867102
20000	-16.65612	0	-16.65612	0.102153	0.139577	0.0998685	0.121249	0.148293	0.103585	1.65174	1.93282	0.0895564
30000	-19.89907	0	-19.89907	0.223363	0.204894	0.113985	0.228415	0.125627	0.139389	0.655441	2.82423	0.402902
40000	-17.86689	0	-17.86689	0.208737	0.0744814	0.145869	0.375952	0.158879	0.149987	2.06456	1.22024	0.0886962
50000	-25.00269	0	-25.00269	0.183657	0.136979	0.0989858	0.16725	0.198242	0.0394353	0.953472	4.69811	1.11799
60000	-17.9439	0	-17.9439	0.159317	0.198348	0.100453	0.304817	0.158738	0.100029	0.225543	0.589019	0.645962
70000	-17.45936	0	-17.45936	0.0939883	0.203627	0.154055	0.559642	0.0977789	0.0738114	0.286564	0.689649	0.0990671
80000	-19.41907	0	-19.41907	0.368319	0.221269	0.120769	0.349429	0.125955	0.0836156	1.76476	0.231792	0.00685275
90000	-15.92435	0	-15.92435	0.454091	0.158199	0.0730555	0.234903	0.101688	0.114582	0.598238	2.47551	0.173609
100000	-19.70672	0	-19.70672	0.164126	0.0780566	0.258435	0.167547	0.228557	0.14111	2.90749	0.379838	0.285441
110000	-21.23584	0	-21.23584	0.252983	0.298548	0.157928	0.0858995	0.15488	0.0398735	3.06192	0.386642	0.0298059
120000	-26.89595	0	-26.89595	0.115909	0.133917	0.160363	0.144033	0.200405	0.115659	0.0500441	0.249275	0.0307043
130000	-16.34448	0	-16.34448	0.119137	0.132311	0.181458	0.390279	0.142587	0.112806	0.452609	0.646954	0.0455438
140000	-16.31069	0	-16.31069	0.165617	0.189541	0.106033	0.197264	0.139533	0.040024	1.17321	1.15591	0.218519
150000	-24.19275	0	-24.19275	0.0943504	0.158843	0.586461	0.35203	0.305592	0.0979185	0.756893	0.419664	0.200556
160000	-17.91202	0	-17.91202	0.116841	0.241561	0.181487	0.290257	0.101017	0.0750692	0.426665	0.277959	0.113574
170000	-19.16571	0	-19.16571	0.0681865	0.210957	0.158185	0.162982	0.130627	0.19132	0.400951	0.198469	0.0107625
180000	-15.50986	0	-15.50986	0.208908	0.124921	0.1251	0.154639	0.121174	0.0884826	1.88848	0.878023	0.415816
190000	-15.50038	0	-15.50038	0.142283	0.219302	0.105075	0.218802	0.121778	0.0885115	2.67345	0.479995	0.179779
200000	-15.42253	0	-15.42253	0.229143	0.142651	0.191915	0.235748	0.0896048	0.21172	0.256835	0.704093	0.399058
210000	-17.96129	0	-17.96129	0.0900793	0.402798	0.164838	0.185769	0.109427	0.103458	1.34789	1.23319	0.0736311
220000	-22.66692	0	-22.66692	0.118481	0.110431	0.184855	0.21549	0.391703	0.0886624	0.754409	1.16163	0.0223315
230000	-22.42125	0	-22.42125	0.209172	0.233676	0.123334	0.16169	0.297457	0.0268658	0.855129	0.414611	2.17313
240000	-19.82273	0	-19.82273	0.228197	0.0850656	0.114	0.211491	0.107633	0.195105	0.69471	3.40644	0.00369969
250000	-24.72769	0	-24.72769	0.382396	0.37734	0.0765726	0.113661	0.141979	0.146733	0.0734298	0.610232	0.301054
260000	-18.7057	0	-18.7057	0.144694	0.0540879	0.152168	0.417674	0.08894	0.131908	0.182354	0.377707	0.283617
270000	-18.3605	0	-18.3605	0.0901671	0.0534225	0.0761044	0.112996	0.0574348	0.0780797	0.560813	1.51818	0.041613
280000	-20.58394	0	-20.58394	0.236002	0.0875251	0.239328	0.290734	0.233918	0.195481	0.483745	1.64249	0.640821
290000	-18.89489	0	-18.89489	0.158818	0.149278	0.17594	0.104804	0.086931	0.315173	0.511778	0.638071	0.149311
300000	-19.97663	0	-19.97663	0.186327	0.0887969	0.0874815	0.0943421	0.249513	0.0887037	1.55032	0.752332	3.88266
310000	-22.12245	0	-22.12245	0.321307	0.186303	0.1208	0.286088	0.215116	0.128146	3.31412	0.508503	0.0281473
320000	-21.0426	0	-21.0426	0.153045	0.245787	0.269823	0.216939	0.113389	0.126901	0.571531	0.139924	0.0586144
330000	-19.53503	0	-19.53503	0.303418	0.254369	0.12577	0.430828	0.276241	0.157766	0.652517	1.89685	0.411961
340000	-16.37583	0	-16.37583	0.0682708	0.150333	0.282624	0.275831	0.132477	0.225959	1.56402	2.29306	0.433452
350000	-15.23066	0	-15.23066	0.0746492	0.135249	0.126287	0.211582	0.0932845	0.0789357	0.720335	0.675873	0.00389282
360000	-26.85365	0	-26.85365	0.0933205	0.199954	0.779497	0.175506	0.0632017	0.202741	0.787172	0.211553	0.529724
370000	-17.61111	0	-17.61111	0.396805	0.0791981	0.15788	0.135803	0.160222	0.0681956	0.606223	2.17796	0.179937
380000	-13.57591	0	-13.57591	0.083027	0.225269	0.155898	0.179815	0.143406	0.0659229	1.17039	0.616629	0.0180478
390000	-17.95181	0	-17.95181	0.0505846	0.171459	0.103697	0.538196	0.135424	0.102192	1.12659	0.585143	0.0162537
400000	-27.2367	0	-27.2367	0.0811462	0.336655	0.125194	0.363015	0.167128	0.0403803	0.0334194	1.6757	2.94435
410000	-17.38705	0	-17.38705	0.132557	0.35443	0.167428	0.208016	0.310838	0.142174	0.629427	1.15949	0.243762
420000	-19.34137	0	-19.34137	0.126745	0.0853314	0.240018	0.256973	0.126761	0.105894	1.04069	0.179274	0.429549
430000	-19.83631	0	-19.83631	0.232273	0.100911	0.113139	0.374514	0.069058	0.145627	2.50882	0.378765	1.07244
440000	-16.6341	0	-16.6341	0.115872	0.183545	0.112051	0.254325	0.239249	0.0770347	4.94194	0.623918	0.00102286
450000	-18.49212	0	-18.49212	0.149524	0.176718	0.180556	0.347385	0.123386	0.0706942	1.62627	1.19206	0.0320942
460000	-17.74465	0	-17.74465	0.10932	0.392918	0.152688	0.111369	0.237276	0.0907929	0.362138	0.935396	0.524646
470000	-19.86182	0	-19.86182	0.0963494	0.221632	0.12433	0.372401	0.161196	0.0533322	0.408496	0.643774	0.138456
480000	-18.47691	0	-18.47691	0.226017	0.236586	0.177968	0.18345	0.177033	0.244583	0.381475	1.58866	0.473235
490000	-23.43116	0	-23.43116	0.0955074	0.450173	0.133524	0.694818	0.255377	0.182188	0.205742	0.15535	0.317113
500000	-15.96199	0	-15.96199	0.0881715	0.296023	0.0693603	0.292843	0.145949	0.112764	1.37869	0.348981	0.333978
510000	-22.21171	0	-22.21171	0.115229	0.139252	0.179226	0.416772	0.155921	0.225362	0.0768168	2.1592	0.0700827
520000	-16.05144	0	-16.05144	0.0684127	0.315116	0.155244	0.151441	0.13941	0.181808	0.384887	0.605686	0.0189885
530000	-16.15325	0	-16.15325	0.0663259	0.153448	0.195215	0.335534	0.0961889	0.183885	1.05977	0.495988	0.583035
540000	-20.7217	0	-20.7217	0.243602	0.068467	0.123367	0.376702	0.123794	0.0639369	0.666325	0.562406	1.26576
550000	-15.91135	0	-15.91135	0.133971	0.284104	0.102267	0.203061	0.140265	0.0864232	0.327374	0.809561	0.164613
560000	-17.53529	0	-17.53529	0.184898	0.129627	0.170443	0.312445	0.205621	0.0784947	1.999	2.62854	0.0346551
570000	-18.21955	0	-18.21955	0.117002	0.11241	0.106469	0.255555	0.249563	0.134868	1.38971	1.19015	0.735343
580000	-16.89126	0	-16.89126	0.117018	0.264657	0.231569	0.141281	0.220926	0.0657044	0.557279	0.373108	0.014462
590000	-18.6739	0	-18.6739	0.0952269	0.225186	0.313162	0.327924	0.0854674	0.116253	1.33594	4.24502	0.7315
600000	-13.59638	0	-13.59638	0.109663	0.117995	0.157622	0.243135	0.0760709	0.070041	1.0143	0.162111	0.211322
610000	-18.42357	0	-18.42357	0.188485	0.127482	0.156278	0.221938	0.160268	0.174421	1.73331	3.44094	1.14538
620000	-16.18847	0	-16.18847	0.0452588	0.212049	0.0989673	0.182632	0.135757	0.192725	0.221825	2.44652	0.266699
630000	-20.46783	0	-20.46783	0.177686	0.200149	0.145523	0.314637	0.307695	0.135065	0.649084	1.59483	0.692278
640000	-15.37807	0	-15.37807	0.0812032	0.233066	0.12655	0.254568	0.0786481	0.0688118	2.06257	0.205214	1.91326
650000	-26.86255	0	-26.86255	0.0682728	0.245545	0.65215	0.625214	0.0498497	0.237306	0.644281	0.631628	0.0548525
660000	-21.35379	0	-21.35379	0.111724	0.372551	0.224132	0.137833	0.10773	0.27411	2.09345	1.98468	2.72559
670000	-20.26389	0	-20.26389	0.178392	0.312428	0.0636578	0.287493	0.15974	0.129093	1.05675	0.743912	2.62982
680000	-18.74248	0	-18.74248	0.083021	0.255684	0.355446	0.144193	0.070628	0.098285	0.424315	1.4354	0.11095
690000	-16.0409	0	-16.0409	0.238087	0.128325	0.0688459	0.186072	0.292449	0.0838226	2.65545	1.3057	0.120885
700000	-17.78604	0	-17.78604	0.142538	0.304401	0.102529	0.339776	0.219288	0.132103	2.40539	0.976393	0.495009
710000	-20.0246	0	-20.0246	0.0529266	0.151915	0.192285	0.300333	0.141844	0.0860176	0.249255	0.479117	0.672043
720000	-20.27689	0	-20.27689	0.112848	0.167474	0.406114	0.276454	0.299451	0.0820636	3.49203	1.16653	0.577098
730000	-29.00998	0	-29.00998	0.210959	0.0779116	0.205099	0.390245	0.195105	0.0475856	2.5735	1.21476	0.00418891
740000	-18.5593	0	-18.5593	0.0891993	0.108088	0.0862231	0.422817	0.171427	0.0615328	1.02495	0.190018	0.465646
750000	-23.82344	0	-23.82344	0.156942	0.194092	0.148958	0.496405	0.340585	0.102941	1.99284	3.49627	1.83787
760000	-20.52928	0	-20.52928	0.131721	0.222145	0.0536179	0.366329	0.167269	0.122454	0.56692	1.85314	0.0522283
770000	-17.48803	0	-17.48803	0.115618	0.0854938	0.248533	0.268907	0.158454	0.0776154	0.303771	0.261443	1.07677
780000	-19.19745	0	-19.19745	0.0757169	0.190802	0.141428	0.151136	0.107502	0.031463	0.779822	2.33736	2.03036
790000	-20.07039	0	-20.07039	0.504816	0.14811	0.10069	0.133041	0.21025	0.0937271	0.490803	0.239868	0.0100861
800000	-19.7342	0	-19.7342	0.0981294	0.0777316	0.432203	0.426455	0.0547895	0.078353	0.452453	0.303933	0.102453
810000	-13.94269	0	-13.94269	0.155988	0.21237	0.147685	0.232966	0.214824	0.110291	0.812385	1.74369	0.387164
820000	-15.84836	0	-15.84836	0.254257	0.188492	0.057608	0.369017	0.0531147	0.273072	2.26094	0.937803	0.281886
830000	-18.59235	0	-18.59235	0.127002	0.154317	0.0936133	0.318788	0.14234	0.0963606	0.526844	0.657384	0.173301
840000	-21.11007	0	-21.11007	0.357612	0.0702615	0.185271	0.376214	0.140929	0.170656	0.970372	1.0672	2.00542
850000	-22.898	0	-22.898	0.490529	0.167307	0.126331	0.218387	0.355964	0.152131	2.26753	0.420847	1.40845
860000	-15.69734	0	-15.69734	0.171934	0.151323	0.283651	0.185418	0.130849	0.208912	0.576442	1.60903	0.204468
870000	-14.65742	0	-14.65742	0.0860964	0.170895	0.154187	0.305688	0.21701	0.107519	0.871937	0.419286	0.118875
880000	-19.10032	0	-19.10032	0.112387	0.160605	0.295506	0.126545	0.0322487	0.116452	2.60863	0.866495	0.204231
890000	-22.01537	0	-22.01537	0.252816	0.288652	0.17747	0.357134	0.309831	0.163156	0.43235	0.511217	1.45624
900000	-17.56775	0	-17.56775	0.13937	0.108125	0.134324	0.386132	0.125816	0.0585179	0.168623	0.538179	0.00712039
910000	-16.66334	0	-16.66334	0.122886	0.184658	0.291407	0.175945	0.270271	0.0801946	1.55978	1.56961	0.00995784
920000	-22.71633	0	-22.71633	0.137034	0.0605379	0.135046	0.365244	0.145544	0.105748	0.531141	0.304829	0.0159087
930000	-15.2332	0	-15.2332	0.153079	0.215939	0.185213	0.431899	0.0825701	0.20241	0.970671	0.888781	1.05935
940000	-23.03869	0	-23.03869	0.152733	0.194964	0.266668	0.293531	0.36163	0.333637	2.54827	2.81664	1.40243
950000	-25.27831	0	-25.27831	0.29636	0.179225	0.72316	0.147727	0.0708783	0.0940876	1.81416	0.223166	0.038526
960000	-18.83603	0	-18.83603	0.125199	0.132705	0.112129	0.16506	0.16845	0.167029	1.8749	0.373923	0.532678
970000	-16.64258	0	-16.64258	0.0631188	0.324135	0.0996358	0.353004	0.178577	0.233394	0.350849	0.656488	0.0314243
980000	-20.41695	0	-20.41695	0.0715236	0.132819	0.129745	0.354114	0.330444	0.048208	0.763118	1.43489	0.0312865
990000	-15.8084	0	-15.8084	0.127458	0.229761	0.152718	0.27682	0.0536871	0.118425	0.663737	0.500729	1.20138
1000000	-15.38676	0	-15.38676	0.0971153	0.162726	0.0823626	0.124704	0.270174	0.130077	2.63099	1.55048	0.303804
1010000	-18.45197	0	-18.45197	0.0939781	0.116604	0.265864	0.304993	0.245245	0.162623	0.612444	1.12049	0.158202
1020000	-17.49601	0	-17.49601	0.0716888	0.131773	0.118468	0.161801	0.121035	0.0889739	0.795862	0.401835	0.571867
1030000	-21.29122	0	-21.29122	0.0426905	0.162321	0.0647071	0.178084	0.0630271	0.306861	0.634631	0.493486	0.0545917
1040000	-19.44008	0	-19.44008	0.0994252	0.0907926	0.129718	0.176465	0.0953582	0.242111	4.93021	1.01467	0.0132992
1050000	-26.91346	0	-26.91346	0.0650922	0.116732	0.243917	0.447507	0.10197	0.050332	1.839	0.33557	0.161172
1060000	-23.43412	0	-23.43412	0.0878711	0.0847938	0.232598	0.145117	0.140251	0.185466	0.757737	0.0789048	0.0133782
1070000	-22.64238	0	-22.64238	0.077252	0.134568	0.363033	0.284901	0.244944	0.0754339	2.63285	0.653577	0.306171
1080000	-20.08637	0	-20.08637	0.0477916	0.213158	0.249055	0.563887	0.109741	0.193303	0.320986	0.17898	0.0208853
1090000	-24.35223	0	-24.35223	0.116612	0.146756	0.440865	0.152277	0.0746292	0.115588	3.80705	0.270886	0.186865
1100000	-17.4203	0	-17.4203	0.190189	0.212932	0.146277	0.368439	0.233459	0.10719	1.90265	1.18787	0.378874
1110000	-16.62002	0	-16.62002	0.0744489	0.156478	0.0950397	0.282689	0.200716	0.109146	0.491488	0.130449	0.315029
1120000	-15.42001	0	-15.42001	0.169973	0.180392	0.0949354	0.362422	0.161507	0.116965	0.554418	1.16578	0.964883
1130000	-15.28877	0	-15.28877	0.0747685	0.279694	0.138581	0.193505	0.11405	0.123816	1.04258	1.81365	0.314044
1140000	-16.23565	0	-16.23565	0.219127	0.13284	0.177942	0.157397	0.114245	0.0974622	3.25911	1.66223	0.898099
1150000	-18.95936	0	-18.95936	0.216938	0.27877	0.0907863	0.363528	0.0590356	0.168976	0.653958	2.82915	0.483985
1160000	-19.86409	0	-19.86409	0.195865	0.155793	0.270446	0.0889957	0.10311	0.0613146	0.110772	1.12041	1.54017
1170000	-16.68601	0	-16.68601	0.0578487	0.22993	0.173988	0.478246	0.162466	0.0791987	0.918686	0.672342	0.140522
1180000	-17.83267	0	-17.83267	0.133933	0.147262	0.227973	0.27716	0.279863	0.137124	2.68788	1.16678	0.19117
1190000	-19.09412	0	-19.09412	0.104529	0.221523	0.0885959	0.167313	0.171328	0.0932781	0.399635	0.453448	0.00889361
1200000	-18.04078	0	-18.04078	0.162874	0.448948	0.126081	0.143502	0.108276	0.0461317	0.923125	2.91936	0.339146
1210000	-13.75046	0	-13.75046	0.108152	0.182767	0.158849	0.181288	0.182673	0.131886	0.50611	0.652975	0.0899952
1220000	-19.60059	0	-19.60059	0.0651389	0.248822	0.193484	0.10587	0.186603	0.0977057	0.187818	1.82332	1.28393
1230000	-16.34389	0	-16.34389	0.083734	0.10004	0.133641	0.451552	0.0757812	0.097421	2.53283	1.90069	0.327446
1240000	-20.2079	0	-20.2079	0.115939	0.328446	0.108933	0.205039	0.108311	0.139311	0.844362	0.836828	0.0288281
1250000	-25.32227	0	-25.32227	0.154917	0.121098	0.163818	0.563391	0.282128	0.083325	2.37979	0.816293	2.27779
1260000	-17.6932	0	-17.6932	0.166877	0.0926508	0.194578	0.254846	0.211488	0.234101	1.48695	1.11411	0.496105
1270000	-19.53825	0	-19.53825	0.330837	0.0872318	0.260784	0.341765	0.125464	0.0973668	4.05108	0.394852	0.0175568
1280000	-20.81083	0	-20.81083	0.116727	0.122011	0.0570036	0.216495	0.205049	0.116962	1.31369	3.20674	0.77858
1290000	-22.42949	0	-22.42949	0.217035	0.163776	0.182416	0.166974	0.0829559	0.264538	2.15917	0.462836	4.32586
1300000	-13.88348	0	-13.88348	0.113309	0.189292	0.0788792	0.289904	0.129886	0.0771565	0.25834	1.27891	0.181462
1310000	-25.18736	0	-25.18736	0.240232	0.191221	0.136999	0.0914547	0.102115	0.0891718	1.5723	0.290704	0.392442
1320000	-17.50603	0	-17.50603	0.208722	0.111372	0.232926	0.218612	0.0958379	0.0583291	0.499161	0.393392	0.56289
1330000	-14.64928	0	-14.64928	0.311812	0.0950959	0.212674	0.397758	0.0749762	0.158954	1.14338	1.14248	0.0436158
1340000	-14.8247	0	-14.8247	0.0927821	0.214528	0.0669177	0.144106	0.193846	0.0825039	1.1129	1.83796	0.0923035
1350000	-23.31943	0	-23.31943	0.0457931	0.161291	0.157475	0.252216	0.0972671	0.131811	0.168658	0.240392	0.040603
1360000	-21.89206	0	-21.89206	0.129246	0.339812	0.281667	0.320105	0.317663	0.100944	1.0759	0.323682	0.130577
1370000	-20.25043	0	-20.25043	0.0742983	0.114747	0.183346	0.334864	0.161957	0.255594	2.4108	1.52989	0.304102
1380000	-18.44902	0	-18.44902	0.175386	0.199541	0.0954773	0.309605	0.192883	0.101948	0.545844	0.741372	1.24589
1390000	-16.12581	0	-16.12581	0.22967	0.239248	0.0808694	0.235494	0.249389	0.0753428	1.80443	1.05249	0.218171
1400000	-22.57622	0	-22.57622	0.0975454	0.247882	0.0999994	0.249759	0.0785549	0.132923	0.448085	1.00976	0.264797
1410000	-19.15283	0	-19.15283	0.215166	0.261364	0.147976	0.225664	0.330818	0.171097	0.71244	1.19166	0.0122868
1420000	-26.67609	0	-26.67609	0.209116	0.150657	0.150324	0.382869	0.0538893	0.131537	1.60117	1.11268	0.0175601
1430000	-17.76734	0	-17.76734	0.141451	0.153075	0.159537	0.320374	0.206553	0.0985609	0.730158	0.378356	2.4544
1440000	-22.5563	0	-22.5563	0.0589939	0.14459	0.084192	0.227826	0.316852	0.183849	0.191535	0.751418	0.0863222
1450000	-17.80739	0	-17.80739	0.0698477	0.133009	0.184697	0.273369	0.161206	0.0800326	1.09561	1.44888	1.02297
1460000	-16.31281	0	-16.31281	0.178497	0.083714	0.113738	0.381219	0.0991007	0.0669028	0.25775	0.46434	0.00511129
1470000	-19.4406	0	-19.4406	0.0463243	0.295918	0.343572	0.193814	0.217814	0.198642	1.6497	0.519298	0.869672
1480000	-18.03664	0	-18.03664	0.106841	0.565269	0.0924038	0.30199	0.191158	0.12893	1.03546	1.64315	1.74635
1490000	-14.40822	0	-14.40822	0.215824	0.175187	0.0971923	0.31583	0.148056	0.0835972	0.480729	2.06616	0.0594644
1500000	-21.49995	0	-21.49995	0.0930086	0.121553	0.400505	0.144303	0.175623	0.102931	4.97771	0.350652	0.121323
1510000	-15.27444	0	-15.27444	0.094673	0.0801882	0.0789284	0.11434	0.0889933	0.0863081	0.861752	1.51755	0.145963
1520000	-21.15824	0	-21.15824	0.0718117	0.100462	0.124209	0.25119	0.174449	0.0751435	0.176764	0.147956	0.0105884
1530000	-18.43745	0	-18.43745	0.142847	0.0937018	0.237426	0.200078	0.174272	0.0739296	0.309832	0.480082	0.0784692
1540000	-20.70428	0	-20.70428	0.175517	0.224598	0.170543	0.184064	0.555522	0.0786695	0.554268	1.89433	0.225874
1550000	-22.70555	0	-22.70555	0.0948332	0.0718804	0.19054	0.173252	0.21113	0.164061	5.85736	0.13533	0.00626783
1560000	-19.15752	0	-19.15752	0.134122	0.148098	0.126522	0.341406	0.308983	0.192122	1.43194	2.06817	2.3002
1570000	-18.08044	0	-18.08044	0.139139	0.410737	0.106388	0.73781	0.105834	0.177997	1.50712	3.11219	0.175053
1580000	-18.81077	0	-18.81077	0.196339	0.308076	0.169633	0.219689	0.0764703	0.230588	1.20553	4.09818	0.666067
1590000	-17.93364	0	-17.93364	0.0752476	0.146182	0.125756	0.20872	0.257957	0.164889	0.772851	1.171	0.90344
1600000	-16.19083	0	-16.19083	0.144649	0.064569	0.175553	0.315905	0.108578	0.137524	0.520855	1.63887	0.11128
1610000	-19.5784	0	-19.5784	0.162444	0.194283	0.248523	0.288162	0.14131	0.106866	2.64015	0.877645	0.515029
1620000	-20.10758	0	-20.10758	0.0926188	0.27889	0.116113	0.17551	0.261181	0.102585	2.13009	0.455123	0.68783
1630000	-21.86331	0	-21.86331	0.19055	0.264319	0.139039	0.190187	0.0428845	0.0729944	0.587011	0.268273	0.111755
1640000	-26.27593	0	-26.27593	0.215373	0.256076	0.387667	0.0738252	0.189208	0.178871	1.87761	1.25993	1.07737
1650000	-23.23383	0	-23.23383	0.0529545	0.167216	0.371954	0.117581	0.123653	0.132796	0.723095	0.0953033	0.297466
1660000	-21.81079	0	-21.81079	0.159194	0.114372	0.135106	0.511326	0.135475	0.38378	1.42189	0.90609	0.292099
1670000	-22.58415	0	-22.58415	0.0912123	0.223665	0.315402	0.227995	0.140545	0.359576	0.323245	0.623812	0.201498
1680000	-21.13643	0	-21.13643	0.332145	0.0748195	0.100315	0.218157	0.362396	0.257389	0.463801	1.70355	0.288502
1690000	-16.14873	0	-16.14873	0.229339	0.219136	0.071833	0.305963	0.0976542	0.106698	0.563065	2.29179	0.899317
1700000	-14.81216	0	-14.81216	0.128128	0.0652706	0.0919222	0.118571	0.148565	0.130875	0.784821	0.389299	0.00629811
1710000	-22.14902	0	-22.14902	0.173005	0.524229	0.152352	0.352817	0.159279	0.185525	0.689047	0.790381	0.305682
1720000	-15.20182	0	-15.20182	0.146942	0.0746057	0.128354	0.359322	0.151309	0.0735537	1.79458	0.865017	0.536872
1730000	-21.42856	0	-21.42856	0.0930043	0.115305	0.132959	0.161416	0.0802225	0.215158	0.182813	0.472238	0.0521325
1740000	-16.74628	0	-16.74628	0.156465	0.333154	0.216859	0.135938	0.210761	0.187589	0.709914	0.904212	0.0162416
1750000	-20.12325	0	-20.12325	0.162689	0.150954	0.200636	0.240379	0.202896	0.354891	1.68456	1.05492	0.761842
1760000	-22.3084	0	-22.3084	0.24414	0.145751	0.151406	0.404167	0.264595	0.204717	1.18825	0.693817	1.29455
1770000	-22.69189	0	-22.69189	0.0695551	0.120286	0.17064	0.151514	0.190546	0.126646	2.62213	0.221845	0.0009247
1780000	-16.30777	0	-16.30777	0.0624501	0.283949	0.0637411	0.157934	0.16325	0.131346	0.562279	1.95597	1.34103
1790000	-19.49332	0	-19.49332	0.222224	0.259134	0.197849	0.129108	0.185861	0.127721	0.86588	2.80329	1.32059
1800000	-16.49192	0	-16.49192	0.121577	0.254416	0.0827641	0.0946375	0.239356	0.069509	0.636496	2.77432	0.340899
1810000	-20.00251	0	-20.00251	0.0352762	0.0709091	0.209605	0.472386	0.0503542	0.133441	0.532136	0.928246	0.161715
1820000	-21.50789	0	-21.50789	0.115866	0.352423	0.0721958	0.277468	0.25327	0.151612	0.355284	0.150668	0.989797
1830000	-24.50406	0	-24.50406	0.225601	0.411676	0.103342	0.13556	0.134089	0.192388	1.67437	4.61219	2.3764
1840000	-24.73462	0	-24.73462	0.0793933	0.0797969	0.181595	0.181134	0.0913187	0.0842119	2.44821	0.520647	0.0564307
1850000	-24.98996	0	-24.98996	0.197365	0.257791	0.104533	0.678505	0.119229	0.139396	0.626736	0.634022	0.244341
1860000	-21.47499	0	-21.47499	0.342215	0.2808	0.140508	0.202263	0.234366	0.123948	2.61199	0.588435	0.200806
1870000	-17.76025	0	-17.76025	0.187166	0.170265	0.0717449	0.181929	0.189066	0.10338	1.90531	3.34603	0.680608
1880000	-16.31997	0	-16.31997	0.202164	0.263561	0.175207	0.210025	0.0751507	0.132543	0.741459	1.28748	1.08846
1890000	-13.2697	0	-13.2697	0.19753	0.122479	0.121965	0.2023	0.113496	0.0955145	0.602396	0.962846	0.319741
1900000	-15.20077	0	-15.20077	0.221643	0.118239	0.139457	0.319423	0.242028	0.228729	1.18977	1.45613	0.00668243
1910000	-22.50934	0	-22.50934	0.150648	0.0628199	0.170783	0.128849	0.35071	0.237561	1.63876	0.239801	0.28957
1920000	-24.63269	0	-24.63269	0.139305	0.177342	0.132338	0.303583	0.394579	0.11497	1.48686	0.118557	0.0222323
1930000	-19.59197	0	-19.59197	0.128742	0.163128	0.0761334	0.300481	0.272025	0.174916	0.49102	1.84063	0.412763
1940000	-15.36678	0	-15.36678	0.177563	0.0998869	0.183654	0.342681	0.144728	0.144059	1.80694	0.198037	1.18995
1950000	-18.9366	0	-18.9366	0.0791439	0.169054	0.210477	0.264184	0.205706	0.174647	2.68445	0.730104	0.52997
1960000	-21.33691	0	-21.33691	0.124258	0.212326	0.0895466	0.372028	0.187036	0.0636767	1.17825	0.308466	0.244971
1970000	-16.28406	0	-16.28406	0.178546	0.242222	0.0749432	0.163644	0.208616	0.203608	0.816763	1.32728	0.0993678
1980000	-16.56626	0	-16.56626	0.228038	0.164909	0.161171	0.0929023	0.131451	0.139017	1.15569	1.40156	0.602117
1990000	-19.56355	0	-19.56355	0.263044	0.0896766	0.130907	0.384037	0.0803742	0.0760178	0.873785	1.79601	0.542906
2000000	-20.10283	0	-20.10283	0.134066	0.20179	0.140109	0.64971	0.0501826	0.150628	0.0532672	0.136282	0.0400439
2010000	-19.83204	0	-19.83204	0.192142	0.20841	0.124488	0.290248	0.0880043	0.0972201	1.43756	0.319176	0.0345779
2020000	-22.17571	0	-22.17571	0.156628	0.191686	0.355934	0.258864	0.181893	0.119958	2.07999	0.389199	0.140545
2030000	-17.43049	0	-17.43049	0.128317	0.135307	0.133979	0.241131	0.166973	0.169442	0.306968	2.36579	0.363736
2040000	-25.17709	0	-25.17709	0.217105	0.189985	0.150055	0.0842812	0.0802861	0.330284	6.17704	3.12752	0.44277
2050000	-17.54407	0	-17.54407	0.101526	0.101526	0.276194	0.135179	0.194408	0.0869875	2.25204	2.202	0.0832045
2060000	-17.31461	0	-17.31461	0.305532	0.106545	0.0684736	0.26222	0.0981609	0.0619833	3.55536	1.34074	0.0325181
2070000	-17.3656	0	-17.3656	0.181844	0.291238	0.141306	0.172164	0.131813	0.109328	0.504619	0.797548	0.961224
2080000	-19.75341	0	-19.75341	0.495227	0.0709456	0.132106	0.156246	0.161756	0.179835	0.288715	0.852999	0.60945
2090000	-19.17974	0	-19.17974	0.084621	0.196954	0.312379	0.681029	0.0858781	0.19847	0.575765	2.18196	0.0147661
2100000	-17.93004	0	-17.93004	0.13002	0.168888	0.25803	0.185117	0.302531	0.0822669	1.40106	2.79854	1.11439
2110000	-19.21231	0	-19.21231	0.321217	0.118774	0.131566	0.280372	0.220987	0.216999	5.45515	0.682848	0.000385853
2120000	-19.78183	0	-19.78183	0.0778247	0.253459	0.147617	0.225393	0.105187	0.232442	0.813292	1.32777	0.890866
2130000	-20.95573	0	-20.95573	0.054342	0.381175	0.0682683	0.203126	0.187262	0.111207	0.920085	0.384464	0.0149779
2140000	-19.50949	0	-19.50949	0.066535	0.134177	0.235618	0.209722	0.174546	0.115049	1.66108	0.911808	0.0133462
2150000	-21.65032	0	-21.65032	0.265504	0.487609	0.144787	0.18669	0.229546	0.211689	0.651087	0.808057	0.86378
2160000	-16.70275	0	-16.70275	0.123477	0.245706	0.0754176	0.271949	0.146563	0.186858	1.08595	1.74993	0.161962
2170000	-23.29553	0	-23.29553	0.341372	0.0809441	0.1952	0.441536	0.201974	0.101134	4.63128	0.219725	0.0342199
2180000	-19.41437	0	-19.41437	0.0851012	0.175989	0.241872	0.240516	0.267283	0.188535	1.28055	1.76194	1.18171
2190000	-23.43446	0	-23.43446	0.073263	0.101608	0.110121	0.46217	0.0805796	0.0576821	1.75459	0.373352	4.89372
2200000	-21.9174	0	-21.9174	0.0897631	0.174855	0.0751811	0.29528	0.150085	0.0566516	3.17413	3.57785	0.205499
2210000	-18.71265	0	-18.71265	0.165048	0.3132	0.142877	0.105543	0.2758	0.1004	2.15634	0.487814	0.124929
2220000	-15.7002	0	-15.7002	0.0692607	0.150937	0.152196	0.217635	0.146678	0.083637	0.848959	1.33695	0.403484
2230000	-22.15401	0	-22.15401	0.097381	0.31238	0.150876	0.34258	0.161765	0.12162	1.70536	1.43802	0.0837397
2240000	-19.53711	0	-19.53711	0.10523	0.445217	0.135075	0.231675	0.111046	0.116383	0.421681	0.662994	0.0682472
2250000	-18.65327	0	-18.65327	0.281355	0.234279	0.221959	0.419086	0.11695	0.216309	0.390372	2.21159	0.866865
2260000	-15.95375	0	-15.95375	0.182284	0.212272	0.226667	0.275839	0.101179	0.237332	0.272695	1.52842	1.11872
2270000	-16.05822	0	-16.05822	0.0609578	0.211137	0.234354	0.173344	0.213846	0.0456814	0.713321	1.3201	0.613827
2280000	-16.99111	0	-16.99111	0.171275	0.13796	0.170381	0.741736	0.0519981	0.0802627	0.85996	1.22471	0.389972
2290000	-15.32801	0	-15.32801	0.208109	0.138871	0.14855	0.124623	0.161086	0.129973	1.72412	0.407376	0.0131357
2300000	-17.20093	0	-17.20093	0.11352	0.213212	0.0736554	0.351463	0.134851	0.168799	0.751123	0.357119	0.428857
2310000	-19.58938	0	-19.58938	0.247089	0.151788	0.227487	0.260795	0.154877	0.118521	0.894975	1.63673	0.250431
2320000	-16.98196	0	-16.98196	0.136227	0.285842	0.229786	0.123075	0.136623	0.0811912	1.28747	1.692	1.59148
2330000	-19.61225	0	-19.61225	0.449581	0.203326	0.233294	0.25311	0.122945	0.0629705	1.4237	2.28003	0.491682
2340000	-14.64239	0	-14.64239	0.197345	0.226236	0.185808	0.166282	0.0987648	0.11004	0.560555	1.37365	0.218504
2350000	-20.77948	0	-20.77948	0.148188	0.262866	0.283895	0.22461	0.160096	0.190092	0.825819	0.111418	0.182173
2360000	-20.48801	0	-20.48801	0.105568	0.110649	0.0821874	0.390488	0.0812954	0.24806	0.628023	1.70171	0.0635299
2370000	-18.05138	0	-18.05138	0.244815	0.090365	0.160668	0.465063	0.0801013	0.0550468	0.253523	0.179969	0.253648
2380000	-20.47164	0	-20.47164	0.192011	0.22863	0.324061	0.257713	0.0620679	0.101189	0.688124	0.697233	0.20441
2390000	-14.08992	0	-14.08992	0.0952036	0.231351	0.142749	0.354179	0.149459	0.125324	0.422607	2.30182	0.0671595
2400000	-19.2796	0	-19.2796	0.128419	0.129025	0.0840208	0.425745	0.153285	0.10177	0.585792	0.534967	0.584132
2410000	-21.89466	0	-21.89466	0.18551	0.0518922	0.334713	0.219776	0.22926	0.272468	1.42972	0.178861	0.0208329
2420000	-23.97446	0	-23.97446	0.0999447	0.14997	0.0851059	0.255326	0.407839	0.142722	1.78291	0.254818	0.00306402
2430000	-20.97059	0	-20.97059	0.382015	0.264742	0.05128	0.513007	0.175066	0.144857	1.83487	0.382986	0.757377
2440000	-16.5898	0	-16.5898	0.247423	0.0792827	0.277989	0.216666	0.145851	0.123271	0.496251	1.96169	0.379295
2450000	-15.56324	0	-15.56324	0.110235	0.12998	0.254909	0.208188	0.155335	0.0567568	0.348107	1.25969	0.177646
2460000	-20.77771	0	-20.77771	0.23351	0.295458	0.210114	0.124943	0.294746	0.0992023	1.69834	1.71057	0.217996
2470000	-23.16916	0	-23.16916	0.0940264	0.177239	0.126854	0.242527	0.156	0.144021	2.49502	1.38155	0.0443967
2480000	-19.89573	0	-19.89573	0.318656	0.0947603	0.115979	0.200037	0.193408	0.0764457	4.76486	1.50814	0.853172
2490000	-26.70251	0	-26.70251	0.15459	0.243137	0.526378	0.268604	0.094591	0.255515	4.19234	0.289995	0.957758
2500000	-18.06144	0	-18.06144	0.119508	0.117073	0.163217	0.209752	0.194502	0.398414	1.84596	0.437581	1.00557
2510000	-20.7844	0	-20.7844	0.198581	0.107404	0.123087	0.768069	0.0877034	0.0930221	0.792914	0.203296	0.0112684
2520000	-22.82255	0	-22.82255	0.0867598	0.346214	0.333922	0.113713	0.178904	0.219476	1.05349	0.397693	1.19193
2530000	-19.16342	0	-19.16342	0.127142	0.127997	0.178397	0.308514	0.118901	0.0696789	0.468431	1.02686	0.0915988
2540000	-22.28773	0	-22.28773	0.168662	0.134088	0.0851287	0.209705	0.103424	0.121937	0.601074	0.378007	0.0280334
2550000	-20.07183	0	-20.07183	0.14618	0.147955	0.124258	0.27783	0.198051	0.120152	0.465895	1.23054	0.0587134
2560000	-18.34694	0	-18.34694	0.0960442	0.119099	0.0672503	0.271764	0.203772	0.244468	1.65427	0.362309	1.01831
2570000	-19.79278	0	-19.79278	0.129358	0.309789	0.165597	0.183173	0.127333	0.179518	0.497806	0.553696	0.000187956
2580000	-17.82733	0	-17.82733	0.158607	0.248782	0.285062	0.295431	0.117455	0.214557	0.859767	0.76663	2.12706
2590000	-18.35085	0	-18.35085	0.124905	0.30086	0.147112	0.289215	0.247446	0.131915	1.45898	1.5095	1.47988
2600000	-19.61243	0	-19.61243	0.222912	0.540311	0.143468	0.309913	0.0899765	0.0835367	0.373158	0.209901	0.728191
2610000	-17.49798	0	-17.49798	0.18972	0.157206	0.186141	0.23959	0.114518	0.0681272	0.510919	0.746873	0.0318159
2620000	-20.71366	0	-20.71366	0.0991729	0.235342	0.0641538	0.252308	0.11567	0.298886	1.50274	1.26488	1.60853
2630000	-13.61271	0	-13.61271	0.0758286	0.189852	0.0824057	0.20079	0.109272	0.102196	0.918683	0.45464	0.41507
2640000	-16.80431	0	-16.80431	0.156077	0.325288	0.125474	0.199151	0.140147	0.061553	0.277478	0.303671	0.0129297
2650000	-16.43933	0	-16.43933	0.179772	0.301358	0.0795229	0.20127	0.187377	0.204943	1.72632	0.849916	0.0908336
2660000	-17.30634	0	-17.30634	0.227668	0.0791523	0.226419	0.308046	0.0918619	0.15865	1.49887	0.832402	0.0278512
2670000	-20.20507	0	-20.20507	0.26129	0.230589	0.0673038	0.272976	0.158279	0.291336	0.741416	4.66103	0.113065
2680000	-14.63707	0	-14.63707	0.223743	0.172089	0.137616	0.200287	0.152351	0.133568	1.18099	1.32913	0.469876
2690000	-16.36923	0	-16.36923	0.239096	0.115871	0.133376	0.218549	0.142618	0.0671895	1.34291	1.10103	0.0423358
2700000	-18.64244	0	-18.64244	0.247985	0.331257	0.117787	0.247736	0.202914	0.121168	1.77169	1.91396	0.0501951
2710000	-15.09184	0	-15.09184	0.077173	0.216753	0.116194	0.32117	0.0567814	0.0512328	0.243628	1.93181	0.0155233
2720000	-13.08539	0	-13.08539	0.0730215	0.218889	0.125348	0.25614	0.107416	0.147904	0.804168	0.8049	0.0232268
2730000	-17.82955	0	-17.82955	0.31102	0.141575	0.111681	0.268261	0.143529	0.249694	2.00778	0.567965	0.250617
2740000	-19.81769	0	-19.81769	0.0838857	0.122909	0.284824	0.257022	0.116778	0.192731	2.53169	2.75825	0.299668
2750000	-21.77144	0	-21.77144	0.084561	0.238451	0.285177	0.171713	0.0897215	0.301739	0.636073	0.984488	0.176444
2760000	-16.07483	0	-16.07483	0.106587	0.241835	0.247166	0.284112	0.0934498	0.171175	1	0.214799	0.351429
2770000	-19.70359	0	-19.70359	0.173935	0.224379	0.0616768	0.226873	0.200632	0.0940373	0.211785	0.319792	2.6162
2780000	-18.09985	0	-18.09985	0.140684	0.0956429	0.0808052	0.184543	0.193259	0.0554398	1.88395	0.425136	0.0489768
2790000	-17.30641	0	-17.30641	0.169401	0.243382	0.120355	0.138207	0.123845	0.0857623	0.509255	0.36782	0.00706829
2800000	-14.67706	0	-14.67706	0.0935138	0.171432	0.10528	0.194887	0.183639	0.115157	2.26119	0.472351	1.16383
2810000	-20.13519	0	-20.13519	0.289509	0.213551	0.0730929	0.32503	0.164171	0.109928	0.746796	4.94485	0.0330445
2820000	-13.45815	0	-13.45815	0.159137	0.15119	0.0794969	0.222241	0.0736863	0.200997	0.67683	0.962609	0.435255
2830000	-18.84998	0	-18.84998	0.0516624	0.152076	0.0858732	0.277726	0.141994	0.128389	0.610305	2.00645	0.0732305
2840000	-16.33512	0	-16.33512	0.260026	0.28954	0.187237	0.191868	0.110767	0.0887063	0.56887	0.74056	0.193631
2850000	-18.65177	0	-18.65177	0.24462	0.15582	0.0323957	0.321402	0.12813	0.147307	0.157408	0.542284	1.46054
2860000	-19.43371	0	-19.43371	0.216041	0.153522	0.167769	0.418051	0.0935053	0.124029	1.65437	0.828267	0.112904
2870000	-16.45608	0	-16.45608	0.126965	0.104932	0.115037	0.308037	0.163191	0.124677	0.614548	0.732459	1.90172
2880000	-17.16236	0	-17.16236	0.232179	0.222124	0.307114	0.344641	0.158029	0.0808379	0.89	1.29713	0.0616451
2890000	-24.49741	0	-24.49741	0.154888	0.310564	0.158034	0.250769	0.319644	0.0403142	0.185601	1.16906	0.00848591
2900000	-19.20321	0	-19.20321	0.160363	0.229286	0.360376	0.125457	0.175716	0.135108	0.776116	0.311871	0.380177
2910000	-26.10586	0	-26.10586	0.189814	0.711157	0.0676331	0.403664	0.0618912	0.191551	0.490081	1.0288	2.42046
2920000	-19.12967	0	-19.12967	0.273862	0.265924	0.125472	0.233661	0.316581	0.056564	0.647751	0.786058	0.222748
2930000	-22.91937	0	-22.91937	0.0991248	0.165129	0.10239	0.145819	0.320343	0.082739	2.41697	1.31487	0.750027
2940000	-24.88163	0	-24.88163	0.0833222	0.10614	0.259729	0.272843	0.213218	0.110987	2.75669	1.66308	0.0371278
2950000	-20.05505	0	-20.05505	0.085201	0.138789	0.0739214	0.303132	0.0766556	0.162191	1.64575	0.420272	0.050614
2960000	-16.63255	0	-16.63255	0.0867987	0.359896	0.110357	0.108432	0.0943323	0.145011	1.02213	0.251876	0.0890619
2970000	-16.80943	0	-16.80943	0.13115	0.141826	0.0971305	0.164476	0.289091	0.127054	1.47483	0.745712	1.86124
2980000	-17.51418	0	-17.51418	0.286353	0.145547	0.240645	0.328971	0.048481	0.140998	0.519633	2.03356	0.00691651
2990000	-14.67343	0	-14.67343	0.152306	0.168897	0.09411	0.220567	0.143404	0.268186	1.24156	0.924743	1.37989
3000000	-18.7201	0	-18.7201	0.116429	0.330215	0.132858	0.177163	0.199258	0.171671	1.27337	0.337737	0.454344
3010000	-21.53402	0	-21.53402	0.0777114	0.197745	0.0907548	0.296398	0.204134	0.165871	2.11954	0.300208	1.42452
3020000	-21.53581	0	-21.53581	0.274212	0.17557	0.151647	0.384668	0.172394	0.24828	0.862858	0.381549	0.176337
3030000	-18.26218	0	-18.26218	0.148019	0.32675	0.107372	0.280897	0.103955	0.116294	2.44939	0.26833	0.162103
3040000	-17.86516	0	-17.86516	0.238734	0.122638	0.0918243	0.388976	0.134231	0.146418	2.48502	0.826954	1.37997
3050000	-17.4984	0	-17.4984	0.0801173	0.054352	0.12197	0.171817	0.234226	0.156098	1.6498	1.40133	0.121464
3060000	-15.29186	0	-15.29186	0.124834	0.251188	0.118188	0.177468	0.230663	0.125566	0.274042	2.27212	0.878959
3070000	-19.06771	0	-19.06771	0.0972709	0.205178	0.0610318	0.239186	0.233944	0.0689342	4.05706	1.1528	1.94113
3080000	-19.73955	0	-19.73955	0.114095	0.228063	0.355227	0.2761	0.236581	0.182167	1.03485	1.5498	1.07896
3090000	-21.979	0	-21.979	0.119934	0.137763	0.290047	0.266429	0.377006	0.152387	0.741967	3.30137	0.0475719
3100000	-18.35526	0	-18.35526	0.134956	0.292841	0.157196	0.110166	0.0968887	0.161143	4.30509	0.651926	0.13416
3110000	-14.88953	0	-14.88953	0.167256	0.210437	0.188101	0.172834	0.0962824	0.121341	0.466763	1.4914	0.159381
3120000	-17.09788	0	-17.09788	0.156356	0.182036	0.143712	0.410486	0.0785157	0.2205	0.414943	2.28973	0.863692
3130000	-20.01101	0	-20.01101	0.185032	0.150838	0.291757	0.338754	0.0987861	0.211312	0.733934	1.16656	1.98271
3140000	-16.51205	0	-16.51205	0.192188	0.261577	0.120389	0.156419	0.136699	0.155519	0.364019	2.48055	0.64531
3150000	-17.7362	0	-17.7362	0.061767	0.249834	0.199388	0.300557	0.152044	0.156545	0.937205	0.64667	0.0983972
3160000	-21.24863	0	-21.24863	0.178967	0.174575	0.149001	0.270214	0.0899785	0.137486	0.340876	0.652235	0.664301
3170000	-17.49043	0	-17.49043	0.0669443	0.227302	0.128051	0.14884	0.105	0.146213	1.25666	0.481109	0.110866
3180000	-18.06011	0	-18.06011	0.146453	0.10856	0.100129	0.294651	0.301378	0.11329	0.658553	0.70721	1.6744
3190000	-21.67927	0	-21.67927	0.0962985	0.0496648	0.20838	0.109298	0.284707	0.0498556	0.55931	0.0591733	0.0271248
3200000	-20.91669	0	-20.91669	0.173236	0.131641	0.117662	0.315456	0.102185	0.170357	0.0611624	3.07626	0.104826
3210000	-22.07704	0	-22.07704	0.272543	0.130162	0.312737	0.179337	0.103406	0.14507	0.229953	0.295166	0.199961
3220000	-20.11663	0	-20.11663	0.284637	0.180321	0.159211	0.177698	0.112288	0.219361	3.80349	0.297895	0.135572
3230000	-25.37608	0	-25.37608	0.132971	0.129976	0.0691901	0.198514	0.11396	0.132908	1.11213	0.181018	0.0233862
3240000	-21.92526	0	-21.92526	0.0689188	0.303152	0.190683	0.589412	0.164432	0.147593	0.396727	0.992554	1.85177
3250000	-14.95683	0	-14.95683	0.165209	0.0689075	0.171282	0.177341	0.148744	0.101962	1.08265	0.429507	0.0478182
3260000	-19.37573	0	-19.37573	0.207491	0.225512	0.141542	0.134236	0.0395051	0.141974	0.36127	1.52126	3.59462
3270000	-19.46991	0	-19.46991	0.298064	0.132047	0.300132	0.383708	0.210606	0.134158	2.99168	0.409797	0.192353
3280000	-18.51261	0	-18.51261	0.112345	0.249948	0.209596	0.300167	0.0802233	0.123205	0.17113	0.672547	0.108942
3290000	-18.86442	0	-18.86442	0.0829643	0.328752	0.0851658	0.231932	0.137974	0.225488	2.52132	0.562593	1.76933
3300000	-24.13624	0	-24.13624	0.172484	0.284676	0.27506	0.184305	0.111969	0.0876844	1.1004	6.4308	0.375702
3310000	-15.86722	0	-15.86722	0.151708	0.256887	0.168496	0.219814	0.0970382	0.149612	1.50869	0.932269	0.278527
3320000	-19.93406	0	-19.93406	0.148567	0.082665	0.104604	0.330806	0.18673	0.154538	1.57865	0.401506	0.0804323
3330000	-19.61038	0	-19.61038	0.189971	0.14548	0.0903868	0.16891	0.386044	0.10917	1.96266	0.317138	0.493697
3340000	-22.87691	0	-22.87691	0.155908	0.229082	0.0853814	0.381889	0.0807325	0.175136	4.21337	1.50301	0.0139165
3350000	-17.08675	0	-17.08675	0.103577	0.269835	0.123575	0.345398	0.130606	0.12501	0.470188	0.797415	0.474784
3360000	-17.00199	0	-17.00199	0.162081	0.114816	0.0673049	0.205561	0.141523	0.0861271	3.04286	0.944443	1.15298
3370000	-24.52158	0	-24.52158	0.0895004	0.202254	0.0407805	0.446212	0.157069	0.101176	1.12707	0.817508	2.34292
3380000	-17.69991	0	-17.69991	0.467733	0.248271	0.0976761	0.434693	0.150223	0.101515	0.831985	0.800773	0.268685
3390000	-20.3438	0	-20.3438	0.0854787	0.102295	0.39142	0.233991	0.157274	0.0613484	1.53441	1.26871	1.26622
3400000	-16.4	0	-16.4	0.16003	0.175052	0.113613	0.149001	0.10187	0.196521	1.82635	0.381599	0.00380163
3410000	-16.29182	0	-16.29182	0.232488	0.166433	0.0883199	0.193458	0.0745626	0.123671	3.82029	2.12098	0.105153
3420000	-22.9921	0	-22.9921	0.102435	0.165551	0.0667384	0.23329	0.109441	0.121517	1.43401	0.241497	0.00516818
3430000	-20.73551	0	-20.73551	0.319195	0.113916	0.231855	0.314553	0.25224	0.100862	0.309629	0.310784	0.252414
3440000	-17.40714	0	-17.40714	0.150756	0.190398	0.0902264	0.159222	0.155267	0.145479	0.882999	0.736178	0.0973493
3450000	-17.8808	0	-17.8808	0.129101	0.123836	0.142174	0.16434	0.0456682	0.193053	0.410113	0.91061	2.76545
3460000	-25.55565	0	-25.55565	0.273045	0.209839	0.0311034	0.253831	0.186941	0.102018	1.2664	1.81413	0.015412
3470000	-23.49903	0	-23.49903	0.187174	0.16642	0.0782802	0.272738	0.364775	0.0606849	0.294789	0.775726	0.00435536
3480000	-19.77695	0	-19.77695	0.221324	0.168576	0.255204	0.318634	0.134532	0.258338	1.67534	1.06872	0.478937
3490000	-15.22945	0	-15.22945	0.153591	0.261389	0.0649187	0.363504	0.0667001	0.170346	0.479831	1.23124	0.17871
3500000	-19.47868	0	-19.47868	0.114058	0.309526	0.314941	0.161393	0.157383	0.234856	0.400714	0.734095	0.0233256
3510000	-18.07942	0	-18.07942	0.446631	0.16295	0.189107	0.225496	0.276311	0.119466	1.10367	0.662127	0.230671
3520000	-16.8392	0	-16.8392	0.143886	0.17255	0.190342	0.27785	0.169356	0.126893	0.121174	0.305647	0.191092
3530000	-21.57824	0	-21.57824	0.101381	0.260297	0.0501264	0.43595	0.203236	0.0931616	0.11343	0.772064	0.0396003
3540000	-20.28807	0	-20.28807	0.132811	0.299298	0.149061	0.235207	0.156881	0.224546	0.27186	0.934489	0.316422
3550000	-18.29743	0	-18.29743	0.20759	0.0746004	0.203354	0.43896	0.111616	0.178511	0.400775	0.689762	0.116167
3560000	-14.25015	0	-14.25015	0.131077	0.312787	0.231765	0.359669	0.131771	0.107888	1.3908	0.920856	0.162409
3570000	-15.68617	0	-15.68617	0.0983519	0.180853	0.105779	0.181349	0.073482	0.246568	0.527315	0.584839	1.30465
3580000	-18.86199	0	-18.86199	0.227096	0.0846581	0.332756	0.216857	0.0742754	0.0871818	0.351082	0.448035	0.204283
3590000	-17.96674	0	-17.96674	0.296414	0.115184	0.159174	0.168053	0.0834699	0.0645111	2.39387	0.356229	0.0174312
3600000	-21.1294	0	-21.1294	0.134964	0.140064	0.296649	0.261499	0.103155	0.107711	3.7376	2.24412	1.17814
3610000	-18.7962	0	-18.7962	0.0666756	0.247917	0.0679285	0.217336	0.210332	0.112895	1.543	1.33385	0.180912
3620000	-25.95604	0	-25.95604	0.209523	0.334888	0.0898036	0.270334	0.0966296	0.0584621	2.05359	1.65343	0.0322908
3630000	-16.80661	0	-16.80661	0.0758786	0.263579	0.0675142	0.423237	0.0637643	0.0893615	1.25649	0.948782	0.0402488
3640000	-18.34282	0	-18.34282	0.311247	0.185598	0.098891	0.151198	0.0745197	0.293521	0.865258	0.753057	0.0050182
3650000	-20.09666	0	-20.09666	0.252629	0.174282	0.174803	0.230141	0.268294	0.113547	4.47166	2.32157	0.0843919
3660000	-24.00942	0	-24.00942	0.194685	0.0549738	0.161193	0.190498	0.215129	0.0856979	0.207612	3.66463	1.00243
3670000	-23.05069	0	-23.05069	0.249244	0.237201	0.156556	0.223682	0.113112	0.158524	1.03567	1.7864	0.891418
3680000	-19.53116	0	-19.53116	0.142048	0.247517	0.0661661	0.285552	0.252338	0.122004	1.22689	0.801115	0.204194
3690000	-18.11999	0	-18.11999	0.352813	0.139321	0.081302	0.187952	0.248205	0.25995	2.24912	0.442414	0.415706
3700000	-19.26935	0	-19.26935	0.152673	0.13136	0.159412	0.117973	0.0697369	0.0728426	0.895319	0.521317	1.359
3710000	-17.95751	0	-17.95751	0.251838	0.183007	0.113674	0.154312	0.187549	0.450978	1.09473	1.19911	0.0477426
3720000	-22.93371	0	-22.93371	0.218914	0.178975	0.251191	0.151833	0.189148	0.337188	0.87291	0.73907	0.468371
3730000	-24.23833	0	-24.23833	0.231247	0.179732	0.302203	0.268007	0.137525	0.0813902	0.329476	0.195235	0.0102138
3740000	-22.50657	0	-22.50657	0.301784	0.0751701	0.168239	0.271416	0.0471964	0.145324	0.916677	0.952707	0.494468
3750000	-16.89057	0	-16.89057	0.198434	0.14424	0.0935018	0.305174	0.135709	0.103224	1.19657	0.313538	0.0142711
3760000	-28.35783	0	-28.35783	0.0826952	0.1438	0.0992027	0.608429	0.101097	0.11509	1.21126	0.116732	0.00171324
3770000	-25.2396	0	-25.2396	0.118099	0.197195	0.104864	0.126117	0.176996	0.229232	3.10862	2.73089	0.11989
3780000	-15.44821	0	-15.44821	0.211446	0.22043	0.0805412	0.446908	0.0657411	0.0741439	1.10904	1.19636	0.105562
3790000	-14.64554	0	-14.64554	0.240682	0.193792	0.121773	0.384177	0.0442346	0.145108	0.407353	1.05721	0.0846191
3800000	-20.15007	0	-20.15007	0.351103	0.205462	0.10628	0.300029	0.185306	0.161163	0.897978	0.319603	0.0605533
3810000	-29.81707	0	-29.81707	0.273041	0.233991	0.153352	0.343322	0.430637	0.194117	2.52358	0.766388	0.234006
3820000	-19.46161	0	-19.46161	0.073714	0.29764	0.251923	0.229852	0.148864	0.0597947	2.05358	2.05374	0.313735
3830000	-26.66817	0	-26.66817	0.177041	0.115646	0.0579272	0.346324	0.133073	0.0960769	0.678855	0.133467	0.044191
3840000	-22.01124	0	-22.01124	0.129368	0.287907	0.0947428	0.253661	0.162611	0.0733522	1.50011	3.71429	0.0549756
3850000	-17.42623	0	-17.42623	0.263736	0.174686	0.202683	0.122583	0.056588	0.0563041	0.71229	1.04434	0.529902
3860000	-20.52772	0	-20.52772	0.174982	0.14319	0.112597	0.128789	0.0641518	0.172708	1.49192	1.94209	0.229671
3870000	-23.54913	0	-23.54913	0.0483363	0.0731996	0.0898564	0.185447	0.234193	0.418249	1.73111	0.775867	0.96577
3880000	-15.01352	0	-15.01352	0.108085	0.163256	0.173728	0.313889	0.0937225	0.242696	0.468576	0.613516	0.292692
3890000	-20.30662	0	-20.30662	0.192416	0.313941	0.0918163	0.205891	0.0711118	0.28081	1.11121	3.51787	0.264752
3900000	-18.59839	0	-18.59839	0.249036	0.297726	0.0906469	0.194872	0.137851	0.14131	1.52341	1.19728	3.12534
3910000	-20.41915	0	-20.41915	0.177847	0.132807	0.131035	0.35223	0.291301	0.0727475	0.555237	0.189183	0.0374689
3920000	-16.3967	0	-16.3967	0.23299	0.239716	0.126581	0.222104	0.124397	0.180701	2.04948	2.61116	0.749185
3930000	-19.95381	0	-19.95381	0.201959	0.108159	0.139145	0.183701	0.21922	0.0523465	1.51519	1.22776	0.164728
3940000	-20.96556	0	-20.96556	0.195025	0.521974	0.0860745	0.133519	0.134311	0.0910401	0.717269	1.9485	0.146601
3950000	-21.29475	0	-21.29475	0.186049	0.106307	0.166067	0.582791	0.24972	0.111448	1.2148	1.47114	1.73517
3960000	-23.32439	0	-23.32439	0.0990382	0.351258	0.170252	0.118894	0.122065	0.109603	1.51166	0.605782	0.246918
3970000	-21.21146	0	-21.21146	0.136526	0.084996	0.0994312	0.177251	0.0846043	0.058236	1.43109	0.106555	0.0665887
3980000	-19.69658	0	-19.69658	0.203578	0.188855	0.21509	0.1158	0.218663	0.283935	1.74194	0.807491	0.0163594
3990000	-18.4019	0	-18.4019	0.054792	0.199071	0.0830018	0.178749	0.121204	0.0327769	1.80229	0.613063	0.288314
4000000	-21.29242	0	-21.29242	0.136295	0.396441	0.139728	0.241055	0.0983262	0.130356	1.77996	1.25466	1.091
4010000	-20.931	0	-20.931	0.177146	0.186459	0.164782	0.173384	0.176431	0.100305	0.933384	0.754625	2.72078
4020000	-16.02116	0	-16.02116	0.199648	0.103859	0.0831028	0.304065	0.184705	0.180411	0.956994	1.24241	0.353933
4030000	-18.53627	0	-18.53627	0.135421	0.232777	0.479057	0.29649	0.149475	0.120262	1.02707	1.13356	0.00742411
4040000	-20.88481	0	-20.88481	0.250134	0.314597	0.102002	0.556486	0.0711956	0.108253	1.56195	2.53189	2.88323
4050000	-21.17987	0	-21.17987	0.358375	0.112444	0.327431	0.307552	0.0735981	0.104028	0.80214	4.85435	0.702445
4060000	-14.53999	0	-14.53999	0.102884	0.123586	0.189107	0.193605	0.128393	0.141733	1.38518	1.75261	0.496602
4070000	-19.31782	0	-19.31782	0.144277	0.079633	0.191927	0.284546	0.173755	0.161136	0.870004	2.45446	0.0653241
4080000	-18.43363	0	-18.43363	0.0757932	0.118389	0.280546	0.304726	0.14751	0.11659	1.40783	0.626352	0.207617
4090000	-17.04511	0	-17.04511	0.165074	0.225579	0.158776	0.227819	0.368065	0.0827664	0.187261	0.339687	0.0559134
4100000	-18.6935	0	-18.6935	0.128759	0.161835	0.111148	0.514778	0.123941	0.0925499	0.534923	0.647345	1.33369
4110000	-20.56495	0	-20.56495	0.0830332	0.0517079	0.137881	0.327513	0.0876077	0.137235	1.86814	0.443635	0.885166
4120000	-16.83332	0	-16.83332	0.335581	0.139003	0.15537	0.25401	0.0861175	0.193743	0.707182	2.35486	0.18357
4130000	-20.45183	0	-20.45183	0.11706	0.116528	0.0700302	0.236379	0.112051	0.0466147	1.38883	0.242775	0.0121523
4140000	-18.51049	0	-18.51049	0.263081	0.238363	0.106333	0.182011	0.0829212	0.218689	1.00038	0.57553	1.89619
4150000	-21.45082	0	-21.45082	0.20301	0.147759	0.0811335	0.272582	0.196379	0.259226	1.97044	2.65656	2.90687
4160000	-16.26731	0	-16.26731	0.184078	0.100935	0.155723	0.292783	0.135159	0.110184	1.65961	4.36586	0.173156
4170000	-15.7908	0	-15.7908	0.245317	0.134674	0.164169	0.154753	0.0997217	0.0714071	0.197771	1.89684	0.0257374
4180000	-12.09134	0	-12.09134	0.0859455	0.172009	0.0568435	0.162012	0.09684	0.112691	0.655908	1.30139	0.257242
4190000	-17.4157	0	-17.4157	0.154916	0.0891603	0.117849	0.242251	0.146874	0.0717992	2.20069	0.747193	0.150789
4200000	-19.03883	0	-19.03883	0.125413	0.090537	0.0793723	0.206996	0.138187	0.0985359	0.398591	2.01954	0.0607603
4210000	-19.08161	0	-19.08161	0.131327	0.151418	0.0926441	0.30353	0.191994	0.0730077	0.539241	0.258022	0.00922188
4220000	-18.07501	0	-18.07501	0.230855	0.356696	0.150689	0.285487	0.318609	0.109681	0.585877	1.40292	0.666154
4230000	-21.25601	0	-21.25601	0.0565397	0.514458	0.209747	0.368898	0.16126	0.0803303	1.88853	0.706149	0.469864
4240000	-15.17005	0	-15.17005	0.11147	0.288222	0.119614	0.393709	0.0618948	0.140188	2.13953	0.714444	0.752921
4250000	-15.89343	0	-15.89343	0.3218	0.151984	0.0937077	0.211347	0.122916	0.0740723	1.73068	1.24126	0.0261235
4260000	-24.22806	0	-24.22806	0.440329	0.15695	0.190574	0.133798	0.266137	0.0967589	3.6287	3.04492	0.152386
4270000	-16.8596	0	-16.8596	0.164888	0.237617	0.203173	0.315697	0.167092	0.10726	0.345129	1.32867	0.0431626
4280000	-16.22776	0	-16.22776	0.154938	0.181714	0.323913	0.352773	0.10865	0.133815	0.998054	1.01686	1.36477
4290000	-17.83229	0	-17.83229	0.120946	0.212758	0.0841226	0.304581	0.0354604	0.100152	0.408738	1.11634	0.126922
4300000	-21.60788	0	-21.60788	0.197647	0.251332	0.0377047	0.200655	0.166547	0.0905197	0.720338	1.46391	1.69137
4310000	-17.72737	0	-17.72737	0.243673	0.2611	0.0949742	0.26091	0.123621	0.175983	1.06825	2.24629	1.27877
4320000	-16.27205	0	-16.27205	0.289619	0.143213	0.0828796	0.327675	0.0831322	0.114856	1.12555	1.83039	0.271892
4330000	-19.54438	0	-19.54438	0.288457	0.0936985	0.142392	0.255036	0.270002	0.270853	1.67065	0.737846	1.75193
4340000	-15.47571	0	-15.47571	0.0832462	0.281908	0.124176	0.349845	0.0985828	0.144264	1.4762	2.20424	0.586896
4350000	-19.18828	0	-19.18828	0.119133	0.0882979	0.187381	0.0970392	0.206026	0.322509	0.605564	0.92416	0.969048
4360000	-16.46555	0	-16.46555	0.140594	0.339265	0.102947	0.449873	0.226362	0.0982031	1.44114	0.813185	0.249332
4370000	-18.57299	0	-18.57299	0.172833	0.105348	0.10812	0.317362	0.110373	0.141338	0.266656	1.60547	0.196621
4380000	-22.63865	0	-22.63865	0.492829	0.0785438	0.129451	0.183948	0.47587	0.165928	0.888598	1.55464	0.0566405
4390000	-17.12784	0	-17.12784	0.316732	0.136774	0.222746	0.221662	0.182735	0.108288	0.577879	1.33138	1.89948
4400000	-23.60398	0	-23.60398	0.0978508	0.134968	0.185782	0.158687	0.106296	0.0586596	7.41269	0.819774	0.155564
4410000	-16.75799	0	-16.75799	0.19801	0.0764782	0.0764679	0.365272	0.155578	0.130841	0.435786	0.910289	0.0420866
4420000	-17.04883	0	-17.04883	0.0901403	0.0949678	0.11905	0.29722	0.162613	0.178605	1.05977	1.11228	0.2794
4430000	-14.56008	0	-14.56008	0.117988	0.19372	0.0299886	0.20847	0.103429	0.1474	0.490449	0.570539	0.0141987
4440000	-17.49475	0	-17.49475	0.156155	0.164691	0.0959348	0.194098	0.228686	0.06269	1.47955	3.746	0.147349
4450000	-21.96471	0	-21.96471	0.0319372	0.099848	0.235508	0.27763	0.187302	0.158067	0.728109	2.59637	0.343668
4460000	-15.00551	0	-15.00551	0.155266	0.239238	0.103782	0.191159	0.110669	0.117756	1.10714	0.372115	0.293473
4470000	-24.26646	0	-24.26646	0.091488	0.116539	0.249562	0.128674	0.106014	0.369317	5.35181	1.25981	1.75652
4480000	-18.05092	0	-18.05092	0.325711	0.0599259	0.0895808	0.17591	0.354784	0.131112	0.747976	1.27057	0.822295
4490000	-15.95057	0	-15.95057	0.228224	0.183157	0.111643	0.29137	0.0907074	0.121859	0.25475	0.786948	0.154881
4500000	-18.93342	0	-18.93342	0.204976	0.174513	0.259202	0.168959	0.0722584	0.22038	0.10975	0.438084	0.0217207
4510000	-17.80229	0	-17.80229	0.287103	0.304437	0.0947591	0.183759	0.144474	0.0676527	0.57701	0.836241	0.47682
4520000	-15.40394	0	-15.40394	0.119124	0.075235	0.182311	0.142483	0.157526	0.115549	1.37776	0.721335	0.169692
4530000	-20.17532	0	-20.17532	0.237243	0.049187	0.0642575	0.293112	0.194197	0.438661	0.629379	0.993076	0.60203
4540000	-22.2329	0	-22.2329	0.189403	0.153921	0.181309	0.280101	0.0877872	0.281961	1.03082	0.587263	0.468912
4550000	-15.6376	0	-15.6376	0.0580864	0.351307	0.216763	0.202059	0.0799446	0.108947	1.09626	0.413366	0.285999
4560000	-19.38004	0	-19.38004	0.103067	0.229899	0.300396	0.298437	0.0863633	0.0741732	1.31373	0.474338	2.34635
4570000	-17.89431	0	-17.89431	0.13759	0.382974	0.110225	0.299747	0.182799	0.303104	1.86935	2.07642	1.12466
4580000	-14.72594	0	-14.72594	0.0867874	0.253916	0.0766219	0.271584	0.118668	0.0651726	0.519965	1.07144	1.10763
4590000	-15.62825	0	-15.62825	0.0948939	0.120354	0.07678	0.269787	0.074584	0.178334	0.372281	1.28146	0.244323
4600000	-19.49132	0	-19.49132	0.0857552	0.159649	0.212848	0.226436	0.311736	0.0726091	1.60471	2.51674	0.858623
4610000	-18.95591	0	-18.95591	0.132344	0.0926648	0.234025	0.112101	0.0677871	0.082563	0.465907	0.145429	0.701106
4620000	-24.48248	0	-24.48248	0.176206	0.32597	0.227612	0.178797	0.203927	0.282799	3.11636	2.88667	1.94918
4630000	-22.18285	0	-22.18285	0.0841205	0.16985	0.176889	0.424403	0.149717	0.181101	1.64857	1.10473	0.0807535
4640000	-15.84925	0	-15.84925	0.0884591	0.217911	0.09979	0.23097	0.100643	0.0776276	1.76638	1.09531	1.48791
4650000	-17.41575	0	-17.41575	0.0520358	0.216894	0.0857003	0.141554	0.123964	0.196328	0.482511	0.696576	0.578912
4660000	-24.46402	0	-24.46402	0.0698808	0.146218	0.394682	0.173569	0.180923	0.0491792	3.01164	1.14076	0.861636
4670000	-20.977	0	-20.977	0.231752	0.18638	0.184379	0.100057	0.210337	0.361218	1.0007	0.755432	0.0499791
4680000	-16.15473	0	-16.15473	0.161023	0.149594	0.0926131	0.247395	0.115163	0.206683	0.478379	1.70131	0.160067
4690000	-21.04357	0	-21.04357	0.199485	0.0710543	0.259887	0.386532	0.12549	0.165479	0.369232	1.98244	0.0282833
4700000	-17.27606	0	-17.27606	0.0882634	0.12315	0.187063	0.175817	0.133658	0.0978589	1.0673	1.59673	0.169987
4710000	-18.95926	0	-18.95926	0.0769071	0.270316	0.127385	0.379788	0.0860204	0.0743772	1.65733	0.781187	1.6807
4720000	-18.16855	0	-18.16855	0.0769505	0.129039	0.252009	0.158781	0.199989	0.093034	2.1419	0.417981	0.625322
4730000	-18.25547	0	-18.25547	0.104372	0.297586	0.243608	0.175331	0.231351	0.185279	2.39582	0.813611	0.511042
4740000	-18.60181	0	-18.60181	0.206012	0.107802	0.231924	0.246526	0.186831	0.151453	3.17941	1.04855	0.0236974
4750000	-22.05045	0	-22.05045	0.122151	0.206227	0.154972	0.29021	0.164448	0.055318	2.42305	0.312533	0.000364234
4760000	-16.14834	0	-16.14834	0.375904	0.17194	0.097109	0.343663	0.19827	0.115263	0.32406	1.2628	0.12774
4770000	-20.58788	0	-20.58788	0.0830238	0.211994	0.439902	0.118303	0.183627	0.0541735	0.976389	1.0696	0.662907
4780000	-20.71446	0	-20.71446	0.144658	0.297451	0.0788647	0.0930658	0.226488	0.1623	0.628738	0.858739	2.0089
4790000	-19.63262	0	-19.63262	0.109454	0.168449	0.138402	0.545752	0.108091	0.0803603	0.910382	0.482115	0.851559
4800000	-20.01365	0	-20.01365	0.099848	0.236863	0.0602791	0.425148	0.115594	0.12896	2.51063	0.21191	1.07819
4810000	-15.62368	0	-15.62368	0.0883561	0.301892	0.0930068	0.212994	0.208818	0.277599	1.10232	0.506564	0.236982
4820000	-16.33981	0	-16.33981	0.104205	0.314066	0.0941552	0.204018	0.230353	0.210381	0.937162	1.94311	0.0788405
4830000	-21.06941	0	-21.06941	0.201303	0.180344	0.11125	0.333383	0.219154	0.293337	5.56792	1.91889	0.120514
4840000	-14.27799	0	-14.27799	0.145843	0.219622	0.122645	0.25032	0.0981226	0.191022	0.556812	0.723252	0.975171
4850000	-15.30961	0	-15.30961	0.0711927	0.248382	0.0971955	0.137445	0.155435	0.201869	1.27374	0.210034	1.05024
4860000	-13.45226	0	-13.45226	0.0888287	0.0960095	0.216038	0.164327	0.135429	0.095158	0.868124	0.327202	0.0448582
4870000	-19.28299	0	-19.28299	0.131429	0.190035	0.17508	0.264273	0.101314	0.0581621	1.18142	1.60094	0.0929198
4880000	-17.11528	0	-17.11528	0.19928	0.359644	0.0929175	0.38655	0.199326	0.231929	1.35787	1.74645	0.364526
4890000	-20.32506	0	-20.32506	0.179291	0.338557	0.0617822	0.101442	0.0980998	0.234461	1.07318	1.10458	2.04408
4900000	-18.16664	0	-18.16664	0.0571425	0.197116	0.171506	0.186593	0.167467	0.206409	1.44615	1.01079	0.272995
4910000	-16.2582	0	-16.2582	0.127663	0.0929071	0.189639	0.367494	0.123209	0.0508049	0.854904	1.64983	0.271588
4920000	-16.94158	0	-16.94158	0.153842	0.15388	0.154139	0.258783	0.130007	0.19782	3.22465	0.61781	0.358741
4930000	-15.21855	0	-15.21855	0.101629	0.223906	0.110793	0.189039	0.0852033	0.0889047	0.625006	0.985614	0.98951
4940000	-18.81664	0	-18.81664	0.192231	0.125928	0.0883035	0.293304	0.132987	0.0820282	0.247886	2.54545	0.0284497
4950000	-18.16956	0	-18.16956	0.278199	0.171845	0.208911	0.253653	0.12616	0.0898268	1.4921	3.66909	0.174265
4960000	-18.83371	0	-18.83371	0.0705687	0.0728396	0.179422	0.646712	0.0638831	0.122959	1.05685	1.21979	0.0769154
4970000	-18.0874	0	-18.0874	0.22182	0.271002	0.129606	0.221877	0.195155	0.127701	0.0982086	1.84327	1.34073
4980000	-16.01624	0	-16.01624	0.198863	0.0966214	0.231444	0.163584	0.140832	0.0668248	1.69701	1.33079	0.0644234
4990000	-20.27723	0	-20.27723	0.0555995	0.0927644	0.33478	0.161762	0.10283	0.0786888	0.895311	1.55145	0.170866
5000000	-18.82878	0	-18.82878	0.0951135	0.117077	0.15989	0.38163	0.0763336	0.0772476	0.751924	0.169399	0.047866
