Iteration	Posterior	Likelihood	Prior	lambda[1]	lambda[2]	lambda[3]	mu[1]	mu[2]	mu[3]	psi[1]	psi[2]	psi[3]
0	-25.25435	0	-25.25435	0.143554	0.121089	0.156483	0.0898541	0.194562	0.165258	1.14406	0.524154	0.165396
10000	-29.67897	0	-29.67897	0.148247	0.24822	0.14967	0.616478	0.0557839	0.0974368	2.1687	0.678191	0.0829966
20000	-21.92127	0	-21.92127	0.102005	0.165607	0.107864	0.311603	0.110032	0.11463	1.9078	1.30823	0.366025
30000	-27.18012	0	-27.18012	0.0624505	0.0979735	0.47893	0.558758	0.139943	0.112602	3.73576	2.53698	0.461522
40000	-22.01405	0	-22.01405	0.0712825	0.113258	0.293262	0.331492	0.0632226	0.196219	2.68009	1.37018	0.0883244
50000	-24.74941	0	-24.74941	0.112347	0.142958	0.341574	0.22886	0.22178	0.136652	2.75361	2.99889	0.758309
60000	-29.66674	0	-29.66674	0.0657607	0.13462	0.233943	0.789175	0.0834072	0.116127	1.17754	0.783797	2.47969
70000	-23.86463	0	-23.86463	0.143738	0.166196	0.31159	0.274312	0.0575762	0.147051	0.463829	1.00055	3.04636
80000	-27.96861	0	-27.96861	0.106593	0.165461	0.28144	0.745357	0.104921	0.202145	3.20927	3.04203	2.56458
90000	-20.95446	0	-20.95446	0.159525	0.362108	0.109863	0.286406	0.045464	0.102664	0.693169	0.87998	1.20857
100000	-26.85677	0	-26.85677	0.110171	0.20215	0.319577	0.266098	0.2131	0.106861	1.60023	4.36021	1.7136
110000	-25.48326	0	-25.48326	0.0812844	0.0374828	0.192425	0.186475	0.0871066	0.162042	1.29724	1.62444	0.409383
120000	-23.94834	0	-23.94834	0.108646	0.313636	0.210726	0.344751	0.0587772	0.216479	0.451518	2.15477	0.0843178
130000	-21.59808	0	-21.59808	0.0667885	0.261055	0.203404	0.283905	0.173347	0.217433	1.65183	0.894487	0.300281
140000	-20.94395	0	-20.94395	0.143121	0.126897	0.254643	0.219448	0.192627	0.149631	1.62832	1.9669	1.2038
150000	-23.28601	0	-23.28601	0.155961	0.144383	0.150585	0.167676	0.137122	0.111198	0.291573	1.51595	0.879863
160000	-24.43279	0	-24.43279	0.25189	0.240479	0.187846	0.609217	0.147027	0.198182	2.63969	1.17241	1.20785
170000	-23.56415	0	-23.56415	0.169607	0.260758	0.118634	0.389629	0.120911	0.0711522	1.37421	0.688722	1.00149
180000	-27.55987	0	-27.55987	0.153091	0.168133	0.273145	0.418865	0.20823	0.181371	3.52197	2.83985	0.935501
190000	-23.99327	0	-23.99327	0.0784856	0.205887	0.316316	0.308867	0.224327	0.14121	1.00983	0.677987	0.271017
200000	-29.80276	0	-29.80276	0.0563446	0.0676488	0.29727	0.539879	0.20683	0.100688	3.39279	0.869968	0.0405051
210000	-23.03983	0	-23.03983	0.0645108	0.105862	0.352819	0.286188	0.0582846	0.123356	1.45867	0.946492	1.91848
220000	-19.79681	0	-19.79681	0.0719996	0.209035	0.188093	0.204501	0.0908656	0.213456	2.03961	1.16316	0.493455
230000	-27.21726	0	-27.21726	0.140899	0.75646	0.301732	0.330869	0.105037	0.183102	0.673392	0.647346	3.00449
240000	-30.76853	0	-30.76853	0.177193	0.439024	0.193236	0.507026	0.0443668	0.260944	1.03219	0.520232	0.59782
250000	-31.05544	0	-31.05544	0.0409059	0.106028	0.551082	0.332247	0.19205	0.426742	1.02539	2.18392	0.68749
260000	-25.46941	0	-25.46941	0.213566	0.176079	0.363269	0.413566	0.296	0.108866	4.50393	0.690084	0.386103
270000	-27.62035	0	-27.62035	0.317241	0.347017	0.136228	0.264603	0.257148	0.241533	3.62599	1.09459	0.333693
280000	-28.9129	0	-28.9129	0.197466	0.315823	0.189542	0.310605	0.0693758	0.301773	0.694548	0.890349	0.297538
290000	-19.74213	0	-19.74213	0.144201	0.111809	0.077867	0.345617	0.07067	0.212071	1.16166	0.866662	1.32931
300000	-24.17315	0	-24.17315	0.166079	0.5949	0.108451	0.285955	0.110882	0.292449	2.61681	1.93692	0.920141
310000	-23.99836	0	-23.99836	0.0661641	0.111539	0.27446	0.119106	0.0939734	0.143513	0.866708	0.310605	1.47979
320000	-22.60794	0	-22.60794	0.0939588	0.148036	0.259999	0.221302	0.0529977	0.053992	1.06263	0.3553	2.46344
330000	-23.65053	0	-23.65053	0.0820743	0.139113	0.487704	0.160726	0.127901	0.233641	1.65666	0.114983	0.758579
340000	-26.71955	0	-26.71955	0.0899209	0.136356	0.358537	0.543572	0.118696	0.0759781	1.52711	0.317316	0.339473
350000	-24.24089	0	-24.24089	0.140613	0.123637	0.199313	0.311342	0.0974232	0.209871	1.38133	0.8015	0.187918
360000	-27.89333	0	-27.89333	0.159666	0.117759	0.15728	0.382143	0.0960495	0.199326	2.91297	0.740499	0.314738
370000	-22.39958	0	-22.39958	0.0808396	0.0997108	0.20323	0.351194	0.119488	0.0825076	1.36166	0.236336	0.151487
380000	-22.26042	0	-22.26042	0.173904	0.12252	0.247126	0.240472	0.184577	0.140495	1.43518	2.21003	1.16546
390000	-23.11493	0	-23.11493	0.0667895	0.189197	0.182417	0.199701	0.0977121	0.086431	2.22932	0.361888	0.70223
400000	-19.18178	0	-19.18178	0.139948	0.100502	0.236558	0.320928	0.170238	0.102648	1.16969	1.92141	0.547705
410000	-21.63925	0	-21.63925	0.174416	0.17989	0.0848303	0.427029	0.162149	0.100467	2.31604	1.35855	0.601811
420000	-21.32066	0	-21.32066	0.211632	0.230765	0.116714	0.130955	0.21189	0.082926	1.48942	0.904708	0.385429
430000	-28.03274	0	-28.03274	0.225797	0.171986	0.348129	0.520619	0.233894	0.319393	1.00291	0.617319	0.801182
440000	-28.27125	0	-28.27125	0.167191	0.155367	0.204093	0.166939	0.30037	0.241047	2.22036	2.02196	0.461362
450000	-21.62754	0	-21.62754	0.146118	0.0508299	0.255664	0.242603	0.194832	0.1395	2.04814	1.6703	1.21314
460000	-22.34975	0	-22.34975	0.104583	0.161355	0.109235	0.376679	0.230076	0.0764615	2.04816	0.457681	0.484243
470000	-25.58212	0	-25.58212	0.0609058	0.152811	0.227208	0.108439	0.217474	0.0819109	2.60988	3.39134	1.79972
480000	-22.77284	0	-22.77284	0.136466	0.0550763	0.120992	0.271797	0.146772	0.161722	2.38479	1.15365	0.820642
490000	-21.00879	0	-21.00879	0.203337	0.147081	0.446969	0.245521	0.155861	0.119156	3.44358	0.806037	0.812956
500000	-22.71385	0	-22.71385	0.128849	0.145424	0.193569	0.349521	0.140829	0.146861	3.74659	1.49353	0.58005
510000	-29.11909	0	-29.11909	0.207403	0.134997	0.136915	0.470071	0.0954761	0.171997	1.73169	0.400276	1.08936
520000	-26.04946	0	-26.04946	0.134352	0.149966	0.134851	0.144645	0.150241	0.0762253	1.75782	1.08389	1.13483
530000	-25.14595	0	-25.14595	0.303086	0.128806	0.0804869	0.150155	0.074017	0.10771	1.72208	3.73208	0.823798
540000	-25.97791	0	-25.97791	0.0755008	0.134364	0.358412	0.186401	0.133772	0.31914	0.743042	0.806131	0.189944
550000	-24.90398	0	-24.90398	0.166601	0.145221	0.222288	0.29432	0.0618079	0.175403	1.5061	0.737674	1.23013
560000	-26.45821	0	-26.45821	0.108657	0.172974	0.124508	0.188918	0.387908	0.048985	2.99176	0.492534	0.296449
570000	-17.46417	0	-17.46417	0.135711	0.171029	0.135398	0.334031	0.105249	0.0928965	0.984865	2.04241	0.886875
580000	-26.18593	0	-26.18593	0.186734	0.654327	0.211115	0.465436	0.135476	0.104972	1.32869	1.83393	2.22261
590000	-29.425	0	-29.425	0.0656095	0.0895365	0.297716	0.112788	0.124044	0.14296	0.722868	0.442172	0.601078
600000	-23.95805	0	-23.95805	0.141758	0.161417	0.129004	0.328424	0.124701	0.309624	2.33811	3.30279	1.2146
610000	-25.25661	0	-25.25661	0.119171	0.152514	0.307171	0.419982	0.079677	0.283292	2.50733	0.941863	0.565509
620000	-23.73444	0	-23.73444	0.0593664	0.3501	0.193402	0.19125	0.136531	0.152653	1.91136	1.40682	2.68409
630000	-22.64032	0	-22.64032	0.0768859	0.159434	0.232589	0.334348	0.270893	0.244513	1.5207	2.27725	0.451243
640000	-22.31959	0	-22.31959	0.0534415	0.142863	0.133578	0.723581	0.154071	0.0861277	2.48667	0.754128	0.588737
650000	-33.53912	0	-33.53912	0.206562	0.305372	0.592839	0.729623	0.194886	0.16242	1.53167	0.948084	1.2922
660000	-25.4632	0	-25.4632	0.123957	0.0991302	0.313407	0.35065	0.205403	0.092344	1.25912	2.4983	0.682235
670000	-23.61661	0	-23.61661	0.280296	0.0802577	0.20561	0.159031	0.181626	0.170935	0.832276	1.76579	0.086804
680000	-25.14029	0	-25.14029	0.179309	0.178847	0.275596	0.237895	0.104292	0.0982247	0.853135	0.58016	0.129419
690000	-27.39366	0	-27.39366	0.300138	0.107413	0.252058	0.304362	0.0633293	0.0686815	1.1531	0.810551	0.153334
700000	-24.97305	0	-24.97305	0.0785712	0.173887	0.183259	0.330843	0.144331	0.142658	0.678184	1.26749	0.406744
710000	-21.9257	0	-21.9257	0.170775	0.137922	0.200965	0.140951	0.209284	0.174942	3.71366	0.79767	0.771149
720000	-21.84552	0	-21.84552	0.130744	0.0695101	0.296482	0.468506	0.108695	0.242098	3.31636	0.648048	0.0842329
730000	-19.01733	0	-19.01733	0.17421	0.0957165	0.205012	0.250976	0.114749	0.0878778	1.54188	0.747414	0.432698
740000	-27.96301	0	-27.96301	0.0753928	0.0806559	0.133869	0.53018	0.259175	0.129466	3.75907	1.06171	0.149957
750000	-26.69931	0	-26.69931	0.226049	0.135896	0.121774	0.518818	0.352405	0.0800569	3.04182	1.46921	1.47959
760000	-24.11712	0	-24.11712	0.159361	0.107321	0.174052	0.362543	0.0929691	0.165138	1.19104	0.248927	0.128598
770000	-25.15079	0	-25.15079	0.0683566	0.144796	0.26129	0.491594	0.15484	0.17216	2.96036	1.26988	0.801722
780000	-30.64046	0	-30.64046	0.20785	0.694282	0.165281	0.208827	0.157634	0.0495929	1.2062	1.6401	2.44685
790000	-23.23302	0	-23.23302	0.188646	0.205188	0.154318	0.348918	0.0767099	0.0543167	2.72482	0.730698	0.36562
800000	-22.43249	0	-22.43249	0.11372	0.133553	0.110623	0.218865	0.0727839	0.18846	1.96514	0.886503	0.928446
810000	-24.17137	0	-24.17137	0.297109	0.13425	0.148423	0.453129	0.0851477	0.201345	2.56698	1.30835	0.252068
820000	-21.0918	0	-21.0918	0.203563	0.124532	0.172762	0.41689	0.12365	0.142703	1.36815	1.75935	0.33509
830000	-24.82931	0	-24.82931	0.0655148	0.181543	0.230284	0.135688	0.187278	0.0741743	0.791433	0.48938	1.49698
840000	-27.45023	0	-27.45023	0.0951323	0.203414	0.201665	0.845515	0.0540581	0.128766	2.48119	0.5585	0.151546
850000	-22.61203	0	-22.61203	0.131192	0.129994	0.0914264	0.300131	0.144431	0.0836343	1.18624	2.18048	0.162614
860000	-24.94194	0	-24.94194	0.178959	0.0786652	0.37161	0.435125	0.241256	0.0904785	1.07454	1.2912	0.139854
870000	-25.21942	0	-25.21942	0.246774	0.106126	0.217999	0.26791	0.133821	0.162193	0.729667	0.462699	0.304922
880000	-31.3575	0	-31.3575	0.314637	0.0490927	0.127634	0.118769	0.116678	0.244338	0.579087	1.16052	0.700547
890000	-20.7412	0	-20.7412	0.134703	0.135463	0.275312	0.246764	0.170487	0.113886	0.677577	1.25893	0.266923
900000	-23.284	0	-23.284	0.0969714	0.22839	0.129704	0.382634	0.186406	0.17427	2.30374	2.72689	1.00963
910000	-27.13545	0	-27.13545	0.154391	0.171908	0.432811	0.568864	0.15697	0.108913	2.77925	0.378819	1.68315
920000	-25.72958	0	-25.72958	0.153177	0.054325	0.379722	0.207401	0.0526154	0.164112	1.43705	1.60167	0.340289
930000	-33.33363	0	-33.33363	0.0584997	0.294848	0.422728	0.625564	0.365383	0.214868	0.9693	0.335956	0.846595
940000	-28.27443	0	-28.27443	0.10508	0.107818	0.405995	0.443332	0.0600746	0.106279	1.29266	2.85001	1.05276
950000	-27.1841	0	-27.1841	0.107927	0.141607	0.299731	0.53938	0.0874886	0.299685	1.7083	1.00571	0.0527706
960000	-27.04547	0	-27.04547	0.313407	0.111714	0.332651	0.56952	0.0609574	0.139997	0.638278	0.271114	0.142129
970000	-24.17644	0	-24.17644	0.385391	0.126973	0.0748658	0.276044	0.115521	0.0695571	0.696699	0.549217	0.740053
980000	-27.39695	0	-27.39695	0.10293	0.380663	0.25174	0.396336	0.125368	0.316783	1.40673	0.651369	0.118221
990000	-22.91559	0	-22.91559	0.100791	0.246632	0.244065	0.316778	0.136418	0.127696	2.89871	1.58239	1.10939
1000000	-22.31331	0	-22.31331	0.0569558	0.100818	0.42135	0.551513	0.131164	0.157825	1.84942	0.544491	0.334227
1010000	-23.33227	0	-23.33227	0.0673753	0.184237	0.154055	0.238655	0.0813581	0.131565	1.47786	0.28331	0.281351
1020000	-23.89343	0	-23.89343	0.159251	0.0695452	0.214187	0.264599	0.13157	0.268212	2.92196	1.2074	0.15912
1030000	-24.87681	0	-24.87681	0.121732	0.49167	0.177656	0.162897	0.0793664	0.171174	1.37357	0.240885	0.208973
1040000	-24.22516	0	-24.22516	0.0988745	0.153569	0.135989	0.33005	0.0897975	0.112328	3.27726	0.837788	1.13533
1050000	-30.20982	0	-30.20982	0.155168	0.157584	0.138501	0.561034	0.0596626	0.15779	1.47641	7.37698	0.154365
1060000	-24.67766	0	-24.67766	0.146477	0.123985	0.100165	0.319141	0.0861146	0.0834475	6.63459	1.74254	0.126895
1070000	-29.19885	0	-29.19885	0.153337	0.350124	0.10157	0.22641	0.268341	0.292495	1.47768	0.453445	0.14351
1080000	-32.39003	0	-32.39003	0.0533426	0.0763724	0.130884	0.246397	0.166442	0.150656	0.877398	1.16653	0.0655311
1090000	-23.18593	0	-23.18593	0.191677	0.162915	0.125829	0.280555	0.0832574	0.12226	2.21175	1.10714	0.116796
1100000	-23.6688	0	-23.6688	0.175128	0.0761558	0.235123	0.131203	0.106518	0.344259	2.90264	0.73676	1.42229
1110000	-27.85017	0	-27.85017	0.159811	0.202601	0.499933	0.215824	0.235575	0.274688	5.29771	0.711094	0.90023
1120000	-21.29241	0	-21.29241	0.158627	0.295773	0.19892	0.328338	0.0780167	0.141019	2.17293	2.40837	1.07948
1130000	-23.28335	0	-23.28335	0.12808	0.159688	0.175318	0.239605	0.133348	0.0577046	0.41856	2.74519	1.33235
1140000	-26.86492	0	-26.86492	0.102795	0.169275	0.248469	0.560495	0.119181	0.213136	1.41291	3.27134	0.221965
1150000	-23.32996	0	-23.32996	0.0554434	0.115203	0.497718	0.344581	0.0954699	0.168154	3.52602	1.219	0.43319
1160000	-24.68818	0	-24.68818	0.122746	0.164765	0.198233	0.39829	0.179279	0.080375	3.44729	1.163	0.126497
1170000	-31.76692	0	-31.76692	0.059694	0.314576	0.0709439	0.462078	0.144892	0.0433748	3.83193	0.461857	0.600025
1180000	-23.01543	0	-23.01543	0.0971897	0.188348	0.126863	0.381182	0.0991587	0.102949	0.303864	0.602335	0.255
1190000	-24.84435	0	-24.84435	0.0818036	0.200535	0.494242	0.125202	0.13048	0.074791	2.88192	0.483574	0.631505
1200000	-23.09609	0	-23.09609	0.247036	0.111713	0.284105	0.85976	0.0722477	0.132717	1.67877	1.51634	1.9179
1210000	-23.13019	0	-23.13019	0.110094	0.256773	0.222462	0.560119	0.0765053	0.384932	1.27398	0.746902	0.625279
1220000	-26.05287	0	-26.05287	0.162168	0.275906	0.158378	0.25403	0.106446	0.214514	6.28068	0.492672	0.293096
1230000	-26.13241	0	-26.13241	0.0767646	0.178633	0.340021	0.168939	0.383594	0.121009	4.18669	2.19508	1.41769
1240000	-21.35691	0	-21.35691	0.221153	0.211946	0.263579	0.178718	0.0825734	0.0771313	3.42894	1.34445	1.28785
1250000	-19.90491	0	-19.90491	0.131508	0.0905268	0.158051	0.376717	0.0800671	0.152925	3.21688	0.704076	1.0084
1260000	-25.66434	0	-25.66434	0.14597	0.150934	0.281669	0.154496	0.211817	0.253785	4.80407	3.51651	1.297
1270000	-23.42769	0	-23.42769	0.192343	0.265951	0.146919	0.546985	0.0578685	0.146863	1.5734	1.96176	0.970505
1280000	-29.36176	0	-29.36176	0.110471	0.0598256	0.226993	0.64919	0.195548	0.318711	2.17426	0.713489	0.086829
1290000	-23.09317	0	-23.09317	0.104464	0.171758	0.214298	0.355371	0.101199	0.143276	1.39521	2.49866	0.85522
1300000	-31.87123	0	-31.87123	0.255097	0.0996147	0.169423	0.213813	0.15436	0.118811	4.67356	1.12837	0.200382
1310000	-26.98378	0	-26.98378	0.0924534	0.128219	0.255716	0.361683	0.170817	0.0685933	2.41385	2.29191	0.162534
1320000	-25.51386	0	-25.51386	0.150929	0.152209	0.151528	0.253768	0.165728	0.160882	4.14354	3.26797	0.424434
1330000	-27.42692	0	-27.42692	0.096695	0.133251	0.181287	0.354925	0.226261	0.198736	2.79188	0.618363	0.335104
1340000	-23.35168	0	-23.35168	0.142341	0.221331	0.143365	0.315333	0.100086	0.101311	2.45541	1.7217	0.592608
1350000	-29.22111	0	-29.22111	0.10272	0.16014	0.223537	0.581423	0.104472	0.157588	4.45856	0.517198	0.271205
1360000	-21.58811	0	-21.58811	0.0973569	0.0810354	0.298843	0.217535	0.175741	0.147142	1.49167	0.663574	0.777182
1370000	-21.7113	0	-21.7113	0.102325	0.143035	0.332667	0.288434	0.131241	0.175987	1.58348	0.694658	1.3782
1380000	-23.67754	0	-23.67754	0.227733	0.114448	0.202706	0.274843	0.247821	0.208169	2.77947	1.86427	0.276533
1390000	-25.04817	0	-25.04817	0.221053	0.177778	0.150751	0.260745	0.109561	0.0897646	1.20085	1.17668	0.148891
1400000	-30.35137	0	-30.35137	0.232704	0.0725489	0.165751	0.411501	0.136279	0.122759	0.191207	4.06246	0.45841
1410000	-33.74292	0	-33.74292	0.0696197	0.270821	0.100749	0.272969	0.0818711	0.201412	7.46192	1.27978	0.73251
1420000	-26.1392	0	-26.1392	0.0499393	0.12484	0.180602	0.106855	0.115939	0.0658811	0.61867	0.991084	0.110354
1430000	-21.12248	0	-21.12248	0.12517	0.114773	0.119261	0.17644	0.131138	0.0700217	3.65704	1.93446	0.700633
1440000	-21.24277	0	-21.24277	0.077836	0.117228	0.233076	0.331278	0.117181	0.114972	1.18747	1.15658	0.318252
1450000	-30.79149	0	-30.79149	0.0464867	0.239047	0.164577	0.383259	0.10904	0.0764963	1.22834	0.582161	0.956674
1460000	-23.21152	0	-23.21152	0.107864	0.196561	0.170122	0.158632	0.201583	0.103993	1.58594	0.552111	0.106312
1470000	-32.95635	0	-32.95635	0.512539	0.328416	0.17686	0.184428	0.256189	0.066309	0.603491	2.82108	1.01504
1480000	-22.49862	0	-22.49862	0.209744	0.0910484	0.217682	0.314971	0.0776016	0.0901371	0.882087	0.744874	0.233586
1490000	-35.11207	0	-35.11207	0.409626	0.0906054	0.108187	0.276947	0.313716	0.0700404	2.92597	0.511837	0.256407
1500000	-22.47518	0	-22.47518	0.104497	0.244173	0.36703	0.27282	0.123878	0.229619	1.04021	1.19903	1.01968
1510000	-22.58785	0	-22.58785	0.175044	0.216325	0.325088	0.260443	0.0938496	0.102889	0.920771	0.991957	1.25792
1520000	-25.02101	0	-25.02101	0.223957	0.29826	0.142409	0.502491	0.132581	0.139509	2.5966	1.30297	0.240358
1530000	-23.61507	0	-23.61507	0.0827317	0.147073	0.216665	0.265343	0.0805349	0.0969309	1.2013	0.478248	0.270848
1540000	-22.59551	0	-22.59551	0.269443	0.11574	0.11457	0.325979	0.20226	0.137384	0.768858	1.19334	0.379893
1550000	-25.29582	0	-25.29582	0.107178	0.159717	0.370861	0.178987	0.0921748	0.148179	5.91254	1.7492	0.465433
1560000	-24.2085	0	-24.2085	0.0890836	0.259464	0.397545	0.658394	0.123243	0.202478	1.12201	0.899457	0.30145
1570000	-25.58174	0	-25.58174	0.144593	0.314947	0.381457	0.659969	0.116245	0.142249	1.71778	0.980339	0.377841
1580000	-22.18396	0	-22.18396	0.106102	0.217564	0.34517	0.228684	0.119578	0.132124	2.62382	0.728927	0.920563
1590000	-20.81086	0	-20.81086	0.112956	0.0661453	0.143946	0.434314	0.0889465	0.0925082	1.26896	0.685918	0.371909
1600000	-30.09482	0	-30.09482	0.164759	0.139894	0.254547	0.665083	0.134013	0.115312	2.79489	0.640809	0.0502658
1610000	-23.18003	0	-23.18003	0.124696	0.24818	0.264608	0.257848	0.113169	0.145224	0.861211	1.00184	0.42959
1620000	-30.23214	0	-30.23214	0.093173	0.15084	0.135207	0.23114	0.0783818	0.172804	2.20788	0.250536	0.552211
1630000	-26.99387	0	-26.99387	0.228044	0.127167	0.275101	0.328213	0.154025	0.482281	1.6212	0.70241	0.103417
1640000	-24.88745	0	-24.88745	0.106789	0.162214	0.139644	0.428609	0.108391	0.0994168	1.10173	1.38124	0.614537
1650000	-26.02768	0	-26.02768	0.236193	0.11176	0.107852	0.545813	0.201513	0.166003	3.12475	1.38102	1.02639
1660000	-29.08394	0	-29.08394	0.107347	0.358212	0.281411	0.212458	0.100389	0.190387	2.97666	5.11908	1.25263
1670000	-24.69848	0	-24.69848	0.155489	0.155783	0.365566	0.315904	0.236283	0.209386	1.77747	0.724277	0.504888
1680000	-28.12316	0	-28.12316	0.106989	0.224657	0.163209	1.22937	0.0847433	0.0997296	1.26926	0.468301	0.749026
1690000	-29.452	0	-29.452	0.148547	0.0640705	0.127199	0.457415	0.215227	0.0604134	3.06523	1.69886	0.554203
1700000	-22.19677	0	-22.19677	0.121111	0.1065	0.312655	0.413577	0.187144	0.155633	3.65552	0.453742	0.278765
1710000	-26.10182	0	-26.10182	0.248015	0.116386	0.249788	0.369809	0.164402	0.20675	1.82498	0.871475	0.0811807
1720000	-26.14629	0	-26.14629	0.0711626	0.22113	0.329511	0.544085	0.110798	0.248701	2.1696	1.02867	0.13378
1730000	-24.00122	0	-24.00122	0.127362	0.16157	0.301441	0.265026	0.240217	0.317683	1.02073	2.73953	0.189299
1740000	-24.60949	0	-24.60949	0.151735	0.185196	0.12966	0.6748	0.16454	0.11596	1.67191	0.835305	0.461953
1750000	-24.33906	0	-24.33906	0.186711	0.0828724	0.12157	0.31591	0.17899	0.0992201	2.11868	2.71057	0.291007
1760000	-25.44331	0	-25.44331	0.178375	0.207804	0.194126	0.234594	0.0884852	0.224298	2.19268	0.492962	0.299641
1770000	-22.34042	0	-22.34042	0.0809849	0.167082	0.161327	0.292048	0.178967	0.115889	1.99001	1.07467	0.241647
1780000	-25.72369	0	-25.72369	0.138226	0.0532593	0.327592	0.364133	0.175771	0.198942	3.80332	1.72019	0.0779247
1790000	-20.80027	0	-20.80027	0.106098	0.139104	0.286269	0.45151	0.148119	0.0853281	2.05904	2.8554	0.853057
1800000	-27.12341	0	-27.12341	0.137712	0.296649	0.102745	0.274182	0.173229	0.328937	4.93511	0.667764	0.443115
1810000	-23.04963	0	-23.04963	0.0617319	0.188439	0.312013	0.117329	0.145604	0.131474	2.12573	1.28011	0.0976488
1820000	-24.65337	0	-24.65337	0.350716	0.120343	0.27412	0.19805	0.075009	0.172754	2.06041	0.687013	0.143494
1830000	-23.34184	0	-23.34184	0.121744	0.0788207	0.281622	0.228938	0.109988	0.27713	1.97227	1.38013	1.19125
1840000	-33.50097	0	-33.50097	0.146336	0.217484	0.111452	0.380726	0.065854	0.197281	3.21748	0.108229	0.104911
1850000	-20.58437	0	-20.58437	0.14604	0.0792163	0.15363	0.332961	0.118087	0.103925	1.53627	2.1264	1.23734
1860000	-21.06209	0	-21.06209	0.0775654	0.115266	0.0909273	0.279125	0.155626	0.055479	1.70433	0.972781	0.511814
1870000	-23.64639	0	-23.64639	0.123963	0.251313	0.101112	0.273262	0.11403	0.160965	0.370051	0.323366	0.341562
1880000	-23.53139	0	-23.53139	0.248596	0.164405	0.364593	0.330442	0.315036	0.102125	1.00217	1.33489	0.798953
1890000	-22.99137	0	-22.99137	0.203278	0.0592208	0.212226	0.405513	0.163459	0.158755	2.34695	1.49441	0.29848
1900000	-21.69925	0	-21.69925	0.1071	0.126453	0.141104	0.42353	0.100531	0.170588	0.93332	0.493806	0.749044
1910000	-31.71861	0	-31.71861	0.239737	0.23515	0.212376	0.313028	0.0966498	0.0785407	0.271985	0.445595	0.0157637
1920000	-24.52164	0	-24.52164	0.26604	0.259474	0.137177	0.339486	0.0544421	0.146017	1.59543	1.30639	0.37416
1930000	-25.09309	0	-25.09309	0.125749	0.280229	0.138161	0.102183	0.226677	0.257966	0.772313	0.819324	0.221166
1940000	-21.16516	0	-21.16516	0.118507	0.137851	0.193111	0.284598	0.200615	0.127423	3.83336	1.59619	0.978278
1950000	-28.52266	0	-28.52266	0.183004	0.0752753	0.136898	0.549935	0.13719	0.0861702	2.5627	0.68876	0.31411
1960000	-19.24764	0	-19.24764	0.0685321	0.173173	0.118488	0.410408	0.106321	0.0862916	1.39653	0.437307	0.526769
1970000	-26.52886	0	-26.52886	0.107849	0.0889058	0.104205	0.350252	0.0641763	0.10106	1.74957	1.77301	0.0410997
1980000	-22.84657	0	-22.84657	0.120201	0.159586	0.221081	0.140249	0.0576975	0.147737	1.42577	0.352062	0.344186
1990000	-22.23761	0	-22.23761	0.0856211	0.245134	0.106839	0.381809	0.130788	0.064619	1.81755	1.12584	0.325208
2000000	-21.25231	0	-21.25231	0.22646	0.152406	0.13418	0.369021	0.0836118	0.161142	2.28659	1.50214	0.379229
2010000	-18.01309	0	-18.01309	0.122374	0.121438	0.214888	0.284168	0.129648	0.106824	1.44178	0.532412	0.424145
2020000	-24.08639	0	-24.08639	0.206237	0.196063	0.244077	0.237487	0.118233	0.125352	1.46167	2.80181	0.294098
2030000	-21.74114	0	-21.74114	0.113984	0.108562	0.30434	0.311396	0.0880814	0.208027	0.783726	0.504768	0.767424
2040000	-24.54744	0	-24.54744	0.154285	0.183537	0.170479	0.168926	0.0686528	0.0647901	1.8286	1.4887	0.205486
2050000	-23.698	0	-23.698	0.0753818	0.246923	0.197396	0.48991	0.108753	0.0937301	2.43634	0.43343	0.716447
2060000	-25.9326	0	-25.9326	0.096774	0.12405	0.122525	0.369602	0.132112	0.0750915	0.675394	0.353979	0.0691294
2070000	-22.40486	0	-22.40486	0.11954	0.25102	0.101303	0.418261	0.16491	0.0726373	0.965653	1.0107	0.267971
2080000	-27.5636	0	-27.5636	0.14	0.0663759	0.188838	0.20675	0.243527	0.112967	1.28683	0.981468	0.418047
2090000	-27.61664	0	-27.61664	0.255291	0.227271	0.264327	0.305476	0.180143	0.114391	1.41282	0.60823	0.326862
2100000	-25.10379	0	-25.10379	0.204164	0.13978	0.128917	0.365855	0.0861169	0.195062	2.18606	0.268489	0.272572
2110000	-24.88091	0	-24.88091	0.120947	0.191649	0.313775	0.394955	0.033939	0.18636	1.21105	1.83961	0.554486
2120000	-21.22355	0	-21.22355	0.13641	0.21324	0.266244	0.31549	0.140272	0.193818	3.12873	2.36168	0.435062
2130000	-31.94861	0	-31.94861	0.0237837	0.125324	0.268835	0.240993	0.0922456	0.0888949	1.8312	0.340003	0.185191
2140000	-28.05993	0	-28.05993	0.188073	0.099771	0.137969	0.289492	0.243886	0.0831063	1.31256	0.152779	0.316622
2150000	-25.9803	0	-25.9803	0.241028	0.312448	0.227114	0.355833	0.141091	0.107705	0.190744	0.879488	0.247977
2160000	-26.26445	0	-26.26445	0.212122	0.201541	0.106037	0.435728	0.0766654	0.147288	1.49671	0.782222	0.10463
2170000	-26.30739	0	-26.30739	0.0494502	0.03241	0.277724	0.229414	0.0660631	0.104156	1.25173	0.223536	0.141266
2180000	-23.67444	0	-23.67444	0.32436	0.134357	0.284181	0.260192	0.113413	0.161027	1.68135	1.80105	0.628734
2190000	-27.80473	0	-27.80473	0.193652	0.470383	0.236046	0.381508	0.148664	0.173769	0.93129	1.60114	0.319622
2200000	-22.79338	0	-22.79338	0.0967868	0.0856444	0.151242	0.311311	0.164205	0.0895744	1.54664	0.563551	0.232465
2210000	-27.11991	0	-27.11991	0.119434	0.293278	0.117271	0.238885	0.0958626	0.138296	2.41664	1.32684	0.104471
2220000	-34.90102	0	-34.90102	0.37355	0.334338	0.227161	0.797845	0.126541	0.102681	3.44678	1.54521	0.275161
2230000	-28.47007	0	-28.47007	0.190235	0.124793	0.249827	0.208656	0.126661	0.131314	0.388991	0.317012	0.0518057
2240000	-20.02282	0	-20.02282	0.150434	0.221004	0.162869	0.214155	0.0669254	0.154757	2.18478	0.938284	0.471545
2250000	-25.24693	0	-25.24693	0.140487	0.121615	0.278685	0.462077	0.171958	0.21918	2.38251	2.26948	0.423148
2260000	-24.50978	0	-24.50978	0.358897	0.126288	0.19478	0.29765	0.0978634	0.0917518	1.59362	1.31273	0.291546
2270000	-21.15337	0	-21.15337	0.115024	0.0691501	0.165718	0.155044	0.161819	0.112438	1.65316	0.915321	0.0815669
2280000	-28.71294	0	-28.71294	0.232428	0.153972	0.117085	0.377524	0.283075	0.076603	2.3996	1.68601	0.107671
2290000	-23.78601	0	-23.78601	0.157671	0.164793	0.250771	0.203387	0.128988	0.177967	2.75413	0.224897	0.183929
2300000	-20.95015	0	-20.95015	0.126036	0.0764721	0.36247	0.240867	0.14944	0.128018	1.13091	0.917001	0.333768
2310000	-20.68376	0	-20.68376	0.126686	0.156565	0.235214	0.233632	0.0720528	0.211293	0.811946	2.91597	0.446373
2320000	-24.01802	0	-24.01802	0.169193	0.13733	0.0805356	0.210483	0.159209	0.156551	3.95657	0.686685	0.598978
2330000	-22.15597	0	-22.15597	0.111174	0.195085	0.155899	0.564151	0.0939802	0.138216	3.05533	0.984111	0.401852
2340000	-25.40744	0	-25.40744	0.158848	0.117565	0.426816	0.699292	0.0520843	0.281698	3.98099	2.18138	0.237564
2350000	-28.6668	0	-28.6668	0.202156	0.11174	0.263485	0.302398	0.209154	0.167075	1.39555	1.60957	0.100984
2360000	-25.38111	0	-25.38111	0.0987704	0.0785316	0.230095	0.19995	0.174919	0.0715423	1.00861	0.694601	0.178632
2370000	-28.30746	0	-28.30746	0.0772787	0.0921026	0.274382	0.420567	0.0993086	0.0823872	4.85544	0.571635	0.166577
2380000	-28.71877	0	-28.71877	0.120681	0.14707	0.165551	0.471372	0.208558	0.0350061	0.925566	3.06861	0.221202
2390000	-27.47449	0	-27.47449	0.152068	0.294563	0.231806	0.317419	0.153443	0.153292	1.65969	1.67811	0.496087
2400000	-22.9801	0	-22.9801	0.224209	0.272178	0.143402	0.249784	0.339491	0.111601	2.17689	1.92868	0.554173
2410000	-27.42283	0	-27.42283	0.0766977	0.233709	0.158408	0.66922	0.214587	0.19505	2.86309	1.66508	0.327546
2420000	-24.81758	0	-24.81758	0.0782033	0.125089	0.185482	0.44947	0.0429502	0.104995	5.40119	1.09389	0.198018
2430000	-21.24706	0	-21.24706	0.169545	0.200963	0.0653344	0.305835	0.147733	0.159229	1.76347	0.457965	0.152416
2440000	-21.96809	0	-21.96809	0.126617	0.0995158	0.121499	0.338996	0.123021	0.0831749	4.16128	1.21055	0.477248
2450000	-32.79351	0	-32.79351	0.0906364	0.131673	0.235482	0.468839	0.174509	0.152449	1.483	0.423405	0.618436
2460000	-24.60038	0	-24.60038	0.213375	0.216584	0.0819555	0.44626	0.132171	0.0849701	1.04028	0.71452	0.769439
2470000	-27.56188	0	-27.56188	0.499399	0.214025	0.161015	0.214374	0.128131	0.260493	3.80712	1.00368	0.495011
2480000	-27.44727	0	-27.44727	0.0800358	0.228661	0.188874	0.311984	0.0586207	0.0917712	0.511825	0.898757	0.541791
2490000	-24.05421	0	-24.05421	0.096787	0.273036	0.245941	0.841834	0.104466	0.127356	1.12468	1.12889	0.245276
2500000	-29.29673	0	-29.29673	0.24094	0.139133	0.267075	0.610471	0.232418	0.0824813	0.976038	0.180112	0.143916
2510000	-27.81097	0	-27.81097	0.24704	0.0948164	0.240278	0.497298	0.102202	0.1583	2.35362	2.41134	0.0858419
2520000	-28.63785	0	-28.63785	0.135881	0.20056	0.035813	0.426993	0.0639545	0.109417	5.28708	0.748679	0.535932
2530000	-25.1685	0	-25.1685	0.192063	0.306086	0.155977	0.261125	0.188362	0.108431	3.66595	2.77537	0.830883
2540000	-25.72108	0	-25.72108	0.261531	0.130397	0.236143	0.404312	0.267971	0.127484	1.04244	1.06589	0.1535
2550000	-26.42255	0	-26.42255	0.119985	0.163443	0.176185	0.225045	0.0865948	0.054888	3.30192	1.80634	0.197072
2560000	-26.03144	0	-26.03144	0.252628	0.169395	0.202009	0.575408	0.0958641	0.271797	2.0139	2.50845	0.298243
2570000	-21.32225	0	-21.32225	0.171104	0.180341	0.189857	0.487885	0.09775	0.0709223	1.45872	1.95434	1.02727
2580000	-35.17414	0	-35.17414	0.0819765	0.0703783	0.155806	0.243683	0.184252	0.0974874	2.32041	0.922828	0.012217
2590000	-23.61339	0	-23.61339	0.215809	0.199979	0.203616	0.614431	0.066575	0.113395	2.9208	1.80658	0.26983
2600000	-26.01028	0	-26.01028	0.10781	0.234479	0.268649	0.230054	0.178315	0.201268	1.41737	6.2675	0.895235
2610000	-29.47757	0	-29.47757	0.205848	0.222073	0.0926964	0.306572	0.0642079	0.123902	1.63856	0.912618	0.122674
2620000	-27.91663	0	-27.91663	0.253735	0.106663	0.213866	0.304931	0.187661	0.0907163	3.17481	0.284709	0.0760831
2630000	-24.45767	0	-24.45767	0.117186	0.188912	0.0538555	0.172988	0.0962413	0.114331	4.00921	0.868331	0.153758
2640000	-20.19689	0	-20.19689	0.163847	0.186811	0.107132	0.260809	0.140117	0.131093	1.15873	2.04103	0.839238
2650000	-27.46012	0	-27.46012	0.0678145	0.0734379	0.192243	0.331641	0.146255	0.110052	3.44465	0.30492	0.1651
2660000	-26.39161	0	-26.39161	0.178184	0.187213	0.230247	0.618896	0.148901	0.26598	3.17904	1.17572	0.35853
2670000	-24.34544	0	-24.34544	0.0705676	0.203453	0.150915	0.596157	0.20769	0.37675	1.59127	1.74927	0.566836
2680000	-26.11263	0	-26.11263	0.173985	0.191614	0.256296	0.641237	0.125315	0.0932653	1.55817	0.401247	0.300815
2690000	-25.96251	0	-25.96251	0.131474	0.209166	0.287348	0.46071	0.1327	0.100547	2.5717	0.247753	0.512357
2700000	-22.18563	0	-22.18563	0.157608	0.20015	0.350982	0.356938	0.0790265	0.0862645	1.68651	2.93131	0.116812
2710000	-21.62862	0	-21.62862	0.243569	0.303454	0.168137	0.396612	0.0622722	0.0733512	2.08645	2.2737	0.209536
2720000	-21.39861	0	-21.39861	0.199467	0.102997	0.211904	0.347606	0.0965981	0.324372	0.750884	0.48656	0.656417
2730000	-22.25453	0	-22.25453	0.111238	0.0892295	0.12766	0.45626	0.22203	0.155452	1.71935	0.888032	0.311057
2740000	-22.68177	0	-22.68177	0.144277	0.120416	0.146724	0.422381	0.170329	0.0770882	1.57347	1.75061	0.247503
2750000	-25.63391	0	-25.63391	0.22109	0.193305	0.355105	0.393953	0.137959	0.265008	0.646937	0.706578	0.250778
2760000	-22.14034	0	-22.14034	0.182312	0.250479	0.336818	0.286657	0.0617937	0.113125	1.00613	2.01637	0.377458
2770000	-21.83656	0	-21.83656	0.190705	0.137092	0.156158	0.324651	0.139452	0.158469	2.18344	1.23157	0.340771
2780000	-22.58916	0	-22.58916	0.0899013	0.177899	0.136251	0.399003	0.124192	0.108612	1.86719	0.197026	0.348446
2790000	-30.59203	0	-30.59203	0.143965	0.162503	0.456086	0.409548	0.201916	0.0500825	0.589614	4.42161	0.087225
2800000	-28.73487	0	-28.73487	0.136425	0.527505	0.109239	0.562844	0.166823	0.24966	2.35458	1.48412	0.167577
2810000	-22.84707	0	-22.84707	0.105885	0.235344	0.166767	0.299166	0.0912692	0.119966	2.35989	0.764875	0.308156
2820000	-25.03024	0	-25.03024	0.211025	0.0987636	0.3481	0.4052	0.192015	0.137726	1.49142	0.337414	0.336641
2830000	-20.61745	0	-20.61745	0.14918	0.273221	0.203947	0.375133	0.104206	0.103821	1.65992	0.62164	0.784469
2840000	-29.40174	0	-29.40174	0.0429821	0.228267	0.133729	0.227419	0.340168	0.245376	1.7767	1.33052	0.375333
2850000	-30.21531	0	-30.21531	0.158749	0.0911638	0.236844	0.636685	0.266892	0.134846	2.19317	1.30972	0.213972
2860000	-22.02081	0	-22.02081	0.193642	0.109213	0.140416	0.223751	0.353142	0.134221	2.53919	0.983512	0.869251
2870000	-24.89445	0	-24.89445	0.0964479	0.175492	0.24149	0.192443	0.141283	0.116023	6.3023	1.61205	0.555723
2880000	-25.64825	0	-25.64825	0.142119	0.247337	0.261449	0.626202	0.104018	0.0975417	0.874764	0.302109	0.632398
2890000	-23.65234	0	-23.65234	0.106592	0.228269	0.112886	0.0992957	0.0890248	0.0586194	1.40667	1.38912	0.359252
2900000	-20.39235	0	-20.39235	0.160308	0.0987857	0.341186	0.316411	0.180427	0.146366	1.89451	1.73617	1.05065
2910000	-23.66006	0	-23.66006	0.125247	0.124515	0.467551	0.638066	0.0711779	0.144733	1.93174	2.34115	0.736202
2920000	-30.3938	0	-30.3938	0.414778	0.0681876	0.196574	0.297801	0.0630789	0.266136	1.47879	1.21177	0.0901993
2930000	-29.03155	0	-29.03155	0.156688	0.225882	0.161401	0.25055	0.0612757	0.135342	1.56594	0.894321	0.136473
2940000	-20.98852	0	-20.98852	0.124455	0.378273	0.191954	0.165528	0.0886916	0.145724	1.4601	0.625909	0.53254
2950000	-25.95156	0	-25.95156	0.0923069	0.128545	0.161827	0.469055	0.144872	0.0765614	2.04606	1.28478	0.280185
2960000	-20.37663	0	-20.37663	0.10193	0.321712	0.137114	0.419282	0.0886614	0.114636	0.628801	0.731055	0.188267
2970000	-26.08805	0	-26.08805	0.170633	0.0627917	0.237458	0.31551	0.233515	0.10074	2.06804	3.52528	0.608032
2980000	-27.55637	0	-27.55637	0.139157	0.307097	0.22994	0.342782	0.213242	0.121661	2.33506	1.46195	0.279387
2990000	-24.59678	0	-24.59678	0.25378	0.183006	0.132443	0.209836	0.201939	0.159627	1.57786	0.502216	0.375651
3000000	-24.21324	0	-24.21324	0.181462	0.0956361	0.330901	0.440392	0.174091	0.289137	1.59771	2.02715	0.16128
3010000	-30.22065	0	-30.22065	0.136709	0.186624	0.14488	0.245895	0.120793	0.0632116	0.495558	0.565334	0.0225293
3020000	-19.23219	0	-19.23219	0.203903	0.186904	0.225154	0.207238	0.0973693	0.125428	1.40447	1.40179	0.129975
3030000	-19.35179	0	-19.35179	0.107341	0.16854	0.197669	0.492218	0.170663	0.102352	2.21115	0.638163	0.874434
3040000	-30.06537	0	-30.06537	0.0970988	0.109437	0.173227	0.132034	0.387069	0.0962347	0.906182	0.836176	0.0879798
3050000	-26.59904	0	-26.59904	0.0986209	0.448262	0.0997435	0.248059	0.36856	0.276963	1.94354	3.10233	0.941778
3060000	-22.82757	0	-22.82757	0.112678	0.183843	0.0889074	0.385112	0.145071	0.0741795	2.59282	1.51384	0.588749
3070000	-23.02181	0	-23.02181	0.0879102	0.113412	0.173454	0.216717	0.115456	0.24833	1.00088	0.32566	0.688757
3080000	-22.89266	0	-22.89266	0.161728	0.127709	0.173675	0.316713	0.167191	0.0754474	0.973899	0.2161	0.175707
3090000	-25.75125	0	-25.75125	0.166906	0.0822742	0.207521	0.548498	0.0719547	0.0827387	3.29071	0.959976	0.0908825
3100000	-23.05944	0	-23.05944	0.125877	0.165586	0.228637	0.256768	0.200461	0.112925	1.18183	1.56737	0.133409
3110000	-22.05984	0	-22.05984	0.207559	0.153365	0.298477	0.18908	0.143642	0.0933054	1.9223	0.813181	0.291336
3120000	-21.36248	0	-21.36248	0.124199	0.189827	0.226337	0.315601	0.141011	0.117202	1.96729	0.616302	0.316917
3130000	-32.23969	0	-32.23969	0.154144	0.357443	0.189881	0.408401	0.155117	0.18487	2.18496	0.430204	0.0955722
3140000	-32.60125	0	-32.60125	0.0696036	0.231805	0.0623724	0.936169	0.124364	0.0953926	2.24222	1.52659	2.27991
3150000	-23.60245	0	-23.60245	0.194913	0.137209	0.407423	0.208834	0.213775	0.165735	1.41501	0.194832	0.331541
3160000	-21.64113	0	-21.64113	0.0806502	0.130864	0.115642	0.275274	0.0715131	0.131183	1.4861	1.04428	1.73081
3170000	-24.36759	0	-24.36759	0.139593	0.200215	0.22557	0.249069	0.090785	0.249708	1.02112	2.73514	0.297168
3180000	-28.43314	0	-28.43314	0.170323	0.243168	0.158279	0.483851	0.142128	0.144058	2.63248	0.996061	0.303742
3190000	-32.62088	0	-32.62088	0.408248	0.0632598	0.444895	0.209418	0.373654	0.160219	0.556816	2.97738	0.550291
3200000	-23.64396	0	-23.64396	0.0817455	0.146386	0.0689428	0.270639	0.0986342	0.0591264	2.37392	1.09671	0.665667
3210000	-24.99884	0	-24.99884	0.123104	0.171614	0.117763	0.348896	0.0624728	0.14486	3.73178	1.49935	0.743275
3220000	-29.01111	0	-29.01111	0.171396	0.252081	0.276422	0.577567	0.100476	0.243894	0.436879	0.896442	0.328926
3230000	-28.9757	0	-28.9757	0.100278	0.21967	0.295751	0.716221	0.235507	0.306267	1.94224	1.38221	1.55982
3240000	-25.41951	0	-25.41951	0.239459	0.0815754	0.160717	0.617935	0.108993	0.124607	0.489935	0.79829	0.0841091
3250000	-27.64551	0	-27.64551	0.0852334	0.255633	0.25141	0.300798	0.268568	0.184546	1.56704	1.17915	0.071596
3260000	-25.77993	0	-25.77993	0.0726657	0.13505	0.128186	0.301823	0.0963529	0.0914035	0.755575	1.08393	0.0693487
3270000	-27.3906	0	-27.3906	0.151216	0.0522912	0.131001	0.183957	0.0917087	0.0910547	3.5393	0.530964	0.110381
3280000	-26.31873	0	-26.31873	0.0770191	0.159983	0.253204	0.20535	0.254952	0.286354	1.26332	0.356159	0.538032
3290000	-21.98789	0	-21.98789	0.246595	0.169128	0.174921	0.514816	0.113528	0.14301	2.70915	1.51597	0.417933
3300000	-24.78587	0	-24.78587	0.100291	0.128133	0.122875	0.196344	0.13035	0.108213	1.1467	1.63378	1.00343
3310000	-24.41761	0	-24.41761	0.223256	0.104547	0.283303	0.352526	0.0948851	0.0721312	1.27136	3.44356	2.27874
3320000	-22.01315	0	-22.01315	0.0745189	0.202981	0.17453	0.183439	0.112331	0.0773268	1.57814	0.272499	0.527534
3330000	-25.64143	0	-25.64143	0.0502447	0.192251	0.143013	0.306975	0.29094	0.152895	1.01906	0.658679	0.296151
3340000	-21.76827	0	-21.76827	0.0634604	0.216761	0.151714	0.254248	0.198334	0.148227	1.65939	0.942435	0.533356
3350000	-25.08604	0	-25.08604	0.239985	0.0861372	0.227048	0.5185	0.116286	0.154795	1.30809	0.321371	0.818668
3360000	-24.37841	0	-24.37841	0.172484	0.108584	0.316306	0.130926	0.0908233	0.0944814	3.40138	3.07861	0.0558207
3370000	-28.66411	0	-28.66411	0.141115	0.332246	0.111678	0.356673	0.130015	0.107708	1.13963	0.456286	0.133939
3380000	-26.19632	0	-26.19632	0.14258	0.20847	0.168348	0.286962	0.268106	0.208941	1.16132	1.08741	0.305355
3390000	-23.70444	0	-23.70444	0.29302	0.353503	0.213692	0.400273	0.085758	0.211017	1.85521	1.5808	0.561852
3400000	-26.43141	0	-26.43141	0.100637	0.24113	0.27299	0.357721	0.0615928	0.0825489	1.2677	2.94471	0.240983
3410000	-25.40971	0	-25.40971	0.138233	0.271344	0.169912	0.458394	0.121731	0.184771	2.1634	0.77564	0.775718
3420000	-26.1435	0	-26.1435	0.116002	0.253265	0.257587	0.423412	0.137097	0.0508675	0.763677	0.730792	1.703
3430000	-19.8396	0	-19.8396	0.10618	0.171678	0.220907	0.30607	0.0709959	0.215896	0.668162	0.608471	1.76454
3440000	-28.38695	0	-28.38695	0.370772	0.101787	0.127842	0.178301	0.115119	0.0828988	2.10766	1.71666	0.12982
3450000	-23.21299	0	-23.21299	0.103542	0.0882441	0.116892	0.525698	0.126271	0.0635943	1.09667	0.442609	0.223078
3460000	-22.20312	0	-22.20312	0.0838767	0.0906962	0.272388	0.245204	0.130879	0.0899338	0.862416	2.09623	0.18641
3470000	-31.20988	0	-31.20988	0.206679	0.076446	0.214981	0.236059	0.106668	0.14652	6.76431	0.52271	1.21479
3480000	-27.11418	0	-27.11418	0.163648	0.172182	0.111958	0.381149	0.177528	0.170849	2.04002	0.584573	4.9864
3490000	-22.88349	0	-22.88349	0.181992	0.297411	0.276022	0.591976	0.186655	0.206546	1.07203	1.19575	0.632505
3500000	-21.84873	0	-21.84873	0.117653	0.142112	0.262741	0.295316	0.0824084	0.181558	5.34061	1.40595	0.672041
3510000	-26.24364	0	-26.24364	0.108732	0.198178	0.200333	0.598748	0.129912	0.158914	2.32224	0.525241	0.128302
3520000	-24.97894	0	-24.97894	0.0573095	0.0951504	0.0944395	0.238501	0.168144	0.240373	1.92863	1.80885	0.484174
3530000	-21.8988	0	-21.8988	0.191592	0.132034	0.179212	0.394488	0.179765	0.1188	0.992398	1.37837	0.617861
3540000	-21.16761	0	-21.16761	0.213989	0.185368	0.208734	0.304151	0.210219	0.177385	2.27605	1.5207	1.14271
3550000	-19.47236	0	-19.47236	0.153365	0.154621	0.233125	0.260994	0.137926	0.152829	2.57691	0.82053	0.70179
3560000	-21.64482	0	-21.64482	0.244047	0.257089	0.242809	0.410417	0.166259	0.160638	1.1307	1.44412	0.606635
3570000	-34.89799	0	-34.89799	0.150268	0.260256	0.145135	0.509399	0.0901405	0.0338424	1.37296	0.633904	0.0944383
3580000	-28.19725	0	-28.19725	0.205801	0.0998344	0.102167	0.260754	0.202231	0.303516	4.30694	0.876039	0.318627
3590000	-23.29952	0	-23.29952	0.13837	0.267576	0.0924049	0.46071	0.048467	0.131267	2.15159	1.85267	0.960281
3600000	-22.04243	0	-22.04243	0.159486	0.361355	0.136479	0.302301	0.170874	0.0743477	2.3795	0.81059	0.55523
3610000	-28.56548	0	-28.56548	0.102026	0.121641	0.279486	0.480078	0.186315	0.0909497	0.826343	0.448167	0.0131444
3620000	-25.03204	0	-25.03204	0.204447	0.131734	0.117105	0.233968	0.0340693	0.095225	4.88613	0.874724	0.574201
3630000	-23.31876	0	-23.31876	0.10194	0.551461	0.161149	0.277922	0.0580748	0.0716575	1.09433	1.5068	0.358963
3640000	-24.65361	0	-24.65361	0.12773	0.145001	0.364918	0.489523	0.0330972	0.106638	1.23131	0.582663	0.717196
3650000	-24.8792	0	-24.8792	0.0954638	0.0542568	0.423588	0.224724	0.274017	0.220866	3.92389	0.724229	0.726067
3660000	-32.84895	0	-32.84895	0.148902	0.132416	0.184123	0.418082	0.0540581	0.232487	0.455167	0.553064	0.0541988
3670000	-18.97838	0	-18.97838	0.138937	0.145464	0.166973	0.180819	0.0841795	0.0821428	1.66924	0.738013	0.70322
3680000	-30.27458	0	-30.27458	0.0562374	0.138586	0.281731	0.246448	0.428818	0.133144	1.86298	1.23202	0.946906
3690000	-24.90248	0	-24.90248	0.193966	0.150235	0.169308	0.232856	0.0898638	0.111938	4.64213	1.6783	0.469131
3700000	-22.07662	0	-22.07662	0.0804209	0.0941643	0.369168	0.214951	0.110397	0.190901	1.34912	0.635568	0.346661
3710000	-25.76986	0	-25.76986	0.135612	0.203075	0.165509	0.163782	0.131947	0.381942	0.476386	0.526492	0.440269
3720000	-21.7839	0	-21.7839	0.133523	0.0981811	0.194168	0.307213	0.196455	0.281277	0.572809	0.541336	0.27351
3730000	-21.55115	0	-21.55115	0.16702	0.149789	0.160814	0.100325	0.180125	0.119874	0.809051	1.38469	0.224435
3740000	-25.21229	0	-25.21229	0.171669	0.134407	0.164582	0.386753	0.124956	0.12606	3.44613	0.38962	0.316205
3750000	-20.51237	0	-20.51237	0.138566	0.136765	0.216958	0.235819	0.0946245	0.142175	0.665138	1.07198	0.769135
3760000	-29.13974	0	-29.13974	0.143638	0.183199	0.197206	0.347394	0.137604	0.0407318	2.73524	0.364151	0.0725014
3770000	-26.71725	0	-26.71725	0.0590698	0.0461612	0.210313	0.215705	0.172206	0.0954531	3.45459	4.00985	0.275362
3780000	-25.22964	0	-25.22964	0.226058	0.0824894	0.222814	0.229553	0.140825	0.159586	1.1097	5.78148	0.366735
3790000	-20.71337	0	-20.71337	0.149257	0.104708	0.212544	0.197557	0.112222	0.137753	1.77722	1.38723	0.262005
3800000	-22.38719	0	-22.38719	0.0852379	0.27062	0.185673	0.268084	0.125491	0.214336	2.45378	1.60818	0.230498
3810000	-34.04083	0	-34.04083	0.156226	0.314752	0.163263	0.719314	0.123548	0.168153	2.15422	0.70183	0.653923
3820000	-21.6011	0	-21.6011	0.0665719	0.203304	0.286404	0.25811	0.120408	0.106197	2.60377	0.698723	0.570952
3830000	-28.74839	0	-28.74839	0.0799737	0.0726388	0.112857	0.418194	0.105954	0.149676	2.88841	0.242155	0.229898
3840000	-27.92748	0	-27.92748	0.0949838	0.291843	0.207562	0.249239	0.180491	0.108128	1.05243	1.62958	0.0857324
3850000	-19.56497	0	-19.56497	0.14385	0.149544	0.231642	0.197712	0.14098	0.125526	1.64908	1.02786	0.318459
3860000	-27.10741	0	-27.10741	0.162336	0.147038	0.12196	0.44289	0.0775896	0.0916122	1.28405	1.34344	0.244726
3870000	-27.72955	0	-27.72955	0.0764479	0.0873821	0.171346	0.634794	0.151904	0.148825	4.97459	0.194741	0.577515
3880000	-28.90464	0	-28.90464	0.170153	0.101231	0.336348	0.277794	0.200174	0.0575677	0.710227	1.25472	0.069704
3890000	-23.94137	0	-23.94137	0.127303	0.142072	0.1367	0.354077	0.0899934	0.081322	2.23102	0.540811	0.182928
3900000	-24.92668	0	-24.92668	0.0916026	0.167481	0.182457	0.222156	0.178156	0.269674	1.6214	1.73284	0.465335
3910000	-20.73921	0	-20.73921	0.123704	0.255957	0.171941	0.309515	0.0667773	0.0807851	2.86436	1.08065	0.674
3920000	-22.94588	0	-22.94588	0.0665335	0.215208	0.0962474	0.328815	0.0595342	0.0980023	1.90627	2.80832	0.942728
3930000	-24.30772	0	-24.30772	0.0771061	0.120551	0.282339	0.423145	0.0741439	0.179087	1.98256	0.735445	0.376179
3940000	-21.53605	0	-21.53605	0.0644486	0.0983192	0.18359	0.38593	0.124937	0.103512	0.834889	0.248076	0.273859
3950000	-22.1896	0	-22.1896	0.134561	0.0824383	0.168062	0.477179	0.119162	0.15402	0.804113	1.38431	0.331189
3960000	-24.02231	0	-24.02231	0.204749	0.100782	0.316931	0.327603	0.120103	0.216534	0.826867	2.74365	0.159215
3970000	-28.02019	0	-28.02019	0.116577	0.119926	0.327075	0.228391	0.0979258	0.11145	2.19917	1.24962	0.779189
3980000	-25.55201	0	-25.55201	0.0876483	0.485702	0.193594	0.561785	0.086081	0.165992	1.80029	3.2467	0.440349
3990000	-27.91424	0	-27.91424	0.263594	0.294059	0.330877	0.365518	0.107142	0.131273	4.39982	0.916366	0.115013
4000000	-26.85649	0	-26.85649	0.10267	0.0487	0.25476	0.707972	0.256359	0.0884932	0.987674	1.0374	0.121818
4010000	-29.05155	0	-29.05155	0.136648	0.224266	0.245443	0.793257	0.269673	0.440923	1.75861	0.437838	0.82379
4020000	-26.07421	0	-26.07421	0.162826	0.280464	0.136227	0.39601	0.210001	0.244382	0.972435	0.22041	0.273768
4030000	-26.23373	0	-26.23373	0.15029	0.320421	0.14168	0.650347	0.191944	0.165221	0.40228	0.69107	0.330181
4040000	-27.25135	0	-27.25135	0.0488557	0.220308	0.221241	0.467058	0.0626408	0.0850065	1.55103	0.331271	0.173672
4050000	-25.67653	0	-25.67653	0.0945091	0.133656	0.330503	0.306824	0.0843553	0.132075	3.66191	3.89263	0.270409
4060000	-27.54529	0	-27.54529	0.0633954	0.1485	0.130649	0.552345	0.117739	0.0584851	2.50602	0.620284	0.47275
4070000	-26.56751	0	-26.56751	0.0802873	0.3279	0.170608	0.186576	0.212339	0.14034	1.59767	0.181013	0.0321511
4080000	-25.61933	0	-25.61933	0.160475	0.198553	0.184269	0.318342	0.0962641	0.278529	1.66386	3.59846	0.324985
4090000	-22.33155	0	-22.33155	0.111543	0.173736	0.119805	0.416394	0.182407	0.15059	1.26343	0.710247	0.729035
4100000	-20.90142	0	-20.90142	0.137856	0.16684	0.140896	0.329716	0.137358	0.194275	2.07713	1.42118	0.597215
4110000	-25.5883	0	-25.5883	0.0809073	0.218976	0.104236	0.366719	0.114425	0.109915	1.9837	6.1403	0.371149
4120000	-22.47671	0	-22.47671	0.145866	0.127913	0.148274	0.151624	0.116613	0.0676494	2.08071	1.37887	0.189904
4130000	-27.07912	0	-27.07912	0.124663	0.161829	0.0573283	0.268401	0.152744	0.0714272	2.8793	1.94749	0.506433
4140000	-24.38474	0	-24.38474	0.110665	0.0976411	0.148875	0.253768	0.136603	0.116182	3.47066	0.815489	0.0893691
4150000	-22.1586	0	-22.1586	0.104543	0.120618	0.27105	0.438181	0.0525174	0.102432	2.36414	0.551961	0.400326
4160000	-20.37666	0	-20.37666	0.135107	0.14712	0.282822	0.347031	0.0498326	0.157622	2.30251	1.36349	0.664338
4170000	-20.60937	0	-20.60937	0.145224	0.163272	0.250505	0.294795	0.102451	0.314155	2.53524	0.841917	0.90579
4180000	-26.13477	0	-26.13477	0.300123	0.0501672	0.296212	0.351552	0.132663	0.210383	1.58246	1.58512	0.514838
4190000	-22.10035	0	-22.10035	0.0772487	0.182583	0.119463	0.258633	0.116892	0.082907	1.19983	1.18657	0.324658
4200000	-21.93024	0	-21.93024	0.0952716	0.146338	0.157477	0.272638	0.13619	0.143119	1.09171	1.15632	0.333211
4210000	-23.77064	0	-23.77064	0.070246	0.218101	0.099818	0.617706	0.116699	0.178516	5.46394	1.18582	0.828257
4220000	-26.9946	0	-26.9946	0.0609102	0.273036	0.143374	0.253208	0.145951	0.12678	3.42792	2.69924	0.741401
4230000	-29.48524	0	-29.48524	0.201693	0.284895	0.130331	0.512546	0.130606	0.119536	1.84469	0.922126	0.0664786
4240000	-22.92896	0	-22.92896	0.13474	0.229174	0.176147	0.119028	0.145728	0.0657722	1.69285	1.11115	0.148432
4250000	-23.39977	0	-23.39977	0.0532021	0.172718	0.19191	0.409933	0.216056	0.237272	1.70336	1.28439	0.539959
4260000	-31.40478	0	-31.40478	0.111135	0.497036	0.111526	0.219866	0.130183	0.0623756	5.12862	1.05768	0.311764
4270000	-25.02047	0	-25.02047	0.21783	0.22407	0.131574	0.130158	0.176644	0.11539	2.61337	1.16327	0.431866
4280000	-29.98956	0	-29.98956	0.0580399	0.387273	0.247278	0.0863329	0.144782	0.0598514	1.94309	0.402326	0.276979
4290000	-22.54102	0	-22.54102	0.0915891	0.0769484	0.338644	0.418971	0.0819476	0.146661	1.29818	2.46894	0.733615
4300000	-22.65917	0	-22.65917	0.116428	0.0836838	0.1653	0.519417	0.0949539	0.229695	2.90058	0.556088	0.425628
4310000	-20.31605	0	-20.31605	0.213183	0.177861	0.208989	0.232452	0.113853	0.0924275	2.1109	1.03612	1.20855
4320000	-27.29758	0	-27.29758	0.147487	0.0869855	0.188049	0.510165	0.233385	0.090911	2.77026	2.08689	0.484732
4330000	-20.66582	0	-20.66582	0.181337	0.203718	0.188273	0.264757	0.069853	0.232302	2.68769	0.840315	0.364291
4340000	-26.87436	0	-26.87436	0.103535	0.0759665	0.117255	0.198742	0.125158	0.0997011	2.58291	0.68414	0.048501
4350000	-19.08341	0	-19.08341	0.158805	0.22193	0.121434	0.260868	0.143361	0.0610649	2.0256	0.826791	0.260855
4360000	-32.42134	0	-32.42134	0.102819	0.0956672	0.48196	0.340854	0.454112	0.350575	2.61814	0.568425	0.93344
4370000	-22.28931	0	-22.28931	0.0833978	0.0935307	0.186909	0.236479	0.234834	0.081011	1.67671	3.57312	0.456736
4380000	-23.79723	0	-23.79723	0.195959	0.223664	0.0892025	0.27724	0.0340978	0.0965315	1.91313	1.46949	0.974052
4390000	-19.51622	0	-19.51622	0.111797	0.218615	0.199721	0.221909	0.09952	0.127967	1.28866	1.39925	1.04583
4400000	-21.38136	0	-21.38136	0.0841574	0.203272	0.149558	0.748857	0.168737	0.163183	1.72485	0.966892	0.365344
4410000	-26.5899	0	-26.5899	0.0920345	0.0464551	0.163454	0.379425	0.190547	0.184198	3.02529	1.02112	0.144086
4420000	-29.48976	0	-29.48976	0.0934905	0.245328	0.269878	0.299283	0.099621	0.0727797	3.46703	0.733604	0.179764
4430000	-28.1933	0	-28.1933	0.184883	0.134547	0.0787357	0.6208	0.0645376	0.0720674	2.12803	1.52204	0.558392
4440000	-26.94642	0	-26.94642	0.182983	0.22625	0.133468	0.333912	0.102103	0.199826	2.6805	1.34678	0.113295
4450000	-29.56645	0	-29.56645	0.126673	0.121252	0.146359	0.55327	0.12679	0.09367	0.571239	1.87748	0.178883
4460000	-26.2167	0	-26.2167	0.179992	0.264517	0.164338	0.31073	0.209423	0.0737366	2.70853	0.932221	0.439429
4470000	-33.52908	0	-33.52908	0.292199	0.122581	0.275607	0.761036	0.115136	0.204474	2.95873	0.835833	0.0573282
4480000	-22.82263	0	-22.82263	0.19548	0.11104	0.203022	0.168094	0.0877302	0.101247	0.274497	0.461883	0.569766
4490000	-31.77218	0	-31.77218	0.109209	0.217106	0.147594	0.263966	0.0834486	0.117507	4.19604	0.564954	0.11439
4500000	-23.07511	0	-23.07511	0.196841	0.241196	0.125005	0.209422	0.117786	0.113987	1.52123	0.61623	0.381811
4510000	-26.34284	0	-26.34284	0.206312	0.0811369	0.317103	0.417233	0.121883	0.107782	4.7702	0.768548	0.420275
4520000	-22.1497	0	-22.1497	0.132269	0.0771289	0.302052	0.23568	0.157346	0.0748233	0.97348	1.25256	1.02046
4530000	-27.63272	0	-27.63272	0.167938	0.183803	0.082967	0.60611	0.185816	0.137057	3.05766	0.638982	0.202896
4540000	-21.62577	0	-21.62577	0.0977416	0.25137	0.208879	0.205328	0.135412	0.197165	2.50276	1.62102	0.393349
4550000	-24.37364	0	-24.37364	0.142205	0.0789652	0.134161	0.385556	0.0834302	0.127921	1.09373	4.47961	0.051294
4560000	-30.04266	0	-30.04266	0.288034	0.164974	0.165237	0.389108	0.172744	0.244333	1.75029	2.35507	0.375742
4570000	-21.7536	0	-21.7536	0.0803387	0.247285	0.10164	0.32857	0.0759951	0.107555	0.882765	1.56654	1.7279
4580000	-26.69543	0	-26.69543	0.118246	0.115013	0.272921	0.415897	0.285937	0.16394	1.93384	1.36955	0.617661
4590000	-21.52932	0	-21.52932	0.0855357	0.206084	0.249254	0.193722	0.132967	0.150575	0.740078	0.897925	0.623903
4600000	-26.50784	0	-26.50784	0.11336	0.143405	0.0822782	0.299883	0.100151	0.121119	1.21442	1.1632	1.89279
4610000	-21.45698	0	-21.45698	0.186705	0.19339	0.224556	0.343814	0.219435	0.130547	1.07456	1.53628	0.922668
4620000	-22.84827	0	-22.84827	0.217796	0.172285	0.292529	0.497166	0.211516	0.344878	1.95065	0.992099	1.78583
4630000	-25.22829	0	-25.22829	0.123097	0.301211	0.22177	0.144281	0.157568	0.313834	2.06211	1.33176	0.318894
4640000	-25.78801	0	-25.78801	0.10584	0.148651	0.0885406	0.16117	0.164721	0.151364	2.52014	0.935164	0.116273
4650000	-26.22539	0	-26.22539	0.134187	0.150444	0.302339	0.105765	0.0959105	0.161635	4.18489	0.529705	0.414034
4660000	-28.03306	0	-28.03306	0.152136	0.188202	0.328174	0.360677	0.223052	0.0667552	2.89116	1.57383	0.617676
4670000	-21.60109	0	-21.60109	0.115336	0.124004	0.154508	0.196112	0.158923	0.174054	1.51976	3.11028	2.53692
4680000	-28.1349	0	-28.1349	0.0954525	0.0995276	0.281048	0.283463	0.0633386	0.113015	1.71096	1.13927	1.34295
4690000	-32.97563	0	-32.97563	0.0512738	0.256813	0.248155	0.420813	0.0841387	0.0538558	0.292069	1.85148	1.58455
4700000	-25.10917	0	-25.10917	0.0885322	0.223034	0.385356	0.214874	0.39165	0.271188	0.616337	0.973151	0.960069
4710000	-27.14491	0	-27.14491	0.322309	0.120624	0.137669	0.751917	0.0943129	0.111623	2.76137	2.05667	0.0606934
4720000	-20.45629	0	-20.45629	0.224943	0.216053	0.193856	0.183383	0.164487	0.08877	2.04696	0.910819	1.38006
4730000	-21.0325	0	-21.0325	0.106658	0.251584	0.271776	0.326195	0.0742852	0.154848	2.74703	0.582644	0.513982
4740000	-23.56715	0	-23.56715	0.204689	0.0660886	0.19146	0.201823	0.136511	0.165249	1.17106	1.63395	1.00216
4750000	-26.35244	0	-26.35244	0.102731	0.189523	0.163784	0.246238	0.277564	0.108299	2.64818	1.19804	1.32767
4760000	-21.72779	0	-21.72779	0.232437	0.142842	0.220052	0.35598	0.259516	0.0574916	0.979775	1.20656	0.944264
4770000	-22.11996	0	-22.11996	0.117421	0.165031	0.138843	0.206069	0.110863	0.119415	1.39348	0.526871	0.776661
4780000	-23.33219	0	-23.33219	0.270486	0.160966	0.144502	0.260447	0.123178	0.0804425	1.92418	5.2589	0.345756
4790000	-23.20215	0	-23.20215	0.103103	0.178932	0.227351	0.229414	0.0702863	0.131292	2.9756	2.4431	0.971431
4800000	-32.15411	0	-32.15411	0.127166	0.105173	0.174255	0.365798	0.105832	0.143777	4.32518	1.62095	0.0184062
4810000	-25.25507	0	-25.25507	0.183294	0.192841	0.142877	0.399534	0.145497	0.052037	1.32353	0.854885	0.0903318
4820000	-24.64112	0	-24.64112	0.105838	0.0979677	0.251013	0.422177	0.169431	0.115682	3.73901	0.904353	0.230253
4830000	-26.02708	0	-26.02708	0.0775133	0.0812473	0.147017	0.395325	0.114214	0.155632	3.23643	1.70176	0.14605
4840000	-24.349	0	-24.349	0.235481	0.408778	0.208521	0.277074	0.143626	0.316849	1.01075	1.42175	0.353932
4850000	-22.48068	0	-22.48068	0.120545	0.292566	0.28163	0.427947	0.122725	0.173622	2.6392	0.970387	1.55238
4860000	-22.56503	0	-22.56503	0.233121	0.137312	0.177148	0.305323	0.0741398	0.152823	2.88862	2.2982	0.234223
4870000	-22.60902	0	-22.60902	0.107833	0.103371	0.158212	0.208764	0.125812	0.223354	1.4481	2.56958	1.60254
4880000	-26.52998	0	-26.52998	0.154246	0.087367	0.10261	0.348039	0.127815	0.117143	2.1258	2.18111	0.398671
4890000	-20.32407	0	-20.32407	0.0812806	0.128968	0.137624	0.249931	0.235402	0.120458	1.06647	0.814304	0.655222
4900000	-29.34143	0	-29.34143	0.126195	0.189703	0.103752	0.674134	0.0761907	0.113388	2.93195	0.24378	0.197278
4910000	-25.78286	0	-25.78286	0.081981	0.143945	0.226989	0.370536	0.221295	0.0971802	1.38294	0.3305	1.8257
4920000	-19.25785	0	-19.25785	0.131571	0.101066	0.144002	0.417971	0.0979791	0.087653	0.928573	1.69067	0.639124
4930000	-28.24354	0	-28.24354	0.186888	0.210352	0.169828	0.111053	0.121464	0.0522059	1.71336	1.73721	0.065677
4940000	-26.48311	0	-26.48311	0.0892956	0.318777	0.173481	0.296378	0.147005	0.144248	0.949527	0.63303	0.618416
4950000	-24.11247	0	-24.11247	0.142309	0.112309	0.214583	0.361696	0.0710288	0.251331	1.07964	4.28707	4.38629
4960000	-23.02054	0	-23.02054	0.309387	0.15494	0.261223	0.405041	0.186163	0.131853	2.26958	0.906236	0.153377
4970000	-24.66354	0	-24.66354	0.117217	0.173031	0.276085	0.292062	0.223231	0.119152	5.06481	0.373317	0.512976
4980000	-22.44253	0	-22.44253	0.0415491	0.11069	0.118911	0.128022	0.134602	0.155005	0.950399	0.991844	0.279553
4990000	-28.27136	0	-28.27136	0.127062	0.0900477	0.213233	0.438172	0.111037	0.0514818	2.99063	0.774244	1.34627
5000000	-23.36072	0	-23.36072	0.105756	0.200019	0.347624	0.203804	0.113694	0.0844	2.18079	0.246186	0.284514
