Iteration	Posterior	Likelihood	Prior	lambda[1]	lambda[2]	lambda[3]	mu[1]	mu[2]	mu[3]	psi[1]	psi[2]	psi[3]
0	-25.30503	0	-25.30503	0.117417	0.0755523	0.122659	0.0853044	0.130213	0.198036	0.298813	0.466315	1.25001
10000	-25.38455	0	-25.38455	0.13718	0.0526422	0.139518	0.407528	0.194236	0.2699	1.84789	4.10209	1.51525
20000	-20.52029	0	-20.52029	0.119825	0.164372	0.197803	0.338624	0.0627146	0.301249	3.674	0.401735	0.164902
30000	-21.42387	0	-21.42387	0.154546	0.182423	0.1444	0.714202	0.0904026	0.164552	4.09183	0.77987	0.0716429
40000	-18.27158	0	-18.27158	0.146841	0.353126	0.147547	0.463797	0.0809722	0.0860049	1.63444	0.649624	1.27768
50000	-18.40256	0	-18.40256	0.110816	0.459555	0.166509	0.248317	0.117361	0.170018	2.6852	1.25642	0.600637
60000	-19.76592	0	-19.76592	0.361792	0.128752	0.211483	0.64835	0.107255	0.146011	1.26637	2.32204	0.148704
70000	-22.07042	0	-22.07042	0.15376	0.558664	0.1987	0.258589	0.116795	0.251146	1.06619	0.527125	0.616737
80000	-18.92776	0	-18.92776	0.169323	0.191238	0.110522	0.433789	0.129183	0.139552	4.03489	0.830729	1.48929
90000	-23.24692	0	-23.24692	0.171539	0.11357	0.0912745	0.405584	0.128742	0.148062	0.962461	0.359023	0.0672576
100000	-20.00913	0	-20.00913	0.215961	0.385874	0.105937	0.484477	0.117775	0.139919	2.699	0.379576	0.072483
110000	-17.91053	0	-17.91053	0.247455	0.134418	0.226986	0.251885	0.0735074	0.121419	3.62278	0.811326	0.100425
120000	-17.92452	0	-17.92452	0.126635	0.107827	0.221629	0.347404	0.0739003	0.239547	1.83319	0.614188	0.157913
130000	-29.05549	0	-29.05549	0.076081	0.25729	0.38164	0.407769	0.2608	0.195671	0.580423	0.229542	0.103765
140000	-17.64795	0	-17.64795	0.220925	0.081429	0.139677	0.246082	0.0632272	0.128023	2.58272	0.813648	0.5308
150000	-17.89544	0	-17.89544	0.143991	0.202636	0.140834	0.153976	0.0614159	0.164587	1.72712	0.501039	1.53664
160000	-26.63051	0	-26.63051	0.106291	0.0889988	0.25702	0.567532	0.0422131	0.0832436	0.825513	0.353386	0.00234794
170000	-19.13191	0	-19.13191	0.0971076	0.0916879	0.126258	0.277433	0.172541	0.0742585	3.99137	0.234509	0.0965314
180000	-19.26598	0	-19.26598	0.135993	0.0803509	0.109646	0.362868	0.0452911	0.121381	2.52794	0.986411	0.0457382
190000	-20.13443	0	-20.13443	0.107095	0.138357	0.119145	0.234399	0.117379	0.260462	4.59349	0.646968	0.00699873
200000	-20.46762	0	-20.46762	0.122782	0.455527	0.216996	0.656579	0.187466	0.100917	2.19023	0.502124	0.880085
210000	-22.52524	0	-22.52524	0.0848674	0.434087	0.0863367	0.334584	0.0656241	0.134162	4.44666	1.50385	2.98524
220000	-19.78578	0	-19.78578	0.123468	0.0553288	0.178896	0.171871	0.104745	0.0906747	3.1453	0.246788	0.169482
230000	-18.1638	0	-18.1638	0.128568	0.261647	0.105141	0.342289	0.140641	0.153673	3.6997	1.19042	0.0319623
240000	-21.08444	0	-21.08444	0.0922061	0.115092	0.146852	0.45347	0.104027	0.138592	2.16129	0.825991	0.358303
250000	-18.08572	0	-18.08572	0.0607703	0.339485	0.0977627	0.208541	0.127089	0.152812	2.54489	0.649709	0.411321
260000	-23.06976	0	-23.06976	0.141748	0.337136	0.279945	0.372462	0.1185	0.30148	2.45886	2.50602	0.850605
270000	-21.45461	0	-21.45461	0.151097	0.214852	0.119899	0.472803	0.102604	0.0426495	2.71781	2.02353	1.44906
280000	-22.47281	0	-22.47281	0.11053	0.0783074	0.141112	0.228811	0.138114	0.188029	1.25873	1.97846	0.0905736
290000	-20.11625	0	-20.11625	0.186273	0.136812	0.122242	0.270145	0.0662552	0.0793659	0.811314	0.158595	0.0153315
300000	-20.87778	0	-20.87778	0.113566	0.486338	0.264098	0.359764	0.158814	0.137712	3.23005	0.755038	0.565436
310000	-20.26382	0	-20.26382	0.0880383	0.0610324	0.149083	0.288031	0.108513	0.0587248	1.15888	0.261933	0.0116737
320000	-22.48069	0	-22.48069	0.130613	0.0717614	0.20279	0.632527	0.0718875	0.179869	3.8319	1.0172	0.547585
330000	-23.83514	0	-23.83514	0.0734833	0.435628	0.206542	0.26811	0.377711	0.081692	0.670394	0.70496	0.088622
340000	-23.97566	0	-23.97566	0.105527	0.0678654	0.221341	0.319637	0.0735882	0.177958	1.93517	0.907292	0.0139115
350000	-23.16525	0	-23.16525	0.0873748	0.0926032	0.0868192	0.282819	0.112676	0.191458	1.72122	0.353952	0.212548
360000	-23.07451	0	-23.07451	0.282873	0.38239	0.100235	0.599024	0.0963635	0.0611762	2.46595	1.10597	0.195154
370000	-19.68135	0	-19.68135	0.1603	0.336559	0.160026	0.238671	0.0837669	0.0415095	4.5032	1.97407	0.0608069
380000	-24.7506	0	-24.7506	0.306089	0.260806	0.157015	0.543414	0.187329	0.115804	1.00759	0.953671	0.00393647
390000	-16.38225	0	-16.38225	0.108688	0.225225	0.119987	0.325012	0.098294	0.227299	2.51129	0.865168	0.158376
400000	-19.41945	0	-19.41945	0.0702922	0.126663	0.1082	0.471647	0.0701573	0.138289	1.92773	0.596542	0.147541
410000	-22.5096	0	-22.5096	0.0476213	0.255149	0.135514	0.396531	0.0560339	0.0913586	1.01216	0.814496	1.14325
420000	-17.97586	0	-17.97586	0.146492	0.105164	0.0613004	0.181262	0.0853376	0.204865	1.88613	1.93531	1.17401
430000	-19.84416	0	-19.84416	0.256519	0.312572	0.208713	0.500451	0.179795	0.226032	1.38747	0.58159	0.744924
440000	-14.92451	0	-14.92451	0.172837	0.171408	0.109469	0.41495	0.197498	0.105486	1.24184	1.2789	0.0794203
450000	-18.45479	0	-18.45479	0.111133	0.274395	0.145231	0.29586	0.111582	0.0558242	1.84237	3.52502	0.825346
460000	-24.60325	0	-24.60325	0.488683	0.314075	0.189773	0.348661	0.231844	0.147855	2.26425	0.579394	0.699231
470000	-21.8451	0	-21.8451	0.252911	0.0947249	0.162473	0.163097	0.15825	0.145332	1.794	0.75751	0.00919008
480000	-19.35499	0	-19.35499	0.102805	0.284753	0.113919	0.228129	0.135005	0.137069	3.36665	4.43873	0.0684808
490000	-22.53782	0	-22.53782	0.156677	0.133094	0.257729	0.564999	0.132469	0.205002	3.21329	1.08215	0.166316
500000	-17.54003	0	-17.54003	0.159937	0.095827	0.195552	0.528538	0.0967575	0.141762	2.30549	1.30039	0.0740161
510000	-21.92291	0	-21.92291	0.151444	0.0939188	0.111709	0.337158	0.385169	0.0679575	2.30066	1.15789	1.34199
520000	-24.07067	0	-24.07067	0.122003	0.098159	0.100429	0.313148	0.0931913	0.111085	3.11196	0.519683	0.000632618
530000	-16.02363	0	-16.02363	0.0950087	0.268205	0.123833	0.293563	0.114225	0.182854	1.28004	0.899167	0.379815
540000	-26.69324	0	-26.69324	0.0862161	0.202393	0.0782938	0.262304	0.100212	0.0581376	0.996017	0.949979	0.10257
550000	-18.71309	0	-18.71309	0.104919	0.131391	0.225481	0.444703	0.112505	0.160611	1.48435	1.90042	0.23062
560000	-22.44284	0	-22.44284	0.0779913	0.174091	0.250763	0.361042	0.0635304	0.103416	2.43855	0.191481	0.282455
570000	-16.44013	0	-16.44013	0.107418	0.210494	0.0964442	0.279118	0.0572426	0.12167	3.64716	0.775289	0.0931786
580000	-24.95685	0	-24.95685	0.444285	0.172703	0.502089	0.419035	0.229483	0.131772	3.02116	0.912515	0.00377255
590000	-19.73131	0	-19.73131	0.0624259	0.0902748	0.23537	0.419868	0.0952037	0.139717	2.15753	0.128264	0.164922
600000	-18.2661	0	-18.2661	0.055011	0.179268	0.209785	0.485701	0.107583	0.107389	2.76468	1.04384	0.0066078
610000	-23.29924	0	-23.29924	0.13127	0.201452	0.264433	0.692565	0.0508836	0.216971	2.07421	1.57355	0.108524
620000	-19.63727	0	-19.63727	0.0865444	0.128437	0.161183	0.11854	0.0898903	0.314344	2.43534	1.70569	0.800026
630000	-17.6728	0	-17.6728	0.0890671	0.188451	0.202648	0.235038	0.144949	0.148001	1.40331	0.3314	0.0220919
640000	-22.09581	0	-22.09581	0.0776908	0.166595	0.204487	0.307432	0.111485	0.338108	3.01984	0.925855	0.082122
650000	-18.60304	0	-18.60304	0.263498	0.272091	0.0636468	0.483317	0.0812241	0.153826	1.59521	2.01966	0.527443
660000	-17.45139	0	-17.45139	0.237438	0.158944	0.085718	0.163352	0.0876346	0.0977558	1.23277	3.43388	0.126101
670000	-21.5765	0	-21.5765	0.219369	0.239557	0.216672	0.323521	0.153508	0.187991	1.53505	0.376443	0.204302
680000	-20.36686	0	-20.36686	0.0651889	0.168535	0.184853	0.285051	0.151061	0.0917051	2.24458	0.176029	0.358641
690000	-26.29416	0	-26.29416	0.0770969	0.0499653	0.138507	0.281165	0.219279	0.0752771	1.73072	0.151445	0.0150365
700000	-16.30024	0	-16.30024	0.329146	0.210668	0.102408	0.251714	0.210208	0.119044	2.17817	1.00809	0.128938
710000	-20.5215	0	-20.5215	0.131278	0.119224	0.105094	0.638638	0.123832	0.10072	2.69389	0.223943	0.0418379
720000	-19.13074	0	-19.13074	0.1818	0.153844	0.0842129	0.246547	0.0616007	0.132024	1.70762	3.31143	0.0632796
730000	-20.98301	0	-20.98301	0.170184	0.167234	0.288609	0.239977	0.0762876	0.0878225	4.04228	1.51732	1.02473
740000	-19.33583	0	-19.33583	0.253067	0.0960503	0.396759	0.394475	0.06357	0.147297	1.27669	0.802239	0.142848
750000	-16.22035	0	-16.22035	0.148952	0.175969	0.138848	0.154287	0.151633	0.14223	2.16723	0.823046	1.24249
760000	-16.21973	0	-16.21973	0.236835	0.283928	0.146398	0.252108	0.0827549	0.1141	3.11529	0.604251	0.914658
770000	-17.84019	0	-17.84019	0.119632	0.208804	0.129801	0.398465	0.134011	0.305453	1.26211	0.492316	0.334007
780000	-24.70695	0	-24.70695	0.250643	0.261078	0.148155	0.193731	0.126391	0.0805146	3.07182	5.3437	1.64578
790000	-18.69395	0	-18.69395	0.0506588	0.158929	0.070515	0.266744	0.0503346	0.192311	1.41865	1.72294	0.318167
800000	-22.1073	0	-22.1073	0.113261	0.272237	0.243871	0.319404	0.10277	0.0808626	4.26942	0.189109	0.0928731
810000	-21.45055	0	-21.45055	0.0765391	0.201438	0.0803375	0.27905	0.260113	0.141618	1.76203	0.791238	0.0180142
820000	-22.02955	0	-22.02955	0.0922266	0.257657	0.206418	0.276697	0.224666	0.102829	3.60792	0.148426	0.739022
830000	-18.05166	0	-18.05166	0.224054	0.180348	0.0880399	0.202339	0.166743	0.216291	1.64316	0.503978	0.00685056
840000	-23.72131	0	-23.72131	0.0605757	0.153013	0.222594	0.338851	0.0974905	0.183978	3.45107	0.794251	0.0788383
850000	-23.60459	0	-23.60459	0.381793	0.163397	0.136854	0.208586	0.062823	0.202412	1.34103	0.791022	0.108737
860000	-17.6386	0	-17.6386	0.115464	0.198373	0.0836159	0.320239	0.102721	0.0986049	2.5136	0.554407	0.366299
870000	-20.01766	0	-20.01766	0.0903461	0.0669929	0.100383	0.343532	0.068727	0.0702667	1.0445	0.532908	0.0110374
880000	-15.51321	0	-15.51321	0.199011	0.169391	0.226147	0.306043	0.0786727	0.105221	2.87316	0.909648	0.0146253
890000	-20.04232	0	-20.04232	0.0615833	0.272345	0.308327	0.322661	0.131137	0.137687	1.67322	0.57247	0.154888
900000	-19.89008	0	-19.89008	0.153997	0.16284	0.139318	0.507287	0.098793	0.11675	3.94315	0.504552	0.0159253
910000	-24.08651	0	-24.08651	0.129846	0.0888785	0.251918	0.241085	0.0621353	0.213852	1.15928	1.49186	0.045114
920000	-18.79136	0	-18.79136	0.28998	0.0954961	0.252171	0.281854	0.0551849	0.185673	2.94004	0.577576	0.150942
930000	-14.89781	0	-14.89781	0.103646	0.198228	0.136557	0.263275	0.108363	0.119696	0.800445	1.51922	0.0123429
940000	-15.97134	0	-15.97134	0.130041	0.236985	0.0966221	0.193349	0.15137	0.0656262	1.41792	0.577065	0.735679
950000	-17.27609	0	-17.27609	0.121863	0.132473	0.149922	0.403152	0.125996	0.0712065	0.919582	1.55607	0.167356
960000	-23.1977	0	-23.1977	0.246664	0.178782	0.525937	0.459466	0.194696	0.265176	1.91492	1.5263	0.34914
970000	-26.19034	0	-26.19034	0.0615765	0.11169	0.297663	0.370496	0.22769	0.0531449	1.04858	0.428137	0.0791022
980000	-18.43576	0	-18.43576	0.175361	0.108721	0.297943	0.321389	0.129091	0.116056	2.25898	0.322937	0.0976888
990000	-22.352	0	-22.352	0.17791	0.0877106	0.149099	0.355209	0.200655	0.182227	4.90408	2.10645	0.00762722
1000000	-22.46165	0	-22.46165	0.0826461	0.282161	0.230577	0.659492	0.12847	0.136389	0.9519	0.303931	0.140961
1010000	-25.63333	0	-25.63333	0.110145	0.135525	0.0923264	0.296758	0.120821	0.575538	4.34734	0.688041	2.16006
1020000	-25.53172	0	-25.53172	0.169334	0.0911998	0.148972	0.207711	0.16975	0.154129	3.36992	0.215212	0.0181589
1030000	-17.73364	0	-17.73364	0.0682588	0.264835	0.08669	0.387671	0.182771	0.275862	3.01354	0.72615	0.42795
1040000	-20.96883	0	-20.96883	0.132356	0.338583	0.0545396	0.349988	0.144761	0.0503165	6.60195	0.269447	0.100491
1050000	-15.55119	0	-15.55119	0.165605	0.127257	0.152624	0.218516	0.0986238	0.0977774	1.0904	1.71152	1.8245
1060000	-20.72646	0	-20.72646	0.109404	0.216137	0.190412	0.564644	0.0919534	0.135051	1.06372	0.25374	0.213348
1070000	-19.67528	0	-19.67528	0.0817949	0.309458	0.155475	0.200616	0.0581085	0.202819	3.22507	0.308728	0.530938
1080000	-20.94711	0	-20.94711	0.0681478	0.3184	0.0775718	0.230975	0.198784	0.0959893	1.53993	1.20348	1.92431
1090000	-18.35859	0	-18.35859	0.176694	0.138117	0.0996958	0.207707	0.0608079	0.0936735	0.900729	0.492571	0.0286818
1100000	-20.02995	0	-20.02995	0.16194	0.188367	0.155151	0.415367	0.214232	0.0932467	1.12191	0.654263	2.8756
1110000	-20.87204	0	-20.87204	0.335086	0.196646	0.19179	0.25757	0.163571	0.0792624	1.20856	1.43275	0.599873
1120000	-26.58049	0	-26.58049	0.281233	0.112937	0.194711	0.213553	0.0829823	0.0729748	0.895062	1.08987	0.00395167
1130000	-15.83527	0	-15.83527	0.207814	0.177253	0.150813	0.300476	0.0854331	0.194412	1.66415	1.27889	1.05533
1140000	-21.86594	0	-21.86594	0.15995	0.142812	0.0893323	0.343103	0.164771	0.191098	4.87418	1.59767	0.0539818
1150000	-22.80634	0	-22.80634	0.163143	0.250887	0.074478	0.396074	0.267308	0.0821584	6.65071	1.05581	0.110423
1160000	-18.28019	0	-18.28019	0.248522	0.311146	0.136508	0.203124	0.101217	0.0682622	3.34037	0.550535	2.32047
1170000	-16.90593	0	-16.90593	0.118006	0.191606	0.041825	0.546709	0.208508	0.104637	1.56949	1.56393	0.0345669
1180000	-16.46771	0	-16.46771	0.0871029	0.444668	0.181511	0.288653	0.103577	0.189332	1.14615	1.13931	1.48113
1190000	-19.75381	0	-19.75381	0.312156	0.181065	0.166598	0.182455	0.104247	0.245409	1.46533	0.332334	0.442492
1200000	-30.75003	0	-30.75003	0.114502	0.0696654	0.27464	0.160031	0.197267	0.187761	1.23426	1.18022	0.171488
1210000	-31.07787	0	-31.07787	0.137844	0.0969039	0.0942383	0.568772	0.0406287	0.0797381	7.70844	0.924007	0.0224325
1220000	-19.20928	0	-19.20928	0.122525	0.114293	0.216194	0.305449	0.0801627	0.155244	1.98608	0.842926	0.0518057
1230000	-22.35492	0	-22.35492	0.168584	0.20365	0.252654	0.419125	0.11643	0.135477	1.8391	0.78619	0.0741293
1240000	-29.68799	0	-29.68799	0.108485	0.0938196	0.156222	0.132556	0.0707285	0.171957	5.48639	0.483234	0.116291
1250000	-23.64181	0	-23.64181	0.0710755	0.131419	0.247967	0.272107	0.0651464	0.0858647	3.28397	0.103993	0.0502864
1260000	-20.06498	0	-20.06498	0.208625	0.231773	0.13651	0.423079	0.0674095	0.159012	2.40312	0.557174	0.430047
1270000	-19.41178	0	-19.41178	0.103171	0.116538	0.220806	0.349365	0.11913	0.149088	1.90867	0.549857	0.0961737
1280000	-18.1021	0	-18.1021	0.209271	0.185389	0.162959	0.461017	0.0905918	0.237952	1.55915	0.277062	0.225787
1290000	-19.40199	0	-19.40199	0.093987	0.309113	0.157454	0.340967	0.0901729	0.285702	2.68546	0.27808	0.355521
1300000	-18.75496	0	-18.75496	0.114715	0.180662	0.12181	0.264822	0.157489	0.0994856	0.951286	3.4831	2.90725
1310000	-19.34863	0	-19.34863	0.0588963	0.13419	0.168584	0.319456	0.090542	0.0852352	3.34599	0.187205	0.161532
1320000	-18.85173	0	-18.85173	0.116096	0.059735	0.251882	0.397765	0.184524	0.0888657	2.38165	0.356169	0.00455274
1330000	-25.52371	0	-25.52371	0.195221	0.131396	0.151657	0.246132	0.0802841	0.153613	0.97647	0.495399	0.109092
1340000	-21.22777	0	-21.22777	0.162085	0.278902	0.229317	0.328134	0.118813	0.0912274	4.65464	0.136714	0.0245518
1350000	-28.29026	0	-28.29026	0.11249	0.544498	0.179847	0.739092	0.202955	0.171264	1.48276	0.957382	0.0561326
1360000	-21.42136	0	-21.42136	0.071189	0.0765257	0.132229	0.288085	0.102266	0.0732056	2.50104	0.498719	0.0420786
1370000	-18.34758	0	-18.34758	0.288805	0.0661108	0.219026	0.229	0.154553	0.0928446	2.55252	1.419	0.668079
1380000	-28.67219	0	-28.67219	0.0484407	0.163337	0.203577	0.359951	0.312641	0.344947	1.96266	0.13366	0.00188737
1390000	-25.13232	0	-25.13232	0.0595392	0.243509	0.320575	0.297154	0.0721466	0.279776	0.884381	6.81738	0.0229852
1400000	-24.11772	0	-24.11772	0.158161	0.200225	0.0827796	0.420356	0.0988434	0.116274	7.57544	1.00571	0.0110787
1410000	-20.78221	0	-20.78221	0.15906	0.0794538	0.116022	0.308646	0.0747655	0.0746656	4.13348	0.229534	0.0158538
1420000	-22.11714	0	-22.11714	0.117433	0.362625	0.193999	0.227691	0.0804258	0.12176	5.68911	1.27552	0.06312
1430000	-24.44772	0	-24.44772	0.167569	0.091933	0.101675	0.306631	0.0796404	0.116445	6.05476	5.03617	0.544595
1440000	-23.73214	0	-23.73214	0.341417	0.22002	0.247229	0.323406	0.113324	0.195336	1.21412	4.27763	0.0487667
1450000	-16.63232	0	-16.63232	0.0560897	0.32875	0.110644	0.301421	0.132663	0.159504	1.37324	1.00624	0.610445
1460000	-22.29265	0	-22.29265	0.125686	0.128407	0.267494	0.191852	0.0558585	0.0425464	1.38738	0.213655	0.29073
1470000	-18.72489	0	-18.72489	0.226053	0.129834	0.0936922	0.246735	0.165545	0.148485	1.56396	1.01328	0.0429407
1480000	-24.10813	0	-24.10813	0.112173	0.203336	0.161088	0.399513	0.0385552	0.16648	2.12794	0.976139	0.0282143
1490000	-21.73782	0	-21.73782	0.102934	0.160981	0.138958	0.243196	0.0833668	0.0726904	2.01556	0.365435	0.0828706
1500000	-24.01583	0	-24.01583	0.18353	0.093099	0.463649	0.543671	0.0734945	0.121631	3.54783	0.400935	0.615758
1510000	-24.11321	0	-24.11321	0.0955594	0.170818	0.400665	0.28446	0.104283	0.391437	3.0215	0.165369	1.00975
1520000	-16.52519	0	-16.52519	0.24238	0.107319	0.131228	0.4513	0.147593	0.0781082	0.864051	1.25035	0.0223383
1530000	-22.04779	0	-22.04779	0.0855502	0.134523	0.218087	0.208301	0.17349	0.248319	1.82926	0.280776	0.063799
1540000	-20.89818	0	-20.89818	0.103341	0.0639799	0.183179	0.149994	0.0893912	0.173421	1.6521	0.533431	0.274065
1550000	-23.36163	0	-23.36163	0.0997826	0.0981857	0.11569	0.224906	0.1711	0.0378468	2.55963	0.279352	0.0221784
1560000	-15.89204	0	-15.89204	0.189156	0.192733	0.161576	0.303955	0.0942633	0.100442	1.37128	1.42763	0.00405571
1570000	-24.96237	0	-24.96237	0.144821	0.200284	0.0793995	0.280478	0.103336	0.045713	3.80096	0.536871	0.359125
1580000	-21.39064	0	-21.39064	0.203444	0.265026	0.223086	0.211673	0.245171	0.0898869	1.80357	1.03763	0.163471
1590000	-24.18707	0	-24.18707	0.120951	0.308287	0.189433	0.460234	0.0687203	0.262089	1.3286	2.23292	0.420699
1600000	-21.92187	0	-21.92187	0.0410415	0.230872	0.193886	0.365525	0.0936038	0.113645	0.890858	1.57284	0.0531899
1610000	-16.50308	0	-16.50308	0.0628422	0.222229	0.128928	0.40344	0.096074	0.148495	2.01697	0.607615	0.625076
1620000	-20.58431	0	-20.58431	0.53746	0.276237	0.0525872	0.278384	0.167489	0.230907	2.29875	2.94873	0.111081
1630000	-17.78769	0	-17.78769	0.14603	0.066094	0.0988861	0.369672	0.107339	0.0833617	2.44178	0.633973	0.0214184
1640000	-27.52928	0	-27.52928	0.170403	0.175151	0.0620955	0.207526	0.185289	0.0784554	1.96163	1.01059	0.00861168
1650000	-33.03838	0	-33.03838	0.0968447	0.203604	0.163279	0.514524	0.328505	0.149572	0.950809	0.131505	0.00400488
1660000	-23.25546	0	-23.25546	0.149055	0.157817	0.255639	0.198263	0.0623253	0.188906	1.94784	0.699216	0.269466
1670000	-21.50486	0	-21.50486	0.0723604	0.565627	0.166272	0.2181	0.184766	0.0904929	1.60042	0.834072	0.628236
1680000	-19.64206	0	-19.64206	0.153994	0.169594	0.12312	0.509628	0.131093	0.0738216	1.68795	1.04196	0.0769727
1690000	-16.995	0	-16.995	0.100304	0.100427	0.142427	0.24844	0.103578	0.183017	1.85451	0.840604	0.000429767
1700000	-19.79019	0	-19.79019	0.146332	0.0770238	0.160891	0.266934	0.107965	0.0379309	2.74439	0.177935	0.0987559
1710000	-20.70368	0	-20.70368	0.310313	0.313638	0.23384	0.617199	0.0767353	0.084059	2.35548	1.56527	0.500955
1720000	-23.90978	0	-23.90978	0.144657	0.282686	0.167272	0.15541	0.108603	0.191047	3.28882	0.523998	0.136805
1730000	-20.74465	0	-20.74465	0.0947014	0.184749	0.196951	0.204416	0.154138	0.0444989	0.903922	0.301602	0.516442
1740000	-16.7318	0	-16.7318	0.125292	0.184382	0.091767	0.43669	0.0924705	0.175554	2.7471	0.925358	0.379463
1750000	-18.78506	0	-18.78506	0.138991	0.251083	0.130612	0.16042	0.0886332	0.149938	1.55609	0.483942	0.206831
1760000	-23.14868	0	-23.14868	0.276533	0.33854	0.2002	0.248698	0.0496093	0.0493822	0.760408	0.828928	0.92453
1770000	-23.63871	0	-23.63871	0.202157	0.139007	0.196819	0.353622	0.145141	0.0760673	0.675991	4.34989	0.650127
1780000	-22.24446	0	-22.24446	0.153701	0.260121	0.237675	0.370886	0.150524	0.184854	2.33308	0.635407	0.281232
1790000	-22.33251	0	-22.33251	0.0578933	0.100629	0.0934999	0.188168	0.0543558	0.0765053	1.812	0.126202	0.00588044
1800000	-18.24335	0	-18.24335	0.134795	0.13224	0.0758036	0.343802	0.0336753	0.109234	2.45039	2.30056	0.0650225
1810000	-26.00533	0	-26.00533	0.234852	0.0752197	0.415272	0.566215	0.0938015	0.322814	1.89891	1.62521	0.153829
1820000	-17.49143	0	-17.49143	0.0674844	0.307509	0.181931	0.310463	0.120857	0.0491163	3.98036	1.69414	0.184242
1830000	-20.02448	0	-20.02448	0.204681	0.140534	0.154834	0.637683	0.0510725	0.10651	2.40082	0.316481	0.704783
1840000	-24.95215	0	-24.95215	0.139992	0.151308	0.228845	0.353624	0.0767426	0.173842	2.44394	0.16574	1.65891
1850000	-20.52671	0	-20.52671	0.132157	0.441068	0.158264	0.819606	0.129806	0.0767902	2.29342	0.854855	0.420594
1860000	-21.15923	0	-21.15923	0.0963621	0.178303	0.135492	0.262868	0.105245	0.183084	2.38516	0.813174	0.0121258
1870000	-25.48749	0	-25.48749	0.20814	0.151645	0.29343	0.27095	0.118658	0.0640977	3.70994	0.250873	0.083877
1880000	-15.2942	0	-15.2942	0.170139	0.182452	0.263661	0.256959	0.126699	0.0911381	2.76482	1.04072	0.100996
1890000	-24.71113	0	-24.71113	0.274823	0.0878191	0.0630389	0.244081	0.11442	0.0732526	4.3875	0.991166	0.0187791
1900000	-19.8305	0	-19.8305	0.182111	0.271123	0.304077	0.242396	0.066505	0.038289	2.10046	0.732993	0.242775
1910000	-23.08369	0	-23.08369	0.250188	0.106439	0.336949	0.145051	0.332276	0.102037	2.244	3.20428	0.189901
1920000	-23.38967	0	-23.38967	0.128125	0.139708	0.135818	0.559859	0.134473	0.15418	1.34403	0.619198	0.152409
1930000	-17.96238	0	-17.96238	0.136441	0.124762	0.183743	0.322142	0.127692	0.226444	1.66262	0.607724	0.125576
1940000	-21.96537	0	-21.96537	0.0795733	0.232128	0.45737	0.301714	0.0764078	0.0864503	2.23574	0.360137	0.0151503
1950000	-22.10944	0	-22.10944	0.135198	0.271185	0.104966	0.30055	0.170234	0.0960151	3.17499	0.908095	0.00842023
1960000	-20.62516	0	-20.62516	0.232795	0.190913	0.231748	0.27005	0.0529612	0.105549	4.90093	1.24658	0.0944208
1970000	-20.14187	0	-20.14187	0.203063	0.114454	0.205316	0.339734	0.16523	0.253988	3.32729	1.03249	0.439357
1980000	-24.63112	0	-24.63112	0.160292	0.167717	0.139067	0.323487	0.18339	0.166116	7.00262	0.181022	0.026572
1990000	-27.77444	0	-27.77444	0.374012	0.195198	0.224947	0.270679	0.0522561	0.0765339	1.30562	0.0831722	0.083585
2000000	-24.49414	0	-24.49414	0.22542	0.144197	0.198372	0.170185	0.0530025	0.198641	2.89367	0.906895	0.00314821
2010000	-20.41552	0	-20.41552	0.280922	0.454517	0.102918	0.510245	0.0809185	0.0521899	0.820175	0.645622	1.02195
2020000	-24.58159	0	-24.58159	0.12624	0.23381	0.153681	0.268664	0.231233	0.0995518	3.41144	4.2228	0.644029
2030000	-21.20956	0	-21.20956	0.0808407	0.150002	0.222861	0.247445	0.0939472	0.169855	3.66451	0.292157	0.0440548
2040000	-20.72832	0	-20.72832	0.211535	0.0722873	0.261555	0.254086	0.0915038	0.107154	5.63119	0.157514	0.00942417
2050000	-22.77418	0	-22.77418	0.135457	0.227645	0.0518121	0.341045	0.110356	0.0526162	0.686275	1.00006	0.00893479
2060000	-24.45279	0	-24.45279	0.13328	0.126861	0.20287	0.321935	0.125169	0.170409	1.59641	0.134689	0.00162169
2070000	-21.9941	0	-21.9941	0.157178	0.157355	0.16211	0.303139	0.101204	0.0892391	2.18605	0.194921	0.00503021
2080000	-21.74401	0	-21.74401	0.130186	0.254366	0.0844378	0.533052	0.072896	0.108118	1.7108	0.920875	0.0539885
2090000	-21.4021	0	-21.4021	0.0388275	0.148324	0.355739	0.168168	0.111644	0.0645231	3.03601	0.650393	0.00355751
2100000	-18.84818	0	-18.84818	0.308512	0.166111	0.164827	0.389554	0.135333	0.0870819	1.46973	1.86409	0.945605
2110000	-16.52302	0	-16.52302	0.101189	0.115901	0.343815	0.23086	0.136922	0.120257	1.97325	0.637286	0.0125865
2120000	-22.2902	0	-22.2902	0.0829957	0.332621	0.158664	0.272441	0.174209	0.457921	1.56396	0.538097	1.39634
2130000	-17.75265	0	-17.75265	0.211556	0.161007	0.0888324	0.306414	0.0758541	0.158844	2.98715	2.83149	0.342432
2140000	-26.11817	0	-26.11817	0.107563	0.150274	0.270629	0.119767	0.114905	0.152891	2.61722	0.267585	1.13889
2150000	-18.18219	0	-18.18219	0.0698934	0.313682	0.207366	0.260071	0.0779175	0.0861192	0.859774	0.278511	0.305788
2160000	-23.69463	0	-23.69463	0.280954	0.370716	0.199608	0.2038	0.0591404	0.0757445	1.66469	0.485378	0.0272957
2170000	-23.19986	0	-23.19986	0.311387	0.147947	0.265288	0.164398	0.160813	0.236661	1.11747	2.22178	1.63094
2180000	-30.24067	0	-30.24067	0.212651	0.0979155	0.127686	0.546391	0.276123	0.0726612	3.11932	0.60323	0.000980908
2190000	-24.65202	0	-24.65202	0.075855	0.177107	0.363985	0.40273	0.0995453	0.0947295	2.87019	0.43107	0.0611854
2200000	-17.85502	0	-17.85502	0.151216	0.077787	0.0916795	0.233646	0.074543	0.148213	0.433865	0.562769	0.0192567
2210000	-23.26897	0	-23.26897	0.0631739	0.100937	0.546348	0.407614	0.11773	0.129107	1.9561	0.273914	0.0730676
2220000	-22.39953	0	-22.39953	0.262906	0.468476	0.122271	0.346732	0.11299	0.0905064	4.42718	3.39745	0.0650401
2230000	-23.11934	0	-23.11934	0.215719	0.622758	0.214545	0.342005	0.0736786	0.0684708	2.66979	0.357329	0.414607
2240000	-19.89697	0	-19.89697	0.180739	0.0631734	0.168293	0.199075	0.117825	0.0312225	1.56223	1.57202	0.31544
2250000	-17.31674	0	-17.31674	0.148808	0.0948879	0.13885	0.246235	0.172391	0.0613978	0.808652	1.11614	0.469516
2260000	-19.70384	0	-19.70384	0.196291	0.18195	0.0843692	0.649709	0.197805	0.0727283	2.40131	1.60879	0.476678
2270000	-19.00978	0	-19.00978	0.102765	0.134328	0.236225	0.299609	0.102745	0.188315	1.47149	0.478598	0.160056
2280000	-18.72498	0	-18.72498	0.346786	0.163096	0.171381	0.250228	0.197466	0.120441	0.726487	1.66182	0.0217626
2290000	-18.1106	0	-18.1106	0.10607	0.256007	0.131147	0.414425	0.0790158	0.250196	1.06278	2.36456	0.451541
2300000	-20.38394	0	-20.38394	0.040374	0.281755	0.10944	0.213812	0.225799	0.0933511	1.82427	0.80139	0.0313883
2310000	-20.47015	0	-20.47015	0.152728	0.216265	0.115826	0.288805	0.0776117	0.0654152	4.69817	1.53404	1.87477
2320000	-24.96274	0	-24.96274	0.0425615	0.191524	0.178144	0.154587	0.10464	0.132408	1.45224	0.20739	0.295321
2330000	-20.96982	0	-20.96982	0.103134	0.312037	0.0815038	0.651473	0.173368	0.219141	1.80718	0.96596	0.837496
2340000	-22.17144	0	-22.17144	0.144478	0.21492	0.140279	0.47313	0.0897336	0.0481442	1.88571	1.13778	0.06976
2350000	-21.76832	0	-21.76832	0.111797	0.0863861	0.0944965	0.224372	0.161436	0.118492	1.80041	0.336254	0.051069
2360000	-16.32706	0	-16.32706	0.193433	0.0755642	0.318353	0.177022	0.125207	0.103011	2.12864	0.897999	0.953718
2370000	-22.9894	0	-22.9894	0.11069	0.211208	0.090068	0.29255	0.380453	0.121889	3.04771	0.497334	0.00560775
2380000	-17.47677	0	-17.47677	0.0974402	0.278715	0.0863626	0.305449	0.185547	0.0817976	2.72027	1.57213	0.849349
2390000	-16.24615	0	-16.24615	0.191354	0.141162	0.213603	0.217624	0.105397	0.0841914	2.0712	0.282558	0.314913
2400000	-25.64869	0	-25.64869	0.231662	0.138979	0.195223	0.190335	0.164687	0.163012	1.7343	0.422684	0.0142986
2410000	-22.65285	0	-22.65285	0.147754	0.273454	0.0865662	0.57075	0.0805189	0.183985	2.85031	0.585427	0.027512
2420000	-16.77033	0	-16.77033	0.212745	0.0720837	0.137558	0.318025	0.168068	0.0861494	2.03105	2.29193	0.181845
2430000	-22.25353	0	-22.25353	0.299033	0.12277	0.0777289	0.336707	0.0870482	0.0714437	1.6039	0.332057	0.144586
2440000	-19.71286	0	-19.71286	0.220901	0.309475	0.177997	0.324502	0.0685176	0.0741723	1.6865	5.60961	0.726662
2450000	-18.5262	0	-18.5262	0.229357	0.357395	0.0600463	0.202435	0.0720607	0.215583	1.49001	1.11765	0.53278
2460000	-21.48808	0	-21.48808	0.205267	0.216964	0.172062	0.36429	0.193395	0.107217	2.20908	0.344737	0.018542
2470000	-19.62533	0	-19.62533	0.253518	0.223588	0.272295	0.223677	0.15708	0.112509	1.31389	0.440794	0.264111
2480000	-19.63952	0	-19.63952	0.252753	0.177047	0.0599898	0.221611	0.141094	0.191564	2.27274	0.364831	0.160357
2490000	-20.9247	0	-20.9247	0.102347	0.255368	0.17122	0.321257	0.163148	0.232073	1.1758	0.468105	0.850306
2500000	-18.40171	0	-18.40171	0.0901902	0.171596	0.107169	0.408648	0.13351	0.26399	0.986069	0.380664	0.0445599
2510000	-20.31291	0	-20.31291	0.168442	0.348723	0.114274	0.4307	0.182571	0.102811	1.25124	0.71567	0.0476842
2520000	-25.31671	0	-25.31671	0.134469	0.200252	0.0801898	0.373189	0.113705	0.091708	1.75317	0.231714	0.0171409
2530000	-19.25551	0	-19.25551	0.270943	0.213739	0.0806943	0.375208	0.0939026	0.100379	2.01062	0.444231	0.0949532
2540000	-18.16207	0	-18.16207	0.213349	0.284512	0.0902803	0.313108	0.079834	0.130137	1.8948	0.411695	0.677665
2550000	-18.72581	0	-18.72581	0.072554	0.131889	0.199382	0.266601	0.197376	0.114035	0.948066	0.381094	0.029973
2560000	-28.92953	0	-28.92953	0.339209	0.118159	0.387899	0.351875	0.127895	0.236358	4.5691	0.46838	0.229595
2570000	-24.28046	0	-24.28046	0.17648	0.134911	0.0947113	0.381107	0.119802	0.121874	1.15237	0.227819	0.036868
2580000	-24.34128	0	-24.34128	0.102848	0.319205	0.0991788	0.256644	0.0875186	0.225777	5.01855	1.71868	0.0130308
2590000	-21.26733	0	-21.26733	0.162119	0.128904	0.172336	0.296323	0.22831	0.137547	4.63982	0.306812	0.0512335
2600000	-27.52644	0	-27.52644	0.174359	0.240465	0.35237	0.0950837	0.0518092	0.146836	2.65528	0.543666	0.0111478
2610000	-18.98369	0	-18.98369	0.16778	0.229865	0.206686	0.328798	0.0670137	0.211861	0.667153	0.666023	0.1625
2620000	-21.53678	0	-21.53678	0.21583	0.127846	0.200131	0.276143	0.154923	0.267295	1.43672	0.471917	0.0463683
2630000	-20.81281	0	-20.81281	0.159663	0.202617	0.109964	0.671488	0.093422	0.304335	1.14599	0.961455	0.464539
2640000	-17.6662	0	-17.6662	0.168125	0.207938	0.174325	0.285825	0.22021	0.0521929	1.10377	1.7611	0.426386
2650000	-19.9299	0	-19.9299	0.16446	0.155198	0.095179	0.303745	0.087463	0.196199	1.30165	0.604127	0.611971
2660000	-25.02316	0	-25.02316	0.133988	0.128811	0.204021	0.263258	0.191396	0.105261	1.16321	0.234527	0.00437265
2670000	-23.15853	0	-23.15853	0.14225	0.144645	0.0920154	0.186407	0.0755202	0.0712226	2.39853	0.458981	0.00557636
2680000	-23.9093	0	-23.9093	0.0601551	0.222578	0.169649	0.328843	0.196478	0.13955	2.74706	0.238273	0.0962565
2690000	-19.34925	0	-19.34925	0.17833	0.113026	0.166842	0.225329	0.238671	0.110402	0.944045	0.429137	0.0877355
2700000	-24.48025	0	-24.48025	0.11999	0.320351	0.0500036	0.542419	0.10248	0.228984	1.46405	0.596294	0.758917
2710000	-23.7622	0	-23.7622	0.292874	0.075554	0.225964	0.458812	0.0977557	0.166604	2.09692	0.532982	0.0609576
2720000	-24.59995	0	-24.59995	0.183025	0.164221	0.325499	0.248977	0.036258	0.163418	0.786818	0.539816	0.495681
2730000	-31.00095	0	-31.00095	0.262476	0.0844418	0.200597	0.550724	0.235379	0.210222	1.2688	0.565161	0.00175579
2740000	-28.15776	0	-28.15776	0.105529	0.120287	0.214828	0.307564	0.129858	0.188067	5.68091	0.90324	0.0124282
2750000	-23.9931	0	-23.9931	0.206369	0.289303	0.161139	0.574262	0.156345	0.24881	3.88829	0.641443	0.355763
2760000	-24.08481	0	-24.08481	0.0465371	0.200907	0.127956	0.58811	0.112078	0.0533015	2.46772	0.66678	0.145795
2770000	-20.63203	0	-20.63203	0.117665	0.0906257	0.317131	0.384473	0.0909825	0.122128	0.982235	1.90926	0.0146618
2780000	-21.82809	0	-21.82809	0.0620308	0.240052	0.150536	0.233622	0.0618547	0.115626	5.29928	2.03153	0.993426
2790000	-20.96646	0	-20.96646	0.174395	0.151915	0.168075	0.42082	0.150883	0.131163	0.734195	1.26564	0.0729308
2800000	-18.66678	0	-18.66678	0.0831056	0.0994313	0.08293	0.517012	0.0958814	0.109956	3.90227	0.625604	0.0936914
2810000	-21.14494	0	-21.14494	0.0948234	0.159104	0.205687	0.410854	0.106595	0.243749	3.81012	0.207012	0.12319
2820000	-20.64058	0	-20.64058	0.179935	0.266053	0.114817	0.158917	0.0927299	0.220091	1.79787	1.41196	0.747305
2830000	-24.36531	0	-24.36531	0.080153	0.185625	0.13691	0.279602	0.220991	0.0797558	1.9775	0.474068	0.0058005
2840000	-24.25889	0	-24.25889	0.121274	0.068602	0.136931	0.536988	0.0612698	0.107512	2.05386	0.445067	0.547011
2850000	-19.2102	0	-19.2102	0.4708	0.117686	0.170682	0.184068	0.0506352	0.108385	2.5447	1.69844	0.110732
2860000	-22.19293	0	-22.19293	0.122435	0.254569	0.0657749	0.270412	0.196291	0.0692736	5.87709	0.837521	0.564418
2870000	-18.43107	0	-18.43107	0.0846707	0.185296	0.068688	0.229192	0.0963981	0.138923	3.44319	0.418591	0.523743
2880000	-19.06641	0	-19.06641	0.177045	0.195052	0.0919306	0.419936	0.166845	0.258311	0.680903	2.0095	0.927125
2890000	-20.691	0	-20.691	0.100904	0.22217	0.355133	0.493572	0.0483495	0.111563	0.962706	0.605681	0.334413
2900000	-24.39674	0	-24.39674	0.153876	0.117838	0.227942	0.143589	0.110483	0.130899	1.98496	0.852513	0.0104715
2910000	-24.42547	0	-24.42547	0.254015	0.50987	0.154363	0.425622	0.390548	0.0469444	1.56825	0.374627	0.0538965
2920000	-22.65086	0	-22.65086	0.442349	0.12843	0.244811	0.267453	0.148899	0.234354	0.531344	1.15533	0.0664799
2930000	-21.77246	0	-21.77246	0.102139	0.308841	0.172385	0.818687	0.183592	0.0549942	3.69823	0.251388	0.00435005
2940000	-19.62934	0	-19.62934	0.119387	0.115534	0.211334	0.268847	0.130731	0.115188	0.986917	0.14456	0.209924
2950000	-20.65309	0	-20.65309	0.117995	0.0607105	0.190873	0.217604	0.0422648	0.0704756	1.27385	0.0916428	0.102308
2960000	-19.54293	0	-19.54293	0.186968	0.189604	0.297911	0.376165	0.137777	0.282133	2.88384	1.75481	0.252966
2970000	-32.32519	0	-32.32519	0.0899962	0.0579605	0.137583	0.259965	0.0915217	0.158878	2.46538	0.490994	0.0147445
2980000	-21.18012	0	-21.18012	0.177069	0.242874	0.0953673	0.178563	0.0970346	0.119805	2.02237	1.0706	0.0613733
2990000	-19.33259	0	-19.33259	0.128089	0.340942	0.127356	0.335052	0.058349	0.1239	1.56821	0.3227	0.0537683
3000000	-23.97274	0	-23.97274	0.221215	0.121448	0.147812	0.103556	0.132013	0.325925	3.79376	2.91145	2.28992
3010000	-20.63829	0	-20.63829	0.102385	0.199384	0.190555	0.548789	0.0436145	0.106365	5.19289	0.50774	0.24552
3020000	-22.8317	0	-22.8317	0.17367	0.164061	0.357921	0.236658	0.12183	0.0666773	2.21119	0.176778	0.0453959
3030000	-19.48187	0	-19.48187	0.124872	0.052618	0.149912	0.334431	0.0921631	0.166583	2.2244	0.962813	0.250863
3040000	-18.11264	0	-18.11264	0.115418	0.222925	0.125562	0.288863	0.0680019	0.084885	2.92125	0.878825	0.798363
3050000	-19.75178	0	-19.75178	0.264652	0.0469211	0.106041	0.317864	0.0544268	0.163356	1.75878	0.541141	0.0167336
3060000	-19.47596	0	-19.47596	0.181547	0.238156	0.0721251	0.371513	0.139483	0.134555	1.61106	0.63679	0.536212
3070000	-30.39966	0	-30.39966	0.0933633	0.103814	0.228305	0.281762	0.159136	0.229438	2.62599	0.119729	0.000842718
3080000	-19.17031	0	-19.17031	0.176611	0.115251	0.076709	0.601734	0.157877	0.127498	5.30415	1.41131	0.00646766
3090000	-24.09524	0	-24.09524	0.152052	0.188488	0.113211	0.228229	0.120109	0.127323	1.70134	0.141268	0.0872732
3100000	-23.87437	0	-23.87437	0.157419	0.285243	0.228264	0.361482	0.303562	0.0768041	2.23289	0.627883	0.00283549
3110000	-16.11373	0	-16.11373	0.108637	0.618792	0.148544	0.269272	0.10446	0.141138	2.41818	1.24336	0.0666888
3120000	-23.1638	0	-23.1638	0.112178	0.114183	0.376545	0.294369	0.180172	0.145234	3.41094	0.183096	0.040471
3130000	-24.59597	0	-24.59597	0.100392	0.19566	0.175374	0.185501	0.0542969	0.114016	5.80548	0.241172	0.61317
3140000	-23.34282	0	-23.34282	0.1807	0.59814	0.157334	0.557708	0.156855	0.142222	0.992055	2.13596	2.96195
3150000	-21.78255	0	-21.78255	0.0921905	0.151968	0.203655	0.164003	0.0452525	0.184118	0.20712	0.370769	0.000106323
3160000	-24.88251	0	-24.88251	0.229984	0.207479	0.141142	0.222808	0.241788	0.163713	3.35651	1.34551	0.0610291
3170000	-17.31178	0	-17.31178	0.0951405	0.329053	0.191488	0.475876	0.0896103	0.164831	1.79257	2.27055	1.11657
3180000	-24.31705	0	-24.31705	0.177201	0.0788849	0.119053	0.715401	0.141665	0.118606	2.36131	1.24047	0.399494
3190000	-20.52824	0	-20.52824	0.6405	0.180734	0.23441	0.471372	0.133867	0.158408	1.73843	1.34248	0.683817
3200000	-19.29129	0	-19.29129	0.107434	0.149017	0.237323	0.341234	0.0712041	0.285761	2.0285	2.25156	0.0640358
3210000	-27.35431	0	-27.35431	0.0622724	0.0476702	0.146244	0.376925	0.0730019	0.11954	0.587364	0.363704	0.0774551
3220000	-26.56654	0	-26.56654	0.125867	0.1792	0.0615976	0.226694	0.161495	0.0906183	1.21673	0.424856	0.010345
3230000	-22.1375	0	-22.1375	0.122191	0.230243	0.291147	0.500915	0.158397	0.119028	0.577696	1.14558	0.226318
3240000	-22.4099	0	-22.4099	0.225558	0.339552	0.282468	0.280026	0.14226	0.138722	3.34482	0.833419	0.0609989
3250000	-16.63983	0	-16.63983	0.102206	0.122449	0.0939928	0.263823	0.138382	0.126543	2.1006	1.21175	0.629739
3260000	-19.66719	0	-19.66719	0.0670536	0.0966359	0.32416	0.205766	0.159349	0.085082	2.00888	0.591097	0.122989
3270000	-22.32113	0	-22.32113	0.0990883	0.298518	0.21288	0.280212	0.0692168	0.0387931	1.79861	0.88528	0.0259386
3280000	-18.59991	0	-18.59991	0.113516	0.0885277	0.117737	0.283285	0.192804	0.112888	4.03677	0.866974	0.0837386
3290000	-17.97722	0	-17.97722	0.192547	0.108526	0.190762	0.181268	0.193688	0.170388	0.943559	0.855982	0.508213
3300000	-18.13475	0	-18.13475	0.0363828	0.316273	0.188963	0.214291	0.0833202	0.122041	1.08058	1.07263	0.574276
3310000	-22.32107	0	-22.32107	0.159843	0.174783	0.0589686	0.689011	0.103187	0.0847008	1.9326	1.41585	0.0047881
3320000	-20.37996	0	-20.37996	0.306277	0.110142	0.156891	0.407206	0.164359	0.151184	2.21038	2.12715	0.490233
3330000	-17.21202	0	-17.21202	0.1354	0.238551	0.103211	0.440807	0.0840432	0.0942569	2.58939	0.353203	0.417501
3340000	-17.05176	0	-17.05176	0.175961	0.227024	0.139137	0.131745	0.063649	0.128715	1.86849	1.02306	0.873237
3350000	-22.40281	0	-22.40281	0.245263	0.129134	0.225051	0.540943	0.130418	0.0643246	3.03363	3.92	1.01582
3360000	-20.71324	0	-20.71324	0.40277	0.171609	0.191067	0.369498	0.0855041	0.0976558	5.11776	1.16046	0.152168
3370000	-21.56584	0	-21.56584	0.0965066	0.362348	0.378563	0.250731	0.143802	0.232307	3.32622	0.463892	0.591362
3380000	-21.11032	0	-21.11032	0.188421	0.418744	0.16041	0.255692	0.0457819	0.188176	2.79516	0.367585	0.632744
3390000	-25.41249	0	-25.41249	0.196494	0.056722	0.334566	0.607726	0.0839208	0.266014	2.96116	2.3636	0.15533
3400000	-23.47107	0	-23.47107	0.0811298	0.254432	0.218755	0.284222	0.145789	0.0952243	2.36232	0.899547	0.0262495
3410000	-17.76106	0	-17.76106	0.174927	0.414239	0.0722392	0.188566	0.106928	0.14131	1.30613	0.398055	0.132998
3420000	-24.17153	0	-24.17153	0.123014	0.409461	0.181969	0.928916	0.208571	0.0584852	1.2325	1.35893	0.529539
3430000	-20.46112	0	-20.46112	0.183509	0.497183	0.176191	0.310115	0.220933	0.0715666	2.74341	1.02717	0.536991
3440000	-23.97426	0	-23.97426	0.321438	0.05696	0.0718458	0.348205	0.111363	0.141102	1.66796	1.79506	0.158832
3450000	-19.91252	0	-19.91252	0.296147	0.157059	0.274068	0.342592	0.217026	0.128546	1.94363	1.79403	0.165507
3460000	-25.18102	0	-25.18102	0.209062	0.270457	0.320132	0.273901	0.295999	0.128779	0.684427	1.69551	0.0150362
3470000	-18.44065	0	-18.44065	0.117685	0.177499	0.0862014	0.517903	0.135492	0.15417	2.05062	0.371989	1.24747
3480000	-19.53803	0	-19.53803	0.123198	0.192001	0.379001	0.250214	0.0922296	0.109062	1.2226	0.144525	0.0142055
3490000	-23.4626	0	-23.4626	0.235241	0.10032	0.239531	0.233273	0.317697	0.108325	2.66119	4.31669	0.0242953
3500000	-28.78942	0	-28.78942	0.174736	0.297893	0.123557	0.260457	0.263659	0.208347	1.19034	1.208	0.000181757
3510000	-18.63879	0	-18.63879	0.15037	0.213594	0.1262	0.401661	0.115833	0.0518722	1.7981	0.857712	0.0150447
3520000	-27.37086	0	-27.37086	0.124193	0.198368	0.222394	0.381361	0.0731586	0.0902159	9.18425	0.213919	0.10632
3530000	-21.44703	0	-21.44703	0.24329	0.333315	0.128352	0.288981	0.0938889	0.394016	2.27517	0.831774	1.68928
3540000	-19.13664	0	-19.13664	0.0938769	0.14253	0.112561	0.312318	0.0388391	0.146932	5.17379	0.593312	0.195925
3550000	-21.33522	0	-21.33522	0.112782	0.0690749	0.0613728	0.365997	0.121728	0.25094	4.11582	0.948724	2.06266
3560000	-27.37116	0	-27.37116	0.143213	0.201986	0.316737	0.356777	0.054101	0.158507	5.37769	0.666229	0.215653
3570000	-16.2784	0	-16.2784	0.132904	0.301256	0.136824	0.210528	0.138635	0.0805531	0.81462	1.3545	0.0599632
3580000	-19.95376	0	-19.95376	0.134627	0.189937	0.181969	0.343531	0.14766	0.115527	3.3307	0.938891	0.165568
3590000	-22.13344	0	-22.13344	0.10717	0.075211	0.266684	0.24232	0.206447	0.254378	2.20791	0.539578	0.00133765
3600000	-18.32438	0	-18.32438	0.116837	0.269243	0.0908857	0.219332	0.215851	0.139462	2.10027	1.71036	1.1456
3610000	-17.74934	0	-17.74934	0.118779	0.0885093	0.0891463	0.33314	0.0728189	0.103509	2.1969	0.196179	0.0933622
3620000	-19.29037	0	-19.29037	0.278216	0.111856	0.235339	0.27129	0.157998	0.206711	0.805433	2.17568	0.0163315
3630000	-19.78945	0	-19.78945	0.184061	0.293765	0.269878	0.184918	0.129884	0.145244	1.12237	0.467027	0.0180604
3640000	-21.13581	0	-21.13581	0.283974	0.231848	0.153358	0.43524	0.22326	0.187879	2.98218	1.28568	1.0615
3650000	-19.51748	0	-19.51748	0.230926	0.050874	0.13601	0.158866	0.129976	0.094372	3.67744	0.568894	0.0888
3660000	-21.16395	0	-21.16395	0.0606712	0.303681	0.108624	0.264347	0.203748	0.118013	4.41313	1.58454	0.724945
3670000	-19.40791	0	-19.40791	0.125529	0.179582	0.142786	0.180351	0.149769	0.12212	0.632344	0.357828	0.130997
3680000	-16.21855	0	-16.21855	0.185407	0.431003	0.256176	0.234136	0.08027	0.0808111	0.663098	1.22735	0.338451
3690000	-20.76189	0	-20.76189	0.100084	0.255032	0.242208	0.338241	0.0839359	0.19175	0.646557	0.294717	0.172541
3700000	-20.14403	0	-20.14403	0.0972234	0.202166	0.0717085	0.176682	0.084927	0.102425	2.17571	0.751211	0.0160155
3710000	-18.75422	0	-18.75422	0.115028	0.231012	0.19716	0.347738	0.142752	0.155555	1.3997	1.24536	0.0643258
3720000	-24.78408	0	-24.78408	0.120959	0.349657	0.18827	0.267108	0.116746	0.159513	0.647877	0.334625	2.31947
3730000	-26.19327	0	-26.19327	0.0986943	0.0871234	0.146163	0.340372	0.0892364	0.266241	1.81986	0.241602	0.05907
3740000	-16.67279	0	-16.67279	0.207961	0.159984	0.107319	0.408531	0.122187	0.0530683	0.951219	0.765226	0.0497325
3750000	-18.55128	0	-18.55128	0.137529	0.267281	0.0804048	0.406818	0.108141	0.0963162	3.58511	1.50958	1.24685
3760000	-23.46091	0	-23.46091	0.157928	0.0722158	0.240185	0.388606	0.0461542	0.0838929	0.484393	0.900892	0.780493
3770000	-18.79954	0	-18.79954	0.187722	0.126403	0.208865	0.300124	0.0896564	0.0832755	0.805223	1.1272	0.0241576
3780000	-25.08843	0	-25.08843	0.225972	0.283026	0.138207	1.20117	0.381688	0.184899	3.12897	0.427047	0.278305
3790000	-17.33431	0	-17.33431	0.267525	0.251917	0.224753	0.269558	0.107959	0.157905	1.77081	0.772555	0.0297562
3800000	-16.65512	0	-16.65512	0.137099	0.432781	0.101734	0.333208	0.0674799	0.0991612	0.792836	0.777389	0.382378
3810000	-17.42812	0	-17.42812	0.147803	0.294179	0.126041	0.330186	0.122472	0.0649866	1.35687	0.686538	0.18725
3820000	-20.58302	0	-20.58302	0.096247	0.172454	0.13411	0.443828	0.111387	0.0654699	2.42373	1.61549	0.7214
3830000	-15.90343	0	-15.90343	0.133213	0.184547	0.111762	0.412181	0.082865	0.102491	1.08793	0.714913	0.0175861
3840000	-18.85435	0	-18.85435	0.0659819	0.200523	0.191893	0.369678	0.141293	0.15142	3.09836	1.19019	0.0398394
3850000	-28.594	0	-28.594	0.0644846	0.171037	0.159552	0.271913	0.163569	0.126954	0.65544	0.268923	0.000586908
3860000	-21.43984	0	-21.43984	0.341213	0.133255	0.299129	0.287843	0.0799285	0.285965	4.43251	0.61137	0.158406
3870000	-21.99449	0	-21.99449	0.163959	0.22807	0.16553	0.446886	0.143093	0.138998	5.86289	1.04933	0.323663
3880000	-30.2355	0	-30.2355	0.0878613	0.340821	0.372887	0.141677	0.144323	0.293942	5.30868	3.10566	0.0218933
3890000	-27.40735	0	-27.40735	0.261407	0.289051	0.22027	0.299508	0.267832	0.213583	4.44415	0.251931	0.0511928
3900000	-19.50355	0	-19.50355	0.20428	0.178621	0.0926721	0.535351	0.135034	0.137469	3.59944	0.885228	0.164701
3910000	-23.77662	0	-23.77662	0.0347435	0.146879	0.175225	0.220405	0.0909101	0.195745	2.2611	0.917626	0.0858341
3920000	-23.37	0	-23.37	0.111587	0.129814	0.196216	0.474957	0.190399	0.10191	0.968127	0.457614	0.00469453
3930000	-20.5374	0	-20.5374	0.0495902	0.209931	0.0832574	0.152053	0.173001	0.256871	1.9192	0.372729	0.0636221
3940000	-16.84112	0	-16.84112	0.151098	0.225124	0.111182	0.344788	0.142436	0.214905	2.97416	0.732558	0.43595
3950000	-22.14853	0	-22.14853	0.325326	0.268365	0.115689	0.306451	0.106484	0.435479	2.77915	0.880394	0.511044
3960000	-19.46589	0	-19.46589	0.113751	0.125074	0.0641894	0.242562	0.0850089	0.174483	5.70054	1.86727	0.743916
3970000	-23.32488	0	-23.32488	0.128837	0.12585	0.148505	0.379237	0.0842131	0.0967587	1.61613	0.690345	0.00476953
3980000	-28.38961	0	-28.38961	0.0747343	0.210167	0.121248	0.232482	0.102823	0.0632239	2.52269	0.433119	0.0067467
3990000	-27.59508	0	-27.59508	0.073992	0.39381	0.132451	0.300297	0.147203	0.125712	2.08764	0.379351	0.00834724
4000000	-18.11891	0	-18.11891	0.294928	0.197365	0.0728851	0.42776	0.1482	0.138324	0.90626	1.47442	1.00908
4010000	-22.30491	0	-22.30491	0.245771	0.162238	0.106386	0.224043	0.172399	0.077006	1.1185	1.48667	0.0644001
4020000	-22.8953	0	-22.8953	0.152993	0.285564	0.425541	0.357405	0.0414785	0.198643	2.96347	0.57338	0.028157
4030000	-28.46362	0	-28.46362	0.0835212	0.253905	0.082497	0.258482	0.0894505	0.0501584	2.10705	0.701254	0.00567671
4040000	-20.97026	0	-20.97026	0.274108	0.180824	0.144378	0.299397	0.0962793	0.125829	2.94508	1.48509	0.0816292
4050000	-26.63226	0	-26.63226	0.157491	0.248708	0.0684214	0.440733	0.160834	0.147445	2.21685	0.601787	0.0240528
4060000	-19.74486	0	-19.74486	0.31393	0.0584134	0.278901	0.368235	0.155798	0.100466	1.96819	0.669578	0.152507
4070000	-17.02135	0	-17.02135	0.190197	0.0783469	0.136137	0.268461	0.0708832	0.157696	1.47607	0.801797	0.0824477
4080000	-18.25228	0	-18.25228	0.181537	0.389931	0.0774169	0.449668	0.110044	0.162871	0.718884	0.76434	1.59847
4090000	-21.97546	0	-21.97546	0.101986	0.178444	0.216563	0.24143	0.0917898	0.151382	3.04086	0.43272	0.0585567
4100000	-20.01416	0	-20.01416	0.211798	0.141333	0.0823579	0.658545	0.051456	0.267067	4.41235	1.18226	0.103783
4110000	-23.50705	0	-23.50705	0.333555	0.159807	0.113445	0.292053	0.22211	0.408878	2.30318	2.04957	0.726452
4120000	-24.31814	0	-24.31814	0.0510538	0.0867599	0.330136	0.242533	0.119056	0.347462	4.22077	0.380376	0.048508
4130000	-18.78821	0	-18.78821	0.100918	0.273815	0.207927	0.144968	0.22056	0.119766	2.60676	1.73421	0.802432
4140000	-19.7452	0	-19.7452	0.172647	0.217369	0.123131	0.401504	0.11472	0.0921766	1.46393	0.800638	2.3849
4150000	-14.94158	0	-14.94158	0.0531214	0.280982	0.111702	0.219767	0.0850181	0.0445018	2.30657	1.02114	0.17477
4160000	-20.14757	0	-20.14757	0.169445	0.0990786	0.15142	0.294381	0.152274	0.119918	1.09703	0.558404	0.021298
4170000	-31.09065	0	-31.09065	0.059881	0.0874464	0.109579	0.331726	0.133442	0.072737	3.75929	0.026723	0.00952747
4180000	-28.4352	0	-28.4352	0.223531	0.128903	0.0899297	0.273606	0.148724	0.183503	1.31988	0.596424	0.0114884
4190000	-22.42801	0	-22.42801	0.174504	0.499049	0.23857	0.419903	0.203337	0.106796	2.78141	2.84636	0.481857
4200000	-18.90068	0	-18.90068	0.135114	0.16859	0.131748	0.441074	0.24475	0.112193	3.17938	0.552749	0.0919033
4210000	-17.50572	0	-17.50572	0.118541	0.257171	0.18739	0.206957	0.0970193	0.244496	1.08977	0.713419	0.136923
4220000	-19.15702	0	-19.15702	0.131444	0.218362	0.0902839	0.562912	0.143382	0.168683	2.19419	0.469875	1.84565
4230000	-18.55935	0	-18.55935	0.0846536	0.243206	0.137057	0.352983	0.0578433	0.0833085	3.84656	0.314758	0.0933584
4240000	-16.79493	0	-16.79493	0.0699984	0.247458	0.0863994	0.335553	0.03459	0.165247	2.07577	0.880443	0.14608
4250000	-19.22079	0	-19.22079	0.180538	0.294845	0.0940282	0.208165	0.178397	0.168389	1.42748	1.11144	0.699864
4260000	-21.02435	0	-21.02435	0.192477	0.155679	0.108089	0.565012	0.114059	0.298296	0.848484	0.850098	2.68818
4270000	-30.64565	0	-30.64565	0.185698	0.123583	0.0652498	0.197999	0.218663	0.129359	1.70047	0.183134	0.0199852
4280000	-16.76573	0	-16.76573	0.0724187	0.177576	0.225803	0.263108	0.0841416	0.141325	1.21678	0.633407	0.0287423
4290000	-26.17519	0	-26.17519	0.156736	0.0957569	0.0457964	0.627739	0.366782	0.129611	2.14732	1.02818	0.208934
4300000	-19.64267	0	-19.64267	0.227461	0.250359	0.137069	0.206928	0.0582303	0.178695	2.50381	0.582729	0.364664
4310000	-16.04001	0	-16.04001	0.130769	0.19692	0.227757	0.274267	0.131732	0.154763	1.12553	0.671579	0.382962
4320000	-20.86861	0	-20.86861	0.12245	0.102687	0.322312	0.285888	0.0662649	0.101745	1.55914	0.615319	0.0481698
4330000	-21.6107	0	-21.6107	0.117627	0.228849	0.145188	0.221846	0.241925	0.139469	2.41977	1.5298	0.451678
4340000	-17.11521	0	-17.11521	0.148036	0.316591	0.0753841	0.177015	0.144904	0.0725447	2.98243	1.15791	0.59254
4350000	-16.88992	0	-16.88992	0.224933	0.413781	0.158707	0.205068	0.172135	0.0876013	1.27619	0.94021	0.354755
4360000	-15.29018	0	-15.29018	0.21929	0.220372	0.16472	0.306296	0.0861813	0.118052	0.987684	0.448554	0.0993272
4370000	-16.68594	0	-16.68594	0.158749	0.308269	0.15829	0.215747	0.187085	0.158079	2.10435	1.72898	0.0299878
4380000	-21.0462	0	-21.0462	0.250059	0.19871	0.125818	0.305082	0.114826	0.0843609	1.03383	0.671398	0.0611226
4390000	-17.21859	0	-17.21859	0.0950115	0.434933	0.21945	0.217995	0.123562	0.139704	1.43014	0.93002	0.0358505
4400000	-20.85569	0	-20.85569	0.193695	0.235148	0.18868	0.612084	0.0597195	0.0633331	0.876434	0.380244	0.376809
4410000	-18.25115	0	-18.25115	0.118884	0.334659	0.247434	0.36902	0.107442	0.208918	1.36527	0.828564	0.0548833
4420000	-22.92213	0	-22.92213	0.207233	0.180855	0.116248	0.235743	0.240426	0.225539	2.13499	0.696835	1.62062
4430000	-17.52835	0	-17.52835	0.103657	0.178745	0.167469	0.265276	0.0795842	0.099975	2.66698	1.94456	0.0332318
4440000	-21.33208	0	-21.33208	0.118251	0.161989	0.185347	0.313582	0.0530114	0.0577783	0.862097	0.303938	0.00740684
4450000	-19.31636	0	-19.31636	0.150668	0.237253	0.092076	0.229977	0.0921522	0.199513	0.962609	0.701524	2.25057
4460000	-20.14781	0	-20.14781	0.0834427	0.14449	0.224702	0.179202	0.0506745	0.300684	1.96026	0.922066	0.0194173
4470000	-16.69605	0	-16.69605	0.162452	0.186395	0.0453523	0.239414	0.102733	0.0830619	1.48021	0.347603	0.846199
4480000	-21.29205	0	-21.29205	0.235935	0.281523	0.159342	0.289317	0.101414	0.0481251	5.00765	1.80338	0.611989
4490000	-20.49457	0	-20.49457	0.180809	0.215447	0.259597	0.192546	0.0616397	0.154977	0.667904	0.439607	0.496542
4500000	-18.71676	0	-18.71676	0.262003	0.143732	0.322769	0.487433	0.0703229	0.244336	1.71283	0.950791	0.0384304
4510000	-17.11022	0	-17.11022	0.0900543	0.347372	0.0701306	0.324101	0.0637892	0.242362	2.50411	1.1775	0.097046
4520000	-26.09005	0	-26.09005	0.129544	0.0748134	0.316851	0.576749	0.0806012	0.116674	2.58268	0.579244	1.27846
4530000	-17.36035	0	-17.36035	0.183497	0.164272	0.207861	0.337527	0.137177	0.150302	3.3909	0.569598	0.017062
4540000	-27.17446	0	-27.17446	0.216257	0.134879	0.0898173	0.393418	0.128011	0.081291	0.845144	0.238998	0.164022
4550000	-20.97848	0	-20.97848	0.171032	0.3437	0.16307	0.19662	0.0894175	0.125659	2.8049	5.63664	0.0131458
4560000	-19.64613	0	-19.64613	0.305518	0.114982	0.138053	0.294967	0.0885503	0.0688928	2.00522	4.92351	0.480282
4570000	-23.98672	0	-23.98672	0.35964	0.398032	0.0461202	0.192888	0.131468	0.196085	2.28413	4.31681	0.332698
4580000	-23.48142	0	-23.48142	0.0893227	0.19159	0.129181	0.693824	0.136292	0.0558707	2.10628	1.06609	0.0165806
4590000	-23.60083	0	-23.60083	0.416884	0.276209	0.127916	0.285118	0.0653087	0.0596545	2.57885	4.67835	0.0369508
4600000	-22.98869	0	-22.98869	0.0709665	0.16644	0.323639	0.504661	0.127989	0.0596506	0.560529	0.18889	0.153875
4610000	-25.26742	0	-25.26742	0.110606	0.186495	0.261818	0.655653	0.136738	0.13907	0.56498	0.497423	0.0922553
4620000	-19.73152	0	-19.73152	0.167882	0.108915	0.19844	0.367734	0.0686618	0.0724525	4.73493	1.66938	0.024528
4630000	-17.63211	0	-17.63211	0.138403	0.308675	0.15617	0.265591	0.103731	0.171411	0.818951	0.619362	1.27371
4640000	-19.43457	0	-19.43457	0.210428	0.27705	0.091465	0.35037	0.27877	0.0860572	3.43272	1.35679	1.47532
4650000	-23.18992	0	-23.18992	0.0550263	0.156013	0.205769	0.299335	0.177891	0.0867841	0.384361	0.355732	0.075106
4660000	-15.77677	0	-15.77677	0.249347	0.0822611	0.141461	0.276005	0.159226	0.0895977	1.62005	1.87637	0.0981438
4670000	-14.17809	0	-14.17809	0.0932704	0.188992	0.20246	0.319425	0.0806418	0.0994328	1.87009	0.852569	0.109451
4680000	-19.33698	0	-19.33698	0.0951625	0.140705	0.113542	0.335574	0.108757	0.253706	1.59013	1.13803	0.0112266
4690000	-15.43141	0	-15.43141	0.160537	0.109305	0.171223	0.287725	0.0949032	0.156881	1.7573	0.653587	1.0699
4700000	-23.87104	0	-23.87104	0.194039	0.166493	0.0948663	0.244815	0.235622	0.0814585	1.06165	0.257731	0.00855243
4710000	-16.60802	0	-16.60802	0.206705	0.104074	0.189309	0.414513	0.168445	0.09918	0.808373	1.17545	0.742094
4720000	-18.74359	0	-18.74359	0.3893	0.132036	0.158888	0.260944	0.116063	0.178831	3.21318	1.43571	0.677812
4730000	-22.4441	0	-22.4441	0.112518	0.213972	0.119969	0.230144	0.201546	0.135128	3.35824	0.756883	0.0256409
4740000	-18.35639	0	-18.35639	0.17166	0.310211	0.105661	0.259393	0.0846079	0.171558	1.81885	1.13612	0.761243
4750000	-26.47114	0	-26.47114	0.106468	0.416547	0.369556	0.420258	0.0538703	0.234906	1.89769	4.19763	0.533948
4760000	-19.53801	0	-19.53801	0.168199	0.141108	0.172819	0.166693	0.10595	0.181223	3.11224	1.07801	0.0114618
4770000	-20.81336	0	-20.81336	0.17614	0.078314	0.215115	0.431646	0.104592	0.143542	1.53524	0.394779	0.00713158
4780000	-24.42346	0	-24.42346	0.129789	0.259373	0.141374	0.413641	0.0688965	0.0955744	5.11086	0.243205	0.0283205
4790000	-22.42998	0	-22.42998	0.147161	0.171836	0.0832397	0.524125	0.100366	0.118263	0.419885	0.121756	0.236548
4800000	-18.11494	0	-18.11494	0.183828	0.388183	0.131741	0.383733	0.166033	0.104857	1.75577	0.704962	0.168182
4810000	-21.99956	0	-21.99956	0.156946	0.250214	0.39338	0.367022	0.19216	0.102188	1.54501	0.307437	0.0248699
4820000	-23.55112	0	-23.55112	0.111791	0.260475	0.230175	0.440227	0.176635	0.187109	1.1124	2.72031	2.6442
4830000	-20.42182	0	-20.42182	0.10508	0.23658	0.0671963	0.497792	0.122792	0.228643	3.58592	2.03155	0.108743
4840000	-22.50328	0	-22.50328	0.154519	0.172217	0.0819724	0.824134	0.0981719	0.184819	1.47491	3.15622	0.149514
4850000	-18.41262	0	-18.41262	0.159027	0.0950945	0.153289	0.39537	0.110999	0.275081	2.64262	0.910643	1.34096
4860000	-22.6903	0	-22.6903	0.100489	0.22423	0.209235	0.314303	0.0639898	0.0669457	0.621798	0.128456	0.00867788
4870000	-21.87541	0	-21.87541	0.103172	0.407276	0.244633	0.382497	0.196897	0.230163	2.19916	0.63056	0.190647
4880000	-22.77611	0	-22.77611	0.14273	0.375782	0.202615	0.456635	0.149497	0.0652754	2.8587	0.533034	0.0595494
4890000	-24.17597	0	-24.17597	0.33935	0.0695608	0.0758997	0.294355	0.197911	0.184648	4.84684	1.80615	0.0613465
4900000	-16.0122	0	-16.0122	0.172469	0.103336	0.174803	0.196357	0.103635	0.0826736	0.900087	2.19343	0.268604
4910000	-18.24446	0	-18.24446	0.181428	0.221686	0.14367	0.292508	0.0692853	0.0879345	1.41265	0.788657	0.44621
4920000	-21.08677	0	-21.08677	0.426927	0.255963	0.118668	0.458719	0.0789777	0.0822621	0.469231	0.537402	0.224035
4930000	-24.44637	0	-24.44637	0.115688	0.111672	0.103527	0.329871	0.224377	0.0434116	2.92366	0.874526	0.00203992
4940000	-16.77453	0	-16.77453	0.245114	0.122866	0.116255	0.578185	0.103058	0.110844	2.06517	1.20473	1.56055
4950000	-15.07706	0	-15.07706	0.210472	0.0793789	0.158873	0.245969	0.0858293	0.203081	0.964901	2.04853	0.0140075
4960000	-20.66753	0	-20.66753	0.119568	0.0843972	0.0914116	0.313982	0.394677	0.146626	3.50779	0.802736	0.202894
4970000	-17.73973	0	-17.73973	0.203609	0.217068	0.127479	0.483643	0.0952128	0.150435	1.94419	0.327587	0.335065
4980000	-24.61996	0	-24.61996	0.0924751	0.0531164	0.146115	0.261125	0.162592	0.114235	2.47934	0.420494	0.0333187
4990000	-21.361	0	-21.361	0.0785249	0.0979754	0.131519	0.435562	0.238456	0.123734	3.02811	1.00306	1.32418
5000000	-22.82201	0	-22.82201	0.110227	0.147097	0.309451	0.194858	0.122021	0.0595928	2.45283	0.435216	0.056069
