Iteration	Posterior	Likelihood	Prior	lambda[1]	lambda[2]	lambda[3]	mu[1]	mu[2]	mu[3]	psi[1]	psi[2]	psi[3]
0	-59.84195	0	-59.84195	0.132989	0.0972015	0.0776461	0.111038	0.184949	0.0847977	0.389987	0.15531	0.379139
10000	-34.71431	0	-34.71431	0.0713261	0.319924	0.244658	0.26091	0.167983	0.0644856	2.29282	0.704868	0.481845
20000	-37.07629	0	-37.07629	0.141377	0.202254	0.193344	0.440406	0.0860146	0.113624	1.45148	0.931063	0.204664
30000	-42.77981	0	-42.77981	0.135482	0.265888	0.230945	0.272108	0.141864	0.0895227	4.29625	2.49978	1.72459
40000	-44.73995	0	-44.73995	0.173372	0.0959261	0.08548	0.229185	0.108523	0.120557	1.9186	0.723506	0.0587063
50000	-33.53311	0	-33.53311	0.207356	0.219362	0.176765	0.262165	0.0979776	0.106994	4.91658	0.644425	0.674136
60000	-43.14669	0	-43.14669	0.233819	0.322502	0.23305	0.337054	0.232353	0.128184	1.57687	2.04601	0.799057
70000	-37.29024	0	-37.29024	0.176274	0.305297	0.161082	0.256094	0.264735	0.079624	1.39195	2.00244	0.222977
80000	-46.06951	0	-46.06951	0.0650742	0.141926	0.193525	0.426086	0.14485	0.0813851	0.580766	0.353358	0.0651856
90000	-35.57006	0	-35.57006	0.113641	0.222245	0.141905	0.388088	0.0599732	0.0786535	0.654213	1.14787	0.86057
100000	-53.46088	0	-53.46088	0.112853	0.125854	0.108316	0.199409	0.0707002	0.0744127	4.366	2.32825	0.0276733
110000	-37.27351	0	-37.27351	0.0857852	0.23721	0.45504	0.241514	0.0624052	0.116085	0.826919	1.37032	2.6666
120000	-35.27329	0	-35.27329	0.203412	0.269403	0.102337	0.227326	0.109401	0.157382	1.23854	0.774869	0.174649
130000	-36.37562	0	-36.37562	0.114473	0.249966	0.163103	0.282609	0.0688598	0.0772328	1.8768	1.20176	0.890984
140000	-33.45922	0	-33.45922	0.152721	0.198877	0.215011	0.437252	0.137684	0.0991064	1.19744	1.63228	1.19447
150000	-37.70556	0	-37.70556	0.125854	0.337365	0.263643	0.237161	0.161424	0.0834609	2.08393	1.41101	1.43781
160000	-41.78889	0	-41.78889	0.0887979	0.0933553	0.151987	0.3021	0.109914	0.0695959	2.64016	7.23521	0.341874
170000	-34.94214	0	-34.94214	0.161009	0.0363893	0.310167	0.416518	0.092115	0.108658	2.06677	0.820477	0.0833518
180000	-37.92238	0	-37.92238	0.142019	0.267428	0.122508	0.411243	0.0683266	0.0784164	1.47432	0.516007	0.043905
190000	-36.78803	0	-36.78803	0.18527	0.2543	0.107341	0.493749	0.219293	0.211555	2.5675	1.14767	1.21365
200000	-32.76566	0	-32.76566	0.0846099	0.220954	0.134307	0.584366	0.0691197	0.204708	0.660687	1.40308	0.618553
210000	-38.91131	0	-38.91131	0.0571653	0.32338	0.154623	0.299727	0.0782011	0.115008	2.69484	0.722645	1.50476
220000	-52.12141	0	-52.12141	0.0620288	0.184968	0.0862236	0.312809	0.158328	0.0519257	1.23481	0.580464	0.00240481
230000	-35.38967	0	-35.38967	0.222727	0.184542	0.105029	0.493552	0.152268	0.0939673	2.2403	2.54813	0.833833
240000	-32.05083	0	-32.05083	0.127512	0.248928	0.376064	0.390887	0.0698851	0.0833185	2.19923	1.98431	1.89609
250000	-32.2048	0	-32.2048	0.085562	0.151827	0.116809	0.468925	0.0747353	0.133551	2.67671	0.556076	0.121373
260000	-41.23361	0	-41.23361	0.127941	0.0724171	0.140692	0.271006	0.0949306	0.210427	6.17535	1.89312	0.423544
270000	-44.57727	0	-44.57727	0.148262	0.0542946	0.193618	0.238839	0.114817	0.0703383	1.49759	1.20905	0.0768438
280000	-40.01336	0	-40.01336	0.108507	0.222353	0.174447	0.354571	0.192694	0.116522	3.56309	1.6058	1.46012
290000	-38.81947	0	-38.81947	0.120213	0.215614	0.137555	0.317833	0.217423	0.0626374	0.682734	1.5262	2.38266
300000	-46.64237	0	-46.64237	0.210823	0.170198	0.104107	0.301636	0.0961422	0.182462	2.14132	0.786312	0.250607
310000	-43.53991	0	-43.53991	0.10395	0.0815299	0.269284	0.319664	0.123488	0.0675421	1.05732	1.14305	0.0288025
320000	-37.18001	0	-37.18001	0.171833	0.260202	0.148117	0.764139	0.176658	0.117273	1.85425	0.691935	1.94473
330000	-39.90505	0	-39.90505	0.104525	0.151664	0.190802	0.313687	0.0536289	0.120816	0.50357	2.65664	0.150243
340000	-38.5869	0	-38.5869	0.0704286	0.396357	0.0679801	0.174333	0.204009	0.0968238	1.51985	2.61418	0.169811
350000	-33.46671	0	-33.46671	0.197558	0.172705	0.0690375	0.629346	0.0707026	0.0655875	1.70557	1.50329	0.143185
360000	-39.3869	0	-39.3869	0.169759	0.276741	0.101114	0.296797	0.0854077	0.149973	1.76514	0.596736	0.078663
370000	-34.70101	0	-34.70101	0.194836	0.12097	0.124114	0.645809	0.0752162	0.0383359	2.14496	1.64608	0.179336
380000	-34.49411	0	-34.49411	0.110149	0.179174	0.169885	0.417992	0.135118	0.0570365	1.29686	0.454907	0.113236
390000	-43.64785	0	-43.64785	0.05474	0.145451	0.258315	0.550986	0.0693983	0.209451	2.54649	2.76234	0.0799325
400000	-39.67189	0	-39.67189	0.157205	0.688427	0.143693	0.205888	0.0980341	0.257397	2.53782	5.5836	0.794864
410000	-41.21819	0	-41.21819	0.12596	0.194156	0.252103	0.336103	0.0962655	0.273403	2.47044	3.49131	0.031342
420000	-33.12319	0	-33.12319	0.119323	0.226825	0.332606	0.599898	0.113924	0.140616	1.58614	0.449919	0.749146
430000	-32.77193	0	-32.77193	0.12673	0.416046	0.0872017	0.416565	0.099833	0.219613	0.89082	1.46337	0.398749
440000	-41.67999	0	-41.67999	0.24352	0.516477	0.298093	0.488225	0.189925	0.196233	1.63895	1.0634	0.614611
450000	-42.77597	0	-42.77597	0.158118	0.234586	0.0706085	0.451782	0.193456	0.239937	1.68861	1.87369	1.03544
460000	-40.94006	0	-40.94006	0.248895	0.178933	0.232496	0.247385	0.0705777	0.216011	0.669683	0.684694	3.19788
470000	-32.03525	0	-32.03525	0.101625	0.269821	0.10348	0.555482	0.104553	0.0947275	1.71184	0.833873	1.22135
480000	-36.9704	0	-36.9704	0.107493	0.134358	0.481636	0.246955	0.132235	0.050053	2.85536	1.36684	1.64017
490000	-37.4952	0	-37.4952	0.128111	0.199037	0.106889	0.35564	0.206218	0.106627	3.27599	3.22939	0.70238
500000	-45.53829	0	-45.53829	0.131636	0.168977	0.175069	0.775628	0.287411	0.085041	5.07981	2.04566	2.94115
510000	-39.64741	0	-39.64741	0.197708	0.286705	0.154467	0.301416	0.147472	0.0782485	1.32113	3.48629	1.91432
520000	-37.22231	0	-37.22231	0.258337	0.0722222	0.202185	0.310076	0.0979608	0.121228	1.4326	0.839534	0.0342349
530000	-37.76529	0	-37.76529	0.0770759	0.120281	0.129551	0.471928	0.0806759	0.12426	1.32212	1.11625	0.102742
540000	-38.52214	0	-38.52214	0.154601	0.0945277	0.103703	0.303061	0.182992	0.148728	2.31268	1.66753	0.0778024
550000	-34.19216	0	-34.19216	0.187405	0.291452	0.171233	0.513724	0.0723485	0.146505	1.51673	1.20397	0.681089
560000	-34.39211	0	-34.39211	0.103994	0.3151	0.205255	0.286076	0.135059	0.170694	1.41214	1.71645	1.07649
570000	-42.96263	0	-42.96263	0.0991446	0.121387	0.127744	0.510399	0.0794748	0.129363	2.78168	0.293671	0.0293199
580000	-39.0981	0	-39.0981	0.210833	0.15416	0.105933	0.583184	0.156232	0.255575	1.96503	2.00163	0.911661
590000	-42.76299	0	-42.76299	0.0821509	0.125198	0.289561	0.497463	0.0944699	0.095878	3.82676	0.449789	0.078375
600000	-37.81307	0	-37.81307	0.222041	0.246706	0.277074	0.4746	0.0689093	0.079499	1.54064	0.884784	0.174174
610000	-40.3797	0	-40.3797	0.0686554	0.330146	0.182412	0.357252	0.0826926	0.151477	1.41427	0.886473	0.345614
620000	-40.63388	0	-40.63388	0.193133	0.174842	0.297227	0.304364	0.101542	0.162124	1.30072	1.85653	0.16854
630000	-39.33404	0	-39.33404	0.148085	0.109244	0.268808	0.446107	0.142033	0.0444387	1.92672	0.99319	0.105229
640000	-33.28184	0	-33.28184	0.123164	0.162908	0.130439	0.404903	0.0795168	0.05268	2.10285	1.51797	0.22408
650000	-41.18578	0	-41.18578	0.177633	0.0904131	0.28632	0.390325	0.127804	0.0857612	1.24914	0.944393	0.0886124
660000	-50.19926	0	-50.19926	0.370957	0.135273	0.0998928	0.607173	0.135505	0.0774952	2.31948	0.623323	0.00463241
670000	-41.62953	0	-41.62953	0.0876415	0.294094	0.554702	0.147112	0.114347	0.0617509	1.9768	0.684752	0.271415
680000	-32.47913	0	-32.47913	0.140886	0.238868	0.112794	0.370385	0.0986252	0.131672	1.89415	1.62547	2.15493
690000	-40.34525	0	-40.34525	0.144789	0.172286	0.259343	0.436375	0.0944433	0.131255	1.0844	0.419168	0.483383
700000	-38.59757	0	-38.59757	0.332563	0.156174	0.0808329	0.231935	0.15862	0.113477	1.66675	1.81003	0.289784
710000	-32.52857	0	-32.52857	0.116416	0.226316	0.0544665	0.252603	0.126223	0.142388	1.36747	0.678411	0.965285
720000	-36.3888	0	-36.3888	0.204985	0.19343	0.143238	0.202852	0.134284	0.127384	3.07315	1.14344	0.0965034
730000	-39.28374	0	-39.28374	0.116349	0.235384	0.257613	0.450109	0.064285	0.178917	1.9197	0.558431	1.19909
740000	-37.48281	0	-37.48281	0.164565	0.0921101	0.13866	0.345054	0.114613	0.152275	2.04297	2.0374	0.126754
750000	-34.08078	0	-34.08078	0.0881295	0.374351	0.215157	0.397392	0.226433	0.0707837	1.44884	1.26347	0.685692
760000	-35.64781	0	-35.64781	0.102464	0.169202	0.10117	0.575862	0.0821598	0.140966	1.52201	2.47694	0.760736
770000	-40.51904	0	-40.51904	0.0531929	0.269344	0.122977	0.392079	0.206042	0.157625	0.783324	0.77304	0.0222866
780000	-37.85201	0	-37.85201	0.0891004	0.217325	0.18498	0.379105	0.190067	0.208955	3.08936	1.86324	0.85226
790000	-41.15639	0	-41.15639	0.0858133	0.185684	0.114968	0.200548	0.132407	0.0851141	2.21198	1.00601	0.278752
800000	-37.89329	0	-37.89329	0.17213	0.235745	0.184367	0.47731	0.0418509	0.194139	2.93941	1.73848	0.728014
810000	-35.9598	0	-35.9598	0.114526	0.189184	0.190954	0.416675	0.06887	0.0950656	1.66643	4.08815	0.458565
820000	-31.88928	0	-31.88928	0.138913	0.2533	0.127011	0.31575	0.104194	0.147918	1.12328	1.77244	0.128134
830000	-37.71209	0	-37.71209	0.0436764	0.28822	0.304872	0.262311	0.0982274	0.100243	2.0611	0.707242	0.0566817
840000	-36.86864	0	-36.86864	0.241163	0.269862	0.227112	0.370913	0.0497053	0.122075	1.86569	0.424766	0.228008
850000	-44.97746	0	-44.97746	0.164124	0.12379	0.196292	0.305221	0.103451	0.114445	3.1878	1.00939	0.0789795
860000	-47.12412	0	-47.12412	0.0558332	0.176413	0.106954	0.219842	0.110013	0.133298	2.04671	1.36978	0.0487304
870000	-38.6076	0	-38.6076	0.105513	0.187194	0.231348	0.227847	0.0962453	0.051614	1.8768	2.12176	0.79446
880000	-40.40126	0	-40.40126	0.158678	0.0725156	0.145285	0.539098	0.0570006	0.0821109	3.02391	3.66503	0.019909
890000	-32.3209	0	-32.3209	0.0990356	0.131196	0.0751005	0.413416	0.0731913	0.103786	1.88042	0.762735	0.208643
900000	-40.83613	0	-40.83613	0.0888256	0.198931	0.0973926	0.259724	0.193408	0.0794429	2.464	1.01645	0.0286256
910000	-42.70883	0	-42.70883	0.273187	0.0995366	0.229913	0.410772	0.108098	0.0656363	3.17577	2.39216	0.016868
920000	-30.50677	0	-30.50677	0.198813	0.166218	0.142258	0.568102	0.0735407	0.0871156	3.44701	1.97955	0.380001
930000	-35.15552	0	-35.15552	0.0900822	0.274169	0.211764	0.391073	0.0577297	0.0517706	1.945	0.767656	0.463936
940000	-43.76758	0	-43.76758	0.117674	0.103809	0.441664	0.390834	0.0919725	0.138234	0.655537	0.53956	1.23922
950000	-44.95409	0	-44.95409	0.116295	0.0919415	0.192951	0.699074	0.0896527	0.114331	1.42098	0.996486	0.00731857
960000	-38.04342	0	-38.04342	0.135571	0.186593	0.311782	0.386678	0.131047	0.0509777	1.7572	1.00828	1.53113
970000	-40.75394	0	-40.75394	0.224278	0.311795	0.104713	0.499815	0.0764857	0.0981405	0.285947	0.879676	0.053967
980000	-42.18711	0	-42.18711	0.135005	0.32671	0.198961	0.204746	0.0862197	0.0840763	0.630083	0.628948	0.190372
990000	-39.95809	0	-39.95809	0.127238	0.166466	0.114661	0.325944	0.0920347	0.0622766	0.5167	3.11667	0.374644
1000000	-40.78882	0	-40.78882	0.13427	0.120515	0.136472	0.325928	0.115996	0.127234	1.03635	0.822795	0.191959
1010000	-36.84344	0	-36.84344	0.08531	0.155971	0.263624	0.539044	0.0897873	0.188787	1.69841	0.565626	0.429073
1020000	-42.83041	0	-42.83041	0.0927983	0.188189	0.187746	0.349885	0.0746944	0.183414	0.332368	2.23172	0.369374
1030000	-38.26932	0	-38.26932	0.172698	0.384527	0.226413	0.530004	0.117548	0.0998626	0.739678	0.863608	1.98692
1040000	-37.24711	0	-37.24711	0.105125	0.230877	0.160293	0.193437	0.110099	0.089658	0.781455	2.0298	0.0467359
1050000	-37.44053	0	-37.44053	0.345716	0.21124	0.105336	0.313301	0.0430913	0.0738276	1.02281	0.626335	0.389877
1060000	-39.07384	0	-39.07384	0.214681	0.128357	0.154759	0.320981	0.0979672	0.0488035	2.93635	1.95575	0.0990231
1070000	-40.36211	0	-40.36211	0.0791597	0.155122	0.127673	0.424861	0.0728994	0.130413	1.4396	1.74924	0.196479
1080000	-39.79162	0	-39.79162	0.106189	0.225916	0.252348	0.306575	0.0902401	0.156123	3.47452	1.86481	0.101025
1090000	-37.82145	0	-37.82145	0.0888235	0.273167	0.201113	0.293134	0.0368793	0.157704	0.951175	0.898338	0.153875
1100000	-42.37062	0	-42.37062	0.0490281	0.111032	0.229629	0.493195	0.0794873	0.115098	2.57561	0.312018	0.0972074
1110000	-36.83157	0	-36.83157	0.120113	0.337939	0.219488	0.313015	0.197479	0.11568	3.53303	1.14661	0.346153
1120000	-50.93836	0	-50.93836	0.116036	0.140886	0.143052	0.443101	0.228595	0.116013	0.671045	0.317697	0.027703
1130000	-42.79753	0	-42.79753	0.197114	0.347891	0.389208	0.495804	0.0448612	0.123374	0.605917	1.99103	1.45143
1140000	-49.22699	0	-49.22699	0.173782	0.1255	0.156833	0.575055	0.124881	0.0905041	1.40451	1.57726	0.214562
1150000	-41.7465	0	-41.7465	0.123937	0.0789735	0.0872524	0.421243	0.124253	0.0454197	4.38815	0.912299	0.0579307
1160000	-43.12236	0	-43.12236	0.0550055	0.0825645	0.345566	0.26004	0.103774	0.162324	1.88057	0.860225	0.0562016
1170000	-37.76209	0	-37.76209	0.196717	0.224458	0.416442	0.383391	0.0474345	0.112538	1.16953	2.21062	0.921149
1180000	-47.34353	0	-47.34353	0.166718	0.089014	0.115418	0.491296	0.0991066	0.0881324	2.41736	1.75683	0.0278037
1190000	-39.33236	0	-39.33236	0.0811403	0.195677	0.183607	0.41705	0.0748241	0.0842173	4.53151	1.20359	0.0668439
1200000	-44.8438	0	-44.8438	0.0957831	0.288455	0.184971	0.669456	0.161351	0.202267	1.62013	0.525635	0.102953
1210000	-39.86972	0	-39.86972	0.146489	0.0849767	0.238867	0.525752	0.125495	0.160891	0.793314	1.50579	0.448073
1220000	-37.93206	0	-37.93206	0.0760735	0.129449	0.247707	0.35548	0.143495	0.145748	1.21329	1.23715	0.64874
1230000	-38.77407	0	-38.77407	0.301289	0.228629	0.152711	0.460361	0.0612242	0.0661657	3.24203	0.991864	0.0704297
1240000	-38.04599	0	-38.04599	0.109186	0.532926	0.170467	0.305138	0.201801	0.101236	2.75204	3.30575	2.15938
1250000	-38.43263	0	-38.43263	0.134611	0.117464	0.132958	0.351255	0.0964855	0.161146	1.12171	2.11627	1.65089
1260000	-39.58138	0	-39.58138	0.173896	0.11484	0.0689474	0.381913	0.144801	0.060249	2.19181	0.76199	0.108054
1270000	-46.04692	0	-46.04692	0.175359	0.0844717	0.0528493	0.200421	0.0748293	0.0821336	2.18092	1.63061	0.0147807
1280000	-39.46977	0	-39.46977	0.141124	0.12508	0.219023	0.491982	0.0378866	0.105297	1.30553	0.916593	0.0336033
1290000	-37.02743	0	-37.02743	0.130083	0.316913	0.167271	0.680686	0.0808872	0.157573	0.907061	0.852503	0.050208
1300000	-37.3395	0	-37.3395	0.0859782	0.450029	0.186713	0.202975	0.0452687	0.154999	2.32441	0.660438	1.78675
1310000	-40.54724	0	-40.54724	0.095191	0.325561	0.393897	0.276103	0.181204	0.115391	1.16579	1.30429	0.205518
1320000	-39.30855	0	-39.30855	0.207488	0.0877407	0.373491	0.348851	0.0396217	0.18565	0.81466	0.605342	0.245162
1330000	-33.7373	0	-33.7373	0.149886	0.123033	0.0815222	0.422388	0.113391	0.0821287	0.751637	2.8963	3.30896
1340000	-39.11066	0	-39.11066	0.0940235	0.108162	0.135021	0.314268	0.113691	0.136736	1.04278	1.15903	5.07895
1350000	-35.36126	0	-35.36126	0.10419	0.37042	0.152682	0.288274	0.100136	0.0684431	1.52669	0.46931	0.455587
1360000	-44.0131	0	-44.0131	0.198406	0.183769	0.241158	0.328024	0.0691859	0.236601	3.24702	1.36532	0.130631
1370000	-39.01898	0	-39.01898	0.184648	0.305425	0.102378	0.361141	0.140391	0.148298	3.48518	3.37141	0.753215
1380000	-35.61737	0	-35.61737	0.205784	0.160017	0.0946012	0.531965	0.0501844	0.14653	1.85642	1.0768	0.058148
1390000	-39.52376	0	-39.52376	0.100195	0.0879217	0.196323	0.447152	0.0571465	0.0446423	1.13091	0.452235	0.065556
1400000	-40.68007	0	-40.68007	0.179757	0.183454	0.208496	0.313588	0.132429	0.122357	3.10858	2.06448	0.0665646
1410000	-36.85797	0	-36.85797	0.149599	0.188806	0.164764	0.326979	0.108891	0.158269	1.86769	0.829829	0.180818
1420000	-44.32003	0	-44.32003	0.114025	0.306331	0.107252	0.597904	0.216675	0.113377	0.562204	1.90367	4.04157
1430000	-39.38215	0	-39.38215	0.121355	0.109343	0.109544	0.350692	0.195177	0.113823	1.84595	1.25536	0.521748
1440000	-44.86322	0	-44.86322	0.15749	0.14615	0.183264	0.194728	0.106006	0.380501	1.99727	2.06377	0.212762
1450000	-37.55979	0	-37.55979	0.0874809	0.127419	0.354024	0.264324	0.136578	0.0505404	2.29394	0.560617	0.21183
1460000	-33.82757	0	-33.82757	0.0731974	0.241893	0.198646	0.529197	0.0338057	0.0738421	0.736677	0.899051	0.974959
1470000	-43.28797	0	-43.28797	0.108789	0.207835	0.0860118	0.12873	0.137273	0.0980198	3.05721	0.993482	0.0506222
1480000	-45.83612	0	-45.83612	0.0822296	0.157764	0.237894	0.647417	0.0977617	0.0917394	3.00316	4.5089	0.00367251
1490000	-34.11453	0	-34.11453	0.235922	0.318872	0.150143	0.357342	0.214006	0.0867938	3.22074	0.923276	0.730023
1500000	-46.04395	0	-46.04395	0.202046	0.269921	0.116478	0.627796	0.0743401	0.041018	1.09849	3.09142	2.74143
1510000	-46.80071	0	-46.80071	0.0894333	0.0961238	0.123754	0.31969	0.0308773	0.0580634	2.48598	0.938288	0.0277095
1520000	-37.7002	0	-37.7002	0.0879787	0.239093	0.175576	0.265582	0.111732	0.08007	2.83427	0.966331	0.804742
1530000	-34.46362	0	-34.46362	0.0731248	0.405934	0.246604	0.31973	0.202203	0.0468926	2.64807	0.431356	1.07754
1540000	-35.72051	0	-35.72051	0.084367	0.167884	0.184813	0.266603	0.118969	0.144749	2.16384	0.752976	0.0430787
1550000	-36.34096	0	-36.34096	0.0750798	0.35532	0.175738	0.517694	0.173378	0.205943	2.12708	2.13837	1.51097
1560000	-43.00142	0	-43.00142	0.252712	0.343725	0.190808	0.390123	0.0593418	0.0983339	2.5641	3.65973	0.349076
1570000	-29.53877	0	-29.53877	0.132728	0.211183	0.242733	0.325891	0.114012	0.0753341	0.952113	2.31967	0.588175
1580000	-44.83963	0	-44.83963	0.197328	0.34449	0.284518	0.361519	0.114429	0.141053	1.07872	0.891637	0.452753
1590000	-45.48703	0	-45.48703	0.306579	0.442821	0.11087	0.516311	0.221701	0.0321203	1.38488	0.524592	1.53856
1600000	-38.29168	0	-38.29168	0.110257	0.523864	0.17674	0.409051	0.13172	0.0995235	0.776083	2.20117	2.18319
1610000	-39.71664	0	-39.71664	0.145038	0.124366	0.277602	0.197555	0.138551	0.100384	2.4535	0.600238	0.826907
1620000	-40.04233	0	-40.04233	0.131432	0.315032	0.214	0.171445	0.0848589	0.123926	3.84242	2.5667	0.129584
1630000	-36.07413	0	-36.07413	0.173054	0.232779	0.287999	0.256668	0.068763	0.176574	0.952425	3.92999	0.445067
1640000	-44.52479	0	-44.52479	0.0583047	0.187034	0.192334	0.492978	0.166605	0.160772	0.754235	0.646698	0.0340275
1650000	-43.65469	0	-43.65469	0.106228	0.187388	0.154945	0.523988	0.106838	0.0511351	4.93464	0.670876	0.375207
1660000	-36.48647	0	-36.48647	0.251729	0.123625	0.244999	0.558472	0.060464	0.119862	2.88875	2.04063	0.149598
1670000	-38.49568	0	-38.49568	0.199151	0.418687	0.178588	0.368167	0.22099	0.162325	2.11552	1.26277	2.35394
1680000	-35.66596	0	-35.66596	0.181661	0.192645	0.110978	0.379898	0.0740199	0.0750644	1.12346	0.835028	1.93993
1690000	-35.955	0	-35.955	0.134424	0.0779858	0.154083	0.309249	0.0618135	0.118596	0.94575	2.00751	0.787635
1700000	-38.55775	0	-38.55775	0.120554	0.188286	0.127801	0.2621	0.138077	0.123106	0.584495	0.324392	0.341831
1710000	-36.11143	0	-36.11143	0.179897	0.0682689	0.251921	0.440902	0.0621617	0.0783658	2.88063	1.56958	0.191758
1720000	-43.44093	0	-43.44093	0.0999086	0.0709121	0.397358	0.184669	0.13163	0.213878	1.14698	1.08746	0.328279
1730000	-38.25521	0	-38.25521	0.233667	0.356776	0.119359	0.336631	0.333801	0.0734591	2.1902	2.15934	0.881702
1740000	-35.12219	0	-35.12219	0.201894	0.218318	0.244548	0.264188	0.112335	0.112633	4.04007	1.18126	0.198985
1750000	-34.33801	0	-34.33801	0.136284	0.245028	0.335457	0.454112	0.105096	0.078933	2.13063	1.71677	0.133715
1760000	-40.90915	0	-40.90915	0.0802355	0.13094	0.149454	0.606817	0.154821	0.0721931	4.19824	1.73275	0.0864717
1770000	-36.73975	0	-36.73975	0.080456	0.1954	0.0803702	0.37188	0.195257	0.133131	3.32386	0.691056	0.827674
1780000	-34.13734	0	-34.13734	0.190142	0.133444	0.115189	0.323316	0.103151	0.0973151	0.898208	2.62458	1.04476
1790000	-45.50777	0	-45.50777	0.261698	0.144447	0.340277	0.579632	0.0884542	0.15026	7.02351	1.57262	1.19762
1800000	-36.44756	0	-36.44756	0.0901095	0.11988	0.287265	0.466512	0.157064	0.172803	1.86361	2.37311	0.726329
1810000	-42.84702	0	-42.84702	0.0664275	0.0513747	0.130026	0.249964	0.100127	0.064235	5.70465	0.288069	0.0316456
1820000	-35.06979	0	-35.06979	0.0801222	0.421855	0.203224	0.255444	0.179927	0.0832791	1.77974	2.2425	0.634944
1830000	-39.03999	0	-39.03999	0.146093	0.124326	0.0751744	0.536891	0.260027	0.0511453	1.42065	1.58484	1.454
1840000	-38.46602	0	-38.46602	0.19279	0.169687	0.09038	0.527556	0.115876	0.148777	2.33773	3.51066	0.0497381
1850000	-36.72759	0	-36.72759	0.16322	0.336851	0.0733208	0.499305	0.089679	0.171997	3.26306	1.25302	1.88425
1860000	-43.53636	0	-43.53636	0.0776686	0.105279	0.31807	0.22488	0.0771804	0.128487	2.89054	0.5597	0.102518
1870000	-43.89368	0	-43.89368	0.323487	0.0935009	0.23662	0.461705	0.0786348	0.0769952	1.4471	0.534279	0.30354
1880000	-46.18284	0	-46.18284	0.0969371	0.0723643	0.302883	0.120446	0.146373	0.133614	1.40656	4.80098	0.0405185
1890000	-43.2029	0	-43.2029	0.0992257	0.140551	0.213044	0.27964	0.108647	0.0771044	1.6226	0.997457	0.139002
1900000	-37.38062	0	-37.38062	0.0648704	0.270748	0.203889	0.343858	0.113392	0.190874	1.65283	4.29923	0.454029
1910000	-38.97175	0	-38.97175	0.354171	0.296914	0.115911	0.491761	0.0724132	0.253411	5.30307	1.24942	0.6812
1920000	-42.41088	0	-42.41088	0.0672331	0.113392	0.274521	0.270114	0.129413	0.0782332	2.82511	2.73512	0.01705
1930000	-44.62041	0	-44.62041	0.202953	0.155098	0.411468	0.498624	0.184574	0.080418	1.24223	0.798519	0.0179287
1940000	-41.50165	0	-41.50165	0.132558	0.104724	0.153241	0.258998	0.108458	0.0792195	0.832684	5.24175	0.0502034
1950000	-48.49032	0	-48.49032	0.0689319	0.0828468	0.201596	0.391962	0.174473	0.0781371	1.47644	0.308934	0.0113249
1960000	-35.13708	0	-35.13708	0.0731301	0.24514	0.26677	0.412976	0.0773187	0.131168	2.1847	0.728384	1.62694
1970000	-33.51841	0	-33.51841	0.109366	0.317587	0.178384	0.352792	0.0930803	0.158014	2.39843	0.996296	0.333335
1980000	-42.06749	0	-42.06749	0.0723697	0.276162	0.266179	0.347946	0.087249	0.160873	1.35933	1.85353	0.0269416
1990000	-37.63742	0	-37.63742	0.151284	0.440919	0.108394	0.3011	0.158979	0.138526	1.02053	3.74639	0.269856
2000000	-45.98689	0	-45.98689	0.280234	0.140872	0.0998554	0.237346	0.0356958	0.0563344	0.928399	1.92062	0.0126448
2010000	-34.87003	0	-34.87003	0.159467	0.173541	0.16037	0.319322	0.0709892	0.183253	2.78031	0.53581	1.53731
2020000	-35.52841	0	-35.52841	0.152222	0.157256	0.174099	0.477641	0.155789	0.156697	0.606531	0.867962	0.186233
2030000	-34.78912	0	-34.78912	0.328224	0.161034	0.137689	0.282287	0.0363612	0.183759	1.11303	1.20084	0.271499
2040000	-38.55515	0	-38.55515	0.101086	0.224162	0.187279	0.627823	0.134069	0.150722	1.35486	0.846377	0.16211
2050000	-34.48843	0	-34.48843	0.0949145	0.334098	0.279331	0.710052	0.133369	0.111535	1.51833	1.61828	0.330788
2060000	-37.93781	0	-37.93781	0.0831364	0.270742	0.153835	0.227828	0.18989	0.0591453	1.98041	1.17977	0.100278
2070000	-32.8879	0	-32.8879	0.224013	0.309541	0.265208	0.439152	0.0897991	0.214876	3.5953	1.47171	2.39493
2080000	-40.80828	0	-40.80828	0.144303	0.26235	0.539618	0.298173	0.12684	0.159117	1.84334	0.442271	0.581207
2090000	-35.52094	0	-35.52094	0.219318	0.277644	0.178194	0.308874	0.180682	0.168662	1.18148	3.44683	0.278306
2100000	-38.48184	0	-38.48184	0.066769	0.131458	0.101305	0.359033	0.0838875	0.0968114	3.64146	1.51191	0.0666225
2110000	-43.67354	0	-43.67354	0.322107	0.15534	0.100296	0.416453	0.070015	0.0990174	1.18043	0.410494	0.0226034
2120000	-39.27032	0	-39.27032	0.0852501	0.167367	0.383447	0.350749	0.11092	0.0555867	1.77127	0.734467	0.100915
2130000	-37.73768	0	-37.73768	0.278664	0.271092	0.150333	0.64497	0.167742	0.0873639	3.87921	1.3013	0.824522
2140000	-41.08435	0	-41.08435	0.220307	0.178916	0.211073	0.138041	0.0916083	0.0516447	1.7841	0.862041	0.10358
2150000	-36.8628	0	-36.8628	0.174429	0.26966	0.2672	0.549974	0.171247	0.188936	2.14307	2.06083	1.24679
2160000	-40.78599	0	-40.78599	0.125298	0.0871702	0.112432	0.382153	0.188985	0.0393001	2.69159	1.50085	0.132288
2170000	-36.68385	0	-36.68385	0.132411	0.245639	0.0915041	0.689916	0.112966	0.0879159	3.02971	1.51511	0.619406
2180000	-36.07269	0	-36.07269	0.191086	0.111327	0.175361	0.440448	0.144168	0.0811919	2.73346	3.01277	0.0147702
2190000	-36.44675	0	-36.44675	0.109942	0.190216	0.0992467	0.415258	0.0470473	0.0581156	0.764061	0.8971	0.0966856
2200000	-42.59157	0	-42.59157	0.207418	0.205401	0.272244	0.231176	0.0575958	0.107502	3.72864	1.04209	0.105907
2210000	-36.49337	0	-36.49337	0.176398	0.182521	0.135321	0.372029	0.0353422	0.077573	0.935547	1.48806	0.0791566
2220000	-40.5986	0	-40.5986	0.147867	0.118281	0.0671481	0.250713	0.0917044	0.0558468	2.44876	1.67207	0.0481779
2230000	-35.38193	0	-35.38193	0.0885185	0.187504	0.0979319	0.393179	0.148691	0.0824309	1.08527	3.08168	0.607738
2240000	-38.23195	0	-38.23195	0.125726	0.085319	0.322206	0.300893	0.103759	0.219732	1.77893	2.77949	0.140334
2250000	-34.24824	0	-34.24824	0.141725	0.275337	0.14661	0.486575	0.131691	0.12132	3.19256	1.66685	1.15122
2260000	-33.42829	0	-33.42829	0.135977	0.242424	0.224941	0.462767	0.0648418	0.0779346	1.64741	1.64965	0.353901
2270000	-37.32864	0	-37.32864	0.214431	0.11955	0.205569	0.182819	0.132434	0.134503	1.18249	2.46958	0.274445
2280000	-40.21719	0	-40.21719	0.0507003	0.384063	0.133328	0.442823	0.139438	0.0583545	1.00418	2.33302	0.479364
2290000	-47.51124	0	-47.51124	0.0915287	0.100877	0.109129	0.31875	0.134253	0.0690474	1.01591	0.525453	0.0155571
2300000	-41.70184	0	-41.70184	0.0732153	0.143052	0.181253	0.512006	0.121738	0.045522	0.612871	0.313331	0.0999595
2310000	-42.45678	0	-42.45678	0.071518	0.220248	0.238288	0.309337	0.023206	0.209266	1.14782	0.835234	0.15341
2320000	-36.61546	0	-36.61546	0.14188	0.420999	0.176778	0.234666	0.194698	0.114654	6.79395	0.788811	0.331737
2330000	-37.2714	0	-37.2714	0.146375	0.372407	0.0944366	0.365587	0.0894999	0.171034	1.52578	0.599325	0.177259
2340000	-43.39034	0	-43.39034	0.203271	0.189136	0.190247	0.426214	0.0952405	0.0714801	2.76902	0.292886	0.050966
2350000	-41.78837	0	-41.78837	0.15016	0.127234	0.110632	0.451985	0.0370147	0.11731	2.06905	0.903889	0.297344
2360000	-41.06073	0	-41.06073	0.143154	0.13574	0.55436	0.387573	0.0930122	0.292154	1.4228	1.02861	0.382
2370000	-37.83054	0	-37.83054	0.0949662	0.275472	0.233621	0.252557	0.120277	0.0292209	1.0686	2.45008	0.286849
2380000	-46.4062	0	-46.4062	0.212321	0.227266	0.172559	0.19027	0.257316	0.0801531	3.74583	2.42923	0.505764
2390000	-37.02782	0	-37.02782	0.0634646	0.151972	0.227353	0.46488	0.0906363	0.159658	1.19604	0.830962	0.31066
2400000	-37.32088	0	-37.32088	0.12409	0.0950139	0.320616	0.429438	0.147479	0.14851	1.26986	1.21537	0.107098
2410000	-39.52612	0	-39.52612	0.185158	0.22306	0.16334	0.32583	0.110215	0.0401896	5.95677	0.781258	0.0726954
2420000	-34.62484	0	-34.62484	0.150952	0.345244	0.147069	0.461994	0.16542	0.189527	1.38805	1.03837	0.601274
2430000	-41.04562	0	-41.04562	0.122479	0.16502	0.119534	0.205439	0.0620946	0.103842	1.91092	0.761889	0.900473
2440000	-33.89386	0	-33.89386	0.115603	0.189185	0.454577	0.545435	0.103769	0.0710439	3.73251	1.82351	1.22421
2450000	-42.08722	0	-42.08722	0.0526104	0.22059	0.242327	0.417478	0.290903	0.159593	1.9506	3.57263	0.168485
2460000	-44.28937	0	-44.28937	0.0913384	0.158131	0.130809	0.237107	0.108646	0.104058	1.4074	0.641084	0.0130044
2470000	-35.491	0	-35.491	0.106589	0.215016	0.571289	0.302079	0.0730707	0.136663	1.30363	1.13189	0.864339
2480000	-41.44972	0	-41.44972	0.341133	0.313911	0.136449	0.276914	0.180484	0.144192	2.56013	1.32519	0.0619901
2490000	-36.22967	0	-36.22967	0.0989373	0.306521	0.119838	0.630829	0.145717	0.153523	2.26679	0.333915	0.887004
2500000	-36.92039	0	-36.92039	0.0886553	0.515445	0.275035	0.156532	0.0965849	0.108187	1.89137	1.55902	0.155447
2510000	-32.9045	0	-32.9045	0.124866	0.23773	0.158533	0.308496	0.218846	0.120035	1.07197	2.39013	2.22991
2520000	-37.74511	0	-37.74511	0.126882	0.283425	0.304293	0.250513	0.127323	0.191383	1.92795	1.99543	0.959521
2530000	-40.82373	0	-40.82373	0.172129	0.202803	0.170198	0.368696	0.0873543	0.0970877	2.29645	2.89217	0.020622
2540000	-34.04382	0	-34.04382	0.114349	0.366463	0.309335	0.270312	0.176356	0.132276	1.69694	1.0987	3.18319
2550000	-39.25915	0	-39.25915	0.22519	0.250856	0.334391	0.407399	0.082544	0.0709069	0.859738	1.87656	0.141958
2560000	-39.80089	0	-39.80089	0.172057	0.158561	0.153786	0.411281	0.148202	0.0220961	3.16085	0.999154	0.344777
2570000	-37.45034	0	-37.45034	0.16622	0.2198	0.0851371	0.298455	0.134241	0.279801	5.00179	1.9398	0.497661
2580000	-36.46505	0	-36.46505	0.155171	0.473159	0.174472	0.539018	0.147171	0.0553648	1.45341	2.73779	0.108567
2590000	-42.35573	0	-42.35573	0.0943121	0.260253	0.317969	0.474514	0.112739	0.22684	3.62067	3.13935	0.328877
2600000	-40.33943	0	-40.33943	0.131683	0.179113	0.110303	0.231389	0.102371	0.155663	1.31204	1.43463	1.01521
2610000	-32.62734	0	-32.62734	0.120415	0.161055	0.128627	0.443718	0.0834378	0.146289	2.56682	0.739124	0.557295
2620000	-39.33634	0	-39.33634	0.118504	0.371117	0.189223	0.456131	0.0811547	0.123877	1.17959	2.15505	0.350334
2630000	-42.93947	0	-42.93947	0.265549	0.16452	0.0889202	0.638996	0.242714	0.063913	1.7198	0.873913	0.105199
2640000	-38.00715	0	-38.00715	0.0721207	0.265034	0.334136	0.478109	0.138899	0.098599	2.90491	1.87882	0.0599619
2650000	-39.36211	0	-39.36211	0.117875	0.0928254	0.253669	0.379777	0.110602	0.0953245	1.20448	0.978556	0.0226931
2660000	-33.57242	0	-33.57242	0.244501	0.132656	0.0769587	0.459398	0.0513873	0.195445	1.94153	1.42675	0.351987
2670000	-38.18897	0	-38.18897	0.139527	0.122634	0.111383	0.287273	0.156049	0.0717079	3.05929	5.56299	0.887675
2680000	-38.54185	0	-38.54185	0.261713	0.202523	0.209911	0.693161	0.0711017	0.0370998	2.99108	1.31956	0.0587352
2690000	-39.76714	0	-39.76714	0.136728	0.11611	0.376076	0.268449	0.150234	0.0751331	3.95801	1.41442	0.40329
2700000	-39.6228	0	-39.6228	0.225252	0.163559	0.11838	0.298761	0.159115	0.150702	4.39516	1.23643	0.162761
2710000	-42.46223	0	-42.46223	0.164676	0.0843582	0.0960021	0.299105	0.266652	0.125382	2.59223	0.827568	1.22917
2720000	-32.37888	0	-32.37888	0.0600917	0.28868	0.0993842	0.276477	0.109924	0.0923534	1.4842	0.727045	0.407888
2730000	-37.62409	0	-37.62409	0.0643048	0.0797914	0.145299	0.448987	0.097848	0.204786	2.67899	2.38019	0.267785
2740000	-32.15696	0	-32.15696	0.149875	0.162469	0.134012	0.201243	0.0808946	0.13656	1.79214	1.52614	1.53178
2750000	-44.34929	0	-44.34929	0.193212	0.145923	0.0941445	0.337915	0.110434	0.124605	3.17422	0.811319	0.0700802
2760000	-45.14531	0	-45.14531	0.1311	0.196311	0.15627	0.211783	0.07952	0.151654	0.6262	1.1951	0.10388
2770000	-37.77351	0	-37.77351	0.058059	0.483829	0.102974	0.495827	0.111797	0.222863	2.65896	1.78978	0.210065
2780000	-36.97239	0	-36.97239	0.115494	0.111687	0.100114	0.278665	0.132647	0.0554822	1.04156	0.943959	1.53189
2790000	-47.55341	0	-47.55341	0.0943846	0.162891	0.165899	0.399532	0.173924	0.0425464	1.50974	0.256913	0.0262804
2800000	-39.33372	0	-39.33372	0.197707	0.310127	0.101353	0.310866	0.0674338	0.0553147	1.00088	2.26441	3.73352
2810000	-48.6462	0	-48.6462	0.184565	0.195794	0.215588	0.476073	0.0653292	0.22173	1.72409	0.408326	0.0592896
2820000	-33.53356	0	-33.53356	0.0885733	0.240142	0.101007	0.270999	0.072418	0.128023	1.13524	1.79134	0.173969
2830000	-47.69694	0	-47.69694	0.132702	0.207222	0.194683	0.526017	0.078559	0.0721089	1.58238	1.68006	0.079952
2840000	-39.51704	0	-39.51704	0.222003	0.195208	0.195314	0.600588	0.165492	0.120992	2.86276	1.2135	0.244311
2850000	-40.1842	0	-40.1842	0.059768	0.26277	0.0466832	0.619139	0.0542007	0.0513516	0.991817	0.880783	0.770427
2860000	-43.41084	0	-43.41084	0.254693	0.162604	0.431228	0.568258	0.114475	0.0851646	1.42574	1.08629	0.134741
2870000	-38.07874	0	-38.07874	0.161423	0.195668	0.223253	0.392848	0.0932525	0.276833	0.71097	0.445982	0.662629
2880000	-39.35144	0	-39.35144	0.124049	0.237251	0.215176	0.351253	0.1531	0.0600026	2.71625	0.964445	0.53238
2890000	-33.86073	0	-33.86073	0.0962901	0.317332	0.138016	0.315705	0.113864	0.169074	2.05876	0.648983	0.131204
2900000	-37.6513	0	-37.6513	0.0727271	0.207656	0.0696541	0.22457	0.0534263	0.127775	1.46123	1.10687	0.0396652
2910000	-33.04424	0	-33.04424	0.0917775	0.352052	0.179001	0.609616	0.166658	0.10847	2.52471	0.944808	0.695192
2920000	-40.65918	0	-40.65918	0.0857948	0.141493	0.199449	0.247143	0.0896944	0.159127	2.65852	1.02751	0.136419
2930000	-43.15681	0	-43.15681	0.200926	0.224175	0.182358	0.43022	0.0884037	0.0455378	1.04269	0.767603	0.0617775
2940000	-46.13795	0	-46.13795	0.210801	0.185841	0.10716	0.201296	0.0691192	0.355989	1.2316	1.5612	0.26783
2950000	-38.03968	0	-38.03968	0.133281	0.362472	0.229983	0.297894	0.167181	0.123178	1.72832	1.02006	0.0746424
2960000	-43.18648	0	-43.18648	0.0532231	0.211089	0.187529	0.485609	0.0502427	0.0978637	1.04241	0.357197	0.0394995
2970000	-38.04598	0	-38.04598	0.0949937	0.321724	0.117295	0.296793	0.251424	0.156169	0.867452	1.07178	0.180437
2980000	-41.80958	0	-41.80958	0.0744943	0.164857	0.18381	0.217662	0.0640509	0.275289	1.67338	3.08847	0.0843106
2990000	-39.57293	0	-39.57293	0.152607	0.171438	0.266557	0.397206	0.0630765	0.154531	1.27877	1.9445	0.402395
3000000	-39.13857	0	-39.13857	0.269214	0.191497	0.455268	0.272107	0.270597	0.142361	2.91989	2.91058	0.284936
3010000	-37.45977	0	-37.45977	0.0732903	0.165169	0.217139	0.25532	0.0609099	0.0917832	1.49972	1.35212	0.0440695
3020000	-41.59862	0	-41.59862	0.0739494	0.30093	0.246192	0.256724	0.0890872	0.0821732	3.04517	0.61293	1.02307
3030000	-40.30497	0	-40.30497	0.154008	0.149988	0.122568	0.491247	0.234998	0.121556	2.69893	1.83154	0.0939125
3040000	-40.09618	0	-40.09618	0.319403	0.171412	0.164562	0.553463	0.107035	0.279061	2.80969	1.64857	1.6495
3050000	-39.05922	0	-39.05922	0.131972	0.16294	0.117894	0.343197	0.111088	0.109893	1.40929	0.816255	0.163345
3060000	-38.41649	0	-38.41649	0.0813386	0.402168	0.142716	0.211861	0.196903	0.160846	3.15553	2.66589	2.44516
3070000	-44.93803	0	-44.93803	0.144212	0.167984	0.117855	0.334225	0.0669439	0.236602	1.03485	1.82839	0.430693
3080000	-34.46496	0	-34.46496	0.117151	0.246485	0.105041	0.385943	0.0925672	0.195022	2.56868	0.554745	0.803476
3090000	-45.89157	0	-45.89157	0.140843	0.0817063	0.0710631	0.373119	0.0430806	0.147723	3.34524	2.26589	0.0874844
3100000	-36.00123	0	-36.00123	0.065728	0.408612	0.12778	0.29413	0.106432	0.104352	4.55812	2.88857	0.518394
3110000	-42.42258	0	-42.42258	0.0785656	0.153904	0.387933	0.754694	0.12146	0.0846496	5.83337	1.7496	0.114906
3120000	-51.28062	0	-51.28062	0.150012	0.0989731	0.206786	0.706978	0.105804	0.133308	5.3562	0.403051	0.00993345
3130000	-40.98807	0	-40.98807	0.170927	0.20832	0.195739	0.228111	0.0919759	0.0560529	3.42996	1.66054	0.250933
3140000	-47.46385	0	-47.46385	0.160307	0.226002	0.216829	0.490606	0.10749	0.0799727	4.0997	0.699133	0.483128
3150000	-37.22532	0	-37.22532	0.140255	0.088455	0.256888	0.215441	0.103349	0.0538169	1.17755	1.81851	0.0222615
3160000	-44.87528	0	-44.87528	0.128189	0.0905341	0.199689	0.321178	0.105995	0.0519767	0.94551	4.79897	0.0436078
3170000	-34.13546	0	-34.13546	0.233113	0.27459	0.109651	0.287544	0.153756	0.0981341	2.01586	2.71622	0.147743
3180000	-39.31714	0	-39.31714	0.130996	0.406634	0.0615742	0.42387	0.124355	0.089231	2.23559	1.45618	0.348015
3190000	-40.47892	0	-40.47892	0.122425	0.155416	0.317565	0.18819	0.0691061	0.103661	1.2965	1.4766	2.93322
3200000	-34.38769	0	-34.38769	0.0644235	0.154794	0.131911	0.23087	0.0850807	0.117076	1.84552	1.40698	0.451906
3210000	-41.90022	0	-41.90022	0.126336	0.175207	0.18594	0.323974	0.0528961	0.0584079	0.717349	0.402623	0.211463
3220000	-36.26229	0	-36.26229	0.187061	0.403199	0.136631	0.81365	0.0984459	0.141367	1.27451	1.19935	0.391635
3230000	-43.94094	0	-43.94094	0.121547	0.417856	0.179928	0.426649	0.106401	0.0702027	0.565951	0.583978	0.125529
3240000	-40.09457	0	-40.09457	0.153063	0.172387	0.111426	0.473614	0.0835149	0.062116	2.01575	0.339375	0.43498
3250000	-41.23966	0	-41.23966	0.244338	0.16239	0.182236	0.641115	0.118649	0.0809028	4.43695	1.34908	0.0251786
3260000	-42.60978	0	-42.60978	0.174997	0.160753	0.21457	0.427315	0.0966654	0.133025	1.6234	0.473518	0.0203429
3270000	-40.8797	0	-40.8797	0.130781	0.22174	0.433656	0.436114	0.117983	0.0674284	1.63689	1.13345	0.435966
3280000	-35.52889	0	-35.52889	0.152504	0.138077	0.148048	0.257507	0.12477	0.103397	0.809123	1.20101	0.134243
3290000	-42.11142	0	-42.11142	0.106913	0.182333	0.0969732	0.495872	0.0721888	0.12839	1.77774	2.47316	0.00301953
3300000	-52.36603	0	-52.36603	0.167888	0.166582	0.322306	0.559196	0.158004	0.188574	3.22601	0.789938	0.031658
3310000	-39.99569	0	-39.99569	0.0997282	0.401775	0.0511634	0.215286	0.0608781	0.0741057	1.3275	1.3124	1.54557
3320000	-42.49513	0	-42.49513	0.0570704	0.225344	0.334642	0.522472	0.100582	0.13421	2.41847	4.37602	0.340726
3330000	-52.26043	0	-52.26043	0.0419946	0.143191	0.127	0.316986	0.0802735	0.0856811	4.84054	0.251935	0.105576
3340000	-34.19985	0	-34.19985	0.241399	0.152491	0.153627	0.437116	0.0811499	0.0683212	1.92664	1.40997	0.252935
3350000	-36.26043	0	-36.26043	0.155137	0.232754	0.0893507	0.305679	0.0493567	0.0683109	1.04946	0.878637	0.0935757
3360000	-37.82114	0	-37.82114	0.212179	0.43254	0.171881	0.31901	0.0984369	0.252827	2.23134	1.36818	2.55084
3370000	-37.36036	0	-37.36036	0.191383	0.268362	0.193301	0.39901	0.123779	0.0461295	1.89344	0.645001	0.724352
3380000	-32.76271	0	-32.76271	0.135518	0.236173	0.137392	0.511185	0.108418	0.102157	0.961555	0.987222	0.0761698
3390000	-46.34405	0	-46.34405	0.145473	0.127675	0.209822	0.431593	0.142599	0.108212	2.85295	0.756176	0.0394984
3400000	-43.31201	0	-43.31201	0.0767266	0.269062	0.171364	0.377828	0.125254	0.183906	2.11928	0.971827	2.16655
3410000	-36.50511	0	-36.50511	0.089062	0.241456	0.113214	0.286695	0.180793	0.0767445	1.34673	0.679569	0.16096
3420000	-34.03876	0	-34.03876	0.122854	0.105949	0.149858	0.434472	0.120215	0.105112	4.05196	3.30769	0.0894424
3430000	-46.05858	0	-46.05858	0.398189	0.101363	0.271422	0.298595	0.0770483	0.111699	2.59506	1.62679	0.0183694
3440000	-49.14055	0	-49.14055	0.0757762	0.0686568	0.199037	0.202244	0.125909	0.078092	2.51868	0.273773	0.021754
3450000	-33.20369	0	-33.20369	0.17838	0.134416	0.146991	0.415249	0.123733	0.127876	2.52744	1.14358	0.572684
3460000	-43.8935	0	-43.8935	0.120043	0.235268	0.138678	0.454758	0.0978186	0.090258	2.6208	1.1859	1.58642
3470000	-36.87906	0	-36.87906	0.135206	0.153113	0.202303	0.269573	0.0835972	0.0901735	2.43866	0.913346	0.284572
3480000	-31.75268	0	-31.75268	0.176262	0.137159	0.246377	0.286502	0.0993515	0.0921645	1.70681	1.71074	0.414975
3490000	-36.75662	0	-36.75662	0.082471	0.138757	0.229006	0.395765	0.153143	0.150889	1.26154	1.66428	0.236643
3500000	-42.22103	0	-42.22103	0.0800532	0.340198	0.105881	0.448997	0.182341	0.115448	1.93463	3.17792	0.119604
3510000	-31.40272	0	-31.40272	0.140312	0.192115	0.293729	0.504216	0.110717	0.0903241	3.22535	0.975501	1.20336
3520000	-35.17212	0	-35.17212	0.164581	0.157983	0.0693272	0.228377	0.106338	0.176789	2.31462	1.55688	0.214847
3530000	-45.1441	0	-45.1441	0.201472	0.256917	0.0866842	0.291484	0.269056	0.0709208	2.72355	0.929851	0.0930065
3540000	-40.42909	0	-40.42909	0.166095	0.207378	0.212709	0.465109	0.0710219	0.106856	0.837137	0.739068	0.842843
3550000	-36.35538	0	-36.35538	0.142584	0.0854555	0.49787	0.327961	0.170969	0.248162	2.63453	1.94447	0.415737
3560000	-46.68131	0	-46.68131	0.428973	0.129314	0.152822	0.324899	0.121931	0.0880958	2.65132	4.50317	0.207676
3570000	-44.56846	0	-44.56846	0.18967	0.196874	0.0766821	0.259963	0.12014	0.168695	5.80005	2.39201	0.468511
3580000	-39.67414	0	-39.67414	0.0636053	0.105003	0.147832	0.381519	0.09389	0.114086	3.73488	1.38758	0.0673266
3590000	-37.70255	0	-37.70255	0.0637291	0.32757	0.0894905	0.861654	0.145294	0.101619	2.68572	0.952212	0.154156
3600000	-34.70782	0	-34.70782	0.0971449	0.202915	0.150428	0.505638	0.0361471	0.214537	0.994477	1.20248	0.454118
3610000	-39.08702	0	-39.08702	0.142955	0.119342	0.146301	0.221078	0.0744705	0.0933467	2.07662	0.971718	0.0252301
3620000	-33.41674	0	-33.41674	0.0760823	0.180165	0.172227	0.203037	0.0735959	0.174254	1.92894	1.0255	0.635592
3630000	-38.46973	0	-38.46973	0.100024	0.181446	0.315523	0.34789	0.113145	0.161731	2.78962	1.47557	1.30661
3640000	-41.18534	0	-41.18534	0.11908	0.091644	0.140334	0.4491	0.0829077	0.0951446	2.96956	0.284984	0.155811
3650000	-37.81499	0	-37.81499	0.14289	0.265285	0.161486	0.255551	0.212837	0.168792	1.74764	0.697197	0.349833
3660000	-40.18495	0	-40.18495	0.20405	0.137845	0.115363	0.395323	0.0948982	0.0875892	2.39076	2.14431	0.0342078
3670000	-42.5042	0	-42.5042	0.0873735	0.203915	0.173569	0.53984	0.144713	0.126814	0.928566	1.05155	0.0773476
3680000	-36.37693	0	-36.37693	0.0775245	0.279781	0.126592	0.371582	0.0691683	0.185941	0.566673	0.616864	0.656364
3690000	-38.8771	0	-38.8771	0.203796	0.117299	0.119865	0.448627	0.160863	0.0610535	1.30224	1.39664	0.442472
3700000	-35.15718	0	-35.15718	0.110388	0.229581	0.244706	0.342066	0.112716	0.107651	0.95807	1.29149	0.124747
3710000	-42.49486	0	-42.49486	0.087981	0.161964	0.0898826	0.344561	0.308442	0.0628434	0.865868	0.965693	0.0447077
3720000	-34.81736	0	-34.81736	0.0905742	0.221896	0.132687	0.601639	0.111531	0.127407	2.01272	4.36015	0.829602
3730000	-38.72184	0	-38.72184	0.115562	0.399937	0.196748	0.305877	0.228168	0.0840236	1.04589	1.36117	0.130604
3740000	-46.19855	0	-46.19855	0.101898	0.196658	0.288435	0.564496	0.108169	0.326057	1.94441	5.84411	0.251082
3750000	-35.79181	0	-35.79181	0.0741717	0.182953	0.198126	0.26127	0.0838197	0.0643795	1.96238	2.54224	0.354363
3760000	-39.38791	0	-39.38791	0.239675	0.237258	0.101824	0.286958	0.0862023	0.143779	0.839406	0.584591	0.304511
3770000	-36.9762	0	-36.9762	0.0819511	0.132421	0.513105	0.367407	0.0761972	0.178321	3.50927	0.305338	0.0546864
3780000	-35.03535	0	-35.03535	0.141475	0.461284	0.0625161	0.411483	0.0767653	0.116694	0.977362	1.78445	2.4366
3790000	-35.17627	0	-35.17627	0.128567	0.13136	0.20951	0.317296	0.137358	0.145455	0.79311	2.52817	0.168296
3800000	-43.73494	0	-43.73494	0.0898806	0.0929216	0.112605	0.3588	0.113898	0.189049	1.02033	0.815248	0.093462
3810000	-44.77843	0	-44.77843	0.115903	0.143973	0.210977	0.350928	0.232947	0.164848	1.72921	2.01139	0.14814
3820000	-37.61915	0	-37.61915	0.168429	0.154656	0.186797	0.294548	0.0661665	0.0919905	0.399955	0.704274	0.0573278
3830000	-33.22638	0	-33.22638	0.15057	0.327108	0.167705	0.340685	0.0513142	0.114507	1.9917	1.97415	0.37443
3840000	-43.79489	0	-43.79489	0.0914233	0.0691764	0.117553	0.470295	0.0945908	0.0601263	0.595166	0.902387	0.391099
3850000	-38.35635	0	-38.35635	0.24802	0.338175	0.0943778	0.302146	0.249043	0.0953432	0.924869	1.89544	0.469315
3860000	-33.22342	0	-33.22342	0.151785	0.322261	0.192512	0.492024	0.118027	0.0665734	1.69329	1.30377	2.50521
3870000	-36.08393	0	-36.08393	0.202112	0.241777	0.130233	0.409146	0.238517	0.0718437	1.66983	0.900133	1.37879
3880000	-45.49478	0	-45.49478	0.204343	0.194208	0.204965	0.237671	0.185445	0.270038	1.56445	1.16059	0.312624
3890000	-37.26324	0	-37.26324	0.0562644	0.229505	0.0723195	0.273648	0.124668	0.105356	1.81439	2.01652	0.0804034
3900000	-41.71251	0	-41.71251	0.149654	0.185365	0.152669	0.286987	0.158387	0.115544	1.13397	1.9675	0.106639
3910000	-37.19504	0	-37.19504	0.0861865	0.305823	0.104909	0.252668	0.122175	0.0769299	0.705729	1.54721	6.47997
3920000	-47.39583	0	-47.39583	0.18874	0.137097	0.193269	0.816826	0.0861298	0.039839	1.0183	1.01029	0.244774
3930000	-35.6814	0	-35.6814	0.180824	0.224704	0.241233	0.373555	0.107513	0.0609775	2.15532	0.820098	0.604136
3940000	-39.79488	0	-39.79488	0.0876397	0.272863	0.147983	0.885908	0.0861835	0.0470366	1.71421	2.16622	2.35186
3950000	-34.91407	0	-34.91407	0.098735	0.240856	0.167949	0.317401	0.0558614	0.101138	1.21188	0.72578	0.477381
3960000	-54.27702	0	-54.27702	0.215014	0.182789	0.343734	0.65033	0.027856	0.15216	1.06055	0.69545	0.205271
3970000	-39.82192	0	-39.82192	0.0382574	0.131738	0.120382	0.406076	0.0739995	0.107052	3.54951	0.463008	1.30806
3980000	-39.75725	0	-39.75725	0.17391	0.110934	0.142588	0.306402	0.123048	0.0568737	0.927496	2.22372	0.216578
3990000	-40.45838	0	-40.45838	0.211935	0.287234	0.195975	0.745431	0.089028	0.11242	3.45895	1.1273	0.185833
4000000	-44.89466	0	-44.89466	0.0820513	0.152908	0.155658	0.263383	0.12468	0.119861	4.73431	3.85808	0.0355232
4010000	-38.49329	0	-38.49329	0.0881855	0.119672	0.0662453	0.394713	0.0835274	0.120681	1.02941	2.53458	1.01824
4020000	-36.38531	0	-36.38531	0.140341	0.38961	0.254142	0.419017	0.177941	0.152468	1.32568	1.41749	2.91431
4030000	-37.7358	0	-37.7358	0.152513	0.307262	0.145087	0.231116	0.159447	0.0775015	6.11075	0.993911	0.929659
4040000	-34.29588	0	-34.29588	0.152996	0.114411	0.133646	0.423265	0.0964514	0.13457	2.18257	2.23793	0.198327
4050000	-38.06455	0	-38.06455	0.241307	0.15156	0.139988	0.371455	0.0948735	0.201056	1.1978	1.46987	4.18067
4060000	-36.35063	0	-36.35063	0.122772	0.0987383	0.235235	0.29549	0.124535	0.0892604	1.28608	1.00458	0.166847
4070000	-36.49898	0	-36.49898	0.127838	0.213592	0.14034	0.161211	0.204225	0.0808557	1.5334	0.854865	2.85243
4080000	-54.1602	0	-54.1602	0.0582609	0.0973089	0.0676126	0.32504	0.111091	0.0505842	2.91722	1.31741	0.0389564
4090000	-39.23125	0	-39.23125	0.108835	0.429726	0.149241	0.253218	0.105508	0.190454	1.19138	1.4918	0.267098
4100000	-35.45637	0	-35.45637	0.154455	0.31782	0.103338	0.210462	0.0777748	0.0693304	2.00662	2.05392	0.210389
4110000	-34.44194	0	-34.44194	0.137672	0.244508	0.178938	0.236843	0.115764	0.143524	1.41356	1.30599	0.131498
4120000	-33.65694	0	-33.65694	0.163988	0.292953	0.098291	0.19576	0.0922392	0.112498	3.0902	1.64168	2.28331
4130000	-40.57536	0	-40.57536	0.114984	0.315836	0.043456	0.224677	0.180407	0.0693932	2.19096	0.721678	0.105864
4140000	-36.75105	0	-36.75105	0.0356506	0.354848	0.250683	0.21336	0.0834579	0.0965081	3.01691	1.26924	2.06295
4150000	-42.29296	0	-42.29296	0.083043	0.135946	0.0672622	0.258274	0.194834	0.0998893	2.00872	0.512205	0.0891955
4160000	-35.43664	0	-35.43664	0.191067	0.166057	0.103632	0.518342	0.0931487	0.295705	3.3372	1.8725	0.333683
4170000	-38.26274	0	-38.26274	0.0526661	0.320404	0.08371	0.266436	0.134047	0.0972671	6.66542	1.19003	0.97485
4180000	-43.26087	0	-43.26087	0.133564	0.45042	0.511313	0.473308	0.145953	0.18565	1.32817	0.489642	1.36889
4190000	-42.32664	0	-42.32664	0.0656201	0.613886	0.155498	0.211979	0.0741018	0.0789882	1.99828	0.673632	0.11756
4200000	-41.45381	0	-41.45381	0.213365	0.2974	0.17447	0.472707	0.089194	0.090921	1.49165	0.980889	0.0261075
4210000	-33.87306	0	-33.87306	0.162024	0.168302	0.142629	0.354107	0.0554638	0.0911516	1.8501	1.3864	0.247164
4220000	-40.79069	0	-40.79069	0.141006	0.328426	0.110035	0.535489	0.198468	0.034813	1.29441	0.548716	0.48513
4230000	-38.42435	0	-38.42435	0.0752271	0.223574	0.180103	0.371634	0.113221	0.13577	1.65283	1.01196	0.487597
4240000	-43.3616	0	-43.3616	0.175937	0.175141	0.142208	0.448999	0.193737	0.0589749	0.413482	0.470972	0.227315
4250000	-40.86462	0	-40.86462	0.0433967	0.0516029	1.00068	0.153672	0.0972127	0.205282	1.23153	0.301311	0.294311
4260000	-39.60217	0	-39.60217	0.130206	0.390651	0.286841	0.391969	0.123928	0.100673	2.61721	3.97447	1.45095
4270000	-48.63871	0	-48.63871	0.0775116	0.104058	0.132283	0.481321	0.0599028	0.0560538	0.764854	0.281371	0.0586449
4280000	-45.39538	0	-45.39538	0.194538	0.0996325	0.122697	0.268405	0.0522783	0.0954177	2.14118	1.3642	0.0346545
4290000	-38.77122	0	-38.77122	0.130893	0.136796	0.222674	0.365071	0.103285	0.111234	2.55814	5.48079	0.712686
4300000	-38.37983	0	-38.37983	0.18648	0.431471	0.135871	0.491035	0.119431	0.0710073	1.17045	2.86422	0.491459
4310000	-37.57247	0	-37.57247	0.124444	0.147622	0.191543	0.39076	0.111875	0.141516	1.96404	3.64638	0.266802
4320000	-33.25489	0	-33.25489	0.0925651	0.416626	0.195984	0.254757	0.132347	0.15456	1.41721	0.823994	0.0960551
4330000	-45.65919	0	-45.65919	0.0731558	0.161591	0.262638	0.863293	0.0679519	0.116641	1.85055	0.612905	0.0254027
4340000	-38.49463	0	-38.49463	0.144366	0.407185	0.17003	0.493252	0.124436	0.114803	1.17301	1.21178	0.195846
4350000	-44.07239	0	-44.07239	0.050699	0.083255	0.437063	0.472695	0.12523	0.102815	2.63934	2.64652	0.222271
4360000	-43.06631	0	-43.06631	0.0699513	0.136652	0.236965	0.38145	0.0551177	0.126081	4.25878	0.943173	0.575069
4370000	-32.91872	0	-32.91872	0.147812	0.407924	0.197619	0.610194	0.16203	0.105668	2.64326	1.51179	0.162561
4380000	-35.62793	0	-35.62793	0.0539524	0.145977	0.11619	0.49882	0.123251	0.152884	1.14962	1.11913	0.106334
4390000	-37.60074	0	-37.60074	0.0999267	0.256302	0.0825801	0.313601	0.0505215	0.114207	1.01772	2.20987	0.876556
4400000	-45.20914	0	-45.20914	0.163088	0.11094	0.0747239	0.319762	0.0880145	0.0979091	2.50077	0.761351	0.0143997
4410000	-30.73921	0	-30.73921	0.0798095	0.258907	0.157886	0.451447	0.100265	0.176918	2.77342	0.861	1.01242
4420000	-39.16222	0	-39.16222	0.117892	0.26226	0.229444	0.355917	0.057889	0.132173	4.17051	2.65585	0.44133
4430000	-40.6183	0	-40.6183	0.0788982	0.294361	0.190812	0.513587	0.0802886	0.108156	2.9172	0.989096	0.208925
4440000	-35.18269	0	-35.18269	0.182719	0.0906555	0.260511	0.418122	0.0887628	0.126747	3.17395	0.864881	0.170062
4450000	-38.62389	0	-38.62389	0.0630591	0.134735	0.323759	0.494307	0.103277	0.103198	1.60069	1.21102	1.15868
4460000	-44.86151	0	-44.86151	0.223002	0.151238	0.0992887	0.444155	0.118816	0.0865606	2.75216	0.442314	0.0858349
4470000	-41.21439	0	-41.21439	0.266255	0.224671	0.143991	0.521281	0.101402	0.136478	0.917275	2.0558	0.567429
4480000	-35.79102	0	-35.79102	0.0918273	0.153143	0.161404	0.315543	0.162037	0.118199	3.45594	2.01192	0.236522
4490000	-40.49286	0	-40.49286	0.137346	0.167536	0.157547	0.419434	0.139696	0.0975377	1.80674	0.312915	0.197962
4500000	-37.24191	0	-37.24191	0.128527	0.548817	0.146829	0.164903	0.216004	0.0806541	2.60606	0.973959	0.173315
4510000	-46.09318	0	-46.09318	0.179805	0.169466	0.119511	0.458436	0.0834682	0.0699205	1.29879	4.21598	0.0992032
4520000	-40.87718	0	-40.87718	0.165953	0.526059	0.113188	0.208441	0.249993	0.129481	1.19768	3.54216	1.43357
4530000	-35.09602	0	-35.09602	0.0956316	0.267473	0.117158	0.462265	0.08452	0.0808939	0.732643	0.676803	0.495883
4540000	-44.67888	0	-44.67888	0.0660349	0.130561	0.136681	0.324663	0.142005	0.258494	1.12912	0.578189	0.124558
4550000	-32.03228	0	-32.03228	0.141832	0.201975	0.140423	0.52183	0.105145	0.112731	3.04294	1.47216	1.66809
4560000	-44.93183	0	-44.93183	0.231603	0.267345	0.10213	0.299347	0.0417831	0.0684716	4.84665	2.94418	0.197448
4570000	-36.08345	0	-36.08345	0.161546	0.174716	0.10266	0.309744	0.047187	0.18747	1.08881	1.14331	0.049849
4580000	-36.11122	0	-36.11122	0.0719392	0.295404	0.178111	0.361228	0.115128	0.0946935	1.32597	3.57174	0.838745
4590000	-42.35997	0	-42.35997	0.0926533	0.126251	0.173447	0.345682	0.129885	0.0665218	3.20745	1.54621	0.0732396
4600000	-41.85822	0	-41.85822	0.206598	0.187348	0.143441	0.380397	0.204976	0.232393	1.00423	2.14552	0.415485
4610000	-40.79842	0	-40.79842	0.273942	0.1378	0.189349	0.447463	0.0985924	0.0898428	1.22486	1.80404	1.26655
4620000	-36.30448	0	-36.30448	0.079319	0.229912	0.140859	0.395131	0.0904151	0.131102	1.46631	1.82221	0.0694272
4630000	-32.03886	0	-32.03886	0.180812	0.189965	0.227542	0.970133	0.0864701	0.125633	2.48141	1.26192	0.42493
4640000	-39.67723	0	-39.67723	0.157249	0.317347	0.115493	0.345388	0.10934	0.0818865	4.12658	0.60367	0.00830304
4650000	-29.01675	0	-29.01675	0.117361	0.256211	0.187896	0.456054	0.0642651	0.0935174	1.65477	0.909608	0.503984
4660000	-33.85364	0	-33.85364	0.129754	0.281792	0.165807	0.546897	0.118315	0.099927	2.14769	1.00877	1.64383
4670000	-40.52193	0	-40.52193	0.102119	0.100428	0.124658	0.580959	0.0815621	0.149375	1.45548	3.20837	0.0332731
4680000	-37.73484	0	-37.73484	0.0766351	0.305225	0.196729	0.310638	0.113322	0.0704603	3.11381	1.52033	0.683422
4690000	-42.25054	0	-42.25054	0.101245	0.134668	0.129187	0.301274	0.137502	0.0842143	2.58871	1.39862	0.0857268
4700000	-41.64522	0	-41.64522	0.117425	0.172177	0.128652	0.530545	0.110792	0.0577363	2.17717	0.390395	0.165468
4710000	-42.34971	0	-42.34971	0.0735384	0.247461	0.101231	0.362605	0.102391	0.0848172	2.42053	1.58398	0.0316162
4720000	-34.59662	0	-34.59662	0.0676704	0.219992	0.162177	0.590849	0.0668624	0.0880996	1.42547	2.18403	0.933538
4730000	-37.7058	0	-37.7058	0.101558	0.127077	0.200933	0.448802	0.109565	0.063928	1.19584	0.859964	0.0895602
4740000	-49.13354	0	-49.13354	0.0592166	0.242371	0.0946856	0.307329	0.0761215	0.172984	1.44859	0.986785	0.036135
4750000	-32.50844	0	-32.50844	0.137215	0.208805	0.134168	0.423381	0.0750691	0.0603456	1.09839	0.822892	0.0351146
4760000	-40.19314	0	-40.19314	0.190647	0.268378	0.0550302	0.392385	0.10059	0.0570285	1.22008	1.03847	0.0781914
4770000	-33.27039	0	-33.27039	0.0830508	0.357776	0.0796853	0.418868	0.0817857	0.106166	1.04408	1.65189	0.860938
4780000	-38.50744	0	-38.50744	0.17087	0.1812	0.148693	0.467733	0.131992	0.0591546	2.29997	2.73974	0.604646
4790000	-43.70025	0	-43.70025	0.206414	0.135629	0.205505	0.463546	0.119598	0.0998103	2.34513	0.820796	0.604873
4800000	-41.85242	0	-41.85242	0.166104	0.30498	0.0711282	0.271504	0.156142	0.104726	2.25764	1.1201	0.524539
4810000	-38.74525	0	-38.74525	0.0391044	0.436507	0.121524	0.672335	0.0898751	0.125745	1.40272	0.934115	0.41784
4820000	-41.43598	0	-41.43598	0.105691	0.384609	0.159704	0.229824	0.139842	0.145423	2.91569	0.692822	1.30414
4830000	-43.24748	0	-43.24748	0.0454641	0.275006	0.117328	0.239934	0.184155	0.115486	1.74044	0.193146	0.588477
4840000	-37.62225	0	-37.62225	0.202539	0.167177	0.128961	0.507092	0.121408	0.0575967	1.08919	1.78214	0.824018
4850000	-33.54651	0	-33.54651	0.150907	0.398446	0.291765	0.331002	0.131526	0.0978698	0.864196	2.60326	0.282371
4860000	-51.73341	0	-51.73341	0.07187	0.104508	0.234541	0.334824	0.131984	0.0687305	1.78411	1.01023	0.0437404
4870000	-39.14234	0	-39.14234	0.171387	0.187781	0.10008	0.271613	0.0757743	0.095959	2.56169	2.52202	1.55334
4880000	-44.81398	0	-44.81398	0.150683	0.069434	0.25608	0.331863	0.148576	0.113673	1.16965	1.08094	0.069171
4890000	-50.58949	0	-50.58949	0.0995231	0.0667331	0.335872	0.508521	0.141721	0.216595	4.03846	0.199014	0.0614806
4900000	-43.94045	0	-43.94045	0.199628	0.15783	0.167998	0.461961	0.0753332	0.111925	3.0278	0.460438	0.159713
4910000	-36.8609	0	-36.8609	0.125558	0.38749	0.138932	0.343782	0.0783281	0.159797	1.74899	1.5965	0.141511
4920000	-52.76004	0	-52.76004	0.253621	0.0790727	0.235447	0.678614	0.116906	0.0907711	2.08184	0.611658	0.023029
4930000	-38.85654	0	-38.85654	0.072383	0.124819	0.233065	0.324933	0.0800879	0.11538	2.4925	3.43604	0.254432
4940000	-37.7879	0	-37.7879	0.12996	0.421687	0.0914733	0.418226	0.136144	0.0605122	2.20502	1.19281	0.55329
4950000	-48.52359	0	-48.52359	0.113998	0.302081	0.164752	0.224701	0.134846	0.0773498	1.06252	0.357595	0.127233
4960000	-39.53536	0	-39.53536	0.23591	0.240798	0.185286	0.284318	0.194971	0.0645428	1.79404	1.47036	0.0102473
4970000	-39.92105	0	-39.92105	0.242448	0.14442	0.217597	0.462745	0.061298	0.115102	1.77513	1.75211	0.0909016
4980000	-36.17269	0	-36.17269	0.113376	0.220088	0.192557	0.441343	0.124377	0.0590331	3.19619	2.78229	0.578682
4990000	-42.90399	0	-42.90399	0.116315	0.234483	0.105732	0.377646	0.0658791	0.0994634	2.9175	2.58166	0.0154842
5000000	-48.86549	0	-48.86549	0.127274	0.403323	0.0964687	0.263099	0.0874902	0.100951	0.961586	0.30418	0.0354967
