Iteration	Posterior	Likelihood	Prior	lambda[1]	lambda[2]	lambda[3]	mu[1]	mu[2]	mu[3]	psi[1]	psi[2]	psi[3]
0	-23.61518	0	-23.61518	0.195731	0.161749	0.0578973	0.180542	0.186434	0.113835	0.628415	0.19424	0.0850501
10000	-25.94091	0	-25.94091	0.288874	0.0885071	0.0848174	0.135184	0.137611	0.0810647	4.30758	0.0526634	0.716122
20000	-19.32957	0	-19.32957	0.0837416	0.079232	0.124331	0.253488	0.137841	0.183114	2.77415	0.235782	0.378825
30000	-17.10289	0	-17.10289	0.176662	0.123332	0.0626131	0.221303	0.0661849	0.222676	1.60258	2.08095	1.85522
40000	-15.92865	0	-15.92865	0.145603	0.229118	0.271987	0.251831	0.08547	0.145184	0.984959	0.626031	0.64137
50000	-20.50244	0	-20.50244	0.202211	0.128515	0.250853	0.304719	0.143008	0.168857	1.69572	0.603591	2.74242
60000	-24.67534	0	-24.67534	0.088386	0.132038	0.225171	0.244417	0.0539849	0.210528	2.74421	0.109555	0.0336244
70000	-18.11299	0	-18.11299	0.182705	0.156278	0.0750918	0.141495	0.159556	0.106384	0.806464	0.870178	1.56475
80000	-22.12644	0	-22.12644	0.126042	0.204837	0.229561	0.180108	0.058387	0.0792337	1.44985	2.57491	1.31466
90000	-19.08318	0	-19.08318	0.0952469	0.126588	0.205231	0.365135	0.172648	0.137021	1.39121	0.417216	1.31516
100000	-22.80093	0	-22.80093	0.0990022	0.124509	0.0634347	0.213953	0.257099	0.136294	3.29837	0.64351	1.53781
110000	-16.21435	0	-16.21435	0.220544	0.170371	0.175935	0.224948	0.111266	0.133393	1.10879	0.168676	0.797367
120000	-18.48841	0	-18.48841	0.0637463	0.172357	0.139451	0.277203	0.151492	0.0983439	1.13796	0.0919531	1.23064
130000	-17.24947	0	-17.24947	0.182045	0.123359	0.186377	0.187044	0.12256	0.17191	1.86854	0.150191	2.57842
140000	-18.19079	0	-18.19079	0.213225	0.105955	0.237508	0.226331	0.09642	0.296301	0.886087	1.02187	2.197
150000	-20.12546	0	-20.12546	0.159489	0.149786	0.0747416	0.245184	0.214061	0.0819356	0.848922	1.38147	1.39585
160000	-20.49534	0	-20.49534	0.252875	0.115874	0.0929228	0.248787	0.0701818	0.18923	1.15071	1.38757	1.06511
170000	-17.13295	0	-17.13295	0.186303	0.143618	0.157317	0.297811	0.172988	0.123979	2.09866	0.0615733	0.230609
180000	-17.81487	0	-17.81487	0.155828	0.0588198	0.114881	0.152746	0.187036	0.119731	3.96419	0.564842	2.06582
190000	-25.42531	0	-25.42531	0.382172	0.159531	0.386402	0.335078	0.1284	0.15988	2.7075	1.79088	1.60058
200000	-20.42366	0	-20.42366	0.233747	0.0620707	0.297986	0.319123	0.105218	0.19044	1.91098	3.38235	2.35181
210000	-23.27718	0	-23.27718	0.085194	0.092518	0.148087	0.16644	0.0615904	0.127428	1.54313	1.94359	1.95046
220000	-21.54164	0	-21.54164	0.245009	0.132928	0.130902	0.33991	0.213235	0.086791	1.43247	2.53603	0.812167
230000	-22.14634	0	-22.14634	0.152068	0.0842936	0.133986	0.147045	0.149971	0.0476606	0.785298	0.0420574	0.0518357
240000	-17.44218	0	-17.44218	0.0723202	0.167623	0.133305	0.335003	0.128659	0.235638	2.46322	0.449682	1.72105
250000	-20.24775	0	-20.24775	0.240359	0.117907	0.0709455	0.260226	0.113793	0.124423	1.74183	1.18564	0.224486
260000	-23.90613	0	-23.90613	0.238273	0.235134	0.214143	0.297052	0.173625	0.0929101	3.38616	0.572795	2.10136
270000	-20.82869	0	-20.82869	0.142567	0.224769	0.487255	0.304246	0.201347	0.167925	1.57661	1.2478	0.623358
280000	-17.68885	0	-17.68885	0.111605	0.370465	0.1216	0.357034	0.0725608	0.122928	1.68984	0.227689	0.614754
290000	-16.93941	0	-16.93941	0.0985639	0.110356	0.0936509	0.238473	0.120707	0.119015	1.80108	2.051	0.692182
300000	-18.83773	0	-18.83773	0.228104	0.182304	0.255097	0.205688	0.0794714	0.112542	2.91493	0.379717	0.744071
310000	-25.92283	0	-25.92283	0.0748149	0.138538	0.393421	0.63805	0.100942	0.226625	5.83201	0.397984	0.620682
320000	-17.06237	0	-17.06237	0.115354	0.255387	0.0967495	0.370112	0.113047	0.186479	1.04823	0.204834	0.32863
330000	-19.21198	0	-19.21198	0.108605	0.0647919	0.106807	0.302299	0.1875	0.133434	1.1896	0.577372	0.591699
340000	-18.98311	0	-18.98311	0.109505	0.119569	0.133102	0.290347	0.12742	0.298147	0.328187	0.0641121	0.255765
350000	-19.3536	0	-19.3536	0.193827	0.114523	0.135027	0.229558	0.194992	0.0828393	3.25399	2.60458	0.908911
360000	-16.41276	0	-16.41276	0.166836	0.0820072	0.373531	0.21695	0.167172	0.143171	1.37901	0.604449	1.29127
370000	-19.26502	0	-19.26502	0.0848878	0.214609	0.144747	0.418469	0.0972294	0.0903687	1.61325	0.344717	0.980535
380000	-23.75882	0	-23.75882	0.253636	0.0804042	0.153478	0.158592	0.130756	0.0816102	3.73912	1.53142	0.708645
390000	-20.1484	0	-20.1484	0.237423	0.0938239	0.262943	0.264902	0.291774	0.166946	1.04551	0.535236	0.41748
400000	-19.09232	0	-19.09232	0.100843	0.152873	0.116836	0.199076	0.135419	0.192151	2.63179	0.286604	0.190741
410000	-17.00128	0	-17.00128	0.132687	0.104675	0.197887	0.286348	0.0692205	0.0715753	2.17677	1.50925	0.0775812
420000	-25.21753	0	-25.21753	0.111808	0.0735682	0.144915	0.289454	0.168144	0.0368133	1.57214	0.0507298	0.155999
430000	-17.08349	0	-17.08349	0.0882654	0.210023	0.139369	0.167587	0.0924791	0.367098	1.55375	0.189435	1.28596
440000	-19.37186	0	-19.37186	0.168309	0.255086	0.274912	0.126926	0.104399	0.334481	1.30025	2.35223	0.84771
450000	-19.87254	0	-19.87254	0.185972	0.100655	0.0863455	0.155925	0.0768844	0.144542	1.62031	0.857678	0.645046
460000	-21.31185	0	-21.31185	0.22876	0.052687	0.188034	0.197078	0.320483	0.167878	4.03895	0.640895	1.12794
470000	-16.51591	0	-16.51591	0.157777	0.131444	0.171296	0.274131	0.0631012	0.138634	2.12465	0.962097	0.236734
480000	-20.28726	0	-20.28726	0.10359	0.102552	0.355487	0.151476	0.129398	0.300847	2.88954	0.40529	0.824079
490000	-17.62867	0	-17.62867	0.0735113	0.105041	0.239596	0.211538	0.144991	0.0999742	1.2592	0.0326134	0.437227
500000	-18.37934	0	-18.37934	0.109491	0.142846	0.260796	0.393037	0.207422	0.072778	2.60567	0.426604	0.887275
510000	-20.26953	0	-20.26953	0.178662	0.0616166	0.219081	0.270045	0.0841884	0.185224	0.414164	0.0423523	0.239157
520000	-28.43063	0	-28.43063	0.0998909	0.162331	0.0404146	0.190794	0.06305	0.108982	2.2298	0.569768	0.533298
530000	-23.42298	0	-23.42298	0.0756061	0.0944239	0.106078	0.230615	0.130502	0.124754	1.09102	0.245914	0.144212
540000	-17.54918	0	-17.54918	0.378949	0.121612	0.200398	0.284345	0.127205	0.134441	2.5969	0.536893	0.930528
550000	-22.314	0	-22.314	0.1868	0.087504	0.0778196	0.251841	0.445293	0.0839703	3.14712	0.0934884	1.09694
560000	-18.56019	0	-18.56019	0.0986122	0.0778196	0.137018	0.341453	0.188496	0.174247	0.593712	3.57788	0.485264
570000	-17.18491	0	-17.18491	0.190202	0.120648	0.209487	0.112995	0.101926	0.0858801	1.26488	0.0368756	0.670665
580000	-23.38141	0	-23.38141	0.225044	0.185528	0.203124	0.190931	0.136981	0.0607886	1.53067	0.85988	0.137109
590000	-24.05512	0	-24.05512	0.390501	0.18801	0.320922	0.222137	0.186313	0.38148	1.79418	1.42486	0.188336
600000	-16.78653	0	-16.78653	0.0939762	0.13937	0.130238	0.157867	0.101696	0.206348	0.724369	0.188356	0.434628
610000	-19.39844	0	-19.39844	0.104461	0.2336	0.156647	0.508897	0.11673	0.145856	0.713882	0.987602	0.890265
620000	-24.48785	0	-24.48785	0.231967	0.14886	0.334509	0.183463	0.231782	0.0887259	0.782801	1.52162	0.451284
630000	-16.47842	0	-16.47842	0.106438	0.119776	0.197874	0.244821	0.127466	0.0827181	2.31118	0.105596	0.414641
640000	-25.31812	0	-25.31812	0.477103	0.170194	0.303965	0.998995	0.12854	0.158684	0.944863	0.200219	0.504795
650000	-24.94389	0	-24.94389	0.060392	0.248537	0.113511	0.343625	0.0853486	0.0519491	4.09609	0.658394	0.766159
660000	-21.6505	0	-21.6505	0.213187	0.306267	0.0709791	0.226584	0.0750198	0.209242	4.06102	0.696066	0.871417
670000	-16.29534	0	-16.29534	0.173635	0.102502	0.0984008	0.18896	0.135994	0.0787362	2.09493	0.140441	0.492159
680000	-16.667	0	-16.667	0.111599	0.194074	0.159519	0.227264	0.190508	0.268293	2.0708	0.372405	0.786975
690000	-16.43305	0	-16.43305	0.127647	0.148807	0.113382	0.384494	0.158079	0.114179	1.64176	0.266814	0.0813908
700000	-17.65742	0	-17.65742	0.116119	0.134038	0.212002	0.263351	0.205641	0.133444	1.53547	0.116014	0.437547
710000	-17.07604	0	-17.07604	0.121385	0.113132	0.220553	0.317595	0.113227	0.131552	5.69301	1.33862	0.800076
720000	-16.91157	0	-16.91157	0.131806	0.0719025	0.132511	0.237331	0.132163	0.228597	2.26073	0.888314	0.563493
730000	-16.55024	0	-16.55024	0.155145	0.104485	0.120511	0.126977	0.076624	0.134002	1.52446	0.445299	0.575161
740000	-18.96253	0	-18.96253	0.0656459	0.191433	0.099632	0.151268	0.0649786	0.15852	1.56868	0.152099	0.234629
750000	-14.2286	0	-14.2286	0.179994	0.095298	0.161583	0.184154	0.17048	0.100807	0.991887	0.826281	0.302289
760000	-21.19035	0	-21.19035	0.244293	0.132978	0.261777	0.505242	0.111864	0.37012	1.90994	2.82231	0.639536
770000	-16.78315	0	-16.78315	0.174982	0.103237	0.169322	0.256295	0.119117	0.331164	1.74321	0.309966	0.774625
780000	-18.93007	0	-18.93007	0.149115	0.0908607	0.19903	0.255659	0.147338	0.107386	2.17939	0.345765	0.079246
790000	-18.18995	0	-18.18995	0.126451	0.122826	0.28921	0.142238	0.0385653	0.106965	0.321649	1.12732	0.605458
800000	-16.59434	0	-16.59434	0.112261	0.143856	0.522598	0.198404	0.0968848	0.122467	2.10881	0.300393	0.55332
810000	-22.07153	0	-22.07153	0.11151	0.682097	0.170454	0.332449	0.146242	0.218484	1.93996	0.14593	0.296461
820000	-23.71874	0	-23.71874	0.200703	0.339826	0.289963	0.168371	0.0876979	0.198424	1.9234	0.460834	0.568351
830000	-30.00967	0	-30.00967	0.11736	0.108404	0.0695413	0.783332	0.127662	0.105318	2.9568	0.608323	0.529915
840000	-18.8489	0	-18.8489	0.134211	0.122863	0.180565	0.118087	0.243322	0.101193	1.0718	0.328483	0.340343
850000	-20.1762	0	-20.1762	0.0634917	0.181735	0.0976514	0.183935	0.157927	0.132035	3.05114	0.474932	0.375029
860000	-24.0489	0	-24.0489	0.320498	0.420089	0.224288	0.263897	0.250043	0.151895	1.11897	0.47249	0.0836842
870000	-20.1737	0	-20.1737	0.153337	0.368524	0.189149	0.209745	0.054709	0.0820112	1.67497	0.490274	0.178133
880000	-19.43874	0	-19.43874	0.180379	0.0916063	0.141449	0.283355	0.109414	0.126181	2.24678	0.0674202	0.151286
890000	-19.36626	0	-19.36626	0.0869279	0.205612	0.116933	0.386811	0.164029	0.193027	0.798	0.0595905	0.668474
900000	-18.85054	0	-18.85054	0.144066	0.135552	0.212763	0.141199	0.208761	0.110227	1.48163	1.28483	0.486596
910000	-17.58433	0	-17.58433	0.147166	0.189666	0.291464	0.418163	0.108522	0.135926	1.10404	0.258109	0.512621
920000	-20.67523	0	-20.67523	0.20837	0.203277	0.260433	0.11197	0.0848634	0.1331	1.41431	0.500815	0.394682
930000	-19.8529	0	-19.8529	0.062084	0.161711	0.0843665	0.247642	0.172585	0.109379	3.47244	0.222705	0.229597
940000	-19.62944	0	-19.62944	0.0526229	0.0793546	0.13259	0.225584	0.079305	0.294615	1.66509	0.26058	0.789648
950000	-17.79183	0	-17.79183	0.0797569	0.0933301	0.34187	0.117122	0.0592183	0.0949291	0.876919	0.38708	0.678037
960000	-19.72452	0	-19.72452	0.115156	0.124335	0.109049	0.28122	0.17701	0.0688177	2.65684	0.0273479	0.654888
970000	-23.24046	0	-23.24046	0.0518068	0.151491	0.0845343	0.217062	0.0915384	0.163557	2.61542	1.49634	0.0410099
980000	-21.41213	0	-21.41213	0.273151	0.0770425	0.496888	0.253071	0.0994351	0.134305	1.19097	1.01027	0.548031
990000	-20.97067	0	-20.97067	0.451881	0.106866	0.0675379	0.173808	0.14008	0.215887	1.94257	1.48846	0.282125
1000000	-18.58457	0	-18.58457	0.17377	0.115175	0.107343	0.354871	0.091274	0.120889	1.64538	1.28175	0.0989978
1010000	-18.35701	0	-18.35701	0.372457	0.21125	0.134941	0.430652	0.111625	0.16119	1.93041	0.264037	0.597879
1020000	-22.67149	0	-22.67149	0.188274	0.127553	0.112257	0.689479	0.136016	0.189893	1.82741	0.587498	0.260074
1030000	-16.42562	0	-16.42562	0.117571	0.145964	0.135116	0.132056	0.0945118	0.110242	0.54616	0.795915	0.484066
1040000	-17.23343	0	-17.23343	0.132015	0.121407	0.146938	0.318904	0.0742031	0.0676364	1.01586	0.0893662	0.523061
1050000	-18.589	0	-18.589	0.0530039	0.20798	0.229934	0.254125	0.122218	0.13468	1.43038	0.923867	0.481578
1060000	-16.81458	0	-16.81458	0.156058	0.120102	0.169968	0.174775	0.0732011	0.284913	1.17604	0.171345	0.617634
1070000	-20.90884	0	-20.90884	0.0859182	0.151184	0.218812	0.163275	0.254578	0.10511	2.29445	1.56992	0.623502
1080000	-20.45206	0	-20.45206	0.185312	0.101583	0.227723	0.203663	0.0572826	0.21192	0.510305	0.640904	0.459123
1090000	-25.67074	0	-25.67074	0.0759579	0.119173	0.185922	0.583043	0.0280906	0.0805104	3.99518	0.289981	0.101562
1100000	-20.31457	0	-20.31457	0.358153	0.0990553	0.0947486	0.534318	0.165331	0.102617	1.82089	0.420185	0.283186
1110000	-23.35401	0	-23.35401	0.302057	0.175985	0.287714	0.355266	0.0468477	0.208619	2.00073	0.377728	0.535496
1120000	-24.41887	0	-24.41887	0.067728	0.365077	0.139632	0.118037	0.0911313	0.0594214	1.38397	0.375349	0.558382
1130000	-18.57952	0	-18.57952	0.201885	0.294471	0.142825	0.252536	0.061671	0.111276	2.03375	0.3247	0.576307
1140000	-29.64948	0	-29.64948	0.0589395	0.109045	0.124605	0.527104	0.149915	0.115487	5.22779	0.146672	0.0325553
1150000	-19.17361	0	-19.17361	0.172278	0.0900776	0.230711	0.251833	0.108987	0.282756	2.39897	0.121075	0.356875
1160000	-22.20371	0	-22.20371	0.149422	0.0739222	0.158787	0.18701	0.088564	0.139746	0.975305	0.149078	0.765518
1170000	-17.75643	0	-17.75643	0.213627	0.229897	0.163199	0.413681	0.13195	0.0601186	0.601774	0.264805	0.682929
1180000	-22.38097	0	-22.38097	0.147284	0.307883	0.415339	0.322609	0.0421452	0.161339	0.805537	0.64806	0.496201
1190000	-22.21618	0	-22.21618	0.113798	0.130507	0.253798	0.199865	0.306204	0.209293	1.07224	0.0507859	0.240581
1200000	-19.15518	0	-19.15518	0.0842583	0.382043	0.214911	0.301027	0.170801	0.169644	0.537887	0.158542	0.278558
1210000	-19.10619	0	-19.10619	0.0667985	0.0751125	0.0910129	0.505651	0.16874	0.129304	1.75743	0.150245	0.22099
1220000	-18.16764	0	-18.16764	0.206518	0.141673	0.231365	0.28092	0.143985	0.0990323	0.985074	0.279612	0.577522
1230000	-20.2797	0	-20.2797	0.108076	0.0749113	0.0845313	0.0816153	0.202807	0.0903471	3.06798	1.9493	0.173253
1240000	-20.52305	0	-20.52305	0.201498	0.231103	0.257214	0.212841	0.185933	0.139305	0.391812	0.0351244	0.474203
1250000	-17.70826	0	-17.70826	0.254085	0.0961476	0.116046	0.355436	0.0579667	0.13657	1.56101	0.212552	0.381088
1260000	-19.00459	0	-19.00459	0.0698799	0.132753	0.363342	0.130985	0.0897804	0.179696	3.25941	0.132387	0.572719
1270000	-18.51937	0	-18.51937	0.153674	0.175142	0.178901	0.20301	0.0760469	0.259778	1.30317	0.819134	0.746229
1280000	-17.68581	0	-17.68581	0.123186	0.114138	0.248643	0.34632	0.161326	0.0755519	0.691571	0.623372	0.543432
1290000	-18.28672	0	-18.28672	0.120136	0.172521	0.123677	0.205766	0.102021	0.114305	1.99059	0.329014	0.348441
1300000	-19.84374	0	-19.84374	0.0748668	0.0814301	0.148965	0.214896	0.161923	0.203168	0.958147	0.203288	0.226299
1310000	-27.73528	0	-27.73528	0.27353	0.329688	0.149016	0.375813	0.136143	0.080226	2.29976	1.35147	0.282441
1320000	-20.6308	0	-20.6308	0.275583	0.255688	0.269882	0.479329	0.095134	0.152605	1.9927	0.11196	0.786074
1330000	-19.07471	0	-19.07471	0.135152	0.183	0.0781483	0.226079	0.109131	0.175229	2.07652	1.41318	0.211422
1340000	-19.64411	0	-19.64411	0.219056	0.0948058	0.114788	0.58969	0.100199	0.144425	2.70856	0.292809	0.205974
1350000	-17.23988	0	-17.23988	0.307633	0.0573382	0.071207	0.212919	0.075633	0.123487	1.52302	0.170998	0.72882
1360000	-18.08475	0	-18.08475	0.286189	0.10206	0.233278	0.176591	0.14341	0.127428	1.64116	0.228034	0.672367
1370000	-20.30689	0	-20.30689	0.320322	0.14497	0.133391	0.425731	0.121082	0.217749	4.94397	0.336776	0.679334
1380000	-20.21074	0	-20.21074	0.205129	0.193983	0.17705	0.620839	0.100619	0.142822	1.64635	0.540219	0.617316
1390000	-20.18443	0	-20.18443	0.0885131	0.105855	0.118738	0.486974	0.216808	0.093892	0.411845	1.74278	0.691339
1400000	-23.56103	0	-23.56103	0.0894631	0.336732	0.12994	0.104126	0.0743264	0.100555	2.6956	1.37494	0.549314
1410000	-19.62781	0	-19.62781	0.255614	0.170654	0.11343	0.223972	0.14402	0.101204	2.07131	3.07971	0.298132
1420000	-20.36837	0	-20.36837	0.10746	0.1492	0.133515	0.407493	0.0961543	0.149939	2.0935	0.0505867	0.446473
1430000	-18.2671	0	-18.2671	0.09933	0.118394	0.146884	0.209482	0.0919034	0.340385	1.57956	0.946036	0.336225
1440000	-16.07763	0	-16.07763	0.139052	0.191073	0.208253	0.172685	0.0678492	0.225196	3.15577	0.216393	0.588465
1450000	-19.46758	0	-19.46758	0.341841	0.0526249	0.148124	0.403888	0.0433517	0.129575	0.579869	0.349485	0.49134
1460000	-19.49323	0	-19.49323	0.156853	0.193979	0.116887	0.273542	0.1808	0.072704	0.378124	0.144478	0.827718
1470000	-19.09263	0	-19.09263	0.0786144	0.236259	0.0793332	0.347058	0.0633132	0.141926	2.67162	0.148745	0.564694
1480000	-18.36262	0	-18.36262	0.0920151	0.0887694	0.380183	0.353598	0.056758	0.119058	1.66665	0.0776101	0.432997
1490000	-15.54627	0	-15.54627	0.126923	0.0560789	0.300715	0.138121	0.128631	0.106165	1.30663	1.0467	0.28284
1500000	-20.66687	0	-20.66687	0.119543	0.344826	0.328204	0.394043	0.128586	0.216677	0.778229	0.0887271	0.409213
1510000	-19.5911	0	-19.5911	0.194648	0.272636	0.0889377	0.218456	0.120288	0.107219	0.582716	2.13007	0.366887
1520000	-15.93786	0	-15.93786	0.177739	0.139504	0.0919076	0.294257	0.0558016	0.146873	1.33544	0.425723	0.211837
1530000	-22.37546	0	-22.37546	0.0857352	0.260568	0.0882008	0.469703	0.12235	0.122671	1.70422	0.579919	0.321504
1540000	-20.58565	0	-20.58565	0.17577	0.048338	0.110662	0.236461	0.175256	0.106708	2.44738	0.464391	0.489298
1550000	-21.61147	0	-21.61147	0.263449	0.233466	0.319128	0.188335	0.126081	0.279027	1.67512	0.937893	0.417636
1560000	-28.94109	0	-28.94109	0.304593	0.0512396	0.166964	0.473853	0.508924	0.12647	0.913306	0.30164	0.678577
1570000	-21.89137	0	-21.89137	0.179418	0.149083	0.0885007	0.125862	0.145924	0.0621327	1.41123	0.109167	0.673338
1580000	-22.41736	0	-22.41736	0.420343	0.0756161	0.0692396	0.303036	0.0476919	0.116949	2.02214	1.14228	0.482793
1590000	-19.14812	0	-19.14812	0.113025	0.154455	0.258921	0.477776	0.086538	0.198208	2.62007	0.243791	0.294961
1600000	-24.37391	0	-24.37391	0.180479	0.296293	0.354313	0.242565	0.15542	0.227676	0.817003	0.148593	0.773681
1610000	-16.23155	0	-16.23155	0.109812	0.104528	0.0911066	0.152645	0.189421	0.135086	2.1806	0.310042	0.284895
1620000	-18.66925	0	-18.66925	0.104731	0.144845	0.220444	0.510834	0.115732	0.168306	2.33115	0.216282	0.477443
1630000	-20.98885	0	-20.98885	0.0868317	0.445664	0.332121	0.230792	0.166644	0.142027	1.5991	0.72967	0.337203
1640000	-19.05047	0	-19.05047	0.131376	0.107748	0.189347	0.413865	0.157217	0.133802	1.35421	0.138717	0.784834
1650000	-19.01404	0	-19.01404	0.104753	0.158261	0.25758	0.315577	0.0937027	0.0822563	0.395319	0.447138	0.891576
1660000	-30.46673	0	-30.46673	0.0546837	0.325834	0.276007	0.262149	0.0873737	0.351197	9.62813	0.901613	0.493904
1670000	-21.16585	0	-21.16585	0.127312	0.0745396	0.388237	0.143274	0.0623221	0.248968	2.84852	0.610399	0.773273
1680000	-19.89822	0	-19.89822	0.217144	0.258078	0.127167	0.228012	0.1151	0.0871182	0.389506	0.111398	0.634477
1690000	-16.88403	0	-16.88403	0.0660467	0.114543	0.104912	0.141876	0.0808099	0.0979025	1.06095	0.196091	0.650858
1700000	-20.13395	0	-20.13395	0.19451	0.244532	0.270771	0.109722	0.167185	0.0779327	2.11498	0.782103	0.855999
1710000	-21.06557	0	-21.06557	0.104847	0.129101	0.154093	0.370789	0.124592	0.158584	3.86066	0.0774286	0.240883
1720000	-22.68675	0	-22.68675	0.114709	0.0929606	0.121862	0.708456	0.149929	0.110705	1.37006	0.952919	0.457667
1730000	-25.59804	0	-25.59804	0.128098	0.124147	0.205964	0.344301	0.437023	0.117258	3.38715	0.409274	0.406323
1740000	-26.39958	0	-26.39958	0.186249	0.185198	0.323601	0.320155	0.0852909	0.0769937	6.61294	0.189624	0.521826
1750000	-19.64272	0	-19.64272	0.0522553	0.16588	0.0603445	0.296053	0.0732083	0.182073	1.95364	0.106352	0.29676
1760000	-15.1886	0	-15.1886	0.12316	0.168844	0.244214	0.214707	0.1065	0.168943	1.20689	0.251786	0.854044
1770000	-20.8905	0	-20.8905	0.0869739	0.371728	0.168747	0.482902	0.156609	0.207161	3.36731	0.209527	0.716238
1780000	-21.9067	0	-21.9067	0.0776747	0.159904	0.170022	0.305878	0.0694328	0.381538	3.35977	2.03542	0.680393
1790000	-19.49142	0	-19.49142	0.118612	0.175571	0.229454	0.220432	0.0997814	0.0688439	1.93808	0.919237	0.257707
1800000	-18.49824	0	-18.49824	0.179375	0.153098	0.26414	0.239299	0.142344	0.315071	0.81489	0.21201	0.384532
1810000	-24.86209	0	-24.86209	0.165666	0.225945	0.0880367	0.560218	0.203508	0.0448355	0.84275	0.244676	0.267419
1820000	-19.02635	0	-19.02635	0.112255	0.101413	0.258352	0.573965	0.0904915	0.162658	0.967219	0.149255	0.3166
1830000	-21.93365	0	-21.93365	0.193715	0.126959	0.175628	0.10809	0.0859661	0.161649	1.68072	0.259475	0.290803
1840000	-20.7313	0	-20.7313	0.202967	0.178024	0.117688	0.326839	0.194024	0.248951	2.81169	1.54262	0.666544
1850000	-15.58114	0	-15.58114	0.259702	0.12247	0.141199	0.144445	0.0731848	0.136971	1.47694	0.562085	0.826615
1860000	-20.86605	0	-20.86605	0.237646	0.0318541	0.340209	0.247023	0.0885023	0.2214	3.30627	0.133959	0.575884
1870000	-22.25574	0	-22.25574	0.153675	0.16787	0.119403	0.333866	0.143799	0.156656	1.53939	0.0422105	0.587989
1880000	-17.65455	0	-17.65455	0.174463	0.0813902	0.272727	0.160936	0.109751	0.150326	1.77161	1.33658	0.102313
1890000	-20.39747	0	-20.39747	0.162369	0.446736	0.315828	0.315258	0.0895378	0.142414	1.65006	1.54875	0.390904
1900000	-16.03646	0	-16.03646	0.240345	0.205614	0.147907	0.296523	0.138968	0.0974429	1.27044	0.704868	0.766434
1910000	-26.98741	0	-26.98741	0.134143	0.0510091	0.459256	0.372641	0.185578	0.197176	2.03332	0.567763	0.441428
1920000	-21.63649	0	-21.63649	0.205854	0.150623	0.148325	0.20665	0.265163	0.107665	1.06299	0.20943	0.0888452
1930000	-20.80436	0	-20.80436	0.11873	0.235696	0.133423	0.272567	0.205521	0.177019	3.10956	0.322982	0.259408
1940000	-25.28371	0	-25.28371	0.0703878	0.153436	0.135847	0.342826	0.163735	0.195286	1.7037	0.593296	0.485184
1950000	-27.68247	0	-27.68247	0.241162	0.206281	0.0579945	0.292126	0.0697773	0.0647375	3.28446	2.97915	0.138142
1960000	-18.09586	0	-18.09586	0.261372	0.119728	0.247775	0.263957	0.127204	0.155691	1.04115	0.284464	0.641187
1970000	-20.90687	0	-20.90687	0.265038	0.109998	0.096413	0.160167	0.0661246	0.0808046	3.67325	0.262855	0.420509
1980000	-15.5962	0	-15.5962	0.257348	0.0880143	0.158241	0.303806	0.0906123	0.240909	0.533977	0.442751	0.675811
1990000	-19.63423	0	-19.63423	0.214607	0.124598	0.233963	0.189436	0.261731	0.124559	1.00133	4.03093	0.695556
2000000	-23.36504	0	-23.36504	0.049098	0.416566	0.20864	0.228308	0.076927	0.221855	0.239041	0.184074	0.675834
2010000	-18.11577	0	-18.11577	0.137972	0.218571	0.108198	0.294744	0.158591	0.185736	1.76513	0.790064	0.36479
2020000	-14.32019	0	-14.32019	0.188382	0.135809	0.144996	0.296109	0.139183	0.104247	1.6756	0.3991	0.646926
2030000	-16.31983	0	-16.31983	0.109026	0.270182	0.230456	0.322768	0.128927	0.11365	0.902867	0.282845	0.428955
2040000	-20.32885	0	-20.32885	0.12473	0.166123	0.113151	0.493858	0.222311	0.131791	2.22392	0.291594	0.279907
2050000	-20.51761	0	-20.51761	0.135507	0.0643268	0.179776	0.225163	0.170633	0.36601	2.58101	1.45611	0.261016
2060000	-20.88299	0	-20.88299	0.104788	0.0573284	0.178452	0.290618	0.316586	0.164682	1.62359	0.153502	0.096718
2070000	-22.56233	0	-22.56233	0.301015	0.171867	0.178389	0.224436	0.112112	0.168451	0.532523	2.49976	0.684332
2080000	-35.78134	0	-35.78134	0.188967	0.277919	0.0457548	0.456211	0.205231	0.223138	0.365146	0.233453	0.145333
2090000	-17.01984	0	-17.01984	0.128823	0.0738184	0.148711	0.259656	0.224011	0.174489	3.44466	0.662746	0.360543
2100000	-19.54112	0	-19.54112	0.237892	0.0881207	0.0940854	0.233258	0.0637244	0.0791586	1.51012	0.513522	0.430258
2110000	-27.88337	0	-27.88337	0.2085	0.0571693	0.229323	0.264766	0.175934	0.0821899	2.14548	1.00036	0.568065
2120000	-19.64217	0	-19.64217	0.0569682	0.137459	0.154425	0.151101	0.0818749	0.218752	2.35794	0.179447	0.452398
2130000	-14.89302	0	-14.89302	0.129401	0.0915566	0.157756	0.157674	0.170475	0.118949	0.929962	0.16981	0.425607
2140000	-17.26623	0	-17.26623	0.221833	0.169993	0.300461	0.247347	0.268928	0.231169	0.946789	0.391093	0.595613
2150000	-17.96955	0	-17.96955	0.145564	0.120972	0.113998	0.318797	0.0911986	0.0749927	0.796137	0.480623	0.295502
2160000	-25.70279	0	-25.70279	0.0958021	0.195107	0.238923	0.19614	0.0908159	0.0775232	2.38464	0.12156	0.0251658
2170000	-23.60646	0	-23.60646	0.0747132	0.209704	0.226541	0.423746	0.0471457	0.356015	0.720496	0.0911111	0.449557
2180000	-21.2536	0	-21.2536	0.205011	0.247377	0.179697	0.237788	0.12463	0.106504	0.565138	0.174117	0.229215
2190000	-22.27965	0	-22.27965	0.190949	0.150258	0.267648	0.407454	0.257214	0.122252	2.88651	0.392328	0.655812
2200000	-22.31922	0	-22.31922	0.0659633	0.141549	0.0679771	0.171889	0.108459	0.0960972	3.9651	0.124607	0.0883516
2210000	-21.70144	0	-21.70144	0.189665	0.203658	0.213985	0.18731	0.0670198	0.197014	2.23099	0.240452	0.046483
2220000	-22.12736	0	-22.12736	0.140154	0.079169	0.280583	0.348057	0.0616261	0.431135	0.933889	1.29647	0.604505
2230000	-18.20781	0	-18.20781	0.041452	0.194814	0.153329	0.106609	0.115756	0.15683	1.75618	0.704286	0.226866
2240000	-25.53073	0	-25.53073	0.504152	0.0703022	0.201387	0.271197	0.230572	0.204957	2.42265	0.279952	0.106135
2250000	-20.24364	0	-20.24364	0.0876302	0.184736	0.0542959	0.178723	0.14234	0.133161	2.03301	0.754476	0.400837
2260000	-17.71515	0	-17.71515	0.0944889	0.111223	0.422192	0.249389	0.230059	0.134805	0.928498	0.0804215	0.436593
2270000	-20.20865	0	-20.20865	0.0810752	0.12561	0.166691	0.0980727	0.304098	0.160984	2.19833	0.169805	0.586227
2280000	-16.04776	0	-16.04776	0.0944189	0.345099	0.121627	0.210576	0.152867	0.172893	1.52332	0.243965	0.598704
2290000	-19.45479	0	-19.45479	0.152247	0.159854	0.102951	0.156941	0.0367303	0.17691	2.64758	0.822831	0.385275
2300000	-22.15004	0	-22.15004	0.183997	0.115704	0.180576	0.32982	0.0844344	0.231899	1.04063	2.58122	0.5552
2310000	-22.10947	0	-22.10947	0.282333	0.296003	0.243783	0.403538	0.0609092	0.14898	0.778885	0.835102	0.231026
2320000	-18.5691	0	-18.5691	0.218179	0.161538	0.182983	0.383657	0.0551649	0.252106	1.02456	0.0547339	0.564332
2330000	-20.0953	0	-20.0953	0.0571454	0.206501	0.149924	0.165512	0.196748	0.163421	2.27503	1.5688	0.585294
2340000	-16.39016	0	-16.39016	0.139386	0.13653	0.115136	0.199116	0.107242	0.0921701	1.45854	0.240046	0.107201
2350000	-21.03606	0	-21.03606	0.131633	0.262765	0.316057	0.2933	0.193952	0.271098	0.700775	0.212166	0.244683
2360000	-22.29333	0	-22.29333	0.0910428	0.136268	0.064796	0.211562	0.0250142	0.056247	0.392483	1.19012	0.137991
2370000	-16.7243	0	-16.7243	0.119299	0.105697	0.171839	0.385375	0.0383661	0.140972	1.48529	0.618233	0.466581
2380000	-23.86563	0	-23.86563	0.0526624	0.270227	0.15497	0.362738	0.0508537	0.136122	2.40013	0.23355	0.506548
2390000	-15.64116	0	-15.64116	0.0807737	0.129138	0.225293	0.23893	0.0629723	0.156644	1.42169	0.969893	0.29442
2400000	-20.63717	0	-20.63717	0.164346	0.280055	0.394858	0.212002	0.188479	0.169808	2.58738	0.252078	0.363775
2410000	-23.162	0	-23.162	0.172972	0.16163	0.229407	0.283617	0.123956	0.096537	4.44597	0.590651	0.32138
2420000	-17.55425	0	-17.55425	0.16049	0.160497	0.106484	0.256806	0.0829634	0.16323	0.588837	1.06249	0.160641
2430000	-24.46663	0	-24.46663	0.0871811	0.0340193	0.0485248	0.200684	0.176466	0.122208	1.59104	0.156242	0.323489
2440000	-15.97859	0	-15.97859	0.128456	0.12716	0.189279	0.236702	0.175386	0.15121	1.14015	0.236975	0.396849
2450000	-19.07746	0	-19.07746	0.112781	0.150251	0.106913	0.379813	0.0524157	0.141405	1.31726	0.454828	0.351979
2460000	-20.10991	0	-20.10991	0.310638	0.223088	0.129795	0.330673	0.0865631	0.07082	2.42521	0.100266	0.509281
2470000	-18.8254	0	-18.8254	0.120857	0.224631	0.144234	0.19131	0.177067	0.176218	1.23334	0.508442	0.401343
2480000	-18.49087	0	-18.49087	0.204826	0.152834	0.203614	0.12053	0.096975	0.129221	0.685157	0.0261928	0.310644
2490000	-23.6988	0	-23.6988	0.097599	0.0498866	0.0993087	0.531117	0.141269	0.131043	1.25712	2.60776	0.0617589
2500000	-20.01124	0	-20.01124	0.0756062	0.320915	0.242064	0.180826	0.104645	0.24696	3.09237	0.978436	0.331595
2510000	-16.675	0	-16.675	0.239006	0.0470245	0.131299	0.159882	0.134953	0.101145	1.46033	0.864549	0.360251
2520000	-22.5291	0	-22.5291	0.129171	0.207995	0.0997543	0.287922	0.0990572	0.114475	3.35525	0.296046	0.0559353
2530000	-20.291	0	-20.291	0.142892	0.0983382	0.10463	0.174316	0.127889	0.338046	2.03335	0.386151	0.131003
2540000	-16.68005	0	-16.68005	0.0945562	0.136504	0.146305	0.374684	0.103529	0.0945514	0.798891	0.637041	0.0766375
2550000	-24.38469	0	-24.38469	0.417584	0.263457	0.133114	0.410338	0.144806	0.25172	0.54336	0.250277	0.176055
2560000	-22.29981	0	-22.29981	0.0764568	0.464541	0.117933	0.342757	0.0803806	0.184121	0.959684	1.30997	0.240048
2570000	-18.51954	0	-18.51954	0.147853	0.25228	0.262058	0.127977	0.10612	0.166132	1.20514	0.452909	0.396641
2580000	-17.20439	0	-17.20439	0.161936	0.153349	0.0707864	0.245629	0.0767773	0.149605	1.48113	0.319482	0.289008
2590000	-20.95693	0	-20.95693	0.217261	0.0759223	0.171596	0.117031	0.295769	0.143084	1.37904	0.212251	0.466568
2600000	-20.23483	0	-20.23483	0.156961	0.257425	0.17609	0.171486	0.141258	0.084925	1.25901	0.0826606	0.513072
2610000	-16.91588	0	-16.91588	0.227433	0.0905647	0.154421	0.211343	0.168517	0.180616	2.19503	0.687163	0.264102
2620000	-18.37479	0	-18.37479	0.0571035	0.27594	0.141736	0.324494	0.191289	0.149196	1.81336	0.0714544	0.097313
2630000	-21.1578	0	-21.1578	0.265969	0.0661735	0.100577	0.439154	0.106929	0.0954461	1.84551	1.29615	0.0195694
2640000	-17.82981	0	-17.82981	0.0676403	0.198764	0.228221	0.230161	0.0449998	0.095304	1.85548	0.599999	0.297669
2650000	-19.4805	0	-19.4805	0.113298	0.13427	0.245057	0.244449	0.0398338	0.170886	1.55447	0.262643	0.0826712
2660000	-19.57378	0	-19.57378	0.154695	0.117489	0.219865	0.187747	0.0868188	0.246871	1.45414	0.194311	0.160037
2670000	-21.1533	0	-21.1533	0.270322	0.108687	0.108378	0.263711	0.117624	0.0563315	0.594222	0.454652	0.0971949
2680000	-25.26877	0	-25.26877	0.184064	0.0917343	0.0602782	0.190875	0.254773	0.0657062	2.18865	0.216822	0.0432825
2690000	-27.1712	0	-27.1712	0.0879371	0.207476	0.0463487	0.174189	0.121277	0.10005	4.45306	1.19865	0.171109
2700000	-21.04141	0	-21.04141	0.275627	0.175743	0.123156	0.47621	0.154093	0.137162	1.55633	0.143436	0.445959
2710000	-21.2758	0	-21.2758	0.182698	0.168481	0.16595	0.372912	0.189476	0.093399	0.459833	0.550653	0.196566
2720000	-20.41006	0	-20.41006	0.150162	0.0893928	0.343169	0.210582	0.0610846	0.0534229	2.11772	0.297298	0.121211
2730000	-17.16985	0	-17.16985	0.119279	0.134778	0.10885	0.423839	0.169116	0.105454	2.0347	0.212433	0.225807
2740000	-19.47564	0	-19.47564	0.43626	0.190625	0.112994	0.169132	0.0961179	0.0964313	1.17207	0.516825	0.370259
2750000	-19.98037	0	-19.98037	0.0904465	0.223364	0.151889	0.175205	0.0952898	0.1063	3.53018	2.38074	0.379216
2760000	-21.32863	0	-21.32863	0.180293	0.259363	0.128215	0.251241	0.10425	0.139519	0.24861	0.225024	0.453602
2770000	-23.16328	0	-23.16328	0.197782	0.161239	0.337837	0.458599	0.20257	0.231557	1.63563	0.704967	0.382292
2780000	-17.84065	0	-17.84065	0.111868	0.130371	0.395163	0.196577	0.144356	0.148086	1.94507	0.212027	0.349542
2790000	-17.67029	0	-17.67029	0.114883	0.0895617	0.0726923	0.273266	0.0729781	0.100009	0.929832	0.90527	0.202998
2800000	-19.55127	0	-19.55127	0.246128	0.0927893	0.105754	0.204299	0.222586	0.0583162	3.36934	0.583765	0.151949
2810000	-19.87206	0	-19.87206	0.177992	0.209706	0.271502	0.468765	0.0795603	0.213688	1.01033	0.455542	0.139546
2820000	-23.98361	0	-23.98361	0.32347	0.1309	0.078712	0.216068	0.228327	0.0324428	2.31689	0.502967	0.46195
2830000	-25.34097	0	-25.34097	0.376517	0.140994	0.227812	0.266088	0.357881	0.212756	2.9929	0.725369	0.298054
2840000	-22.81686	0	-22.81686	0.0994512	0.0803712	0.202318	0.171843	0.118846	0.0918863	1.76093	0.247184	0.204101
2850000	-20.1059	0	-20.1059	0.228698	0.209083	0.134024	0.353146	0.119717	0.0953909	1.87392	0.449381	0.146308
2860000	-20.69896	0	-20.69896	0.270101	0.125296	0.118915	0.357564	0.0893782	0.208855	1.54913	0.605323	0.492082
2870000	-18.17814	0	-18.17814	0.0913561	0.100884	0.157882	0.204186	0.0749535	0.147792	3.77656	0.203085	0.322229
2880000	-24.82273	0	-24.82273	0.110668	0.413401	0.351331	0.323436	0.0849605	0.0866516	2.09579	0.116479	0.235127
2890000	-15.61662	0	-15.61662	0.0997204	0.178802	0.142217	0.205264	0.165768	0.136833	0.884915	0.0643594	0.392213
2900000	-20.77431	0	-20.77431	0.0784955	0.232021	0.185733	0.63062	0.119216	0.139812	2.24751	0.784891	0.33286
2910000	-16.69639	0	-16.69639	0.106879	0.163501	0.144746	0.149007	0.120581	0.107301	1.24657	1.07248	0.485629
2920000	-22.05093	0	-22.05093	0.188179	0.103765	0.295976	0.346655	0.451266	0.188433	0.612268	0.818829	0.443162
2930000	-22.13564	0	-22.13564	0.0900787	0.121233	0.444257	0.152456	0.112334	0.239571	3.1342	0.769199	0.488635
2940000	-15.8238	0	-15.8238	0.113313	0.133972	0.236792	0.298813	0.138423	0.162092	0.703975	0.966961	0.105676
2950000	-17.79689	0	-17.79689	0.180349	0.0994113	0.132979	0.170347	0.107622	0.0464349	0.874319	0.393734	0.286492
2960000	-20.63594	0	-20.63594	0.207722	0.349773	0.0957356	0.102649	0.189408	0.158798	2.35874	0.678746	0.513357
2970000	-22.32529	0	-22.32529	0.0800351	0.343888	0.11374	0.621714	0.134953	0.0782356	1.27596	0.152395	0.454
2980000	-25.45962	0	-25.45962	0.0593375	0.252461	0.283568	0.302396	0.0394966	0.213657	1.10102	0.650427	0.184962
2990000	-19.24997	0	-19.24997	0.179763	0.106867	0.169959	0.194723	0.0838296	0.159323	2.0698	0.460934	0.50333
3000000	-21.15653	0	-21.15653	0.208861	0.240662	0.0520669	0.201991	0.0984031	0.0842681	0.834261	0.261023	0.166726
3010000	-20.25349	0	-20.25349	0.0951166	0.0651845	0.175404	0.133793	0.103227	0.108392	6.07489	0.309647	0.356619
3020000	-21.42683	0	-21.42683	0.32291	0.198825	0.16616	0.114999	0.0688528	0.0906605	2.86084	0.175729	0.422791
3030000	-19.37434	0	-19.37434	0.112453	0.22971	0.196709	0.161827	0.17938	0.137209	0.70227	1.05977	0.356712
3040000	-21.68173	0	-21.68173	0.0973862	0.0529773	0.184882	0.23225	0.273239	0.15891	1.85139	3.41037	0.397002
3050000	-19.45172	0	-19.45172	0.0655739	0.141029	0.103525	0.344067	0.129416	0.0922304	2.06293	0.873496	0.37354
3060000	-23.61207	0	-23.61207	0.257295	0.3984	0.15479	0.154726	0.161137	0.179688	2.24987	1.35633	0.443308
3070000	-21.93664	0	-21.93664	0.123278	0.0941527	0.200925	0.494522	0.156954	0.264992	1.34066	0.491997	0.215784
3080000	-16.65186	0	-16.65186	0.169489	0.100258	0.110828	0.2371	0.0777539	0.131375	0.886227	0.0847336	0.434351
3090000	-19.52256	0	-19.52256	0.140321	0.140406	0.18968	0.199089	0.148591	0.08352	4.04323	0.945322	0.271462
3100000	-20.22798	0	-20.22798	0.0654949	0.127906	0.202739	0.150648	0.0558843	0.204245	1.63729	0.117501	0.376343
3110000	-18.39415	0	-18.39415	0.188446	0.203973	0.105174	0.414077	0.157244	0.136787	1.88188	0.626503	0.523983
3120000	-21.89115	0	-21.89115	0.146401	0.11822	0.106279	0.155976	0.121512	0.249317	2.88233	0.264054	0.526662
3130000	-19.94769	0	-19.94769	0.195991	0.161835	0.0624974	0.260183	0.253213	0.124975	1.79251	0.83557	0.136433
3140000	-18.97748	0	-18.97748	0.200913	0.121463	0.127471	0.16225	0.0693217	0.150964	2.63213	0.727136	0.46674
3150000	-17.64149	0	-17.64149	0.167654	0.0779523	0.115512	0.295743	0.099191	0.119934	3.60236	0.463102	0.677257
3160000	-17.82176	0	-17.82176	0.255246	0.106967	0.140278	0.219128	0.210956	0.129883	0.925324	0.334449	0.518483
3170000	-19.17201	0	-19.17201	0.181242	0.141661	0.0919956	0.411079	0.0613716	0.147809	2.2819	0.00961131	0.659328
3180000	-20.03361	0	-20.03361	0.184179	0.0714874	0.241012	0.084335	0.213946	0.0805528	1.25044	0.20127	0.386602
3190000	-27.27049	0	-27.27049	0.118777	0.167705	0.287776	0.106062	0.0850231	0.0634107	4.21715	0.334168	0.479939
3200000	-21.01143	0	-21.01143	0.218888	0.216356	0.113465	0.626973	0.0603591	0.100045	1.20244	0.968494	0.645031
3210000	-28.99515	0	-28.99515	0.323023	0.104879	0.172774	0.361679	0.334313	0.189158	0.549423	0.611057	0.246565
3220000	-20.4735	0	-20.4735	0.135279	0.11854	0.177848	0.578908	0.109008	0.153295	3.23578	0.914726	0.22701
3230000	-17.2961	0	-17.2961	0.206983	0.177271	0.1215	0.216259	0.127771	0.0900588	1.8982	0.550875	0.180342
3240000	-16.82933	0	-16.82933	0.334769	0.126146	0.16118	0.317519	0.14824	0.108264	1.19466	0.302123	0.27882
3250000	-18.34562	0	-18.34562	0.174857	0.157387	0.186212	0.162854	0.163282	0.213848	1.82494	1.29789	0.319885
3260000	-17.16178	0	-17.16178	0.104286	0.176837	0.112424	0.305853	0.0779961	0.0661634	1.30647	2.34854	0.549131
3270000	-21.25082	0	-21.25082	0.378743	0.102994	0.303261	0.221982	0.0730453	0.081904	1.23884	0.207826	0.406809
3280000	-19.65799	0	-19.65799	0.0625708	0.110951	0.228278	0.192827	0.0803522	0.210816	1.78526	0.318995	0.604067
3290000	-20.76885	0	-20.76885	0.109602	0.102029	0.0597282	0.276163	0.129194	0.187805	2.76373	1.19234	0.557416
3300000	-17.03183	0	-17.03183	0.314163	0.165699	0.181188	0.156263	0.0991601	0.201614	1.01824	1.15707	0.496169
3310000	-18.99709	0	-18.99709	0.206739	0.150808	0.208135	0.571326	0.131929	0.158275	2.7057	0.276023	0.398213
3320000	-16.91609	0	-16.91609	0.0769504	0.0782113	0.128224	0.178774	0.146524	0.111302	3.15877	1.0947	0.241191
3330000	-16.7607	0	-16.7607	0.137493	0.209769	0.153576	0.185866	0.148331	0.0807306	1.09223	0.20046	0.589432
3340000	-25.04055	0	-25.04055	0.0731051	0.180191	0.135182	0.295656	0.0871422	0.0425959	1.65263	0.468881	0.684462
3350000	-17.51546	0	-17.51546	0.16807	0.133889	0.150309	0.22395	0.122048	0.210849	2.7738	0.329538	0.399557
3360000	-18.14139	0	-18.14139	0.188779	0.131389	0.0952381	0.17118	0.164427	0.0958023	1.05603	0.405353	0.408847
3370000	-23.6007	0	-23.6007	0.156004	0.162057	0.200654	0.207306	0.087938	0.183771	3.30908	0.165518	0.113583
3380000	-21.43669	0	-21.43669	0.259373	0.192395	0.11903	0.314712	0.0898639	0.116761	1.29322	0.182173	0.0423428
3390000	-17.46843	0	-17.46843	0.0939396	0.245961	0.114009	0.377762	0.0845959	0.15101	0.752744	0.108707	0.343264
3400000	-22.34398	0	-22.34398	0.191439	0.152251	0.102917	0.123359	0.113356	0.0995862	1.34071	0.0761268	0.0297656
3410000	-20.89053	0	-20.89053	0.202033	0.146693	0.0804921	0.307218	0.152635	0.0626814	2.82788	1.04085	0.944523
3420000	-17.38262	0	-17.38262	0.0924733	0.139306	0.0996695	0.244573	0.116998	0.0555369	1.0798	0.0972332	0.850588
3430000	-16.12575	0	-16.12575	0.0765679	0.108545	0.162828	0.211197	0.0969778	0.143881	0.602615	0.422693	0.429144
3440000	-16.11685	0	-16.11685	0.132971	0.232574	0.192112	0.182599	0.0905947	0.146506	0.987034	1.33752	0.311615
3450000	-21.55876	0	-21.55876	0.226889	0.264038	0.193993	0.514042	0.121022	0.153499	1.19115	0.214496	0.880062
3460000	-20.2412	0	-20.2412	0.0961437	0.307475	0.093433	0.374362	0.0907606	0.122321	3.10724	0.0881607	0.344372
3470000	-17.97272	0	-17.97272	0.136233	0.174385	0.106426	0.133829	0.202741	0.0806265	2.1361	2.47205	0.929456
3480000	-21.25067	0	-21.25067	0.193379	0.154179	0.37028	0.372867	0.143443	0.132885	1.16122	0.082575	0.714252
3490000	-20.21764	0	-20.21764	0.0896539	0.115506	0.1181	0.102661	0.100857	0.176702	4.3968	0.0406378	0.906025
3500000	-22.31087	0	-22.31087	0.0652113	0.129162	0.0924801	0.22001	0.123981	0.289326	4.94949	0.794141	0.158683
3510000	-21.49623	0	-21.49623	0.335065	0.0888366	0.1218	0.279756	0.111332	0.0763075	2.63205	2.69385	0.101419
3520000	-17.61374	0	-17.61374	0.206582	0.131747	0.167766	0.3595	0.196913	0.0940627	1.36358	0.465076	0.171028
3530000	-16.13961	0	-16.13961	0.119453	0.201435	0.171609	0.271551	0.156681	0.216356	1.33123	0.156322	0.836545
3540000	-26.77294	0	-26.77294	0.0449448	0.229614	0.196744	0.473648	0.125798	0.111086	5.80742	0.195518	0.499762
3550000	-16.82023	0	-16.82023	0.154473	0.117263	0.212759	0.265251	0.186891	0.0745678	1.05255	2.2105	0.307211
3560000	-26.5288	0	-26.5288	0.171656	0.119716	0.127806	0.297268	0.156536	0.139616	7.56712	0.931701	0.268105
3570000	-20.20075	0	-20.20075	0.111126	0.130196	0.119664	0.220424	0.105823	0.166085	6.13536	0.532241	0.642407
3580000	-23.9491	0	-23.9491	0.393266	0.12447	0.225436	0.223268	0.106976	0.469779	2.63992	0.642723	0.578647
3590000	-19.71602	0	-19.71602	0.0738546	0.128764	0.160325	0.210211	0.177431	0.171505	3.31413	0.425526	0.116151
3600000	-25.63644	0	-25.63644	0.250962	0.0830128	0.0866306	0.170922	0.141856	0.122883	4.59807	0.0282652	0.144104
3610000	-20.37004	0	-20.37004	0.119714	0.121239	0.125732	0.274023	0.20687	0.0981579	5.11868	0.219054	0.278944
3620000	-13.08551	0	-13.08551	0.076764	0.192418	0.172537	0.191858	0.0748841	0.142455	1.07659	0.296595	0.485377
3630000	-19.0395	0	-19.0395	0.117652	0.146733	0.177077	0.165911	0.197629	0.0494796	1.33656	0.578432	0.533511
3640000	-20.25899	0	-20.25899	0.08986	0.153672	0.172191	0.113552	0.146164	0.111912	1.04705	0.740019	0.543975
3650000	-18.44518	0	-18.44518	0.149108	0.294769	0.201171	0.338666	0.109654	0.171735	1.22917	0.208934	0.412154
3660000	-21.55061	0	-21.55061	0.220138	0.157451	0.139239	0.190754	0.180213	0.0468595	0.933711	0.19738	0.225406
3670000	-19.2446	0	-19.2446	0.0708791	0.08084	0.269769	0.210249	0.154533	0.152633	0.608127	0.407855	0.308796
3680000	-26.19605	0	-26.19605	0.224137	0.0814928	0.140799	0.587525	0.135372	0.107328	6.17666	0.0326112	0.335849
3690000	-17.62846	0	-17.62846	0.0912697	0.161615	0.233104	0.223791	0.135707	0.0719279	1.18869	1.35845	0.366342
3700000	-24.33083	0	-24.33083	0.0409047	0.237154	0.22756	0.449896	0.140041	0.191688	1.08441	0.313568	0.184754
3710000	-17.29915	0	-17.29915	0.0815907	0.109821	0.31873	0.350303	0.132104	0.157727	1.94481	0.146341	0.505363
3720000	-19.30704	0	-19.30704	0.0961836	0.310813	0.0957776	0.172939	0.176222	0.169735	1.82249	0.439877	0.388608
3730000	-16.50704	0	-16.50704	0.180675	0.150124	0.143407	0.132156	0.1451	0.145398	1.48203	0.697405	0.271361
3740000	-24.64007	0	-24.64007	0.358304	0.254227	0.161837	0.299779	0.121403	0.0833951	1.5842	0.0954678	0.0954101
3750000	-17.68677	0	-17.68677	0.159885	0.109139	0.123766	0.225741	0.121439	0.159507	1.27695	0.0864863	0.399292
3760000	-18.53432	0	-18.53432	0.12488	0.0791891	0.280786	0.272706	0.0682282	0.164838	2.93909	1.10386	0.235699
3770000	-19.254	0	-19.254	0.19287	0.041317	0.103034	0.12972	0.145411	0.114719	1.42664	1.25905	0.145215
3780000	-20.89196	0	-20.89196	0.0689004	0.172439	0.128879	0.295012	0.128354	0.181529	3.10957	0.687934	0.557374
3790000	-18.85669	0	-18.85669	0.300547	0.132954	0.177468	0.319343	0.154988	0.126292	1.81925	3.94553	0.519164
3800000	-20.14115	0	-20.14115	0.144575	0.276112	0.200824	0.31692	0.125333	0.271239	2.39632	0.148989	0.226568
3810000	-22.58113	0	-22.58113	0.218738	0.097693	0.107086	0.225923	0.106788	0.209594	2.38324	1.72163	0.480664
3820000	-22.31576	0	-22.31576	0.15388	0.122617	0.119416	0.673882	0.159299	0.104876	3.37748	0.423064	0.108632
3830000	-21.77124	0	-21.77124	0.0581459	0.19502	0.248656	0.436808	0.116483	0.173796	1.5765	1.90426	0.48436
3840000	-19.44604	0	-19.44604	0.0878423	0.0721793	0.14766	0.212726	0.0540516	0.0905735	1.61287	0.0596026	0.097809
3850000	-23.52059	0	-23.52059	0.0837134	0.0569973	0.514294	0.148894	0.150319	0.223427	1.72303	0.367452	0.339205
3860000	-26.52007	0	-26.52007	0.118003	0.204665	0.258955	0.327298	0.172479	0.294644	5.65111	0.186649	0.192949
3870000	-19.67356	0	-19.67356	0.090799	0.178801	0.139376	0.253219	0.15629	0.191667	2.54731	1.42457	0.344167
3880000	-15.20577	0	-15.20577	0.101046	0.154639	0.0951768	0.241032	0.136058	0.0728843	1.30461	1.6393	0.595942
3890000	-17.03278	0	-17.03278	0.16907	0.200458	0.260218	0.270741	0.108754	0.211634	1.6061	0.18832	0.574768
3900000	-20.20254	0	-20.20254	0.131088	0.13068	0.089523	0.209506	0.310515	0.138993	0.470944	0.368814	0.540686
3910000	-17.91024	0	-17.91024	0.093172	0.214297	0.0806725	0.347568	0.174941	0.0802792	1.77647	0.0894963	0.328757
3920000	-21.46303	0	-21.46303	0.0854696	0.14369	0.347651	0.305491	0.0918307	0.114892	0.279987	0.191546	0.617729
3930000	-26.99458	0	-26.99458	0.176501	0.0766671	0.106621	0.229969	0.145984	0.0891759	0.102024	0.0653995	0.0462022
3940000	-21.01957	0	-21.01957	0.117317	0.200478	0.219699	0.224836	0.123011	0.0839899	2.5964	3.002	0.495531
3950000	-15.52419	0	-15.52419	0.166498	0.150192	0.127521	0.297081	0.102418	0.0762769	0.67888	0.129943	0.257865
3960000	-26.31148	0	-26.31148	0.0753709	0.0843325	0.25591	0.325381	0.21732	0.345356	2.15853	0.268386	0.455041
3970000	-20.81524	0	-20.81524	0.227812	0.216497	0.333989	0.208721	0.143446	0.300899	2.9852	0.562511	0.582621
3980000	-17.41685	0	-17.41685	0.114136	0.210269	0.0822439	0.227067	0.16268	0.118413	0.662769	0.719264	0.203129
3990000	-20.75787	0	-20.75787	0.144244	0.178591	0.0868106	0.293682	0.103423	0.0863144	1.07543	0.249225	0.0666998
4000000	-20.18707	0	-20.18707	0.191492	0.182599	0.269879	0.451257	0.091836	0.157598	0.237816	1.37724	0.452356
4010000	-26.60844	0	-26.60844	0.0629983	0.123065	0.0476426	0.136832	0.0366928	0.137635	2.51216	0.635481	0.36623
4020000	-17.79697	0	-17.79697	0.0827856	0.191003	0.133113	0.217777	0.128516	0.136445	0.77629	1.1209	0.385231
4030000	-16.70174	0	-16.70174	0.114552	0.0556505	0.180657	0.201803	0.101475	0.118002	2.97854	0.171455	0.560028
4040000	-19.01008	0	-19.01008	0.0753552	0.399235	0.121144	0.22526	0.0607257	0.152646	2.62104	0.194338	0.118247
4050000	-15.59623	0	-15.59623	0.110846	0.16245	0.113853	0.325458	0.144815	0.133832	3.42735	0.373831	0.224472
4060000	-22.49059	0	-22.49059	0.170147	0.084189	0.0677371	0.359867	0.0610143	0.0744206	2.64775	0.195193	0.0997293
4070000	-14.52663	0	-14.52663	0.12745	0.090181	0.115611	0.137874	0.0973049	0.112245	2.00004	0.781271	0.477202
4080000	-19.20694	0	-19.20694	0.164517	0.0619293	0.252095	0.228064	0.123751	0.146146	1.7611	0.426744	0.129232
4090000	-16.94721	0	-16.94721	0.312217	0.0835292	0.268781	0.154854	0.053933	0.186385	2.36496	0.687438	0.297564
4100000	-17.45118	0	-17.45118	0.214805	0.0970815	0.0991932	0.177866	0.124623	0.102772	1.35315	0.699761	0.421311
4110000	-18.53038	0	-18.53038	0.0682651	0.16719	0.0962697	0.222579	0.0770602	0.187619	2.24387	1.19149	0.43266
4120000	-21.8873	0	-21.8873	0.200138	0.193735	0.212555	0.130315	0.164234	0.0713444	2.79289	1.32252	0.151486
4130000	-22.25445	0	-22.25445	0.0880608	0.0905638	0.158902	0.592155	0.081817	0.203881	1.70226	1.01316	0.0252518
4140000	-18.38687	0	-18.38687	0.103382	0.123539	0.253761	0.142288	0.0983346	0.123807	3.79202	0.0394508	0.304603
4150000	-26.73926	0	-26.73926	0.129919	0.0748381	0.10532	0.172837	0.0864778	0.1052	1.79519	0.0116931	0.032801
4160000	-20.84961	0	-20.84961	0.0842659	0.139461	0.193491	0.396132	0.0739301	0.155985	3.2875	0.228488	0.168809
4170000	-18.43489	0	-18.43489	0.160613	0.164727	0.152997	0.200942	0.0449152	0.197736	0.63818	0.407206	0.513261
4180000	-20.96305	0	-20.96305	0.0962022	0.20179	0.350213	0.114568	0.321524	0.106462	1.48899	0.431185	0.158469
4190000	-16.26552	0	-16.26552	0.160235	0.0733558	0.191465	0.207204	0.0603776	0.0769355	1.99481	0.27156	0.602063
4200000	-19.47366	0	-19.47366	0.16593	0.0625624	0.169771	0.342638	0.0853955	0.118252	2.99147	0.272129	0.101584
4210000	-19.85864	0	-19.85864	0.0631637	0.165445	0.0812564	0.432719	0.101958	0.16992	1.46441	0.469365	0.267487
4220000	-14.99889	0	-14.99889	0.20118	0.0736825	0.128857	0.254679	0.0874388	0.101658	1.06485	0.26119	0.419992
4230000	-15.4823	0	-15.4823	0.0998472	0.119784	0.110514	0.275063	0.0781825	0.122388	2.36779	0.230888	0.481209
4240000	-22.82675	0	-22.82675	0.0961278	0.183891	0.123093	0.508793	0.201705	0.198167	3.64206	0.87478	0.343079
4250000	-24.55023	0	-24.55023	0.216576	0.041004	0.264786	0.12245	0.169322	0.141689	3.44286	0.206498	0.183301
4260000	-19.1526	0	-19.1526	0.0625287	0.212004	0.291046	0.149053	0.104245	0.259588	1.52223	0.132748	0.506622
4270000	-18.75511	0	-18.75511	0.250754	0.167146	0.133089	0.245969	0.0955875	0.16739	0.629516	0.349484	0.276512
4280000	-19.80568	0	-19.80568	0.109957	0.127643	0.110844	0.430847	0.136317	0.0853717	4.06872	0.597477	0.267
4290000	-22.23463	0	-22.23463	0.120701	0.165948	0.0958601	0.398068	0.246916	0.157133	0.764595	2.08808	0.305584
4300000	-17.99539	0	-17.99539	0.181564	0.0785531	0.151133	0.247221	0.132754	0.161569	1.07049	0.129453	0.492037
4310000	-14.4493	0	-14.4493	0.135616	0.11019	0.0974836	0.154686	0.100585	0.1589	1.73518	1.68868	0.548357
4320000	-23.69134	0	-23.69134	0.1503	0.0728003	0.144356	0.223674	0.13519	0.085929	1.90467	0.156983	0.329717
4330000	-20.95132	0	-20.95132	0.116377	0.134139	0.23641	0.180018	0.428603	0.209934	1.60074	1.46719	0.533966
4340000	-21.24168	0	-21.24168	0.203411	0.184731	0.16366	0.442672	0.099217	0.251194	3.99124	0.957795	0.576666
4350000	-21.69231	0	-21.69231	0.0714474	0.151276	0.184124	0.274404	0.115276	0.109358	4.7089	0.462094	0.525626
4360000	-24.98318	0	-24.98318	0.0939187	0.139396	0.437469	0.197639	0.187848	0.225663	1.20736	0.558998	0.215613
4370000	-19.03157	0	-19.03157	0.112501	0.203321	0.138806	0.294278	0.0900401	0.165028	1.6844	0.315746	0.32273
4380000	-24.21839	0	-24.21839	0.0982965	0.329492	0.134435	0.123191	0.172409	0.0806473	3.87395	0.191189	0.563376
4390000	-18.89663	0	-18.89663	0.153973	0.156136	0.15658	0.21057	0.0465297	0.112108	0.784187	0.495602	0.126101
4400000	-22.25895	0	-22.25895	0.264434	0.162943	0.284983	0.206746	0.112946	0.146369	3.16929	0.858707	0.375487
4410000	-18.22146	0	-18.22146	0.229932	0.236476	0.217759	0.20018	0.226527	0.0909587	1.021	1.76877	0.503594
4420000	-19.06355	0	-19.06355	0.167037	0.175266	0.262804	0.338312	0.178069	0.153029	1.3156	0.24805	0.236982
4430000	-16.5516	0	-16.5516	0.107782	0.190561	0.246471	0.206482	0.0768361	0.125539	2.68399	0.699626	0.184983
4440000	-18.02811	0	-18.02811	0.0831107	0.130355	0.141927	0.138287	0.103183	0.166186	1.78522	0.171675	0.385307
4450000	-20.38508	0	-20.38508	0.117751	0.155001	0.174161	0.211013	0.0712352	0.323745	4.03658	0.344654	0.548144
4460000	-23.25984	0	-23.25984	0.145188	0.166301	0.110916	0.261698	0.33681	0.0936894	1.08489	0.222994	0.104897
4470000	-21.29276	0	-21.29276	0.100936	0.108338	0.162701	0.371951	0.234103	0.213016	2.1371	0.0747549	0.1479
4480000	-21.51984	0	-21.51984	0.110718	0.243053	0.257506	0.323905	0.0410708	0.066757	0.55841	0.489405	0.432458
4490000	-18.65014	0	-18.65014	0.202785	0.127681	0.142539	0.178659	0.0989278	0.19086	0.661037	0.258733	0.155561
4500000	-17.93923	0	-17.93923	0.165097	0.172851	0.135587	0.193789	0.159857	0.146118	2.85176	0.338265	0.133814
4510000	-20.93943	0	-20.93943	0.243195	0.171273	0.527265	0.288225	0.161191	0.290756	1.85901	1.01009	0.552287
4520000	-17.90902	0	-17.90902	0.134237	0.136409	0.128314	0.113256	0.0731476	0.128983	0.411632	0.131617	0.381636
4530000	-16.46835	0	-16.46835	0.221481	0.151641	0.152724	0.22207	0.0970776	0.264181	1.68123	0.163347	0.233108
4540000	-22.95272	0	-22.95272	0.1105	0.0919403	0.137779	0.345273	0.0980424	0.0938674	5.25457	0.198699	0.0429538
4550000	-22.60268	0	-22.60268	0.18983	0.154464	0.0899901	0.183222	0.0929359	0.0538696	2.06212	0.343848	0.166764
4560000	-25.10399	0	-25.10399	0.0662084	0.17143	0.32126	0.243375	0.117985	0.0437467	3.55417	0.163924	0.206257
4570000	-25.21292	0	-25.21292	0.0795052	0.0513898	0.124334	0.377352	0.0725524	0.19962	2.32794	0.194308	0.226265
4580000	-21.08297	0	-21.08297	0.0979027	0.0986719	0.128395	0.266846	0.12531	0.192313	6.96052	0.188984	0.32239
4590000	-22.61121	0	-22.61121	0.149358	0.273889	0.192183	0.311642	0.066966	0.140651	1.75623	0.447055	0.37055
4600000	-19.02541	0	-19.02541	0.102765	0.0972524	0.183886	0.21866	0.176671	0.182307	1.54347	0.195601	0.474438
4610000	-15.64672	0	-15.64672	0.143677	0.122898	0.177157	0.373421	0.0848689	0.119333	1.53821	1.02752	0.323501
4620000	-19.02917	0	-19.02917	0.333381	0.20785	0.0798063	0.239731	0.149772	0.178283	1.18221	0.74913	0.218951
4630000	-19.56896	0	-19.56896	0.16249	0.187616	0.0868139	0.227145	0.0782606	0.0381978	1.55545	0.581729	0.492168
4640000	-21.05774	0	-21.05774	0.129218	0.130104	0.212766	0.269365	0.187285	0.129683	1.98863	3.28182	0.18186
4650000	-20.71447	0	-20.71447	0.114614	0.214141	0.421395	0.24219	0.16474	0.208453	1.70956	1.01326	0.499195
4660000	-19.52562	0	-19.52562	0.240654	0.27115	0.158466	0.102684	0.118614	0.0769657	2.30706	0.744649	0.496751
4670000	-21.06713	0	-21.06713	0.113552	0.143158	0.171052	0.254884	0.0835623	0.235168	2.34675	0.027163	0.319149
4680000	-19.95426	0	-19.95426	0.250333	0.315386	0.15734	0.114784	0.108067	0.0936745	1.02264	1.51659	0.366814
4690000	-25.96144	0	-25.96144	0.190558	0.127276	0.264443	0.520895	0.112305	0.150896	3.496	0.888049	0.452079
4700000	-21.49883	0	-21.49883	0.182144	0.31924	0.0948558	0.319357	0.0545454	0.0678837	1.0993	0.161799	0.147144
4710000	-31.3528	0	-31.3528	0.236222	0.109226	0.111851	0.782664	0.215774	0.177574	3.87574	0.165382	0.199201
4720000	-18.68697	0	-18.68697	0.0937241	0.145421	0.174997	0.297666	0.0329633	0.162083	0.399367	0.424874	0.43405
4730000	-20.95241	0	-20.95241	0.214619	0.0525005	0.128776	0.0973497	0.0975992	0.123672	1.41319	0.759071	0.0843677
4740000	-25.49166	0	-25.49166	0.319929	0.249251	0.43858	0.352772	0.157794	0.155547	0.364382	0.580963	0.488352
4750000	-22.66595	0	-22.66595	0.517724	0.0484234	0.0586248	0.381351	0.143593	0.138586	2.03331	0.326682	0.280058
4760000	-19.86705	0	-19.86705	0.310094	0.250636	0.135423	0.278405	0.198186	0.105607	0.845905	0.610918	0.381493
4770000	-18.38384	0	-18.38384	0.105756	0.255359	0.0933753	0.194985	0.0974324	0.103061	1.4874	0.0475111	0.242827
4780000	-18.90907	0	-18.90907	0.121534	0.18987	0.135722	0.308919	0.108156	0.161449	1.37249	0.181312	0.25998
4790000	-22.37506	0	-22.37506	0.0961227	0.161024	0.240786	0.41051	0.115136	0.260977	3.0249	0.0675338	0.206445
4800000	-18.18487	0	-18.18487	0.115055	0.313424	0.100961	0.223302	0.143346	0.139903	1.3892	0.289527	0.234824
4810000	-18.76974	0	-18.76974	0.053874	0.0654885	0.11624	0.170808	0.0613766	0.122509	2.48775	0.244536	0.16742
4820000	-18.84992	0	-18.84992	0.0939622	0.17227	0.161139	0.22228	0.132082	0.176601	2.67606	0.204527	0.251509
4830000	-21.82585	0	-21.82585	0.151758	0.17315	0.336187	0.143179	0.0893052	0.135545	3.24381	0.306489	0.365152
4840000	-24.25601	0	-24.25601	0.348485	0.369039	0.265413	0.083778	0.111003	0.0996839	0.546158	0.960744	0.481882
4850000	-23.5932	0	-23.5932	0.156166	0.201982	0.167776	0.45622	0.119605	0.281953	6.18696	2.72648	0.296239
4860000	-18.99682	0	-18.99682	0.22027	0.110405	0.112732	0.29676	0.186001	0.114992	2.43549	0.203611	0.1662
4870000	-18.13655	0	-18.13655	0.109028	0.116109	0.205265	0.196694	0.0614178	0.0909733	1.87403	1.80064	0.329672
4880000	-18.32262	0	-18.32262	0.0726118	0.133201	0.157357	0.496056	0.0620138	0.237988	1.31134	0.143637	0.467695
4890000	-20.34528	0	-20.34528	0.100996	0.158317	0.139692	0.291685	0.0700381	0.307478	2.02698	1.25183	0.327912
4900000	-20.99884	0	-20.99884	0.125604	0.0667756	0.113621	0.127337	0.108837	0.0918922	1.30358	1.50713	0.297321
4910000	-16.07832	0	-16.07832	0.101251	0.0923556	0.171658	0.160257	0.232162	0.157486	0.477053	0.201554	0.38987
4920000	-20.55286	0	-20.55286	0.0966761	0.36982	0.154846	0.279046	0.171088	0.105495	1.32299	0.866275	0.432586
4930000	-19.26368	0	-19.26368	0.135907	0.207	0.209151	0.171292	0.161979	0.120252	1.57354	0.475938	0.194183
4940000	-24.37829	0	-24.37829	0.219019	0.129445	0.267685	0.970516	0.0368903	0.0997131	2.83807	0.239197	0.450744
4950000	-22.1596	0	-22.1596	0.126323	0.0793348	0.161593	0.311832	0.132352	0.151704	0.833314	0.204921	0.387119
4960000	-15.63097	0	-15.63097	0.145682	0.190567	0.17993	0.199343	0.116802	0.0580411	1.85499	0.360209	0.455908
4970000	-24.09991	0	-24.09991	0.262782	0.128478	0.241056	0.297948	0.120533	0.168662	5.95564	0.11779	0.258744
4980000	-18.95055	0	-18.95055	0.137246	0.104858	0.194686	0.220407	0.0526211	0.0900508	1.20728	1.90311	0.0508697
4990000	-16.80231	0	-16.80231	0.148033	0.114978	0.277078	0.269141	0.0898338	0.134949	1.3867	0.387895	0.201915
5000000	-23.67922	0	-23.67922	0.178735	0.12979	0.212283	0.159482	0.117131	0.175874	1.3041	0.0988813	0.0575216
