Iteration	Posterior	Likelihood	Prior	lambda[1]	lambda[2]	lambda[3]	mu[1]	mu[2]	mu[3]	psi[1]	psi[2]	psi[3]
0	-49.94576	0	-49.94576	0.139998	0.167706	0.180038	0.0977933	0.16142	0.153911	0.473904	0.497385	2.61043
10000	-38.02504	0	-38.02504	0.136386	0.255731	0.406356	0.571141	0.125343	0.107089	1.0784	0.562059	0.259468
20000	-38.17252	0	-38.17252	0.147746	0.252535	0.26957	0.555724	0.101103	0.338005	3.69988	1.92921	0.789608
30000	-43.51379	0	-43.51379	0.326075	0.18895	0.10018	0.565758	0.211331	0.0950455	1.23868	2.45273	0.0501317
40000	-37.31472	0	-37.31472	0.109408	0.785281	0.0565799	0.336416	0.129605	0.132279	0.422113	0.890391	0.546596
50000	-40.27426	0	-40.27426	0.405565	0.0918063	0.310796	0.409738	0.199397	0.118027	3.88108	2.82732	0.139648
60000	-49.86662	0	-49.86662	0.0558046	0.246719	0.163597	0.188208	0.100036	0.0841893	1.83386	0.229845	0.0311376
70000	-42.59233	0	-42.59233	0.0756489	0.296127	0.221625	0.729962	0.0866122	0.0872126	2.98147	0.484786	0.151007
80000	-46.84542	0	-46.84542	0.153085	0.115464	0.169706	0.750473	0.0523308	0.137229	2.28816	0.176431	0.0346228
90000	-35.0049	0	-35.0049	0.139093	0.17556	0.220285	0.517037	0.123009	0.178614	3.02649	1.11484	0.0361912
100000	-48.61243	0	-48.61243	0.0934582	0.276946	0.257417	0.180257	0.127157	0.0557905	7.51045	0.249815	0.0939229
110000	-37.83717	0	-37.83717	0.103753	0.0829965	0.210544	0.396898	0.110008	0.0465838	2.90537	0.591007	0.0500721
120000	-37.19888	0	-37.19888	0.108513	0.198503	0.260774	0.584486	0.113369	0.0806613	1.7282	0.474592	0.0889975
130000	-49.42378	0	-49.42378	0.13975	0.146432	0.261248	0.396245	0.243187	0.146822	4.14412	0.784292	0.040844
140000	-42.14178	0	-42.14178	0.110526	0.141833	0.292603	0.606097	0.0812925	0.070014	1.68215	0.253132	0.0938441
150000	-42.39831	0	-42.39831	0.136115	0.154683	0.223701	0.35752	0.349815	0.128666	0.980998	0.92681	0.0435787
160000	-52.19236	0	-52.19236	0.111599	0.175803	0.247919	0.280889	0.112699	0.15601	0.742079	0.225056	0.0165664
170000	-43.23127	0	-43.23127	0.113188	0.430186	0.0860125	0.444983	0.122321	0.133868	5.71011	0.630856	0.0197704
180000	-30.58633	0	-30.58633	0.196647	0.321457	0.101621	0.461193	0.0498639	0.0948418	2.56357	1.29881	0.472498
190000	-47.484	0	-47.484	0.092805	0.0756671	0.188568	0.426928	0.04246	0.14047	1.23605	0.389583	0.0336383
200000	-51.09783	0	-51.09783	0.1017	0.150174	0.160959	0.426278	0.195482	0.0434795	2.78195	0.492774	0.0102746
210000	-32.84339	0	-32.84339	0.196255	0.178991	0.115968	0.497231	0.0697534	0.114693	4.04379	1.64235	0.325744
220000	-60.1149	0	-60.1149	0.10758	0.103984	0.172921	0.371613	0.136141	0.100395	5.18418	0.564031	0.0083053
230000	-57.40059	0	-57.40059	0.0396701	0.123183	0.0790187	0.351164	0.0860851	0.0382857	1.58106	0.272678	0.0051821
240000	-35.3848	0	-35.3848	0.159059	0.504773	0.156788	0.602666	0.0813194	0.0821045	4.32544	0.955434	0.267188
250000	-43.80939	0	-43.80939	0.369397	0.221374	0.262964	0.598887	0.145439	0.196877	3.81534	1.27737	0.0671738
260000	-40.33079	0	-40.33079	0.211164	0.174922	0.163367	0.547326	0.139471	0.136111	1.621	0.397654	0.0396033
270000	-36.77144	0	-36.77144	0.244539	0.259159	0.231998	0.514341	0.117274	0.356247	2.54134	1.17984	0.22832
280000	-41.55281	0	-41.55281	0.200477	0.0891339	0.179855	0.60002	0.0578893	0.0871414	2.23769	0.428384	0.0215449
290000	-53.0842	0	-53.0842	0.152236	0.153343	0.161106	0.543078	0.0744184	0.214803	2.64703	0.360103	0.0132378
300000	-41.33468	0	-41.33468	0.0338514	0.0859705	0.336764	0.285738	0.0831203	0.0867842	2.5705	0.379593	0.0369121
310000	-37.89252	0	-37.89252	0.1635	0.546887	0.162814	0.688695	0.176598	0.123321	3.31468	0.915759	0.79518
320000	-32.19482	0	-32.19482	0.100147	0.243888	0.0987146	0.293708	0.0680157	0.0848275	1.55842	0.251128	0.188844
330000	-37.64044	0	-37.64044	0.0886105	0.290383	0.122959	0.272887	0.0724165	0.111584	1.34692	0.383055	0.0331171
340000	-36.79442	0	-36.79442	0.161307	0.330996	0.092072	0.566596	0.0900746	0.129369	1.64044	0.754476	0.473672
350000	-35.88452	0	-35.88452	0.147189	0.154808	0.309712	0.734515	0.162157	0.139156	3.80821	0.995651	0.240644
360000	-37.51241	0	-37.51241	0.0947284	0.124184	0.0866603	0.919152	0.144576	0.0693895	3.05849	0.733238	0.158204
370000	-38.2887	0	-38.2887	0.234364	0.116942	0.227088	0.732326	0.140864	0.0797978	4.03421	0.776229	0.132109
380000	-39.1642	0	-39.1642	0.249077	0.192569	0.252813	0.513696	0.0735483	0.192053	3.40684	0.864657	0.337546
390000	-39.86628	0	-39.86628	0.19423	0.272104	0.303053	0.411116	0.108861	0.1334	3.16801	0.516144	0.137743
400000	-50.08844	0	-50.08844	0.10593	0.156976	0.195384	0.413486	0.144424	0.0875164	5.60118	0.431747	0.0767152
410000	-43.45241	0	-43.45241	0.128301	0.0764032	0.117643	0.330146	0.0969798	0.0916991	4.15316	0.506437	0.0141934
420000	-31.76247	0	-31.76247	0.236489	0.149599	0.210812	0.763245	0.114015	0.0885616	1.34651	1.53563	0.574018
430000	-40.41104	0	-40.41104	0.117513	0.156173	0.0957547	0.570968	0.0612251	0.0567701	2.06659	0.690692	0.157079
440000	-54.60397	0	-54.60397	0.0539523	0.180936	0.124302	0.188512	0.0784064	0.108252	1.65814	0.231426	0.0318342
450000	-32.01735	0	-32.01735	0.251729	0.22908	0.263551	0.721999	0.0930108	0.124567	1.26189	1.08993	0.535003
460000	-53.83241	0	-53.83241	0.193882	0.172094	0.162282	0.331959	0.109108	0.113834	5.83338	0.672693	0.00330517
470000	-53.26197	0	-53.26197	0.124009	0.125878	0.286613	0.610409	0.177059	0.0580104	1.86274	0.450517	0.012136
480000	-51.45972	0	-51.45972	0.159287	0.515394	0.0946067	0.359834	0.231319	0.221881	0.861346	0.250788	0.0224364
490000	-46.64968	0	-46.64968	0.114651	0.207384	0.160082	0.308904	0.102166	0.0939216	4.10858	0.377147	0.0261487
500000	-41.4067	0	-41.4067	0.1729	0.106528	0.307644	0.506568	0.34753	0.129725	3.393	3.85783	0.05342
510000	-42.36717	0	-42.36717	0.132339	0.0368297	0.458294	0.386652	0.0543391	0.0788647	1.74188	0.306231	0.0595701
520000	-32.64073	0	-32.64073	0.21814	0.240294	0.139492	0.42793	0.0876297	0.174486	2.22895	0.969504	1.31578
530000	-39.3074	0	-39.3074	0.126899	0.351067	0.216848	0.468965	0.0817216	0.174272	3.99514	0.581734	0.419558
540000	-43.21347	0	-43.21347	0.239201	0.332114	0.19441	0.470052	0.124061	0.135815	1.63545	3.82201	0.135906
550000	-32.90235	0	-32.90235	0.245121	0.162411	0.256485	0.770298	0.195408	0.127875	2.48233	0.683901	0.202199
560000	-35.55875	0	-35.55875	0.113147	0.265994	0.106653	0.375719	0.0784805	0.0558145	0.418218	0.610724	1.51856
570000	-44.621	0	-44.621	0.229171	0.191395	0.74049	0.569583	0.169922	0.0633221	4.24439	0.759992	0.026903
580000	-49.11367	0	-49.11367	0.281903	0.140655	0.240132	0.378292	0.109329	0.111161	2.92773	1.94278	0.0406858
590000	-40.99262	0	-40.99262	0.0768815	0.342168	0.0918442	0.372747	0.103516	0.0929271	1.57802	0.460947	0.110064
600000	-43.0549	0	-43.0549	0.0703897	0.208609	0.216942	0.296072	0.056442	0.131683	1.48848	0.381865	0.0285728
610000	-48.58744	0	-48.58744	0.135645	0.0639496	0.122498	1.09144	0.217534	0.0897733	5.56359	0.926344	0.0250006
620000	-36.58005	0	-36.58005	0.113576	0.151696	0.0690422	0.391028	0.118488	0.112365	1.6304	1.28081	0.425191
630000	-40.03507	0	-40.03507	0.130855	0.188895	0.337286	0.292888	0.0881836	0.200572	1.85679	0.9087	0.207781
640000	-49.66347	0	-49.66347	0.228515	0.102109	0.267007	0.768439	0.0718662	0.258635	0.859379	0.297586	0.0221274
650000	-42.13612	0	-42.13612	0.0591029	0.105399	0.129086	0.433453	0.180535	0.10751	1.76926	0.997533	0.159102
660000	-39.50032	0	-39.50032	0.196636	0.129772	0.237195	0.469186	0.101385	0.16112	0.586993	0.85889	0.0401708
670000	-42.17699	0	-42.17699	0.0715138	0.309335	0.131175	0.748843	0.177644	0.129263	3.1005	0.232787	0.0248444
680000	-41.09706	0	-41.09706	0.137129	0.0908123	0.289079	0.507649	0.213463	0.0603312	2.47097	0.534478	0.275384
690000	-36.19294	0	-36.19294	0.0794334	0.349394	0.0369508	0.306267	0.0576432	0.076143	1.93465	0.348325	1.52288
700000	-38.51357	0	-38.51357	0.18676	0.125	0.289618	0.387604	0.116982	0.0755349	3.01995	1.00354	0.211146
710000	-36.57421	0	-36.57421	0.0666559	0.328141	0.522248	0.462971	0.115284	0.0842051	1.11155	0.270447	0.260161
720000	-34.9015	0	-34.9015	0.257756	0.206243	0.115726	0.441216	0.113398	0.122129	4.17583	0.452638	0.187628
730000	-37.37362	0	-37.37362	0.0860214	0.219282	0.287095	0.429528	0.147752	0.0543671	3.1868	0.373855	0.0379081
740000	-33.08777	0	-33.08777	0.0970638	0.158738	0.0734213	0.637201	0.0863011	0.108917	2.51391	1.03929	0.0244723
750000	-34.27646	0	-34.27646	0.124859	0.299393	0.16361	0.422399	0.0562717	0.107281	2.88037	0.532821	0.0600075
760000	-32.95773	0	-32.95773	0.186799	0.498085	0.115348	0.475504	0.168287	0.2168	1.46091	0.746069	1.56896
770000	-45.67708	0	-45.67708	0.0863141	0.0871215	0.171975	0.672325	0.16576	0.0687964	1.53056	0.212452	0.0446995
780000	-43.91133	0	-43.91133	0.0749823	0.0962518	0.26674	0.865903	0.0974381	0.128969	3.06888	0.116807	0.0963795
790000	-42.8752	0	-42.8752	0.1913	0.0591876	0.163051	0.39686	0.094602	0.210282	1.37546	5.40163	0.108693
800000	-59.07725	0	-59.07725	0.0762589	0.0558642	0.223153	0.385886	0.166384	0.129884	4.15712	0.217504	0.0321706
810000	-38.69806	0	-38.69806	0.315326	0.342043	0.260396	0.758125	0.131569	0.104919	2.78156	1.56829	2.12106
820000	-41.15118	0	-41.15118	0.0826835	0.512881	0.284393	0.281063	0.132871	0.133383	1.81218	0.506945	0.331316
830000	-36.68229	0	-36.68229	0.100542	0.315928	0.228259	0.24136	0.147011	0.0824893	2.43906	0.541311	0.920056
840000	-43.49758	0	-43.49758	0.0738699	0.210318	0.123735	0.391667	0.0560128	0.0954873	1.60738	0.229989	0.0255262
850000	-37.8489	0	-37.8489	0.156433	0.391693	0.414586	0.519574	0.199392	0.0604878	0.94242	0.334349	0.351844
860000	-39.17736	0	-39.17736	0.281158	0.074906	0.310322	0.492934	0.0647127	0.0653617	3.78664	0.356828	0.0338683
870000	-37.27091	0	-37.27091	0.0515168	0.340317	0.243397	0.61253	0.0678333	0.0944329	3.78157	0.880291	0.189148
880000	-44.1947	0	-44.1947	0.191017	0.15496	0.188814	0.494686	0.179029	0.124073	1.08652	0.908594	0.360581
890000	-42.88578	0	-42.88578	0.185915	0.0686657	0.184589	0.517304	0.0913501	0.114872	1.6375	0.325995	0.0417893
900000	-41.62494	0	-41.62494	0.357858	0.250625	0.40202	0.514403	0.0549471	0.169401	3.45038	0.497957	0.66123
910000	-33.89538	0	-33.89538	0.169907	0.406627	0.238879	0.698336	0.167983	0.0227911	2.20317	0.859088	1.14425
920000	-37.48734	0	-37.48734	0.119455	0.587446	0.141721	0.553893	0.128051	0.130539	0.955079	0.587213	0.346695
930000	-38.99284	0	-38.99284	0.374215	0.0916268	0.145566	0.557866	0.106691	0.0581924	2.12301	0.420571	0.134762
940000	-39.00612	0	-39.00612	0.214475	0.294688	0.524178	0.399229	0.103975	0.203954	5.47914	0.595063	0.439986
950000	-42.58345	0	-42.58345	0.196804	0.151797	0.226077	0.658395	0.0549058	0.0540302	2.01688	0.276967	0.210186
960000	-43.63157	0	-43.63157	0.15254	0.164076	0.16279	0.270907	0.119253	0.139025	3.26616	1.05016	0.0685315
970000	-43.74237	0	-43.74237	0.174536	0.183681	0.26544	0.735294	0.0446198	0.157235	4.01685	0.986757	0.0188005
980000	-36.91367	0	-36.91367	0.145374	0.263979	0.105099	1.11831	0.206823	0.0943441	1.80565	0.85348	0.198354
990000	-50.21196	0	-50.21196	0.18507	0.250367	0.129386	0.484847	0.0615669	0.0698319	1.74173	0.283534	0.0100702
1000000	-44.0725	0	-44.0725	0.147095	0.718365	0.097434	0.509255	0.273321	0.344048	1.34208	0.757183	1.3509
1010000	-45.11407	0	-45.11407	0.135313	0.0387999	0.148086	0.581119	0.048392	0.313095	1.29481	1.51414	0.0364389
1020000	-38.0209	0	-38.0209	0.117986	0.226258	0.0720321	0.567508	0.132025	0.0398888	1.60739	1.02178	0.0794558
1030000	-39.56863	0	-39.56863	0.085077	0.459087	0.0952421	0.467896	0.086928	0.0734444	1.49501	0.827269	1.87748
1040000	-36.2564	0	-36.2564	0.0552407	0.250463	0.179457	0.460428	0.101487	0.0630981	0.719558	0.327883	0.0573375
1050000	-41.47887	0	-41.47887	0.250923	0.175846	0.426248	0.582983	0.210961	0.111605	2.64352	0.885504	0.0275672
1060000	-30.75906	0	-30.75906	0.130116	0.236151	0.131474	0.37159	0.16622	0.108205	2.62458	0.926271	0.0698976
1070000	-39.3585	0	-39.3585	0.0788008	0.227452	0.102099	0.19987	0.180271	0.11678	1.20314	0.628687	0.129946
1080000	-50.47405	0	-50.47405	0.116099	0.219964	0.2139	0.416662	0.0699837	0.196981	2.75088	0.154758	0.0133843
1090000	-33.87847	0	-33.87847	0.079072	0.205812	0.508304	0.564487	0.0983114	0.137861	2.2108	0.299131	0.260934
1100000	-38.59209	0	-38.59209	0.281366	0.281792	0.0453262	0.865097	0.106955	0.104071	1.18946	0.457824	0.137716
1110000	-45.22027	0	-45.22027	0.0819981	0.0980857	0.30763	0.307475	0.0630744	0.172058	1.50077	0.334334	0.122944
1120000	-36.42643	0	-36.42643	0.120529	0.377677	0.174224	0.635275	0.195081	0.0874407	1.17638	0.450796	0.219546
1130000	-45.61238	0	-45.61238	0.139004	0.103685	0.151994	0.364873	0.0964003	0.0717416	3.48786	0.877098	0.0132286
1140000	-39.10541	0	-39.10541	0.127188	0.264613	0.233185	0.584639	0.108631	0.132089	2.45397	0.191273	0.264331
1150000	-42.41194	0	-42.41194	0.30979	0.242842	0.364681	0.596723	0.242118	0.156259	1.07531	0.417776	0.0930552
1160000	-32.95456	0	-32.95456	0.0720944	0.190475	0.222091	0.667348	0.0996258	0.0726174	1.67177	0.495215	0.588703
1170000	-33.1426	0	-33.1426	0.113987	0.422988	0.0604101	0.547225	0.0686714	0.123019	1.56062	0.256078	1.37671
1180000	-48.55629	0	-48.55629	0.136547	0.0936115	0.264583	0.500567	0.128977	0.0803403	1.04674	0.457242	0.042257
1190000	-46.70479	0	-46.70479	0.0924373	0.268344	0.209213	0.528604	0.0728122	0.14612	1.55111	0.433599	0.0810229
1200000	-42.23769	0	-42.23769	0.109388	0.103987	0.137297	0.375306	0.0538241	0.0383061	1.90701	0.223779	0.0457063
1210000	-36.16599	0	-36.16599	0.238867	0.124442	0.312262	0.461609	0.111689	0.0749404	3.72436	0.732111	0.108986
1220000	-41.03937	0	-41.03937	0.141641	0.122686	0.433251	0.685165	0.107291	0.164328	0.953333	0.349793	0.149756
1230000	-36.59853	0	-36.59853	0.0946701	0.308983	0.31779	0.32394	0.135722	0.0579669	2.86653	1.18929	0.254827
1240000	-38.28688	0	-38.28688	0.163432	0.084101	0.291531	0.394519	0.119927	0.108261	3.22063	0.23743	0.0689858
1250000	-32.86187	0	-32.86187	0.230314	0.219346	0.212652	0.603565	0.0972009	0.16499	1.17782	0.645787	4.44766
1260000	-39.89564	0	-39.89564	0.0943523	0.334684	0.0705586	0.258125	0.157183	0.0884421	1.62059	1.38583	0.188978
1270000	-41.94268	0	-41.94268	0.0589286	0.201224	0.192145	0.709118	0.0824521	0.0734136	1.3408	0.286166	0.0514081
1280000	-36.37106	0	-36.37106	0.121395	0.0779828	0.230494	0.609485	0.0892269	0.0817317	1.5974	0.992549	1.08095
1290000	-37.72356	0	-37.72356	0.17508	0.23015	0.364481	0.580187	0.250921	0.202925	1.40837	1.63441	2.33689
1300000	-47.8417	0	-47.8417	0.231758	0.117553	0.184478	0.575256	0.0798454	0.0969454	3.68912	0.609211	0.0693413
1310000	-34.11001	0	-34.11001	0.219468	0.108573	0.487682	0.632282	0.0903024	0.0852824	1.74258	0.789614	0.289135
1320000	-43.57347	0	-43.57347	0.133465	0.150115	0.310525	0.411697	0.13581	0.144462	1.6244	0.647464	0.0670146
1330000	-45.31639	0	-45.31639	0.111792	0.127178	0.908161	0.558507	0.140076	0.106958	1.0912	0.873868	0.123336
1340000	-54.36472	0	-54.36472	0.195064	0.0792067	0.2335	0.372921	0.167148	0.123482	1.33455	0.0396162	0.00805475
1350000	-36.32682	0	-36.32682	0.119529	0.318581	0.295439	0.446254	0.146516	0.0816127	4.32909	1.59253	2.36222
1360000	-37.96228	0	-37.96228	0.108482	0.511007	0.177003	0.420722	0.096776	0.126832	0.858688	1.2809	0.285928
1370000	-36.78121	0	-36.78121	0.0628425	0.461457	0.137702	0.306802	0.14354	0.0703702	0.989312	0.803448	0.212071
1380000	-49.71701	0	-49.71701	0.105445	0.239207	0.134472	0.651529	0.232248	0.0647318	2.27644	0.256532	0.0290882
1390000	-33.99472	0	-33.99472	0.151349	0.468164	0.28563	0.749364	0.0820877	0.0955544	2.04775	0.179574	0.331398
1400000	-43.03852	0	-43.03852	0.0663415	0.0739943	0.193413	0.476569	0.0716004	0.084373	2.27765	0.989662	0.0663417
1410000	-45.08589	0	-45.08589	0.157385	0.1949	0.435095	0.606328	0.243939	0.0857056	2.47757	0.353391	0.035796
1420000	-46.38663	0	-46.38663	0.115894	0.110197	0.409265	0.797479	0.0481049	0.0544914	1.43117	0.249855	0.0439492
1430000	-45.0969	0	-45.0969	0.0783576	0.203968	0.136376	0.285224	0.0317052	0.125221	1.13556	0.241721	0.233457
1440000	-47.2028	0	-47.2028	0.227239	0.257807	0.307789	0.677003	0.0995897	0.0701618	1.05781	0.100592	0.158625
1450000	-47.24088	0	-47.24088	0.159855	0.320437	0.225805	1.00287	0.109691	0.12645	0.770309	1.02808	0.885572
1460000	-34.49424	0	-34.49424	0.144284	0.196003	0.257011	0.784779	0.109484	0.165384	2.96599	2.528	1.63392
1470000	-43.7542	0	-43.7542	0.0717343	0.38934	0.0561932	0.350201	0.218504	0.0833762	1.13337	0.568184	0.0704034
1480000	-45.43686	0	-45.43686	0.204465	0.192762	0.337269	0.514979	0.0671328	0.239156	1.57872	0.301328	0.0339282
1490000	-30.89568	0	-30.89568	0.157084	0.3543	0.229055	0.411036	0.0781344	0.0828428	1.36049	0.534386	0.112082
1500000	-33.83544	0	-33.83544	0.0625627	0.385629	0.166318	0.377798	0.159926	0.108869	2.73505	0.57677	1.79862
1510000	-43.97346	0	-43.97346	0.156302	0.0550684	0.544601	0.404783	0.0993646	0.138789	1.41804	0.348825	0.0661413
1520000	-37.43888	0	-37.43888	0.193664	0.230659	0.131553	0.354647	0.0886904	0.108527	3.28078	0.685639	0.070405
1530000	-38.081	0	-38.081	0.0610504	0.300715	0.413964	0.202292	0.107818	0.0617081	1.85204	0.380661	0.197415
1540000	-45.24476	0	-45.24476	0.295783	0.189642	0.16354	0.861902	0.222857	0.0974492	1.84242	0.618519	0.0862936
1550000	-38.4856	0	-38.4856	0.134766	0.110047	0.256448	0.474919	0.181343	0.137008	1.80376	0.301432	0.0363949
1560000	-45.67653	0	-45.67653	0.208866	0.130535	0.110614	0.393053	0.0712373	0.0522506	0.956817	0.311096	0.0312883
1570000	-34.06779	0	-34.06779	0.179491	0.129232	0.192147	0.297627	0.13254	0.0584339	1.93934	4.18963	0.851732
1580000	-41.47996	0	-41.47996	0.0826058	0.431316	0.405542	0.653175	0.0812514	0.120961	1.32659	0.154865	0.109791
1590000	-40.81627	0	-40.81627	0.12922	0.374951	0.37124	0.796245	0.0770546	0.0963678	1.22105	0.394774	0.0889527
1600000	-38.86397	0	-38.86397	0.213983	0.269836	0.326929	0.799519	0.109352	0.186406	1.78245	0.433595	2.11977
1610000	-33.80879	0	-33.80879	0.125825	0.311614	0.111866	0.44177	0.218469	0.191684	4.04498	1.24107	1.67524
1620000	-40.04043	0	-40.04043	0.0883093	0.414979	0.328632	0.487789	0.0718752	0.216953	2.1417	0.159969	0.251763
1630000	-59.66982	0	-59.66982	0.0966139	0.107663	0.0773275	0.511356	0.10818	0.0666436	3.67124	0.0889316	0.00475903
1640000	-44.80534	0	-44.80534	0.132423	0.126252	0.183711	0.476957	0.235036	0.128455	4.03777	0.183148	0.0461316
1650000	-55.03823	0	-55.03823	0.0873687	0.076181	0.161635	0.434979	0.0894037	0.0970214	5.1065	0.322758	0.0268607
1660000	-37.30634	0	-37.30634	0.0585817	0.514675	0.133536	0.437114	0.158246	0.0859493	0.642052	1.23276	0.150546
1670000	-54.5458	0	-54.5458	0.0799533	0.08797	0.274402	0.179331	0.134888	0.210684	2.31401	0.281108	0.00390835
1680000	-37.93257	0	-37.93257	0.243896	0.173293	0.569587	1.02858	0.0883837	0.0537897	1.86221	0.594824	0.174671
1690000	-37.33064	0	-37.33064	0.107234	0.334875	0.261083	0.39061	0.0904023	0.0663951	1.27376	0.270583	0.0975977
1700000	-45.38094	0	-45.38094	0.0889782	0.0893211	0.109295	0.567503	0.0864982	0.0877459	3.36173	0.269126	0.0224988
1710000	-39.7868	0	-39.7868	0.188381	0.406629	0.234226	0.579393	0.0885817	0.0982347	4.73816	0.520615	0.910073
1720000	-30.93033	0	-30.93033	0.26768	0.165467	0.205603	0.665452	0.0573548	0.0810115	1.79012	3.14786	0.720449
1730000	-34.78947	0	-34.78947	0.126501	0.137507	0.127937	0.253444	0.0478159	0.0908459	0.747549	0.900014	0.311403
1740000	-36.27686	0	-36.27686	0.131111	0.354879	0.188271	0.770012	0.122499	0.0743647	1.16454	0.899853	0.315915
1750000	-40.52091	0	-40.52091	0.0759466	0.264681	0.283294	0.286054	0.184399	0.11626	6.12572	0.603569	0.0657264
1760000	-44.70569	0	-44.70569	0.169516	0.0684778	0.247842	0.318147	0.113011	0.0512205	4.18773	0.244107	0.0621989
1770000	-44.76974	0	-44.76974	0.0803025	0.349283	0.172132	0.194852	0.0896994	0.0774964	3.82291	0.447191	0.0852537
1780000	-35.62387	0	-35.62387	0.132642	0.177041	0.168776	0.568033	0.0789924	0.145412	2.41356	0.869204	0.554505
1790000	-31.56012	0	-31.56012	0.0639134	0.396003	0.211314	0.338719	0.189203	0.106561	0.609614	0.737223	0.582162
1800000	-37.59189	0	-37.59189	0.196908	0.192484	0.136646	0.661315	0.248764	0.0932626	1.10934	0.693333	2.29777
1810000	-35.28301	0	-35.28301	0.1902	0.201209	0.155088	0.302506	0.0676849	0.219498	2.26698	0.748048	0.977501
1820000	-45.56473	0	-45.56473	0.0610758	0.137709	0.195878	0.707693	0.0817893	0.0971699	0.393863	0.435837	0.0335807
1830000	-40.85963	0	-40.85963	0.145801	0.287094	0.246824	0.616016	0.0931155	0.0462265	1.0494	0.147353	0.0592778
1840000	-52.45368	0	-52.45368	0.0923454	0.0854526	0.309056	0.999515	0.142357	0.14078	1.32752	0.408984	0.0394771
1850000	-36.22679	0	-36.22679	0.220576	0.205937	0.160699	0.432527	0.0670028	0.078289	1.04108	1.91489	1.77487
1860000	-35.69539	0	-35.69539	0.0851464	0.470245	0.117951	0.756217	0.16157	0.17096	1.89867	0.515973	0.863301
1870000	-45.81346	0	-45.81346	0.0997946	0.0751503	0.22931	0.434859	0.16945	0.0929213	4.10412	0.276946	0.0142731
1880000	-37.3629	0	-37.3629	0.146071	0.365414	0.230391	0.649451	0.202883	0.192035	1.48739	1.4979	0.986322
1890000	-43.07985	0	-43.07985	0.112609	0.217556	0.278068	0.251308	0.0993685	0.07051	2.19597	0.515794	0.682196
1900000	-32.66448	0	-32.66448	0.0665514	0.634012	0.101552	0.388819	0.0839737	0.145581	1.19314	0.711906	0.990171
1910000	-42.78524	0	-42.78524	0.0832991	0.124733	0.120138	0.289596	0.0887771	0.0597434	3.13915	0.290554	0.149103
1920000	-34.53333	0	-34.53333	0.0949209	0.380939	0.180799	0.493372	0.117593	0.200668	0.66556	0.653609	0.130341
1930000	-43.36907	0	-43.36907	0.0824763	0.509715	0.264574	0.432478	0.0674683	0.49278	2.22191	0.566372	0.482292
1940000	-41.92811	0	-41.92811	0.111938	0.188582	0.281901	0.601471	0.0770261	0.108062	1.52901	0.16429	0.0382186
1950000	-35.37423	0	-35.37423	0.323788	0.475558	0.283443	0.565503	0.0713558	0.204958	1.6468	1.59344	2.17786
1960000	-30.70442	0	-30.70442	0.221453	0.453639	0.20987	0.48916	0.104104	0.0684072	2.40447	2.52772	1.70688
1970000	-33.12782	0	-33.12782	0.325278	0.281529	0.121047	0.443601	0.256029	0.123702	0.956667	1.47528	0.396449
1980000	-31.27403	0	-31.27403	0.142425	0.24806	0.178398	0.503609	0.206432	0.11984	1.73519	0.572095	0.670035
1990000	-52.49483	0	-52.49483	0.103487	0.226495	0.175148	0.355374	0.204545	0.0876189	4.22471	0.381663	0.022534
2000000	-41.14127	0	-41.14127	0.189967	0.251307	0.176976	0.540669	0.0724603	0.0829596	1.20189	1.0431	0.504665
2010000	-33.59638	0	-33.59638	0.0808398	0.380499	0.156681	0.628783	0.197678	0.0605541	0.886697	0.628323	0.188491
2020000	-44.66685	0	-44.66685	0.102992	0.157511	0.246075	0.479685	0.0966964	0.164065	1.15996	0.645829	0.278613
2030000	-42.76484	0	-42.76484	0.0930117	0.236485	0.0677184	0.311962	0.090432	0.061718	3.56769	0.463209	0.0237405
2040000	-55.62233	0	-55.62233	0.120898	0.231471	0.452529	0.26051	0.078966	0.399857	2.17319	0.328379	0.0264769
2050000	-43.31741	0	-43.31741	0.0669359	0.145541	0.197457	0.361809	0.186914	0.143292	4.34186	0.19868	0.00986536
2060000	-43.3819	0	-43.3819	0.0933906	0.148155	0.265063	0.335492	0.258188	0.0870325	1.90747	0.598436	0.0283986
2070000	-39.73097	0	-39.73097	0.190312	0.528277	0.326557	0.392278	0.108632	0.136495	2.86625	0.463377	1.75964
2080000	-36.81983	0	-36.81983	0.263925	0.231899	0.068318	0.836738	0.112857	0.107487	2.03965	0.946684	0.0710088
2090000	-40.68078	0	-40.68078	0.130279	0.197592	0.138043	0.3734	0.100887	0.0884026	0.487003	0.633009	0.672155
2100000	-39.63033	0	-39.63033	0.110616	0.181399	0.184891	0.441835	0.136855	0.0780334	3.5745	0.330447	0.282051
2110000	-29.24776	0	-29.24776	0.123493	0.389864	0.384065	0.539712	0.0962337	0.102593	2.32478	0.793929	0.187216
2120000	-35.19019	0	-35.19019	0.287669	0.209029	0.108013	0.540556	0.132486	0.140185	0.923557	0.556436	0.722141
2130000	-42.35863	0	-42.35863	0.20111	0.250705	0.17153	0.629679	0.0512138	0.161804	0.596045	0.358855	1.86172
2140000	-41.35508	0	-41.35508	0.221909	0.0773908	0.259847	0.740775	0.111807	0.122622	1.31364	0.24379	0.142129
2150000	-40.37998	0	-40.37998	0.0811395	0.136736	0.213057	0.377339	0.122499	0.11344	2.9374	0.423878	0.0611757
2160000	-37.25991	0	-37.25991	0.0882036	0.178841	0.296712	0.629171	0.0866921	0.0966667	2.38209	0.53365	0.0135235
2170000	-50.65427	0	-50.65427	0.0438517	0.274589	0.296327	0.277002	0.105091	0.0560078	0.491081	0.26252	0.0147031
2180000	-45.22279	0	-45.22279	0.0973603	0.0610618	0.30681	0.501955	0.0553643	0.119548	0.929532	0.225534	0.0164418
2190000	-37.77142	0	-37.77142	0.196311	0.256533	0.318235	0.511321	0.0766259	0.171369	6.66347	1.53605	0.774683
2200000	-38.26778	0	-38.26778	0.25981	0.263462	0.163361	0.405401	0.0735239	0.199426	1.83746	1.59018	0.110653
2210000	-44.97847	0	-44.97847	0.100211	0.231107	0.140616	0.371753	0.151512	0.0735408	0.860978	0.444512	0.0533212
2220000	-45.23222	0	-45.23222	0.0789996	0.228928	0.228561	0.51145	0.0632836	0.084145	1.42045	0.400815	0.00913638
2230000	-37.7431	0	-37.7431	0.228587	0.20532	0.0899264	0.384591	0.0639215	0.0439509	1.84537	0.558263	0.123581
2240000	-38.35697	0	-38.35697	0.158878	0.259043	0.229549	0.456971	0.07876	0.166677	1.29375	1.34752	0.0429935
2250000	-45.08082	0	-45.08082	0.119538	0.18813	0.185517	0.45298	0.0504393	0.0792856	0.660567	0.836824	0.0738662
2260000	-35.23648	0	-35.23648	0.147532	0.126409	0.184549	0.487562	0.150605	0.230119	2.63113	0.54954	0.313915
2270000	-47.78768	0	-47.78768	0.281779	0.278486	0.23602	0.568787	0.136463	0.0706966	2.60645	0.202459	0.111093
2280000	-43.55335	0	-43.55335	0.112645	0.152575	0.229451	0.556935	0.167553	0.105321	1.8735	0.116525	0.0304715
2290000	-42.20982	0	-42.20982	0.109904	0.296763	0.26618	0.364247	0.105348	0.13569	5.0684	1.37848	0.0523542
2300000	-40.83179	0	-40.83179	0.16197	0.233656	0.290857	0.778233	0.11039	0.095991	2.09837	0.225323	0.0765881
2310000	-56.704	0	-56.704	0.139451	0.0908278	0.180965	0.704387	0.0717474	0.140987	0.972302	0.169531	0.0191086
2320000	-40.94554	0	-40.94554	0.0678773	0.424857	0.349413	0.220634	0.0679107	0.0790702	1.77867	0.924809	0.148254
2330000	-34.4028	0	-34.4028	0.100213	0.260103	0.233374	0.281734	0.146644	0.100701	0.386713	0.753345	0.473103
2340000	-37.72177	0	-37.72177	0.159643	0.520005	0.286343	0.523476	0.0748867	0.328776	1.82758	0.73994	1.13798
2350000	-36.78195	0	-36.78195	0.177036	0.198523	0.368332	0.431492	0.136009	0.164377	1.43331	1.41579	0.18892
2360000	-41.19676	0	-41.19676	0.105407	0.246949	0.22564	0.413388	0.140082	0.114693	1.53869	0.505365	0.131439
2370000	-34.68447	0	-34.68447	0.207681	0.115796	0.191669	0.315628	0.121212	0.0601344	1.67169	1.69141	0.0640675
2380000	-46.40682	0	-46.40682	0.314401	0.123787	0.175376	0.508742	0.176565	0.0926163	2.86286	0.750777	0.166372
2390000	-66.57304	0	-66.57304	0.129806	0.12613	0.185806	0.424758	0.377619	0.143606	0.757938	0.187659	0.00276994
2400000	-35.75777	0	-35.75777	0.0667907	0.431573	0.169426	0.330293	0.0754755	0.158672	2.56843	0.585178	1.10068
2410000	-39.658	0	-39.658	0.204477	0.210306	0.229743	0.370278	0.140893	0.07776	1.79576	0.697579	0.0270559
2420000	-45.3053	0	-45.3053	0.148528	0.0479382	0.224753	0.68668	0.166652	0.0870507	1.14042	0.195836	0.0333841
2430000	-30.97553	0	-30.97553	0.0882566	0.459567	0.164362	0.500587	0.124356	0.0762553	1.79202	0.712136	0.32056
2440000	-29.28109	0	-29.28109	0.219278	0.196319	0.131219	0.371244	0.0501977	0.125136	0.96273	0.814266	0.300167
2450000	-47.18287	0	-47.18287	0.0643166	0.11337	0.227607	0.662377	0.0552029	0.135281	2.37584	0.52128	0.0505419
2460000	-34.35795	0	-34.35795	0.118365	0.26476	0.299551	0.355852	0.227371	0.107084	1.68741	0.96057	0.375632
2470000	-52.68235	0	-52.68235	0.554891	0.0754896	0.0899427	0.67273	0.138398	0.0977409	2.51318	0.263409	0.0243996
2480000	-35.45402	0	-35.45402	0.210542	0.273485	0.349295	0.273486	0.0809136	0.140065	2.50935	1.52707	0.347228
2490000	-44.20609	0	-44.20609	0.117165	0.125229	0.122217	0.811729	0.167675	0.0471531	1.43719	0.315273	0.0442091
2500000	-35.83909	0	-35.83909	0.142567	0.243768	0.0841932	0.318855	0.151598	0.135373	1.84271	2.46192	1.61534
2510000	-44.00863	0	-44.00863	0.232961	0.134729	0.201402	0.335053	0.0802267	0.212919	1.46108	0.410879	0.0740158
2520000	-47.75242	0	-47.75242	0.157894	0.100509	0.142253	0.423545	0.173248	0.0780239	1.87972	0.507744	0.0266916
2530000	-35.46181	0	-35.46181	0.0908443	0.135787	0.199211	0.540519	0.0780833	0.0954745	1.2534	1.1496	0.1848
2540000	-43.13672	0	-43.13672	0.102575	0.369107	0.381851	0.516567	0.119053	0.159431	0.833546	0.213563	0.031186
2550000	-37.69661	0	-37.69661	0.116779	0.409811	0.231064	0.329072	0.0653068	0.128273	1.72009	0.587396	0.19756
2560000	-40.512	0	-40.512	0.202665	0.247327	0.0516535	0.327832	0.101833	0.288193	1.516	1.1862	0.441149
2570000	-41.88901	0	-41.88901	0.180972	0.108578	0.113574	0.405222	0.116142	0.0912462	0.810443	0.455268	0.00399915
2580000	-37.08607	0	-37.08607	0.076837	0.260309	0.192639	0.410192	0.155196	0.122391	3.31647	0.367978	0.438094
2590000	-35.38109	0	-35.38109	0.12653	0.506102	0.0889226	0.447362	0.136626	0.177057	3.40618	0.311419	0.598503
2600000	-35.63012	0	-35.63012	0.176353	0.237966	0.390446	0.535052	0.1182	0.0813689	3.03418	1.77063	0.0283545
2610000	-46.16168	0	-46.16168	0.267516	0.0956571	0.364246	0.561435	0.153117	0.196608	4.42114	0.604736	0.0666475
2620000	-38.76905	0	-38.76905	0.0966571	0.106241	0.603813	0.617775	0.130315	0.0887826	1.38984	0.539652	0.0633128
2630000	-35.96176	0	-35.96176	0.177498	0.10986	0.415496	0.440353	0.111461	0.23408	2.29383	0.799733	0.18713
2640000	-44.44106	0	-44.44106	0.0937765	0.322129	0.268103	0.423472	0.109693	0.0751477	1.53686	0.508468	0.0130234
2650000	-35.36477	0	-35.36477	0.298394	0.247916	0.233388	0.615343	0.163196	0.06056	0.984751	1.01529	0.610743
2660000	-54.44817	0	-54.44817	0.189654	0.116088	0.118362	0.677549	0.064847	0.111477	1.96826	0.13647	0.0279379
2670000	-40.56719	0	-40.56719	0.139852	0.245476	0.152302	0.656712	0.0531647	0.174056	1.49684	0.172101	0.0502277
2680000	-35.21011	0	-35.21011	0.225932	0.322981	0.233725	0.376227	0.108407	0.0903425	0.859458	0.368298	0.398111
2690000	-44.81533	0	-44.81533	0.155264	0.278708	0.27901	0.319923	0.143339	0.205754	1.16937	0.184658	0.0955308
2700000	-39.73634	0	-39.73634	0.133286	0.131681	0.250435	0.682548	0.0791375	0.0561051	3.67261	0.893255	0.0577792
2710000	-43.49102	0	-43.49102	0.10657	0.113302	0.0913065	0.5036	0.0869141	0.182068	0.975328	0.2216	0.0998364
2720000	-39.90078	0	-39.90078	0.162545	0.281087	0.25371	0.564547	0.168906	0.0687432	0.39924	0.840657	0.0463196
2730000	-34.4087	0	-34.4087	0.128415	0.346999	0.114487	0.706422	0.0649117	0.0576533	0.973013	1.4303	2.90829
2740000	-40.89708	0	-40.89708	0.296012	0.137633	0.290799	0.370254	0.194977	0.0875504	1.50556	0.790738	0.0966773
2750000	-40.85289	0	-40.85289	0.142059	0.518594	0.154857	0.397786	0.0769972	0.185712	1.43124	0.121845	0.443812
2760000	-41.55983	0	-41.55983	0.078832	0.337696	0.0968088	0.631881	0.233609	0.0530757	2.01745	0.739772	0.0218731
2770000	-39.56121	0	-39.56121	0.10142	0.105138	0.145765	0.416608	0.0484328	0.112816	2.9884	0.898897	0.106837
2780000	-44.40807	0	-44.40807	0.170721	0.154127	0.651485	0.310463	0.144074	0.283073	0.813669	0.950773	0.17339
2790000	-45.23457	0	-45.23457	0.168876	0.0958847	0.238294	0.404452	0.102172	0.0899496	1.72888	0.251564	0.0141509
2800000	-41.50201	0	-41.50201	0.163459	0.196464	0.141667	0.496695	0.0626964	0.0552712	1.5296	0.708965	0.076926
2810000	-35.94497	0	-35.94497	0.129396	0.399078	0.313328	0.396163	0.225906	0.116663	1.23876	0.588154	2.37039
2820000	-37.08547	0	-37.08547	0.0398891	0.309787	0.114888	0.455955	0.23063	0.0770166	3.14692	0.845579	0.348964
2830000	-42.492	0	-42.492	0.23306	0.117997	0.149213	0.506641	0.0408195	0.0628224	3.185	3.18122	0.29217
2840000	-43.89618	0	-43.89618	0.130244	0.093223	0.160583	0.668802	0.15111	0.135835	1.63965	0.333775	0.00769394
2850000	-38.34938	0	-38.34938	0.160145	0.106506	0.267864	0.40434	0.115293	0.133963	2.86032	2.29782	0.217078
2860000	-55.46018	0	-55.46018	0.165432	0.101762	0.164528	0.725005	0.0937513	0.134026	1.2551	0.675253	0.00337889
2870000	-35.85502	0	-35.85502	0.11252	0.269255	0.165315	0.517677	0.0880197	0.109516	2.0219	0.328443	0.36945
2880000	-47.09314	0	-47.09314	0.101921	0.147095	0.196355	0.200335	0.113563	0.129812	1.60154	0.334381	0.0124946
2890000	-39.68144	0	-39.68144	0.166685	0.17113	0.324528	0.679749	0.0996942	0.101532	0.807131	0.361893	0.00521316
2900000	-44.75245	0	-44.75245	0.15046	0.174789	0.123083	0.541456	0.314853	0.149024	2.94921	1.14766	2.28327
2910000	-46.65817	0	-46.65817	0.339138	0.171151	0.495002	0.362064	0.108306	0.236257	1.23389	1.00342	0.0555689
2920000	-47.60496	0	-47.60496	0.076972	0.140757	0.216211	0.477053	0.0977385	0.103823	1.13189	0.385522	0.077266
2930000	-40.38955	0	-40.38955	0.0907515	0.153366	0.62501	0.505013	0.233676	0.10747	2.39998	0.870899	0.0902377
2940000	-33.40045	0	-33.40045	0.142588	0.555882	0.0879618	0.399426	0.152853	0.19181	2.37052	1.59925	0.700605
2950000	-43.60465	0	-43.60465	0.14655	0.196411	0.262959	0.372431	0.0868412	0.0859858	1.55024	0.36648	0.0910401
2960000	-30.61399	0	-30.61399	0.110669	0.222731	0.222999	0.598278	0.152035	0.0697057	2.90368	0.610035	0.605018
2970000	-36.53134	0	-36.53134	0.0562242	0.308645	0.159782	0.331329	0.130741	0.0316353	2.16525	0.877998	0.0354061
2980000	-57.71192	0	-57.71192	0.0733192	0.196189	0.177256	0.627282	0.180944	0.0667017	1.29375	0.157551	0.0158109
2990000	-39.69531	0	-39.69531	0.0908495	0.138138	0.237337	0.32156	0.0593894	0.158454	3.39043	2.05996	0.0563373
3000000	-50.0248	0	-50.0248	0.0868956	0.18929	0.262033	0.71706	0.432377	0.210904	1.85305	0.180895	0.00120048
3010000	-35.16786	0	-35.16786	0.146581	0.471827	0.0977803	0.257081	0.104305	0.135888	2.79549	0.55835	2.27261
3020000	-44.2226	0	-44.2226	0.167913	0.208013	0.194754	0.541231	0.230914	0.0655292	1.48966	0.340831	0.0421952
3030000	-42.4059	0	-42.4059	0.265657	0.30549	0.0939014	0.226562	0.0600521	0.200702	1.74659	0.711645	0.0778385
3040000	-44.55844	0	-44.55844	0.100993	0.751543	0.319863	0.712054	0.0694511	0.100572	1.37148	0.820443	2.28796
3050000	-40.76587	0	-40.76587	0.0910232	0.162894	0.28778	0.519031	0.0634623	0.273781	0.8279	0.337628	0.0162774
3060000	-45.58848	0	-45.58848	0.140519	0.170923	0.181601	0.603655	0.219063	0.0888602	0.88471	0.18959	0.0152114
3070000	-29.94929	0	-29.94929	0.0811205	0.412431	0.113619	0.334733	0.202499	0.134493	2.18327	0.729576	0.928762
3080000	-41.17148	0	-41.17148	0.214952	0.318585	0.125847	0.282303	0.164316	0.162674	3.10189	0.425063	0.133263
3090000	-37.50667	0	-37.50667	0.0968831	0.216606	0.338203	0.429528	0.0865033	0.229605	1.12146	0.346406	0.102326
3100000	-35.31726	0	-35.31726	0.140011	0.345688	0.236012	0.285499	0.104576	0.0591521	1.39365	1.41413	0.114103
3110000	-31.99416	0	-31.99416	0.127681	0.24198	0.167845	0.325482	0.113307	0.113817	1.52426	0.716747	0.167434
3120000	-37.64018	0	-37.64018	0.210318	0.197691	0.356821	0.295065	0.109931	0.0637996	2.36809	1.82533	0.151097
3130000	-38.18852	0	-38.18852	0.189222	0.1503	0.164177	0.513085	0.132334	0.108707	1.69391	0.25192	0.408611
3140000	-39.15954	0	-39.15954	0.101509	0.299126	0.111057	0.622792	0.0937962	0.0526727	6.70566	2.08856	0.0273187
3150000	-38.62728	0	-38.62728	0.174207	0.214568	0.255689	0.412436	0.100094	0.117282	1.35904	0.323849	0.138981
3160000	-54.55786	0	-54.55786	0.0630463	0.165702	0.242487	0.779814	0.149679	0.142756	2.47504	0.430062	0.00314741
3170000	-30.80299	0	-30.80299	0.247411	0.0933764	0.182506	0.374394	0.100218	0.131123	1.94686	1.6605	0.314013
3180000	-36.0487	0	-36.0487	0.238961	0.0823406	0.417974	0.674359	0.113281	0.18704	4.46908	0.332382	0.101095
3190000	-38.27532	0	-38.27532	0.149628	0.256093	0.257942	0.325124	0.139334	0.232502	1.03228	0.540627	0.162199
3200000	-42.83216	0	-42.83216	0.108908	0.0765123	0.178609	0.575646	0.0754658	0.163055	0.793329	0.52632	0.0119723
3210000	-29.66016	0	-29.66016	0.0803883	0.289022	0.22816	0.500045	0.0919768	0.0913975	3.76172	0.644443	0.351014
3220000	-32.49892	0	-32.49892	0.147703	0.0875498	0.273554	0.704413	0.0620073	0.126137	1.51975	0.818461	0.10076
3230000	-46.46599	0	-46.46599	0.06904	0.119125	0.3243	0.531829	0.0999509	0.240975	2.52757	0.568431	0.344132
3240000	-41.05222	0	-41.05222	0.165098	0.22207	0.158928	0.718159	0.213197	0.140908	3.6198	0.906866	0.00579528
3250000	-42.52352	0	-42.52352	0.118993	0.111634	0.210219	0.508842	0.150651	0.0880123	2.2595	0.221019	0.0533127
3260000	-41.00652	0	-41.00652	0.0952097	0.124122	0.358621	0.163279	0.164737	0.124611	2.93873	0.482924	0.168844
3270000	-33.90932	0	-33.90932	0.236136	0.322476	0.0901026	0.825881	0.0548753	0.145875	1.826	1.04629	0.220726
3280000	-47.13374	0	-47.13374	0.136929	0.0691942	0.293701	0.750702	0.0574652	0.0896847	2.42232	0.153044	0.0308455
3290000	-49.22865	0	-49.22865	0.108003	0.106222	0.222508	0.481675	0.0808164	0.105055	2.82444	0.294246	0.0243999
3300000	-34.30432	0	-34.30432	0.0810944	0.252955	0.179099	0.780969	0.10368	0.0625953	1.60974	1.4152	0.0921071
3310000	-40.66144	0	-40.66144	0.134877	0.278053	0.124024	0.33956	0.0562471	0.0807706	0.328499	0.286729	0.509021
3320000	-48.05303	0	-48.05303	0.307647	0.203727	0.123459	0.515389	0.157179	0.100309	3.01414	0.572087	0.0136635
3330000	-42.90874	0	-42.90874	0.166519	0.119279	0.24775	0.558468	0.187822	0.0803219	2.24821	0.220216	0.00537208
3340000	-37.10389	0	-37.10389	0.306774	0.104965	0.40472	0.598871	0.122716	0.217388	1.02972	0.98311	0.0763892
3350000	-40.92985	0	-40.92985	0.224889	0.132087	0.220138	0.344114	0.087596	0.174205	0.769731	2.64028	0.0743639
3360000	-44.84205	0	-44.84205	0.101083	0.144185	0.235355	0.327773	0.125731	0.0991636	1.2717	0.163655	0.0942863
3370000	-39.23565	0	-39.23565	0.145554	0.217177	0.178054	0.302726	0.060601	0.118119	1.73512	0.643477	0.518708
3380000	-38.20151	0	-38.20151	0.167711	0.291099	0.344654	0.422529	0.093988	0.111125	3.80065	1.31222	0.725251
3390000	-44.87036	0	-44.87036	0.205143	0.0883247	0.270038	0.359983	0.203598	0.0648073	2.11323	0.149493	0.0448612
3400000	-45.74422	0	-45.74422	0.080234	0.0913939	0.249984	0.394647	0.184549	0.153449	3.9136	0.384714	0.127568
3410000	-31.9747	0	-31.9747	0.171129	0.35174	0.108863	0.58761	0.116846	0.133738	0.77785	0.752759	1.56572
3420000	-36.76169	0	-36.76169	0.132521	0.373187	0.0755506	0.463866	0.0568163	0.0986594	1.93305	0.2799	3.76019
3430000	-45.99479	0	-45.99479	0.239804	0.200178	0.146191	0.614653	0.353664	0.15665	2.94835	0.561966	0.184437
3440000	-42.98027	0	-42.98027	0.120352	0.20973	0.160638	0.339158	0.129667	0.0609118	5.18414	0.46934	0.0451735
3450000	-31.45073	0	-31.45073	0.160422	0.320204	0.217494	0.624884	0.104358	0.112618	3.47623	0.387127	0.321748
3460000	-37.35026	0	-37.35026	0.104163	0.293581	0.0807519	0.371605	0.280993	0.194601	1.555	1.31598	2.11224
3470000	-40.12604	0	-40.12604	0.0996513	0.319744	0.709317	0.362353	0.12307	0.0492074	1.29798	0.630355	0.698004
3480000	-45.87467	0	-45.87467	0.123118	0.0928447	0.153427	0.593931	0.067609	0.103069	1.51699	0.401238	0.0250095
3490000	-38.53804	0	-38.53804	0.119215	0.114645	0.223051	0.385245	0.0402419	0.105167	2.9405	0.654234	0.286713
3500000	-44.12884	0	-44.12884	0.180901	0.203029	0.13342	0.901559	0.112445	0.0500071	1.26879	0.387951	0.00861429
3510000	-44.13041	0	-44.13041	0.0889611	0.236288	0.0972435	0.705732	0.0832378	0.0968034	4.43128	0.574064	0.0635145
3520000	-35.97472	0	-35.97472	0.122985	0.18656	0.289682	0.455639	0.0764207	0.0811416	1.6326	1.33543	0.444731
3530000	-53.82398	0	-53.82398	0.264114	0.120156	0.110087	0.328896	0.206239	0.059669	3.11663	0.125059	0.00438479
3540000	-38.82074	0	-38.82074	0.166945	0.0892228	0.293045	0.634204	0.135527	0.148472	3.01744	0.868577	0.0361798
3550000	-37.03155	0	-37.03155	0.171792	0.318177	0.18121	0.461317	0.165215	0.162684	1.37982	1.08108	0.201858
3560000	-33.58753	0	-33.58753	0.204477	0.241813	0.152441	0.510177	0.0633335	0.112804	2.94838	1.35387	0.468508
3570000	-42.15807	0	-42.15807	0.0982375	0.360735	0.39666	0.569115	0.0713013	0.157447	1.62131	0.56761	0.0491804
3580000	-35.10299	0	-35.10299	0.123795	0.241975	0.136913	0.510163	0.102523	0.0507425	1.41666	0.424732	0.0888435
3590000	-44.60002	0	-44.60002	0.147898	0.221978	0.227162	0.498311	0.129194	0.228547	1.58495	0.435671	0.0240187
3600000	-38.2118	0	-38.2118	0.0987405	0.127519	0.269027	0.497791	0.159503	0.104335	2.46723	0.989071	0.0391402
3610000	-36.50549	0	-36.50549	0.202132	0.352454	0.322635	0.580528	0.224965	0.128682	1.4316	1.48177	0.188479
3620000	-41.86123	0	-41.86123	0.286059	0.548797	0.160494	0.472562	0.212153	0.13708	0.784164	0.487604	3.86321
3630000	-36.29268	0	-36.29268	0.34273	0.0863859	0.22149	0.369021	0.0529766	0.0743501	2.54752	2.07374	0.0599894
3640000	-40.68709	0	-40.68709	0.10423	0.117049	0.185094	0.392753	0.0949555	0.102776	1.36853	2.09079	0.330395
3650000	-33.10458	0	-33.10458	0.128252	0.367868	0.124492	0.418278	0.0836	0.16173	3.63553	0.366428	0.887311
3660000	-38.08436	0	-38.08436	0.0361875	0.349671	0.182943	0.493782	0.156431	0.212143	2.21359	0.294587	0.979208
3670000	-29.39868	0	-29.39868	0.139058	0.448987	0.195824	0.889215	0.100054	0.0812315	0.978371	0.32583	0.53935
3680000	-41.33002	0	-41.33002	0.0701421	0.589387	0.2438	0.416849	0.166657	0.335299	3.16575	0.661867	0.172991
3690000	-51.33514	0	-51.33514	0.326953	0.31746	0.154093	0.323627	0.113703	0.120155	1.99096	0.204593	0.0405335
3700000	-52.48966	0	-52.48966	0.137857	0.21909	0.277604	0.575945	0.122339	0.123905	3.30963	0.392372	0.0359654
3710000	-34.00433	0	-34.00433	0.0831577	0.250702	0.37699	0.563158	0.0911638	0.11942	2.81277	0.417856	1.41298
3720000	-47.76579	0	-47.76579	0.108666	0.314115	0.164303	0.537783	0.107086	0.104054	2.76156	0.96363	0.00729409
3730000	-40.48202	0	-40.48202	0.120815	0.0974893	0.215155	0.563645	0.0796412	0.0375998	2.26727	0.291186	0.0357658
3740000	-38.15084	0	-38.15084	0.127136	0.37663	0.123054	0.851643	0.120404	0.13477	1.35818	0.615094	0.0514834
3750000	-37.05274	0	-37.05274	0.284965	0.626344	0.0907471	0.412442	0.0369805	0.25589	1.35316	1.72398	0.271492
3760000	-42.8865	0	-42.8865	0.0870555	0.302891	0.100948	0.607257	0.105305	0.0800536	3.18349	0.584244	2.85225
3770000	-36.78544	0	-36.78544	0.260238	0.249573	0.25735	0.647299	0.124011	0.0920458	2.25521	0.233475	0.517439
3780000	-32.74329	0	-32.74329	0.211563	0.332758	0.124383	0.500191	0.181302	0.0902293	3.15494	0.787321	0.3312
3790000	-31.31685	0	-31.31685	0.207188	0.344578	0.165197	0.62182	0.126862	0.197014	1.99301	0.604561	0.868382
3800000	-56.91612	0	-56.91612	0.0504072	0.130333	0.138734	0.237961	0.17191	0.118113	0.615954	0.226316	0.00993326
3810000	-52.84706	0	-52.84706	0.0412849	0.0413684	0.228738	0.378607	0.124321	0.0528272	3.9913	0.281899	0.0680642
3820000	-36.2223	0	-36.2223	0.123901	0.13583	0.282355	0.454996	0.166339	0.0888258	2.46811	0.236778	0.104876
3830000	-45.64014	0	-45.64014	0.238247	0.214567	0.130327	0.396684	0.133584	0.124653	1.65016	0.619113	0.0578601
3840000	-45.37455	0	-45.37455	0.0922186	0.0884441	0.281211	0.188884	0.113797	0.0880039	1.08905	0.583967	0.0506546
3850000	-38.17728	0	-38.17728	0.390517	0.119957	0.263924	0.409422	0.149254	0.068931	3.75219	0.808632	0.0938244
3860000	-39.31424	0	-39.31424	0.15836	0.117645	0.58936	0.479556	0.111014	0.204196	1.50478	2.62289	0.556938
3870000	-33.97372	0	-33.97372	0.0940012	0.310338	0.198862	0.370375	0.244103	0.192042	2.04501	0.896912	1.14247
3880000	-38.70555	0	-38.70555	0.0885421	0.427221	0.208673	0.792425	0.0594795	0.0909476	1.1802	1.26783	0.787028
3890000	-37.57114	0	-37.57114	0.145916	0.29476	0.118237	0.54964	0.12283	0.11734	0.879268	6.02848	0.481628
3900000	-37.94374	0	-37.94374	0.156732	0.175954	0.317556	0.349006	0.110321	0.127925	2.7566	0.559296	0.0826212
3910000	-45.33142	0	-45.33142	0.0734958	0.249226	0.0824084	0.453563	0.0753234	0.0849121	0.688903	0.314388	0.00923606
3920000	-39.01063	0	-39.01063	0.090631	0.152084	0.304466	0.560393	0.0664125	0.194069	2.087	0.430079	0.169744
3930000	-38.50806	0	-38.50806	0.112891	0.270496	0.321261	0.393369	0.104161	0.0730812	1.16349	1.13344	0.0829213
3940000	-35.69756	0	-35.69756	0.0704717	0.171361	0.134899	0.374595	0.111851	0.0741817	1.99686	0.247067	0.0206262
3950000	-38.88993	0	-38.88993	0.159949	0.134209	0.261307	0.634686	0.0597986	0.0671481	1.42175	1.533	0.0695561
3960000	-49.16506	0	-49.16506	0.459264	0.114165	0.18069	0.486244	0.243144	0.134412	3.21979	0.409678	0.0255499
3970000	-38.26269	0	-38.26269	0.107021	0.291978	0.404872	0.480396	0.139722	0.0875023	0.836689	0.495191	1.49318
3980000	-31.74136	0	-31.74136	0.0989023	0.336499	0.0560602	0.420972	0.0897375	0.133033	1.65428	0.457375	1.11849
3990000	-46.95217	0	-46.95217	0.12825	0.190881	0.231116	0.699688	0.0695302	0.196105	0.976566	0.36177	0.05718
4000000	-33.93011	0	-33.93011	0.214625	0.339116	0.0632252	0.340996	0.119133	0.054601	2.58683	0.405604	0.482176
4010000	-36.37784	0	-36.37784	0.173877	0.309559	0.11059	0.307891	0.14569	0.118232	7.06018	1.11113	0.180703
4020000	-46.08562	0	-46.08562	0.0850427	0.0908895	0.132643	0.568738	0.0818452	0.0668158	1.13529	0.328804	0.0101973
4030000	-39.30466	0	-39.30466	0.192781	0.509907	0.384441	1.26281	0.131863	0.238374	1.43715	0.714291	0.422201
4040000	-46.78222	0	-46.78222	0.0565508	0.154542	0.498697	0.729458	0.145598	0.330435	0.985977	0.165548	0.365393
4050000	-41.66497	0	-41.66497	0.131617	0.170322	0.163824	0.397847	0.189325	0.11661	2.69579	0.229184	0.0451851
4060000	-57.63787	0	-57.63787	0.182584	0.109054	0.143352	0.547089	0.126782	0.153014	1.06164	0.250437	0.0304157
4070000	-42.84913	0	-42.84913	0.149969	0.188196	0.2434	0.507555	0.114717	0.0810166	2.57676	0.925362	0.0598714
4080000	-38.25625	0	-38.25625	0.0519384	0.346973	0.478385	0.328032	0.113182	0.151556	1.71008	1.13423	0.238933
4090000	-38.36861	0	-38.36861	0.0918983	0.299793	0.130855	0.679318	0.0549351	0.0649251	1.48197	0.375754	0.112632
4100000	-34.45188	0	-34.45188	0.157008	0.180466	0.233654	0.525141	0.171091	0.223913	1.73389	0.595939	0.205138
4110000	-39.76547	0	-39.76547	0.218738	0.207403	0.174716	0.58512	0.140861	0.0557298	1.11915	2.96959	0.238837
4120000	-32.27216	0	-32.27216	0.0338132	0.261094	0.124456	0.45129	0.0966331	0.0652028	1.28652	0.631992	1.13855
4130000	-45.20887	0	-45.20887	0.138402	0.279753	0.354089	0.596879	0.230924	0.108449	2.39307	0.484915	0.0183264
4140000	-33.9853	0	-33.9853	0.12215	0.0994828	0.401373	0.649508	0.122285	0.138676	2.63122	1.7249	0.0977121
4150000	-36.83644	0	-36.83644	0.196365	0.389151	0.167304	0.973658	0.0731288	0.102948	1.35812	0.415501	0.389683
4160000	-36.72892	0	-36.72892	0.0738667	0.300278	0.151824	0.327517	0.0927145	0.134956	1.85993	0.484038	0.128746
4170000	-39.18843	0	-39.18843	0.248442	0.26867	0.0665958	0.367114	0.0968141	0.134205	2.29351	0.770061	0.0384128
4180000	-41.51248	0	-41.51248	0.364943	0.307847	0.173761	0.525229	0.109044	0.100631	2.47913	0.602583	0.566019
4190000	-43.88621	0	-43.88621	0.236506	0.113267	0.236756	0.621001	0.187114	0.107227	1.56687	0.225332	0.232302
4200000	-38.67665	0	-38.67665	0.0778366	0.332502	0.149416	0.405881	0.130519	0.0694923	4.02817	0.462655	0.249716
4210000	-40.47934	0	-40.47934	0.105728	0.111173	0.206798	0.344778	0.0853886	0.0739841	1.01571	0.544675	0.0742903
4220000	-48.26245	0	-48.26245	0.0958583	0.112462	0.160221	0.774022	0.0952902	0.12092	1.95735	0.37022	0.0745558
4230000	-46.41074	0	-46.41074	0.0499456	0.279737	0.0914612	0.426606	0.112005	0.0320645	1.15577	0.398814	0.0121518
4240000	-35.80893	0	-35.80893	0.135173	0.239493	0.150376	0.375135	0.0891233	0.0794189	0.617456	0.632989	0.160919
4250000	-42.19142	0	-42.19142	0.280167	0.170865	0.196654	0.703567	0.105594	0.0764321	2.30871	0.417368	0.0403692
4260000	-35.42953	0	-35.42953	0.22617	0.286219	0.121563	0.671987	0.14215	0.0777333	4.54023	0.462892	0.536093
4270000	-44.05486	0	-44.05486	0.14747	0.160037	0.40095	0.482472	0.20332	0.0743537	1.21459	0.32225	0.01556
4280000	-37.58044	0	-37.58044	0.202042	0.335023	0.126669	0.427105	0.109593	0.112663	0.871451	0.272185	1.59932
4290000	-44.03436	0	-44.03436	0.0407041	0.167766	0.296148	0.499455	0.0588727	0.0685003	2.42828	0.331836	0.0466457
4300000	-43.74262	0	-43.74262	0.342309	0.230217	0.205123	0.533829	0.114266	0.0856888	1.52069	0.746041	0.0438352
4310000	-41.43224	0	-41.43224	0.167521	0.189323	0.163929	0.495603	0.197425	0.0628414	0.73024	0.559798	0.0585958
4320000	-37.35677	0	-37.35677	0.150091	0.413501	0.169956	0.832085	0.134107	0.0803474	1.72664	0.644482	0.638666
4330000	-41.5683	0	-41.5683	0.201546	0.169205	0.183388	0.497334	0.20653	0.062935	1.52392	0.317397	0.066579
4340000	-35.62608	0	-35.62608	0.150278	0.430945	0.110393	0.365037	0.0830666	0.0747514	2.42552	1.83929	0.304833
4350000	-39.04304	0	-39.04304	0.244098	0.18106	0.165806	0.705612	0.118788	0.318718	2.51934	2.24943	0.137114
4360000	-30.66545	0	-30.66545	0.102157	0.820489	0.154875	0.9866	0.1709	0.0746757	1.12833	0.422336	0.822836
4370000	-32.85354	0	-32.85354	0.0853608	0.298935	0.317468	0.528589	0.0798236	0.136	2.00244	0.402327	0.491707
4380000	-43.09405	0	-43.09405	0.174099	0.106356	0.300751	0.452047	0.107585	0.0901757	3.96692	0.468576	0.0635694
4390000	-36.86293	0	-36.86293	0.343295	0.169231	0.224793	0.263012	0.108502	0.127147	1.03471	3.11955	0.260638
4400000	-42.37602	0	-42.37602	0.389185	0.251488	0.0698363	0.492028	0.117548	0.11534	1.75337	0.779487	0.118245
4410000	-39.05321	0	-39.05321	0.0773819	0.465443	0.173322	0.270014	0.149785	0.072695	3.04353	0.49497	0.443619
4420000	-48.64018	0	-48.64018	0.0852767	0.170965	0.0765374	0.556681	0.134238	0.0552976	1.43949	0.286261	0.0157307
4430000	-42.04654	0	-42.04654	0.126249	0.270488	0.289693	0.543508	0.0848074	0.109775	6.05561	0.745994	0.511419
4440000	-41.59226	0	-41.59226	0.166545	0.323181	0.270273	1.14499	0.0964945	0.106623	0.986449	0.976031	0.457673
4450000	-35.83613	0	-35.83613	0.101124	0.237066	0.1619	0.345485	0.128985	0.109133	1.5536	0.220659	0.158441
4460000	-42.22372	0	-42.22372	0.086577	0.229368	0.262612	0.633249	0.159325	0.0452469	1.41654	1.11184	0.270411
4470000	-44.74733	0	-44.74733	0.172105	0.247002	0.11913	0.712338	0.135352	0.124855	2.95117	0.557967	0.0807146
4480000	-33.93813	0	-33.93813	0.115568	0.279239	0.0993558	0.482634	0.156503	0.0846177	0.931506	0.744117	0.155447
4490000	-29.95636	0	-29.95636	0.113579	0.531255	0.162654	0.470951	0.0732866	0.119411	1.09896	0.73325	0.37435
4500000	-44.41322	0	-44.41322	0.0911471	0.205171	0.23654	0.592692	0.0640076	0.126059	1.5691	0.442185	0.0146117
4510000	-38.44477	0	-38.44477	0.101892	0.128548	0.155105	0.363451	0.17026	0.0947438	3.00338	0.590533	0.0193118
4520000	-39.92833	0	-39.92833	0.161457	0.228	0.240462	0.390452	0.127834	0.153818	3.91377	0.375742	0.243952
4530000	-32.17547	0	-32.17547	0.0979676	0.434879	0.121134	0.439612	0.0940394	0.0591455	3.38243	0.457335	0.832103
4540000	-47.12098	0	-47.12098	0.0826635	0.158837	0.154228	0.346604	0.163111	0.129908	2.19486	0.291205	0.025892
4550000	-46.12795	0	-46.12795	0.137134	0.234229	0.251376	0.647282	0.165863	0.0750519	2.34526	1.51122	0.131125
4560000	-50.80764	0	-50.80764	0.12343	0.0987708	0.256403	0.408427	0.0814846	0.0822924	5.47876	0.707043	0.0259444
4570000	-39.19333	0	-39.19333	0.235783	0.417286	0.113331	0.384274	0.107441	0.13118	4.68651	0.475521	3.37946
4580000	-53.52628	0	-53.52628	0.322034	0.0280833	0.142781	0.498831	0.116052	0.0792965	1.30237	0.207959	0.00401464
4590000	-44.04118	0	-44.04118	0.100971	0.500532	0.109902	0.240663	0.0913689	0.0719875	2.38023	0.801997	0.0424639
4600000	-42.18444	0	-42.18444	0.202411	0.21583	0.204156	0.266944	0.13705	0.0846862	2.37649	1.57825	1.52909
4610000	-32.22691	0	-32.22691	0.133961	0.491209	0.0854033	0.656717	0.110221	0.070129	0.994553	0.66804	0.258772
4620000	-37.96752	0	-37.96752	0.0704726	0.427308	0.107934	1.21945	0.139624	0.100543	2.22117	1.18319	0.190105
4630000	-33.54084	0	-33.54084	0.278138	0.315483	0.0542748	0.588085	0.0981953	0.0544313	1.32282	0.698404	1.07621
4640000	-38.38156	0	-38.38156	0.149591	0.301917	0.281158	0.283345	0.0488923	0.107582	1.66758	1.12359	0.0802875
4650000	-41.12291	0	-41.12291	0.117265	0.201773	0.197093	0.443741	0.152207	0.081869	1.61402	0.442144	0.02678
4660000	-35.17458	0	-35.17458	0.161432	0.513768	0.112773	0.433764	0.196586	0.104757	1.81545	1.03506	1.37191
4670000	-45.97694	0	-45.97694	0.0492116	0.0812071	0.430317	0.524048	0.0924968	0.180308	1.55547	0.193731	0.00811513
4680000	-43.4842	0	-43.4842	0.149463	0.131272	0.29204	0.393095	0.118838	0.185435	0.956718	0.228645	0.103119
4690000	-38.51261	0	-38.51261	0.10392	0.0663193	0.325242	0.338382	0.171247	0.107135	2.07474	0.51339	0.0446484
4700000	-52.48667	0	-52.48667	0.101816	0.186601	0.178407	0.472707	0.127799	0.0696475	0.492493	0.284641	0.0143496
4710000	-47.24064	0	-47.24064	0.420305	0.168445	0.263767	0.599655	0.0585902	0.0596019	1.25121	0.264196	0.055546
4720000	-41.47917	0	-41.47917	0.234419	0.0472883	0.174545	0.863746	0.096584	0.0968528	2.80402	0.586936	0.0139669
4730000	-36.31986	0	-36.31986	0.0883793	0.198654	0.420764	0.528219	0.155285	0.0639217	3.30186	0.912218	0.429795
4740000	-38.41644	0	-38.41644	0.109235	0.387744	0.102379	0.527917	0.167203	0.0660866	2.96472	0.231156	0.111345
4750000	-44.16641	0	-44.16641	0.1066	0.278883	0.664352	0.479808	0.096743	0.0749049	4.82039	0.430257	0.138014
4760000	-38.81576	0	-38.81576	0.142336	0.0854141	0.221254	0.467795	0.133141	0.195203	1.09144	0.769108	0.12416
4770000	-32.53177	0	-32.53177	0.14419	0.420917	0.367309	0.453116	0.136892	0.131151	1.37702	0.685696	0.688494
4780000	-31.70019	0	-31.70019	0.0764638	0.498419	0.205455	0.481467	0.144159	0.188706	3.76439	0.854306	0.709267
4790000	-48.59278	0	-48.59278	0.112216	0.127708	0.135855	0.332043	0.0917731	0.160186	2.67073	0.137254	0.00213098
4800000	-40.41691	0	-40.41691	0.269295	0.200216	0.157573	0.677219	0.226959	0.216306	4.03357	1.20831	0.247879
4810000	-37.01364	0	-37.01364	0.184204	0.126264	0.3176	0.769481	0.0986811	0.135981	3.1834	0.243359	0.288992
4820000	-35.65903	0	-35.65903	0.210576	0.169206	0.583821	0.348158	0.201117	0.0861221	1.36818	0.244737	0.144158
4830000	-36.46877	0	-36.46877	0.124769	0.252415	0.25876	0.370515	0.0875586	0.187639	0.838123	0.293755	0.106599
4840000	-37.44877	0	-37.44877	0.0914507	0.290993	0.32364	0.297876	0.0802358	0.24845	1.28675	0.343842	0.0464771
4850000	-37.57486	0	-37.57486	0.178315	0.149517	0.269111	0.272681	0.238876	0.0901201	0.904249	1.39875	0.35236
4860000	-40.21049	0	-40.21049	0.0907464	0.407089	0.158447	0.477643	0.159927	0.169933	0.726202	0.341539	0.129176
4870000	-37.67069	0	-37.67069	0.0839191	0.230618	0.12397	0.596569	0.30289	0.118728	2.53493	0.594849	0.553201
4880000	-36.56705	0	-36.56705	0.163757	0.336258	0.163057	0.500132	0.175378	0.148204	1.83731	0.965202	0.0154528
4890000	-39.25681	0	-39.25681	0.0752633	0.120084	0.376851	0.464212	0.0732255	0.230078	4.22041	0.28044	0.201737
4900000	-37.92657	0	-37.92657	0.150489	0.159431	0.137186	0.393595	0.122779	0.144272	3.77286	0.182448	1.80192
4910000	-40.34745	0	-40.34745	0.0639912	0.247209	0.400614	0.736992	0.101017	0.0499631	0.969968	0.443428	0.152751
4920000	-40.10865	0	-40.10865	0.175466	0.140443	0.177971	0.566783	0.0996761	0.109067	1.29454	0.48635	0.0589128
4930000	-33.85791	0	-33.85791	0.112641	0.446762	0.157421	0.367184	0.127445	0.02949	1.83291	0.989612	0.840647
4940000	-47.67087	0	-47.67087	0.122734	0.131512	0.156705	0.712855	0.158109	0.067725	1.66092	0.842273	0.087962
4950000	-41.85785	0	-41.85785	0.0818645	0.126798	0.275516	0.34025	0.151742	0.113282	1.60125	0.384754	0.0120583
4960000	-38.39579	0	-38.39579	0.327617	0.166989	0.298823	0.572489	0.0692026	0.0631085	1.23539	0.426828	0.0383246
4970000	-53.43723	0	-53.43723	0.184391	0.239837	0.107598	0.454469	0.094634	0.0719175	2.21884	0.244231	0.00577111
4980000	-30.70137	0	-30.70137	0.251807	0.308242	0.180423	0.503423	0.0972235	0.0509367	3.39506	1.3353	0.597791
4990000	-40.82854	0	-40.82854	0.0673806	0.128916	0.238075	0.465307	0.109908	0.0551665	2.44011	0.648729	0.0207877
5000000	-42.188	0	-42.188	0.316141	0.479865	0.112259	0.617399	0.0559436	0.0820384	2.14772	1.00911	0.155192
