Iteration	Posterior	Likelihood	Prior	lambda[1]	lambda[2]	lambda[3]	mu[1]	mu[2]	mu[3]	psi[1]	psi[2]	psi[3]
0	-26.51644	0	-26.51644	0.193796	0.116818	0.0999237	0.0405759	0.0675918	0.219521	1.66132	0.783289	1.63023
10000	-17.39241	0	-17.39241	0.0843411	0.21145	0.234235	0.335902	0.109143	0.0997185	2.24555	1.3106	0.526283
20000	-20.77309	0	-20.77309	0.0555374	0.138545	0.238052	0.447466	0.135192	0.162875	1.42174	0.861427	0.122027
30000	-19.48049	0	-19.48049	0.157076	0.0934713	0.508407	0.202309	0.215536	0.106302	2.22779	1.95989	0.334541
40000	-16.03648	0	-16.03648	0.180612	0.0910273	0.109245	0.211017	0.0803399	0.0980318	1.58123	2.14422	2.24449
50000	-19.70155	0	-19.70155	0.0660863	0.0680403	0.13607	0.358117	0.286912	0.0784545	2.68714	0.976036	0.0723319
60000	-19.56357	0	-19.56357	0.0521664	0.12326	0.194031	0.268625	0.112788	0.227966	1.30107	0.894316	0.317195
70000	-18.95511	0	-18.95511	0.235399	0.32619	0.0780352	0.422337	0.0970812	0.0722639	1.76016	0.4084	1.41332
80000	-17.39434	0	-17.39434	0.149833	0.281974	0.19002	0.377025	0.167605	0.112979	2.83082	0.657878	1.32328
90000	-24.53243	0	-24.53243	0.194251	0.268263	0.322516	0.355693	0.0870703	0.234703	2.36981	0.37498	0.132769
100000	-17.12595	0	-17.12595	0.108505	0.0939682	0.152207	0.585583	0.126721	0.109471	0.572628	0.564519	0.960685
110000	-18.5196	0	-18.5196	0.186768	0.138521	0.203592	0.141934	0.095343	0.150596	4.31687	0.5215	0.491698
120000	-16.9686	0	-16.9686	0.091728	0.107093	0.193944	0.311281	0.191839	0.0682512	1.06208	1.73375	0.874551
130000	-21.64614	0	-21.64614	0.134668	0.287006	0.300836	0.267002	0.13646	0.178466	2.16605	3.54501	0.538365
140000	-22.01609	0	-22.01609	0.174267	0.153052	0.163748	0.204775	0.0513238	0.18198	6.60998	2.69121	1.64327
150000	-16.66691	0	-16.66691	0.0750575	0.290032	0.154903	0.196692	0.164125	0.059634	2.32571	2.41625	1.87422
160000	-19.84295	0	-19.84295	0.171222	0.222359	0.1361	0.251847	0.0540384	0.210014	2.08848	3.04599	1.37206
170000	-18.10931	0	-18.10931	0.164869	0.101641	0.349066	0.266936	0.0949708	0.0752385	0.591486	0.575004	2.59176
180000	-17.58612	0	-17.58612	0.10605	0.445144	0.0699263	0.405771	0.0908981	0.126009	3.84745	1.55444	0.849716
190000	-17.9336	0	-17.9336	0.0581727	0.24277	0.264255	0.488396	0.0807199	0.15124	2.14582	0.970986	0.204842
200000	-15.02862	0	-15.02862	0.0791691	0.0968639	0.181783	0.311405	0.0697085	0.0866328	2.07121	0.397215	0.244046
210000	-16.93134	0	-16.93134	0.126274	0.120796	0.096227	0.381495	0.137964	0.0746435	2.19882	0.442561	0.386501
220000	-16.8142	0	-16.8142	0.11601	0.216912	0.105197	0.187692	0.0608103	0.167913	1.72174	4.28733	1.36773
230000	-22.15366	0	-22.15366	0.239243	0.168845	0.283075	0.180829	0.140234	0.173824	3.13105	1.33526	0.123893
240000	-17.05068	0	-17.05068	0.123044	0.181889	0.189064	0.241551	0.0873899	0.145164	2.22404	0.368902	1.41746
250000	-19.8291	0	-19.8291	0.0945471	0.212336	0.202225	0.287705	0.309485	0.13385	1.84448	1.46072	0.620258
260000	-15.67067	0	-15.67067	0.0566573	0.129014	0.17364	0.219277	0.0736617	0.125607	2.68767	0.636616	0.970529
270000	-19.49378	0	-19.49378	0.192429	0.120132	0.0797436	0.392864	0.125843	0.195701	2.01465	3.18324	0.981866
280000	-16.36095	0	-16.36095	0.0785411	0.349584	0.0875458	0.203032	0.181643	0.12339	1.31724	0.710341	1.26356
290000	-15.54481	0	-15.54481	0.18641	0.11592	0.185132	0.255275	0.1048	0.146036	1.40948	0.297219	0.373445
300000	-20.73981	0	-20.73981	0.107135	0.106337	0.233596	0.300475	0.114428	0.0396631	0.600053	2.23896	2.5267
310000	-16.88943	0	-16.88943	0.179522	0.147299	0.299017	0.194896	0.0431701	0.110318	1.65193	1.97271	0.421702
320000	-20.70912	0	-20.70912	0.142054	0.216198	0.108227	0.22625	0.252333	0.0585369	1.76801	3.89296	0.245316
330000	-18.21759	0	-18.21759	0.1472	0.182631	0.146659	0.237123	0.0499299	0.0712492	3.06166	1.96479	1.31031
340000	-21.00434	0	-21.00434	0.0882532	0.128334	0.208585	0.374489	0.212645	0.0920332	4.65372	1.05223	2.89609
350000	-16.22611	0	-16.22611	0.13232	0.227201	0.0872649	0.190911	0.107997	0.109557	1.0217	0.307533	0.292096
360000	-20.98436	0	-20.98436	0.136838	0.0853679	0.151377	0.520527	0.0511954	0.0662645	1.52346	0.432731	0.138719
370000	-16.58828	0	-16.58828	0.0894014	0.241142	0.149126	0.34351	0.196143	0.236775	2.22945	0.843657	0.316208
380000	-24.22182	0	-24.22182	0.174087	0.325818	0.239158	0.214199	0.213788	0.139282	2.62188	1.24093	0.297134
390000	-17.19001	0	-17.19001	0.173767	0.166571	0.166713	0.56613	0.160283	0.141136	1.30508	0.575367	0.0507396
400000	-18.47142	0	-18.47142	0.122781	0.0945887	0.0616458	0.653013	0.14036	0.0812741	1.34968	0.611131	1.39847
410000	-16.53971	0	-16.53971	0.0866048	0.14554	0.12068	0.424662	0.0529851	0.0872292	1.58611	0.53411	0.269288
420000	-22.19213	0	-22.19213	0.0705938	0.120096	0.0605227	0.197092	0.169124	0.112518	0.834599	0.285059	1.5512
430000	-20.01346	0	-20.01346	0.117655	0.227674	0.1445	0.217285	0.0813341	0.346719	0.606856	1.01233	0.536919
440000	-22.14458	0	-22.14458	0.238702	0.388405	0.0884392	0.341465	0.132782	0.146355	4.8942	0.707229	0.609837
450000	-17.58562	0	-17.58562	0.131716	0.100961	0.265512	0.129897	0.128547	0.110994	2.22109	2.4533	1.11991
460000	-19.66659	0	-19.66659	0.167773	0.148092	0.147363	0.568217	0.188263	0.0544913	4.44008	0.519177	0.278615
470000	-18.72325	0	-18.72325	0.124612	0.107277	0.204148	0.142816	0.195719	0.150231	1.26637	0.602402	0.370421
480000	-18.92372	0	-18.92372	0.119739	0.176525	0.126207	0.252807	0.161015	0.13175	2.45499	0.754147	0.399166
490000	-17.83435	0	-17.83435	0.0841174	0.224874	0.321916	0.333129	0.176409	0.125862	2.456	0.86279	0.488111
500000	-18.44391	0	-18.44391	0.165968	0.124033	0.264076	0.278264	0.182563	0.0904781	2.3428	1.12103	1.66951
510000	-22.61864	0	-22.61864	0.0885276	0.135693	0.0884271	0.145454	0.0853245	0.0598217	1.6795	0.430131	0.0526416
520000	-17.53752	0	-17.53752	0.221746	0.279321	0.0749221	0.130155	0.0703904	0.14925	1.44887	1.83936	0.369509
530000	-16.72876	0	-16.72876	0.060295	0.152639	0.0865153	0.323947	0.0913449	0.24347	2.27201	0.773194	0.893455
540000	-17.95767	0	-17.95767	0.109465	0.150638	0.260361	0.294587	0.143959	0.0516953	3.78687	0.44818	0.263113
550000	-17.44746	0	-17.44746	0.0957423	0.126532	0.0872357	0.411666	0.0723424	0.0575385	1.81778	1.71026	0.0163027
560000	-14.40614	0	-14.40614	0.157015	0.197043	0.262832	0.237564	0.0856793	0.077524	1.69029	0.624395	1.11126
570000	-24.92627	0	-24.92627	0.249539	0.158807	0.300295	0.124073	0.132643	0.117585	7.26029	0.580143	0.268235
580000	-15.62549	0	-15.62549	0.0863069	0.118501	0.144166	0.200388	0.211741	0.0844465	1.20891	0.38423	0.711788
590000	-25.41506	0	-25.41506	0.0404554	0.218144	0.302429	0.225527	0.140832	0.146371	3.18673	0.188007	0.043994
600000	-23.82938	0	-23.82938	0.0625602	0.257691	0.13942	0.203083	0.0585919	0.1513	7.17156	1.09821	0.37971
610000	-19.80443	0	-19.80443	0.123532	0.103924	0.0969419	0.26642	0.0475488	0.101905	5.71085	0.195472	0.663076
620000	-18.26862	0	-18.26862	0.121805	0.254666	0.197433	0.192636	0.116615	0.113377	0.903562	1.42266	0.0580267
630000	-15.31663	0	-15.31663	0.121792	0.196283	0.164375	0.269746	0.0685512	0.0959195	1.90696	1.09129	2.60034
640000	-16.4136	0	-16.4136	0.0579944	0.195555	0.40177	0.280424	0.0765242	0.0706007	2.6945	1.38294	0.393275
650000	-22.10237	0	-22.10237	0.126948	0.281198	0.148226	0.504928	0.0889711	0.293965	0.577284	0.306873	0.220772
660000	-19.7267	0	-19.7267	0.0617393	0.125467	0.246899	0.466176	0.152277	0.223803	2.1671	0.663296	0.288546
670000	-18.44889	0	-18.44889	0.119483	0.185424	0.202435	0.232617	0.0908351	0.173405	1.33633	0.60093	0.416763
680000	-18.97675	0	-18.97675	0.123051	0.201612	0.147849	0.205851	0.0597814	0.202143	4.46784	0.890895	0.402587
690000	-18.77982	0	-18.77982	0.0823627	0.134568	0.118935	0.225257	0.0746566	0.186562	2.05015	1.15781	1.50138
700000	-17.53843	0	-17.53843	0.11724	0.0809715	0.0701723	0.473391	0.0933304	0.0807154	1.18112	1.3017	1.62441
710000	-16.10051	0	-16.10051	0.096591	0.138725	0.210236	0.302617	0.133792	0.129833	2.53709	0.610711	1.98247
720000	-25.42622	0	-25.42622	0.074317	0.325767	0.483439	0.3141	0.0420021	0.302292	1.23813	2.43295	1.37339
730000	-19.31602	0	-19.31602	0.159296	0.0825592	0.0465829	0.339712	0.200398	0.0821467	0.757257	0.487248	1.04232
740000	-18.76917	0	-18.76917	0.124895	0.227035	0.198152	0.262493	0.108785	0.130545	3.85797	1.18297	3.95259
750000	-20.47478	0	-20.47478	0.080646	0.22894	0.157449	0.736177	0.106833	0.13709	1.21827	2.03525	0.854501
760000	-16.94922	0	-16.94922	0.1796	0.134015	0.0634341	0.254891	0.150516	0.0816857	1.63616	3.56463	0.534068
770000	-19.02739	0	-19.02739	0.215134	0.0983555	0.0899919	0.272322	0.0568398	0.161799	2.73385	2.21045	2.58606
780000	-14.83573	0	-14.83573	0.100427	0.113959	0.131472	0.237214	0.119703	0.106488	0.997629	1.38844	0.666445
790000	-20.39379	0	-20.39379	0.180343	0.15784	0.205296	0.172189	0.0570288	0.0558866	1.96767	0.0479861	0.104139
800000	-20.79679	0	-20.79679	0.0975292	0.111817	0.196814	0.476964	0.0585169	0.232623	3.28929	0.326652	0.849284
810000	-15.63626	0	-15.63626	0.0988171	0.205897	0.171037	0.445627	0.0655977	0.0954681	0.777429	0.395806	0.134798
820000	-13.58615	0	-13.58615	0.182832	0.115981	0.0798128	0.252328	0.099161	0.0797065	2.23706	0.916779	0.793054
830000	-18.62812	0	-18.62812	0.0478448	0.378417	0.102448	0.279489	0.182866	0.243088	2.43069	1.38457	1.55115
840000	-16.75359	0	-16.75359	0.0797907	0.0578822	0.47508	0.27619	0.12068	0.109425	2.75795	0.389475	0.164816
850000	-16.21584	0	-16.21584	0.0588958	0.166014	0.155694	0.317846	0.130716	0.0961898	2.34084	1.70784	0.656488
860000	-18.72886	0	-18.72886	0.201851	0.112194	0.242995	0.371657	0.111836	0.263318	2.15806	0.646952	0.290199
870000	-14.10784	0	-14.10784	0.0940317	0.227156	0.195699	0.140985	0.0866731	0.0542483	0.771653	1.43564	0.457058
880000	-19.94006	0	-19.94006	0.0961927	0.218909	0.25854	0.161585	0.138962	0.137803	5.69952	0.386526	0.328755
890000	-20.84053	0	-20.84053	0.105492	0.0778395	0.255129	0.17058	0.176607	0.302569	0.584299	0.342328	0.273507
900000	-16.3044	0	-16.3044	0.0603747	0.265187	0.124308	0.128344	0.130216	0.114031	1.73623	1.06953	0.407274
910000	-20.37404	0	-20.37404	0.168735	0.165186	0.156904	0.136139	0.0869768	0.146956	1.2462	0.877704	1.33194
920000	-18.79671	0	-18.79671	0.22701	0.264134	0.237425	0.322445	0.0702597	0.0847803	1.22627	0.935766	0.621104
930000	-22.4362	0	-22.4362	0.160374	0.137911	0.114884	0.277887	0.138867	0.191745	3.25802	1.02382	0.432241
940000	-15.86621	0	-15.86621	0.193701	0.21444	0.0931789	0.314885	0.109283	0.135128	3.2257	2.09159	0.735412
950000	-18.39719	0	-18.39719	0.11826	0.0687005	0.332352	0.387765	0.133117	0.151009	1.32006	0.195535	0.0472107
960000	-13.89871	0	-13.89871	0.113469	0.199776	0.0716589	0.159973	0.100489	0.163988	1.78647	1.34488	0.568274
970000	-18.94563	0	-18.94563	0.108838	0.491206	0.130716	0.200839	0.117406	0.277034	1.01975	1.91832	2.62123
980000	-18.58156	0	-18.58156	0.0943236	0.0664479	0.111036	0.162573	0.0808054	0.0967536	1.07755	0.679406	4.45711
990000	-17.88017	0	-17.88017	0.0541831	0.171203	0.144547	0.386489	0.079921	0.130848	4.27348	0.49684	1.03825
1000000	-18.49178	0	-18.49178	0.158901	0.146725	0.0783814	0.414958	0.0631616	0.0470063	0.792392	2.60776	1.08261
1010000	-16.92311	0	-16.92311	0.0947259	0.0736547	0.100577	0.215367	0.0708299	0.122988	1.11729	2.98209	0.0442588
1020000	-16.63949	0	-16.63949	0.0571474	0.17588	0.143526	0.241904	0.121635	0.127313	2.01302	0.398891	3.02653
1030000	-17.22235	0	-17.22235	0.160607	0.0868466	0.218926	0.248827	0.122742	0.15768	3.53235	1.47191	1.79802
1040000	-18.8906	0	-18.8906	0.191145	0.128838	0.195241	0.528604	0.102134	0.252672	2.56203	0.747451	0.819843
1050000	-17.1559	0	-17.1559	0.106495	0.17049	0.316761	0.214071	0.129877	0.159673	2.58084	1.81684	0.868047
1060000	-20.96943	0	-20.96943	0.199253	0.0772191	0.114686	0.150502	0.1101	0.12318	1.68777	0.955067	0.127467
1070000	-20.14884	0	-20.14884	0.0922957	0.139226	0.375903	0.22216	0.0930108	0.0539168	3.41397	0.918942	0.0389376
1080000	-20.53362	0	-20.53362	0.11105	0.338846	0.0987118	0.364227	0.145644	0.140229	0.687192	0.810458	0.285428
1090000	-16.60614	0	-16.60614	0.167212	0.163391	0.200357	0.172729	0.145711	0.183426	1.78739	0.572603	0.458337
1100000	-19.46712	0	-19.46712	0.130783	0.148954	0.148271	0.290922	0.213644	0.114872	3.27286	3.48638	0.347125
1110000	-19.54432	0	-19.54432	0.0731729	0.101919	0.182488	0.482398	0.120238	0.157816	3.07718	2.43971	0.588696
1120000	-15.35591	0	-15.35591	0.100126	0.0970903	0.102845	0.299347	0.0729336	0.0781346	1.76774	2.62288	0.452367
1130000	-15.20734	0	-15.20734	0.101211	0.259738	0.19416	0.39908	0.189194	0.136221	1.08914	0.802129	0.623227
1140000	-18.62899	0	-18.62899	0.108371	0.217547	0.235705	0.121177	0.175146	0.0677724	1.36247	0.267883	0.353674
1150000	-17.15657	0	-17.15657	0.0483779	0.178519	0.108625	0.254262	0.202699	0.0810209	1.79954	0.726195	0.695172
1160000	-21.34738	0	-21.34738	0.210856	0.290483	0.139891	0.315762	0.0981447	0.135206	1.86948	0.150841	0.0143332
1170000	-19.05511	0	-19.05511	0.111128	0.395944	0.12451	0.282109	0.145311	0.111677	1.79029	0.535372	0.126622
1180000	-17.36072	0	-17.36072	0.0679493	0.1696	0.137286	0.30274	0.182636	0.128518	0.547186	1.51173	0.986596
1190000	-21.37184	0	-21.37184	0.244543	0.209799	0.180768	0.126267	0.153721	0.106837	1.03852	0.524628	2.58394
1200000	-18.31782	0	-18.31782	0.0760552	0.263763	0.0860839	0.190373	0.147723	0.188434	0.499801	1.02189	0.411383
1210000	-13.958	0	-13.958	0.079584	0.181199	0.146775	0.263727	0.109696	0.090659	0.916268	0.787765	1.1026
1220000	-14.97244	0	-14.97244	0.116346	0.154336	0.0850437	0.23176	0.149903	0.142847	2.01508	1.03746	0.869424
1230000	-14.62151	0	-14.62151	0.110773	0.0963652	0.2199	0.33175	0.114298	0.142918	1.51233	0.61206	1.66211
1240000	-18.95346	0	-18.95346	0.133235	0.122254	0.418314	0.322796	0.0379721	0.0922699	2.0049	0.598212	1.39243
1250000	-18.27863	0	-18.27863	0.229353	0.224165	0.100282	0.202413	0.123877	0.211976	2.5362	0.656683	2.04847
1260000	-19.30597	0	-19.30597	0.0735286	0.333443	0.186833	0.218626	0.0776938	0.196416	3.39786	0.603652	0.652433
1270000	-16.11052	0	-16.11052	0.0925291	0.0726858	0.0860257	0.224903	0.0792571	0.183262	2.85223	0.563195	1.08565
1280000	-18.5245	0	-18.5245	0.0751502	0.153149	0.0735625	0.183529	0.126112	0.0884526	1.50335	0.774242	2.27661
1290000	-18.2693	0	-18.2693	0.0717321	0.164985	0.100583	0.246531	0.133101	0.0515687	1.05774	0.742242	0.106994
1300000	-15.62989	0	-15.62989	0.0973918	0.0953389	0.081497	0.26182	0.0872255	0.163705	1.14965	1.33251	1.56239
1310000	-20.62193	0	-20.62193	0.0796522	0.252628	0.126594	0.357261	0.0890821	0.235379	1.85851	0.473958	2.45283
1320000	-20.06389	0	-20.06389	0.140615	0.088023	0.0947382	0.616233	0.0694255	0.0837059	1.77539	1.10808	1.00195
1330000	-25.70401	0	-25.70401	0.122325	0.151822	0.371814	0.186899	0.156232	0.122279	2.89837	1.07436	0.178845
1340000	-17.90462	0	-17.90462	0.0711053	0.191751	0.198535	0.238513	0.118475	0.0937804	1.41268	2.8077	0.148349
1350000	-15.44815	0	-15.44815	0.129857	0.267407	0.114301	0.261892	0.144196	0.0548975	0.733756	0.466922	0.763788
1360000	-29.76742	0	-29.76742	0.199987	0.162197	0.55353	0.080692	0.064934	0.358529	2.45921	1.02125	0.736369
1370000	-17.79862	0	-17.79862	0.122451	0.118596	0.27441	0.354522	0.0909993	0.098674	1.03078	3.45914	0.463903
1380000	-20.62584	0	-20.62584	0.133876	0.0617691	0.231851	0.382531	0.120612	0.0768481	2.76729	1.4083	0.0865536
1390000	-18.41691	0	-18.41691	0.0986667	0.145248	0.119402	0.156959	0.292342	0.124002	3.32782	1.29675	2.15553
1400000	-24.58131	0	-24.58131	0.244009	0.114433	0.225039	0.324465	0.162671	0.0716126	2.16722	0.617986	0.436698
1410000	-18.99852	0	-18.99852	0.0695625	0.0694833	0.442806	0.369396	0.0854414	0.0849205	1.56197	0.719901	1.6803
1420000	-26.29965	0	-26.29965	0.206018	0.315462	0.115207	0.397005	0.146445	0.191315	1.8884	0.706295	0.618765
1430000	-25.49558	0	-25.49558	0.147204	0.275901	0.244491	0.310939	0.104764	0.135478	8.6341	3.3135	0.116589
1440000	-22.84885	0	-22.84885	0.428631	0.198548	0.0955169	0.125082	0.109086	0.133223	2.14379	0.538571	0.954188
1450000	-21.91212	0	-21.91212	0.138907	0.244934	0.0418817	0.241636	0.052086	0.239293	0.90436	4.02543	1.00878
1460000	-18.92335	0	-18.92335	0.0973323	0.210601	0.134779	0.187581	0.0721869	0.422982	0.759094	1.40811	1.87354
1470000	-19.49294	0	-19.49294	0.167686	0.0830589	0.185305	0.297306	0.0787526	0.0886097	1.48603	3.20406	0.126424
1480000	-22.01012	0	-22.01012	0.147773	0.127257	0.414876	0.673709	0.0870587	0.165016	5.44401	1.19699	1.03222
1490000	-19.38323	0	-19.38323	0.0811825	0.103387	0.189735	0.489662	0.215202	0.153488	1.02574	1.23615	0.301796
1500000	-19.5304	0	-19.5304	0.265116	0.126014	0.159083	0.329564	0.144108	0.0583148	0.673398	1.13097	0.426301
1510000	-22.31574	0	-22.31574	0.178798	0.126798	0.0976252	0.153927	0.0673479	0.0703934	4.82341	1.57216	0.0398184
1520000	-19.84418	0	-19.84418	0.158657	0.190032	0.132288	0.120935	0.0834702	0.14974	3.8068	3.14112	2.48465
1530000	-16.29938	0	-16.29938	0.0645806	0.104364	0.087344	0.253816	0.0858973	0.131347	1.34341	1.54208	0.25242
1540000	-18.91859	0	-18.91859	0.134426	0.329278	0.194661	0.282912	0.214167	0.0920598	3.93922	0.758402	0.887688
1550000	-16.84073	0	-16.84073	0.0867009	0.24594	0.0811025	0.299851	0.0639411	0.111316	2.19625	0.478048	0.150457
1560000	-20.7553	0	-20.7553	0.202968	0.160864	0.480028	0.131157	0.0386838	0.13106	2.56316	0.520251	1.09961
1570000	-17.26187	0	-17.26187	0.15179	0.234678	0.124244	0.278339	0.13359	0.145098	5.02583	0.648603	0.455131
1580000	-18.83605	0	-18.83605	0.133566	0.19517	0.346427	0.377676	0.125502	0.10614	4.36717	0.371865	0.518821
1590000	-23.72481	0	-23.72481	0.252366	0.152145	0.0986257	0.117892	0.112888	0.172269	0.394007	3.87717	1.18789
1600000	-20.99327	0	-20.99327	0.0746063	0.0824581	0.0698269	0.337965	0.0666573	0.112255	2.39968	0.27975	0.0991431
1610000	-22.22842	0	-22.22842	0.0307083	0.107677	0.222183	0.346291	0.0363491	0.0936324	2.30962	0.221674	0.136988
1620000	-16.30426	0	-16.30426	0.055566	0.236001	0.173101	0.170855	0.102124	0.0397599	2.43845	0.418815	1.03569
1630000	-18.37814	0	-18.37814	0.107601	0.303936	0.097419	0.227819	0.14119	0.115615	3.21679	0.663137	0.184604
1640000	-19.94198	0	-19.94198	0.211114	0.0850345	0.0570886	0.339568	0.123256	0.107149	3.74013	0.74737	0.335485
1650000	-21.27616	0	-21.27616	0.127676	0.172227	0.311895	0.0661593	0.120246	0.0971083	2.67925	0.255188	0.213143
1660000	-19.15168	0	-19.15168	0.0350696	0.193253	0.139933	0.172576	0.117778	0.0548244	1.74944	0.921667	0.505216
1670000	-22.21913	0	-22.21913	0.178684	0.183966	0.163951	0.346601	0.112473	0.198389	1.28997	1.11795	0.776928
1680000	-17.47861	0	-17.47861	0.0892984	0.0887273	0.234254	0.188785	0.117246	0.0906202	1.05192	0.104391	0.114145
1690000	-21.90789	0	-21.90789	0.183481	0.177022	0.222112	0.28711	0.13725	0.0718557	2.99717	0.88694	1.26862
1700000	-18.50266	0	-18.50266	0.169897	0.304406	0.216813	0.129856	0.0716535	0.130712	1.17221	0.610873	1.40229
1710000	-20.83056	0	-20.83056	0.120231	0.169659	0.485928	0.16123	0.108034	0.405739	0.589838	1.11911	1.16066
1720000	-17.14096	0	-17.14096	0.0919974	0.115025	0.166148	0.188121	0.114856	0.0876618	2.13621	1.3088	0.0705098
1730000	-22.93204	0	-22.93204	0.119778	0.149245	0.162389	0.118805	0.0770144	0.115661	6.97051	2.19421	0.562829
1740000	-27.98494	0	-27.98494	0.0941835	0.332146	0.17703	0.840709	0.0384046	0.0787692	4.70412	5.39406	0.847621
1750000	-19.10644	0	-19.10644	0.0905712	0.21565	0.0724266	0.39408	0.0895069	0.0920617	1.68957	1.16838	3.94809
1760000	-15.76983	0	-15.76983	0.247595	0.134838	0.0915424	0.341424	0.118216	0.0660577	1.09227	1.16744	1.10245
1770000	-19.81451	0	-19.81451	0.0957829	0.2691	0.136567	0.323998	0.138798	0.218549	1.62605	3.3309	0.424147
1780000	-16.66598	0	-16.66598	0.133363	0.200676	0.117262	0.281155	0.113315	0.0869194	3.04894	0.248024	0.93312
1790000	-17.51514	0	-17.51514	0.0702621	0.154562	0.0976452	0.492807	0.2155	0.139481	3.24784	0.504124	1.15499
1800000	-20.081	0	-20.081	0.131671	0.152239	0.128534	0.240443	0.334465	0.049731	1.53563	0.384876	0.193416
1810000	-17.48837	0	-17.48837	0.113976	0.195559	0.155092	0.187153	0.166388	0.189565	1.04032	0.670346	1.6885
1820000	-17.47086	0	-17.47086	0.147426	0.170845	0.106162	0.202554	0.101814	0.0886799	4.90807	2.07373	1.77119
1830000	-17.17129	0	-17.17129	0.167685	0.201128	0.238599	0.351901	0.18597	0.0565167	1.51537	0.590475	1.64367
1840000	-15.50979	0	-15.50979	0.133512	0.329584	0.128747	0.225375	0.114956	0.0726663	1.30783	1.32494	1.11741
1850000	-16.67401	0	-16.67401	0.0986025	0.107555	0.188866	0.465056	0.105556	0.0870915	1.22109	0.693083	2.47037
1860000	-22.94584	0	-22.94584	0.152489	0.0735101	0.128619	0.528974	0.123652	0.0909199	1.61551	1.94789	0.65042
1870000	-19.59488	0	-19.59488	0.198241	0.134452	0.102036	0.459805	0.0502676	0.0702082	1.23492	1.39132	0.573358
1880000	-13.95352	0	-13.95352	0.106894	0.105128	0.186117	0.173888	0.0823842	0.141054	1.58981	1.59878	1.27062
1890000	-16.56224	0	-16.56224	0.102767	0.221631	0.314308	0.281356	0.103847	0.0481445	1.58148	0.588288	0.234137
1900000	-19.31303	0	-19.31303	0.151767	0.307306	0.0670612	0.241136	0.111724	0.0450401	2.35058	0.54948	0.508758
1910000	-22.28301	0	-22.28301	0.1082	0.1695	0.0794925	0.355554	0.0698384	0.132607	1.34466	0.899525	0.160257
1920000	-19.04686	0	-19.04686	0.17823	0.322255	0.0914392	0.572124	0.14838	0.0686251	1.26847	1.33653	0.725126
1930000	-21.38226	0	-21.38226	0.0944908	0.0884366	0.113017	0.322847	0.144184	0.0253538	2.71401	0.822731	0.253442
1940000	-17.18862	0	-17.18862	0.0971757	0.0784267	0.168731	0.147687	0.220373	0.182496	0.867426	0.869045	1.08677
1950000	-19.11714	0	-19.11714	0.0741049	0.225264	0.169293	0.331717	0.0382541	0.0756072	1.22907	3.0616	3.11787
1960000	-17.55831	0	-17.55831	0.111546	0.0723838	0.109619	0.341326	0.0894811	0.109336	0.976734	1.05428	0.753012
1970000	-20.65613	0	-20.65613	0.0866859	0.13655	0.482763	0.1942	0.120866	0.205349	1.99397	1.50881	2.51515
1980000	-16.80904	0	-16.80904	0.148645	0.127087	0.338926	0.348728	0.109804	0.152353	1.39127	0.364214	0.478987
1990000	-15.79187	0	-15.79187	0.140788	0.101983	0.122305	0.284625	0.112829	0.161806	3.11423	2.50795	0.537294
2000000	-21.29677	0	-21.29677	0.0587103	0.0539238	0.171424	0.775377	0.0995097	0.0988119	1.24554	0.313268	0.318715
2010000	-20.78769	0	-20.78769	0.16128	0.106599	0.135621	0.236382	0.159308	0.226976	0.655024	0.593451	1.41331
2020000	-17.34514	0	-17.34514	0.232179	0.280025	0.200148	0.167655	0.0925195	0.0722488	1.47968	0.285657	0.977844
2030000	-22.31246	0	-22.31246	0.217567	0.196518	0.317755	0.210022	0.0323668	0.0996479	0.814575	2.3906	2.4091
2040000	-25.08847	0	-25.08847	0.297481	0.226004	0.202909	0.368945	0.347666	0.12943	6.33909	1.01042	0.0911575
2050000	-17.33756	0	-17.33756	0.0933144	0.151003	0.143198	0.15125	0.130247	0.0689628	1.32313	1.32056	0.30311
2060000	-25.67749	0	-25.67749	0.0938182	0.241286	0.127282	0.580077	0.0353004	0.0846789	2.62999	0.220397	0.647735
2070000	-19.10469	0	-19.10469	0.0714484	0.146137	0.0619094	0.492774	0.201989	0.0611459	2.92948	0.486992	0.537628
2080000	-23.5797	0	-23.5797	0.22361	0.181169	0.183958	0.475468	0.12268	0.0548952	1.1682	0.36823	1.21702
2090000	-16.86116	0	-16.86116	0.141338	0.124374	0.294009	0.276028	0.128664	0.081231	3.1123	0.778384	0.498353
2100000	-20.91025	0	-20.91025	0.0791337	0.195732	0.143592	0.336189	0.136951	0.105986	2.55554	0.187036	0.183184
2110000	-15.76409	0	-15.76409	0.0667011	0.144501	0.146522	0.20755	0.0657639	0.045219	1.24496	3.47839	0.291034
2120000	-16.66207	0	-16.66207	0.131558	0.280222	0.173049	0.255447	0.128638	0.209371	2.83643	0.631064	2.31466
2130000	-17.955	0	-17.955	0.137732	0.316135	0.109466	0.396405	0.165944	0.108837	2.78518	1.27469	2.00912
2140000	-17.60454	0	-17.60454	0.116731	0.274359	0.0679002	0.47945	0.122146	0.173737	1.90196	0.228103	0.587871
2150000	-23.46402	0	-23.46402	0.0766011	0.387093	0.225075	0.5516	0.0980852	0.115511	7.61548	1.17216	1.08265
2160000	-13.39811	0	-13.39811	0.141347	0.221714	0.156837	0.241586	0.13538	0.120535	1.21192	1.20072	0.979654
2170000	-16.59082	0	-16.59082	0.202841	0.141401	0.205207	0.22583	0.0764408	0.0833667	3.8162	0.536285	0.39279
2180000	-18.79436	0	-18.79436	0.342369	0.0658131	0.179473	0.293045	0.158796	0.0888211	0.54234	0.606445	0.231796
2190000	-18.74169	0	-18.74169	0.147675	0.13797	0.225012	0.193409	0.0323604	0.149929	1.4137	0.237366	0.601761
2200000	-20.30912	0	-20.30912	0.180097	0.157956	0.101435	0.254774	0.0624294	0.234467	0.550083	0.429951	2.21528
2210000	-15.79351	0	-15.79351	0.126289	0.282432	0.168148	0.158931	0.106363	0.118423	1.77708	0.482381	0.907239
2220000	-18.86909	0	-18.86909	0.0724885	0.240254	0.168895	0.511866	0.157734	0.151249	0.600019	0.418037	0.251087
2230000	-22.75215	0	-22.75215	0.0969002	0.0358616	0.585879	0.198048	0.0731588	0.264797	2.78588	1.42156	0.301305
2240000	-18.4512	0	-18.4512	0.0493145	0.151622	0.156076	0.258297	0.0450388	0.042885	1.24266	0.657312	1.26774
2250000	-17.68	0	-17.68	0.114509	0.184555	0.170384	0.322424	0.152859	0.158376	2.59361	0.2171	0.0827579
2260000	-23.34587	0	-23.34587	0.118342	0.21926	0.0323984	0.317696	0.158944	0.285052	2.57674	2.66835	1.53643
2270000	-21.7513	0	-21.7513	0.117155	0.318164	0.261135	0.350688	0.0868199	0.268308	3.14208	1.2061	3.72747
2280000	-18.41876	0	-18.41876	0.126042	0.147419	0.204507	0.275638	0.142187	0.159904	1.22088	0.892954	0.876509
2290000	-22.04336	0	-22.04336	0.126453	0.350875	0.251521	0.269951	0.079685	0.228022	1.38275	0.248994	1.07725
2300000	-15.50192	0	-15.50192	0.0896909	0.173572	0.105735	0.214599	0.204202	0.0951472	1.76225	0.878333	1.48144
2310000	-20.18974	0	-20.18974	0.157268	0.101994	0.279659	0.522895	0.0829161	0.123497	4.32823	0.835992	2.35026
2320000	-20.07806	0	-20.07806	0.207426	0.104817	0.269597	0.389927	0.10819	0.11928	5.8531	1.80889	0.559221
2330000	-19.12424	0	-19.12424	0.0934581	0.113274	0.178934	0.365149	0.0910906	0.255111	4.15977	1.77714	1.06232
2340000	-19.57554	0	-19.57554	0.251956	0.281288	0.0771687	0.152374	0.103532	0.0705727	1.52442	1.50526	0.154324
2350000	-21.53456	0	-21.53456	0.120556	0.070205	0.136898	0.437134	0.0887373	0.0632828	3.43989	4.8377	0.315242
2360000	-23.50112	0	-23.50112	0.0733629	0.0472615	0.235782	0.357857	0.128499	0.0546977	2.89894	0.87733	0.0737221
2370000	-14.06665	0	-14.06665	0.142061	0.0984226	0.163857	0.213961	0.0607881	0.0873751	2.07356	1.45261	0.214128
2380000	-20.94419	0	-20.94419	0.116451	0.279161	0.134211	0.282333	0.118056	0.0833596	0.96712	0.47492	0.987845
2390000	-19.98051	0	-19.98051	0.131795	0.075276	0.470514	0.43024	0.134197	0.0724948	1.03244	0.736483	0.18173
2400000	-19.91605	0	-19.91605	0.209603	0.184374	0.270248	0.304413	0.160278	0.301247	1.93732	0.578334	0.382291
2410000	-18.66864	0	-18.66864	0.22467	0.164068	0.149398	0.189877	0.112669	0.0522735	0.525462	1.10949	0.0770089
2420000	-14.40682	0	-14.40682	0.144286	0.152508	0.0988175	0.270325	0.0968646	0.151688	1.47116	0.613615	0.820795
2430000	-24.27683	0	-24.27683	0.0900932	0.199122	0.107079	0.133999	0.15213	0.0547897	0.93147	1.86759	4.41991
2440000	-22.91117	0	-22.91117	0.0556769	0.22152	0.109809	0.296005	0.275793	0.207312	3.73498	1.44481	3.34006
2450000	-19.24622	0	-19.24622	0.122747	0.0858741	0.0811586	0.239404	0.264668	0.048798	3.42507	2.28746	0.318547
2460000	-19.70119	0	-19.70119	0.193809	0.133403	0.190784	0.370681	0.109096	0.129216	1.91276	2.62303	2.32731
2470000	-27.60195	0	-27.60195	0.170191	0.283031	0.281265	0.166089	0.0687906	0.0760084	1.42552	1.31176	1.91632
2480000	-19.28425	0	-19.28425	0.121062	0.140393	0.336199	0.166875	0.188647	0.0967943	0.78552	0.554241	0.129235
2490000	-17.10486	0	-17.10486	0.193609	0.0939237	0.108522	0.271572	0.0579531	0.0492053	1.98691	0.705447	0.717725
2500000	-19.77064	0	-19.77064	0.203461	0.30871	0.121879	0.262218	0.0925153	0.0892897	2.39361	0.852326	5.13673
2510000	-16.12389	0	-16.12389	0.166822	0.115541	0.255208	0.437448	0.072585	0.189528	1.03157	0.943397	0.223439
2520000	-18.09929	0	-18.09929	0.112164	0.301176	0.123622	0.101509	0.135248	0.133667	1.94418	1.29447	0.732973
2530000	-19.55793	0	-19.55793	0.157389	0.0885485	0.155239	0.441676	0.0702393	0.282992	1.34773	0.981889	0.293926
2540000	-17.57995	0	-17.57995	0.21094	0.0927343	0.0862143	0.494588	0.075944	0.0439218	2.22126	2.35237	0.325444
2550000	-14.50072	0	-14.50072	0.152984	0.137524	0.0867123	0.374262	0.0937182	0.126984	1.58438	1.04303	0.388993
2560000	-18.11466	0	-18.11466	0.0776251	0.138547	0.241461	0.195785	0.109194	0.138363	2.81978	1.53719	0.145255
2570000	-17.11381	0	-17.11381	0.173378	0.26483	0.129419	0.257924	0.198488	0.116171	2.02954	0.95745	1.14354
2580000	-17.47612	0	-17.47612	0.0746475	0.282883	0.289161	0.258888	0.18962	0.152769	1.36249	0.445929	0.424388
2590000	-25.09827	0	-25.09827	0.168337	0.2999	0.672659	0.355656	0.182986	0.133208	2.96872	0.727863	0.50572
2600000	-22.06124	0	-22.06124	0.061539	0.198759	0.185438	0.111628	0.0279782	0.121724	0.611287	1.15709	1.71099
2610000	-17.8426	0	-17.8426	0.20734	0.0885312	0.188867	0.300629	0.042154	0.07569	1.15375	0.435042	0.42595
2620000	-21.16926	0	-21.16926	0.131584	0.093045	0.111998	0.468915	0.168781	0.0676795	4.4404	1.85626	2.1582
2630000	-17.75726	0	-17.75726	0.196019	0.0758637	0.228685	0.342139	0.0710546	0.190519	1.66128	0.885193	0.325582
2640000	-19.49409	0	-19.49409	0.171037	0.37595	0.104605	0.262133	0.102891	0.0859521	2.32254	1.04747	0.0835764
2650000	-16.6514	0	-16.6514	0.0796635	0.188501	0.242168	0.356823	0.0909289	0.175647	0.627921	1.00364	0.429462
2660000	-21.77781	0	-21.77781	0.0593285	0.257846	0.107365	0.1541	0.129107	0.071473	0.475586	0.537291	0.690881
2670000	-20.99058	0	-20.99058	0.0987001	0.19864	0.0380936	0.122468	0.142522	0.122518	0.537114	0.700848	0.262094
2680000	-20.62001	0	-20.62001	0.128529	0.296312	0.304904	0.22344	0.0739798	0.147271	1.09201	2.40231	1.20889
2690000	-26.23081	0	-26.23081	0.0842823	0.0774403	0.474812	0.461859	0.0542736	0.206077	0.467074	0.386595	0.693027
2700000	-28.10483	0	-28.10483	0.125686	0.156746	0.0650328	0.263118	0.261793	0.273538	2.96492	3.943	0.18201
2710000	-18.61219	0	-18.61219	0.177247	0.284087	0.142724	0.475726	0.200695	0.131721	1.50964	0.501352	0.299358
2720000	-20.5532	0	-20.5532	0.086596	0.14141	0.182067	0.182665	0.315791	0.176783	2.68965	0.414433	0.544039
2730000	-16.01303	0	-16.01303	0.117891	0.136229	0.184376	0.428712	0.104534	0.123123	1.46975	1.68923	1.24233
2740000	-15.40854	0	-15.40854	0.111149	0.264439	0.131827	0.235422	0.121356	0.0522277	1.57475	0.589089	0.6561
2750000	-16.27626	0	-16.27626	0.150528	0.172297	0.125408	0.325508	0.0880768	0.0571342	2.13683	0.427704	0.111876
2760000	-21.8431	0	-21.8431	0.0607553	0.175399	0.288934	0.223108	0.263566	0.0820275	0.528099	3.05905	0.0823065
2770000	-20.51005	0	-20.51005	0.281271	0.170972	0.140429	0.186175	0.159613	0.166303	1.79671	2.20743	0.0489451
2780000	-24.06475	0	-24.06475	0.0284959	0.262128	0.359505	0.287864	0.0730528	0.257479	1.36738	0.301372	0.385883
2790000	-16.5252	0	-16.5252	0.12123	0.21388	0.174141	0.352206	0.231629	0.181333	2.06302	1.43473	1.83631
2800000	-16.65045	0	-16.65045	0.135978	0.10968	0.263785	0.21522	0.1033	0.141724	1.80342	1.68734	1.16641
2810000	-18.61597	0	-18.61597	0.2722	0.19515	0.0897904	0.434569	0.171994	0.134462	1.74128	0.470579	0.474859
2820000	-15.6559	0	-15.6559	0.145929	0.138856	0.344533	0.220595	0.0608868	0.0773058	0.521181	0.712539	0.098693
2830000	-20.2316	0	-20.2316	0.138786	0.18896	0.110801	0.197154	0.19742	0.0874564	0.901981	1.39073	0.525884
2840000	-17.11287	0	-17.11287	0.100238	0.15853	0.166353	0.229715	0.0763952	0.166967	4.24097	0.613345	0.368618
2850000	-17.25758	0	-17.25758	0.119569	0.189476	0.247589	0.164762	0.0864201	0.112568	1.75169	0.783749	2.89251
2860000	-16.24382	0	-16.24382	0.170399	0.168598	0.152697	0.269167	0.0714181	0.247238	0.896428	0.841551	0.956574
2870000	-17.84423	0	-17.84423	0.0766891	0.128837	0.0638619	0.304679	0.0617557	0.0760582	1.43769	0.359383	1.10534
2880000	-21.44223	0	-21.44223	0.0847235	0.172981	0.33176	0.408057	0.159806	0.166406	1.57752	0.304763	0.230292
2890000	-17.86931	0	-17.86931	0.217266	0.0791018	0.159049	0.251964	0.101659	0.110802	0.359928	1.06969	1.16302
2900000	-16.86936	0	-16.86936	0.0552319	0.223138	0.0494919	0.142053	0.155693	0.0797708	2.27291	0.667231	0.477716
2910000	-26.40589	0	-26.40589	0.314096	0.164314	0.297905	0.282197	0.0896877	0.228449	2.16832	1.61018	3.25292
2920000	-21.60309	0	-21.60309	0.116502	0.0495665	0.208075	0.453952	0.106657	0.121555	0.983122	0.351008	0.126792
2930000	-17.67762	0	-17.67762	0.145067	0.33628	0.120434	0.474714	0.12928	0.113622	4.82653	0.953322	0.571341
2940000	-20.27243	0	-20.27243	0.109623	0.129254	0.0811527	0.17877	0.0570465	0.0904535	5.47399	0.172595	0.0732457
2950000	-18.66911	0	-18.66911	0.100666	0.277334	0.108406	0.110316	0.0583155	0.0551286	1.63447	2.77586	0.181698
2960000	-16.88176	0	-16.88176	0.110413	0.0609425	0.159188	0.227809	0.153838	0.0638496	0.969835	0.967296	0.165537
2970000	-19.18691	0	-19.18691	0.126343	0.0966663	0.101683	0.177668	0.0722302	0.0896475	4.77772	0.880634	0.0211072
2980000	-21.14719	0	-21.14719	0.0685113	0.133481	0.180607	0.283475	0.0861444	0.0311254	5.77171	0.939376	0.475473
2990000	-23.30423	0	-23.30423	0.262043	0.412215	0.250318	0.344812	0.0714511	0.157469	2.93816	0.315393	1.00178
3000000	-23.58507	0	-23.58507	0.0799608	0.108832	0.122064	0.289373	0.111094	0.0641351	2.56311	1.96695	0.378458
3010000	-18.08378	0	-18.08378	0.0813212	0.126938	0.299114	0.489612	0.0689908	0.158495	1.80221	0.943611	0.446492
3020000	-16.63866	0	-16.63866	0.113378	0.246261	0.0970997	0.216385	0.135123	0.113596	0.63223	0.517583	0.354702
3030000	-13.40395	0	-13.40395	0.127263	0.134127	0.161375	0.304941	0.0728427	0.0921254	0.834984	2.03663	0.628421
3040000	-15.75881	0	-15.75881	0.137974	0.133505	0.0719985	0.148587	0.0595689	0.0641125	3.14524	0.466304	0.359647
3050000	-20.97747	0	-20.97747	0.11078	0.293451	0.133617	0.183436	0.0658655	0.214638	2.84233	1.23465	3.03893
3060000	-16.90173	0	-16.90173	0.211394	0.178216	0.270318	0.305863	0.152819	0.133447	1.25928	0.667626	0.510218
3070000	-19.80903	0	-19.80903	0.0716369	0.137828	0.216079	0.112268	0.0814508	0.0909645	2.87137	0.426216	0.469504
3080000	-18.30844	0	-18.30844	0.157569	0.0583377	0.0853897	0.246362	0.128028	0.17446	1.35307	0.795932	0.615179
3090000	-18.80029	0	-18.80029	0.0822519	0.102745	0.225917	0.298954	0.0903122	0.142676	2.7111	0.810151	0.075347
3100000	-18.25032	0	-18.25032	0.13402	0.160202	0.0566253	0.227665	0.109281	0.0446859	1.69833	0.472643	0.027714
3110000	-20.91692	0	-20.91692	0.187115	0.378475	0.112964	0.311198	0.123988	0.199419	1.73758	0.906846	3.92075
3120000	-17.56037	0	-17.56037	0.183509	0.273519	0.202497	0.329779	0.126341	0.201005	2.44362	1.30474	0.134962
3130000	-18.58176	0	-18.58176	0.302189	0.168723	0.0486706	0.295998	0.104674	0.16124	2.23188	0.618964	1.45526
3140000	-19.61987	0	-19.61987	0.114756	0.235201	0.179074	0.438566	0.121868	0.0680825	2.40417	0.476913	1.6097
3150000	-16.18714	0	-16.18714	0.0899645	0.0686167	0.168111	0.223257	0.0956314	0.0430371	0.842646	0.683321	1.16016
3160000	-24.02125	0	-24.02125	0.0918033	0.0770721	0.119063	0.138516	0.219525	0.153991	3.27357	0.678329	0.0742689
3170000	-20.14946	0	-20.14946	0.0643293	0.227336	0.427443	0.409443	0.0828077	0.0914188	1.93965	0.849751	0.561376
3180000	-18.33199	0	-18.33199	0.117256	0.129316	0.149668	0.184491	0.15862	0.132523	2.17526	0.427029	4.13566
3190000	-20.39502	0	-20.39502	0.334923	0.0681046	0.236266	0.313243	0.0406737	0.108795	3.51067	1.48004	1.47188
3200000	-21.42908	0	-21.42908	0.0840376	0.0815844	0.613399	0.367558	0.0502739	0.229658	2.73697	0.868929	0.170116
3210000	-18.9661	0	-18.9661	0.120244	0.244211	0.136213	0.157919	0.0683497	0.151344	4.2493	1.32555	1.9104
3220000	-18.24538	0	-18.24538	0.0993579	0.170823	0.109506	0.300677	0.103905	0.154171	3.49667	2.7867	1.865
3230000	-20.67249	0	-20.67249	0.383047	0.235053	0.25495	0.239364	0.128731	0.0782014	1.7895	1.86538	2.55845
3240000	-16.53815	0	-16.53815	0.17023	0.145984	0.126548	0.286118	0.0819222	0.0612985	1.87793	0.511552	1.56622
3250000	-28.60305	0	-28.60305	0.0697383	0.0946815	0.46391	0.384405	0.0340754	0.0889463	8.05271	1.81057	0.335404
3260000	-20.90388	0	-20.90388	0.118027	0.132239	0.148819	0.700603	0.107813	0.129106	1.44042	4.24328	0.0493295
3270000	-17.40377	0	-17.40377	0.0569204	0.135388	0.248918	0.248401	0.126881	0.141553	2.45552	0.295721	0.616889
3280000	-20.89079	0	-20.89079	0.113889	0.222039	0.413908	0.374814	0.0973085	0.26255	3.86261	0.534591	0.564563
3290000	-19.54671	0	-19.54671	0.0773036	0.129306	0.160599	0.34886	0.0722836	0.270637	1.72486	0.314085	1.25679
3300000	-21.64047	0	-21.64047	0.0615329	0.250852	0.115577	0.132507	0.0796024	0.14005	0.572183	0.418388	0.0156442
3310000	-18.11288	0	-18.11288	0.105132	0.138504	0.196113	0.369302	0.128105	0.149257	2.37769	0.553082	0.0445476
3320000	-19.07832	0	-19.07832	0.196054	0.279715	0.18349	0.285527	0.198882	0.247839	1.04658	1.91251	1.98948
3330000	-20.78117	0	-20.78117	0.167944	0.0956563	0.0937676	0.472251	0.155141	0.106776	1.38403	0.465817	2.75164
3340000	-21.08617	0	-21.08617	0.190745	0.0942321	0.165934	0.161616	0.192197	0.155025	0.970589	0.995354	3.09001
3350000	-24.12528	0	-24.12528	0.14278	0.0823365	0.0738411	0.391039	0.198538	0.122346	3.88847	1.8182	1.72007
3360000	-16.01471	0	-16.01471	0.209003	0.128924	0.072305	0.293467	0.0848762	0.119231	3.01451	0.646162	1.27384
3370000	-18.42764	0	-18.42764	0.132224	0.297942	0.0903452	0.157366	0.0978153	0.0354783	1.78725	3.00378	0.467775
3380000	-17.48594	0	-17.48594	0.11708	0.110008	0.148379	0.280392	0.202604	0.113765	0.771753	0.650742	0.214758
3390000	-16.57528	0	-16.57528	0.185662	0.124995	0.0814619	0.363187	0.068991	0.146864	1.19386	0.263655	0.753079
3400000	-20.54228	0	-20.54228	0.19884	0.138089	0.143311	0.428475	0.181987	0.124724	4.02999	0.675402	1.29215
3410000	-17.40265	0	-17.40265	0.108318	0.127519	0.0897477	0.348877	0.229737	0.0664302	2.34221	1.2166	0.0818379
3420000	-15.76657	0	-15.76657	0.108652	0.25323	0.236616	0.322489	0.125898	0.130274	2.69608	1.00335	2.8875
3430000	-21.68734	0	-21.68734	0.0471966	0.500536	0.0803276	0.39858	0.0779283	0.0631627	2.09745	4.82202	0.744201
3440000	-18.34221	0	-18.34221	0.095669	0.270491	0.234219	0.391453	0.159503	0.0621694	3.30549	2.74461	0.0979403
3450000	-14.86509	0	-14.86509	0.0734777	0.129198	0.249003	0.301158	0.145876	0.106661	1.47012	1.06845	0.418482
3460000	-27.05895	0	-27.05895	0.167465	0.790727	0.281437	0.533395	0.127591	0.0740038	0.480703	0.844088	0.065244
3470000	-18.57212	0	-18.57212	0.225709	0.174269	0.145268	0.179647	0.113484	0.113409	1.83896	0.892463	0.931008
3480000	-22.52662	0	-22.52662	0.121799	0.132564	0.267218	0.324941	0.12008	0.204935	5.91815	1.80013	0.296399
3490000	-19.46666	0	-19.46666	0.1864	0.0855011	0.0748195	0.234597	0.0737987	0.135969	1.23297	0.596988	0.353552
3500000	-15.93775	0	-15.93775	0.0935826	0.232655	0.172194	0.113017	0.0916443	0.101204	2.32116	0.928287	1.68145
3510000	-20.20504	0	-20.20504	0.15101	0.293226	0.0981287	0.280056	0.195088	0.123076	6.87007	1.09742	0.899945
3520000	-21.17971	0	-21.17971	0.0717489	0.14331	0.200031	0.120984	0.101344	0.2562	6.85215	0.74804	0.833738
3530000	-16.69542	0	-16.69542	0.139589	0.087228	0.175495	0.227081	0.0716104	0.340496	1.95403	0.848676	1.36861
3540000	-19.35503	0	-19.35503	0.108024	0.136132	0.175368	0.152571	0.205356	0.108489	1.00739	1.80862	0.100614
3550000	-23.05172	0	-23.05172	0.12006	0.254662	0.0998759	0.142398	0.497694	0.125624	0.820434	2.85963	1.74732
3560000	-19.83013	0	-19.83013	0.102784	0.094754	0.371384	0.193961	0.138136	0.154332	1.53676	0.874673	0.190867
3570000	-17.91031	0	-17.91031	0.149633	0.187842	0.161099	0.34816	0.170801	0.0823188	0.463885	1.46068	2.13566
3580000	-22.824	0	-22.824	0.231908	0.0673934	0.109949	0.368141	0.097229	0.182453	1.70562	2.94689	5.86515
3590000	-25.92121	0	-25.92121	0.221067	0.239482	0.392584	0.16129	0.123033	0.133074	1.29066	0.704931	0.199432
3600000	-21.19821	0	-21.19821	0.0649873	0.135851	0.350236	0.594728	0.0813045	0.115667	3.3509	0.313621	0.674861
3610000	-16.29391	0	-16.29391	0.0809655	0.170032	0.176834	0.318165	0.253789	0.0598831	2.60428	0.720239	0.620231
3620000	-20.7807	0	-20.7807	0.191774	0.183718	0.150474	0.257663	0.0497908	0.155556	1.55721	3.51909	2.16653
3630000	-18.50417	0	-18.50417	0.138136	0.308509	0.20669	0.130475	0.194689	0.113862	1.74798	2.6326	0.251722
3640000	-22.88478	0	-22.88478	0.0886592	0.106148	0.0745813	0.298162	0.0726016	0.0347402	2.36328	0.580252	0.0173116
3650000	-20.10805	0	-20.10805	0.107775	0.147576	0.153493	0.362433	0.174623	0.0603064	2.36626	0.473497	2.03393
3660000	-15.49045	0	-15.49045	0.152614	0.195522	0.136774	0.30454	0.0636447	0.0595772	2.85675	0.882758	1.79779
3670000	-16.98686	0	-16.98686	0.209526	0.302035	0.109025	0.164601	0.119579	0.0877386	1.63594	0.673283	2.8501
3680000	-18.96825	0	-18.96825	0.217695	0.0837626	0.193006	0.455612	0.101265	0.219863	3.09995	0.312787	0.884559
3690000	-19.95702	0	-19.95702	0.140006	0.177737	0.111768	0.369713	0.152778	0.228068	0.702544	0.306758	0.11093
3700000	-18.15522	0	-18.15522	0.121239	0.153919	0.0821769	0.161216	0.0563237	0.0959113	1.34549	0.788703	0.479831
3710000	-16.35387	0	-16.35387	0.131974	0.0920218	0.154333	0.193251	0.102362	0.197343	2.35854	0.490792	0.354639
3720000	-23.08448	0	-23.08448	0.103774	0.12826	0.0839971	0.166555	0.159179	0.0835888	0.448086	0.11053	0.0501511
3730000	-21.0186	0	-21.0186	0.454143	0.0763118	0.150718	0.252878	0.0720718	0.0810139	1.57557	2.36007	0.184071
3740000	-17.37719	0	-17.37719	0.0875895	0.192578	0.164561	0.399112	0.0573364	0.110288	3.84341	1.23513	0.228509
3750000	-15.25875	0	-15.25875	0.108273	0.146751	0.313698	0.173929	0.178782	0.0977719	0.969103	0.643636	0.640678
3760000	-19.87441	0	-19.87441	0.0890275	0.181767	0.234496	0.165359	0.167864	0.0583123	0.53563	0.731645	0.328477
3770000	-24.35021	0	-24.35021	0.0787485	0.112193	0.157695	0.194033	0.127934	0.0927486	2.63207	0.651175	0.160037
3780000	-18.2358	0	-18.2358	0.105362	0.370889	0.094625	0.29801	0.0764364	0.120805	1.69298	0.87507	0.240241
3790000	-22.51915	0	-22.51915	0.164783	0.281616	0.354161	0.267541	0.162147	0.220597	2.90237	1.12556	0.315408
3800000	-17.36816	0	-17.36816	0.0798305	0.0960921	0.105939	0.485591	0.126533	0.0971159	0.899452	0.224078	0.282469
3810000	-17.82287	0	-17.82287	0.0727146	0.24219	0.097737	0.229785	0.0971596	0.0779086	0.390806	0.259772	1.70033
3820000	-16.13304	0	-16.13304	0.0899393	0.15194	0.182057	0.29488	0.10575	0.107607	0.900663	0.758073	0.961002
3830000	-18.22627	0	-18.22627	0.0730664	0.188898	0.254838	0.468085	0.0880689	0.0555273	1.81703	1.20802	2.53166
3840000	-16.342	0	-16.342	0.0847934	0.104156	0.232932	0.225037	0.11073	0.0997167	1.40099	0.819904	0.905583
3850000	-22.88958	0	-22.88958	0.0443776	0.15255	0.254106	0.49482	0.101936	0.240015	2.6389	0.855333	0.652308
3860000	-17.43215	0	-17.43215	0.0410868	0.17429	0.261402	0.300382	0.16998	0.113652	2.19624	1.69166	1.10828
3870000	-21.35943	0	-21.35943	0.244949	0.0697848	0.0901887	0.314836	0.132445	0.179849	1.63727	0.082135	0.766746
3880000	-16.14873	0	-16.14873	0.130042	0.114569	0.104438	0.233363	0.082571	0.208302	0.516401	3.25036	0.440283
3890000	-18.17902	0	-18.17902	0.138081	0.175339	0.352874	0.328445	0.0772991	0.0936858	1.1923	1.11506	0.82502
3900000	-21.88732	0	-21.88732	0.0700007	0.261672	0.110982	0.371849	0.108539	0.110639	4.7297	0.88625	3.98654
3910000	-18.20115	0	-18.20115	0.15303	0.411973	0.16338	0.318382	0.106116	0.0560309	1.63233	0.84591	0.362258
3920000	-14.78078	0	-14.78078	0.144782	0.163971	0.308002	0.254213	0.120509	0.157838	1.72386	1.25621	0.293419
3930000	-18.65444	0	-18.65444	0.201054	0.148537	0.239715	0.113488	0.0754189	0.198219	3.7708	0.968997	0.638094
3940000	-20.34454	0	-20.34454	0.152224	0.13118	0.137383	0.166728	0.14218	0.110001	2.26524	3.50897	0.922299
3950000	-19.86267	0	-19.86267	0.0900214	0.162537	0.270213	0.558595	0.078805	0.256925	1.20635	0.172493	1.49598
3960000	-15.57325	0	-15.57325	0.171115	0.178879	0.110476	0.249957	0.115761	0.176729	1.35256	1.27583	1.08457
3970000	-18.0975	0	-18.0975	0.255561	0.226559	0.174675	0.327332	0.132443	0.118276	2.45801	0.704648	2.49438
3980000	-20.90679	0	-20.90679	0.158855	0.0548244	0.222542	0.176232	0.152514	0.205777	4.04112	1.01201	0.844061
3990000	-25.64755	0	-25.64755	0.225999	0.227072	0.102775	0.19401	0.144231	0.0966437	2.21944	0.0682979	0.0459961
4000000	-19.04669	0	-19.04669	0.221565	0.130827	0.270393	0.326169	0.0719125	0.140062	4.02101	0.342376	0.965858
4010000	-24.57105	0	-24.57105	0.214719	0.143955	0.241686	0.167523	0.044783	0.173623	1.4956	2.99931	0.527917
4020000	-18.50676	0	-18.50676	0.0797996	0.114757	0.211455	0.200522	0.0994237	0.0921383	0.567747	1.15362	1.24418
4030000	-17.65827	0	-17.65827	0.0914045	0.169275	0.0942972	0.330228	0.128389	0.220195	1.06527	0.338851	2.17737
4040000	-15.89415	0	-15.89415	0.111131	0.183828	0.25463	0.185735	0.158329	0.117925	1.99227	1.54738	0.551219
4050000	-15.59422	0	-15.59422	0.0730036	0.162957	0.247843	0.227682	0.120014	0.133775	0.672543	0.861928	0.503553
4060000	-17.53896	0	-17.53896	0.227477	0.1067	0.234907	0.334849	0.133198	0.0748985	2.50732	1.67569	0.403773
4070000	-15.20984	0	-15.20984	0.0792083	0.162555	0.125319	0.313356	0.0954566	0.125092	2.62805	0.559681	0.528739
4080000	-23.25808	0	-23.25808	0.1395	0.161117	0.247623	0.235527	0.0737013	0.0425932	1.33379	0.29392	0.769601
4090000	-18.42402	0	-18.42402	0.0592467	0.0934382	0.139103	0.276189	0.0812531	0.0990514	4.08418	0.300926	0.42432
4100000	-19.41692	0	-19.41692	0.165136	0.262838	0.457055	0.361693	0.197353	0.128432	2.09174	2.40113	0.763032
4110000	-19.63532	0	-19.63532	0.119429	0.114976	0.125781	0.330325	0.144815	0.204792	2.98063	0.63863	0.166033
4120000	-21.60369	0	-21.60369	0.303936	0.139904	0.33979	0.22659	0.069372	0.293391	1.90924	2.16562	0.415465
4130000	-19.19587	0	-19.19587	0.0595173	0.256566	0.153737	0.08182	0.0992302	0.137735	2.51447	1.89508	0.120677
4140000	-14.58119	0	-14.58119	0.1653	0.152056	0.210398	0.353579	0.140657	0.0868003	3.01029	1.10614	1.12357
4150000	-16.52915	0	-16.52915	0.109086	0.216053	0.181354	0.343121	0.168007	0.151226	3.82083	0.344991	1.03629
4160000	-15.50498	0	-15.50498	0.14066	0.158957	0.200521	0.360421	0.196197	0.0912631	2.90792	0.754199	0.994199
4170000	-28.66411	0	-28.66411	0.344965	0.326826	0.205094	0.47872	0.0849352	0.136013	1.45815	3.39175	0.0262819
4180000	-19.30419	0	-19.30419	0.0943523	0.184819	0.121696	0.498077	0.163032	0.0770261	0.614464	1.10318	0.480303
4190000	-20.34997	0	-20.34997	0.105837	0.0811876	0.185909	0.258944	0.151291	0.313796	2.87669	0.859831	0.858728
4200000	-15.53558	0	-15.53558	0.0971136	0.18723	0.107305	0.196762	0.224771	0.0737769	3.08499	2.21166	0.710573
4210000	-21.25301	0	-21.25301	0.143944	0.143976	0.153296	0.35753	0.254422	0.0802554	1.96433	0.438853	0.0407487
4220000	-15.98513	0	-15.98513	0.111661	0.222236	0.172971	0.265984	0.0830014	0.156142	0.747498	0.921417	0.258646
4230000	-23.07186	0	-23.07186	0.106357	0.081008	0.334175	0.623948	0.150414	0.110691	2.67893	4.92481	0.241627
4240000	-20.75896	0	-20.75896	0.0387373	0.0461229	0.338568	0.160444	0.0637034	0.164366	1.09577	0.551459	0.465048
4250000	-21.25405	0	-21.25405	0.123136	0.195903	0.342118	0.627667	0.137558	0.042059	1.52773	1.77133	0.210735
4260000	-17.20605	0	-17.20605	0.120794	0.154368	0.160261	0.565937	0.154121	0.159009	1.79302	0.838604	0.503711
4270000	-17.28198	0	-17.28198	0.239132	0.207976	0.208228	0.357629	0.127921	0.0809124	0.992955	0.76573	0.524818
4280000	-27.20281	0	-27.20281	0.189377	0.197724	0.0482442	0.2984	0.0812388	0.0276888	5.84536	1.21838	0.270567
4290000	-17.89187	0	-17.89187	0.23404	0.0877544	0.18619	0.341793	0.0940521	0.0696687	3.09169	1.42716	0.390336
4300000	-21.19948	0	-21.19948	0.10261	0.0842278	0.304966	0.338119	0.128976	0.11785	0.403524	0.446599	0.233045
4310000	-26.6003	0	-26.6003	0.139133	0.255052	0.0878248	0.45038	0.271012	0.105944	4.30305	0.677125	0.0570593
4320000	-15.88544	0	-15.88544	0.123188	0.175777	0.206397	0.204201	0.215	0.118971	1.06589	1.21828	0.212742
4330000	-21.15915	0	-21.15915	0.123873	0.0763918	0.314443	0.331139	0.228359	0.281355	1.00014	0.449242	0.375607
4340000	-17.41658	0	-17.41658	0.224079	0.184098	0.11183	0.198154	0.139975	0.0677725	1.42637	0.799003	1.51726
4350000	-17.48	0	-17.48	0.168526	0.175638	0.173497	0.414723	0.0923885	0.0824821	4.26452	3.22282	0.0838833
4360000	-21.71398	0	-21.71398	0.330032	0.156684	0.134129	0.544286	0.165375	0.0571638	0.87482	2.41545	2.31802
4370000	-21.33177	0	-21.33177	0.157004	0.121993	0.190695	0.307055	0.0608769	0.148429	5.51673	1.14574	0.137057
4380000	-16.3237	0	-16.3237	0.219703	0.202105	0.0877617	0.427743	0.107329	0.0732498	2.36589	0.357744	0.282329
4390000	-18.88974	0	-18.88974	0.127729	0.284987	0.290768	0.220498	0.118708	0.0925708	1.48612	0.850245	0.156757
4400000	-19.10807	0	-19.10807	0.106745	0.270919	0.283648	0.478457	0.092124	0.10165	1.69161	2.30278	1.95231
4410000	-22.39273	0	-22.39273	0.0760912	0.0516561	0.314341	0.31393	0.180031	0.0442082	1.43028	0.43521	0.525215
4420000	-16.81945	0	-16.81945	0.145926	0.0995278	0.18409	0.208593	0.127606	0.161124	2.04852	2.00793	1.8661
4430000	-16.22761	0	-16.22761	0.11697	0.117919	0.0929513	0.264156	0.106994	0.0614962	2.22953	0.345118	1.09224
4440000	-17.56437	0	-17.56437	0.241484	0.201024	0.0950017	0.327192	0.178934	0.105499	1.56589	2.43362	0.677457
4450000	-19.09361	0	-19.09361	0.145039	0.246086	0.133829	0.29035	0.211894	0.102153	1.47447	0.919725	0.468685
4460000	-17.08668	0	-17.08668	0.224603	0.0754039	0.0798779	0.319493	0.114833	0.212174	2.35223	1.0519	0.690585
4470000	-21.86789	0	-21.86789	0.0456925	0.107327	0.204303	0.283368	0.151115	0.289404	2.63576	4.67212	1.21855
4480000	-19.14119	0	-19.14119	0.261184	0.173625	0.117628	0.622451	0.291569	0.0908807	1.58538	2.36953	0.0923517
4490000	-16.55545	0	-16.55545	0.131818	0.146503	0.208599	0.405542	0.0792734	0.0864288	1.41858	1.0685	1.64363
4500000	-22.38128	0	-22.38128	0.176318	0.125025	0.235879	0.422757	0.144227	0.0646806	4.75528	2.57534	2.83433
4510000	-18.81052	0	-18.81052	0.086334	0.11459	0.198679	0.438497	0.109767	0.278053	2.03283	0.644796	0.327328
4520000	-17.62462	0	-17.62462	0.131396	0.096943	0.151459	0.148037	0.0544345	0.137652	3.82427	0.977509	0.0460741
4530000	-19.68408	0	-19.68408	0.12839	0.224467	0.0992003	0.557305	0.0821983	0.0758026	2.64022	4.87709	0.254268
4540000	-21.49341	0	-21.49341	0.0632785	0.094086	0.0787196	0.396881	0.250811	0.167164	3.28651	0.409835	0.213894
4550000	-16.76088	0	-16.76088	0.16895	0.189292	0.0578056	0.406219	0.162961	0.131587	1.7346	0.966542	0.15432
4560000	-19.73738	0	-19.73738	0.146601	0.269649	0.110557	0.288835	0.17444	0.157302	1.19033	2.72024	0.361067
4570000	-18.52168	0	-18.52168	0.188441	0.148658	0.0654958	0.587668	0.0888389	0.0926936	1.37733	1.95158	0.0694236
4580000	-20.6202	0	-20.6202	0.0895249	0.210418	0.105548	0.417097	0.251984	0.0505827	4.45812	2.63153	1.07219
4590000	-22.57277	0	-22.57277	0.0930026	0.28452	0.559885	0.110593	0.0930626	0.0759151	1.61153	0.315714	0.311034
4600000	-13.9738	0	-13.9738	0.0955588	0.105865	0.114499	0.201863	0.103236	0.147599	1.74439	0.914485	1.14149
4610000	-21.87209	0	-21.87209	0.133466	0.204634	0.272557	0.279143	0.167377	0.0342819	2.35838	1.43146	0.467696
4620000	-21.96145	0	-21.96145	0.201497	0.138956	0.159323	0.172863	0.132436	0.230893	1.69364	2.1819	0.245981
4630000	-26.2923	0	-26.2923	0.138871	0.361131	0.0569259	0.360951	0.160938	0.126328	3.06015	5.59604	1.08651
4640000	-18.66312	0	-18.66312	0.0684448	0.205329	0.2493	0.0829898	0.106511	0.124599	2.0835	0.860887	0.0720466
4650000	-19.67139	0	-19.67139	0.120452	0.243687	0.184364	0.155711	0.0549306	0.155701	0.583653	0.333388	1.05181
4660000	-23.97448	0	-23.97448	0.111712	0.193751	0.125861	0.30538	0.124923	0.141053	4.52232	0.398358	0.0205743
4670000	-20.51082	0	-20.51082	0.27234	0.185768	0.161822	0.309475	0.0965687	0.116542	4.03205	0.356171	0.149449
4680000	-20.20989	0	-20.20989	0.177227	0.148527	0.104223	0.192138	0.154387	0.0449017	0.719754	0.558448	0.893077
4690000	-14.61679	0	-14.61679	0.115763	0.158264	0.305212	0.21516	0.154893	0.163335	1.00208	0.738328	0.595466
4700000	-18.9927	0	-18.9927	0.258437	0.148578	0.0918304	0.500335	0.0771511	0.0892471	0.972749	1.96443	1.0887
4710000	-22.31601	0	-22.31601	0.484561	0.231804	0.112038	0.303673	0.105737	0.271368	1.09365	0.941029	0.377768
4720000	-16.06796	0	-16.06796	0.0959235	0.174487	0.124315	0.254631	0.152718	0.0756637	0.96349	0.587198	0.477322
4730000	-16.94231	0	-16.94231	0.0949451	0.199294	0.0954307	0.264836	0.0595408	0.0573059	2.45444	1.29442	0.458331
4740000	-22.99971	0	-22.99971	0.250394	0.119387	0.113292	0.607627	0.198391	0.0845545	2.72462	3.39346	0.385481
4750000	-21.04218	0	-21.04218	0.0848665	0.117592	0.401801	0.135208	0.03843	0.0919055	4.3617	2.39903	0.218819
4760000	-16.47288	0	-16.47288	0.0919392	0.133084	0.119035	0.157381	0.0736352	0.0663041	0.986061	0.715423	0.163826
4770000	-16.54496	0	-16.54496	0.0986875	0.162456	0.207201	0.28138	0.0485404	0.192745	1.84338	0.325983	0.475978
4780000	-18.53665	0	-18.53665	0.10697	0.278862	0.140041	0.185154	0.0939177	0.133002	2.43313	0.356081	0.376114
4790000	-21.48751	0	-21.48751	0.0961292	0.254343	0.0787408	0.227123	0.15226	0.102994	3.32852	4.87605	0.29987
4800000	-16.97272	0	-16.97272	0.0502537	0.127318	0.074615	0.156581	0.111845	0.0817307	1.03899	1.24826	0.862583
4810000	-24.56597	0	-24.56597	0.0405345	0.101861	0.337973	0.328974	0.0457728	0.187038	0.179081	0.444472	0.105619
4820000	-23.96199	0	-23.96199	0.158665	0.208592	0.0631172	0.305703	0.304678	0.170361	0.8143	0.504034	0.245732
4830000	-17.59837	0	-17.59837	0.192736	0.11595	0.13801	0.179169	0.134304	0.0976696	0.833212	1.80793	1.64946
4840000	-23.58753	0	-23.58753	0.122549	0.396545	0.163401	0.250543	0.155873	0.115352	1.67309	1.73578	1.31701
4850000	-14.85001	0	-14.85001	0.077481	0.0918635	0.114598	0.41516	0.138825	0.0874509	1.30699	0.903211	0.134965
4860000	-25.19764	0	-25.19764	0.363159	0.0868132	0.352732	0.171848	0.0994137	0.202555	1.8008	0.152655	0.43728
4870000	-17.79967	0	-17.79967	0.131042	0.210079	0.173525	0.292591	0.0616466	0.134633	3.83312	1.18425	0.466856
4880000	-18.43724	0	-18.43724	0.341558	0.131427	0.408277	0.217724	0.105863	0.142663	1.0637	0.746255	1.59698
4890000	-20.45334	0	-20.45334	0.213666	0.168966	0.0689967	0.15254	0.174127	0.20765	2.44048	3.54797	0.171345
4900000	-17.58739	0	-17.58739	0.0955429	0.365152	0.107157	0.276396	0.180844	0.104113	2.39308	0.641688	1.10921
4910000	-19.48469	0	-19.48469	0.222532	0.15596	0.206192	0.232106	0.137605	0.153439	1.55039	4.71915	0.988756
4920000	-21.63764	0	-21.63764	0.0776406	0.124534	0.152033	0.276054	0.172991	0.0632163	0.36954	0.533094	0.0265331
4930000	-23.70394	0	-23.70394	0.163708	0.0951564	0.122881	0.156286	0.0968507	0.0801986	3.28354	1.17956	0.270217
4940000	-15.80741	0	-15.80741	0.146209	0.0827519	0.173538	0.365354	0.0758759	0.101301	0.925337	0.843946	0.849524
4950000	-22.82488	0	-22.82488	0.183027	0.109973	0.406986	0.298529	0.174119	0.144429	5.72125	1.88852	1.20202
4960000	-28.23867	0	-28.23867	0.151607	0.0775108	0.056571	0.24826	0.160322	0.0407533	2.71849	0.296186	0.0687375
4970000	-19.99049	0	-19.99049	0.404457	0.0868434	0.177411	0.197439	0.0648739	0.132917	1.67288	3.05781	1.28929
4980000	-23.71775	0	-23.71775	0.181941	0.342031	0.19526	0.329825	0.190284	0.139528	5.59326	2.91538	2.12593
4990000	-24.828	0	-24.828	0.203536	0.15402	0.367341	0.597537	0.112177	0.156264	4.6825	0.688948	1.26838
5000000	-18.88171	0	-18.88171	0.101604	0.15237	0.312495	0.23529	0.0805722	0.12	1.22636	0.382037	0.766263
