Iteration	Posterior	Likelihood	Prior	lambda[1]	lambda[2]	lambda[3]	mu[1]	mu[2]	mu[3]	psi[1]	psi[2]	psi[3]
0	-111.4297	0	-111.4297	0.108359	0.0818412	0.122719	0.203032	0.077891	0.123047	0.591011	5.22929	0.351259
10000	-22.00567	0	-22.00567	0.145396	0.316237	0.088032	0.277892	0.0970545	0.124116	0.713587	0.31523	0.890616
20000	-28.18656	0	-28.18656	0.101269	0.164796	0.156501	0.368721	0.106023	0.0962684	0.36889	0.11968	0.652738
30000	-26.81391	0	-26.81391	0.111264	0.283056	0.331807	0.503644	0.158857	0.122301	1.08649	0.0591241	0.456148
40000	-33.03509	0	-33.03509	0.235709	0.0816956	0.146859	1.00046	0.0481461	0.0789094	2.13245	0.183203	0.177269
50000	-28.33527	0	-28.33527	0.21412	0.141668	0.531007	0.533715	0.233902	0.241452	0.837975	0.0834664	0.392749
60000	-29.19994	0	-29.19994	1.21544	0.0752781	0.295198	0.839022	0.17072	0.126789	1.20194	0.154021	0.261105
70000	-31.02216	0	-31.02216	0.143947	0.321442	0.127647	0.610188	0.134282	0.0773676	0.827505	0.427013	1.92278
80000	-31.83361	0	-31.83361	0.113507	0.0684876	0.244723	0.69703	0.123811	0.100155	1.32302	0.373212	0.0785877
90000	-40.93158	0	-40.93158	0.106685	0.0908388	0.0991642	1.26875	0.197511	0.104407	0.965178	0.110812	0.164837
100000	-29.9237	0	-29.9237	0.242194	0.145162	0.292302	0.404386	0.0808689	0.196882	0.92858	0.0953181	3.23725
110000	-27.72082	0	-27.72082	0.111449	0.113966	0.217494	0.312759	0.0913637	0.123236	0.591155	0.289703	0.794918
120000	-28.46539	0	-28.46539	0.338484	0.273614	0.209308	0.226581	0.0620317	0.15449	3.28976	0.560858	0.125767
130000	-24.97323	0	-24.97323	0.082665	0.165745	0.333997	0.3575	0.0888109	0.170901	1.52018	0.343878	1.39858
140000	-29.2471	0	-29.2471	0.176839	0.188639	0.068856	0.230705	0.0546885	0.177699	0.37406	0.399175	0.391986
150000	-26.54656	0	-26.54656	0.255524	0.195984	0.270379	0.287279	0.0915188	0.212448	3.6965	0.196368	0.388987
160000	-24.75249	0	-24.75249	0.0890596	0.108399	0.214294	0.361441	0.103485	0.11586	0.538901	0.230003	2.95174
170000	-24.1097	0	-24.1097	0.26476	0.124541	0.239999	0.335915	0.161339	0.106776	0.730019	0.92181	0.401603
180000	-30.69425	0	-30.69425	0.114892	0.165998	0.256984	0.403491	0.271833	0.0950853	0.952191	0.0867164	0.668393
190000	-27.26601	0	-27.26601	0.441604	0.214963	0.160622	0.551427	0.0696051	0.120812	0.860164	0.166152	0.319284
200000	-33.21228	0	-33.21228	0.155841	0.253026	0.261097	0.623079	0.0452067	0.289101	0.684993	0.0904774	0.0533968
210000	-32.45981	0	-32.45981	0.115184	0.246137	0.235045	0.11814	0.0965733	0.155485	0.132576	0.0414588	0.61197
220000	-35.45747	0	-35.45747	0.110155	0.111234	0.269174	0.289283	0.257676	0.113186	1.93199	0.0788771	0.0812322
230000	-30.42906	0	-30.42906	0.157476	0.278264	0.148175	0.537558	0.090957	0.058818	0.758825	0.545248	1.16099
240000	-36.12635	0	-36.12635	0.288348	0.130353	0.194542	0.630412	0.076525	0.0886446	1.01629	0.160684	0.0304715
250000	-24.5409	0	-24.5409	0.114709	0.137688	0.299488	0.232806	0.0633648	0.150996	0.866324	0.105599	0.355154
260000	-40.16595	0	-40.16595	0.356419	0.248308	0.112103	0.989336	0.389665	0.1115	2.08574	0.161074	0.0406914
270000	-26.42799	0	-26.42799	0.163554	0.223145	0.101269	0.29387	0.0777703	0.17506	0.696429	0.248457	1.31797
280000	-27.02578	0	-27.02578	0.264213	0.145048	0.154613	0.538048	0.0905897	0.107804	0.564763	0.0815172	0.175874
290000	-31.72332	0	-31.72332	0.272252	0.490931	0.0477571	0.320148	0.0979521	0.0569706	0.980111	0.206418	0.105891
300000	-36.2214	0	-36.2214	0.0758585	0.191777	0.218971	0.372963	0.278469	0.079414	1.82748	0.0683683	0.0724447
310000	-28.07063	0	-28.07063	0.149922	0.112362	0.0675412	0.360951	0.0402201	0.131054	1.77249	0.477011	0.91186
320000	-31.25355	0	-31.25355	0.0626076	0.402466	0.288458	0.499932	0.118743	0.202342	4.14168	0.210022	0.637909
330000	-31.74689	0	-31.74689	0.132873	0.319522	0.165688	0.371041	0.193558	0.15917	2.12081	0.158405	0.413509
340000	-30.00805	0	-30.00805	0.134766	0.135388	0.354019	0.68024	0.0708402	0.27909	1.30379	0.086728	0.0671433
350000	-33.43422	0	-33.43422	0.144548	0.276783	0.296586	0.428734	0.398479	0.23293	3.20364	0.209925	0.287692
360000	-29.43288	0	-29.43288	0.26968	0.653064	0.120001	0.373203	0.292117	0.091126	2.29447	0.185025	1.93546
370000	-24.80151	0	-24.80151	0.113384	0.280493	0.066877	0.269104	0.0733336	0.114923	0.851127	0.357538	0.243056
380000	-25.69588	0	-25.69588	0.206198	0.358101	0.0952087	0.39744	0.136477	0.0830902	0.854146	0.284957	0.39825
390000	-24.68024	0	-24.68024	0.173006	0.454916	0.344168	0.539278	0.076505	0.16753	0.668297	0.201549	1.43494
400000	-26.35568	0	-26.35568	0.11688	0.303728	0.14612	0.243844	0.0892613	0.116468	1.66895	0.263685	0.0834744
410000	-22.03162	0	-22.03162	0.109532	0.14276	0.126135	0.197295	0.076402	0.133653	1.3736	0.117706	1.56271
420000	-30.66396	0	-30.66396	0.100275	0.245271	0.238278	0.968039	0.105721	0.078785	2.34629	0.249174	0.566036
430000	-24.4392	0	-24.4392	0.196153	0.16379	0.196891	0.339826	0.14785	0.0920899	1.00267	0.176881	0.173752
440000	-34.47576	0	-34.47576	0.0768255	0.13011	0.0993077	0.692889	0.0907212	0.136825	0.546308	0.158962	0.0231249
450000	-28.54984	0	-28.54984	0.160106	0.215614	0.226938	0.567581	0.133895	0.0962159	0.53943	0.221769	0.310947
460000	-33.8244	0	-33.8244	0.160964	0.210526	0.251052	1.04795	0.0828564	0.0873545	2.92518	0.139926	1.11356
470000	-28.58237	0	-28.58237	0.16394	0.258277	0.340109	0.473975	0.160431	0.10575	0.324939	0.575317	0.51203
480000	-27.85652	0	-27.85652	0.272487	0.226491	0.111971	0.322201	0.0332517	0.0868851	0.410429	0.170852	0.293876
490000	-28.07114	0	-28.07114	0.094648	0.0766799	0.420326	0.336117	0.0468451	0.194833	0.627427	0.0715403	0.215324
500000	-32.73167	0	-32.73167	0.099199	0.275873	0.250647	0.47658	0.130748	0.161539	0.403639	0.888353	0.0941766
510000	-23.20363	0	-23.20363	0.201734	0.146347	0.164561	0.418573	0.070658	0.164928	0.433815	0.608303	0.780207
520000	-31.15447	0	-31.15447	0.287068	0.152953	0.493513	0.45421	0.215406	0.129909	1.26185	0.0025817	0.218438
530000	-25.24284	0	-25.24284	0.142272	0.198279	0.0756125	0.291352	0.0606736	0.246925	1.51902	0.110421	0.213479
540000	-29.91917	0	-29.91917	0.157446	0.224661	0.153715	0.260011	0.119682	0.156779	0.770305	0.113789	0.173358
550000	-30.4	0	-30.4	0.231787	0.218637	0.276226	0.439397	0.128911	0.145201	0.243161	0.135086	0.725213
560000	-24.4153	0	-24.4153	0.280974	0.215428	0.122963	0.867073	0.147069	0.136159	0.745756	0.700755	0.823163
570000	-27.86545	0	-27.86545	0.442986	0.117609	0.122568	0.318033	0.105494	0.158862	2.28647	0.687603	0.365426
580000	-30.67741	0	-30.67741	0.352403	0.304067	0.266995	0.314675	0.112246	0.121317	1.40803	0.0816751	0.437744
590000	-26.93091	0	-26.93091	0.180329	0.0421951	0.166156	0.250552	0.0648424	0.136344	0.88064	0.127082	0.204371
600000	-32.01486	0	-32.01486	0.136026	0.237953	0.202805	0.260306	0.0543507	0.208491	0.766489	0.224005	0.753063
610000	-23.01037	0	-23.01037	0.132832	0.315318	0.115803	0.51732	0.0993549	0.101974	0.685925	0.0336626	1.10701
620000	-28.01985	0	-28.01985	0.147991	0.108029	0.148546	0.698591	0.0653982	0.112765	0.950308	0.157717	0.0791341
630000	-31.24975	0	-31.24975	0.30797	0.158346	0.526722	0.222041	0.0888841	0.0799177	1.37336	0.444442	0.281766
640000	-23.32768	0	-23.32768	0.162628	0.242723	0.130196	0.635077	0.145042	0.209147	3.10864	0.701879	1.23214
650000	-36.1432	0	-36.1432	0.658343	0.100073	0.121792	0.39536	0.182151	0.194341	1.78441	0.235563	0.00437382
660000	-28.34452	0	-28.34452	0.103813	0.183075	0.244562	0.491513	0.0744208	0.146273	0.867913	0.0990896	0.298081
670000	-23.99157	0	-23.99157	0.293498	0.208377	0.131771	0.512831	0.0771996	0.360152	1.0072	0.678073	0.286456
680000	-35.51668	0	-35.51668	0.115365	0.407898	0.445646	0.285689	0.18215	0.136115	2.91176	0.118949	0.660778
690000	-28.87391	0	-28.87391	0.135001	0.280438	0.100571	0.44699	0.107541	0.16838	1.2719	0.0459891	0.571419
700000	-28.35878	0	-28.35878	0.144107	0.136981	0.266826	0.664044	0.0765108	0.0847901	0.768999	0.050299	0.142321
710000	-26.27008	0	-26.27008	0.211475	0.166815	0.201828	0.15993	0.0849433	0.0573607	1.21942	0.114138	1.91864
720000	-29.13825	0	-29.13825	0.38581	0.170699	0.10906	1.08889	0.0505584	0.105204	0.361155	0.063815	0.149998
730000	-29.49697	0	-29.49697	0.0782148	0.164436	0.209163	0.179614	0.175459	0.199273	2.03372	0.22323	0.576911
740000	-24.82479	0	-24.82479	0.173132	0.0910841	0.134938	0.245056	0.0999983	0.0727074	1.40169	0.403179	1.6562
750000	-26.90216	0	-26.90216	0.484336	0.212182	0.165806	0.642256	0.0626851	0.108474	1.04561	0.842423	1.14095
760000	-31.00095	0	-31.00095	0.477466	0.248451	0.19694	0.158631	0.177079	0.133497	0.571933	0.118974	1.07297
770000	-39.39446	0	-39.39446	0.288438	0.17703	0.34558	0.56685	0.337751	0.161072	0.977622	0.0896087	0.771115
780000	-26.16113	0	-26.16113	0.128554	0.134152	0.183136	0.198634	0.144972	0.138563	1.79478	0.276651	0.266499
790000	-23.56849	0	-23.56849	0.371523	0.25387	0.174013	0.396471	0.125766	0.183952	2.28639	1.43785	1.36425
800000	-23.14824	0	-23.14824	0.343856	0.176248	0.104621	0.523478	0.0677731	0.141551	2.15077	0.735407	1.35262
810000	-29.82162	0	-29.82162	0.139505	0.115714	0.144835	0.387122	0.0977327	0.0988523	0.305727	0.106567	0.043984
820000	-25.48832	0	-25.48832	0.186102	0.207751	0.141619	0.672326	0.107094	0.109406	0.549736	0.314443	0.263015
830000	-28.04326	0	-28.04326	0.288733	0.170875	0.0703775	0.304908	0.0895243	0.103601	0.995814	0.695343	0.0479135
840000	-32.17897	0	-32.17897	0.112558	0.151172	0.100083	0.471907	0.0675633	0.120579	2.24041	0.166776	0.638886
850000	-27.20043	0	-27.20043	0.134862	0.419458	0.100625	0.3053	0.0679831	0.0965349	0.226127	0.0463029	0.997261
860000	-25.95109	0	-25.95109	0.263325	0.235333	0.201415	0.589647	0.105874	0.133186	2.52802	1.45909	0.701909
870000	-34.02346	0	-34.02346	0.358939	0.214348	0.503936	0.0883287	0.154762	0.151995	1.29644	0.0884188	0.42476
880000	-28.91402	0	-28.91402	0.419915	0.130285	0.071763	0.60859	0.236529	0.107344	0.744924	0.159476	3.48562
890000	-23.81517	0	-23.81517	0.204682	0.151927	0.328053	0.318669	0.169877	0.182123	0.499073	0.119364	0.511502
900000	-29.16785	0	-29.16785	0.115847	0.212879	0.237113	0.821412	0.211313	0.158334	1.20917	0.238312	0.274298
910000	-31.5858	0	-31.5858	0.171015	0.630418	0.275055	0.370016	0.301538	0.138351	0.70595	0.220649	1.7911
920000	-27.2231	0	-27.2231	0.225912	0.159766	0.422707	0.29808	0.279018	0.123233	0.427076	0.228483	0.801963
930000	-24.54639	0	-24.54639	0.200481	0.172129	0.315895	0.34106	0.144015	0.202355	0.730033	0.149793	0.459642
940000	-23.4146	0	-23.4146	0.222021	0.207693	0.243557	0.320903	0.080436	0.0935781	0.735888	0.482804	0.208341
950000	-27.87044	0	-27.87044	0.174462	0.186958	0.0770699	0.329403	0.0456658	0.246175	1.68347	0.148246	2.13026
960000	-27.44649	0	-27.44649	0.354604	0.361572	0.247836	0.344234	0.189532	0.260113	2.51697	0.249092	0.677164
970000	-27.7348	0	-27.7348	0.0846388	0.245652	0.573125	0.353469	0.129339	0.0587945	2.78025	0.435309	0.709678
980000	-29.16241	0	-29.16241	0.302715	0.178102	0.130592	0.252684	0.223027	0.0370191	0.400138	0.466472	0.328721
990000	-27.91112	0	-27.91112	0.153142	0.208272	0.22116	0.493832	0.123135	0.0670366	0.529129	0.0894101	1.02387
1000000	-26.45013	0	-26.45013	0.137404	0.190531	0.278371	0.592737	0.0734257	0.206516	0.944614	0.501502	0.68302
1010000	-25.62447	0	-25.62447	0.193189	0.239002	0.202846	0.467653	0.0750042	0.129007	1.56756	0.309351	1.35378
1020000	-24.26803	0	-24.26803	0.167251	0.324411	0.169953	0.64527	0.0969011	0.206186	1.37179	0.565273	1.3861
1030000	-25.75021	0	-25.75021	0.23169	0.227296	0.0675692	0.282423	0.0799518	0.276416	0.568104	0.259103	1.84302
1040000	-26.12966	0	-26.12966	0.188403	0.0840544	0.285499	0.377917	0.10537	0.211262	0.557337	0.266506	1.30972
1050000	-26.44588	0	-26.44588	0.247483	0.164175	0.333013	0.546798	0.0881706	0.123435	0.721546	0.153449	0.88448
1060000	-23.89443	0	-23.89443	0.237394	0.233545	0.106458	0.327037	0.143416	0.112724	2.36761	0.128443	0.538311
1070000	-35.73247	0	-35.73247	0.136816	0.128142	0.357128	0.699193	0.159185	0.145636	3.98578	0.0661299	0.10157
1080000	-28.4684	0	-28.4684	0.168218	0.310528	0.320659	0.576334	0.127671	0.0730597	0.482128	0.729653	0.587133
1090000	-27.56933	0	-27.56933	0.129162	0.206417	0.17335	0.318036	0.149959	0.14585	0.336254	0.238359	4.61491
1100000	-35.0675	0	-35.0675	0.605204	0.24405	0.355481	0.381086	0.179379	0.176812	1.0513	0.0405141	0.50816
1110000	-33.4565	0	-33.4565	0.162587	0.321516	0.339583	0.607964	0.298893	0.121389	2.14708	0.765313	0.897733
1120000	-31.44907	0	-31.44907	0.343216	0.739219	0.161207	0.211336	0.100606	0.127267	1.03241	0.436124	2.39018
1130000	-25.1623	0	-25.1623	0.129842	0.212523	0.202974	0.203018	0.0773543	0.112459	1.49658	0.187606	0.859121
1140000	-30.34597	0	-30.34597	0.141518	0.0958803	0.295481	0.296033	0.22285	0.217662	1.78558	0.373852	0.165383
1150000	-29.608	0	-29.608	0.121491	0.0849044	0.158434	0.326698	0.190141	0.0298347	0.940466	1.17106	2.42184
1160000	-25.55727	0	-25.55727	0.159275	0.191	0.248055	0.596579	0.0746107	0.091168	2.52287	0.288491	0.213456
1170000	-30.01927	0	-30.01927	0.111486	0.0976174	0.158739	0.402354	0.0721027	0.160855	1.50836	0.0979132	0.0830786
1180000	-30.00473	0	-30.00473	0.0801227	0.266621	0.111848	0.370315	0.0745598	0.0515031	1.06646	0.324118	0.160625
1190000	-26.86424	0	-26.86424	0.123786	0.368983	0.0963204	0.452416	0.0603271	0.172427	1.35936	0.290677	0.590663
1200000	-22.58665	0	-22.58665	0.166016	0.241898	0.113099	0.356544	0.0881679	0.0876703	0.453119	0.325035	0.611144
1210000	-27.61502	0	-27.61502	0.132609	0.328656	0.149778	0.34213	0.145297	0.290262	1.02763	0.0939351	2.18764
1220000	-35.32723	0	-35.32723	0.3387	0.10832	0.13788	0.268588	0.222964	0.0930796	0.439498	0.17906	0.0381878
1230000	-36.02517	0	-36.02517	0.157968	0.186459	0.248308	0.502977	0.162366	0.10893	0.191696	0.10261	0.0188868
1240000	-28.66336	0	-28.66336	0.103325	0.543845	0.244547	0.922717	0.135122	0.116141	1.42263	0.878763	0.513813
1250000	-30.70782	0	-30.70782	0.449534	0.339262	0.237874	0.751937	0.118879	0.114734	0.179315	0.192329	0.380496
1260000	-28.65792	0	-28.65792	0.104742	0.6766	0.205807	0.240317	0.080298	0.08475	0.250358	0.084871	2.03625
1270000	-26.60991	0	-26.60991	0.117358	0.291972	0.0954221	0.34346	0.128296	0.110442	2.03797	0.256544	0.178108
1280000	-36.61671	0	-36.61671	0.523667	0.30788	0.150853	0.207267	0.0881669	0.130743	0.626837	0.34881	0.0560525
1290000	-27.85494	0	-27.85494	0.0729124	0.281147	0.23853	0.325154	0.0867807	0.0717736	0.345488	0.0696712	0.114819
1300000	-27.80657	0	-27.80657	0.2079	0.106961	0.326268	0.481487	0.113651	0.114496	1.4666	0.109139	0.0436234
1310000	-30.19485	0	-30.19485	0.225082	0.0981943	0.298896	0.921733	0.100757	0.203783	3.72576	0.122152	0.514174
1320000	-24.84454	0	-24.84454	0.133941	0.287505	0.0702923	0.323218	0.174969	0.147755	1.35733	0.184186	0.236575
1330000	-27.89369	0	-27.89369	0.168324	0.150284	0.366745	0.411195	0.115106	0.122767	1.16276	0.29821	0.209266
1340000	-27.06674	0	-27.06674	0.119293	0.368157	0.250169	0.561342	0.0980844	0.164178	1.80103	0.00674978	0.232181
1350000	-28.34709	0	-28.34709	0.119128	0.257877	0.115837	0.597507	0.208702	0.208837	2.27161	0.0269915	0.432557
1360000	-28.42013	0	-28.42013	0.131159	0.312603	0.152496	0.278432	0.0878704	0.100883	0.832562	0.336408	0.672956
1370000	-27.87989	0	-27.87989	0.283157	0.126737	0.0763827	0.553098	0.152538	0.18007	0.670116	0.742191	0.268218
1380000	-26.7542	0	-26.7542	0.240539	0.141604	0.196307	0.487245	0.27073	0.0883792	1.14127	0.212103	0.688603
1390000	-23.78648	0	-23.78648	0.161416	0.117513	0.0917285	0.317811	0.172776	0.132571	0.724782	0.403434	1.12802
1400000	-28.74329	0	-28.74329	0.321729	0.560771	0.244	0.921641	0.179867	0.108994	1.65788	0.0735201	0.849499
1410000	-26.96693	0	-26.96693	0.159463	0.168254	0.250827	0.457114	0.127529	0.489499	1.12558	0.61186	2.37399
1420000	-26.63986	0	-26.63986	0.308529	0.130676	0.0995246	0.387418	0.138883	0.237334	1.49557	0.0383258	0.434631
1430000	-31.08119	0	-31.08119	0.176591	0.186431	0.151875	0.561643	0.189142	0.12875	0.96186	0.0503081	0.034371
1440000	-28.74994	0	-28.74994	0.124897	0.326391	0.364889	0.451059	0.122633	0.241365	0.941443	0.156454	0.0900564
1450000	-22.14688	0	-22.14688	0.2236	0.114013	0.141136	0.23778	0.138927	0.204823	1.22512	0.201785	1.13509
1460000	-25.46578	0	-25.46578	0.149981	0.143097	0.0981272	0.288132	0.121585	0.145029	0.658569	0.126062	0.612943
1470000	-28.47123	0	-28.47123	0.338181	0.513869	0.0833331	0.897089	0.0970091	0.0927131	0.673458	0.149737	0.706678
1480000	-28.59581	0	-28.59581	0.332559	0.250866	0.0734856	0.421594	0.0662167	0.151951	1.1507	0.346115	0.54538
1490000	-34.50812	0	-34.50812	0.141802	0.0627897	0.257451	0.592195	0.252836	0.0861756	1.87667	0.0613463	0.1083
1500000	-33.1633	0	-33.1633	0.106943	0.183952	0.157092	0.22647	0.307717	0.202217	0.646298	0.425786	0.517347
1510000	-25.77089	0	-25.77089	0.175463	0.114076	0.348867	0.52955	0.060787	0.212727	1.43935	0.538757	0.407644
1520000	-21.36918	0	-21.36918	0.0958946	0.239501	0.154796	0.312635	0.0995101	0.138861	0.931964	0.117431	0.264117
1530000	-39.78275	0	-39.78275	0.331613	0.290153	0.21431	0.603902	0.0498166	0.169683	0.861824	0.0785321	0.0235199
1540000	-22.50746	0	-22.50746	0.380069	0.109775	0.133788	0.429602	0.180189	0.0962208	1.103	0.902622	1.63782
1550000	-24.94918	0	-24.94918	0.288933	0.326259	0.15705	0.602777	0.145938	0.143748	1.50898	0.923905	1.70836
1560000	-28.91922	0	-28.91922	0.103865	0.169824	0.0979744	0.254719	0.106433	0.246488	0.667616	0.624086	0.287286
1570000	-30.85808	0	-30.85808	0.416454	0.145078	0.246139	0.366941	0.144805	0.157558	0.413856	0.0514714	0.525767
1580000	-32.19794	0	-32.19794	0.159886	0.155623	0.293067	0.698711	0.122334	0.250142	3.48428	0.0708755	0.161064
1590000	-27.5675	0	-27.5675	0.0965866	0.314839	0.115129	0.323293	0.088786	0.163547	1.57658	0.126102	0.203712
1600000	-27.80133	0	-27.80133	0.196621	0.274216	0.107481	1.29977	0.101122	0.115768	1.38839	0.918781	0.999441
1610000	-42.62183	0	-42.62183	0.471169	0.199342	0.155389	0.412508	0.121928	0.165994	0.248802	0.384198	0.0314618
1620000	-35.48271	0	-35.48271	0.433168	0.334402	0.256539	0.457768	0.0639969	0.147966	1.20712	0.234482	1.05027
1630000	-24.95076	0	-24.95076	0.0811744	0.295783	0.173743	0.223821	0.0870581	0.10353	0.402359	0.338902	1.8717
1640000	-31.69881	0	-31.69881	0.178998	0.0494323	0.678174	0.45283	0.0735657	0.0622192	1.98446	0.452833	1.03021
1650000	-37.63675	0	-37.63675	0.378219	0.115291	0.237791	0.885617	0.153882	0.0773573	2.63167	0.269631	0.0893443
1660000	-34.1764	0	-34.1764	0.129094	0.10709	0.198324	0.555634	0.0370284	0.109858	0.18997	0.0545356	0.149591
1670000	-29.21898	0	-29.21898	0.184993	0.161991	0.158816	0.22842	0.170062	0.0853526	0.431419	0.268506	0.0794547
1680000	-34.87876	0	-34.87876	0.0749204	0.124431	0.107203	0.522214	0.167884	0.0686152	0.739123	0.19603	0.0296652
1690000	-31.71636	0	-31.71636	0.215942	0.0712204	0.260121	0.406517	0.0986492	0.0756642	0.474932	0.122672	0.0629724
1700000	-41.0513	0	-41.0513	0.347636	0.354792	0.138548	0.530975	0.0721829	0.111033	0.23139	0.0631382	0.244597
1710000	-33.98237	0	-33.98237	0.129838	0.154145	0.148218	0.800923	0.208637	0.102369	1.01134	0.133885	0.100746
1720000	-31.07758	0	-31.07758	0.187768	0.177703	0.332344	0.451677	0.0425372	0.235953	0.950826	0.0894108	0.520048
1730000	-23.40041	0	-23.40041	0.277963	0.0937197	0.100358	0.462699	0.211966	0.228476	1.00488	0.333597	1.37604
1740000	-35.58897	0	-35.58897	0.167749	0.304389	0.0659425	0.485367	0.0697169	0.214629	4.9977	0.0557702	1.31838
1750000	-25.69304	0	-25.69304	0.294722	0.189953	0.165476	0.418589	0.135197	0.101617	0.756672	0.420511	0.166726
1760000	-30.13659	0	-30.13659	0.42951	0.204973	0.210576	0.443595	0.0991539	0.535859	1.1196	0.274616	2.20266
1770000	-28.72132	0	-28.72132	0.142914	0.213968	0.146678	0.470895	0.191526	0.138951	0.660094	0.234001	0.129929
1780000	-27.81559	0	-27.81559	0.151498	0.104574	0.136351	0.2829	0.108795	0.116691	1.50342	0.0325006	0.289111
1790000	-30.61716	0	-30.61716	0.305643	0.355864	0.117267	0.481831	0.098427	0.0740552	4.52845	0.36406	0.718057
1800000	-27.13268	0	-27.13268	0.0560738	0.108169	0.143968	0.421228	0.0771673	0.177844	1.77783	0.105927	0.540159
1810000	-28.38589	0	-28.38589	0.0468352	0.426018	0.095355	0.75148	0.037718	0.190404	3.91171	0.282468	1.10461
1820000	-25.09711	0	-25.09711	0.113518	0.308199	0.21134	0.42669	0.129535	0.16452	0.909199	0.311837	1.9188
1830000	-30.04224	0	-30.04224	0.0540794	0.566466	0.304794	0.601467	0.0990858	0.0921258	2.35214	0.127507	0.749352
1840000	-22.7752	0	-22.7752	0.260492	0.140613	0.079355	0.567272	0.0870388	0.0680871	0.964203	0.386488	1.6303
1850000	-26.56059	0	-26.56059	0.167739	0.0645018	0.178656	0.533493	0.118525	0.119792	0.883686	0.437562	0.425663
1860000	-23.12682	0	-23.12682	0.148676	0.264552	0.205109	0.423523	0.154626	0.104371	2.23468	0.0785499	0.614074
1870000	-26.86289	0	-26.86289	0.0634543	0.281422	0.223472	0.232634	0.136272	0.0848724	0.52908	0.0775093	0.243922
1880000	-30.79085	0	-30.79085	0.481926	0.466302	0.303165	0.30952	0.116085	0.243265	0.69074	0.407565	0.0964132
1890000	-30.47469	0	-30.47469	0.198046	0.379534	0.190087	0.255683	0.338521	0.046261	0.381549	0.524724	0.38139
1900000	-32.00556	0	-32.00556	0.18899	0.169556	0.292346	0.465308	0.137221	0.0647879	0.352131	0.0586487	0.243744
1910000	-28.98803	0	-28.98803	0.0481289	0.197665	0.163033	0.414012	0.238816	0.137437	1.77827	0.148974	2.41525
1920000	-27.34914	0	-27.34914	0.174445	0.266135	0.134745	0.564147	0.152335	0.0604659	0.640383	0.194808	0.135559
1930000	-25.33202	0	-25.33202	0.137712	0.219185	0.46631	0.414063	0.0739027	0.135918	0.914456	0.406847	0.588926
1940000	-31.26406	0	-31.26406	0.252984	0.0750394	0.326304	0.435448	0.0851707	0.126865	1.72694	0.63315	0.458434
1950000	-24.67939	0	-24.67939	0.0614158	0.162537	0.0949028	0.509301	0.0823289	0.115661	1.46892	0.59326	1.13839
1960000	-33.35207	0	-33.35207	0.370905	0.219319	0.569184	0.871778	0.15326	0.152937	0.516758	0.113295	0.242536
1970000	-25.84735	0	-25.84735	0.125379	0.236579	0.162164	0.248028	0.0964261	0.15998	1.18853	0.212952	0.033503
1980000	-26.53506	0	-26.53506	0.189762	0.174179	0.220555	0.516314	0.0809577	0.14505	2.79721	0.169573	0.196677
1990000	-39.06634	0	-39.06634	0.120378	0.200401	0.132373	0.756099	0.552855	0.0921858	0.552302	0.392535	0.883134
2000000	-34.48764	0	-34.48764	0.2333	0.168469	0.440221	0.503857	0.364058	0.124297	0.477418	0.170943	0.112086
2010000	-31.40812	0	-31.40812	0.154805	0.183405	0.255444	0.613652	0.0768895	0.0862283	1.79933	0.168412	0.0308826
2020000	-27.08356	0	-27.08356	0.228362	0.139935	0.392151	0.405105	0.102262	0.120115	2.29247	0.0815581	0.377196
2030000	-32.14733	0	-32.14733	0.211108	0.164883	0.39241	0.447812	0.128153	0.0562329	1.77918	0.297881	0.638905
2040000	-35.75156	0	-35.75156	0.123429	0.247325	0.14615	0.266346	0.226313	0.131199	0.445316	0.0522051	0.100731
2050000	-26.98118	0	-26.98118	0.115859	0.111765	0.333185	0.256322	0.133803	0.202951	2.81541	0.0315841	0.410675
2060000	-24.83651	0	-24.83651	0.145308	0.228158	0.225087	0.384338	0.159186	0.143701	1.07586	0.0859086	0.533152
2070000	-22.52945	0	-22.52945	0.193996	0.115603	0.165774	0.482818	0.118918	0.120041	0.835122	0.512475	0.593921
2080000	-25.18827	0	-25.18827	0.0646584	0.27204	0.389454	0.331445	0.0973019	0.140692	2.40431	0.361403	1.08272
2090000	-30.29592	0	-30.29592	0.0980417	0.332453	0.149166	0.341475	0.118424	0.0760891	0.98529	0.0585927	0.132897
2100000	-25.24026	0	-25.24026	0.397695	0.349954	0.176586	0.444644	0.0619028	0.225696	1.21129	0.283161	0.287577
2110000	-27.80927	0	-27.80927	0.180358	0.259047	0.498202	0.567413	0.15022	0.105439	0.283816	0.318267	1.28062
2120000	-32.37912	0	-32.37912	0.365553	0.0370304	0.0431496	0.517539	0.193558	0.238881	1.48339	0.313706	0.158515
2130000	-32.63004	0	-32.63004	0.0955859	0.157541	0.371563	0.445271	0.131519	0.167298	2.8051	0.562154	0.562478
2140000	-22.5748	0	-22.5748	0.151006	0.411637	0.211072	0.371006	0.0856439	0.13515	0.713546	0.46684	0.969404
2150000	-29.37385	0	-29.37385	0.0936769	0.188235	0.0951051	0.429106	0.207942	0.102962	1.40739	0.0411485	0.73663
2160000	-24.02614	0	-24.02614	0.262149	0.112843	0.243027	0.324741	0.115923	0.145959	0.472604	0.192635	0.932844
2170000	-28.98756	0	-28.98756	0.0702818	0.491248	0.46457	0.210325	0.0773393	0.225658	2.43347	0.134493	1.65394
2180000	-28.00994	0	-28.00994	0.171977	0.160206	0.47302	0.487579	0.0983816	0.0935012	1.15813	0.191616	0.703924
2190000	-35.98494	0	-35.98494	0.168291	0.182752	0.185511	0.35448	0.206232	0.173508	0.569185	0.0817003	0.0197037
2200000	-35.86113	0	-35.86113	0.141376	0.263079	0.260099	0.558653	0.0598855	0.0849932	0.510643	0.222124	0.0131993
2210000	-21.07156	0	-21.07156	0.433071	0.095243	0.087732	0.492982	0.153278	0.121789	1.29125	0.123582	0.855186
2220000	-24.47245	0	-24.47245	0.167099	0.090685	0.259452	0.382884	0.163385	0.204365	2.23037	0.450446	0.188611
2230000	-36.28588	0	-36.28588	0.293887	0.0843227	0.423226	0.415003	0.101574	0.185097	5.41032	0.0164597	0.186613
2240000	-25.42773	0	-25.42773	0.119152	0.251725	0.113663	0.44008	0.166642	0.097849	1.37386	0.535179	0.799928
2250000	-28.05626	0	-28.05626	0.167352	0.375557	0.370191	0.355913	0.171998	0.165153	1.04316	0.16247	1.46369
2260000	-35.68244	0	-35.68244	0.290514	0.0825437	0.162186	0.26567	0.207105	0.0755913	0.426189	0.162951	0.102181
2270000	-24.22916	0	-24.22916	0.16296	0.387388	0.18712	0.298892	0.113155	0.129218	0.493789	0.30311	0.280498
2280000	-31.87275	0	-31.87275	0.264536	0.0480098	0.267901	0.499776	0.172607	0.208295	1.99521	0.143753	0.13132
2290000	-23.27888	0	-23.27888	0.202645	0.272402	0.158154	0.746158	0.0855956	0.087293	1.5156	0.243149	0.666076
2300000	-26.11438	0	-26.11438	0.149717	0.122007	0.141494	0.609423	0.245508	0.116089	1.22912	0.0903348	2.77407
2310000	-26.18909	0	-26.18909	0.129726	0.107123	0.237154	0.376034	0.105963	0.14247	1.88431	0.298319	0.0885613
2320000	-22.31515	0	-22.31515	0.17197	0.156118	0.272265	0.324241	0.167812	0.194104	0.684293	0.177227	1.0134
2330000	-32.36189	0	-32.36189	0.330582	0.19223	0.445912	0.61689	0.0437261	0.131146	2.21651	0.0358627	0.320647
2340000	-27.77605	0	-27.77605	0.153249	0.219426	0.241169	0.507657	0.109702	0.226976	2.03045	0.52233	2.8898
2350000	-26.16035	0	-26.16035	0.305863	0.322298	0.392386	0.225644	0.135442	0.155716	0.452151	0.473983	1.27458
2360000	-31.74298	0	-31.74298	0.269575	0.14726	0.135674	0.431648	0.224834	0.165259	1.44677	0.4992	3.03547
2370000	-35.53729	0	-35.53729	0.436108	0.743599	0.247819	0.270042	0.27368	0.0725685	0.236503	0.0125631	0.218716
2380000	-36.47017	0	-36.47017	0.147651	0.131853	0.14202	0.326423	0.128818	0.0506895	1.07689	0.160662	0.0154673
2390000	-32.81247	0	-32.81247	0.226083	0.255489	0.157338	0.185228	0.0808851	0.126113	0.791436	0.170252	0.24459
2400000	-24.01665	0	-24.01665	0.14282	0.220007	0.377645	0.419265	0.147583	0.112556	0.95721	0.235829	0.406864
2410000	-28.6218	0	-28.6218	0.348875	0.134811	0.300925	0.491174	0.124206	0.124802	0.697134	1.3441	1.26089
2420000	-27.86798	0	-27.86798	0.0520598	0.112688	0.180644	0.618784	0.164131	0.128385	0.853939	0.405736	0.913239
2430000	-29.61628	0	-29.61628	0.290952	0.328572	0.165402	0.938638	0.175403	0.142915	0.725922	0.233686	0.156895
2440000	-28.43438	0	-28.43438	0.112988	0.0474044	0.295393	0.34622	0.172516	0.173215	2.20775	0.390732	0.153184
2450000	-41.18682	0	-41.18682	0.0671679	0.130061	0.102685	0.620826	0.256876	0.13281	1.7275	0.245285	0.0164932
2460000	-22.07625	0	-22.07625	0.573208	0.121309	0.382384	0.680836	0.0833608	0.137828	0.699305	0.696942	0.231279
2470000	-22.76585	0	-22.76585	0.146555	0.161537	0.10485	0.213712	0.0886299	0.0981215	0.702878	0.180517	0.54834
2480000	-30.1338	0	-30.1338	0.575111	0.0611655	0.138884	0.824401	0.121122	0.178218	0.708365	0.13152	0.424557
2490000	-26.78146	0	-26.78146	0.164171	0.295817	0.0548379	0.197223	0.0969634	0.0661316	0.604265	0.226411	0.342894
2500000	-29.07175	0	-29.07175	0.0534967	0.161971	0.241491	0.383621	0.0489105	0.353872	1.407	0.130389	0.924322
2510000	-25.56778	0	-25.56778	0.102267	0.462632	0.148345	0.48672	0.0753205	0.0800095	1.1679	0.284949	0.331261
2520000	-27.16962	0	-27.16962	0.285041	0.111662	0.141838	0.286771	0.221068	0.0990965	1.49111	0.435478	3.89834
2530000	-27.49008	0	-27.49008	0.188049	0.0947515	0.119809	0.531379	0.147505	0.0659508	1.06777	0.188248	0.0963056
2540000	-23.09781	0	-23.09781	0.259223	0.248134	0.111815	0.420708	0.202555	0.110823	0.683617	0.215044	0.29387
2550000	-26.14184	0	-26.14184	0.0701639	0.0945233	0.256865	0.229218	0.0633697	0.0996785	1.99042	0.22437	0.182173
2560000	-28.85789	0	-28.85789	0.191555	0.263097	0.249591	0.458687	0.313185	0.110208	0.835687	0.115716	3.99901
2570000	-30.14737	0	-30.14737	0.190672	0.158876	0.198955	0.805333	0.0595176	0.100042	0.534658	0.188728	0.0474276
2580000	-28.90414	0	-28.90414	0.271903	0.0948802	0.152485	0.425862	0.155159	0.152061	1.05484	0.139493	0.266194
2590000	-31.82017	0	-31.82017	0.147756	0.154914	0.37269	0.553358	0.169295	0.0633845	2.22076	0.0177442	0.421634
2600000	-32.28308	0	-32.28308	0.180506	0.0720388	0.227834	0.558472	0.155627	0.0740504	0.673151	0.268251	0.478258
2610000	-27.19925	0	-27.19925	0.440086	0.215197	0.170554	0.345123	0.0883623	0.0716873	2.64887	0.27903	0.63909
2620000	-23.99822	0	-23.99822	0.0845926	0.393371	0.255549	0.546264	0.0658193	0.0899568	0.449511	0.105296	0.902918
2630000	-28.33643	0	-28.33643	0.218259	0.392493	0.112383	0.386782	0.0835446	0.0876003	0.928164	0.389765	0.231047
2640000	-24.97918	0	-24.97918	0.111122	0.142027	0.577682	0.497687	0.117719	0.110928	2.24273	0.20768	1.00419
2650000	-31.13137	0	-31.13137	0.0945025	0.312578	0.34707	0.235466	0.0934049	0.160418	0.683291	0.0729952	0.0226773
2660000	-29.59106	0	-29.59106	0.276579	0.139539	0.136391	0.547845	0.113853	0.147472	2.33511	0.151742	0.628476
2670000	-27.79245	0	-27.79245	0.188494	0.199021	0.164152	0.779729	0.0977633	0.100205	1.94336	0.322573	0.323784
2680000	-25.27577	0	-25.27577	0.351343	0.125591	0.143323	1.00178	0.112938	0.131134	0.632632	0.181145	0.376639
2690000	-54.54972	0	-54.54972	0.495931	0.382	0.11788	0.642328	0.099854	0.119938	0.978955	0.0376321	0.00589661
2700000	-31.60161	0	-31.60161	0.21726	0.418083	0.188539	0.717564	0.253316	0.14735	0.411878	0.171677	0.691167
2710000	-25.76457	0	-25.76457	0.204896	0.377016	0.154143	0.439328	0.0908054	0.159616	0.350108	0.460168	0.806271
2720000	-25.97539	0	-25.97539	0.276375	0.0402882	0.540512	0.38362	0.0768523	0.08164	0.691121	0.0871328	1.68253
2730000	-30.95614	0	-30.95614	0.358475	0.167788	0.138842	0.34053	0.19666	0.0958097	0.510945	0.122986	0.0307157
2740000	-31.73423	0	-31.73423	0.179684	0.163083	0.11842	0.309132	0.151531	0.20029	3.01532	0.2203	0.157228
2750000	-24.11847	0	-24.11847	0.420062	0.109536	0.0991159	0.57712	0.0972621	0.07834	0.395176	0.0788838	1.14582
2760000	-33.46649	0	-33.46649	0.221063	0.0476893	0.0727756	0.306969	0.107565	0.110334	1.57059	0.354479	0.0695355
2770000	-26.2834	0	-26.2834	0.0826499	0.154663	0.0893209	0.43875	0.173341	0.0796538	0.869768	0.181522	0.51387
2780000	-28.51294	0	-28.51294	0.160287	0.194266	0.102409	0.567821	0.119314	0.0816356	1.26816	0.146177	0.0781295
2790000	-31.45324	0	-31.45324	0.635063	0.0675397	0.325266	0.801774	0.085488	0.0913373	0.585314	0.598528	1.26294
2800000	-28.64299	0	-28.64299	0.234123	0.197609	0.31884	0.312657	0.140993	0.0899919	1.17928	0.238725	0.174657
2810000	-27.97828	0	-27.97828	0.0926657	0.0772755	0.160896	0.500281	0.0725762	0.198986	0.735895	0.0741038	0.101662
2820000	-29.24872	0	-29.24872	0.101197	0.186988	0.188821	0.361748	0.0360297	0.136999	0.936364	0.637445	1.08115
2830000	-24.28725	0	-24.28725	0.176704	0.157631	0.160533	0.345228	0.072938	0.20503	1.03801	0.332505	0.348932
2840000	-28.82547	0	-28.82547	0.145062	0.151916	0.254939	0.516614	0.241593	0.095662	1.81449	0.0261786	0.122385
2850000	-24.11049	0	-24.11049	0.293331	0.239702	0.222248	0.41504	0.0704386	0.23385	1.29202	1.5467	1.38645
2860000	-30.95392	0	-30.95392	0.170568	0.35569	0.19017	0.876218	0.0563078	0.1126	1.01137	0.320713	0.0742585
2870000	-30.73819	0	-30.73819	0.222363	0.0872629	0.572085	0.321082	0.121685	0.144492	0.551458	0.134493	0.441585
2880000	-27.65154	0	-27.65154	0.124774	0.397669	0.139314	0.2829	0.0338246	0.11515	1.45161	0.349637	0.25158
2890000	-27.63716	0	-27.63716	0.115048	0.42808	0.211185	0.429168	0.169647	0.196167	1.36972	0.0187524	0.378849
2900000	-26.35766	0	-26.35766	0.205562	0.121378	0.304464	0.328899	0.0371566	0.146953	0.711746	0.351596	0.510123
2910000	-24.99662	0	-24.99662	0.218091	0.228742	0.216985	0.430465	0.172764	0.114877	0.747889	0.233769	0.203913
2920000	-26.56722	0	-26.56722	0.149361	0.24972	0.157467	0.281131	0.0762066	0.0790375	0.905801	0.0456112	0.528802
2930000	-31.70916	0	-31.70916	0.348246	0.197594	0.255391	0.421004	0.354904	0.180917	2.23808	0.330644	0.298468
2940000	-26.40498	0	-26.40498	0.0943436	0.341358	0.346277	0.349049	0.185085	0.184899	0.65411	0.0665464	0.850516
2950000	-25.6583	0	-25.6583	0.0694082	0.29852	0.166844	0.242297	0.1004	0.121479	0.448632	0.0777519	0.750017
2960000	-30.31064	0	-30.31064	0.144144	0.271925	0.21065	0.607122	0.0984728	0.0814234	0.950203	0.219454	0.143821
2970000	-32.43415	0	-32.43415	0.347808	0.115215	0.283052	0.446835	0.185007	0.123563	0.458758	0.200705	1.7853
2980000	-24.01944	0	-24.01944	0.403432	0.140452	0.155103	0.835939	0.138679	0.113523	1.5261	2.30431	1.21518
2990000	-29.86112	0	-29.86112	0.294676	0.166514	0.217886	0.638936	0.110219	0.12	0.916054	0.194138	0.222353
3000000	-24.98832	0	-24.98832	0.162003	0.139808	0.0844833	0.563731	0.174385	0.0870215	0.92156	0.116937	0.492683
3010000	-32.17185	0	-32.17185	0.331069	0.231972	0.265558	0.566718	0.0535991	0.120116	0.397713	0.351226	0.181814
3020000	-27.95262	0	-27.95262	0.224039	0.125852	0.188087	0.319097	0.0460286	0.0854933	0.676397	0.0515973	0.42075
3030000	-33.03541	0	-33.03541	0.0329769	0.157773	0.221314	0.733632	0.1026	0.0749715	0.825584	0.185104	0.122634
3040000	-29.28195	0	-29.28195	0.0808891	0.220842	0.236714	0.523313	0.0520107	0.104015	0.688102	0.0748885	0.0604551
3050000	-30.07268	0	-30.07268	0.147303	0.138387	0.557059	0.645416	0.115109	0.177499	0.723969	0.111198	0.927496
3060000	-33.64894	0	-33.64894	0.219215	0.274189	0.120652	0.60844	0.078191	0.0771758	0.94314	0.101991	0.158847
3070000	-27.78258	0	-27.78258	0.460835	0.24609	0.206744	0.53742	0.108069	0.102232	0.398879	0.0587175	0.314451
3080000	-25.84231	0	-25.84231	0.157592	0.213226	0.18362	0.568293	0.147916	0.055546	2.46912	0.187582	0.642533
3090000	-23.17586	0	-23.17586	0.26384	0.13726	0.283679	0.320919	0.271153	0.0890711	1.66367	0.510858	1.90776
3100000	-27.28288	0	-27.28288	0.324487	0.264083	0.11052	0.37939	0.0843742	0.125255	0.364183	0.0899665	0.84377
3110000	-26.5699	0	-26.5699	0.257266	0.110748	0.145535	0.324703	0.121469	0.116164	1.48691	0.360548	0.272595
3120000	-35.0731	0	-35.0731	0.226988	0.413709	0.266462	0.803829	0.288147	0.117479	1.00062	0.15697	0.0241895
3130000	-29.99781	0	-29.99781	0.287577	0.336703	0.250661	0.374518	0.119617	0.150013	1.23247	0.15272	0.951316
3140000	-26.91603	0	-26.91603	0.184038	0.346336	0.196153	0.465637	0.095241	0.124705	2.08345	0.240504	2.84367
3150000	-31.95467	0	-31.95467	0.122013	0.186555	0.201631	0.438243	0.0898244	0.180781	0.524268	0.033524	0.136343
3160000	-26.75735	0	-26.75735	0.20629	0.221521	0.103246	0.332606	0.1004	0.0683152	1.72303	0.0652272	0.295101
3170000	-29.70347	0	-29.70347	0.161796	0.138073	0.536797	0.518621	0.0895515	0.203429	0.640891	0.48314	0.903428
3180000	-24.54593	0	-24.54593	0.181108	0.176833	0.168399	0.648531	0.0852663	0.17236	1.22576	0.0807351	0.473623
3190000	-28.21403	0	-28.21403	0.0505652	0.276943	0.142631	0.246713	0.222178	0.0595678	1.10449	0.333383	0.971624
3200000	-29.64783	0	-29.64783	0.174795	0.152731	0.302581	0.313903	0.101675	0.243356	2.84032	0.0470821	0.92185
3210000	-26.02351	0	-26.02351	0.151159	0.248727	0.242155	0.707284	0.0931176	0.179428	1.6252	0.159446	0.0348165
3220000	-23.61215	0	-23.61215	0.301394	0.120619	0.0841392	0.388561	0.0743383	0.151047	1.04598	1.08189	0.88811
3230000	-35.44359	0	-35.44359	0.132487	0.0509758	0.273711	0.760813	0.101093	0.0710926	0.390433	0.0582482	0.0311019
3240000	-28.89325	0	-28.89325	0.525172	0.248109	0.362792	0.369377	0.0728237	0.137139	0.632201	0.141389	0.758758
3250000	-28.56344	0	-28.56344	0.190935	0.124106	0.195136	0.453624	0.100798	0.0509427	1.21724	0.140695	0.416064
3260000	-27.85914	0	-27.85914	0.116484	0.210522	0.353621	0.515105	0.0521598	0.128971	0.464713	0.040131	0.883202
3270000	-30.20806	0	-30.20806	0.314162	0.074791	0.208154	0.693945	0.181168	0.16926	2.25095	0.191843	0.0528765
3280000	-26.8721	0	-26.8721	0.120671	0.226146	0.0882504	0.464086	0.227752	0.1054	1.11273	0.384136	0.537293
3290000	-27.61088	0	-27.61088	0.0910125	0.181295	0.120078	0.234654	0.16304	0.172182	1.3165	0.247441	2.84472
3300000	-27.17431	0	-27.17431	0.333064	0.233351	0.142984	0.147738	0.0905746	0.107337	1.05524	0.156622	1.09567
3310000	-27.96617	0	-27.96617	0.114636	0.221848	0.316504	0.374823	0.0622866	0.0697191	0.532038	0.382614	0.518697
3320000	-27.41709	0	-27.41709	0.238882	0.183899	0.190028	0.526098	0.194909	0.0933047	1.19744	0.442028	0.509724
3330000	-25.19462	0	-25.19462	0.255551	0.169551	0.232565	0.270448	0.164243	0.157823	0.454019	0.303947	0.743205
3340000	-24.32694	0	-24.32694	0.258801	0.140576	0.204905	0.335399	0.0766148	0.126103	0.556871	0.074288	1.15085
3350000	-26.29738	0	-26.29738	0.107299	0.120525	0.203188	0.585212	0.0728006	0.0748579	2.81683	0.312262	0.423154
3360000	-34.53347	0	-34.53347	0.637252	0.186935	0.307878	0.358243	0.357085	0.127824	0.344657	0.751384	1.08483
3370000	-31.51653	0	-31.51653	0.36213	0.0891776	0.177922	0.333668	0.153198	0.0587102	2.22902	0.139421	0.0638203
3380000	-23.83812	0	-23.83812	0.211514	0.262866	0.142919	0.285036	0.164426	0.2144	1.23873	1.35354	1.47593
3390000	-24.72981	0	-24.72981	0.19436	0.236909	0.203788	0.428489	0.171037	0.107308	1.00015	0.0545453	1.50809
3400000	-24.35499	0	-24.35499	0.129041	0.196381	0.133822	0.266969	0.116271	0.220741	1.06231	0.113505	1.13502
3410000	-32.29259	0	-32.29259	0.582526	0.169919	0.105714	0.861948	0.136794	0.115723	1.10579	0.234637	2.66256
3420000	-39.26779	0	-39.26779	0.0883422	0.126518	0.124972	0.6623	0.145098	0.162931	2.62253	0.0342165	0.306459
3430000	-25.40527	0	-25.40527	0.233365	0.151369	0.20396	0.721551	0.0803341	0.116645	1.56678	0.242428	0.470539
3440000	-28.66078	0	-28.66078	0.131901	0.30031	0.0893862	0.264536	0.206965	0.141118	2.21546	0.224488	0.0482655
3450000	-23.38561	0	-23.38561	0.108016	0.345029	0.260405	0.343333	0.0572388	0.131217	1.85498	0.113815	0.707395
3460000	-22.514	0	-22.514	0.237332	0.126205	0.123263	0.317309	0.145269	0.0900838	1.41707	0.315977	0.222639
3470000	-31.10754	0	-31.10754	0.0734056	0.142019	0.138544	0.743643	0.142026	0.2309	0.560442	0.227781	0.286315
3480000	-32.67744	0	-32.67744	0.283541	0.588357	0.0672742	0.241594	0.239848	0.0486717	1.03573	0.430217	0.703242
3490000	-26.00681	0	-26.00681	0.149648	0.362161	0.203659	0.192377	0.150969	0.162432	1.69749	0.0939895	0.283506
3500000	-26.19784	0	-26.19784	0.13918	0.569468	0.158542	0.426037	0.0960173	0.06445	1.14774	0.286536	0.151705
3510000	-31.81556	0	-31.81556	0.0798188	0.10894	0.151858	0.388675	0.0658582	0.0963945	1.17792	0.0520283	0.0232141
3520000	-29.20383	0	-29.20383	0.119558	0.111566	0.168519	0.26448	0.224506	0.149754	1.0291	0.163515	0.558219
3530000	-26.46489	0	-26.46489	0.135037	0.50732	0.214585	0.620627	0.162456	0.0859963	0.492608	0.139421	3.5794
3540000	-25.65305	0	-25.65305	0.139056	0.17977	0.143107	0.502698	0.118044	0.266022	0.811879	0.46408	0.208726
3550000	-23.14445	0	-23.14445	0.274565	0.225982	0.165446	0.47905	0.0711724	0.125125	0.735344	1.3281	0.567157
3560000	-28.81762	0	-28.81762	0.0263588	0.176123	0.0705319	0.980211	0.100673	0.165366	1.13379	0.30445	1.02468
3570000	-27.67415	0	-27.67415	0.086517	0.488699	0.179899	0.606047	0.0785877	0.0954059	0.490777	0.0394108	0.679201
3580000	-26.81238	0	-26.81238	0.260131	0.076015	0.226753	0.390074	0.0974124	0.136693	0.912393	0.10892	0.927397
3590000	-32.00949	0	-32.00949	0.432718	0.205457	0.419977	0.322471	0.078161	0.282841	0.493152	0.141442	0.1084
3600000	-25.6255	0	-25.6255	0.139027	0.128587	0.377178	0.586264	0.0921632	0.161212	1.59995	0.174869	1.00204
3610000	-30.46846	0	-30.46846	0.256825	0.244494	0.122583	0.881186	0.251772	0.349667	0.935574	0.0995435	2.21361
3620000	-29.95506	0	-29.95506	0.214353	0.863531	0.138104	0.645354	0.235765	0.0629209	0.860471	0.083476	0.299745
3630000	-27.38435	0	-27.38435	0.204077	0.24176	0.115268	0.469328	0.0974559	0.150687	2.19413	0.300088	0.774759
3640000	-25.89401	0	-25.89401	0.184505	0.126772	0.134018	0.316949	0.0992264	0.141722	1.3958	0.246619	0.549283
3650000	-28.38819	0	-28.38819	0.247799	0.208449	0.138973	0.630623	0.167294	0.251415	0.862904	0.283575	1.01614
3660000	-25.3379	0	-25.3379	0.182803	0.13675	0.100334	0.40031	0.0806621	0.137756	0.817527	1.9764	1.13445
3670000	-27.98423	0	-27.98423	0.181898	0.441869	0.0826239	0.415521	0.0591799	0.140437	0.266295	0.0817561	0.457102
3680000	-27.27092	0	-27.27092	0.217081	0.1753	0.241051	0.525976	0.166456	0.170283	2.73598	0.121806	0.408543
3690000	-27.56691	0	-27.56691	0.157388	0.10944	0.0998191	0.498185	0.151132	0.289267	2.63887	0.60094	1.50471
3700000	-30.80443	0	-30.80443	0.0531936	0.163249	0.153152	0.396097	0.0486557	0.146944	0.13786	0.116438	0.26031
3710000	-26.54782	0	-26.54782	0.213715	0.287102	0.255955	0.35119	0.190096	0.0742544	1.81904	0.305206	0.0741689
3720000	-29.81239	0	-29.81239	0.0808562	0.280189	0.493097	0.3462	0.138357	0.205536	1.37803	0.271795	0.414114
3730000	-27.88093	0	-27.88093	0.199277	0.269987	0.111761	0.275589	0.0423984	0.24675	2.69903	0.0608223	1.79281
3740000	-29.04727	0	-29.04727	0.125988	0.131667	0.141145	0.209893	0.178129	0.100506	0.661466	0.306927	2.7327
3750000	-26.48038	0	-26.48038	0.263695	0.344238	0.138086	0.502227	0.236734	0.104886	2.14666	0.189071	2.12517
3760000	-30.7491	0	-30.7491	0.0909995	0.17217	0.133474	0.475556	0.0401973	0.201247	1.24052	0.330214	0.775963
3770000	-34.90136	0	-34.90136	0.137786	0.197288	0.182982	0.800281	0.0826474	0.101881	0.342752	0.111652	0.00768404
3780000	-35.42274	0	-35.42274	0.257544	0.0936976	0.284707	0.956693	0.071336	0.139279	0.815994	0.0767052	0.138109
3790000	-27.56232	0	-27.56232	0.154565	0.104041	0.141154	0.412083	0.106369	0.160234	1.74063	0.0772228	1.27311
3800000	-28.42853	0	-28.42853	0.770928	0.124549	0.113079	0.543816	0.102017	0.094149	0.695382	0.502436	0.588217
3810000	-23.72347	0	-23.72347	0.0824552	0.287438	0.202723	0.354438	0.0608897	0.131164	0.848329	0.163064	0.505547
3820000	-30.88615	0	-30.88615	0.114613	0.211782	0.17554	0.370982	0.0488732	0.0498517	0.591546	0.112727	0.505838
3830000	-26.33246	0	-26.33246	0.401792	0.295607	0.125397	0.246228	0.0670723	0.251494	1.28834	0.395973	1.66593
3840000	-23.9296	0	-23.9296	0.331378	0.140911	0.242861	0.906199	0.0797035	0.199481	1.16323	0.0879283	1.01251
3850000	-30.04668	0	-30.04668	0.147159	0.165068	0.0701252	0.342129	0.0892744	0.114118	1.93029	0.200165	6.29611
3860000	-27.76587	0	-27.76587	0.203851	0.0937137	0.121428	0.444531	0.101035	0.117956	3.24606	0.403039	0.952343
3870000	-24.32812	0	-24.32812	0.301476	0.0954572	0.151936	0.674477	0.142658	0.205945	1.85994	3.42461	0.462072
3880000	-28.76484	0	-28.76484	0.125836	0.347402	0.0972064	0.320692	0.120023	0.0740335	0.988263	0.291637	0.504869
3890000	-27.11706	0	-27.11706	0.10315	0.215419	0.138102	0.497864	0.0979564	0.0886111	1.24307	0.246642	0.124925
3900000	-39.59173	0	-39.59173	1.00231	0.248991	0.0939872	0.706682	0.112245	0.106721	0.862222	0.653016	0.106152
3910000	-25.49883	0	-25.49883	0.238043	0.199294	0.386924	0.379861	0.0750835	0.137159	2.23791	0.28886	1.24189
3920000	-33.78547	0	-33.78547	0.244451	0.139074	0.329006	0.762364	0.122603	0.0939529	0.752874	0.0821609	0.086235
3930000	-25.35937	0	-25.35937	0.192283	0.372078	0.146977	0.53809	0.200665	0.105241	1.20242	0.196424	0.412536
3940000	-28.65304	0	-28.65304	0.10386	0.316906	0.185966	0.450597	0.152786	0.30897	1.25757	0.399722	0.259655
3950000	-24.02373	0	-24.02373	0.0779797	0.246442	0.158765	0.316531	0.0696246	0.230909	2.04844	0.185827	0.803824
3960000	-28.56542	0	-28.56542	0.330399	0.346918	0.216322	0.622953	0.0949105	0.105556	0.823287	0.213359	0.18359
3970000	-33.63199	0	-33.63199	0.243769	0.354461	0.141557	1.48001	0.0778229	0.0531922	0.787976	0.0852686	0.458719
3980000	-23.42852	0	-23.42852	0.105328	0.221695	0.290033	0.447638	0.115702	0.062625	1.11558	0.19614	0.285455
3990000	-29.13695	0	-29.13695	0.0697492	0.0942634	0.22531	0.373057	0.0825785	0.105265	1.49781	0.19109	0.125115
4000000	-26.43186	0	-26.43186	0.252503	0.287424	0.128295	0.287669	0.104701	0.10842	0.671191	0.185969	0.107584
4010000	-40.31526	0	-40.31526	0.0766091	0.16377	0.105985	0.587018	0.117883	0.12931	0.461691	0.3243	0.0092908
4020000	-36.93954	0	-36.93954	0.0865186	0.0677943	0.232349	0.543034	0.112186	0.0779036	0.619151	0.0268871	0.018972
4030000	-23.58953	0	-23.58953	0.0627835	0.214274	0.205611	0.343312	0.0797141	0.220741	1.39692	0.216348	0.858838
4040000	-37.00823	0	-37.00823	0.077929	0.159145	0.131326	0.369686	0.192001	0.352021	1.90859	0.487418	0.391299
4050000	-32.17299	0	-32.17299	0.101325	0.0619106	0.386945	0.511869	0.0831537	0.204084	1.63139	0.121029	0.0865874
4060000	-35.1318	0	-35.1318	0.204217	0.233258	0.109336	0.544777	0.13994	0.0805592	0.80976	0.307033	0.0178725
4070000	-26.72871	0	-26.72871	0.136391	0.244969	0.135396	0.656681	0.0648062	0.15301	2.19594	0.451495	0.765381
4080000	-29.12453	0	-29.12453	0.222471	0.171782	0.10246	0.450791	0.0732385	0.162239	4.33576	0.191997	0.358735
4090000	-29.85587	0	-29.85587	0.0686913	0.269485	0.272227	0.541561	0.144309	0.128173	1.70289	0.0961033	0.224797
4100000	-31.46996	0	-31.46996	0.158093	0.123929	0.166293	0.298516	0.112358	0.100082	1.08974	0.292072	0.0348477
4110000	-29.92098	0	-29.92098	0.305125	0.0447562	0.268099	0.429809	0.0695407	0.129572	0.849305	0.221028	0.139357
4120000	-27.37701	0	-27.37701	0.161239	0.18531	0.347033	0.423959	0.104927	0.139939	0.714119	0.153406	0.307971
4130000	-25.49635	0	-25.49635	0.136259	0.266948	0.0997246	0.720142	0.0876604	0.201556	1.22918	0.886283	0.762142
4140000	-38.68981	0	-38.68981	0.107222	0.258218	0.0882173	0.580854	0.138533	0.0985932	1.15489	0.159246	0.0945762
4150000	-26.92128	0	-26.92128	0.131287	0.37509	0.141207	0.361796	0.106838	0.148029	0.328788	0.106004	0.650235
4160000	-31.08342	0	-31.08342	0.220283	0.18815	0.128657	0.585406	0.0631536	0.422868	2.96946	0.297708	0.684463
4170000	-25.60887	0	-25.60887	0.0711674	0.22879	0.345646	0.378067	0.140208	0.155427	1.77232	0.215326	0.122563
4180000	-27.23127	0	-27.23127	0.189197	0.190779	0.159514	0.572858	0.0898061	0.100714	1.28297	0.0794803	0.739169
4190000	-28.1126	0	-28.1126	1.0812	0.0591778	0.137971	0.240533	0.0832129	0.0927498	0.338464	4.70486	0.2041
4200000	-25.98851	0	-25.98851	0.179831	0.245889	0.288874	0.257013	0.0519842	0.181307	1.40193	0.652312	0.492028
4210000	-28.18255	0	-28.18255	0.154901	0.177742	0.0911173	0.365395	0.0583258	0.138572	1.96451	0.336087	0.316589
4220000	-31.53956	0	-31.53956	0.363991	0.145614	0.12443	0.410237	0.0798615	0.0492052	0.152122	0.0234001	0.126592
4230000	-35.95713	0	-35.95713	0.151588	0.0947221	0.127272	0.218396	0.171324	0.0961357	2.36181	0.196462	0.0767505
4240000	-24.54918	0	-24.54918	0.241482	0.213639	0.162534	0.184918	0.10357	0.177157	0.866321	0.441869	0.347264
4250000	-35.40003	0	-35.40003	0.0535115	0.361868	0.256794	0.265623	0.045053	0.182526	1.27157	0.221635	0.286832
4260000	-34.81911	0	-34.81911	0.146113	0.148892	0.134623	0.401849	0.0565704	0.072673	0.23001	0.344616	0.194429
4270000	-33.74817	0	-33.74817	0.0737208	0.171096	0.142353	0.489335	0.147201	0.158324	3.04654	0.362421	0.278617
4280000	-34.86615	0	-34.86615	0.118071	0.173448	0.227022	0.518907	0.0669329	0.146095	0.216606	0.15097	0.0394007
4290000	-29.04004	0	-29.04004	0.0794213	0.132344	0.133158	0.7562	0.0649106	0.178984	0.619615	0.0235732	0.0985196
4300000	-28.0685	0	-28.0685	0.168997	0.0895465	0.216219	0.37504	0.28978	0.183746	0.923401	0.0624614	0.44849
4310000	-27.51537	0	-27.51537	0.225503	0.178782	0.171209	0.49657	0.131377	0.125537	0.963209	0.643691	0.0478197
4320000	-25.46483	0	-25.46483	0.246126	0.478572	0.128468	0.850203	0.138426	0.113892	1.27492	0.408151	0.352036
4330000	-30.77841	0	-30.77841	0.168745	0.186446	0.403742	0.473736	0.150747	0.141614	0.597767	0.253015	0.493342
4340000	-28.89128	0	-28.89128	0.437762	0.141319	0.295671	0.469481	0.151615	0.115579	0.461653	0.0644012	0.278648
4350000	-36.69588	0	-36.69588	0.161318	0.166075	0.13962	0.333048	0.18177	0.101091	1.81107	0.0585724	0.0157088
4360000	-29.5386	0	-29.5386	0.191088	0.973987	0.171526	0.365531	0.111032	0.063183	1.03153	0.312986	0.436306
4370000	-31.40028	0	-31.40028	0.0647121	0.0830585	0.321526	0.319449	0.0810361	0.0734332	1.3892	0.2338	0.242999
4380000	-33.76769	0	-33.76769	0.132703	0.16021	0.10469	0.518446	0.237155	0.117883	0.436597	0.338504	0.168275
4390000	-25.72623	0	-25.72623	0.218538	0.0689153	0.309955	0.428996	0.0770509	0.125869	0.905313	0.227851	0.119605
4400000	-35.76949	0	-35.76949	0.460156	0.0930395	0.206368	0.630762	0.0895466	0.239014	3.0636	0.252559	0.429192
4410000	-33.4794	0	-33.4794	0.0848746	0.251742	0.335186	0.450433	0.266399	0.0400569	0.696203	0.17932	0.124758
4420000	-24.7335	0	-24.7335	0.15719	0.197121	0.138952	0.431719	0.0594561	0.104809	0.778689	0.0807627	0.349916
4430000	-29.87126	0	-29.87126	0.15131	0.102716	0.183884	0.286667	0.191693	0.0600529	1.27781	0.329373	0.168934
4440000	-30.38816	0	-30.38816	0.258767	0.203934	0.24622	0.452297	0.125728	0.249297	1.26796	0.368335	0.140298
4450000	-26.22994	0	-26.22994	0.194909	0.122618	0.146762	0.637252	0.135194	0.0868314	0.733122	0.439803	0.349231
4460000	-30.71285	0	-30.71285	0.187514	0.280378	0.189429	0.219973	0.071166	0.173662	0.613667	0.22383	0.115904
4470000	-25.73311	0	-25.73311	0.167087	0.227586	0.0819749	0.569862	0.0651791	0.0661984	5.10315	0.321428	0.402652
4480000	-28.08991	0	-28.08991	0.244976	0.190993	0.10494	0.649877	0.1339	0.0835061	0.647052	0.0833351	0.172252
4490000	-23.22686	0	-23.22686	0.240216	0.0963425	0.169761	0.334228	0.087815	0.0999982	1.42291	0.588808	0.38675
4500000	-33.64986	0	-33.64986	0.0431445	0.0912143	0.390417	0.481931	0.174966	0.149426	1.03736	0.245113	0.42364
4510000	-34.01162	0	-34.01162	0.243221	0.0895925	0.229669	0.883775	0.100448	0.147054	0.28619	0.074246	0.0175666
4520000	-26.10604	0	-26.10604	0.211585	0.150854	0.285062	0.141123	0.0955669	0.142369	0.269441	0.52938	0.336659
4530000	-29.0475	0	-29.0475	0.707223	0.0912088	0.156903	0.557707	0.0948986	0.0779351	3.40274	0.594145	0.172129
4540000	-32.21115	0	-32.21115	0.125078	0.121783	0.284329	0.581458	0.15186	0.155361	1.71881	0.202317	0.0943555
4550000	-31.33609	0	-31.33609	0.213939	0.385235	0.238806	0.428068	0.125591	0.440847	0.587576	0.275863	0.394459
4560000	-32.19433	0	-32.19433	0.347871	0.148382	0.352377	0.37724	0.0974211	0.231268	1.39203	0.0538875	0.430378
4570000	-38.67193	0	-38.67193	0.0942062	0.0476612	0.200919	0.386525	0.239925	0.0958994	2.18487	0.0784957	0.0412464
4580000	-36.35392	0	-36.35392	0.203408	0.214172	0.155099	0.729893	0.0950046	0.175741	1.62699	0.0569152	0.0304236
4590000	-25.95082	0	-25.95082	0.133928	0.137334	0.19178	0.456777	0.0938222	0.113082	1.51308	0.234675	0.0379842
4600000	-31.46065	0	-31.46065	0.209233	0.151988	0.123083	0.607991	0.0794099	0.164605	0.663206	0.433354	0.0381734
4610000	-27.36063	0	-27.36063	0.131961	0.171336	0.185105	0.3717	0.0984274	0.205231	1.0346	0.0727319	0.0974325
4620000	-30.84103	0	-30.84103	0.136635	0.0955243	0.19296	0.367114	0.24482	0.0775302	1.53229	0.0506527	0.0497405
4630000	-25.8117	0	-25.8117	0.134282	0.238162	0.138434	0.457294	0.0697656	0.134209	0.541804	0.366781	0.398744
4640000	-27.1321	0	-27.1321	0.143253	0.170925	0.148678	0.36697	0.136239	0.154072	1.04649	0.0574279	0.411569
4650000	-27.42297	0	-27.42297	0.320486	0.179653	0.202862	0.817626	0.056662	0.104956	0.827374	0.468274	0.369623
4660000	-32.0398	0	-32.0398	0.0913336	0.132647	0.34444	0.190356	0.168093	0.144065	0.991878	0.148084	0.0554093
4670000	-35.15212	0	-35.15212	0.475758	0.051901	0.344959	0.503434	0.0949539	0.191959	1.12175	0.0437318	0.081237
4680000	-26.38446	0	-26.38446	0.176685	0.10122	0.271029	0.330632	0.116584	0.131392	2.41938	0.464691	0.220712
4690000	-32.77324	0	-32.77324	0.239289	0.148158	0.103108	0.634136	0.0575099	0.0925808	0.769458	0.330199	0.0773568
4700000	-30.74723	0	-30.74723	0.568476	0.215791	0.311073	0.532189	0.110948	0.221282	1.33656	0.62152	0.352116
4710000	-32.29678	0	-32.29678	0.282921	0.269093	0.398002	0.582819	0.177314	0.135012	0.795285	0.198998	0.185735
4720000	-31.92029	0	-31.92029	0.130384	0.221717	0.301826	0.500355	0.285654	0.164321	0.276843	0.273242	0.398985
4730000	-28.90909	0	-28.90909	0.180187	0.121165	0.221613	0.375718	0.109836	0.125079	0.752386	0.361387	0.139979
4740000	-28.68134	0	-28.68134	0.184646	0.260151	0.109765	0.364904	0.0604981	0.165015	0.483419	0.333194	0.169261
4750000	-30.93693	0	-30.93693	0.11054	0.175176	0.290579	0.646243	0.0593389	0.0441293	1.26847	0.0879138	0.225269
4760000	-31.36071	0	-31.36071	0.132111	0.151493	0.179572	0.401342	0.0851565	0.120636	1.55649	0.0714373	0.122476
4770000	-33.58909	0	-33.58909	0.305892	0.123919	0.0716653	0.42812	0.0861791	0.0822887	2.36495	0.107208	0.435572
4780000	-27.34767	0	-27.34767	0.238676	0.36468	0.124649	0.344956	0.10113	0.0728901	1.37507	0.146706	0.225826
4790000	-35.74497	0	-35.74497	0.115437	0.0848782	0.213484	0.352763	0.0788174	0.0511588	0.815674	0.0115403	0.108441
4800000	-26.79851	0	-26.79851	0.165945	0.212276	0.167138	0.266559	0.148443	0.102065	1.97648	0.544622	0.0729676
4810000	-29.36493	0	-29.36493	0.185222	0.135202	0.24502	0.249634	0.202413	0.0871222	1.08244	0.481457	0.0987973
4820000	-26.73047	0	-26.73047	0.261868	0.232129	0.172019	0.523126	0.0843306	0.0684193	1.65295	2.55454	0.190439
4830000	-23.82553	0	-23.82553	0.366877	0.152113	0.192878	0.415419	0.143392	0.167271	1.44247	0.129326	0.329649
4840000	-25.26313	0	-25.26313	0.0966514	0.150166	0.151217	0.446555	0.114193	0.145273	1.86865	0.0778867	0.436362
4850000	-36.6037	0	-36.6037	0.102016	0.244303	0.189964	0.564866	0.106871	0.174854	0.466054	0.569788	0.207102
4860000	-35.84515	0	-35.84515	0.116598	0.21563	0.157982	0.466318	0.181833	0.195486	0.63277	0.194275	0.371394
4870000	-26.32991	0	-26.32991	0.133933	0.215552	0.120355	0.138434	0.110375	0.123529	1.87029	0.186076	0.198592
4880000	-26.80651	0	-26.80651	0.157667	0.16841	0.339483	0.298609	0.107205	0.0963009	1.0861	0.1866	0.121607
4890000	-39.72447	0	-39.72447	0.307574	0.415235	0.240065	0.631273	0.188216	0.072659	0.0963246	0.133476	0.0254904
4900000	-31.04606	0	-31.04606	0.0983151	0.231912	0.230578	0.5202	0.0706509	0.0798427	0.977164	0.0325459	0.0700309
4910000	-33.61186	0	-33.61186	0.0853883	0.0828923	0.175063	0.687649	0.172255	0.103376	0.63672	0.125943	0.021349
4920000	-29.27348	0	-29.27348	0.118107	0.190605	0.279511	0.435329	0.141343	0.273786	0.438148	0.30507	0.154864
4930000	-30.58428	0	-30.58428	0.100176	0.0450086	0.19571	0.805579	0.0748104	0.107389	1.16908	0.162516	0.168886
4940000	-33.62468	0	-33.62468	0.179587	0.047458	0.261025	0.629491	0.112953	0.0797846	1.10086	0.320245	0.189847
4950000	-28.96674	0	-28.96674	0.125147	0.212062	0.32118	0.4052	0.0567236	0.170768	0.667343	0.0512409	0.185495
4960000	-29.53531	0	-29.53531	0.317293	0.150772	0.226008	0.21034	0.123752	0.147167	0.512425	0.236146	0.112707
4970000	-29.96148	0	-29.96148	0.147645	0.155419	0.178905	0.474131	0.14385	0.166944	1.15237	0.0406553	0.175736
4980000	-31.33083	0	-31.33083	0.216543	0.155198	0.131115	0.657627	0.127434	0.119786	0.777361	0.0519362	0.0795645
4990000	-23.91074	0	-23.91074	0.156977	0.321381	0.268357	0.487751	0.100105	0.132781	2.0414	0.0970029	0.360642
5000000	-27.16855	0	-27.16855	0.128344	0.259499	0.151475	0.267198	0.143611	0.132094	1.16388	0.111383	0.112142
