Iteration	Posterior	Likelihood	Prior	lambda[1]	lambda[2]	lambda[3]	mu[1]	mu[2]	mu[3]	psi[1]	psi[2]	psi[3]
0	-29.05641	0	-29.05641	0.108975	0.15502	0.3521	0.130977	0.206503	0.10549	1.1695	0.667337	0.560146
10000	-25.08161	0	-25.08161	0.152376	0.0843549	0.0875262	0.478493	0.123711	0.15557	1.09383	0.0389909	0.246478
20000	-26.17602	0	-26.17602	0.111181	0.143804	0.0429913	0.245097	0.315552	0.0819739	4.15699	0.495263	1.27619
30000	-21.51655	0	-21.51655	0.0960627	0.1078	0.203513	0.218477	0.12006	0.0954476	1.34152	0.256915	1.76752
40000	-20.56101	0	-20.56101	0.178388	0.0866301	0.207352	0.334669	0.0708875	0.105417	1.30639	0.566571	1.74057
50000	-25.38548	0	-25.38548	0.20443	0.14859	0.33034	0.590645	0.0819758	0.172741	0.357322	0.695772	1.06509
60000	-20.27115	0	-20.27115	0.0884445	0.226693	0.0616574	0.266586	0.0777647	0.107054	2.6309	0.925611	2.13139
70000	-26.11019	0	-26.11019	0.0673007	0.157319	0.182579	0.313668	0.114425	0.184438	4.18222	0.289794	0.655446
80000	-26.73032	0	-26.73032	0.120248	0.128077	0.112788	0.438374	0.067736	0.144982	2.2883	0.757533	0.190015
90000	-21.93528	0	-21.93528	0.207636	0.0876988	0.0843428	0.413038	0.154405	0.0896327	1.34744	1.68754	0.876365
100000	-27.13683	0	-27.13683	0.228412	0.176742	0.24567	0.465049	0.0764058	0.125949	1.67789	0.602513	1.39444
110000	-21.80062	0	-21.80062	0.093472	0.156663	0.0689844	0.303829	0.169744	0.0676487	2.93614	0.521056	0.474449
120000	-22.64831	0	-22.64831	0.0917487	0.125445	0.341583	0.716425	0.123886	0.191154	2.63248	1.90444	0.33218
130000	-23.14976	0	-23.14976	0.233406	0.12623	0.255856	0.22478	0.193752	0.154528	2.97521	1.46306	1.2224
140000	-20.27383	0	-20.27383	0.249945	0.290709	0.216735	0.193209	0.0782742	0.105416	1.77162	0.493521	0.869577
150000	-23.60731	0	-23.60731	0.171508	0.123631	0.148504	0.400014	0.1247	0.355403	0.383029	1.16812	0.462942
160000	-21.80593	0	-21.80593	0.0366689	0.0962754	0.225346	0.329957	0.106483	0.122135	2.51088	0.229295	0.226428
170000	-24.71328	0	-24.71328	0.126648	0.0670705	0.259654	0.20436	0.121345	0.129785	1.6824	0.420119	0.419129
180000	-27.0314	0	-27.0314	0.0820807	0.0879709	0.15174	0.173299	0.398488	0.203365	0.48418	0.866849	2.19121
190000	-20.16265	0	-20.16265	0.119312	0.167951	0.156787	0.227967	0.102757	0.0662687	0.67368	0.657095	1.27872
200000	-23.85485	0	-23.85485	0.137314	0.235618	0.134254	0.457553	0.170814	0.151242	2.46372	0.599514	0.565207
210000	-22.9209	0	-22.9209	0.198543	0.0759199	0.166666	0.208491	0.0595667	0.14129	1.05755	0.263961	0.401743
220000	-20.34441	0	-20.34441	0.214198	0.0530523	0.209975	0.153509	0.0877417	0.0938807	2.55808	1.3992	2.12966
230000	-26.62382	0	-26.62382	0.111976	0.299529	0.0992156	0.266633	0.198137	0.0489731	0.922741	0.335125	3.16323
240000	-28.75649	0	-28.75649	0.0385284	0.107371	0.368268	0.166421	0.0532543	0.0808731	2.20572	0.362493	0.625627
250000	-18.62067	0	-18.62067	0.0715713	0.169003	0.148776	0.168102	0.111912	0.0511834	0.55777	0.26472	0.731082
260000	-22.76303	0	-22.76303	0.092388	0.105524	0.118638	0.283993	0.044426	0.0673608	2.03683	0.471963	0.929685
270000	-27.69033	0	-27.69033	0.234532	0.168757	0.134382	0.389683	0.251325	0.130721	1.78418	0.333488	0.810846
280000	-24.07083	0	-24.07083	0.180167	0.0567823	0.114191	0.400442	0.243072	0.215224	2.66062	0.213302	1.68243
290000	-27.37992	0	-27.37992	0.131501	0.200145	0.157987	0.199672	0.153508	0.0742413	4.14787	1.5926	0.436951
300000	-25.71753	0	-25.71753	0.122535	0.0995682	0.108135	0.539406	0.0962598	0.201927	2.58721	0.255221	1.18174
310000	-25.53918	0	-25.53918	0.319607	0.0773127	0.229496	0.238707	0.169672	0.142229	1.40191	0.715919	0.47083
320000	-21.11764	0	-21.11764	0.0973723	0.242368	0.280528	0.359657	0.10791	0.0988857	1.85357	0.408166	0.619373
330000	-25.05712	0	-25.05712	0.0762151	0.18499	0.0430598	0.209776	0.235173	0.0844266	0.825389	0.86549	0.448291
340000	-20.08519	0	-20.08519	0.205335	0.172953	0.256291	0.166214	0.0964069	0.108289	2.20527	0.748459	1.33722
350000	-25.80643	0	-25.80643	0.274621	0.163407	0.107823	0.796087	0.159811	0.123613	0.846698	0.471411	0.261029
360000	-22.42329	0	-22.42329	0.195036	0.114093	0.319409	0.204054	0.0969539	0.092434	3.32676	0.167005	0.709051
370000	-22.20848	0	-22.20848	0.107569	0.19627	0.10672	0.468985	0.229118	0.226679	1.483	0.679948	0.476292
380000	-22.58902	0	-22.58902	0.0601031	0.155499	0.138288	0.124871	0.162987	0.0919993	2.20167	0.499962	2.34333
390000	-26.13228	0	-26.13228	0.295333	0.0894953	0.298303	0.423019	0.097526	0.143201	2.82249	3.54032	1.35798
400000	-24.42281	0	-24.42281	0.226151	0.109644	0.131459	0.423423	0.127955	0.228944	0.96311	2.25638	1.95772
410000	-22.84814	0	-22.84814	0.15972	0.0987595	0.307442	0.354914	0.0694082	0.10134	0.954524	0.49662	3.24818
420000	-32.80394	0	-32.80394	0.142945	0.135406	0.290984	0.280832	0.442753	0.162037	1.45209	0.775284	2.4523
430000	-22.632	0	-22.632	0.123525	0.249868	0.255011	0.48186	0.107615	0.087163	0.519004	0.990154	0.741835
440000	-21.61813	0	-21.61813	0.140554	0.142134	0.2222	0.396549	0.105458	0.147737	1.20445	0.2282	0.311443
450000	-21.64942	0	-21.64942	0.100984	0.0745997	0.228785	0.438602	0.200028	0.0880409	1.87313	0.447477	1.15986
460000	-20.38462	0	-20.38462	0.109152	0.110727	0.160475	0.212143	0.163732	0.179387	1.8389	0.782373	0.355995
470000	-19.05041	0	-19.05041	0.195825	0.295091	0.231758	0.270987	0.0702081	0.0914472	1.80316	0.440045	0.710017
480000	-24.01138	0	-24.01138	0.0467334	0.0905197	0.0805044	0.192018	0.163505	0.174055	1.20987	0.689325	0.271006
490000	-24.64368	0	-24.64368	0.134687	0.141675	0.424096	0.730306	0.130092	0.141805	1.69434	0.343084	1.90356
500000	-24.3625	0	-24.3625	0.153885	0.183021	0.324274	0.235149	0.0682768	0.109839	0.772099	0.650272	0.528616
510000	-19.83906	0	-19.83906	0.32354	0.140927	0.253143	0.230467	0.136572	0.142764	1.68646	1.04984	1.83796
520000	-24.69808	0	-24.69808	0.190611	0.24579	0.0714995	0.243503	0.214264	0.119865	0.497454	0.630302	1.6777
530000	-19.09806	0	-19.09806	0.209577	0.127171	0.225791	0.24674	0.114464	0.117739	1.86744	0.687065	1.09691
540000	-24.61854	0	-24.61854	0.132867	0.147182	0.0668548	0.407568	0.119923	0.0491703	1.87795	0.840564	2.04451
550000	-21.51806	0	-21.51806	0.15601	0.193719	0.157315	0.837732	0.116561	0.0999108	1.721	0.580758	1.24139
560000	-33.61605	0	-33.61605	0.173103	0.0619366	0.304037	0.330642	0.267002	0.0932515	1.04706	0.954011	2.8079
570000	-24.99886	0	-24.99886	0.181488	0.0790431	0.108878	0.0794672	0.159872	0.14922	1.5046	0.441474	0.443028
580000	-25.82889	0	-25.82889	0.27305	0.157841	0.490069	0.198124	0.110332	0.100605	2.33428	0.300993	1.12532
590000	-27.85019	0	-27.85019	0.0802175	0.138038	0.108854	0.93544	0.180055	0.171419	1.81875	0.703441	0.524007
600000	-21.31627	0	-21.31627	0.107434	0.25866	0.0985214	0.299437	0.215085	0.0801058	0.887107	0.818743	0.551152
610000	-21.67439	0	-21.67439	0.156449	0.0593405	0.353496	0.37294	0.121485	0.162493	2.82066	0.261526	0.227929
620000	-22.32471	0	-22.32471	0.230659	0.257837	0.186943	0.350624	0.233302	0.122403	3.27603	0.239936	2.28271
630000	-20.07405	0	-20.07405	0.138003	0.0739002	0.166561	0.323936	0.107814	0.171628	1.4087	1.04401	0.598731
640000	-22.99531	0	-22.99531	0.0950811	0.347969	0.0959971	0.525314	0.0394603	0.0588673	1.08925	0.328996	4.74986
650000	-22.21524	0	-22.21524	0.0935273	0.123386	0.19718	0.268596	0.119957	0.17457	0.522951	0.485476	0.177489
660000	-20.23594	0	-20.23594	0.0814416	0.160133	0.102492	0.317461	0.0719718	0.0687863	2.83133	0.492212	0.533761
670000	-27.02686	0	-27.02686	0.199775	0.0704606	0.215134	0.455373	0.117543	0.0639541	3.0638	0.193162	0.0939575
680000	-24.87077	0	-24.87077	0.222497	0.138596	0.0822023	0.276855	0.118919	0.0623538	1.81686	0.805733	1.35747
690000	-22.43013	0	-22.43013	0.108976	0.115599	0.178284	0.398721	0.0563628	0.21044	2.45293	0.95865	2.4602
700000	-24.22791	0	-24.22791	0.0687252	0.178399	0.0708679	0.504242	0.129465	0.0423555	1.84117	0.34721	0.100478
710000	-19.19059	0	-19.19059	0.122822	0.121953	0.131179	0.392957	0.132026	0.0433017	3.1994	0.614087	1.99229
720000	-22.08892	0	-22.08892	0.0703466	0.0917792	0.09396	0.232639	0.0829218	0.0672966	3.98652	0.335462	1.33498
730000	-26.9179	0	-26.9179	0.167239	0.181571	0.267265	0.379901	0.109405	0.288247	4.33417	0.574329	0.865354
740000	-18.04186	0	-18.04186	0.16144	0.0925205	0.210011	0.33265	0.132552	0.161672	3.65953	1.2219	0.752274
750000	-24.68736	0	-24.68736	0.110751	0.177574	0.444119	0.607205	0.080651	0.119943	2.01215	0.900973	1.78946
760000	-22.02328	0	-22.02328	0.19618	0.348578	0.0793597	0.154421	0.11281	0.0648033	0.658666	0.365388	0.994951
770000	-21.97095	0	-21.97095	0.131688	0.282946	0.169065	0.134474	0.0409766	0.0908874	1.37495	1.11667	0.374259
780000	-21.84128	0	-21.84128	0.381645	0.0668063	0.117272	0.166278	0.175602	0.0576275	1.17441	0.438849	0.89447
790000	-29.91226	0	-29.91226	0.17437	0.158104	0.104331	0.912043	0.117739	0.0357775	2.81824	0.442976	0.390676
800000	-21.07662	0	-21.07662	0.326815	0.141755	0.114417	0.315688	0.0960105	0.0597292	0.738892	0.504081	0.126486
810000	-21.88089	0	-21.88089	0.0607232	0.226608	0.143758	0.276767	0.112723	0.145411	4.60224	0.323675	1.05142
820000	-20.62707	0	-20.62707	0.191584	0.15176	0.165437	0.536328	0.0631493	0.0754371	1.7254	0.630325	1.27148
830000	-24.38067	0	-24.38067	0.109564	0.316801	0.312622	1.05291	0.131148	0.125807	0.914727	0.30554	0.456697
840000	-22.17362	0	-22.17362	0.0997841	0.165685	0.338856	0.194552	0.143178	0.0807295	2.77702	0.827422	1.80447
850000	-23.30419	0	-23.30419	0.145028	0.100691	0.139991	0.495502	0.0473776	0.0820346	1.32577	1.36446	1.21326
860000	-26.87235	0	-26.87235	0.0949495	0.0750523	0.447145	0.321391	0.193495	0.250235	1.65387	2.5385	4.01416
870000	-18.84126	0	-18.84126	0.115017	0.400876	0.142401	0.236037	0.10932	0.0667632	1.50938	0.865652	0.757733
880000	-22.1392	0	-22.1392	0.187982	0.162953	0.144908	1.18541	0.0771717	0.0936396	2.6583	0.272827	0.55216
890000	-24.14526	0	-24.14526	0.0812459	0.200998	0.358864	0.422003	0.145556	0.253125	2.13129	2.24012	0.961514
900000	-17.24191	0	-17.24191	0.0896318	0.0785481	0.162431	0.265918	0.117669	0.158517	1.26068	0.861731	0.768932
910000	-22.22853	0	-22.22853	0.0954854	0.389092	0.176752	0.354449	0.0778287	0.124237	2.93488	0.201519	0.245491
920000	-30.34583	0	-30.34583	0.154434	0.324411	0.289608	0.39065	0.0957847	0.281019	2.42935	0.22415	1.50457
930000	-25.51047	0	-25.51047	0.180284	0.108035	0.310351	0.215289	0.100177	0.0441381	1.01376	0.288069	0.959062
940000	-21.31054	0	-21.31054	0.12785	0.154932	0.31379	0.188459	0.14247	0.0781508	1.71064	0.666763	1.85115
950000	-21.35579	0	-21.35579	0.0903782	0.211078	0.204886	0.346157	0.122967	0.150726	2.94149	0.725206	1.32183
960000	-19.76179	0	-19.76179	0.21691	0.18484	0.183145	0.343403	0.0750506	0.0724937	1.24177	0.438303	1.55237
970000	-23.4821	0	-23.4821	0.070467	0.321949	0.461967	0.179487	0.133035	0.153275	2.09892	0.243457	1.58025
980000	-24.93061	0	-24.93061	0.153634	0.763435	0.224653	0.303521	0.0825081	0.0464695	2.26973	0.189876	0.409856
990000	-24.02574	0	-24.02574	0.0616669	0.0718341	0.0868128	0.395461	0.0354001	0.0682577	1.03904	0.276382	2.28151
1000000	-23.3956	0	-23.3956	0.0935729	0.137362	0.0831714	0.382408	0.168998	0.0748251	0.699905	0.752321	0.301259
1010000	-23.48632	0	-23.48632	0.265889	0.149636	0.22302	0.165282	0.169902	0.158749	2.31348	0.674492	0.436109
1020000	-28.18332	0	-28.18332	0.284557	0.141476	0.236827	0.308407	0.223066	0.143746	1.04474	2.12339	0.266372
1030000	-21.40421	0	-21.40421	0.163185	0.131324	0.170848	0.485982	0.171101	0.131782	2.47823	0.857892	1.71883
1040000	-22.64503	0	-22.64503	0.142387	0.360001	0.193129	0.22216	0.15188	0.0495711	1.62121	0.170695	1.4729
1050000	-24.60992	0	-24.60992	0.0973849	0.150634	0.239322	0.275796	0.269916	0.114613	1.16133	0.750046	2.15469
1060000	-22.18837	0	-22.18837	0.193763	0.0974054	0.186169	0.365932	0.115236	0.138861	2.12891	0.760094	0.0643568
1070000	-25.18009	0	-25.18009	0.393602	0.113365	0.0798803	0.578101	0.175669	0.0745444	1.53253	1.20883	1.63383
1080000	-21.92392	0	-21.92392	0.203178	0.20508	0.238998	0.444785	0.205806	0.136002	0.589247	0.316649	3.43752
1090000	-20.69841	0	-20.69841	0.0828928	0.0643456	0.192286	0.402153	0.122496	0.114761	2.35016	0.410459	1.31325
1100000	-23.0317	0	-23.0317	0.249717	0.176009	0.10087	0.206862	0.0524203	0.0969918	0.630041	0.43315	1.00363
1110000	-28.89331	0	-28.89331	0.096895	0.13294	0.06866	0.193885	0.0485021	0.0674846	1.13237	0.10375	2.95897
1120000	-31.63153	0	-31.63153	0.207698	0.105311	0.197921	0.169022	0.176761	0.175289	4.22946	0.318928	0.0912902
1130000	-27.79928	0	-27.79928	0.276043	0.263776	0.285077	0.305632	0.124345	0.0915339	1.06664	2.35955	0.605368
1140000	-24.62546	0	-24.62546	0.143635	0.171096	0.0566284	0.342446	0.177899	0.108369	5.20553	0.31643	0.38307
1150000	-28.89466	0	-28.89466	0.143651	0.256061	0.655484	0.109647	0.18486	0.070218	1.28718	0.403826	0.17757
1160000	-18.47283	0	-18.47283	0.130032	0.140053	0.151803	0.528666	0.0815628	0.0777999	2.29155	0.404167	0.853582
1170000	-31.90933	0	-31.90933	0.368771	0.0901672	0.213754	0.229501	0.561785	0.146764	2.99414	0.334488	2.06489
1180000	-21.73736	0	-21.73736	0.054603	0.232022	0.157556	0.580807	0.0906014	0.141768	2.10391	0.83169	1.38663
1190000	-18.81689	0	-18.81689	0.241679	0.215797	0.179367	0.386764	0.0890557	0.039554	2.1767	0.659111	1.06226
1200000	-23.02553	0	-23.02553	0.118584	0.172538	0.0959948	0.411641	0.160386	0.292181	1.82222	0.350617	0.401931
1210000	-25.89605	0	-25.89605	0.172649	0.147795	0.154185	0.259312	0.0684597	0.0989871	1.65628	0.667301	0.492926
1220000	-26.08269	0	-26.08269	0.179303	0.176103	0.179957	0.17684	0.156355	0.086961	1.39296	0.245847	1.6251
1230000	-27.64456	0	-27.64456	0.0883764	0.120585	0.142271	0.11937	0.129628	0.115612	4.82222	0.3465	1.70633
1240000	-24.57777	0	-24.57777	0.1194	0.119632	0.292413	0.334725	0.222133	0.175712	3.17007	2.07853	1.42235
1250000	-24.2499	0	-24.2499	0.0700517	0.248686	0.15532	0.594176	0.138109	0.105246	0.636641	0.169215	1.80106
1260000	-21.76769	0	-21.76769	0.0758375	0.218456	0.116079	0.327876	0.103304	0.142245	1.89371	0.0637229	0.0727674
1270000	-17.86827	0	-17.86827	0.0944216	0.155275	0.129761	0.509717	0.0634583	0.0991833	0.983661	0.209746	0.827913
1280000	-33.56001	0	-33.56001	0.19597	0.141188	0.0981592	0.328699	0.227073	0.198814	10.771	0.180676	2.0014
1290000	-23.43166	0	-23.43166	0.145275	0.13891	0.308393	0.198923	0.131571	0.255878	2.24455	0.238625	0.685153
1300000	-18.93686	0	-18.93686	0.1318	0.207771	0.150407	0.347756	0.193489	0.173034	3.06241	0.835375	0.376156
1310000	-23.73604	0	-23.73604	0.0958745	0.19318	0.149135	0.526028	0.0887815	0.0579445	0.836833	0.225448	0.0916239
1320000	-22.35671	0	-22.35671	0.183474	0.119662	0.0885699	0.110609	0.0838293	0.112463	1.76646	0.414697	1.25569
1330000	-22.56332	0	-22.56332	0.136676	0.160439	0.270941	0.265936	0.0604257	0.128513	1.6505	0.568022	0.162183
1340000	-23.09289	0	-23.09289	0.0918553	0.203553	0.34612	0.209022	0.143806	0.107222	1.90749	0.683898	0.533433
1350000	-28.75212	0	-28.75212	0.0789326	0.268295	0.203869	0.533998	0.0937468	0.162263	0.854373	0.416581	1.58892
1360000	-19.69192	0	-19.69192	0.250104	0.123024	0.117178	0.142918	0.0639501	0.0551177	1.60762	1.46808	1.42947
1370000	-20.83143	0	-20.83143	0.179196	0.0627296	0.187536	0.801142	0.143166	0.107017	1.36604	0.196689	1.55506
1380000	-27.16659	0	-27.16659	0.209722	0.283773	0.0738621	0.233986	0.226205	0.101419	2.53659	4.13109	0.735274
1390000	-23.25012	0	-23.25012	0.0847925	0.157396	0.096613	0.301686	0.156229	0.126621	1.59512	0.582281	1.46308
1400000	-26.86167	0	-26.86167	0.22689	0.0444974	0.210141	0.115629	0.0412944	0.0959977	0.828996	0.232361	0.360455
1410000	-23.66363	0	-23.66363	0.259627	0.139113	0.313384	0.437151	0.22291	0.15685	1.79062	0.264823	2.9426
1420000	-20.48311	0	-20.48311	0.137283	0.110571	0.18517	0.421739	0.152069	0.0837843	2.85945	0.305579	1.33504
1430000	-21.31473	0	-21.31473	0.236627	0.096087	0.235297	0.454074	0.123568	0.0722305	0.621433	0.154177	0.690709
1440000	-27.18981	0	-27.18981	0.237597	0.0446359	0.106197	0.626582	0.140564	0.260855	1.91783	0.18611	2.79631
1450000	-28.8707	0	-28.8707	0.215962	0.0913113	0.179356	0.29819	0.323816	0.0883636	1.67693	0.61383	0.0788854
1460000	-31.06767	0	-31.06767	0.0932453	0.125718	0.140896	0.306647	0.16926	0.024831	0.958582	0.475429	0.0742822
1470000	-22.2706	0	-22.2706	0.173815	0.111763	0.319533	0.174582	0.0950901	0.100631	3.00922	0.546883	1.38817
1480000	-21.26317	0	-21.26317	0.194728	0.148482	0.121187	0.349232	0.157786	0.155652	2.21688	0.55928	2.14873
1490000	-25.66916	0	-25.66916	0.169896	0.466705	0.167963	0.41281	0.0855788	0.196262	1.80278	0.0970222	2.16815
1500000	-25.54281	0	-25.54281	0.0578743	0.133779	0.189893	0.593902	0.101792	0.0438649	0.803292	0.288587	0.388556
1510000	-22.21745	0	-22.21745	0.077668	0.0968492	0.326135	0.437851	0.103497	0.157368	1.81551	0.426302	0.374133
1520000	-19.63791	0	-19.63791	0.294078	0.118361	0.138647	0.314293	0.0856019	0.097279	2.48286	0.437772	0.862268
1530000	-25.16509	0	-25.16509	0.129305	0.238406	0.109597	0.192654	0.14923	0.0523235	2.63167	0.0925616	0.774288
1540000	-21.85112	0	-21.85112	0.109983	0.201488	0.0777849	0.239048	0.145599	0.0681696	3.10179	2.44058	1.04712
1550000	-19.60917	0	-19.60917	0.167931	0.171808	0.189356	0.478308	0.100991	0.0999573	2.68382	0.243059	0.92986
1560000	-23.34873	0	-23.34873	0.133518	0.220122	0.341514	0.352736	0.1513	0.0644032	2.9554	2.1014	0.387731
1570000	-23.40008	0	-23.40008	0.121817	0.0882376	0.276754	0.255139	0.0896146	0.204707	0.853311	0.0800443	1.35105
1580000	-22.51401	0	-22.51401	0.0689743	0.229027	0.143193	0.608991	0.122382	0.0523478	2.25765	0.480875	1.08533
1590000	-26.40276	0	-26.40276	0.280522	0.238079	0.0766916	0.153714	0.181927	0.082897	1.32048	0.618421	1.47985
1600000	-25.56529	0	-25.56529	0.138088	0.181462	0.11658	0.304363	0.143444	0.119276	1.98299	0.182834	0.538867
1610000	-21.23614	0	-21.23614	0.312499	0.279975	0.363642	0.263903	0.116987	0.0748471	3.03665	0.525769	1.05498
1620000	-22.25623	0	-22.25623	0.0691536	0.187567	0.105349	0.475561	0.0584111	0.155483	1.72182	0.633407	0.993401
1630000	-30.23541	0	-30.23541	0.191306	0.106209	0.100762	0.562339	0.321022	0.0609749	3.49311	0.359846	0.904291
1640000	-32.00192	0	-32.00192	0.248429	0.172307	0.0543116	0.156593	0.157062	0.06764	2.65081	0.540539	0.972563
1650000	-25.97903	0	-25.97903	0.130716	0.212379	0.123397	0.260572	0.0375611	0.127666	2.08354	0.463774	0.0785988
1660000	-22.00213	0	-22.00213	0.19803	0.0541809	0.161466	0.444961	0.128425	0.0399016	3.10848	0.674521	0.760405
1670000	-23.36911	0	-23.36911	0.192176	0.103538	0.0895069	0.219111	0.0905464	0.10218	1.32906	2.46912	4.9759
1680000	-17.96246	0	-17.96246	0.144583	0.118775	0.338008	0.343059	0.0798461	0.0886693	2.40384	0.786713	0.420906
1690000	-24.29556	0	-24.29556	0.0952184	0.194896	0.163239	0.226304	0.0643646	0.0876502	1.41053	0.580143	0.60709
1700000	-20.25458	0	-20.25458	0.130494	0.142339	0.226466	0.484798	0.18606	0.141493	1.41835	0.356557	1.32426
1710000	-25.69917	0	-25.69917	0.460806	0.300655	0.249368	0.205335	0.30183	0.0726548	0.54229	0.889922	0.961352
1720000	-26.75003	0	-26.75003	0.0666599	0.560561	0.0834461	0.303076	0.143392	0.0523697	1.10592	0.915207	0.0723247
1730000	-24.78011	0	-24.78011	0.200569	0.11749	0.150416	0.243254	0.124588	0.267174	1.26207	1.06594	1.2194
1740000	-21.3054	0	-21.3054	0.170214	0.133983	0.300242	0.250271	0.120025	0.16746	1.73445	0.784482	0.983261
1750000	-19.36468	0	-19.36468	0.0997732	0.108165	0.178285	0.552652	0.0786891	0.117088	3.08681	0.396392	1.35876
1760000	-21.03776	0	-21.03776	0.182378	0.261416	0.122239	0.322892	0.242984	0.0742068	1.28138	0.291228	0.945927
1770000	-21.37494	0	-21.37494	0.0545437	0.154426	0.17077	0.269868	0.11468	0.104295	1.63644	0.392448	1.31605
1780000	-32.64128	0	-32.64128	0.0692919	0.0872442	0.349493	0.330819	0.502269	0.226284	2.75558	0.083583	0.0929847
1790000	-24.41925	0	-24.41925	0.141964	0.131588	0.247329	0.720914	0.112901	0.242524	2.28354	0.224674	2.35062
1800000	-27.38495	0	-27.38495	0.302812	0.223382	0.15301	0.461676	0.1659	0.0753018	1.81925	0.507042	3.58857
1810000	-24.147	0	-24.147	0.200984	0.185308	0.102159	0.217348	0.0961219	0.0603931	1.05892	0.346332	3.44611
1820000	-25.41143	0	-25.41143	0.240533	0.231265	0.156136	0.518626	0.139959	0.113707	0.39576	0.432984	0.675868
1830000	-25.79257	0	-25.79257	0.228581	0.116928	0.135747	0.205439	0.111778	0.082369	5.16069	0.169245	0.203286
1840000	-17.80856	0	-17.80856	0.168171	0.0745329	0.162082	0.271578	0.115484	0.10788	1.22818	0.506916	2.43179
1850000	-23.93913	0	-23.93913	0.165349	0.0906355	0.251103	0.179928	0.207845	0.11715	4.07405	0.211931	1.3829
1860000	-19.20191	0	-19.20191	0.195726	0.163057	0.143731	0.477116	0.0851578	0.101147	1.90543	2.26875	1.5081
1870000	-20.64853	0	-20.64853	0.166092	0.0944656	0.214232	0.46615	0.0755344	0.0623077	1.41141	0.399678	0.170837
1880000	-20.98404	0	-20.98404	0.257625	0.0863916	0.149386	0.411939	0.147375	0.246908	2.10956	0.866603	1.89255
1890000	-19.73059	0	-19.73059	0.186345	0.177241	0.320735	0.362743	0.082123	0.18344	0.73456	0.91707	0.301442
1900000	-31.25707	0	-31.25707	0.0540944	0.285993	0.120485	0.730926	0.147319	0.0999949	0.60388	2.03525	0.660817
1910000	-19.42019	0	-19.42019	0.0873717	0.164057	0.23323	0.360326	0.0584405	0.0617559	3.00859	0.837093	1.71705
1920000	-21.17105	0	-21.17105	0.179736	0.110636	0.157683	0.357573	0.327331	0.101724	2.44287	0.624397	0.753419
1930000	-22.47118	0	-22.47118	0.120023	0.305394	0.113748	0.47369	0.265244	0.107515	2.00619	0.799034	0.852206
1940000	-20.26623	0	-20.26623	0.311999	0.163552	0.16777	0.26334	0.168388	0.124694	1.95483	0.286238	0.337962
1950000	-22.55033	0	-22.55033	0.0728878	0.165765	0.127802	0.385782	0.157511	0.122442	3.23033	1.42625	2.1064
1960000	-21.60274	0	-21.60274	0.152027	0.101292	0.133254	0.200799	0.0828912	0.0950385	2.30948	0.310877	0.707913
1970000	-20.21373	0	-20.21373	0.13398	0.264492	0.245022	0.30795	0.0732335	0.132966	1.08348	0.429308	0.792972
1980000	-22.67357	0	-22.67357	0.126335	0.126631	0.201147	0.179464	0.214689	0.224549	2.43378	0.257981	1.7833
1990000	-23.18939	0	-23.18939	0.118784	0.0774959	0.319355	0.300867	0.070662	0.144938	2.37188	0.558184	1.40339
2000000	-21.58172	0	-21.58172	0.159005	0.131055	0.133066	0.228518	0.0933973	0.12274	3.19866	2.32886	1.51433
2010000	-31.77844	0	-31.77844	0.169184	0.343556	0.194643	0.194718	0.333255	0.0740995	2.02529	0.224909	0.16359
2020000	-27.36463	0	-27.36463	0.0983423	0.363114	0.277849	0.371596	0.1141	0.0779112	1.77215	0.498088	4.72589
2030000	-22.29827	0	-22.29827	0.176575	0.24328	0.0838023	0.263178	0.135191	0.12089	0.913913	0.369347	0.379324
2040000	-19.74978	0	-19.74978	0.170529	0.0928822	0.127047	0.31566	0.180591	0.14206	0.469079	1.31827	0.574931
2050000	-19.09	0	-19.09	0.198856	0.107146	0.156362	0.328335	0.0955998	0.109094	1.43683	0.636316	0.173027
2060000	-22.73501	0	-22.73501	0.253061	0.255874	0.163969	0.25775	0.239921	0.119317	2.54917	0.681531	2.42727
2070000	-25.47319	0	-25.47319	0.148689	0.23991	0.331326	0.274613	0.346603	0.164159	2.36583	0.489135	1.62429
2080000	-23.44324	0	-23.44324	0.0855401	0.365379	0.277668	0.370535	0.230262	0.0539614	2.06453	0.278458	0.904869
2090000	-27.9324	0	-27.9324	0.155061	0.278091	0.335889	0.632936	0.247917	0.191472	0.543129	0.170166	0.102814
2100000	-28.84744	0	-28.84744	0.083528	0.163136	0.143039	0.368015	0.148799	0.196116	4.26171	0.450536	0.140472
2110000	-17.9958	0	-17.9958	0.16113	0.155173	0.323546	0.203052	0.118354	0.113119	0.91188	0.670088	0.344981
2120000	-24.86215	0	-24.86215	0.127513	0.193512	0.115131	0.412648	0.0795469	0.154326	0.977124	0.316102	1.82295
2130000	-23.71955	0	-23.71955	0.30908	0.137742	0.198805	0.307061	0.128769	0.0796764	0.920235	0.846176	0.950306
2140000	-23.02254	0	-23.02254	0.141559	0.263245	0.13654	0.154005	0.0676509	0.0782286	4.11081	0.218582	0.258208
2150000	-24.72654	0	-24.72654	0.242005	0.11436	0.145678	0.652431	0.164898	0.102449	2.5647	0.419914	0.416267
2160000	-22.73267	0	-22.73267	0.160954	0.300048	0.328857	0.356548	0.149665	0.0977774	2.79708	0.402881	3.12124
2170000	-21.88216	0	-21.88216	0.127705	0.116902	0.155639	0.284404	0.127867	0.115462	0.92564	0.756638	1.02332
2180000	-29.58865	0	-29.58865	0.0641372	0.16756	0.198906	0.128083	0.394611	0.125608	5.57682	1.28327	1.4802
2190000	-21.26908	0	-21.26908	0.114678	0.158333	0.17843	0.540167	0.108403	0.103964	1.38114	0.116893	0.217776
2200000	-21.62496	0	-21.62496	0.190098	0.142022	0.0912594	0.64937	0.0903774	0.0887837	1.51485	0.919175	2.71428
2210000	-23.81344	0	-23.81344	0.116769	0.0999884	0.0599815	0.405569	0.0643974	0.119856	1.51775	0.306696	0.378533
2220000	-28.40904	0	-28.40904	0.212612	0.254853	0.406691	0.231955	0.159003	0.251841	2.69161	0.227358	0.479684
2230000	-18.86903	0	-18.86903	0.128639	0.089848	0.175681	0.593483	0.130984	0.099522	1.86457	0.905046	0.902567
2240000	-17.84025	0	-17.84025	0.114967	0.196459	0.219536	0.301643	0.0817327	0.16607	2.82303	0.42728	1.89902
2250000	-22.90982	0	-22.90982	0.24353	0.28449	0.0821196	0.195359	0.078114	0.0770808	1.44218	0.18898	0.83578
2260000	-20.52678	0	-20.52678	0.397382	0.0962485	0.237519	0.257993	0.243793	0.0724961	3.36374	0.211244	1.05872
2270000	-20.42252	0	-20.42252	0.132864	0.117893	0.229153	0.454493	0.164004	0.138276	2.31608	0.144797	1.24132
2280000	-22.52672	0	-22.52672	0.143959	0.125509	0.190949	0.236514	0.169871	0.0460993	0.95039	0.261152	0.147055
2290000	-21.2626	0	-21.2626	0.318672	0.151278	0.0604037	0.284171	0.109651	0.134159	1.01617	0.209616	0.633007
2300000	-25.28364	0	-25.28364	0.130009	0.111181	0.315261	0.523423	0.215269	0.132815	0.860954	0.270454	0.492556
2310000	-18.96932	0	-18.96932	0.176444	0.0998005	0.114142	0.416407	0.194779	0.0769753	2.11963	0.225543	1.78482
2320000	-20.42643	0	-20.42643	0.156401	0.091183	0.113095	0.150175	0.0695225	0.157919	1.65243	0.125632	1.81027
2330000	-28.5871	0	-28.5871	0.174126	0.238452	0.342257	0.29695	0.15378	0.23292	2.44991	0.458474	1.79072
2340000	-25.07788	0	-25.07788	0.194935	0.223644	0.115501	0.290708	0.0716924	0.101339	3.28292	0.386614	0.21161
2350000	-19.45569	0	-19.45569	0.27182	0.0701518	0.195751	0.271136	0.218133	0.111285	1.30347	1.19754	1.58294
2360000	-24.65084	0	-24.65084	0.418225	0.0408918	0.134334	0.408121	0.0927352	0.0887151	0.886193	0.43226	0.582653
2370000	-21.22331	0	-21.22331	0.306369	0.15253	0.131457	0.41394	0.12496	0.102334	1.23989	0.406881	0.199929
2380000	-22.20072	0	-22.20072	0.175704	0.0949883	0.0991096	0.575801	0.0936472	0.125468	1.13421	0.153303	0.432761
2390000	-24.90499	0	-24.90499	0.10598	0.214048	0.210181	0.341024	0.0973148	0.127194	3.14628	0.200226	0.111926
2400000	-23.34208	0	-23.34208	0.174253	0.243524	0.319646	0.324965	0.0755271	0.0625234	1.54039	0.945307	0.306656
2410000	-18.52164	0	-18.52164	0.233992	0.207149	0.08871	0.163427	0.0910695	0.103111	1.3548	0.35706	0.322009
2420000	-24.78289	0	-24.78289	0.125599	0.300032	0.239161	0.831744	0.0804434	0.26657	3.08907	0.339357	0.290744
2430000	-22.05138	0	-22.05138	0.122918	0.140672	0.189215	0.2186	0.236365	0.236095	0.602288	1.5824	0.436417
2440000	-25.2969	0	-25.2969	0.195653	0.163227	0.231403	1.2419	0.142878	0.121183	2.5718	1.25323	1.23138
2450000	-23.31951	0	-23.31951	0.0416186	0.116865	0.187858	0.209566	0.0701506	0.147379	0.972632	0.632069	0.619087
2460000	-21.64509	0	-21.64509	0.254997	0.0938683	0.293218	0.308421	0.168216	0.0913413	1.21391	0.558796	1.23186
2470000	-22.51897	0	-22.51897	0.123195	0.115108	0.228676	0.11717	0.168536	0.0834344	3.25871	0.356961	2.44696
2480000	-24.47836	0	-24.47836	0.178944	0.206775	0.0846136	0.239312	0.214496	0.114434	1.49682	0.745552	3.65709
2490000	-25.00962	0	-25.00962	0.118367	0.235192	0.178787	0.479974	0.106406	0.186071	3.21294	0.339873	0.803253
2500000	-25.74296	0	-25.74296	0.176592	0.162744	0.423572	0.443292	0.173088	0.17836	0.494463	0.916571	1.57836
2510000	-19.69241	0	-19.69241	0.109196	0.149655	0.28544	0.340773	0.193799	0.150949	2.22283	0.212229	0.895389
2520000	-26.26305	0	-26.26305	0.156633	0.11521	0.254615	0.45589	0.0901726	0.164462	1.09512	0.169508	0.248222
2530000	-24.36525	0	-24.36525	0.112748	0.0566944	0.131335	0.248438	0.13814	0.079398	3.32779	1.55982	3.32857
2540000	-22.51172	0	-22.51172	0.158664	0.199346	0.409019	0.199166	0.197219	0.137601	2.42387	0.532926	0.732617
2550000	-27.40381	0	-27.40381	0.373942	0.0735353	0.084829	0.533684	0.13385	0.147686	0.903098	1.27602	1.36208
2560000	-24.02673	0	-24.02673	0.162379	0.17484	0.0590823	0.344366	0.0731265	0.358032	4.05903	1.03712	0.625317
2570000	-24.37475	0	-24.37475	0.0710174	0.0751294	0.0928404	0.766177	0.107507	0.116141	2.93169	0.220432	0.860029
2580000	-22.22029	0	-22.22029	0.363455	0.205245	0.133903	0.205175	0.229055	0.142042	1.40913	2.11217	1.55853
2590000	-21.42258	0	-21.42258	0.12205	0.207036	0.156049	0.238746	0.0533387	0.0866597	1.1713	0.227325	0.407578
2600000	-27.54609	0	-27.54609	0.120157	0.267792	0.17181	0.168984	0.209934	0.105202	3.96162	2.75638	5.4683
2610000	-22.98655	0	-22.98655	0.284666	0.208602	0.154212	0.164613	0.0627686	0.11097	2.31022	1.07929	1.08574
2620000	-22.03425	0	-22.03425	0.121997	0.348456	0.0761298	0.30775	0.202808	0.156809	2.25794	0.396718	2.2366
2630000	-24.07411	0	-24.07411	0.117561	0.258135	0.716803	0.213237	0.193482	0.11805	1.80859	2.01024	1.13054
2640000	-24.34292	0	-24.34292	0.138975	0.215714	0.0986962	0.528141	0.0450569	0.0794384	1.39814	0.52018	1.32959
2650000	-25.31484	0	-25.31484	0.101593	0.180248	0.225067	0.218283	0.12614	0.106239	2.10309	1.45943	0.0956748
2660000	-30.66958	0	-30.66958	0.133364	0.0855788	0.0489235	0.364241	0.0267964	0.174248	5.75212	0.35521	1.21488
2670000	-21.04677	0	-21.04677	0.130264	0.0920764	0.148362	0.263782	0.0655789	0.143369	1.44584	1.11774	0.291923
2680000	-24.79692	0	-24.79692	0.208266	0.20357	0.0908593	0.365441	0.374574	0.0716276	2.05497	0.499556	1.12297
2690000	-21.82847	0	-21.82847	0.135644	0.186453	0.265291	0.243424	0.187936	0.0777962	1.71705	0.249834	0.231856
2700000	-22.6752	0	-22.6752	0.144499	0.0675439	0.0739201	0.450696	0.0614049	0.0552053	2.3778	3.56462	0.536597
2710000	-29.88118	0	-29.88118	0.062571	0.149687	0.150393	0.237354	0.111771	0.0593752	2.24085	0.2705	0.0445984
2720000	-23.21736	0	-23.21736	0.233431	0.176907	0.121416	0.304631	0.158111	0.119231	0.874511	0.163732	3.47196
2730000	-18.5203	0	-18.5203	0.169665	0.161552	0.162424	0.260436	0.137157	0.0915338	0.599305	0.578807	0.673242
2740000	-27.85394	0	-27.85394	0.233323	0.0777616	0.163305	0.55624	0.170005	0.0923987	2.46072	0.403725	0.180867
2750000	-20.60804	0	-20.60804	0.190792	0.078305	0.197154	0.172658	0.156225	0.0570541	1.51744	0.547861	1.08177
2760000	-22.92306	0	-22.92306	0.115371	0.0783495	0.365578	0.249419	0.245495	0.0942165	1.69692	1.13079	0.336846
2770000	-19.8118	0	-19.8118	0.218665	0.140204	0.150526	0.37643	0.144976	0.0658688	2.82402	0.346486	0.610215
2780000	-19.73769	0	-19.73769	0.145154	0.116549	0.184152	0.347606	0.0875308	0.224711	2.18728	0.67509	0.859473
2790000	-21.66434	0	-21.66434	0.147978	0.224585	0.382245	0.317765	0.212791	0.0689357	2.05391	0.629438	0.878847
2800000	-21.60816	0	-21.60816	0.191192	0.108682	0.307851	0.381913	0.113798	0.128186	3.17466	0.280212	0.775015
2810000	-26.10557	0	-26.10557	0.100729	0.0854969	0.343159	0.23598	0.178804	0.075119	1.82659	0.233476	1.03736
2820000	-19.02937	0	-19.02937	0.227358	0.144409	0.147077	0.433616	0.116736	0.071191	1.33824	0.659305	1.14272
2830000	-26.24445	0	-26.24445	0.205572	0.16904	0.174568	0.638514	0.278425	0.231301	4.64427	0.633555	1.48469
2840000	-32.4888	0	-32.4888	0.0882898	0.287326	0.432093	0.13957	0.129496	0.0486047	3.87432	0.244355	0.178049
2850000	-24.66326	0	-24.66326	0.181418	0.139584	0.363387	0.489976	0.151998	0.121549	0.886274	1.01894	1.5799
2860000	-20.06447	0	-20.06447	0.141904	0.120118	0.158896	0.293576	0.0696338	0.0905563	1.88645	0.217696	0.761178
2870000	-21.02689	0	-21.02689	0.199935	0.092746	0.27457	0.254147	0.10284	0.383622	1.29078	0.44192	0.586505
2880000	-24.55489	0	-24.55489	0.131894	0.187273	0.163255	1.06163	0.182912	0.106381	1.13919	0.28374	0.332887
2890000	-24.86705	0	-24.86705	0.408661	0.05735	0.253497	0.33102	0.244088	0.0406803	4.35923	0.517813	0.672227
2900000	-22.94401	0	-22.94401	0.0883922	0.305042	0.107173	0.490186	0.0998312	0.132717	3.94195	0.510639	0.288164
2910000	-24.35431	0	-24.35431	0.171834	0.198882	0.298594	0.119989	0.233298	0.114388	1.36487	0.374219	0.340595
2920000	-20.15292	0	-20.15292	0.252727	0.107698	0.206353	0.38606	0.180983	0.142763	2.18226	0.477113	0.479682
2930000	-25.24627	0	-25.24627	0.118144	0.216977	0.128968	0.70953	0.0485378	0.1311	4.14036	0.619743	0.0891899
2940000	-19.10547	0	-19.10547	0.133389	0.0961662	0.245761	0.150159	0.0696615	0.203797	0.913972	0.953019	0.954813
2950000	-24.5498	0	-24.5498	0.0719558	0.112928	0.0593329	0.322174	0.102345	0.0990413	3.20984	0.462218	1.71654
2960000	-24.04027	0	-24.04027	0.0873964	0.189868	0.0797667	0.748712	0.224974	0.137673	3.17729	0.716322	0.201264
2970000	-27.53265	0	-27.53265	0.151302	0.164492	0.103154	0.788272	0.285043	0.0956113	0.699945	0.762882	0.551336
2980000	-25.87021	0	-25.87021	0.45318	0.148332	0.327993	0.196844	0.121079	0.0806354	0.623374	0.435861	0.825207
2990000	-21.91461	0	-21.91461	0.0790149	0.313199	0.191283	0.415877	0.0549167	0.069222	0.582239	0.34065	0.835164
3000000	-22.51681	0	-22.51681	0.0976231	0.296129	0.173006	0.263411	0.139555	0.137861	3.98731	0.357705	0.940873
3010000	-32.64652	0	-32.64652	0.224023	0.185449	0.109067	0.334783	0.106085	0.0965191	8.16982	0.66883	0.0609737
3020000	-28.02629	0	-28.02629	0.14033	0.175555	0.143712	0.072972	0.0716433	0.0706009	4.45511	0.79119	1.57149
3030000	-21.86389	0	-21.86389	0.139257	0.117008	0.0673444	0.167817	0.151329	0.0483126	1.53726	0.820247	2.93757
3040000	-26.52875	0	-26.52875	0.344983	0.190152	0.18964	0.184518	0.0770946	0.0648202	1.89587	0.649176	0.278254
3050000	-21.9707	0	-21.9707	0.14729	0.1579	0.143169	0.328822	0.11987	0.0395295	0.639552	1.10803	1.42745
3060000	-21.55061	0	-21.55061	0.156698	0.140603	0.131399	0.316385	0.273995	0.0906684	3.04911	1.72306	1.5188
3070000	-25.6864	0	-25.6864	0.126856	0.143898	0.117776	0.430296	0.155619	0.103948	2.12197	0.362354	0.107958
3080000	-19.27716	0	-19.27716	0.243397	0.162201	0.248324	0.29305	0.121848	0.0715479	2.21381	0.52229	0.539103
3090000	-20.46228	0	-20.46228	0.082307	0.261546	0.272535	0.336339	0.0677038	0.105049	1.49725	0.483103	0.891589
3100000	-26.36567	0	-26.36567	0.0786977	0.121844	0.149234	0.552441	0.0983354	0.240249	0.938454	1.33888	2.9697
3110000	-21.60349	0	-21.60349	0.135009	0.105919	0.176146	0.30106	0.0843639	0.0754182	0.713581	0.43649	3.57065
3120000	-23.8851	0	-23.8851	0.124846	0.0952281	0.14912	0.138199	0.0671505	0.101025	1.68511	0.0482131	2.08298
3130000	-26.76806	0	-26.76806	0.375936	0.156429	0.160983	0.25174	0.302316	0.0818654	0.429904	2.12452	0.267856
3140000	-20.33976	0	-20.33976	0.216284	0.12323	0.11236	0.265568	0.0839909	0.0850901	2.20964	0.506466	0.866006
3150000	-23.60767	0	-23.60767	0.0846802	0.54537	0.127391	0.211552	0.108982	0.0830128	1.86095	0.467654	1.58155
3160000	-24.68159	0	-24.68159	0.25859	0.105352	0.270521	0.478902	0.255166	0.0468473	1.07771	0.0534688	0.694607
3170000	-21.97434	0	-21.97434	0.0747262	0.057586	0.118666	0.398336	0.125952	0.141737	2.40498	0.161999	0.954775
3180000	-24.11417	0	-24.11417	0.147433	0.325154	0.108018	0.452882	0.296672	0.10774	3.31487	1.05082	0.282293
3190000	-22.6475	0	-22.6475	0.17126	0.138852	0.0824626	0.303505	0.128229	0.0980203	1.46659	0.398647	0.128555
3200000	-22.18994	0	-22.18994	0.115965	0.150786	0.0913729	0.218421	0.0973581	0.0840351	4.83097	0.448847	0.859763
3210000	-21.77358	0	-21.77358	0.238517	0.0960212	0.14355	0.645385	0.148215	0.056409	1.92245	0.555637	1.01178
3220000	-22.97915	0	-22.97915	0.17284	0.142605	0.185502	0.832905	0.103169	0.16416	1.8901	0.239068	1.71623
3230000	-22.11877	0	-22.11877	0.167133	0.123928	0.0705793	0.363832	0.161001	0.0377173	1.81235	0.345442	1.50657
3240000	-20.98977	0	-20.98977	0.306547	0.095047	0.0818743	0.217059	0.117583	0.066898	2.64396	0.456648	0.270416
3250000	-22.56057	0	-22.56057	0.193763	0.0899141	0.0893654	0.3133	0.149454	0.143899	0.652024	0.411564	1.19265
3260000	-27.42436	0	-27.42436	0.304686	0.171191	0.50761	0.259677	0.169693	0.144957	0.733055	0.266523	0.604547
3270000	-22.59157	0	-22.59157	0.14014	0.080467	0.194096	0.200017	0.121036	0.245854	1.45111	0.579884	0.49422
3280000	-20.54073	0	-20.54073	0.0790173	0.156277	0.150777	0.349263	0.130187	0.0621166	1.46681	1.89883	0.340462
3290000	-25.44318	0	-25.44318	0.0657798	0.324929	0.265505	0.329738	0.123586	0.0843514	1.09853	0.13244	5.70663
3300000	-23.60696	0	-23.60696	0.110738	0.21398	0.0714778	0.421828	0.105773	0.130808	1.85722	0.430129	0.613709
3310000	-17.52868	0	-17.52868	0.183709	0.163667	0.222664	0.415177	0.135931	0.143402	2.18537	0.698583	0.349963
3320000	-26.55466	0	-26.55466	0.111897	0.202488	0.168021	0.0864091	0.0747585	0.240343	0.635397	0.57535	0.163333
3330000	-23.05837	0	-23.05837	0.133017	0.20633	0.536999	0.149967	0.163941	0.0963838	1.26219	0.30318	2.08884
3340000	-25.0746	0	-25.0746	0.234034	0.131051	0.209379	0.310725	0.114906	0.08538	4.15561	2.00028	2.79475
3350000	-21.52761	0	-21.52761	0.172993	0.0762114	0.136479	0.299139	0.0760168	0.290617	1.46774	1.27111	1.11654
3360000	-22.27135	0	-22.27135	0.33045	0.160071	0.109968	0.342381	0.264153	0.117239	3.75317	0.518707	2.01339
3370000	-25.91619	0	-25.91619	0.199417	0.0803581	0.117142	0.885001	0.121312	0.0974166	0.379782	0.25791	1.19469
3380000	-24.10666	0	-24.10666	0.10951	0.171031	0.36014	0.165029	0.0723362	0.321081	0.864989	0.240495	0.589166
3390000	-19.70821	0	-19.70821	0.0618116	0.233284	0.123313	0.243672	0.175714	0.108775	2.96096	0.675862	0.297212
3400000	-23.69194	0	-23.69194	0.273173	0.124827	0.0900472	0.187354	0.0892413	0.118737	1.3041	0.291366	1.29987
3410000	-24.2491	0	-24.2491	0.144519	0.142005	0.16299	0.953233	0.130406	0.182291	0.761866	1.24028	0.835378
3420000	-23.41141	0	-23.41141	0.118024	0.0881641	0.11365	0.172956	0.113522	0.111023	1.36395	0.162144	0.867369
3430000	-19.11499	0	-19.11499	0.190138	0.115547	0.262511	0.431745	0.166096	0.092741	1.58328	2.69563	1.78114
3440000	-23.50318	0	-23.50318	0.0938993	0.212834	0.294664	0.320806	0.175523	0.156485	2.59062	0.505075	1.1606
3450000	-25.63293	0	-25.63293	0.149518	0.246997	0.378027	0.179521	0.0748181	0.237288	2.96412	0.269629	1.75891
3460000	-25.85212	0	-25.85212	0.0363652	0.459813	0.244659	0.300023	0.0728005	0.147782	1.86663	0.395644	2.42928
3470000	-25.89457	0	-25.89457	0.122133	0.226705	0.386723	0.469203	0.0978603	0.0292008	3.04179	1.10714	0.443587
3480000	-20.81173	0	-20.81173	0.106903	0.225814	0.269708	0.38874	0.0916845	0.101177	1.26852	0.308248	0.23005
3490000	-28.58443	0	-28.58443	0.218294	0.110287	0.246846	0.497501	0.129459	0.361682	1.05051	0.867093	2.49243
3500000	-19.74901	0	-19.74901	0.30594	0.13482	0.182252	0.290994	0.0620997	0.0778623	2.23635	0.824209	0.961497
3510000	-16.72339	0	-16.72339	0.142737	0.0639448	0.113846	0.340146	0.0884611	0.101563	2.07859	0.410151	0.198085
3520000	-23.0919	0	-23.0919	0.172063	0.187948	0.0890858	0.277992	0.0829054	0.107053	2.19493	0.46862	3.25354
3530000	-23.11657	0	-23.11657	0.270415	0.0823633	0.0926657	0.330985	0.137526	0.0747279	0.701636	0.250717	0.998702
3540000	-24.96596	0	-24.96596	0.105406	0.185016	0.218142	0.144232	0.231296	0.0884083	1.83461	0.285379	1.66898
3550000	-26.53532	0	-26.53532	0.159486	0.246518	0.224237	0.117665	0.264869	0.128718	0.864061	0.230343	0.317848
3560000	-21.53024	0	-21.53024	0.139141	0.100322	0.272823	0.254486	0.089158	0.128368	2.7198	0.485683	0.366232
3570000	-21.3898	0	-21.3898	0.142373	0.097636	0.16371	0.195474	0.118327	0.0866812	3.40903	0.489497	1.07618
3580000	-26.58052	0	-26.58052	0.156995	0.13836	0.404667	0.465124	0.166014	0.17047	1.50902	4.14303	1.03402
3590000	-17.48768	0	-17.48768	0.19421	0.169659	0.266175	0.249745	0.0928135	0.148013	1.34617	0.539449	1.3811
3600000	-19.384	0	-19.384	0.181635	0.253181	0.179048	0.226809	0.117291	0.136596	2.52144	0.452365	1.11368
3610000	-29.18821	0	-29.18821	0.0637005	0.0857015	0.113742	0.577405	0.0525987	0.132947	2.09	0.289049	0.213803
3620000	-21.68197	0	-21.68197	0.244468	0.216577	0.232073	0.227077	0.217627	0.0761358	0.892657	0.403804	0.373827
3630000	-25.85148	0	-25.85148	0.110701	0.222085	0.134479	0.345616	0.268615	0.155844	0.67844	0.426024	2.21923
3640000	-24.9117	0	-24.9117	0.430396	0.203508	0.172164	0.338591	0.199625	0.103494	2.46864	0.508099	1.41621
3650000	-23.26337	0	-23.26337	0.167209	0.229295	0.118113	0.42696	0.070075	0.149195	1.76649	1.44053	3.45085
3660000	-21.4042	0	-21.4042	0.126256	0.223197	0.130808	0.330723	0.114739	0.072202	2.40887	0.177558	0.0384209
3670000	-22.45471	0	-22.45471	0.192053	0.0596504	0.079363	0.147487	0.249433	0.130904	2.34817	0.854505	2.1457
3680000	-20.77438	0	-20.77438	0.196159	0.245828	0.159923	0.320927	0.0637945	0.0679409	0.621855	0.455576	0.467343
3690000	-25.77493	0	-25.77493	0.285351	0.0532564	0.27889	0.121218	0.166639	0.169549	0.463078	0.219087	1.14664
3700000	-31.49882	0	-31.49882	0.250763	0.260486	0.23489	0.267174	0.246406	0.137166	3.83404	0.441102	2.614
3710000	-30.81517	0	-30.81517	0.133493	0.232854	0.171912	0.548457	0.273427	0.095999	1.02818	0.894869	0.418553
3720000	-25.21069	0	-25.21069	0.203482	0.081825	0.25378	0.48243	0.212353	0.0801055	0.972969	0.233939	0.179008
3730000	-21.5657	0	-21.5657	0.361169	0.104322	0.142195	0.291984	0.231274	0.0793725	1.80003	3.69211	0.858687
3740000	-23.27353	0	-23.27353	0.135643	0.0801564	0.149607	0.219592	0.180449	0.0879599	1.81729	0.235526	0.196172
3750000	-25.3194	0	-25.3194	0.163137	0.262406	0.222514	0.320075	0.151401	0.0631338	0.87697	1.18783	0.66576
3760000	-20.85539	0	-20.85539	0.0814833	0.202844	0.080183	0.596147	0.0630187	0.0448579	1.54162	0.232054	0.850796
3770000	-24.43383	0	-24.43383	0.161054	0.164549	0.117405	0.147114	0.306176	0.0644425	2.17953	0.881762	0.549225
3780000	-25.02938	0	-25.02938	0.122432	0.149593	0.157418	0.42185	0.035496	0.127366	4.35779	0.757577	0.686302
3790000	-22.34268	0	-22.34268	0.265483	0.104856	0.165645	0.482535	0.149365	0.0517323	2.27257	0.341314	0.227839
3800000	-20.31331	0	-20.31331	0.169467	0.209362	0.202276	0.207778	0.121908	0.0968514	1.55772	0.230105	0.834161
3810000	-21.6066	0	-21.6066	0.140691	0.189799	0.0984784	0.289384	0.0790928	0.109842	2.65366	0.770995	0.183788
3820000	-24.2382	0	-24.2382	0.0866421	0.0800644	0.142122	0.60947	0.101648	0.104611	5.88014	0.949282	0.659809
3830000	-34.61083	0	-34.61083	0.0823421	0.396527	0.047181	0.565776	0.166087	0.0991967	1.43993	1.56227	1.05352
3840000	-20.62495	0	-20.62495	0.117551	0.174925	0.0949137	0.264639	0.0832459	0.104922	1.95761	0.13214	0.210805
3850000	-27.65514	0	-27.65514	0.176856	0.0951333	0.135911	0.314136	0.385508	0.232047	4.22665	3.10009	0.597966
3860000	-21.8282	0	-21.8282	0.142619	0.0654883	0.186781	0.251926	0.132125	0.0857362	2.46331	0.265023	0.350108
3870000	-28.27948	0	-28.27948	0.160783	0.254234	0.0853076	0.167045	0.114912	0.083123	0.794424	0.12381	0.586216
3880000	-26.19427	0	-26.19427	0.15792	0.135914	0.245771	0.509993	0.0691108	0.0983351	0.613171	0.110499	1.68268
3890000	-20.02937	0	-20.02937	0.177327	0.168302	0.100762	0.364923	0.0754068	0.129637	0.8888	1.36139	0.158201
3900000	-19.83896	0	-19.83896	0.12003	0.180312	0.225776	0.157809	0.0844942	0.165449	2.81364	0.441627	0.726181
3910000	-20.35406	0	-20.35406	0.0763406	0.146622	0.189979	0.223991	0.0992562	0.172244	1.83183	0.691013	0.893866
3920000	-27.03916	0	-27.03916	0.168808	0.160474	0.176768	0.755892	0.0895636	0.135482	1.84787	0.221264	2.32828
3930000	-20.48482	0	-20.48482	0.102322	0.194996	0.0515603	0.265547	0.139802	0.0726398	1.90748	0.657407	1.85493
3940000	-21.50748	0	-21.50748	0.321942	0.118257	0.149325	0.193464	0.0639573	0.186396	2.2594	1.76747	1.26164
3950000	-26.95116	0	-26.95116	0.102046	0.067087	0.11582	0.236226	0.037577	0.117148	2.25817	1.6117	2.7523
3960000	-23.53792	0	-23.53792	0.129366	0.192526	0.135911	0.569365	0.0500763	0.147569	1.1005	0.332636	1.52502
3970000	-19.63605	0	-19.63605	0.120203	0.254908	0.15762	0.282171	0.245395	0.0903439	0.87637	0.313219	0.618127
3980000	-19.83594	0	-19.83594	0.119667	0.0867547	0.123608	0.332335	0.191868	0.216198	1.08534	0.730971	1.00488
3990000	-22.39935	0	-22.39935	0.225449	0.151717	0.17857	0.481481	0.329505	0.114432	2.36501	0.531238	1.96263
4000000	-24.52937	0	-24.52937	0.205887	0.0967459	0.0910671	0.317902	0.0794939	0.251191	2.42712	0.404468	1.32457
4010000	-21.35903	0	-21.35903	0.0926772	0.0972594	0.260731	0.365226	0.188394	0.157474	0.97387	0.235668	0.49349
4020000	-20.10978	0	-20.10978	0.282786	0.131135	0.153886	0.398421	0.154837	0.123332	2.36746	1.13304	1.44216
4030000	-20.13069	0	-20.13069	0.0799074	0.0600267	0.136267	0.608758	0.0944297	0.0807918	1.00422	0.785688	0.730407
4040000	-24.2151	0	-24.2151	0.0738172	0.254762	0.20457	0.468268	0.052664	0.118326	1.63928	0.198815	0.747309
4050000	-23.71301	0	-23.71301	0.31444	0.185581	0.0775676	0.119073	0.0894475	0.11518	0.802812	0.742016	1.68081
4060000	-26.5707	0	-26.5707	0.202863	0.143232	0.157721	0.654365	0.209566	0.221548	4.38227	0.956322	0.973403
4070000	-32.1478	0	-32.1478	0.11745	0.265168	0.121887	0.604801	0.0823294	0.211456	2.56032	0.732618	0.507138
4080000	-25.58641	0	-25.58641	0.22282	0.197363	0.498293	0.289327	0.0497528	0.0883964	2.2881	0.50576	1.26179
4090000	-27.15798	0	-27.15798	0.121879	0.180938	0.0929166	0.241053	0.248553	0.129677	0.975737	0.150346	0.031921
4100000	-24.92831	0	-24.92831	0.47015	0.0874258	0.0850951	0.388548	0.0674453	0.108518	1.93203	0.346231	1.82593
4110000	-19.4703	0	-19.4703	0.0784969	0.0953803	0.251648	0.398459	0.13927	0.117718	0.926109	0.204822	0.510504
4120000	-20.55556	0	-20.55556	0.151346	0.285254	0.13598	0.557262	0.093095	0.07145	1.16923	0.613846	0.865303
4130000	-25.59294	0	-25.59294	0.137989	0.202885	0.134606	0.334029	0.206342	0.0935262	2.10818	0.267895	0.110515
4140000	-22.85585	0	-22.85585	0.091345	0.332279	0.165285	0.322248	0.110018	0.139076	1.05396	0.231119	0.102959
4150000	-25.07208	0	-25.07208	0.198617	0.161838	0.145665	0.384306	0.137439	0.206335	3.92446	0.634555	0.23399
4160000	-20.58305	0	-20.58305	0.0775487	0.0915471	0.144017	0.245016	0.143608	0.0982104	0.724246	0.336149	0.900336
4170000	-22.43372	0	-22.43372	0.116593	0.225901	0.10258	0.343376	0.175058	0.229116	1.30926	0.385448	0.197302
4180000	-23.86852	0	-23.86852	0.233168	0.168008	0.0872234	0.606949	0.165942	0.110525	2.64131	0.372547	1.52233
4190000	-23.58829	0	-23.58829	0.167396	0.0904792	0.243091	0.388832	0.0336184	0.0859634	3.3175	0.219087	0.936349
4200000	-21.77989	0	-21.77989	0.0484446	0.0502517	0.149015	0.204518	0.0736895	0.0531214	0.985937	0.339715	0.943012
4210000	-28.43855	0	-28.43855	0.0815439	0.321951	0.0560879	0.511119	0.11967	0.0989167	1.46694	0.0576139	0.450989
4220000	-27.01855	0	-27.01855	0.17259	0.221329	0.133926	0.263576	0.11693	0.167994	1.24327	1.63822	0.572215
4230000	-18.80277	0	-18.80277	0.135876	0.102202	0.280565	0.205255	0.13892	0.132621	0.569637	0.148287	0.170839
4240000	-23.67597	0	-23.67597	0.112511	0.141916	0.130714	0.214477	0.124628	0.0277257	3.50282	0.175039	0.566379
4250000	-19.06573	0	-19.06573	0.282114	0.159292	0.165019	0.474816	0.0874904	0.149466	1.35348	0.407852	0.280262
4260000	-23.84068	0	-23.84068	0.21056	0.253603	0.340862	0.290665	0.14193	0.280245	1.79872	0.950655	1.57133
4270000	-21.93848	0	-21.93848	0.113619	0.131783	0.0805301	0.795651	0.0985916	0.0765431	1.53901	0.653501	2.07339
4280000	-21.82865	0	-21.82865	0.0966334	0.322933	0.214903	0.558352	0.116299	0.120084	2.04371	0.137469	0.188694
4290000	-23.41688	0	-23.41688	0.186877	0.0736406	0.244586	0.659709	0.164054	0.183301	2.58805	0.84968	1.26875
4300000	-28.82476	0	-28.82476	0.188086	0.309537	0.176263	0.255225	0.227538	0.101121	4.22875	0.493022	6.71307
4310000	-23.5548	0	-23.5548	0.144483	0.322357	0.153054	0.364225	0.127572	0.0761112	1.28412	0.380203	0.0852873
4320000	-25.18616	0	-25.18616	0.222262	0.322622	0.218757	0.122113	0.097285	0.193263	0.507919	0.339951	2.31667
4330000	-20.57664	0	-20.57664	0.114958	0.204331	0.202249	0.326668	0.0859139	0.0705053	2.00198	0.409357	0.907467
4340000	-16.97727	0	-16.97727	0.119488	0.163899	0.287588	0.512141	0.0739106	0.0818622	1.38499	1.0414	0.692612
4350000	-19.92053	0	-19.92053	0.0904965	0.13939	0.147923	0.187799	0.125042	0.0769836	2.0828	1.72833	1.5821
4360000	-26.10464	0	-26.10464	0.0961148	0.186719	0.0733494	0.716878	0.126275	0.0545063	1.63379	0.384051	0.719815
4370000	-19.18128	0	-19.18128	0.139406	0.150692	0.130411	0.508112	0.0889473	0.1015	1.7972	2.83282	1.11457
4380000	-24.84338	0	-24.84338	0.149648	0.152765	0.17131	0.245241	0.237542	0.155186	0.728164	0.815725	0.162634
4390000	-25.35274	0	-25.35274	0.0755999	0.120128	0.217698	0.52948	0.0759858	0.0903958	6.35302	0.292072	0.708431
4400000	-27.37604	0	-27.37604	0.255401	0.1335	0.166568	0.189399	0.180538	0.0871924	1.88066	0.950437	0.752225
4410000	-22.49686	0	-22.49686	0.224731	0.343992	0.141574	0.276415	0.0909638	0.0875891	1.98196	0.430041	1.11726
4420000	-21.09991	0	-21.09991	0.185596	0.127438	0.0872473	0.54072	0.118849	0.0816747	0.797499	0.275389	0.354299
4430000	-25.93908	0	-25.93908	0.0451451	0.152542	0.198013	0.456043	0.141532	0.0935722	1.97512	0.131243	0.0695274
4440000	-23.69183	0	-23.69183	0.111135	0.0720861	0.197095	0.44838	0.0865641	0.124866	0.641847	0.352515	0.24282
4450000	-20.8708	0	-20.8708	0.0984847	0.0996629	0.105002	0.320425	0.0838061	0.114312	0.534464	0.235916	0.1916
4460000	-21.35416	0	-21.35416	0.207988	0.131133	0.096921	0.227999	0.0685941	0.107171	0.492539	1.08909	3.15644
4470000	-25.72034	0	-25.72034	0.194754	0.072795	0.236344	0.284984	0.04454	0.0643118	2.97577	0.396177	1.69377
4480000	-25.61918	0	-25.61918	0.133539	0.445734	0.134552	0.1521	0.0806616	0.0626914	2.25414	0.50391	0.355591
4490000	-24.88733	0	-24.88733	0.248799	0.194665	0.0549025	0.284137	0.164797	0.0854435	0.923401	2.55903	0.397487
4500000	-18.25288	0	-18.25288	0.16656	0.165882	0.232429	0.591976	0.185696	0.0598845	1.22462	0.77055	0.436968
4510000	-20.24223	0	-20.24223	0.169871	0.196154	0.262794	0.527228	0.112679	0.180616	1.70757	0.712198	0.544248
4520000	-22.66427	0	-22.66427	0.178775	0.214201	0.224982	0.340352	0.164723	0.0676667	0.939061	0.455338	1.46769
4530000	-25.50346	0	-25.50346	0.288471	0.353065	0.179954	0.349177	0.100828	0.190738	2.75274	1.55519	2.2228
4540000	-21.36311	0	-21.36311	0.245644	0.240068	0.17114	0.382374	0.114631	0.185998	2.25414	0.404957	0.372491
4550000	-19.52656	0	-19.52656	0.160127	0.120124	0.167652	0.413168	0.111418	0.116074	1.16249	0.374399	0.516722
4560000	-20.49181	0	-20.49181	0.110391	0.108879	0.0945628	0.22314	0.0706107	0.0769127	2.12136	0.140583	1.56672
4570000	-22.73647	0	-22.73647	0.0494937	0.202886	0.0782901	0.313153	0.0530122	0.125012	2.16692	0.421228	3.22305
4580000	-24.07809	0	-24.07809	0.17346	0.475166	0.194403	0.410725	0.191188	0.0733397	0.694308	0.361605	0.133784
4590000	-27.207	0	-27.207	0.120693	0.110638	0.417181	0.186101	0.160446	0.144518	1.66494	0.54906	0.82488
4600000	-23.00243	0	-23.00243	0.122143	0.211641	0.289551	0.309501	0.167365	0.126625	1.484	0.22798	0.938598
4610000	-21.35516	0	-21.35516	0.338807	0.178547	0.141007	0.253317	0.246674	0.155346	3.8256	1.1165	0.406612
4620000	-26.96584	0	-26.96584	0.248892	0.0747317	0.19658	0.342418	0.041494	0.0889907	4.69944	0.314008	0.103221
4630000	-27.27831	0	-27.27831	0.257784	0.366318	0.102527	0.333933	0.156207	0.0920366	2.84134	1.99239	1.56752
4640000	-23.11658	0	-23.11658	0.435858	0.103915	0.231306	0.467183	0.0780884	0.0890927	0.526009	0.960833	2.26606
4650000	-21.64994	0	-21.64994	0.255132	0.158043	0.164647	0.240606	0.101763	0.0870805	1.81138	2.13002	1.28665
4660000	-20.04528	0	-20.04528	0.195599	0.262376	0.151514	0.433698	0.107548	0.126341	2.1111	0.926778	1.08919
4670000	-29.21128	0	-29.21128	0.230117	0.0698042	0.124328	0.367354	0.0693582	0.0832022	1.37961	0.111764	0.0551724
4680000	-22.45479	0	-22.45479	0.120534	0.186596	0.100433	0.232886	0.245586	0.0364458	1.41412	0.342713	0.47035
4690000	-22.4097	0	-22.4097	0.113988	0.206482	0.0852496	0.337777	0.201657	0.0965203	0.616543	0.273904	0.135725
4700000	-21.13665	0	-21.13665	0.102441	0.0731898	0.320216	0.334324	0.178186	0.138373	1.90488	0.9479	0.63721
4710000	-17.08215	0	-17.08215	0.14871	0.186093	0.134518	0.244002	0.0788892	0.0852964	1.26987	0.499294	2.10732
4720000	-25.64509	0	-25.64509	0.0733138	0.0992021	0.151771	0.686039	0.179888	0.11801	1.20708	0.419701	4.07222
4730000	-19.89033	0	-19.89033	0.0640741	0.223507	0.085567	0.486956	0.161866	0.120716	0.977027	0.486552	0.771921
4740000	-29.26503	0	-29.26503	0.588114	0.145397	0.173331	0.30682	0.132942	0.112982	2.11581	1.85466	2.32024
4750000	-21.2073	0	-21.2073	0.167714	0.217013	0.320097	0.129541	0.134461	0.0964605	1.21234	1.07745	1.33845
4760000	-22.97067	0	-22.97067	0.123313	0.0698061	0.14408	0.189184	0.0786863	0.0322834	0.921475	1.01158	1.50229
4770000	-22.58393	0	-22.58393	0.130364	0.132358	0.31108	0.442985	0.123122	0.224721	1.48749	0.355939	0.501031
4780000	-20.80039	0	-20.80039	0.0945127	0.102335	0.369956	0.211376	0.080749	0.124195	1.89184	0.438213	0.905604
4790000	-18.07444	0	-18.07444	0.104108	0.215008	0.176562	0.430481	0.153575	0.099667	1.30315	0.749624	0.983728
4800000	-31.64287	0	-31.64287	0.526036	0.0556127	0.224202	0.628183	0.0823868	0.108496	0.497153	0.145633	0.271773
4810000	-24.45126	0	-24.45126	0.160997	0.188974	0.117092	0.409558	0.250134	0.21291	3.67362	0.61008	0.792058
4820000	-21.7874	0	-21.7874	0.0816552	0.262056	0.124916	0.456932	0.0863069	0.106215	1.66607	1.23436	1.42264
4830000	-21.85904	0	-21.85904	0.133416	0.0581485	0.154532	0.218208	0.150821	0.0919059	1.87073	1.20564	0.960461
4840000	-26.95938	0	-26.95938	0.138001	0.225798	0.26971	0.306229	0.0683439	0.147916	2.83022	0.131504	0.220459
4850000	-25.84555	0	-25.84555	0.0548103	0.18232	0.27957	0.660907	0.0991798	0.123651	0.91357	0.440586	1.92958
4860000	-20.46903	0	-20.46903	0.32476	0.123466	0.108478	0.268126	0.0718811	0.0986716	1.74839	3.75172	1.95465
4870000	-23.78608	0	-23.78608	0.125846	0.353424	0.109393	0.308418	0.078259	0.292376	2.0073	0.202411	1.46802
4880000	-26.57148	0	-26.57148	0.233983	0.199297	0.370485	0.318135	0.108193	0.233735	2.36019	0.300278	4.05356
4890000	-23.90498	0	-23.90498	0.135944	0.178802	0.097301	0.275659	0.147272	0.131984	1.98742	2.02674	1.12563
4900000	-21.1039	0	-21.1039	0.394278	0.0908348	0.194877	0.326288	0.126325	0.0829567	1.59378	0.739023	2.66696
4910000	-22.88267	0	-22.88267	0.255743	0.091273	0.172354	0.38235	0.065907	0.269878	1.39	0.657688	1.13427
4920000	-28.49892	0	-28.49892	0.0932655	0.178154	0.21929	0.304386	0.153639	0.102099	3.26282	1.17636	3.68276
4930000	-31.59782	0	-31.59782	0.0740256	0.411744	0.137342	0.187847	0.192147	0.0961216	2.79265	0.113833	0.135071
4940000	-23.54985	0	-23.54985	0.111824	0.275762	0.0673218	0.362781	0.115594	0.080844	4.3846	0.265792	0.531331
4950000	-22.01251	0	-22.01251	0.299565	0.103794	0.0655156	0.253527	0.0969996	0.0757848	1.11047	0.717044	0.243389
4960000	-22.97987	0	-22.97987	0.0783128	0.0841958	0.302366	0.471732	0.117112	0.176862	2.44921	0.153262	1.09502
4970000	-20.55528	0	-20.55528	0.120582	0.0891929	0.201887	0.303605	0.0789008	0.169461	2.4931	1.17118	1.07099
4980000	-17.19219	0	-17.19219	0.0997526	0.187634	0.170387	0.327084	0.0857322	0.141682	1.5188	0.313304	1.17947
4990000	-22.27005	0	-22.27005	0.226047	0.211293	0.127831	0.29274	0.0507657	0.13671	0.382847	0.389806	0.863202
5000000	-19.5721	0	-19.5721	0.210796	0.0549432	0.150718	0.302194	0.134419	0.0846599	0.819846	0.323535	1.72274
