Iteration	Posterior	Likelihood	Prior	lambda[1]	lambda[2]	lambda[3]	mu[1]	mu[2]	mu[3]	psi[1]	psi[2]	psi[3]
0	-32.07548	0	-32.07548	0.211731	0.15295	0.207941	0.064208	0.145131	0.247661	1.96181	0.279378	0.031825
10000	-23.179	0	-23.179	0.150436	0.201684	0.15408	0.30202	0.255945	0.147849	2.81644	0.254993	2.05054
20000	-20.48409	0	-20.48409	0.0629807	0.184883	0.290401	0.503522	0.114325	0.10088	1.81561	0.497093	2.45394
30000	-23.51471	0	-23.51471	0.178596	0.218169	0.155767	0.387495	0.127497	0.350583	0.735834	0.519896	2.7526
40000	-21.32143	0	-21.32143	0.123311	0.122095	0.125085	0.372768	0.117227	0.0455917	1.51928	0.079049	0.708372
50000	-19.2218	0	-19.2218	0.101146	0.137086	0.132546	0.431253	0.102212	0.213691	2.01204	0.345311	1.88987
60000	-29.97951	0	-29.97951	0.134055	0.174946	0.834306	0.251641	0.17359	0.13492	3.91187	0.800757	2.97636
70000	-23.9152	0	-23.9152	0.182245	0.146005	0.275536	0.375897	0.0478092	0.173017	1.36347	0.406674	0.0713888
80000	-17.86795	0	-17.86795	0.272318	0.125894	0.0650265	0.367108	0.191566	0.184671	2.57519	1.51854	0.993274
90000	-22.83659	0	-22.83659	0.291675	0.139771	0.425155	0.423344	0.136694	0.100893	1.09842	0.874541	2.34473
100000	-21.00303	0	-21.00303	0.197914	0.152904	0.0914221	0.218631	0.141536	0.100952	2.33856	0.347902	0.344248
110000	-23.22734	0	-23.22734	0.180974	0.288931	0.177075	0.18534	0.363312	0.119591	2.73377	0.750638	0.803991
120000	-26.88513	0	-26.88513	0.264009	0.158329	0.21542	0.123784	0.104551	0.266418	0.511755	0.197531	0.112282
130000	-24.72198	0	-24.72198	0.289222	0.202277	0.0923467	0.150409	0.0730872	0.11083	2.60542	0.386071	0.138462
140000	-23.27154	0	-23.27154	0.190886	0.0737585	0.131005	0.181821	0.0981262	0.0395533	1.86386	0.654841	4.73863
150000	-30.62116	0	-30.62116	0.261955	0.323219	0.182877	0.412627	0.145856	0.0858459	2.38811	0.124681	0.00846991
160000	-24.34371	0	-24.34371	0.0636245	0.272507	0.0700341	0.447267	0.184248	0.0448584	2.88004	0.438118	1.54255
170000	-23.95464	0	-23.95464	0.101066	0.0843591	0.273705	0.299925	0.137208	0.131163	3.19858	0.694348	4.98085
180000	-23.53089	0	-23.53089	0.0896142	0.422036	0.167836	0.205604	0.119455	0.151381	4.71609	0.131747	1.38106
190000	-18.92722	0	-18.92722	0.110246	0.245518	0.122201	0.337713	0.156194	0.189404	1.6397	0.20059	0.435028
200000	-26.06562	0	-26.06562	0.114986	0.122527	0.206366	0.280255	0.100642	0.0800335	3.44816	0.0303766	0.533668
210000	-26.01909	0	-26.01909	0.100671	0.108943	0.209974	0.430388	0.135045	0.132161	4.989	1.51458	2.79111
220000	-27.72209	0	-27.72209	0.0366605	0.115927	0.461776	0.526875	0.0455388	0.0723686	2.42637	0.126282	0.181963
230000	-34.87659	0	-34.87659	0.470563	0.154405	0.123212	0.429701	0.141924	0.0952599	11.1935	0.150949	0.853418
240000	-30.51192	0	-30.51192	0.242661	0.30448	0.0686069	0.086731	0.0670193	0.106068	3.55925	0.699791	1.50404
250000	-17.41876	0	-17.41876	0.278426	0.107881	0.140266	0.471759	0.0648297	0.0568546	0.607532	0.621067	2.02089
260000	-24.11946	0	-24.11946	0.154854	0.15663	0.203288	0.526928	0.0966729	0.118849	2.63153	0.171061	0.719263
270000	-19.96612	0	-19.96612	0.0598311	0.13204	0.0896983	0.187717	0.0861959	0.205673	1.48979	0.226774	1.81876
280000	-19.59856	0	-19.59856	0.309077	0.15849	0.109332	0.263893	0.0998709	0.0531848	3.56369	0.611068	0.081096
290000	-22.39213	0	-22.39213	0.193628	0.342241	0.0838543	0.253094	0.165416	0.159794	1.5131	0.407689	0.169133
300000	-22.23276	0	-22.23276	0.253444	0.247086	0.130302	0.363669	0.0459156	0.132294	1.2238	1.3327	0.16925
310000	-25.53066	0	-25.53066	0.325119	0.179406	0.074487	0.217104	0.457478	0.0710239	1.01522	0.0971389	0.351249
320000	-25.10683	0	-25.10683	0.35191	0.0925855	0.110033	0.207577	0.105898	0.214914	1.41163	1.45382	1.6063
330000	-23.79384	0	-23.79384	0.471984	0.0937888	0.136443	0.264379	0.0795323	0.205285	0.908121	0.396439	1.22521
340000	-22.44585	0	-22.44585	0.204764	0.18233	0.0614818	0.315002	0.155137	0.079796	4.82081	0.397099	1.27346
350000	-20.65879	0	-20.65879	0.110434	0.216733	0.0571696	0.502534	0.0494756	0.0814202	0.829243	0.246629	2.75605
360000	-21.63859	0	-21.63859	0.141879	0.272334	0.172624	0.303255	0.158766	0.278345	2.60378	0.318017	1.49714
370000	-25.35115	0	-25.35115	0.133996	0.172024	0.197732	0.12699	0.129437	0.205611	3.43594	0.142428	0.294643
380000	-23.96214	0	-23.96214	0.176099	0.109692	0.0770031	0.463016	0.269517	0.116964	1.26396	0.903617	0.378718
390000	-26.54951	0	-26.54951	0.15431	0.123702	0.115577	0.159444	0.250857	0.141172	1.19084	0.330145	0.525313
400000	-22.76026	0	-22.76026	0.0743276	0.149905	0.07943	0.233516	0.179561	0.255374	4.45534	0.354256	2.53227
410000	-22.41144	0	-22.41144	0.0904664	0.150943	0.173919	0.460395	0.157504	0.0351928	3.81728	0.408341	0.674857
420000	-20.19956	0	-20.19956	0.213072	0.212196	0.0560281	0.278587	0.121828	0.0488416	4.5758	0.321922	0.12398
430000	-28.70178	0	-28.70178	0.0525613	0.0868857	0.104202	0.226667	0.158218	0.063408	5.07444	0.486359	0.0677026
440000	-24.51753	0	-24.51753	0.05903	0.225918	0.309053	0.228188	0.0762078	0.0941878	2.10005	0.124717	1.37495
450000	-26.30849	0	-26.30849	0.350081	0.393745	0.307567	0.229052	0.0641041	0.0578506	2.72787	0.553988	1.1178
460000	-21.93131	0	-21.93131	0.240796	0.102309	0.0555182	0.443548	0.191714	0.0873522	0.556748	0.124314	0.588922
470000	-21.0597	0	-21.0597	0.0934702	0.208014	0.0730465	0.451239	0.0939365	0.129868	2.00917	0.145606	0.287321
480000	-20.89239	0	-20.89239	0.244745	0.0663859	0.145607	0.150037	0.0759914	0.0888361	4.55003	0.631468	1.61161
490000	-23.10929	0	-23.10929	0.217967	0.203981	0.17662	0.408047	0.125736	0.197217	1.48156	0.0381885	1.13522
500000	-26.44872	0	-26.44872	0.0900064	0.15254	0.197216	0.298294	0.0591753	0.0343022	2.4227	0.600729	2.36577
510000	-20.18453	0	-20.18453	0.0522701	0.159245	0.118522	0.342353	0.0951705	0.0552535	1.81998	0.792558	0.167633
520000	-23.72006	0	-23.72006	0.0761611	0.283606	0.156216	0.277467	0.151486	0.106211	2.81797	0.0220429	0.581577
530000	-33.37098	0	-33.37098	0.203404	0.0722683	0.22211	0.357096	0.15603	0.0727619	9.98153	0.318145	0.324025
540000	-21.58795	0	-21.58795	0.137592	0.0763822	0.136848	0.273471	0.0906106	0.231283	2.74757	0.983303	2.67238
550000	-24.68713	0	-24.68713	0.203665	0.188592	0.0706185	0.573209	0.140253	0.12106	2.76668	0.182058	0.965534
560000	-23.0458	0	-23.0458	0.21956	0.0472531	0.197821	0.254253	0.140423	0.0669725	0.979385	2.16394	1.64461
570000	-18.86343	0	-18.86343	0.139805	0.134382	0.150486	0.241544	0.0743923	0.0889449	0.871196	0.908275	0.628366
580000	-20.20893	0	-20.20893	0.136486	0.17463	0.100163	0.394378	0.105291	0.132104	0.963855	2.09487	1.4975
590000	-18.23552	0	-18.23552	0.180263	0.252254	0.0682642	0.31286	0.0585405	0.16754	1.36255	0.52435	1.05615
600000	-23.06208	0	-23.06208	0.0962684	0.186935	0.145836	0.182459	0.158465	0.0355614	2.48844	0.541855	0.614474
610000	-19.0943	0	-19.0943	0.218547	0.171235	0.156609	0.504058	0.10444	0.111674	3.76181	1.38058	0.955473
620000	-26.68757	0	-26.68757	0.0849239	0.265819	0.184327	0.354749	0.188137	0.124874	2.37345	0.891619	0.320033
630000	-24.34694	0	-24.34694	0.175455	0.0850728	0.19119	0.286742	0.0914189	0.160212	2.8626	0.458516	1.48282
640000	-20.69474	0	-20.69474	0.245437	0.136145	0.230167	0.336614	0.131608	0.277261	2.76167	1.51181	0.627661
650000	-17.66435	0	-17.66435	0.161489	0.150499	0.116095	0.26301	0.171734	0.127223	2.19619	0.441647	0.860266
660000	-22.96745	0	-22.96745	0.326326	0.0964677	0.0809551	0.325422	0.0910488	0.060007	1.99737	0.738225	1.83413
670000	-22.73994	0	-22.73994	0.130587	0.232718	0.143193	0.234886	0.118913	0.104253	2.71313	0.455435	0.102145
680000	-19.41847	0	-19.41847	0.218094	0.144688	0.157065	0.354472	0.127968	0.0928599	1.99996	0.357698	0.498679
690000	-20.0922	0	-20.0922	0.120155	0.153968	0.150635	0.248588	0.223497	0.128284	1.15796	0.271258	0.313867
700000	-20.22818	0	-20.22818	0.20368	0.135541	0.17141	0.256963	0.164309	0.11536	3.91144	0.119109	1.02876
710000	-22.03839	0	-22.03839	0.158415	0.109495	0.0422368	0.383505	0.233772	0.217763	2.92248	0.562497	1.32037
720000	-26.20148	0	-26.20148	0.334261	0.147691	0.415999	0.472947	0.210546	0.244066	1.04517	0.505422	1.18768
730000	-26.80579	0	-26.80579	0.141318	0.266257	0.12073	0.392197	0.304211	0.0423046	0.729565	0.281706	1.10719
740000	-28.61405	0	-28.61405	0.0552034	0.172515	0.165306	0.0804634	0.0943415	0.110114	2.14677	0.103116	0.0600328
750000	-25.75221	0	-25.75221	0.205178	0.29682	0.0838746	0.545466	0.163771	0.064528	1.59008	0.846911	1.79639
760000	-19.90594	0	-19.90594	0.316357	0.103281	0.3255	0.286066	0.0958484	0.188219	1.26442	0.803262	1.09112
770000	-25.74516	0	-25.74516	0.213203	0.118123	0.0507039	0.765497	0.0269183	0.150497	2.04296	0.210931	1.71747
780000	-19.71559	0	-19.71559	0.0976659	0.203545	0.116494	0.327829	0.105893	0.156961	1.57326	0.121812	1.00325
790000	-20.87585	0	-20.87585	0.101714	0.201726	0.0927958	0.296793	0.144088	0.10845	4.12604	0.714961	0.623583
800000	-18.77657	0	-18.77657	0.261584	0.227509	0.198699	0.396853	0.0568125	0.0775148	1.48514	0.451786	1.45451
810000	-21.46861	0	-21.46861	0.395734	0.13112	0.142496	0.571086	0.149795	0.111417	1.84661	1.35733	4.16686
820000	-23.84193	0	-23.84193	0.154946	0.227644	0.118562	0.326215	0.146883	0.108899	5.09511	0.254481	2.5995
830000	-24.02389	0	-24.02389	0.337355	0.171312	0.187545	0.239379	0.233372	0.0712434	3.50954	0.228865	0.149909
840000	-20.5537	0	-20.5537	0.330606	0.209645	0.109635	0.275919	0.11284	0.140053	2.41299	1.03293	1.19049
850000	-19.8024	0	-19.8024	0.157206	0.129107	0.208737	0.466706	0.111339	0.0713663	1.61464	0.654644	0.358074
860000	-20.10158	0	-20.10158	0.152154	0.242435	0.109385	0.159301	0.0994435	0.0854457	1.36545	0.785838	0.4412
870000	-21.4922	0	-21.4922	0.0636589	0.113085	0.164404	0.393303	0.155933	0.0968091	2.88214	0.901301	0.518199
880000	-24.21467	0	-24.21467	0.320074	0.278343	0.0846324	0.432488	0.167949	0.238907	1.84334	0.464193	0.623957
890000	-22.93025	0	-22.93025	0.16984	0.214234	0.189283	0.307066	0.152451	0.199368	1.3452	0.323031	3.05678
900000	-19.17167	0	-19.17167	0.117981	0.0613024	0.134414	0.279287	0.135394	0.0577754	1.62676	1.24514	1.14961
910000	-23.97758	0	-23.97758	0.316295	0.164826	0.104923	0.198454	0.159148	0.160149	1.82314	0.304873	0.201732
920000	-19.36604	0	-19.36604	0.329817	0.190264	0.171055	0.24597	0.0822341	0.16645	3.47173	0.580586	1.00581
930000	-16.61865	0	-16.61865	0.121413	0.110372	0.111847	0.315961	0.0828453	0.076811	2.67969	0.446521	0.397711
940000	-18.70756	0	-18.70756	0.34933	0.0996959	0.21005	0.439722	0.0757942	0.0820499	1.38171	2.27827	2.42779
950000	-22.79198	0	-22.79198	0.141297	0.11509	0.0639008	0.348096	0.0758375	0.0851257	2.28149	0.865662	2.7298
960000	-22.08228	0	-22.08228	0.249579	0.277086	0.103025	0.444126	0.192864	0.0701353	1.53049	1.21384	2.34104
970000	-22.54305	0	-22.54305	0.278429	0.243377	0.0268118	0.274112	0.159583	0.0586246	2.10976	0.999751	0.426058
980000	-23.00418	0	-23.00418	0.18947	0.225656	0.135794	0.443157	0.0579356	0.0732732	1.16042	0.743409	0.260391
990000	-22.50562	0	-22.50562	0.152258	0.223178	0.262917	0.211447	0.198418	0.0574237	1.86122	0.461698	0.283904
1000000	-22.96386	0	-22.96386	0.101928	0.0824211	0.36761	0.293255	0.0535096	0.110108	1.3992	0.164338	0.88151
1010000	-22.46761	0	-22.46761	0.172982	0.11941	0.347792	0.479271	0.131954	0.107363	2.19157	0.694324	3.63949
1020000	-20.65001	0	-20.65001	0.0941911	0.109039	0.104034	0.200164	0.0793795	0.0449854	1.31571	0.480701	2.37102
1030000	-27.63515	0	-27.63515	0.157966	0.168616	0.0358182	0.184259	0.146053	0.0950197	3.42617	0.367314	0.725289
1040000	-21.95188	0	-21.95188	0.150055	0.126452	0.117935	0.408014	0.0315789	0.179843	2.18123	0.560195	0.633296
1050000	-25.95622	0	-25.95622	0.0955988	0.151486	0.400444	0.446531	0.196745	0.123642	1.07716	0.551008	4.27775
1060000	-21.87471	0	-21.87471	0.140017	0.105658	0.165811	0.449458	0.1469	0.0603147	2.20633	0.149875	0.360281
1070000	-22.23217	0	-22.23217	0.291482	0.198752	0.134051	0.288453	0.070963	0.142464	3.35645	0.0828388	0.25789
1080000	-17.71299	0	-17.71299	0.106869	0.174585	0.150512	0.241759	0.135655	0.0591065	1.11663	0.216147	0.439931
1090000	-24.06504	0	-24.06504	0.176022	0.53313	0.179585	0.234695	0.0745935	0.0821336	1.27971	2.94483	1.61102
1100000	-30.28799	0	-30.28799	0.168852	0.0657584	0.132998	0.525114	0.171008	0.0462297	2.31142	0.0964027	0.105907
1110000	-19.93117	0	-19.93117	0.110393	0.282776	0.0915506	0.249532	0.131799	0.0624317	1.15751	0.887887	1.86387
1120000	-26.25584	0	-26.25584	0.107803	0.0714722	0.343441	0.208949	0.171607	0.0690377	4.34443	0.495615	1.20447
1130000	-28.54494	0	-28.54494	0.299169	0.0900245	0.268865	0.264542	0.114414	0.0608855	4.03907	0.731632	4.78308
1140000	-21.45843	0	-21.45843	0.152265	0.180032	0.0933074	0.253955	0.231076	0.11281	1.72443	0.41044	0.119038
1150000	-26.91857	0	-26.91857	0.0698015	0.241794	0.145663	0.232188	0.0363771	0.335327	3.41348	0.232965	0.550071
1160000	-25.88685	0	-25.88685	0.114254	0.232508	0.179868	0.515032	0.200155	0.060744	2.81064	0.180762	0.282586
1170000	-27.46459	0	-27.46459	0.0871952	0.0639599	0.427337	0.249108	0.0998056	0.130298	0.55281	0.217769	0.138007
1180000	-17.35775	0	-17.35775	0.227248	0.124614	0.273039	0.38441	0.135796	0.159305	0.693677	0.665615	1.14969
1190000	-21.61102	0	-21.61102	0.0718683	0.142602	0.19808	0.31772	0.213066	0.0848456	2.26965	0.182316	0.699922
1200000	-25.56578	0	-25.56578	0.143472	0.480717	0.0846111	0.371592	0.141653	0.21983	5.13292	0.417077	3.11831
1210000	-22.98918	0	-22.98918	0.211623	0.0714143	0.134652	0.510531	0.131926	0.0436875	1.38562	0.372619	0.691735
1220000	-25.13544	0	-25.13544	0.453273	0.0800436	0.0481188	0.521909	0.208599	0.128918	4.12593	0.169035	0.589987
1230000	-19.63634	0	-19.63634	0.207014	0.233725	0.121414	0.430751	0.118522	0.162426	1.23417	0.225282	0.56938
1240000	-30.7762	0	-30.7762	0.105645	0.346564	0.159056	1.16492	0.072738	0.0492624	1.82249	0.30057	0.113233
1250000	-21.58014	0	-21.58014	0.209342	0.234653	0.0969291	0.390558	0.221944	0.0495337	3.79743	0.437361	1.35593
1260000	-27.35655	0	-27.35655	0.293443	0.207006	0.0871876	0.201133	0.0739697	0.159683	1.6957	0.825872	4.39419
1270000	-28.31444	0	-28.31444	0.131238	0.114171	0.0734801	0.116186	0.0815109	0.0890294	3.28405	0.240753	0.821518
1280000	-22.19742	0	-22.19742	0.134075	0.208225	0.177365	0.413414	0.234751	0.0848364	3.23102	1.20954	2.35453
1290000	-20.35808	0	-20.35808	0.217272	0.249837	0.1619	0.526692	0.148456	0.0494328	2.7375	0.466437	0.312489
1300000	-21.02671	0	-21.02671	0.337712	0.0670678	0.117316	0.300206	0.106693	0.122565	3.4955	0.472746	1.55442
1310000	-19.09551	0	-19.09551	0.18471	0.185226	0.167175	0.30292	0.128404	0.186811	1.98969	0.155864	0.712185
1320000	-20.98125	0	-20.98125	0.154506	0.300201	0.17106	0.559114	0.124516	0.0752214	1.42584	0.3253	0.854877
1330000	-27.57733	0	-27.57733	0.20925	0.336643	0.0687122	0.392988	0.0600061	0.0314571	1.6516	0.338364	2.28266
1340000	-24.39742	0	-24.39742	0.140671	0.459865	0.227029	0.419448	0.254289	0.117177	1.98156	1.01373	2.52602
1350000	-19.83751	0	-19.83751	0.125269	0.221107	0.051926	0.381408	0.146979	0.161653	1.13303	0.507942	1.31274
1360000	-23.61642	0	-23.61642	0.214354	0.172869	0.196995	0.196909	0.277209	0.133212	1.7342	1.13734	2.26221
1370000	-21.18725	0	-21.18725	0.2426	0.0941475	0.195131	0.573728	0.173226	0.0984379	2.43167	0.988711	0.616087
1380000	-28.39999	0	-28.39999	0.24425	0.124343	0.0923752	0.389064	0.146873	0.0993243	2.30389	0.409035	0.143218
1390000	-29.16174	0	-29.16174	0.13077	0.270237	0.11384	0.281781	0.0515223	0.0365116	2.95538	1.02346	0.0823235
1400000	-24.19836	0	-24.19836	0.105132	0.303166	0.185065	0.330054	0.0861118	0.0994022	0.793551	0.149297	0.313618
1410000	-27.5622	0	-27.5622	0.160011	0.120618	0.155766	0.277852	0.14501	0.0589582	2.39929	0.683871	0.113379
1420000	-23.44849	0	-23.44849	0.250646	0.233649	0.332184	0.265522	0.0905838	0.148856	2.88318	0.20881	1.02299
1430000	-20.57092	0	-20.57092	0.174129	0.164715	0.139975	0.258802	0.137434	0.0803363	1.90842	0.753384	0.326801
1440000	-16.73706	0	-16.73706	0.169246	0.104894	0.156506	0.327163	0.0664984	0.0717342	1.5008	2.20315	0.796024
1450000	-23.08266	0	-23.08266	0.207608	0.259591	0.132464	0.54312	0.0926022	0.23356	6.66732	0.761444	1.50985
1460000	-22.02475	0	-22.02475	0.145648	0.348603	0.273951	0.388787	0.0397701	0.113582	1.43633	0.733237	0.399583
1470000	-19.56491	0	-19.56491	0.172806	0.159129	0.16793	0.355642	0.152498	0.0668964	2.02147	0.354725	0.856213
1480000	-22.63489	0	-22.63489	0.207731	0.139201	0.215225	0.321131	0.12138	0.186243	2.14807	0.154238	2.87839
1490000	-24.36363	0	-24.36363	0.460967	0.226611	0.13365	0.369036	0.20269	0.171779	2.62008	1.8977	0.902098
1500000	-21.44736	0	-21.44736	0.142996	0.110853	0.147877	0.605404	0.15853	0.0854133	1.39293	0.418926	1.728
1510000	-24.94951	0	-24.94951	0.170318	0.24108	0.0472253	0.142682	0.0909347	0.0624146	3.85926	1.16269	1.5717
1520000	-20.35837	0	-20.35837	0.103503	0.174388	0.231169	0.460339	0.0899663	0.102103	0.797852	0.553634	0.602998
1530000	-20.71448	0	-20.71448	0.137545	0.154999	0.0625639	0.250841	0.16063	0.05318	2.84425	0.37424	0.247641
1540000	-26.64992	0	-26.64992	0.160466	0.127484	0.0851586	0.566067	0.0857119	0.0727241	3.09968	0.152608	0.0900052
1550000	-20.89237	0	-20.89237	0.147548	0.10582	0.129013	0.198267	0.195016	0.125407	1.4672	0.236307	1.18121
1560000	-22.88466	0	-22.88466	0.0652899	0.0957613	0.0737093	0.146691	0.142441	0.129968	1.09974	1.00102	2.9175
1570000	-17.67145	0	-17.67145	0.182006	0.144088	0.148416	0.480108	0.133017	0.160982	3.07358	0.872456	0.59205
1580000	-19.46109	0	-19.46109	0.136	0.0714372	0.190572	0.233757	0.186287	0.0591077	1.08084	0.999132	0.818427
1590000	-25.23867	0	-25.23867	0.111622	0.160089	0.0695862	0.127275	0.162677	0.204895	2.42452	1.90178	3.54883
1600000	-22.97552	0	-22.97552	0.318641	0.0866327	0.103183	0.271698	0.185078	0.0521615	0.47944	2.23654	1.57676
1610000	-21.83883	0	-21.83883	0.328902	0.134908	0.104097	0.367922	0.0621049	0.228328	4.22986	0.623584	0.388973
1620000	-27.82335	0	-27.82335	0.367514	0.164019	0.131348	0.297601	0.093498	0.0805838	2.5002	1.03142	0.760186
1630000	-18.10783	0	-18.10783	0.0791321	0.192228	0.159807	0.264537	0.129318	0.0941338	0.542188	0.259698	0.97407
1640000	-27.29573	0	-27.29573	0.142717	0.119509	0.0655643	0.714268	0.213582	0.0652215	3.12553	0.683885	0.629974
1650000	-18.79755	0	-18.79755	0.0969091	0.158239	0.149468	0.249123	0.112878	0.107705	3.3793	0.820004	1.68396
1660000	-17.7307	0	-17.7307	0.208232	0.165572	0.127643	0.337939	0.138897	0.0842205	1.18303	1.21631	0.43607
1670000	-26.99754	0	-26.99754	0.231597	0.187475	0.148326	0.679889	0.233195	0.103733	1.15095	1.32911	2.39489
1680000	-21.3538	0	-21.3538	0.0878633	0.188837	0.144324	0.513655	0.0877077	0.044901	2.10949	0.182709	2.75946
1690000	-24.31262	0	-24.31262	0.198464	0.115199	0.17698	0.470628	0.219543	0.237498	3.24094	0.527058	2.00597
1700000	-23.89737	0	-23.89737	0.0943223	0.25036	0.0855557	0.299151	0.141928	0.165603	0.914157	0.55565	4.62081
1710000	-24.20275	0	-24.20275	0.265228	0.146916	0.31575	0.59725	0.162981	0.103444	4.9537	1.81856	1.03096
1720000	-19.26173	0	-19.26173	0.147862	0.150096	0.155753	0.260672	0.14177	0.0732332	2.58337	0.332685	0.467137
1730000	-25.60617	0	-25.60617	0.109544	0.127534	0.0852554	0.364768	0.173491	0.0952742	2.91295	1.45118	0.129846
1740000	-17.37332	0	-17.37332	0.14483	0.181569	0.0682403	0.278818	0.107594	0.0565637	4.06345	0.476696	0.475137
1750000	-23.92682	0	-23.92682	0.332913	0.362867	0.134903	0.382112	0.23566	0.197362	1.60399	0.496071	1.09254
1760000	-25.3523	0	-25.3523	0.102092	0.172616	0.143098	0.108182	0.182575	0.115016	2.37103	0.520488	0.479716
1770000	-20.51669	0	-20.51669	0.0859644	0.122145	0.0672093	0.449363	0.0917907	0.063681	2.38397	0.604541	1.15051
1780000	-30.69838	0	-30.69838	0.185036	0.192949	0.138166	0.185765	0.0712837	0.0757476	1.72354	0.339329	0.024222
1790000	-30.6297	0	-30.6297	0.154208	0.219982	0.0725819	0.214625	0.161503	0.038662	7.72017	0.522251	3.43361
1800000	-20.9395	0	-20.9395	0.196242	0.116887	0.284376	0.402759	0.0920905	0.0662059	1.61728	0.392106	1.0195
1810000	-24.2086	0	-24.2086	0.218298	0.0490217	0.0806542	0.246819	0.108731	0.184343	5.49025	0.501532	0.152247
1820000	-20.20439	0	-20.20439	0.0773305	0.257248	0.139676	0.342862	0.111834	0.104762	2.94164	0.277832	0.455209
1830000	-18.32481	0	-18.32481	0.182153	0.126902	0.0810364	0.269957	0.0771584	0.0842484	1.36107	0.638055	1.53316
1840000	-22.80705	0	-22.80705	0.22748	0.0772064	0.156013	0.322653	0.14274	0.279488	3.78644	0.591688	1.19181
1850000	-28.88343	0	-28.88343	0.206643	0.141202	0.244333	0.281857	0.107741	0.0691827	2.31727	0.86005	0.91696
1860000	-24.75438	0	-24.75438	0.219322	0.202412	0.237689	0.352484	0.196213	0.068969	0.529595	0.306513	0.430135
1870000	-24.7687	0	-24.7687	0.25329	0.130577	0.11483	0.20339	0.0662945	0.0591797	0.867355	0.627818	1.06278
1880000	-23.48359	0	-23.48359	0.211308	0.103429	0.0782489	0.701737	0.135487	0.117763	2.3109	0.40419	0.335263
1890000	-20.16796	0	-20.16796	0.298095	0.203706	0.118826	0.436387	0.135796	0.0553815	2.211	3.2823	1.66638
1900000	-23.03538	0	-23.03538	0.176491	0.37477	0.221349	0.227138	0.119563	0.200199	2.57215	0.856248	1.62396
1910000	-25.04648	0	-25.04648	0.0802827	0.27234	0.138601	0.395928	0.0676278	0.0765955	0.696443	0.834879	0.339718
1920000	-24.16486	0	-24.16486	0.140604	0.121331	0.0614807	0.226927	0.145093	0.0540019	2.89056	0.753747	0.048251
1930000	-21.11471	0	-21.11471	0.170493	0.152249	0.154267	0.251168	0.158541	0.0775493	2.24299	0.136315	1.46057
1940000	-19.60931	0	-19.60931	0.194393	0.0996529	0.0664987	0.397366	0.153603	0.0829824	3.82757	0.406222	0.336834
1950000	-21.28031	0	-21.28031	0.075504	0.140717	0.154295	0.631389	0.0796042	0.114622	2.26754	1.26776	0.94582
1960000	-23.71614	0	-23.71614	0.153677	0.319123	0.445433	0.305814	0.106421	0.145599	2.51659	1.64525	1.39695
1970000	-20.08498	0	-20.08498	0.0828887	0.142673	0.113722	0.280497	0.157961	0.179533	1.01981	0.193238	0.556259
1980000	-20.39246	0	-20.39246	0.178113	0.257408	0.139927	0.372063	0.0818382	0.157861	0.732485	0.350669	2.68415
1990000	-19.99277	0	-19.99277	0.0577131	0.122939	0.222797	0.244312	0.0958174	0.0999212	0.844244	0.212649	1.1105
2000000	-23.37823	0	-23.37823	0.169144	0.184149	0.198659	0.584723	0.22448	0.103715	1.66178	0.338894	1.6814
2010000	-17.71739	0	-17.71739	0.138771	0.294956	0.120454	0.533295	0.0776652	0.0866113	1.27639	0.227484	0.836202
2020000	-28.06554	0	-28.06554	0.129234	0.0372515	0.130084	0.260021	0.175316	0.107758	2.28426	0.269053	0.0942015
2030000	-20.41835	0	-20.41835	0.123632	0.18976	0.142384	0.612666	0.0939889	0.093681	2.02296	0.114054	0.507748
2040000	-24.78091	0	-24.78091	0.12957	0.329274	0.121515	0.481532	0.242422	0.0668549	2.93756	1.6152	3.94332
2050000	-29.68106	0	-29.68106	0.0243624	0.278938	0.120629	0.473205	0.0643492	0.207326	1.01246	0.401689	0.319965
2060000	-20.10286	0	-20.10286	0.180139	0.127287	0.102727	0.322561	0.0529294	0.078451	1.36272	2.03753	0.267961
2070000	-23.59204	0	-23.59204	0.393596	0.176748	0.206347	0.423608	0.141076	0.0760593	1.45935	0.866014	1.32687
2080000	-25.71152	0	-25.71152	0.210012	0.169341	0.0977574	0.332554	0.067066	0.127628	7.63028	1.77848	3.10325
2090000	-20.81413	0	-20.81413	0.308117	0.0899856	0.117022	0.38174	0.0833943	0.0921353	1.85711	3.72912	1.71837
2100000	-24.67945	0	-24.67945	0.29949	0.429863	0.17863	0.298375	0.216874	0.156541	1.96841	0.249571	0.264501
2110000	-21.42101	0	-21.42101	0.315319	0.148936	0.11147	0.538988	0.152242	0.124417	2.76983	2.81509	0.802546
2120000	-16.65664	0	-16.65664	0.162183	0.114767	0.0721077	0.2452	0.0840194	0.182082	2.03047	1.00987	0.497081
2130000	-26.73804	0	-26.73804	0.0540181	0.135992	0.113896	0.704672	0.211513	0.161829	2.49196	0.0997388	0.300519
2140000	-21.49234	0	-21.49234	0.271245	0.107065	0.153879	0.268839	0.116948	0.142759	2.34678	1.45539	0.761666
2150000	-18.73217	0	-18.73217	0.171813	0.0870618	0.133284	0.357974	0.102432	0.0550887	2.15222	1.89596	0.61021
2160000	-18.48377	0	-18.48377	0.140812	0.225456	0.166652	0.329899	0.108824	0.154273	1.59468	0.669836	2.14275
2170000	-22.82872	0	-22.82872	0.0575941	0.131474	0.210217	0.274701	0.106352	0.0992906	1.31483	0.28037	0.354996
2180000	-22.11277	0	-22.11277	0.2077	0.0742451	0.212281	0.123141	0.0508083	0.0916625	3.03729	0.168646	2.56276
2190000	-20.98221	0	-20.98221	0.289665	0.180917	0.130409	0.295268	0.0941961	0.108586	2.15056	0.280916	0.193597
2200000	-21.72533	0	-21.72533	0.0991519	0.128687	0.20139	0.268207	0.0827656	0.0658318	1.98258	0.267795	1.31801
2210000	-26.7886	0	-26.7886	0.0874543	0.146397	0.0880158	0.377553	0.0807201	0.0673441	8.33374	1.90288	0.231308
2220000	-24.92014	0	-24.92014	0.121376	0.198261	0.346222	0.550234	0.0590243	0.13779	1.13869	0.134877	2.38031
2230000	-17.12295	0	-17.12295	0.107038	0.274248	0.14777	0.358426	0.173174	0.0816285	2.20375	0.587143	0.571824
2240000	-23.61175	0	-23.61175	0.134447	0.211759	0.169627	0.128431	0.182523	0.0556589	5.24402	0.653709	1.0994
2250000	-18.70306	0	-18.70306	0.160839	0.123624	0.104727	0.200581	0.0925648	0.121201	1.38471	0.847391	0.936949
2260000	-24.90714	0	-24.90714	0.0597322	0.241029	0.141088	0.259469	0.121146	0.106046	1.46188	0.377318	0.235407
2270000	-21.20557	0	-21.20557	0.15472	0.14252	0.217055	0.364642	0.148555	0.141127	4.82253	1.47132	1.28014
2280000	-29.49916	0	-29.49916	0.100765	0.220538	0.214815	0.619773	0.0840293	0.14553	1.59363	0.100356	0.339921
2290000	-21.32569	0	-21.32569	0.15242	0.127727	0.071371	0.271877	0.0509773	0.106205	1.92327	0.773458	1.05695
2300000	-24.77166	0	-24.77166	0.1219	0.220427	0.234436	0.548247	0.110295	0.166914	1.37949	1.04429	5.94246
2310000	-18.79484	0	-18.79484	0.144243	0.291613	0.0850529	0.304518	0.0661111	0.1829	4.17274	0.794315	0.393788
2320000	-21.03058	0	-21.03058	0.0829796	0.0842381	0.0831931	0.255412	0.211744	0.0791665	1.73138	0.898418	1.89512
2330000	-22.52347	0	-22.52347	0.0660582	0.197149	0.110543	0.161024	0.0816929	0.0421402	3.90168	0.210353	0.438872
2340000	-22.6353	0	-22.6353	0.154133	0.164358	0.34737	0.453541	0.0568453	0.0858671	2.05701	0.371586	0.34646
2350000	-22.13646	0	-22.13646	0.709679	0.10423	0.197422	0.62954	0.0805289	0.0579805	1.88949	1.07374	2.09208
2360000	-18.81545	0	-18.81545	0.395572	0.10453	0.158683	0.357125	0.081522	0.0900074	2.45927	2.8886	0.960109
2370000	-20.6564	0	-20.6564	0.237199	0.087649	0.115597	0.390365	0.116876	0.071865	1.58923	0.548476	1.40945
2380000	-27.51041	0	-27.51041	0.170462	0.43016	0.23296	0.843279	0.225829	0.164365	1.29716	0.322082	3.01172
2390000	-23.9994	0	-23.9994	0.0445277	0.146788	0.215407	0.137685	0.227079	0.0628673	1.85036	0.289302	0.528108
2400000	-22.03487	0	-22.03487	0.0608561	0.240529	0.183523	0.713029	0.0949042	0.208765	1.46596	0.545913	2.79484
2410000	-20.46886	0	-20.46886	0.1079	0.0855486	0.0761059	0.325118	0.157941	0.100749	2.07991	0.273929	0.113342
2420000	-24.66998	0	-24.66998	0.130229	0.243695	0.204247	0.382621	0.0684182	0.173653	1.87076	0.185198	0.228383
2430000	-19.88904	0	-19.88904	0.176209	0.0978992	0.0973289	0.254196	0.231684	0.0906346	1.93442	0.640161	1.05062
2440000	-22.26851	0	-22.26851	0.204312	0.266056	0.0579717	0.218483	0.0996857	0.0497121	3.22724	0.137415	1.26027
2450000	-24.28753	0	-24.28753	0.122155	0.297814	0.163245	0.248177	0.123352	0.160524	1.24927	0.494057	0.318806
2460000	-20.81548	0	-20.81548	0.109877	0.243564	0.238977	0.181154	0.100301	0.11613	3.89041	0.678573	1.23849
2470000	-19.81983	0	-19.81983	0.158295	0.215894	0.13269	0.362132	0.0695224	0.125917	1.80193	0.645439	2.92756
2480000	-20.22625	0	-20.22625	0.467826	0.0883846	0.0552685	0.28618	0.190205	0.123255	0.903873	0.976571	2.24944
2490000	-24.55478	0	-24.55478	0.0839675	0.178801	0.362129	0.314299	0.0878027	0.236852	1.97118	0.25458	0.281589
2500000	-19.31162	0	-19.31162	0.205242	0.0750008	0.18418	0.228573	0.0381947	0.0818646	1.51544	0.282165	0.169527
2510000	-19.89553	0	-19.89553	0.277103	0.269482	0.16695	0.379481	0.0939825	0.0552948	3.066	0.807318	0.743137
2520000	-21.16098	0	-21.16098	0.193695	0.144424	0.233538	0.42493	0.0889792	0.110489	0.458064	1.36166	0.638078
2530000	-27.4864	0	-27.4864	0.110452	0.194875	0.204859	0.335171	0.23444	0.0820048	4.56956	0.341392	2.3603
2540000	-22.28331	0	-22.28331	0.134858	0.0838826	0.0993793	0.335597	0.193569	0.167102	0.949366	0.526148	2.49845
2550000	-17.91092	0	-17.91092	0.168558	0.163854	0.0826537	0.640114	0.0795422	0.0769669	2.9853	0.965851	1.05403
2560000	-18.83715	0	-18.83715	0.18535	0.179189	0.10753	0.310898	0.093398	0.116699	0.890543	0.81277	0.766309
2570000	-17.16905	0	-17.16905	0.10767	0.231271	0.131449	0.251409	0.150655	0.0792198	2.69221	0.43662	0.782899
2580000	-23.45183	0	-23.45183	0.158845	0.0920864	0.0766343	0.47012	0.0857236	0.139801	4.37829	1.5968	0.684028
2590000	-21.21855	0	-21.21855	0.156934	0.087659	0.0768652	0.265584	0.0632967	0.152749	2.91049	0.261409	0.440859
2600000	-21.38915	0	-21.38915	0.179397	0.178693	0.0517786	0.368824	0.121972	0.0630101	2.94561	0.568053	0.625615
2610000	-17.0609	0	-17.0609	0.0946407	0.174661	0.070289	0.312708	0.0659658	0.0617656	3.6309	0.969788	0.506963
2620000	-19.83192	0	-19.83192	0.091534	0.263241	0.1549	0.449686	0.196582	0.157212	1.24355	0.0885881	2.8283
2630000	-24.11888	0	-24.11888	0.200503	0.17257	0.120418	0.174379	0.13625	0.158169	1.75775	3.76481	3.26506
2640000	-25.56002	0	-25.56002	0.226881	0.0986935	0.0590261	0.656956	0.0568767	0.0961704	5.1486	2.75836	3.82723
2650000	-17.93691	0	-17.93691	0.223272	0.131478	0.119667	0.356011	0.0806538	0.099097	3.13323	0.289216	1.43488
2660000	-24.14546	0	-24.14546	0.111605	0.138039	0.128825	0.515482	0.146448	0.0884161	3.70524	0.153087	0.400866
2670000	-21.96957	0	-21.96957	0.294278	0.107697	0.180278	0.277293	0.041935	0.317007	1.10769	1.10197	0.372385
2680000	-18.01854	0	-18.01854	0.189974	0.143543	0.157748	0.474469	0.194388	0.120495	2.38138	0.897073	1.0648
2690000	-27.1934	0	-27.1934	0.539571	0.100815	0.0821303	0.253459	0.226211	0.11472	1.41167	3.44332	0.606768
2700000	-21.73637	0	-21.73637	0.108059	0.213943	0.0849885	0.372998	0.15442	0.208471	1.77395	0.522521	0.641261
2710000	-25.37599	0	-25.37599	0.060809	0.0947689	0.24597	0.309695	0.0740173	0.0752435	1.19382	0.605831	0.279404
2720000	-20.72739	0	-20.72739	0.114447	0.351962	0.29326	0.257393	0.162509	0.240286	1.96728	1.13296	1.05337
2730000	-23.59894	0	-23.59894	0.0696514	0.281768	0.0405084	0.396874	0.143022	0.0840947	4.59887	0.783465	0.690227
2740000	-25.85693	0	-25.85693	0.302935	0.0284479	0.0990284	0.393598	0.0895886	0.149876	0.769508	0.437008	0.144794
2750000	-24.06357	0	-24.06357	0.176638	0.238308	0.121298	0.332275	0.115412	0.0581635	0.547763	0.185777	0.527909
2760000	-20.65674	0	-20.65674	0.0761938	0.223068	0.162519	0.386918	0.203504	0.0754248	2.27525	0.433104	2.2373
2770000	-21.56566	0	-21.56566	0.278428	0.240464	0.078413	0.320449	0.121961	0.0975141	1.77987	0.408696	0.225291
2780000	-20.21908	0	-20.21908	0.044764	0.137125	0.115692	0.223774	0.0847208	0.0813588	1.31555	0.413301	0.617901
2790000	-21.10795	0	-21.10795	0.156168	0.142039	0.156755	0.260595	0.0848066	0.111171	5.12789	0.185833	0.665095
2800000	-22.86865	0	-22.86865	0.136322	0.209604	0.0515612	0.286996	0.138126	0.0540425	1.4542	0.446581	1.99001
2810000	-21.0651	0	-21.0651	0.111731	0.148479	0.207431	0.219993	0.0583804	0.127444	2.81332	1.46772	0.479794
2820000	-24.22125	0	-24.22125	0.0759341	0.165423	0.0852339	0.356937	0.229902	0.0445102	1.69625	1.33664	0.0980154
2830000	-18.36064	0	-18.36064	0.126476	0.19972	0.228296	0.352623	0.11228	0.126638	1.62092	0.247299	1.6353
2840000	-22.03612	0	-22.03612	0.06744	0.178851	0.175985	0.324183	0.0315462	0.125017	1.17335	0.816467	2.09925
2850000	-21.41145	0	-21.41145	0.464465	0.0961235	0.227221	0.239147	0.128971	0.234162	1.51163	0.662098	4.66345
2860000	-23.80411	0	-23.80411	0.162773	0.207376	0.199638	0.340397	0.0451701	0.215922	1.71889	0.216166	0.115935
2870000	-23.33746	0	-23.33746	0.16744	0.159114	0.0409455	0.438692	0.0818263	0.0475345	1.55589	1.02245	1.65347
2880000	-19.47625	0	-19.47625	0.204846	0.111853	0.1617	0.182347	0.0734215	0.09918	0.94676	0.0856711	0.124365
2890000	-24.63031	0	-24.63031	0.700831	0.197757	0.0733656	0.670983	0.090694	0.0652485	2.4465	0.902131	2.04842
2900000	-20.0139	0	-20.0139	0.28154	0.133289	0.331688	0.421058	0.0798739	0.122657	3.31555	0.976065	0.97931
2910000	-25.65345	0	-25.65345	0.405643	0.0716548	0.251317	0.540131	0.191387	0.0800008	2.82882	0.233482	0.904598
2920000	-22.7965	0	-22.7965	0.146008	0.222097	0.240196	0.229001	0.0544872	0.176422	2.68072	0.413517	0.569486
2930000	-26.46473	0	-26.46473	0.0979496	0.101543	0.387552	0.530493	0.0540711	0.076046	2.08845	0.21356	0.13599
2940000	-23.29135	0	-23.29135	0.175435	0.448694	0.20904	0.253018	0.169196	0.099762	0.728043	0.420641	1.71403
2950000	-26.54753	0	-26.54753	0.129538	0.0732249	0.143676	0.345844	0.12716	0.185009	5.99318	0.834946	2.16389
2960000	-20.57784	0	-20.57784	0.114183	0.223472	0.149313	0.211424	0.0586197	0.124428	2.7707	0.143805	1.22588
2970000	-21.96856	0	-21.96856	0.309141	0.299692	0.0984785	0.458402	0.104479	0.0790439	3.31432	1.71564	1.35936
2980000	-24.28999	0	-24.28999	0.303359	0.251373	0.0982406	0.335656	0.0469041	0.0624923	1.26444	0.120454	3.06187
2990000	-28.23053	0	-28.23053	0.0678493	0.0771319	0.155127	0.517917	0.137083	0.0363779	3.01292	0.341641	0.086793
3000000	-19.78459	0	-19.78459	0.163609	0.157294	0.146775	0.57832	0.206734	0.0840325	1.39878	0.996995	0.256678
3010000	-22.25348	0	-22.25348	0.106014	0.0963844	0.146491	0.622426	0.138709	0.0753191	1.46274	0.602338	0.239261
3020000	-19.61096	0	-19.61096	0.119934	0.069299	0.131974	0.345789	0.129862	0.114468	4.29938	0.252738	0.47917
3030000	-20.25671	0	-20.25671	0.228144	0.15795	0.181916	0.46003	0.14761	0.15802	1.22238	0.438157	1.96489
3040000	-19.47602	0	-19.47602	0.219115	0.150741	0.110199	0.164314	0.0570588	0.0752239	1.01949	0.801273	0.553626
3050000	-21.59247	0	-21.59247	0.251809	0.216173	0.262996	0.365967	0.124712	0.0769314	1.5921	0.139689	0.884972
3060000	-21.05476	0	-21.05476	0.0808399	0.158711	0.175772	0.185231	0.127935	0.301513	1.68224	0.302543	0.72993
3070000	-19.2484	0	-19.2484	0.125774	0.224025	0.11026	0.375014	0.0314742	0.0896788	2.56042	0.593221	1.97098
3080000	-19.11188	0	-19.11188	0.108332	0.234161	0.102072	0.333422	0.0673039	0.0626278	2.42357	0.661697	1.04014
3090000	-22.2797	0	-22.2797	0.242291	0.0488515	0.147299	0.639395	0.196425	0.159488	2.449	1.01902	1.82221
3100000	-20.98385	0	-20.98385	0.0614006	0.293605	0.184289	0.32728	0.111121	0.121328	3.51996	0.242736	2.42544
3110000	-22.35942	0	-22.35942	0.223458	0.190057	0.0545663	0.428363	0.15623	0.0789333	3.4831	0.292818	0.683962
3120000	-19.81556	0	-19.81556	0.0945441	0.18027	0.0542583	0.244759	0.118366	0.167287	2.09521	1.15342	0.653962
3130000	-20.82166	0	-20.82166	0.29337	0.206276	0.112984	0.269591	0.15042	0.0963627	1.88158	1.10421	0.878474
3140000	-20.99261	0	-20.99261	0.353671	0.226757	0.124102	0.293646	0.0779347	0.0662061	3.40778	1.43627	0.232395
3150000	-24.2091	0	-24.2091	0.0792825	0.232547	0.148548	0.19805	0.150116	0.109142	2.9561	2.78855	2.07811
3160000	-20.72042	0	-20.72042	0.245898	0.0792207	0.0766662	0.217222	0.179627	0.156548	2.80601	1.59324	0.1857
3170000	-18.71519	0	-18.71519	0.125198	0.150803	0.191117	0.351495	0.0769794	0.103169	2.06355	0.888349	2.42113
3180000	-24.42846	0	-24.42846	0.292026	0.178349	0.0882684	0.557556	0.305739	0.0727725	1.17551	1.43851	0.740419
3190000	-26.74972	0	-26.74972	0.478314	0.24749	0.250591	0.516686	0.244183	0.0787286	1.70126	2.71002	1.50802
3200000	-25.52545	0	-25.52545	0.0837098	0.248371	0.145887	0.701434	0.139948	0.160718	4.12593	0.209064	0.748398
3210000	-25.75823	0	-25.75823	0.174861	0.160793	0.243052	0.600529	0.109137	0.175641	2.08351	0.320025	0.428457
3220000	-23.98816	0	-23.98816	0.0871979	0.381697	0.141006	0.173284	0.189385	0.0354125	0.928612	0.483542	2.57765
3230000	-23.45619	0	-23.45619	0.0962203	0.295966	0.135493	0.24302	0.108453	0.0427528	1.40111	0.210209	1.82464
3240000	-24.75087	0	-24.75087	0.100714	0.0974878	0.114893	0.342858	0.0961533	0.179403	1.43653	0.511035	5.92548
3250000	-18.88417	0	-18.88417	0.197234	0.161433	0.106231	0.281683	0.0402647	0.078044	2.24156	0.216927	0.512408
3260000	-24.31198	0	-24.31198	0.308555	0.129452	0.0722892	0.563403	0.123177	0.126469	1.41201	1.16351	3.27668
3270000	-22.90469	0	-22.90469	0.226883	0.182454	0.112513	0.626927	0.0997258	0.264401	1.99273	1.32016	1.07957
3280000	-26.08036	0	-26.08036	0.2376	0.234907	0.194258	0.572821	0.0847341	0.123506	3.1518	0.513987	0.494783
3290000	-17.56403	0	-17.56403	0.166349	0.0733094	0.127465	0.313312	0.102294	0.169872	1.48246	0.799947	2.22687
3300000	-24.50705	0	-24.50705	0.308052	0.21512	0.212251	0.246351	0.0845663	0.0601248	2.1684	0.688432	5.20216
3310000	-24.109	0	-24.109	0.301898	0.0707972	0.0435816	0.254626	0.265386	0.0849215	5.66591	0.880437	0.922117
3320000	-23.34022	0	-23.34022	0.13486	0.0657825	0.0755885	0.348082	0.152394	0.347561	4.43531	1.03262	3.11824
3330000	-22.49014	0	-22.49014	0.174685	0.0891833	0.288466	0.238821	0.081836	0.0564877	1.61937	0.571004	0.802095
3340000	-21.46308	0	-21.46308	0.124695	0.136848	0.190919	0.407013	0.095537	0.044497	3.3827	0.465046	0.83501
3350000	-21.05767	0	-21.05767	0.189442	0.116869	0.171497	0.438726	0.103704	0.148031	4.15272	1.50729	0.129091
3360000	-19.55519	0	-19.55519	0.0633301	0.265313	0.280328	0.315567	0.0818996	0.165202	1.333	0.158159	1.06915
3370000	-21.43957	0	-21.43957	0.170976	0.127437	0.04961	0.229173	0.129446	0.131108	1.23884	1.99409	1.33417
3380000	-26.65031	0	-26.65031	0.407262	0.0902568	0.115689	0.375054	0.240691	0.146876	0.823539	2.56102	0.850222
3390000	-25.25089	0	-25.25089	0.117223	0.0454141	0.0996755	0.48896	0.198717	0.0529465	4.73355	0.422473	0.762527
3400000	-23.22384	0	-23.22384	0.200355	0.15514	0.322492	0.484935	0.121657	0.0464058	2.22441	0.0752092	0.550932
3410000	-22.98789	0	-22.98789	0.22764	0.346922	0.296112	0.352369	0.114571	0.226382	2.07005	0.374148	0.147878
3420000	-19.12765	0	-19.12765	0.279662	0.12539	0.117611	0.712515	0.0725665	0.086399	3.87126	0.474778	0.315834
3430000	-15.64267	0	-15.64267	0.207057	0.0862423	0.225779	0.210548	0.109011	0.108132	1.96045	0.672475	1.10357
3440000	-18.9494	0	-18.9494	0.168109	0.134286	0.0942832	0.244627	0.0534783	0.0945341	1.18541	1.20332	1.42946
3450000	-25.19007	0	-25.19007	0.186257	0.39432	0.13834	0.627929	0.141042	0.117123	0.921119	0.469425	0.178529
3460000	-23.38847	0	-23.38847	0.118647	0.174516	0.160067	0.338813	0.162384	0.257942	3.27866	0.166467	1.83746
3470000	-20.43682	0	-20.43682	0.143653	0.086794	0.120131	0.164347	0.284733	0.119934	1.40727	1.06426	1.75786
3480000	-24.49514	0	-24.49514	0.285372	0.110695	0.403785	0.387472	0.0496849	0.106515	0.62695	0.310427	0.498875
3490000	-24.15387	0	-24.15387	0.275695	0.0692929	0.222257	0.286215	0.417619	0.157222	0.790163	0.263537	1.99006
3500000	-21.75607	0	-21.75607	0.398059	0.136692	0.349316	0.21063	0.153538	0.102006	2.90795	0.361728	1.99303
3510000	-22.43801	0	-22.43801	0.174228	0.387583	0.0905705	0.307478	0.166458	0.120853	1.68184	0.421501	0.310958
3520000	-19.38674	0	-19.38674	0.154657	0.0856584	0.0882754	0.224341	0.126269	0.0659868	1.15332	0.258235	2.25082
3530000	-25.40114	0	-25.40114	0.114347	0.0592964	0.239718	0.31364	0.106776	0.167981	1.57629	0.214641	0.372524
3540000	-25.11325	0	-25.11325	0.242809	0.115964	0.165112	0.312098	0.412347	0.049574	2.74706	0.287698	1.47801
3550000	-19.82919	0	-19.82919	0.0864839	0.262568	0.132418	0.454324	0.238545	0.0942991	1.95497	0.435602	1.04189
3560000	-23.83924	0	-23.83924	0.28166	0.224498	0.114097	0.429684	0.070803	0.0754537	2.5011	0.311967	0.300443
3570000	-24.0847	0	-24.0847	0.0685653	0.138893	0.142619	0.235224	0.0500975	0.17833	6.54094	0.9665	0.856694
3580000	-19.06357	0	-19.06357	0.0965519	0.117687	0.0918169	0.2759	0.061854	0.179468	1.25979	0.277428	0.407467
3590000	-27.57101	0	-27.57101	0.208929	0.0574129	0.0476176	0.637772	0.0945421	0.0780163	5.18085	2.54991	0.972532
3600000	-16.78638	0	-16.78638	0.228369	0.103926	0.107665	0.44915	0.0852586	0.0563054	1.90678	0.418365	1.31961
3610000	-21.54956	0	-21.54956	0.325302	0.073288	0.0909103	0.522909	0.0627767	0.133451	3.16866	1.33239	0.983119
3620000	-25.81521	0	-25.81521	0.344431	0.168131	0.103892	0.490849	0.138711	0.107437	2.69624	3.40709	2.2795
3630000	-19.78248	0	-19.78248	0.237044	0.128463	0.0386064	0.257876	0.139309	0.131404	2.08605	2.31553	1.2491
3640000	-24.47611	0	-24.47611	0.104528	0.171041	0.0748566	0.133313	0.116438	0.234278	1.61697	1.16498	0.502365
3650000	-27.57359	0	-27.57359	0.562842	0.200347	0.146106	0.331835	0.13197	0.0288563	2.30856	0.967929	0.195038
3660000	-19.37231	0	-19.37231	0.0884219	0.107381	0.127903	0.214657	0.120147	0.0589115	5.06234	0.380626	0.477755
3670000	-20.83615	0	-20.83615	0.13331	0.213441	0.119058	0.303926	0.11299	0.112963	1.95638	0.995121	2.51628
3680000	-20.05588	0	-20.05588	0.208678	0.0709708	0.100666	0.456513	0.205993	0.121438	1.47966	1.44231	0.101943
3690000	-28.82572	0	-28.82572	0.307612	0.0866118	0.121724	0.438596	0.222216	0.0325035	1.52652	0.626823	0.122039
3700000	-22.52581	0	-22.52581	0.0797847	0.155759	0.237684	0.357319	0.115819	0.0646646	2.38674	0.261987	0.736445
3710000	-27.31457	0	-27.31457	0.210547	0.0533194	0.153149	0.581414	0.0655889	0.172691	2.29186	1.99583	7.42814
3720000	-19.04389	0	-19.04389	0.130316	0.161456	0.0912843	0.216473	0.165652	0.0735307	2.35348	0.686238	0.35193
3730000	-17.21307	0	-17.21307	0.121769	0.145634	0.112582	0.40501	0.117593	0.107486	1.33324	1.02837	1.028
3740000	-19.72564	0	-19.72564	0.298397	0.145398	0.220914	0.184337	0.120325	0.0833322	2.13296	0.589929	1.47033
3750000	-24.37369	0	-24.37369	0.299394	0.233913	0.361512	0.449884	0.129992	0.121879	4.09687	1.7607	2.6709
3760000	-25.26043	0	-25.26043	0.101135	0.549331	0.171509	0.477906	0.0324946	0.186979	0.910262	0.320438	1.89836
3770000	-23.78293	0	-23.78293	0.137063	0.207703	0.102337	0.303359	0.104269	0.0710004	3.94	0.188021	2.33149
3780000	-19.8225	0	-19.8225	0.127316	0.146423	0.0498216	0.565196	0.173751	0.157776	2.24068	0.748594	1.30492
3790000	-23.73122	0	-23.73122	0.362643	0.0744071	0.268666	0.439293	0.0709548	0.0989227	1.62989	2.38492	2.81607
3800000	-19.4264	0	-19.4264	0.129538	0.101282	0.0733505	0.243311	0.228539	0.114265	2.2659	1.85084	2.03932
3810000	-25.81136	0	-25.81136	0.114497	0.203398	0.10276	0.362422	0.126198	0.0815385	5.05619	0.531381	2.86993
3820000	-15.51286	0	-15.51286	0.253399	0.0816818	0.098991	0.183777	0.0624693	0.0602338	1.14542	0.480027	0.505421
3830000	-20.27085	0	-20.27085	0.163682	0.106651	0.140366	0.231924	0.225712	0.17617	2.64956	0.375376	1.07635
3840000	-24.92751	0	-24.92751	0.338986	0.101218	0.0872163	0.448059	0.322622	0.0811835	0.885397	1.50174	0.897194
3850000	-21.18446	0	-21.18446	0.30919	0.149391	0.0986586	0.350809	0.137311	0.0811514	2.09497	0.117122	0.604338
3860000	-24.33807	0	-24.33807	0.364523	0.132581	0.170271	0.408587	0.357706	0.0759014	1.86034	4.26069	2.02864
3870000	-24.67257	0	-24.67257	0.146618	0.253519	0.181715	0.859962	0.160194	0.0645199	1.2079	0.376926	0.583479
3880000	-21.03304	0	-21.03304	0.144505	0.17761	0.0577087	0.271705	0.133839	0.112342	1.41336	0.339856	3.82934
3890000	-18.65636	0	-18.65636	0.14006	0.144815	0.0900534	0.181417	0.112035	0.0913794	2.64258	0.271975	0.534674
3900000	-22.80266	0	-22.80266	0.186264	0.121844	0.0746873	0.360323	0.101347	0.159037	1.91869	0.153031	1.40527
3910000	-21.86962	0	-21.86962	0.116123	0.223527	0.345362	0.243403	0.11668	0.0658828	1.42603	0.231293	2.35478
3920000	-28.32433	0	-28.32433	0.135902	0.321248	0.183231	0.286618	0.268347	0.0387762	7.82905	0.287458	0.98271
3930000	-22.52171	0	-22.52171	0.29076	0.186957	0.121571	0.123206	0.271356	0.0616199	2.26985	0.608348	1.0829
3940000	-22.08192	0	-22.08192	0.194387	0.203248	0.15706	0.327869	0.270009	0.0691935	2.64509	0.57121	0.785249
3950000	-21.5844	0	-21.5844	0.124358	0.236845	0.2078	0.564566	0.0752863	0.0883744	2.05284	1.11382	0.232058
3960000	-20.4472	0	-20.4472	0.0924294	0.413786	0.117434	0.374272	0.0781354	0.168182	1.55046	0.404502	1.89158
3970000	-18.95729	0	-18.95729	0.196761	0.226842	0.213997	0.381973	0.0666207	0.133897	2.01802	0.491889	0.338614
3980000	-26.43608	0	-26.43608	0.0919558	0.147796	0.259458	0.467549	0.12439	0.081294	1.62932	0.203021	0.978088
3990000	-23.52655	0	-23.52655	0.0896301	0.225324	0.108367	0.373092	0.128254	0.10348	2.13114	0.154797	0.138031
4000000	-18.81547	0	-18.81547	0.103419	0.342847	0.115285	0.224671	0.180106	0.133483	0.967619	0.818738	2.06417
4010000	-26.18264	0	-26.18264	0.12502	0.188366	0.462232	0.457524	0.153739	0.0453165	2.09913	0.510466	1.33404
4020000	-22.8446	0	-22.8446	0.210453	0.421172	0.0558777	0.287311	0.0608228	0.0427738	1.32787	0.818144	0.147944
4030000	-22.21942	0	-22.21942	0.148283	0.132767	0.219756	0.280025	0.124317	0.137833	2.70876	1.33296	0.873512
4040000	-19.02118	0	-19.02118	0.111052	0.11077	0.255193	0.22154	0.159349	0.111333	1.4294	0.520618	1.94858
4050000	-24.0698	0	-24.0698	0.144992	0.199756	0.101609	0.601754	0.243292	0.170521	3.15541	1.45905	0.840381
4060000	-22.35028	0	-22.35028	0.150339	0.12777	0.0717356	0.517889	0.061064	0.0435515	1.51947	0.701913	3.66962
4070000	-17.541	0	-17.541	0.28179	0.106582	0.185663	0.211744	0.121929	0.150073	1.87236	0.608887	0.702519
4080000	-18.29084	0	-18.29084	0.131411	0.0961037	0.0655071	0.346605	0.0440995	0.070554	2.25089	0.335545	0.365505
4090000	-20.45797	0	-20.45797	0.395858	0.101044	0.142027	0.834914	0.152991	0.0729411	1.54496	0.769384	1.07598
4100000	-18.00535	0	-18.00535	0.377649	0.0658339	0.124954	0.455485	0.0730917	0.101774	2.88738	1.19438	1.53439
4110000	-22.4711	0	-22.4711	0.113237	0.117533	0.221777	0.462258	0.130062	0.159477	5.29763	0.800043	0.853764
4120000	-28.15554	0	-28.15554	0.118891	0.270444	0.157517	0.163537	0.1926	0.0626251	3.54687	0.932866	2.82757
4130000	-26.91257	0	-26.91257	0.0861059	0.355518	0.243471	0.239705	0.0492114	0.129457	0.846217	0.304071	2.00229
4140000	-24.47304	0	-24.47304	0.156927	0.221665	0.162683	0.280997	0.0776992	0.165403	1.6941	0.251505	0.185773
4150000	-24.93568	0	-24.93568	0.224986	0.0638812	0.211733	0.525626	0.0594141	0.0790407	3.89841	0.788467	0.12906
4160000	-24.58292	0	-24.58292	0.22723	0.306713	0.187572	0.341664	0.124499	0.13464	1.26539	1.78545	0.876979
4170000	-28.8475	0	-28.8475	0.0559255	0.121095	0.243668	0.393488	0.202281	0.1947	1.82963	0.373117	1.26557
4180000	-26.46618	0	-26.46618	0.0839646	0.118013	0.0462819	0.496735	0.274636	0.0499487	1.22356	0.253467	0.320018
4190000	-23.5885	0	-23.5885	0.239467	0.161896	0.0873351	0.578326	0.0785847	0.08178	3.20475	1.39108	0.120119
4200000	-24.9709	0	-24.9709	0.116463	0.447299	0.0800993	0.567726	0.0932512	0.0899766	0.669829	0.788187	0.206011
4210000	-23.89992	0	-23.89992	0.109064	0.234451	0.182654	0.285484	0.0631417	0.0460797	3.52711	0.613284	1.56916
4220000	-21.04829	0	-21.04829	0.224677	0.109439	0.336461	0.385908	0.0832121	0.0966863	1.10936	0.619246	1.9284
4230000	-23.92421	0	-23.92421	0.205915	0.0830081	0.213167	0.192999	0.124552	0.0956838	2.76558	0.107916	0.554401
4240000	-26.57684	0	-26.57684	0.150995	0.161871	0.0838361	0.240097	0.077331	0.0722708	2.41664	0.480358	0.51623
4250000	-19.55901	0	-19.55901	0.0529329	0.366151	0.128061	0.216586	0.0882814	0.166139	1.04718	0.17974	0.632399
4260000	-21.66232	0	-21.66232	0.275936	0.153488	0.128924	0.174806	0.176376	0.0472606	3.46091	1.09903	2.56705
4270000	-25.49654	0	-25.49654	0.193109	0.32364	0.318663	0.343586	0.0547385	0.181428	2.38704	0.419852	0.213865
4280000	-22.55253	0	-22.55253	0.0740172	0.199721	0.114988	0.160331	0.105189	0.153242	4.88201	0.440321	0.580636
4290000	-24.97032	0	-24.97032	0.167315	0.260358	0.120589	0.556915	0.0628789	0.0725236	4.12128	0.816501	0.628906
4300000	-26.50384	0	-26.50384	0.316036	0.165215	0.246791	0.248937	0.214335	0.218581	1.14441	0.446506	0.400647
4310000	-24.28627	0	-24.28627	0.145956	0.200198	0.158955	0.605884	0.121579	0.0737542	1.97078	0.78853	0.813061
4320000	-19.16481	0	-19.16481	0.0822085	0.116739	0.295058	0.433213	0.124285	0.0646286	2.23748	0.553311	1.4218
4330000	-20.39596	0	-20.39596	0.0762311	0.162787	0.198071	0.372386	0.194941	0.168747	2.92089	0.348807	0.77877
4340000	-19.63418	0	-19.63418	0.157378	0.141428	0.126816	0.297782	0.0755394	0.142357	2.27267	1.75711	0.709575
4350000	-22.19756	0	-22.19756	0.0973198	0.132021	0.090162	0.474169	0.164559	0.127593	0.552925	0.301833	1.16399
4360000	-25.38945	0	-25.38945	0.29204	0.290007	0.183869	0.397871	0.0563302	0.0669644	3.97324	0.26895	4.19404
4370000	-24.27101	0	-24.27101	0.239902	0.125358	0.0578487	0.269031	0.121846	0.101669	3.92998	0.390973	2.57274
4380000	-24.01534	0	-24.01534	0.165501	0.310627	0.111542	0.170003	0.209279	0.0782437	2.07297	1.08334	0.681445
4390000	-26.05615	0	-26.05615	0.164946	0.107372	0.0631018	0.425191	0.129501	0.0622641	4.89019	0.269426	0.481655
4400000	-19.48868	0	-19.48868	0.20324	0.293662	0.0970868	0.285896	0.0673372	0.0812788	2.69847	0.401995	1.65037
4410000	-25.89822	0	-25.89822	0.147443	0.292381	0.156822	0.571125	0.103055	0.0806793	3.24192	0.504967	1.72149
4420000	-21.97784	0	-21.97784	0.138757	0.159517	0.0938756	0.231934	0.12672	0.220106	2.3912	0.163078	1.52136
4430000	-27.7522	0	-27.7522	0.391166	0.239505	0.15585	0.309896	0.197133	0.0899045	2.19359	1.76995	0.796071
4440000	-19.82231	0	-19.82231	0.146859	0.118756	0.0744374	0.360416	0.165564	0.0652777	2.27259	0.596513	3.68119
4450000	-19.54109	0	-19.54109	0.329656	0.19971	0.210444	0.212242	0.0929436	0.183508	2.76537	0.253985	1.26915
4460000	-26.38735	0	-26.38735	0.138737	0.152883	0.11483	0.275212	0.0897695	0.100811	4.25907	0.148241	0.102177
4470000	-25.48487	0	-25.48487	0.338518	0.322361	0.0787094	0.190736	0.15408	0.07578	1.75912	0.611002	0.554089
4480000	-18.54319	0	-18.54319	0.131379	0.197309	0.138213	0.305131	0.0846313	0.107108	1.81126	1.72758	1.65878
4490000	-23.37757	0	-23.37757	0.13234	0.211236	0.191585	0.376808	0.103295	0.170922	2.43995	0.605308	3.38964
4500000	-17.3988	0	-17.3988	0.272138	0.168868	0.158036	0.202653	0.0679621	0.0912911	1.43256	3.31089	0.422277
4510000	-27.57156	0	-27.57156	0.110257	0.523014	0.0512062	0.0849105	0.161009	0.0544535	2.33094	0.422933	1.73351
4520000	-21.51983	0	-21.51983	0.0797654	0.216264	0.0856256	0.342482	0.208571	0.0347542	1.75156	0.378983	1.21627
4530000	-21.42413	0	-21.42413	0.206885	0.163799	0.132514	0.357958	0.130261	0.0670787	2.28955	0.637303	0.601782
4540000	-22.06281	0	-22.06281	0.265934	0.104636	0.174971	0.483532	0.073955	0.130897	4.91102	1.4499	0.924398
4550000	-26.01313	0	-26.01313	0.131739	0.126878	0.100726	0.48126	0.0295515	0.0834945	0.983375	0.272997	3.66178
4560000	-24.60754	0	-24.60754	0.173129	0.188853	0.15869	0.210845	0.15539	0.0606311	3.7982	1.09049	0.267549
4570000	-26.27673	0	-26.27673	0.165045	0.195063	0.13903	0.154416	0.0631247	0.132812	1.54855	0.147867	0.117412
4580000	-21.72522	0	-21.72522	0.283808	0.0412699	0.1196	0.268206	0.308514	0.0851902	2.47371	3.61066	0.959086
4590000	-22.24696	0	-22.24696	0.176844	0.100503	0.115608	0.593033	0.169063	0.107849	1.19263	0.373327	0.172901
4600000	-19.14004	0	-19.14004	0.13424	0.119277	0.0768755	0.400634	0.0735137	0.0679203	3.54262	0.943261	0.832441
4610000	-19.39352	0	-19.39352	0.353575	0.208185	0.14218	0.268345	0.122294	0.15481	2.18102	0.922261	1.45849
4620000	-23.29361	0	-23.29361	0.294595	0.235784	0.254433	0.509057	0.124004	0.229242	4.98408	0.510195	0.479139
4630000	-25.32735	0	-25.32735	0.0881094	0.384891	0.071261	0.35214	0.11889	0.0665174	2.26699	0.745417	2.69544
4640000	-21.84747	0	-21.84747	0.0914818	0.365157	0.204031	0.269503	0.229248	0.115091	1.02062	0.33299	1.60713
4650000	-19.36399	0	-19.36399	0.149092	0.158829	0.147611	0.203467	0.114183	0.111698	3.40936	0.13696	1.90461
4660000	-25.15075	0	-25.15075	0.25903	0.127063	0.189082	0.298196	0.18983	0.0387795	0.645223	2.3025	1.1686
4670000	-23.01008	0	-23.01008	0.0880946	0.364547	0.0872154	0.308314	0.0886165	0.16321	0.283521	0.341184	1.49376
4680000	-19.95015	0	-19.95015	0.122176	0.0817025	0.0881143	0.376044	0.119184	0.0436498	0.567385	0.332324	0.94892
4690000	-20.86437	0	-20.86437	0.272631	0.299613	0.110154	0.492043	0.0830227	0.0936895	2.74597	1.05976	0.366626
4700000	-22.16213	0	-22.16213	0.140052	0.248857	0.122763	0.479832	0.0889608	0.0831822	1.51817	0.67412	0.199226
4710000	-21.51591	0	-21.51591	0.220401	0.272163	0.0965597	0.255886	0.0480819	0.10387	1.91727	0.505299	0.973407
4720000	-19.35306	0	-19.35306	0.249126	0.185813	0.161972	0.326662	0.143505	0.10732	2.30286	0.313764	0.953546
4730000	-24.60466	0	-24.60466	0.227487	0.100768	0.0722716	0.788987	0.0795693	0.123878	2.27014	0.398806	0.825102
4740000	-25.83518	0	-25.83518	0.270493	0.201019	0.0897767	0.354298	0.151557	0.141452	1.6685	0.946767	0.113707
4750000	-22.64375	0	-22.64375	0.231033	0.421775	0.12733	0.36515	0.171907	0.11799	1.07849	0.764644	2.6784
4760000	-23.24868	0	-23.24868	0.117188	0.150165	0.0724986	0.264577	0.164547	0.0923773	4.25929	0.139181	3.49994
4770000	-25.23275	0	-25.23275	0.169212	0.0870457	0.105893	0.232921	0.0925955	0.255039	5.66437	0.409999	0.730237
4780000	-22.4421	0	-22.4421	0.100864	0.159683	0.100175	0.539904	0.128875	0.0549283	1.15308	0.179318	0.654182
4790000	-22.29317	0	-22.29317	0.218601	0.124629	0.104812	0.321175	0.0798793	0.144708	2.20921	0.970144	1.09587
4800000	-22.43052	0	-22.43052	0.0864271	0.182912	0.0718978	0.330271	0.0421385	0.0933521	5.57734	0.299008	1.7219
4810000	-17.54186	0	-17.54186	0.514126	0.120496	0.180567	0.23535	0.136565	0.0895252	1.27252	1.19382	1.54858
4820000	-25.65588	0	-25.65588	0.112531	0.0740319	0.149533	0.942639	0.0617487	0.0722338	1.76261	0.257668	0.321405
4830000	-27.47194	0	-27.47194	0.496436	0.230926	0.377434	0.370509	0.0727621	0.252464	1.53648	0.32651	0.768104
4840000	-22.59936	0	-22.59936	0.0927686	0.354263	0.0966791	0.320181	0.170554	0.0429818	2.14832	0.307319	1.29024
4850000	-24.49196	0	-24.49196	0.12588	0.0986498	0.0940863	0.233024	0.102795	0.0571539	2.51659	0.670547	2.06282
4860000	-24.909	0	-24.909	0.513353	0.105136	0.0766415	0.568548	0.170165	0.112063	4.54501	0.146776	0.115676
4870000	-22.38265	0	-22.38265	0.118221	0.0474797	0.158618	0.454799	0.134416	0.0534387	3.62281	0.93229	1.26649
4880000	-18.28856	0	-18.28856	0.262291	0.242682	0.237043	0.235192	0.139809	0.122587	2.19184	0.409562	0.458428
4890000	-24.74538	0	-24.74538	0.177584	0.13143	0.123544	0.157391	0.0549359	0.0738064	3.40313	2.66067	2.04679
4900000	-27.04396	0	-27.04396	0.0662552	0.196167	0.147378	0.509057	0.258572	0.132761	6.09725	0.225087	0.552803
4910000	-22.37137	0	-22.37137	0.088589	0.181112	0.165377	0.220129	0.0812223	0.0843827	2.70596	0.0552759	2.54657
4920000	-18.89413	0	-18.89413	0.087217	0.105413	0.207071	0.325677	0.113552	0.117428	1.37788	0.188257	1.44227
4930000	-23.0979	0	-23.0979	0.175935	0.20382	0.139013	0.905021	0.105396	0.0759476	4.62298	1.21207	1.01646
4940000	-24.57088	0	-24.57088	0.099762	0.0923464	0.417196	0.428357	0.119172	0.0698797	3.77552	0.468926	0.633282
4950000	-22.9665	0	-22.9665	0.267441	0.375287	0.182265	0.43871	0.139012	0.173932	0.97911	0.871555	1.44497
4960000	-30.7737	0	-30.7737	0.604416	0.178852	0.138594	0.371406	0.0640665	0.151442	0.368725	0.991157	0.617274
4970000	-21.52599	0	-21.52599	0.230039	0.317585	0.173154	0.479068	0.13489	0.0814104	1.06345	1.17078	1.81736
4980000	-23.93345	0	-23.93345	0.132093	0.104112	0.0985286	0.731626	0.177898	0.14516	6.69195	1.01677	0.338013
4990000	-26.8779	0	-26.8779	0.184986	0.272651	0.187102	0.581636	0.201115	0.0545388	2.16239	0.816235	1.29789
5000000	-22.94515	0	-22.94515	0.172492	0.243176	0.0703303	0.243868	0.175136	0.0884527	1.93726	0.675197	1.62368
